epsilon: 5.336666666666667

m: 5.666666666666666

Residual: 0.1671020086083881


epsilon: 5.6035

m: 5.666666666666666

Residual: 0.18712481143784368


epsilon: 5.336666666666667

m: 5.949999999999999

Residual: 0.5626349204155323


epsilon: 5.6034999999999995

m: 5.383333333333333

Residual: 0.6450549611742602


epsilon: 5.4033750000000005

m: 5.808333333333333

Residual: 0.28376265884470014


epsilon: 5.536791666666666

m: 5.5249999999999995

Residual: 0.3485094416903528


epsilon: 5.436729166666667

m: 5.737499999999999

Residual: 0.18446066375680822


epsilon: 5.169895833333333

m: 5.737499999999999

Residual: 0.24190994164303653


epsilon: 5.495098958333333

m: 5.684374999999999

Residual: 0.1728084677554773


epsilon: 5.395036458333332

m: 5.613541666666666

Residual: 0.19744517900464442


epsilon: 5.426305989583334

m: 5.706510416666665

Residual: 0.17147598762636385


epsilon: 5.2678736979166665

m: 5.688802083333332

Residual: 0.17222847161254895


epsilon: 5.324680013020833

m: 5.687695312499999

Residual: 0.16998177847314883


epsilon: 5.235040690104167

m: 5.6478515625

Residual: 0.16999906243728813


epsilon: 5.282857014973959

m: 5.662516276041665

Residual: 0.1685183905477593


epsilon: 5.294843668619793

m: 5.641487630208333

Residual: 0.1681071103359975


epsilon: 5.3486533203125015

m: 5.645638020833334

Residual: 0.17319618440957743


epsilon: 5.299306091308594

m: 5.658296712239583

Residual: 0.16350588844718894


epsilon: 5.3411290893554675

m: 5.683475748697916

Residual: 0.17005238421848334


epsilon: 5.306415023803711

m: 5.651984659830729

Residual: 0.16964292183112303


epsilon: 5.31798637898763

m: 5.6624816894531245

Residual: 0.16622501893754194


epsilon: 5.297074879964193

m: 5.649892171223958

Residual: 0.17094419754502416


epsilon: 5.320217590332031

m: 5.670886230468748

Residual: 0.17136963375072767


epsilon: 5.302860557556153

m: 5.655140686035155

Residual: 0.1639129924868739


epsilon: 5.284180269877117

m: 5.650955708821614

Residual: 0.16837163956510842


epsilon: 5.309534851710001

m: 5.659600194295247

Residual: 0.16472954502359596


epsilon: 5.292631797154746

m: 5.653837203979491

Residual: 0.16744072782620759


epsilon: 5.305309088071187

m: 5.658159446716308

Residual: 0.1660014106517392


epsilon: 5.301083324432374

m: 5.656718699137369

Residual: 0.1690166803892662


epsilon: 5.304420471509298

m: 5.658948453267415

Residual: 0.16636161657995838


epsilon: 5.302643238385518

m: 5.660526466369629

Residual: 0.17041670839523065


epsilon: 5.30147330292066

m: 5.657670640945434

Residual: 0.16599076017243344


epsilon: 5.296358922719955

m: 5.657018899917601

Residual: 0.16786860257602082


epsilon: 5.302405084311962

m: 5.658466064929962

Residual: 0.16856184489459788


epsilon: 5.3003896971146265

m: 5.657983676592508

Residual: 0.1688672653471358


epsilon: 5.301863281408946

m: 5.658622582753499

Residual: 0.16827942864119222


epsilon: 5.300779675602913

m: 5.658935618400573

Residual: 0.16875897167631473


epsilon: 5.300682180980841

m: 5.658697632948556

Residual: 0.16454326671000935


epsilon: 5.298124990880489

m: 5.65837176243464

Residual: 0.16443012178106173


epsilon: 5.296748901208241

m: 5.6579708417256676

Residual: 0.16660035838007


epsilon: 5.299698861037691

m: 5.658515935142834

Residual: 0.1668056078576367


epsilon: 5.298715541094541

m: 5.658334237337112

Residual: 0.16756732131857932


epsilon: 5.299994136144718

m: 5.658497172594069

Residual: 0.1688401134243566


epsilon: 5.298027496258418

m: 5.658133776982625

Residual: 0.16567355483933568


epsilon: 5.29861804647247

m: 5.658096251885096

Residual: 0.16559857661773142


epsilon: 5.299896641522646

m: 5.658259187142054

Residual: 0.1669137254734259


epsilon: 5.298494782574474

m: 5.658165129522482

Residual: 0.16887576383938716


epsilon: 5.298962068890532

m: 5.65819648206234

Residual: 0.1677151442554115


epsilon: 5.2986667937835055

m: 5.658215244611104

Residual: 0.16810512293002364


epsilon: 5.2996013664156205

m: 5.658277949690819

Residual: 0.16872895423061668


epsilon: 5.298900436941534

m: 5.658230920881033

Residual: 0.17024669110761756


epsilon: 5.299134080099563

m: 5.658246597150962

Residual: 0.16808862949271478


epsilon: 5.29898644254605

m: 5.658255978425343

Residual: 0.16618775810103797


epsilon: 5.29915845375508

m: 5.658306093513964

Residual: 0.16642290980505092


epsilon: 5.299152360341201

m: 5.658291219423213

Residual: 0.16668880298623656


epsilon: 5.2991462669273215

m: 5.658276345332463

Residual: 0.16636654171438478


epsilon: 5.2992200857040785

m: 5.658271654695272

Residual: 0.16755918894264193


epsilon: 5.299232272531837

m: 5.658301402876774

Residual: 0.16765371785709576


epsilon: 5.299223132411019

m: 5.658279091740647

Residual: 0.16744207399667166


epsilon: 5.299229225824897

m: 5.658293965831399

Residual: 0.1668761556584714


epsilon: 5.299227702471427

m: 5.658290247308712

Residual: 0.16644553642614723


epsilon: 5.299224655764489

m: 5.6582828102633345

Residual: 0.16588757420054484


epsilon: 5.299384480145761

m: 5.6583031771704535

Residual: 0.16328915311728814


epsilon: 5.29950358675498

m: 5.658316593089447

Residual: 0.16775506640407434


epsilon: 5.299465915689867

m: 5.658317079146701

Residual: 0.16499065788737774


epsilon: 5.299405600708522

m: 5.65830851192586

Residual: 0.16690931450843638


epsilon: 5.299345285727178

m: 5.658299944705018

Residual: 0.16636910491482465


epsilon: 5.299304567955125

m: 5.658292993716894

Residual: 0.1680614162657599


epsilon: 5.299425197917814

m: 5.658310128158576

Residual: 0.16653700784010866


epsilon: 5.299395040427141

m: 5.658305844548154

Residual: 0.16783999872947808


epsilon: 5.2993648829364695

m: 5.658301560937735

Residual: 0.17034692247233285


epsilon: 5.2993445240504435

m: 5.658298085443674

Residual: 0.1679300561035976


epsilon: 5.299364121259735

m: 5.658299701676393

Residual: 0.16922051010807296


epsilon: 5.299364311678919

m: 5.6583001664917285

Residual: 0.16731221630179505


epsilon: 5.299404267774236

m: 5.658305258218508

Residual: 0.16697723017860683


epsilon: 5.299424436241078

m: 5.658308268897232

Residual: 0.16745312498878695


epsilon: 5.299379342819458

m: 5.658302192093105

Residual: 0.16884482347267374


epsilon: 5.2993943739599985

m: 5.65830421769448

Residual: 0.1641084492926946


epsilon: 5.29937439591234

m: 5.658301671831091

Residual: 0.16766525693421697


epsilon: 5.29940445819342

m: 5.658305723033844

Residual: 0.1698309998376259


epsilon: 5.29938191148261

m: 5.65830268463178

Residual: 0.16614074550782998


epsilon: 5.29939694262315

m: 5.658304710233155

Residual: 0.1679378526450305


epsilon: 5.299385669267744

m: 5.6583031910321235

Residual: 0.1677883062028229


epsilon: 5.29938942705288

m: 5.658303697432467

Residual: 0.16465278918509246


epsilon: 5.299383195814185

m: 5.658302930901117

Residual: 0.16760492664391366


epsilon: 5.299390711384456

m: 5.658303943701805

Residual: 0.16883966230609046


epsilon: 5.299385074706753

m: 5.658303184101289

Residual: 0.16823963910854195


epsilon: 5.2993869535993205

m: 5.658303437301461

Residual: 0.16671213462212953


epsilon: 5.299383837979973

m: 5.658303054035786

Residual: 0.16804469491372812


epsilon: 5.299387595765109

m: 5.65830356043613

Residual: 0.1662835983368045


epsilon: 5.2993851223115485

m: 5.658303300305123

Residual: 0.16721964372857703


epsilon: 5.2993864957773775

m: 5.6583034030523764

Residual: 0.16701584563780517


epsilon: 5.2993860379554345

m: 5.658303368803292

Residual: 0.16782780680167034


epsilon: 5.299385716872541

m: 5.658303307235958

Residual: 0.16664325862158957


epsilon: 5.299384159062868

m: 5.658303115603118

Residual: 0.16779526824885754


epsilon: 5.299384628786009

m: 5.658303178903163

Residual: 0.1701708916781503


epsilon: 5.299385098509151

m: 5.658303242203205

Residual: 0.1690434412969383


epsilon: 5.299385259050598

m: 5.658303272986872

Residual: 0.1647626058776977


epsilon: 5.299384640687209

m: 5.658303207954122

Residual: 0.16991149043503956


epsilon: 5.299384984053665

m: 5.658303233640934

Residual: 0.16702356527409362


epsilon: 5.299384755142695

m: 5.6583032165163925

Residual: 0.16683061191919155


epsilon: 5.2993848123704375

m: 5.658303220797529

Residual: 0.16926581543782906


epsilon: 5.29938486959818

m: 5.658303225078663

Residual: 0.16782338205195313


epsilon: 5.299384732099713

m: 5.658303205405694

Residual: 0.17036783082500845


epsilon: 5.299384617644228

m: 5.658303196843423

Residual: 0.16997158193666037


epsilon: 5.299384646258099

m: 5.65830319898399

Residual: 0.1661821434873648


epsilon: 5.299384256805681

m: 5.6583031510757795

Residual: 0.16655662126291415


epsilon: 5.299384410003806

m: 5.658303169576501

Residual: 0.16861608357342872


epsilon: 5.29938456320193

m: 5.658303188077221

Residual: 0.16541459348473656


epsilon: 5.299384674871971

m: 5.658303201124559

Residual: 0.1667768699924036


epsilon: 5.29938436847572

m: 5.658303164123117

Residual: 0.17120225126334823


epsilon: 5.299384598272908

m: 5.658303191874198

Residual: 0.16819148438890105


epsilon: 5.299384521673845

m: 5.658303182623838

Residual: 0.16915100158369975


epsilon: 5.2993845775088655

m: 5.658303189147507

Residual: 0.16399305546108517


epsilon: 5.299384535980781

m: 5.658303183694121

Residual: 0.16848875843468433


epsilon: 5.299384532404047

m: 5.658303183426551

Residual: 0.1663361588750131


epsilon: 5.29938452525058

m: 5.658303182891408

Residual: 0.16812441273140688


epsilon: 5.29938453061568

m: 5.658303183292766

Residual: 0.16385639441520708


epsilon: 5.299384433252575

m: 5.658303171315712

Residual: 0.16604675570572977


epsilon: 5.299384541444793

m: 5.658303184689558

Residual: 0.1646572129119996


epsilon: 5.29938450538072

m: 5.658303180231609

Residual: 0.16639716725997622


epsilon: 5.299384528827313

m: 5.65830318315898

Residual: 0.17011370170532214


epsilon: 5.299384456699168

m: 5.658303174243082

Residual: 0.16302075430052448


epsilon: 5.299384420635095

m: 5.658303169785132

Residual: 0.16506146016388043


epsilon: 5.29938443146421

m: 5.658303171181927

Residual: 0.16927358698445816


epsilon: 5.299384486901593

m: 5.658303177969189

Residual: 0.16701854393670007


epsilon: 5.299384468422465

m: 5.658303175706768

Residual: 0.16617386317345229


epsilon: 5.299384481039944

m: 5.658303177237346

Residual: 0.16828812377513114


epsilon: 5.299384444081689

m: 5.658303172712505

Residual: 0.16807739036040942


epsilon: 5.299384453321252

m: 5.658303173843715

Residual: 0.16775376339345555


epsilon: 5.29938447180038

m: 5.658303176106136

Residual: 0.16412891996210568


Warning: Maximum number of iterations has been exceeded.
sigma: 1.4

n: 35.0

m: 5.658303176106136

epsilon: 5.29938447180038

Residual: 0.17008818635936568
