epsilon: 4.337916666666667

m: 5.5

Residual: 0.15539802744994982


epsilon: 4.554812500000001

m: 5.5

Residual: 0.16778372866857993


epsilon: 4.337916666666667

m: 5.775

Residual: 0.5988270124035955


epsilon: 4.554812500000001

m: 5.225

Residual: 0.6461608190721523


epsilon: 4.392140625

m: 5.6375

Residual: 0.30813057845032066


epsilon: 4.5005885416666676

m: 5.3625

Residual: 0.34182377257614255


epsilon: 4.419252604166667

m: 5.56875

Residual: 0.18557777567562436


epsilon: 4.4734765625

m: 5.43125

Residual: 0.22244117323533694


epsilon: 4.43280859375

m: 5.534375

Residual: 0.1525177796595847


epsilon: 4.215912760416666

m: 5.534375000000001

Residual: 0.19874070792126455


epsilon: 4.470087565104167

m: 5.50859375

Residual: 0.1559014295654817


epsilon: 4.300637695312499

m: 5.5257812500000005

Residual: 0.16602050734540372


epsilon: 4.42772509765625

m: 5.512890625000001

Residual: 0.15542473691337821


epsilon: 4.343000162760417

m: 5.521484375

Residual: 0.1584477789208321


epsilon: 4.406543863932292

m: 5.5150390625000005

Residual: 0.15481993137517702


epsilon: 4.501435791015625

m: 5.5494140625

Residual: 0.154363211211898


epsilon: 4.527700520833333

m: 5.568749999999999

Residual: 0.16354147870966504


epsilon: 4.436833028157553

m: 5.528466796875

Residual: 0.15357960976633458


epsilon: 4.368205830891927

m: 5.513427734374998

Residual: 0.15573003680442646


epsilon: 4.4681283009847

m: 5.54041748046875

Residual: 0.15594229551594446


epsilon: 4.434820810953776

m: 5.531420898437499

Residual: 0.15195909444483227


epsilon: 4.467122192382813

m: 5.54189453125

Residual: 0.15854064529246364


epsilon: 4.4005072123209645

m: 5.5239013671875

Residual: 0.15706455000791575


epsilon: 4.417160957336426

m: 5.528399658203125

Residual: 0.15472135980807905


epsilon: 4.450468447367351

m: 5.537396240234375

Residual: 0.15466469233921668


epsilon: 4.44214157485962

m: 5.535147094726563

Residual: 0.15556748312323368


epsilon: 4.433814702351889

m: 5.53289794921875

Residual: 0.15462563562401183


epsilon: 4.425990884145101

m: 5.529910278320312

Residual: 0.15785036205090566


epsilon: 4.442644629160565

m: 5.5344085693359375

Residual: 0.15305061310527313


epsilon: 4.443650737762454

m: 5.532931518554687

Residual: 0.1538801273755538


epsilon: 4.441191728909812

m: 5.532923126220702

Residual: 0.15548379678531998


epsilon: 4.438732720057171

m: 5.532914733886718

Residual: 0.15446055348569473


epsilon: 4.434317756652833

m: 5.532159423828125

Residual: 0.15626742527379717


epsilon: 4.4392357743581154

m: 5.532176208496093

Residual: 0.15302751529433084


epsilon: 4.43532386525472

m: 5.530682373046874

Residual: 0.1546635780066733


epsilon: 4.437880506356558

m: 5.532356643676757

Residual: 0.15510037585420958


epsilon: 4.4370282926559454

m: 5.531798553466796

Residual: 0.1544666001232844


epsilon: 4.436776765505474

m: 5.532167816162109

Residual: 0.15493531576121772


epsilon: 4.4350723381042485

m: 5.531051635742187

Residual: 0.15247788564575948


epsilon: 4.43286485640208

m: 5.530673980712891

Residual: 0.15401321554962724


epsilon: 4.433905715465547

m: 5.530955123901366

Residual: 0.15421758818446843


epsilon: 4.434946574529013

m: 5.531236267089843

Residual: 0.15392665661454605


epsilon: 4.435924551804861

m: 5.531609725952148

Residual: 0.1563682655530713


epsilon: 4.433842833677927

m: 5.531047439575195

Residual: 0.15231699124977177


epsilon: 4.43371707010269

m: 5.531232070922851

Residual: 0.1560738354812774


epsilon: 4.434639198422432

m: 5.531235218048096

Residual: 0.1545248115284068


epsilon: 4.434331822315851

m: 5.531234169006347

Residual: 0.1537823031564849


epsilon: 4.434883692741394

m: 5.531328582763671

Residual: 0.1516972985311948


epsilon: 4.43537268137932

m: 5.531515312194823

Residual: 0.15511200238328648


epsilon: 4.4345920370817185

m: 5.531304454803466

Residual: 0.15388751790313773


epsilon: 4.434852251847586

m: 5.531374740600585

Residual: 0.1574156964922287


epsilon: 4.434607757528623

m: 5.531281375885009

Residual: 0.15616651891963226


epsilon: 4.434639198422431

m: 5.531235218048096

Residual: 0.1536411711764132


epsilon: 4.434915133635203

m: 5.531282424926757

Residual: 0.15456114682466432


epsilon: 4.434838289608558

m: 5.5312821626663204

Residual: 0.15489232053532803


epsilon: 4.434761445581913

m: 5.531281900405883

Residual: 0.15400180433549088


epsilon: 4.434745725135008

m: 5.53130497932434

Residual: 0.154067863630551


epsilon: 4.434899413188298

m: 5.531305503845213

Residual: 0.1534353539868118


epsilon: 4.435021660347779

m: 5.5313521862030015

Residual: 0.15116663373641204


epsilon: 4.435151767730712

m: 5.5313873291015625

Residual: 0.15454987823517474


epsilon: 4.435005939900875

m: 5.531375265121459

Residual: 0.15375438215720647


epsilon: 4.434926044866442

m: 5.531322944164275

Residual: 0.15410801591309858


epsilon: 4.434952676544587

m: 5.531340384483336

Residual: 0.15542139440240393


epsilon: 4.434960536768038

m: 5.531328845024108

Residual: 0.1542905584639089


epsilon: 4.435029520571231

m: 5.531340646743773

Residual: 0.1510493349511327


epsilon: 4.435067942584553

m: 5.531340777873993

Residual: 0.15443655478772997


epsilon: 4.435090644150971

m: 5.531363987922667

Residual: 0.15300780564419508


epsilon: 4.435058117305238

m: 5.531355202198028

Residual: 0.1540983811885324


epsilon: 4.435025590459505

m: 5.531346416473387

Residual: 0.1563443759112719


epsilon: 4.4349950286696345

m: 5.531334745883941

Residual: 0.1546807349848242


epsilon: 4.43499895878136

m: 5.5313289761543265

Residual: 0.15692192166666846


epsilon: 4.435018932539968

m: 5.531342056393623

Residual: 0.15587336616718878


epsilon: 4.435005616700897

m: 5.531333336234091

Residual: 0.15510004916317005


epsilon: 4.435008945660664

m: 5.531335516273975

Residual: 0.15294548350484957


epsilon: 4.4350434375622605

m: 5.531341417133808

Residual: 0.15581219403478247


epsilon: 4.4350071308927905

m: 5.531336413696407

Residual: 0.15389449804670252


epsilon: 4.435031335339104

m: 5.531339749321341

Residual: 0.1549470086988225


epsilon: 4.435013182004369

m: 5.531337247602641

Residual: 0.15390366624200394


epsilon: 4.4350192331159475

m: 5.531338081508874

Residual: 0.1539357877339908


epsilon: 4.435018325732011

m: 5.53133853022009

Residual: 0.15491014728495434


epsilon: 4.435030427955168

m: 5.531340198032558

Residual: 0.15283356018386746


epsilon: 4.4350407154104525

m: 5.531342763267457

Residual: 0.15693309310375417


epsilon: 4.435024603689573

m: 5.53133925194852

Residual: 0.1552809012774804


epsilon: 4.4350299742632

m: 5.5313404223881655

Residual: 0.1534979484897298


epsilon: 4.4350243768435895

m: 5.531339364126324

Residual: 0.1548253155415447


epsilon: 4.435035117990841

m: 5.531341705005615

Residual: 0.15547577379751548


epsilon: 4.435027062130402

m: 5.531339949346147

Residual: 0.15485465948327437


epsilon: 4.435029747417215

m: 5.531340534565969

Residual: 0.15095881303221442


epsilon: 4.43502694870741

m: 5.531340005435048

Residual: 0.15438856756237726


epsilon: 4.435032319281035

m: 5.531341175874694

Residual: 0.15561930027430165


epsilon: 4.435028291350816

m: 5.5313402980449595

Residual: 0.15489412964805796


epsilon: 4.435029633994223

m: 5.531340590654871

Residual: 0.1503928826929237


epsilon: 4.435028348062312

m: 5.531340270000509

Residual: 0.1545336545851549


epsilon: 4.435031033349125

m: 5.531340855220332

Residual: 0.15304823275993723


epsilon: 4.435030362027422

m: 5.531340708915376

Residual: 0.1541113872778337


epsilon: 4.4350296907057185

m: 5.531340562610421

Residual: 0.15558693555754238


epsilon: 4.435028991028267

m: 5.53134043032769

Residual: 0.1563393113972964


epsilon: 4.435030333671674

m: 5.5313407229376015

Residual: 0.15441505276357959


epsilon: 4.435030276960177

m: 5.531340750982052

Residual: 0.1556571258105367


epsilon: 4.435029837269333

m: 5.531340609703328

Residual: 0.1519570818116722


epsilon: 4.435029137591882

m: 5.531340477420597

Residual: 0.15487988919637286


epsilon: 4.435030034651726

m: 5.5313406615583505

Residual: 0.15416972167565124


epsilon: 4.4350294366118295

m: 5.531340538799848

Residual: 0.15544543800707886


epsilon: 4.435029885141752

m: 5.5313406308687245

Residual: 0.1536384684378105


epsilon: 4.435029586121804

m: 5.531340569489474

Residual: 0.15200450753635694


epsilon: 4.435029660876791

m: 5.531340584834287

Residual: 0.15519934266179627


epsilon: 4.435029735631778

m: 5.5313406001790995

Residual: 0.15333032456464663


epsilon: 4.435029759567987

m: 5.531340610761798

Residual: 0.15685992490514256


epsilon: 4.435029610058013

m: 5.531340580072173

Residual: 0.15457725733442684


epsilon: 4.435029647435507

m: 5.5313405877445785

Residual: 0.15355281102005403


epsilon: 4.435029722190493

m: 5.531340603089392

Residual: 0.15542219860257867


epsilon: 4.435029666124254

m: 5.531340591580782

Residual: 0.15593159166633966


epsilon: 4.435029684813

m: 5.531340595416985

Residual: 0.15346338390894884


epsilon: 4.435029640714864

m: 5.531340589199725

Residual: 0.15625917626285407


epsilon: 4.4350296780923575

m: 5.531340596872131

Residual: 0.15548091223851063


epsilon: 4.435029668747984

m: 5.531340594954029

Residual: 0.1556678084566343


epsilon: 4.435029659403611

m: 5.531340593035928

Residual: 0.15389651447415656


epsilon: 4.4350296373545435

m: 5.531340589927298

Residual: 0.15501979169186283


epsilon: 4.43502965604329

m: 5.531340593763501

Residual: 0.15612291298290337


epsilon: 4.435029642026731

m: 5.531340590886349

Residual: 0.15315224253876555


epsilon: 4.435029616617342

m: 5.531340588505291

Residual: 0.1566237791944561


epsilon: 4.435029648707044

m: 5.531340591903269

Residual: 0.1557274692061901


epsilon: 4.435029638010477

m: 5.5313405907706095

Residual: 0.15417529403987174


epsilon: 4.435029646698917

m: 5.5313405918453995

Residual: 0.15332228356980412


epsilon: 4.435029642682663

m: 5.531340591729661

Residual: 0.1524382036089536


epsilon: 4.435029629977969

m: 5.531340590539132

Residual: 0.15273186507777303


epsilon: 4.435029634158206

m: 5.5313405908657

Residual: 0.155222476794939


epsilon: 4.435029638338443

m: 5.531340591192266

Residual: 0.15445811413449648


epsilon: 4.43502964034657

m: 5.531340591250135

Residual: 0.15341694317310783


epsilon: 4.4350296360023505

m: 5.53134059071274

Residual: 0.15562083367456156


epsilon: 4.43502963775442

m: 5.531340591072384

Residual: 0.15351864630398476


Warning: Maximum number of iterations has been exceeded.
sigma: 1.3

epsilon: 4.43502963775442

n: 35.0

m: 5.531340591072384

Residual: 0.15378467524983874
