epsilon: 7.001250000000001

m: 5.833333333333333

Residual: 0.10923654112366993


epsilon: 7.351312500000001

m: 5.833333333333333

Residual: 0.11399038890610905


epsilon: 7.001250000000001

m: 6.125

Residual: 0.29220734632800377


epsilon: 7.351312500000001

m: 5.541666666666666

Residual: 0.304116184296919


epsilon: 7.088765625000001

m: 5.979166666666666

Residual: 0.16033163970522155


epsilon: 7.263796875000001

m: 5.6875

Residual: 0.18342491510367614


epsilon: 7.132523437500001

m: 5.90625

Residual: 0.11344974856986828


epsilon: 6.7824609375

m: 5.906249999999999

Residual: 0.14381648724987986


epsilon: 7.209099609375

m: 5.8515625

Residual: 0.11161486951564947


epsilon: 7.077826171875

m: 5.778645833333332

Residual: 0.11926693859989138


epsilon: 7.118849121093751

m: 5.874348958333333

Residual: 0.11017432172411808


epsilon: 6.910999511718751

m: 5.856119791666666

Residual: 0.10792287303777325


epsilon: 6.761949462890627

m: 5.8583984375

Residual: 0.11725382260595385


epsilon: 6.793400390625001

m: 5.815104166666667

Residual: 0.11160811198349785


epsilon: 7.0374869384765635

m: 5.859537760416666

Residual: 0.10640440080359514


epsilon: 6.947236450195314

m: 5.882324218749999

Residual: 0.11629358144008481


epsilon: 6.987746612548829

m: 5.8455810546875

Residual: 0.1103803690603734


epsilon: 6.974243225097657

m: 5.857828776041666

Residual: 0.11102519250489956


epsilon: 7.019368469238282

m: 5.846435546875

Residual: 0.10523242601237735


epsilon: 7.082612182617188

m: 5.84814453125

Residual: 0.1061845232742825


epsilon: 7.064493713378907

m: 5.835042317708334

Residual: 0.10895626413561593


epsilon: 7.044238632202149

m: 5.853413899739583

Residual: 0.10841026504428289


epsilon: 7.050990325927735

m: 5.8472900390625

Residual: 0.1050535590642358


epsilon: 7.028427703857423

m: 5.852986653645833

Residual: 0.10674275694096785


epsilon: 7.041931091308594

m: 5.840738932291667

Residual: 0.10656297456481839


epsilon: 7.038555244445802

m: 5.843800862630209

Residual: 0.10892349966996573


epsilon: 7.035179397583009

m: 5.84686279296875

Residual: 0.10690279583542694


epsilon: 7.039709014892579

m: 5.850138346354166

Residual: 0.10904916681305152


epsilon: 7.046460708618164

m: 5.844014485677084

Residual: 0.10902950887175483


epsilon: 7.044772785186767

m: 5.8455454508463545

Residual: 0.10838885552805652


epsilon: 7.041396938323976

m: 5.8486073811848955

Residual: 0.10791073296718132


epsilon: 7.0422409000396735

m: 5.84784189860026

Residual: 0.1132644936722354


epsilon: 7.043084861755371

m: 5.847076416015625

Residual: 0.10856103416476806


epsilon: 7.047881555557251

m: 5.846417744954428

Residual: 0.10830324123916882


epsilon: 7.055787019729614

m: 5.846631368001303

Residual: 0.10634999685615354


epsilon: 7.058895790100098

m: 5.847503662109375

Residual: 0.10680008565160906


epsilon: 7.056142231464387

m: 5.847232182820638

Residual: 0.1095674739867048


epsilon: 7.0533886728286745

m: 5.846960703531901

Residual: 0.10934175562704704


epsilon: 7.049435940742493

m: 5.846853892008464

Residual: 0.10830419092524032


epsilon: 7.047037593841553

m: 5.847183227539063

Residual: 0.10874905416337279


epsilon: 7.048625363588334

m: 5.8471275965372715

Residual: 0.10726459341806732


epsilon: 7.0501797487735764

m: 5.847563743591308

Residual: 0.11150318564984021


epsilon: 7.049621892750263

m: 5.847031354904175

Residual: 0.11134295336039171


epsilon: 7.049807844758035

m: 5.847208817799886

Residual: 0.10693166490916409


epsilon: 7.050213133335114

m: 5.847071965535482

Residual: 0.10739961118278102


epsilon: 7.050585037350657

m: 5.8474268913269025

Residual: 0.10544854541209206


epsilon: 7.051767518520358

m: 5.847508112589517

Residual: 0.10920860769923554


epsilon: 7.050297763198616

m: 5.8472836414972935

Residual: 0.10820918768169446


epsilon: 7.050787681639196

m: 5.847358465194701

Residual: 0.1067232076242689


epsilon: 7.050399085342885

m: 5.847249428431192

Residual: 0.10739888128326901


epsilon: 7.051378922224046

m: 5.84739907582601

Residual: 0.10799436606248133


epsilon: 7.0506440445631755

m: 5.847286840279897

Residual: 0.10571880782058063


epsilon: 7.050846688851713

m: 5.847218414147695

Residual: 0.10823239983385048


epsilon: 7.050802433442326

m: 5.847323452432949

Residual: 0.11031100279433911


epsilon: 7.050817185245455

m: 5.847288439671198

Residual: 0.10856336921164031


epsilon: 7.050889003783466

m: 5.847324252128601

Residual: 0.10828544641819081


epsilon: 7.051062144465746

m: 5.847325851519903

Residual: 0.10942908842573706


epsilon: 7.050878425050527

m: 5.847297792633374

Residual: 0.10706010203727703


epsilon: 7.050979747194797

m: 5.847263579567272

Residual: 0.11116747840613359


epsilon: 7.050911689636298

m: 5.847309083988269

Residual: 0.10831697007384751


epsilon: 7.050934375489131

m: 5.847293915847937

Residual: 0.10588572311819949


epsilon: 7.0509396648556

m: 5.8473071455955505

Residual: 0.11054156607559143


epsilon: 7.050985036561266

m: 5.847276809314886

Residual: 0.1099436478558023


epsilon: 7.05097369363485

m: 5.847284393385053

Residual: 0.10921904326170728


epsilon: 7.050951007782016

m: 5.847299561525384

Residual: 0.10716545288104565


epsilon: 7.050956679245226

m: 5.847295769490302

Residual: 0.10897780274652275


epsilon: 7.050962350708433

m: 5.847291977455218

Residual: 0.10907641980952636


epsilon: 7.0509820097812925

m: 5.847287216223776

Residual: 0.10805300425889082


epsilon: 7.051009985000595

m: 5.847285277831058

Residual: 0.10662403249602695


epsilon: 7.051018301147038

m: 5.8472881006697826

Residual: 0.10894799344576336


epsilon: 7.050991082622729

m: 5.847287437335278

Residual: 0.11067093139458929


epsilon: 7.051000155464165

m: 5.8472876584467794

Residual: 0.10972669513638411


epsilon: 7.050986167854514

m: 5.847288627643138

Residual: 0.10815380920895315


epsilon: 7.050976338318084

m: 5.847291008258859

Residual: 0.10634867486160585


epsilon: 7.050980496391304

m: 5.8472924196782206

Residual: 0.1076776239784786


epsilon: 7.050981914257106

m: 5.84729147166945

Residual: 0.10690494026100064


epsilon: 7.050984749988713

m: 5.847289575651908

Residual: 0.10774102298538749


epsilon: 7.0509826231900075

m: 5.847290997665064

Residual: 0.10664589627966833


epsilon: 7.050984041055811

m: 5.847290049656294

Residual: 0.10792855537015852


epsilon: 7.050982977656458

m: 5.847290760662872

Residual: 0.1103560929660811


epsilon: 7.050983332122909

m: 5.847290523660679

Residual: 0.11030298079980103


epsilon: 7.050986474558871

m: 5.847290518363782

Residual: 0.10904865656960701


epsilon: 7.050993468363698

m: 5.847290033765602

Residual: 0.10446798842985858


epsilon: 7.050998536484091

m: 5.847289788818065

Residual: 0.10682738178551343


epsilon: 7.050997319732562

m: 5.847289554464321

Residual: 0.10601705658632397


epsilon: 7.050994608439138

m: 5.8472897954391865

Residual: 0.10725230119697973


epsilon: 7.050991897145717

m: 5.847290036414051

Residual: 0.10797652630781467


epsilon: 7.050989971461284

m: 5.847290276064692

Residual: 0.10675038545186988


epsilon: 7.050991542679266

m: 5.847290273416242

Residual: 0.10941159285618604


epsilon: 7.050991808529104

m: 5.847290095664599

Residual: 0.10729226454935775


epsilon: 7.0509916312958785

m: 5.847290214165694

Residual: 0.10799205990012893


epsilon: 7.0509917642207975

m: 5.847290125289873

Residual: 0.10704639566849536


epsilon: 7.050991675604185

m: 5.84729018454042

Residual: 0.10747371811627471


epsilon: 7.050991742066644

m: 5.84729014010251

Residual: 0.10634515273902015


epsilon: 7.050995238969058

m: 5.847289897803419

Residual: 0.10912353356203996


epsilon: 7.050991288338228

m: 5.847290181499374

Residual: 0.10852497176692187


epsilon: 7.050992605215171

m: 5.847290086934056

Residual: 0.10858092802448377


epsilon: 7.050991719912491

m: 5.847290154915147

Residual: 0.10906970703798202


epsilon: 7.050994353666378

m: 5.847289965784512

Residual: 0.10862292007805784


epsilon: 7.0509936952279055

m: 5.847290013067171

Residual: 0.10815708948775457


epsilon: 7.050994558376432

m: 5.847289959898717

Residual: 0.10649483665049944


epsilon: 7.050994331512225

m: 5.847289980597148

Residual: 0.10619010372209134


epsilon: 7.050993241499491

m: 5.8472900544640325

Residual: 0.10854889812317783


epsilon: 7.050994229157197

m: 5.847289983540046

Residual: 0.10873027876148422


epsilon: 7.0509938999379616

m: 5.847290007181375

Residual: 0.10901682860571435


epsilon: 7.050994013370065

m: 5.84728999683216

Residual: 0.10871475890721476


epsilon: 7.050993581795802

m: 5.847290023416388

Residual: 0.10779700318172714


epsilon: 7.050993036789436

m: 5.847290060349831

Residual: 0.10674420001502972


epsilon: 7.050992923357332

m: 5.847290070699046

Residual: 0.11015063979447848


epsilon: 7.050993417186184

m: 5.8472900352370525

Residual: 0.10947454082339071


epsilon: 7.050993252576567

m: 5.847290047057717

Residual: 0.10648753325163396


epsilon: 7.05099352507975

m: 5.8472900285909954

Residual: 0.10874474365163078


epsilon: 7.050993195860514

m: 5.847290052232323

Residual: 0.10941555105604982


epsilon: 7.050993442774941

m: 5.847290034501327

Residual: 0.10603652813905923


epsilon: 7.050993658562072

m: 5.847290021209213

Residual: 0.10609050578560307


epsilon: 7.050993557065695

m: 5.847290027671339

Residual: 0.1075120816490926


epsilon: 7.050993455569319

m: 5.847290034133465

Residual: 0.10875682962202596


epsilon: 7.050993360470132

m: 5.847290040411659

Residual: 0.11031170695793466


epsilon: 7.050993563462885

m: 5.847290027487409

Residual: 0.10894060712337032


epsilon: 7.0509935127146965

m: 5.847290030718471

Residual: 0.1059008597580949


epsilon: 7.0509935255090745

m: 5.847290030350608

Residual: 0.11099578475458718


epsilon: 7.050993473054258

m: 5.84729003318775

Residual: 0.10604898587921363


epsilon: 7.050993508024136

m: 5.847290031296323

Residual: 0.10747452465775996


epsilon: 7.050993481796727

m: 5.847290032714893

Residual: 0.10893773282717543


epsilon: 7.050993490539197

m: 5.847290032242037

Residual: 0.1094683464294067


epsilon: 7.050993470708978

m: 5.847290033476677

Residual: 0.11186614672461029


epsilon: 7.050993488193917

m: 5.847290032530962

Residual: 0.10673549039418083


Warning: Maximum number of iterations has been exceeded.
sigma: 1.8

n: 35.0

epsilon: 7.050993488193917

m: 5.847290032530962

Residual: 0.1078153945427903
