epsilon: 2.6733333333333333

m: 5.166666666666666

Residual: 0.26593236840565854


epsilon: 2.807

m: 5.166666666666666

Residual: 0.2876842624208937


epsilon: 2.6733333333333333

m: 5.425

Residual: 0.8537649954589354


epsilon: 2.807

m: 4.908333333333332

Residual: 1.115512559756095


epsilon: 2.70675

m: 5.2958333333333325

Residual: 0.425599945843549


epsilon: 2.7735833333333333

m: 5.0375

Residual: 0.6213004524811434


epsilon: 2.7234583333333333

m: 5.231249999999999

Residual: 0.2899465382397517


epsilon: 2.756875

m: 5.102083333333333

Residual: 0.40078626118739435


epsilon: 2.7318125

m: 5.198958333333333

Residual: 0.2643180590488852


epsilon: 2.598145833333334

m: 5.198958333333332

Residual: 0.3125913667276316


epsilon: 2.7547864583333332

m: 5.1747395833333325

Residual: 0.26819178250817


epsilon: 2.6503593750000007

m: 5.190885416666665

Residual: 0.2793994651151092


epsilon: 2.7286796875

m: 5.178776041666666

Residual: 0.2620775936314526


epsilon: 2.7871588541666665

m: 5.211067708333333

Residual: 0.25623489829026863


epsilon: 2.8440716145833322

m: 5.233268229166667

Residual: 0.25512642108701944


epsilon: 2.8409388020833326

m: 5.2130859375

Residual: 0.25436093684287775


epsilon: 2.895501953124999

m: 5.2201497395833325

Residual: 0.255715045060037


epsilon: 2.9563307291666647

m: 5.267578125

Residual: 0.25036796230676694


epsilon: 3.0701562499999975

m: 5.311979166666667

Residual: 0.2565817151671503


epsilon: 2.9531979166666646

m: 5.247395833333334

Residual: 0.2554504093179862


epsilon: 2.8713531901041653

m: 5.236800130208334

Residual: 0.24929671671911935


epsilon: 2.986745117187498

m: 5.291292317708334

Residual: 0.2626162964623489


epsilon: 2.877390380859374

m: 5.232637532552083

Residual: 0.2526405765873744


epsilon: 2.9502935384114566

m: 5.271740722656251

Residual: 0.25869767232961816


epsilon: 2.8956161702473944

m: 5.242413330078125

Residual: 0.2511239601184227


epsilon: 2.932067749023436

m: 5.261964925130209

Residual: 0.2533671832542843


epsilon: 2.904729064941405

m: 5.247301228841145

Residual: 0.2501074782793015


epsilon: 2.8197515258789054

m: 5.216523234049479

Residual: 0.25466394373959644


epsilon: 2.922185928344725

m: 5.25481440226237

Residual: 0.2516560476877812


epsilon: 2.888041127522785

m: 5.2420506795247395

Residual: 0.2539123089807716


epsilon: 2.9138419596354153

m: 5.252189127604167

Residual: 0.24983787164076804


epsilon: 2.8971540222167955

m: 5.246938578287761

Residual: 0.25633147610832036


epsilon: 2.890319351196288

m: 5.243272654215495

Residual: 0.2505967851037645


epsilon: 2.8948757985432927

m: 5.245716603597005

Residual: 0.2561118947699969


epsilon: 2.891458463033039

m: 5.243883641560872

Residual: 0.2547374802691529


epsilon: 2.8925975748697903

m: 5.24449462890625

Residual: 0.2538254463595323


epsilon: 2.8808362706502266

m: 5.240036392211914

Residual: 0.2567641388461412


epsilon: 2.883114494323729

m: 5.241258366902668

Residual: 0.2566584260412063


epsilon: 2.8825449384053536

m: 5.24095287322998

Residual: 0.25259382263015484


epsilon: 2.8613005536397287

m: 5.233258374532062

Residual: 0.25264639592515353


epsilon: 2.869124808947244

m: 5.236067438125609

Residual: 0.2532225771506198


epsilon: 2.8769490642547595

m: 5.238876501719156

Residual: 0.2585970438723323


epsilon: 2.881975382486978

m: 5.240647379557291

Residual: 0.25921817893356297


epsilon: 2.866326871871947

m: 5.2350292523701984

Residual: 0.25195088110038055


epsilon: 2.860730997721353

m: 5.232952880859376

Residual: 0.25325588667385524


epsilon: 2.864785514354704

m: 5.23443378607432

Residual: 0.2551411754289819


epsilon: 2.868840030988056

m: 5.235914691289266

Residual: 0.2540981008881397


epsilon: 2.8741511271794624

m: 5.237838315963745

Residual: 0.2574699314846074


epsilon: 2.866042093912759

m: 5.2348765055338555

Residual: 0.2540814036365827


epsilon: 2.8685552530288687

m: 5.235761944452922

Residual: 0.2531255992930328


epsilon: 2.873866349220275

m: 5.237685569127399

Residual: 0.256954563321


epsilon: 2.8679981577396383

m: 5.235578771432241

Residual: 0.2520813045348476


epsilon: 2.870796094814935

m: 5.236616957187652

Residual: 0.25478164474803344


epsilon: 2.869115463475385

m: 5.235975697636604

Residual: 0.25420283616883754


epsilon: 2.869675673921902

m: 5.236189450820287

Residual: 0.2537922491253987


epsilon: 2.869954221566517

m: 5.236281037330627

Residual: 0.25520510371921756


epsilon: 2.8710746424595497

m: 5.236708543697993

Residual: 0.24896684699406643


epsilon: 2.871634852906066

m: 5.236922296881676

Residual: 0.25355236795045577


epsilon: 2.872752158641813

m: 5.23731922308604

Residual: 0.2536910617781878


epsilon: 2.8719830374618356

m: 5.237036780019602

Residual: 0.2533297583343863


epsilon: 2.8704447951018794

m: 5.236471893886725

Residual: 0.2565772098120798


epsilon: 2.8715984768718466

m: 5.236895558486383

Residual: 0.2550531853030565


epsilon: 2.8712139162818575

m: 5.2367543369531635

Residual: 0.2584203150636572


epsilon: 2.8715288399606926

m: 5.236872661858797

Residual: 0.2529922693752986


epsilon: 2.871389566138385

m: 5.236826868603627

Residual: 0.2530334088254991


epsilon: 2.8713456536742528

m: 5.236808735691011

Residual: 0.2527085262700611


epsilon: 2.8708914561731103

m: 5.236644617530207

Residual: 0.252040841248969


epsilon: 2.870620444958407

m: 5.236544425537189

Residual: 0.25581695906311325


epsilon: 2.8711643514952914

m: 5.236742658152556

Residual: 0.2560904165850338


epsilon: 2.87098304931633

m: 5.2366765806141

Residual: 0.25369949998498503


epsilon: 2.8712101480669014

m: 5.236758639694502

Residual: 0.25289192015753337


epsilon: 2.871301741210121

m: 5.236790602778395

Residual: 0.25228066318491027


epsilon: 2.871166235602769

m: 5.236740506781887

Residual: 0.2546676958556881


epsilon: 2.8711991699508683

m: 5.236754106466348

Residual: 0.24779102644432718


epsilon: 2.870972071200297

m: 5.236672047385946

Residual: 0.2539272501480399


epsilon: 2.871219323707665

m: 5.2367609639302835

Residual: 0.2564193799098078


epsilon: 2.871136906205209

m: 5.236731325082171

Residual: 0.25616244453010784


epsilon: 2.871250455580495

m: 5.236772354622372

Residual: 0.255600264497351


epsilon: 2.8713127193261543

m: 5.23679513600655

Residual: 0.25145732350277833


epsilon: 2.871261433696527

m: 5.236776887850527

Residual: 0.25626726975858205


epsilon: 2.871253200109503

m: 5.23677348792941

Residual: 0.25705285301010006


epsilon: 2.871255944638511

m: 5.236774621236449

Residual: 0.25480712506928277


epsilon: 2.8712248127656816

m: 5.23676323054436

Residual: 0.2556975249788023


epsilon: 2.8712303018236978

m: 5.236765497158437

Residual: 0.2579524987134158


epsilon: 2.871226185030186

m: 5.236763797197879

Residual: 0.2520056583031032


epsilon: 2.871169410342543

m: 5.236743282427778

Residual: 0.2531356767353351


epsilon: 2.871191043916535

m: 5.236751117129946

Residual: 0.25228985864362985


epsilon: 2.8712343110645193

m: 5.2367667865342815

Residual: 0.25462225178156406


epsilon: 2.871201860703531

m: 5.23675503448103

Residual: 0.2548155451294253


epsilon: 2.871212677490527

m: 5.236758951832114

Residual: 0.25683012803011895


epsilon: 2.8711951069337016

m: 5.236752611798147

Residual: 0.2546413713530828


epsilon: 2.8711815993940424

m: 5.236747766432382

Residual: 0.25463592749995123


epsilon: 2.8711856624112087

m: 5.236749261100583

Residual: 0.25369304164517076


epsilon: 2.871203232968035

m: 5.236755601134549

Residual: 0.25462072060465707


epsilon: 2.871197824574537

m: 5.236753642459007

Residual: 0.25520980266568416


epsilon: 2.8711924161810387

m: 5.236751683783465

Residual: 0.2573091562365031


epsilon: 2.871190384672455

m: 5.236750936449365

Residual: 0.25442866325297897


epsilon: 2.8711971384422847

m: 5.236753359132248

Residual: 0.25750385101521106


epsilon: 2.87119359674635

m: 5.236752102620661

Residual: 0.2526888578133084


epsilon: 2.871202382024763

m: 5.2367552726376445

Residual: 0.25624327492497195


epsilon: 2.871193384010532

m: 5.236752020496435

Residual: 0.25362478540307254


epsilon: 2.871199382686686

m: 5.236754188590575

Residual: 0.2584512999149844


epsilon: 2.8711948836795704

m: 5.236752562519969

Residual: 0.254231317182465


epsilon: 2.871196383348609

m: 5.236753104543505

Residual: 0.2591052899300808


epsilon: 2.8711962769807

m: 5.236753063481391

Residual: 0.2524966147579857


epsilon: 2.871199063582959

m: 5.236754065404234

Residual: 0.2541979963593817


epsilon: 2.871198393524372

m: 5.236753825189052

Residual: 0.25267635634703384


epsilon: 2.8711970534071964

m: 5.236753344758687

Residual: 0.25237497862547814


epsilon: 2.8711999463773648

m: 5.236754387743645

Residual: 0.2560361429863491


epsilon: 2.8711971943298664

m: 5.236753394546954

Residual: 0.2558949422834916


epsilon: 2.8711981116790324

m: 5.236753725612518

Residual: 0.2522672421446348


epsilon: 2.871197723465784

m: 5.23675358497387

Residual: 0.25142091655409515


epsilon: 2.8711987817376197

m: 5.236753965827701

Residual: 0.2530917642264814


epsilon: 2.8711982791936794

m: 5.2367537856663136

Residual: 0.2552944744507124


epsilon: 2.871198446708326

m: 5.236753845720109

Residual: 0.2556129438133302


epsilon: 2.87119864081495

m: 5.236753916039433

Residual: 0.25106629608131875


epsilon: 2.8711993640574924

m: 5.236754176785672

Residual: 0.2554772111446526


epsilon: 2.8711991347202006

m: 5.236754094019281

Residual: 0.2510245452303986


epsilon: 2.8711996638561184

m: 5.236754284446196

Residual: 0.252896080665888


epsilon: 2.871198896575242

m: 5.236754008141124

Residual: 0.2536103781483913


epsilon: 2.8711991523355342

m: 5.236754100242814

Residual: 0.2536502487453571


epsilon: 2.8711989053829092

m: 5.2367540112528905

Residual: 0.2555850859307196


Warning: Maximum number of iterations has been exceeded.
m: 5.2367540112528905

n: 35.0

sigma: 1.0

epsilon: 2.8711989053829092

Residual: 0.25335513116161196
