epsilon: 0.1

m: 5.0

n: 12.0

Residual: 0.30565534293284957


epsilon: 0.1

m: 5.0

n: 12.0

Residual: 0.3049210692268223


epsilon: 0.1

m: 5.0

n: 16.714285714285715

Residual: 0.40952774509859424


epsilon: 0.1

m: 5.0

n: 21.42857142857143

Residual: 0.46750792540348624


epsilon: 0.1

m: 5.0

n: 26.142857142857142

Residual: 0.5058546418150208


epsilon: 0.1

m: 5.0

n: 30.857142857142858

Residual: 0.531313469205376


epsilon: 0.1

m: 5.0

n: 35.57142857142857

Residual: 0.5498164436030334


epsilon: 0.1

m: 5.0

n: 40.285714285714285

Residual: 0.5631755524811635


epsilon: 0.1

m: 5.0

n: 45.0

Residual: 0.5767682651993409


epsilon: 0.1

m: 5.285714285714286

n: 12.0

Residual: 0.36188644882303334


epsilon: 0.1

m: 5.285714285714286

n: 16.714285714285715

Residual: 0.46534519078701825


epsilon: 0.1

m: 5.285714285714286

n: 21.42857142857143

Residual: 0.5218036477848023


epsilon: 0.1

m: 5.285714285714286

n: 26.142857142857142

Residual: 0.5585539986810396


epsilon: 0.1

m: 5.285714285714286

n: 30.857142857142858

Residual: 0.5810862207635558


epsilon: 0.1

m: 5.285714285714286

n: 35.57142857142857

Residual: 0.5973717460735989


epsilon: 0.1

m: 5.285714285714286

n: 40.285714285714285

Residual: 0.6141410375152196


epsilon: 0.1

m: 5.285714285714286

n: 45.0

Residual: 0.6262000137931308


epsilon: 0.1

m: 5.571428571428571

n: 12.0

Residual: 0.4126787259143687


epsilon: 0.1

m: 5.571428571428571

n: 16.714285714285715

Residual: 0.5143030336908675


epsilon: 0.1

m: 5.571428571428571

n: 21.42857142857143

Residual: 0.5683607779191353


epsilon: 0.1

m: 5.571428571428571

n: 26.142857142857142

Residual: 0.6005872249530742


epsilon: 0.1

m: 5.571428571428571

n: 30.857142857142858

Residual: 0.6255006124878154


epsilon: 0.1

m: 5.571428571428571

n: 35.57142857142857

Residual: 0.6434027010774627


epsilon: 0.1

m: 5.571428571428571

n: 40.285714285714285

Residual: 0.6563245578672856


epsilon: 0.1

m: 5.571428571428571

n: 45.0

Residual: 0.6660061406579215


epsilon: 0.1

m: 5.857142857142857

n: 12.0

Residual: 0.45641279327440765


epsilon: 0.1

m: 5.857142857142857

n: 16.714285714285715

Residual: 0.553964905332759


epsilon: 0.1

m: 5.857142857142857

n: 21.42857142857143

Residual: 0.6081477684313771


epsilon: 0.1

m: 5.857142857142857

n: 26.142857142857142

Residual: 0.6403331113327788


epsilon: 0.1

m: 5.857142857142857

n: 30.857142857142858

Residual: 0.6627244878292587


epsilon: 0.1

m: 5.857142857142857

n: 35.57142857142857

Residual: 0.6787776549298461


epsilon: 0.1

m: 5.857142857142857

n: 40.285714285714285

Residual: 0.6912572215578985


epsilon: 0.1

m: 5.857142857142857

n: 45.0

Residual: 0.7004064190357729


epsilon: 0.1

m: 6.142857142857142

n: 12.0

Residual: 0.4952467263596483


epsilon: 0.1

m: 6.142857142857142

n: 16.714285714285715

Residual: 0.5920119546053445


epsilon: 0.1

m: 6.142857142857142

n: 21.42857142857143

Residual: 0.6411467093047365


epsilon: 0.1

m: 6.142857142857142

n: 26.142857142857142

Residual: 0.6744208180617555


epsilon: 0.1

m: 6.142857142857142

n: 30.857142857142858

Residual: 0.6947196199221157


epsilon: 0.1

m: 6.142857142857142

n: 35.57142857142857

Residual: 0.7123826350287057


epsilon: 0.1

m: 6.142857142857142

n: 40.285714285714285

Residual: 0.7211670648977286


epsilon: 0.1

m: 6.142857142857142

n: 45.0

Residual: 0.7319802510037745


epsilon: 0.1

m: 6.428571428571429

n: 12.0

Residual: 0.528939952271365


epsilon: 0.1

m: 6.428571428571429

n: 16.714285714285715

Residual: 0.6237631754300254


epsilon: 0.1

m: 6.428571428571429

n: 21.42857142857143

Residual: 0.6726166645929798


epsilon: 0.1

m: 6.428571428571429

n: 26.142857142857142

Residual: 0.7032570131319469


epsilon: 0.1

m: 6.428571428571429

n: 30.857142857142858

Residual: 0.721441503509078


epsilon: 0.1

m: 6.428571428571429

n: 35.57142857142857

Residual: 0.7380131818722658


epsilon: 0.1

m: 6.428571428571429

n: 40.285714285714285

Residual: 0.7488295878786174


epsilon: 0.1

m: 6.428571428571429

n: 45.0

Residual: 0.7584601398378343


epsilon: 0.1

m: 6.714285714285714

n: 12.0

Residual: 0.5604046214763523


epsilon: 0.1

m: 6.714285714285714

n: 16.714285714285715

Residual: 0.6511658841471764


epsilon: 0.1

m: 6.714285714285714

n: 21.42857142857143

Residual: 0.6976739192643305


epsilon: 0.1

m: 6.714285714285714

n: 26.142857142857142

Residual: 0.7277325223234851


epsilon: 0.1

m: 6.714285714285714

n: 30.857142857142858

Residual: 0.74636018912479


epsilon: 0.1

m: 6.714285714285714

n: 35.57142857142857

Residual: 0.7601046052526547


epsilon: 0.1

m: 6.714285714285714

n: 40.285714285714285

Residual: 0.7707205161208175


epsilon: 0.1

m: 6.714285714285714

n: 45.0

Residual: 0.7788791353086222


epsilon: 0.1

m: 7.0

n: 12.0

Residual: 0.5863411507705355


epsilon: 0.1

m: 7.0

n: 16.714285714285715

Residual: 0.6766393941150982


epsilon: 0.1

m: 7.0

n: 21.42857142857143

Residual: 0.7217756191898892


epsilon: 0.1

m: 7.0

n: 26.142857142857142

Residual: 0.7483352019325579


epsilon: 0.1

m: 7.0

n: 30.857142857142858

Residual: 0.7661871199086349


epsilon: 0.1

m: 7.0

n: 35.57142857142857

Residual: 0.7809003259799263


epsilon: 0.1

m: 7.0

n: 40.285714285714285

Residual: 0.7898940730021046


epsilon: 0.1

m: 7.0

n: 45.0

Residual: 0.799061876669116


epsilon: 0.2285714285714286

m: 5.0

n: 12.0

Residual: 0.11789711701827027


epsilon: 0.2285714285714286

m: 5.0

n: 16.714285714285715

Residual: 0.06931276233736439


epsilon: 0.2285714285714286

m: 5.0

n: 21.42857142857143

Residual: 0.10018410318741337


epsilon: 0.2285714285714286

m: 5.0

n: 26.142857142857142

Residual: 0.14163798560429944


epsilon: 0.2285714285714286

m: 5.0

n: 30.857142857142858

Residual: 0.17628890446041226


epsilon: 0.2285714285714286

m: 5.0

n: 35.57142857142857

Residual: 0.20178063077783315


epsilon: 0.2285714285714286

m: 5.0

n: 40.285714285714285

Residual: 0.22162800899314775


epsilon: 0.2285714285714286

m: 5.0

n: 45.0

Residual: 0.2388164988949798


epsilon: 0.2285714285714286

m: 5.285714285714286

n: 12.0

Residual: 0.07591926055288936


epsilon: 0.2285714285714286

m: 5.285714285714286

n: 16.714285714285715

Residual: 0.09010761536413578


epsilon: 0.2285714285714286

m: 5.285714285714286

n: 21.42857142857143

Residual: 0.16505773546777172


epsilon: 0.2285714285714286

m: 5.285714285714286

n: 26.142857142857142

Residual: 0.21364433688978254


epsilon: 0.2285714285714286

m: 5.285714285714286

n: 30.857142857142858

Residual: 0.2467836826418083


epsilon: 0.2285714285714286

m: 5.285714285714286

n: 35.57142857142857

Residual: 0.2708820931414312


epsilon: 0.2285714285714286

m: 5.285714285714286

n: 40.285714285714285

Residual: 0.2909181675214731


epsilon: 0.2285714285714286

m: 5.285714285714286

n: 45.0

Residual: 0.30794032235849844


epsilon: 0.2285714285714286

m: 5.571428571428571

n: 12.0

Residual: 0.04842018904690554


epsilon: 0.2285714285714286

m: 5.571428571428571

n: 16.714285714285715

Residual: 0.15278362881166557


epsilon: 0.2285714285714286

m: 5.571428571428571

n: 21.42857142857143

Residual: 0.22823471643987753


epsilon: 0.2285714285714286

m: 5.571428571428571

n: 26.142857142857142

Residual: 0.2760600651713535


epsilon: 0.2285714285714286

m: 5.571428571428571

n: 30.857142857142858

Residual: 0.3093033789714229


epsilon: 0.2285714285714286

m: 5.571428571428571

n: 35.57142857142857

Residual: 0.33507096711817147


epsilon: 0.2285714285714286

m: 5.571428571428571

n: 40.285714285714285

Residual: 0.35573133304693094


epsilon: 0.2285714285714286

m: 5.571428571428571

n: 45.0

Residual: 0.37222341533927056


epsilon: 0.2285714285714286

m: 5.857142857142857

n: 12.0

Residual: 0.0791614864366334


epsilon: 0.2285714285714286

m: 5.857142857142857

n: 16.714285714285715

Residual: 0.2114721470475227


epsilon: 0.2285714285714286

m: 5.857142857142857

n: 21.42857142857143

Residual: 0.28345944257398


epsilon: 0.2285714285714286

m: 5.857142857142857

n: 26.142857142857142

Residual: 0.3314852099371239


epsilon: 0.2285714285714286

m: 5.857142857142857

n: 30.857142857142858

Residual: 0.36569652905735567


epsilon: 0.2285714285714286

m: 5.857142857142857

n: 35.57142857142857

Residual: 0.38887442554639506


epsilon: 0.2285714285714286

m: 5.857142857142857

n: 40.285714285714285

Residual: 0.41045512080991897


epsilon: 0.2285714285714286

m: 5.857142857142857

n: 45.0

Residual: 0.4263852658199367


epsilon: 0.2285714285714286

m: 6.142857142857142

n: 12.0

Residual: 0.126852584481834


epsilon: 0.2285714285714286

m: 6.142857142857142

n: 16.714285714285715

Residual: 0.2621662099835586


epsilon: 0.2285714285714286

m: 6.142857142857142

n: 21.42857142857143

Residual: 0.3344406808839629


epsilon: 0.2285714285714286

m: 6.142857142857142

n: 26.142857142857142

Residual: 0.3830653084111256


epsilon: 0.2285714285714286

m: 6.142857142857142

n: 30.857142857142858

Residual: 0.4173597123176782


epsilon: 0.2285714285714286

m: 6.142857142857142

n: 35.57142857142857

Residual: 0.4425963659970245


epsilon: 0.2285714285714286

m: 6.142857142857142

n: 40.285714285714285

Residual: 0.465306880330661


epsilon: 0.2285714285714286

m: 6.142857142857142

n: 45.0

Residual: 0.47590839795337236


epsilon: 0.2285714285714286

m: 6.428571428571429

n: 12.0

Residual: 0.17395907282482298


epsilon: 0.2285714285714286

m: 6.428571428571429

n: 16.714285714285715

Residual: 0.3067942028330262


epsilon: 0.2285714285714286

m: 6.428571428571429

n: 21.42857142857143

Residual: 0.381885038391702


epsilon: 0.2285714285714286

m: 6.428571428571429

n: 26.142857142857142

Residual: 0.4293957945303924


epsilon: 0.2285714285714286

m: 6.428571428571429

n: 30.857142857142858

Residual: 0.4644840373460099


epsilon: 0.2285714285714286

m: 6.428571428571429

n: 35.57142857142857

Residual: 0.48815943625011493


epsilon: 0.2285714285714286

m: 6.428571428571429

n: 40.285714285714285

Residual: 0.5070719823936465


epsilon: 0.2285714285714286

m: 6.428571428571429

n: 45.0

Residual: 0.5213694848535556


epsilon: 0.2285714285714286

m: 6.714285714285714

n: 12.0

Residual: 0.21711916216291782


epsilon: 0.2285714285714286

m: 6.714285714285714

n: 16.714285714285715

Residual: 0.350335215369584


epsilon: 0.2285714285714286

m: 6.714285714285714

n: 21.42857142857143

Residual: 0.4192119315231119


epsilon: 0.2285714285714286

m: 6.714285714285714

n: 26.142857142857142

Residual: 0.4671628127401941


epsilon: 0.2285714285714286

m: 6.714285714285714

n: 30.857142857142858

Residual: 0.5027213374781749


epsilon: 0.2285714285714286

m: 6.714285714285714

n: 35.57142857142857

Residual: 0.5271177905030642


epsilon: 0.2285714285714286

m: 6.714285714285714

n: 40.285714285714285

Residual: 0.5470988318013512


epsilon: 0.2285714285714286

m: 6.714285714285714

n: 45.0

Residual: 0.5567716462097575


epsilon: 0.2285714285714286

m: 7.0

n: 12.0

Residual: 0.25399589913518433


epsilon: 0.2285714285714286

m: 7.0

n: 16.714285714285715

Residual: 0.38926236435197104


epsilon: 0.2285714285714286

m: 7.0

n: 21.42857142857143

Residual: 0.4620638504785061


epsilon: 0.2285714285714286

m: 7.0

n: 26.142857142857142

Residual: 0.5087987860715315


epsilon: 0.2285714285714286

m: 7.0

n: 30.857142857142858

Residual: 0.5398837588567923


epsilon: 0.2285714285714286

m: 7.0

n: 35.57142857142857

Residual: 0.5610448969570527


epsilon: 0.2285714285714286

m: 7.0

n: 40.285714285714285

Residual: 0.5763937812280332


epsilon: 0.2285714285714286

m: 7.0

n: 45.0

Residual: 0.5907395628953263


epsilon: 0.3571428571428572

m: 5.0

n: 12.0

Residual: 0.3096920310207479


epsilon: 0.3571428571428572

m: 5.0

n: 16.714285714285715

Residual: 0.19813100042004236


epsilon: 0.3571428571428572

m: 5.0

n: 21.42857142857143

Residual: 0.12828758566911883


epsilon: 0.3571428571428572

m: 5.0

n: 26.142857142857142

Residual: 0.08671649786527341


epsilon: 0.3571428571428572

m: 5.0

n: 30.857142857142858

Residual: 0.06135173491634104


epsilon: 0.3571428571428572

m: 5.0

n: 35.57142857142857

Residual: 0.05263443442042422


epsilon: 0.3571428571428572

m: 5.0

n: 40.285714285714285

Residual: 0.05093317236148114


epsilon: 0.3571428571428572

m: 5.0

n: 45.0

Residual: 0.05609034515257767


epsilon: 0.3571428571428572

m: 5.285714285714286

n: 12.0

Residual: 0.2515719034329594


epsilon: 0.3571428571428572

m: 5.285714285714286

n: 16.714285714285715

Residual: 0.13028764497081932


epsilon: 0.3571428571428572

m: 5.285714285714286

n: 21.42857142857143

Residual: 0.06404141868983267


epsilon: 0.3571428571428572

m: 5.285714285714286

n: 26.142857142857142

Residual: 0.03107541757552605


epsilon: 0.3571428571428572

m: 5.285714285714286

n: 30.857142857142858

Residual: 0.034437854123887494


epsilon: 0.3571428571428572

m: 5.285714285714286

n: 35.57142857142857

Residual: 0.05722097440664555


epsilon: 0.3571428571428572

m: 5.285714285714286

n: 40.285714285714285

Residual: 0.08007449579096494


epsilon: 0.3571428571428572

m: 5.285714285714286

n: 45.0

Residual: 0.09544341549558101


epsilon: 0.3571428571428572

m: 5.571428571428571

n: 12.0

Residual: 0.19799472659621237


epsilon: 0.3571428571428572

m: 5.571428571428571

n: 16.714285714285715

Residual: 0.0701741924225106


epsilon: 0.3571428571428572

m: 5.571428571428571

n: 21.42857142857143

Residual: 0.014770917047130516


epsilon: 0.3571428571428572

m: 5.571428571428571

n: 26.142857142857142

Residual: 0.059567945009352086


epsilon: 0.3571428571428572

m: 5.571428571428571

n: 30.857142857142858

Residual: 0.09916612923130393


epsilon: 0.3571428571428572

m: 5.571428571428571

n: 35.57142857142857

Residual: 0.12702423396956158


epsilon: 0.3571428571428572

m: 5.571428571428571

n: 40.285714285714285

Residual: 0.1472102826615743


epsilon: 0.3571428571428572

m: 5.571428571428571

n: 45.0

Residual: 0.1662402634610976


epsilon: 0.3571428571428572

m: 5.857142857142857

n: 12.0

Residual: 0.14338164807718376


epsilon: 0.3571428571428572

m: 5.857142857142857

n: 16.714285714285715

Residual: 0.026989522684136114


epsilon: 0.3571428571428572

m: 5.857142857142857

n: 21.42857142857143

Residual: 0.06816508834413389


epsilon: 0.3571428571428572

m: 5.857142857142857

n: 26.142857142857142

Residual: 0.1183522329148794


epsilon: 0.3571428571428572

m: 5.857142857142857

n: 30.857142857142858

Residual: 0.15909703935987726


epsilon: 0.3571428571428572

m: 5.857142857142857

n: 35.57142857142857

Residual: 0.188819246219417


epsilon: 0.3571428571428572

m: 5.857142857142857

n: 40.285714285714285

Residual: 0.21259449984146556


epsilon: 0.3571428571428572

m: 5.857142857142857

n: 45.0

Residual: 0.2301741154831804


epsilon: 0.3571428571428572

m: 6.142857142857142

n: 12.0

Residual: 0.09361894230153364


epsilon: 0.3571428571428572

m: 6.142857142857142

n: 16.714285714285715

Residual: 0.043121329685953655


epsilon: 0.3571428571428572

m: 6.142857142857142

n: 21.42857142857143

Residual: 0.1271079721894099


epsilon: 0.3571428571428572

m: 6.142857142857142

n: 26.142857142857142

Residual: 0.18137415361177628


epsilon: 0.3571428571428572

m: 6.142857142857142

n: 30.857142857142858

Residual: 0.21339913977583072


epsilon: 0.3571428571428572

m: 6.142857142857142

n: 35.57142857142857

Residual: 0.24404321939777196


epsilon: 0.3571428571428572

m: 6.142857142857142

n: 40.285714285714285

Residual: 0.2701067991659133


epsilon: 0.3571428571428572

m: 6.142857142857142

n: 45.0

Residual: 0.2903363684626965


epsilon: 0.3571428571428572

m: 6.428571428571429

n: 12.0

Residual: 0.060668579494812754


epsilon: 0.3571428571428572

m: 6.428571428571429

n: 16.714285714285715

Residual: 0.09510080962274216


epsilon: 0.3571428571428572

m: 6.428571428571429

n: 21.42857142857143

Residual: 0.18191246457040125


epsilon: 0.3571428571428572

m: 6.428571428571429

n: 26.142857142857142

Residual: 0.2322431589737891


epsilon: 0.3571428571428572

m: 6.428571428571429

n: 30.857142857142858

Residual: 0.2714475678166534


epsilon: 0.3571428571428572

m: 6.428571428571429

n: 35.57142857142857

Residual: 0.29609846040935695


epsilon: 0.3571428571428572

m: 6.428571428571429

n: 40.285714285714285

Residual: 0.3174025986627562


epsilon: 0.3571428571428572

m: 6.428571428571429

n: 45.0

Residual: 0.3398065749139373


epsilon: 0.3571428571428572

m: 6.714285714285714

n: 12.0

Residual: 0.04643422778602471


epsilon: 0.3571428571428572

m: 6.714285714285714

n: 16.714285714285715

Residual: 0.1409456118279586


epsilon: 0.3571428571428572

m: 6.714285714285714

n: 21.42857142857143

Residual: 0.2234950771699923


epsilon: 0.3571428571428572

m: 6.714285714285714

n: 26.142857142857142

Residual: 0.2795781084210585


epsilon: 0.3571428571428572

m: 6.714285714285714

n: 30.857142857142858

Residual: 0.3184501000397557


epsilon: 0.3571428571428572

m: 6.714285714285714

n: 35.57142857142857

Residual: 0.3467744188221033


epsilon: 0.3571428571428572

m: 6.714285714285714

n: 40.285714285714285

Residual: 0.3685288660690058


epsilon: 0.3571428571428572

m: 6.714285714285714

n: 45.0

Residual: 0.3830594886520163


epsilon: 0.3571428571428572

m: 7.0

n: 12.0

Residual: 0.052828465766249576


epsilon: 0.3571428571428572

m: 7.0

n: 16.714285714285715

Residual: 0.1828754217569922


epsilon: 0.3571428571428572

m: 7.0

n: 21.42857142857143

Residual: 0.26945737208334863


epsilon: 0.3571428571428572

m: 7.0

n: 26.142857142857142

Residual: 0.32204893290528125


epsilon: 0.3571428571428572

m: 7.0

n: 30.857142857142858

Residual: 0.3625304026857234


epsilon: 0.3571428571428572

m: 7.0

n: 35.57142857142857

Residual: 0.3939091522055315


epsilon: 0.3571428571428572

m: 7.0

n: 40.285714285714285

Residual: 0.41303281696550187


epsilon: 0.3571428571428572

m: 7.0

n: 45.0

Residual: 0.42978136376256243


epsilon: 0.48571428571428577

m: 5.0

n: 12.0

Residual: 0.4410541183351365


epsilon: 0.48571428571428577

m: 5.0

n: 16.714285714285715

Residual: 0.3399940783011953


epsilon: 0.48571428571428577

m: 5.0

n: 21.42857142857143

Residual: 0.27521848359299567


epsilon: 0.48571428571428577

m: 5.0

n: 26.142857142857142

Residual: 0.23064429256806565


epsilon: 0.48571428571428577

m: 5.0

n: 30.857142857142858

Residual: 0.19774808788966527


epsilon: 0.48571428571428577

m: 5.0

n: 35.57142857142857

Residual: 0.17198291521474285


epsilon: 0.48571428571428577

m: 5.0

n: 40.285714285714285

Residual: 0.15028978529427456


epsilon: 0.48571428571428577

m: 5.0

n: 45.0

Residual: 0.13276425748422643


epsilon: 0.48571428571428577

m: 5.285714285714286

n: 12.0

Residual: 0.39026985425053556


epsilon: 0.48571428571428577

m: 5.285714285714286

n: 16.714285714285715

Residual: 0.27828935252510295


epsilon: 0.48571428571428577

m: 5.285714285714286

n: 21.42857142857143

Residual: 0.20863416633881207


epsilon: 0.48571428571428577

m: 5.285714285714286

n: 26.142857142857142

Residual: 0.16042870765928877


epsilon: 0.48571428571428577

m: 5.285714285714286

n: 30.857142857142858

Residual: 0.12419423412293186


epsilon: 0.48571428571428577

m: 5.285714285714286

n: 35.57142857142857

Residual: 0.09867866227362014


epsilon: 0.48571428571428577

m: 5.285714285714286

n: 40.285714285714285

Residual: 0.0751632977984161


epsilon: 0.48571428571428577

m: 5.285714285714286

n: 45.0

Residual: 0.05733437189711542


epsilon: 0.48571428571428577

m: 5.571428571428571

n: 12.0

Residual: 0.3386796852476734


epsilon: 0.48571428571428577

m: 5.571428571428571

n: 16.714285714285715

Residual: 0.21794236806010736


epsilon: 0.48571428571428577

m: 5.571428571428571

n: 21.42857142857143

Residual: 0.1428675506652173


epsilon: 0.48571428571428577

m: 5.571428571428571

n: 26.142857142857142

Residual: 0.09276755389103543


epsilon: 0.48571428571428577

m: 5.571428571428571

n: 30.857142857142858

Residual: 0.05545447810893156


epsilon: 0.48571428571428577

m: 5.571428571428571

n: 35.57142857142857

Residual: 0.027987295836913447


epsilon: 0.48571428571428577

m: 5.571428571428571

n: 40.285714285714285

Residual: 0.009330933301180795


epsilon: 0.48571428571428577

m: 5.571428571428571

n: 45.0

Residual: 0.012931847781673318


epsilon: 0.48571428571428577

m: 5.857142857142857

n: 12.0

Residual: 0.2896618176050348


epsilon: 0.48571428571428577

m: 5.857142857142857

n: 16.714285714285715

Residual: 0.16363627063892847


epsilon: 0.48571428571428577

m: 5.857142857142857

n: 21.42857142857143

Residual: 0.0846775517178077


epsilon: 0.48571428571428577

m: 5.857142857142857

n: 26.142857142857142

Residual: 0.038647809063996244


epsilon: 0.48571428571428577

m: 5.857142857142857

n: 30.857142857142858

Residual: 0.02382946338083797


epsilon: 0.48571428571428577

m: 5.857142857142857

n: 35.57142857142857

Residual: 0.038593574223123


epsilon: 0.48571428571428577

m: 5.857142857142857

n: 40.285714285714285

Residual: 0.061930492792603604


epsilon: 0.48571428571428577

m: 5.857142857142857

n: 45.0

Residual: 0.08066728534377153


epsilon: 0.48571428571428577

m: 6.142857142857142

n: 12.0

Residual: 0.24302408994948316


epsilon: 0.48571428571428577

m: 6.142857142857142

n: 16.714285714285715

Residual: 0.10986156597282673


epsilon: 0.48571428571428577

m: 6.142857142857142

n: 21.42857142857143

Residual: 0.05302093914083078


epsilon: 0.48571428571428577

m: 6.142857142857142

n: 26.142857142857142

Residual: 0.03991664937053296


epsilon: 0.48571428571428577

m: 6.142857142857142

n: 30.857142857142858

Residual: 0.06755065462630579


epsilon: 0.48571428571428577

m: 6.142857142857142

n: 35.57142857142857

Residual: 0.09823484956164215


epsilon: 0.48571428571428577

m: 6.142857142857142

n: 40.285714285714285

Residual: 0.1217833943485643


epsilon: 0.48571428571428577

m: 6.142857142857142

n: 45.0

Residual: 0.14176493040089957


epsilon: 0.48571428571428577

m: 6.428571428571429

n: 12.0

Residual: 0.19831816351900544


epsilon: 0.48571428571428577

m: 6.428571428571429

n: 16.714285714285715

Residual: 0.08038871098805858


epsilon: 0.48571428571428577

m: 6.428571428571429

n: 21.42857142857143

Residual: 0.0556583801676903


epsilon: 0.48571428571428577

m: 6.428571428571429

n: 26.142857142857142

Residual: 0.0819610909349526


epsilon: 0.48571428571428577

m: 6.428571428571429

n: 30.857142857142858

Residual: 0.12441572268602444


epsilon: 0.48571428571428577

m: 6.428571428571429

n: 35.57142857142857

Residual: 0.15142122765081314


epsilon: 0.48571428571428577

m: 6.428571428571429

n: 40.285714285714285

Residual: 0.17815069287139043


epsilon: 0.48571428571428577

m: 6.428571428571429

n: 45.0

Residual: 0.1956532514656919


epsilon: 0.48571428571428577

m: 6.714285714285714

n: 12.0

Residual: 0.16061887495804522


epsilon: 0.48571428571428577

m: 6.714285714285714

n: 16.714285714285715

Residual: 0.07198278617425119


epsilon: 0.48571428571428577

m: 6.714285714285714

n: 21.42857142857143

Residual: 0.07945471752761503


epsilon: 0.48571428571428577

m: 6.714285714285714

n: 26.142857142857142

Residual: 0.13019715549302507


epsilon: 0.48571428571428577

m: 6.714285714285714

n: 30.857142857142858

Residual: 0.17024733115675203


epsilon: 0.48571428571428577

m: 6.714285714285714

n: 35.57142857142857

Residual: 0.20522909239349266


epsilon: 0.48571428571428577

m: 6.714285714285714

n: 40.285714285714285

Residual: 0.22939441533202534


epsilon: 0.48571428571428577

m: 6.714285714285714

n: 45.0

Residual: 0.2462100341133968


epsilon: 0.48571428571428577

m: 7.0

n: 12.0

Residual: 0.13117761538593706


epsilon: 0.48571428571428577

m: 7.0

n: 16.714285714285715

Residual: 0.0776488625347145


epsilon: 0.48571428571428577

m: 7.0

n: 21.42857142857143

Residual: 0.11942948493276524


epsilon: 0.48571428571428577

m: 7.0

n: 26.142857142857142

Residual: 0.17680592265641457


epsilon: 0.48571428571428577

m: 7.0

n: 30.857142857142858

Residual: 0.2180224572224674


epsilon: 0.48571428571428577

m: 7.0

n: 35.57142857142857

Residual: 0.2526073763872415


epsilon: 0.48571428571428577

m: 7.0

n: 40.285714285714285

Residual: 0.27857369460336234


epsilon: 0.48571428571428577

m: 7.0

n: 45.0

Residual: 0.286520585500337


epsilon: 0.6142857142857143

m: 5.0

n: 12.0

Residual: 0.5321135009716566


epsilon: 0.6142857142857143

m: 5.0

n: 16.714285714285715

Residual: 0.43882342823911097


epsilon: 0.6142857142857143

m: 5.0

n: 21.42857142857143

Residual: 0.3786160497094909


epsilon: 0.6142857142857143

m: 5.0

n: 26.142857142857142

Residual: 0.33655559749572017


epsilon: 0.6142857142857143

m: 5.0

n: 30.857142857142858

Residual: 0.3085202867783575


epsilon: 0.6142857142857143

m: 5.0

n: 35.57142857142857

Residual: 0.28307011094097345


epsilon: 0.6142857142857143

m: 5.0

n: 40.285714285714285

Residual: 0.2625326750053196


epsilon: 0.6142857142857143

m: 5.0

n: 45.0

Residual: 0.2473042982089567


epsilon: 0.6142857142857143

m: 5.285714285714286

n: 12.0

Residual: 0.4846711764468102


epsilon: 0.6142857142857143

m: 5.285714285714286

n: 16.714285714285715

Residual: 0.38276551278215887


epsilon: 0.6142857142857143

m: 5.285714285714286

n: 21.42857142857143

Residual: 0.3179818221432505


epsilon: 0.6142857142857143

m: 5.285714285714286

n: 26.142857142857142

Residual: 0.2725121541635919


epsilon: 0.6142857142857143

m: 5.285714285714286

n: 30.857142857142858

Residual: 0.23742569654998072


epsilon: 0.6142857142857143

m: 5.285714285714286

n: 35.57142857142857

Residual: 0.2124100015147034


epsilon: 0.6142857142857143

m: 5.285714285714286

n: 40.285714285714285

Residual: 0.19051603303845835


epsilon: 0.6142857142857143

m: 5.285714285714286

n: 45.0

Residual: 0.17489939359172446


epsilon: 0.6142857142857143

m: 5.571428571428571

n: 12.0

Residual: 0.4377447615924723


epsilon: 0.6142857142857143

m: 5.571428571428571

n: 16.714285714285715

Residual: 0.32646193545058066


epsilon: 0.6142857142857143

m: 5.571428571428571

n: 21.42857142857143

Residual: 0.25723974756879253


epsilon: 0.6142857142857143

m: 5.571428571428571

n: 26.142857142857142

Residual: 0.20974378779733382


epsilon: 0.6142857142857143

m: 5.571428571428571

n: 30.857142857142858

Residual: 0.1714936870024056


epsilon: 0.6142857142857143

m: 5.571428571428571

n: 35.57142857142857

Residual: 0.14521902773839102


epsilon: 0.6142857142857143

m: 5.571428571428571

n: 40.285714285714285

Residual: 0.12291782141846519


epsilon: 0.6142857142857143

m: 5.571428571428571

n: 45.0

Residual: 0.10294508697532753


epsilon: 0.6142857142857143

m: 5.857142857142857

n: 12.0

Residual: 0.39327500816492295


epsilon: 0.6142857142857143

m: 5.857142857142857

n: 16.714285714285715

Residual: 0.27397934913070365


epsilon: 0.6142857142857143

m: 5.857142857142857

n: 21.42857142857143

Residual: 0.19890809871280893


epsilon: 0.6142857142857143

m: 5.857142857142857

n: 26.142857142857142

Residual: 0.14736969155186455


epsilon: 0.6142857142857143

m: 5.857142857142857

n: 30.857142857142858

Residual: 0.11192953868857841


epsilon: 0.6142857142857143

m: 5.857142857142857

n: 35.57142857142857

Residual: 0.08210399493315189


epsilon: 0.6142857142857143

m: 5.857142857142857

n: 40.285714285714285

Residual: 0.05827573262460421


epsilon: 0.6142857142857143

m: 5.857142857142857

n: 45.0

Residual: 0.047585389717732365


epsilon: 0.6142857142857143

m: 6.142857142857142

n: 12.0

Residual: 0.3493320085425247


epsilon: 0.6142857142857143

m: 6.142857142857142

n: 16.714285714285715

Residual: 0.22415352618179782


epsilon: 0.6142857142857143

m: 6.142857142857142

n: 21.42857142857143

Residual: 0.14429295900870104


epsilon: 0.6142857142857143

m: 6.142857142857142

n: 26.142857142857142

Residual: 0.09582097600680951


epsilon: 0.6142857142857143

m: 6.142857142857142

n: 30.857142857142858

Residual: 0.06816994178118507


epsilon: 0.6142857142857143

m: 6.142857142857142

n: 35.57142857142857

Residual: 0.05428490834796421


epsilon: 0.6142857142857143

m: 6.142857142857142

n: 40.285714285714285

Residual: 0.04670011955418309


epsilon: 0.6142857142857143

m: 6.142857142857142

n: 45.0

Residual: 0.04782268138054942


epsilon: 0.6142857142857143

m: 6.428571428571429

n: 12.0

Residual: 0.30947541968794223


epsilon: 0.6142857142857143

m: 6.428571428571429

n: 16.714285714285715

Residual: 0.17653068895704177


epsilon: 0.6142857142857143

m: 6.428571428571429

n: 21.42857142857143

Residual: 0.10662557531130301


epsilon: 0.6142857142857143

m: 6.428571428571429

n: 26.142857142857142

Residual: 0.07692910353719727


epsilon: 0.6142857142857143

m: 6.428571428571429

n: 30.857142857142858

Residual: 0.06590891875995514


epsilon: 0.6142857142857143

m: 6.428571428571429

n: 35.57142857142857

Residual: 0.0689322953935555


epsilon: 0.6142857142857143

m: 6.428571428571429

n: 40.285714285714285

Residual: 0.07302766676766095


epsilon: 0.6142857142857143

m: 6.428571428571429

n: 45.0

Residual: 0.08497380231657284


epsilon: 0.6142857142857143

m: 6.714285714285714

n: 12.0

Residual: 0.26897873802075056


epsilon: 0.6142857142857143

m: 6.714285714285714

n: 16.714285714285715

Residual: 0.14366274529423403


epsilon: 0.6142857142857143

m: 6.714285714285714

n: 21.42857142857143

Residual: 0.09703260144731182


epsilon: 0.6142857142857143

m: 6.714285714285714

n: 26.142857142857142

Residual: 0.08306181088438526


epsilon: 0.6142857142857143

m: 6.714285714285714

n: 30.857142857142858

Residual: 0.0864260095675971


epsilon: 0.6142857142857143

m: 6.714285714285714

n: 35.57142857142857

Residual: 0.10254941824825219


epsilon: 0.6142857142857143

m: 6.714285714285714

n: 40.285714285714285

Residual: 0.11721342479407931


epsilon: 0.6142857142857143

m: 6.714285714285714

n: 45.0

Residual: 0.13934654874622382


epsilon: 0.6142857142857143

m: 7.0

n: 12.0

Residual: 0.23146569886145563


epsilon: 0.6142857142857143

m: 7.0

n: 16.714285714285715

Residual: 0.12661973049610423


epsilon: 0.6142857142857143

m: 7.0

n: 21.42857142857143

Residual: 0.09884166264009368


epsilon: 0.6142857142857143

m: 7.0

n: 26.142857142857142

Residual: 0.0952008840490913


epsilon: 0.6142857142857143

m: 7.0

n: 30.857142857142858

Residual: 0.11452671184367508


epsilon: 0.6142857142857143

m: 7.0

n: 35.57142857142857

Residual: 0.1386335187898872


epsilon: 0.6142857142857143

m: 7.0

n: 40.285714285714285

Residual: 0.1652938521883293


epsilon: 0.6142857142857143

m: 7.0

n: 45.0

Residual: 0.18668852623353466


epsilon: 0.7428571428571429

m: 5.0

n: 12.0

Residual: 0.5972636491379765


epsilon: 0.7428571428571429

m: 5.0

n: 16.714285714285715

Residual: 0.5126301083125469


epsilon: 0.7428571428571429

m: 5.0

n: 21.42857142857143

Residual: 0.45798256388717995


epsilon: 0.7428571428571429

m: 5.0

n: 26.142857142857142

Residual: 0.4190098493450359


epsilon: 0.7428571428571429

m: 5.0

n: 30.857142857142858

Residual: 0.3905688349070714


epsilon: 0.7428571428571429

m: 5.0

n: 35.57142857142857

Residual: 0.36649278632552174


epsilon: 0.7428571428571429

m: 5.0

n: 40.285714285714285

Residual: 0.348721763288531


epsilon: 0.7428571428571429

m: 5.0

n: 45.0

Residual: 0.33419497253918895


epsilon: 0.7428571428571429

m: 5.285714285714286

n: 12.0

Residual: 0.5527445378733228


epsilon: 0.7428571428571429

m: 5.285714285714286

n: 16.714285714285715

Residual: 0.46070628641093214


epsilon: 0.7428571428571429

m: 5.285714285714286

n: 21.42857142857143

Residual: 0.39878602269843677


epsilon: 0.7428571428571429

m: 5.285714285714286

n: 26.142857142857142

Residual: 0.3563748143907729


epsilon: 0.7428571428571429

m: 5.285714285714286

n: 30.857142857142858

Residual: 0.32377742227121736


epsilon: 0.7428571428571429

m: 5.285714285714286

n: 35.57142857142857

Residual: 0.30109505408311366


epsilon: 0.7428571428571429

m: 5.285714285714286

n: 40.285714285714285

Residual: 0.2794792550944975


epsilon: 0.7428571428571429

m: 5.285714285714286

n: 45.0

Residual: 0.2619202119127145


epsilon: 0.7428571428571429

m: 5.571428571428571

n: 12.0

Residual: 0.5113736450595019


epsilon: 0.7428571428571429

m: 5.571428571428571

n: 16.714285714285715

Residual: 0.4104871082272215


epsilon: 0.7428571428571429

m: 5.571428571428571

n: 21.42857142857143

Residual: 0.3443637992204143


epsilon: 0.7428571428571429

m: 5.571428571428571

n: 26.142857142857142

Residual: 0.2974131022270553


epsilon: 0.7428571428571429

m: 5.571428571428571

n: 30.857142857142858

Residual: 0.26231798153202673


epsilon: 0.7428571428571429

m: 5.571428571428571

n: 35.57142857142857

Residual: 0.23435210454372984


epsilon: 0.7428571428571429

m: 5.571428571428571

n: 40.285714285714285

Residual: 0.2141861209272356


epsilon: 0.7428571428571429

m: 5.571428571428571

n: 45.0

Residual: 0.19745885812534417


epsilon: 0.7428571428571429

m: 5.857142857142857

n: 12.0

Residual: 0.4702305535247019


epsilon: 0.7428571428571429

m: 5.857142857142857

n: 16.714285714285715

Residual: 0.36190987604478897


epsilon: 0.7428571428571429

m: 5.857142857142857

n: 21.42857142857143

Residual: 0.2881874542167341


epsilon: 0.7428571428571429

m: 5.857142857142857

n: 26.142857142857142

Residual: 0.2395386748294903


epsilon: 0.7428571428571429

m: 5.857142857142857

n: 30.857142857142858

Residual: 0.20405788538108355


epsilon: 0.7428571428571429

m: 5.857142857142857

n: 35.57142857142857

Residual: 0.1737000545679667


epsilon: 0.7428571428571429

m: 5.857142857142857

n: 40.285714285714285

Residual: 0.15164178242261656


epsilon: 0.7428571428571429

m: 5.857142857142857

n: 45.0

Residual: 0.13204496074486965


epsilon: 0.7428571428571429

m: 6.142857142857142

n: 12.0

Residual: 0.43094477209600424


epsilon: 0.7428571428571429

m: 6.142857142857142

n: 16.714285714285715

Residual: 0.31277041015835455


epsilon: 0.7428571428571429

m: 6.142857142857142

n: 21.42857142857143

Residual: 0.23763787461726124


epsilon: 0.7428571428571429

m: 6.142857142857142

n: 26.142857142857142

Residual: 0.17992034695757944


epsilon: 0.7428571428571429

m: 6.142857142857142

n: 30.857142857142858

Residual: 0.14308213706670625


epsilon: 0.7428571428571429

m: 6.142857142857142

n: 35.57142857142857

Residual: 0.11550266379846495


epsilon: 0.7428571428571429

m: 6.142857142857142

n: 40.285714285714285

Residual: 0.10058831580964539


epsilon: 0.7428571428571429

m: 6.142857142857142

n: 45.0

Residual: 0.08723601074976052


epsilon: 0.7428571428571429

m: 6.428571428571429

n: 12.0

Residual: 0.390571323969967


epsilon: 0.7428571428571429

m: 6.428571428571429

n: 16.714285714285715

Residual: 0.26658944173935484


epsilon: 0.7428571428571429

m: 6.428571428571429

n: 21.42857142857143

Residual: 0.18898355682327708


epsilon: 0.7428571428571429

m: 6.428571428571429

n: 26.142857142857142

Residual: 0.13999637573364115


epsilon: 0.7428571428571429

m: 6.428571428571429

n: 30.857142857142858

Residual: 0.11196434438758508


epsilon: 0.7428571428571429

m: 6.428571428571429

n: 35.57142857142857

Residual: 0.09338944346314841


epsilon: 0.7428571428571429

m: 6.428571428571429

n: 40.285714285714285

Residual: 0.08418538166320814


epsilon: 0.7428571428571429

m: 6.428571428571429

n: 45.0

Residual: 0.07547960259115138


epsilon: 0.7428571428571429

m: 6.714285714285714

n: 12.0

Residual: 0.3540453688520808


epsilon: 0.7428571428571429

m: 6.714285714285714

n: 16.714285714285715

Residual: 0.2272434504293147


epsilon: 0.7428571428571429

m: 6.714285714285714

n: 21.42857142857143

Residual: 0.1574920204156658


epsilon: 0.7428571428571429

m: 6.714285714285714

n: 26.142857142857142

Residual: 0.12104498779573555


epsilon: 0.7428571428571429

m: 6.714285714285714

n: 30.857142857142858

Residual: 0.10247046221987294


epsilon: 0.7428571428571429

m: 6.714285714285714

n: 35.57142857142857

Residual: 0.09343504960775602


epsilon: 0.7428571428571429

m: 6.714285714285714

n: 40.285714285714285

Residual: 0.08743369716798088


epsilon: 0.7428571428571429

m: 6.714285714285714

n: 45.0

Residual: 0.0875589729768625


epsilon: 0.7428571428571429

m: 7.0

n: 12.0

Residual: 0.31967601481170366


epsilon: 0.7428571428571429

m: 7.0

n: 16.714285714285715

Residual: 0.19333031202042658


epsilon: 0.7428571428571429

m: 7.0

n: 21.42857142857143

Residual: 0.1382200255917029


epsilon: 0.7428571428571429

m: 7.0

n: 26.142857142857142

Residual: 0.11610182886356568


epsilon: 0.7428571428571429

m: 7.0

n: 30.857142857142858

Residual: 0.10895871406957156


epsilon: 0.7428571428571429

m: 7.0

n: 35.57142857142857

Residual: 0.10632715134134432


epsilon: 0.7428571428571429

m: 7.0

n: 40.285714285714285

Residual: 0.10968017127249183


epsilon: 0.7428571428571429

m: 7.0

n: 45.0

Residual: 0.12308629794878989


epsilon: 0.8714285714285716

m: 5.0

n: 12.0

Residual: 0.6450265350044269


epsilon: 0.8714285714285716

m: 5.0

n: 16.714285714285715

Residual: 0.5690613696809473


epsilon: 0.8714285714285716

m: 5.0

n: 21.42857142857143

Residual: 0.5185849162941595


epsilon: 0.8714285714285716

m: 5.0

n: 26.142857142857142

Residual: 0.4815893596878883


epsilon: 0.8714285714285716

m: 5.0

n: 30.857142857142858

Residual: 0.45653904069721607


epsilon: 0.8714285714285716

m: 5.0

n: 35.57142857142857

Residual: 0.43378284800921796


epsilon: 0.8714285714285716

m: 5.0

n: 40.285714285714285

Residual: 0.4171302683536646


epsilon: 0.8714285714285716

m: 5.0

n: 45.0

Residual: 0.4024892302101949


epsilon: 0.8714285714285716

m: 5.285714285714286

n: 12.0

Residual: 0.6072898474217574


epsilon: 0.8714285714285716

m: 5.285714285714286

n: 16.714285714285715

Residual: 0.5219044124525989


epsilon: 0.8714285714285716

m: 5.285714285714286

n: 21.42857142857143

Residual: 0.4651083863098458


epsilon: 0.8714285714285716

m: 5.285714285714286

n: 26.142857142857142

Residual: 0.4262364326948588


epsilon: 0.8714285714285716

m: 5.285714285714286

n: 30.857142857142858

Residual: 0.3948961118453577


epsilon: 0.8714285714285716

m: 5.285714285714286

n: 35.57142857142857

Residual: 0.37091088331279015


epsilon: 0.8714285714285716

m: 5.285714285714286

n: 40.285714285714285

Residual: 0.3526435503041972


epsilon: 0.8714285714285716

m: 5.285714285714286

n: 45.0

Residual: 0.33698524949383585


epsilon: 0.8714285714285716

m: 5.571428571428571

n: 12.0

Residual: 0.5684577246726906


epsilon: 0.8714285714285716

m: 5.571428571428571

n: 16.714285714285715

Residual: 0.4739291860206354


epsilon: 0.8714285714285716

m: 5.571428571428571

n: 21.42857142857143

Residual: 0.4115607413872692


epsilon: 0.8714285714285716

m: 5.571428571428571

n: 26.142857142857142

Residual: 0.36700312781077005


epsilon: 0.8714285714285716

m: 5.571428571428571

n: 30.857142857142858

Residual: 0.33492177371793047


epsilon: 0.8714285714285716

m: 5.571428571428571

n: 35.57142857142857

Residual: 0.3087799334891946


epsilon: 0.8714285714285716

m: 5.571428571428571

n: 40.285714285714285

Residual: 0.2884426085523204


epsilon: 0.8714285714285716

m: 5.571428571428571

n: 45.0

Residual: 0.2720518975613706


epsilon: 0.8714285714285716

m: 5.857142857142857

n: 12.0

Residual: 0.5298611111912741


epsilon: 0.8714285714285716

m: 5.857142857142857

n: 16.714285714285715

Residual: 0.42710545452340465


epsilon: 0.8714285714285716

m: 5.857142857142857

n: 21.42857142857143

Residual: 0.3605385533946897


epsilon: 0.8714285714285716

m: 5.857142857142857

n: 26.142857142857142

Residual: 0.3141146164364206


epsilon: 0.8714285714285716

m: 5.857142857142857

n: 30.857142857142858

Residual: 0.2774846695755908


epsilon: 0.8714285714285716

m: 5.857142857142857

n: 35.57142857142857

Residual: 0.25250941598784976


epsilon: 0.8714285714285716

m: 5.857142857142857

n: 40.285714285714285

Residual: 0.22651621059804855


epsilon: 0.8714285714285716

m: 5.857142857142857

n: 45.0

Residual: 0.20933180614172395


epsilon: 0.8714285714285716

m: 6.142857142857142

n: 12.0

Residual: 0.49487332404415646


epsilon: 0.8714285714285716

m: 6.142857142857142

n: 16.714285714285715

Residual: 0.38078044710676856


epsilon: 0.8714285714285716

m: 6.142857142857142

n: 21.42857142857143

Residual: 0.3110727749546534


epsilon: 0.8714285714285716

m: 6.142857142857142

n: 26.142857142857142

Residual: 0.25851261010843163


epsilon: 0.8714285714285716

m: 6.142857142857142

n: 30.857142857142858

Residual: 0.22078803192760332


epsilon: 0.8714285714285716

m: 6.142857142857142

n: 35.57142857142857

Residual: 0.19470686937423953


epsilon: 0.8714285714285716

m: 6.142857142857142

n: 40.285714285714285

Residual: 0.1699934529136543


epsilon: 0.8714285714285716

m: 6.142857142857142

n: 45.0

Residual: 0.1497941069403805


epsilon: 0.8714285714285716

m: 6.428571428571429

n: 12.0

Residual: 0.4565966884113149


epsilon: 0.8714285714285716

m: 6.428571428571429

n: 16.714285714285715

Residual: 0.33785017944412615


epsilon: 0.8714285714285716

m: 6.428571428571429

n: 21.42857142857143

Residual: 0.2593102503501162


epsilon: 0.8714285714285716

m: 6.428571428571429

n: 26.142857142857142

Residual: 0.20795251307806192


epsilon: 0.8714285714285716

m: 6.428571428571429

n: 30.857142857142858

Residual: 0.17127614396553895


epsilon: 0.8714285714285716

m: 6.428571428571429

n: 35.57142857142857

Residual: 0.14789732155921542


epsilon: 0.8714285714285716

m: 6.428571428571429

n: 40.285714285714285

Residual: 0.13004152943985522


epsilon: 0.8714285714285716

m: 6.428571428571429

n: 45.0

Residual: 0.11458520664810838


epsilon: 0.8714285714285716

m: 6.714285714285714

n: 12.0

Residual: 0.4231974376103169


epsilon: 0.8714285714285716

m: 6.714285714285714

n: 16.714285714285715

Residual: 0.29417836040790324


epsilon: 0.8714285714285716

m: 6.714285714285714

n: 21.42857142857143

Residual: 0.21960155432633943


epsilon: 0.8714285714285716

m: 6.714285714285714

n: 26.142857142857142

Residual: 0.17597830224391917


epsilon: 0.8714285714285716

m: 6.714285714285714

n: 30.857142857142858

Residual: 0.1432222525899567


epsilon: 0.8714285714285716

m: 6.714285714285714

n: 35.57142857142857

Residual: 0.12859182670262603


epsilon: 0.8714285714285716

m: 6.714285714285714

n: 40.285714285714285

Residual: 0.11012207950460882


epsilon: 0.8714285714285716

m: 6.714285714285714

n: 45.0

Residual: 0.10327804510529333


epsilon: 0.8714285714285716

m: 7.0

n: 12.0

Residual: 0.38852879642440813


epsilon: 0.8714285714285716

m: 7.0

n: 16.714285714285715

Residual: 0.26033721015541306


epsilon: 0.8714285714285716

m: 7.0

n: 21.42857142857143

Residual: 0.19255035425295103


epsilon: 0.8714285714285716

m: 7.0

n: 26.142857142857142

Residual: 0.15768121890215384


epsilon: 0.8714285714285716

m: 7.0

n: 30.857142857142858

Residual: 0.13480125981113508


epsilon: 0.8714285714285716

m: 7.0

n: 35.57142857142857

Residual: 0.12322371845132886


epsilon: 0.8714285714285716

m: 7.0

n: 40.285714285714285

Residual: 0.11606563337984245


epsilon: 0.8714285714285716

m: 7.0

n: 45.0

Residual: 0.11163470676738119


epsilon: 1.0000000000000002

m: 5.0

n: 12.0

Residual: 0.6839736326076787


epsilon: 1.0000000000000002

m: 5.0

n: 16.714285714285715

Residual: 0.6138160864394426


epsilon: 1.0000000000000002

m: 5.0

n: 21.42857142857143

Residual: 0.5678249172817684


epsilon: 1.0000000000000002

m: 5.0

n: 26.142857142857142

Residual: 0.5334293800691359


epsilon: 1.0000000000000002

m: 5.0

n: 30.857142857142858

Residual: 0.508328009477664


epsilon: 1.0000000000000002

m: 5.0

n: 35.57142857142857

Residual: 0.4884677966411015


epsilon: 1.0000000000000002

m: 5.0

n: 40.285714285714285

Residual: 0.47190602660101877


epsilon: 1.0000000000000002

m: 5.0

n: 45.0

Residual: 0.45829154939753963


epsilon: 1.0000000000000002

m: 5.285714285714286

n: 12.0

Residual: 0.648408785943727


epsilon: 1.0000000000000002

m: 5.285714285714286

n: 16.714285714285715

Residual: 0.5692719266733813


epsilon: 1.0000000000000002

m: 5.285714285714286

n: 21.42857142857143

Residual: 0.5166607019887055


epsilon: 1.0000000000000002

m: 5.285714285714286

n: 26.142857142857142

Residual: 0.4793135560333846


epsilon: 1.0000000000000002

m: 5.285714285714286

n: 30.857142857142858

Residual: 0.44973015187214094


epsilon: 1.0000000000000002

m: 5.285714285714286

n: 35.57142857142857

Residual: 0.4285075646926897


epsilon: 1.0000000000000002

m: 5.285714285714286

n: 40.285714285714285

Residual: 0.4117267301799529


epsilon: 1.0000000000000002

m: 5.285714285714286

n: 45.0

Residual: 0.3954476985157402


epsilon: 1.0000000000000002

m: 5.571428571428571

n: 12.0

Residual: 0.6125889030416397


epsilon: 1.0000000000000002

m: 5.571428571428571

n: 16.714285714285715

Residual: 0.5252083998173899


epsilon: 1.0000000000000002

m: 5.571428571428571

n: 21.42857142857143

Residual: 0.4671584391907189


epsilon: 1.0000000000000002

m: 5.571428571428571

n: 26.142857142857142

Residual: 0.424726124550643


epsilon: 1.0000000000000002

m: 5.571428571428571

n: 30.857142857142858

Residual: 0.3949015062249296


epsilon: 1.0000000000000002

m: 5.571428571428571

n: 35.57142857142857

Residual: 0.3711036839670657


epsilon: 1.0000000000000002

m: 5.571428571428571

n: 40.285714285714285

Residual: 0.3519283626736241


epsilon: 1.0000000000000002

m: 5.571428571428571

n: 45.0

Residual: 0.33414085052479614


epsilon: 1.0000000000000002

m: 5.857142857142857

n: 12.0

Residual: 0.5781843449387524


epsilon: 1.0000000000000002

m: 5.857142857142857

n: 16.714285714285715

Residual: 0.4830505104902467


epsilon: 1.0000000000000002

m: 5.857142857142857

n: 21.42857142857143

Residual: 0.41788838733217626


epsilon: 1.0000000000000002

m: 5.857142857142857

n: 26.142857142857142

Residual: 0.37262093237415755


epsilon: 1.0000000000000002

m: 5.857142857142857

n: 30.857142857142858

Residual: 0.3364675509816908


epsilon: 1.0000000000000002

m: 5.857142857142857

n: 35.57142857142857

Residual: 0.31179742882772266


epsilon: 1.0000000000000002

m: 5.857142857142857

n: 40.285714285714285

Residual: 0.29279424054045444


epsilon: 1.0000000000000002

m: 5.857142857142857

n: 45.0

Residual: 0.2738486413238695


epsilon: 1.0000000000000002

m: 6.142857142857142

n: 12.0

Residual: 0.5450192932803426


epsilon: 1.0000000000000002

m: 6.142857142857142

n: 16.714285714285715

Residual: 0.4397510339253084


epsilon: 1.0000000000000002

m: 6.142857142857142

n: 21.42857142857143

Residual: 0.3694056494992983


epsilon: 1.0000000000000002

m: 6.142857142857142

n: 26.142857142857142

Residual: 0.32059783232012135


epsilon: 1.0000000000000002

m: 6.142857142857142

n: 30.857142857142858

Residual: 0.2882472473702558


epsilon: 1.0000000000000002

m: 6.142857142857142

n: 35.57142857142857

Residual: 0.2571113263154181


epsilon: 1.0000000000000002

m: 6.142857142857142

n: 40.285714285714285

Residual: 0.23623723364352758


epsilon: 1.0000000000000002

m: 6.142857142857142

n: 45.0

Residual: 0.21632017351719146


epsilon: 1.0000000000000002

m: 6.428571428571429

n: 12.0

Residual: 0.5097452773699189


epsilon: 1.0000000000000002

m: 6.428571428571429

n: 16.714285714285715

Residual: 0.39743033597240757


epsilon: 1.0000000000000002

m: 6.428571428571429

n: 21.42857142857143

Residual: 0.3247344523509962


epsilon: 1.0000000000000002

m: 6.428571428571429

n: 26.142857142857142

Residual: 0.2720970589220423


epsilon: 1.0000000000000002

m: 6.428571428571429

n: 30.857142857142858

Residual: 0.233266796006198


epsilon: 1.0000000000000002

m: 6.428571428571429

n: 35.57142857142857

Residual: 0.20308759065700246


epsilon: 1.0000000000000002

m: 6.428571428571429

n: 40.285714285714285

Residual: 0.18583042599330385


epsilon: 1.0000000000000002

m: 6.428571428571429

n: 45.0

Residual: 0.16495077254307655


epsilon: 1.0000000000000002

m: 6.714285714285714

n: 12.0

Residual: 0.4771711539771063


epsilon: 1.0000000000000002

m: 6.714285714285714

n: 16.714285714285715

Residual: 0.3562993014929598


epsilon: 1.0000000000000002

m: 6.714285714285714

n: 21.42857142857143

Residual: 0.2775062102869789


epsilon: 1.0000000000000002

m: 6.714285714285714

n: 26.142857142857142

Residual: 0.23023805471477643


epsilon: 1.0000000000000002

m: 6.714285714285714

n: 30.857142857142858

Residual: 0.19621772733100926


epsilon: 1.0000000000000002

m: 6.714285714285714

n: 35.57142857142857

Residual: 0.1693872493188314


epsilon: 1.0000000000000002

m: 6.714285714285714

n: 40.285714285714285

Residual: 0.15477609001156584


epsilon: 1.0000000000000002

m: 6.714285714285714

n: 45.0

Residual: 0.1427376288163082


epsilon: 1.0000000000000002

m: 7.0

n: 12.0

Residual: 0.4446557138224544


epsilon: 1.0000000000000002

m: 7.0

n: 16.714285714285715

Residual: 0.32053650787246474


epsilon: 1.0000000000000002

m: 7.0

n: 21.42857142857143

Residual: 0.24457501530681944


epsilon: 1.0000000000000002

m: 7.0

n: 26.142857142857142

Residual: 0.2018647342326329


epsilon: 1.0000000000000002

m: 7.0

n: 30.857142857142858

Residual: 0.17133455722206023


epsilon: 1.0000000000000002

m: 7.0

n: 35.57142857142857

Residual: 0.15110387721330923


epsilon: 1.0000000000000002

m: 7.0

n: 40.285714285714285

Residual: 0.13965950935854757


epsilon: 1.0000000000000002

m: 7.0

n: 45.0

Residual: 0.13263492108001476


