n: 12.0

m: 5.0

epsilon: 0.1

Residual: 0.16026154239320745


n: 12.0

m: 5.0

epsilon: 0.1

Residual: 0.15930624764048507


n: 12.0

m: 5.0

epsilon: 0.2285714285714286

Residual: 0.2621210077045339


n: 12.0

m: 5.0

epsilon: 0.3571428571428572

Residual: 0.45466711500653884


n: 12.0

m: 5.0

epsilon: 0.48571428571428577

Residual: 0.568038377911973


n: 12.0

m: 5.0

epsilon: 0.6142857142857143

Residual: 0.6422116009366186


n: 12.0

m: 5.0

epsilon: 0.7428571428571429

Residual: 0.6946923499030963


n: 12.0

m: 5.0

epsilon: 0.8714285714285716

Residual: 0.7336969832761222


n: 12.0

m: 5.0

epsilon: 1.0000000000000002

Residual: 0.7637007739965378


n: 12.0

m: 5.285714285714286

epsilon: 0.1

Residual: 0.20325214762746285


n: 12.0

m: 5.285714285714286

epsilon: 0.2285714285714286

Residual: 0.20327629774933667


n: 12.0

m: 5.285714285714286

epsilon: 0.3571428571428572

Residual: 0.4049812787629369


n: 12.0

m: 5.285714285714286

epsilon: 0.48571428571428577

Residual: 0.5255173003734356


n: 12.0

m: 5.285714285714286

epsilon: 0.6142857142857143

Residual: 0.6050876695696141


n: 12.0

m: 5.285714285714286

epsilon: 0.7428571428571429

Residual: 0.6617531632827269


n: 12.0

m: 5.285714285714286

epsilon: 0.8714285714285716

Residual: 0.70451737037479


n: 12.0

m: 5.285714285714286

epsilon: 1.0000000000000002

Residual: 0.7370964535274799


n: 12.0

m: 5.571428571428571

epsilon: 0.1

Residual: 0.25560612260436644


n: 12.0

m: 5.571428571428571

epsilon: 0.2285714285714286

Residual: 0.1541117990360654


n: 12.0

m: 5.571428571428571

epsilon: 0.3571428571428572

Residual: 0.355713481057824


n: 12.0

m: 5.571428571428571

epsilon: 0.48571428571428577

Residual: 0.48341873244770117


n: 12.0

m: 5.571428571428571

epsilon: 0.6142857142857143

Residual: 0.5680417832198689


n: 12.0

m: 5.571428571428571

epsilon: 0.7428571428571429

Residual: 0.6289786539345145


n: 12.0

m: 5.571428571428571

epsilon: 0.8714285714285716

Residual: 0.6749419068476573


n: 12.0

m: 5.571428571428571

epsilon: 1.0000000000000002

Residual: 0.7108957455769004


n: 12.0

m: 5.857142857142857

epsilon: 0.1

Residual: 0.3042128818343404


n: 12.0

m: 5.857142857142857

epsilon: 0.2285714285714286

Residual: 0.10793905600030054


n: 12.0

m: 5.857142857142857

epsilon: 0.3571428571428572

Residual: 0.31020261234334856


n: 12.0

m: 5.857142857142857

epsilon: 0.48571428571428577

Residual: 0.44341580367350947


n: 12.0

m: 5.857142857142857

epsilon: 0.6142857142857143

Residual: 0.5326761039512803


n: 12.0

m: 5.857142857142857

epsilon: 0.7428571428571429

Residual: 0.5961063294749797


n: 12.0

m: 5.857142857142857

epsilon: 0.8714285714285716

Residual: 0.6465125034009219


n: 12.0

m: 5.857142857142857

epsilon: 1.0000000000000002

Residual: 0.6838948274002169


n: 12.0

m: 6.142857142857142

epsilon: 0.1

Residual: 0.34848745258995256


n: 12.0

m: 6.142857142857142

epsilon: 0.2285714285714286

Residual: 0.07114733960254489


n: 12.0

m: 6.142857142857142

epsilon: 0.3571428571428572

Residual: 0.26650923716197056


n: 12.0

m: 6.142857142857142

epsilon: 0.48571428571428577

Residual: 0.40095453951169857


n: 12.0

m: 6.142857142857142

epsilon: 0.6142857142857143

Residual: 0.4961820475999375


n: 12.0

m: 6.142857142857142

epsilon: 0.7428571428571429

Residual: 0.5655416626077967


n: 12.0

m: 6.142857142857142

epsilon: 0.8714285714285716

Residual: 0.6158118134032643


n: 12.0

m: 6.142857142857142

epsilon: 1.0000000000000002

Residual: 0.6579212698957299


n: 12.0

m: 6.428571428571429

epsilon: 0.1

Residual: 0.3871585969904716


n: 12.0

m: 6.428571428571429

epsilon: 0.2285714285714286

Residual: 0.042646490929615505


n: 12.0

m: 6.428571428571429

epsilon: 0.3571428571428572

Residual: 0.22604329410408078


n: 12.0

m: 6.428571428571429

epsilon: 0.48571428571428577

Residual: 0.3635045898745229


n: 12.0

m: 6.428571428571429

epsilon: 0.6142857142857143

Residual: 0.46167311381170506


n: 12.0

m: 6.428571428571429

epsilon: 0.7428571428571429

Residual: 0.533431465683716


n: 12.0

m: 6.428571428571429

epsilon: 0.8714285714285716

Residual: 0.5870595722174714


n: 12.0

m: 6.428571428571429

epsilon: 1.0000000000000002

Residual: 0.6315953223809012


n: 12.0

m: 6.714285714285714

epsilon: 0.1

Residual: 0.42053077143144907


n: 12.0

m: 6.714285714285714

epsilon: 0.2285714285714286

Residual: 0.04040099610422773


n: 12.0

m: 6.714285714285714

epsilon: 0.3571428571428572

Residual: 0.18426128724346613


n: 12.0

m: 6.714285714285714

epsilon: 0.48571428571428577

Residual: 0.328680874288616


n: 12.0

m: 6.714285714285714

epsilon: 0.6142857142857143

Residual: 0.42611763662755503


n: 12.0

m: 6.714285714285714

epsilon: 0.7428571428571429

Residual: 0.5011982479326148


n: 12.0

m: 6.714285714285714

epsilon: 0.8714285714285716

Residual: 0.5589938282021822


n: 12.0

m: 6.714285714285714

epsilon: 1.0000000000000002

Residual: 0.6049795732492256


n: 12.0

m: 7.0

epsilon: 0.1

Residual: 0.45611488074733514


n: 12.0

m: 7.0

epsilon: 0.2285714285714286

Residual: 0.07451867740827492


n: 12.0

m: 7.0

epsilon: 0.3571428571428572

Residual: 0.14481787996245993


n: 12.0

m: 7.0

epsilon: 0.48571428571428577

Residual: 0.2934871110075699


n: 12.0

m: 7.0

epsilon: 0.6142857142857143

Residual: 0.39551138548159964


n: 12.0

m: 7.0

epsilon: 0.7428571428571429

Residual: 0.4705865539693512


n: 12.0

m: 7.0

epsilon: 0.8714285714285716

Residual: 0.5341952879366311


n: 12.0

m: 7.0

epsilon: 1.0000000000000002

Residual: 0.5781964722065218


n: 16.714285714285715

m: 5.0

epsilon: 0.1

Residual: 0.2604904490973312


n: 16.714285714285715

m: 5.0

epsilon: 0.2285714285714286

Residual: 0.15323678033641885


n: 16.714285714285715

m: 5.0

epsilon: 0.3571428571428572

Residual: 0.3536474542657973


n: 16.714285714285715

m: 5.0

epsilon: 0.48571428571428577

Residual: 0.48157475854379084


n: 16.714285714285715

m: 5.0

epsilon: 0.6142857142857143

Residual: 0.566466429952188


n: 16.714285714285715

m: 5.0

epsilon: 0.7428571428571429

Residual: 0.6261220391498256


n: 16.714285714285715

m: 5.0

epsilon: 0.8714285714285716

Residual: 0.6735379849387996


n: 16.714285714285715

m: 5.0

epsilon: 1.0000000000000002

Residual: 0.7093397934115395


n: 16.714285714285715

m: 5.285714285714286

epsilon: 0.1

Residual: 0.3183133835675518


n: 16.714285714285715

m: 5.285714285714286

epsilon: 0.2285714285714286

Residual: 0.1007185783404759


n: 16.714285714285715

m: 5.285714285714286

epsilon: 0.3571428571428572

Residual: 0.2970440532327223


n: 16.714285714285715

m: 5.285714285714286

epsilon: 0.48571428571428577

Residual: 0.4289200185991333


n: 16.714285714285715

m: 5.285714285714286

epsilon: 0.6142857142857143

Residual: 0.5197816068470029


n: 16.714285714285715

m: 5.285714285714286

epsilon: 0.7428571428571429

Residual: 0.5851160777569997


n: 16.714285714285715

m: 5.285714285714286

epsilon: 0.8714285714285716

Residual: 0.6342855311961614


n: 16.714285714285715

m: 5.285714285714286

epsilon: 1.0000000000000002

Residual: 0.6751743637481172


n: 16.714285714285715

m: 5.571428571428571

epsilon: 0.1

Residual: 0.37467868939855853


n: 16.714285714285715

m: 5.571428571428571

epsilon: 0.2285714285714286

Residual: 0.06228092336389915


n: 16.714285714285715

m: 5.571428571428571

epsilon: 0.3571428571428572

Residual: 0.23688909592299728


n: 16.714285714285715

m: 5.571428571428571

epsilon: 0.48571428571428577

Residual: 0.378383255714997


n: 16.714285714285715

m: 5.571428571428571

epsilon: 0.6142857142857143

Residual: 0.4733478111959569


n: 16.714285714285715

m: 5.571428571428571

epsilon: 0.7428571428571429

Residual: 0.5449437065252113


n: 16.714285714285715

m: 5.571428571428571

epsilon: 0.8714285714285716

Residual: 0.5992796047802122


n: 16.714285714285715

m: 5.571428571428571

epsilon: 1.0000000000000002

Residual: 0.6389887359924616


n: 16.714285714285715

m: 5.857142857142857

epsilon: 0.1

Residual: 0.4220579958740956


n: 16.714285714285715

m: 5.857142857142857

epsilon: 0.2285714285714286

Residual: 0.04030658016255406


n: 16.714285714285715

m: 5.857142857142857

epsilon: 0.3571428571428572

Residual: 0.18562562643986702


n: 16.714285714285715

m: 5.857142857142857

epsilon: 0.48571428571428577

Residual: 0.3292550344931524


n: 16.714285714285715

m: 5.857142857142857

epsilon: 0.6142857142857143

Residual: 0.4294954225401489


n: 16.714285714285715

m: 5.857142857142857

epsilon: 0.7428571428571429

Residual: 0.5038658309527456


n: 16.714285714285715

m: 5.857142857142857

epsilon: 0.8714285714285716

Residual: 0.5604121220100664


n: 16.714285714285715

m: 5.857142857142857

epsilon: 1.0000000000000002

Residual: 0.6059280910139946


n: 16.714285714285715

m: 6.142857142857142

epsilon: 0.1

Residual: 0.46468793564107197


n: 16.714285714285715

m: 6.142857142857142

epsilon: 0.2285714285714286

Residual: 0.08693119413002105


n: 16.714285714285715

m: 6.142857142857142

epsilon: 0.3571428571428572

Residual: 0.13435127760216564


n: 16.714285714285715

m: 6.142857142857142

epsilon: 0.48571428571428577

Residual: 0.2813805557065809


n: 16.714285714285715

m: 6.142857142857142

epsilon: 0.6142857142857143

Residual: 0.3863188353305126


n: 16.714285714285715

m: 6.142857142857142

epsilon: 0.7428571428571429

Residual: 0.46313871778229015


n: 16.714285714285715

m: 6.142857142857142

epsilon: 0.8714285714285716

Residual: 0.5237706411523743


n: 16.714285714285715

m: 6.142857142857142

epsilon: 1.0000000000000002

Residual: 0.5702337457845568


n: 16.714285714285715

m: 6.428571428571429

epsilon: 0.1

Residual: 0.5019875090384583


n: 16.714285714285715

m: 6.428571428571429

epsilon: 0.2285714285714286

Residual: 0.13790176621359249


n: 16.714285714285715

m: 6.428571428571429

epsilon: 0.3571428571428572

Residual: 0.08723555824105286


n: 16.714285714285715

m: 6.428571428571429

epsilon: 0.48571428571428577

Residual: 0.23383637135193566


n: 16.714285714285715

m: 6.428571428571429

epsilon: 0.6142857142857143

Residual: 0.3439255247395723


n: 16.714285714285715

m: 6.428571428571429

epsilon: 0.7428571428571429

Residual: 0.4246404024857782


n: 16.714285714285715

m: 6.428571428571429

epsilon: 0.8714285714285716

Residual: 0.4846045633107166


n: 16.714285714285715

m: 6.428571428571429

epsilon: 1.0000000000000002

Residual: 0.5372674262722423


n: 16.714285714285715

m: 6.714285714285714

epsilon: 0.1

Residual: 0.5360305767466742


n: 16.714285714285715

m: 6.714285714285714

epsilon: 0.2285714285714286

Residual: 0.18133523887779213


n: 16.714285714285715

m: 6.714285714285714

epsilon: 0.3571428571428572

Residual: 0.05142701803527349


n: 16.714285714285715

m: 6.714285714285714

epsilon: 0.48571428571428577

Residual: 0.19375215356555983


n: 16.714285714285715

m: 6.714285714285714

epsilon: 0.6142857142857143

Residual: 0.3024060237636123


n: 16.714285714285715

m: 6.714285714285714

epsilon: 0.7428571428571429

Residual: 0.38281776173963267


n: 16.714285714285715

m: 6.714285714285714

epsilon: 0.8714285714285716

Residual: 0.4528022881735047


n: 16.714285714285715

m: 6.714285714285714

epsilon: 1.0000000000000002

Residual: 0.5052073355604795


n: 16.714285714285715

m: 7.0

epsilon: 0.1

Residual: 0.5660062708179137


n: 16.714285714285715

m: 7.0

epsilon: 0.2285714285714286

Residual: 0.22179404223153065


n: 16.714285714285715

m: 7.0

epsilon: 0.3571428571428572

Residual: 0.04106283739230887


n: 16.714285714285715

m: 7.0

epsilon: 0.48571428571428577

Residual: 0.14747132377093067


n: 16.714285714285715

m: 7.0

epsilon: 0.6142857142857143

Residual: 0.2580830564300239


n: 16.714285714285715

m: 7.0

epsilon: 0.7428571428571429

Residual: 0.3485639694776521


n: 16.714285714285715

m: 7.0

epsilon: 0.8714285714285716

Residual: 0.41610777699278273


n: 16.714285714285715

m: 7.0

epsilon: 1.0000000000000002

Residual: 0.47223462797137866


n: 21.42857142857143

m: 5.0

epsilon: 0.1

Residual: 0.32544379487931246


n: 21.42857142857143

m: 5.0

epsilon: 0.2285714285714286

Residual: 0.1034614050607772


n: 21.42857142857143

m: 5.0

epsilon: 0.3571428571428572

Residual: 0.2894176753479256


n: 21.42857142857143

m: 5.0

epsilon: 0.48571428571428577

Residual: 0.4241097653973521


n: 21.42857142857143

m: 5.0

epsilon: 0.6142857142857143

Residual: 0.5145544669617286


n: 21.42857142857143

m: 5.0

epsilon: 0.7428571428571429

Residual: 0.5816970160861415


n: 21.42857142857143

m: 5.0

epsilon: 0.8714285714285716

Residual: 0.6318961529282731


n: 21.42857142857143

m: 5.0

epsilon: 1.0000000000000002

Residual: 0.6715865759054305


n: 21.42857142857143

m: 5.285714285714286

epsilon: 0.1

Residual: 0.3846778904633886


n: 21.42857142857143

m: 5.285714285714286

epsilon: 0.2285714285714286

Residual: 0.06866123583838424


n: 21.42857142857143

m: 5.285714285714286

epsilon: 0.3571428571428572

Residual: 0.22499508288430037


n: 21.42857142857143

m: 5.285714285714286

epsilon: 0.48571428571428577

Residual: 0.3650504027378882


n: 21.42857142857143

m: 5.285714285714286

epsilon: 0.6142857142857143

Residual: 0.4632318342960631


n: 21.42857142857143

m: 5.285714285714286

epsilon: 0.7428571428571429

Residual: 0.5344166361889322


n: 21.42857142857143

m: 5.285714285714286

epsilon: 0.8714285714285716

Residual: 0.5885059490498997


n: 21.42857142857143

m: 5.285714285714286

epsilon: 1.0000000000000002

Residual: 0.6311735404726329


n: 21.42857142857143

m: 5.571428571428571

epsilon: 0.1

Residual: 0.4362894665403898


n: 21.42857142857143

m: 5.571428571428571

epsilon: 0.2285714285714286

Residual: 0.06158879943629059


n: 21.42857142857143

m: 5.571428571428571

epsilon: 0.3571428571428572

Residual: 0.1652605589222687


n: 21.42857142857143

m: 5.571428571428571

epsilon: 0.48571428571428577

Residual: 0.31122905575306586


n: 21.42857142857143

m: 5.571428571428571

epsilon: 0.6142857142857143

Residual: 0.41003547044947525


n: 21.42857142857143

m: 5.571428571428571

epsilon: 0.7428571428571429

Residual: 0.48671358093820494


n: 21.42857142857143

m: 5.571428571428571

epsilon: 0.8714285714285716

Residual: 0.5459330910688782


n: 21.42857142857143

m: 5.571428571428571

epsilon: 1.0000000000000002

Residual: 0.591000630642399


n: 21.42857142857143

m: 5.857142857142857

epsilon: 0.1

Residual: 0.4849299496654786


n: 21.42857142857143

m: 5.857142857142857

epsilon: 0.2285714285714286

Residual: 0.11581872446415316


n: 21.42857142857143

m: 5.857142857142857

epsilon: 0.3571428571428572

Residual: 0.10447610484211108


n: 21.42857142857143

m: 5.857142857142857

epsilon: 0.48571428571428577

Residual: 0.25620833307275853


n: 21.42857142857143

m: 5.857142857142857

epsilon: 0.6142857142857143

Residual: 0.36178350261235215


n: 21.42857142857143

m: 5.857142857142857

epsilon: 0.7428571428571429

Residual: 0.4409881429040142


n: 21.42857142857143

m: 5.857142857142857

epsilon: 0.8714285714285716

Residual: 0.5029044833758225


n: 21.42857142857143

m: 5.857142857142857

epsilon: 1.0000000000000002

Residual: 0.5535983423324589


n: 21.42857142857143

m: 6.142857142857142

epsilon: 0.1

Residual: 0.5254906264853471


n: 21.42857142857143

m: 6.142857142857142

epsilon: 0.2285714285714286

Residual: 0.17285563185174152


n: 21.42857142857143

m: 6.142857142857142

epsilon: 0.3571428571428572

Residual: 0.051031494481202096


n: 21.42857142857143

m: 6.142857142857142

epsilon: 0.48571428571428577

Residual: 0.20084429000505408


n: 21.42857142857143

m: 6.142857142857142

epsilon: 0.6142857142857143

Residual: 0.3109135417347007


n: 21.42857142857143

m: 6.142857142857142

epsilon: 0.7428571428571429

Residual: 0.3955511521135054


n: 21.42857142857143

m: 6.142857142857142

epsilon: 0.8714285714285716

Residual: 0.46068912945304463


n: 21.42857142857143

m: 6.142857142857142

epsilon: 1.0000000000000002

Residual: 0.5123860661240529


n: 21.42857142857143

m: 6.428571428571429

epsilon: 0.1

Residual: 0.5638690110579437


n: 21.42857142857143

m: 6.428571428571429

epsilon: 0.2285714285714286

Residual: 0.21921166944102943


n: 21.42857142857143

m: 6.428571428571429

epsilon: 0.3571428571428572

Residual: 0.022324722550834907


n: 21.42857142857143

m: 6.428571428571429

epsilon: 0.48571428571428577

Residual: 0.15161406852244555


n: 21.42857142857143

m: 6.428571428571429

epsilon: 0.6142857142857143

Residual: 0.26403810955089296


n: 21.42857142857143

m: 6.428571428571429

epsilon: 0.7428571428571429

Residual: 0.35257070676163194


n: 21.42857142857143

m: 6.428571428571429

epsilon: 0.8714285714285716

Residual: 0.4207417846817958


n: 21.42857142857143

m: 6.428571428571429

epsilon: 1.0000000000000002

Residual: 0.4723859615660877


n: 21.42857142857143

m: 6.714285714285714

epsilon: 0.1

Residual: 0.5933052947349122


n: 21.42857142857143

m: 6.714285714285714

epsilon: 0.2285714285714286

Residual: 0.2632451494934951


n: 21.42857142857143

m: 6.714285714285714

epsilon: 0.3571428571428572

Residual: 0.04726658601811103


n: 21.42857142857143

m: 6.714285714285714

epsilon: 0.48571428571428577

Residual: 0.10916069728085467


n: 21.42857142857143

m: 6.714285714285714

epsilon: 0.6142857142857143

Residual: 0.22101985658445827


n: 21.42857142857143

m: 6.714285714285714

epsilon: 0.7428571428571429

Residual: 0.30303621427332456


n: 21.42857142857143

m: 6.714285714285714

epsilon: 0.8714285714285716

Residual: 0.37600112598177415


n: 21.42857142857143

m: 6.714285714285714

epsilon: 1.0000000000000002

Residual: 0.4317388116012157


n: 21.42857142857143

m: 7.0

epsilon: 0.1

Residual: 0.622041688214641


n: 21.42857142857143

m: 7.0

epsilon: 0.2285714285714286

Residual: 0.3119673620714681


n: 21.42857142857143

m: 7.0

epsilon: 0.3571428571428572

Residual: 0.0899859279054417


n: 21.42857142857143

m: 7.0

epsilon: 0.48571428571428577

Residual: 0.08810234565319684


n: 21.42857142857143

m: 7.0

epsilon: 0.6142857142857143

Residual: 0.177076717086351


n: 21.42857142857143

m: 7.0

epsilon: 0.7428571428571429

Residual: 0.2624155900535993


n: 21.42857142857143

m: 7.0

epsilon: 0.8714285714285716

Residual: 0.3394662337575371


n: 21.42857142857143

m: 7.0

epsilon: 1.0000000000000002

Residual: 0.39433914221838406


n: 26.142857142857142

m: 5.0

epsilon: 0.1

Residual: 0.36804620674429356


n: 26.142857142857142

m: 5.0

epsilon: 0.2285714285714286

Residual: 0.08588618096773522


n: 26.142857142857142

m: 5.0

epsilon: 0.3571428571428572

Residual: 0.24621285904582402


n: 26.142857142857142

m: 5.0

epsilon: 0.48571428571428577

Residual: 0.3830657213011038


n: 26.142857142857142

m: 5.0

epsilon: 0.6142857142857143

Residual: 0.47820682477171833


n: 26.142857142857142

m: 5.0

epsilon: 0.7428571428571429

Residual: 0.5469634846641305


n: 26.142857142857142

m: 5.0

epsilon: 0.8714285714285716

Residual: 0.6011854831609328


n: 26.142857142857142

m: 5.0

epsilon: 1.0000000000000002

Residual: 0.643669450139565


n: 26.142857142857142

m: 5.285714285714286

epsilon: 0.1

Residual: 0.4267161783697667


n: 26.142857142857142

m: 5.285714285714286

epsilon: 0.2285714285714286

Residual: 0.06969223956977039


n: 26.142857142857142

m: 5.285714285714286

epsilon: 0.3571428571428572

Residual: 0.17711086102019008


n: 26.142857142857142

m: 5.285714285714286

epsilon: 0.48571428571428577

Residual: 0.32300509103673836


n: 26.142857142857142

m: 5.285714285714286

epsilon: 0.6142857142857143

Residual: 0.4245280068688116


n: 26.142857142857142

m: 5.285714285714286

epsilon: 0.7428571428571429

Residual: 0.49610969346500056


n: 26.142857142857142

m: 5.285714285714286

epsilon: 0.8714285714285716

Residual: 0.5542692560442217


n: 26.142857142857142

m: 5.285714285714286

epsilon: 1.0000000000000002

Residual: 0.6002231673275448


n: 26.142857142857142

m: 5.571428571428571

epsilon: 0.1

Residual: 0.47989133211177537


n: 26.142857142857142

m: 5.571428571428571

epsilon: 0.2285714285714286

Residual: 0.10952824008821897


n: 26.142857142857142

m: 5.571428571428571

epsilon: 0.3571428571428572

Residual: 0.11282803990068771


n: 26.142857142857142

m: 5.571428571428571

epsilon: 0.48571428571428577

Residual: 0.260239753295587


n: 26.142857142857142

m: 5.571428571428571

epsilon: 0.6142857142857143

Residual: 0.3664552910421104


n: 26.142857142857142

m: 5.571428571428571

epsilon: 0.7428571428571429

Residual: 0.44564763603293983


n: 26.142857142857142

m: 5.571428571428571

epsilon: 0.8714285714285716

Residual: 0.5072966267424995


n: 26.142857142857142

m: 5.571428571428571

epsilon: 1.0000000000000002

Residual: 0.558689699208411


n: 26.142857142857142

m: 5.857142857142857

epsilon: 0.1

Residual: 0.5234345597491821


n: 26.142857142857142

m: 5.857142857142857

epsilon: 0.2285714285714286

Residual: 0.16741449249609763


n: 26.142857142857142

m: 5.857142857142857

epsilon: 0.3571428571428572

Residual: 0.05675574413591259


n: 26.142857142857142

m: 5.857142857142857

epsilon: 0.48571428571428577

Residual: 0.207466254719539


n: 26.142857142857142

m: 5.857142857142857

epsilon: 0.6142857142857143

Residual: 0.31369518029386884


n: 26.142857142857142

m: 5.857142857142857

epsilon: 0.7428571428571429

Residual: 0.39741436007443104


n: 26.142857142857142

m: 5.857142857142857

epsilon: 0.8714285714285716

Residual: 0.46206823769675365


n: 26.142857142857142

m: 5.857142857142857

epsilon: 1.0000000000000002

Residual: 0.5130946791641166


n: 26.142857142857142

m: 6.142857142857142

epsilon: 0.1

Residual: 0.5644134100740616


n: 26.142857142857142

m: 6.142857142857142

epsilon: 0.2285714285714286

Residual: 0.2230347771100478


n: 26.142857142857142

m: 6.142857142857142

epsilon: 0.3571428571428572

Residual: 0.01468589851465587


n: 26.142857142857142

m: 6.142857142857142

epsilon: 0.48571428571428577

Residual: 0.14626662417931682


n: 26.142857142857142

m: 6.142857142857142

epsilon: 0.6142857142857143

Residual: 0.26170173336521496


n: 26.142857142857142

m: 6.142857142857142

epsilon: 0.7428571428571429

Residual: 0.3489293800227057


n: 26.142857142857142

m: 6.142857142857142

epsilon: 0.8714285714285716

Residual: 0.41553130709117064


n: 26.142857142857142

m: 6.142857142857142

epsilon: 1.0000000000000002

Residual: 0.47182902228811363


n: 26.142857142857142

m: 6.428571428571429

epsilon: 0.1

Residual: 0.6008041686568112


n: 26.142857142857142

m: 6.428571428571429

epsilon: 0.2285714285714286

Residual: 0.2760308977130176


n: 26.142857142857142

m: 6.428571428571429

epsilon: 0.3571428571428572

Residual: 0.05797383867754974


n: 26.142857142857142

m: 6.428571428571429

epsilon: 0.48571428571428577

Residual: 0.09318016213200804


n: 26.142857142857142

m: 6.428571428571429

epsilon: 0.6142857142857143

Residual: 0.2054408522845697


n: 26.142857142857142

m: 6.428571428571429

epsilon: 0.7428571428571429

Residual: 0.29781298583698046


n: 26.142857142857142

m: 6.428571428571429

epsilon: 0.8714285714285716

Residual: 0.3710797560310915


n: 26.142857142857142

m: 6.428571428571429

epsilon: 1.0000000000000002

Residual: 0.4250198398433689


n: 26.142857142857142

m: 6.714285714285714

epsilon: 0.1

Residual: 0.6318220555476436


n: 26.142857142857142

m: 6.714285714285714

epsilon: 0.2285714285714286

Residual: 0.32123701297489304


n: 26.142857142857142

m: 6.714285714285714

epsilon: 0.3571428571428572

Residual: 0.10813278158967433


n: 26.142857142857142

m: 6.714285714285714

epsilon: 0.48571428571428577

Residual: 0.071454362806106


n: 26.142857142857142

m: 6.714285714285714

epsilon: 0.6142857142857143

Residual: 0.16408075521170465


n: 26.142857142857142

m: 6.714285714285714

epsilon: 0.7428571428571429

Residual: 0.25143129120072505


n: 26.142857142857142

m: 6.714285714285714

epsilon: 0.8714285714285716

Residual: 0.31993470280604486


n: 26.142857142857142

m: 6.714285714285714

epsilon: 1.0000000000000002

Residual: 0.3856331765238055


n: 26.142857142857142

m: 7.0

epsilon: 0.1

Residual: 0.6617999426861465


n: 26.142857142857142

m: 7.0

epsilon: 0.2285714285714286

Residual: 0.3602101645052781


n: 26.142857142857142

m: 7.0

epsilon: 0.3571428571428572

Residual: 0.15583199069660442


n: 26.142857142857142

m: 7.0

epsilon: 0.48571428571428577

Residual: 0.059587570278729525


n: 26.142857142857142

m: 7.0

epsilon: 0.6142857142857143

Residual: 0.13509021223508008


n: 26.142857142857142

m: 7.0

epsilon: 0.7428571428571429

Residual: 0.21066886168564522


n: 26.142857142857142

m: 7.0

epsilon: 0.8714285714285716

Residual: 0.28870109469197663


n: 26.142857142857142

m: 7.0

epsilon: 1.0000000000000002

Residual: 0.34365137446910354


n: 30.857142857142858

m: 5.0

epsilon: 0.1

Residual: 0.3981152100895181


n: 30.857142857142858

m: 5.0

epsilon: 0.2285714285714286

Residual: 0.08296314528792825


n: 30.857142857142858

m: 5.0

epsilon: 0.3571428571428572

Residual: 0.2110160560397565


n: 30.857142857142858

m: 5.0

epsilon: 0.48571428571428577

Residual: 0.35230960276235995


n: 30.857142857142858

m: 5.0

epsilon: 0.6142857142857143

Residual: 0.45130004554606806


n: 30.857142857142858

m: 5.0

epsilon: 0.7428571428571429

Residual: 0.5234266336281798


n: 30.857142857142858

m: 5.0

epsilon: 0.8714285714285716

Residual: 0.5765654522231495


n: 30.857142857142858

m: 5.0

epsilon: 1.0000000000000002

Residual: 0.6216852031895996


n: 30.857142857142858

m: 5.285714285714286

epsilon: 0.1

Residual: 0.4571285828592906


n: 30.857142857142858

m: 5.285714285714286

epsilon: 0.2285714285714286

Residual: 0.08641434218655558


n: 30.857142857142858

m: 5.285714285714286

epsilon: 0.3571428571428572

Residual: 0.14445007270364932


n: 30.857142857142858

m: 5.285714285714286

epsilon: 0.48571428571428577

Residual: 0.28929502783900696


n: 30.857142857142858

m: 5.285714285714286

epsilon: 0.6142857142857143

Residual: 0.39370204255608626


n: 30.857142857142858

m: 5.285714285714286

epsilon: 0.7428571428571429

Residual: 0.46874915342268675


n: 30.857142857142858

m: 5.285714285714286

epsilon: 0.8714285714285716

Residual: 0.5304254936290509


n: 30.857142857142858

m: 5.285714285714286

epsilon: 1.0000000000000002

Residual: 0.5767313873745176


n: 30.857142857142858

m: 5.571428571428571

epsilon: 0.1

Residual: 0.5078697139022643


n: 30.857142857142858

m: 5.571428571428571

epsilon: 0.2285714285714286

Residual: 0.14507922734262763


n: 30.857142857142858

m: 5.571428571428571

epsilon: 0.3571428571428572

Residual: 0.07648911246343669


n: 30.857142857142858

m: 5.571428571428571

epsilon: 0.48571428571428577

Residual: 0.22725067458689738


n: 30.857142857142858

m: 5.571428571428571

epsilon: 0.6142857142857143

Residual: 0.33376400157328157


n: 30.857142857142858

m: 5.571428571428571

epsilon: 0.7428571428571429

Residual: 0.417702549278552


n: 30.857142857142858

m: 5.571428571428571

epsilon: 0.8714285714285716

Residual: 0.47906282482826434


n: 30.857142857142858

m: 5.571428571428571

epsilon: 1.0000000000000002

Residual: 0.5323262639241391


n: 30.857142857142858

m: 5.857142857142857

epsilon: 0.1

Residual: 0.5530453340419689


n: 30.857142857142858

m: 5.857142857142857

epsilon: 0.2285714285714286

Residual: 0.20710900235335167


n: 30.857142857142858

m: 5.857142857142857

epsilon: 0.3571428571428572

Residual: 0.024725768446667584


n: 30.857142857142858

m: 5.857142857142857

epsilon: 0.48571428571428577

Residual: 0.16824159216552348


n: 30.857142857142858

m: 5.857142857142857

epsilon: 0.6142857142857143

Residual: 0.2817279604063765


n: 30.857142857142858

m: 5.857142857142857

epsilon: 0.7428571428571429

Residual: 0.3651110964252742


n: 30.857142857142858

m: 5.857142857142857

epsilon: 0.8714285714285716

Residual: 0.4296658595455274


n: 30.857142857142858

m: 5.857142857142857

epsilon: 1.0000000000000002

Residual: 0.48453344367766044


n: 30.857142857142858

m: 6.142857142857142

epsilon: 0.1

Residual: 0.5894461991876092


n: 30.857142857142858

m: 6.142857142857142

epsilon: 0.2285714285714286

Residual: 0.2582878993673826


n: 30.857142857142858

m: 6.142857142857142

epsilon: 0.3571428571428572

Residual: 0.0455365037886418


n: 30.857142857142858

m: 6.142857142857142

epsilon: 0.48571428571428577

Residual: 0.10917702544781267


n: 30.857142857142858

m: 6.142857142857142

epsilon: 0.6142857142857143

Residual: 0.2245699352141256


n: 30.857142857142858

m: 6.142857142857142

epsilon: 0.7428571428571429

Residual: 0.3120005170122788


n: 30.857142857142858

m: 6.142857142857142

epsilon: 0.8714285714285716

Residual: 0.38001059768915557


n: 30.857142857142858

m: 6.142857142857142

epsilon: 1.0000000000000002

Residual: 0.43797352864892436


n: 30.857142857142858

m: 6.428571428571429

epsilon: 0.1

Residual: 0.6300305425380736


n: 30.857142857142858

m: 6.428571428571429

epsilon: 0.2285714285714286

Residual: 0.311372740097804


n: 30.857142857142858

m: 6.428571428571429

epsilon: 0.3571428571428572

Residual: 0.10095800127102154


n: 30.857142857142858

m: 6.428571428571429

epsilon: 0.48571428571428577

Residual: 0.06155807629490821


n: 30.857142857142858

m: 6.428571428571429

epsilon: 0.6142857142857143

Residual: 0.17167309002194064


n: 30.857142857142858

m: 6.428571428571429

epsilon: 0.7428571428571429

Residual: 0.26162694683340837


n: 30.857142857142858

m: 6.428571428571429

epsilon: 0.8714285714285716

Residual: 0.33544338157584735


n: 30.857142857142858

m: 6.428571428571429

epsilon: 1.0000000000000002

Residual: 0.3918588351590105


n: 30.857142857142858

m: 6.714285714285714

epsilon: 0.1

Residual: 0.657455613669609


n: 30.857142857142858

m: 6.714285714285714

epsilon: 0.2285714285714286

Residual: 0.3595845572532592


n: 30.857142857142858

m: 6.714285714285714

epsilon: 0.3571428571428572

Residual: 0.14569682562347752


n: 30.857142857142858

m: 6.714285714285714

epsilon: 0.48571428571428577

Residual: 0.042330235266723


n: 30.857142857142858

m: 6.714285714285714

epsilon: 0.6142857142857143

Residual: 0.12455143051782147


n: 30.857142857142858

m: 6.714285714285714

epsilon: 0.7428571428571429

Residual: 0.21298816400021472


n: 30.857142857142858

m: 6.714285714285714

epsilon: 0.8714285714285716

Residual: 0.29019554488111854


n: 30.857142857142858

m: 6.714285714285714

epsilon: 1.0000000000000002

Residual: 0.3438883482526955


n: 30.857142857142858

m: 7.0

epsilon: 0.1

Residual: 0.6806872113400854


n: 30.857142857142858

m: 7.0

epsilon: 0.2285714285714286

Residual: 0.39823370731394164


n: 30.857142857142858

m: 7.0

epsilon: 0.3571428571428572

Residual: 0.19579061020450086


n: 30.857142857142858

m: 7.0

epsilon: 0.48571428571428577

Residual: 0.062031386841878124


n: 30.857142857142858

m: 7.0

epsilon: 0.6142857142857143

Residual: 0.0937086540342453


n: 30.857142857142858

m: 7.0

epsilon: 0.7428571428571429

Residual: 0.16902676022835514


n: 30.857142857142858

m: 7.0

epsilon: 0.8714285714285716

Residual: 0.24010794789079226


n: 30.857142857142858

m: 7.0

epsilon: 1.0000000000000002

Residual: 0.30540987841015144


n: 35.57142857142857

m: 5.0

epsilon: 0.1

Residual: 0.41955747779425445


n: 35.57142857142857

m: 5.0

epsilon: 0.2285714285714286

Residual: 0.08692443317445091


n: 35.57142857142857

m: 5.0

epsilon: 0.3571428571428572

Residual: 0.18612921908152028


n: 35.57142857142857

m: 5.0

epsilon: 0.48571428571428577

Residual: 0.3287717676460923


n: 35.57142857142857

m: 5.0

epsilon: 0.6142857142857143

Residual: 0.4285900326312155


n: 35.57142857142857

m: 5.0

epsilon: 0.7428571428571429

Residual: 0.5036948370386347


n: 35.57142857142857

m: 5.0

epsilon: 0.8714285714285716

Residual: 0.56040540699428


n: 35.57142857142857

m: 5.0

epsilon: 1.0000000000000002

Residual: 0.6064749117434649


n: 35.57142857142857

m: 5.285714285714286

epsilon: 0.1

Residual: 0.4798747811085939


n: 35.57142857142857

m: 5.285714285714286

epsilon: 0.2285714285714286

Residual: 0.10990529082746905


n: 35.57142857142857

m: 5.285714285714286

epsilon: 0.3571428571428572

Residual: 0.11517864588006409


n: 35.57142857142857

m: 5.285714285714286

epsilon: 0.48571428571428577

Residual: 0.26072717759799924


n: 35.57142857142857

m: 5.285714285714286

epsilon: 0.6142857142857143

Residual: 0.3667705068122242


n: 35.57142857142857

m: 5.285714285714286

epsilon: 0.7428571428571429

Residual: 0.4470095630457235


n: 35.57142857142857

m: 5.285714285714286

epsilon: 0.8714285714285716

Residual: 0.5058106018136515


n: 35.57142857142857

m: 5.285714285714286

epsilon: 1.0000000000000002

Residual: 0.5595346288651917


n: 35.57142857142857

m: 5.571428571428571

epsilon: 0.1

Residual: 0.5279502906915339


n: 35.57142857142857

m: 5.571428571428571

epsilon: 0.2285714285714286

Residual: 0.17278176281228957


n: 35.57142857142857

m: 5.571428571428571

epsilon: 0.3571428571428572

Residual: 0.05234738142869356


n: 35.57142857142857

m: 5.571428571428571

epsilon: 0.48571428571428577

Residual: 0.20053409927047275


n: 35.57142857142857

m: 5.571428571428571

epsilon: 0.6142857142857143

Residual: 0.30396581949073687


n: 35.57142857142857

m: 5.571428571428571

epsilon: 0.7428571428571429

Residual: 0.3942893230156782


n: 35.57142857142857

m: 5.571428571428571

epsilon: 0.8714285714285716

Residual: 0.45713614429417476


n: 35.57142857142857

m: 5.571428571428571

epsilon: 1.0000000000000002

Residual: 0.5090805184647719


n: 35.57142857142857

m: 5.857142857142857

epsilon: 0.1

Residual: 0.5743407090048207


n: 35.57142857142857

m: 5.857142857142857

epsilon: 0.2285714285714286

Residual: 0.23864389396215127


n: 35.57142857142857

m: 5.857142857142857

epsilon: 0.3571428571428572

Residual: 0.021962226687689088


n: 35.57142857142857

m: 5.857142857142857

epsilon: 0.48571428571428577

Residual: 0.13908418928629568


n: 35.57142857142857

m: 5.857142857142857

epsilon: 0.6142857142857143

Residual: 0.24774028999428946


n: 35.57142857142857

m: 5.857142857142857

epsilon: 0.7428571428571429

Residual: 0.3349412053226275


n: 35.57142857142857

m: 5.857142857142857

epsilon: 0.8714285714285716

Residual: 0.40489569356228283


n: 35.57142857142857

m: 5.857142857142857

epsilon: 1.0000000000000002

Residual: 0.4572500797774088


n: 35.57142857142857

m: 6.142857142857142

epsilon: 0.1

Residual: 0.6142937374021185


n: 35.57142857142857

m: 6.142857142857142

epsilon: 0.2285714285714286

Residual: 0.2902369252694216


n: 35.57142857142857

m: 6.142857142857142

epsilon: 0.3571428571428572

Residual: 0.07306166102689722


n: 35.57142857142857

m: 6.142857142857142

epsilon: 0.48571428571428577

Residual: 0.08130057582442111


n: 35.57142857142857

m: 6.142857142857142

epsilon: 0.6142857142857143

Residual: 0.1936651054867279


n: 35.57142857142857

m: 6.142857142857142

epsilon: 0.7428571428571429

Residual: 0.2807033611970031


n: 35.57142857142857

m: 6.142857142857142

epsilon: 0.8714285714285716

Residual: 0.35388575116486193


n: 35.57142857142857

m: 6.142857142857142

epsilon: 1.0000000000000002

Residual: 0.4139382442924008


n: 35.57142857142857

m: 6.428571428571429

epsilon: 0.1

Residual: 0.6467190574413904


n: 35.57142857142857

m: 6.428571428571429

epsilon: 0.2285714285714286

Residual: 0.339637692352754


n: 35.57142857142857

m: 6.428571428571429

epsilon: 0.3571428571428572

Residual: 0.13328811461878756


n: 35.57142857142857

m: 6.428571428571429

epsilon: 0.48571428571428577

Residual: 0.04079828318487925


n: 35.57142857142857

m: 6.428571428571429

epsilon: 0.6142857142857143

Residual: 0.14195624831089057


n: 35.57142857142857

m: 6.428571428571429

epsilon: 0.7428571428571429

Residual: 0.22728454860894973


n: 35.57142857142857

m: 6.428571428571429

epsilon: 0.8714285714285716

Residual: 0.30741151813897993


n: 35.57142857142857

m: 6.428571428571429

epsilon: 1.0000000000000002

Residual: 0.3686955178392295


n: 35.57142857142857

m: 6.714285714285714

epsilon: 0.1

Residual: 0.6748745312460618


n: 35.57142857142857

m: 6.714285714285714

epsilon: 0.2285714285714286

Residual: 0.3870114570087621


n: 35.57142857142857

m: 6.714285714285714

epsilon: 0.3571428571428572

Residual: 0.18517064633705949


n: 35.57142857142857

m: 6.714285714285714

epsilon: 0.48571428571428577

Residual: 0.04922187774384512


n: 35.57142857142857

m: 6.714285714285714

epsilon: 0.6142857142857143

Residual: 0.09394258486983098


n: 35.57142857142857

m: 6.714285714285714

epsilon: 0.7428571428571429

Residual: 0.18390223438069614


n: 35.57142857142857

m: 6.714285714285714

epsilon: 0.8714285714285716

Residual: 0.2584745255751191


n: 35.57142857142857

m: 6.714285714285714

epsilon: 1.0000000000000002

Residual: 0.3234633800901108


n: 35.57142857142857

m: 7.0

epsilon: 0.1

Residual: 0.7016176513041128


n: 35.57142857142857

m: 7.0

epsilon: 0.2285714285714286

Residual: 0.4276890876780189


n: 35.57142857142857

m: 7.0

epsilon: 0.3571428571428572

Residual: 0.23332004040414125


n: 35.57142857142857

m: 7.0

epsilon: 0.48571428571428577

Residual: 0.08230939113167947


n: 35.57142857142857

m: 7.0

epsilon: 0.6142857142857143

Residual: 0.07597340086729353


n: 35.57142857142857

m: 7.0

epsilon: 0.7428571428571429

Residual: 0.13622583950493652


n: 35.57142857142857

m: 7.0

epsilon: 0.8714285714285716

Residual: 0.20989968631528605


n: 35.57142857142857

m: 7.0

epsilon: 1.0000000000000002

Residual: 0.2710751337486444


n: 40.285714285714285

m: 5.0

epsilon: 0.1

Residual: 0.4388621444626574


n: 40.285714285714285

m: 5.0

epsilon: 0.2285714285714286

Residual: 0.0931044434004664


n: 40.285714285714285

m: 5.0

epsilon: 0.3571428571428572

Residual: 0.16545925076271367


n: 40.285714285714285

m: 5.0

epsilon: 0.48571428571428577

Residual: 0.31035608881825544


n: 40.285714285714285

m: 5.0

epsilon: 0.6142857142857143

Residual: 0.4155113951357978


n: 40.285714285714285

m: 5.0

epsilon: 0.7428571428571429

Residual: 0.4870742824034986


n: 40.285714285714285

m: 5.0

epsilon: 0.8714285714285716

Residual: 0.5458927793978807


n: 40.285714285714285

m: 5.0

epsilon: 1.0000000000000002

Residual: 0.5922302735543733


n: 40.285714285714285

m: 5.285714285714286

epsilon: 0.1

Residual: 0.4943185725452105


n: 40.285714285714285

m: 5.285714285714286

epsilon: 0.2285714285714286

Residual: 0.13087590450551675


n: 40.285714285714285

m: 5.285714285714286

epsilon: 0.3571428571428572

Residual: 0.09185731210556236


n: 40.285714285714285

m: 5.285714285714286

epsilon: 0.48571428571428577

Residual: 0.23981901470979425


n: 40.285714285714285

m: 5.285714285714286

epsilon: 0.6142857142857143

Residual: 0.3492197144763478


n: 40.285714285714285

m: 5.285714285714286

epsilon: 0.7428571428571429

Residual: 0.42756665836219704


n: 40.285714285714285

m: 5.285714285714286

epsilon: 0.8714285714285716

Residual: 0.4898368404731227


n: 40.285714285714285

m: 5.285714285714286

epsilon: 1.0000000000000002

Residual: 0.5404266826976118


n: 40.285714285714285

m: 5.571428571428571

epsilon: 0.1

Residual: 0.5433241886723336


n: 40.285714285714285

m: 5.571428571428571

epsilon: 0.2285714285714286

Residual: 0.19324552413847543


n: 40.285714285714285

m: 5.571428571428571

epsilon: 0.3571428571428572

Residual: 0.041598922333079456


n: 40.285714285714285

m: 5.571428571428571

epsilon: 0.48571428571428577

Residual: 0.17845902468688385


n: 40.285714285714285

m: 5.571428571428571

epsilon: 0.6142857142857143

Residual: 0.28423771839469847


n: 40.285714285714285

m: 5.571428571428571

epsilon: 0.7428571428571429

Residual: 0.3742912141253718


n: 40.285714285714285

m: 5.571428571428571

epsilon: 0.8714285714285716

Residual: 0.4381971845581445


n: 40.285714285714285

m: 5.571428571428571

epsilon: 1.0000000000000002

Residual: 0.49259545781958813


n: 40.285714285714285

m: 5.857142857142857

epsilon: 0.1

Residual: 0.5876985651719486


n: 40.285714285714285

m: 5.857142857142857

epsilon: 0.2285714285714286

Residual: 0.25920037548852404


n: 40.285714285714285

m: 5.857142857142857

epsilon: 0.3571428571428572

Residual: 0.04225887087571904


n: 40.285714285714285

m: 5.857142857142857

epsilon: 0.48571428571428577

Residual: 0.11348335767393548


n: 40.285714285714285

m: 5.857142857142857

epsilon: 0.6142857142857143

Residual: 0.22833774970319273


n: 40.285714285714285

m: 5.857142857142857

epsilon: 0.7428571428571429

Residual: 0.3151946632365622


n: 40.285714285714285

m: 5.857142857142857

epsilon: 0.8714285714285716

Residual: 0.3833978126356259


n: 40.285714285714285

m: 5.857142857142857

epsilon: 1.0000000000000002

Residual: 0.4413710381442067


n: 40.285714285714285

m: 6.142857142857142

epsilon: 0.1

Residual: 0.6265025292641604


n: 40.285714285714285

m: 6.142857142857142

epsilon: 0.2285714285714286

Residual: 0.3153647398221827


n: 40.285714285714285

m: 6.142857142857142

epsilon: 0.3571428571428572

Residual: 0.0983888078715071


n: 40.285714285714285

m: 6.142857142857142

epsilon: 0.48571428571428577

Residual: 0.04856476976639657


n: 40.285714285714285

m: 6.142857142857142

epsilon: 0.6142857142857143

Residual: 0.17186218529472722


n: 40.285714285714285

m: 6.142857142857142

epsilon: 0.7428571428571429

Residual: 0.25885495670333275


n: 40.285714285714285

m: 6.142857142857142

epsilon: 0.8714285714285716

Residual: 0.3293444444215868


n: 40.285714285714285

m: 6.142857142857142

epsilon: 1.0000000000000002

Residual: 0.3884282892503988


n: 40.285714285714285

m: 6.428571428571429

epsilon: 0.1

Residual: 0.6612812681901015


n: 40.285714285714285

m: 6.428571428571429

epsilon: 0.2285714285714286

Residual: 0.3629843422458684


n: 40.285714285714285

m: 6.428571428571429

epsilon: 0.3571428571428572

Residual: 0.15333234341009172


n: 40.285714285714285

m: 6.428571428571429

epsilon: 0.48571428571428577

Residual: 0.024938269023299483


n: 40.285714285714285

m: 6.428571428571429

epsilon: 0.6142857142857143

Residual: 0.11148439500066376


n: 40.285714285714285

m: 6.428571428571429

epsilon: 0.7428571428571429

Residual: 0.20556418182943267


n: 40.285714285714285

m: 6.428571428571429

epsilon: 0.8714285714285716

Residual: 0.2813322006050189


n: 40.285714285714285

m: 6.428571428571429

epsilon: 1.0000000000000002

Residual: 0.3433380931397795


n: 40.285714285714285

m: 6.714285714285714

epsilon: 0.1

Residual: 0.6897228045661453


n: 40.285714285714285

m: 6.714285714285714

epsilon: 0.2285714285714286

Residual: 0.40878439578045067


n: 40.285714285714285

m: 6.714285714285714

epsilon: 0.3571428571428572

Residual: 0.21020576637765795


n: 40.285714285714285

m: 6.714285714285714

epsilon: 0.48571428571428577

Residual: 0.05598521476137276


n: 40.285714285714285

m: 6.714285714285714

epsilon: 0.6142857142857143

Residual: 0.07768762616056701


n: 40.285714285714285

m: 6.714285714285714

epsilon: 0.7428571428571429

Residual: 0.15928288990685477


n: 40.285714285714285

m: 6.714285714285714

epsilon: 0.8714285714285716

Residual: 0.22713618894778684


n: 40.285714285714285

m: 6.714285714285714

epsilon: 1.0000000000000002

Residual: 0.2964454307307295


n: 40.285714285714285

m: 7.0

epsilon: 0.1

Residual: 0.7110914551739494


n: 40.285714285714285

m: 7.0

epsilon: 0.2285714285714286

Residual: 0.4456575553847477


n: 40.285714285714285

m: 7.0

epsilon: 0.3571428571428572

Residual: 0.26127057092486866


n: 40.285714285714285

m: 7.0

epsilon: 0.48571428571428577

Residual: 0.10702018315397442


n: 40.285714285714285

m: 7.0

epsilon: 0.6142857142857143

Residual: 0.07001974812883778


n: 40.285714285714285

m: 7.0

epsilon: 0.7428571428571429

Residual: 0.12100476101751767


n: 40.285714285714285

m: 7.0

epsilon: 0.8714285714285716

Residual: 0.1844058224278975


n: 40.285714285714285

m: 7.0

epsilon: 1.0000000000000002

Residual: 0.24864060820189893


n: 45.0

m: 5.0

epsilon: 0.1

Residual: 0.4532412929726804


n: 45.0

m: 5.0

epsilon: 0.2285714285714286

Residual: 0.1003934978345474


n: 45.0

m: 5.0

epsilon: 0.3571428571428572

Residual: 0.14751032138050718


n: 45.0

m: 5.0

epsilon: 0.48571428571428577

Residual: 0.2937758914176206


n: 45.0

m: 5.0

epsilon: 0.6142857142857143

Residual: 0.3955581281404503


n: 45.0

m: 5.0

epsilon: 0.7428571428571429

Residual: 0.47324095081337453


n: 45.0

m: 5.0

epsilon: 0.8714285714285716

Residual: 0.5342181806519148


n: 45.0

m: 5.0

epsilon: 1.0000000000000002

Residual: 0.5817020347372893


n: 45.0

m: 5.285714285714286

epsilon: 0.1

Residual: 0.5093880381606111


n: 45.0

m: 5.285714285714286

epsilon: 0.2285714285714286

Residual: 0.14742746245324295


n: 45.0

m: 5.285714285714286

epsilon: 0.3571428571428572

Residual: 0.08051104299547368


n: 45.0

m: 5.285714285714286

epsilon: 0.48571428571428577

Residual: 0.22562009874909159


n: 45.0

m: 5.285714285714286

epsilon: 0.6142857142857143

Residual: 0.3336927167666417


n: 45.0

m: 5.285714285714286

epsilon: 0.7428571428571429

Residual: 0.4155125656124212


n: 45.0

m: 5.285714285714286

epsilon: 0.8714285714285716

Residual: 0.4780914931730186


n: 45.0

m: 5.285714285714286

epsilon: 1.0000000000000002

Residual: 0.5309077812973338


n: 45.0

m: 5.571428571428571

epsilon: 0.1

Residual: 0.5578218230020006


n: 45.0

m: 5.571428571428571

epsilon: 0.2285714285714286

Residual: 0.2130414861288571


n: 45.0

m: 5.571428571428571

epsilon: 0.3571428571428572

Residual: 0.03416736641630073


n: 45.0

m: 5.571428571428571

epsilon: 0.48571428571428577

Residual: 0.15953605850801256


n: 45.0

m: 5.571428571428571

epsilon: 0.6142857142857143

Residual: 0.26800402206840773


n: 45.0

m: 5.571428571428571

epsilon: 0.7428571428571429

Residual: 0.3545887994119654


n: 45.0

m: 5.571428571428571

epsilon: 0.8714285714285716

Residual: 0.4201312302969834


n: 45.0

m: 5.571428571428571

epsilon: 1.0000000000000002

Residual: 0.47779985183078666


n: 45.0

m: 5.857142857142857

epsilon: 0.1

Residual: 0.6007530069982955


n: 45.0

m: 5.857142857142857

epsilon: 0.2285714285714286

Residual: 0.27556989055750203


n: 45.0

m: 5.857142857142857

epsilon: 0.3571428571428572

Residual: 0.06132391967259757


n: 45.0

m: 5.857142857142857

epsilon: 0.48571428571428577

Residual: 0.09650043397768797


n: 45.0

m: 5.857142857142857

epsilon: 0.6142857142857143

Residual: 0.2077863104226341


n: 45.0

m: 5.857142857142857

epsilon: 0.7428571428571429

Residual: 0.29936913800682374


n: 45.0

m: 5.857142857142857

epsilon: 0.8714285714285716

Residual: 0.3700644833456681


n: 45.0

m: 5.857142857142857

epsilon: 1.0000000000000002

Residual: 0.4261813356635648


n: 45.0

m: 6.142857142857142

epsilon: 0.1

Residual: 0.638654018936895


n: 45.0

m: 6.142857142857142

epsilon: 0.2285714285714286

Residual: 0.32798402773190005


n: 45.0

m: 6.142857142857142

epsilon: 0.3571428571428572

Residual: 0.1214490306660946


n: 45.0

m: 6.142857142857142

epsilon: 0.48571428571428577

Residual: 0.03700710332364725


n: 45.0

m: 6.142857142857142

epsilon: 0.6142857142857143

Residual: 0.1479347154963441


n: 45.0

m: 6.142857142857142

epsilon: 0.7428571428571429

Residual: 0.24178625440267165


n: 45.0

m: 6.142857142857142

epsilon: 0.8714285714285716

Residual: 0.31702182659519335


n: 45.0

m: 6.142857142857142

epsilon: 1.0000000000000002

Residual: 0.37345974753220684


n: 45.0

m: 6.428571428571429

epsilon: 0.1

Residual: 0.6723039419799315


n: 45.0

m: 6.428571428571429

epsilon: 0.2285714285714286

Residual: 0.37719300554037033


n: 45.0

m: 6.428571428571429

epsilon: 0.3571428571428572

Residual: 0.1795224142977351


n: 45.0

m: 6.428571428571429

epsilon: 0.48571428571428577

Residual: 0.02972722721788626


n: 45.0

m: 6.428571428571429

epsilon: 0.6142857142857143

Residual: 0.09270558462684383


n: 45.0

m: 6.428571428571429

epsilon: 0.7428571428571429

Residual: 0.19245104366758925


n: 45.0

m: 6.428571428571429

epsilon: 0.8714285714285716

Residual: 0.2627451868481874


n: 45.0

m: 6.428571428571429

epsilon: 1.0000000000000002

Residual: 0.32765185919380857


n: 45.0

m: 6.714285714285714

epsilon: 0.1

Residual: 0.7000301065436865


n: 45.0

m: 6.714285714285714

epsilon: 0.2285714285714286

Residual: 0.4250712448921495


n: 45.0

m: 6.714285714285714

epsilon: 0.3571428571428572

Residual: 0.22831249048501498


n: 45.0

m: 6.714285714285714

epsilon: 0.48571428571428577

Residual: 0.07971137046336885


n: 45.0

m: 6.714285714285714

epsilon: 0.6142857142857143

Residual: 0.06681350565374816


n: 45.0

m: 6.714285714285714

epsilon: 0.7428571428571429

Residual: 0.14024205734017905


n: 45.0

m: 6.714285714285714

epsilon: 0.8714285714285716

Residual: 0.20913687920232513


n: 45.0

m: 6.714285714285714

epsilon: 1.0000000000000002

Residual: 0.28183985834864694


n: 45.0

m: 7.0

epsilon: 0.1

Residual: 0.7243290822940917


n: 45.0

m: 7.0

epsilon: 0.2285714285714286

Residual: 0.4658849803764937


n: 45.0

m: 7.0

epsilon: 0.3571428571428572

Residual: 0.2740941689811537


n: 45.0

m: 7.0

epsilon: 0.48571428571428577

Residual: 0.1270590461194612


n: 45.0

m: 7.0

epsilon: 0.6142857142857143

Residual: 0.06665966313162612


n: 45.0

m: 7.0

epsilon: 0.7428571428571429

Residual: 0.1054296676644297


n: 45.0

m: 7.0

epsilon: 0.8714285714285716

Residual: 0.17048465160919693


n: 45.0

m: 7.0

epsilon: 1.0000000000000002

Residual: 0.22933279855350475


