epsilon: 0.1

m: 5.0

n: 12.0

Residual: 0.19605984496991255


epsilon: 0.1

m: 5.0

n: 12.0

Residual: 0.19669659389194813


epsilon: 0.1

m: 5.0

n: 16.714285714285715

Residual: 0.28445211459560765


epsilon: 0.1

m: 5.0

n: 21.42857142857143

Residual: 0.34884446916869155


epsilon: 0.1

m: 5.0

n: 26.142857142857142

Residual: 0.3896105354356484


epsilon: 0.1

m: 5.0

n: 30.857142857142858

Residual: 0.4212617012890132


epsilon: 0.1

m: 5.0

n: 35.57142857142857

Residual: 0.4425425796253691


epsilon: 0.1

m: 5.0

n: 40.285714285714285

Residual: 0.45802447031704735


epsilon: 0.1

m: 5.0

n: 45.0

Residual: 0.47015892120927827


epsilon: 0.1

m: 5.285714285714286

n: 12.0

Residual: 0.22965200108873202


epsilon: 0.1

m: 5.285714285714286

n: 16.714285714285715

Residual: 0.34215459858197367


epsilon: 0.1

m: 5.285714285714286

n: 21.42857142857143

Residual: 0.40608609947222085


epsilon: 0.1

m: 5.285714285714286

n: 26.142857142857142

Residual: 0.44867088504943176


epsilon: 0.1

m: 5.285714285714286

n: 30.857142857142858

Residual: 0.47351695091572266


epsilon: 0.1

m: 5.285714285714286

n: 35.57142857142857

Residual: 0.49730861132513204


epsilon: 0.1

m: 5.285714285714286

n: 40.285714285714285

Residual: 0.5128716179026888


epsilon: 0.1

m: 5.285714285714286

n: 45.0

Residual: 0.5263095291744925


epsilon: 0.1

m: 5.571428571428571

n: 12.0

Residual: 0.27843957935516456


epsilon: 0.1

m: 5.571428571428571

n: 16.714285714285715

Residual: 0.3907384312521384


epsilon: 0.1

m: 5.571428571428571

n: 21.42857142857143

Residual: 0.45417101433291474


epsilon: 0.1

m: 5.571428571428571

n: 26.142857142857142

Residual: 0.4980558939800101


epsilon: 0.1

m: 5.571428571428571

n: 30.857142857142858

Residual: 0.5234300225154167


epsilon: 0.1

m: 5.571428571428571

n: 35.57142857142857

Residual: 0.5459630306012966


epsilon: 0.1

m: 5.571428571428571

n: 40.285714285714285

Residual: 0.5608791173749098


epsilon: 0.1

m: 5.571428571428571

n: 45.0

Residual: 0.5729757530936029


epsilon: 0.1

m: 5.857142857142857

n: 12.0

Residual: 0.32301531232066183


epsilon: 0.1

m: 5.857142857142857

n: 16.714285714285715

Residual: 0.43516988084010827


epsilon: 0.1

m: 5.857142857142857

n: 21.42857142857143

Residual: 0.49906411083202823


epsilon: 0.1

m: 5.857142857142857

n: 26.142857142857142

Residual: 0.5394641137860517


epsilon: 0.1

m: 5.857142857142857

n: 30.857142857142858

Residual: 0.5610789796852927


epsilon: 0.1

m: 5.857142857142857

n: 35.57142857142857

Residual: 0.5883031487451453


epsilon: 0.1

m: 5.857142857142857

n: 40.285714285714285

Residual: 0.5990669446290869


epsilon: 0.1

m: 5.857142857142857

n: 45.0

Residual: 0.6124167903956248


epsilon: 0.1

m: 6.142857142857142

n: 12.0

Residual: 0.36404582742004965


epsilon: 0.1

m: 6.142857142857142

n: 16.714285714285715

Residual: 0.47785802354242385


epsilon: 0.1

m: 6.142857142857142

n: 21.42857142857143

Residual: 0.5373407145069797


epsilon: 0.1

m: 6.142857142857142

n: 26.142857142857142

Residual: 0.5738455484643779


epsilon: 0.1

m: 6.142857142857142

n: 30.857142857142858

Residual: 0.6036933208058475


epsilon: 0.1

m: 6.142857142857142

n: 35.57142857142857

Residual: 0.6257873505543966


epsilon: 0.1

m: 6.142857142857142

n: 40.285714285714285

Residual: 0.6370987523802027


epsilon: 0.1

m: 6.142857142857142

n: 45.0

Residual: 0.6513108099428102


epsilon: 0.1

m: 6.428571428571429

n: 12.0

Residual: 0.40369727009550455


epsilon: 0.1

m: 6.428571428571429

n: 16.714285714285715

Residual: 0.51416855489537


epsilon: 0.1

m: 6.428571428571429

n: 21.42857142857143

Residual: 0.5736314825124303


epsilon: 0.1

m: 6.428571428571429

n: 26.142857142857142

Residual: 0.6077296593930346


epsilon: 0.1

m: 6.428571428571429

n: 30.857142857142858

Residual: 0.6372242478939716


epsilon: 0.1

m: 6.428571428571429

n: 35.57142857142857

Residual: 0.6549696017355507


epsilon: 0.1

m: 6.428571428571429

n: 40.285714285714285

Residual: 0.6692119255772898


epsilon: 0.1

m: 6.428571428571429

n: 45.0

Residual: 0.681341588113191


epsilon: 0.1

m: 6.714285714285714

n: 12.0

Residual: 0.4341274556658375


epsilon: 0.1

m: 6.714285714285714

n: 16.714285714285715

Residual: 0.5471885330220183


epsilon: 0.1

m: 6.714285714285714

n: 21.42857142857143

Residual: 0.6024595793081416


epsilon: 0.1

m: 6.714285714285714

n: 26.142857142857142

Residual: 0.6400264310756688


epsilon: 0.1

m: 6.714285714285714

n: 30.857142857142858

Residual: 0.6637410042918916


epsilon: 0.1

m: 6.714285714285714

n: 35.57142857142857

Residual: 0.6798878267681563


epsilon: 0.1

m: 6.714285714285714

n: 40.285714285714285

Residual: 0.6922040388413861


epsilon: 0.1

m: 6.714285714285714

n: 45.0

Residual: 0.7085638175208765


epsilon: 0.1

m: 7.0

n: 12.0

Residual: 0.4660977845704316


epsilon: 0.1

m: 7.0

n: 16.714285714285715

Residual: 0.5711497788097092


epsilon: 0.1

m: 7.0

n: 21.42857142857143

Residual: 0.6296116466810049


epsilon: 0.1

m: 7.0

n: 26.142857142857142

Residual: 0.6634370069796043


epsilon: 0.1

m: 7.0

n: 30.857142857142858

Residual: 0.6942044421697918


epsilon: 0.1

m: 7.0

n: 35.57142857142857

Residual: 0.7074935704754247


epsilon: 0.1

m: 7.0

n: 40.285714285714285

Residual: 0.7152465869890274


epsilon: 0.1

m: 7.0

n: 45.0

Residual: 0.7301279516094351


epsilon: 0.2285714285714286

m: 5.0

n: 12.0

Residual: 0.23846894578213562


epsilon: 0.2285714285714286

m: 5.0

n: 16.714285714285715

Residual: 0.15447931050837058


epsilon: 0.2285714285714286

m: 5.0

n: 21.42857142857143

Residual: 0.1192356020740559


epsilon: 0.2285714285714286

m: 5.0

n: 26.142857142857142

Residual: 0.11100658760776345


epsilon: 0.2285714285714286

m: 5.0

n: 30.857142857142858

Residual: 0.11347334642315901


epsilon: 0.2285714285714286

m: 5.0

n: 35.57142857142857

Residual: 0.11892230685233177


epsilon: 0.2285714285714286

m: 5.0

n: 40.285714285714285

Residual: 0.12627508485290073


epsilon: 0.2285714285714286

m: 5.0

n: 45.0

Residual: 0.1371970177661552


epsilon: 0.2285714285714286

m: 5.285714285714286

n: 12.0

Residual: 0.19242708203633513


epsilon: 0.2285714285714286

m: 5.285714285714286

n: 16.714285714285715

Residual: 0.11723146417733112


epsilon: 0.2285714285714286

m: 5.285714285714286

n: 21.42857142857143

Residual: 0.09651929711173761


epsilon: 0.2285714285714286

m: 5.285714285714286

n: 26.142857142857142

Residual: 0.10698844573517628


epsilon: 0.2285714285714286

m: 5.285714285714286

n: 30.857142857142858

Residual: 0.1252159581004035


epsilon: 0.2285714285714286

m: 5.285714285714286

n: 35.57142857142857

Residual: 0.13814603939388154


epsilon: 0.2285714285714286

m: 5.285714285714286

n: 40.285714285714285

Residual: 0.15595927150694325


epsilon: 0.2285714285714286

m: 5.285714285714286

n: 45.0

Residual: 0.1676489718742854


epsilon: 0.2285714285714286

m: 5.571428571428571

n: 12.0

Residual: 0.15256458004825002


epsilon: 0.2285714285714286

m: 5.571428571428571

n: 16.714285714285715

Residual: 0.09076719773462359


epsilon: 0.2285714285714286

m: 5.571428571428571

n: 21.42857142857143

Residual: 0.09632211370045318


epsilon: 0.2285714285714286

m: 5.571428571428571

n: 26.142857142857142

Residual: 0.12850488183471187


epsilon: 0.2285714285714286

m: 5.571428571428571

n: 30.857142857142858

Residual: 0.1672722188817263


epsilon: 0.2285714285714286

m: 5.571428571428571

n: 35.57142857142857

Residual: 0.1943084819645343


epsilon: 0.2285714285714286

m: 5.571428571428571

n: 40.285714285714285

Residual: 0.21251909962282714


epsilon: 0.2285714285714286

m: 5.571428571428571

n: 45.0

Residual: 0.2338492874263988


epsilon: 0.2285714285714286

m: 5.857142857142857

n: 12.0

Residual: 0.11611112883983964


epsilon: 0.2285714285714286

m: 5.857142857142857

n: 16.714285714285715

Residual: 0.07973124902205775


epsilon: 0.2285714285714286

m: 5.857142857142857

n: 21.42857142857143

Residual: 0.13305281985384634


epsilon: 0.2285714285714286

m: 5.857142857142857

n: 26.142857142857142

Residual: 0.18390492470427086


epsilon: 0.2285714285714286

m: 5.857142857142857

n: 30.857142857142858

Residual: 0.22713971978636185


epsilon: 0.2285714285714286

m: 5.857142857142857

n: 35.57142857142857

Residual: 0.25452705762232136


epsilon: 0.2285714285714286

m: 5.857142857142857

n: 40.285714285714285

Residual: 0.2722409845428962


epsilon: 0.2285714285714286

m: 5.857142857142857

n: 45.0

Residual: 0.28463219940994955


epsilon: 0.2285714285714286

m: 6.142857142857142

n: 12.0

Residual: 0.09111978046976876


epsilon: 0.2285714285714286

m: 6.142857142857142

n: 16.714285714285715

Residual: 0.1049711188283245


epsilon: 0.2285714285714286

m: 6.142857142857142

n: 21.42857142857143

Residual: 0.1866762600886197


epsilon: 0.2285714285714286

m: 6.142857142857142

n: 26.142857142857142

Residual: 0.2384744572995533


epsilon: 0.2285714285714286

m: 6.142857142857142

n: 30.857142857142858

Residual: 0.27689037771364816


epsilon: 0.2285714285714286

m: 6.142857142857142

n: 35.57142857142857

Residual: 0.30276748859274016


epsilon: 0.2285714285714286

m: 6.142857142857142

n: 40.285714285714285

Residual: 0.32360558462467254


epsilon: 0.2285714285714286

m: 6.142857142857142

n: 45.0

Residual: 0.34402797618252146


epsilon: 0.2285714285714286

m: 6.428571428571429

n: 12.0

Residual: 0.0695310112076257


epsilon: 0.2285714285714286

m: 6.428571428571429

n: 16.714285714285715

Residual: 0.15247462540863943


epsilon: 0.2285714285714286

m: 6.428571428571429

n: 21.42857142857143

Residual: 0.2329434977745094


epsilon: 0.2285714285714286

m: 6.428571428571429

n: 26.142857142857142

Residual: 0.28597891431700645


epsilon: 0.2285714285714286

m: 6.428571428571429

n: 30.857142857142858

Residual: 0.32147566725221605


epsilon: 0.2285714285714286

m: 6.428571428571429

n: 35.57142857142857

Residual: 0.3513157992477159


epsilon: 0.2285714285714286

m: 6.428571428571429

n: 40.285714285714285

Residual: 0.3675995806277593


epsilon: 0.2285714285714286

m: 6.428571428571429

n: 45.0

Residual: 0.3949785644487533


epsilon: 0.2285714285714286

m: 6.714285714285714

n: 12.0

Residual: 0.06037235829841461


epsilon: 0.2285714285714286

m: 6.714285714285714

n: 16.714285714285715

Residual: 0.18966769859594426


epsilon: 0.2285714285714286

m: 6.714285714285714

n: 21.42857142857143

Residual: 0.27660441551555376


epsilon: 0.2285714285714286

m: 6.714285714285714

n: 26.142857142857142

Residual: 0.32691290395424166


epsilon: 0.2285714285714286

m: 6.714285714285714

n: 30.857142857142858

Residual: 0.3708380304484136


epsilon: 0.2285714285714286

m: 6.714285714285714

n: 35.57142857142857

Residual: 0.3981596021771256


epsilon: 0.2285714285714286

m: 6.714285714285714

n: 40.285714285714285

Residual: 0.41780696941402845


epsilon: 0.2285714285714286

m: 6.714285714285714

n: 45.0

Residual: 0.437978404734949


epsilon: 0.2285714285714286

m: 7.0

n: 12.0

Residual: 0.09197986621505835


epsilon: 0.2285714285714286

m: 7.0

n: 16.714285714285715

Residual: 0.23100445795469435


epsilon: 0.2285714285714286

m: 7.0

n: 21.42857142857143

Residual: 0.3175646821095662


epsilon: 0.2285714285714286

m: 7.0

n: 26.142857142857142

Residual: 0.3680065647884117


epsilon: 0.2285714285714286

m: 7.0

n: 30.857142857142858

Residual: 0.40223473377641583


epsilon: 0.2285714285714286

m: 7.0

n: 35.57142857142857

Residual: 0.4303378629499589


epsilon: 0.2285714285714286

m: 7.0

n: 40.285714285714285

Residual: 0.4575514817878301


epsilon: 0.2285714285714286

m: 7.0

n: 45.0

Residual: 0.47635775270435676


epsilon: 0.3571428571428572

m: 5.0

n: 12.0

Residual: 0.4322131948169031


epsilon: 0.3571428571428572

m: 5.0

n: 16.714285714285715

Residual: 0.3285527595179277


epsilon: 0.3571428571428572

m: 5.0

n: 21.42857142857143

Residual: 0.26598798606656876


epsilon: 0.3571428571428572

m: 5.0

n: 26.142857142857142

Residual: 0.21543636815862036


epsilon: 0.3571428571428572

m: 5.0

n: 30.857142857142858

Residual: 0.18610168160351515


epsilon: 0.3571428571428572

m: 5.0

n: 35.57142857142857

Residual: 0.16319486324294077


epsilon: 0.3571428571428572

m: 5.0

n: 40.285714285714285

Residual: 0.14565330668852394


epsilon: 0.3571428571428572

m: 5.0

n: 45.0

Residual: 0.1347699002527711


epsilon: 0.3571428571428572

m: 5.285714285714286

n: 12.0

Residual: 0.38288629736622865


epsilon: 0.3571428571428572

m: 5.285714285714286

n: 16.714285714285715

Residual: 0.273999744471157


epsilon: 0.3571428571428572

m: 5.285714285714286

n: 21.42857142857143

Residual: 0.20256282240454374


epsilon: 0.3571428571428572

m: 5.285714285714286

n: 26.142857142857142

Residual: 0.15228981172947453


epsilon: 0.3571428571428572

m: 5.285714285714286

n: 30.857142857142858

Residual: 0.12390005281303842


epsilon: 0.3571428571428572

m: 5.285714285714286

n: 35.57142857142857

Residual: 0.10939853075910032


epsilon: 0.3571428571428572

m: 5.285714285714286

n: 40.285714285714285

Residual: 0.09800199571540293


epsilon: 0.3571428571428572

m: 5.285714285714286

n: 45.0

Residual: 0.09358792704547862


epsilon: 0.3571428571428572

m: 5.571428571428571

n: 12.0

Residual: 0.3369322027882647


epsilon: 0.3571428571428572

m: 5.571428571428571

n: 16.714285714285715

Residual: 0.22271471900396134


epsilon: 0.3571428571428572

m: 5.571428571428571

n: 21.42857142857143

Residual: 0.1490227577873068


epsilon: 0.3571428571428572

m: 5.571428571428571

n: 26.142857142857142

Residual: 0.10411346195419192


epsilon: 0.3571428571428572

m: 5.571428571428571

n: 30.857142857142858

Residual: 0.07972321737139701


epsilon: 0.3571428571428572

m: 5.571428571428571

n: 35.57142857142857

Residual: 0.07006714521834315


epsilon: 0.3571428571428572

m: 5.571428571428571

n: 40.285714285714285

Residual: 0.06840737329121105


epsilon: 0.3571428571428572

m: 5.571428571428571

n: 45.0

Residual: 0.06783710087088887


epsilon: 0.3571428571428572

m: 5.857142857142857

n: 12.0

Residual: 0.2932848515643315


epsilon: 0.3571428571428572

m: 5.857142857142857

n: 16.714285714285715

Residual: 0.1671973172786833


epsilon: 0.3571428571428572

m: 5.857142857142857

n: 21.42857142857143

Residual: 0.098318396501312


epsilon: 0.3571428571428572

m: 5.857142857142857

n: 26.142857142857142

Residual: 0.06209237712320692


epsilon: 0.3571428571428572

m: 5.857142857142857

n: 30.857142857142858

Residual: 0.050799404224793565


epsilon: 0.3571428571428572

m: 5.857142857142857

n: 35.57142857142857

Residual: 0.055845097200278734


epsilon: 0.3571428571428572

m: 5.857142857142857

n: 40.285714285714285

Residual: 0.0684497442332958


epsilon: 0.3571428571428572

m: 5.857142857142857

n: 45.0

Residual: 0.08040465510640303


epsilon: 0.3571428571428572

m: 6.142857142857142

n: 12.0

Residual: 0.24954626323097548


epsilon: 0.3571428571428572

m: 6.142857142857142

n: 16.714285714285715

Residual: 0.1181429907249337


epsilon: 0.3571428571428572

m: 6.142857142857142

n: 21.42857142857143

Residual: 0.05837565765245339


epsilon: 0.3571428571428572

m: 6.142857142857142

n: 26.142857142857142

Residual: 0.038711185710018685


epsilon: 0.3571428571428572

m: 6.142857142857142

n: 30.857142857142858

Residual: 0.0613033570668975


epsilon: 0.3571428571428572

m: 6.142857142857142

n: 35.57142857142857

Residual: 0.09096712490366854


epsilon: 0.3571428571428572

m: 6.142857142857142

n: 40.285714285714285

Residual: 0.11646827821148008


epsilon: 0.3571428571428572

m: 6.142857142857142

n: 45.0

Residual: 0.13760332684467125


epsilon: 0.3571428571428572

m: 6.428571428571429

n: 12.0

Residual: 0.20768147814584667


epsilon: 0.3571428571428572

m: 6.428571428571429

n: 16.714285714285715

Residual: 0.0767897920671902


epsilon: 0.3571428571428572

m: 6.428571428571429

n: 21.42857142857143

Residual: 0.02734997519593964


epsilon: 0.3571428571428572

m: 6.428571428571429

n: 26.142857142857142

Residual: 0.07713650772888649


epsilon: 0.3571428571428572

m: 6.428571428571429

n: 30.857142857142858

Residual: 0.11358631377311032


epsilon: 0.3571428571428572

m: 6.428571428571429

n: 35.57142857142857

Residual: 0.14723129667301668


epsilon: 0.3571428571428572

m: 6.428571428571429

n: 40.285714285714285

Residual: 0.16804911553307203


epsilon: 0.3571428571428572

m: 6.428571428571429

n: 45.0

Residual: 0.1875315569334368


epsilon: 0.3571428571428572

m: 6.714285714285714

n: 12.0

Residual: 0.1679557279478588


epsilon: 0.3571428571428572

m: 6.714285714285714

n: 16.714285714285715

Residual: 0.04476065929850684


epsilon: 0.3571428571428572

m: 6.714285714285714

n: 21.42857142857143

Residual: 0.0601497078685415


epsilon: 0.3571428571428572

m: 6.714285714285714

n: 26.142857142857142

Residual: 0.12325307686208131


epsilon: 0.3571428571428572

m: 6.714285714285714

n: 30.857142857142858

Residual: 0.16290757633258038


epsilon: 0.3571428571428572

m: 6.714285714285714

n: 35.57142857142857

Residual: 0.19654486687974784


epsilon: 0.3571428571428572

m: 6.714285714285714

n: 40.285714285714285

Residual: 0.21874626494053226


epsilon: 0.3571428571428572

m: 6.714285714285714

n: 45.0

Residual: 0.23756351170825984


epsilon: 0.3571428571428572

m: 7.0

n: 12.0

Residual: 0.13221658820945298


epsilon: 0.3571428571428572

m: 7.0

n: 16.714285714285715

Residual: 0.03472338418890999


epsilon: 0.3571428571428572

m: 7.0

n: 21.42857142857143

Residual: 0.09944351361684775


epsilon: 0.3571428571428572

m: 7.0

n: 26.142857142857142

Residual: 0.16699063418150023


epsilon: 0.3571428571428572

m: 7.0

n: 30.857142857142858

Residual: 0.20784167960710362


epsilon: 0.3571428571428572

m: 7.0

n: 35.57142857142857

Residual: 0.2385448843113249


epsilon: 0.3571428571428572

m: 7.0

n: 40.285714285714285

Residual: 0.2634977721904854


epsilon: 0.3571428571428572

m: 7.0

n: 45.0

Residual: 0.283269828870878


epsilon: 0.48571428571428577

m: 5.0

n: 12.0

Residual: 0.5492539144879368


epsilon: 0.48571428571428577

m: 5.0

n: 16.714285714285715

Residual: 0.46171278252968534


epsilon: 0.48571428571428577

m: 5.0

n: 21.42857142857143

Residual: 0.400019542678527


epsilon: 0.48571428571428577

m: 5.0

n: 26.142857142857142

Residual: 0.3621684330522267


epsilon: 0.48571428571428577

m: 5.0

n: 30.857142857142858

Residual: 0.32957806448818405


epsilon: 0.48571428571428577

m: 5.0

n: 35.57142857142857

Residual: 0.3066274372469111


epsilon: 0.48571428571428577

m: 5.0

n: 40.285714285714285

Residual: 0.2847341619157119


epsilon: 0.48571428571428577

m: 5.0

n: 45.0

Residual: 0.2713417627010715


epsilon: 0.48571428571428577

m: 5.285714285714286

n: 12.0

Residual: 0.5059425985503521


epsilon: 0.48571428571428577

m: 5.285714285714286

n: 16.714285714285715

Residual: 0.40911740814056347


epsilon: 0.48571428571428577

m: 5.285714285714286

n: 21.42857142857143

Residual: 0.34718423944161825


epsilon: 0.48571428571428577

m: 5.285714285714286

n: 26.142857142857142

Residual: 0.3010878032987105


epsilon: 0.48571428571428577

m: 5.285714285714286

n: 30.857142857142858

Residual: 0.266526016893127


epsilon: 0.48571428571428577

m: 5.285714285714286

n: 35.57142857142857

Residual: 0.24040942481070102


epsilon: 0.48571428571428577

m: 5.285714285714286

n: 40.285714285714285

Residual: 0.22355127702370522


epsilon: 0.48571428571428577

m: 5.285714285714286

n: 45.0

Residual: 0.20083890122786363


epsilon: 0.48571428571428577

m: 5.571428571428571

n: 12.0

Residual: 0.4635710525417194


epsilon: 0.48571428571428577

m: 5.571428571428571

n: 16.714285714285715

Residual: 0.3599720094802846


epsilon: 0.48571428571428577

m: 5.571428571428571

n: 21.42857142857143

Residual: 0.28983880960927894


epsilon: 0.48571428571428577

m: 5.571428571428571

n: 26.142857142857142

Residual: 0.24184360695323007


epsilon: 0.48571428571428577

m: 5.571428571428571

n: 30.857142857142858

Residual: 0.2054953321886702


epsilon: 0.48571428571428577

m: 5.571428571428571

n: 35.57142857142857

Residual: 0.1775231722256066


epsilon: 0.48571428571428577

m: 5.571428571428571

n: 40.285714285714285

Residual: 0.15533230039436557


epsilon: 0.48571428571428577

m: 5.571428571428571

n: 45.0

Residual: 0.13970850892585285


epsilon: 0.48571428571428577

m: 5.857142857142857

n: 12.0

Residual: 0.4268088003803078


epsilon: 0.48571428571428577

m: 5.857142857142857

n: 16.714285714285715

Residual: 0.31258303588999475


epsilon: 0.48571428571428577

m: 5.857142857142857

n: 21.42857142857143

Residual: 0.23783002512118528


epsilon: 0.48571428571428577

m: 5.857142857142857

n: 26.142857142857142

Residual: 0.1836916441554997


epsilon: 0.48571428571428577

m: 5.857142857142857

n: 30.857142857142858

Residual: 0.15185654297735393


epsilon: 0.48571428571428577

m: 5.857142857142857

n: 35.57142857142857

Residual: 0.12112207764281996


epsilon: 0.48571428571428577

m: 5.857142857142857

n: 40.285714285714285

Residual: 0.09296580474965109


epsilon: 0.48571428571428577

m: 5.857142857142857

n: 45.0

Residual: 0.07723256048453041


epsilon: 0.48571428571428577

m: 6.142857142857142

n: 12.0

Residual: 0.38639140199766275


epsilon: 0.48571428571428577

m: 6.142857142857142

n: 16.714285714285715

Residual: 0.2656775804297301


epsilon: 0.48571428571428577

m: 6.142857142857142

n: 21.42857142857143

Residual: 0.18505695464716043


epsilon: 0.48571428571428577

m: 6.142857142857142

n: 26.142857142857142

Residual: 0.13121809396301068


epsilon: 0.48571428571428577

m: 6.142857142857142

n: 30.857142857142858

Residual: 0.09570976762067498


epsilon: 0.48571428571428577

m: 6.142857142857142

n: 35.57142857142857

Residual: 0.0653595630826302


epsilon: 0.48571428571428577

m: 6.142857142857142

n: 40.285714285714285

Residual: 0.04676128759735222


epsilon: 0.48571428571428577

m: 6.142857142857142

n: 45.0

Residual: 0.03386520780165556


epsilon: 0.48571428571428577

m: 6.428571428571429

n: 12.0

Residual: 0.3518234139162792


epsilon: 0.48571428571428577

m: 6.428571428571429

n: 16.714285714285715

Residual: 0.2177727464796381


epsilon: 0.48571428571428577

m: 6.428571428571429

n: 21.42857142857143

Residual: 0.13589002530962388


epsilon: 0.48571428571428577

m: 6.428571428571429

n: 26.142857142857142

Residual: 0.08266553885032969


epsilon: 0.48571428571428577

m: 6.428571428571429

n: 30.857142857142858

Residual: 0.041631234652048495


epsilon: 0.48571428571428577

m: 6.428571428571429

n: 35.57142857142857

Residual: 0.021438008327635774


epsilon: 0.48571428571428577

m: 6.428571428571429

n: 40.285714285714285

Residual: 0.01608741402187511


epsilon: 0.48571428571428577

m: 6.428571428571429

n: 45.0

Residual: 0.03266502954854759


epsilon: 0.48571428571428577

m: 6.714285714285714

n: 12.0

Residual: 0.31590388563519295


epsilon: 0.48571428571428577

m: 6.714285714285714

n: 16.714285714285715

Residual: 0.17667286939039795


epsilon: 0.48571428571428577

m: 6.714285714285714

n: 21.42857142857143

Residual: 0.09356016248101874


epsilon: 0.48571428571428577

m: 6.714285714285714

n: 26.142857142857142

Residual: 0.0394304242325848


epsilon: 0.48571428571428577

m: 6.714285714285714

n: 30.857142857142858

Residual: 0.020725525417341295


epsilon: 0.48571428571428577

m: 6.714285714285714

n: 35.57142857142857

Residual: 0.038095983598217385


epsilon: 0.48571428571428577

m: 6.714285714285714

n: 40.285714285714285

Residual: 0.07234735804891815


epsilon: 0.48571428571428577

m: 6.714285714285714

n: 45.0

Residual: 0.08744722642945191


epsilon: 0.48571428571428577

m: 7.0

n: 12.0

Residual: 0.2776460451955001


epsilon: 0.48571428571428577

m: 7.0

n: 16.714285714285715

Residual: 0.1416035618088863


epsilon: 0.48571428571428577

m: 7.0

n: 21.42857142857143

Residual: 0.05714685352864047


epsilon: 0.48571428571428577

m: 7.0

n: 26.142857142857142

Residual: 0.025027261504239718


epsilon: 0.48571428571428577

m: 7.0

n: 30.857142857142858

Residual: 0.05420200393153463


epsilon: 0.48571428571428577

m: 7.0

n: 35.57142857142857

Residual: 0.0977875978864752


epsilon: 0.48571428571428577

m: 7.0

n: 40.285714285714285

Residual: 0.12279173952774007


epsilon: 0.48571428571428577

m: 7.0

n: 45.0

Residual: 0.1405335086747273


epsilon: 0.6142857142857143

m: 5.0

n: 12.0

Residual: 0.6249214835248588


epsilon: 0.6142857142857143

m: 5.0

n: 16.714285714285715

Residual: 0.5472460835646064


epsilon: 0.6142857142857143

m: 5.0

n: 21.42857142857143

Residual: 0.4944807053095017


epsilon: 0.6142857142857143

m: 5.0

n: 26.142857142857142

Residual: 0.4586755736856417


epsilon: 0.6142857142857143

m: 5.0

n: 30.857142857142858

Residual: 0.42958320660061705


epsilon: 0.6142857142857143

m: 5.0

n: 35.57142857142857

Residual: 0.4086480225836946


epsilon: 0.6142857142857143

m: 5.0

n: 40.285714285714285

Residual: 0.38817927342639663


epsilon: 0.6142857142857143

m: 5.0

n: 45.0

Residual: 0.37724316472158326


epsilon: 0.6142857142857143

m: 5.285714285714286

n: 12.0

Residual: 0.5897672159923617


epsilon: 0.6142857142857143

m: 5.285714285714286

n: 16.714285714285715

Residual: 0.5016312057122623


epsilon: 0.6142857142857143

m: 5.285714285714286

n: 21.42857142857143

Residual: 0.444471539735523


epsilon: 0.6142857142857143

m: 5.285714285714286

n: 26.142857142857142

Residual: 0.40165229637011773


epsilon: 0.6142857142857143

m: 5.285714285714286

n: 30.857142857142858

Residual: 0.37210733359811793


epsilon: 0.6142857142857143

m: 5.285714285714286

n: 35.57142857142857

Residual: 0.34857652930453037


epsilon: 0.6142857142857143

m: 5.285714285714286

n: 40.285714285714285

Residual: 0.32837458267833675


epsilon: 0.6142857142857143

m: 5.285714285714286

n: 45.0

Residual: 0.31311979121841343


epsilon: 0.6142857142857143

m: 5.571428571428571

n: 12.0

Residual: 0.5525449134809399


epsilon: 0.6142857142857143

m: 5.571428571428571

n: 16.714285714285715

Residual: 0.4560669324226528


epsilon: 0.6142857142857143

m: 5.571428571428571

n: 21.42857142857143

Residual: 0.39434401401131264


epsilon: 0.6142857142857143

m: 5.571428571428571

n: 26.142857142857142

Residual: 0.3480338228325195


epsilon: 0.6142857142857143

m: 5.571428571428571

n: 30.857142857142858

Residual: 0.3170584786152089


epsilon: 0.6142857142857143

m: 5.571428571428571

n: 35.57142857142857

Residual: 0.2894551641393907


epsilon: 0.6142857142857143

m: 5.571428571428571

n: 40.285714285714285

Residual: 0.2689778590855061


epsilon: 0.6142857142857143

m: 5.571428571428571

n: 45.0

Residual: 0.2487088406603332


epsilon: 0.6142857142857143

m: 5.857142857142857

n: 12.0

Residual: 0.5151939929623407


epsilon: 0.6142857142857143

m: 5.857142857142857

n: 16.714285714285715

Residual: 0.41543728925413076


epsilon: 0.6142857142857143

m: 5.857142857142857

n: 21.42857142857143

Residual: 0.3464883908882551


epsilon: 0.6142857142857143

m: 5.857142857142857

n: 26.142857142857142

Residual: 0.2978347879228648


epsilon: 0.6142857142857143

m: 5.857142857142857

n: 30.857142857142858

Residual: 0.2594709823914532


epsilon: 0.6142857142857143

m: 5.857142857142857

n: 35.57142857142857

Residual: 0.2314561045654433


epsilon: 0.6142857142857143

m: 5.857142857142857

n: 40.285714285714285

Residual: 0.20704128182940673


epsilon: 0.6142857142857143

m: 5.857142857142857

n: 45.0

Residual: 0.19240234232279857


epsilon: 0.6142857142857143

m: 6.142857142857142

n: 12.0

Residual: 0.480332852570566


epsilon: 0.6142857142857143

m: 6.142857142857142

n: 16.714285714285715

Residual: 0.36897875804312347


epsilon: 0.6142857142857143

m: 6.142857142857142

n: 21.42857142857143

Residual: 0.30063807749694405


epsilon: 0.6142857142857143

m: 6.142857142857142

n: 26.142857142857142

Residual: 0.24548649144698087


epsilon: 0.6142857142857143

m: 6.142857142857142

n: 30.857142857142858

Residual: 0.21295324302527527


epsilon: 0.6142857142857143

m: 6.142857142857142

n: 35.57142857142857

Residual: 0.18680541339455192


epsilon: 0.6142857142857143

m: 6.142857142857142

n: 40.285714285714285

Residual: 0.1524942574963402


epsilon: 0.6142857142857143

m: 6.142857142857142

n: 45.0

Residual: 0.13271157358343236


epsilon: 0.6142857142857143

m: 6.428571428571429

n: 12.0

Residual: 0.451130759003163


epsilon: 0.6142857142857143

m: 6.428571428571429

n: 16.714285714285715

Residual: 0.33082342934077796


epsilon: 0.6142857142857143

m: 6.428571428571429

n: 21.42857142857143

Residual: 0.24933703798162288


epsilon: 0.6142857142857143

m: 6.428571428571429

n: 26.142857142857142

Residual: 0.20085312939258765


epsilon: 0.6142857142857143

m: 6.428571428571429

n: 30.857142857142858

Residual: 0.15626600495796253


epsilon: 0.6142857142857143

m: 6.428571428571429

n: 35.57142857142857

Residual: 0.12240270400555722


epsilon: 0.6142857142857143

m: 6.428571428571429

n: 40.285714285714285

Residual: 0.09698741040605569


epsilon: 0.6142857142857143

m: 6.428571428571429

n: 45.0

Residual: 0.07668615204827933


epsilon: 0.6142857142857143

m: 6.714285714285714

n: 12.0

Residual: 0.4160166466810317


epsilon: 0.6142857142857143

m: 6.714285714285714

n: 16.714285714285715

Residual: 0.28986263612987384


epsilon: 0.6142857142857143

m: 6.714285714285714

n: 21.42857142857143

Residual: 0.20493637347993013


epsilon: 0.6142857142857143

m: 6.714285714285714

n: 26.142857142857142

Residual: 0.14713455813143575


epsilon: 0.6142857142857143

m: 6.714285714285714

n: 30.857142857142858

Residual: 0.10571029324988664


epsilon: 0.6142857142857143

m: 6.714285714285714

n: 35.57142857142857

Residual: 0.07483917700430102


epsilon: 0.6142857142857143

m: 6.714285714285714

n: 40.285714285714285

Residual: 0.04875425313762647


epsilon: 0.6142857142857143

m: 6.714285714285714

n: 45.0

Residual: 0.03421472440786408


epsilon: 0.6142857142857143

m: 7.0

n: 12.0

Residual: 0.3830113209784357


epsilon: 0.6142857142857143

m: 7.0

n: 16.714285714285715

Residual: 0.24716961616509248


epsilon: 0.6142857142857143

m: 7.0

n: 21.42857142857143

Residual: 0.16521577391466521


epsilon: 0.6142857142857143

m: 7.0

n: 26.142857142857142

Residual: 0.1016949994311215


epsilon: 0.6142857142857143

m: 7.0

n: 30.857142857142858

Residual: 0.06375744264692101


epsilon: 0.6142857142857143

m: 7.0

n: 35.57142857142857

Residual: 0.04185512726526459


epsilon: 0.6142857142857143

m: 7.0

n: 40.285714285714285

Residual: 0.027031021656761148


epsilon: 0.6142857142857143

m: 7.0

n: 45.0

Residual: 0.035776622989045936


epsilon: 0.7428571428571429

m: 5.0

n: 12.0

Residual: 0.6790984374257513


epsilon: 0.7428571428571429

m: 5.0

n: 16.714285714285715

Residual: 0.6093670103857062


epsilon: 0.7428571428571429

m: 5.0

n: 21.42857142857143

Residual: 0.5645635489920248


epsilon: 0.7428571428571429

m: 5.0

n: 26.142857142857142

Residual: 0.5294275566463572


epsilon: 0.7428571428571429

m: 5.0

n: 30.857142857142858

Residual: 0.5041319099640525


epsilon: 0.7428571428571429

m: 5.0

n: 35.57142857142857

Residual: 0.4844051619135727


epsilon: 0.7428571428571429

m: 5.0

n: 40.285714285714285

Residual: 0.4675519084264729


epsilon: 0.7428571428571429

m: 5.0

n: 45.0

Residual: 0.4544824993946788


epsilon: 0.7428571428571429

m: 5.285714285714286

n: 12.0

Residual: 0.6462634042774855


epsilon: 0.7428571428571429

m: 5.285714285714286

n: 16.714285714285715

Residual: 0.5681539196770129


epsilon: 0.7428571428571429

m: 5.285714285714286

n: 21.42857142857143

Residual: 0.5185540656933472


epsilon: 0.7428571428571429

m: 5.285714285714286

n: 26.142857142857142

Residual: 0.4839151068176975


epsilon: 0.7428571428571429

m: 5.285714285714286

n: 30.857142857142858

Residual: 0.45176117637225516


epsilon: 0.7428571428571429

m: 5.285714285714286

n: 35.57142857142857

Residual: 0.428032393501001


epsilon: 0.7428571428571429

m: 5.285714285714286

n: 40.285714285714285

Residual: 0.4108134059667683


epsilon: 0.7428571428571429

m: 5.285714285714286

n: 45.0

Residual: 0.39447064259883596


epsilon: 0.7428571428571429

m: 5.571428571428571

n: 12.0

Residual: 0.6158001385253019


epsilon: 0.7428571428571429

m: 5.571428571428571

n: 16.714285714285715

Residual: 0.5277883127933813


epsilon: 0.7428571428571429

m: 5.571428571428571

n: 21.42857142857143

Residual: 0.47193048393631115


epsilon: 0.7428571428571429

m: 5.571428571428571

n: 26.142857142857142

Residual: 0.43207367624600856


epsilon: 0.7428571428571429

m: 5.571428571428571

n: 30.857142857142858

Residual: 0.39795413822901915


epsilon: 0.7428571428571429

m: 5.571428571428571

n: 35.57142857142857

Residual: 0.3716768474880433


epsilon: 0.7428571428571429

m: 5.571428571428571

n: 40.285714285714285

Residual: 0.35341959583958965


epsilon: 0.7428571428571429

m: 5.571428571428571

n: 45.0

Residual: 0.3334115890430529


epsilon: 0.7428571428571429

m: 5.857142857142857

n: 12.0

Residual: 0.5837914337961296


epsilon: 0.7428571428571429

m: 5.857142857142857

n: 16.714285714285715

Residual: 0.49086227002481186


epsilon: 0.7428571428571429

m: 5.857142857142857

n: 21.42857142857143

Residual: 0.4261871701125783


epsilon: 0.7428571428571429

m: 5.857142857142857

n: 26.142857142857142

Residual: 0.3819345569639332


epsilon: 0.7428571428571429

m: 5.857142857142857

n: 30.857142857142858

Residual: 0.3458230087958479


epsilon: 0.7428571428571429

m: 5.857142857142857

n: 35.57142857142857

Residual: 0.3232776026087242


epsilon: 0.7428571428571429

m: 5.857142857142857

n: 40.285714285714285

Residual: 0.30127267577102373


epsilon: 0.7428571428571429

m: 5.857142857142857

n: 45.0

Residual: 0.281024505994955


epsilon: 0.7428571428571429

m: 6.142857142857142

n: 12.0

Residual: 0.5524948644999701


epsilon: 0.7428571428571429

m: 6.142857142857142

n: 16.714285714285715

Residual: 0.45204722231659805


epsilon: 0.7428571428571429

m: 6.142857142857142

n: 21.42857142857143

Residual: 0.38260764913308026


epsilon: 0.7428571428571429

m: 6.142857142857142

n: 26.142857142857142

Residual: 0.328883743799987


epsilon: 0.7428571428571429

m: 6.142857142857142

n: 30.857142857142858

Residual: 0.2926545819371945


epsilon: 0.7428571428571429

m: 6.142857142857142

n: 35.57142857142857

Residual: 0.27293597573856804


epsilon: 0.7428571428571429

m: 6.142857142857142

n: 40.285714285714285

Residual: 0.2461387861391353


epsilon: 0.7428571428571429

m: 6.142857142857142

n: 45.0

Residual: 0.22469945284839002


epsilon: 0.7428571428571429

m: 6.428571428571429

n: 12.0

Residual: 0.5240691481540569


epsilon: 0.7428571428571429

m: 6.428571428571429

n: 16.714285714285715

Residual: 0.4125167892014729


epsilon: 0.7428571428571429

m: 6.428571428571429

n: 21.42857142857143

Residual: 0.33993333390813724


epsilon: 0.7428571428571429

m: 6.428571428571429

n: 26.142857142857142

Residual: 0.28035815397697555


epsilon: 0.7428571428571429

m: 6.428571428571429

n: 30.857142857142858

Residual: 0.2457481038129028


epsilon: 0.7428571428571429

m: 6.428571428571429

n: 35.57142857142857

Residual: 0.21864370946711872


epsilon: 0.7428571428571429

m: 6.428571428571429

n: 40.285714285714285

Residual: 0.1950943897261522


epsilon: 0.7428571428571429

m: 6.428571428571429

n: 45.0

Residual: 0.17187272725659425


epsilon: 0.7428571428571429

m: 6.714285714285714

n: 12.0

Residual: 0.49050367436320375


epsilon: 0.7428571428571429

m: 6.714285714285714

n: 16.714285714285715

Residual: 0.3758519975599409


epsilon: 0.7428571428571429

m: 6.714285714285714

n: 21.42857142857143

Residual: 0.28916754202932454


epsilon: 0.7428571428571429

m: 6.714285714285714

n: 26.142857142857142

Residual: 0.24091856825750615


epsilon: 0.7428571428571429

m: 6.714285714285714

n: 30.857142857142858

Residual: 0.2037849132162119


epsilon: 0.7428571428571429

m: 6.714285714285714

n: 35.57142857142857

Residual: 0.16596938383391444


epsilon: 0.7428571428571429

m: 6.714285714285714

n: 40.285714285714285

Residual: 0.15053379944604126


epsilon: 0.7428571428571429

m: 6.714285714285714

n: 45.0

Residual: 0.12179104982838246


epsilon: 0.7428571428571429

m: 7.0

n: 12.0

Residual: 0.459167824662595


epsilon: 0.7428571428571429

m: 7.0

n: 16.714285714285715

Residual: 0.340722559201249


epsilon: 0.7428571428571429

m: 7.0

n: 21.42857142857143

Residual: 0.25268437197181404


epsilon: 0.7428571428571429

m: 7.0

n: 26.142857142857142

Residual: 0.19667769621285355


epsilon: 0.7428571428571429

m: 7.0

n: 30.857142857142858

Residual: 0.15282496623523154


epsilon: 0.7428571428571429

m: 7.0

n: 35.57142857142857

Residual: 0.11774398047706193


epsilon: 0.7428571428571429

m: 7.0

n: 40.285714285714285

Residual: 0.08820882540779912


epsilon: 0.7428571428571429

m: 7.0

n: 45.0

Residual: 0.0743937883865786


epsilon: 0.8714285714285716

m: 5.0

n: 12.0

Residual: 0.7207071357546249


epsilon: 0.8714285714285716

m: 5.0

n: 16.714285714285715

Residual: 0.6582518369466734


epsilon: 0.8714285714285716

m: 5.0

n: 21.42857142857143

Residual: 0.6155309142793973


epsilon: 0.8714285714285716

m: 5.0

n: 26.142857142857142

Residual: 0.5862958630374969


epsilon: 0.8714285714285716

m: 5.0

n: 30.857142857142858

Residual: 0.5600811723046185


epsilon: 0.8714285714285716

m: 5.0

n: 35.57142857142857

Residual: 0.5412011010610057


epsilon: 0.8714285714285716

m: 5.0

n: 40.285714285714285

Residual: 0.5267917207484935


epsilon: 0.8714285714285716

m: 5.0

n: 45.0

Residual: 0.5158863103212584


epsilon: 0.8714285714285716

m: 5.285714285714286

n: 12.0

Residual: 0.6914810353212922


epsilon: 0.8714285714285716

m: 5.285714285714286

n: 16.714285714285715

Residual: 0.6218507692222618


epsilon: 0.8714285714285716

m: 5.285714285714286

n: 21.42857142857143

Residual: 0.5727663564734201


epsilon: 0.8714285714285716

m: 5.285714285714286

n: 26.142857142857142

Residual: 0.5366132475135568


epsilon: 0.8714285714285716

m: 5.285714285714286

n: 30.857142857142858

Residual: 0.5125647610170785


epsilon: 0.8714285714285716

m: 5.285714285714286

n: 35.57142857142857

Residual: 0.4937690509942333


epsilon: 0.8714285714285716

m: 5.285714285714286

n: 40.285714285714285

Residual: 0.47398413173886234


epsilon: 0.8714285714285716

m: 5.285714285714286

n: 45.0

Residual: 0.4593274937995288


epsilon: 0.8714285714285716

m: 5.571428571428571

n: 12.0

Residual: 0.661194852184721


epsilon: 0.8714285714285716

m: 5.571428571428571

n: 16.714285714285715

Residual: 0.5838211144364238


epsilon: 0.8714285714285716

m: 5.571428571428571

n: 21.42857142857143

Residual: 0.531105874512043


epsilon: 0.8714285714285716

m: 5.571428571428571

n: 26.142857142857142

Residual: 0.49257329769138614


epsilon: 0.8714285714285716

m: 5.571428571428571

n: 30.857142857142858

Residual: 0.4624941005892785


epsilon: 0.8714285714285716

m: 5.571428571428571

n: 35.57142857142857

Residual: 0.4387978343094745


epsilon: 0.8714285714285716

m: 5.571428571428571

n: 40.285714285714285

Residual: 0.42001684005920975


epsilon: 0.8714285714285716

m: 5.571428571428571

n: 45.0

Residual: 0.4095915120698121


epsilon: 0.8714285714285716

m: 5.857142857142857

n: 12.0

Residual: 0.6332211929989727


epsilon: 0.8714285714285716

m: 5.857142857142857

n: 16.714285714285715

Residual: 0.5452468363896663


epsilon: 0.8714285714285716

m: 5.857142857142857

n: 21.42857142857143

Residual: 0.49062667672192223


epsilon: 0.8714285714285716

m: 5.857142857142857

n: 26.142857142857142

Residual: 0.4431720256237357


epsilon: 0.8714285714285716

m: 5.857142857142857

n: 30.857142857142858

Residual: 0.41435166120346617


epsilon: 0.8714285714285716

m: 5.857142857142857

n: 35.57142857142857

Residual: 0.3866961673773774


epsilon: 0.8714285714285716

m: 5.857142857142857

n: 40.285714285714285

Residual: 0.3704672519570661


epsilon: 0.8714285714285716

m: 5.857142857142857

n: 45.0

Residual: 0.3473342917385818


epsilon: 0.8714285714285716

m: 6.142857142857142

n: 12.0

Residual: 0.605756374037777


epsilon: 0.8714285714285716

m: 6.142857142857142

n: 16.714285714285715

Residual: 0.5116319239421262


epsilon: 0.8714285714285716

m: 6.142857142857142

n: 21.42857142857143

Residual: 0.44632352626547817


epsilon: 0.8714285714285716

m: 6.142857142857142

n: 26.142857142857142

Residual: 0.4011341331939542


epsilon: 0.8714285714285716

m: 6.142857142857142

n: 30.857142857142858

Residual: 0.36309249208147903


epsilon: 0.8714285714285716

m: 6.142857142857142

n: 35.57142857142857

Residual: 0.3391892557142882


epsilon: 0.8714285714285716

m: 6.142857142857142

n: 40.285714285714285

Residual: 0.3200540480049385


epsilon: 0.8714285714285716

m: 6.142857142857142

n: 45.0

Residual: 0.3026176661922658


epsilon: 0.8714285714285716

m: 6.428571428571429

n: 12.0

Residual: 0.5753603970622705


epsilon: 0.8714285714285716

m: 6.428571428571429

n: 16.714285714285715

Residual: 0.47660830285473843


epsilon: 0.8714285714285716

m: 6.428571428571429

n: 21.42857142857143

Residual: 0.4080393047017


epsilon: 0.8714285714285716

m: 6.428571428571429

n: 26.142857142857142

Residual: 0.3567661939105283


epsilon: 0.8714285714285716

m: 6.428571428571429

n: 30.857142857142858

Residual: 0.31823371182467486


epsilon: 0.8714285714285716

m: 6.428571428571429

n: 35.57142857142857

Residual: 0.2898845873740608


epsilon: 0.8714285714285716

m: 6.428571428571429

n: 40.285714285714285

Residual: 0.2717494836166676


epsilon: 0.8714285714285716

m: 6.428571428571429

n: 45.0

Residual: 0.24855016500905897


epsilon: 0.8714285714285716

m: 6.714285714285714

n: 12.0

Residual: 0.5486330933155672


epsilon: 0.8714285714285716

m: 6.714285714285714

n: 16.714285714285715

Residual: 0.4417195106003351


epsilon: 0.8714285714285716

m: 6.714285714285714

n: 21.42857142857143

Residual: 0.3663383235404014


epsilon: 0.8714285714285716

m: 6.714285714285714

n: 26.142857142857142

Residual: 0.3103874674543437


epsilon: 0.8714285714285716

m: 6.714285714285714

n: 30.857142857142858

Residual: 0.27900847911077664


epsilon: 0.8714285714285716

m: 6.714285714285714

n: 35.57142857142857

Residual: 0.24712254886810112


epsilon: 0.8714285714285716

m: 6.714285714285714

n: 40.285714285714285

Residual: 0.23096479148647847


epsilon: 0.8714285714285716

m: 6.714285714285714

n: 45.0

Residual: 0.1961829401684055


epsilon: 0.8714285714285716

m: 7.0

n: 12.0

Residual: 0.5230509030147511


epsilon: 0.8714285714285716

m: 7.0

n: 16.714285714285715

Residual: 0.4045904408828991


epsilon: 0.8714285714285716

m: 7.0

n: 21.42857142857143

Residual: 0.33061618530433556


epsilon: 0.8714285714285716

m: 7.0

n: 26.142857142857142

Residual: 0.2694487614726864


epsilon: 0.8714285714285716

m: 7.0

n: 30.857142857142858

Residual: 0.2352921244528631


epsilon: 0.8714285714285716

m: 7.0

n: 35.57142857142857

Residual: 0.19829756238114118


epsilon: 0.8714285714285716

m: 7.0

n: 40.285714285714285

Residual: 0.1700178105792848


epsilon: 0.8714285714285716

m: 7.0

n: 45.0

Residual: 0.1466659524203109


epsilon: 1.0000000000000002

m: 5.0

n: 12.0

Residual: 0.7511286753756581


epsilon: 1.0000000000000002

m: 5.0

n: 16.714285714285715

Residual: 0.695459560118535


epsilon: 1.0000000000000002

m: 5.0

n: 21.42857142857143

Residual: 0.6566444240353123


epsilon: 1.0000000000000002

m: 5.0

n: 26.142857142857142

Residual: 0.6289717656362017


epsilon: 1.0000000000000002

m: 5.0

n: 30.857142857142858

Residual: 0.6069466768393686


epsilon: 1.0000000000000002

m: 5.0

n: 35.57142857142857

Residual: 0.5869394020821932


epsilon: 1.0000000000000002

m: 5.0

n: 40.285714285714285

Residual: 0.5748350191558297


epsilon: 1.0000000000000002

m: 5.0

n: 45.0

Residual: 0.5630656711822632


epsilon: 1.0000000000000002

m: 5.285714285714286

n: 12.0

Residual: 0.7247489909093422


epsilon: 1.0000000000000002

m: 5.285714285714286

n: 16.714285714285715

Residual: 0.6608518380973256


epsilon: 1.0000000000000002

m: 5.285714285714286

n: 21.42857142857143

Residual: 0.6183546513614735


epsilon: 1.0000000000000002

m: 5.285714285714286

n: 26.142857142857142

Residual: 0.5826965889730503


epsilon: 1.0000000000000002

m: 5.285714285714286

n: 30.857142857142858

Residual: 0.560044336624626


epsilon: 1.0000000000000002

m: 5.285714285714286

n: 35.57142857142857

Residual: 0.5422159939535941


epsilon: 1.0000000000000002

m: 5.285714285714286

n: 40.285714285714285

Residual: 0.5257059665998166


epsilon: 1.0000000000000002

m: 5.285714285714286

n: 45.0

Residual: 0.5112645362381344


epsilon: 1.0000000000000002

m: 5.571428571428571

n: 12.0

Residual: 0.6985515978826957


epsilon: 1.0000000000000002

m: 5.571428571428571

n: 16.714285714285715

Residual: 0.6279330532441889


epsilon: 1.0000000000000002

m: 5.571428571428571

n: 21.42857142857143

Residual: 0.5791105898761171


epsilon: 1.0000000000000002

m: 5.571428571428571

n: 26.142857142857142

Residual: 0.544526360789774


epsilon: 1.0000000000000002

m: 5.571428571428571

n: 30.857142857142858

Residual: 0.516281593621952


epsilon: 1.0000000000000002

m: 5.571428571428571

n: 35.57142857142857

Residual: 0.4955691362973227


epsilon: 1.0000000000000002

m: 5.571428571428571

n: 40.285714285714285

Residual: 0.4753668002909078


epsilon: 1.0000000000000002

m: 5.571428571428571

n: 45.0

Residual: 0.4612918015503597


epsilon: 1.0000000000000002

m: 5.857142857142857

n: 12.0

Residual: 0.6726916312525293


epsilon: 1.0000000000000002

m: 5.857142857142857

n: 16.714285714285715

Residual: 0.5952013431034548


epsilon: 1.0000000000000002

m: 5.857142857142857

n: 21.42857142857143

Residual: 0.5397008449863929


epsilon: 1.0000000000000002

m: 5.857142857142857

n: 26.142857142857142

Residual: 0.5023318499559473


epsilon: 1.0000000000000002

m: 5.857142857142857

n: 30.857142857142858

Residual: 0.46975971993648236


epsilon: 1.0000000000000002

m: 5.857142857142857

n: 35.57142857142857

Residual: 0.444966181572048


epsilon: 1.0000000000000002

m: 5.857142857142857

n: 40.285714285714285

Residual: 0.4243623433036504


epsilon: 1.0000000000000002

m: 5.857142857142857

n: 45.0

Residual: 0.41346377216657965


epsilon: 1.0000000000000002

m: 6.142857142857142

n: 12.0

Residual: 0.6456096476475656


epsilon: 1.0000000000000002

m: 6.142857142857142

n: 16.714285714285715

Residual: 0.5596778344971352


epsilon: 1.0000000000000002

m: 6.142857142857142

n: 21.42857142857143

Residual: 0.5008627938122332


epsilon: 1.0000000000000002

m: 6.142857142857142

n: 26.142857142857142

Residual: 0.45642857154423516


epsilon: 1.0000000000000002

m: 6.142857142857142

n: 30.857142857142858

Residual: 0.4283636655531717


epsilon: 1.0000000000000002

m: 6.142857142857142

n: 35.57142857142857

Residual: 0.4045667277861761


epsilon: 1.0000000000000002

m: 6.142857142857142

n: 40.285714285714285

Residual: 0.3754843461885576


epsilon: 1.0000000000000002

m: 6.142857142857142

n: 45.0

Residual: 0.3642352901565983


epsilon: 1.0000000000000002

m: 6.428571428571429

n: 12.0

Residual: 0.6200554105620139


epsilon: 1.0000000000000002

m: 6.428571428571429

n: 16.714285714285715

Residual: 0.5264503520456313


epsilon: 1.0000000000000002

m: 6.428571428571429

n: 21.42857142857143

Residual: 0.45927729761581243


epsilon: 1.0000000000000002

m: 6.428571428571429

n: 26.142857142857142

Residual: 0.4104379774461145


epsilon: 1.0000000000000002

m: 6.428571428571429

n: 30.857142857142858

Residual: 0.38643958177167353


epsilon: 1.0000000000000002

m: 6.428571428571429

n: 35.57142857142857

Residual: 0.34623597686386465


epsilon: 1.0000000000000002

m: 6.428571428571429

n: 40.285714285714285

Residual: 0.3283702256570724


epsilon: 1.0000000000000002

m: 6.428571428571429

n: 45.0

Residual: 0.3184043202680392


epsilon: 1.0000000000000002

m: 6.714285714285714

n: 12.0

Residual: 0.5944023495370344


epsilon: 1.0000000000000002

m: 6.714285714285714

n: 16.714285714285715

Residual: 0.4946501955477223


epsilon: 1.0000000000000002

m: 6.714285714285714

n: 21.42857142857143

Residual: 0.4222955193446853


epsilon: 1.0000000000000002

m: 6.714285714285714

n: 26.142857142857142

Residual: 0.37925821422276806


epsilon: 1.0000000000000002

m: 6.714285714285714

n: 30.857142857142858

Residual: 0.34315558312467054


epsilon: 1.0000000000000002

m: 6.714285714285714

n: 35.57142857142857

Residual: 0.30341186360315237


epsilon: 1.0000000000000002

m: 6.714285714285714

n: 40.285714285714285

Residual: 0.2884364589441813


epsilon: 1.0000000000000002

m: 6.714285714285714

n: 45.0

Residual: 0.25763872706481444


epsilon: 1.0000000000000002

m: 7.0

n: 12.0

Residual: 0.570688698537437


epsilon: 1.0000000000000002

m: 7.0

n: 16.714285714285715

Residual: 0.45946718391483227


epsilon: 1.0000000000000002

m: 7.0

n: 21.42857142857143

Residual: 0.39060932924171804


epsilon: 1.0000000000000002

m: 7.0

n: 26.142857142857142

Residual: 0.33605031587856354


epsilon: 1.0000000000000002

m: 7.0

n: 30.857142857142858

Residual: 0.2874027060946802


epsilon: 1.0000000000000002

m: 7.0

n: 35.57142857142857

Residual: 0.27307593513213524


epsilon: 1.0000000000000002

m: 7.0

n: 40.285714285714285

Residual: 0.24044860699485807


epsilon: 1.0000000000000002

m: 7.0

n: 45.0

Residual: 0.20961238278970656


