epsilon: 0.1

n: 12.0

m: 5.0

Residual: 0.537981800008004


epsilon: 0.1

n: 12.0

m: 5.0

Residual: 0.538215995151527


epsilon: 0.1

n: 12.0

m: 5.285714285714286

Residual: 0.584442449092993


epsilon: 0.1

n: 12.0

m: 5.571428571428571

Residual: 0.6233474283760582


epsilon: 0.1

n: 12.0

m: 5.857142857142857

Residual: 0.6564266420484367


epsilon: 0.1

n: 12.0

m: 6.142857142857142

Residual: 0.6857366467970815


epsilon: 0.1

n: 12.0

m: 6.428571428571429

Residual: 0.7113533396173942


epsilon: 0.1

n: 12.0

m: 6.714285714285714

Residual: 0.7331615272856119


epsilon: 0.1

n: 12.0

m: 7.0

Residual: 0.7514628237700108


epsilon: 0.1

n: 16.714285714285715

m: 5.0

Residual: 0.6181335562800789


epsilon: 0.1

n: 16.714285714285715

m: 5.285714285714286

Residual: 0.6605960486729255


epsilon: 0.1

n: 16.714285714285715

m: 5.571428571428571

Residual: 0.6967133111534061


epsilon: 0.1

n: 16.714285714285715

m: 5.857142857142857

Residual: 0.726833834156412


epsilon: 0.1

n: 16.714285714285715

m: 6.142857142857142

Residual: 0.75239227561423


epsilon: 0.1

n: 16.714285714285715

m: 6.428571428571429

Residual: 0.775149082943331


epsilon: 0.1

n: 16.714285714285715

m: 6.714285714285714

Residual: 0.7929888856086897


epsilon: 0.1

n: 16.714285714285715

m: 7.0

Residual: 0.8090866521734708


epsilon: 0.1

n: 21.42857142857143

m: 5.0

Residual: 0.6607176350646192


epsilon: 0.1

n: 21.42857142857143

m: 5.285714285714286

Residual: 0.7015461374583731


epsilon: 0.1

n: 21.42857142857143

m: 5.571428571428571

Residual: 0.7339698713393512


epsilon: 0.1

n: 21.42857142857143

m: 5.857142857142857

Residual: 0.7630340323208571


epsilon: 0.1

n: 21.42857142857143

m: 6.142857142857142

Residual: 0.786954133743612


epsilon: 0.1

n: 21.42857142857143

m: 6.428571428571429

Residual: 0.8066721046726735


epsilon: 0.1

n: 21.42857142857143

m: 6.714285714285714

Residual: 0.8232545699567263


epsilon: 0.1

n: 21.42857142857143

m: 7.0

Residual: 0.8388897278504429


epsilon: 0.1

n: 26.142857142857142

m: 5.0

Residual: 0.6864523137279007


epsilon: 0.1

n: 26.142857142857142

m: 5.285714285714286

Residual: 0.7252278028126256


epsilon: 0.1

n: 26.142857142857142

m: 5.571428571428571

Residual: 0.7573197582250037


epsilon: 0.1

n: 26.142857142857142

m: 5.857142857142857

Residual: 0.7836114098637909


epsilon: 0.1

n: 26.142857142857142

m: 6.142857142857142

Residual: 0.8070431590105317


epsilon: 0.1

n: 26.142857142857142

m: 6.428571428571429

Residual: 0.8253067080954497


epsilon: 0.1

n: 26.142857142857142

m: 6.714285714285714

Residual: 0.8409621388223942


epsilon: 0.1

n: 26.142857142857142

m: 7.0

Residual: 0.856213526126657


epsilon: 0.1

n: 30.857142857142858

m: 5.0

Residual: 0.7052411188129466


epsilon: 0.1

n: 30.857142857142858

m: 5.285714285714286

Residual: 0.7424664347226281


epsilon: 0.1

n: 30.857142857142858

m: 5.571428571428571

Residual: 0.7713931569825951


epsilon: 0.1

n: 30.857142857142858

m: 5.857142857142857

Residual: 0.7977764200764133


epsilon: 0.1

n: 30.857142857142858

m: 6.142857142857142

Residual: 0.8201979699706892


epsilon: 0.1

n: 30.857142857142858

m: 6.428571428571429

Residual: 0.8374822615057224


epsilon: 0.1

n: 30.857142857142858

m: 6.714285714285714

Residual: 0.8537735209082388


epsilon: 0.1

n: 30.857142857142858

m: 7.0

Residual: 0.8658345257858909


epsilon: 0.1

n: 35.57142857142857

m: 5.0

Residual: 0.7175240086728918


epsilon: 0.1

n: 35.57142857142857

m: 5.285714285714286

Residual: 0.7540505943703506


epsilon: 0.1

n: 35.57142857142857

m: 5.571428571428571

Residual: 0.7856130223323677


epsilon: 0.1

n: 35.57142857142857

m: 5.857142857142857

Residual: 0.8086458785891624


epsilon: 0.1

n: 35.57142857142857

m: 6.142857142857142

Residual: 0.8302226715122654


epsilon: 0.1

n: 35.57142857142857

m: 6.428571428571429

Residual: 0.8455992258536834


epsilon: 0.1

n: 35.57142857142857

m: 6.714285714285714

Residual: 0.8616031762641015


epsilon: 0.1

n: 35.57142857142857

m: 7.0

Residual: 0.8740265184626378


epsilon: 0.1

n: 40.285714285714285

m: 5.0

Residual: 0.7288766712771348


epsilon: 0.1

n: 40.285714285714285

m: 5.285714285714286

Residual: 0.7646067651047994


epsilon: 0.1

n: 40.285714285714285

m: 5.571428571428571

Residual: 0.7927210777129234


epsilon: 0.1

n: 40.285714285714285

m: 5.857142857142857

Residual: 0.8162455081482165


epsilon: 0.1

n: 40.285714285714285

m: 6.142857142857142

Residual: 0.8360329600199364


epsilon: 0.1

n: 40.285714285714285

m: 6.428571428571429

Residual: 0.8535652866198734


epsilon: 0.1

n: 40.285714285714285

m: 6.714285714285714

Residual: 0.8674905888583182


epsilon: 0.1

n: 40.285714285714285

m: 7.0

Residual: 0.879567439612781


epsilon: 0.1

n: 45.0

m: 5.0

Residual: 0.7367462478859272


epsilon: 0.1

n: 45.0

m: 5.285714285714286

Residual: 0.771870604151247


epsilon: 0.1

n: 45.0

m: 5.571428571428571

Residual: 0.8012161875033839


epsilon: 0.1

n: 45.0

m: 5.857142857142857

Residual: 0.8220991703152014


epsilon: 0.1

n: 45.0

m: 6.142857142857142

Residual: 0.8430959846252866


epsilon: 0.1

n: 45.0

m: 6.428571428571429

Residual: 0.8586198570124496


epsilon: 0.1

n: 45.0

m: 6.714285714285714

Residual: 0.8731954012702361


epsilon: 0.1

n: 45.0

m: 7.0

Residual: 0.8842655647801311


epsilon: 0.3

n: 12.0

m: 5.0

Residual: 0.15134679618156854


epsilon: 0.3

n: 12.0

m: 5.285714285714286

Residual: 0.14864807625661422


epsilon: 0.3

n: 12.0

m: 5.571428571428571

Residual: 0.17895951757189973


epsilon: 0.3

n: 12.0

m: 5.857142857142857

Residual: 0.23587421801051078


epsilon: 0.3

n: 12.0

m: 6.142857142857142

Residual: 0.28255330617475377


epsilon: 0.3

n: 12.0

m: 6.428571428571429

Residual: 0.32613175788044985


epsilon: 0.3

n: 12.0

m: 6.714285714285714

Residual: 0.36647463610788134


epsilon: 0.3

n: 12.0

m: 7.0

Residual: 0.4018964232122353


epsilon: 0.3

n: 16.714285714285715

m: 5.0

Residual: 0.19087798718294002


epsilon: 0.3

n: 16.714285714285715

m: 5.285714285714286

Residual: 0.24057647512543517


epsilon: 0.3

n: 16.714285714285715

m: 5.571428571428571

Residual: 0.3023759805070669


epsilon: 0.3

n: 16.714285714285715

m: 5.857142857142857

Residual: 0.3548411450296266


epsilon: 0.3

n: 16.714285714285715

m: 6.142857142857142

Residual: 0.4056801050127179


epsilon: 0.3

n: 16.714285714285715

m: 6.428571428571429

Residual: 0.44571955404599445


epsilon: 0.3

n: 16.714285714285715

m: 6.714285714285714

Residual: 0.48549303858496623


epsilon: 0.3

n: 16.714285714285715

m: 7.0

Residual: 0.5218924849406499


epsilon: 0.3

n: 21.42857142857143

m: 5.0

Residual: 0.2435667896598677


epsilon: 0.3

n: 21.42857142857143

m: 5.285714285714286

Residual: 0.3113448404821223


epsilon: 0.3

n: 21.42857142857143

m: 5.571428571428571

Residual: 0.37056992771429953


epsilon: 0.3

n: 21.42857142857143

m: 5.857142857142857

Residual: 0.4254964775053934


epsilon: 0.3

n: 21.42857142857143

m: 6.142857142857142

Residual: 0.47230842856107114


epsilon: 0.3

n: 21.42857142857143

m: 6.428571428571429

Residual: 0.515033348004422


epsilon: 0.3

n: 21.42857142857143

m: 6.714285714285714

Residual: 0.5488703345500894


epsilon: 0.3

n: 21.42857142857143

m: 7.0

Residual: 0.5841453997743482


epsilon: 0.3

n: 26.142857142857142

m: 5.0

Residual: 0.28639366114713044


epsilon: 0.3

n: 26.142857142857142

m: 5.285714285714286

Residual: 0.3556929817150473


epsilon: 0.3

n: 26.142857142857142

m: 5.571428571428571

Residual: 0.41496664086701524


epsilon: 0.3

n: 26.142857142857142

m: 5.857142857142857

Residual: 0.46799691361385937


epsilon: 0.3

n: 26.142857142857142

m: 6.142857142857142

Residual: 0.5129055858912448


epsilon: 0.3

n: 26.142857142857142

m: 6.428571428571429

Residual: 0.5517896136824657


epsilon: 0.3

n: 26.142857142857142

m: 6.714285714285714

Residual: 0.5908413758416713


epsilon: 0.3

n: 26.142857142857142

m: 7.0

Residual: 0.6221476467322681


epsilon: 0.3

n: 30.857142857142858

m: 5.0

Residual: 0.3173676682021883


epsilon: 0.3

n: 30.857142857142858

m: 5.285714285714286

Residual: 0.3888602971265122


epsilon: 0.3

n: 30.857142857142858

m: 5.571428571428571

Residual: 0.4447087721749282


epsilon: 0.3

n: 30.857142857142858

m: 5.857142857142857

Residual: 0.4985105555634493


epsilon: 0.3

n: 30.857142857142858

m: 6.142857142857142

Residual: 0.5431726181346732


epsilon: 0.3

n: 30.857142857142858

m: 6.428571428571429

Residual: 0.581051764180878


epsilon: 0.3

n: 30.857142857142858

m: 6.714285714285714

Residual: 0.6180155568947778


epsilon: 0.3

n: 30.857142857142858

m: 7.0

Residual: 0.6458648796198938


epsilon: 0.3

n: 35.57142857142857

m: 5.0

Residual: 0.34239935949644973


epsilon: 0.3

n: 35.57142857142857

m: 5.285714285714286

Residual: 0.4110034925365625


epsilon: 0.3

n: 35.57142857142857

m: 5.571428571428571

Residual: 0.46857630138855727


epsilon: 0.3

n: 35.57142857142857

m: 5.857142857142857

Residual: 0.5177691844623644


epsilon: 0.3

n: 35.57142857142857

m: 6.142857142857142

Residual: 0.5634333665127863


epsilon: 0.3

n: 35.57142857142857

m: 6.428571428571429

Residual: 0.6038153249933733


epsilon: 0.3

n: 35.57142857142857

m: 6.714285714285714

Residual: 0.638709749880184


epsilon: 0.3

n: 35.57142857142857

m: 7.0

Residual: 0.6654850681642714


epsilon: 0.3

n: 40.285714285714285

m: 5.0

Residual: 0.35991071008750075


epsilon: 0.3

n: 40.285714285714285

m: 5.285714285714286

Residual: 0.4275529527831124


epsilon: 0.3

n: 40.285714285714285

m: 5.571428571428571

Residual: 0.48800511708170613


epsilon: 0.3

n: 40.285714285714285

m: 5.857142857142857

Residual: 0.5337644640416322


epsilon: 0.3

n: 40.285714285714285

m: 6.142857142857142

Residual: 0.5784317969146485


epsilon: 0.3

n: 40.285714285714285

m: 6.428571428571429

Residual: 0.6176132974442163


epsilon: 0.3

n: 40.285714285714285

m: 6.714285714285714

Residual: 0.6541656122107573


epsilon: 0.3

n: 40.285714285714285

m: 7.0

Residual: 0.6757487309815363


epsilon: 0.3

n: 45.0

m: 5.0

Residual: 0.37484487628037005


epsilon: 0.3

n: 45.0

m: 5.285714285714286

Residual: 0.44078607765953803


epsilon: 0.3

n: 45.0

m: 5.571428571428571

Residual: 0.49838932471859804


epsilon: 0.3

n: 45.0

m: 5.857142857142857

Residual: 0.548299720147296


epsilon: 0.3

n: 45.0

m: 6.142857142857142

Residual: 0.593172645984942


epsilon: 0.3

n: 45.0

m: 6.428571428571429

Residual: 0.6325038021705611


epsilon: 0.3

n: 45.0

m: 6.714285714285714

Residual: 0.6545268037460427


epsilon: 0.3

n: 45.0

m: 7.0

Residual: 0.6880009551766002


epsilon: 0.5

n: 12.0

m: 5.0

Residual: 0.21407647834080493


epsilon: 0.5

n: 12.0

m: 5.285714285714286

Residual: 0.1631095173417858


epsilon: 0.5

n: 12.0

m: 5.571428571428571

Residual: 0.11699548927925302


epsilon: 0.5

n: 12.0

m: 5.857142857142857

Residual: 0.08418213407681868


epsilon: 0.5

n: 12.0

m: 6.142857142857142

Residual: 0.0611693726936896


epsilon: 0.5

n: 12.0

m: 6.428571428571429

Residual: 0.086392438908483


epsilon: 0.5

n: 12.0

m: 6.714285714285714

Residual: 0.12916284261999836


epsilon: 0.5

n: 12.0

m: 7.0

Residual: 0.16656112999659517


epsilon: 0.5

n: 16.714285714285715

m: 5.0

Residual: 0.13420378237759534


epsilon: 0.5

n: 16.714285714285715

m: 5.285714285714286

Residual: 0.10054310477657162


epsilon: 0.5

n: 16.714285714285715

m: 5.571428571428571

Residual: 0.08634165620599756


epsilon: 0.5

n: 16.714285714285715

m: 5.857142857142857

Residual: 0.1192840702498586


epsilon: 0.5

n: 16.714285714285715

m: 6.142857142857142

Residual: 0.17380681970081463


epsilon: 0.5

n: 16.714285714285715

m: 6.428571428571429

Residual: 0.22285763107815115


epsilon: 0.5

n: 16.714285714285715

m: 6.714285714285714

Residual: 0.26932439377474515


epsilon: 0.5

n: 16.714285714285715

m: 7.0

Residual: 0.30789894339923235


epsilon: 0.5

n: 21.42857142857143

m: 5.0

Residual: 0.1161863539761706


epsilon: 0.5

n: 21.42857142857143

m: 5.285714285714286

Residual: 0.10720539255635864


epsilon: 0.5

n: 21.42857142857143

m: 5.571428571428571

Residual: 0.13417353316323075


epsilon: 0.5

n: 21.42857142857143

m: 5.857142857142857

Residual: 0.19407385656532974


epsilon: 0.5

n: 21.42857142857143

m: 6.142857142857142

Residual: 0.2517743978234428


epsilon: 0.5

n: 21.42857142857143

m: 6.428571428571429

Residual: 0.3050225726697284


epsilon: 0.5

n: 21.42857142857143

m: 6.714285714285714

Residual: 0.3483130395837964


epsilon: 0.5

n: 21.42857142857143

m: 7.0

Residual: 0.39310924339522507


epsilon: 0.5

n: 26.142857142857142

m: 5.0

Residual: 0.1186976707058886


epsilon: 0.5

n: 26.142857142857142

m: 5.285714285714286

Residual: 0.12823171559695734


epsilon: 0.5

n: 26.142857142857142

m: 5.571428571428571

Residual: 0.18343774429670284


epsilon: 0.5

n: 26.142857142857142

m: 5.857142857142857

Residual: 0.2450807550550013


epsilon: 0.5

n: 26.142857142857142

m: 6.142857142857142

Residual: 0.30096372983258496


epsilon: 0.5

n: 26.142857142857142

m: 6.428571428571429

Residual: 0.3521751945645405


epsilon: 0.5

n: 26.142857142857142

m: 6.714285714285714

Residual: 0.4005061297203023


epsilon: 0.5

n: 26.142857142857142

m: 7.0

Residual: 0.4386196935072279


epsilon: 0.5

n: 30.857142857142858

m: 5.0

Residual: 0.13216748682780494


epsilon: 0.5

n: 30.857142857142858

m: 5.285714285714286

Residual: 0.1524693050978436


epsilon: 0.5

n: 30.857142857142858

m: 5.571428571428571

Residual: 0.2169070769606938


epsilon: 0.5

n: 30.857142857142858

m: 5.857142857142857

Residual: 0.28210033847002125


epsilon: 0.5

n: 30.857142857142858

m: 6.142857142857142

Residual: 0.3375124116225213


epsilon: 0.5

n: 30.857142857142858

m: 6.428571428571429

Residual: 0.3892059540713802


epsilon: 0.5

n: 30.857142857142858

m: 6.714285714285714

Residual: 0.43393593356013527


epsilon: 0.5

n: 30.857142857142858

m: 7.0

Residual: 0.47130323206131153


epsilon: 0.5

n: 35.57142857142857

m: 5.0

Residual: 0.14012396272958455


epsilon: 0.5

n: 35.57142857142857

m: 5.285714285714286

Residual: 0.17910748957005299


epsilon: 0.5

n: 35.57142857142857

m: 5.571428571428571

Residual: 0.24971642765021107


epsilon: 0.5

n: 35.57142857142857

m: 5.857142857142857

Residual: 0.31081479644954024


epsilon: 0.5

n: 35.57142857142857

m: 6.142857142857142

Residual: 0.363124429318726


epsilon: 0.5

n: 35.57142857142857

m: 6.428571428571429

Residual: 0.4118915641743538


epsilon: 0.5

n: 35.57142857142857

m: 6.714285714285714

Residual: 0.4608195384593527


epsilon: 0.5

n: 35.57142857142857

m: 7.0

Residual: 0.49709255648457046


epsilon: 0.5

n: 40.285714285714285

m: 5.0

Residual: 0.15180451242953275


epsilon: 0.5

n: 40.285714285714285

m: 5.285714285714286

Residual: 0.19908343246671736


epsilon: 0.5

n: 40.285714285714285

m: 5.571428571428571

Residual: 0.2666019533010124


epsilon: 0.5

n: 40.285714285714285

m: 5.857142857142857

Residual: 0.3285863614729052


epsilon: 0.5

n: 40.285714285714285

m: 6.142857142857142

Residual: 0.3859082824531108


epsilon: 0.5

n: 40.285714285714285

m: 6.428571428571429

Residual: 0.4332566703046318


epsilon: 0.5

n: 40.285714285714285

m: 6.714285714285714

Residual: 0.4784923112922426


epsilon: 0.5

n: 40.285714285714285

m: 7.0

Residual: 0.5177246610993081


epsilon: 0.5

n: 45.0

m: 5.0

Residual: 0.16322423483034368


epsilon: 0.5

n: 45.0

m: 5.285714285714286

Residual: 0.2147262108881873


epsilon: 0.5

n: 45.0

m: 5.571428571428571

Residual: 0.2858996234868911


epsilon: 0.5

n: 45.0

m: 5.857142857142857

Residual: 0.3499851960052123


epsilon: 0.5

n: 45.0

m: 6.142857142857142

Residual: 0.3994472170018396


epsilon: 0.5

n: 45.0

m: 6.428571428571429

Residual: 0.4526915355373584


epsilon: 0.5

n: 45.0

m: 6.714285714285714

Residual: 0.4900624062393302


epsilon: 0.5

n: 45.0

m: 7.0

Residual: 0.5324756110281192


epsilon: 0.7

n: 12.0

m: 5.0

Residual: 0.3554039018185485


epsilon: 0.7

n: 12.0

m: 5.285714285714286

Residual: 0.29597816349334666


epsilon: 0.7

n: 12.0

m: 5.571428571428571

Residual: 0.23734342413108553


epsilon: 0.7

n: 12.0

m: 5.857142857142857

Residual: 0.18273534261871913


epsilon: 0.7

n: 12.0

m: 6.142857142857142

Residual: 0.13681135800223976


epsilon: 0.7

n: 12.0

m: 6.428571428571429

Residual: 0.09513805391373872


epsilon: 0.7

n: 12.0

m: 6.714285714285714

Residual: 0.061600217373115294


epsilon: 0.7

n: 12.0

m: 7.0

Residual: 0.052378856497919145


epsilon: 0.7

n: 16.714285714285715

m: 5.0

Residual: 0.24306586209304326


epsilon: 0.7

n: 16.714285714285715

m: 5.285714285714286

Residual: 0.18006306170850694


epsilon: 0.7

n: 16.714285714285715

m: 5.571428571428571

Residual: 0.12200327634801712


epsilon: 0.7

n: 16.714285714285715

m: 5.857142857142857

Residual: 0.07474559303892084


epsilon: 0.7

n: 16.714285714285715

m: 6.142857142857142

Residual: 0.03827563788643329


epsilon: 0.7

n: 16.714285714285715

m: 6.428571428571429

Residual: 0.05696282874557807


epsilon: 0.7

n: 16.714285714285715

m: 6.714285714285714

Residual: 0.10547213479173005


epsilon: 0.7

n: 16.714285714285715

m: 7.0

Residual: 0.1539497146630591


epsilon: 0.7

n: 21.42857142857143

m: 5.0

Residual: 0.18329017265769057


epsilon: 0.7

n: 21.42857142857143

m: 5.285714285714286

Residual: 0.12025139450352683


epsilon: 0.7

n: 21.42857142857143

m: 5.571428571428571

Residual: 0.06865103636827335


epsilon: 0.7

n: 21.42857142857143

m: 5.857142857142857

Residual: 0.04541634880024529


epsilon: 0.7

n: 21.42857142857143

m: 6.142857142857142

Residual: 0.08815428173809883


epsilon: 0.7

n: 21.42857142857143

m: 6.428571428571429

Residual: 0.14145843015467646


epsilon: 0.7

n: 21.42857142857143

m: 6.714285714285714

Residual: 0.19096832213214104


epsilon: 0.7

n: 21.42857142857143

m: 7.0

Residual: 0.24038258518678363


epsilon: 0.7

n: 26.142857142857142

m: 5.0

Residual: 0.1468070373781833


epsilon: 0.7

n: 26.142857142857142

m: 5.285714285714286

Residual: 0.09196868962852081


epsilon: 0.7

n: 26.142857142857142

m: 5.571428571428571

Residual: 0.056531730941572156


epsilon: 0.7

n: 26.142857142857142

m: 5.857142857142857

Residual: 0.08361672671927171


epsilon: 0.7

n: 26.142857142857142

m: 6.142857142857142

Residual: 0.1415481376003001


epsilon: 0.7

n: 26.142857142857142

m: 6.428571428571429

Residual: 0.19444220341697302


epsilon: 0.7

n: 26.142857142857142

m: 6.714285714285714

Residual: 0.24228930813179672


epsilon: 0.7

n: 26.142857142857142

m: 7.0

Residual: 0.2932408914022285


epsilon: 0.7

n: 30.857142857142858

m: 5.0

Residual: 0.12587818961169703


epsilon: 0.7

n: 30.857142857142858

m: 5.285714285714286

Residual: 0.08343365141210626


epsilon: 0.7

n: 30.857142857142858

m: 5.571428571428571

Residual: 0.06987717085295578


epsilon: 0.7

n: 30.857142857142858

m: 5.857142857142857

Residual: 0.11861648738840191


epsilon: 0.7

n: 30.857142857142858

m: 6.142857142857142

Residual: 0.17919523294062864


epsilon: 0.7

n: 30.857142857142858

m: 6.428571428571429

Residual: 0.2370650753920046


epsilon: 0.7

n: 30.857142857142858

m: 6.714285714285714

Residual: 0.2823842776448884


epsilon: 0.7

n: 30.857142857142858

m: 7.0

Residual: 0.3291062606153661


epsilon: 0.7

n: 35.57142857142857

m: 5.0

Residual: 0.112140136167524


epsilon: 0.7

n: 35.57142857142857

m: 5.285714285714286

Residual: 0.08197476348996027


epsilon: 0.7

n: 35.57142857142857

m: 5.571428571428571

Residual: 0.08818070169007568


epsilon: 0.7

n: 35.57142857142857

m: 5.857142857142857

Residual: 0.15054990280738567


epsilon: 0.7

n: 35.57142857142857

m: 6.142857142857142

Residual: 0.21256607834841867


epsilon: 0.7

n: 35.57142857142857

m: 6.428571428571429

Residual: 0.26655703322843355


epsilon: 0.7

n: 35.57142857142857

m: 6.714285714285714

Residual: 0.3144063876893601


epsilon: 0.7

n: 35.57142857142857

m: 7.0

Residual: 0.36494792309366225


epsilon: 0.7

n: 40.285714285714285

m: 5.0

Residual: 0.10748279792405195


epsilon: 0.7

n: 40.285714285714285

m: 5.285714285714286

Residual: 0.08817097946271424


epsilon: 0.7

n: 40.285714285714285

m: 5.571428571428571

Residual: 0.10474790580291532


epsilon: 0.7

n: 40.285714285714285

m: 5.857142857142857

Residual: 0.17275664504570437


epsilon: 0.7

n: 40.285714285714285

m: 6.142857142857142

Residual: 0.23480221824586103


epsilon: 0.7

n: 40.285714285714285

m: 6.428571428571429

Residual: 0.2882358575760625


epsilon: 0.7

n: 40.285714285714285

m: 6.714285714285714

Residual: 0.33758056813648907


epsilon: 0.7

n: 40.285714285714285

m: 7.0

Residual: 0.38218168013247206


epsilon: 0.7

n: 45.0

m: 5.0

Residual: 0.10569855798980651


epsilon: 0.7

n: 45.0

m: 5.285714285714286

Residual: 0.09034716348446635


epsilon: 0.7

n: 45.0

m: 5.571428571428571

Residual: 0.12414319694693395


epsilon: 0.7

n: 45.0

m: 5.857142857142857

Residual: 0.19242804405861133


epsilon: 0.7

n: 45.0

m: 6.142857142857142

Residual: 0.25412680957863804


epsilon: 0.7

n: 45.0

m: 6.428571428571429

Residual: 0.3098135226455285


epsilon: 0.7

n: 45.0

m: 6.714285714285714

Residual: 0.3599708384880574


epsilon: 0.7

n: 45.0

m: 7.0

Residual: 0.4054893384930382


epsilon: 0.8999999999999999

n: 12.0

m: 5.0

Residual: 0.46063612507017554


epsilon: 0.8999999999999999

n: 12.0

m: 5.285714285714286

Residual: 0.4053752548874486


epsilon: 0.8999999999999999

n: 12.0

m: 5.571428571428571

Residual: 0.3495961245556785


epsilon: 0.8999999999999999

n: 12.0

m: 5.857142857142857

Residual: 0.29956551193093856


epsilon: 0.8999999999999999

n: 12.0

m: 6.142857142857142

Residual: 0.25387271740847506


epsilon: 0.8999999999999999

n: 12.0

m: 6.428571428571429

Residual: 0.20920861218607092


epsilon: 0.8999999999999999

n: 12.0

m: 6.714285714285714

Residual: 0.16740016179878528


epsilon: 0.8999999999999999

n: 12.0

m: 7.0

Residual: 0.12961667789390083


epsilon: 0.8999999999999999

n: 16.714285714285715

m: 5.0

Residual: 0.35875722217036354


epsilon: 0.8999999999999999

n: 16.714285714285715

m: 5.285714285714286

Residual: 0.29601120971680595


epsilon: 0.8999999999999999

n: 16.714285714285715

m: 5.571428571428571

Residual: 0.2323672621616065


epsilon: 0.8999999999999999

n: 16.714285714285715

m: 5.857142857142857

Residual: 0.17485283055524378


epsilon: 0.8999999999999999

n: 16.714285714285715

m: 6.142857142857142

Residual: 0.12089229788411465


epsilon: 0.8999999999999999

n: 16.714285714285715

m: 6.428571428571429

Residual: 0.0728122724031468


epsilon: 0.8999999999999999

n: 16.714285714285715

m: 6.714285714285714

Residual: 0.05597305738675717


epsilon: 0.8999999999999999

n: 16.714285714285715

m: 7.0

Residual: 0.04962409360888868


epsilon: 0.8999999999999999

n: 21.42857142857143

m: 5.0

Residual: 0.29540978121225914


epsilon: 0.8999999999999999

n: 21.42857142857143

m: 5.285714285714286

Residual: 0.22535758135481507


epsilon: 0.8999999999999999

n: 21.42857142857143

m: 5.571428571428571

Residual: 0.15795905566431845


epsilon: 0.8999999999999999

n: 21.42857142857143

m: 5.857142857142857

Residual: 0.09603534113615148


epsilon: 0.8999999999999999

n: 21.42857142857143

m: 6.142857142857142

Residual: 0.04684327041736026


epsilon: 0.8999999999999999

n: 21.42857142857143

m: 6.428571428571429

Residual: 0.0326742468619174


epsilon: 0.8999999999999999

n: 21.42857142857143

m: 6.714285714285714

Residual: 0.06843415956403623


epsilon: 0.8999999999999999

n: 21.42857142857143

m: 7.0

Residual: 0.1098240955242325


epsilon: 0.8999999999999999

n: 26.142857142857142

m: 5.0

Residual: 0.25001158479404595


epsilon: 0.8999999999999999

n: 26.142857142857142

m: 5.285714285714286

Residual: 0.1765512775603209


epsilon: 0.8999999999999999

n: 26.142857142857142

m: 5.571428571428571

Residual: 0.11293141001854276


epsilon: 0.8999999999999999

n: 26.142857142857142

m: 5.857142857142857

Residual: 0.0535906710866469


epsilon: 0.8999999999999999

n: 26.142857142857142

m: 6.142857142857142

Residual: 0.021601502856213803


epsilon: 0.8999999999999999

n: 26.142857142857142

m: 6.428571428571429

Residual: 0.07404157149100701


epsilon: 0.8999999999999999

n: 26.142857142857142

m: 6.714285714285714

Residual: 0.1277022625271411


epsilon: 0.8999999999999999

n: 26.142857142857142

m: 7.0

Residual: 0.16676098923528215


epsilon: 0.8999999999999999

n: 30.857142857142858

m: 5.0

Residual: 0.21703639049301124


epsilon: 0.8999999999999999

n: 30.857142857142858

m: 5.285714285714286

Residual: 0.14348764481348253


epsilon: 0.8999999999999999

n: 30.857142857142858

m: 5.571428571428571

Residual: 0.08180001975741882


epsilon: 0.8999999999999999

n: 30.857142857142858

m: 5.857142857142857

Residual: 0.030896176794499148


epsilon: 0.8999999999999999

n: 30.857142857142858

m: 6.142857142857142

Residual: 0.05702909093750635


epsilon: 0.8999999999999999

n: 30.857142857142858

m: 6.428571428571429

Residual: 0.10919618948082159


epsilon: 0.8999999999999999

n: 30.857142857142858

m: 6.714285714285714

Residual: 0.16645002619699192


epsilon: 0.8999999999999999

n: 30.857142857142858

m: 7.0

Residual: 0.21201281443898265


epsilon: 0.8999999999999999

n: 35.57142857142857

m: 5.0

Residual: 0.1925098443909296


epsilon: 0.8999999999999999

n: 35.57142857142857

m: 5.285714285714286

Residual: 0.12266922925515122


epsilon: 0.8999999999999999

n: 35.57142857142857

m: 5.571428571428571

Residual: 0.06255644537916324


epsilon: 0.8999999999999999

n: 35.57142857142857

m: 5.857142857142857

Residual: 0.029475357180978937


epsilon: 0.8999999999999999

n: 35.57142857142857

m: 6.142857142857142

Residual: 0.09068648419265425


epsilon: 0.8999999999999999

n: 35.57142857142857

m: 6.428571428571429

Residual: 0.1481030385330584


epsilon: 0.8999999999999999

n: 35.57142857142857

m: 6.714285714285714

Residual: 0.1984244443758331


epsilon: 0.8999999999999999

n: 35.57142857142857

m: 7.0

Residual: 0.24794266993642686


epsilon: 0.8999999999999999

n: 40.285714285714285

m: 5.0

Residual: 0.1728253800687315


epsilon: 0.8999999999999999

n: 40.285714285714285

m: 5.285714285714286

Residual: 0.10480563340423701


epsilon: 0.8999999999999999

n: 40.285714285714285

m: 5.571428571428571

Residual: 0.051934123653353724


epsilon: 0.8999999999999999

n: 40.285714285714285

m: 5.857142857142857

Residual: 0.04765954412295056


epsilon: 0.8999999999999999

n: 40.285714285714285

m: 6.142857142857142

Residual: 0.1106306656715082


epsilon: 0.8999999999999999

n: 40.285714285714285

m: 6.428571428571429

Residual: 0.16940747138731324


epsilon: 0.8999999999999999

n: 40.285714285714285

m: 6.714285714285714

Residual: 0.22837858264107982


epsilon: 0.8999999999999999

n: 40.285714285714285

m: 7.0

Residual: 0.2662702950372096


epsilon: 0.8999999999999999

n: 45.0

m: 5.0

Residual: 0.15720388858870032


epsilon: 0.8999999999999999

n: 45.0

m: 5.285714285714286

Residual: 0.09233419071008862


epsilon: 0.8999999999999999

n: 45.0

m: 5.571428571428571

Residual: 0.052330063409958716


epsilon: 0.8999999999999999

n: 45.0

m: 5.857142857142857

Residual: 0.06574570474491916


epsilon: 0.8999999999999999

n: 45.0

m: 6.142857142857142

Residual: 0.13591841293862247


epsilon: 0.8999999999999999

n: 45.0

m: 6.428571428571429

Residual: 0.19299583276826618


epsilon: 0.8999999999999999

n: 45.0

m: 6.714285714285714

Residual: 0.241055097994589


epsilon: 0.8999999999999999

n: 45.0

m: 7.0

Residual: 0.2930882575029718


epsilon: 1.0999999999999999

n: 12.0

m: 5.0

Residual: 0.5352624255689957


epsilon: 1.0999999999999999

n: 12.0

m: 5.285714285714286

Residual: 0.4858223557153257


epsilon: 1.0999999999999999

n: 12.0

m: 5.571428571428571

Residual: 0.4366298149895101


epsilon: 1.0999999999999999

n: 12.0

m: 5.857142857142857

Residual: 0.3893301103425056


epsilon: 1.0999999999999999

n: 12.0

m: 6.142857142857142

Residual: 0.34401304869686056


epsilon: 1.0999999999999999

n: 12.0

m: 6.428571428571429

Residual: 0.29932046469438234


epsilon: 1.0999999999999999

n: 12.0

m: 6.714285714285714

Residual: 0.25853674679496563


epsilon: 1.0999999999999999

n: 12.0

m: 7.0

Residual: 0.2194272325708094


epsilon: 1.0999999999999999

n: 16.714285714285715

m: 5.0

Residual: 0.4420975542877838


epsilon: 1.0999999999999999

n: 16.714285714285715

m: 5.285714285714286

Residual: 0.384226306372596


epsilon: 1.0999999999999999

n: 16.714285714285715

m: 5.571428571428571

Residual: 0.324230111551733


epsilon: 1.0999999999999999

n: 16.714285714285715

m: 5.857142857142857

Residual: 0.2695286664987898


epsilon: 1.0999999999999999

n: 16.714285714285715

m: 6.142857142857142

Residual: 0.21660125190957247


epsilon: 1.0999999999999999

n: 16.714285714285715

m: 6.428571428571429

Residual: 0.1658622795972236


epsilon: 1.0999999999999999

n: 16.714285714285715

m: 6.714285714285714

Residual: 0.12639840991287388


epsilon: 1.0999999999999999

n: 16.714285714285715

m: 7.0

Residual: 0.09755951578449877


epsilon: 1.0999999999999999

n: 21.42857142857143

m: 5.0

Residual: 0.38459313806728335


epsilon: 1.0999999999999999

n: 21.42857142857143

m: 5.285714285714286

Residual: 0.31872405067188675


epsilon: 1.0999999999999999

n: 21.42857142857143

m: 5.571428571428571

Residual: 0.2557481762399004


epsilon: 1.0999999999999999

n: 21.42857142857143

m: 5.857142857142857

Residual: 0.19460478200481923


epsilon: 1.0999999999999999

n: 21.42857142857143

m: 6.142857142857142

Residual: 0.1395988311652363


epsilon: 1.0999999999999999

n: 21.42857142857143

m: 6.428571428571429

Residual: 0.08780474258690588


epsilon: 1.0999999999999999

n: 21.42857142857143

m: 6.714285714285714

Residual: 0.060319213559015455


epsilon: 1.0999999999999999

n: 21.42857142857143

m: 7.0

Residual: 0.05016854403778028


epsilon: 1.0999999999999999

n: 26.142857142857142

m: 5.0

Residual: 0.3402156487960034


epsilon: 1.0999999999999999

n: 26.142857142857142

m: 5.285714285714286

Residual: 0.27320615653737884


epsilon: 1.0999999999999999

n: 26.142857142857142

m: 5.571428571428571

Residual: 0.20640271411018818


epsilon: 1.0999999999999999

n: 26.142857142857142

m: 5.857142857142857

Residual: 0.14184346352742258


epsilon: 1.0999999999999999

n: 26.142857142857142

m: 6.142857142857142

Residual: 0.0840039254410693


epsilon: 1.0999999999999999

n: 26.142857142857142

m: 6.428571428571429

Residual: 0.04352265697704792


epsilon: 1.0999999999999999

n: 26.142857142857142

m: 6.714285714285714

Residual: 0.04430159274510313


epsilon: 1.0999999999999999

n: 26.142857142857142

m: 7.0

Residual: 0.07754653048615626


epsilon: 1.0999999999999999

n: 30.857142857142858

m: 5.0

Residual: 0.30998212649636814


epsilon: 1.0999999999999999

n: 30.857142857142858

m: 5.285714285714286

Residual: 0.23657852107484417


epsilon: 1.0999999999999999

n: 30.857142857142858

m: 5.571428571428571

Residual: 0.17061852203896916


epsilon: 1.0999999999999999

n: 30.857142857142858

m: 5.857142857142857

Residual: 0.10658232029865512


epsilon: 1.0999999999999999

n: 30.857142857142858

m: 6.142857142857142

Residual: 0.0467214803252016


epsilon: 1.0999999999999999

n: 30.857142857142858

m: 6.428571428571429

Residual: 0.03284696371962732


epsilon: 1.0999999999999999

n: 30.857142857142858

m: 6.714285714285714

Residual: 0.06943196241588015


epsilon: 1.0999999999999999

n: 30.857142857142858

m: 7.0

Residual: 0.11866498898766395


epsilon: 1.0999999999999999

n: 35.57142857142857

m: 5.0

Residual: 0.2850872925481333


epsilon: 1.0999999999999999

n: 35.57142857142857

m: 5.285714285714286

Residual: 0.211521131576863


epsilon: 1.0999999999999999

n: 35.57142857142857

m: 5.571428571428571

Residual: 0.13893074018743456


epsilon: 1.0999999999999999

n: 35.57142857142857

m: 5.857142857142857

Residual: 0.07337754726497277


epsilon: 1.0999999999999999

n: 35.57142857142857

m: 6.142857142857142

Residual: 0.024683140062272388


epsilon: 1.0999999999999999

n: 35.57142857142857

m: 6.428571428571429

Residual: 0.04628801671466427


epsilon: 1.0999999999999999

n: 35.57142857142857

m: 6.714285714285714

Residual: 0.10276744647738063


epsilon: 1.0999999999999999

n: 35.57142857142857

m: 7.0

Residual: 0.15086805761940328


epsilon: 1.0999999999999999

n: 40.285714285714285

m: 5.0

Residual: 0.26797600087003665


epsilon: 1.0999999999999999

n: 40.285714285714285

m: 5.285714285714286

Residual: 0.19028780814410848


epsilon: 1.0999999999999999

n: 40.285714285714285

m: 5.571428571428571

Residual: 0.12072187723059818


epsilon: 1.0999999999999999

n: 40.285714285714285

m: 5.857142857142857

Residual: 0.05373278389099403


epsilon: 1.0999999999999999

n: 40.285714285714285

m: 6.142857142857142

Residual: 0.016341109124683534


epsilon: 1.0999999999999999

n: 40.285714285714285

m: 6.428571428571429

Residual: 0.06785730901015291


epsilon: 1.0999999999999999

n: 40.285714285714285

m: 6.714285714285714

Residual: 0.13056416461091844


epsilon: 1.0999999999999999

n: 40.285714285714285

m: 7.0

Residual: 0.17683493010466986


epsilon: 1.0999999999999999

n: 45.0

m: 5.0

Residual: 0.2509480772488336


epsilon: 1.0999999999999999

n: 45.0

m: 5.285714285714286

Residual: 0.17501771426896295


epsilon: 1.0999999999999999

n: 45.0

m: 5.571428571428571

Residual: 0.10065890224652023


epsilon: 1.0999999999999999

n: 45.0

m: 5.857142857142857

Residual: 0.043091698926089245


epsilon: 1.0999999999999999

n: 45.0

m: 6.142857142857142

Residual: 0.033091876552113576


epsilon: 1.0999999999999999

n: 45.0

m: 6.428571428571429

Residual: 0.0928575576615765


epsilon: 1.0999999999999999

n: 45.0

m: 6.714285714285714

Residual: 0.15459694773014437


epsilon: 1.0999999999999999

n: 45.0

m: 7.0

Residual: 0.19342769984651245


epsilon: 1.3

n: 12.0

m: 5.0

Residual: 0.592437624321196


epsilon: 1.3

n: 12.0

m: 5.285714285714286

Residual: 0.5454534064353311


epsilon: 1.3

n: 12.0

m: 5.571428571428571

Residual: 0.503674981643254


epsilon: 1.3

n: 12.0

m: 5.857142857142857

Residual: 0.45681667843202844


epsilon: 1.3

n: 12.0

m: 6.142857142857142

Residual: 0.41744005806153706


epsilon: 1.3

n: 12.0

m: 6.428571428571429

Residual: 0.37592649518226384


epsilon: 1.3

n: 12.0

m: 6.714285714285714

Residual: 0.3351315088001743


epsilon: 1.3

n: 12.0

m: 7.0

Residual: 0.2948421210120129


epsilon: 1.3

n: 16.714285714285715

m: 5.0

Residual: 0.5077866526366662


epsilon: 1.3

n: 16.714285714285715

m: 5.285714285714286

Residual: 0.450781102984914


epsilon: 1.3

n: 16.714285714285715

m: 5.571428571428571

Residual: 0.3973647931348796


epsilon: 1.3

n: 16.714285714285715

m: 5.857142857142857

Residual: 0.3435745422536083


epsilon: 1.3

n: 16.714285714285715

m: 6.142857142857142

Residual: 0.2936089102181468


epsilon: 1.3

n: 16.714285714285715

m: 6.428571428571429

Residual: 0.24598571485317994


epsilon: 1.3

n: 16.714285714285715

m: 6.714285714285714

Residual: 0.20102736775776822


epsilon: 1.3

n: 16.714285714285715

m: 7.0

Residual: 0.16417461525798235


epsilon: 1.3

n: 21.42857142857143

m: 5.0

Residual: 0.452525227901072


epsilon: 1.3

n: 21.42857142857143

m: 5.285714285714286

Residual: 0.39364250291596575


epsilon: 1.3

n: 21.42857142857143

m: 5.571428571428571

Residual: 0.32970483955005064


epsilon: 1.3

n: 21.42857142857143

m: 5.857142857142857

Residual: 0.2721139650990664


epsilon: 1.3

n: 21.42857142857143

m: 6.142857142857142

Residual: 0.22257975115141812


epsilon: 1.3

n: 21.42857142857143

m: 6.428571428571429

Residual: 0.1678223049419061


epsilon: 1.3

n: 21.42857142857143

m: 6.714285714285714

Residual: 0.12064265314025395


epsilon: 1.3

n: 21.42857142857143

m: 7.0

Residual: 0.10526555886525074


epsilon: 1.3

n: 26.142857142857142

m: 5.0

Residual: 0.41267497529956115


epsilon: 1.3

n: 26.142857142857142

m: 5.285714285714286

Residual: 0.34809839539485954


epsilon: 1.3

n: 26.142857142857142

m: 5.571428571428571

Residual: 0.2851277760907255


epsilon: 1.3

n: 26.142857142857142

m: 5.857142857142857

Residual: 0.22131236305528948


epsilon: 1.3

n: 26.142857142857142

m: 6.142857142857142

Residual: 0.16320471626420777


epsilon: 1.3

n: 26.142857142857142

m: 6.428571428571429

Residual: 0.112860154935355


epsilon: 1.3

n: 26.142857142857142

m: 6.714285714285714

Residual: 0.07557816462154147


epsilon: 1.3

n: 26.142857142857142

m: 7.0

Residual: 0.07330040068080577


epsilon: 1.3

n: 30.857142857142858

m: 5.0

Residual: 0.3833059787075711


epsilon: 1.3

n: 30.857142857142858

m: 5.285714285714286

Residual: 0.3157315215038574


epsilon: 1.3

n: 30.857142857142858

m: 5.571428571428571

Residual: 0.24958035050284458


epsilon: 1.3

n: 30.857142857142858

m: 5.857142857142857

Residual: 0.18535890191642126


epsilon: 1.3

n: 30.857142857142858

m: 6.142857142857142

Residual: 0.12866687042075614


epsilon: 1.3

n: 30.857142857142858

m: 6.428571428571429

Residual: 0.07592809503302406


epsilon: 1.3

n: 30.857142857142858

m: 6.714285714285714

Residual: 0.0593342066952075


epsilon: 1.3

n: 30.857142857142858

m: 7.0

Residual: 0.05966180211982415


epsilon: 1.3

n: 35.57142857142857

m: 5.0

Residual: 0.35941805911367786


epsilon: 1.3

n: 35.57142857142857

m: 5.285714285714286

Residual: 0.29065409835009703


epsilon: 1.3

n: 35.57142857142857

m: 5.571428571428571

Residual: 0.2214621252737015


epsilon: 1.3

n: 35.57142857142857

m: 5.857142857142857

Residual: 0.15711518108970193


epsilon: 1.3

n: 35.57142857142857

m: 6.142857142857142

Residual: 0.0940354961159854


epsilon: 1.3

n: 35.57142857142857

m: 6.428571428571429

Residual: 0.05747680883821262


epsilon: 1.3

n: 35.57142857142857

m: 6.714285714285714

Residual: 0.04767185694195458


epsilon: 1.3

n: 35.57142857142857

m: 7.0

Residual: 0.06998246450716959


epsilon: 1.3

n: 40.285714285714285

m: 5.0

Residual: 0.3412429655626237


epsilon: 1.3

n: 40.285714285714285

m: 5.285714285714286

Residual: 0.2701497028328545


epsilon: 1.3

n: 40.285714285714285

m: 5.571428571428571

Residual: 0.20153840021019653


epsilon: 1.3

n: 40.285714285714285

m: 5.857142857142857

Residual: 0.13260893326748868


epsilon: 1.3

n: 40.285714285714285

m: 6.142857142857142

Residual: 0.07276864553639671


epsilon: 1.3

n: 40.285714285714285

m: 6.428571428571429

Residual: 0.03777916104968403


epsilon: 1.3

n: 40.285714285714285

m: 6.714285714285714

Residual: 0.05289353624346197


epsilon: 1.3

n: 40.285714285714285

m: 7.0

Residual: 0.09173935091744471


epsilon: 1.3

n: 45.0

m: 5.0

Residual: 0.32739505940666974


epsilon: 1.3

n: 45.0

m: 5.285714285714286

Residual: 0.25534990421516734


epsilon: 1.3

n: 45.0

m: 5.571428571428571

Residual: 0.18337723705592926


epsilon: 1.3

n: 45.0

m: 5.857142857142857

Residual: 0.11344339742944662


epsilon: 1.3

n: 45.0

m: 6.142857142857142

Residual: 0.05096162351876402


epsilon: 1.3

n: 45.0

m: 6.428571428571429

Residual: 0.024517383990928128


epsilon: 1.3

n: 45.0

m: 6.714285714285714

Residual: 0.06308225040980589


epsilon: 1.3

n: 45.0

m: 7.0

Residual: 0.11392670083233668


epsilon: 1.5

n: 12.0

m: 5.0

Residual: 0.6361041146327029


epsilon: 1.5

n: 12.0

m: 5.285714285714286

Residual: 0.5947192257015657


epsilon: 1.5

n: 12.0

m: 5.571428571428571

Residual: 0.5546429404086177


epsilon: 1.5

n: 12.0

m: 5.857142857142857

Residual: 0.5113430289264359


epsilon: 1.5

n: 12.0

m: 6.142857142857142

Residual: 0.4731093735285087


epsilon: 1.5

n: 12.0

m: 6.428571428571429

Residual: 0.43396029109570244


epsilon: 1.5

n: 12.0

m: 6.714285714285714

Residual: 0.3961186967987635


epsilon: 1.5

n: 12.0

m: 7.0

Residual: 0.3612361295600309


epsilon: 1.5

n: 16.714285714285715

m: 5.0

Residual: 0.5598938273423898


epsilon: 1.5

n: 16.714285714285715

m: 5.285714285714286

Residual: 0.5070857127153203


epsilon: 1.5

n: 16.714285714285715

m: 5.571428571428571

Residual: 0.45421913355120724


epsilon: 1.5

n: 16.714285714285715

m: 5.857142857142857

Residual: 0.40480408226439757


epsilon: 1.5

n: 16.714285714285715

m: 6.142857142857142

Residual: 0.35720316048866757


epsilon: 1.5

n: 16.714285714285715

m: 6.428571428571429

Residual: 0.30812747599227297


epsilon: 1.5

n: 16.714285714285715

m: 6.714285714285714

Residual: 0.267934428636231


epsilon: 1.5

n: 16.714285714285715

m: 7.0

Residual: 0.22863394491889283


epsilon: 1.5

n: 21.42857142857143

m: 5.0

Residual: 0.507082694553571


epsilon: 1.5

n: 21.42857142857143

m: 5.285714285714286

Residual: 0.45200887939566037


epsilon: 1.5

n: 21.42857142857143

m: 5.571428571428571

Residual: 0.3941106328635044


epsilon: 1.5

n: 21.42857142857143

m: 5.857142857142857

Residual: 0.33817484585182034


epsilon: 1.5

n: 21.42857142857143

m: 6.142857142857142

Residual: 0.28557521130749236


epsilon: 1.5

n: 21.42857142857143

m: 6.428571428571429

Residual: 0.2357274529107325


epsilon: 1.5

n: 21.42857142857143

m: 6.714285714285714

Residual: 0.18841912568962155


epsilon: 1.5

n: 21.42857142857143

m: 7.0

Residual: 0.1547459690146519


epsilon: 1.5

n: 26.142857142857142

m: 5.0

Residual: 0.47076139812595563


epsilon: 1.5

n: 26.142857142857142

m: 5.285714285714286

Residual: 0.40721086185916866


epsilon: 1.5

n: 26.142857142857142

m: 5.571428571428571

Residual: 0.3491346803837387


epsilon: 1.5

n: 26.142857142857142

m: 5.857142857142857

Residual: 0.29127037573819564


epsilon: 1.5

n: 26.142857142857142

m: 6.142857142857142

Residual: 0.23256365666845788


epsilon: 1.5

n: 26.142857142857142

m: 6.428571428571429

Residual: 0.17364668401125358


epsilon: 1.5

n: 26.142857142857142

m: 6.714285714285714

Residual: 0.13698252263294783


epsilon: 1.5

n: 26.142857142857142

m: 7.0

Residual: 0.11389687353811415


epsilon: 1.5

n: 30.857142857142858

m: 5.0

Residual: 0.44443374769079613


epsilon: 1.5

n: 30.857142857142858

m: 5.285714285714286

Residual: 0.37944145735689144


epsilon: 1.5

n: 30.857142857142858

m: 5.571428571428571

Residual: 0.3167483897983168


epsilon: 1.5

n: 30.857142857142858

m: 5.857142857142857

Residual: 0.2563249061956692


epsilon: 1.5

n: 30.857142857142858

m: 6.142857142857142

Residual: 0.19506139904220707


epsilon: 1.5

n: 30.857142857142858

m: 6.428571428571429

Residual: 0.14062490366882383


epsilon: 1.5

n: 30.857142857142858

m: 6.714285714285714

Residual: 0.10590210709748553


epsilon: 1.5

n: 30.857142857142858

m: 7.0

Residual: 0.08919351768122072


epsilon: 1.5

n: 35.57142857142857

m: 5.0

Residual: 0.42058726618440606


epsilon: 1.5

n: 35.57142857142857

m: 5.285714285714286

Residual: 0.355361107944333


epsilon: 1.5

n: 35.57142857142857

m: 5.571428571428571

Residual: 0.2910630807344125


epsilon: 1.5

n: 35.57142857142857

m: 5.857142857142857

Residual: 0.22636721715295122


epsilon: 1.5

n: 35.57142857142857

m: 6.142857142857142

Residual: 0.1658365840806446


epsilon: 1.5

n: 35.57142857142857

m: 6.428571428571429

Residual: 0.1049804700384585


epsilon: 1.5

n: 35.57142857142857

m: 6.714285714285714

Residual: 0.08016284867155266


epsilon: 1.5

n: 35.57142857142857

m: 7.0

Residual: 0.07560938562031147


epsilon: 1.5

n: 40.285714285714285

m: 5.0

Residual: 0.4034178140962866


epsilon: 1.5

n: 40.285714285714285

m: 5.285714285714286

Residual: 0.33607324721854254


epsilon: 1.5

n: 40.285714285714285

m: 5.571428571428571

Residual: 0.27065251877388463


epsilon: 1.5

n: 40.285714285714285

m: 5.857142857142857

Residual: 0.20659416962670862


epsilon: 1.5

n: 40.285714285714285

m: 6.142857142857142

Residual: 0.14354402641854327


epsilon: 1.5

n: 40.285714285714285

m: 6.428571428571429

Residual: 0.08975131847321652


epsilon: 1.5

n: 40.285714285714285

m: 6.714285714285714

Residual: 0.06694783733018259


epsilon: 1.5

n: 40.285714285714285

m: 7.0

Residual: 0.07501740989782202


epsilon: 1.5

n: 45.0

m: 5.0

Residual: 0.3894012873499


epsilon: 1.5

n: 45.0

m: 5.285714285714286

Residual: 0.3193753868090046


epsilon: 1.5

n: 45.0

m: 5.571428571428571

Residual: 0.2507090997213495


epsilon: 1.5

n: 45.0

m: 5.857142857142857

Residual: 0.18617524061959942


epsilon: 1.5

n: 45.0

m: 6.142857142857142

Residual: 0.12444550345963637


epsilon: 1.5

n: 45.0

m: 6.428571428571429

Residual: 0.07135811975971164


epsilon: 1.5

n: 45.0

m: 6.714285714285714

Residual: 0.054282151514797795


epsilon: 1.5

n: 45.0

m: 7.0

Residual: 0.07047265012518554


