epsilon: 0.25

m: 4.0

Residual: 0.18323920295339427


epsilon: 0.25

m: 4.0

Residual: 0.18018963028536733


epsilon: 0.25

m: 4.041666666666667

Residual: 0.17633741689846685


epsilon: 0.25

m: 4.083333333333333

Residual: 0.18148537566945008


epsilon: 0.25

m: 4.125

Residual: 0.18239826249918772


epsilon: 0.25

m: 4.166666666666667

Residual: 0.19593604600369166


epsilon: 0.25

m: 4.208333333333333

Residual: 0.20597897015892577


epsilon: 0.25

m: 4.25

Residual: 0.2249900076757435


epsilon: 0.25

m: 4.291666666666667

Residual: 0.24865217615910193


epsilon: 0.25

m: 4.333333333333333

Residual: 0.27085505076270633


epsilon: 0.25

m: 4.375

Residual: 0.29235626748252613


epsilon: 0.25

m: 4.416666666666667

Residual: 0.3115256004341832


epsilon: 0.25

m: 4.458333333333333

Residual: 0.3372574550601854


epsilon: 0.25

m: 4.5

Residual: 0.37005999188148203


epsilon: 0.25

m: 4.541666666666667

Residual: 0.3885905117102583


epsilon: 0.25

m: 4.583333333333333

Residual: 0.4171877259054177


epsilon: 0.25

m: 4.625

Residual: 0.44402988874504773


epsilon: 0.25

m: 4.666666666666667

Residual: 0.46950755389875903


epsilon: 0.25

m: 4.708333333333333

Residual: 0.49564502469453475


epsilon: 0.25

m: 4.75

Residual: 0.5129350826141653


epsilon: 0.25

m: 4.791666666666667

Residual: 0.5466962129830037


epsilon: 0.25

m: 4.833333333333333

Residual: 0.563792645828189


epsilon: 0.25

m: 4.875

Residual: 0.5644533153202054


epsilon: 0.25

m: 4.916666666666667

Residual: 0.5771974098713973


epsilon: 0.25

m: 4.958333333333333

Residual: 0.6132811408237184


epsilon: 0.25

m: 5.0

Residual: 0.6079472068709186


epsilon: 0.3229166666666667

m: 4.0

Residual: 0.19175846685377596


epsilon: 0.3229166666666667

m: 4.041666666666667

Residual: 0.16822065010588758


epsilon: 0.3229166666666667

m: 4.083333333333333

Residual: 0.15645598849467296


epsilon: 0.3229166666666667

m: 4.125

Residual: 0.15854271552723487


epsilon: 0.3229166666666667

m: 4.166666666666667

Residual: 0.154087855082351


epsilon: 0.3229166666666667

m: 4.208333333333333

Residual: 0.1484267796868612


epsilon: 0.3229166666666667

m: 4.25

Residual: 0.14659356566243908


epsilon: 0.3229166666666667

m: 4.291666666666667

Residual: 0.16345815620023976


epsilon: 0.3229166666666667

m: 4.333333333333333

Residual: 0.1784991012530393


epsilon: 0.3229166666666667

m: 4.375

Residual: 0.18999314161062963


epsilon: 0.3229166666666667

m: 4.416666666666667

Residual: 0.2043118547648345


epsilon: 0.3229166666666667

m: 4.458333333333333

Residual: 0.23215527712882317


epsilon: 0.3229166666666667

m: 4.5

Residual: 0.26557127265171904


epsilon: 0.3229166666666667

m: 4.541666666666667

Residual: 0.27967494888430494


epsilon: 0.3229166666666667

m: 4.583333333333333

Residual: 0.3064658075163446


epsilon: 0.3229166666666667

m: 4.625

Residual: 0.3556663425626931


epsilon: 0.3229166666666667

m: 4.666666666666667

Residual: 0.38181854104935126


epsilon: 0.3229166666666667

m: 4.708333333333333

Residual: 0.3935538530403932


epsilon: 0.3229166666666667

m: 4.75

Residual: 0.41774686252462595


epsilon: 0.3229166666666667

m: 4.791666666666667

Residual: 0.4447045409320883


epsilon: 0.3229166666666667

m: 4.833333333333333

Residual: 0.4515818777905729


epsilon: 0.3229166666666667

m: 4.875

Residual: 0.4633299489082334


epsilon: 0.3229166666666667

m: 4.916666666666667

Residual: 0.4913176070124982


epsilon: 0.3229166666666667

m: 4.958333333333333

Residual: 0.5220176906744528


epsilon: 0.3229166666666667

m: 5.0

Residual: 0.5452627489714141


epsilon: 0.39583333333333337

m: 4.0

Residual: 0.2549035668800443


epsilon: 0.39583333333333337

m: 4.041666666666667

Residual: 0.22777675633505082


epsilon: 0.39583333333333337

m: 4.083333333333333

Residual: 0.190470040544855


epsilon: 0.39583333333333337

m: 4.125

Residual: 0.1727112548240964


epsilon: 0.39583333333333337

m: 4.166666666666667

Residual: 0.14962965631720407


epsilon: 0.39583333333333337

m: 4.208333333333333

Residual: 0.13272112712401635


epsilon: 0.39583333333333337

m: 4.25

Residual: 0.1302981543729252


epsilon: 0.39583333333333337

m: 4.291666666666667

Residual: 0.12409223155473766


epsilon: 0.39583333333333337

m: 4.333333333333333

Residual: 0.11658783276006765


epsilon: 0.39583333333333337

m: 4.375

Residual: 0.1250577689287803


epsilon: 0.39583333333333337

m: 4.416666666666667

Residual: 0.13074416227869373


epsilon: 0.39583333333333337

m: 4.458333333333333

Residual: 0.1573688810461774


epsilon: 0.39583333333333337

m: 4.5

Residual: 0.17507052572768123


epsilon: 0.39583333333333337

m: 4.541666666666667

Residual: 0.18341029447903182


epsilon: 0.39583333333333337

m: 4.583333333333333

Residual: 0.21657974130250565


epsilon: 0.39583333333333337

m: 4.625

Residual: 0.2350710989740242


epsilon: 0.39583333333333337

m: 4.666666666666667

Residual: 0.27258027012346436


epsilon: 0.39583333333333337

m: 4.708333333333333

Residual: 0.28857996981433387


epsilon: 0.39583333333333337

m: 4.75

Residual: 0.3233671928562967


epsilon: 0.39583333333333337

m: 4.791666666666667

Residual: 0.36631520667695916


epsilon: 0.39583333333333337

m: 4.833333333333333

Residual: 0.3640759179099631


epsilon: 0.39583333333333337

m: 4.875

Residual: 0.3956196519315151


epsilon: 0.39583333333333337

m: 4.916666666666667

Residual: 0.4100614728088319


epsilon: 0.39583333333333337

m: 4.958333333333333

Residual: 0.4596659968441861


epsilon: 0.39583333333333337

m: 5.0

Residual: 0.45258693129239513


epsilon: 0.46875

m: 4.0

Residual: 0.31723143837169326


epsilon: 0.46875

m: 4.041666666666667

Residual: 0.287616094193082


epsilon: 0.46875

m: 4.083333333333333

Residual: 0.2525823684932248


epsilon: 0.46875

m: 4.125

Residual: 0.23094140007276043


epsilon: 0.46875

m: 4.166666666666667

Residual: 0.20203286954048838


epsilon: 0.46875

m: 4.208333333333333

Residual: 0.17278174931392049


epsilon: 0.46875

m: 4.25

Residual: 0.14957542622932082


epsilon: 0.46875

m: 4.291666666666667

Residual: 0.11779029554746744


epsilon: 0.46875

m: 4.333333333333333

Residual: 0.11784299054717919


epsilon: 0.46875

m: 4.375

Residual: 0.10118490305190996


epsilon: 0.46875

m: 4.416666666666667

Residual: 0.09351611597792024


epsilon: 0.46875

m: 4.458333333333333

Residual: 0.1160423226631356


epsilon: 0.46875

m: 4.5

Residual: 0.11926800662905937


epsilon: 0.46875

m: 4.541666666666667

Residual: 0.12591805921807336


epsilon: 0.46875

m: 4.583333333333333

Residual: 0.14998685026996367


epsilon: 0.46875

m: 4.625

Residual: 0.17107178926960942


epsilon: 0.46875

m: 4.666666666666667

Residual: 0.21191085525700434


epsilon: 0.46875

m: 4.708333333333333

Residual: 0.2513553776243088


epsilon: 0.46875

m: 4.75

Residual: 0.2573474593609232


epsilon: 0.46875

m: 4.791666666666667

Residual: 0.2730339834902942


epsilon: 0.46875

m: 4.833333333333333

Residual: 0.31193290872704144


epsilon: 0.46875

m: 4.875

Residual: 0.32039588438482297


epsilon: 0.46875

m: 4.916666666666667

Residual: 0.3523082854207517


epsilon: 0.46875

m: 4.958333333333333

Residual: 0.3652533582446062


epsilon: 0.46875

m: 5.0

Residual: 0.4082274914719774


epsilon: 0.5416666666666667

m: 4.0

Residual: 0.38023954328785037


epsilon: 0.5416666666666667

m: 4.041666666666667

Residual: 0.3469866420352428


epsilon: 0.5416666666666667

m: 4.083333333333333

Residual: 0.31871087063651726


epsilon: 0.5416666666666667

m: 4.125

Residual: 0.28659493733159463


epsilon: 0.5416666666666667

m: 4.166666666666667

Residual: 0.25604897886070993


epsilon: 0.5416666666666667

m: 4.208333333333333

Residual: 0.2304990428397967


epsilon: 0.5416666666666667

m: 4.25

Residual: 0.20615337653916635


epsilon: 0.5416666666666667

m: 4.291666666666667

Residual: 0.17134413082080627


epsilon: 0.5416666666666667

m: 4.333333333333333

Residual: 0.15726480536689208


epsilon: 0.5416666666666667

m: 4.375

Residual: 0.12178873520032049


epsilon: 0.5416666666666667

m: 4.416666666666667

Residual: 0.10785006631209089


epsilon: 0.5416666666666667

m: 4.458333333333333

Residual: 0.08167090259951995


epsilon: 0.5416666666666667

m: 4.5

Residual: 0.06743500428852334


epsilon: 0.5416666666666667

m: 4.541666666666667

Residual: 0.07893126534349092


epsilon: 0.5416666666666667

m: 4.583333333333333

Residual: 0.08259268041389303


epsilon: 0.5416666666666667

m: 4.625

Residual: 0.09877739848025546


epsilon: 0.5416666666666667

m: 4.666666666666667

Residual: 0.1229708435094742


epsilon: 0.5416666666666667

m: 4.708333333333333

Residual: 0.1490732170507163


epsilon: 0.5416666666666667

m: 4.75

Residual: 0.187495211697006


epsilon: 0.5416666666666667

m: 4.791666666666667

Residual: 0.19898555031723072


epsilon: 0.5416666666666667

m: 4.833333333333333

Residual: 0.21869826850344423


epsilon: 0.5416666666666667

m: 4.875

Residual: 0.2647724826021716


epsilon: 0.5416666666666667

m: 4.916666666666667

Residual: 0.26130828562185726


epsilon: 0.5416666666666667

m: 4.958333333333333

Residual: 0.3303336401651656


epsilon: 0.5416666666666667

m: 5.0

Residual: 0.31376784550238296


epsilon: 0.6145833333333334

m: 4.0

Residual: 0.4310145478783656


epsilon: 0.6145833333333334

m: 4.041666666666667

Residual: 0.4037785472203601


epsilon: 0.6145833333333334

m: 4.083333333333333

Residual: 0.372383463074438


epsilon: 0.6145833333333334

m: 4.125

Residual: 0.3412681709147627


epsilon: 0.6145833333333334

m: 4.166666666666667

Residual: 0.3118477948214693


epsilon: 0.6145833333333334

m: 4.208333333333333

Residual: 0.2806511787514094


epsilon: 0.6145833333333334

m: 4.25

Residual: 0.27038339921350474


epsilon: 0.6145833333333334

m: 4.291666666666667

Residual: 0.22934756726345368


epsilon: 0.6145833333333334

m: 4.333333333333333

Residual: 0.19335091870266496


epsilon: 0.6145833333333334

m: 4.375

Residual: 0.1665799271285193


epsilon: 0.6145833333333334

m: 4.416666666666667

Residual: 0.13658634402171135


epsilon: 0.6145833333333334

m: 4.458333333333333

Residual: 0.10838617915261121


epsilon: 0.6145833333333334

m: 4.5

Residual: 0.09232923360011287


epsilon: 0.6145833333333334

m: 4.541666666666667

Residual: 0.0625510458687197


epsilon: 0.6145833333333334

m: 4.583333333333333

Residual: 0.05439776695433124


epsilon: 0.6145833333333334

m: 4.625

Residual: 0.06066884521731292


epsilon: 0.6145833333333334

m: 4.666666666666667

Residual: 0.07288305349167683


epsilon: 0.6145833333333334

m: 4.708333333333333

Residual: 0.11179188542068161


epsilon: 0.6145833333333334

m: 4.75

Residual: 0.10352450566141225


epsilon: 0.6145833333333334

m: 4.791666666666667

Residual: 0.1414511106709428


epsilon: 0.6145833333333334

m: 4.833333333333333

Residual: 0.18296337009821353


epsilon: 0.6145833333333334

m: 4.875

Residual: 0.2037355478360999


epsilon: 0.6145833333333334

m: 4.916666666666667

Residual: 0.21181161100314808


epsilon: 0.6145833333333334

m: 4.958333333333333

Residual: 0.24659017079573073


epsilon: 0.6145833333333334

m: 5.0

Residual: 0.29225468057906934


epsilon: 0.6875

m: 4.0

Residual: 0.47576589238038036


epsilon: 0.6875

m: 4.041666666666667

Residual: 0.4476321515537023


epsilon: 0.6875

m: 4.083333333333333

Residual: 0.41321172771859194


epsilon: 0.6875

m: 4.125

Residual: 0.38618612668678054


epsilon: 0.6875

m: 4.166666666666667

Residual: 0.36203632754480125


epsilon: 0.6875

m: 4.208333333333333

Residual: 0.33293628926902114


epsilon: 0.6875

m: 4.25

Residual: 0.30324636966448165


epsilon: 0.6875

m: 4.291666666666667

Residual: 0.26902095740427157


epsilon: 0.6875

m: 4.333333333333333

Residual: 0.2435243269992657


epsilon: 0.6875

m: 4.375

Residual: 0.24630283460900196


epsilon: 0.6875

m: 4.416666666666667

Residual: 0.1826139955369199


epsilon: 0.6875

m: 4.458333333333333

Residual: 0.15841784332700282


epsilon: 0.6875

m: 4.5

Residual: 0.14292064450741618


epsilon: 0.6875

m: 4.541666666666667

Residual: 0.10124315838108042


epsilon: 0.6875

m: 4.583333333333333

Residual: 0.0773392339949894


epsilon: 0.6875

m: 4.625

Residual: 0.05616374254079256


epsilon: 0.6875

m: 4.666666666666667

Residual: 0.033092641669404614


epsilon: 0.6875

m: 4.708333333333333

Residual: 0.06515163311599183


epsilon: 0.6875

m: 4.75

Residual: 0.06662553077604087


epsilon: 0.6875

m: 4.791666666666667

Residual: 0.10975552638230511


epsilon: 0.6875

m: 4.833333333333333

Residual: 0.09667856243083672


epsilon: 0.6875

m: 4.875

Residual: 0.14541960059096073


epsilon: 0.6875

m: 4.916666666666667

Residual: 0.18535801234301474


epsilon: 0.6875

m: 4.958333333333333

Residual: 0.21084728133080433


epsilon: 0.6875

m: 5.0

Residual: 0.20865401277827703


epsilon: 0.7604166666666667

m: 4.0

Residual: 0.5113258462403638


epsilon: 0.7604166666666667

m: 4.041666666666667

Residual: 0.48653033377822136


epsilon: 0.7604166666666667

m: 4.083333333333333

Residual: 0.4616692637163688


epsilon: 0.7604166666666667

m: 4.125

Residual: 0.4302025375094801


epsilon: 0.7604166666666667

m: 4.166666666666667

Residual: 0.40160181520811045


epsilon: 0.7604166666666667

m: 4.208333333333333

Residual: 0.37096047329086945


epsilon: 0.7604166666666667

m: 4.25

Residual: 0.3400017572975638


epsilon: 0.7604166666666667

m: 4.291666666666667

Residual: 0.31366299147206433


epsilon: 0.7604166666666667

m: 4.333333333333333

Residual: 0.2893915704160606


epsilon: 0.7604166666666667

m: 4.375

Residual: 0.2556574386556341


epsilon: 0.7604166666666667

m: 4.416666666666667

Residual: 0.22859233248332503


epsilon: 0.7604166666666667

m: 4.458333333333333

Residual: 0.20419188577601852


epsilon: 0.7604166666666667

m: 4.5

Residual: 0.17102278234965923


epsilon: 0.7604166666666667

m: 4.541666666666667

Residual: 0.15049278208485667


epsilon: 0.7604166666666667

m: 4.583333333333333

Residual: 0.12446152347281028


epsilon: 0.7604166666666667

m: 4.625

Residual: 0.08838483437904641


epsilon: 0.7604166666666667

m: 4.666666666666667

Residual: 0.06554388578592975


epsilon: 0.7604166666666667

m: 4.708333333333333

Residual: 0.051758294921608224


epsilon: 0.7604166666666667

m: 4.75

Residual: 0.02653304692598408


epsilon: 0.7604166666666667

m: 4.791666666666667

Residual: 0.06054854101034431


epsilon: 0.7604166666666667

m: 4.833333333333333

Residual: 0.056101705129529604


epsilon: 0.7604166666666667

m: 4.875

Residual: 0.0828837941547929


epsilon: 0.7604166666666667

m: 4.916666666666667

Residual: 0.12625350065879712


epsilon: 0.7604166666666667

m: 4.958333333333333

Residual: 0.14634405667062264


epsilon: 0.7604166666666667

m: 5.0

Residual: 0.17566343289284211


epsilon: 0.8333333333333334

m: 4.0

Residual: 0.5449489337888835


epsilon: 0.8333333333333334

m: 4.041666666666667

Residual: 0.5144466250410099


epsilon: 0.8333333333333334

m: 4.083333333333333

Residual: 0.4964679483545508


epsilon: 0.8333333333333334

m: 4.125

Residual: 0.46498405720685276


epsilon: 0.8333333333333334

m: 4.166666666666667

Residual: 0.43829463785570305


epsilon: 0.8333333333333334

m: 4.208333333333333

Residual: 0.41738642498743667


epsilon: 0.8333333333333334

m: 4.25

Residual: 0.3856296497742842


epsilon: 0.8333333333333334

m: 4.291666666666667

Residual: 0.3607828899158306


epsilon: 0.8333333333333334

m: 4.333333333333333

Residual: 0.3239631375986801


epsilon: 0.8333333333333334

m: 4.375

Residual: 0.2976802987637093


epsilon: 0.8333333333333334

m: 4.416666666666667

Residual: 0.2672943783230207


epsilon: 0.8333333333333334

m: 4.458333333333333

Residual: 0.2465634131231078


epsilon: 0.8333333333333334

m: 4.5

Residual: 0.21820731059968876


epsilon: 0.8333333333333334

m: 4.541666666666667

Residual: 0.1829969787702083


epsilon: 0.8333333333333334

m: 4.583333333333333

Residual: 0.1602321092216311


epsilon: 0.8333333333333334

m: 4.625

Residual: 0.1331958442230648


epsilon: 0.8333333333333334

m: 4.666666666666667

Residual: 0.13668326632570074


epsilon: 0.8333333333333334

m: 4.708333333333333

Residual: 0.07794264261836888


epsilon: 0.8333333333333334

m: 4.75

Residual: 0.06524423301889433


epsilon: 0.8333333333333334

m: 4.791666666666667

Residual: 0.05822664324695536


epsilon: 0.8333333333333334

m: 4.833333333333333

Residual: 0.03555165559654858


epsilon: 0.8333333333333334

m: 4.875

Residual: 0.03566651118768029


epsilon: 0.8333333333333334

m: 4.916666666666667

Residual: 0.06413343820519864


epsilon: 0.8333333333333334

m: 4.958333333333333

Residual: 0.11822903803191984


epsilon: 0.8333333333333334

m: 5.0

Residual: 0.1545624065346493


epsilon: 0.90625

m: 4.0

Residual: 0.5776263582159357


epsilon: 0.90625

m: 4.041666666666667

Residual: 0.5508348106638293


epsilon: 0.90625

m: 4.083333333333333

Residual: 0.5241461915377783


epsilon: 0.90625

m: 4.125

Residual: 0.5005150043491455


epsilon: 0.90625

m: 4.166666666666667

Residual: 0.47497344783986556


epsilon: 0.90625

m: 4.208333333333333

Residual: 0.4502736919962738


epsilon: 0.90625

m: 4.25

Residual: 0.4212426914881931


epsilon: 0.90625

m: 4.291666666666667

Residual: 0.3910900130403019


epsilon: 0.90625

m: 4.333333333333333

Residual: 0.36569340166556835


epsilon: 0.90625

m: 4.375

Residual: 0.33667062211974774


epsilon: 0.90625

m: 4.416666666666667

Residual: 0.30877877046422225


epsilon: 0.90625

m: 4.458333333333333

Residual: 0.2850394618027237


epsilon: 0.90625

m: 4.5

Residual: 0.25447178632528245


epsilon: 0.90625

m: 4.541666666666667

Residual: 0.22251315229071908


epsilon: 0.90625

m: 4.583333333333333

Residual: 0.19649719229295423


epsilon: 0.90625

m: 4.625

Residual: 0.18014086136728893


epsilon: 0.90625

m: 4.666666666666667

Residual: 0.14456180644032607


epsilon: 0.90625

m: 4.708333333333333

Residual: 0.11315090002653917


epsilon: 0.90625

m: 4.75

Residual: 0.10872102851729008


epsilon: 0.90625

m: 4.791666666666667

Residual: 0.07839440434680275


epsilon: 0.90625

m: 4.833333333333333

Residual: 0.050030097068295344


epsilon: 0.90625

m: 4.875

Residual: 0.02468044042708


epsilon: 0.90625

m: 4.916666666666667

Residual: 0.04431828814828745


epsilon: 0.90625

m: 4.958333333333333

Residual: 0.06950469747658129


epsilon: 0.90625

m: 5.0

Residual: 0.08005980384616782


epsilon: 0.9791666666666667

m: 4.0

Residual: 0.6001676620152215


epsilon: 0.9791666666666667

m: 4.041666666666667

Residual: 0.5727348199474748


epsilon: 0.9791666666666667

m: 4.083333333333333

Residual: 0.54897123421398


epsilon: 0.9791666666666667

m: 4.125

Residual: 0.5231783794577868


epsilon: 0.9791666666666667

m: 4.166666666666667

Residual: 0.5024464101628296


epsilon: 0.9791666666666667

m: 4.208333333333333

Residual: 0.48028362950061954


epsilon: 0.9791666666666667

m: 4.25

Residual: 0.4511328130374045


epsilon: 0.9791666666666667

m: 4.291666666666667

Residual: 0.42588387380477044


epsilon: 0.9791666666666667

m: 4.333333333333333

Residual: 0.4015923042057439


epsilon: 0.9791666666666667

m: 4.375

Residual: 0.3686560189971163


epsilon: 0.9791666666666667

m: 4.416666666666667

Residual: 0.3419314859065393


epsilon: 0.9791666666666667

m: 4.458333333333333

Residual: 0.30821617783116667


epsilon: 0.9791666666666667

m: 4.5

Residual: 0.2804824817989592


epsilon: 0.9791666666666667

m: 4.541666666666667

Residual: 0.2575876238158236


epsilon: 0.9791666666666667

m: 4.583333333333333

Residual: 0.23734588052385883


epsilon: 0.9791666666666667

m: 4.625

Residual: 0.21676235661757356


epsilon: 0.9791666666666667

m: 4.666666666666667

Residual: 0.17865298095255605


epsilon: 0.9791666666666667

m: 4.708333333333333

Residual: 0.16885591689384727


epsilon: 0.9791666666666667

m: 4.75

Residual: 0.1308369205979587


epsilon: 0.9791666666666667

m: 4.791666666666667

Residual: 0.12039564589260536


epsilon: 0.9791666666666667

m: 4.833333333333333

Residual: 0.08473185604049287


epsilon: 0.9791666666666667

m: 4.875

Residual: 0.05214999697686895


epsilon: 0.9791666666666667

m: 4.916666666666667

Residual: 0.04364394520520621


epsilon: 0.9791666666666667

m: 4.958333333333333

Residual: 0.033763693590578674


epsilon: 0.9791666666666667

m: 5.0

Residual: 0.08009729766443455


epsilon: 1.0520833333333335

m: 4.0

Residual: 0.6220971419870946


epsilon: 1.0520833333333335

m: 4.041666666666667

Residual: 0.595038427965826


epsilon: 1.0520833333333335

m: 4.083333333333333

Residual: 0.5804193192401184


epsilon: 1.0520833333333335

m: 4.125

Residual: 0.5534919595993668


epsilon: 1.0520833333333335

m: 4.166666666666667

Residual: 0.5339789578500778


epsilon: 1.0520833333333335

m: 4.208333333333333

Residual: 0.4961409699039105


epsilon: 1.0520833333333335

m: 4.25

Residual: 0.47965647024165775


epsilon: 1.0520833333333335

m: 4.291666666666667

Residual: 0.45452234733158337


epsilon: 1.0520833333333335

m: 4.333333333333333

Residual: 0.41947881009831284


epsilon: 1.0520833333333335

m: 4.375

Residual: 0.39857895782514524


epsilon: 1.0520833333333335

m: 4.416666666666667

Residual: 0.3758092559636584


epsilon: 1.0520833333333335

m: 4.458333333333333

Residual: 0.3550881105252465


epsilon: 1.0520833333333335

m: 4.5

Residual: 0.31314937302451845


epsilon: 1.0520833333333335

m: 4.541666666666667

Residual: 0.2978691342299654


epsilon: 1.0520833333333335

m: 4.583333333333333

Residual: 0.27020563214945886


epsilon: 1.0520833333333335

m: 4.625

Residual: 0.24465718250378235


epsilon: 1.0520833333333335

m: 4.666666666666667

Residual: 0.2155612675136373


epsilon: 1.0520833333333335

m: 4.708333333333333

Residual: 0.1904934922148702


epsilon: 1.0520833333333335

m: 4.75

Residual: 0.16249720523402636


epsilon: 1.0520833333333335

m: 4.791666666666667

Residual: 0.13574507345006787


epsilon: 1.0520833333333335

m: 4.833333333333333

Residual: 0.1538891023285075


epsilon: 1.0520833333333335

m: 4.875

Residual: 0.09670784943756798


epsilon: 1.0520833333333335

m: 4.916666666666667

Residual: 0.056431885628293516


epsilon: 1.0520833333333335

m: 4.958333333333333

Residual: 0.040685887145311454


epsilon: 1.0520833333333335

m: 5.0

Residual: 0.07008598962962498


epsilon: 1.125

m: 4.0

Residual: 0.6404471480649404


epsilon: 1.125

m: 4.041666666666667

Residual: 0.6169369556450165


epsilon: 1.125

m: 4.083333333333333

Residual: 0.6013758629795247


epsilon: 1.125

m: 4.125

Residual: 0.5700213825669895


epsilon: 1.125

m: 4.166666666666667

Residual: 0.5538831061700649


epsilon: 1.125

m: 4.208333333333333

Residual: 0.5310768467480746


epsilon: 1.125

m: 4.25

Residual: 0.5070206082772676


epsilon: 1.125

m: 4.291666666666667

Residual: 0.47856745313899074


epsilon: 1.125

m: 4.333333333333333

Residual: 0.45572061630623034


epsilon: 1.125

m: 4.375

Residual: 0.42527358614695593


epsilon: 1.125

m: 4.416666666666667

Residual: 0.3953884945151755


epsilon: 1.125

m: 4.458333333333333

Residual: 0.37838682641891475


epsilon: 1.125

m: 4.5

Residual: 0.34613890585542384


epsilon: 1.125

m: 4.541666666666667

Residual: 0.3225693837438395


epsilon: 1.125

m: 4.583333333333333

Residual: 0.288546336329545


epsilon: 1.125

m: 4.625

Residual: 0.2688209014587026


epsilon: 1.125

m: 4.666666666666667

Residual: 0.24221091630709313


epsilon: 1.125

m: 4.708333333333333

Residual: 0.21706151039970922


epsilon: 1.125

m: 4.75

Residual: 0.20182799417861122


epsilon: 1.125

m: 4.791666666666667

Residual: 0.16082869305931982


epsilon: 1.125

m: 4.833333333333333

Residual: 0.13844103920213097


epsilon: 1.125

m: 4.875

Residual: 0.12858699032857554


epsilon: 1.125

m: 4.916666666666667

Residual: 0.1096557461107225


epsilon: 1.125

m: 4.958333333333333

Residual: 0.07157910300267083


epsilon: 1.125

m: 5.0

Residual: 0.06929170845215102


epsilon: 1.1979166666666667

m: 4.0

Residual: 0.6636657027744743


epsilon: 1.1979166666666667

m: 4.041666666666667

Residual: 0.6404911770211071


epsilon: 1.1979166666666667

m: 4.083333333333333

Residual: 0.6171057116734463


epsilon: 1.1979166666666667

m: 4.125

Residual: 0.5977791718594836


epsilon: 1.1979166666666667

m: 4.166666666666667

Residual: 0.5752497188144188


epsilon: 1.1979166666666667

m: 4.208333333333333

Residual: 0.5502674984412008


epsilon: 1.1979166666666667

m: 4.25

Residual: 0.5269199820972338


epsilon: 1.1979166666666667

m: 4.291666666666667

Residual: 0.5026168924340624


epsilon: 1.1979166666666667

m: 4.333333333333333

Residual: 0.4771072551519237


epsilon: 1.1979166666666667

m: 4.375

Residual: 0.4542741436903657


epsilon: 1.1979166666666667

m: 4.416666666666667

Residual: 0.4250418349853526


epsilon: 1.1979166666666667

m: 4.458333333333333

Residual: 0.4003247316685131


epsilon: 1.1979166666666667

m: 4.5

Residual: 0.3724479843374584


epsilon: 1.1979166666666667

m: 4.541666666666667

Residual: 0.3499204260658991


epsilon: 1.1979166666666667

m: 4.583333333333333

Residual: 0.3188661279693459


epsilon: 1.1979166666666667

m: 4.625

Residual: 0.29828731259198743


epsilon: 1.1979166666666667

m: 4.666666666666667

Residual: 0.2690906945703243


epsilon: 1.1979166666666667

m: 4.708333333333333

Residual: 0.25147978175731894


epsilon: 1.1979166666666667

m: 4.75

Residual: 0.22306872904111588


epsilon: 1.1979166666666667

m: 4.791666666666667

Residual: 0.19897447181345196


epsilon: 1.1979166666666667

m: 4.833333333333333

Residual: 0.17910790886896683


epsilon: 1.1979166666666667

m: 4.875

Residual: 0.16151568089017615


epsilon: 1.1979166666666667

m: 4.916666666666667

Residual: 0.1285908564815313


epsilon: 1.1979166666666667

m: 4.958333333333333

Residual: 0.10986202649193169


epsilon: 1.1979166666666667

m: 5.0

Residual: 0.0756621813870747


epsilon: 1.2708333333333335

m: 4.0

Residual: 0.6768745745654426


epsilon: 1.2708333333333335

m: 4.041666666666667

Residual: 0.6594845422887382


epsilon: 1.2708333333333335

m: 4.083333333333333

Residual: 0.6375142136364506


epsilon: 1.2708333333333335

m: 4.125

Residual: 0.608248009152402


epsilon: 1.2708333333333335

m: 4.166666666666667

Residual: 0.5958879204960519


epsilon: 1.2708333333333335

m: 4.208333333333333

Residual: 0.5730546711973197


epsilon: 1.2708333333333335

m: 4.25

Residual: 0.5454552656579528


epsilon: 1.2708333333333335

m: 4.291666666666667

Residual: 0.5254821906266653


epsilon: 1.2708333333333335

m: 4.333333333333333

Residual: 0.5016979500559331


epsilon: 1.2708333333333335

m: 4.375

Residual: 0.47557029361316216


epsilon: 1.2708333333333335

m: 4.416666666666667

Residual: 0.4518586855747192


epsilon: 1.2708333333333335

m: 4.458333333333333

Residual: 0.42309135405538373


epsilon: 1.2708333333333335

m: 4.5

Residual: 0.4001018539694844


epsilon: 1.2708333333333335

m: 4.541666666666667

Residual: 0.3707870076703951


epsilon: 1.2708333333333335

m: 4.583333333333333

Residual: 0.34325648668278913


epsilon: 1.2708333333333335

m: 4.625

Residual: 0.3225292518248277


epsilon: 1.2708333333333335

m: 4.666666666666667

Residual: 0.2950545649669115


epsilon: 1.2708333333333335

m: 4.708333333333333

Residual: 0.2660962682535291


epsilon: 1.2708333333333335

m: 4.75

Residual: 0.24102981937037715


epsilon: 1.2708333333333335

m: 4.791666666666667

Residual: 0.21948787406501757


epsilon: 1.2708333333333335

m: 4.833333333333333

Residual: 0.20502939055278277


epsilon: 1.2708333333333335

m: 4.875

Residual: 0.17656908899977264


epsilon: 1.2708333333333335

m: 4.916666666666667

Residual: 0.1474852928125391


epsilon: 1.2708333333333335

m: 4.958333333333333

Residual: 0.1256983542426707


epsilon: 1.2708333333333335

m: 5.0

Residual: 0.11189220667435117


epsilon: 1.34375

m: 4.0

Residual: 0.6942339530002128


epsilon: 1.34375

m: 4.041666666666667

Residual: 0.6718743132328455


epsilon: 1.34375

m: 4.083333333333333

Residual: 0.6538250265395662


epsilon: 1.34375

m: 4.125

Residual: 0.636291839548044


epsilon: 1.34375

m: 4.166666666666667

Residual: 0.6125301391193789


epsilon: 1.34375

m: 4.208333333333333

Residual: 0.5822720827425352


epsilon: 1.34375

m: 4.25

Residual: 0.5704832951033046


epsilon: 1.34375

m: 4.291666666666667

Residual: 0.5456563695534197


epsilon: 1.34375

m: 4.333333333333333

Residual: 0.5273200945452412


epsilon: 1.34375

m: 4.375

Residual: 0.4938566288842669


epsilon: 1.34375

m: 4.416666666666667

Residual: 0.4740928089009915


epsilon: 1.34375

m: 4.458333333333333

Residual: 0.44390824484704255


epsilon: 1.34375

m: 4.5

Residual: 0.4232054459326418


epsilon: 1.34375

m: 4.541666666666667

Residual: 0.4010005247775419


epsilon: 1.34375

m: 4.583333333333333

Residual: 0.37224485594737383


epsilon: 1.34375

m: 4.625

Residual: 0.3564023990941571


epsilon: 1.34375

m: 4.666666666666667

Residual: 0.31617642522663264


epsilon: 1.34375

m: 4.708333333333333

Residual: 0.2926055759710261


epsilon: 1.34375

m: 4.75

Residual: 0.27878006937306643


epsilon: 1.34375

m: 4.791666666666667

Residual: 0.2535563579380518


epsilon: 1.34375

m: 4.833333333333333

Residual: 0.21457157856445958


epsilon: 1.34375

m: 4.875

Residual: 0.18848988535730757


epsilon: 1.34375

m: 4.916666666666667

Residual: 0.16861561737976843


epsilon: 1.34375

m: 4.958333333333333

Residual: 0.15762777599564895


epsilon: 1.34375

m: 5.0

Residual: 0.1348975246553364


epsilon: 1.4166666666666667

m: 4.0

Residual: 0.7074588267625087


epsilon: 1.4166666666666667

m: 4.041666666666667

Residual: 0.6896936283497713


epsilon: 1.4166666666666667

m: 4.083333333333333

Residual: 0.6695402847302557


epsilon: 1.4166666666666667

m: 4.125

Residual: 0.6504831555031828


epsilon: 1.4166666666666667

m: 4.166666666666667

Residual: 0.620095263659591


epsilon: 1.4166666666666667

m: 4.208333333333333

Residual: 0.6005451019032526


epsilon: 1.4166666666666667

m: 4.25

Residual: 0.5805127096457199


epsilon: 1.4166666666666667

m: 4.291666666666667

Residual: 0.563412470345714


epsilon: 1.4166666666666667

m: 4.333333333333333

Residual: 0.5408151423132311


epsilon: 1.4166666666666667

m: 4.375

Residual: 0.510398587661243


epsilon: 1.4166666666666667

m: 4.416666666666667

Residual: 0.49885448632958773


epsilon: 1.4166666666666667

m: 4.458333333333333

Residual: 0.45717264909132993


epsilon: 1.4166666666666667

m: 4.5

Residual: 0.44013317396780055


epsilon: 1.4166666666666667

m: 4.541666666666667

Residual: 0.4236742662458498


epsilon: 1.4166666666666667

m: 4.583333333333333

Residual: 0.4023450683936434


epsilon: 1.4166666666666667

m: 4.625

Residual: 0.36356569595238714


epsilon: 1.4166666666666667

m: 4.666666666666667

Residual: 0.3545167658764682


epsilon: 1.4166666666666667

m: 4.708333333333333

Residual: 0.33722790799863195


epsilon: 1.4166666666666667

m: 4.75

Residual: 0.2907163377131507


epsilon: 1.4166666666666667

m: 4.791666666666667

Residual: 0.26280433241812273


epsilon: 1.4166666666666667

m: 4.833333333333333

Residual: 0.25325938520664104


epsilon: 1.4166666666666667

m: 4.875

Residual: 0.23608855148222033


epsilon: 1.4166666666666667

m: 4.916666666666667

Residual: 0.20756967912544858


epsilon: 1.4166666666666667

m: 4.958333333333333

Residual: 0.17833037359225598


epsilon: 1.4166666666666667

m: 5.0

Residual: 0.1469438798259686


epsilon: 1.4895833333333335

m: 4.0

Residual: 0.7146363593272014


epsilon: 1.4895833333333335

m: 4.041666666666667

Residual: 0.697299581847495


epsilon: 1.4895833333333335

m: 4.083333333333333

Residual: 0.6829137884157095


epsilon: 1.4895833333333335

m: 4.125

Residual: 0.6574927144081338


epsilon: 1.4895833333333335

m: 4.166666666666667

Residual: 0.6456131700107262


epsilon: 1.4895833333333335

m: 4.208333333333333

Residual: 0.6236432865338439


epsilon: 1.4895833333333335

m: 4.25

Residual: 0.5960431722422855


epsilon: 1.4895833333333335

m: 4.291666666666667

Residual: 0.5778672461167466


epsilon: 1.4895833333333335

m: 4.333333333333333

Residual: 0.5581570409093872


epsilon: 1.4895833333333335

m: 4.375

Residual: 0.5394488121043487


epsilon: 1.4895833333333335

m: 4.416666666666667

Residual: 0.5172096128397116


epsilon: 1.4895833333333335

m: 4.458333333333333

Residual: 0.48095928127497695


epsilon: 1.4895833333333335

m: 4.5

Residual: 0.466577596553204


epsilon: 1.4895833333333335

m: 4.541666666666667

Residual: 0.44722729451517673


epsilon: 1.4895833333333335

m: 4.583333333333333

Residual: 0.4169002489974487


epsilon: 1.4895833333333335

m: 4.625

Residual: 0.39885663054442866


epsilon: 1.4895833333333335

m: 4.666666666666667

Residual: 0.3644211359823516


epsilon: 1.4895833333333335

m: 4.708333333333333

Residual: 0.34352390691845386


epsilon: 1.4895833333333335

m: 4.75

Residual: 0.3166775526966034


epsilon: 1.4895833333333335

m: 4.791666666666667

Residual: 0.29286761127053307


epsilon: 1.4895833333333335

m: 4.833333333333333

Residual: 0.27333071639732714


epsilon: 1.4895833333333335

m: 4.875

Residual: 0.24798018965896373


epsilon: 1.4895833333333335

m: 4.916666666666667

Residual: 0.21305609272493195


epsilon: 1.4895833333333335

m: 4.958333333333333

Residual: 0.19663892075917938


epsilon: 1.4895833333333335

m: 5.0

Residual: 0.17053436824070073


epsilon: 1.5625

m: 4.0

Residual: 0.7304005560907895


epsilon: 1.5625

m: 4.041666666666667

Residual: 0.7141398685472283


epsilon: 1.5625

m: 4.083333333333333

Residual: 0.6945833855244881


epsilon: 1.5625

m: 4.125

Residual: 0.6781252713726662


epsilon: 1.5625

m: 4.166666666666667

Residual: 0.6570614655180246


epsilon: 1.5625

m: 4.208333333333333

Residual: 0.6337475586743155


epsilon: 1.5625

m: 4.25

Residual: 0.617995406710035


epsilon: 1.5625

m: 4.291666666666667

Residual: 0.5992267930796512


epsilon: 1.5625

m: 4.333333333333333

Residual: 0.5705975883600424


epsilon: 1.5625

m: 4.375

Residual: 0.5513022925418596


epsilon: 1.5625

m: 4.416666666666667

Residual: 0.5332640169286716


epsilon: 1.5625

m: 4.458333333333333

Residual: 0.5042202645386881


epsilon: 1.5625

m: 4.5

Residual: 0.48113033893380114


epsilon: 1.5625

m: 4.541666666666667

Residual: 0.460331060897523


epsilon: 1.5625

m: 4.583333333333333

Residual: 0.4263720851620273


epsilon: 1.5625

m: 4.625

Residual: 0.4047475813760564


epsilon: 1.5625

m: 4.666666666666667

Residual: 0.3781141354708659


epsilon: 1.5625

m: 4.708333333333333

Residual: 0.37025170780156946


epsilon: 1.5625

m: 4.75

Residual: 0.3506002562098903


epsilon: 1.5625

m: 4.791666666666667

Residual: 0.31209115035642204


epsilon: 1.5625

m: 4.833333333333333

Residual: 0.290271853830879


epsilon: 1.5625

m: 4.875

Residual: 0.26489553785441494


epsilon: 1.5625

m: 4.916666666666667

Residual: 0.23331784466114586


epsilon: 1.5625

m: 4.958333333333333

Residual: 0.2289092168409266


epsilon: 1.5625

m: 5.0

Residual: 0.1922092726351832


epsilon: 1.6354166666666667

m: 4.0

Residual: 0.7375033196133709


epsilon: 1.6354166666666667

m: 4.041666666666667

Residual: 0.7193067880033511


epsilon: 1.6354166666666667

m: 4.083333333333333

Residual: 0.7056734403621914


epsilon: 1.6354166666666667

m: 4.125

Residual: 0.6892688480293666


epsilon: 1.6354166666666667

m: 4.166666666666667

Residual: 0.669680937995259


epsilon: 1.6354166666666667

m: 4.208333333333333

Residual: 0.6518991523405279


epsilon: 1.6354166666666667

m: 4.25

Residual: 0.6287651411821107


epsilon: 1.6354166666666667

m: 4.291666666666667

Residual: 0.6079849125725458


epsilon: 1.6354166666666667

m: 4.333333333333333

Residual: 0.5927866463015607


epsilon: 1.6354166666666667

m: 4.375

Residual: 0.5721847500721571


epsilon: 1.6354166666666667

m: 4.416666666666667

Residual: 0.551223749507914


epsilon: 1.6354166666666667

m: 4.458333333333333

Residual: 0.5292359136175426


epsilon: 1.6354166666666667

m: 4.5

Residual: 0.4977790418076025


epsilon: 1.6354166666666667

m: 4.541666666666667

Residual: 0.47666266143093566


epsilon: 1.6354166666666667

m: 4.583333333333333

Residual: 0.45686700950022746


epsilon: 1.6354166666666667

m: 4.625

Residual: 0.4293975429963558


epsilon: 1.6354166666666667

m: 4.666666666666667

Residual: 0.4058282261385536


epsilon: 1.6354166666666667

m: 4.708333333333333

Residual: 0.38191756611039573


epsilon: 1.6354166666666667

m: 4.75

Residual: 0.3558321397021916


epsilon: 1.6354166666666667

m: 4.791666666666667

Residual: 0.33477880220637246


epsilon: 1.6354166666666667

m: 4.833333333333333

Residual: 0.3170943212660189


epsilon: 1.6354166666666667

m: 4.875

Residual: 0.2967735287298947


epsilon: 1.6354166666666667

m: 4.916666666666667

Residual: 0.270930417293245


epsilon: 1.6354166666666667

m: 4.958333333333333

Residual: 0.2331379296284117


epsilon: 1.6354166666666667

m: 5.0

Residual: 0.2103993278177654


epsilon: 1.7083333333333335

m: 4.0

Residual: 0.7510831285797207


epsilon: 1.7083333333333335

m: 4.041666666666667

Residual: 0.7325829279628859


epsilon: 1.7083333333333335

m: 4.083333333333333

Residual: 0.7169051939527177


epsilon: 1.7083333333333335

m: 4.125

Residual: 0.6998812486489864


epsilon: 1.7083333333333335

m: 4.166666666666667

Residual: 0.6829077568161942


epsilon: 1.7083333333333335

m: 4.208333333333333

Residual: 0.6622746679003093


epsilon: 1.7083333333333335

m: 4.25

Residual: 0.6425791275216923


epsilon: 1.7083333333333335

m: 4.291666666666667

Residual: 0.6265875431911455


epsilon: 1.7083333333333335

m: 4.333333333333333

Residual: 0.6031896405310151


epsilon: 1.7083333333333335

m: 4.375

Residual: 0.5862171430454755


epsilon: 1.7083333333333335

m: 4.416666666666667

Residual: 0.5640884527240901


epsilon: 1.7083333333333335

m: 4.458333333333333

Residual: 0.5266723183511658


epsilon: 1.7083333333333335

m: 4.5

Residual: 0.5231556462185212


epsilon: 1.7083333333333335

m: 4.541666666666667

Residual: 0.4898178636028155


epsilon: 1.7083333333333335

m: 4.583333333333333

Residual: 0.47530156874504


epsilon: 1.7083333333333335

m: 4.625

Residual: 0.46596589771812336


epsilon: 1.7083333333333335

m: 4.666666666666667

Residual: 0.4178037789575309


epsilon: 1.7083333333333335

m: 4.708333333333333

Residual: 0.4118754176753857


epsilon: 1.7083333333333335

m: 4.75

Residual: 0.3698952903768498


epsilon: 1.7083333333333335

m: 4.791666666666667

Residual: 0.3575938132526698


epsilon: 1.7083333333333335

m: 4.833333333333333

Residual: 0.318506249235655


epsilon: 1.7083333333333335

m: 4.875

Residual: 0.303826149566614


epsilon: 1.7083333333333335

m: 4.916666666666667

Residual: 0.2722226544823128


epsilon: 1.7083333333333335

m: 4.958333333333333

Residual: 0.262351784452299


epsilon: 1.7083333333333335

m: 5.0

Residual: 0.23844860447192456


epsilon: 1.78125

m: 4.0

Residual: 0.7576903775659761


epsilon: 1.78125

m: 4.041666666666667

Residual: 0.7404663588980183


epsilon: 1.78125

m: 4.083333333333333

Residual: 0.7273208827726072


epsilon: 1.78125

m: 4.125

Residual: 0.7124468842393078


epsilon: 1.78125

m: 4.166666666666667

Residual: 0.6943232297581899


epsilon: 1.78125

m: 4.208333333333333

Residual: 0.668789168480319


epsilon: 1.78125

m: 4.25

Residual: 0.6564607849181935


epsilon: 1.78125

m: 4.291666666666667

Residual: 0.6400039345418821


epsilon: 1.78125

m: 4.333333333333333

Residual: 0.6161428002658154


epsilon: 1.78125

m: 4.375

Residual: 0.5861829089264234


epsilon: 1.78125

m: 4.416666666666667

Residual: 0.5772653371743397


epsilon: 1.78125

m: 4.458333333333333

Residual: 0.5547624688161991


epsilon: 1.78125

m: 4.5

Residual: 0.5298490895270521


epsilon: 1.78125

m: 4.541666666666667

Residual: 0.5078543433730568


epsilon: 1.78125

m: 4.583333333333333

Residual: 0.48982334425733093


epsilon: 1.78125

m: 4.625

Residual: 0.4671401665228572


epsilon: 1.78125

m: 4.666666666666667

Residual: 0.446744171743444


epsilon: 1.78125

m: 4.708333333333333

Residual: 0.4192337707611052


epsilon: 1.78125

m: 4.75

Residual: 0.4013828406739513


epsilon: 1.78125

m: 4.791666666666667

Residual: 0.3746509558492485


epsilon: 1.78125

m: 4.833333333333333

Residual: 0.3609246235163114


epsilon: 1.78125

m: 4.875

Residual: 0.31162154892083527


epsilon: 1.78125

m: 4.916666666666667

Residual: 0.29329036896615934


epsilon: 1.78125

m: 4.958333333333333

Residual: 0.26729479235259834


epsilon: 1.78125

m: 5.0

Residual: 0.271616094762501


epsilon: 1.8541666666666667

m: 4.0

Residual: 0.7660346867426165


epsilon: 1.8541666666666667

m: 4.041666666666667

Residual: 0.7516678895151668


epsilon: 1.8541666666666667

m: 4.083333333333333

Residual: 0.7341434432925066


epsilon: 1.8541666666666667

m: 4.125

Residual: 0.7192754045206514


epsilon: 1.8541666666666667

m: 4.166666666666667

Residual: 0.7026693691191295


epsilon: 1.8541666666666667

m: 4.208333333333333

Residual: 0.6843691920952205


epsilon: 1.8541666666666667

m: 4.25

Residual: 0.668169710904624


epsilon: 1.8541666666666667

m: 4.291666666666667

Residual: 0.6463519753978642


epsilon: 1.8541666666666667

m: 4.333333333333333

Residual: 0.6262298590999111


epsilon: 1.8541666666666667

m: 4.375

Residual: 0.6092417631268557


epsilon: 1.8541666666666667

m: 4.416666666666667

Residual: 0.580595198729744


epsilon: 1.8541666666666667

m: 4.458333333333333

Residual: 0.5649895022036076


epsilon: 1.8541666666666667

m: 4.5

Residual: 0.5489204200701926


epsilon: 1.8541666666666667

m: 4.541666666666667

Residual: 0.5267859924024989


epsilon: 1.8541666666666667

m: 4.583333333333333

Residual: 0.5008521918717526


epsilon: 1.8541666666666667

m: 4.625

Residual: 0.48703435545361967


epsilon: 1.8541666666666667

m: 4.666666666666667

Residual: 0.45670302041505545


epsilon: 1.8541666666666667

m: 4.708333333333333

Residual: 0.44266152837136


epsilon: 1.8541666666666667

m: 4.75

Residual: 0.40512152596895257


epsilon: 1.8541666666666667

m: 4.791666666666667

Residual: 0.40524368142008554


epsilon: 1.8541666666666667

m: 4.833333333333333

Residual: 0.3575985241493022


epsilon: 1.8541666666666667

m: 4.875

Residual: 0.3548092527205332


epsilon: 1.8541666666666667

m: 4.916666666666667

Residual: 0.31666096832691154


epsilon: 1.8541666666666667

m: 4.958333333333333

Residual: 0.3024806238212781


epsilon: 1.8541666666666667

m: 5.0

Residual: 0.2717051203321417


epsilon: 1.9270833333333335

m: 4.0

Residual: 0.773759209895726


epsilon: 1.9270833333333335

m: 4.041666666666667

Residual: 0.7552763492213228


epsilon: 1.9270833333333335

m: 4.083333333333333

Residual: 0.7463999620941115


epsilon: 1.9270833333333335

m: 4.125

Residual: 0.7284105022070992


epsilon: 1.9270833333333335

m: 4.166666666666667

Residual: 0.7125611453442023


epsilon: 1.9270833333333335

m: 4.208333333333333

Residual: 0.6968721521963325


epsilon: 1.9270833333333335

m: 4.25

Residual: 0.6774197599287789


epsilon: 1.9270833333333335

m: 4.291666666666667

Residual: 0.659907971989827


epsilon: 1.9270833333333335

m: 4.333333333333333

Residual: 0.6391929893711882


epsilon: 1.9270833333333335

m: 4.375

Residual: 0.6178444241731376


epsilon: 1.9270833333333335

m: 4.416666666666667

Residual: 0.6052225117699469


epsilon: 1.9270833333333335

m: 4.458333333333333

Residual: 0.5784909441233272


epsilon: 1.9270833333333335

m: 4.5

Residual: 0.5611934040163266


epsilon: 1.9270833333333335

m: 4.541666666666667

Residual: 0.5435810183500346


epsilon: 1.9270833333333335

m: 4.583333333333333

Residual: 0.50953833344041


epsilon: 1.9270833333333335

m: 4.625

Residual: 0.4997323533010234


epsilon: 1.9270833333333335

m: 4.666666666666667

Residual: 0.47368344571358456


epsilon: 1.9270833333333335

m: 4.708333333333333

Residual: 0.44784530998304056


epsilon: 1.9270833333333335

m: 4.75

Residual: 0.4214640952127582


epsilon: 1.9270833333333335

m: 4.791666666666667

Residual: 0.40188391591983247


epsilon: 1.9270833333333335

m: 4.833333333333333

Residual: 0.37212501765940087


epsilon: 1.9270833333333335

m: 4.875

Residual: 0.3594880449866119


epsilon: 1.9270833333333335

m: 4.916666666666667

Residual: 0.3424278699933678


epsilon: 1.9270833333333335

m: 4.958333333333333

Residual: 0.2995429003325125


epsilon: 1.9270833333333335

m: 5.0

Residual: 0.29154504710692414


epsilon: 2.0

m: 4.0

Residual: 0.7819010919178535


epsilon: 2.0

m: 4.041666666666667

Residual: 0.7674947180190447


epsilon: 2.0

m: 4.083333333333333

Residual: 0.7540764756717993


epsilon: 2.0

m: 4.125

Residual: 0.7348135322213556


epsilon: 2.0

m: 4.166666666666667

Residual: 0.7235777809336545


epsilon: 2.0

m: 4.208333333333333

Residual: 0.7047115597196768


epsilon: 2.0

m: 4.25

Residual: 0.6878833169076928


epsilon: 2.0

m: 4.291666666666667

Residual: 0.6715685138919995


epsilon: 2.0

m: 4.333333333333333

Residual: 0.6483359539698559


epsilon: 2.0

m: 4.375

Residual: 0.6313182416401846


epsilon: 2.0

m: 4.416666666666667

Residual: 0.6146303726916039


epsilon: 2.0

m: 4.458333333333333

Residual: 0.5909985596062672


epsilon: 2.0

m: 4.5

Residual: 0.5692185280172596


epsilon: 2.0

m: 4.541666666666667

Residual: 0.5453667514591554


epsilon: 2.0

m: 4.583333333333333

Residual: 0.5242967283454828


epsilon: 2.0

m: 4.625

Residual: 0.5052194288227315


epsilon: 2.0

m: 4.666666666666667

Residual: 0.48285571797987703


epsilon: 2.0

m: 4.708333333333333

Residual: 0.46723162140679175


epsilon: 2.0

m: 4.75

Residual: 0.4384937493856683


epsilon: 2.0

m: 4.791666666666667

Residual: 0.4171423256194602


epsilon: 2.0

m: 4.833333333333333

Residual: 0.39959605916022234


epsilon: 2.0

m: 4.875

Residual: 0.37340678408992994


epsilon: 2.0

m: 4.916666666666667

Residual: 0.3526811472885931


epsilon: 2.0

m: 4.958333333333333

Residual: 0.3246715096350779


epsilon: 2.0

m: 5.0

Residual: 0.30532954889024


