epsilon: 0.01

m: 3.0

Residual: 0.5014211947328009


epsilon: 0.01

m: 3.0

Residual: 0.5019763637983077


epsilon: 0.01

m: 3.1666666666666665

Residual: 0.5916184591146966


epsilon: 0.01

m: 3.3333333333333335

Residual: 0.6877164129471511


epsilon: 0.01

m: 3.5

Residual: 0.7721414119131251


epsilon: 0.01

m: 3.6666666666666665

Residual: 0.834847219206521


epsilon: 0.01

m: 3.833333333333333

Residual: 0.8761051422422518


epsilon: 0.01

m: 4.0

Residual: 0.9093488467513239


epsilon: 0.01

m: 4.166666666666666

Residual: 0.934966357472984


epsilon: 0.01

m: 4.333333333333333

Residual: 0.9506172703250365


epsilon: 0.01

m: 4.5

Residual: 0.9585888941197096


epsilon: 0.01

m: 4.666666666666666

Residual: 0.9704735651876557


epsilon: 0.01

m: 4.833333333333333

Residual: 0.9766039652309138


epsilon: 0.01

m: 5.0

Residual: 0.9811947739970099


epsilon: 0.01

m: 5.166666666666666

Residual: 0.9847708746012952


epsilon: 0.01

m: 5.333333333333333

Residual: 0.9876181542718474


epsilon: 0.01

m: 5.5

Residual: 0.9893296552699227


epsilon: 0.01

m: 5.666666666666666

Residual: 0.9911689389037485


epsilon: 0.01

m: 5.833333333333333

Residual: 0.9922551436098627


epsilon: 0.01

m: 6.0

Residual: 0.9932937195401792


epsilon: 0.01

m: 6.166666666666666

Residual: 0.9941387199080569


epsilon: 0.01

m: 6.333333333333333

Residual: 0.9948417687753293


epsilon: 0.01

m: 6.5

Residual: 0.9955671075715686


epsilon: 0.01

m: 6.666666666666666

Residual: 0.9958858907791397


epsilon: 0.01

m: 6.833333333333333

Residual: 0.9963134926258049


epsilon: 0.01

m: 7.0

Residual: 0.9966518700624577


epsilon: 0.3429166666666667

m: 3.0

Residual: 0.8659313352022383


epsilon: 0.3429166666666667

m: 3.1666666666666665

Residual: 0.8078895375607565


epsilon: 0.3429166666666667

m: 3.3333333333333335

Residual: 0.72922567847037


epsilon: 0.3429166666666667

m: 3.5

Residual: 0.6332578486458708


epsilon: 0.3429166666666667

m: 3.6666666666666665

Residual: 0.5181815641185558


epsilon: 0.3429166666666667

m: 3.833333333333333

Residual: 0.453484293775953


epsilon: 0.3429166666666667

m: 4.0

Residual: 0.3392820795217933


epsilon: 0.3429166666666667

m: 4.166666666666666

Residual: 0.13616117417754758


epsilon: 0.3429166666666667

m: 4.333333333333333

Residual: 0.1381196486066428


epsilon: 0.3429166666666667

m: 4.5

Residual: 0.1984529647768706


epsilon: 0.3429166666666667

m: 4.666666666666666

Residual: 0.3478135054996714


epsilon: 0.3429166666666667

m: 4.833333333333333

Residual: 0.4204615223560848


epsilon: 0.3429166666666667

m: 5.0

Residual: 0.4615358557313779


epsilon: 0.3429166666666667

m: 5.166666666666666

Residual: 0.6154759007298644


epsilon: 0.3429166666666667

m: 5.333333333333333

Residual: 0.6419228926807123


epsilon: 0.3429166666666667

m: 5.5

Residual: 0.7203003602751192


epsilon: 0.3429166666666667

m: 5.666666666666666

Residual: 0.7483786739467684


epsilon: 0.3429166666666667

m: 5.833333333333333

Residual: 0.7892450781149618


epsilon: 0.3429166666666667

m: 6.0

Residual: 0.8165276299169459


epsilon: 0.3429166666666667

m: 6.166666666666666

Residual: 0.8272890383887298


epsilon: 0.3429166666666667

m: 6.333333333333333

Residual: 0.8587491826180238


epsilon: 0.3429166666666667

m: 6.5

Residual: 0.8666197157206398


epsilon: 0.3429166666666667

m: 6.666666666666666

Residual: 0.873210416921819


epsilon: 0.3429166666666667

m: 6.833333333333333

Residual: 0.8880772754062062


epsilon: 0.3429166666666667

m: 7.0

Residual: 0.9005770225833094


epsilon: 0.6758333333333334

m: 3.0

Residual: 0.9292472358345838


epsilon: 0.6758333333333334

m: 3.1666666666666665

Residual: 0.8969597925740065


epsilon: 0.6758333333333334

m: 3.3333333333333335

Residual: 0.8517275296060004


epsilon: 0.6758333333333334

m: 3.5

Residual: 0.793463781007151


epsilon: 0.6758333333333334

m: 3.6666666666666665

Residual: 0.7247400939390676


epsilon: 0.6758333333333334

m: 3.833333333333333

Residual: 0.6665898373117402


epsilon: 0.6758333333333334

m: 4.0

Residual: 0.5426349681042075


epsilon: 0.6758333333333334

m: 4.166666666666666

Residual: 0.4740905582180432


epsilon: 0.6758333333333334

m: 4.333333333333333

Residual: 0.3602623767459216


epsilon: 0.6758333333333334

m: 4.5

Residual: 0.1777800883023772


epsilon: 0.6758333333333334

m: 4.666666666666666

Residual: 0.16830858105791707


epsilon: 0.6758333333333334

m: 4.833333333333333

Residual: 0.09001556656720636


epsilon: 0.6758333333333334

m: 5.0

Residual: 0.2886707973534733


epsilon: 0.6758333333333334

m: 5.166666666666666

Residual: 0.3184063637059433


epsilon: 0.6758333333333334

m: 5.333333333333333

Residual: 0.4228347785505305


epsilon: 0.6758333333333334

m: 5.5

Residual: 0.5392845552227087


epsilon: 0.6758333333333334

m: 5.666666666666666

Residual: 0.5535052073889456


epsilon: 0.6758333333333334

m: 5.833333333333333

Residual: 0.6756115528790576


epsilon: 0.6758333333333334

m: 6.0

Residual: 0.6748230251978944


epsilon: 0.6758333333333334

m: 6.166666666666666

Residual: 0.6858143563716984


epsilon: 0.6758333333333334

m: 6.333333333333333

Residual: 0.7345266858134328


epsilon: 0.6758333333333334

m: 6.5

Residual: 0.7709365554369256


epsilon: 0.6758333333333334

m: 6.666666666666666

Residual: 0.7542856267342989


epsilon: 0.6758333333333334

m: 6.833333333333333

Residual: 0.8349552334691334


epsilon: 0.6758333333333334

m: 7.0

Residual: 0.8262618667993445


epsilon: 1.00875

m: 3.0

Residual: 0.95228887061286


epsilon: 1.00875

m: 3.1666666666666665

Residual: 0.9300492176111074


epsilon: 1.00875

m: 3.3333333333333335

Residual: 0.8975198753474521


epsilon: 1.00875

m: 3.5

Residual: 0.8603081650719341


epsilon: 1.00875

m: 3.6666666666666665

Residual: 0.8056019409004725


epsilon: 1.00875

m: 3.833333333333333

Residual: 0.7387784478529766


epsilon: 1.00875

m: 4.0

Residual: 0.6512070289853822


epsilon: 1.00875

m: 4.166666666666666

Residual: 0.5573678782698669


epsilon: 1.00875

m: 4.333333333333333

Residual: 0.46147585376516087


epsilon: 1.00875

m: 4.5

Residual: 0.46384586754185947


epsilon: 1.00875

m: 4.666666666666666

Residual: 0.4118184875596743


epsilon: 1.00875

m: 4.833333333333333

Residual: 0.25572926134236357


epsilon: 1.00875

m: 5.0

Residual: 0.1635950747758834


epsilon: 1.00875

m: 5.166666666666666

Residual: 0.20814415611820786


epsilon: 1.00875

m: 5.333333333333333

Residual: 0.26821505920058586


epsilon: 1.00875

m: 5.5

Residual: 0.3804635560610038


epsilon: 1.00875

m: 5.666666666666666

Residual: 0.4098527840541667


epsilon: 1.00875

m: 5.833333333333333

Residual: 0.4829870660567943


epsilon: 1.00875

m: 6.0

Residual: 0.6348585621343341


epsilon: 1.00875

m: 6.166666666666666

Residual: 0.5821701664679879


epsilon: 1.00875

m: 6.333333333333333

Residual: 0.6674167588245818


epsilon: 1.00875

m: 6.5

Residual: 0.727187097414572


epsilon: 1.00875

m: 6.666666666666666

Residual: 0.6823237709260066


epsilon: 1.00875

m: 6.833333333333333

Residual: 0.7392684891230445


epsilon: 1.00875

m: 7.0

Residual: 0.7334220644456854


epsilon: 1.3416666666666668

m: 3.0

Residual: 0.9634692456464645


epsilon: 1.3416666666666668

m: 3.1666666666666665

Residual: 0.9473001912860988


epsilon: 1.3416666666666668

m: 3.3333333333333335

Residual: 0.9235808058344781


epsilon: 1.3416666666666668

m: 3.5

Residual: 0.9019524574592517


epsilon: 1.3416666666666668

m: 3.6666666666666665

Residual: 0.8480777354633194


epsilon: 1.3416666666666668

m: 3.833333333333333

Residual: 0.8047933128079031


epsilon: 1.3416666666666668

m: 4.0

Residual: 0.7275273783370021


epsilon: 1.3416666666666668

m: 4.166666666666666

Residual: 0.6898585206787281


epsilon: 1.3416666666666668

m: 4.333333333333333

Residual: 0.6067140127599088


epsilon: 1.3416666666666668

m: 4.5

Residual: 0.5557233295831459


epsilon: 1.3416666666666668

m: 4.666666666666666

Residual: 0.4157516102339442


epsilon: 1.3416666666666668

m: 4.833333333333333

Residual: 0.3256205802646569


epsilon: 1.3416666666666668

m: 5.0

Residual: 0.2333245628084755


epsilon: 1.3416666666666668

m: 5.166666666666666

Residual: 0.3476296373354484


epsilon: 1.3416666666666668

m: 5.333333333333333

Residual: 0.18845230546908548


epsilon: 1.3416666666666668

m: 5.5

Residual: 0.3842067037094167


epsilon: 1.3416666666666668

m: 5.666666666666666

Residual: 0.24505951977304122


epsilon: 1.3416666666666668

m: 5.833333333333333

Residual: 0.5584003004017676


epsilon: 1.3416666666666668

m: 6.0

Residual: 0.46671417982473634


epsilon: 1.3416666666666668

m: 6.166666666666666

Residual: 0.6372442756620061


epsilon: 1.3416666666666668

m: 6.333333333333333

Residual: 0.6550628119729476


epsilon: 1.3416666666666668

m: 6.5

Residual: 0.6474665140987412


epsilon: 1.3416666666666668

m: 6.666666666666666

Residual: 0.5735344066402254


epsilon: 1.3416666666666668

m: 6.833333333333333

Residual: 0.650782554596515


epsilon: 1.3416666666666668

m: 7.0

Residual: 0.715198097781016


epsilon: 1.6745833333333335

m: 3.0

Residual: 0.9708947326986803


epsilon: 1.6745833333333335

m: 3.1666666666666665

Residual: 0.9568725554574193


epsilon: 1.6745833333333335

m: 3.3333333333333335

Residual: 0.9378985172432197


epsilon: 1.6745833333333335

m: 3.5

Residual: 0.9118732675808657


epsilon: 1.6745833333333335

m: 3.6666666666666665

Residual: 0.8749570826983715


epsilon: 1.6745833333333335

m: 3.833333333333333

Residual: 0.8306535136682346


epsilon: 1.6745833333333335

m: 4.0

Residual: 0.7797057078145639


epsilon: 1.6745833333333335

m: 4.166666666666666

Residual: 0.7261417441666443


epsilon: 1.6745833333333335

m: 4.333333333333333

Residual: 0.6644388393066918


epsilon: 1.6745833333333335

m: 4.5

Residual: 0.6183565168530225


epsilon: 1.6745833333333335

m: 4.666666666666666

Residual: 0.4883124627562726


epsilon: 1.6745833333333335

m: 4.833333333333333

Residual: 0.4180659182208255


epsilon: 1.6745833333333335

m: 5.0

Residual: 0.34767365408429685


epsilon: 1.6745833333333335

m: 5.166666666666666

Residual: 0.22321859168513253


epsilon: 1.6745833333333335

m: 5.333333333333333

Residual: 0.37596679890535867


epsilon: 1.6745833333333335

m: 5.5

Residual: 0.3010173066460108


epsilon: 1.6745833333333335

m: 5.666666666666666

Residual: 0.49659453992018565


epsilon: 1.6745833333333335

m: 5.833333333333333

Residual: 0.4466549393254819


epsilon: 1.6745833333333335

m: 6.0

Residual: 0.5069588017275712


epsilon: 1.6745833333333335

m: 6.166666666666666

Residual: 0.5748499671864464


epsilon: 1.6745833333333335

m: 6.333333333333333

Residual: 0.5754668230508483


epsilon: 1.6745833333333335

m: 6.5

Residual: 0.5683673726637127


epsilon: 1.6745833333333335

m: 6.666666666666666

Residual: 0.6764467283883189


epsilon: 1.6745833333333335

m: 6.833333333333333

Residual: 0.6885473256518597


epsilon: 1.6745833333333335

m: 7.0

Residual: 0.6171436038053598


epsilon: 2.0075

m: 3.0

Residual: 0.9757547940318034


epsilon: 2.0075

m: 3.1666666666666665

Residual: 0.9640878417930794


epsilon: 2.0075

m: 3.3333333333333335

Residual: 0.9483727894646007


epsilon: 2.0075

m: 3.5

Residual: 0.9260906561690111


epsilon: 2.0075

m: 3.6666666666666665

Residual: 0.8985449833462513


epsilon: 2.0075

m: 3.833333333333333

Residual: 0.8706380333458245


epsilon: 2.0075

m: 4.0

Residual: 0.8351621581012465


epsilon: 2.0075

m: 4.166666666666666

Residual: 0.7515831557057746


epsilon: 2.0075

m: 4.333333333333333

Residual: 0.7206022740930426


epsilon: 2.0075

m: 4.5

Residual: 0.6002212912075753


epsilon: 2.0075

m: 4.666666666666666

Residual: 0.5634221532392977


epsilon: 2.0075

m: 4.833333333333333

Residual: 0.5436165346389171


epsilon: 2.0075

m: 5.0

Residual: 0.480400657678683


epsilon: 2.0075

m: 5.166666666666666

Residual: 0.4051340964154638


epsilon: 2.0075

m: 5.333333333333333

Residual: 0.2710607708463556


epsilon: 2.0075

m: 5.5

Residual: 0.20499175279022863


epsilon: 2.0075

m: 5.666666666666666

Residual: 0.48287566159426415


epsilon: 2.0075

m: 5.833333333333333

Residual: 0.4582427689353307


epsilon: 2.0075

m: 6.0

Residual: 0.47202397800969464


epsilon: 2.0075

m: 6.166666666666666

Residual: 0.6383950272537969


epsilon: 2.0075

m: 6.333333333333333

Residual: 0.34393320939042127


epsilon: 2.0075

m: 6.5

Residual: 0.5715815724000647


epsilon: 2.0075

m: 6.666666666666666

Residual: 0.6292196677717461


epsilon: 2.0075

m: 6.833333333333333

Residual: 0.7282452918815001


epsilon: 2.0075

m: 7.0

Residual: 0.6626300698671004


epsilon: 2.3404166666666666

m: 3.0

Residual: 0.9790811265204327


epsilon: 2.3404166666666666

m: 3.1666666666666665

Residual: 0.9692045930454781


epsilon: 2.3404166666666666

m: 3.3333333333333335

Residual: 0.9552492099051278


epsilon: 2.3404166666666666

m: 3.5

Residual: 0.9362060277957953


epsilon: 2.3404166666666666

m: 3.6666666666666665

Residual: 0.9123029554486214


epsilon: 2.3404166666666666

m: 3.833333333333333

Residual: 0.8776737556726517


epsilon: 2.3404166666666666

m: 4.0

Residual: 0.8388674578777457


epsilon: 2.3404166666666666

m: 4.166666666666666

Residual: 0.8057310975967678


epsilon: 2.3404166666666666

m: 4.333333333333333

Residual: 0.7286374572664877


epsilon: 2.3404166666666666

m: 4.5

Residual: 0.6456242985742231


epsilon: 2.3404166666666666

m: 4.666666666666666

Residual: 0.6528171213838685


epsilon: 2.3404166666666666

m: 4.833333333333333

Residual: 0.5738183784558475


epsilon: 2.3404166666666666

m: 5.0

Residual: 0.4675826606565242


epsilon: 2.3404166666666666

m: 5.166666666666666

Residual: 0.5088605950654647


epsilon: 2.3404166666666666

m: 5.333333333333333

Residual: 0.495704256800846


epsilon: 2.3404166666666666

m: 5.5

Residual: 0.40315792423317137


epsilon: 2.3404166666666666

m: 5.666666666666666

Residual: 0.5040570962289403


epsilon: 2.3404166666666666

m: 5.833333333333333

Residual: 0.45864760037692015


epsilon: 2.3404166666666666

m: 6.0

Residual: 0.46983517732150487


epsilon: 2.3404166666666666

m: 6.166666666666666

Residual: 0.6784808820566866


epsilon: 2.3404166666666666

m: 6.333333333333333

Residual: 0.5440241862574825


epsilon: 2.3404166666666666

m: 6.5

Residual: 0.6492005375509151


epsilon: 2.3404166666666666

m: 6.666666666666666

Residual: 0.5117510886366053


epsilon: 2.3404166666666666

m: 6.833333333333333

Residual: 0.6846217430608558


epsilon: 2.3404166666666666

m: 7.0

Residual: 0.7321797556167918


epsilon: 2.6733333333333333

m: 3.0

Residual: 0.9815219959339505


epsilon: 2.6733333333333333

m: 3.1666666666666665

Residual: 0.9731765359457591


epsilon: 2.6733333333333333

m: 3.3333333333333335

Residual: 0.9605071905316398


epsilon: 2.6733333333333333

m: 3.5

Residual: 0.9424448586570713


epsilon: 2.6733333333333333

m: 3.6666666666666665

Residual: 0.9195548572837755


epsilon: 2.6733333333333333

m: 3.833333333333333

Residual: 0.8933494445465381


epsilon: 2.6733333333333333

m: 4.0

Residual: 0.86974821102917


epsilon: 2.6733333333333333

m: 4.166666666666666

Residual: 0.8044508995754965


epsilon: 2.6733333333333333

m: 4.333333333333333

Residual: 0.7472621585152972


epsilon: 2.6733333333333333

m: 4.5

Residual: 0.7167838341256868


epsilon: 2.6733333333333333

m: 4.666666666666666

Residual: 0.653158414575657


epsilon: 2.6733333333333333

m: 4.833333333333333

Residual: 0.6209726094371465


epsilon: 2.6733333333333333

m: 5.0

Residual: 0.5347776018869153


epsilon: 2.6733333333333333

m: 5.166666666666666

Residual: 0.5026564165733701


epsilon: 2.6733333333333333

m: 5.333333333333333

Residual: 0.5352364955316364


epsilon: 2.6733333333333333

m: 5.5

Residual: 0.45025579647415


epsilon: 2.6733333333333333

m: 5.666666666666666

Residual: 0.44643993157302175


epsilon: 2.6733333333333333

m: 5.833333333333333

Residual: 0.5101466674660203


epsilon: 2.6733333333333333

m: 6.0

Residual: 0.4990310228414051


epsilon: 2.6733333333333333

m: 6.166666666666666

Residual: 0.4406844145628762


epsilon: 2.6733333333333333

m: 6.333333333333333

Residual: 0.4355673496628272


epsilon: 2.6733333333333333

m: 6.5

Residual: 0.4783599299739528


epsilon: 2.6733333333333333

m: 6.666666666666666

Residual: 0.5154468065975882


epsilon: 2.6733333333333333

m: 6.833333333333333

Residual: 0.697294164570286


epsilon: 2.6733333333333333

m: 7.0

Residual: 0.49204989905888646


epsilon: 3.00625

m: 3.0

Residual: 0.9836904145249534


epsilon: 3.00625

m: 3.1666666666666665

Residual: 0.9759475985379344


epsilon: 3.00625

m: 3.3333333333333335

Residual: 0.964794795898542


epsilon: 3.00625

m: 3.5

Residual: 0.9496368167950185


epsilon: 3.00625

m: 3.6666666666666665

Residual: 0.9301450941558382


epsilon: 3.00625

m: 3.833333333333333

Residual: 0.9118479333756859


epsilon: 3.00625

m: 4.0

Residual: 0.8801155989751764


epsilon: 3.00625

m: 4.166666666666666

Residual: 0.8283648318769611


epsilon: 3.00625

m: 4.333333333333333

Residual: 0.7717035952793179


epsilon: 3.00625

m: 4.5

Residual: 0.7962628115336702


epsilon: 3.00625

m: 4.666666666666666

Residual: 0.6909123212798886


epsilon: 3.00625

m: 4.833333333333333

Residual: 0.6148231948125423


epsilon: 3.00625

m: 5.0

Residual: 0.5604133076777956


epsilon: 3.00625

m: 5.166666666666666

Residual: 0.6306834535258865


epsilon: 3.00625

m: 5.333333333333333

Residual: 0.5294401116082226


epsilon: 3.00625

m: 5.5

Residual: 0.5541625551808683


epsilon: 3.00625

m: 5.666666666666666

Residual: 0.5608907273337831


epsilon: 3.00625

m: 5.833333333333333

Residual: 0.5290676584184092


epsilon: 3.00625

m: 6.0

Residual: 0.6345462813256026


epsilon: 3.00625

m: 6.166666666666666

Residual: 0.5057342162371652


epsilon: 3.00625

m: 6.333333333333333

Residual: 0.5993559350793799


epsilon: 3.00625

m: 6.5

Residual: 0.5854199565897356


epsilon: 3.00625

m: 6.666666666666666

Residual: 0.6360673631464965


epsilon: 3.00625

m: 6.833333333333333

Residual: 0.5874032444856099


epsilon: 3.00625

m: 7.0

Residual: 0.43720934437972303


epsilon: 3.339166666666667

m: 3.0

Residual: 0.9853174285177914


epsilon: 3.339166666666667

m: 3.1666666666666665

Residual: 0.9782195721644487


epsilon: 3.339166666666667

m: 3.3333333333333335

Residual: 0.9681154279043106


epsilon: 3.339166666666667

m: 3.5

Residual: 0.9548049000185531


epsilon: 3.339166666666667

m: 3.6666666666666665

Residual: 0.9354478697187837


epsilon: 3.339166666666667

m: 3.833333333333333

Residual: 0.9120621146097453


epsilon: 3.339166666666667

m: 4.0

Residual: 0.8780456490843532


epsilon: 3.339166666666667

m: 4.166666666666666

Residual: 0.8416535363954815


epsilon: 3.339166666666667

m: 4.333333333333333

Residual: 0.8171756512659868


epsilon: 3.339166666666667

m: 4.5

Residual: 0.7906164726872558


epsilon: 3.339166666666667

m: 4.666666666666666

Residual: 0.7229876492453853


epsilon: 3.339166666666667

m: 4.833333333333333

Residual: 0.6075952598409308


epsilon: 3.339166666666667

m: 5.0

Residual: 0.6753565376387917


epsilon: 3.339166666666667

m: 5.166666666666666

Residual: 0.5078404056527842


epsilon: 3.339166666666667

m: 5.333333333333333

Residual: 0.48948415060142214


epsilon: 3.339166666666667

m: 5.5

Residual: 0.44084252769679655


epsilon: 3.339166666666667

m: 5.666666666666666

Residual: 0.5191498616801545


epsilon: 3.339166666666667

m: 5.833333333333333

Residual: 0.42866339636665673


epsilon: 3.339166666666667

m: 6.0

Residual: 0.31156089445170426


epsilon: 3.339166666666667

m: 6.166666666666666

Residual: 0.4483917029286503


epsilon: 3.339166666666667

m: 6.333333333333333

Residual: 0.5804531217981572


epsilon: 3.339166666666667

m: 6.5

Residual: 0.5655149959700924


epsilon: 3.339166666666667

m: 6.666666666666666

Residual: 0.6427984158843056


epsilon: 3.339166666666667

m: 6.833333333333333

Residual: 0.8255102893560876


epsilon: 3.339166666666667

m: 7.0

Residual: 0.7664265646700218


epsilon: 3.6720833333333336

m: 3.0

Residual: 0.9866551148001926


epsilon: 3.6720833333333336

m: 3.1666666666666665

Residual: 0.9801665379464966


epsilon: 3.6720833333333336

m: 3.3333333333333335

Residual: 0.9710832928595275


epsilon: 3.6720833333333336

m: 3.5

Residual: 0.9588108650701916


epsilon: 3.6720833333333336

m: 3.6666666666666665

Residual: 0.9408072521618555


epsilon: 3.6720833333333336

m: 3.833333333333333

Residual: 0.9283947172422188


epsilon: 3.6720833333333336

m: 4.0

Residual: 0.8919279980265435


epsilon: 3.6720833333333336

m: 4.166666666666666

Residual: 0.8553905258222875


epsilon: 3.6720833333333336

m: 4.333333333333333

Residual: 0.8310561691151592


epsilon: 3.6720833333333336

m: 4.5

Residual: 0.8163816608082962


epsilon: 3.6720833333333336

m: 4.666666666666666

Residual: 0.7454102682011006


epsilon: 3.6720833333333336

m: 4.833333333333333

Residual: 0.734273401530088


epsilon: 3.6720833333333336

m: 5.0

Residual: 0.6236581723103254


epsilon: 3.6720833333333336

m: 5.166666666666666

Residual: 0.6533460830911921


epsilon: 3.6720833333333336

m: 5.333333333333333

Residual: 0.7132589747297029


epsilon: 3.6720833333333336

m: 5.5

Residual: 0.44010233438806073


epsilon: 3.6720833333333336

m: 5.666666666666666

Residual: 0.5648041286605492


epsilon: 3.6720833333333336

m: 5.833333333333333

Residual: 0.6008222154687085


epsilon: 3.6720833333333336

m: 6.0

Residual: 0.6299494685058825


epsilon: 3.6720833333333336

m: 6.166666666666666

Residual: 0.6437825431074302


epsilon: 3.6720833333333336

m: 6.333333333333333

Residual: 0.39677960192232603


epsilon: 3.6720833333333336

m: 6.5

Residual: 0.731572052637338


epsilon: 3.6720833333333336

m: 6.666666666666666

Residual: 0.5430960682368295


epsilon: 3.6720833333333336

m: 6.833333333333333

Residual: 0.5394010030957779


epsilon: 3.6720833333333336

m: 7.0

Residual: 0.6206902928673462


epsilon: 4.005

m: 3.0

Residual: 0.9877411893570789


epsilon: 4.005

m: 3.1666666666666665

Residual: 0.9819411093357658


epsilon: 4.005

m: 3.3333333333333335

Residual: 0.9737772475234875


epsilon: 4.005

m: 3.5

Residual: 0.9618586646247782


epsilon: 4.005

m: 3.6666666666666665

Residual: 0.9451783704114002


epsilon: 4.005

m: 3.833333333333333

Residual: 0.9278545252552446


epsilon: 4.005

m: 4.0

Residual: 0.9013812047110632


epsilon: 4.005

m: 4.166666666666666

Residual: 0.8663387258475708


epsilon: 4.005

m: 4.333333333333333

Residual: 0.8461161142636863


epsilon: 4.005

m: 4.5

Residual: 0.8192131833606443


epsilon: 4.005

m: 4.666666666666666

Residual: 0.7571033959330773


epsilon: 4.005

m: 4.833333333333333

Residual: 0.7398877882148144


epsilon: 4.005

m: 5.0

Residual: 0.6569113959499194


epsilon: 4.005

m: 5.166666666666666

Residual: 0.6077134723571771


epsilon: 4.005

m: 5.333333333333333

Residual: 0.6382980504235567


epsilon: 4.005

m: 5.5

Residual: 0.5868510377042747


epsilon: 4.005

m: 5.666666666666666

Residual: 0.5713532606606231


epsilon: 4.005

m: 5.833333333333333

Residual: 0.5971136790116417


epsilon: 4.005

m: 6.0

Residual: 0.4673599765637177


epsilon: 4.005

m: 6.166666666666666

Residual: 0.7108283037455768


epsilon: 4.005

m: 6.333333333333333

Residual: 0.6290134591220033


epsilon: 4.005

m: 6.5

Residual: 0.5945391058945575


epsilon: 4.005

m: 6.666666666666666

Residual: 0.6439687857394526


epsilon: 4.005

m: 6.833333333333333

Residual: 0.5963984324599947


epsilon: 4.005

m: 7.0

Residual: 0.7249134232517298


epsilon: 4.337916666666667

m: 3.0

Residual: 0.9886776322072905


epsilon: 4.337916666666667

m: 3.1666666666666665

Residual: 0.9833845575777125


epsilon: 4.337916666666667

m: 3.3333333333333335

Residual: 0.975835304633024


epsilon: 4.337916666666667

m: 3.5

Residual: 0.9650270915679453


epsilon: 4.337916666666667

m: 3.6666666666666665

Residual: 0.9502904656216853


epsilon: 4.337916666666667

m: 3.833333333333333

Residual: 0.9308070860372823


epsilon: 4.337916666666667

m: 4.0

Residual: 0.9045083357505961


epsilon: 4.337916666666667

m: 4.166666666666666

Residual: 0.8731341271506555


epsilon: 4.337916666666667

m: 4.333333333333333

Residual: 0.8581257761390279


epsilon: 4.337916666666667

m: 4.5

Residual: 0.8230892144746741


epsilon: 4.337916666666667

m: 4.666666666666666

Residual: 0.7894781446900025


epsilon: 4.337916666666667

m: 4.833333333333333

Residual: 0.7142950453318664


epsilon: 4.337916666666667

m: 5.0

Residual: 0.6878947340369009


epsilon: 4.337916666666667

m: 5.166666666666666

Residual: 0.6726368089860255


epsilon: 4.337916666666667

m: 5.333333333333333

Residual: 0.6162362088905836


epsilon: 4.337916666666667

m: 5.5

Residual: 0.613117885988459


epsilon: 4.337916666666667

m: 5.666666666666666

Residual: 0.6588937496683712


epsilon: 4.337916666666667

m: 5.833333333333333

Residual: 0.577449865786773


epsilon: 4.337916666666667

m: 6.0

Residual: 0.4855281357007152


epsilon: 4.337916666666667

m: 6.166666666666666

Residual: 0.5608093344078395


epsilon: 4.337916666666667

m: 6.333333333333333

Residual: 0.47350540022832455


epsilon: 4.337916666666667

m: 6.5

Residual: 0.6460398938212455


epsilon: 4.337916666666667

m: 6.666666666666666

Residual: 0.4927937170565581


epsilon: 4.337916666666667

m: 6.833333333333333

Residual: 0.7798851647978073


epsilon: 4.337916666666667

m: 7.0

Residual: 0.7227011310562212


epsilon: 4.670833333333333

m: 3.0

Residual: 0.9894637115407909


epsilon: 4.670833333333333

m: 3.1666666666666665

Residual: 0.9843793199672802


epsilon: 4.670833333333333

m: 3.3333333333333335

Residual: 0.977300426959902


epsilon: 4.670833333333333

m: 3.5

Residual: 0.9671517202906144


epsilon: 4.670833333333333

m: 3.6666666666666665

Residual: 0.9534987386655103


epsilon: 4.670833333333333

m: 3.833333333333333

Residual: 0.9375770222615077


epsilon: 4.670833333333333

m: 4.0

Residual: 0.9231237516251577


epsilon: 4.670833333333333

m: 4.166666666666666

Residual: 0.8935477572986559


epsilon: 4.670833333333333

m: 4.333333333333333

Residual: 0.8524795585702225


epsilon: 4.670833333333333

m: 4.5

Residual: 0.8039554431325358


epsilon: 4.670833333333333

m: 4.666666666666666

Residual: 0.7944207208403566


epsilon: 4.670833333333333

m: 4.833333333333333

Residual: 0.7553602033102015


epsilon: 4.670833333333333

m: 5.0

Residual: 0.7382551465089094


epsilon: 4.670833333333333

m: 5.166666666666666

Residual: 0.6374483687617897


epsilon: 4.670833333333333

m: 5.333333333333333

Residual: 0.5744517113468162


epsilon: 4.670833333333333

m: 5.5

Residual: 0.6591312425141813


epsilon: 4.670833333333333

m: 5.666666666666666

Residual: 0.5759198376257966


epsilon: 4.670833333333333

m: 5.833333333333333

Residual: 0.4637099920464581


epsilon: 4.670833333333333

m: 6.0

Residual: 0.7767629494157477


epsilon: 4.670833333333333

m: 6.166666666666666

Residual: 0.40033744671525345


epsilon: 4.670833333333333

m: 6.333333333333333

Residual: 0.43687488608065433


epsilon: 4.670833333333333

m: 6.5

Residual: 0.51595968789571


epsilon: 4.670833333333333

m: 6.666666666666666

Residual: 0.7334216633204266


epsilon: 4.670833333333333

m: 6.833333333333333

Residual: 0.8162691390678738


epsilon: 4.670833333333333

m: 7.0

Residual: 0.6537205209663609


epsilon: 5.00375

m: 3.0

Residual: 0.9901608957151161


epsilon: 5.00375

m: 3.1666666666666665

Residual: 0.9853273341778825


epsilon: 5.00375

m: 3.3333333333333335

Residual: 0.9786081566266132


epsilon: 5.00375

m: 3.5

Residual: 0.9694574019399705


epsilon: 5.00375

m: 3.6666666666666665

Residual: 0.9570169492266926


epsilon: 5.00375

m: 3.833333333333333

Residual: 0.9397688967488644


epsilon: 5.00375

m: 4.0

Residual: 0.9177035811083005


epsilon: 5.00375

m: 4.166666666666666

Residual: 0.9011085949250546


epsilon: 5.00375

m: 4.333333333333333

Residual: 0.8789870331060726


epsilon: 5.00375

m: 4.5

Residual: 0.8187613304767059


epsilon: 5.00375

m: 4.666666666666666

Residual: 0.8005417494751889


epsilon: 5.00375

m: 4.833333333333333

Residual: 0.7500057313069143


epsilon: 5.00375

m: 5.0

Residual: 0.6955044132856006


epsilon: 5.00375

m: 5.166666666666666

Residual: 0.7343956123141165


epsilon: 5.00375

m: 5.333333333333333

Residual: 0.5542206113470645


epsilon: 5.00375

m: 5.5

Residual: 0.581191204687096


epsilon: 5.00375

m: 5.666666666666666

Residual: 0.5995431557027193


epsilon: 5.00375

m: 5.833333333333333

Residual: 0.5240254561649266


epsilon: 5.00375

m: 6.0

Residual: 0.38618940120671325


epsilon: 5.00375

m: 6.166666666666666

Residual: 0.6261247883452847


epsilon: 5.00375

m: 6.333333333333333

Residual: 0.6923278409903258


epsilon: 5.00375

m: 6.5

Residual: 0.5665763488796401


epsilon: 5.00375

m: 6.666666666666666

Residual: 0.6779303642923422


epsilon: 5.00375

m: 6.833333333333333

Residual: 0.38294011578549747


epsilon: 5.00375

m: 7.0

Residual: 0.7983930359634952


epsilon: 5.336666666666667

m: 3.0

Residual: 0.9908224952939652


epsilon: 5.336666666666667

m: 3.1666666666666665

Residual: 0.9864049503081361


epsilon: 5.336666666666667

m: 3.3333333333333335

Residual: 0.9800904815924025


epsilon: 5.336666666666667

m: 3.5

Residual: 0.9713912812579407


epsilon: 5.336666666666667

m: 3.6666666666666665

Residual: 0.9590633496610761


epsilon: 5.336666666666667

m: 3.833333333333333

Residual: 0.942867054750376


epsilon: 5.336666666666667

m: 4.0

Residual: 0.9261510837042407


epsilon: 5.336666666666667

m: 4.166666666666666

Residual: 0.9144897701021133


epsilon: 5.336666666666667

m: 4.333333333333333

Residual: 0.8901407051201579


epsilon: 5.336666666666667

m: 4.5

Residual: 0.8472830214137982


epsilon: 5.336666666666667

m: 4.666666666666666

Residual: 0.7851682827667913


epsilon: 5.336666666666667

m: 4.833333333333333

Residual: 0.7962006688590095


epsilon: 5.336666666666667

m: 5.0

Residual: 0.7303190548062305


epsilon: 5.336666666666667

m: 5.166666666666666

Residual: 0.7254756094800763


epsilon: 5.336666666666667

m: 5.333333333333333

Residual: 0.7332063695575073


epsilon: 5.336666666666667

m: 5.5

Residual: 0.7650843833000698


epsilon: 5.336666666666667

m: 5.666666666666666

Residual: 0.753244691672005


epsilon: 5.336666666666667

m: 5.833333333333333

Residual: 0.5391481968445226


epsilon: 5.336666666666667

m: 6.0

Residual: 0.6354112879895926


epsilon: 5.336666666666667

m: 6.166666666666666

Residual: 0.6885209835484677


epsilon: 5.336666666666667

m: 6.333333333333333

Residual: 0.699333843135627


epsilon: 5.336666666666667

m: 6.5

Residual: 0.7941039859206311


epsilon: 5.336666666666667

m: 6.666666666666666

Residual: 0.6739192492959913


epsilon: 5.336666666666667

m: 6.833333333333333

Residual: 0.7321193172811646


epsilon: 5.336666666666667

m: 7.0

Residual: 0.8412989873069158


epsilon: 5.669583333333334

m: 3.0

Residual: 0.9913389150041283


epsilon: 5.669583333333334

m: 3.1666666666666665

Residual: 0.9871481140667704


epsilon: 5.669583333333334

m: 3.3333333333333335

Residual: 0.9812480127063746


epsilon: 5.669583333333334

m: 3.5

Residual: 0.9724914054554717


epsilon: 5.669583333333334

m: 3.6666666666666665

Residual: 0.9611722978130139


epsilon: 5.669583333333334

m: 3.833333333333333

Residual: 0.9535481607903528


epsilon: 5.669583333333334

m: 4.0

Residual: 0.9284102990076556


epsilon: 5.669583333333334

m: 4.166666666666666

Residual: 0.9017071264838822


epsilon: 5.669583333333334

m: 4.333333333333333

Residual: 0.9075572798923831


epsilon: 5.669583333333334

m: 4.5

Residual: 0.8579251007921328


epsilon: 5.669583333333334

m: 4.666666666666666

Residual: 0.8165104249892462


epsilon: 5.669583333333334

m: 4.833333333333333

Residual: 0.7510958437466804


epsilon: 5.669583333333334

m: 5.0

Residual: 0.78621160183754


epsilon: 5.669583333333334

m: 5.166666666666666

Residual: 0.7426645239618399


epsilon: 5.669583333333334

m: 5.333333333333333

Residual: 0.8008135631010519


epsilon: 5.669583333333334

m: 5.5

Residual: 0.5976221197193088


epsilon: 5.669583333333334

m: 5.666666666666666

Residual: 0.715070243605006


epsilon: 5.669583333333334

m: 5.833333333333333

Residual: 0.6439757653649435


epsilon: 5.669583333333334

m: 6.0

Residual: 0.6710188978142859


epsilon: 5.669583333333334

m: 6.166666666666666

Residual: 0.7082085022596345


epsilon: 5.669583333333334

m: 6.333333333333333

Residual: 0.6779237506001146


epsilon: 5.669583333333334

m: 6.5

Residual: 0.6658687176936536


epsilon: 5.669583333333334

m: 6.666666666666666

Residual: 0.6697701909380939


epsilon: 5.669583333333334

m: 6.833333333333333

Residual: 0.6537915312478314


epsilon: 5.669583333333334

m: 7.0

Residual: 0.7461043866984619


epsilon: 6.0025

m: 3.0

Residual: 0.991764680750423


epsilon: 6.0025

m: 3.1666666666666665

Residual: 0.9877913203851457


epsilon: 6.0025

m: 3.3333333333333335

Residual: 0.9823531380480602


epsilon: 6.0025

m: 3.5

Residual: 0.9745693603058662


epsilon: 6.0025

m: 3.6666666666666665

Residual: 0.9637382198765356


epsilon: 6.0025

m: 3.833333333333333

Residual: 0.9500822057088114


epsilon: 6.0025

m: 4.0

Residual: 0.9380665024260181


epsilon: 6.0025

m: 4.166666666666666

Residual: 0.9102004277829698


epsilon: 6.0025

m: 4.333333333333333

Residual: 0.9080968012226315


epsilon: 6.0025

m: 4.5

Residual: 0.8449627907844067


epsilon: 6.0025

m: 4.666666666666666

Residual: 0.8450569146615843


epsilon: 6.0025

m: 4.833333333333333

Residual: 0.8558056574927457


epsilon: 6.0025

m: 5.0

Residual: 0.782386135593249


epsilon: 6.0025

m: 5.166666666666666

Residual: 0.7306415500427978


epsilon: 6.0025

m: 5.333333333333333

Residual: 0.6827392697890718


epsilon: 6.0025

m: 5.5

Residual: 0.7071651813685489


epsilon: 6.0025

m: 5.666666666666666

Residual: 0.5200668514887625


epsilon: 6.0025

m: 5.833333333333333

Residual: 0.7645374890340156


epsilon: 6.0025

m: 6.0

Residual: 0.6279702833638505


epsilon: 6.0025

m: 6.166666666666666

Residual: 0.5697045272462214


epsilon: 6.0025

m: 6.333333333333333

Residual: 0.6387997384108408


epsilon: 6.0025

m: 6.5

Residual: 0.6812708964074758


epsilon: 6.0025

m: 6.666666666666666

Residual: 0.7555945441784151


epsilon: 6.0025

m: 6.833333333333333

Residual: 0.46001373221152375


epsilon: 6.0025

m: 7.0

Residual: 0.3997839661488979


epsilon: 6.335416666666667

m: 3.0

Residual: 0.9922087910985091


epsilon: 6.335416666666667

m: 3.1666666666666665

Residual: 0.9885467773792619


epsilon: 6.335416666666667

m: 3.3333333333333335

Residual: 0.9832978433740766


epsilon: 6.335416666666667

m: 3.5

Residual: 0.9761398920634766


epsilon: 6.335416666666667

m: 3.6666666666666665

Residual: 0.9660088386019664


epsilon: 6.335416666666667

m: 3.833333333333333

Residual: 0.9517181629796945


epsilon: 6.335416666666667

m: 4.0

Residual: 0.9415555967301656


epsilon: 6.335416666666667

m: 4.166666666666666

Residual: 0.9218754197055765


epsilon: 6.335416666666667

m: 4.333333333333333

Residual: 0.8984417205843133


epsilon: 6.335416666666667

m: 4.5

Residual: 0.8720932501141108


epsilon: 6.335416666666667

m: 4.666666666666666

Residual: 0.8233714665274592


epsilon: 6.335416666666667

m: 4.833333333333333

Residual: 0.7686854460337704


epsilon: 6.335416666666667

m: 5.0

Residual: 0.7874576682189186


epsilon: 6.335416666666667

m: 5.166666666666666

Residual: 0.7580770271517167


epsilon: 6.335416666666667

m: 5.333333333333333

Residual: 0.6896774385140338


epsilon: 6.335416666666667

m: 5.5

Residual: 0.6810277844289151


epsilon: 6.335416666666667

m: 5.666666666666666

Residual: 0.6455442020312974


epsilon: 6.335416666666667

m: 5.833333333333333

Residual: 0.734262161597288


epsilon: 6.335416666666667

m: 6.0

Residual: 0.8014050351190247


epsilon: 6.335416666666667

m: 6.166666666666666

Residual: 0.4242135162852929


epsilon: 6.335416666666667

m: 6.333333333333333

Residual: 0.6186561302276539


epsilon: 6.335416666666667

m: 6.5

Residual: 0.4904009183504904


epsilon: 6.335416666666667

m: 6.666666666666666

Residual: 0.6735699807283186


epsilon: 6.335416666666667

m: 6.833333333333333

Residual: 0.6447480127671308


epsilon: 6.335416666666667

m: 7.0

Residual: 0.7577536511779365


epsilon: 6.668333333333334

m: 3.0

Residual: 0.9925515718396288


epsilon: 6.668333333333334

m: 3.1666666666666665

Residual: 0.9891454446051258


epsilon: 6.668333333333334

m: 3.3333333333333335

Residual: 0.9842079939346582


epsilon: 6.668333333333334

m: 3.5

Residual: 0.9771412051401169


epsilon: 6.668333333333334

m: 3.6666666666666665

Residual: 0.96753886988935


epsilon: 6.668333333333334

m: 3.833333333333333

Residual: 0.9595278628984364


epsilon: 6.668333333333334

m: 4.0

Residual: 0.9379570820724236


epsilon: 6.668333333333334

m: 4.166666666666666

Residual: 0.9154378594457901


epsilon: 6.668333333333334

m: 4.333333333333333

Residual: 0.9082928689137709


epsilon: 6.668333333333334

m: 4.5

Residual: 0.8869197335938165


epsilon: 6.668333333333334

m: 4.666666666666666

Residual: 0.8304056181275721


epsilon: 6.668333333333334

m: 4.833333333333333

Residual: 0.8324308834560528


epsilon: 6.668333333333334

m: 5.0

Residual: 0.8023679683066356


epsilon: 6.668333333333334

m: 5.166666666666666

Residual: 0.7607436215990937


epsilon: 6.668333333333334

m: 5.333333333333333

Residual: 0.6978260362803693


epsilon: 6.668333333333334

m: 5.5

Residual: 0.6989814788805149


epsilon: 6.668333333333334

m: 5.666666666666666

Residual: 0.648494122572972


epsilon: 6.668333333333334

m: 5.833333333333333

Residual: 0.6040966305773589


epsilon: 6.668333333333334

m: 6.0

Residual: 0.7254900087653462


epsilon: 6.668333333333334

m: 6.166666666666666

Residual: 0.7092970508463554


epsilon: 6.668333333333334

m: 6.333333333333333

Residual: 0.7262282359054005


epsilon: 6.668333333333334

m: 6.5

Residual: 0.6259408252871507


epsilon: 6.668333333333334

m: 6.666666666666666

Residual: 0.696262425181415


epsilon: 6.668333333333334

m: 6.833333333333333

Residual: 0.6871350557397905


epsilon: 6.668333333333334

m: 7.0

Residual: 0.632953923691512


epsilon: 7.001250000000001

m: 3.0

Residual: 0.9929605616118328


epsilon: 7.001250000000001

m: 3.1666666666666665

Residual: 0.9895464430011232


epsilon: 7.001250000000001

m: 3.3333333333333335

Residual: 0.984547446147483


epsilon: 7.001250000000001

m: 3.5

Residual: 0.9782814514959144


epsilon: 7.001250000000001

m: 3.6666666666666665

Residual: 0.9693718646838603


epsilon: 7.001250000000001

m: 3.833333333333333

Residual: 0.9614429597230978


epsilon: 7.001250000000001

m: 4.0

Residual: 0.940915091769453


epsilon: 7.001250000000001

m: 4.166666666666666

Residual: 0.9295372235989413


epsilon: 7.001250000000001

m: 4.333333333333333

Residual: 0.9094822628447589


epsilon: 7.001250000000001

m: 4.5

Residual: 0.8978815936433093


epsilon: 7.001250000000001

m: 4.666666666666666

Residual: 0.8320409442288903


epsilon: 7.001250000000001

m: 4.833333333333333

Residual: 0.836963477755143


epsilon: 7.001250000000001

m: 5.0

Residual: 0.8108887271714545


epsilon: 7.001250000000001

m: 5.166666666666666

Residual: 0.7929089215697042


epsilon: 7.001250000000001

m: 5.333333333333333

Residual: 0.7233039741608214


epsilon: 7.001250000000001

m: 5.5

Residual: 0.7113327422542366


epsilon: 7.001250000000001

m: 5.666666666666666

Residual: 0.7880350681637669


epsilon: 7.001250000000001

m: 5.833333333333333

Residual: 0.7356654070135344


epsilon: 7.001250000000001

m: 6.0

Residual: 0.6361755357579815


epsilon: 7.001250000000001

m: 6.166666666666666

Residual: 0.4551624667455144


epsilon: 7.001250000000001

m: 6.333333333333333

Residual: 0.7430641660348253


epsilon: 7.001250000000001

m: 6.5

Residual: 0.7931416553461245


epsilon: 7.001250000000001

m: 6.666666666666666

Residual: 0.6875793275269216


epsilon: 7.001250000000001

m: 6.833333333333333

Residual: 0.7125397390190248


epsilon: 7.001250000000001

m: 7.0

Residual: 0.7790166103702951


epsilon: 7.334166666666667

m: 3.0

Residual: 0.9932870644917011


epsilon: 7.334166666666667

m: 3.1666666666666665

Residual: 0.9901308614607156


epsilon: 7.334166666666667

m: 3.3333333333333335

Residual: 0.9853473611287158


epsilon: 7.334166666666667

m: 3.5

Residual: 0.9788113163761609


epsilon: 7.334166666666667

m: 3.6666666666666665

Residual: 0.970462619819516


epsilon: 7.334166666666667

m: 3.833333333333333

Residual: 0.9597633515597747


epsilon: 7.334166666666667

m: 4.0

Residual: 0.9487400628359984


epsilon: 7.334166666666667

m: 4.166666666666666

Residual: 0.930027819097571


epsilon: 7.334166666666667

m: 4.333333333333333

Residual: 0.9133172573259162


epsilon: 7.334166666666667

m: 4.5

Residual: 0.8727842992021926


epsilon: 7.334166666666667

m: 4.666666666666666

Residual: 0.8721771087011493


epsilon: 7.334166666666667

m: 4.833333333333333

Residual: 0.8390280529647265


epsilon: 7.334166666666667

m: 5.0

Residual: 0.7886067528990206


epsilon: 7.334166666666667

m: 5.166666666666666

Residual: 0.7553598089745774


epsilon: 7.334166666666667

m: 5.333333333333333

Residual: 0.8001388266782636


epsilon: 7.334166666666667

m: 5.5

Residual: 0.7478884784770984


epsilon: 7.334166666666667

m: 5.666666666666666

Residual: 0.7795779138612429


epsilon: 7.334166666666667

m: 5.833333333333333

Residual: 0.7711592135108087


epsilon: 7.334166666666667

m: 6.0

Residual: 0.6242763609185462


epsilon: 7.334166666666667

m: 6.166666666666666

Residual: 0.693819774262274


epsilon: 7.334166666666667

m: 6.333333333333333

Residual: 0.7430269556565775


epsilon: 7.334166666666667

m: 6.5

Residual: 0.807235672266166


epsilon: 7.334166666666667

m: 6.666666666666666

Residual: 0.7127005137799081


epsilon: 7.334166666666667

m: 6.833333333333333

Residual: 0.8069374075085759


epsilon: 7.334166666666667

m: 7.0

Residual: 0.7768328279804337


epsilon: 7.667083333333334

m: 3.0

Residual: 0.9935163485995925


epsilon: 7.667083333333334

m: 3.1666666666666665

Residual: 0.9905230730399686


epsilon: 7.667083333333334

m: 3.3333333333333335

Residual: 0.9861190112428708


epsilon: 7.667083333333334

m: 3.5

Residual: 0.980039569207109


epsilon: 7.667083333333334

m: 3.6666666666666665

Residual: 0.9720899768160972


epsilon: 7.667083333333334

m: 3.833333333333333

Residual: 0.9596504414547704


epsilon: 7.667083333333334

m: 4.0

Residual: 0.9516567786390918


epsilon: 7.667083333333334

m: 4.166666666666666

Residual: 0.9274476534843132


epsilon: 7.667083333333334

m: 4.333333333333333

Residual: 0.9155737583242655


epsilon: 7.667083333333334

m: 4.5

Residual: 0.8892334446810104


epsilon: 7.667083333333334

m: 4.666666666666666

Residual: 0.843896303685421


epsilon: 7.667083333333334

m: 4.833333333333333

Residual: 0.8443914439950295


epsilon: 7.667083333333334

m: 5.0

Residual: 0.7825168637082209


epsilon: 7.667083333333334

m: 5.166666666666666

Residual: 0.7369970850665898


epsilon: 7.667083333333334

m: 5.333333333333333

Residual: 0.7451916242339003


epsilon: 7.667083333333334

m: 5.5

Residual: 0.7728545458734878


epsilon: 7.667083333333334

m: 5.666666666666666

Residual: 0.6681735423266963


epsilon: 7.667083333333334

m: 5.833333333333333

Residual: 0.650721003023219


epsilon: 7.667083333333334

m: 6.0

Residual: 0.6338615713712036


epsilon: 7.667083333333334

m: 6.166666666666666

Residual: 0.5643498703214751


epsilon: 7.667083333333334

m: 6.333333333333333

Residual: 0.6463559884108085


epsilon: 7.667083333333334

m: 6.5

Residual: 0.7868864649892675


epsilon: 7.667083333333334

m: 6.666666666666666

Residual: 0.4467559086279444


epsilon: 7.667083333333334

m: 6.833333333333333

Residual: 0.6854162295636183


epsilon: 7.667083333333334

m: 7.0

Residual: 0.8261445481985422


epsilon: 8.0

m: 3.0

Residual: 0.9938480644007089


epsilon: 8.0

m: 3.1666666666666665

Residual: 0.990922766658629


epsilon: 8.0

m: 3.3333333333333335

Residual: 0.9866718720966211


epsilon: 8.0

m: 3.5

Residual: 0.980666838566078


epsilon: 8.0

m: 3.6666666666666665

Residual: 0.9734615307895419


epsilon: 8.0

m: 3.833333333333333

Residual: 0.9623075230142157


epsilon: 8.0

m: 4.0

Residual: 0.9487467182765352


epsilon: 8.0

m: 4.166666666666666

Residual: 0.9304217093917971


epsilon: 8.0

m: 4.333333333333333

Residual: 0.9215398500100102


epsilon: 8.0

m: 4.5

Residual: 0.8842536504780114


epsilon: 8.0

m: 4.666666666666666

Residual: 0.8504242311679714


epsilon: 8.0

m: 4.833333333333333

Residual: 0.8778464294183361


epsilon: 8.0

m: 5.0

Residual: 0.8614493906651984


epsilon: 8.0

m: 5.166666666666666

Residual: 0.8246027582693454


epsilon: 8.0

m: 5.333333333333333

Residual: 0.7693818301319013


epsilon: 8.0

m: 5.5

Residual: 0.7145506906976686


epsilon: 8.0

m: 5.666666666666666

Residual: 0.7903186256936727


epsilon: 8.0

m: 5.833333333333333

Residual: 0.6480393745903286


epsilon: 8.0

m: 6.0

Residual: 0.7016505826119738


epsilon: 8.0

m: 6.166666666666666

Residual: 0.4986432483159177


epsilon: 8.0

m: 6.333333333333333

Residual: 0.8185316765546583


epsilon: 8.0

m: 6.5

Residual: 0.5407375762722635


epsilon: 8.0

m: 6.666666666666666

Residual: 0.6263498738165554


epsilon: 8.0

m: 6.833333333333333

Residual: 0.7664228162122889


epsilon: 8.0

m: 7.0

Residual: 0.8171506646414207


