epsilon: 0.5

m: 4.0

n: 12.0

Residual: 0.46083192490296154


epsilon: 0.5

m: 4.0

n: 12.0

Residual: 0.46087436205700444


epsilon: 0.5

m: 4.0

n: 16.22222222222222

Residual: 0.3734467585730803


epsilon: 0.5

m: 4.0

n: 20.444444444444443

Residual: 0.3179526527373468


epsilon: 0.5

m: 4.0

n: 24.666666666666668

Residual: 0.2791408469329976


epsilon: 0.5

m: 4.0

n: 28.88888888888889

Residual: 0.253466827579094


epsilon: 0.5

m: 4.0

n: 33.111111111111114

Residual: 0.23620540682195182


epsilon: 0.5

m: 4.0

n: 37.333333333333336

Residual: 0.22401091102629145


epsilon: 0.5

m: 4.0

n: 41.55555555555556

Residual: 0.2149547851195052


epsilon: 0.5

m: 4.0

n: 45.77777777777778

Residual: 0.2080567668268404


epsilon: 0.5

m: 4.0

n: 50.0

Residual: 0.20323948371560963


epsilon: 0.5

m: 4.333333333333333

n: 12.0

Residual: 0.1954727249258581


epsilon: 0.5

m: 4.333333333333333

n: 16.22222222222222

Residual: 0.10510581400648429


epsilon: 0.5

m: 4.333333333333333

n: 20.444444444444443

Residual: 0.09472506124089435


epsilon: 0.5

m: 4.333333333333333

n: 24.666666666666668

Residual: 0.10476304255351745


epsilon: 0.5

m: 4.333333333333333

n: 28.88888888888889

Residual: 0.11844094184103882


epsilon: 0.5

m: 4.333333333333333

n: 33.111111111111114

Residual: 0.1314030438084307


epsilon: 0.5

m: 4.333333333333333

n: 37.333333333333336

Residual: 0.1435687238196344


epsilon: 0.5

m: 4.333333333333333

n: 41.55555555555556

Residual: 0.15428974337155377


epsilon: 0.5

m: 4.333333333333333

n: 45.77777777777778

Residual: 0.16302971862338939


epsilon: 0.5

m: 4.333333333333333

n: 50.0

Residual: 0.17174801652458116


epsilon: 0.5

m: 4.666666666666667

n: 12.0

Residual: 0.06757892506687325


epsilon: 0.5

m: 4.666666666666667

n: 16.22222222222222

Residual: 0.18408686181731387


epsilon: 0.5

m: 4.666666666666667

n: 20.444444444444443

Residual: 0.2526339484995059


epsilon: 0.5

m: 4.666666666666667

n: 24.666666666666668

Residual: 0.2972191043916064


epsilon: 0.5

m: 4.666666666666667

n: 28.88888888888889

Residual: 0.3293370079880729


epsilon: 0.5

m: 4.666666666666667

n: 33.111111111111114

Residual: 0.35292790006354086


epsilon: 0.5

m: 4.666666666666667

n: 37.333333333333336

Residual: 0.3712003229173196


epsilon: 0.5

m: 4.666666666666667

n: 41.55555555555556

Residual: 0.3863881602688832


epsilon: 0.5

m: 4.666666666666667

n: 45.77777777777778

Residual: 0.39886684964731317


epsilon: 0.5

m: 4.666666666666667

n: 50.0

Residual: 0.40906015853296734


epsilon: 0.5

m: 5.0

n: 12.0

Residual: 0.2804938875083902


epsilon: 0.5

m: 5.0

n: 16.22222222222222

Residual: 0.3962863653390371


epsilon: 0.5

m: 5.0

n: 20.444444444444443

Residual: 0.4586078370732359


epsilon: 0.5

m: 5.0

n: 24.666666666666668

Residual: 0.4978882992746831


epsilon: 0.5

m: 5.0

n: 28.88888888888889

Residual: 0.5249225208806323


epsilon: 0.5

m: 5.0

n: 33.111111111111114

Residual: 0.5461686709007587


epsilon: 0.5

m: 5.0

n: 37.333333333333336

Residual: 0.5617346163793366


epsilon: 0.5

m: 5.0

n: 41.55555555555556

Residual: 0.5746898943081004


epsilon: 0.5

m: 5.0

n: 45.77777777777778

Residual: 0.5840165806664748


epsilon: 0.5

m: 5.0

n: 50.0

Residual: 0.5917788266813423


epsilon: 0.5

m: 5.333333333333333

n: 12.0

Residual: 0.44623822992561163


epsilon: 0.5

m: 5.333333333333333

n: 16.22222222222222

Residual: 0.5504959001616905


epsilon: 0.5

m: 5.333333333333333

n: 20.444444444444443

Residual: 0.6042567289658278


epsilon: 0.5

m: 5.333333333333333

n: 24.666666666666668

Residual: 0.637360851542833


epsilon: 0.5

m: 5.333333333333333

n: 28.88888888888889

Residual: 0.6601250391223608


epsilon: 0.5

m: 5.333333333333333

n: 33.111111111111114

Residual: 0.6765614127463488


epsilon: 0.5

m: 5.333333333333333

n: 37.333333333333336

Residual: 0.6887967132268263


epsilon: 0.5

m: 5.333333333333333

n: 41.55555555555556

Residual: 0.6992920532888766


epsilon: 0.5

m: 5.333333333333333

n: 45.77777777777778

Residual: 0.7071967836842586


epsilon: 0.5

m: 5.333333333333333

n: 50.0

Residual: 0.7136294410304339


epsilon: 0.5

m: 5.666666666666666

n: 12.0

Residual: 0.5679688307457406


epsilon: 0.5

m: 5.666666666666666

n: 16.22222222222222

Residual: 0.6590258691399742


epsilon: 0.5

m: 5.666666666666666

n: 20.444444444444443

Residual: 0.7043153974660386


epsilon: 0.5

m: 5.666666666666666

n: 24.666666666666668

Residual: 0.7316618062171952


epsilon: 0.5

m: 5.666666666666666

n: 28.88888888888889

Residual: 0.7503352885693464


epsilon: 0.5

m: 5.666666666666666

n: 33.111111111111114

Residual: 0.7637218558866182


epsilon: 0.5

m: 5.666666666666666

n: 37.333333333333336

Residual: 0.7743730081926447


epsilon: 0.5

m: 5.666666666666666

n: 41.55555555555556

Residual: 0.7813646334024726


epsilon: 0.5

m: 5.666666666666666

n: 45.77777777777778

Residual: 0.7883286387519592


epsilon: 0.5

m: 5.666666666666666

n: 50.0

Residual: 0.7936150716142707


epsilon: 0.5

m: 6.0

n: 12.0

Residual: 0.6551914568293135


epsilon: 0.5

m: 6.0

n: 16.22222222222222

Residual: 0.7340096744113279


epsilon: 0.5

m: 6.0

n: 20.444444444444443

Residual: 0.7723525798353356


epsilon: 0.5

m: 6.0

n: 24.666666666666668

Residual: 0.7960687071634401


epsilon: 0.5

m: 6.0

n: 28.88888888888889

Residual: 0.8115716385435873


epsilon: 0.5

m: 6.0

n: 33.111111111111114

Residual: 0.8216004234469608


epsilon: 0.5

m: 6.0

n: 37.333333333333336

Residual: 0.8300367598621257


epsilon: 0.5

m: 6.0

n: 41.55555555555556

Residual: 0.8366183290597763


epsilon: 0.5

m: 6.0

n: 45.77777777777778

Residual: 0.8416272830813073


epsilon: 0.5

m: 6.0

n: 50.0

Residual: 0.8477503207094629


epsilon: 0.5

m: 6.333333333333333

n: 12.0

Residual: 0.719436517647176


epsilon: 0.5

m: 6.333333333333333

n: 16.22222222222222

Residual: 0.7889081419469809


epsilon: 0.5

m: 6.333333333333333

n: 20.444444444444443

Residual: 0.8215252303086317


epsilon: 0.5

m: 6.333333333333333

n: 24.666666666666668

Residual: 0.8408494522109802


epsilon: 0.5

m: 6.333333333333333

n: 28.88888888888889

Residual: 0.8528302225317521


epsilon: 0.5

m: 6.333333333333333

n: 33.111111111111114

Residual: 0.8623531576253651


epsilon: 0.5

m: 6.333333333333333

n: 37.333333333333336

Residual: 0.8687452347613044


epsilon: 0.5

m: 6.333333333333333

n: 41.55555555555556

Residual: 0.8739693181852174


epsilon: 0.5

m: 6.333333333333333

n: 45.77777777777778

Residual: 0.8790323128803255


epsilon: 0.5

m: 6.333333333333333

n: 50.0

Residual: 0.8827830679865285


epsilon: 0.5

m: 6.666666666666666

n: 12.0

Residual: 0.7665568774405156


epsilon: 0.5

m: 6.666666666666666

n: 16.22222222222222

Residual: 0.828335169243985


epsilon: 0.5

m: 6.666666666666666

n: 20.444444444444443

Residual: 0.8559263014877292


epsilon: 0.5

m: 6.666666666666666

n: 24.666666666666668

Residual: 0.8719732647528539


epsilon: 0.5

m: 6.666666666666666

n: 28.88888888888889

Residual: 0.8826003148077508


epsilon: 0.5

m: 6.666666666666666

n: 33.111111111111114

Residual: 0.8907362003173931


epsilon: 0.5

m: 6.666666666666666

n: 37.333333333333336

Residual: 0.8965668458672184


epsilon: 0.5

m: 6.666666666666666

n: 41.55555555555556

Residual: 0.9009198267123801


epsilon: 0.5

m: 6.666666666666666

n: 45.77777777777778

Residual: 0.9041774984948231


epsilon: 0.5

m: 6.666666666666666

n: 50.0

Residual: 0.9069559913815817


epsilon: 0.5

m: 7.0

n: 12.0

Residual: 0.8021190164242146


epsilon: 0.5

m: 7.0

n: 16.22222222222222

Residual: 0.8568507512109572


epsilon: 0.5

m: 7.0

n: 20.444444444444443

Residual: 0.8814856558936864


epsilon: 0.5

m: 7.0

n: 24.666666666666668

Residual: 0.894571122821841


epsilon: 0.5

m: 7.0

n: 28.88888888888889

Residual: 0.9048712732733386


epsilon: 0.5

m: 7.0

n: 33.111111111111114

Residual: 0.9108242222765256


epsilon: 0.5

m: 7.0

n: 37.333333333333336

Residual: 0.9156210359508685


epsilon: 0.5

m: 7.0

n: 41.55555555555556

Residual: 0.9202204196841046


epsilon: 0.5

m: 7.0

n: 45.77777777777778

Residual: 0.9224752132200581


epsilon: 0.5

m: 7.0

n: 50.0

Residual: 0.9256339213970315


epsilon: 1.1111111111111112

m: 4.0

n: 12.0

Residual: 0.7151450407805187


epsilon: 1.1111111111111112

m: 4.0

n: 16.22222222222222

Residual: 0.6593840768802925


epsilon: 1.1111111111111112

m: 4.0

n: 20.444444444444443

Residual: 0.6222541900624737


epsilon: 1.1111111111111112

m: 4.0

n: 24.666666666666668

Residual: 0.5954049965969126


epsilon: 1.1111111111111112

m: 4.0

n: 28.88888888888889

Residual: 0.5749548966513743


epsilon: 1.1111111111111112

m: 4.0

n: 33.111111111111114

Residual: 0.5588397816134657


epsilon: 1.1111111111111112

m: 4.0

n: 37.333333333333336

Residual: 0.545776908123035


epsilon: 1.1111111111111112

m: 4.0

n: 41.55555555555556

Residual: 0.5347153516512655


epsilon: 1.1111111111111112

m: 4.0

n: 45.77777777777778

Residual: 0.5255041478817016


epsilon: 1.1111111111111112

m: 4.0

n: 50.0

Residual: 0.5176607020846322


epsilon: 1.1111111111111112

m: 4.333333333333333

n: 12.0

Residual: 0.5351282926508726


epsilon: 1.1111111111111112

m: 4.333333333333333

n: 16.22222222222222

Residual: 0.44855645480403966


epsilon: 1.1111111111111112

m: 4.333333333333333

n: 20.444444444444443

Residual: 0.3929850699175834


epsilon: 1.1111111111111112

m: 4.333333333333333

n: 24.666666666666668

Residual: 0.3537347348600982


epsilon: 1.1111111111111112

m: 4.333333333333333

n: 28.88888888888889

Residual: 0.3245526202525015


epsilon: 1.1111111111111112

m: 4.333333333333333

n: 33.111111111111114

Residual: 0.3016002092388493


epsilon: 1.1111111111111112

m: 4.333333333333333

n: 37.333333333333336

Residual: 0.2831784483929409


epsilon: 1.1111111111111112

m: 4.333333333333333

n: 41.55555555555556

Residual: 0.26817668518531235


epsilon: 1.1111111111111112

m: 4.333333333333333

n: 45.77777777777778

Residual: 0.25511719773739927


epsilon: 1.1111111111111112

m: 4.333333333333333

n: 50.0

Residual: 0.24458437933769697


epsilon: 1.1111111111111112

m: 4.666666666666667

n: 12.0

Residual: 0.3237195936973292


epsilon: 1.1111111111111112

m: 4.666666666666667

n: 16.22222222222222

Residual: 0.2097687277511411


epsilon: 1.1111111111111112

m: 4.666666666666667

n: 20.444444444444443

Residual: 0.13988666605985994


epsilon: 1.1111111111111112

m: 4.666666666666667

n: 24.666666666666668

Residual: 0.0920744287251275


epsilon: 1.1111111111111112

m: 4.666666666666667

n: 28.88888888888889

Residual: 0.05704353703715394


epsilon: 1.1111111111111112

m: 4.666666666666667

n: 33.111111111111114

Residual: 0.030414301408323706


epsilon: 1.1111111111111112

m: 4.666666666666667

n: 37.333333333333336

Residual: 0.012864069210090583


epsilon: 1.1111111111111112

m: 4.666666666666667

n: 41.55555555555556

Residual: 0.022880365962908576


epsilon: 1.1111111111111112

m: 4.666666666666667

n: 45.77777777777778

Residual: 0.03237504654027711


epsilon: 1.1111111111111112

m: 4.666666666666667

n: 50.0

Residual: 0.04266105245257861


epsilon: 1.1111111111111112

m: 5.0

n: 12.0

Residual: 0.11200313092398179


epsilon: 1.1111111111111112

m: 5.0

n: 16.22222222222222

Residual: 0.0638015866899079


epsilon: 1.1111111111111112

m: 5.0

n: 20.444444444444443

Residual: 0.09571929940665065


epsilon: 1.1111111111111112

m: 5.0

n: 24.666666666666668

Residual: 0.14634524126729662


epsilon: 1.1111111111111112

m: 5.0

n: 28.88888888888889

Residual: 0.18297137731651658


epsilon: 1.1111111111111112

m: 5.0

n: 33.111111111111114

Residual: 0.2098688476316331


epsilon: 1.1111111111111112

m: 5.0

n: 37.333333333333336

Residual: 0.231387630052894


epsilon: 1.1111111111111112

m: 5.0

n: 41.55555555555556

Residual: 0.2488999092095109


epsilon: 1.1111111111111112

m: 5.0

n: 45.77777777777778

Residual: 0.26294281188067326


epsilon: 1.1111111111111112

m: 5.0

n: 50.0

Residual: 0.27542842657835354


epsilon: 1.1111111111111112

m: 5.333333333333333

n: 12.0

Residual: 0.1294271052216319


epsilon: 1.1111111111111112

m: 5.333333333333333

n: 16.22222222222222

Residual: 0.21665272036328526


epsilon: 1.1111111111111112

m: 5.333333333333333

n: 20.444444444444443

Residual: 0.291828425574201


epsilon: 1.1111111111111112

m: 5.333333333333333

n: 24.666666666666668

Residual: 0.3402971653315378


epsilon: 1.1111111111111112

m: 5.333333333333333

n: 28.88888888888889

Residual: 0.37463811763567983


epsilon: 1.1111111111111112

m: 5.333333333333333

n: 33.111111111111114

Residual: 0.4004760445852696


epsilon: 1.1111111111111112

m: 5.333333333333333

n: 37.333333333333336

Residual: 0.41973298351994587


epsilon: 1.1111111111111112

m: 5.333333333333333

n: 41.55555555555556

Residual: 0.434582552863076


epsilon: 1.1111111111111112

m: 5.333333333333333

n: 45.77777777777778

Residual: 0.44925272449011194


epsilon: 1.1111111111111112

m: 5.333333333333333

n: 50.0

Residual: 0.45847513426715425


epsilon: 1.1111111111111112

m: 5.666666666666666

n: 12.0

Residual: 0.2408460051953788


epsilon: 1.1111111111111112

m: 5.666666666666666

n: 16.22222222222222

Residual: 0.372820491016689


epsilon: 1.1111111111111112

m: 5.666666666666666

n: 20.444444444444443

Residual: 0.4433572216825218


epsilon: 1.1111111111111112

m: 5.666666666666666

n: 24.666666666666668

Residual: 0.48785858693451595


epsilon: 1.1111111111111112

m: 5.666666666666666

n: 28.88888888888889

Residual: 0.5186067610699799


epsilon: 1.1111111111111112

m: 5.666666666666666

n: 33.111111111111114

Residual: 0.5408438933535158


epsilon: 1.1111111111111112

m: 5.666666666666666

n: 37.333333333333336

Residual: 0.5581598536115217


epsilon: 1.1111111111111112

m: 5.666666666666666

n: 41.55555555555556

Residual: 0.5716555667302512


epsilon: 1.1111111111111112

m: 5.666666666666666

n: 45.77777777777778

Residual: 0.5832925576682929


epsilon: 1.1111111111111112

m: 5.666666666666666

n: 50.0

Residual: 0.5923442939663166


epsilon: 1.1111111111111112

m: 6.0

n: 12.0

Residual: 0.3668298622183411


epsilon: 1.1111111111111112

m: 6.0

n: 16.22222222222222

Residual: 0.492088826924853


epsilon: 1.1111111111111112

m: 6.0

n: 20.444444444444443

Residual: 0.5578263596293571


epsilon: 1.1111111111111112

m: 6.0

n: 24.666666666666668

Residual: 0.5975268465979198


epsilon: 1.1111111111111112

m: 6.0

n: 28.88888888888889

Residual: 0.6236283160836209


epsilon: 1.1111111111111112

m: 6.0

n: 33.111111111111114

Residual: 0.6436312741712488


epsilon: 1.1111111111111112

m: 6.0

n: 37.333333333333336

Residual: 0.657744972419359


epsilon: 1.1111111111111112

m: 6.0

n: 41.55555555555556

Residual: 0.6696434831343622


epsilon: 1.1111111111111112

m: 6.0

n: 45.77777777777778

Residual: 0.679109386235118


epsilon: 1.1111111111111112

m: 6.0

n: 50.0

Residual: 0.6882499894539535


epsilon: 1.1111111111111112

m: 6.333333333333333

n: 12.0

Residual: 0.4669475941304078


epsilon: 1.1111111111111112

m: 6.333333333333333

n: 16.22222222222222

Residual: 0.5843366097963858


epsilon: 1.1111111111111112

m: 6.333333333333333

n: 20.444444444444443

Residual: 0.6426816683228548


epsilon: 1.1111111111111112

m: 6.333333333333333

n: 24.666666666666668

Residual: 0.6756170859366681


epsilon: 1.1111111111111112

m: 6.333333333333333

n: 28.88888888888889

Residual: 0.6995326367590229


epsilon: 1.1111111111111112

m: 6.333333333333333

n: 33.111111111111114

Residual: 0.7182397770451672


epsilon: 1.1111111111111112

m: 6.333333333333333

n: 37.333333333333336

Residual: 0.7300727805243803


epsilon: 1.1111111111111112

m: 6.333333333333333

n: 41.55555555555556

Residual: 0.7417980137754695


epsilon: 1.1111111111111112

m: 6.333333333333333

n: 45.77777777777778

Residual: 0.7488696076676576


epsilon: 1.1111111111111112

m: 6.333333333333333

n: 50.0

Residual: 0.7543061070218388


epsilon: 1.1111111111111112

m: 6.666666666666666

n: 12.0

Residual: 0.5476586124969641


epsilon: 1.1111111111111112

m: 6.666666666666666

n: 16.22222222222222

Residual: 0.6526360369580858


epsilon: 1.1111111111111112

m: 6.666666666666666

n: 20.444444444444443

Residual: 0.7067627613889275


epsilon: 1.1111111111111112

m: 6.666666666666666

n: 24.666666666666668

Residual: 0.7361605479965272


epsilon: 1.1111111111111112

m: 6.666666666666666

n: 28.88888888888889

Residual: 0.7574743310450966


epsilon: 1.1111111111111112

m: 6.666666666666666

n: 33.111111111111114

Residual: 0.7716225185114407


epsilon: 1.1111111111111112

m: 6.666666666666666

n: 37.333333333333336

Residual: 0.7829290883446856


epsilon: 1.1111111111111112

m: 6.666666666666666

n: 41.55555555555556

Residual: 0.7916548180612216


epsilon: 1.1111111111111112

m: 6.666666666666666

n: 45.77777777777778

Residual: 0.7990156416256545


epsilon: 1.1111111111111112

m: 6.666666666666666

n: 50.0

Residual: 0.8034059323341236


epsilon: 1.1111111111111112

m: 7.0

n: 12.0

Residual: 0.608674775774993


epsilon: 1.1111111111111112

m: 7.0

n: 16.22222222222222

Residual: 0.7065989668924689


epsilon: 1.1111111111111112

m: 7.0

n: 20.444444444444443

Residual: 0.754038635826805


epsilon: 1.1111111111111112

m: 7.0

n: 24.666666666666668

Residual: 0.781949203394898


epsilon: 1.1111111111111112

m: 7.0

n: 28.88888888888889

Residual: 0.799679153850098


epsilon: 1.1111111111111112

m: 7.0

n: 33.111111111111114

Residual: 0.8133059840002068


epsilon: 1.1111111111111112

m: 7.0

n: 37.333333333333336

Residual: 0.8226479027698284


epsilon: 1.1111111111111112

m: 7.0

n: 41.55555555555556

Residual: 0.8288917357218817


epsilon: 1.1111111111111112

m: 7.0

n: 45.77777777777778

Residual: 0.8335808525963394


epsilon: 1.1111111111111112

m: 7.0

n: 50.0

Residual: 0.841914116445467


epsilon: 1.7222222222222223

m: 4.0

n: 12.0

Residual: 0.8064097420154638


epsilon: 1.7222222222222223

m: 4.0

n: 16.22222222222222

Residual: 0.7661043412990934


epsilon: 1.7222222222222223

m: 4.0

n: 20.444444444444443

Residual: 0.7387693934214237


epsilon: 1.7222222222222223

m: 4.0

n: 24.666666666666668

Residual: 0.7187623694439682


epsilon: 1.7222222222222223

m: 4.0

n: 28.88888888888889

Residual: 0.7033591849546215


epsilon: 1.7222222222222223

m: 4.0

n: 33.111111111111114

Residual: 0.6912430355030841


epsilon: 1.7222222222222223

m: 4.0

n: 37.333333333333336

Residual: 0.6812485632088711


epsilon: 1.7222222222222223

m: 4.0

n: 41.55555555555556

Residual: 0.6728565585581998


epsilon: 1.7222222222222223

m: 4.0

n: 45.77777777777778

Residual: 0.6657889396345025


epsilon: 1.7222222222222223

m: 4.0

n: 50.0

Residual: 0.6597147506060336


epsilon: 1.7222222222222223

m: 4.333333333333333

n: 12.0

Residual: 0.6730634954817072


epsilon: 1.7222222222222223

m: 4.333333333333333

n: 16.22222222222222

Residual: 0.6057491950730427


epsilon: 1.7222222222222223

m: 4.333333333333333

n: 20.444444444444443

Residual: 0.5611529673933581


epsilon: 1.7222222222222223

m: 4.333333333333333

n: 24.666666666666668

Residual: 0.5291078616413248


epsilon: 1.7222222222222223

m: 4.333333333333333

n: 28.88888888888889

Residual: 0.5046031378144402


epsilon: 1.7222222222222223

m: 4.333333333333333

n: 33.111111111111114

Residual: 0.4855435196665578


epsilon: 1.7222222222222223

m: 4.333333333333333

n: 37.333333333333336

Residual: 0.47000333837447705


epsilon: 1.7222222222222223

m: 4.333333333333333

n: 41.55555555555556

Residual: 0.4573345539636803


epsilon: 1.7222222222222223

m: 4.333333333333333

n: 45.77777777777778

Residual: 0.44634960843144217


epsilon: 1.7222222222222223

m: 4.333333333333333

n: 50.0

Residual: 0.4367688233461343


epsilon: 1.7222222222222223

m: 4.666666666666667

n: 12.0

Residual: 0.504095448814431


epsilon: 1.7222222222222223

m: 4.666666666666667

n: 16.22222222222222

Residual: 0.40700890735398576


epsilon: 1.7222222222222223

m: 4.666666666666667

n: 20.444444444444443

Residual: 0.3453805980892259


epsilon: 1.7222222222222223

m: 4.666666666666667

n: 24.666666666666668

Residual: 0.3020704250070107


epsilon: 1.7222222222222223

m: 4.666666666666667

n: 28.88888888888889

Residual: 0.269366423902832


epsilon: 1.7222222222222223

m: 4.666666666666667

n: 33.111111111111114

Residual: 0.24443643448055716


epsilon: 1.7222222222222223

m: 4.666666666666667

n: 37.333333333333336

Residual: 0.2237530858505977


epsilon: 1.7222222222222223

m: 4.666666666666667

n: 41.55555555555556

Residual: 0.20771873895403486


epsilon: 1.7222222222222223

m: 4.666666666666667

n: 45.77777777777778

Residual: 0.19410123669290713


epsilon: 1.7222222222222223

m: 4.666666666666667

n: 50.0

Residual: 0.18222407927168388


epsilon: 1.7222222222222223

m: 5.0

n: 12.0

Residual: 0.31849440610608915


epsilon: 1.7222222222222223

m: 5.0

n: 16.22222222222222

Residual: 0.1969572797718038


epsilon: 1.7222222222222223

m: 5.0

n: 20.444444444444443

Residual: 0.12328907566258128


epsilon: 1.7222222222222223

m: 5.0

n: 24.666666666666668

Residual: 0.08836265384750604


epsilon: 1.7222222222222223

m: 5.0

n: 28.88888888888889

Residual: 0.07347116396491889


epsilon: 1.7222222222222223

m: 5.0

n: 33.111111111111114

Residual: 0.06722121169407369


epsilon: 1.7222222222222223

m: 5.0

n: 37.333333333333336

Residual: 0.0658342105480931


epsilon: 1.7222222222222223

m: 5.0

n: 41.55555555555556

Residual: 0.06852009262440713


epsilon: 1.7222222222222223

m: 5.0

n: 45.77777777777778

Residual: 0.07154955406475184


epsilon: 1.7222222222222223

m: 5.0

n: 50.0

Residual: 0.07700058994035743


epsilon: 1.7222222222222223

m: 5.333333333333333

n: 12.0

Residual: 0.183461193364771


epsilon: 1.7222222222222223

m: 5.333333333333333

n: 16.22222222222222

Residual: 0.1364956406353054


epsilon: 1.7222222222222223

m: 5.333333333333333

n: 20.444444444444443

Residual: 0.13770656751555366


epsilon: 1.7222222222222223

m: 5.333333333333333

n: 24.666666666666668

Residual: 0.15552408548852592


epsilon: 1.7222222222222223

m: 5.333333333333333

n: 28.88888888888889

Residual: 0.1785668115701304


epsilon: 1.7222222222222223

m: 5.333333333333333

n: 33.111111111111114

Residual: 0.2019224761187276


epsilon: 1.7222222222222223

m: 5.333333333333333

n: 37.333333333333336

Residual: 0.22381395635148432


epsilon: 1.7222222222222223

m: 5.333333333333333

n: 41.55555555555556

Residual: 0.24224170923633412


epsilon: 1.7222222222222223

m: 5.333333333333333

n: 45.77777777777778

Residual: 0.25831463082347594


epsilon: 1.7222222222222223

m: 5.333333333333333

n: 50.0

Residual: 0.2700066666623549


epsilon: 1.7222222222222223

m: 5.666666666666666

n: 12.0

Residual: 0.18899651116218116


epsilon: 1.7222222222222223

m: 5.666666666666666

n: 16.22222222222222

Residual: 0.21035847158240378


epsilon: 1.7222222222222223

m: 5.666666666666666

n: 20.444444444444443

Residual: 0.2554605467751378


epsilon: 1.7222222222222223

m: 5.666666666666666

n: 24.666666666666668

Residual: 0.3036481644756664


epsilon: 1.7222222222222223

m: 5.666666666666666

n: 28.88888888888889

Residual: 0.3422639892746011


epsilon: 1.7222222222222223

m: 5.666666666666666

n: 33.111111111111114

Residual: 0.3687516846261431


epsilon: 1.7222222222222223

m: 5.666666666666666

n: 37.333333333333336

Residual: 0.3891503564450051


epsilon: 1.7222222222222223

m: 5.666666666666666

n: 41.55555555555556

Residual: 0.405286332181767


epsilon: 1.7222222222222223

m: 5.666666666666666

n: 45.77777777777778

Residual: 0.4214332489956241


epsilon: 1.7222222222222223

m: 5.666666666666666

n: 50.0

Residual: 0.43367238375713574


epsilon: 1.7222222222222223

m: 6.0

n: 12.0

Residual: 0.24035024967969792


epsilon: 1.7222222222222223

m: 6.0

n: 16.22222222222222

Residual: 0.31277320312233375


epsilon: 1.7222222222222223

m: 6.0

n: 20.444444444444443

Residual: 0.3877368181602298


epsilon: 1.7222222222222223

m: 6.0

n: 24.666666666666668

Residual: 0.43611555046849393


epsilon: 1.7222222222222223

m: 6.0

n: 28.88888888888889

Residual: 0.470822483267342


epsilon: 1.7222222222222223

m: 6.0

n: 33.111111111111114

Residual: 0.49710702739628676


epsilon: 1.7222222222222223

m: 6.0

n: 37.333333333333336

Residual: 0.5161706599718194


epsilon: 1.7222222222222223

m: 6.0

n: 41.55555555555556

Residual: 0.5306394642652896


epsilon: 1.7222222222222223

m: 6.0

n: 45.77777777777778

Residual: 0.5436848328846785


epsilon: 1.7222222222222223

m: 6.0

n: 50.0

Residual: 0.5525585373045256


epsilon: 1.7222222222222223

m: 6.333333333333333

n: 12.0

Residual: 0.3090661840192555


epsilon: 1.7222222222222223

m: 6.333333333333333

n: 16.22222222222222

Residual: 0.4201031059591624


epsilon: 1.7222222222222223

m: 6.333333333333333

n: 20.444444444444443

Residual: 0.49635407195864045


epsilon: 1.7222222222222223

m: 6.333333333333333

n: 24.666666666666668

Residual: 0.5402570104448738


epsilon: 1.7222222222222223

m: 6.333333333333333

n: 28.88888888888889

Residual: 0.5698216088993383


epsilon: 1.7222222222222223

m: 6.333333333333333

n: 33.111111111111114

Residual: 0.5946179860842111


epsilon: 1.7222222222222223

m: 6.333333333333333

n: 37.333333333333336

Residual: 0.612067856642622


epsilon: 1.7222222222222223

m: 6.333333333333333

n: 41.55555555555556

Residual: 0.6235731548454267


epsilon: 1.7222222222222223

m: 6.333333333333333

n: 45.77777777777778

Residual: 0.6351208034869842


epsilon: 1.7222222222222223

m: 6.333333333333333

n: 50.0

Residual: 0.6426033630350243


epsilon: 1.7222222222222223

m: 6.666666666666666

n: 12.0

Residual: 0.3797290618868537


epsilon: 1.7222222222222223

m: 6.666666666666666

n: 16.22222222222222

Residual: 0.5095410803790936


epsilon: 1.7222222222222223

m: 6.666666666666666

n: 20.444444444444443

Residual: 0.5785844455025252


epsilon: 1.7222222222222223

m: 6.666666666666666

n: 24.666666666666668

Residual: 0.6181680605746505


epsilon: 1.7222222222222223

m: 6.666666666666666

n: 28.88888888888889

Residual: 0.6461873165160825


epsilon: 1.7222222222222223

m: 6.666666666666666

n: 33.111111111111114

Residual: 0.667851345546592


epsilon: 1.7222222222222223

m: 6.666666666666666

n: 37.333333333333336

Residual: 0.6827679113153413


epsilon: 1.7222222222222223

m: 6.666666666666666

n: 41.55555555555556

Residual: 0.695629153639139


epsilon: 1.7222222222222223

m: 6.666666666666666

n: 45.77777777777778

Residual: 0.7037603818245661


epsilon: 1.7222222222222223

m: 6.666666666666666

n: 50.0

Residual: 0.7135393003447287


epsilon: 1.7222222222222223

m: 7.0

n: 12.0

Residual: 0.45280430923092985


epsilon: 1.7222222222222223

m: 7.0

n: 16.22222222222222

Residual: 0.5804028101438508


epsilon: 1.7222222222222223

m: 7.0

n: 20.444444444444443

Residual: 0.6424780863606122


epsilon: 1.7222222222222223

m: 7.0

n: 24.666666666666668

Residual: 0.6789238301722968


epsilon: 1.7222222222222223

m: 7.0

n: 28.88888888888889

Residual: 0.7053729682931328


epsilon: 1.7222222222222223

m: 7.0

n: 33.111111111111114

Residual: 0.7225210410981604


epsilon: 1.7222222222222223

m: 7.0

n: 37.333333333333336

Residual: 0.7374120008475527


epsilon: 1.7222222222222223

m: 7.0

n: 41.55555555555556

Residual: 0.7463166091819093


epsilon: 1.7222222222222223

m: 7.0

n: 45.77777777777778

Residual: 0.7561260220820992


epsilon: 1.7222222222222223

m: 7.0

n: 50.0

Residual: 0.762866875467671


epsilon: 2.3333333333333335

m: 4.0

n: 12.0

Residual: 0.8534194859047257


epsilon: 2.3333333333333335

m: 4.0

n: 16.22222222222222

Residual: 0.8219249309751129


epsilon: 2.3333333333333335

m: 4.0

n: 20.444444444444443

Residual: 0.8003771288967266


epsilon: 2.3333333333333335

m: 4.0

n: 24.666666666666668

Residual: 0.7845047594360101


epsilon: 2.3333333333333335

m: 4.0

n: 28.88888888888889

Residual: 0.7722184307910777


epsilon: 2.3333333333333335

m: 4.0

n: 33.111111111111114

Residual: 0.7624747583579266


epsilon: 2.3333333333333335

m: 4.0

n: 37.333333333333336

Residual: 0.7544489731732003


epsilon: 2.3333333333333335

m: 4.0

n: 41.55555555555556

Residual: 0.7477433444847105


epsilon: 2.3333333333333335

m: 4.0

n: 45.77777777777778

Residual: 0.7420280879950408


epsilon: 2.3333333333333335

m: 4.0

n: 50.0

Residual: 0.7370992456677795


epsilon: 2.3333333333333335

m: 4.333333333333333

n: 12.0

Residual: 0.7478760732307812


epsilon: 2.3333333333333335

m: 4.333333333333333

n: 16.22222222222222

Residual: 0.6931264630004312


epsilon: 2.3333333333333335

m: 4.333333333333333

n: 20.444444444444443

Residual: 0.6563223636484767


epsilon: 2.3333333333333335

m: 4.333333333333333

n: 24.666666666666668

Residual: 0.6295331051154796


epsilon: 2.3333333333333335

m: 4.333333333333333

n: 28.88888888888889

Residual: 0.6090825641014169


epsilon: 2.3333333333333335

m: 4.333333333333333

n: 33.111111111111114

Residual: 0.5929314013962957


epsilon: 2.3333333333333335

m: 4.333333333333333

n: 37.333333333333336

Residual: 0.5798774626613707


epsilon: 2.3333333333333335

m: 4.333333333333333

n: 41.55555555555556

Residual: 0.5687347958902166


epsilon: 2.3333333333333335

m: 4.333333333333333

n: 45.77777777777778

Residual: 0.5592748219869155


epsilon: 2.3333333333333335

m: 4.333333333333333

n: 50.0

Residual: 0.551452779058865


epsilon: 2.3333333333333335

m: 4.666666666666667

n: 12.0

Residual: 0.6086128894091616


epsilon: 2.3333333333333335

m: 4.666666666666667

n: 16.22222222222222

Residual: 0.5255986765137229


epsilon: 2.3333333333333335

m: 4.666666666666667

n: 20.444444444444443

Residual: 0.47127011110600764


epsilon: 2.3333333333333335

m: 4.666666666666667

n: 24.666666666666668

Residual: 0.4326141909200059


epsilon: 2.3333333333333335

m: 4.666666666666667

n: 28.88888888888889

Residual: 0.4036237813945382


epsilon: 2.3333333333333335

m: 4.666666666666667

n: 33.111111111111114

Residual: 0.3814193735676411


epsilon: 2.3333333333333335

m: 4.666666666666667

n: 37.333333333333336

Residual: 0.36259229651983316


epsilon: 2.3333333333333335

m: 4.666666666666667

n: 41.55555555555556

Residual: 0.3478885792336931


epsilon: 2.3333333333333335

m: 4.666666666666667

n: 45.77777777777778

Residual: 0.3347942624022751


epsilon: 2.3333333333333335

m: 4.666666666666667

n: 50.0

Residual: 0.3238332411922477


epsilon: 2.3333333333333335

m: 5.0

n: 12.0

Residual: 0.44752576561012714


epsilon: 2.3333333333333335

m: 5.0

n: 16.22222222222222

Residual: 0.3375453802068219


epsilon: 2.3333333333333335

m: 5.0

n: 20.444444444444443

Residual: 0.26742173513017803


epsilon: 2.3333333333333335

m: 5.0

n: 24.666666666666668

Residual: 0.219613951018041


epsilon: 2.3333333333333335

m: 5.0

n: 28.88888888888889

Residual: 0.1838309371984471


epsilon: 2.3333333333333335

m: 5.0

n: 33.111111111111114

Residual: 0.15605692996993079


epsilon: 2.3333333333333335

m: 5.0

n: 37.333333333333336

Residual: 0.13426631924766447


epsilon: 2.3333333333333335

m: 5.0

n: 41.55555555555556

Residual: 0.11822221421741466


epsilon: 2.3333333333333335

m: 5.0

n: 45.77777777777778

Residual: 0.10743923817196672


epsilon: 2.3333333333333335

m: 5.0

n: 50.0

Residual: 0.09908441660003516


epsilon: 2.3333333333333335

m: 5.333333333333333

n: 12.0

Residual: 0.28837969894812027


epsilon: 2.3333333333333335

m: 5.333333333333333

n: 16.22222222222222

Residual: 0.19439684624516676


epsilon: 2.3333333333333335

m: 5.333333333333333

n: 20.444444444444443

Residual: 0.15642004113272004


epsilon: 2.3333333333333335

m: 5.333333333333333

n: 24.666666666666668

Residual: 0.14219141509661792


epsilon: 2.3333333333333335

m: 5.333333333333333

n: 28.88888888888889

Residual: 0.13705019489163148


epsilon: 2.3333333333333335

m: 5.333333333333333

n: 33.111111111111114

Residual: 0.1375150909425246


epsilon: 2.3333333333333335

m: 5.333333333333333

n: 37.333333333333336

Residual: 0.1404413928733961


epsilon: 2.3333333333333335

m: 5.333333333333333

n: 41.55555555555556

Residual: 0.14377080326343356


epsilon: 2.3333333333333335

m: 5.333333333333333

n: 45.77777777777778

Residual: 0.14985265628844724


epsilon: 2.3333333333333335

m: 5.333333333333333

n: 50.0

Residual: 0.15370022791233193


epsilon: 2.3333333333333335

m: 5.666666666666666

n: 12.0

Residual: 0.23489456859696153


epsilon: 2.3333333333333335

m: 5.666666666666666

n: 16.22222222222222

Residual: 0.1975762225592204


epsilon: 2.3333333333333335

m: 5.666666666666666

n: 20.444444444444443

Residual: 0.19880377144968978


epsilon: 2.3333333333333335

m: 5.666666666666666

n: 24.666666666666668

Residual: 0.2123218367997293


epsilon: 2.3333333333333335

m: 5.666666666666666

n: 28.88888888888889

Residual: 0.2283777910848281


epsilon: 2.3333333333333335

m: 5.666666666666666

n: 33.111111111111114

Residual: 0.24373029467712096


epsilon: 2.3333333333333335

m: 5.666666666666666

n: 37.333333333333336

Residual: 0.2596533728183383


epsilon: 2.3333333333333335

m: 5.666666666666666

n: 41.55555555555556

Residual: 0.27291354987166416


epsilon: 2.3333333333333335

m: 5.666666666666666

n: 45.77777777777778

Residual: 0.2885527042811727


epsilon: 2.3333333333333335

m: 5.666666666666666

n: 50.0

Residual: 0.3025637916518607


epsilon: 2.3333333333333335

m: 6.0

n: 12.0

Residual: 0.24377285728079717


epsilon: 2.3333333333333335

m: 6.0

n: 16.22222222222222

Residual: 0.2523426481618826


epsilon: 2.3333333333333335

m: 6.0

n: 20.444444444444443

Residual: 0.28344810590677966


epsilon: 2.3333333333333335

m: 6.0

n: 24.666666666666668

Residual: 0.3153022476668331


epsilon: 2.3333333333333335

m: 6.0

n: 28.88888888888889

Residual: 0.3452289256882982


epsilon: 2.3333333333333335

m: 6.0

n: 33.111111111111114

Residual: 0.37410388972854414


epsilon: 2.3333333333333335

m: 6.0

n: 37.333333333333336

Residual: 0.39742528944800976


epsilon: 2.3333333333333335

m: 6.0

n: 41.55555555555556

Residual: 0.41273368510233366


epsilon: 2.3333333333333335

m: 6.0

n: 45.77777777777778

Residual: 0.42789060252781386


epsilon: 2.3333333333333335

m: 6.0

n: 50.0

Residual: 0.4404817790306666


epsilon: 2.3333333333333335

m: 6.333333333333333

n: 12.0

Residual: 0.2776017521063963


epsilon: 2.3333333333333335

m: 6.333333333333333

n: 16.22222222222222

Residual: 0.3239158272396317


epsilon: 2.3333333333333335

m: 6.333333333333333

n: 20.444444444444443

Residual: 0.37396460607910853


epsilon: 2.3333333333333335

m: 6.333333333333333

n: 24.666666666666668

Residual: 0.42363812234432685


epsilon: 2.3333333333333335

m: 6.333333333333333

n: 28.88888888888889

Residual: 0.46166527994815015


epsilon: 2.3333333333333335

m: 6.333333333333333

n: 33.111111111111114

Residual: 0.48453144221844174


epsilon: 2.3333333333333335

m: 6.333333333333333

n: 37.333333333333336

Residual: 0.505819963783423


epsilon: 2.3333333333333335

m: 6.333333333333333

n: 41.55555555555556

Residual: 0.5229495572253217


epsilon: 2.3333333333333335

m: 6.333333333333333

n: 45.77777777777778

Residual: 0.5341891336926573


epsilon: 2.3333333333333335

m: 6.333333333333333

n: 50.0

Residual: 0.547973374126416


epsilon: 2.3333333333333335

m: 6.666666666666666

n: 12.0

Residual: 0.3240142809409361


epsilon: 2.3333333333333335

m: 6.666666666666666

n: 16.22222222222222

Residual: 0.39762592199931657


epsilon: 2.3333333333333335

m: 6.666666666666666

n: 20.444444444444443

Residual: 0.46673673848256336


epsilon: 2.3333333333333335

m: 6.666666666666666

n: 24.666666666666668

Residual: 0.5185796305035887


epsilon: 2.3333333333333335

m: 6.666666666666666

n: 28.88888888888889

Residual: 0.548488721828931


epsilon: 2.3333333333333335

m: 6.666666666666666

n: 33.111111111111114

Residual: 0.5764090664904512


epsilon: 2.3333333333333335

m: 6.666666666666666

n: 37.333333333333336

Residual: 0.5953597817716573


epsilon: 2.3333333333333335

m: 6.666666666666666

n: 41.55555555555556

Residual: 0.6066732174473506


epsilon: 2.3333333333333335

m: 6.666666666666666

n: 45.77777777777778

Residual: 0.6181094910468476


epsilon: 2.3333333333333335

m: 6.666666666666666

n: 50.0

Residual: 0.6256650392245704


epsilon: 2.3333333333333335

m: 7.0

n: 12.0

Residual: 0.3708088486761295


epsilon: 2.3333333333333335

m: 7.0

n: 16.22222222222222

Residual: 0.4676104311735022


epsilon: 2.3333333333333335

m: 7.0

n: 20.444444444444443

Residual: 0.5429810605839454


epsilon: 2.3333333333333335

m: 7.0

n: 24.666666666666668

Residual: 0.5879948256448911


epsilon: 2.3333333333333335

m: 7.0

n: 28.88888888888889

Residual: 0.6196520943863069


epsilon: 2.3333333333333335

m: 7.0

n: 33.111111111111114

Residual: 0.6423272304702298


epsilon: 2.3333333333333335

m: 7.0

n: 37.333333333333336

Residual: 0.6596692680879264


epsilon: 2.3333333333333335

m: 7.0

n: 41.55555555555556

Residual: 0.6718449044374877


epsilon: 2.3333333333333335

m: 7.0

n: 45.77777777777778

Residual: 0.6827905294359861


epsilon: 2.3333333333333335

m: 7.0

n: 50.0

Residual: 0.6950165328779315


epsilon: 2.9444444444444446

m: 4.0

n: 12.0

Residual: 0.8820356679522137


epsilon: 2.9444444444444446

m: 4.0

n: 16.22222222222222

Residual: 0.8562215342783723


epsilon: 2.9444444444444446

m: 4.0

n: 20.444444444444443

Residual: 0.8384410478736135


epsilon: 2.9444444444444446

m: 4.0

n: 24.666666666666668

Residual: 0.8253178586134785


epsilon: 2.9444444444444446

m: 4.0

n: 28.88888888888889

Residual: 0.8151915910318253


epsilon: 2.9444444444444446

m: 4.0

n: 33.111111111111114

Residual: 0.8069916436598356


epsilon: 2.9444444444444446

m: 4.0

n: 37.333333333333336

Residual: 0.8003376455737093


epsilon: 2.9444444444444446

m: 4.0

n: 41.55555555555556

Residual: 0.7947484267187839


epsilon: 2.9444444444444446

m: 4.0

n: 45.77777777777778

Residual: 0.7899142241890181


epsilon: 2.9444444444444446

m: 4.0

n: 50.0

Residual: 0.7858381777863996


epsilon: 2.9444444444444446

m: 4.333333333333333

n: 12.0

Residual: 0.7948093027483387


epsilon: 2.9444444444444446

m: 4.333333333333333

n: 16.22222222222222

Residual: 0.7488026989585708


epsilon: 2.9444444444444446

m: 4.333333333333333

n: 20.444444444444443

Residual: 0.7175339316301902


epsilon: 2.9444444444444446

m: 4.333333333333333

n: 24.666666666666668

Residual: 0.6947455558710168


epsilon: 2.9444444444444446

m: 4.333333333333333

n: 28.88888888888889

Residual: 0.6772030424700184


epsilon: 2.9444444444444446

m: 4.333333333333333

n: 33.111111111111114

Residual: 0.6632064533025173


epsilon: 2.9444444444444446

m: 4.333333333333333

n: 37.333333333333336

Residual: 0.6518194516645454


epsilon: 2.9444444444444446

m: 4.333333333333333

n: 41.55555555555556

Residual: 0.6422351040140533


epsilon: 2.9444444444444446

m: 4.333333333333333

n: 45.77777777777778

Residual: 0.6341415852208346


epsilon: 2.9444444444444446

m: 4.333333333333333

n: 50.0

Residual: 0.6272109992650471


epsilon: 2.9444444444444446

m: 4.666666666666667

n: 12.0

Residual: 0.6767478932465669


epsilon: 2.9444444444444446

m: 4.666666666666667

n: 16.22222222222222

Residual: 0.6045972573445244


epsilon: 2.9444444444444446

m: 4.666666666666667

n: 20.444444444444443

Residual: 0.5569950327656874


epsilon: 2.9444444444444446

m: 4.666666666666667

n: 24.666666666666668

Residual: 0.5224431620600724


epsilon: 2.9444444444444446

m: 4.666666666666667

n: 28.88888888888889

Residual: 0.49640395735818454


epsilon: 2.9444444444444446

m: 4.666666666666667

n: 33.111111111111114

Residual: 0.4761217844290792


epsilon: 2.9444444444444446

m: 4.666666666666667

n: 37.333333333333336

Residual: 0.4593289648904885


epsilon: 2.9444444444444446

m: 4.666666666666667

n: 41.55555555555556

Residual: 0.4451516444931089


epsilon: 2.9444444444444446

m: 4.666666666666667

n: 45.77777777777778

Residual: 0.43386842843399226


epsilon: 2.9444444444444446

m: 4.666666666666667

n: 50.0

Residual: 0.4239235796292077


epsilon: 2.9444444444444446

m: 5.0

n: 12.0

Residual: 0.5358253551339256


epsilon: 2.9444444444444446

m: 5.0

n: 16.22222222222222

Residual: 0.43631651283301826


epsilon: 2.9444444444444446

m: 5.0

n: 20.444444444444443

Residual: 0.37245405619152766


epsilon: 2.9444444444444446

m: 5.0

n: 24.666666666666668

Residual: 0.32726937421984453


epsilon: 2.9444444444444446

m: 5.0

n: 28.88888888888889

Residual: 0.2934272370507284


epsilon: 2.9444444444444446

m: 5.0

n: 33.111111111111114

Residual: 0.26749576202284675


epsilon: 2.9444444444444446

m: 5.0

n: 37.333333333333336

Residual: 0.24661601093463165


epsilon: 2.9444444444444446

m: 5.0

n: 41.55555555555556

Residual: 0.22885376720547634


epsilon: 2.9444444444444446

m: 5.0

n: 45.77777777777778

Residual: 0.21487707042986687


epsilon: 2.9444444444444446

m: 5.0

n: 50.0

Residual: 0.2019014919461597


epsilon: 2.9444444444444446

m: 5.333333333333333

n: 12.0

Residual: 0.38546481611328604


epsilon: 2.9444444444444446

m: 5.333333333333333

n: 16.22222222222222

Residual: 0.27224231339522154


epsilon: 2.9444444444444446

m: 5.333333333333333

n: 20.444444444444443

Residual: 0.21563144685329078


epsilon: 2.9444444444444446

m: 5.333333333333333

n: 24.666666666666668

Residual: 0.18466011960591794


epsilon: 2.9444444444444446

m: 5.333333333333333

n: 28.88888888888889

Residual: 0.16598328247180308


epsilon: 2.9444444444444446

m: 5.333333333333333

n: 33.111111111111114

Residual: 0.15530108474052495


epsilon: 2.9444444444444446

m: 5.333333333333333

n: 37.333333333333336

Residual: 0.14757682728722984


epsilon: 2.9444444444444446

m: 5.333333333333333

n: 41.55555555555556

Residual: 0.14333571285186544


epsilon: 2.9444444444444446

m: 5.333333333333333

n: 45.77777777777778

Residual: 0.14078572679947085


epsilon: 2.9444444444444446

m: 5.333333333333333

n: 50.0

Residual: 0.13826767092056466


epsilon: 2.9444444444444446

m: 5.666666666666666

n: 12.0

Residual: 0.296637758837566


epsilon: 2.9444444444444446

m: 5.666666666666666

n: 16.22222222222222

Residual: 0.22702791553763488


epsilon: 2.9444444444444446

m: 5.666666666666666

n: 20.444444444444443

Residual: 0.20448541571577336


epsilon: 2.9444444444444446

m: 5.666666666666666

n: 24.666666666666668

Residual: 0.19989459949365881


epsilon: 2.9444444444444446

m: 5.666666666666666

n: 28.88888888888889

Residual: 0.19969624499561067


epsilon: 2.9444444444444446

m: 5.666666666666666

n: 33.111111111111114

Residual: 0.2027295971209495


epsilon: 2.9444444444444446

m: 5.666666666666666

n: 37.333333333333336

Residual: 0.20761791922550304


epsilon: 2.9444444444444446

m: 5.666666666666666

n: 41.55555555555556

Residual: 0.21445800627367564


epsilon: 2.9444444444444446

m: 5.666666666666666

n: 45.77777777777778

Residual: 0.2196164655906516


epsilon: 2.9444444444444446

m: 5.666666666666666

n: 50.0

Residual: 0.22362630509936987


epsilon: 2.9444444444444446

m: 6.0

n: 12.0

Residual: 0.27747860233146965


epsilon: 2.9444444444444446

m: 6.0

n: 16.22222222222222

Residual: 0.2487513181721352


epsilon: 2.9444444444444446

m: 6.0

n: 20.444444444444443

Residual: 0.2533038008100097


epsilon: 2.9444444444444446

m: 6.0

n: 24.666666666666668

Residual: 0.2655895229701847


epsilon: 2.9444444444444446

m: 6.0

n: 28.88888888888889

Residual: 0.2806181421480055


epsilon: 2.9444444444444446

m: 6.0

n: 33.111111111111114

Residual: 0.2938300965145134


epsilon: 2.9444444444444446

m: 6.0

n: 37.333333333333336

Residual: 0.30682110227032006


epsilon: 2.9444444444444446

m: 6.0

n: 41.55555555555556

Residual: 0.32074788891059075


epsilon: 2.9444444444444446

m: 6.0

n: 45.77777777777778

Residual: 0.332597777492458


epsilon: 2.9444444444444446

m: 6.0

n: 50.0

Residual: 0.34334787691067586


epsilon: 2.9444444444444446

m: 6.333333333333333

n: 12.0

Residual: 0.28878636825880605


epsilon: 2.9444444444444446

m: 6.333333333333333

n: 16.22222222222222

Residual: 0.29421868581956195


epsilon: 2.9444444444444446

m: 6.333333333333333

n: 20.444444444444443

Residual: 0.32026190804218024


epsilon: 2.9444444444444446

m: 6.333333333333333

n: 24.666666666666668

Residual: 0.3442518615668276


epsilon: 2.9444444444444446

m: 6.333333333333333

n: 28.88888888888889

Residual: 0.3722442090432037


epsilon: 2.9444444444444446

m: 6.333333333333333

n: 33.111111111111114

Residual: 0.39132564992215924


epsilon: 2.9444444444444446

m: 6.333333333333333

n: 37.333333333333336

Residual: 0.4134663593403657


epsilon: 2.9444444444444446

m: 6.333333333333333

n: 41.55555555555556

Residual: 0.43400960003006817


epsilon: 2.9444444444444446

m: 6.333333333333333

n: 45.77777777777778

Residual: 0.4500406288415714


epsilon: 2.9444444444444446

m: 6.333333333333333

n: 50.0

Residual: 0.45904546472237123


epsilon: 2.9444444444444446

m: 6.666666666666666

n: 12.0

Residual: 0.31492056043494193


epsilon: 2.9444444444444446

m: 6.666666666666666

n: 16.22222222222222

Residual: 0.3492926697195514


epsilon: 2.9444444444444446

m: 6.666666666666666

n: 20.444444444444443

Residual: 0.3907717246116082


epsilon: 2.9444444444444446

m: 6.666666666666666

n: 24.666666666666668

Residual: 0.4288392692665959


epsilon: 2.9444444444444446

m: 6.666666666666666

n: 28.88888888888889

Residual: 0.46343974973942764


epsilon: 2.9444444444444446

m: 6.666666666666666

n: 33.111111111111114

Residual: 0.4898517637971183


epsilon: 2.9444444444444446

m: 6.666666666666666

n: 37.333333333333336

Residual: 0.5102254534605335


epsilon: 2.9444444444444446

m: 6.666666666666666

n: 41.55555555555556

Residual: 0.5318337714328504


epsilon: 2.9444444444444446

m: 6.666666666666666

n: 45.77777777777778

Residual: 0.5402672036615263


epsilon: 2.9444444444444446

m: 6.666666666666666

n: 50.0

Residual: 0.5542181850070435


epsilon: 2.9444444444444446

m: 7.0

n: 12.0

Residual: 0.3485885982643436


epsilon: 2.9444444444444446

m: 7.0

n: 16.22222222222222

Residual: 0.40349478306764514


epsilon: 2.9444444444444446

m: 7.0

n: 20.444444444444443

Residual: 0.4572096489271636


epsilon: 2.9444444444444446

m: 7.0

n: 24.666666666666668

Residual: 0.509050510866251


epsilon: 2.9444444444444446

m: 7.0

n: 28.88888888888889

Residual: 0.544576433680395


epsilon: 2.9444444444444446

m: 7.0

n: 33.111111111111114

Residual: 0.5707257207744145


epsilon: 2.9444444444444446

m: 7.0

n: 37.333333333333336

Residual: 0.5895215248713928


epsilon: 2.9444444444444446

m: 7.0

n: 41.55555555555556

Residual: 0.6042049576863602


epsilon: 2.9444444444444446

m: 7.0

n: 45.77777777777778

Residual: 0.6142287645214389


epsilon: 2.9444444444444446

m: 7.0

n: 50.0

Residual: 0.628428659782289


epsilon: 3.555555555555556

m: 4.0

n: 12.0

Residual: 0.9013118244184717


epsilon: 3.555555555555556

m: 4.0

n: 16.22222222222222

Residual: 0.8794581858125283


epsilon: 3.555555555555556

m: 4.0

n: 20.444444444444443

Residual: 0.8643381564643633


epsilon: 3.555555555555556

m: 4.0

n: 24.666666666666668

Residual: 0.8531159583976511


epsilon: 3.555555555555556

m: 4.0

n: 28.88888888888889

Residual: 0.8444703239064406


epsilon: 3.555555555555556

m: 4.0

n: 33.111111111111114

Residual: 0.8374818626244059


epsilon: 3.555555555555556

m: 4.0

n: 37.333333333333336

Residual: 0.8317941922963126


epsilon: 3.555555555555556

m: 4.0

n: 41.55555555555556

Residual: 0.8269365920131678


epsilon: 3.555555555555556

m: 4.0

n: 45.77777777777778

Residual: 0.8228495032707134


epsilon: 3.555555555555556

m: 4.0

n: 50.0

Residual: 0.8192858736349855


epsilon: 3.555555555555556

m: 4.333333333333333

n: 12.0

Residual: 0.8270744588160854


epsilon: 3.555555555555556

m: 4.333333333333333

n: 16.22222222222222

Residual: 0.7873522769652507


epsilon: 3.555555555555556

m: 4.333333333333333

n: 20.444444444444443

Residual: 0.760240465122915


epsilon: 3.555555555555556

m: 4.333333333333333

n: 24.666666666666668

Residual: 0.7403301064832059


epsilon: 3.555555555555556

m: 4.333333333333333

n: 28.88888888888889

Residual: 0.724969570264706


epsilon: 3.555555555555556

m: 4.333333333333333

n: 33.111111111111114

Residual: 0.712762470697783


epsilon: 3.555555555555556

m: 4.333333333333333

n: 37.333333333333336

Residual: 0.7026634027438091


epsilon: 3.555555555555556

m: 4.333333333333333

n: 41.55555555555556

Residual: 0.6942934611876959


epsilon: 3.555555555555556

m: 4.333333333333333

n: 45.77777777777778

Residual: 0.6872315310401427


epsilon: 3.555555555555556

m: 4.333333333333333

n: 50.0

Residual: 0.6809686061489731


epsilon: 3.555555555555556

m: 4.666666666666667

n: 12.0

Residual: 0.7245410198878015


epsilon: 3.555555555555556

m: 4.666666666666667

n: 16.22222222222222

Residual: 0.6610183144829026


epsilon: 3.555555555555556

m: 4.666666666666667

n: 20.444444444444443

Residual: 0.6184894301093086


epsilon: 3.555555555555556

m: 4.666666666666667

n: 24.666666666666668

Residual: 0.5877107660446694


epsilon: 3.555555555555556

m: 4.666666666666667

n: 28.88888888888889

Residual: 0.564049908726375


epsilon: 3.555555555555556

m: 4.666666666666667

n: 33.111111111111114

Residual: 0.5451129957815417


epsilon: 3.555555555555556

m: 4.666666666666667

n: 37.333333333333336

Residual: 0.5301586511764506


epsilon: 3.555555555555556

m: 4.666666666666667

n: 41.55555555555556

Residual: 0.5178177210359632


epsilon: 3.555555555555556

m: 4.666666666666667

n: 45.77777777777778

Residual: 0.5072526887690694


epsilon: 3.555555555555556

m: 4.666666666666667

n: 50.0

Residual: 0.49804464154259925


epsilon: 3.555555555555556

m: 5.0

n: 12.0

Residual: 0.599608169015945


epsilon: 3.555555555555556

m: 5.0

n: 16.22222222222222

Residual: 0.509372578345324


epsilon: 3.555555555555556

m: 5.0

n: 20.444444444444443

Residual: 0.4504353911174336


epsilon: 3.555555555555556

m: 5.0

n: 24.666666666666668

Residual: 0.4086547606909312


epsilon: 3.555555555555556

m: 5.0

n: 28.88888888888889

Residual: 0.3771732605119043


epsilon: 3.555555555555556

m: 5.0

n: 33.111111111111114

Residual: 0.35182710236170267


epsilon: 3.555555555555556

m: 5.0

n: 37.333333333333336

Residual: 0.33252201617569155


epsilon: 3.555555555555556

m: 5.0

n: 41.55555555555556

Residual: 0.3165406085867657


epsilon: 3.555555555555556

m: 5.0

n: 45.77777777777778

Residual: 0.3023268851299462


epsilon: 3.555555555555556

m: 5.0

n: 50.0

Residual: 0.29074685396904326


epsilon: 3.555555555555556

m: 5.333333333333333

n: 12.0

Residual: 0.4626244940320201


epsilon: 3.555555555555556

m: 5.333333333333333

n: 16.22222222222222

Residual: 0.3479392826677916


epsilon: 3.555555555555556

m: 5.333333333333333

n: 20.444444444444443

Residual: 0.28213152788346935


epsilon: 3.555555555555556

m: 5.333333333333333

n: 24.666666666666668

Residual: 0.243387008032312


epsilon: 3.555555555555556

m: 5.333333333333333

n: 28.88888888888889

Residual: 0.21667603123797044


epsilon: 3.555555555555556

m: 5.333333333333333

n: 33.111111111111114

Residual: 0.19904550695965675


epsilon: 3.555555555555556

m: 5.333333333333333

n: 37.333333333333336

Residual: 0.18632063766247575


epsilon: 3.555555555555556

m: 5.333333333333333

n: 41.55555555555556

Residual: 0.1757588979593225


epsilon: 3.555555555555556

m: 5.333333333333333

n: 45.77777777777778

Residual: 0.16869856272675937


epsilon: 3.555555555555556

m: 5.333333333333333

n: 50.0

Residual: 0.16415348863446116


epsilon: 3.555555555555556

m: 5.666666666666666

n: 12.0

Residual: 0.355637057693056


epsilon: 3.555555555555556

m: 5.666666666666666

n: 16.22222222222222

Residual: 0.2713079450020568


epsilon: 3.555555555555556

m: 5.666666666666666

n: 20.444444444444443

Residual: 0.23261292904389427


epsilon: 3.555555555555556

m: 5.666666666666666

n: 24.666666666666668

Residual: 0.21555024046920793


epsilon: 3.555555555555556

m: 5.666666666666666

n: 28.88888888888889

Residual: 0.20505400574692315


epsilon: 3.555555555555556

m: 5.666666666666666

n: 33.111111111111114

Residual: 0.20143892548510203


epsilon: 3.555555555555556

m: 5.666666666666666

n: 37.333333333333336

Residual: 0.1994611307634108


epsilon: 3.555555555555556

m: 5.666666666666666

n: 41.55555555555556

Residual: 0.19995454677983415


epsilon: 3.555555555555556

m: 5.666666666666666

n: 45.77777777777778

Residual: 0.2006307963184827


epsilon: 3.555555555555556

m: 5.666666666666666

n: 50.0

Residual: 0.20096284965447095


epsilon: 3.555555555555556

m: 6.0

n: 12.0

Residual: 0.31802129763884135


epsilon: 3.555555555555556

m: 6.0

n: 16.22222222222222

Residual: 0.26606878440422826


epsilon: 3.555555555555556

m: 6.0

n: 20.444444444444443

Residual: 0.2526043536820707


epsilon: 3.555555555555556

m: 6.0

n: 24.666666666666668

Residual: 0.2520538949971316


epsilon: 3.555555555555556

m: 6.0

n: 28.88888888888889

Residual: 0.2558916323941295


epsilon: 3.555555555555556

m: 6.0

n: 33.111111111111114

Residual: 0.261556051381837


epsilon: 3.555555555555556

m: 6.0

n: 37.333333333333336

Residual: 0.2689655571119431


epsilon: 3.555555555555556

m: 6.0

n: 41.55555555555556

Residual: 0.27604527247591837


epsilon: 3.555555555555556

m: 6.0

n: 45.77777777777778

Residual: 0.2824002117434251


epsilon: 3.555555555555556

m: 6.0

n: 50.0

Residual: 0.28963969520618393


epsilon: 3.555555555555556

m: 6.333333333333333

n: 12.0

Residual: 0.31319198372293083


epsilon: 3.555555555555556

m: 6.333333333333333

n: 16.22222222222222

Residual: 0.2923102558329057


epsilon: 3.555555555555556

m: 6.333333333333333

n: 20.444444444444443

Residual: 0.29858257693111717


epsilon: 3.555555555555556

m: 6.333333333333333

n: 24.666666666666668

Residual: 0.31307273825615983


epsilon: 3.555555555555556

m: 6.333333333333333

n: 28.88888888888889

Residual: 0.3280605411120473


epsilon: 3.555555555555556

m: 6.333333333333333

n: 33.111111111111114

Residual: 0.34204132324214803


epsilon: 3.555555555555556

m: 6.333333333333333

n: 37.333333333333336

Residual: 0.35644684813039434


epsilon: 3.555555555555556

m: 6.333333333333333

n: 41.55555555555556

Residual: 0.36807386903052103


epsilon: 3.555555555555556

m: 6.333333333333333

n: 45.77777777777778

Residual: 0.380150227284546


epsilon: 3.555555555555556

m: 6.333333333333333

n: 50.0

Residual: 0.38422227297062267


epsilon: 3.555555555555556

m: 6.666666666666666

n: 12.0

Residual: 0.32741386720106164


epsilon: 3.555555555555556

m: 6.666666666666666

n: 16.22222222222222

Residual: 0.3308250691840642


epsilon: 3.555555555555556

m: 6.666666666666666

n: 20.444444444444443

Residual: 0.3544841099934192


epsilon: 3.555555555555556

m: 6.666666666666666

n: 24.666666666666668

Residual: 0.38035527020700766


epsilon: 3.555555555555556

m: 6.666666666666666

n: 28.88888888888889

Residual: 0.4016298732645258


epsilon: 3.555555555555556

m: 6.666666666666666

n: 33.111111111111114

Residual: 0.4251686360337814


epsilon: 3.555555555555556

m: 6.666666666666666

n: 37.333333333333336

Residual: 0.4378440892001234


epsilon: 3.555555555555556

m: 6.666666666666666

n: 41.55555555555556

Residual: 0.4577086266491894


epsilon: 3.555555555555556

m: 6.666666666666666

n: 45.77777777777778

Residual: 0.471463835353421


epsilon: 3.555555555555556

m: 6.666666666666666

n: 50.0

Residual: 0.4852704184581737


epsilon: 3.555555555555556

m: 7.0

n: 12.0

Residual: 0.3466123129381716


epsilon: 3.555555555555556

m: 7.0

n: 16.22222222222222

Residual: 0.3752531698782537


epsilon: 3.555555555555556

m: 7.0

n: 20.444444444444443

Residual: 0.4107335342082435


epsilon: 3.555555555555556

m: 7.0

n: 24.666666666666668

Residual: 0.4477456348433877


epsilon: 3.555555555555556

m: 7.0

n: 28.88888888888889

Residual: 0.4800893097589838


epsilon: 3.555555555555556

m: 7.0

n: 33.111111111111114

Residual: 0.5003273883250299


epsilon: 3.555555555555556

m: 7.0

n: 37.333333333333336

Residual: 0.5229892039354668


epsilon: 3.555555555555556

m: 7.0

n: 41.55555555555556

Residual: 0.5437430151825411


epsilon: 3.555555555555556

m: 7.0

n: 45.77777777777778

Residual: 0.5592976377647194


epsilon: 3.555555555555556

m: 7.0

n: 50.0

Residual: 0.5691045836374429


epsilon: 4.166666666666667

m: 4.0

n: 12.0

Residual: 0.9151793053718589


epsilon: 4.166666666666667

m: 4.0

n: 16.22222222222222

Residual: 0.8962053769997606


epsilon: 4.166666666666667

m: 4.0

n: 20.444444444444443

Residual: 0.8830579252442741


epsilon: 4.166666666666667

m: 4.0

n: 24.666666666666668

Residual: 0.8733139973433848


epsilon: 4.166666666666667

m: 4.0

n: 28.88888888888889

Residual: 0.8657579364953919


epsilon: 4.166666666666667

m: 4.0

n: 33.111111111111114

Residual: 0.8596653478845255


epsilon: 4.166666666666667

m: 4.0

n: 37.333333333333336

Residual: 0.8546446863726594


epsilon: 4.166666666666667

m: 4.0

n: 41.55555555555556

Residual: 0.8504307351559975


epsilon: 4.166666666666667

m: 4.0

n: 45.77777777777778

Residual: 0.8468530364071521


epsilon: 4.166666666666667

m: 4.0

n: 50.0

Residual: 0.8437123693282887


epsilon: 4.166666666666667

m: 4.333333333333333

n: 12.0

Residual: 0.8505704071987613


epsilon: 4.166666666666667

m: 4.333333333333333

n: 16.22222222222222

Residual: 0.8157123212438137


epsilon: 4.166666666666667

m: 4.333333333333333

n: 20.444444444444443

Residual: 0.7917670589057605


epsilon: 4.166666666666667

m: 4.333333333333333

n: 24.666666666666668

Residual: 0.7742544224868738


epsilon: 4.166666666666667

m: 4.333333333333333

n: 28.88888888888889

Residual: 0.7605307205932356


epsilon: 4.166666666666667

m: 4.333333333333333

n: 33.111111111111114

Residual: 0.7496144377480702


epsilon: 4.166666666666667

m: 4.333333333333333

n: 37.333333333333336

Residual: 0.7406736970860456


epsilon: 4.166666666666667

m: 4.333333333333333

n: 41.55555555555556

Residual: 0.7331693235188179


epsilon: 4.166666666666667

m: 4.333333333333333

n: 45.77777777777778

Residual: 0.7269489608992205


epsilon: 4.166666666666667

m: 4.333333333333333

n: 50.0

Residual: 0.7213200714426099


epsilon: 4.166666666666667

m: 4.666666666666667

n: 12.0

Residual: 0.7602216887911115


epsilon: 4.166666666666667

m: 4.666666666666667

n: 16.22222222222222

Residual: 0.7035392510960313


epsilon: 4.166666666666667

m: 4.666666666666667

n: 20.444444444444443

Residual: 0.6652836042882524


epsilon: 4.166666666666667

m: 4.666666666666667

n: 24.666666666666668

Residual: 0.6371461427942239


epsilon: 4.166666666666667

m: 4.666666666666667

n: 28.88888888888889

Residual: 0.6157999440433218


epsilon: 4.166666666666667

m: 4.666666666666667

n: 33.111111111111114

Residual: 0.5988557264424107


epsilon: 4.166666666666667

m: 4.666666666666667

n: 37.333333333333336

Residual: 0.5846243606876909


epsilon: 4.166666666666667

m: 4.666666666666667

n: 41.55555555555556

Residual: 0.5733108332588591


epsilon: 4.166666666666667

m: 4.666666666666667

n: 45.77777777777778

Residual: 0.5637225135185788


epsilon: 4.166666666666667

m: 4.666666666666667

n: 50.0

Residual: 0.5549070911337437


epsilon: 4.166666666666667

m: 5.0

n: 12.0

Residual: 0.6480091644658884


epsilon: 4.166666666666667

m: 5.0

n: 16.22222222222222

Residual: 0.5655087014307455


epsilon: 4.166666666666667

m: 5.0

n: 20.444444444444443

Residual: 0.5113565207911368


epsilon: 4.166666666666667

m: 5.0

n: 24.666666666666668

Residual: 0.4722651792071696


epsilon: 4.166666666666667

m: 5.0

n: 28.88888888888889

Residual: 0.44270347945758015


epsilon: 4.166666666666667

m: 5.0

n: 33.111111111111114

Residual: 0.41991707642234427


epsilon: 4.166666666666667

m: 5.0

n: 37.333333333333336

Residual: 0.40077964798054


epsilon: 4.166666666666667

m: 5.0

n: 41.55555555555556

Residual: 0.3854978432668913


epsilon: 4.166666666666667

m: 5.0

n: 45.77777777777778

Residual: 0.3725372395089672


epsilon: 4.166666666666667

m: 5.0

n: 50.0

Residual: 0.3616352283004334


epsilon: 4.166666666666667

m: 5.333333333333333

n: 12.0

Residual: 0.522818712729495


epsilon: 4.166666666666667

m: 5.333333333333333

n: 16.22222222222222

Residual: 0.4148117030076515


epsilon: 4.166666666666667

m: 5.333333333333333

n: 20.444444444444443

Residual: 0.3455048309607443


epsilon: 4.166666666666667

m: 5.333333333333333

n: 24.666666666666668

Residual: 0.3019765414120368


epsilon: 4.166666666666667

m: 5.333333333333333

n: 28.88888888888889

Residual: 0.27255395880369016


epsilon: 4.166666666666667

m: 5.333333333333333

n: 33.111111111111114

Residual: 0.2507392433572153


epsilon: 4.166666666666667

m: 5.333333333333333

n: 37.333333333333336

Residual: 0.23493624589083809


epsilon: 4.166666666666667

m: 5.333333333333333

n: 41.55555555555556

Residual: 0.22184193508057348


epsilon: 4.166666666666667

m: 5.333333333333333

n: 45.77777777777778

Residual: 0.2108336084821626


epsilon: 4.166666666666667

m: 5.333333333333333

n: 50.0

Residual: 0.20305367573251387


epsilon: 4.166666666666667

m: 5.666666666666666

n: 12.0

Residual: 0.4102016008665275


epsilon: 4.166666666666667

m: 5.666666666666666

n: 16.22222222222222

Residual: 0.3144034612287889


epsilon: 4.166666666666667

m: 5.666666666666666

n: 20.444444444444443

Residual: 0.2683845628793305


epsilon: 4.166666666666667

m: 5.666666666666666

n: 24.666666666666668

Residual: 0.24202471745251544


epsilon: 4.166666666666667

m: 5.666666666666666

n: 28.88888888888889

Residual: 0.2288009325161193


epsilon: 4.166666666666667

m: 5.666666666666666

n: 33.111111111111114

Residual: 0.21758412286550988


epsilon: 4.166666666666667

m: 5.666666666666666

n: 37.333333333333336

Residual: 0.20937909638459473


epsilon: 4.166666666666667

m: 5.666666666666666

n: 41.55555555555556

Residual: 0.20708295523883402


epsilon: 4.166666666666667

m: 5.666666666666666

n: 45.77777777777778

Residual: 0.2035786808093499


epsilon: 4.166666666666667

m: 5.666666666666666

n: 50.0

Residual: 0.20209694098588915


epsilon: 4.166666666666667

m: 6.0

n: 12.0

Residual: 0.35835335357379217


epsilon: 4.166666666666667

m: 6.0

n: 16.22222222222222

Residual: 0.29109003949591233


epsilon: 4.166666666666667

m: 6.0

n: 20.444444444444443

Residual: 0.26328139998458155


epsilon: 4.166666666666667

m: 6.0

n: 24.666666666666668

Residual: 0.2543470876549752


epsilon: 4.166666666666667

m: 6.0

n: 28.88888888888889

Residual: 0.2530725278227235


epsilon: 4.166666666666667

m: 6.0

n: 33.111111111111114

Residual: 0.2525844252359413


epsilon: 4.166666666666667

m: 6.0

n: 37.333333333333336

Residual: 0.25572837653986996


epsilon: 4.166666666666667

m: 6.0

n: 41.55555555555556

Residual: 0.256634544327314


epsilon: 4.166666666666667

m: 6.0

n: 45.77777777777778

Residual: 0.25758466820234777


epsilon: 4.166666666666667

m: 6.0

n: 50.0

Residual: 0.2644225617169386


epsilon: 4.166666666666667

m: 6.333333333333333

n: 12.0

Residual: 0.34234294672107984


epsilon: 4.166666666666667

m: 6.333333333333333

n: 16.22222222222222

Residual: 0.30220154987553527


epsilon: 4.166666666666667

m: 6.333333333333333

n: 20.444444444444443

Residual: 0.2952876670537851


epsilon: 4.166666666666667

m: 6.333333333333333

n: 24.666666666666668

Residual: 0.30112518550242734


epsilon: 4.166666666666667

m: 6.333333333333333

n: 28.88888888888889

Residual: 0.3076983755186302


epsilon: 4.166666666666667

m: 6.333333333333333

n: 33.111111111111114

Residual: 0.3145801057039107


epsilon: 4.166666666666667

m: 6.333333333333333

n: 37.333333333333336

Residual: 0.322672652770308


epsilon: 4.166666666666667

m: 6.333333333333333

n: 41.55555555555556

Residual: 0.3325854551674436


epsilon: 4.166666666666667

m: 6.333333333333333

n: 45.77777777777778

Residual: 0.33830157716547266


epsilon: 4.166666666666667

m: 6.333333333333333

n: 50.0

Residual: 0.34543255689286323


epsilon: 4.166666666666667

m: 6.666666666666666

n: 12.0

Residual: 0.3450111446920214


epsilon: 4.166666666666667

m: 6.666666666666666

n: 16.22222222222222

Residual: 0.3313590499594455


epsilon: 4.166666666666667

m: 6.666666666666666

n: 20.444444444444443

Residual: 0.33895339929873186


epsilon: 4.166666666666667

m: 6.666666666666666

n: 24.666666666666668

Residual: 0.3497702559669528


epsilon: 4.166666666666667

m: 6.666666666666666

n: 28.88888888888889

Residual: 0.36981240774394647


epsilon: 4.166666666666667

m: 6.666666666666666

n: 33.111111111111114

Residual: 0.3821697967420711


epsilon: 4.166666666666667

m: 6.666666666666666

n: 37.333333333333336

Residual: 0.3935922365564063


epsilon: 4.166666666666667

m: 6.666666666666666

n: 41.55555555555556

Residual: 0.4098850736604084


epsilon: 4.166666666666667

m: 6.666666666666666

n: 45.77777777777778

Residual: 0.4193379458495289


epsilon: 4.166666666666667

m: 6.666666666666666

n: 50.0

Residual: 0.4287259064020624


epsilon: 4.166666666666667

m: 7.0

n: 12.0

Residual: 0.35670509391384475


epsilon: 4.166666666666667

m: 7.0

n: 16.22222222222222

Residual: 0.36557707415186474


epsilon: 4.166666666666667

m: 7.0

n: 20.444444444444443

Residual: 0.38636452392844556


epsilon: 4.166666666666667

m: 7.0

n: 24.666666666666668

Residual: 0.41062430557318985


epsilon: 4.166666666666667

m: 7.0

n: 28.88888888888889

Residual: 0.43617874973326837


epsilon: 4.166666666666667

m: 7.0

n: 33.111111111111114

Residual: 0.45308393831979293


epsilon: 4.166666666666667

m: 7.0

n: 37.333333333333336

Residual: 0.46792273639158416


epsilon: 4.166666666666667

m: 7.0

n: 41.55555555555556

Residual: 0.48168152362064426


epsilon: 4.166666666666667

m: 7.0

n: 45.77777777777778

Residual: 0.4986138239745457


epsilon: 4.166666666666667

m: 7.0

n: 50.0

Residual: 0.5121366859063424


epsilon: 4.777777777777779

m: 4.0

n: 12.0

Residual: 0.9256207786751219


epsilon: 4.777777777777779

m: 4.0

n: 16.22222222222222

Residual: 0.9088831047883554


epsilon: 4.777777777777779

m: 4.0

n: 20.444444444444443

Residual: 0.8972529697985284


epsilon: 4.777777777777779

m: 4.0

n: 24.666666666666668

Residual: 0.8886225556568945


epsilon: 4.777777777777779

m: 4.0

n: 28.88888888888889

Residual: 0.8819034464196907


epsilon: 4.777777777777779

m: 4.0

n: 33.111111111111114

Residual: 0.8764907869133187


epsilon: 4.777777777777779

m: 4.0

n: 37.333333333333336

Residual: 0.8720521378122169


epsilon: 4.777777777777779

m: 4.0

n: 41.55555555555556

Residual: 0.8683159856881721


epsilon: 4.777777777777779

m: 4.0

n: 45.77777777777778

Residual: 0.8650980203531381


epsilon: 4.777777777777779

m: 4.0

n: 50.0

Residual: 0.8623573487575114


epsilon: 4.777777777777779

m: 4.333333333333333

n: 12.0

Residual: 0.8683828670484321


epsilon: 4.777777777777779

m: 4.333333333333333

n: 16.22222222222222

Residual: 0.8373721176018953


epsilon: 4.777777777777779

m: 4.333333333333333

n: 20.444444444444443

Residual: 0.8159521952833539


epsilon: 4.777777777777779

m: 4.333333333333333

n: 24.666666666666668

Residual: 0.8000716006714391


epsilon: 4.777777777777779

m: 4.333333333333333

n: 28.88888888888889

Residual: 0.7879168102419342


epsilon: 4.777777777777779

m: 4.333333333333333

n: 33.111111111111114

Residual: 0.7780664095074838


epsilon: 4.777777777777779

m: 4.333333333333333

n: 37.333333333333336

Residual: 0.769965538791671


epsilon: 4.777777777777779

m: 4.333333333333333

n: 41.55555555555556

Residual: 0.7632500573840411


epsilon: 4.777777777777779

m: 4.333333333333333

n: 45.77777777777778

Residual: 0.7575238441129126


epsilon: 4.777777777777779

m: 4.333333333333333

n: 50.0

Residual: 0.7525156734460047


epsilon: 4.777777777777779

m: 4.666666666666667

n: 12.0

Residual: 0.7875398507564301


epsilon: 4.777777777777779

m: 4.666666666666667

n: 16.22222222222222

Residual: 0.7363265663026152


epsilon: 4.777777777777779

m: 4.666666666666667

n: 20.444444444444443

Residual: 0.7015420720368215


epsilon: 4.777777777777779

m: 4.666666666666667

n: 24.666666666666668

Residual: 0.6760783835175248


epsilon: 4.777777777777779

m: 4.666666666666667

n: 28.88888888888889

Residual: 0.6564065274251558


epsilon: 4.777777777777779

m: 4.666666666666667

n: 33.111111111111114

Residual: 0.6408117624872839


epsilon: 4.777777777777779

m: 4.666666666666667

n: 37.333333333333336

Residual: 0.6284650931067549


epsilon: 4.777777777777779

m: 4.666666666666667

n: 41.55555555555556

Residual: 0.6178048516768871


epsilon: 4.777777777777779

m: 4.666666666666667

n: 45.77777777777778

Residual: 0.6085122198572566


epsilon: 4.777777777777779

m: 4.666666666666667

n: 50.0

Residual: 0.6003986266680371


epsilon: 4.777777777777779

m: 5.0

n: 12.0

Residual: 0.6860026030356557


epsilon: 4.777777777777779

m: 5.0

n: 16.22222222222222

Residual: 0.6102178926436788


epsilon: 4.777777777777779

m: 5.0

n: 20.444444444444443

Residual: 0.5598834087440582


epsilon: 4.777777777777779

m: 5.0

n: 24.666666666666668

Residual: 0.5237425348617114


epsilon: 4.777777777777779

m: 5.0

n: 28.88888888888889

Residual: 0.49634708492975127


epsilon: 4.777777777777779

m: 5.0

n: 33.111111111111114

Residual: 0.4748918651002231


epsilon: 4.777777777777779

m: 5.0

n: 37.333333333333336

Residual: 0.4569626715104359


epsilon: 4.777777777777779

m: 5.0

n: 41.55555555555556

Residual: 0.4426068624931985


epsilon: 4.777777777777779

m: 5.0

n: 45.77777777777778

Residual: 0.42982267582187017


epsilon: 4.777777777777779

m: 5.0

n: 50.0

Residual: 0.4195076605698609


epsilon: 4.777777777777779

m: 5.333333333333333

n: 12.0

Residual: 0.5706834006875867


epsilon: 4.777777777777779

m: 5.333333333333333

n: 16.22222222222222

Residual: 0.4695967151262485


epsilon: 4.777777777777779

m: 5.333333333333333

n: 20.444444444444443

Residual: 0.4042369141236712


epsilon: 4.777777777777779

m: 5.333333333333333

n: 24.666666666666668

Residual: 0.3584422340106954


epsilon: 4.777777777777779

m: 5.333333333333333

n: 28.88888888888889

Residual: 0.32495597205637045


epsilon: 4.777777777777779

m: 5.333333333333333

n: 33.111111111111114

Residual: 0.30237840003272887


epsilon: 4.777777777777779

m: 5.333333333333333

n: 37.333333333333336

Residual: 0.28363366016693997


epsilon: 4.777777777777779

m: 5.333333333333333

n: 41.55555555555556

Residual: 0.2693721601742954


epsilon: 4.777777777777779

m: 5.333333333333333

n: 45.77777777777778

Residual: 0.25762441232846806


epsilon: 4.777777777777779

m: 5.333333333333333

n: 50.0

Residual: 0.2476295539394433


epsilon: 4.777777777777779

m: 5.666666666666666

n: 12.0

Residual: 0.458165217611134


epsilon: 4.777777777777779

m: 5.666666666666666

n: 16.22222222222222

Residual: 0.3597346632280471


epsilon: 4.777777777777779

m: 5.666666666666666

n: 20.444444444444443

Residual: 0.3057442435620375


epsilon: 4.777777777777779

m: 5.666666666666666

n: 24.666666666666668

Residual: 0.27582011946948937


epsilon: 4.777777777777779

m: 5.666666666666666

n: 28.88888888888889

Residual: 0.2548610909460794


epsilon: 4.777777777777779

m: 5.666666666666666

n: 33.111111111111114

Residual: 0.24233889749082277


epsilon: 4.777777777777779

m: 5.666666666666666

n: 37.333333333333336

Residual: 0.2310555843359754


epsilon: 4.777777777777779

m: 5.666666666666666

n: 41.55555555555556

Residual: 0.22409811299252


epsilon: 4.777777777777779

m: 5.666666666666666

n: 45.77777777777778

Residual: 0.2202961469315291


epsilon: 4.777777777777779

m: 5.666666666666666

n: 50.0

Residual: 0.215849463125346


epsilon: 4.777777777777779

m: 6.0

n: 12.0

Residual: 0.3981384713461151


epsilon: 4.777777777777779

m: 6.0

n: 16.22222222222222

Residual: 0.32013113121382203


epsilon: 4.777777777777779

m: 6.0

n: 20.444444444444443

Residual: 0.2865284050223473


epsilon: 4.777777777777779

m: 6.0

n: 24.666666666666668

Residual: 0.27032566794199847


epsilon: 4.777777777777779

m: 6.0

n: 28.88888888888889

Residual: 0.2602811346759274


epsilon: 4.777777777777779

m: 6.0

n: 33.111111111111114

Residual: 0.2580467371259922


epsilon: 4.777777777777779

m: 6.0

n: 37.333333333333336

Residual: 0.2549594971910176


epsilon: 4.777777777777779

m: 6.0

n: 41.55555555555556

Residual: 0.25418904771650425


epsilon: 4.777777777777779

m: 6.0

n: 45.77777777777778

Residual: 0.2538151546304468


epsilon: 4.777777777777779

m: 6.0

n: 50.0

Residual: 0.25466685776956743


epsilon: 4.777777777777779

m: 6.333333333333333

n: 12.0

Residual: 0.37221129675743325


epsilon: 4.777777777777779

m: 6.333333333333333

n: 16.22222222222222

Residual: 0.3182710771276871


epsilon: 4.777777777777779

m: 6.333333333333333

n: 20.444444444444443

Residual: 0.30151056982557667


epsilon: 4.777777777777779

m: 6.333333333333333

n: 24.666666666666668

Residual: 0.29850972918730134


epsilon: 4.777777777777779

m: 6.333333333333333

n: 28.88888888888889

Residual: 0.29994209830403


epsilon: 4.777777777777779

m: 6.333333333333333

n: 33.111111111111114

Residual: 0.2997339979255462


epsilon: 4.777777777777779

m: 6.333333333333333

n: 37.333333333333336

Residual: 0.3082191341317337


epsilon: 4.777777777777779

m: 6.333333333333333

n: 41.55555555555556

Residual: 0.3113762193040373


epsilon: 4.777777777777779

m: 6.333333333333333

n: 45.77777777777778

Residual: 0.31388034756843486


epsilon: 4.777777777777779

m: 6.333333333333333

n: 50.0

Residual: 0.3200567226535364


epsilon: 4.777777777777779

m: 6.666666666666666

n: 12.0

Residual: 0.36705142443289485


epsilon: 4.777777777777779

m: 6.666666666666666

n: 16.22222222222222

Residual: 0.3361706520740419


epsilon: 4.777777777777779

m: 6.666666666666666

n: 20.444444444444443

Residual: 0.33596514715639497


epsilon: 4.777777777777779

m: 6.666666666666666

n: 24.666666666666668

Residual: 0.34228657185696537


epsilon: 4.777777777777779

m: 6.666666666666666

n: 28.88888888888889

Residual: 0.34981863556008164


epsilon: 4.777777777777779

m: 6.666666666666666

n: 33.111111111111114

Residual: 0.36103147731846214


epsilon: 4.777777777777779

m: 6.666666666666666

n: 37.333333333333336

Residual: 0.3700282340095697


epsilon: 4.777777777777779

m: 6.666666666666666

n: 41.55555555555556

Residual: 0.378156129225437


epsilon: 4.777777777777779

m: 6.666666666666666

n: 45.77777777777778

Residual: 0.3841235532160364


epsilon: 4.777777777777779

m: 6.666666666666666

n: 50.0

Residual: 0.39721230442382166


epsilon: 4.777777777777779

m: 7.0

n: 12.0

Residual: 0.3720432298325055


epsilon: 4.777777777777779

m: 7.0

n: 16.22222222222222

Residual: 0.36292640900147755


epsilon: 4.777777777777779

m: 7.0

n: 20.444444444444443

Residual: 0.37323921500757334


epsilon: 4.777777777777779

m: 7.0

n: 24.666666666666668

Residual: 0.3898865669134899


epsilon: 4.777777777777779

m: 7.0

n: 28.88888888888889

Residual: 0.40823432256865516


epsilon: 4.777777777777779

m: 7.0

n: 33.111111111111114

Residual: 0.41498428807644544


epsilon: 4.777777777777779

m: 7.0

n: 37.333333333333336

Residual: 0.4338480905421798


epsilon: 4.777777777777779

m: 7.0

n: 41.55555555555556

Residual: 0.44525924987914794


epsilon: 4.777777777777779

m: 7.0

n: 45.77777777777778

Residual: 0.455419828955874


epsilon: 4.777777777777779

m: 7.0

n: 50.0

Residual: 0.4663277118707317


epsilon: 5.388888888888889

m: 4.0

n: 12.0

Residual: 0.933781296924808


epsilon: 5.388888888888889

m: 4.0

n: 16.22222222222222

Residual: 0.9187965901064077


epsilon: 5.388888888888889

m: 4.0

n: 20.444444444444443

Residual: 0.9083692341391795


epsilon: 5.388888888888889

m: 4.0

n: 24.666666666666668

Residual: 0.900588636938832


epsilon: 5.388888888888889

m: 4.0

n: 28.88888888888889

Residual: 0.8945892617725213


epsilon: 5.388888888888889

m: 4.0

n: 33.111111111111114

Residual: 0.8897274984272336


epsilon: 5.388888888888889

m: 4.0

n: 37.333333333333336

Residual: 0.8857393656227454


epsilon: 5.388888888888889

m: 4.0

n: 41.55555555555556

Residual: 0.8823785354151898


epsilon: 5.388888888888889

m: 4.0

n: 45.77777777777778

Residual: 0.8794954856401141


epsilon: 5.388888888888889

m: 4.0

n: 50.0

Residual: 0.8769816385042378


epsilon: 5.388888888888889

m: 4.333333333333333

n: 12.0

Residual: 0.882433439689793


epsilon: 5.388888888888889

m: 4.333333333333333

n: 16.22222222222222

Residual: 0.8544619594866074


epsilon: 5.388888888888889

m: 4.333333333333333

n: 20.444444444444443

Residual: 0.8351135186277859


epsilon: 5.388888888888889

m: 4.333333333333333

n: 24.666666666666668

Residual: 0.8207925829370739


epsilon: 5.388888888888889

m: 4.333333333333333

n: 28.88888888888889

Residual: 0.8096348020398224


epsilon: 5.388888888888889

m: 4.333333333333333

n: 33.111111111111114

Residual: 0.8006366254474886


epsilon: 5.388888888888889

m: 4.333333333333333

n: 37.333333333333336

Residual: 0.7933856013889604


epsilon: 5.388888888888889

m: 4.333333333333333

n: 41.55555555555556

Residual: 0.7870735256054333


epsilon: 5.388888888888889

m: 4.333333333333333

n: 45.77777777777778

Residual: 0.7820373500091763


epsilon: 5.388888888888889

m: 4.333333333333333

n: 50.0

Residual: 0.7774770844823864


epsilon: 5.388888888888889

m: 4.666666666666667

n: 12.0

Residual: 0.8093552689117824


epsilon: 5.388888888888889

m: 4.666666666666667

n: 16.22222222222222

Residual: 0.7627443933409364


epsilon: 5.388888888888889

m: 4.666666666666667

n: 20.444444444444443

Residual: 0.7308146903623138


epsilon: 5.388888888888889

m: 4.666666666666667

n: 24.666666666666668

Residual: 0.7073184388368795


epsilon: 5.388888888888889

m: 4.666666666666667

n: 28.88888888888889

Residual: 0.6894283968962508


epsilon: 5.388888888888889

m: 4.666666666666667

n: 33.111111111111114

Residual: 0.6747382992104063


epsilon: 5.388888888888889

m: 4.666666666666667

n: 37.333333333333336

Residual: 0.6633366296741379


epsilon: 5.388888888888889

m: 4.666666666666667

n: 41.55555555555556

Residual: 0.6533944757597056


epsilon: 5.388888888888889

m: 4.666666666666667

n: 45.77777777777778

Residual: 0.6447922841203965


epsilon: 5.388888888888889

m: 4.666666666666667

n: 50.0

Residual: 0.6377711519378388


epsilon: 5.388888888888889

m: 5.0

n: 12.0

Residual: 0.7165655800019235


epsilon: 5.388888888888889

m: 5.0

n: 16.22222222222222

Residual: 0.6467593464238433


epsilon: 5.388888888888889

m: 5.0

n: 20.444444444444443

Residual: 0.5999484528845841


epsilon: 5.388888888888889

m: 5.0

n: 24.666666666666668

Residual: 0.565973800387494


epsilon: 5.388888888888889

m: 5.0

n: 28.88888888888889

Residual: 0.540104317637938


epsilon: 5.388888888888889

m: 5.0

n: 33.111111111111114

Residual: 0.520217183266322


epsilon: 5.388888888888889

m: 5.0

n: 37.333333333333336

Residual: 0.5030851175797932


epsilon: 5.388888888888889

m: 5.0

n: 41.55555555555556

Residual: 0.48927340921494533


epsilon: 5.388888888888889

m: 5.0

n: 45.77777777777778

Residual: 0.4772216185821259


epsilon: 5.388888888888889

m: 5.0

n: 50.0

Residual: 0.4675734592711049


epsilon: 5.388888888888889

m: 5.333333333333333

n: 12.0

Residual: 0.6096857058202784


epsilon: 5.388888888888889

m: 5.333333333333333

n: 16.22222222222222

Residual: 0.5154762796193744


epsilon: 5.388888888888889

m: 5.333333333333333

n: 20.444444444444443

Residual: 0.4543901981859945


epsilon: 5.388888888888889

m: 5.333333333333333

n: 24.666666666666668

Residual: 0.4099230317328559


epsilon: 5.388888888888889

m: 5.333333333333333

n: 28.88888888888889

Residual: 0.3755411330001575


epsilon: 5.388888888888889

m: 5.333333333333333

n: 33.111111111111114

Residual: 0.35020035350473244


epsilon: 5.388888888888889

m: 5.333333333333333

n: 37.333333333333336

Residual: 0.33089323161610673


epsilon: 5.388888888888889

m: 5.333333333333333

n: 41.55555555555556

Residual: 0.3154755366692991


epsilon: 5.388888888888889

m: 5.333333333333333

n: 45.77777777777778

Residual: 0.3028049874169157


epsilon: 5.388888888888889

m: 5.333333333333333

n: 50.0

Residual: 0.29186446415722755


epsilon: 5.388888888888889

m: 5.666666666666666

n: 12.0

Residual: 0.500496466413644


epsilon: 5.388888888888889

m: 5.666666666666666

n: 16.22222222222222

Residual: 0.3998757036658455


epsilon: 5.388888888888889

m: 5.666666666666666

n: 20.444444444444443

Residual: 0.3427555839184377


epsilon: 5.388888888888889

m: 5.666666666666666

n: 24.666666666666668

Residual: 0.30915591667449244


epsilon: 5.388888888888889

m: 5.666666666666666

n: 28.88888888888889

Residual: 0.28555514375340185


epsilon: 5.388888888888889

m: 5.666666666666666

n: 33.111111111111114

Residual: 0.2689071620948421


epsilon: 5.388888888888889

m: 5.666666666666666

n: 37.333333333333336

Residual: 0.2571300562186739


epsilon: 5.388888888888889

m: 5.666666666666666

n: 41.55555555555556

Residual: 0.2494425082474184


epsilon: 5.388888888888889

m: 5.666666666666666

n: 45.77777777777778

Residual: 0.24146588874601496


epsilon: 5.388888888888889

m: 5.666666666666666

n: 50.0

Residual: 0.23495071132565926


epsilon: 5.388888888888889

m: 6.0

n: 12.0

Residual: 0.43418035614296796


epsilon: 5.388888888888889

m: 6.0

n: 16.22222222222222

Residual: 0.34986566192440394


epsilon: 5.388888888888889

m: 6.0

n: 20.444444444444443

Residual: 0.3100430676017282


epsilon: 5.388888888888889

m: 6.0

n: 24.666666666666668

Residual: 0.28709143353336564


epsilon: 5.388888888888889

m: 6.0

n: 28.88888888888889

Residual: 0.2748257021228286


epsilon: 5.388888888888889

m: 6.0

n: 33.111111111111114

Residual: 0.26759088691538924


epsilon: 5.388888888888889

m: 6.0

n: 37.333333333333336

Residual: 0.26179376156454254


epsilon: 5.388888888888889

m: 6.0

n: 41.55555555555556

Residual: 0.25999849081786514


epsilon: 5.388888888888889

m: 6.0

n: 45.77777777777778

Residual: 0.25265864781976993


epsilon: 5.388888888888889

m: 6.0

n: 50.0

Residual: 0.2556453999688121


epsilon: 5.388888888888889

m: 6.333333333333333

n: 12.0

Residual: 0.4012862481095222


epsilon: 5.388888888888889

m: 6.333333333333333

n: 16.22222222222222

Residual: 0.33863366338039397


epsilon: 5.388888888888889

m: 6.333333333333333

n: 20.444444444444443

Residual: 0.3149568662748812


epsilon: 5.388888888888889

m: 6.333333333333333

n: 24.666666666666668

Residual: 0.30251831315137745


epsilon: 5.388888888888889

m: 6.333333333333333

n: 28.88888888888889

Residual: 0.30148258000558414


epsilon: 5.388888888888889

m: 6.333333333333333

n: 33.111111111111114

Residual: 0.29859748806514264


epsilon: 5.388888888888889

m: 6.333333333333333

n: 37.333333333333336

Residual: 0.3006492078957968


epsilon: 5.388888888888889

m: 6.333333333333333

n: 41.55555555555556

Residual: 0.3021656946591939


epsilon: 5.388888888888889

m: 6.333333333333333

n: 45.77777777777778

Residual: 0.3048444310299717


epsilon: 5.388888888888889

m: 6.333333333333333

n: 50.0

Residual: 0.30614188696921185


epsilon: 5.388888888888889

m: 6.666666666666666

n: 12.0

Residual: 0.3896320697834382


epsilon: 5.388888888888889

m: 6.666666666666666

n: 16.22222222222222

Residual: 0.346374880714131


epsilon: 5.388888888888889

m: 6.666666666666666

n: 20.444444444444443

Residual: 0.3372947193662065


epsilon: 5.388888888888889

m: 6.666666666666666

n: 24.666666666666668

Residual: 0.33877190761023046


epsilon: 5.388888888888889

m: 6.666666666666666

n: 28.88888888888889

Residual: 0.3460913168087215


epsilon: 5.388888888888889

m: 6.666666666666666

n: 33.111111111111114

Residual: 0.344732361823198


epsilon: 5.388888888888889

m: 6.666666666666666

n: 37.333333333333336

Residual: 0.35200209634109303


epsilon: 5.388888888888889

m: 6.666666666666666

n: 41.55555555555556

Residual: 0.3580292187419365


epsilon: 5.388888888888889

m: 6.666666666666666

n: 45.77777777777778

Residual: 0.3648917815471562


epsilon: 5.388888888888889

m: 6.666666666666666

n: 50.0

Residual: 0.37028700789903585


epsilon: 5.388888888888889

m: 7.0

n: 12.0

Residual: 0.38810694151144365


epsilon: 5.388888888888889

m: 7.0

n: 16.22222222222222

Residual: 0.3656314998010435


epsilon: 5.388888888888889

m: 7.0

n: 20.444444444444443

Residual: 0.3706290344068479


epsilon: 5.388888888888889

m: 7.0

n: 24.666666666666668

Residual: 0.37954683191588573


epsilon: 5.388888888888889

m: 7.0

n: 28.88888888888889

Residual: 0.38934543063668686


epsilon: 5.388888888888889

m: 7.0

n: 33.111111111111114

Residual: 0.4029083163923568


epsilon: 5.388888888888889

m: 7.0

n: 37.333333333333336

Residual: 0.4110511645850174


epsilon: 5.388888888888889

m: 7.0

n: 41.55555555555556

Residual: 0.41638568976830886


epsilon: 5.388888888888889

m: 7.0

n: 45.77777777777778

Residual: 0.4246080913616659


epsilon: 5.388888888888889

m: 7.0

n: 50.0

Residual: 0.43847284208224246


epsilon: 6.0

m: 4.0

n: 12.0

Residual: 0.9403163797141275


epsilon: 6.0

m: 4.0

n: 16.22222222222222

Residual: 0.9267567655758311


epsilon: 6.0

m: 4.0

n: 20.444444444444443

Residual: 0.917303554230895


epsilon: 6.0

m: 4.0

n: 24.666666666666668

Residual: 0.910273833412765


epsilon: 6.0

m: 4.0

n: 28.88888888888889

Residual: 0.9048188766324594


epsilon: 6.0

m: 4.0

n: 33.111111111111114

Residual: 0.9003713386021053


epsilon: 6.0

m: 4.0

n: 37.333333333333336

Residual: 0.8967522041418949


epsilon: 6.0

m: 4.0

n: 41.55555555555556

Residual: 0.8937049274165656


epsilon: 6.0

m: 4.0

n: 45.77777777777778

Residual: 0.891074906828526


epsilon: 6.0

m: 4.0

n: 50.0

Residual: 0.8888269434793464


epsilon: 6.0

m: 4.333333333333333

n: 12.0

Residual: 0.8938025939921048


epsilon: 6.0

m: 4.333333333333333

n: 16.22222222222222

Residual: 0.8682518291529502


epsilon: 6.0

m: 4.333333333333333

n: 20.444444444444443

Residual: 0.8506024794540678


epsilon: 6.0

m: 4.333333333333333

n: 24.666666666666668

Residual: 0.8375399480837484


epsilon: 6.0

m: 4.333333333333333

n: 28.88888888888889

Residual: 0.827418524467146


epsilon: 6.0

m: 4.333333333333333

n: 33.111111111111114

Residual: 0.8192696152064755


epsilon: 6.0

m: 4.333333333333333

n: 37.333333333333336

Residual: 0.8125412373330146


epsilon: 6.0

m: 4.333333333333333

n: 41.55555555555556

Residual: 0.806797326308748


epsilon: 6.0

m: 4.333333333333333

n: 45.77777777777778

Residual: 0.8020846099186857


epsilon: 6.0

m: 4.333333333333333

n: 50.0

Residual: 0.7977188584176976


epsilon: 6.0

m: 4.666666666666667

n: 12.0

Residual: 0.8270978424511778


epsilon: 6.0

m: 4.666666666666667

n: 16.22222222222222

Residual: 0.7843091300345638


epsilon: 6.0

m: 4.666666666666667

n: 20.444444444444443

Residual: 0.7548189240828476


epsilon: 6.0

m: 4.666666666666667

n: 24.666666666666668

Residual: 0.7332369760170939


epsilon: 6.0

m: 4.666666666666667

n: 28.88888888888889

Residual: 0.7165307306000178


epsilon: 6.0

m: 4.666666666666667

n: 33.111111111111114

Residual: 0.7032195204034093


epsilon: 6.0

m: 4.666666666666667

n: 37.333333333333336

Residual: 0.6921401305501669


epsilon: 6.0

m: 4.666666666666667

n: 41.55555555555556

Residual: 0.6830138191356927


epsilon: 6.0

m: 4.666666666666667

n: 45.77777777777778

Residual: 0.6753136132965711


epsilon: 6.0

m: 4.666666666666667

n: 50.0

Residual: 0.6684321507210287


epsilon: 6.0

m: 5.0

n: 12.0

Residual: 0.7418830935579732


epsilon: 6.0

m: 5.0

n: 16.22222222222222

Residual: 0.6769115814804022


epsilon: 6.0

m: 5.0

n: 20.444444444444443

Residual: 0.6333699003818283


epsilon: 6.0

m: 5.0

n: 24.666666666666668

Residual: 0.6014371360804043


epsilon: 6.0

m: 5.0

n: 28.88888888888889

Residual: 0.5767588560545485


epsilon: 6.0

m: 5.0

n: 33.111111111111114

Residual: 0.5580403889402803


epsilon: 6.0

m: 5.0

n: 37.333333333333336

Residual: 0.5420723436717105


epsilon: 6.0

m: 5.0

n: 41.55555555555556

Residual: 0.5293927960938588


epsilon: 6.0

m: 5.0

n: 45.77777777777778

Residual: 0.5180503900399569


epsilon: 6.0

m: 5.0

n: 50.0

Residual: 0.5080134068680159


epsilon: 6.0

m: 5.333333333333333

n: 12.0

Residual: 0.6425401756131265


epsilon: 6.0

m: 5.333333333333333

n: 16.22222222222222

Residual: 0.5536830891724045


epsilon: 6.0

m: 5.333333333333333

n: 20.444444444444443

Residual: 0.495195491697702


epsilon: 6.0

m: 5.333333333333333

n: 24.666666666666668

Residual: 0.45303793494768435


epsilon: 6.0

m: 5.333333333333333

n: 28.88888888888889

Residual: 0.42146003608260235


epsilon: 6.0

m: 5.333333333333333

n: 33.111111111111114

Residual: 0.396307121744714


epsilon: 6.0

m: 5.333333333333333

n: 37.333333333333336

Residual: 0.3767010995355052


epsilon: 6.0

m: 5.333333333333333

n: 41.55555555555556

Residual: 0.3597064286195451


epsilon: 6.0

m: 5.333333333333333

n: 45.77777777777778

Residual: 0.34618078198529495


epsilon: 6.0

m: 5.333333333333333

n: 50.0

Residual: 0.3355716512227058


epsilon: 6.0

m: 5.666666666666666

n: 12.0

Residual: 0.5375100398190392


epsilon: 6.0

m: 5.666666666666666

n: 16.22222222222222

Residual: 0.436150547092157


epsilon: 6.0

m: 5.666666666666666

n: 20.444444444444443

Residual: 0.3784000620236753


epsilon: 6.0

m: 5.666666666666666

n: 24.666666666666668

Residual: 0.3421572331768029


epsilon: 6.0

m: 5.666666666666666

n: 28.88888888888889

Residual: 0.3166310439284356


epsilon: 6.0

m: 5.666666666666666

n: 33.111111111111114

Residual: 0.2996240196645536


epsilon: 6.0

m: 5.666666666666666

n: 37.333333333333336

Residual: 0.285568089832014


epsilon: 6.0

m: 5.666666666666666

n: 41.55555555555556

Residual: 0.2743574377862593


epsilon: 6.0

m: 5.666666666666666

n: 45.77777777777778

Residual: 0.2655499108944682


epsilon: 6.0

m: 5.666666666666666

n: 50.0

Residual: 0.25791969795049596


epsilon: 6.0

m: 6.0

n: 12.0

Residual: 0.4668931577831071


epsilon: 6.0

m: 6.0

n: 16.22222222222222

Residual: 0.3785364060252874


epsilon: 6.0

m: 6.0

n: 20.444444444444443

Residual: 0.3334029187519384


epsilon: 6.0

m: 6.0

n: 24.666666666666668

Residual: 0.3072373288838134


epsilon: 6.0

m: 6.0

n: 28.88888888888889

Residual: 0.2912968801453214


epsilon: 6.0

m: 6.0

n: 33.111111111111114

Residual: 0.2810435141453829


epsilon: 6.0

m: 6.0

n: 37.333333333333336

Residual: 0.27234386550217204


epsilon: 6.0

m: 6.0

n: 41.55555555555556

Residual: 0.2681424320489039


epsilon: 6.0

m: 6.0

n: 45.77777777777778

Residual: 0.26320043930048304


epsilon: 6.0

m: 6.0

n: 50.0

Residual: 0.26211361643638936


epsilon: 6.0

m: 6.333333333333333

n: 12.0

Residual: 0.4294637604432227


epsilon: 6.0

m: 6.333333333333333

n: 16.22222222222222

Residual: 0.3596397279823885


epsilon: 6.0

m: 6.333333333333333

n: 20.444444444444443

Residual: 0.32796225111390354


epsilon: 6.0

m: 6.333333333333333

n: 24.666666666666668

Residual: 0.3139321216252804


epsilon: 6.0

m: 6.333333333333333

n: 28.88888888888889

Residual: 0.30507338609171747


epsilon: 6.0

m: 6.333333333333333

n: 33.111111111111114

Residual: 0.3018387060006313


epsilon: 6.0

m: 6.333333333333333

n: 37.333333333333336

Residual: 0.3011721365637308


epsilon: 6.0

m: 6.333333333333333

n: 41.55555555555556

Residual: 0.29733313132058603


epsilon: 6.0

m: 6.333333333333333

n: 45.77777777777778

Residual: 0.3003333333159628


epsilon: 6.0

m: 6.333333333333333

n: 50.0

Residual: 0.3023118484633374


epsilon: 6.0

m: 6.666666666666666

n: 12.0

Residual: 0.4125714408297975


epsilon: 6.0

m: 6.666666666666666

n: 16.22222222222222

Residual: 0.35937647853218374


epsilon: 6.0

m: 6.666666666666666

n: 20.444444444444443

Residual: 0.3429642678874235


epsilon: 6.0

m: 6.666666666666666

n: 24.666666666666668

Residual: 0.33714289345898407


epsilon: 6.0

m: 6.666666666666666

n: 28.88888888888889

Residual: 0.33743462594410173


epsilon: 6.0

m: 6.666666666666666

n: 33.111111111111114

Residual: 0.3404086940095797


epsilon: 6.0

m: 6.666666666666666

n: 37.333333333333336

Residual: 0.34551052804237303


epsilon: 6.0

m: 6.666666666666666

n: 41.55555555555556

Residual: 0.34372190958172316


epsilon: 6.0

m: 6.666666666666666

n: 45.77777777777778

Residual: 0.35112269936856677


epsilon: 6.0

m: 6.666666666666666

n: 50.0

Residual: 0.3532490899715052


epsilon: 6.0

m: 7.0

n: 12.0

Residual: 0.40626281755085203


epsilon: 6.0

m: 7.0

n: 16.22222222222222

Residual: 0.37373335966326315


epsilon: 6.0

m: 7.0

n: 20.444444444444443

Residual: 0.36926600040599944


epsilon: 6.0

m: 7.0

n: 24.666666666666668

Residual: 0.3726545011281559


epsilon: 6.0

m: 7.0

n: 28.88888888888889

Residual: 0.37887681427516207


epsilon: 6.0

m: 7.0

n: 33.111111111111114

Residual: 0.3857749254007976


epsilon: 6.0

m: 7.0

n: 37.333333333333336

Residual: 0.39727623438289794


epsilon: 6.0

m: 7.0

n: 41.55555555555556

Residual: 0.4029470159931989


epsilon: 6.0

m: 7.0

n: 45.77777777777778

Residual: 0.4074980898593504


epsilon: 6.0

m: 7.0

n: 50.0

Residual: 0.4120611205938182


