epsilon: 0.5

m: 4.0

n: 12.0

Residual: 0.30615605930468387


epsilon: 0.5

m: 4.0

n: 12.0

Residual: 0.30619888171570847


epsilon: 0.5

m: 4.0

n: 16.22222222222222

Residual: 0.26923925293011064


epsilon: 0.5

m: 4.0

n: 20.444444444444443

Residual: 0.25803658629105053


epsilon: 0.5

m: 4.0

n: 24.666666666666668

Residual: 0.2551526329247743


epsilon: 0.5

m: 4.0

n: 28.88888888888889

Residual: 0.2557673175628737


epsilon: 0.5

m: 4.0

n: 33.111111111111114

Residual: 0.25714412396506997


epsilon: 0.5

m: 4.0

n: 37.333333333333336

Residual: 0.25912390058206364


epsilon: 0.5

m: 4.0

n: 41.55555555555556

Residual: 0.2611695356007492


epsilon: 0.5

m: 4.0

n: 45.77777777777778

Residual: 0.26368471228229934


epsilon: 0.5

m: 4.0

n: 50.0

Residual: 0.26575403025153244


epsilon: 0.5

m: 4.333333333333333

n: 12.0

Residual: 0.20487971500452687


epsilon: 0.5

m: 4.333333333333333

n: 16.22222222222222

Residual: 0.22427325422787514


epsilon: 0.5

m: 4.333333333333333

n: 20.444444444444443

Residual: 0.2513616031963695


epsilon: 0.5

m: 4.333333333333333

n: 24.666666666666668

Residual: 0.27493577211310516


epsilon: 0.5

m: 4.333333333333333

n: 28.88888888888889

Residual: 0.29375446655633697


epsilon: 0.5

m: 4.333333333333333

n: 33.111111111111114

Residual: 0.3091727567330407


epsilon: 0.5

m: 4.333333333333333

n: 37.333333333333336

Residual: 0.32233679765505885


epsilon: 0.5

m: 4.333333333333333

n: 41.55555555555556

Residual: 0.333577083284935


epsilon: 0.5

m: 4.333333333333333

n: 45.77777777777778

Residual: 0.3429548294370146


epsilon: 0.5

m: 4.333333333333333

n: 50.0

Residual: 0.35097759106657267


epsilon: 0.5

m: 4.666666666666667

n: 12.0

Residual: 0.23747518976076523


epsilon: 0.5

m: 4.666666666666667

n: 16.22222222222222

Residual: 0.33358351768736116


epsilon: 0.5

m: 4.666666666666667

n: 20.444444444444443

Residual: 0.39469186969326725


epsilon: 0.5

m: 4.666666666666667

n: 24.666666666666668

Residual: 0.4349520166610254


epsilon: 0.5

m: 4.666666666666667

n: 28.88888888888889

Residual: 0.463138709130361


epsilon: 0.5

m: 4.666666666666667

n: 33.111111111111114

Residual: 0.48387643000035063


epsilon: 0.5

m: 4.666666666666667

n: 37.333333333333336

Residual: 0.49998907326131925


epsilon: 0.5

m: 4.666666666666667

n: 41.55555555555556

Residual: 0.5128773634688949


epsilon: 0.5

m: 4.666666666666667

n: 45.77777777777778

Residual: 0.5238226721113586


epsilon: 0.5

m: 4.666666666666667

n: 50.0

Residual: 0.5324405759989983


epsilon: 0.5

m: 5.0

n: 12.0

Residual: 0.39850089558261725


epsilon: 0.5

m: 5.0

n: 16.22222222222222

Residual: 0.502981790051789


epsilon: 0.5

m: 5.0

n: 20.444444444444443

Residual: 0.5578305247783797


epsilon: 0.5

m: 5.0

n: 24.666666666666668

Residual: 0.5924448010355408


epsilon: 0.5

m: 5.0

n: 28.88888888888889

Residual: 0.6161596736418707


epsilon: 0.5

m: 5.0

n: 33.111111111111114

Residual: 0.6336804168903912


epsilon: 0.5

m: 5.0

n: 37.333333333333336

Residual: 0.6470447290412735


epsilon: 0.5

m: 5.0

n: 41.55555555555556

Residual: 0.6576180106936964


epsilon: 0.5

m: 5.0

n: 45.77777777777778

Residual: 0.6660932587354935


epsilon: 0.5

m: 5.0

n: 50.0

Residual: 0.6730180229016355


epsilon: 0.5

m: 5.333333333333333

n: 12.0

Residual: 0.5362946436155489


epsilon: 0.5

m: 5.333333333333333

n: 16.22222222222222

Residual: 0.6284416220280961


epsilon: 0.5

m: 5.333333333333333

n: 20.444444444444443

Residual: 0.6747717533952072


epsilon: 0.5

m: 5.333333333333333

n: 24.666666666666668

Residual: 0.7035264615751802


epsilon: 0.5

m: 5.333333333333333

n: 28.88888888888889

Residual: 0.7229778964826852


epsilon: 0.5

m: 5.333333333333333

n: 33.111111111111114

Residual: 0.736861099898014


epsilon: 0.5

m: 5.333333333333333

n: 37.333333333333336

Residual: 0.747541580769404


epsilon: 0.5

m: 5.333333333333333

n: 41.55555555555556

Residual: 0.7559530527606358


epsilon: 0.5

m: 5.333333333333333

n: 45.77777777777778

Residual: 0.7620131807006042


epsilon: 0.5

m: 5.333333333333333

n: 50.0

Residual: 0.7681155816419318


epsilon: 0.5

m: 5.666666666666666

n: 12.0

Residual: 0.6381825460699815


epsilon: 0.5

m: 5.666666666666666

n: 16.22222222222222

Residual: 0.7179582866715659


epsilon: 0.5

m: 5.666666666666666

n: 20.444444444444443

Residual: 0.7566938780612008


epsilon: 0.5

m: 5.666666666666666

n: 24.666666666666668

Residual: 0.7799982923783157


epsilon: 0.5

m: 5.666666666666666

n: 28.88888888888889

Residual: 0.795962122909167


epsilon: 0.5

m: 5.666666666666666

n: 33.111111111111114

Residual: 0.8070796017510108


epsilon: 0.5

m: 5.666666666666666

n: 37.333333333333336

Residual: 0.8159432874391676


epsilon: 0.5

m: 5.666666666666666

n: 41.55555555555556

Residual: 0.8222241303492791


epsilon: 0.5

m: 5.666666666666666

n: 45.77777777777778

Residual: 0.8272221310658088


epsilon: 0.5

m: 5.666666666666666

n: 50.0

Residual: 0.8319233395784182


epsilon: 0.5

m: 6.0

n: 12.0

Residual: 0.7133585340465193


epsilon: 0.5

m: 6.0

n: 16.22222222222222

Residual: 0.7809445036797227


epsilon: 0.5

m: 6.0

n: 20.444444444444443

Residual: 0.8142022894832087


epsilon: 0.5

m: 6.0

n: 24.666666666666668

Residual: 0.8332597822622992


epsilon: 0.5

m: 6.0

n: 28.88888888888889

Residual: 0.8462514280736673


epsilon: 0.5

m: 6.0

n: 33.111111111111114

Residual: 0.8544798924229199


epsilon: 0.5

m: 6.0

n: 37.333333333333336

Residual: 0.861747371765239


epsilon: 0.5

m: 6.0

n: 41.55555555555556

Residual: 0.8675655925653291


epsilon: 0.5

m: 6.0

n: 45.77777777777778

Residual: 0.8716313784285487


epsilon: 0.5

m: 6.0

n: 50.0

Residual: 0.8753295728159547


epsilon: 0.5

m: 6.333333333333333

n: 12.0

Residual: 0.7678394164363789


epsilon: 0.5

m: 6.333333333333333

n: 16.22222222222222

Residual: 0.8265686760493268


epsilon: 0.5

m: 6.333333333333333

n: 20.444444444444443

Residual: 0.8545163939027344


epsilon: 0.5

m: 6.333333333333333

n: 24.666666666666668

Residual: 0.8705262881433685


epsilon: 0.5

m: 6.333333333333333

n: 28.88888888888889

Residual: 0.8812968835607293


epsilon: 0.5

m: 6.333333333333333

n: 33.111111111111114

Residual: 0.8886117799431958


epsilon: 0.5

m: 6.333333333333333

n: 37.333333333333336

Residual: 0.894224475229619


epsilon: 0.5

m: 6.333333333333333

n: 41.55555555555556

Residual: 0.8987651741407694


epsilon: 0.5

m: 6.333333333333333

n: 45.77777777777778

Residual: 0.9014225768909498


epsilon: 0.5

m: 6.333333333333333

n: 50.0

Residual: 0.904688651262916


epsilon: 0.5

m: 6.666666666666666

n: 12.0

Residual: 0.8090750975318277


epsilon: 0.5

m: 6.666666666666666

n: 16.22222222222222

Residual: 0.8601797218990046


epsilon: 0.5

m: 6.666666666666666

n: 20.444444444444443

Residual: 0.883957476301013


epsilon: 0.5

m: 6.666666666666666

n: 24.666666666666668

Residual: 0.8967735598891422


epsilon: 0.5

m: 6.666666666666666

n: 28.88888888888889

Residual: 0.9064607699531735


epsilon: 0.5

m: 6.666666666666666

n: 33.111111111111114

Residual: 0.9123146411004862


epsilon: 0.5

m: 6.666666666666666

n: 37.333333333333336

Residual: 0.9170897384257104


epsilon: 0.5

m: 6.666666666666666

n: 41.55555555555556

Residual: 0.9215305117011485


epsilon: 0.5

m: 6.666666666666666

n: 45.77777777777778

Residual: 0.9233762677053899


epsilon: 0.5

m: 6.666666666666666

n: 50.0

Residual: 0.9250630035647855


epsilon: 0.5

m: 7.0

n: 12.0

Residual: 0.8389756816396583


epsilon: 0.5

m: 7.0

n: 16.22222222222222

Residual: 0.8849951664164054


epsilon: 0.5

m: 7.0

n: 20.444444444444443

Residual: 0.9040468165876999


epsilon: 0.5

m: 7.0

n: 24.666666666666668

Residual: 0.916834474256828


epsilon: 0.5

m: 7.0

n: 28.88888888888889

Residual: 0.9236406188371934


epsilon: 0.5

m: 7.0

n: 33.111111111111114

Residual: 0.9294838500556696


epsilon: 0.5

m: 7.0

n: 37.333333333333336

Residual: 0.9331363035783767


epsilon: 0.5

m: 7.0

n: 41.55555555555556

Residual: 0.9368551349141435


epsilon: 0.5

m: 7.0

n: 45.77777777777778

Residual: 0.9383450148866493


epsilon: 0.5

m: 7.0

n: 50.0

Residual: 0.9403020831858806


epsilon: 1.1111111111111112

m: 4.0

n: 12.0

Residual: 0.5711850432171486


epsilon: 1.1111111111111112

m: 4.0

n: 16.22222222222222

Residual: 0.49552294989122


epsilon: 1.1111111111111112

m: 4.0

n: 20.444444444444443

Residual: 0.4465248472497589


epsilon: 1.1111111111111112

m: 4.0

n: 24.666666666666668

Residual: 0.4147052698356734


epsilon: 1.1111111111111112

m: 4.0

n: 28.88888888888889

Residual: 0.3924723923786955


epsilon: 1.1111111111111112

m: 4.0

n: 33.111111111111114

Residual: 0.3768884990710223


epsilon: 1.1111111111111112

m: 4.0

n: 37.333333333333336

Residual: 0.3650967372493756


epsilon: 1.1111111111111112

m: 4.0

n: 41.55555555555556

Residual: 0.3548970822290404


epsilon: 1.1111111111111112

m: 4.0

n: 45.77777777777778

Residual: 0.3475935740011987


epsilon: 1.1111111111111112

m: 4.0

n: 50.0

Residual: 0.3413303232499927


epsilon: 1.1111111111111112

m: 4.333333333333333

n: 12.0

Residual: 0.380498672327496


epsilon: 1.1111111111111112

m: 4.333333333333333

n: 16.22222222222222

Residual: 0.2940973581942503


epsilon: 1.1111111111111112

m: 4.333333333333333

n: 20.444444444444443

Residual: 0.2535601421968275


epsilon: 1.1111111111111112

m: 4.333333333333333

n: 24.666666666666668

Residual: 0.23195045900249753


epsilon: 1.1111111111111112

m: 4.333333333333333

n: 28.88888888888889

Residual: 0.22013692251627057


epsilon: 1.1111111111111112

m: 4.333333333333333

n: 33.111111111111114

Residual: 0.21368540667690625


epsilon: 1.1111111111111112

m: 4.333333333333333

n: 37.333333333333336

Residual: 0.20821121497724546


epsilon: 1.1111111111111112

m: 4.333333333333333

n: 41.55555555555556

Residual: 0.20589214185967114


epsilon: 1.1111111111111112

m: 4.333333333333333

n: 45.77777777777778

Residual: 0.20354467609721466


epsilon: 1.1111111111111112

m: 4.333333333333333

n: 50.0

Residual: 0.2028578312510058


epsilon: 1.1111111111111112

m: 4.666666666666667

n: 12.0

Residual: 0.20209405814255701


epsilon: 1.1111111111111112

m: 4.666666666666667

n: 16.22222222222222

Residual: 0.1513667786408899


epsilon: 1.1111111111111112

m: 4.666666666666667

n: 20.444444444444443

Residual: 0.14691632121924222


epsilon: 1.1111111111111112

m: 4.666666666666667

n: 24.666666666666668

Residual: 0.15657897218124614


epsilon: 1.1111111111111112

m: 4.666666666666667

n: 28.88888888888889

Residual: 0.1682966228558322


epsilon: 1.1111111111111112

m: 4.666666666666667

n: 33.111111111111114

Residual: 0.18012035973303145


epsilon: 1.1111111111111112

m: 4.666666666666667

n: 37.333333333333336

Residual: 0.19048826170732142


epsilon: 1.1111111111111112

m: 4.666666666666667

n: 41.55555555555556

Residual: 0.2000598769203934


epsilon: 1.1111111111111112

m: 4.666666666666667

n: 45.77777777777778

Residual: 0.20881669666086253


epsilon: 1.1111111111111112

m: 4.666666666666667

n: 50.0

Residual: 0.21626183685780723


epsilon: 1.1111111111111112

m: 5.0

n: 12.0

Residual: 0.09654474002279158


epsilon: 1.1111111111111112

m: 5.0

n: 16.22222222222222

Residual: 0.15719414167717233


epsilon: 1.1111111111111112

m: 5.0

n: 20.444444444444443

Residual: 0.226846275291814


epsilon: 1.1111111111111112

m: 5.0

n: 24.666666666666668

Residual: 0.27464569518591164


epsilon: 1.1111111111111112

m: 5.0

n: 28.88888888888889

Residual: 0.31017672854228395


epsilon: 1.1111111111111112

m: 5.0

n: 33.111111111111114

Residual: 0.33440974920046873


epsilon: 1.1111111111111112

m: 5.0

n: 37.333333333333336

Residual: 0.35478574780728395


epsilon: 1.1111111111111112

m: 5.0

n: 41.55555555555556

Residual: 0.3705818701199192


epsilon: 1.1111111111111112

m: 5.0

n: 45.77777777777778

Residual: 0.38389060877933134


epsilon: 1.1111111111111112

m: 5.0

n: 50.0

Residual: 0.39466363482375577


epsilon: 1.1111111111111112

m: 5.333333333333333

n: 12.0

Residual: 0.19773558524443183


epsilon: 1.1111111111111112

m: 5.333333333333333

n: 16.22222222222222

Residual: 0.32624541270147744


epsilon: 1.1111111111111112

m: 5.333333333333333

n: 20.444444444444443

Residual: 0.3983673669163603


epsilon: 1.1111111111111112

m: 5.333333333333333

n: 24.666666666666668

Residual: 0.44215250256180844


epsilon: 1.1111111111111112

m: 5.333333333333333

n: 28.88888888888889

Residual: 0.4727616835384323


epsilon: 1.1111111111111112

m: 5.333333333333333

n: 33.111111111111114

Residual: 0.49620069233247727


epsilon: 1.1111111111111112

m: 5.333333333333333

n: 37.333333333333336

Residual: 0.5129889794362699


epsilon: 1.1111111111111112

m: 5.333333333333333

n: 41.55555555555556

Residual: 0.5274988381007012


epsilon: 1.1111111111111112

m: 5.333333333333333

n: 45.77777777777778

Residual: 0.5399578043669042


epsilon: 1.1111111111111112

m: 5.333333333333333

n: 50.0

Residual: 0.5493434977611648


epsilon: 1.1111111111111112

m: 5.666666666666666

n: 12.0

Residual: 0.34162299769415744


epsilon: 1.1111111111111112

m: 5.666666666666666

n: 16.22222222222222

Residual: 0.4648990428704413


epsilon: 1.1111111111111112

m: 5.666666666666666

n: 20.444444444444443

Residual: 0.5294813637590302


epsilon: 1.1111111111111112

m: 5.666666666666666

n: 24.666666666666668

Residual: 0.5692660863232294


epsilon: 1.1111111111111112

m: 5.666666666666666

n: 28.88888888888889

Residual: 0.5969866766629065


epsilon: 1.1111111111111112

m: 5.666666666666666

n: 33.111111111111114

Residual: 0.6172604011655236


epsilon: 1.1111111111111112

m: 5.666666666666666

n: 37.333333333333336

Residual: 0.6320131859849172


epsilon: 1.1111111111111112

m: 5.666666666666666

n: 41.55555555555556

Residual: 0.6434446658682301


epsilon: 1.1111111111111112

m: 5.666666666666666

n: 45.77777777777778

Residual: 0.653002632174481


epsilon: 1.1111111111111112

m: 5.666666666666666

n: 50.0

Residual: 0.6624356683031044


epsilon: 1.1111111111111112

m: 6.0

n: 12.0

Residual: 0.4559294089250931


epsilon: 1.1111111111111112

m: 6.0

n: 16.22222222222222

Residual: 0.5709333051629873


epsilon: 1.1111111111111112

m: 6.0

n: 20.444444444444443

Residual: 0.6284660389839919


epsilon: 1.1111111111111112

m: 6.0

n: 24.666666666666668

Residual: 0.6638042851033177


epsilon: 1.1111111111111112

m: 6.0

n: 28.88888888888889

Residual: 0.688160150565856


epsilon: 1.1111111111111112

m: 6.0

n: 33.111111111111114

Residual: 0.703418007450473


epsilon: 1.1111111111111112

m: 6.0

n: 37.333333333333336

Residual: 0.7172499629980925


epsilon: 1.1111111111111112

m: 6.0

n: 41.55555555555556

Residual: 0.7273544140128543


epsilon: 1.1111111111111112

m: 6.0

n: 45.77777777777778

Residual: 0.7348314860510956


epsilon: 1.1111111111111112

m: 6.0

n: 50.0

Residual: 0.7423574258429474


epsilon: 1.1111111111111112

m: 6.333333333333333

n: 12.0

Residual: 0.5484309293847409


epsilon: 1.1111111111111112

m: 6.333333333333333

n: 16.22222222222222

Residual: 0.6520255808056775


epsilon: 1.1111111111111112

m: 6.333333333333333

n: 20.444444444444443

Residual: 0.7018303055631343


epsilon: 1.1111111111111112

m: 6.333333333333333

n: 24.666666666666668

Residual: 0.7329614930493471


epsilon: 1.1111111111111112

m: 6.333333333333333

n: 28.88888888888889

Residual: 0.7522947321504965


epsilon: 1.1111111111111112

m: 6.333333333333333

n: 33.111111111111114

Residual: 0.7678708052298597


epsilon: 1.1111111111111112

m: 6.333333333333333

n: 37.333333333333336

Residual: 0.7781560733879362


epsilon: 1.1111111111111112

m: 6.333333333333333

n: 41.55555555555556

Residual: 0.7889833129422801


epsilon: 1.1111111111111112

m: 6.333333333333333

n: 45.77777777777778

Residual: 0.7955827419983593


epsilon: 1.1111111111111112

m: 6.333333333333333

n: 50.0

Residual: 0.8002210845621024


epsilon: 1.1111111111111112

m: 6.666666666666666

n: 12.0

Residual: 0.6191113727359838


epsilon: 1.1111111111111112

m: 6.666666666666666

n: 16.22222222222222

Residual: 0.7137510660640726


epsilon: 1.1111111111111112

m: 6.666666666666666

n: 20.444444444444443

Residual: 0.7587167034893836


epsilon: 1.1111111111111112

m: 6.666666666666666

n: 24.666666666666668

Residual: 0.7856352020145838


epsilon: 1.1111111111111112

m: 6.666666666666666

n: 28.88888888888889

Residual: 0.8027466270293587


epsilon: 1.1111111111111112

m: 6.666666666666666

n: 33.111111111111114

Residual: 0.815536926371084


epsilon: 1.1111111111111112

m: 6.666666666666666

n: 37.333333333333336

Residual: 0.8238134268190623


epsilon: 1.1111111111111112

m: 6.666666666666666

n: 41.55555555555556

Residual: 0.8318579564941903


epsilon: 1.1111111111111112

m: 6.666666666666666

n: 45.77777777777778

Residual: 0.8371771337626187


epsilon: 1.1111111111111112

m: 6.666666666666666

n: 50.0

Residual: 0.8428597564749628


epsilon: 1.1111111111111112

m: 7.0

n: 12.0

Residual: 0.6754504403607204


epsilon: 1.1111111111111112

m: 7.0

n: 16.22222222222222

Residual: 0.7603531813236906


epsilon: 1.1111111111111112

m: 7.0

n: 20.444444444444443

Residual: 0.8008137992246921


epsilon: 1.1111111111111112

m: 7.0

n: 24.666666666666668

Residual: 0.8261745533137692


epsilon: 1.1111111111111112

m: 7.0

n: 28.88888888888889

Residual: 0.8406170132480133


epsilon: 1.1111111111111112

m: 7.0

n: 33.111111111111114

Residual: 0.8502959428534571


epsilon: 1.1111111111111112

m: 7.0

n: 37.333333333333336

Residual: 0.8572705441098903


epsilon: 1.1111111111111112

m: 7.0

n: 41.55555555555556

Residual: 0.8639264130526386


epsilon: 1.1111111111111112

m: 7.0

n: 45.77777777777778

Residual: 0.8684317038548406


epsilon: 1.1111111111111112

m: 7.0

n: 50.0

Residual: 0.8717164013644236


epsilon: 1.7222222222222223

m: 4.0

n: 12.0

Residual: 0.7004154890106534


epsilon: 1.7222222222222223

m: 4.0

n: 16.22222222222222

Residual: 0.6425670508361864


epsilon: 1.7222222222222223

m: 4.0

n: 20.444444444444443

Residual: 0.6039500307124992


epsilon: 1.7222222222222223

m: 4.0

n: 24.666666666666668

Residual: 0.5762539635323118


epsilon: 1.7222222222222223

m: 4.0

n: 28.88888888888889

Residual: 0.5551077474536952


epsilon: 1.7222222222222223

m: 4.0

n: 33.111111111111114

Residual: 0.5384474176299232


epsilon: 1.7222222222222223

m: 4.0

n: 37.333333333333336

Residual: 0.524813216434199


epsilon: 1.7222222222222223

m: 4.0

n: 41.55555555555556

Residual: 0.5135671977731722


epsilon: 1.7222222222222223

m: 4.0

n: 45.77777777777778

Residual: 0.5040800828043008


epsilon: 1.7222222222222223

m: 4.0

n: 50.0

Residual: 0.49579304770410654


epsilon: 1.7222222222222223

m: 4.333333333333333

n: 12.0

Residual: 0.5508301188820357


epsilon: 1.7222222222222223

m: 4.333333333333333

n: 16.22222222222222

Residual: 0.4665305552469246


epsilon: 1.7222222222222223

m: 4.333333333333333

n: 20.444444444444443

Residual: 0.411923482049281


epsilon: 1.7222222222222223

m: 4.333333333333333

n: 24.666666666666668

Residual: 0.3732246199744354


epsilon: 1.7222222222222223

m: 4.333333333333333

n: 28.88888888888889

Residual: 0.3451999925903995


epsilon: 1.7222222222222223

m: 4.333333333333333

n: 33.111111111111114

Residual: 0.3261619671744258


epsilon: 1.7222222222222223

m: 4.333333333333333

n: 37.333333333333336

Residual: 0.31071277493047844


epsilon: 1.7222222222222223

m: 4.333333333333333

n: 41.55555555555556

Residual: 0.29939191461123776


epsilon: 1.7222222222222223

m: 4.333333333333333

n: 45.77777777777778

Residual: 0.2903938931835893


epsilon: 1.7222222222222223

m: 4.333333333333333

n: 50.0

Residual: 0.2830910626027026


epsilon: 1.7222222222222223

m: 4.666666666666667

n: 12.0

Residual: 0.37638107153911554


epsilon: 1.7222222222222223

m: 4.666666666666667

n: 16.22222222222222

Residual: 0.2671304520052633


epsilon: 1.7222222222222223

m: 4.666666666666667

n: 20.444444444444443

Residual: 0.2131799749580773


epsilon: 1.7222222222222223

m: 4.666666666666667

n: 24.666666666666668

Residual: 0.18408993837126206


epsilon: 1.7222222222222223

m: 4.666666666666667

n: 28.88888888888889

Residual: 0.16675113336171762


epsilon: 1.7222222222222223

m: 4.666666666666667

n: 33.111111111111114

Residual: 0.1577313930112367


epsilon: 1.7222222222222223

m: 4.666666666666667

n: 37.333333333333336

Residual: 0.1520658597350954


epsilon: 1.7222222222222223

m: 4.666666666666667

n: 41.55555555555556

Residual: 0.1488065164666681


epsilon: 1.7222222222222223

m: 4.666666666666667

n: 45.77777777777778

Residual: 0.1466298037319986


epsilon: 1.7222222222222223

m: 4.666666666666667

n: 50.0

Residual: 0.14623170331298768


epsilon: 1.7222222222222223

m: 5.0

n: 12.0

Residual: 0.1945078505877112


epsilon: 1.7222222222222223

m: 5.0

n: 16.22222222222222

Residual: 0.10721480507655878


epsilon: 1.7222222222222223

m: 5.0

n: 20.444444444444443

Residual: 0.09056018586996575


epsilon: 1.7222222222222223

m: 5.0

n: 24.666666666666668

Residual: 0.09983746881272361


epsilon: 1.7222222222222223

m: 5.0

n: 28.88888888888889

Residual: 0.11683565174023847


epsilon: 1.7222222222222223

m: 5.0

n: 33.111111111111114

Residual: 0.13624161566895165


epsilon: 1.7222222222222223

m: 5.0

n: 37.333333333333336

Residual: 0.15471694560638732


epsilon: 1.7222222222222223

m: 5.0

n: 41.55555555555556

Residual: 0.17069391815424143


epsilon: 1.7222222222222223

m: 5.0

n: 45.77777777777778

Residual: 0.18393975441577623


epsilon: 1.7222222222222223

m: 5.0

n: 50.0

Residual: 0.19551954420618772


epsilon: 1.7222222222222223

m: 5.333333333333333

n: 12.0

Residual: 0.05512644447061497


epsilon: 1.7222222222222223

m: 5.333333333333333

n: 16.22222222222222

Residual: 0.11903478237487207


epsilon: 1.7222222222222223

m: 5.333333333333333

n: 20.444444444444443

Residual: 0.19779607004726663


epsilon: 1.7222222222222223

m: 5.333333333333333

n: 24.666666666666668

Residual: 0.24993899545063172


epsilon: 1.7222222222222223

m: 5.333333333333333

n: 28.88888888888889

Residual: 0.28662259352058916


epsilon: 1.7222222222222223

m: 5.333333333333333

n: 33.111111111111114

Residual: 0.3133978296623986


epsilon: 1.7222222222222223

m: 5.333333333333333

n: 37.333333333333336

Residual: 0.33487748461635025


epsilon: 1.7222222222222223

m: 5.333333333333333

n: 41.55555555555556

Residual: 0.35336320721734243


epsilon: 1.7222222222222223

m: 5.333333333333333

n: 45.77777777777778

Residual: 0.3657180409926556


epsilon: 1.7222222222222223

m: 5.333333333333333

n: 50.0

Residual: 0.37806957214414993


epsilon: 1.7222222222222223

m: 5.666666666666666

n: 12.0

Residual: 0.1365254709002586


epsilon: 1.7222222222222223

m: 5.666666666666666

n: 16.22222222222222

Residual: 0.2751310862463226


epsilon: 1.7222222222222223

m: 5.666666666666666

n: 20.444444444444443

Residual: 0.3533088720270917


epsilon: 1.7222222222222223

m: 5.666666666666666

n: 24.666666666666668

Residual: 0.4036541818506203


epsilon: 1.7222222222222223

m: 5.666666666666666

n: 28.88888888888889

Residual: 0.43788136079262463


epsilon: 1.7222222222222223

m: 5.666666666666666

n: 33.111111111111114

Residual: 0.4622552752730527


epsilon: 1.7222222222222223

m: 5.666666666666666

n: 37.333333333333336

Residual: 0.4818478280989764


epsilon: 1.7222222222222223

m: 5.666666666666666

n: 41.55555555555556

Residual: 0.49491345104905565


epsilon: 1.7222222222222223

m: 5.666666666666666

n: 45.77777777777778

Residual: 0.5107183977012979


epsilon: 1.7222222222222223

m: 5.666666666666666

n: 50.0

Residual: 0.5193653629150222


epsilon: 1.7222222222222223

m: 6.0

n: 12.0

Residual: 0.26802784106177063


epsilon: 1.7222222222222223

m: 6.0

n: 16.22222222222222

Residual: 0.40562630608226435


epsilon: 1.7222222222222223

m: 6.0

n: 20.444444444444443

Residual: 0.47811474160318657


epsilon: 1.7222222222222223

m: 6.0

n: 24.666666666666668

Residual: 0.5225519765521836


epsilon: 1.7222222222222223

m: 6.0

n: 28.88888888888889

Residual: 0.5548404967306275


epsilon: 1.7222222222222223

m: 6.0

n: 33.111111111111114

Residual: 0.575177271505151


epsilon: 1.7222222222222223

m: 6.0

n: 37.333333333333336

Residual: 0.5940564652804873


epsilon: 1.7222222222222223

m: 6.0

n: 41.55555555555556

Residual: 0.6056917549776106


epsilon: 1.7222222222222223

m: 6.0

n: 45.77777777777778

Residual: 0.6185390908864387


epsilon: 1.7222222222222223

m: 6.0

n: 50.0

Residual: 0.6283103802900838


epsilon: 1.7222222222222223

m: 6.333333333333333

n: 12.0

Residual: 0.3761929797562568


epsilon: 1.7222222222222223

m: 6.333333333333333

n: 16.22222222222222

Residual: 0.5072614945026829


epsilon: 1.7222222222222223

m: 6.333333333333333

n: 20.444444444444443

Residual: 0.5751625867100789


epsilon: 1.7222222222222223

m: 6.333333333333333

n: 24.666666666666668

Residual: 0.6146184372476803


epsilon: 1.7222222222222223

m: 6.333333333333333

n: 28.88888888888889

Residual: 0.6424877138760697


epsilon: 1.7222222222222223

m: 6.333333333333333

n: 33.111111111111114

Residual: 0.6604459635222131


epsilon: 1.7222222222222223

m: 6.333333333333333

n: 37.333333333333336

Residual: 0.6755303404712175


epsilon: 1.7222222222222223

m: 6.333333333333333

n: 41.55555555555556

Residual: 0.6870018944071413


epsilon: 1.7222222222222223

m: 6.333333333333333

n: 45.77777777777778

Residual: 0.6978678879540781


epsilon: 1.7222222222222223

m: 6.333333333333333

n: 50.0

Residual: 0.7049488544697292


epsilon: 1.7222222222222223

m: 6.666666666666666

n: 12.0

Residual: 0.46552199842662917


epsilon: 1.7222222222222223

m: 6.666666666666666

n: 16.22222222222222

Residual: 0.5895848211298823


epsilon: 1.7222222222222223

m: 6.666666666666666

n: 20.444444444444443

Residual: 0.6499975664651534


epsilon: 1.7222222222222223

m: 6.666666666666666

n: 24.666666666666668

Residual: 0.6854380428500569


epsilon: 1.7222222222222223

m: 6.666666666666666

n: 28.88888888888889

Residual: 0.7079326366073011


epsilon: 1.7222222222222223

m: 6.666666666666666

n: 33.111111111111114

Residual: 0.7262925220317173


epsilon: 1.7222222222222223

m: 6.666666666666666

n: 37.333333333333336

Residual: 0.7406473257469629


epsilon: 1.7222222222222223

m: 6.666666666666666

n: 41.55555555555556

Residual: 0.748792449458098


epsilon: 1.7222222222222223

m: 6.666666666666666

n: 45.77777777777778

Residual: 0.7572415207796515


epsilon: 1.7222222222222223

m: 6.666666666666666

n: 50.0

Residual: 0.7648733254594021


epsilon: 1.7222222222222223

m: 7.0

n: 12.0

Residual: 0.5373829167004129


epsilon: 1.7222222222222223

m: 7.0

n: 16.22222222222222

Residual: 0.6538525334419885


epsilon: 1.7222222222222223

m: 7.0

n: 20.444444444444443

Residual: 0.7075847185134577


epsilon: 1.7222222222222223

m: 7.0

n: 24.666666666666668

Residual: 0.7405343619058093


epsilon: 1.7222222222222223

m: 7.0

n: 28.88888888888889

Residual: 0.7613531510675525


epsilon: 1.7222222222222223

m: 7.0

n: 33.111111111111114

Residual: 0.7775083084280925


epsilon: 1.7222222222222223

m: 7.0

n: 37.333333333333336

Residual: 0.7875288375435857


epsilon: 1.7222222222222223

m: 7.0

n: 41.55555555555556

Residual: 0.7945566167797311


epsilon: 1.7222222222222223

m: 7.0

n: 45.77777777777778

Residual: 0.8046588313081621


epsilon: 1.7222222222222223

m: 7.0

n: 50.0

Residual: 0.8110612735852285


epsilon: 2.3333333333333335

m: 4.0

n: 12.0

Residual: 0.7697825422548883


epsilon: 2.3333333333333335

m: 4.0

n: 16.22222222222222

Residual: 0.7231865003131431


epsilon: 2.3333333333333335

m: 4.0

n: 20.444444444444443

Residual: 0.6917048724890994


epsilon: 2.3333333333333335

m: 4.0

n: 24.666666666666668

Residual: 0.668780933050516


epsilon: 2.3333333333333335

m: 4.0

n: 28.88888888888889

Residual: 0.6513508311936722


epsilon: 2.3333333333333335

m: 4.0

n: 33.111111111111114

Residual: 0.6374184249103314


epsilon: 2.3333333333333335

m: 4.0

n: 37.333333333333336

Residual: 0.6260841926602122


epsilon: 2.3333333333333335

m: 4.0

n: 41.55555555555556

Residual: 0.6164047535593477


epsilon: 2.3333333333333335

m: 4.0

n: 45.77777777777778

Residual: 0.6085606602677526


epsilon: 2.3333333333333335

m: 4.0

n: 50.0

Residual: 0.6016984477821876


epsilon: 2.3333333333333335

m: 4.333333333333333

n: 12.0

Residual: 0.6479040363949935


epsilon: 2.3333333333333335

m: 4.333333333333333

n: 16.22222222222222

Residual: 0.5766588565966984


epsilon: 2.3333333333333335

m: 4.333333333333333

n: 20.444444444444443

Residual: 0.529865642253854


epsilon: 2.3333333333333335

m: 4.333333333333333

n: 24.666666666666668

Residual: 0.4961373106319015


epsilon: 2.3333333333333335

m: 4.333333333333333

n: 28.88888888888889

Residual: 0.47063147561815594


epsilon: 2.3333333333333335

m: 4.333333333333333

n: 33.111111111111114

Residual: 0.45064960418932226


epsilon: 2.3333333333333335

m: 4.333333333333333

n: 37.333333333333336

Residual: 0.4343486472652155


epsilon: 2.3333333333333335

m: 4.333333333333333

n: 41.55555555555556

Residual: 0.42113937704639687


epsilon: 2.3333333333333335

m: 4.333333333333333

n: 45.77777777777778

Residual: 0.40993783813443535


epsilon: 2.3333333333333335

m: 4.333333333333333

n: 50.0

Residual: 0.39992989489852404


epsilon: 2.3333333333333335

m: 4.666666666666667

n: 12.0

Residual: 0.4989913301864249


epsilon: 2.3333333333333335

m: 4.666666666666667

n: 16.22222222222222

Residual: 0.40123405881920904


epsilon: 2.3333333333333335

m: 4.666666666666667

n: 20.444444444444443

Residual: 0.33849664865931617


epsilon: 2.3333333333333335

m: 4.666666666666667

n: 24.666666666666668

Residual: 0.29540802944351524


epsilon: 2.3333333333333335

m: 4.666666666666667

n: 28.88888888888889

Residual: 0.2631259090954302


epsilon: 2.3333333333333335

m: 4.666666666666667

n: 33.111111111111114

Residual: 0.2420519342198158


epsilon: 2.3333333333333335

m: 4.666666666666667

n: 37.333333333333336

Residual: 0.22487353077741007


epsilon: 2.3333333333333335

m: 4.666666666666667

n: 41.55555555555556

Residual: 0.2128545176731361


epsilon: 2.3333333333333335

m: 4.666666666666667

n: 45.77777777777778

Residual: 0.20387981064551844


epsilon: 2.3333333333333335

m: 4.666666666666667

n: 50.0

Residual: 0.19648081243119206


epsilon: 2.3333333333333335

m: 5.0

n: 12.0

Residual: 0.3342372832231449


epsilon: 2.3333333333333335

m: 5.0

n: 16.22222222222222

Residual: 0.21376144479171594


epsilon: 2.3333333333333335

m: 5.0

n: 20.444444444444443

Residual: 0.14753758482986662


epsilon: 2.3333333333333335

m: 5.0

n: 24.666666666666668

Residual: 0.11472498006379978


epsilon: 2.3333333333333335

m: 5.0

n: 28.88888888888889

Residual: 0.09897671494063984


epsilon: 2.3333333333333335

m: 5.0

n: 33.111111111111114

Residual: 0.09175726395330422


epsilon: 2.3333333333333335

m: 5.0

n: 37.333333333333336

Residual: 0.08898669424271911


epsilon: 2.3333333333333335

m: 5.0

n: 41.55555555555556

Residual: 0.09007282211837608


epsilon: 2.3333333333333335

m: 5.0

n: 45.77777777777778

Residual: 0.0912475162962696


epsilon: 2.3333333333333335

m: 5.0

n: 50.0

Residual: 0.0939185645553222


epsilon: 2.3333333333333335

m: 5.333333333333333

n: 12.0

Residual: 0.16932785614996884


epsilon: 2.3333333333333335

m: 5.333333333333333

n: 16.22222222222222

Residual: 0.05460086934152607


epsilon: 2.3333333333333335

m: 5.333333333333333

n: 20.444444444444443

Residual: 0.048577552322211726


epsilon: 2.3333333333333335

m: 5.333333333333333

n: 24.666666666666668

Residual: 0.10314487459818818


epsilon: 2.3333333333333335

m: 5.333333333333333

n: 28.88888888888889

Residual: 0.14201681893757764


epsilon: 2.3333333333333335

m: 5.333333333333333

n: 33.111111111111114

Residual: 0.17108229192427502


epsilon: 2.3333333333333335

m: 5.333333333333333

n: 37.333333333333336

Residual: 0.19519185046636428


epsilon: 2.3333333333333335

m: 5.333333333333333

n: 41.55555555555556

Residual: 0.21354487348018678


epsilon: 2.3333333333333335

m: 5.333333333333333

n: 45.77777777777778

Residual: 0.22728857582216402


epsilon: 2.3333333333333335

m: 5.333333333333333

n: 50.0

Residual: 0.2418578433241762


epsilon: 2.3333333333333335

m: 5.666666666666666

n: 12.0

Residual: 0.04385076615546246


epsilon: 2.3333333333333335

m: 5.666666666666666

n: 16.22222222222222

Residual: 0.13155824137001654


epsilon: 2.3333333333333335

m: 5.666666666666666

n: 20.444444444444443

Residual: 0.21678716468233047


epsilon: 2.3333333333333335

m: 5.666666666666666

n: 24.666666666666668

Residual: 0.2691557683938363


epsilon: 2.3333333333333335

m: 5.666666666666666

n: 28.88888888888889

Residual: 0.30694196253315326


epsilon: 2.3333333333333335

m: 5.666666666666666

n: 33.111111111111114

Residual: 0.33542628167497407


epsilon: 2.3333333333333335

m: 5.666666666666666

n: 37.333333333333336

Residual: 0.35739871951708374


epsilon: 2.3333333333333335

m: 5.666666666666666

n: 41.55555555555556

Residual: 0.3735559064731691


epsilon: 2.3333333333333335

m: 5.666666666666666

n: 45.77777777777778

Residual: 0.3896317911593427


epsilon: 2.3333333333333335

m: 5.666666666666666

n: 50.0

Residual: 0.4003024492153116


epsilon: 2.3333333333333335

m: 6.0

n: 12.0

Residual: 0.12041767129092698


epsilon: 2.3333333333333335

m: 6.0

n: 16.22222222222222

Residual: 0.2712650094467343


epsilon: 2.3333333333333335

m: 6.0

n: 20.444444444444443

Residual: 0.35092258773789464


epsilon: 2.3333333333333335

m: 6.0

n: 24.666666666666668

Residual: 0.40583187532442394


epsilon: 2.3333333333333335

m: 6.0

n: 28.88888888888889

Residual: 0.4392315183767626


epsilon: 2.3333333333333335

m: 6.0

n: 33.111111111111114

Residual: 0.4652488017669762


epsilon: 2.3333333333333335

m: 6.0

n: 37.333333333333336

Residual: 0.4871048766991588


epsilon: 2.3333333333333335

m: 6.0

n: 41.55555555555556

Residual: 0.5013870472019983


epsilon: 2.3333333333333335

m: 6.0

n: 45.77777777777778

Residual: 0.5154888755459209


epsilon: 2.3333333333333335

m: 6.0

n: 50.0

Residual: 0.5270788062253289


epsilon: 2.3333333333333335

m: 6.333333333333333

n: 12.0

Residual: 0.23986464577578415


epsilon: 2.3333333333333335

m: 6.333333333333333

n: 16.22222222222222

Residual: 0.38668113788109504


epsilon: 2.3333333333333335

m: 6.333333333333333

n: 20.444444444444443

Residual: 0.4630777009828282


epsilon: 2.3333333333333335

m: 6.333333333333333

n: 24.666666666666668

Residual: 0.5108842002585416


epsilon: 2.3333333333333335

m: 6.333333333333333

n: 28.88888888888889

Residual: 0.5446937787712763


epsilon: 2.3333333333333335

m: 6.333333333333333

n: 33.111111111111114

Residual: 0.568789794098089


epsilon: 2.3333333333333335

m: 6.333333333333333

n: 37.333333333333336

Residual: 0.5848052556320045


epsilon: 2.3333333333333335

m: 6.333333333333333

n: 41.55555555555556

Residual: 0.6003471480453503


epsilon: 2.3333333333333335

m: 6.333333333333333

n: 45.77777777777778

Residual: 0.6131623695545201


epsilon: 2.3333333333333335

m: 6.333333333333333

n: 50.0

Residual: 0.6203359127822462


epsilon: 2.3333333333333335

m: 6.666666666666666

n: 12.0

Residual: 0.33937010015551333


epsilon: 2.3333333333333335

m: 6.666666666666666

n: 16.22222222222222

Residual: 0.4800223770971183


epsilon: 2.3333333333333335

m: 6.666666666666666

n: 20.444444444444443

Residual: 0.5555076255773946


epsilon: 2.3333333333333335

m: 6.666666666666666

n: 24.666666666666668

Residual: 0.5965597067936959


epsilon: 2.3333333333333335

m: 6.666666666666666

n: 28.88888888888889

Residual: 0.6272645262938271


epsilon: 2.3333333333333335

m: 6.666666666666666

n: 33.111111111111114

Residual: 0.6461356302010769


epsilon: 2.3333333333333335

m: 6.666666666666666

n: 37.333333333333336

Residual: 0.6653005474658656


epsilon: 2.3333333333333335

m: 6.666666666666666

n: 41.55555555555556

Residual: 0.6779140519905494


epsilon: 2.3333333333333335

m: 6.666666666666666

n: 45.77777777777778

Residual: 0.6869220108601563


epsilon: 2.3333333333333335

m: 6.666666666666666

n: 50.0

Residual: 0.6959508836357359


epsilon: 2.3333333333333335

m: 7.0

n: 12.0

Residual: 0.4213771709247106


epsilon: 2.3333333333333335

m: 7.0

n: 16.22222222222222

Residual: 0.5550355223603939


epsilon: 2.3333333333333335

m: 7.0

n: 20.444444444444443

Residual: 0.6230611588080979


epsilon: 2.3333333333333335

m: 7.0

n: 24.666666666666668

Residual: 0.6609646326015498


epsilon: 2.3333333333333335

m: 7.0

n: 28.88888888888889

Residual: 0.6910160955404734


epsilon: 2.3333333333333335

m: 7.0

n: 33.111111111111114

Residual: 0.7073066024042336


epsilon: 2.3333333333333335

m: 7.0

n: 37.333333333333336

Residual: 0.7210000728891636


epsilon: 2.3333333333333335

m: 7.0

n: 41.55555555555556

Residual: 0.7344865257820423


epsilon: 2.3333333333333335

m: 7.0

n: 45.77777777777778

Residual: 0.7430558793054239


epsilon: 2.3333333333333335

m: 7.0

n: 50.0

Residual: 0.7500366539403938


epsilon: 2.9444444444444446

m: 4.0

n: 12.0

Residual: 0.8131776068216444


epsilon: 2.9444444444444446

m: 4.0

n: 16.22222222222222

Residual: 0.7740651952124803


epsilon: 2.9444444444444446

m: 4.0

n: 20.444444444444443

Residual: 0.7476277725387969


epsilon: 2.9444444444444446

m: 4.0

n: 24.666666666666668

Residual: 0.7282097668617498


epsilon: 2.9444444444444446

m: 4.0

n: 28.88888888888889

Residual: 0.713344861938687


epsilon: 2.9444444444444446

m: 4.0

n: 33.111111111111114

Residual: 0.7014927876616937


epsilon: 2.9444444444444446

m: 4.0

n: 37.333333333333336

Residual: 0.6916747656532626


epsilon: 2.9444444444444446

m: 4.0

n: 41.55555555555556

Residual: 0.6835600634702781


epsilon: 2.9444444444444446

m: 4.0

n: 45.77777777777778

Residual: 0.6766919182356012


epsilon: 2.9444444444444446

m: 4.0

n: 50.0

Residual: 0.6706004343778438


epsilon: 2.9444444444444446

m: 4.333333333333333

n: 12.0

Residual: 0.7102243900134468


epsilon: 2.9444444444444446

m: 4.333333333333333

n: 16.22222222222222

Residual: 0.6491545265049097


epsilon: 2.9444444444444446

m: 4.333333333333333

n: 20.444444444444443

Residual: 0.6081467511223202


epsilon: 2.9444444444444446

m: 4.333333333333333

n: 24.666666666666668

Residual: 0.5783550287378855


epsilon: 2.9444444444444446

m: 4.333333333333333

n: 28.88888888888889

Residual: 0.5560976165076308


epsilon: 2.9444444444444446

m: 4.333333333333333

n: 33.111111111111114

Residual: 0.5383877413499755


epsilon: 2.9444444444444446

m: 4.333333333333333

n: 37.333333333333336

Residual: 0.5240988695096861


epsilon: 2.9444444444444446

m: 4.333333333333333

n: 41.55555555555556

Residual: 0.5121411255102246


epsilon: 2.9444444444444446

m: 4.333333333333333

n: 45.77777777777778

Residual: 0.5018998417041838


epsilon: 2.9444444444444446

m: 4.333333333333333

n: 50.0

Residual: 0.4932241203553481


epsilon: 2.9444444444444446

m: 4.666666666666667

n: 12.0

Residual: 0.5810757512841436


epsilon: 2.9444444444444446

m: 4.666666666666667

n: 16.22222222222222

Residual: 0.49386714787120545


epsilon: 2.9444444444444446

m: 4.666666666666667

n: 20.444444444444443

Residual: 0.4373167052673945


epsilon: 2.9444444444444446

m: 4.666666666666667

n: 24.666666666666668

Residual: 0.39733878403056744


epsilon: 2.9444444444444446

m: 4.666666666666667

n: 28.88888888888889

Residual: 0.367234533269185


epsilon: 2.9444444444444446

m: 4.666666666666667

n: 33.111111111111114

Residual: 0.343634796121659


epsilon: 2.9444444444444446

m: 4.666666666666667

n: 37.333333333333336

Residual: 0.32451151638524617


epsilon: 2.9444444444444446

m: 4.666666666666667

n: 41.55555555555556

Residual: 0.30883004653301727


epsilon: 2.9444444444444446

m: 4.666666666666667

n: 45.77777777777778

Residual: 0.29596651548188246


epsilon: 2.9444444444444446

m: 4.666666666666667

n: 50.0

Residual: 0.2853088882485418


epsilon: 2.9444444444444446

m: 5.0

n: 12.0

Residual: 0.4336917862294581


epsilon: 2.9444444444444446

m: 5.0

n: 16.22222222222222

Residual: 0.32190326664208413


epsilon: 2.9444444444444446

m: 5.0

n: 20.444444444444443

Residual: 0.2513590600650526


epsilon: 2.9444444444444446

m: 5.0

n: 24.666666666666668

Residual: 0.2023409676991522


epsilon: 2.9444444444444446

m: 5.0

n: 28.88888888888889

Residual: 0.16910636978786986


epsilon: 2.9444444444444446

m: 5.0

n: 33.111111111111114

Residual: 0.1451428212489266


epsilon: 2.9444444444444446

m: 5.0

n: 37.333333333333336

Residual: 0.1302381777034666


epsilon: 2.9444444444444446

m: 5.0

n: 41.55555555555556

Residual: 0.11886138511165685


epsilon: 2.9444444444444446

m: 5.0

n: 45.77777777777778

Residual: 0.11096235912605885


epsilon: 2.9444444444444446

m: 5.0

n: 50.0

Residual: 0.10500883858333067


epsilon: 2.9444444444444446

m: 5.333333333333333

n: 12.0

Residual: 0.2797481611655661


epsilon: 2.9444444444444446

m: 5.333333333333333

n: 16.22222222222222

Residual: 0.14738098391870727


epsilon: 2.9444444444444446

m: 5.333333333333333

n: 20.444444444444443

Residual: 0.07472664159904985


epsilon: 2.9444444444444446

m: 5.333333333333333

n: 24.666666666666668

Residual: 0.04193252344976554


epsilon: 2.9444444444444446

m: 5.333333333333333

n: 28.88888888888889

Residual: 0.03607909355807309


epsilon: 2.9444444444444446

m: 5.333333333333333

n: 33.111111111111114

Residual: 0.056040248604128526


epsilon: 2.9444444444444446

m: 5.333333333333333

n: 37.333333333333336

Residual: 0.08060295163523275


epsilon: 2.9444444444444446

m: 5.333333333333333

n: 41.55555555555556

Residual: 0.09993242013803458


epsilon: 2.9444444444444446

m: 5.333333333333333

n: 45.77777777777778

Residual: 0.11521084802481703


epsilon: 2.9444444444444446

m: 5.333333333333333

n: 50.0

Residual: 0.12974283481689808


epsilon: 2.9444444444444446

m: 5.666666666666666

n: 12.0

Residual: 0.13134996980818334


epsilon: 2.9444444444444446

m: 5.666666666666666

n: 16.22222222222222

Residual: 0.035908214951141874


epsilon: 2.9444444444444446

m: 5.666666666666666

n: 20.444444444444443

Residual: 0.10248482127023052


epsilon: 2.9444444444444446

m: 5.666666666666666

n: 24.666666666666668

Residual: 0.15875502756144994


epsilon: 2.9444444444444446

m: 5.666666666666666

n: 28.88888888888889

Residual: 0.19872789343045788


epsilon: 2.9444444444444446

m: 5.666666666666666

n: 33.111111111111114

Residual: 0.22748815829834765


epsilon: 2.9444444444444446

m: 5.666666666666666

n: 37.333333333333336

Residual: 0.2520391537301012


epsilon: 2.9444444444444446

m: 5.666666666666666

n: 41.55555555555556

Residual: 0.2705016839418963


epsilon: 2.9444444444444446

m: 5.666666666666666

n: 45.77777777777778

Residual: 0.2856375925510173


epsilon: 2.9444444444444446

m: 5.666666666666666

n: 50.0

Residual: 0.29749178924858094


epsilon: 2.9444444444444446

m: 6.0

n: 12.0

Residual: 0.06412084099991108


epsilon: 2.9444444444444446

m: 6.0

n: 16.22222222222222

Residual: 0.1593619083217688


epsilon: 2.9444444444444446

m: 6.0

n: 20.444444444444443

Residual: 0.2469731137271115


epsilon: 2.9444444444444446

m: 6.0

n: 24.666666666666668

Residual: 0.3037230050514026


epsilon: 2.9444444444444446

m: 6.0

n: 28.88888888888889

Residual: 0.34242277466051635


epsilon: 2.9444444444444446

m: 6.0

n: 33.111111111111114

Residual: 0.3687428037223235


epsilon: 2.9444444444444446

m: 6.0

n: 37.333333333333336

Residual: 0.3911919721323759


epsilon: 2.9444444444444446

m: 6.0

n: 41.55555555555556

Residual: 0.41150824623669074


epsilon: 2.9444444444444446

m: 6.0

n: 45.77777777777778

Residual: 0.42511305196306176


epsilon: 2.9444444444444446

m: 6.0

n: 50.0

Residual: 0.43505239856647077


epsilon: 2.9444444444444446

m: 6.333333333333333

n: 12.0

Residual: 0.1251911852681279


epsilon: 2.9444444444444446

m: 6.333333333333333

n: 16.22222222222222

Residual: 0.28493116261993856


epsilon: 2.9444444444444446

m: 6.333333333333333

n: 20.444444444444443

Residual: 0.3665513711915728


epsilon: 2.9444444444444446

m: 6.333333333333333

n: 24.666666666666668

Residual: 0.4237492791727152


epsilon: 2.9444444444444446

m: 6.333333333333333

n: 28.88888888888889

Residual: 0.4591863901047625


epsilon: 2.9444444444444446

m: 6.333333333333333

n: 33.111111111111114

Residual: 0.48303097376943466


epsilon: 2.9444444444444446

m: 6.333333333333333

n: 37.333333333333336

Residual: 0.5060185982341517


epsilon: 2.9444444444444446

m: 6.333333333333333

n: 41.55555555555556

Residual: 0.5205458717419496


epsilon: 2.9444444444444446

m: 6.333333333333333

n: 45.77777777777778

Residual: 0.5318457208238615


epsilon: 2.9444444444444446

m: 6.333333333333333

n: 50.0

Residual: 0.5438196291829119


epsilon: 2.9444444444444446

m: 6.666666666666666

n: 12.0

Residual: 0.23157582501862137


epsilon: 2.9444444444444446

m: 6.666666666666666

n: 16.22222222222222

Residual: 0.3847042858127662


epsilon: 2.9444444444444446

m: 6.666666666666666

n: 20.444444444444443

Residual: 0.46696277597218483


epsilon: 2.9444444444444446

m: 6.666666666666666

n: 24.666666666666668

Residual: 0.5143103971552287


epsilon: 2.9444444444444446

m: 6.666666666666666

n: 28.88888888888889

Residual: 0.5481028622747666


epsilon: 2.9444444444444446

m: 6.666666666666666

n: 33.111111111111114

Residual: 0.573861256246473


epsilon: 2.9444444444444446

m: 6.666666666666666

n: 37.333333333333336

Residual: 0.5927222544209022


epsilon: 2.9444444444444446

m: 6.666666666666666

n: 41.55555555555556

Residual: 0.6093021288859084


epsilon: 2.9444444444444446

m: 6.666666666666666

n: 45.77777777777778

Residual: 0.6192636263943482


epsilon: 2.9444444444444446

m: 6.666666666666666

n: 50.0

Residual: 0.6260417642888846


epsilon: 2.9444444444444446

m: 7.0

n: 12.0

Residual: 0.3201178234804408


epsilon: 2.9444444444444446

m: 7.0

n: 16.22222222222222

Residual: 0.46703428225251226


epsilon: 2.9444444444444446

m: 7.0

n: 20.444444444444443

Residual: 0.5472084136377766


epsilon: 2.9444444444444446

m: 7.0

n: 24.666666666666668

Residual: 0.5941636266773863


epsilon: 2.9444444444444446

m: 7.0

n: 28.88888888888889

Residual: 0.6239511277701407


epsilon: 2.9444444444444446

m: 7.0

n: 33.111111111111114

Residual: 0.6393416081847979


epsilon: 2.9444444444444446

m: 7.0

n: 37.333333333333336

Residual: 0.6664962698474026


epsilon: 2.9444444444444446

m: 7.0

n: 41.55555555555556

Residual: 0.6774947864447521


epsilon: 2.9444444444444446

m: 7.0

n: 45.77777777777778

Residual: 0.6842992397192549


epsilon: 2.9444444444444446

m: 7.0

n: 50.0

Residual: 0.6958202432583654


epsilon: 3.555555555555556

m: 4.0

n: 12.0

Residual: 0.8427447474348375


epsilon: 3.555555555555556

m: 4.0

n: 16.22222222222222

Residual: 0.8092982020603536


epsilon: 3.555555555555556

m: 4.0

n: 20.444444444444443

Residual: 0.7863751344940684


epsilon: 3.555555555555556

m: 4.0

n: 24.666666666666668

Residual: 0.7695115280774533


epsilon: 3.555555555555556

m: 4.0

n: 28.88888888888889

Residual: 0.7565535402612223


epsilon: 3.555555555555556

m: 4.0

n: 33.111111111111114

Residual: 0.7462017440894697


epsilon: 3.555555555555556

m: 4.0

n: 37.333333333333336

Residual: 0.7377765230231226


epsilon: 3.555555555555556

m: 4.0

n: 41.55555555555556

Residual: 0.7305894733642394


epsilon: 3.555555555555556

m: 4.0

n: 45.77777777777778

Residual: 0.72457812879411


epsilon: 3.555555555555556

m: 4.0

n: 50.0

Residual: 0.7194014372747755


epsilon: 3.555555555555556

m: 4.333333333333333

n: 12.0

Residual: 0.7539848213008497


epsilon: 3.555555555555556

m: 4.333333333333333

n: 16.22222222222222

Residual: 0.7003185251208114


epsilon: 3.555555555555556

m: 4.333333333333333

n: 20.444444444444443

Residual: 0.6642344376148888


epsilon: 3.555555555555556

m: 4.333333333333333

n: 24.666666666666668

Residual: 0.6378061185625097


epsilon: 3.555555555555556

m: 4.333333333333333

n: 28.88888888888889

Residual: 0.6179525255009986


epsilon: 3.555555555555556

m: 4.333333333333333

n: 33.111111111111114

Residual: 0.6019389192276258


epsilon: 3.555555555555556

m: 4.333333333333333

n: 37.333333333333336

Residual: 0.5889851927264108


epsilon: 3.555555555555556

m: 4.333333333333333

n: 41.55555555555556

Residual: 0.5781762523315384


epsilon: 3.555555555555556

m: 4.333333333333333

n: 45.77777777777778

Residual: 0.5689952053176813


epsilon: 3.555555555555556

m: 4.333333333333333

n: 50.0

Residual: 0.5611233214910176


epsilon: 3.555555555555556

m: 4.666666666666667

n: 12.0

Residual: 0.6400388254034826


epsilon: 3.555555555555556

m: 4.666666666666667

n: 16.22222222222222

Residual: 0.5617697071112878


epsilon: 3.555555555555556

m: 4.666666666666667

n: 20.444444444444443

Residual: 0.5108322134922675


epsilon: 3.555555555555556

m: 4.666666666666667

n: 24.666666666666668

Residual: 0.4735182792832358


epsilon: 3.555555555555556

m: 4.666666666666667

n: 28.88888888888889

Residual: 0.44592804334302494


epsilon: 3.555555555555556

m: 4.666666666666667

n: 33.111111111111114

Residual: 0.42406250166485365


epsilon: 3.555555555555556

m: 4.666666666666667

n: 37.333333333333336

Residual: 0.4066607043127391


epsilon: 3.555555555555556

m: 4.666666666666667

n: 41.55555555555556

Residual: 0.3920007698583318


epsilon: 3.555555555555556

m: 4.666666666666667

n: 45.77777777777778

Residual: 0.3796663522690302


epsilon: 3.555555555555556

m: 4.666666666666667

n: 50.0

Residual: 0.36881621183107327


epsilon: 3.555555555555556

m: 5.0

n: 12.0

Residual: 0.5073583050499897


epsilon: 3.555555555555556

m: 5.0

n: 16.22222222222222

Residual: 0.40324812601803844


epsilon: 3.555555555555556

m: 5.0

n: 20.444444444444443

Residual: 0.3362391589031359


epsilon: 3.555555555555556

m: 5.0

n: 24.666666666666668

Residual: 0.2904274950437106


epsilon: 3.555555555555556

m: 5.0

n: 28.88888888888889

Residual: 0.2561887437554126


epsilon: 3.555555555555556

m: 5.0

n: 33.111111111111114

Residual: 0.22931471192353028


epsilon: 3.555555555555556

m: 5.0

n: 37.333333333333336

Residual: 0.2073130652638702


epsilon: 3.555555555555556

m: 5.0

n: 41.55555555555556

Residual: 0.19024547656522384


epsilon: 3.555555555555556

m: 5.0

n: 45.77777777777778

Residual: 0.17642737426443522


epsilon: 3.555555555555556

m: 5.0

n: 50.0

Residual: 0.1648449750310783


epsilon: 3.555555555555556

m: 5.333333333333333

n: 12.0

Residual: 0.3646509638156379


epsilon: 3.555555555555556

m: 5.333333333333333

n: 16.22222222222222

Residual: 0.23793680232841866


epsilon: 3.555555555555556

m: 5.333333333333333

n: 20.444444444444443

Residual: 0.1592162570316303


epsilon: 3.555555555555556

m: 5.333333333333333

n: 24.666666666666668

Residual: 0.1061570168853208


epsilon: 3.555555555555556

m: 5.333333333333333

n: 28.88888888888889

Residual: 0.07442602478032147


epsilon: 3.555555555555556

m: 5.333333333333333

n: 33.111111111111114

Residual: 0.05216985073300743


epsilon: 3.555555555555556

m: 5.333333333333333

n: 37.333333333333336

Residual: 0.0427275026081421


epsilon: 3.555555555555556

m: 5.333333333333333

n: 41.55555555555556

Residual: 0.03526304682699088


epsilon: 3.555555555555556

m: 5.333333333333333

n: 45.77777777777778

Residual: 0.034850222243553525


epsilon: 3.555555555555556

m: 5.333333333333333

n: 50.0

Residual: 0.038319778051245826


epsilon: 3.555555555555556

m: 5.666666666666666

n: 12.0

Residual: 0.22242227199750675


epsilon: 3.555555555555556

m: 5.666666666666666

n: 16.22222222222222

Residual: 0.08530420626440822


epsilon: 3.555555555555556

m: 5.666666666666666

n: 20.444444444444443

Residual: 0.03606514018161742


epsilon: 3.555555555555556

m: 5.666666666666666

n: 24.666666666666668

Residual: 0.06457221478369479


epsilon: 3.555555555555556

m: 5.666666666666666

n: 28.88888888888889

Residual: 0.10733119566746258


epsilon: 3.555555555555556

m: 5.666666666666666

n: 33.111111111111114

Residual: 0.13640854536015595


epsilon: 3.555555555555556

m: 5.666666666666666

n: 37.333333333333336

Residual: 0.1610315920034804


epsilon: 3.555555555555556

m: 5.666666666666666

n: 41.55555555555556

Residual: 0.18131768394153644


epsilon: 3.555555555555556

m: 5.666666666666666

n: 45.77777777777778

Residual: 0.19720443150198286


epsilon: 3.555555555555556

m: 5.666666666666666

n: 50.0

Residual: 0.21034137762216176


epsilon: 3.555555555555556

m: 6.0

n: 12.0

Residual: 0.1194554566927126


epsilon: 3.555555555555556

m: 6.0

n: 16.22222222222222

Residual: 0.07086448731835894


epsilon: 3.555555555555556

m: 6.0

n: 20.444444444444443

Residual: 0.1567365782874379


epsilon: 3.555555555555556

m: 6.0

n: 24.666666666666668

Residual: 0.21646197131823716


epsilon: 3.555555555555556

m: 6.0

n: 28.88888888888889

Residual: 0.2543087095385965


epsilon: 3.555555555555556

m: 6.0

n: 33.111111111111114

Residual: 0.28507071898352354


epsilon: 3.555555555555556

m: 6.0

n: 37.333333333333336

Residual: 0.31153845972932415


epsilon: 3.555555555555556

m: 6.0

n: 41.55555555555556

Residual: 0.3296010753898132


epsilon: 3.555555555555556

m: 6.0

n: 45.77777777777778

Residual: 0.3433410326419698


epsilon: 3.555555555555556

m: 6.0

n: 50.0

Residual: 0.35791323458716456


epsilon: 3.555555555555556

m: 6.333333333333333

n: 12.0

Residual: 0.09485700074353061


epsilon: 3.555555555555556

m: 6.333333333333333

n: 16.22222222222222

Residual: 0.1955438813525599


epsilon: 3.555555555555556

m: 6.333333333333333

n: 20.444444444444443

Residual: 0.28628150202210223


epsilon: 3.555555555555556

m: 6.333333333333333

n: 24.666666666666668

Residual: 0.3401329319030611


epsilon: 3.555555555555556

m: 6.333333333333333

n: 28.88888888888889

Residual: 0.3819333944747846


epsilon: 3.555555555555556

m: 6.333333333333333

n: 33.111111111111114

Residual: 0.41037307369847953


epsilon: 3.555555555555556

m: 6.333333333333333

n: 37.333333333333336

Residual: 0.4287818962797646


epsilon: 3.555555555555556

m: 6.333333333333333

n: 41.55555555555556

Residual: 0.45032663320703764


epsilon: 3.555555555555556

m: 6.333333333333333

n: 45.77777777777778

Residual: 0.46415478593558773


epsilon: 3.555555555555556

m: 6.333333333333333

n: 50.0

Residual: 0.48103612543327495


epsilon: 3.555555555555556

m: 6.666666666666666

n: 12.0

Residual: 0.13993574902068567


epsilon: 3.555555555555556

m: 6.666666666666666

n: 16.22222222222222

Residual: 0.3046249204285621


epsilon: 3.555555555555556

m: 6.666666666666666

n: 20.444444444444443

Residual: 0.3917100291822346


epsilon: 3.555555555555556

m: 6.666666666666666

n: 24.666666666666668

Residual: 0.4431379583159455


epsilon: 3.555555555555556

m: 6.666666666666666

n: 28.88888888888889

Residual: 0.4861661276930814


epsilon: 3.555555555555556

m: 6.666666666666666

n: 33.111111111111114

Residual: 0.5090511911795463


epsilon: 3.555555555555556

m: 6.666666666666666

n: 37.333333333333336

Residual: 0.5307950411514023


epsilon: 3.555555555555556

m: 6.666666666666666

n: 41.55555555555556

Residual: 0.5481916132436767


epsilon: 3.555555555555556

m: 6.666666666666666

n: 45.77777777777778

Residual: 0.562661846747759


epsilon: 3.555555555555556

m: 6.666666666666666

n: 50.0

Residual: 0.5753433679561041


epsilon: 3.555555555555556

m: 7.0

n: 12.0

Residual: 0.23277989337343172


epsilon: 3.555555555555556

m: 7.0

n: 16.22222222222222

Residual: 0.39538219352206794


epsilon: 3.555555555555556

m: 7.0

n: 20.444444444444443

Residual: 0.480158976684283


epsilon: 3.555555555555556

m: 7.0

n: 24.666666666666668

Residual: 0.5269821806229892


epsilon: 3.555555555555556

m: 7.0

n: 28.88888888888889

Residual: 0.559479811379823


epsilon: 3.555555555555556

m: 7.0

n: 33.111111111111114

Residual: 0.5912902700913901


epsilon: 3.555555555555556

m: 7.0

n: 37.333333333333336

Residual: 0.6101719711044046


epsilon: 3.555555555555556

m: 7.0

n: 41.55555555555556

Residual: 0.6234252730387545


epsilon: 3.555555555555556

m: 7.0

n: 45.77777777777778

Residual: 0.633267672148019


epsilon: 3.555555555555556

m: 7.0

n: 50.0

Residual: 0.6396161447592527


epsilon: 4.166666666666667

m: 4.0

n: 12.0

Residual: 0.8642541073757938


epsilon: 4.166666666666667

m: 4.0

n: 16.22222222222222

Residual: 0.834918658947949


epsilon: 4.166666666666667

m: 4.0

n: 20.444444444444443

Residual: 0.8147692618935507


epsilon: 4.166666666666667

m: 4.0

n: 24.666666666666668

Residual: 0.7999733682534037


epsilon: 4.166666666666667

m: 4.0

n: 28.88888888888889

Residual: 0.7885249645399768


epsilon: 4.166666666666667

m: 4.0

n: 33.111111111111114

Residual: 0.7792600085135118


epsilon: 4.166666666666667

m: 4.0

n: 37.333333333333336

Residual: 0.7718294002663114


epsilon: 4.166666666666667

m: 4.0

n: 41.55555555555556

Residual: 0.7654524103332417


epsilon: 4.166666666666667

m: 4.0

n: 45.77777777777778

Residual: 0.7601564144610486


epsilon: 4.166666666666667

m: 4.0

n: 50.0

Residual: 0.7555222573748154


epsilon: 4.166666666666667

m: 4.333333333333333

n: 12.0

Residual: 0.7862092515838824


epsilon: 4.166666666666667

m: 4.333333333333333

n: 16.22222222222222

Residual: 0.7385077301782503


epsilon: 4.166666666666667

m: 4.333333333333333

n: 20.444444444444443

Residual: 0.7060869468635264


epsilon: 4.166666666666667

m: 4.333333333333333

n: 24.666666666666668

Residual: 0.6826555793359803


epsilon: 4.166666666666667

m: 4.333333333333333

n: 28.88888888888889

Residual: 0.6646244052840377


epsilon: 4.166666666666667

m: 4.333333333333333

n: 33.111111111111114

Residual: 0.6500718398297192


epsilon: 4.166666666666667

m: 4.333333333333333

n: 37.333333333333336

Residual: 0.6383381895882824


epsilon: 4.166666666666667

m: 4.333333333333333

n: 41.55555555555556

Residual: 0.6283680495791669


epsilon: 4.166666666666667

m: 4.333333333333333

n: 45.77777777777778

Residual: 0.6199820562037237


epsilon: 4.166666666666667

m: 4.333333333333333

n: 50.0

Residual: 0.6131084643353875


epsilon: 4.166666666666667

m: 4.666666666666667

n: 12.0

Residual: 0.6846460615635515


epsilon: 4.166666666666667

m: 4.666666666666667

n: 16.22222222222222

Residual: 0.613997653968067


epsilon: 4.166666666666667

m: 4.666666666666667

n: 20.444444444444443

Residual: 0.5664140075435646


epsilon: 4.166666666666667

m: 4.666666666666667

n: 24.666666666666668

Residual: 0.5328485351363441


epsilon: 4.166666666666667

m: 4.666666666666667

n: 28.88888888888889

Residual: 0.5071822820138879


epsilon: 4.166666666666667

m: 4.666666666666667

n: 33.111111111111114

Residual: 0.4872800139941605


epsilon: 4.166666666666667

m: 4.666666666666667

n: 37.333333333333336

Residual: 0.47020202595433697


epsilon: 4.166666666666667

m: 4.666666666666667

n: 41.55555555555556

Residual: 0.45673894769224876


epsilon: 4.166666666666667

m: 4.666666666666667

n: 45.77777777777778

Residual: 0.4449674458226184


epsilon: 4.166666666666667

m: 4.666666666666667

n: 50.0

Residual: 0.43444416165587396


epsilon: 4.166666666666667

m: 5.0

n: 12.0

Residual: 0.5637427917311322


epsilon: 4.166666666666667

m: 5.0

n: 16.22222222222222

Residual: 0.4673877636449524


epsilon: 4.166666666666667

m: 5.0

n: 20.444444444444443

Residual: 0.40533792597206403


epsilon: 4.166666666666667

m: 5.0

n: 24.666666666666668

Residual: 0.3612583764864605


epsilon: 4.166666666666667

m: 5.0

n: 28.88888888888889

Residual: 0.32887775632210825


epsilon: 4.166666666666667

m: 5.0

n: 33.111111111111114

Residual: 0.3030920315583793


epsilon: 4.166666666666667

m: 5.0

n: 37.333333333333336

Residual: 0.28255176784286634


epsilon: 4.166666666666667

m: 5.0

n: 41.55555555555556

Residual: 0.2659877707376958


epsilon: 4.166666666666667

m: 5.0

n: 45.77777777777778

Residual: 0.25144953984308044


epsilon: 4.166666666666667

m: 5.0

n: 50.0

Residual: 0.2388133236999558


epsilon: 4.166666666666667

m: 5.333333333333333

n: 12.0

Residual: 0.4309375408243572


epsilon: 4.166666666666667

m: 5.333333333333333

n: 16.22222222222222

Residual: 0.310519289393506


epsilon: 4.166666666666667

m: 5.333333333333333

n: 20.444444444444443

Residual: 0.23530980869477028


epsilon: 4.166666666666667

m: 5.333333333333333

n: 24.666666666666668

Residual: 0.18402376605090884


epsilon: 4.166666666666667

m: 5.333333333333333

n: 28.88888888888889

Residual: 0.145360157686189


epsilon: 4.166666666666667

m: 5.333333333333333

n: 33.111111111111114

Residual: 0.11545986702085025


epsilon: 4.166666666666667

m: 5.333333333333333

n: 37.333333333333336

Residual: 0.09346436753497049


epsilon: 4.166666666666667

m: 5.333333333333333

n: 41.55555555555556

Residual: 0.07753722572655417


epsilon: 4.166666666666667

m: 5.333333333333333

n: 45.77777777777778

Residual: 0.06618553106003837


epsilon: 4.166666666666667

m: 5.333333333333333

n: 50.0

Residual: 0.056526847280114874


epsilon: 4.166666666666667

m: 5.666666666666666

n: 12.0

Residual: 0.29526454294293125


epsilon: 4.166666666666667

m: 5.666666666666666

n: 16.22222222222222

Residual: 0.15655308364337395


epsilon: 4.166666666666667

m: 5.666666666666666

n: 20.444444444444443

Residual: 0.07990692214103153


epsilon: 4.166666666666667

m: 5.666666666666666

n: 24.666666666666668

Residual: 0.04141970696666477


epsilon: 4.166666666666667

m: 5.666666666666666

n: 28.88888888888889

Residual: 0.03274491709002166


epsilon: 4.166666666666667

m: 5.666666666666666

n: 33.111111111111114

Residual: 0.05731923838703738


epsilon: 4.166666666666667

m: 5.666666666666666

n: 37.333333333333336

Residual: 0.08214818176475241


epsilon: 4.166666666666667

m: 5.666666666666666

n: 41.55555555555556

Residual: 0.10208917223651504


epsilon: 4.166666666666667

m: 5.666666666666666

n: 45.77777777777778

Residual: 0.12139854605486272


epsilon: 4.166666666666667

m: 5.666666666666666

n: 50.0

Residual: 0.13445578678141787


epsilon: 4.166666666666667

m: 6.0

n: 12.0

Residual: 0.1791668946615635


epsilon: 4.166666666666667

m: 6.0

n: 16.22222222222222

Residual: 0.07877778685020632


epsilon: 4.166666666666667

m: 6.0

n: 20.444444444444443

Residual: 0.07734024960376665


epsilon: 4.166666666666667

m: 6.0

n: 24.666666666666668

Residual: 0.1388938496264185


epsilon: 4.166666666666667

m: 6.0

n: 28.88888888888889

Residual: 0.1804366372952857


epsilon: 4.166666666666667

m: 6.0

n: 33.111111111111114

Residual: 0.2102866227857493


epsilon: 4.166666666666667

m: 6.0

n: 37.333333333333336

Residual: 0.23538304966910745


epsilon: 4.166666666666667

m: 6.0

n: 41.55555555555556

Residual: 0.2568406460220525


epsilon: 4.166666666666667

m: 6.0

n: 45.77777777777778

Residual: 0.27132360354367985


epsilon: 4.166666666666667

m: 6.0

n: 50.0

Residual: 0.28699459845635694


epsilon: 4.166666666666667

m: 6.333333333333333

n: 12.0

Residual: 0.12869193691859715


epsilon: 4.166666666666667

m: 6.333333333333333

n: 16.22222222222222

Residual: 0.11690806608269727


epsilon: 4.166666666666667

m: 6.333333333333333

n: 20.444444444444443

Residual: 0.2068822241542061


epsilon: 4.166666666666667

m: 6.333333333333333

n: 24.666666666666668

Residual: 0.2707347816228278


epsilon: 4.166666666666667

m: 6.333333333333333

n: 28.88888888888889

Residual: 0.3092858154762849


epsilon: 4.166666666666667

m: 6.333333333333333

n: 33.111111111111114

Residual: 0.3399700399987782


epsilon: 4.166666666666667

m: 6.333333333333333

n: 37.333333333333336

Residual: 0.3622196013300434


epsilon: 4.166666666666667

m: 6.333333333333333

n: 41.55555555555556

Residual: 0.38483071267562374


epsilon: 4.166666666666667

m: 6.333333333333333

n: 45.77777777777778

Residual: 0.40012414479677766


epsilon: 4.166666666666667

m: 6.333333333333333

n: 50.0

Residual: 0.414410519637793


epsilon: 4.166666666666667

m: 6.666666666666666

n: 12.0

Residual: 0.12527833063745733


epsilon: 4.166666666666667

m: 6.666666666666666

n: 16.22222222222222

Residual: 0.23008900376533334


epsilon: 4.166666666666667

m: 6.666666666666666

n: 20.444444444444443

Residual: 0.32129182784163235


epsilon: 4.166666666666667

m: 6.666666666666666

n: 24.666666666666668

Residual: 0.38073659191787185


epsilon: 4.166666666666667

m: 6.666666666666666

n: 28.88888888888889

Residual: 0.4174046298872434


epsilon: 4.166666666666667

m: 6.666666666666666

n: 33.111111111111114

Residual: 0.44749109279685906


epsilon: 4.166666666666667

m: 6.666666666666666

n: 37.333333333333336

Residual: 0.47284993590891666


epsilon: 4.166666666666667

m: 6.666666666666666

n: 41.55555555555556

Residual: 0.48852046962783363


epsilon: 4.166666666666667

m: 6.666666666666666

n: 45.77777777777778

Residual: 0.5028187602829687


epsilon: 4.166666666666667

m: 6.666666666666666

n: 50.0

Residual: 0.5113745163819804


epsilon: 4.166666666666667

m: 7.0

n: 12.0

Residual: 0.1599784097280369


epsilon: 4.166666666666667

m: 7.0

n: 16.22222222222222

Residual: 0.325788393034337


epsilon: 4.166666666666667

m: 7.0

n: 20.444444444444443

Residual: 0.41624976446298106


epsilon: 4.166666666666667

m: 7.0

n: 24.666666666666668

Residual: 0.4717970860268834


epsilon: 4.166666666666667

m: 7.0

n: 28.88888888888889

Residual: 0.5051788400286715


epsilon: 4.166666666666667

m: 7.0

n: 33.111111111111114

Residual: 0.5333731958956855


epsilon: 4.166666666666667

m: 7.0

n: 37.333333333333336

Residual: 0.5545664240821081


epsilon: 4.166666666666667

m: 7.0

n: 41.55555555555556

Residual: 0.5711880116029309


epsilon: 4.166666666666667

m: 7.0

n: 45.77777777777778

Residual: 0.5813861952177712


epsilon: 4.166666666666667

m: 7.0

n: 50.0

Residual: 0.5964979346410737


epsilon: 4.777777777777779

m: 4.0

n: 12.0

Residual: 0.8805965697038514


epsilon: 4.777777777777779

m: 4.0

n: 16.22222222222222

Residual: 0.8546022533760711


epsilon: 4.777777777777779

m: 4.0

n: 20.444444444444443

Residual: 0.8365388344869911


epsilon: 4.777777777777779

m: 4.0

n: 24.666666666666668

Residual: 0.8233505381370133


epsilon: 4.777777777777779

m: 4.0

n: 28.88888888888889

Residual: 0.8129785104367513


epsilon: 4.777777777777779

m: 4.0

n: 33.111111111111114

Residual: 0.8047578702545084


epsilon: 4.777777777777779

m: 4.0

n: 37.333333333333336

Residual: 0.7980281980621696


epsilon: 4.777777777777779

m: 4.0

n: 41.55555555555556

Residual: 0.7923242347609245


epsilon: 4.777777777777779

m: 4.0

n: 45.77777777777778

Residual: 0.787598594590728


epsilon: 4.777777777777779

m: 4.0

n: 50.0

Residual: 0.783413178393621


epsilon: 4.777777777777779

m: 4.333333333333333

n: 12.0

Residual: 0.8110213305225664


epsilon: 4.777777777777779

m: 4.333333333333333

n: 16.22222222222222

Residual: 0.7681189009065746


epsilon: 4.777777777777779

m: 4.333333333333333

n: 20.444444444444443

Residual: 0.7388311529745387


epsilon: 4.777777777777779

m: 4.333333333333333

n: 24.666666666666668

Residual: 0.7175600096220949


epsilon: 4.777777777777779

m: 4.333333333333333

n: 28.88888888888889

Residual: 0.7007828170999957


epsilon: 4.777777777777779

m: 4.333333333333333

n: 33.111111111111114

Residual: 0.6877548281762605


epsilon: 4.777777777777779

m: 4.333333333333333

n: 37.333333333333336

Residual: 0.6772159824794878


epsilon: 4.777777777777779

m: 4.333333333333333

n: 41.55555555555556

Residual: 0.6681376650730348


epsilon: 4.777777777777779

m: 4.333333333333333

n: 45.77777777777778

Residual: 0.6604699603964913


epsilon: 4.777777777777779

m: 4.333333333333333

n: 50.0

Residual: 0.6539409007954807


epsilon: 4.777777777777779

m: 4.666666666666667

n: 12.0

Residual: 0.7193604897308243


epsilon: 4.777777777777779

m: 4.666666666666667

n: 16.22222222222222

Residual: 0.6548639353326196


epsilon: 4.777777777777779

m: 4.666666666666667

n: 20.444444444444443

Residual: 0.6111975100976234


epsilon: 4.777777777777779

m: 4.666666666666667

n: 24.666666666666668

Residual: 0.5802714930425144


epsilon: 4.777777777777779

m: 4.666666666666667

n: 28.88888888888889

Residual: 0.5561755840373459


epsilon: 4.777777777777779

m: 4.666666666666667

n: 33.111111111111114

Residual: 0.5373854046603481


epsilon: 4.777777777777779

m: 4.666666666666667

n: 37.333333333333336

Residual: 0.5215283350250494


epsilon: 4.777777777777779

m: 4.666666666666667

n: 41.55555555555556

Residual: 0.5093020586999663


epsilon: 4.777777777777779

m: 4.666666666666667

n: 45.77777777777778

Residual: 0.49849884993652366


epsilon: 4.777777777777779

m: 4.666666666666667

n: 50.0

Residual: 0.4890624698387113


epsilon: 4.777777777777779

m: 5.0

n: 12.0

Residual: 0.6083338326316317


epsilon: 4.777777777777779

m: 5.0

n: 16.22222222222222

Residual: 0.5191289563148679


epsilon: 4.777777777777779

m: 5.0

n: 20.444444444444443

Residual: 0.46098441731214174


epsilon: 4.777777777777779

m: 5.0

n: 24.666666666666668

Residual: 0.4188902638110171


epsilon: 4.777777777777779

m: 5.0

n: 28.88888888888889

Residual: 0.38788059384160906


epsilon: 4.777777777777779

m: 5.0

n: 33.111111111111114

Residual: 0.36362389182309096


epsilon: 4.777777777777779

m: 5.0

n: 37.333333333333336

Residual: 0.3439912333268111


epsilon: 4.777777777777779

m: 5.0

n: 41.55555555555556

Residual: 0.32697167862719073


epsilon: 4.777777777777779

m: 5.0

n: 45.77777777777778

Residual: 0.3145768701278925


epsilon: 4.777777777777779

m: 5.0

n: 50.0

Residual: 0.3019130779768297


epsilon: 4.777777777777779

m: 5.333333333333333

n: 12.0

Residual: 0.48494147689012035


epsilon: 4.777777777777779

m: 5.333333333333333

n: 16.22222222222222

Residual: 0.37196907045097266


epsilon: 4.777777777777779

m: 5.333333333333333

n: 20.444444444444443

Residual: 0.29932145055394194


epsilon: 4.777777777777779

m: 5.333333333333333

n: 24.666666666666668

Residual: 0.24875165199105007


epsilon: 4.777777777777779

m: 5.333333333333333

n: 28.88888888888889

Residual: 0.2119363059420543


epsilon: 4.777777777777779

m: 5.333333333333333

n: 33.111111111111114

Residual: 0.18313609025193742


epsilon: 4.777777777777779

m: 5.333333333333333

n: 37.333333333333336

Residual: 0.16041117276596203


epsilon: 4.777777777777779

m: 5.333333333333333

n: 41.55555555555556

Residual: 0.14187636144459828


epsilon: 4.777777777777779

m: 5.333333333333333

n: 45.77777777777778

Residual: 0.12437476263453268


epsilon: 4.777777777777779

m: 5.333333333333333

n: 50.0

Residual: 0.11177694211559418


epsilon: 4.777777777777779

m: 5.666666666666666

n: 12.0

Residual: 0.3558744635469709


epsilon: 4.777777777777779

m: 5.666666666666666

n: 16.22222222222222

Residual: 0.2226399745823073


epsilon: 4.777777777777779

m: 5.666666666666666

n: 20.444444444444443

Residual: 0.14125526456222223


epsilon: 4.777777777777779

m: 5.666666666666666

n: 24.666666666666668

Residual: 0.08995012637221587


epsilon: 4.777777777777779

m: 5.666666666666666

n: 28.88888888888889

Residual: 0.057149874513469236


epsilon: 4.777777777777779

m: 5.666666666666666

n: 33.111111111111114

Residual: 0.03967357617981929


epsilon: 4.777777777777779

m: 5.666666666666666

n: 37.333333333333336

Residual: 0.03307867134938406


epsilon: 4.777777777777779

m: 5.666666666666666

n: 41.55555555555556

Residual: 0.036599629356378074


epsilon: 4.777777777777779

m: 5.666666666666666

n: 45.77777777777778

Residual: 0.0534098414737851


epsilon: 4.777777777777779

m: 5.666666666666666

n: 50.0

Residual: 0.06584407497868637


epsilon: 4.777777777777779

m: 6.0

n: 12.0

Residual: 0.23675224733769848


epsilon: 4.777777777777779

m: 6.0

n: 16.22222222222222

Residual: 0.11683411913843597


epsilon: 4.777777777777779

m: 6.0

n: 20.444444444444443

Residual: 0.07179802851760438


epsilon: 4.777777777777779

m: 6.0

n: 24.666666666666668

Residual: 0.07244194680862129


epsilon: 4.777777777777779

m: 6.0

n: 28.88888888888889

Residual: 0.11147393124447498


epsilon: 4.777777777777779

m: 6.0

n: 33.111111111111114

Residual: 0.1431489382555222


epsilon: 4.777777777777779

m: 6.0

n: 37.333333333333336

Residual: 0.17139850325420647


epsilon: 4.777777777777779

m: 6.0

n: 41.55555555555556

Residual: 0.19205317747538594


epsilon: 4.777777777777779

m: 6.0

n: 45.77777777777778

Residual: 0.20820916491558977


epsilon: 4.777777777777779

m: 6.0

n: 50.0

Residual: 0.2208918864170212


epsilon: 4.777777777777779

m: 6.333333333333333

n: 12.0

Residual: 0.1706515244550809


epsilon: 4.777777777777779

m: 6.333333333333333

n: 16.22222222222222

Residual: 0.10209931893873507


epsilon: 4.777777777777779

m: 6.333333333333333

n: 20.444444444444443

Residual: 0.14523137959447358


epsilon: 4.777777777777779

m: 6.333333333333333

n: 24.666666666666668

Residual: 0.20464373404801048


epsilon: 4.777777777777779

m: 6.333333333333333

n: 28.88888888888889

Residual: 0.24768377698852706


epsilon: 4.777777777777779

m: 6.333333333333333

n: 33.111111111111114

Residual: 0.2775997219375876


epsilon: 4.777777777777779

m: 6.333333333333333

n: 37.333333333333336

Residual: 0.3035413820059645


epsilon: 4.777777777777779

m: 6.333333333333333

n: 41.55555555555556

Residual: 0.32552705050063857


epsilon: 4.777777777777779

m: 6.333333333333333

n: 45.77777777777778

Residual: 0.34459306770437276


epsilon: 4.777777777777779

m: 6.333333333333333

n: 50.0

Residual: 0.3538393466075981


epsilon: 4.777777777777779

m: 6.666666666666666

n: 12.0

Residual: 0.14701060949272796


epsilon: 4.777777777777779

m: 6.666666666666666

n: 16.22222222222222

Residual: 0.1655199344753752


epsilon: 4.777777777777779

m: 6.666666666666666

n: 20.444444444444443

Residual: 0.258015198602259


epsilon: 4.777777777777779

m: 6.666666666666666

n: 24.666666666666668

Residual: 0.3188117628309588


epsilon: 4.777777777777779

m: 6.666666666666666

n: 28.88888888888889

Residual: 0.366172919160548


epsilon: 4.777777777777779

m: 6.666666666666666

n: 33.111111111111114

Residual: 0.3934913036842801


epsilon: 4.777777777777779

m: 6.666666666666666

n: 37.333333333333336

Residual: 0.41196925629462516


epsilon: 4.777777777777779

m: 6.666666666666666

n: 41.55555555555556

Residual: 0.4291996733092014


epsilon: 4.777777777777779

m: 6.666666666666666

n: 45.77777777777778

Residual: 0.4509022350966208


epsilon: 4.777777777777779

m: 6.666666666666666

n: 50.0

Residual: 0.460035383971278


epsilon: 4.777777777777779

m: 7.0

n: 12.0

Residual: 0.15168711084737657


epsilon: 4.777777777777779

m: 7.0

n: 16.22222222222222

Residual: 0.26263341576061955


epsilon: 4.777777777777779

m: 7.0

n: 20.444444444444443

Residual: 0.3555279706249569


epsilon: 4.777777777777779

m: 7.0

n: 24.666666666666668

Residual: 0.4181229638509601


epsilon: 4.777777777777779

m: 7.0

n: 28.88888888888889

Residual: 0.4507280832524139


epsilon: 4.777777777777779

m: 7.0

n: 33.111111111111114

Residual: 0.48435324700864846


epsilon: 4.777777777777779

m: 7.0

n: 37.333333333333336

Residual: 0.5060580067672297


epsilon: 4.777777777777779

m: 7.0

n: 41.55555555555556

Residual: 0.5236131867487107


epsilon: 4.777777777777779

m: 7.0

n: 45.77777777777778

Residual: 0.5379859665727414


epsilon: 4.777777777777779

m: 7.0

n: 50.0

Residual: 0.5477173627814328


epsilon: 5.388888888888889

m: 4.0

n: 12.0

Residual: 0.8934063787561568


epsilon: 5.388888888888889

m: 4.0

n: 16.22222222222222

Residual: 0.8699354847219694


epsilon: 5.388888888888889

m: 4.0

n: 20.444444444444443

Residual: 0.8537451265393524


epsilon: 5.388888888888889

m: 4.0

n: 24.666666666666668

Residual: 0.8417736755595534


epsilon: 5.388888888888889

m: 4.0

n: 28.88888888888889

Residual: 0.8324860223916385


epsilon: 5.388888888888889

m: 4.0

n: 33.111111111111114

Residual: 0.8250197378575834


epsilon: 5.388888888888889

m: 4.0

n: 37.333333333333336

Residual: 0.8188954686530151


epsilon: 5.388888888888889

m: 4.0

n: 41.55555555555556

Residual: 0.8137182586060008


epsilon: 5.388888888888889

m: 4.0

n: 45.77777777777778

Residual: 0.8093210302172136


epsilon: 5.388888888888889

m: 4.0

n: 50.0

Residual: 0.805567218200017


epsilon: 5.388888888888889

m: 4.333333333333333

n: 12.0

Residual: 0.8306649428982893


epsilon: 5.388888888888889

m: 4.333333333333333

n: 16.22222222222222

Residual: 0.7916837304594495


epsilon: 5.388888888888889

m: 4.333333333333333

n: 20.444444444444443

Residual: 0.7650940140542979


epsilon: 5.388888888888889

m: 4.333333333333333

n: 24.666666666666668

Residual: 0.7454460583375436


epsilon: 5.388888888888889

m: 4.333333333333333

n: 28.88888888888889

Residual: 0.7302729051110901


epsilon: 5.388888888888889

m: 4.333333333333333

n: 33.111111111111114

Residual: 0.7184037149540725


epsilon: 5.388888888888889

m: 4.333333333333333

n: 37.333333333333336

Residual: 0.7083091463454592


epsilon: 5.388888888888889

m: 4.333333333333333

n: 41.55555555555556

Residual: 0.7002015797317386


epsilon: 5.388888888888889

m: 4.333333333333333

n: 45.77777777777778

Residual: 0.6931923268738658


epsilon: 5.388888888888889

m: 4.333333333333333

n: 50.0

Residual: 0.6870433903418663


epsilon: 5.388888888888889

m: 4.666666666666667

n: 12.0

Residual: 0.7472828528337973


epsilon: 5.388888888888889

m: 4.666666666666667

n: 16.22222222222222

Residual: 0.6877582202849473


epsilon: 5.388888888888889

m: 4.666666666666667

n: 20.444444444444443

Residual: 0.6475491424809563


epsilon: 5.388888888888889

m: 4.666666666666667

n: 24.666666666666668

Residual: 0.6188436054464019


epsilon: 5.388888888888889

m: 4.666666666666667

n: 28.88888888888889

Residual: 0.5964835063380098


epsilon: 5.388888888888889

m: 4.666666666666667

n: 33.111111111111114

Residual: 0.5785747345848649


epsilon: 5.388888888888889

m: 4.666666666666667

n: 37.333333333333336

Residual: 0.5642399046308304


epsilon: 5.388888888888889

m: 4.666666666666667

n: 41.55555555555556

Residual: 0.5526549762221799


epsilon: 5.388888888888889

m: 4.666666666666667

n: 45.77777777777778

Residual: 0.5420592110587706


epsilon: 5.388888888888889

m: 4.666666666666667

n: 50.0

Residual: 0.5331660179469851


epsilon: 5.388888888888889

m: 5.0

n: 12.0

Residual: 0.6452911310541549


epsilon: 5.388888888888889

m: 5.0

n: 16.22222222222222

Residual: 0.5622116142415056


epsilon: 5.388888888888889

m: 5.0

n: 20.444444444444443

Residual: 0.5066232224413497


epsilon: 5.388888888888889

m: 5.0

n: 24.666666666666668

Residual: 0.4669495929375608


epsilon: 5.388888888888889

m: 5.0

n: 28.88888888888889

Residual: 0.4385056009242322


epsilon: 5.388888888888889

m: 5.0

n: 33.111111111111114

Residual: 0.4144969074635


epsilon: 5.388888888888889

m: 5.0

n: 37.333333333333336

Residual: 0.39599069480530147


epsilon: 5.388888888888889

m: 5.0

n: 41.55555555555556

Residual: 0.3810720010010851


epsilon: 5.388888888888889

m: 5.0

n: 45.77777777777778

Residual: 0.3680081792922304


epsilon: 5.388888888888889

m: 5.0

n: 50.0

Residual: 0.3555058301643065


epsilon: 5.388888888888889

m: 5.333333333333333

n: 12.0

Residual: 0.5303392903291039


epsilon: 5.388888888888889

m: 5.333333333333333

n: 16.22222222222222

Residual: 0.4220101044328389


epsilon: 5.388888888888889

m: 5.333333333333333

n: 20.444444444444443

Residual: 0.35294219392673776


epsilon: 5.388888888888889

m: 5.333333333333333

n: 24.666666666666668

Residual: 0.30463859195100085


epsilon: 5.388888888888889

m: 5.333333333333333

n: 28.88888888888889

Residual: 0.26904769772725434


epsilon: 5.388888888888889

m: 5.333333333333333

n: 33.111111111111114

Residual: 0.2414862851934787


epsilon: 5.388888888888889

m: 5.333333333333333

n: 37.333333333333336

Residual: 0.2183149440159221


epsilon: 5.388888888888889

m: 5.333333333333333

n: 41.55555555555556

Residual: 0.19958758626758796


epsilon: 5.388888888888889

m: 5.333333333333333

n: 45.77777777777778

Residual: 0.18458438431426955


epsilon: 5.388888888888889

m: 5.333333333333333

n: 50.0

Residual: 0.17046812789610008


epsilon: 5.388888888888889

m: 5.666666666666666

n: 12.0

Residual: 0.40761148651626145


epsilon: 5.388888888888889

m: 5.666666666666666

n: 16.22222222222222

Residual: 0.27842780316751603


epsilon: 5.388888888888889

m: 5.666666666666666

n: 20.444444444444443

Residual: 0.1972064778541231


epsilon: 5.388888888888889

m: 5.666666666666666

n: 24.666666666666668

Residual: 0.14395184001965694


epsilon: 5.388888888888889

m: 5.666666666666666

n: 28.88888888888889

Residual: 0.10554005572732833


epsilon: 5.388888888888889

m: 5.666666666666666

n: 33.111111111111114

Residual: 0.07910301553252959


epsilon: 5.388888888888889

m: 5.666666666666666

n: 37.333333333333336

Residual: 0.0600792128239718


epsilon: 5.388888888888889

m: 5.666666666666666

n: 41.55555555555556

Residual: 0.045341959435327366


epsilon: 5.388888888888889

m: 5.666666666666666

n: 45.77777777777778

Residual: 0.03695736150030221


epsilon: 5.388888888888889

m: 5.666666666666666

n: 50.0

Residual: 0.033635227022477926


epsilon: 5.388888888888889

m: 6.0

n: 12.0

Residual: 0.2893275971234059


epsilon: 5.388888888888889

m: 6.0

n: 16.22222222222222

Residual: 0.16302117901571467


epsilon: 5.388888888888889

m: 6.0

n: 20.444444444444443

Residual: 0.10062072248514095


epsilon: 5.388888888888889

m: 6.0

n: 24.666666666666668

Residual: 0.07187258219143515


epsilon: 5.388888888888889

m: 6.0

n: 28.88888888888889

Residual: 0.06505687994437631


epsilon: 5.388888888888889

m: 6.0

n: 33.111111111111114

Residual: 0.08631425498502009


epsilon: 5.388888888888889

m: 6.0

n: 37.333333333333336

Residual: 0.11032140746484982


epsilon: 5.388888888888889

m: 6.0

n: 41.55555555555556

Residual: 0.13430638763452774


epsilon: 5.388888888888889

m: 6.0

n: 45.77777777777778

Residual: 0.1502828211624948


epsilon: 5.388888888888889

m: 6.0

n: 50.0

Residual: 0.16837699501750072


epsilon: 5.388888888888889

m: 6.333333333333333

n: 12.0

Residual: 0.2107309608523623


epsilon: 5.388888888888889

m: 6.333333333333333

n: 16.22222222222222

Residual: 0.11797866680841411


epsilon: 5.388888888888889

m: 6.333333333333333

n: 20.444444444444443

Residual: 0.1013027365286832


epsilon: 5.388888888888889

m: 6.333333333333333

n: 24.666666666666668

Residual: 0.14540984559999673


epsilon: 5.388888888888889

m: 6.333333333333333

n: 28.88888888888889

Residual: 0.18655221483711587


epsilon: 5.388888888888889

m: 6.333333333333333

n: 33.111111111111114

Residual: 0.2254603932121781


epsilon: 5.388888888888889

m: 6.333333333333333

n: 37.333333333333336

Residual: 0.24847525469213075


epsilon: 5.388888888888889

m: 6.333333333333333

n: 41.55555555555556

Residual: 0.266660352277201


epsilon: 5.388888888888889

m: 6.333333333333333

n: 45.77777777777778

Residual: 0.2882827369356875


epsilon: 5.388888888888889

m: 6.333333333333333

n: 50.0

Residual: 0.29955366000534983


epsilon: 5.388888888888889

m: 6.666666666666666

n: 12.0

Residual: 0.17262040769805115


epsilon: 5.388888888888889

m: 6.666666666666666

n: 16.22222222222222

Residual: 0.13642405732979565


epsilon: 5.388888888888889

m: 6.666666666666666

n: 20.444444444444443

Residual: 0.20142973922996057


epsilon: 5.388888888888889

m: 6.666666666666666

n: 24.666666666666668

Residual: 0.26457018081163125


epsilon: 5.388888888888889

m: 6.666666666666666

n: 28.88888888888889

Residual: 0.30843841595186516


epsilon: 5.388888888888889

m: 6.666666666666666

n: 33.111111111111114

Residual: 0.33596051721186254


epsilon: 5.388888888888889

m: 6.666666666666666

n: 37.333333333333336

Residual: 0.3623943008207623


epsilon: 5.388888888888889

m: 6.666666666666666

n: 41.55555555555556

Residual: 0.38036976402273537


epsilon: 5.388888888888889

m: 6.666666666666666

n: 45.77777777777778

Residual: 0.3965221066491724


epsilon: 5.388888888888889

m: 6.666666666666666

n: 50.0

Residual: 0.41362161843778006


epsilon: 5.388888888888889

m: 7.0

n: 12.0

Residual: 0.16723354077225613


epsilon: 5.388888888888889

m: 7.0

n: 16.22222222222222

Residual: 0.2069051605605977


epsilon: 5.388888888888889

m: 7.0

n: 20.444444444444443

Residual: 0.3004795592318087


epsilon: 5.388888888888889

m: 7.0

n: 24.666666666666668

Residual: 0.36048566216119365


epsilon: 5.388888888888889

m: 7.0

n: 28.88888888888889

Residual: 0.40523557542656297


epsilon: 5.388888888888889

m: 7.0

n: 33.111111111111114

Residual: 0.43148987911394965


epsilon: 5.388888888888889

m: 7.0

n: 37.333333333333336

Residual: 0.45744786461235876


epsilon: 5.388888888888889

m: 7.0

n: 41.55555555555556

Residual: 0.48151470562802734


epsilon: 5.388888888888889

m: 7.0

n: 45.77777777777778

Residual: 0.49393354472355105


epsilon: 5.388888888888889

m: 7.0

n: 50.0

Residual: 0.5111138914636763


epsilon: 6.0

m: 4.0

n: 12.0

Residual: 0.9037625720937541


epsilon: 6.0

m: 4.0

n: 16.22222222222222

Residual: 0.8823831649371455


epsilon: 6.0

m: 4.0

n: 20.444444444444443

Residual: 0.867558834332045


epsilon: 6.0

m: 4.0

n: 24.666666666666668

Residual: 0.8567072222865614


epsilon: 6.0

m: 4.0

n: 28.88888888888889

Residual: 0.8482158358309717


epsilon: 6.0

m: 4.0

n: 33.111111111111114

Residual: 0.8413713351127825


epsilon: 6.0

m: 4.0

n: 37.333333333333336

Residual: 0.8357344868459682


epsilon: 6.0

m: 4.0

n: 41.55555555555556

Residual: 0.8311016034743548


epsilon: 6.0

m: 4.0

n: 45.77777777777778

Residual: 0.8270561599516324


epsilon: 6.0

m: 4.0

n: 50.0

Residual: 0.823614177819297


epsilon: 6.0

m: 4.333333333333333

n: 12.0

Residual: 0.8465335036264794


epsilon: 6.0

m: 4.333333333333333

n: 16.22222222222222

Residual: 0.8109926591177661


epsilon: 6.0

m: 4.333333333333333

n: 20.444444444444443

Residual: 0.7864776038708443


epsilon: 6.0

m: 4.333333333333333

n: 24.666666666666668

Residual: 0.7684223003072164


epsilon: 6.0

m: 4.333333333333333

n: 28.88888888888889

Residual: 0.7545535110781381


epsilon: 6.0

m: 4.333333333333333

n: 33.111111111111114

Residual: 0.7432932180089835


epsilon: 6.0

m: 4.333333333333333

n: 37.333333333333336

Residual: 0.7340848586645129


epsilon: 6.0

m: 4.333333333333333

n: 41.55555555555556

Residual: 0.7264615691418028


epsilon: 6.0

m: 4.333333333333333

n: 45.77777777777778

Residual: 0.7198464603614992


epsilon: 6.0

m: 4.333333333333333

n: 50.0

Residual: 0.714344964588448


epsilon: 6.0

m: 4.666666666666667

n: 12.0

Residual: 0.7698384206573539


epsilon: 6.0

m: 4.666666666666667

n: 16.22222222222222

Residual: 0.714911499128406


epsilon: 6.0

m: 4.666666666666667

n: 20.444444444444443

Residual: 0.6777008330284354


epsilon: 6.0

m: 4.666666666666667

n: 24.666666666666668

Residual: 0.6506430827360618


epsilon: 6.0

m: 4.666666666666667

n: 28.88888888888889

Residual: 0.6301160675971793


epsilon: 6.0

m: 4.666666666666667

n: 33.111111111111114

Residual: 0.6130237085057555


epsilon: 6.0

m: 4.666666666666667

n: 37.333333333333336

Residual: 0.6000162127645907


epsilon: 6.0

m: 4.666666666666667

n: 41.55555555555556

Residual: 0.5886299153126382


epsilon: 6.0

m: 4.666666666666667

n: 45.77777777777778

Residual: 0.5789626576657916


epsilon: 6.0

m: 4.666666666666667

n: 50.0

Residual: 0.5706164531049422


epsilon: 6.0

m: 5.0

n: 12.0

Residual: 0.6750291886261779


epsilon: 6.0

m: 5.0

n: 16.22222222222222

Residual: 0.5976156364673615


epsilon: 6.0

m: 5.0

n: 20.444444444444443

Residual: 0.5460006447673136


epsilon: 6.0

m: 5.0

n: 24.666666666666668

Residual: 0.5084738383086005


epsilon: 6.0

m: 5.0

n: 28.88888888888889

Residual: 0.48053210858861023


epsilon: 6.0

m: 5.0

n: 33.111111111111114

Residual: 0.45825295340827316


epsilon: 6.0

m: 5.0

n: 37.333333333333336

Residual: 0.4404273007547489


epsilon: 6.0

m: 5.0

n: 41.55555555555556

Residual: 0.4251423664994884


epsilon: 6.0

m: 5.0

n: 45.77777777777778

Residual: 0.41260145735090836


epsilon: 6.0

m: 5.0

n: 50.0

Residual: 0.4018140216658621


epsilon: 6.0

m: 5.333333333333333

n: 12.0

Residual: 0.567031392369755


epsilon: 6.0

m: 5.333333333333333

n: 16.22222222222222

Residual: 0.46501728472143045


epsilon: 6.0

m: 5.333333333333333

n: 20.444444444444443

Residual: 0.399011492711491


epsilon: 6.0

m: 5.333333333333333

n: 24.666666666666668

Residual: 0.3522635668094472


epsilon: 6.0

m: 5.333333333333333

n: 28.88888888888889

Residual: 0.31770957976490644


epsilon: 6.0

m: 5.333333333333333

n: 33.111111111111114

Residual: 0.2894686023061841


epsilon: 6.0

m: 5.333333333333333

n: 37.333333333333336

Residual: 0.26853226398048946


epsilon: 6.0

m: 5.333333333333333

n: 41.55555555555556

Residual: 0.2505876578450858


epsilon: 6.0

m: 5.333333333333333

n: 45.77777777777778

Residual: 0.23629643308254228


epsilon: 6.0

m: 5.333333333333333

n: 50.0

Residual: 0.22325736722859807


epsilon: 6.0

m: 5.666666666666666

n: 12.0

Residual: 0.4527146732792901


epsilon: 6.0

m: 5.666666666666666

n: 16.22222222222222

Residual: 0.32739709637299147


epsilon: 6.0

m: 5.666666666666666

n: 20.444444444444443

Residual: 0.2500463949822356


epsilon: 6.0

m: 5.666666666666666

n: 24.666666666666668

Residual: 0.19473258958163805


epsilon: 6.0

m: 5.666666666666666

n: 28.88888888888889

Residual: 0.15411246315604837


epsilon: 6.0

m: 5.666666666666666

n: 33.111111111111114

Residual: 0.12400869269584801


epsilon: 6.0

m: 5.666666666666666

n: 37.333333333333336

Residual: 0.10340134145066955


epsilon: 6.0

m: 5.666666666666666

n: 41.55555555555556

Residual: 0.08650333488763282


epsilon: 6.0

m: 5.666666666666666

n: 45.77777777777778

Residual: 0.0740618823188815


epsilon: 6.0

m: 5.666666666666666

n: 50.0

Residual: 0.06062059475077164


epsilon: 6.0

m: 6.0

n: 12.0

Residual: 0.33679041164834084


epsilon: 6.0

m: 6.0

n: 16.22222222222222

Residual: 0.2052421388112589


epsilon: 6.0

m: 6.0

n: 20.444444444444443

Residual: 0.13444158311090754


epsilon: 6.0

m: 6.0

n: 24.666666666666668

Residual: 0.09701759939225199


epsilon: 6.0

m: 6.0

n: 28.88888888888889

Residual: 0.07743899585019615


epsilon: 6.0

m: 6.0

n: 33.111111111111114

Residual: 0.0675634365959433


epsilon: 6.0

m: 6.0

n: 37.333333333333336

Residual: 0.06880458457635592


epsilon: 6.0

m: 6.0

n: 41.55555555555556

Residual: 0.08126669753178092


epsilon: 6.0

m: 6.0

n: 45.77777777777778

Residual: 0.09507442923790058


epsilon: 6.0

m: 6.0

n: 50.0

Residual: 0.1095702227035399


epsilon: 6.0

m: 6.333333333333333

n: 12.0

Residual: 0.2512810166212117


epsilon: 6.0

m: 6.333333333333333

n: 16.22222222222222

Residual: 0.1460288203953682


epsilon: 6.0

m: 6.333333333333333

n: 20.444444444444443

Residual: 0.11187975908561233


epsilon: 6.0

m: 6.333333333333333

n: 24.666666666666668

Residual: 0.1059676665775335


epsilon: 6.0

m: 6.333333333333333

n: 28.88888888888889

Residual: 0.133786874941944


epsilon: 6.0

m: 6.333333333333333

n: 33.111111111111114

Residual: 0.17139243583187513


epsilon: 6.0

m: 6.333333333333333

n: 37.333333333333336

Residual: 0.19635477591182707


epsilon: 6.0

m: 6.333333333333333

n: 41.55555555555556

Residual: 0.2183964902871501


epsilon: 6.0

m: 6.333333333333333

n: 45.77777777777778

Residual: 0.2377841118520511


epsilon: 6.0

m: 6.333333333333333

n: 50.0

Residual: 0.25201401570971316


epsilon: 6.0

m: 6.666666666666666

n: 12.0

Residual: 0.20307436918017155


epsilon: 6.0

m: 6.666666666666666

n: 16.22222222222222

Residual: 0.14161396722220587


epsilon: 6.0

m: 6.666666666666666

n: 20.444444444444443

Residual: 0.15454491996064101


epsilon: 6.0

m: 6.666666666666666

n: 24.666666666666668

Residual: 0.21336792475962835


epsilon: 6.0

m: 6.666666666666666

n: 28.88888888888889

Residual: 0.25690211643229244


epsilon: 6.0

m: 6.666666666666666

n: 33.111111111111114

Residual: 0.2885285568424119


epsilon: 6.0

m: 6.666666666666666

n: 37.333333333333336

Residual: 0.3121267059377083


epsilon: 6.0

m: 6.666666666666666

n: 41.55555555555556

Residual: 0.33546353473404394


epsilon: 6.0

m: 6.666666666666666

n: 45.77777777777778

Residual: 0.3536909080750866


epsilon: 6.0

m: 6.666666666666666

n: 50.0

Residual: 0.36646664019341196


epsilon: 6.0

m: 7.0

n: 12.0

Residual: 0.18429117157117242


epsilon: 6.0

m: 7.0

n: 16.22222222222222

Residual: 0.17332601022373864


epsilon: 6.0

m: 7.0

n: 20.444444444444443

Residual: 0.2534775217394671


epsilon: 6.0

m: 7.0

n: 24.666666666666668

Residual: 0.30820855601524505


epsilon: 6.0

m: 7.0

n: 28.88888888888889

Residual: 0.3503257571158906


epsilon: 6.0

m: 7.0

n: 33.111111111111114

Residual: 0.3958852421214337


epsilon: 6.0

m: 7.0

n: 37.333333333333336

Residual: 0.4147195996620486


epsilon: 6.0

m: 7.0

n: 41.55555555555556

Residual: 0.4324365306418257


epsilon: 6.0

m: 7.0

n: 45.77777777777778

Residual: 0.4505970760701268


epsilon: 6.0

m: 7.0

n: 50.0

Residual: 0.46718892145851554


