epsilon: 0.01

m: 3.0

Residual: 0.8572975574076624


epsilon: 0.01

m: 3.0

Residual: 0.8572958280205935


epsilon: 0.01

m: 3.1666666666666665

Residual: 0.8939823492084024


epsilon: 0.01

m: 3.3333333333333335

Residual: 0.920974318521578


epsilon: 0.01

m: 3.5

Residual: 0.940763925115886


epsilon: 0.01

m: 3.6666666666666665

Residual: 0.9553040676057516


epsilon: 0.01

m: 3.833333333333333

Residual: 0.9659867525453678


epsilon: 0.01

m: 4.0

Residual: 0.9738833626147119


epsilon: 0.01

m: 4.166666666666666

Residual: 0.9797487569397579


epsilon: 0.01

m: 4.333333333333333

Residual: 0.9841484535082112


epsilon: 0.01

m: 4.5

Residual: 0.9874618909235962


epsilon: 0.01

m: 4.666666666666666

Residual: 0.9899787060586933


epsilon: 0.01

m: 4.833333333333333

Residual: 0.9919048463374754


epsilon: 0.01

m: 5.0

Residual: 0.9933893396352704


epsilon: 0.01

m: 5.166666666666666

Residual: 0.9945411999981957


epsilon: 0.01

m: 5.333333333333333

Residual: 0.9954546358700135


epsilon: 0.01

m: 5.5

Residual: 0.9961714856918288


epsilon: 0.01

m: 5.666666666666666

Residual: 0.9967561354490219


epsilon: 0.01

m: 5.833333333333333

Residual: 0.997234637224753


epsilon: 0.01

m: 6.0

Residual: 0.9976131251350836


epsilon: 0.01

m: 6.166666666666666

Residual: 0.9979220383325961


epsilon: 0.01

m: 6.333333333333333

Residual: 0.99817679805633


epsilon: 0.01

m: 6.5

Residual: 0.9983850610882431


epsilon: 0.01

m: 6.666666666666666

Residual: 0.998589221643809


epsilon: 0.01

m: 6.833333333333333

Residual: 0.9987362400589468


epsilon: 0.01

m: 7.0

Residual: 0.998867539771218


epsilon: 0.3429166666666667

m: 3.0

Residual: 0.5173283684295705


epsilon: 0.3429166666666667

m: 3.1666666666666665

Residual: 0.44759521515654055


epsilon: 0.3429166666666667

m: 3.3333333333333335

Residual: 0.39372160325969713


epsilon: 0.3429166666666667

m: 3.5

Residual: 0.3621765250063579


epsilon: 0.3429166666666667

m: 3.6666666666666665

Residual: 0.3565429359477442


epsilon: 0.3429166666666667

m: 3.833333333333333

Residual: 0.37801902742769944


epsilon: 0.3429166666666667

m: 4.0

Residual: 0.4244866750470017


epsilon: 0.3429166666666667

m: 4.166666666666666

Residual: 0.4915416767491583


epsilon: 0.3429166666666667

m: 4.333333333333333

Residual: 0.5699510705819953


epsilon: 0.3429166666666667

m: 4.5

Residual: 0.6440376872064847


epsilon: 0.3429166666666667

m: 4.666666666666666

Residual: 0.705299501823528


epsilon: 0.3429166666666667

m: 4.833333333333333

Residual: 0.7551473946570496


epsilon: 0.3429166666666667

m: 5.0

Residual: 0.7960252930942677


epsilon: 0.3429166666666667

m: 5.166666666666666

Residual: 0.8287486769328544


epsilon: 0.3429166666666667

m: 5.333333333333333

Residual: 0.8553287396582552


epsilon: 0.3429166666666667

m: 5.5

Residual: 0.8774391671980061


epsilon: 0.3429166666666667

m: 5.666666666666666

Residual: 0.8943294943857584


epsilon: 0.3429166666666667

m: 5.833333333333333

Residual: 0.9092861509445775


epsilon: 0.3429166666666667

m: 6.0

Residual: 0.9212329573088316


epsilon: 0.3429166666666667

m: 6.166666666666666

Residual: 0.9311774227561863


epsilon: 0.3429166666666667

m: 6.333333333333333

Residual: 0.9398375613650782


epsilon: 0.3429166666666667

m: 6.5

Residual: 0.9467742950682063


epsilon: 0.3429166666666667

m: 6.666666666666666

Residual: 0.9526822382136074


epsilon: 0.3429166666666667

m: 6.833333333333333

Residual: 0.9577646781701024


epsilon: 0.3429166666666667

m: 7.0

Residual: 0.9618472822401297


epsilon: 0.6758333333333334

m: 3.0

Residual: 0.6770476836885512


epsilon: 0.6758333333333334

m: 3.1666666666666665

Residual: 0.5941402709998731


epsilon: 0.6758333333333334

m: 3.3333333333333335

Residual: 0.5110515146475425


epsilon: 0.6758333333333334

m: 3.5

Residual: 0.43381037064270345


epsilon: 0.6758333333333334

m: 3.6666666666666665

Residual: 0.3695672274260187


epsilon: 0.6758333333333334

m: 3.833333333333333

Residual: 0.325358303727524


epsilon: 0.6758333333333334

m: 4.0

Residual: 0.3049110693818031


epsilon: 0.6758333333333334

m: 4.166666666666666

Residual: 0.3126048345859242


epsilon: 0.6758333333333334

m: 4.333333333333333

Residual: 0.3484090184077286


epsilon: 0.6758333333333334

m: 4.5

Residual: 0.41102993659432413


epsilon: 0.6758333333333334

m: 4.666666666666666

Residual: 0.4921605162532189


epsilon: 0.6758333333333334

m: 4.833333333333333

Residual: 0.5689562947369818


epsilon: 0.6758333333333334

m: 5.0

Residual: 0.6336942935013335


epsilon: 0.6758333333333334

m: 5.166666666666666

Residual: 0.6877355901455574


epsilon: 0.6758333333333334

m: 5.333333333333333

Residual: 0.7337589182186535


epsilon: 0.6758333333333334

m: 5.5

Residual: 0.7711060325792662


epsilon: 0.6758333333333334

m: 5.666666666666666

Residual: 0.8024308822499563


epsilon: 0.6758333333333334

m: 5.833333333333333

Residual: 0.8295834020459684


epsilon: 0.6758333333333334

m: 6.0

Residual: 0.8502199358758942


epsilon: 0.6758333333333334

m: 6.166666666666666

Residual: 0.8686534375222675


epsilon: 0.6758333333333334

m: 6.333333333333333

Residual: 0.8849192471364346


epsilon: 0.6758333333333334

m: 6.5

Residual: 0.8980038391258001


epsilon: 0.6758333333333334

m: 6.666666666666666

Residual: 0.9077407837316446


epsilon: 0.6758333333333334

m: 6.833333333333333

Residual: 0.9180159366614417


epsilon: 0.6758333333333334

m: 7.0

Residual: 0.9265055677138915


epsilon: 1.00875

m: 3.0

Residual: 0.7714288254177468


epsilon: 1.00875

m: 3.1666666666666665

Residual: 0.6991049362264788


epsilon: 1.00875

m: 3.3333333333333335

Residual: 0.614618128277304


epsilon: 1.00875

m: 3.5

Residual: 0.5286665328354296


epsilon: 1.00875

m: 3.6666666666666665

Residual: 0.4461389006239228


epsilon: 1.00875

m: 3.833333333333333

Residual: 0.371849458544865


epsilon: 1.00875

m: 4.0

Residual: 0.31460616484047355


epsilon: 1.00875

m: 4.166666666666666

Residual: 0.2782984100270347


epsilon: 1.00875

m: 4.333333333333333

Residual: 0.26849535525318696


epsilon: 1.00875

m: 4.5

Residual: 0.28790716076458284


epsilon: 1.00875

m: 4.666666666666666

Residual: 0.3398505098751535


epsilon: 1.00875

m: 4.833333333333333

Residual: 0.41814314381140394


epsilon: 1.00875

m: 5.0

Residual: 0.4987021071789274


epsilon: 1.00875

m: 5.166666666666666

Residual: 0.5675677235455482


epsilon: 1.00875

m: 5.333333333333333

Residual: 0.6265991160003362


epsilon: 1.00875

m: 5.5

Residual: 0.6768306022388761


epsilon: 1.00875

m: 5.666666666666666

Residual: 0.719349280398154


epsilon: 1.00875

m: 5.833333333333333

Residual: 0.7548277737324781


epsilon: 1.00875

m: 6.0

Residual: 0.7854811638163953


epsilon: 1.00875

m: 6.166666666666666

Residual: 0.8094815385512156


epsilon: 1.00875

m: 6.333333333333333

Residual: 0.8326761570740734


epsilon: 1.00875

m: 6.5

Residual: 0.8506722510302623


epsilon: 1.00875

m: 6.666666666666666

Residual: 0.8673680986494897


epsilon: 1.00875

m: 6.833333333333333

Residual: 0.880858414097514


epsilon: 1.00875

m: 7.0

Residual: 0.890913410855879


epsilon: 1.3416666666666668

m: 3.0

Residual: 0.8231304798775482


epsilon: 1.3416666666666668

m: 3.1666666666666665

Residual: 0.7650042165862445


epsilon: 1.3416666666666668

m: 3.3333333333333335

Residual: 0.693247968111529


epsilon: 1.3416666666666668

m: 3.5

Residual: 0.60750386535376


epsilon: 1.3416666666666668

m: 3.6666666666666665

Residual: 0.5205547758650179


epsilon: 1.3416666666666668

m: 3.833333333333333

Residual: 0.43604070038353854


epsilon: 1.3416666666666668

m: 4.0

Residual: 0.3595881261563827


epsilon: 1.3416666666666668

m: 4.166666666666666

Residual: 0.2975715913874903


epsilon: 1.3416666666666668

m: 4.333333333333333

Residual: 0.25604641474487666


epsilon: 1.3416666666666668

m: 4.5

Residual: 0.24000693089431602


epsilon: 1.3416666666666668

m: 4.666666666666666

Residual: 0.2540787261936701


epsilon: 1.3416666666666668

m: 4.833333333333333

Residual: 0.30339811047557663


epsilon: 1.3416666666666668

m: 5.0

Residual: 0.38396274666207586


epsilon: 1.3416666666666668

m: 5.166666666666666

Residual: 0.46390365466100125


epsilon: 1.3416666666666668

m: 5.333333333333333

Residual: 0.532167031464408


epsilon: 1.3416666666666668

m: 5.5

Residual: 0.5910016697369234


epsilon: 1.3416666666666668

m: 5.666666666666666

Residual: 0.6430827277581154


epsilon: 1.3416666666666668

m: 5.833333333333333

Residual: 0.685482628821484


epsilon: 1.3416666666666668

m: 6.0

Residual: 0.7241604972236503


epsilon: 1.3416666666666668

m: 6.166666666666666

Residual: 0.753718742621294


epsilon: 1.3416666666666668

m: 6.333333333333333

Residual: 0.7823134814555049


epsilon: 1.3416666666666668

m: 6.5

Residual: 0.8047094840118972


epsilon: 1.3416666666666668

m: 6.666666666666666

Residual: 0.8263390211497157


epsilon: 1.3416666666666668

m: 6.833333333333333

Residual: 0.8431896209180905


epsilon: 1.3416666666666668

m: 7.0

Residual: 0.8582200791951319


epsilon: 1.6745833333333335

m: 3.0

Residual: 0.855761295511598


epsilon: 1.6745833333333335

m: 3.1666666666666665

Residual: 0.8071899525925251


epsilon: 1.6745833333333335

m: 3.3333333333333335

Residual: 0.7464757234256457


epsilon: 1.6745833333333335

m: 3.5

Residual: 0.672683457830528


epsilon: 1.6745833333333335

m: 3.6666666666666665

Residual: 0.5858380863139085


epsilon: 1.6745833333333335

m: 3.833333333333333

Residual: 0.497187520251575


epsilon: 1.6745833333333335

m: 4.0

Residual: 0.4124742515170992


epsilon: 1.6745833333333335

m: 4.166666666666666

Residual: 0.3364116902355186


epsilon: 1.6745833333333335

m: 4.333333333333333

Residual: 0.2742363894430782


epsilon: 1.6745833333333335

m: 4.5

Residual: 0.23244638443414894


epsilon: 1.6745833333333335

m: 4.666666666666666

Residual: 0.21651685239374166


epsilon: 1.6745833333333335

m: 4.833333333333333

Residual: 0.23165299652051355


epsilon: 1.6745833333333335

m: 5.0

Residual: 0.28784984976421624


epsilon: 1.6745833333333335

m: 5.166666666666666

Residual: 0.37204635582120654


epsilon: 1.6745833333333335

m: 5.333333333333333

Residual: 0.44886224972427646


epsilon: 1.6745833333333335

m: 5.5

Residual: 0.5156323922433402


epsilon: 1.6745833333333335

m: 5.666666666666666

Residual: 0.5728939807116434


epsilon: 1.6745833333333335

m: 5.833333333333333

Residual: 0.622480347883942


epsilon: 1.6745833333333335

m: 6.0

Residual: 0.6672476033182373


epsilon: 1.6745833333333335

m: 6.166666666666666

Residual: 0.7043054059177278


epsilon: 1.6745833333333335

m: 6.333333333333333

Residual: 0.735250419262481


epsilon: 1.6745833333333335

m: 6.5

Residual: 0.7633393251023445


epsilon: 1.6745833333333335

m: 6.666666666666666

Residual: 0.7894397614066305


epsilon: 1.6745833333333335

m: 6.833333333333333

Residual: 0.8094834854145407


epsilon: 1.6745833333333335

m: 7.0

Residual: 0.8289267229545331


epsilon: 2.0075

m: 3.0

Residual: 0.8782255882133384


epsilon: 2.0075

m: 3.1666666666666665

Residual: 0.8365631575227852


epsilon: 2.0075

m: 3.3333333333333335

Residual: 0.7840000285993756


epsilon: 2.0075

m: 3.5

Residual: 0.7194425910529215


epsilon: 2.0075

m: 3.6666666666666665

Residual: 0.6422131924459891


epsilon: 2.0075

m: 3.833333333333333

Residual: 0.5529685033555972


epsilon: 2.0075

m: 4.0

Residual: 0.46412778877085703


epsilon: 2.0075

m: 4.166666666666666

Residual: 0.3810743976217774


epsilon: 2.0075

m: 4.333333333333333

Residual: 0.3059486201507623


epsilon: 2.0075

m: 4.5

Residual: 0.24618790007294533


epsilon: 2.0075

m: 4.666666666666666

Residual: 0.20785509261468998


epsilon: 2.0075

m: 4.833333333333333

Residual: 0.1958152857953893


epsilon: 2.0075

m: 5.0

Residual: 0.21942693508505065


epsilon: 2.0075

m: 5.166666666666666

Residual: 0.29153774060353227


epsilon: 2.0075

m: 5.333333333333333

Residual: 0.372897813884761


epsilon: 2.0075

m: 5.5

Residual: 0.4455209157150058


epsilon: 2.0075

m: 5.666666666666666

Residual: 0.5088759773813799


epsilon: 2.0075

m: 5.833333333333333

Residual: 0.5634947632240392


epsilon: 2.0075

m: 6.0

Residual: 0.6131919883215965


epsilon: 2.0075

m: 6.166666666666666

Residual: 0.6534784174908949


epsilon: 2.0075

m: 6.333333333333333

Residual: 0.6921274935212445


epsilon: 2.0075

m: 6.5

Residual: 0.7234675265829323


epsilon: 2.0075

m: 6.666666666666666

Residual: 0.7510219410468426


epsilon: 2.0075

m: 6.833333333333333

Residual: 0.775149523390786


epsilon: 2.0075

m: 7.0

Residual: 0.7940466430961166


epsilon: 2.3404166666666666

m: 3.0

Residual: 0.8946418139375242


epsilon: 2.3404166666666666

m: 3.1666666666666665

Residual: 0.8581542265603411


epsilon: 2.3404166666666666

m: 3.3333333333333335

Residual: 0.8118461383792965


epsilon: 2.3404166666666666

m: 3.5

Residual: 0.7544003844632362


epsilon: 2.3404166666666666

m: 3.6666666666666665

Residual: 0.6850203757769252


epsilon: 2.3404166666666666

m: 3.833333333333333

Residual: 0.6039070869482751


epsilon: 2.3404166666666666

m: 4.0

Residual: 0.5130719388105857


epsilon: 2.3404166666666666

m: 4.166666666666666

Residual: 0.42487473272633175


epsilon: 2.3404166666666666

m: 4.333333333333333

Residual: 0.34255708333906465


epsilon: 2.3404166666666666

m: 4.5

Residual: 0.27049572191788174


epsilon: 2.3404166666666666

m: 4.666666666666666

Residual: 0.21671201020075734


epsilon: 2.3404166666666666

m: 4.833333333333333

Residual: 0.18300976241644673


epsilon: 2.3404166666666666

m: 5.0

Residual: 0.18017029710852786


epsilon: 2.3404166666666666

m: 5.166666666666666

Residual: 0.22196650663833903


epsilon: 2.3404166666666666

m: 5.333333333333333

Residual: 0.3047344417380794


epsilon: 2.3404166666666666

m: 5.5

Residual: 0.38290806290763774


epsilon: 2.3404166666666666

m: 5.666666666666666

Residual: 0.44942209535626254


epsilon: 2.3404166666666666

m: 5.833333333333333

Residual: 0.5111387889937818


epsilon: 2.3404166666666666

m: 6.0

Residual: 0.5608420134546511


epsilon: 2.3404166666666666

m: 6.166666666666666

Residual: 0.6116678612943979


epsilon: 2.3404166666666666

m: 6.333333333333333

Residual: 0.6503541036027531


epsilon: 2.3404166666666666

m: 6.5

Residual: 0.6847892127911175


epsilon: 2.3404166666666666

m: 6.666666666666666

Residual: 0.7151219923619001


epsilon: 2.3404166666666666

m: 6.833333333333333

Residual: 0.743610919973001


epsilon: 2.3404166666666666

m: 7.0

Residual: 0.7677605126660085


epsilon: 2.6733333333333333

m: 3.0

Residual: 0.90714491863141


epsilon: 2.6733333333333333

m: 3.1666666666666665

Residual: 0.8747266427379494


epsilon: 2.6733333333333333

m: 3.3333333333333335

Residual: 0.8333069878415869


epsilon: 2.6733333333333333

m: 3.5

Residual: 0.7816935795585689


epsilon: 2.6733333333333333

m: 3.6666666666666665

Residual: 0.7188458531370119


epsilon: 2.6733333333333333

m: 3.833333333333333

Residual: 0.6444300845113885


epsilon: 2.6733333333333333

m: 4.0

Residual: 0.5591252325099821


epsilon: 2.6733333333333333

m: 4.166666666666666

Residual: 0.46803857783490854


epsilon: 2.6733333333333333

m: 4.333333333333333

Residual: 0.38024011515205314


epsilon: 2.6733333333333333

m: 4.5

Residual: 0.30146810447711553


epsilon: 2.6733333333333333

m: 4.666666666666666

Residual: 0.23421443889141377


epsilon: 2.6733333333333333

m: 4.833333333333333

Residual: 0.18652471919010633


epsilon: 2.6733333333333333

m: 5.0

Residual: 0.1619510927157958


epsilon: 2.6733333333333333

m: 5.166666666666666

Residual: 0.1722215014054018


epsilon: 2.6733333333333333

m: 5.333333333333333

Residual: 0.24388249472030743


epsilon: 2.6733333333333333

m: 5.5

Residual: 0.3232736851670163


epsilon: 2.6733333333333333

m: 5.666666666666666

Residual: 0.39544610952983006


epsilon: 2.6733333333333333

m: 5.833333333333333

Residual: 0.4601584177248847


epsilon: 2.6733333333333333

m: 6.0

Residual: 0.5145239074207215


epsilon: 2.6733333333333333

m: 6.166666666666666

Residual: 0.5658937649625959


epsilon: 2.6733333333333333

m: 6.333333333333333

Residual: 0.6098592332268827


epsilon: 2.6733333333333333

m: 6.5

Residual: 0.6466856328844307


epsilon: 2.6733333333333333

m: 6.666666666666666

Residual: 0.6807438757807643


epsilon: 2.6733333333333333

m: 6.833333333333333

Residual: 0.7114297343486057


epsilon: 2.6733333333333333

m: 7.0

Residual: 0.7364762168407732


epsilon: 3.00625

m: 3.0

Residual: 0.9169995650016625


epsilon: 3.00625

m: 3.1666666666666665

Residual: 0.8878109955745392


epsilon: 3.00625

m: 3.3333333333333335

Residual: 0.8503833380024152


epsilon: 3.00625

m: 3.5

Residual: 0.803474870406242


epsilon: 3.00625

m: 3.6666666666666665

Residual: 0.7459947108844872


epsilon: 3.00625

m: 3.833333333333333

Residual: 0.6775516298539568


epsilon: 3.00625

m: 4.0

Residual: 0.5981821063751385


epsilon: 3.00625

m: 4.166666666666666

Residual: 0.5090663532961277


epsilon: 3.00625

m: 4.333333333333333

Residual: 0.4184941972205874


epsilon: 3.00625

m: 4.5

Residual: 0.33402360643455353


epsilon: 3.00625

m: 4.666666666666666

Residual: 0.26095700449469855


epsilon: 3.00625

m: 4.833333333333333

Residual: 0.19873236385242357


epsilon: 3.00625

m: 5.0

Residual: 0.15880434793057424


epsilon: 3.00625

m: 5.166666666666666

Residual: 0.1454978179321635


epsilon: 3.00625

m: 5.333333333333333

Residual: 0.18691146118680596


epsilon: 3.00625

m: 5.5

Residual: 0.27152448107964366


epsilon: 3.00625

m: 5.666666666666666

Residual: 0.3448142088600242


epsilon: 3.00625

m: 5.833333333333333

Residual: 0.4130809625065113


epsilon: 3.00625

m: 6.0

Residual: 0.47149490265316985


epsilon: 3.00625

m: 6.166666666666666

Residual: 0.5248602287954849


epsilon: 3.00625

m: 6.333333333333333

Residual: 0.5709666201884253


epsilon: 3.00625

m: 6.5

Residual: 0.613006976469701


epsilon: 3.00625

m: 6.666666666666666

Residual: 0.6530328059755139


epsilon: 3.00625

m: 6.833333333333333

Residual: 0.6829278917149034


epsilon: 3.00625

m: 7.0

Residual: 0.7105717014944701


epsilon: 3.339166666666667

m: 3.0

Residual: 0.9249658136359382


epsilon: 3.339166666666667

m: 3.1666666666666665

Residual: 0.8984319975682281


epsilon: 3.339166666666667

m: 3.3333333333333335

Residual: 0.86429296401068


epsilon: 3.339166666666667

m: 3.5

Residual: 0.821332581153905


epsilon: 3.339166666666667

m: 3.6666666666666665

Residual: 0.7682979779904994


epsilon: 3.339166666666667

m: 3.833333333333333

Residual: 0.7049098040718893


epsilon: 3.339166666666667

m: 4.0

Residual: 0.6308451178632636


epsilon: 3.339166666666667

m: 4.166666666666666

Residual: 0.5469827636888109


epsilon: 3.339166666666667

m: 4.333333333333333

Residual: 0.4545132173993927


epsilon: 3.339166666666667

m: 4.5

Residual: 0.3673505382122495


epsilon: 3.339166666666667

m: 4.666666666666666

Residual: 0.28607422693808315


epsilon: 3.339166666666667

m: 4.833333333333333

Residual: 0.22007580013814498


epsilon: 3.339166666666667

m: 5.0

Residual: 0.16433711340632542


epsilon: 3.339166666666667

m: 5.166666666666666

Residual: 0.1360922688672623


epsilon: 3.339166666666667

m: 5.333333333333333

Residual: 0.14270489270002804


epsilon: 3.339166666666667

m: 5.5

Residual: 0.22073355411743995


epsilon: 3.339166666666667

m: 5.666666666666666

Residual: 0.29653615802556477


epsilon: 3.339166666666667

m: 5.833333333333333

Residual: 0.3676503463467108


epsilon: 3.339166666666667

m: 6.0

Residual: 0.4288934743995604


epsilon: 3.339166666666667

m: 6.166666666666666

Residual: 0.48553765064189547


epsilon: 3.339166666666667

m: 6.333333333333333

Residual: 0.5337186533068922


epsilon: 3.339166666666667

m: 6.5

Residual: 0.5788565345575105


epsilon: 3.339166666666667

m: 6.666666666666666

Residual: 0.6177405338444245


epsilon: 3.339166666666667

m: 6.833333333333333

Residual: 0.65239628308939


epsilon: 3.339166666666667

m: 7.0

Residual: 0.6851207820037856


epsilon: 3.6720833333333336

m: 3.0

Residual: 0.9315384045989517


epsilon: 3.6720833333333336

m: 3.1666666666666665

Residual: 0.9072094673833588


epsilon: 3.6720833333333336

m: 3.3333333333333335

Residual: 0.875830677589937


epsilon: 3.6720833333333336

m: 3.5

Residual: 0.8361623653159687


epsilon: 3.6720833333333336

m: 3.6666666666666665

Residual: 0.7871051612040196


epsilon: 3.6720833333333336

m: 3.833333333333333

Residual: 0.7279807590871105


epsilon: 3.6720833333333336

m: 4.0

Residual: 0.6585651483490155


epsilon: 3.6720833333333336

m: 4.166666666666666

Residual: 0.579374423144477


epsilon: 3.6720833333333336

m: 4.333333333333333

Residual: 0.49152674329507884


epsilon: 3.6720833333333336

m: 4.5

Residual: 0.40108728928441206


epsilon: 3.6720833333333336

m: 4.666666666666666

Residual: 0.31515340968780386


epsilon: 3.6720833333333336

m: 4.833333333333333

Residual: 0.2411609754621825


epsilon: 3.6720833333333336

m: 5.0

Residual: 0.1771614887024328


epsilon: 3.6720833333333336

m: 5.166666666666666

Residual: 0.135192949475692


epsilon: 3.6720833333333336

m: 5.333333333333333

Residual: 0.1196024999153415


epsilon: 3.6720833333333336

m: 5.5

Residual: 0.17436038031541895


epsilon: 3.6720833333333336

m: 5.666666666666666

Residual: 0.2547320457524432


epsilon: 3.6720833333333336

m: 5.833333333333333

Residual: 0.32493347183937715


epsilon: 3.6720833333333336

m: 6.0

Residual: 0.38854430485713903


epsilon: 3.6720833333333336

m: 6.166666666666666

Residual: 0.4488717982801787


epsilon: 3.6720833333333336

m: 6.333333333333333

Residual: 0.5033543921546577


epsilon: 3.6720833333333336

m: 6.5

Residual: 0.545454513642096


epsilon: 3.6720833333333336

m: 6.666666666666666

Residual: 0.588261057711377


epsilon: 3.6720833333333336

m: 6.833333333333333

Residual: 0.6236686079816949


epsilon: 3.6720833333333336

m: 7.0

Residual: 0.6585506183611957


epsilon: 4.005

m: 3.0

Residual: 0.9370488407328392


epsilon: 4.005

m: 3.1666666666666665

Residual: 0.9145897159463259


epsilon: 4.005

m: 3.3333333333333335

Residual: 0.8855517518691317


epsilon: 4.005

m: 3.5

Residual: 0.8487452577249437


epsilon: 4.005

m: 3.6666666666666665

Residual: 0.8030485385668908


epsilon: 4.005

m: 3.833333333333333

Residual: 0.7477732660459918


epsilon: 4.005

m: 4.0

Residual: 0.682543397132559


epsilon: 4.005

m: 4.166666666666666

Residual: 0.607505534726446


epsilon: 4.005

m: 4.333333333333333

Residual: 0.5238110396904301


epsilon: 4.005

m: 4.5

Residual: 0.4329236178774809


epsilon: 4.005

m: 4.666666666666666

Residual: 0.3446774293222882


epsilon: 4.005

m: 4.833333333333333

Residual: 0.26397143037174847


epsilon: 4.005

m: 5.0

Residual: 0.19620842771820637


epsilon: 4.005

m: 5.166666666666666

Residual: 0.1425645209433712


epsilon: 4.005

m: 5.333333333333333

Residual: 0.1104988491031824


epsilon: 4.005

m: 5.5

Residual: 0.13365516059801552


epsilon: 4.005

m: 5.666666666666666

Residual: 0.2137429917053417


epsilon: 4.005

m: 5.833333333333333

Residual: 0.28714925208391656


epsilon: 4.005

m: 6.0

Residual: 0.3515073915250452


epsilon: 4.005

m: 6.166666666666666

Residual: 0.41162631034055097


epsilon: 4.005

m: 6.333333333333333

Residual: 0.4645349837057275


epsilon: 4.005

m: 6.5

Residual: 0.5139314270955428


epsilon: 4.005

m: 6.666666666666666

Residual: 0.5586739443063676


epsilon: 4.005

m: 6.833333333333333

Residual: 0.5952877666531341


epsilon: 4.005

m: 7.0

Residual: 0.6297696386885007


epsilon: 4.337916666666667

m: 3.0

Residual: 0.9417389996022392


epsilon: 4.337916666666667

m: 3.1666666666666665

Residual: 0.9208929631822745


epsilon: 4.337916666666667

m: 3.3333333333333335

Residual: 0.8938860134777313


epsilon: 4.337916666666667

m: 3.5

Residual: 0.8595607289485798


epsilon: 4.337916666666667

m: 3.6666666666666665

Residual: 0.8168140407362624


epsilon: 4.337916666666667

m: 3.833333333333333

Residual: 0.7649238862990201


epsilon: 4.337916666666667

m: 4.0

Residual: 0.7031806375577275


epsilon: 4.337916666666667

m: 4.166666666666666

Residual: 0.6319851361806047


epsilon: 4.337916666666667

m: 4.333333333333333

Residual: 0.5520383013036031


epsilon: 4.337916666666667

m: 4.5

Residual: 0.46461907462942753


epsilon: 4.337916666666667

m: 4.666666666666666

Residual: 0.3742093794087339


epsilon: 4.337916666666667

m: 4.833333333333333

Residual: 0.2904316917431098


epsilon: 4.337916666666667

m: 5.0

Residual: 0.2151939993023802


epsilon: 4.337916666666667

m: 5.166666666666666

Residual: 0.1552091952965799


epsilon: 4.337916666666667

m: 5.333333333333333

Residual: 0.1116391539490029


epsilon: 4.337916666666667

m: 5.5

Residual: 0.09882785612738458


epsilon: 4.337916666666667

m: 5.666666666666666

Residual: 0.17208985606564342


epsilon: 4.337916666666667

m: 5.833333333333333

Residual: 0.24942270802283767


epsilon: 4.337916666666667

m: 6.0

Residual: 0.3177410077494926


epsilon: 4.337916666666667

m: 6.166666666666666

Residual: 0.37934801993363837


epsilon: 4.337916666666667

m: 6.333333333333333

Residual: 0.4351356255414872


epsilon: 4.337916666666667

m: 6.5

Residual: 0.48550304472250844


epsilon: 4.337916666666667

m: 6.666666666666666

Residual: 0.5290766749676874


epsilon: 4.337916666666667

m: 6.833333333333333

Residual: 0.568683399542927


epsilon: 4.337916666666667

m: 7.0

Residual: 0.6049984875078631


epsilon: 4.670833333333333

m: 3.0

Residual: 0.9457827205803796


epsilon: 4.670833333333333

m: 3.1666666666666665

Residual: 0.9263193345687234


epsilon: 4.670833333333333

m: 3.3333333333333335

Residual: 0.9010743420708897


epsilon: 4.670833333333333

m: 3.5

Residual: 0.8688952677884807


epsilon: 4.670833333333333

m: 3.6666666666666665

Residual: 0.8287579595187526


epsilon: 4.670833333333333

m: 3.833333333333333

Residual: 0.7797764368512727


epsilon: 4.670833333333333

m: 4.0

Residual: 0.7213711428013749


epsilon: 4.670833333333333

m: 4.166666666666666

Residual: 0.6537688133575141


epsilon: 4.670833333333333

m: 4.333333333333333

Residual: 0.5770643993565974


epsilon: 4.670833333333333

m: 4.5

Residual: 0.4934696882319169


epsilon: 4.670833333333333

m: 4.666666666666666

Residual: 0.40338553668879185


epsilon: 4.670833333333333

m: 4.833333333333333

Residual: 0.3166273880206802


epsilon: 4.670833333333333

m: 5.0

Residual: 0.23754662717743888


epsilon: 4.670833333333333

m: 5.166666666666666

Residual: 0.16951855002379831


epsilon: 4.670833333333333

m: 5.333333333333333

Residual: 0.11745509771633472


epsilon: 4.670833333333333

m: 5.5

Residual: 0.08826422932608743


epsilon: 4.670833333333333

m: 5.666666666666666

Residual: 0.1382300268975057


epsilon: 4.670833333333333

m: 5.833333333333333

Residual: 0.21486549169122018


epsilon: 4.670833333333333

m: 6.0

Residual: 0.28249530109965115


epsilon: 4.670833333333333

m: 6.166666666666666

Residual: 0.34780655932896687


epsilon: 4.670833333333333

m: 6.333333333333333

Residual: 0.40515679609444344


epsilon: 4.670833333333333

m: 6.5

Residual: 0.45487573207372367


epsilon: 4.670833333333333

m: 6.666666666666666

Residual: 0.5014899621633286


epsilon: 4.670833333333333

m: 6.833333333333333

Residual: 0.5456382829175142


epsilon: 4.670833333333333

m: 7.0

Residual: 0.5822071492170213


epsilon: 5.00375

m: 3.0

Residual: 0.9492930557755569


epsilon: 5.00375

m: 3.1666666666666665

Residual: 0.9310551792585096


epsilon: 5.00375

m: 3.3333333333333335

Residual: 0.9073561334941248


epsilon: 5.00375

m: 3.5

Residual: 0.8770806887251779


epsilon: 5.00375

m: 3.6666666666666665

Residual: 0.8392336879442117


epsilon: 5.00375

m: 3.833333333333333

Residual: 0.7929032770780324


epsilon: 5.00375

m: 4.0

Residual: 0.737496174037078


epsilon: 5.00375

m: 4.166666666666666

Residual: 0.6730127141623709


epsilon: 5.00375

m: 4.333333333333333

Residual: 0.599696450778454


epsilon: 5.00375

m: 4.5

Residual: 0.5189428086879293


epsilon: 5.00375

m: 4.666666666666666

Residual: 0.4316770784050846


epsilon: 5.00375

m: 4.833333333333333

Residual: 0.34169889759506406


epsilon: 5.00375

m: 5.0

Residual: 0.25973011581481603


epsilon: 5.00375

m: 5.166666666666666

Residual: 0.18763393632517267


epsilon: 5.00375

m: 5.333333333333333

Residual: 0.12898741871610206


epsilon: 5.00375

m: 5.5

Residual: 0.08885712238347052


epsilon: 5.00375

m: 5.666666666666666

Residual: 0.10400057844467316


epsilon: 5.00375

m: 5.833333333333333

Residual: 0.1784746232459733


epsilon: 5.00375

m: 6.0

Residual: 0.25318154609179433


epsilon: 5.00375

m: 6.166666666666666

Residual: 0.3186242233866818


epsilon: 5.00375

m: 6.333333333333333

Residual: 0.37632785407075986


epsilon: 5.00375

m: 6.5

Residual: 0.4250496407892497


epsilon: 5.00375

m: 6.666666666666666

Residual: 0.4767699270015564


epsilon: 5.00375

m: 6.833333333333333

Residual: 0.5196210967184958


epsilon: 5.00375

m: 7.0

Residual: 0.5552422263551302


epsilon: 5.336666666666667

m: 3.0

Residual: 0.9523863199378428


epsilon: 5.336666666666667

m: 3.1666666666666665

Residual: 0.9352166984035764


epsilon: 5.336666666666667

m: 3.3333333333333335

Residual: 0.912880032313304


epsilon: 5.336666666666667

m: 3.5

Residual: 0.8843115710226737


epsilon: 5.336666666666667

m: 3.6666666666666665

Residual: 0.8484681815548343


epsilon: 5.336666666666667

m: 3.833333333333333

Residual: 0.8045026729667689


epsilon: 5.336666666666667

m: 4.0

Residual: 0.7517902211626905


epsilon: 5.336666666666667

m: 4.166666666666666

Residual: 0.6902082122030858


epsilon: 5.336666666666667

m: 4.333333333333333

Residual: 0.6199723367364721


epsilon: 5.336666666666667

m: 4.5

Residual: 0.5418476572587428


epsilon: 5.336666666666667

m: 4.666666666666666

Residual: 0.45808964988996675


epsilon: 5.336666666666667

m: 4.833333333333333

Residual: 0.3695255702446452


epsilon: 5.336666666666667

m: 5.0

Residual: 0.2835244527274151


epsilon: 5.336666666666667

m: 5.166666666666666

Residual: 0.20636594198385289


epsilon: 5.336666666666667

m: 5.333333333333333

Residual: 0.1419600328051873


epsilon: 5.336666666666667

m: 5.5

Residual: 0.09158328866732095


epsilon: 5.336666666666667

m: 5.666666666666666

Residual: 0.07496669023419338


epsilon: 5.336666666666667

m: 5.833333333333333

Residual: 0.14978291454639403


epsilon: 5.336666666666667

m: 6.0

Residual: 0.2205707889570061


epsilon: 5.336666666666667

m: 6.166666666666666

Residual: 0.28482263818582143


epsilon: 5.336666666666667

m: 6.333333333333333

Residual: 0.3464329800703266


epsilon: 5.336666666666667

m: 6.5

Residual: 0.4033845419155759


epsilon: 5.336666666666667

m: 6.666666666666666

Residual: 0.4501917483750242


epsilon: 5.336666666666667

m: 6.833333333333333

Residual: 0.49262608558602833


epsilon: 5.336666666666667

m: 7.0

Residual: 0.5323796184364129


epsilon: 5.669583333333334

m: 3.0

Residual: 0.9551165162910333


epsilon: 5.669583333333334

m: 3.1666666666666665

Residual: 0.9389114171610873


epsilon: 5.669583333333334

m: 3.3333333333333335

Residual: 0.9177822742749487


epsilon: 5.669583333333334

m: 3.5

Residual: 0.8907203057157623


epsilon: 5.669583333333334

m: 3.6666666666666665

Residual: 0.8567459081197962


epsilon: 5.669583333333334

m: 3.833333333333333

Residual: 0.8150140029343158


epsilon: 5.669583333333334

m: 4.0

Residual: 0.7647886333720721


epsilon: 5.669583333333334

m: 4.166666666666666

Residual: 0.7057191077769147


epsilon: 5.669583333333334

m: 4.333333333333333

Residual: 0.6381126719821625


epsilon: 5.669583333333334

m: 4.5

Residual: 0.5630399581664496


epsilon: 5.669583333333334

m: 4.666666666666666

Residual: 0.48111375074328516


epsilon: 5.669583333333334

m: 4.833333333333333

Residual: 0.3958536663776792


epsilon: 5.669583333333334

m: 5.0

Residual: 0.30518844264301176


epsilon: 5.669583333333334

m: 5.166666666666666

Residual: 0.22592800651812003


epsilon: 5.669583333333334

m: 5.333333333333333

Residual: 0.156390929324535


epsilon: 5.669583333333334

m: 5.5

Residual: 0.10203878251271334


epsilon: 5.669583333333334

m: 5.666666666666666

Residual: 0.06655898068941905


epsilon: 5.669583333333334

m: 5.833333333333333

Residual: 0.12015457014391889


epsilon: 5.669583333333334

m: 6.0

Residual: 0.19442672135188785


epsilon: 5.669583333333334

m: 6.166666666666666

Residual: 0.2605032226059751


epsilon: 5.669583333333334

m: 6.333333333333333

Residual: 0.31935357357343036


epsilon: 5.669583333333334

m: 6.5

Residual: 0.37384794892212525


epsilon: 5.669583333333334

m: 6.666666666666666

Residual: 0.42579448355067323


epsilon: 5.669583333333334

m: 6.833333333333333

Residual: 0.470199607896978


epsilon: 5.669583333333334

m: 7.0

Residual: 0.5135708386900373


epsilon: 6.0025

m: 3.0

Residual: 0.9575519585760015


epsilon: 6.0025

m: 3.1666666666666665

Residual: 0.9421968972401639


epsilon: 6.0025

m: 3.3333333333333335

Residual: 0.9221483419053574


epsilon: 6.0025

m: 3.5

Residual: 0.8964779486780322


epsilon: 6.0025

m: 3.6666666666666665

Residual: 0.8641559515315799


epsilon: 6.0025

m: 3.833333333333333

Residual: 0.8243825038456981


epsilon: 6.0025

m: 4.0

Residual: 0.7763714952239867


epsilon: 6.0025

m: 4.166666666666666

Residual: 0.7198388480291907


epsilon: 6.0025

m: 4.333333333333333

Residual: 0.6548012979862963


epsilon: 6.0025

m: 4.5

Residual: 0.5820356828703326


epsilon: 6.0025

m: 4.666666666666666

Residual: 0.5027706261808694


epsilon: 6.0025

m: 4.833333333333333

Residual: 0.4190160112290723


epsilon: 6.0025

m: 5.0

Residual: 0.33128922685489964


epsilon: 6.0025

m: 5.166666666666666

Residual: 0.24791284724971524


epsilon: 6.0025

m: 5.333333333333333

Residual: 0.17238329751284975


epsilon: 6.0025

m: 5.5

Residual: 0.11352836847383951


epsilon: 6.0025

m: 5.666666666666666

Residual: 0.06701140183973138


epsilon: 6.0025

m: 5.833333333333333

Residual: 0.09219142235900143


epsilon: 6.0025

m: 6.0

Residual: 0.16648701640379907


epsilon: 6.0025

m: 6.166666666666666

Residual: 0.23409219882530288


epsilon: 6.0025

m: 6.333333333333333

Residual: 0.29203994460305793


epsilon: 6.0025

m: 6.5

Residual: 0.3530042107958755


epsilon: 6.0025

m: 6.666666666666666

Residual: 0.40079025465491525


epsilon: 6.0025

m: 6.833333333333333

Residual: 0.44621496676117767


epsilon: 6.0025

m: 7.0

Residual: 0.4953478207279052


epsilon: 6.335416666666667

m: 3.0

Residual: 0.9597393887017531


epsilon: 6.335416666666667

m: 3.1666666666666665

Residual: 0.9451449234213956


epsilon: 6.335416666666667

m: 3.3333333333333335

Residual: 0.9261066242957203


epsilon: 6.335416666666667

m: 3.5

Residual: 0.9016524331293412


epsilon: 6.335416666666667

m: 3.6666666666666665

Residual: 0.8708481922440433


epsilon: 6.335416666666667

m: 3.833333333333333

Residual: 0.8328103920107668


epsilon: 6.335416666666667

m: 4.0

Residual: 0.7867939300098028


epsilon: 6.335416666666667

m: 4.166666666666666

Residual: 0.7327036856303564


epsilon: 6.335416666666667

m: 4.333333333333333

Residual: 0.6702086385401442


epsilon: 6.335416666666667

m: 4.5

Residual: 0.5999482483105061


epsilon: 6.335416666666667

m: 4.666666666666666

Residual: 0.5224943367474383


epsilon: 6.335416666666667

m: 4.833333333333333

Residual: 0.440744820979649


epsilon: 6.335416666666667

m: 5.0

Residual: 0.35502019568775983


epsilon: 6.335416666666667

m: 5.166666666666666

Residual: 0.26819066586100165


epsilon: 6.335416666666667

m: 5.333333333333333

Residual: 0.19136680977960333


epsilon: 6.335416666666667

m: 5.5

Residual: 0.12520916948134247


epsilon: 6.335416666666667

m: 5.666666666666666

Residual: 0.0737388273639925


epsilon: 6.335416666666667

m: 5.833333333333333

Residual: 0.06731703572756621


epsilon: 6.335416666666667

m: 6.0

Residual: 0.13971500011182572


epsilon: 6.335416666666667

m: 6.166666666666666

Residual: 0.21167342959223664


epsilon: 6.335416666666667

m: 6.333333333333333

Residual: 0.2689404105757991


epsilon: 6.335416666666667

m: 6.5

Residual: 0.32974373529578893


epsilon: 6.335416666666667

m: 6.666666666666666

Residual: 0.3799941541439226


epsilon: 6.335416666666667

m: 6.833333333333333

Residual: 0.42624517875081835


epsilon: 6.335416666666667

m: 7.0

Residual: 0.4723614693037485


epsilon: 6.668333333333334

m: 3.0

Residual: 0.9617108996290374


epsilon: 6.668333333333334

m: 3.1666666666666665

Residual: 0.9478235052801739


epsilon: 6.668333333333334

m: 3.3333333333333335

Residual: 0.9296485404692252


epsilon: 6.668333333333334

m: 3.5

Residual: 0.9063461604217111


epsilon: 6.668333333333334

m: 3.6666666666666665

Residual: 0.8768754059343071


epsilon: 6.668333333333334

m: 3.833333333333333

Residual: 0.8404649158348343


epsilon: 6.668333333333334

m: 4.0

Residual: 0.7964486469928941


epsilon: 6.668333333333334

m: 4.166666666666666

Residual: 0.7441340900167219


epsilon: 6.668333333333334

m: 4.333333333333333

Residual: 0.6839452568201461


epsilon: 6.668333333333334

m: 4.5

Residual: 0.6159647997335864


epsilon: 6.668333333333334

m: 4.666666666666666

Residual: 0.541050349045501


epsilon: 6.668333333333334

m: 4.833333333333333

Residual: 0.4615135448265743


epsilon: 6.668333333333334

m: 5.0

Residual: 0.3768454233718302


epsilon: 6.668333333333334

m: 5.166666666666666

Residual: 0.29170390481799674


epsilon: 6.668333333333334

m: 5.333333333333333

Residual: 0.21140656656084192


epsilon: 6.668333333333334

m: 5.5

Residual: 0.14045437913737863


epsilon: 6.668333333333334

m: 5.666666666666666

Residual: 0.08398075434779174


epsilon: 6.668333333333334

m: 5.833333333333333

Residual: 0.05688081144487073


epsilon: 6.668333333333334

m: 6.0

Residual: 0.11241984692070207


epsilon: 6.668333333333334

m: 6.166666666666666

Residual: 0.18452019386065865


epsilon: 6.668333333333334

m: 6.333333333333333

Residual: 0.24480562131997338


epsilon: 6.668333333333334

m: 6.5

Residual: 0.30383276336001325


epsilon: 6.668333333333334

m: 6.666666666666666

Residual: 0.35903775848874897


epsilon: 6.668333333333334

m: 6.833333333333333

Residual: 0.4114889039629082


epsilon: 6.668333333333334

m: 7.0

Residual: 0.4529195243683272


epsilon: 7.001250000000001

m: 3.0

Residual: 0.9635018709741615


epsilon: 7.001250000000001

m: 3.1666666666666665

Residual: 0.950229158346772


epsilon: 7.001250000000001

m: 3.3333333333333335

Residual: 0.932889975048138


epsilon: 7.001250000000001

m: 3.5

Residual: 0.9105978646902498


epsilon: 7.001250000000001

m: 3.6666666666666665

Residual: 0.8824195484620486


epsilon: 7.001250000000001

m: 3.833333333333333

Residual: 0.8475031624920695


epsilon: 7.001250000000001

m: 4.0

Residual: 0.8051432295156405


epsilon: 7.001250000000001

m: 4.166666666666666

Residual: 0.7548124404524175


epsilon: 7.001250000000001

m: 4.333333333333333

Residual: 0.696754651410417


epsilon: 7.001250000000001

m: 4.5

Residual: 0.6307783295029831


epsilon: 7.001250000000001

m: 4.666666666666666

Residual: 0.5579036702875081


epsilon: 7.001250000000001

m: 4.833333333333333

Residual: 0.48016439463290156


epsilon: 7.001250000000001

m: 5.0

Residual: 0.39849765550813143


epsilon: 7.001250000000001

m: 5.166666666666666

Residual: 0.3134191880804236


epsilon: 7.001250000000001

m: 5.333333333333333

Residual: 0.2301221721437908


epsilon: 7.001250000000001

m: 5.5

Residual: 0.1575423490667526


epsilon: 7.001250000000001

m: 5.666666666666666

Residual: 0.09441379812927618


epsilon: 7.001250000000001

m: 5.833333333333333

Residual: 0.053896594968152384


epsilon: 7.001250000000001

m: 6.0

Residual: 0.08817713214825107


epsilon: 7.001250000000001

m: 6.166666666666666

Residual: 0.15805415602019082


epsilon: 7.001250000000001

m: 6.333333333333333

Residual: 0.22286253083932128


epsilon: 7.001250000000001

m: 6.5

Residual: 0.2811537249164135


epsilon: 7.001250000000001

m: 6.666666666666666

Residual: 0.3367921750774681


epsilon: 7.001250000000001

m: 6.833333333333333

Residual: 0.38760346731708506


epsilon: 7.001250000000001

m: 7.0

Residual: 0.43560430702065156


epsilon: 7.334166666666667

m: 3.0

Residual: 0.9651258036524158


epsilon: 7.334166666666667

m: 3.1666666666666665

Residual: 0.9524423435554601


epsilon: 7.334166666666667

m: 3.3333333333333335

Residual: 0.9358397150045201


epsilon: 7.334166666666667

m: 3.5

Residual: 0.9144727981898212


epsilon: 7.334166666666667

m: 3.6666666666666665

Residual: 0.8874377589801847


epsilon: 7.334166666666667

m: 3.833333333333333

Residual: 0.853927980007656


epsilon: 7.334166666666667

m: 4.0

Residual: 0.8131427036707886


epsilon: 7.334166666666667

m: 4.166666666666666

Residual: 0.7646045650338039


epsilon: 7.334166666666667

m: 4.333333333333333

Residual: 0.7083427728499166


epsilon: 7.334166666666667

m: 4.5

Residual: 0.644930575338718


epsilon: 7.334166666666667

m: 4.666666666666666

Residual: 0.5742148815477828


epsilon: 7.334166666666667

m: 4.833333333333333

Residual: 0.4978093043346029


epsilon: 7.334166666666667

m: 5.0

Residual: 0.41761860200977946


epsilon: 7.334166666666667

m: 5.166666666666666

Residual: 0.333424316976255


epsilon: 7.334166666666667

m: 5.333333333333333

Residual: 0.2490327591796395


epsilon: 7.334166666666667

m: 5.5

Residual: 0.1736845612394096


epsilon: 7.334166666666667

m: 5.666666666666666

Residual: 0.10639744830718703


epsilon: 7.334166666666667

m: 5.833333333333333

Residual: 0.05767777293861485


epsilon: 7.334166666666667

m: 6.0

Residual: 0.06779907134492244


epsilon: 7.334166666666667

m: 6.166666666666666

Residual: 0.13544451135714614


epsilon: 7.334166666666667

m: 6.333333333333333

Residual: 0.20266417901572747


epsilon: 7.334166666666667

m: 6.5

Residual: 0.2579920526762326


epsilon: 7.334166666666667

m: 6.666666666666666

Residual: 0.3189700359701536


epsilon: 7.334166666666667

m: 6.833333333333333

Residual: 0.36509674176099177


epsilon: 7.334166666666667

m: 7.0

Residual: 0.4109850131084003


epsilon: 7.667083333333334

m: 3.0

Residual: 0.966615289159885


epsilon: 7.667083333333334

m: 3.1666666666666665

Residual: 0.9544589284600602


epsilon: 7.667083333333334

m: 3.3333333333333335

Residual: 0.9385441209092524


epsilon: 7.667083333333334

m: 3.5

Residual: 0.9180390834037502


epsilon: 7.667083333333334

m: 3.6666666666666665

Residual: 0.8920535038676616


epsilon: 7.667083333333334

m: 3.833333333333333

Residual: 0.8598020348946779


epsilon: 7.667083333333334

m: 4.0

Residual: 0.8205916289068174


epsilon: 7.667083333333334

m: 4.166666666666666

Residual: 0.7737329896302187


epsilon: 7.667083333333334

m: 4.333333333333333

Residual: 0.7193285916302865


epsilon: 7.667083333333334

m: 4.5

Residual: 0.6574663360288381


epsilon: 7.667083333333334

m: 4.666666666666666

Residual: 0.5889090000767229


epsilon: 7.667083333333334

m: 4.833333333333333

Residual: 0.5145317494906014


epsilon: 7.667083333333334

m: 5.0

Residual: 0.43523994031492946


epsilon: 7.667083333333334

m: 5.166666666666666

Residual: 0.35355294505702384


epsilon: 7.667083333333334

m: 5.333333333333333

Residual: 0.2710141924110962


epsilon: 7.667083333333334

m: 5.5

Residual: 0.18972176982281264


epsilon: 7.667083333333334

m: 5.666666666666666

Residual: 0.1218884578523219


epsilon: 7.667083333333334

m: 5.833333333333333

Residual: 0.06593360870683722


epsilon: 7.667083333333334

m: 6.0

Residual: 0.0547351150275291


epsilon: 7.667083333333334

m: 6.166666666666666

Residual: 0.11216540305194753


epsilon: 7.667083333333334

m: 6.333333333333333

Residual: 0.17930521295170646


epsilon: 7.667083333333334

m: 6.5

Residual: 0.23782880995447195


epsilon: 7.667083333333334

m: 6.666666666666666

Residual: 0.29805557575760755


epsilon: 7.667083333333334

m: 6.833333333333333

Residual: 0.34803868791819464


epsilon: 7.667083333333334

m: 7.0

Residual: 0.3955544207046582


epsilon: 8.0

m: 3.0

Residual: 0.9679817302928145


epsilon: 8.0

m: 3.1666666666666665

Residual: 0.956308617236263


epsilon: 8.0

m: 3.3333333333333335

Residual: 0.9410252372591476


epsilon: 8.0

m: 3.5

Residual: 0.921295144642233


epsilon: 8.0

m: 3.6666666666666665

Residual: 0.8962941960829762


epsilon: 8.0

m: 3.833333333333333

Residual: 0.8652222216988716


epsilon: 8.0

m: 4.0

Residual: 0.8273336082262182


epsilon: 8.0

m: 4.166666666666666

Residual: 0.7821782485701451


epsilon: 8.0

m: 4.333333333333333

Residual: 0.7293206808959042


epsilon: 8.0

m: 4.5

Residual: 0.6691474432406505


epsilon: 8.0

m: 4.666666666666666

Residual: 0.6027116468615178


epsilon: 8.0

m: 4.833333333333333

Residual: 0.5295149074419273


epsilon: 8.0

m: 5.0

Residual: 0.45291657370066735


epsilon: 8.0

m: 5.166666666666666

Residual: 0.3730717537343707


epsilon: 8.0

m: 5.333333333333333

Residual: 0.2900378054185171


epsilon: 8.0

m: 5.5

Residual: 0.20993911293277925


epsilon: 8.0

m: 5.666666666666666

Residual: 0.13714049344282703


epsilon: 8.0

m: 5.833333333333333

Residual: 0.07660639546147142


epsilon: 8.0

m: 6.0

Residual: 0.05163708837284871


epsilon: 8.0

m: 6.166666666666666

Residual: 0.09539409992842983


epsilon: 8.0

m: 6.333333333333333

Residual: 0.15997163150725946


epsilon: 8.0

m: 6.5

Residual: 0.21769360364324186


epsilon: 8.0

m: 6.666666666666666

Residual: 0.2726191299766041


epsilon: 8.0

m: 6.833333333333333

Residual: 0.32014539513090845


epsilon: 8.0

m: 7.0

Residual: 0.38097202009663417


