n: 12.0

epsilon: 0.1

m: 5.0

Residual: 0.17222794237913788


n: 12.0

epsilon: 0.1

m: 5.0

Residual: 0.17212607025711904


n: 12.0

epsilon: 0.1

m: 5.285714285714286

Residual: 0.21965817718501562


n: 12.0

epsilon: 0.1

m: 5.571428571428571

Residual: 0.2730111379164372


n: 12.0

epsilon: 0.1

m: 5.857142857142857

Residual: 0.320370025020523


n: 12.0

epsilon: 0.1

m: 6.142857142857142

Residual: 0.3612968001457269


n: 12.0

epsilon: 0.1

m: 6.428571428571429

Residual: 0.40204552928570275


n: 12.0

epsilon: 0.1

m: 6.714285714285714

Residual: 0.4377381720414198


n: 12.0

epsilon: 0.1

m: 7.0

Residual: 0.4668630797831429


n: 12.0

epsilon: 0.2285714285714286

m: 5.0

Residual: 0.24628905826813374


n: 12.0

epsilon: 0.2285714285714286

m: 5.285714285714286

Residual: 0.18886313055536427


n: 12.0

epsilon: 0.2285714285714286

m: 5.571428571428571

Residual: 0.13996779018172884


n: 12.0

epsilon: 0.2285714285714286

m: 5.857142857142857

Residual: 0.09920452895815023


n: 12.0

epsilon: 0.2285714285714286

m: 6.142857142857142

Residual: 0.06610662917825043


n: 12.0

epsilon: 0.2285714285714286

m: 6.428571428571429

Residual: 0.04064902451782115


n: 12.0

epsilon: 0.2285714285714286

m: 6.714285714285714

Residual: 0.0546581248637353


n: 12.0

epsilon: 0.2285714285714286

m: 7.0

Residual: 0.0943426830589532


n: 12.0

epsilon: 0.3571428571428572

m: 5.0

Residual: 0.44180190987087475


n: 12.0

epsilon: 0.3571428571428572

m: 5.285714285714286

Residual: 0.3921070129428244


n: 12.0

epsilon: 0.3571428571428572

m: 5.571428571428571

Residual: 0.34244201102850136


n: 12.0

epsilon: 0.3571428571428572

m: 5.857142857142857

Residual: 0.29541349332601385


n: 12.0

epsilon: 0.3571428571428572

m: 6.142857142857142

Residual: 0.2508041094775774


n: 12.0

epsilon: 0.3571428571428572

m: 6.428571428571429

Residual: 0.2104716460447528


n: 12.0

epsilon: 0.3571428571428572

m: 6.714285714285714

Residual: 0.16854850561918427


n: 12.0

epsilon: 0.3571428571428572

m: 7.0

Residual: 0.12873531047992604


n: 12.0

epsilon: 0.48571428571428577

m: 5.0

Residual: 0.5567495892550318


n: 12.0

epsilon: 0.48571428571428577

m: 5.285714285714286

Residual: 0.5128729347468962


n: 12.0

epsilon: 0.48571428571428577

m: 5.571428571428571

Residual: 0.4716234863043018


n: 12.0

epsilon: 0.48571428571428577

m: 5.857142857142857

Residual: 0.4287386784848859


n: 12.0

epsilon: 0.48571428571428577

m: 6.142857142857142

Residual: 0.3885632777582211


n: 12.0

epsilon: 0.48571428571428577

m: 6.428571428571429

Residual: 0.34836769359091707


n: 12.0

epsilon: 0.48571428571428577

m: 6.714285714285714

Residual: 0.3120867147636751


n: 12.0

epsilon: 0.48571428571428577

m: 7.0

Residual: 0.2787513479246885


n: 12.0

epsilon: 0.6142857142857143

m: 5.0

Residual: 0.6322701593858882


n: 12.0

epsilon: 0.6142857142857143

m: 5.285714285714286

Residual: 0.5938432354024324


n: 12.0

epsilon: 0.6142857142857143

m: 5.571428571428571

Residual: 0.5560248290959043


n: 12.0

epsilon: 0.6142857142857143

m: 5.857142857142857

Residual: 0.5206782515702997


n: 12.0

epsilon: 0.6142857142857143

m: 6.142857142857142

Residual: 0.48308425634230623


n: 12.0

epsilon: 0.6142857142857143

m: 6.428571428571429

Residual: 0.44749531979337387


n: 12.0

epsilon: 0.6142857142857143

m: 6.714285714285714

Residual: 0.4136834873843916


n: 12.0

epsilon: 0.6142857142857143

m: 7.0

Residual: 0.38000523527814983


n: 12.0

epsilon: 0.7428571428571429

m: 5.0

Residual: 0.6860814734940873


n: 12.0

epsilon: 0.7428571428571429

m: 5.285714285714286

Residual: 0.6525525418367097


n: 12.0

epsilon: 0.7428571428571429

m: 5.571428571428571

Residual: 0.6186675919096631


n: 12.0

epsilon: 0.7428571428571429

m: 5.857142857142857

Residual: 0.5869687161865002


n: 12.0

epsilon: 0.7428571428571429

m: 6.142857142857142

Residual: 0.5537883445376963


n: 12.0

epsilon: 0.7428571428571429

m: 6.428571428571429

Residual: 0.5207666924446963


n: 12.0

epsilon: 0.7428571428571429

m: 6.714285714285714

Residual: 0.48954498852530925


n: 12.0

epsilon: 0.7428571428571429

m: 7.0

Residual: 0.4579251807358716


n: 12.0

epsilon: 0.8714285714285716

m: 5.0

Residual: 0.7263877869486122


n: 12.0

epsilon: 0.8714285714285716

m: 5.285714285714286

Residual: 0.6960045954000443


n: 12.0

epsilon: 0.8714285714285716

m: 5.571428571428571

Residual: 0.666537772537157


n: 12.0

epsilon: 0.8714285714285716

m: 5.857142857142857

Residual: 0.6358356280258718


n: 12.0

epsilon: 0.8714285714285716

m: 6.142857142857142

Residual: 0.6067119305283619


n: 12.0

epsilon: 0.8714285714285716

m: 6.428571428571429

Residual: 0.5777704623891854


n: 12.0

epsilon: 0.8714285714285716

m: 6.714285714285714

Residual: 0.5470173808372413


n: 12.0

epsilon: 0.8714285714285716

m: 7.0

Residual: 0.5198590271664298


n: 12.0

epsilon: 1.0000000000000002

m: 5.0

Residual: 0.7572112801503516


n: 12.0

epsilon: 1.0000000000000002

m: 5.285714285714286

Residual: 0.729571104100223


n: 12.0

epsilon: 1.0000000000000002

m: 5.571428571428571

Residual: 0.702769895283531


n: 12.0

epsilon: 1.0000000000000002

m: 5.857142857142857

Residual: 0.6742271131786145


n: 12.0

epsilon: 1.0000000000000002

m: 6.142857142857142

Residual: 0.6474058460199553


n: 12.0

epsilon: 1.0000000000000002

m: 6.428571428571429

Residual: 0.6192133433465972


n: 12.0

epsilon: 1.0000000000000002

m: 6.714285714285714

Residual: 0.5954251306635157


n: 12.0

epsilon: 1.0000000000000002

m: 7.0

Residual: 0.5692202358244779


n: 16.714285714285715

epsilon: 0.1

m: 5.0

Residual: 0.27594359805924684


n: 16.714285714285715

epsilon: 0.1

m: 5.285714285714286

Residual: 0.33630107490325833


n: 16.714285714285715

epsilon: 0.1

m: 5.571428571428571

Residual: 0.38915608827132675


n: 16.714285714285715

epsilon: 0.1

m: 5.857142857142857

Residual: 0.43462378134971863


n: 16.714285714285715

epsilon: 0.1

m: 6.142857142857142

Residual: 0.4750911808490589


n: 16.714285714285715

epsilon: 0.1

m: 6.428571428571429

Residual: 0.5165677327906721


n: 16.714285714285715

epsilon: 0.1

m: 6.714285714285714

Residual: 0.54506403980083


n: 16.714285714285715

epsilon: 0.1

m: 7.0

Residual: 0.5759559761216635


n: 16.714285714285715

epsilon: 0.2285714285714286

m: 5.0

Residual: 0.1417677259944714


n: 16.714285714285715

epsilon: 0.2285714285714286

m: 5.285714285714286

Residual: 0.09472160226257473


n: 16.714285714285715

epsilon: 0.2285714285714286

m: 5.571428571428571

Residual: 0.06012182857881082


n: 16.714285714285715

epsilon: 0.2285714285714286

m: 5.857142857142857

Residual: 0.051537395007463585


n: 16.714285714285715

epsilon: 0.2285714285714286

m: 6.142857142857142

Residual: 0.10330827366288978


n: 16.714285714285715

epsilon: 0.2285714285714286

m: 6.428571428571429

Residual: 0.15097750328396445


n: 16.714285714285715

epsilon: 0.2285714285714286

m: 6.714285714285714

Residual: 0.1988933742568366


n: 16.714285714285715

epsilon: 0.2285714285714286

m: 7.0

Residual: 0.23986821629569194


n: 16.714285714285715

epsilon: 0.3571428571428572

m: 5.0

Residual: 0.33887072026024107


n: 16.714285714285715

epsilon: 0.3571428571428572

m: 5.285714285714286

Residual: 0.28044379171428746


n: 16.714285714285715

epsilon: 0.3571428571428572

m: 5.571428571428571

Residual: 0.2231254927553991


n: 16.714285714285715

epsilon: 0.3571428571428572

m: 5.857142857142857

Residual: 0.16821637052866392


n: 16.714285714285715

epsilon: 0.3571428571428572

m: 6.142857142857142

Residual: 0.11674631600102396


n: 16.714285714285715

epsilon: 0.3571428571428572

m: 6.428571428571429

Residual: 0.06840856014348422


n: 16.714285714285715

epsilon: 0.3571428571428572

m: 6.714285714285714

Residual: 0.041914677557521866


n: 16.714285714285715

epsilon: 0.3571428571428572

m: 7.0

Residual: 0.03848671691645747


n: 16.714285714285715

epsilon: 0.48571428571428577

m: 5.0

Residual: 0.467430020492077


n: 16.714285714285715

epsilon: 0.48571428571428577

m: 5.285714285714286

Residual: 0.4155976228384935


n: 16.714285714285715

epsilon: 0.48571428571428577

m: 5.571428571428571

Residual: 0.3657073726881723


n: 16.714285714285715

epsilon: 0.48571428571428577

m: 5.857142857142857

Residual: 0.31445978362386223


n: 16.714285714285715

epsilon: 0.48571428571428577

m: 6.142857142857142

Residual: 0.2633268584558061


n: 16.714285714285715

epsilon: 0.48571428571428577

m: 6.428571428571429

Residual: 0.21767785758207764


n: 16.714285714285715

epsilon: 0.48571428571428577

m: 6.714285714285714

Residual: 0.1735206241801936


n: 16.714285714285715

epsilon: 0.48571428571428577

m: 7.0

Residual: 0.1363540713971296


n: 16.714285714285715

epsilon: 0.6142857142857143

m: 5.0

Residual: 0.553751029058726


n: 16.714285714285715

epsilon: 0.6142857142857143

m: 5.285714285714286

Residual: 0.5090735734070967


n: 16.714285714285715

epsilon: 0.6142857142857143

m: 5.571428571428571

Residual: 0.46198146624181646


n: 16.714285714285715

epsilon: 0.6142857142857143

m: 5.857142857142857

Residual: 0.41510085872240315


n: 16.714285714285715

epsilon: 0.6142857142857143

m: 6.142857142857142

Residual: 0.37216067004824566


n: 16.714285714285715

epsilon: 0.6142857142857143

m: 6.428571428571429

Residual: 0.3253778861874101


n: 16.714285714285715

epsilon: 0.6142857142857143

m: 6.714285714285714

Residual: 0.2821195278875373


n: 16.714285714285715

epsilon: 0.6142857142857143

m: 7.0

Residual: 0.24598773687240005


n: 16.714285714285715

epsilon: 0.7428571428571429

m: 5.0

Residual: 0.6172393570247051


n: 16.714285714285715

epsilon: 0.7428571428571429

m: 5.285714285714286

Residual: 0.574557205348143


n: 16.714285714285715

epsilon: 0.7428571428571429

m: 5.571428571428571

Residual: 0.5327876393768016


n: 16.714285714285715

epsilon: 0.7428571428571429

m: 5.857142857142857

Residual: 0.4908972041921272


n: 16.714285714285715

epsilon: 0.7428571428571429

m: 6.142857142857142

Residual: 0.45019965527005734


n: 16.714285714285715

epsilon: 0.7428571428571429

m: 6.428571428571429

Residual: 0.41139407744497974


n: 16.714285714285715

epsilon: 0.7428571428571429

m: 6.714285714285714

Residual: 0.369702778627593


n: 16.714285714285715

epsilon: 0.7428571428571429

m: 7.0

Residual: 0.33277277292590496


n: 16.714285714285715

epsilon: 0.8714285714285716

m: 5.0

Residual: 0.6637084661588207


n: 16.714285714285715

epsilon: 0.8714285714285716

m: 5.285714285714286

Residual: 0.6255920664018584


n: 16.714285714285715

epsilon: 0.8714285714285716

m: 5.571428571428571

Residual: 0.5874970802601747


n: 16.714285714285715

epsilon: 0.8714285714285716

m: 5.857142857142857

Residual: 0.5501265959016602


n: 16.714285714285715

epsilon: 0.8714285714285716

m: 6.142857142857142

Residual: 0.5125174281511157


n: 16.714285714285715

epsilon: 0.8714285714285716

m: 6.428571428571429

Residual: 0.47293121858321246


n: 16.714285714285715

epsilon: 0.8714285714285716

m: 6.714285714285714

Residual: 0.4371429080412379


n: 16.714285714285715

epsilon: 0.8714285714285716

m: 7.0

Residual: 0.401853660620531


n: 16.714285714285715

epsilon: 1.0000000000000002

m: 5.0

Residual: 0.7011423576125102


n: 16.714285714285715

epsilon: 1.0000000000000002

m: 5.285714285714286

Residual: 0.6654216736978602


n: 16.714285714285715

epsilon: 1.0000000000000002

m: 5.571428571428571

Residual: 0.6295943199637777


n: 16.714285714285715

epsilon: 1.0000000000000002

m: 5.857142857142857

Residual: 0.5947980956160536


n: 16.714285714285715

epsilon: 1.0000000000000002

m: 6.142857142857142

Residual: 0.5606390333868911


n: 16.714285714285715

epsilon: 1.0000000000000002

m: 6.428571428571429

Residual: 0.5250005811258032


n: 16.714285714285715

epsilon: 1.0000000000000002

m: 6.714285714285714

Residual: 0.4897923765358984


n: 16.714285714285715

epsilon: 1.0000000000000002

m: 7.0

Residual: 0.45947726009859624


n: 21.42857142857143

epsilon: 0.1

m: 5.0

Residual: 0.3397143253422246


n: 21.42857142857143

epsilon: 0.1

m: 5.285714285714286

Residual: 0.3986266690431737


n: 21.42857142857143

epsilon: 0.1

m: 5.571428571428571

Residual: 0.4510019274796807


n: 21.42857142857143

epsilon: 0.1

m: 5.857142857142857

Residual: 0.4992464095731405


n: 21.42857142857143

epsilon: 0.1

m: 6.142857142857142

Residual: 0.537850103174494


n: 21.42857142857143

epsilon: 0.1

m: 6.428571428571429

Residual: 0.5736892743241928


n: 21.42857142857143

epsilon: 0.1

m: 6.714285714285714

Residual: 0.6033082498885265


n: 21.42857142857143

epsilon: 0.1

m: 7.0

Residual: 0.632384785280889


n: 21.42857142857143

epsilon: 0.2285714285714286

m: 5.0

Residual: 0.0976686960864974


n: 21.42857142857143

epsilon: 0.2285714285714286

m: 5.285714285714286

Residual: 0.07032222556500096


n: 21.42857142857143

epsilon: 0.2285714285714286

m: 5.571428571428571

Residual: 0.07475173448743362


n: 21.42857142857143

epsilon: 0.2285714285714286

m: 5.857142857142857

Residual: 0.13178604349982254


n: 21.42857142857143

epsilon: 0.2285714285714286

m: 6.142857142857142

Residual: 0.18555580274245037


n: 21.42857142857143

epsilon: 0.2285714285714286

m: 6.428571428571429

Residual: 0.23481936335304862


n: 21.42857142857143

epsilon: 0.2285714285714286

m: 6.714285714285714

Residual: 0.28136065989706627


n: 21.42857142857143

epsilon: 0.2285714285714286

m: 7.0

Residual: 0.3211788670979258


n: 21.42857142857143

epsilon: 0.3571428571428572

m: 5.0

Residual: 0.2735935864525664


n: 21.42857142857143

epsilon: 0.3571428571428572

m: 5.285714285714286

Residual: 0.2103334126964987


n: 21.42857142857143

epsilon: 0.3571428571428572

m: 5.571428571428571

Residual: 0.14874603910815712


n: 21.42857142857143

epsilon: 0.3571428571428572

m: 5.857142857142857

Residual: 0.08911210384002924


n: 21.42857142857143

epsilon: 0.3571428571428572

m: 6.142857142857142

Residual: 0.03733873678612284


n: 21.42857142857143

epsilon: 0.3571428571428572

m: 6.428571428571429

Residual: 0.028552944882307963


n: 21.42857142857143

epsilon: 0.3571428571428572

m: 6.714285714285714

Residual: 0.059579235838124016


n: 21.42857142857143

epsilon: 0.3571428571428572

m: 7.0

Residual: 0.112798994984209


n: 21.42857142857143

epsilon: 0.48571428571428577

m: 5.0

Residual: 0.40871770131448665


n: 21.42857142857143

epsilon: 0.48571428571428577

m: 5.285714285714286

Residual: 0.3518271904166864


n: 21.42857142857143

epsilon: 0.48571428571428577

m: 5.571428571428571

Residual: 0.293818094045474


n: 21.42857142857143

epsilon: 0.48571428571428577

m: 5.857142857142857

Residual: 0.24031894019891542


n: 21.42857142857143

epsilon: 0.48571428571428577

m: 6.142857142857142

Residual: 0.18772961208306654


n: 21.42857142857143

epsilon: 0.48571428571428577

m: 6.428571428571429

Residual: 0.13622950138987006


n: 21.42857142857143

epsilon: 0.48571428571428577

m: 6.714285714285714

Residual: 0.09180663499077882


n: 21.42857142857143

epsilon: 0.48571428571428577

m: 7.0

Residual: 0.07529545119544243


n: 21.42857142857143

epsilon: 0.6142857142857143

m: 5.0

Residual: 0.5034443818304167


n: 21.42857142857143

epsilon: 0.6142857142857143

m: 5.285714285714286

Residual: 0.4497138092163642


n: 21.42857142857143

epsilon: 0.6142857142857143

m: 5.571428571428571

Residual: 0.39712597921606446


n: 21.42857142857143

epsilon: 0.6142857142857143

m: 5.857142857142857

Residual: 0.34770299840529006


n: 21.42857142857143

epsilon: 0.6142857142857143

m: 6.142857142857142

Residual: 0.2980472264608553


n: 21.42857142857143

epsilon: 0.6142857142857143

m: 6.428571428571429

Residual: 0.24798663389064476


n: 21.42857142857143

epsilon: 0.6142857142857143

m: 6.714285714285714

Residual: 0.20284214346739501


n: 21.42857142857143

epsilon: 0.6142857142857143

m: 7.0

Residual: 0.15990867217105528


n: 21.42857142857143

epsilon: 0.7428571428571429

m: 5.0

Residual: 0.5699333301429592


n: 21.42857142857143

epsilon: 0.7428571428571429

m: 5.285714285714286

Residual: 0.5223469299328376


n: 21.42857142857143

epsilon: 0.7428571428571429

m: 5.571428571428571

Residual: 0.4750820600543509


n: 21.42857142857143

epsilon: 0.7428571428571429

m: 5.857142857142857

Residual: 0.4295709714718846


n: 21.42857142857143

epsilon: 0.7428571428571429

m: 6.142857142857142

Residual: 0.38109557516191306


n: 21.42857142857143

epsilon: 0.7428571428571429

m: 6.428571428571429

Residual: 0.3340976784534015


n: 21.42857142857143

epsilon: 0.7428571428571429

m: 6.714285714285714

Residual: 0.29260469249715065


n: 21.42857142857143

epsilon: 0.7428571428571429

m: 7.0

Residual: 0.25128921621260236


n: 21.42857142857143

epsilon: 0.8714285714285716

m: 5.0

Residual: 0.6214546008469961


n: 21.42857142857143

epsilon: 0.8714285714285716

m: 5.285714285714286

Residual: 0.5780737821070618


n: 21.42857142857143

epsilon: 0.8714285714285716

m: 5.571428571428571

Residual: 0.5343244157006255


n: 21.42857142857143

epsilon: 0.8714285714285716

m: 5.857142857142857

Residual: 0.4898282065155688


n: 21.42857142857143

epsilon: 0.8714285714285716

m: 6.142857142857142

Residual: 0.4458494625536296


n: 21.42857142857143

epsilon: 0.8714285714285716

m: 6.428571428571429

Residual: 0.4036259455496117


n: 21.42857142857143

epsilon: 0.8714285714285716

m: 6.714285714285714

Residual: 0.36423425069795184


n: 21.42857142857143

epsilon: 0.8714285714285716

m: 7.0

Residual: 0.32441974371036214


n: 21.42857142857143

epsilon: 1.0000000000000002

m: 5.0

Residual: 0.662279385800739


n: 21.42857142857143

epsilon: 1.0000000000000002

m: 5.285714285714286

Residual: 0.6222656747881233


n: 21.42857142857143

epsilon: 1.0000000000000002

m: 5.571428571428571

Residual: 0.5803560406351839


n: 21.42857142857143

epsilon: 1.0000000000000002

m: 5.857142857142857

Residual: 0.5401810384972031


n: 21.42857142857143

epsilon: 1.0000000000000002

m: 6.142857142857142

Residual: 0.5018577564034061


n: 21.42857142857143

epsilon: 1.0000000000000002

m: 6.428571428571429

Residual: 0.4606480086736504


n: 21.42857142857143

epsilon: 1.0000000000000002

m: 6.714285714285714

Residual: 0.4193059613933944


n: 21.42857142857143

epsilon: 1.0000000000000002

m: 7.0

Residual: 0.3877594187694567


n: 26.142857142857142

epsilon: 0.1

m: 5.0

Residual: 0.38464618644254356


n: 26.142857142857142

epsilon: 0.1

m: 5.285714285714286

Residual: 0.4424059236860417


n: 26.142857142857142

epsilon: 0.1

m: 5.571428571428571

Residual: 0.49065319024504545


n: 26.142857142857142

epsilon: 0.1

m: 5.857142857142857

Residual: 0.5385924464396248


n: 26.142857142857142

epsilon: 0.1

m: 6.142857142857142

Residual: 0.5759159933710165


n: 26.142857142857142

epsilon: 0.1

m: 6.428571428571429

Residual: 0.6127244556320981


n: 26.142857142857142

epsilon: 0.1

m: 6.714285714285714

Residual: 0.6431131067565515


n: 26.142857142857142

epsilon: 0.1

m: 7.0

Residual: 0.6677900366066066


n: 26.142857142857142

epsilon: 0.2285714285714286

m: 5.0

Residual: 0.08500550465079129


n: 26.142857142857142

epsilon: 0.2285714285714286

m: 5.285714285714286

Residual: 0.08145627085668916


n: 26.142857142857142

epsilon: 0.2285714285714286

m: 5.571428571428571

Residual: 0.12567029552502343


n: 26.142857142857142

epsilon: 0.2285714285714286

m: 5.857142857142857

Residual: 0.18526920564034005


n: 26.142857142857142

epsilon: 0.2285714285714286

m: 6.142857142857142

Residual: 0.23715493334653007


n: 26.142857142857142

epsilon: 0.2285714285714286

m: 6.428571428571429

Residual: 0.28921943593445065


n: 26.142857142857142

epsilon: 0.2285714285714286

m: 6.714285714285714

Residual: 0.3329307319327869


n: 26.142857142857142

epsilon: 0.2285714285714286

m: 7.0

Residual: 0.3730280913420014


n: 26.142857142857142

epsilon: 0.3571428571428572

m: 5.0

Residual: 0.22990576635191087


n: 26.142857142857142

epsilon: 0.3571428571428572

m: 5.285714285714286

Residual: 0.1594308657165792


n: 26.142857142857142

epsilon: 0.3571428571428572

m: 5.571428571428571

Residual: 0.09729983760160121


n: 26.142857142857142

epsilon: 0.3571428571428572

m: 5.857142857142857

Residual: 0.041923737961386376


n: 26.142857142857142

epsilon: 0.3571428571428572

m: 6.142857142857142

Residual: 0.024846554778535163


n: 26.142857142857142

epsilon: 0.3571428571428572

m: 6.428571428571429

Residual: 0.06849809184907588


n: 26.142857142857142

epsilon: 0.3571428571428572

m: 6.714285714285714

Residual: 0.1251830729494984


n: 26.142857142857142

epsilon: 0.3571428571428572

m: 7.0

Residual: 0.17402405899659704


n: 26.142857142857142

epsilon: 0.48571428571428577

m: 5.0

Residual: 0.36827311540656704


n: 26.142857142857142

epsilon: 0.48571428571428577

m: 5.285714285714286

Residual: 0.3065974708940545


n: 26.142857142857142

epsilon: 0.48571428571428577

m: 5.571428571428571

Residual: 0.245800565304872


n: 26.142857142857142

epsilon: 0.48571428571428577

m: 5.857142857142857

Residual: 0.18910014316381563


n: 26.142857142857142

epsilon: 0.48571428571428577

m: 6.142857142857142

Residual: 0.13585131495870617


n: 26.142857142857142

epsilon: 0.48571428571428577

m: 6.428571428571429

Residual: 0.07798970647826531


n: 26.142857142857142

epsilon: 0.48571428571428577

m: 6.714285714285714

Residual: 0.04778331356558635


n: 26.142857142857142

epsilon: 0.48571428571428577

m: 7.0

Residual: 0.0526385576320397


n: 26.142857142857142

epsilon: 0.6142857142857143

m: 5.0

Residual: 0.46711926264504705


n: 26.142857142857142

epsilon: 0.6142857142857143

m: 5.285714285714286

Residual: 0.40910638522603415


n: 26.142857142857142

epsilon: 0.6142857142857143

m: 5.571428571428571

Residual: 0.3540900167261984


n: 26.142857142857142

epsilon: 0.6142857142857143

m: 5.857142857142857

Residual: 0.29991877728767186


n: 26.142857142857142

epsilon: 0.6142857142857143

m: 6.142857142857142

Residual: 0.24825731186463382


n: 26.142857142857142

epsilon: 0.6142857142857143

m: 6.428571428571429

Residual: 0.19037779202201774


n: 26.142857142857142

epsilon: 0.6142857142857143

m: 6.714285714285714

Residual: 0.14697905488312543


n: 26.142857142857142

epsilon: 0.6142857142857143

m: 7.0

Residual: 0.11255608982658498


n: 26.142857142857142

epsilon: 0.7428571428571429

m: 5.0

Residual: 0.5362689884633698


n: 26.142857142857142

epsilon: 0.7428571428571429

m: 5.285714285714286

Residual: 0.4839962005684825


n: 26.142857142857142

epsilon: 0.7428571428571429

m: 5.571428571428571

Residual: 0.4345679640907314


n: 26.142857142857142

epsilon: 0.7428571428571429

m: 5.857142857142857

Residual: 0.379769821549133


n: 26.142857142857142

epsilon: 0.7428571428571429

m: 6.142857142857142

Residual: 0.3354253668778544


n: 26.142857142857142

epsilon: 0.7428571428571429

m: 6.428571428571429

Residual: 0.2822967070491427


n: 26.142857142857142

epsilon: 0.7428571428571429

m: 6.714285714285714

Residual: 0.23306549037181962


n: 26.142857142857142

epsilon: 0.7428571428571429

m: 7.0

Residual: 0.19416535906387805


n: 26.142857142857142

epsilon: 0.8714285714285716

m: 5.0

Residual: 0.5921921754990747


n: 26.142857142857142

epsilon: 0.8714285714285716

m: 5.285714285714286

Residual: 0.5424349649174945


n: 26.142857142857142

epsilon: 0.8714285714285716

m: 5.571428571428571

Residual: 0.49859718591998203


n: 26.142857142857142

epsilon: 0.8714285714285716

m: 5.857142857142857

Residual: 0.4474866787626036


n: 26.142857142857142

epsilon: 0.8714285714285716

m: 6.142857142857142

Residual: 0.39971297298849706


n: 26.142857142857142

epsilon: 0.8714285714285716

m: 6.428571428571429

Residual: 0.35372575642317333


n: 26.142857142857142

epsilon: 0.8714285714285716

m: 6.714285714285714

Residual: 0.3142283735375167


n: 26.142857142857142

epsilon: 0.8714285714285716

m: 7.0

Residual: 0.2696801023581585


n: 26.142857142857142

epsilon: 1.0000000000000002

m: 5.0

Residual: 0.6339130810704869


n: 26.142857142857142

epsilon: 1.0000000000000002

m: 5.285714285714286

Residual: 0.5899509841084207


n: 26.142857142857142

epsilon: 1.0000000000000002

m: 5.571428571428571

Residual: 0.5459784414506563


n: 26.142857142857142

epsilon: 1.0000000000000002

m: 5.857142857142857

Residual: 0.49897401673163533


n: 26.142857142857142

epsilon: 1.0000000000000002

m: 6.142857142857142

Residual: 0.4559965163814588


n: 26.142857142857142

epsilon: 1.0000000000000002

m: 6.428571428571429

Residual: 0.4113579157114529


n: 26.142857142857142

epsilon: 1.0000000000000002

m: 6.714285714285714

Residual: 0.37040732645538926


n: 26.142857142857142

epsilon: 1.0000000000000002

m: 7.0

Residual: 0.3308785960698256


n: 30.857142857142858

epsilon: 0.1

m: 5.0

Residual: 0.41247199571942744


n: 30.857142857142858

epsilon: 0.1

m: 5.285714285714286

Residual: 0.46967732677593427


n: 30.857142857142858

epsilon: 0.1

m: 5.571428571428571

Residual: 0.5215207159009706


n: 30.857142857142858

epsilon: 0.1

m: 5.857142857142857

Residual: 0.5637318405630434


n: 30.857142857142858

epsilon: 0.1

m: 6.142857142857142

Residual: 0.6044275908077603


n: 30.857142857142858

epsilon: 0.1

m: 6.428571428571429

Residual: 0.6349639501577448


n: 30.857142857142858

epsilon: 0.1

m: 6.714285714285714

Residual: 0.6653672358942148


n: 30.857142857142858

epsilon: 0.1

m: 7.0

Residual: 0.6916361086709633


n: 30.857142857142858

epsilon: 0.2285714285714286

m: 5.0

Residual: 0.08944111985478971


n: 30.857142857142858

epsilon: 0.2285714285714286

m: 5.285714285714286

Residual: 0.09992616526916569


n: 30.857142857142858

epsilon: 0.2285714285714286

m: 5.571428571428571

Residual: 0.16390444429160564


n: 30.857142857142858

epsilon: 0.2285714285714286

m: 5.857142857142857

Residual: 0.22211769125394715


n: 30.857142857142858

epsilon: 0.2285714285714286

m: 6.142857142857142

Residual: 0.2750703668563511


n: 30.857142857142858

epsilon: 0.2285714285714286

m: 6.428571428571429

Residual: 0.3280708152651381


n: 30.857142857142858

epsilon: 0.2285714285714286

m: 6.714285714285714

Residual: 0.3686841622803854


n: 30.857142857142858

epsilon: 0.2285714285714286

m: 7.0

Residual: 0.4146524082637388


n: 30.857142857142858

epsilon: 0.3571428571428572

m: 5.0

Residual: 0.19622461450605264


n: 30.857142857142858

epsilon: 0.3571428571428572

m: 5.285714285714286

Residual: 0.1243466172530512


n: 30.857142857142858

epsilon: 0.3571428571428572

m: 5.571428571428571

Residual: 0.06579834980075008


n: 30.857142857142858

epsilon: 0.3571428571428572

m: 5.857142857142857

Residual: 0.01945184243111187


n: 30.857142857142858

epsilon: 0.3571428571428572

m: 6.142857142857142

Residual: 0.06366876715163887


n: 30.857142857142858

epsilon: 0.3571428571428572

m: 6.428571428571429

Residual: 0.118649741885736


n: 30.857142857142858

epsilon: 0.3571428571428572

m: 6.714285714285714

Residual: 0.16711564684449584


n: 30.857142857142858

epsilon: 0.3571428571428572

m: 7.0

Residual: 0.21081791004282383


n: 30.857142857142858

epsilon: 0.48571428571428577

m: 5.0

Residual: 0.33879978636380287


n: 30.857142857142858

epsilon: 0.48571428571428577

m: 5.285714285714286

Residual: 0.2717873737164031


n: 30.857142857142858

epsilon: 0.48571428571428577

m: 5.571428571428571

Residual: 0.21066068160274523


n: 30.857142857142858

epsilon: 0.48571428571428577

m: 5.857142857142857

Residual: 0.14601297746519162


n: 30.857142857142858

epsilon: 0.48571428571428577

m: 6.142857142857142

Residual: 0.09150463360081838


n: 30.857142857142858

epsilon: 0.48571428571428577

m: 6.428571428571429

Residual: 0.04586127642520018


n: 30.857142857142858

epsilon: 0.48571428571428577

m: 6.714285714285714

Residual: 0.044156523024237705


n: 30.857142857142858

epsilon: 0.48571428571428577

m: 7.0

Residual: 0.06809103006361748


n: 30.857142857142858

epsilon: 0.6142857142857143

m: 5.0

Residual: 0.43696838490782686


n: 30.857142857142858

epsilon: 0.6142857142857143

m: 5.285714285714286

Residual: 0.3768195992373533


n: 30.857142857142858

epsilon: 0.6142857142857143

m: 5.571428571428571

Residual: 0.3161395045118017


n: 30.857142857142858

epsilon: 0.6142857142857143

m: 5.857142857142857

Residual: 0.25818683094676886


n: 30.857142857142858

epsilon: 0.6142857142857143

m: 6.142857142857142

Residual: 0.204035455697178


n: 30.857142857142858

epsilon: 0.6142857142857143

m: 6.428571428571429

Residual: 0.15897157268716214


n: 30.857142857142858

epsilon: 0.6142857142857143

m: 6.714285714285714

Residual: 0.10733422201542975


n: 30.857142857142858

epsilon: 0.6142857142857143

m: 7.0

Residual: 0.08335411015320274


n: 30.857142857142858

epsilon: 0.7428571428571429

m: 5.0

Residual: 0.5096653419385995


n: 30.857142857142858

epsilon: 0.7428571428571429

m: 5.285714285714286

Residual: 0.456333348573717


n: 30.857142857142858

epsilon: 0.7428571428571429

m: 5.571428571428571

Residual: 0.4021065503111581


n: 30.857142857142858

epsilon: 0.7428571428571429

m: 5.857142857142857

Residual: 0.34979554441665994


n: 30.857142857142858

epsilon: 0.7428571428571429

m: 6.142857142857142

Residual: 0.29510419911410346


n: 30.857142857142858

epsilon: 0.7428571428571429

m: 6.428571428571429

Residual: 0.2461998568365616


n: 30.857142857142858

epsilon: 0.7428571428571429

m: 6.714285714285714

Residual: 0.1936860609376992


n: 30.857142857142858

epsilon: 0.7428571428571429

m: 7.0

Residual: 0.15747500677333748


n: 30.857142857142858

epsilon: 0.8714285714285716

m: 5.0

Residual: 0.5684479683772735


n: 30.857142857142858

epsilon: 0.8714285714285716

m: 5.285714285714286

Residual: 0.5164739243989962


n: 30.857142857142858

epsilon: 0.8714285714285716

m: 5.571428571428571

Residual: 0.4648515321316419


n: 30.857142857142858

epsilon: 0.8714285714285716

m: 5.857142857142857

Residual: 0.4157210083234537


n: 30.857142857142858

epsilon: 0.8714285714285716

m: 6.142857142857142

Residual: 0.3680901161872553


n: 30.857142857142858

epsilon: 0.8714285714285716

m: 6.428571428571429

Residual: 0.31290150384416254


n: 30.857142857142858

epsilon: 0.8714285714285716

m: 6.714285714285714

Residual: 0.2719791169226509


n: 30.857142857142858

epsilon: 0.8714285714285716

m: 7.0

Residual: 0.2284749948868542


n: 30.857142857142858

epsilon: 1.0000000000000002

m: 5.0

Residual: 0.6130003156296927


n: 30.857142857142858

epsilon: 1.0000000000000002

m: 5.285714285714286

Residual: 0.5655412436828917


n: 30.857142857142858

epsilon: 1.0000000000000002

m: 5.571428571428571

Residual: 0.5195817017590091


n: 30.857142857142858

epsilon: 1.0000000000000002

m: 5.857142857142857

Residual: 0.47200319648142713


n: 30.857142857142858

epsilon: 1.0000000000000002

m: 6.142857142857142

Residual: 0.4273348793607093


n: 30.857142857142858

epsilon: 1.0000000000000002

m: 6.428571428571429

Residual: 0.38131525862671184


n: 30.857142857142858

epsilon: 1.0000000000000002

m: 6.714285714285714

Residual: 0.33978713486370316


n: 30.857142857142858

epsilon: 1.0000000000000002

m: 7.0

Residual: 0.28932116795476126


n: 35.57142857142857

epsilon: 0.1

m: 5.0

Residual: 0.432852149003023


n: 35.57142857142857

epsilon: 0.1

m: 5.285714285714286

Residual: 0.4926241916837195


n: 35.57142857142857

epsilon: 0.1

m: 5.571428571428571

Residual: 0.5413698283022144


n: 35.57142857142857

epsilon: 0.1

m: 5.857142857142857

Residual: 0.5853270461632601


n: 35.57142857142857

epsilon: 0.1

m: 6.142857142857142

Residual: 0.6240805892596096


n: 35.57142857142857

epsilon: 0.1

m: 6.428571428571429

Residual: 0.6564463373882381


n: 35.57142857142857

epsilon: 0.1

m: 6.714285714285714

Residual: 0.6866432375740036


n: 35.57142857142857

epsilon: 0.1

m: 7.0

Residual: 0.7108425804672487


n: 35.57142857142857

epsilon: 0.2285714285714286

m: 5.0

Residual: 0.09561046530771652


n: 35.57142857142857

epsilon: 0.2285714285714286

m: 5.285714285714286

Residual: 0.12586260263585225


n: 35.57142857142857

epsilon: 0.2285714285714286

m: 5.571428571428571

Residual: 0.18877832226841895


n: 35.57142857142857

epsilon: 0.2285714285714286

m: 5.857142857142857

Residual: 0.24766178237249212


n: 35.57142857142857

epsilon: 0.2285714285714286

m: 6.142857142857142

Residual: 0.3062159691250604


n: 35.57142857142857

epsilon: 0.2285714285714286

m: 6.428571428571429

Residual: 0.36065563475399437


n: 35.57142857142857

epsilon: 0.2285714285714286

m: 6.714285714285714

Residual: 0.4079157186836978


n: 35.57142857142857

epsilon: 0.2285714285714286

m: 7.0

Residual: 0.44177643963382734


n: 35.57142857142857

epsilon: 0.3571428571428572

m: 5.0

Residual: 0.16814498030779887


n: 35.57142857142857

epsilon: 0.3571428571428572

m: 5.285714285714286

Residual: 0.100785165634911


n: 35.57142857142857

epsilon: 0.3571428571428572

m: 5.571428571428571

Residual: 0.04301199194241492


n: 35.57142857142857

epsilon: 0.3571428571428572

m: 5.857142857142857

Residual: 0.029382350090265068


n: 35.57142857142857

epsilon: 0.3571428571428572

m: 6.142857142857142

Residual: 0.08873599062919942


n: 35.57142857142857

epsilon: 0.3571428571428572

m: 6.428571428571429

Residual: 0.1426128200753774


n: 35.57142857142857

epsilon: 0.3571428571428572

m: 6.714285714285714

Residual: 0.19903963959243828


n: 35.57142857142857

epsilon: 0.3571428571428572

m: 7.0

Residual: 0.24008363951016248


n: 35.57142857142857

epsilon: 0.48571428571428577

m: 5.0

Residual: 0.3144904368067948


n: 35.57142857142857

epsilon: 0.48571428571428577

m: 5.285714285714286

Residual: 0.24737886576133186


n: 35.57142857142857

epsilon: 0.48571428571428577

m: 5.571428571428571

Residual: 0.1826947199317732


n: 35.57142857142857

epsilon: 0.48571428571428577

m: 5.857142857142857

Residual: 0.12083285882867198


n: 35.57142857142857

epsilon: 0.48571428571428577

m: 6.142857142857142

Residual: 0.06179554280773909


n: 35.57142857142857

epsilon: 0.48571428571428577

m: 6.428571428571429

Residual: 0.02462424076297318


n: 35.57142857142857

epsilon: 0.48571428571428577

m: 6.714285714285714

Residual: 0.04959251503000687


n: 35.57142857142857

epsilon: 0.48571428571428577

m: 7.0

Residual: 0.09477560456993987


n: 35.57142857142857

epsilon: 0.6142857142857143

m: 5.0

Residual: 0.41544363126727196


n: 35.57142857142857

epsilon: 0.6142857142857143

m: 5.285714285714286

Residual: 0.35463505163831743


n: 35.57142857142857

epsilon: 0.6142857142857143

m: 5.571428571428571

Residual: 0.29268521505773853


n: 35.57142857142857

epsilon: 0.6142857142857143

m: 5.857142857142857

Residual: 0.2329989259854152


n: 35.57142857142857

epsilon: 0.6142857142857143

m: 6.142857142857142

Residual: 0.1776405915659125


n: 35.57142857142857

epsilon: 0.6142857142857143

m: 6.428571428571429

Residual: 0.12485145691439532


n: 35.57142857142857

epsilon: 0.6142857142857143

m: 6.714285714285714

Residual: 0.07890962967328807


n: 35.57142857142857

epsilon: 0.6142857142857143

m: 7.0

Residual: 0.07119419701033397


n: 35.57142857142857

epsilon: 0.7428571428571429

m: 5.0

Residual: 0.4923023166599656


n: 35.57142857142857

epsilon: 0.7428571428571429

m: 5.285714285714286

Residual: 0.43424163257775306


n: 35.57142857142857

epsilon: 0.7428571428571429

m: 5.571428571428571

Residual: 0.3767950525346973


n: 35.57142857142857

epsilon: 0.7428571428571429

m: 5.857142857142857

Residual: 0.32248965075522984


n: 35.57142857142857

epsilon: 0.7428571428571429

m: 6.142857142857142

Residual: 0.2645964528973839


n: 35.57142857142857

epsilon: 0.7428571428571429

m: 6.428571428571429

Residual: 0.2125444539213595


n: 35.57142857142857

epsilon: 0.7428571428571429

m: 6.714285714285714

Residual: 0.16572066696948556


n: 35.57142857142857

epsilon: 0.7428571428571429

m: 7.0

Residual: 0.12573146379269173


n: 35.57142857142857

epsilon: 0.8714285714285716

m: 5.0

Residual: 0.5487943736873576


n: 35.57142857142857

epsilon: 0.8714285714285716

m: 5.285714285714286

Residual: 0.4991567518755606


n: 35.57142857142857

epsilon: 0.8714285714285716

m: 5.571428571428571

Residual: 0.4415257970234226


n: 35.57142857142857

epsilon: 0.8714285714285716

m: 5.857142857142857

Residual: 0.39409235063119785


n: 35.57142857142857

epsilon: 0.8714285714285716

m: 6.142857142857142

Residual: 0.3399551081900582


n: 35.57142857142857

epsilon: 0.8714285714285716

m: 6.428571428571429

Residual: 0.29182074088700943


n: 35.57142857142857

epsilon: 0.8714285714285716

m: 6.714285714285714

Residual: 0.24005829631637915


n: 35.57142857142857

epsilon: 0.8714285714285716

m: 7.0

Residual: 0.1935339231420053


n: 35.57142857142857

epsilon: 1.0000000000000002

m: 5.0

Residual: 0.5954788854214464


n: 35.57142857142857

epsilon: 1.0000000000000002

m: 5.285714285714286

Residual: 0.5452594704448152


n: 35.57142857142857

epsilon: 1.0000000000000002

m: 5.571428571428571

Residual: 0.4972195815083992


n: 35.57142857142857

epsilon: 1.0000000000000002

m: 5.857142857142857

Residual: 0.45151403922337313


n: 35.57142857142857

epsilon: 1.0000000000000002

m: 6.142857142857142

Residual: 0.39480843914439884


n: 35.57142857142857

epsilon: 1.0000000000000002

m: 6.428571428571429

Residual: 0.35059515936719793


n: 35.57142857142857

epsilon: 1.0000000000000002

m: 6.714285714285714

Residual: 0.3036451557294917


n: 35.57142857142857

epsilon: 1.0000000000000002

m: 7.0

Residual: 0.2578422502933071


n: 40.285714285714285

epsilon: 0.1

m: 5.0

Residual: 0.44936642487617


n: 40.285714285714285

epsilon: 0.1

m: 5.285714285714286

Residual: 0.5093881949931753


n: 40.285714285714285

epsilon: 0.1

m: 5.571428571428571

Residual: 0.5589534606581216


n: 40.285714285714285

epsilon: 0.1

m: 5.857142857142857

Residual: 0.5998589640773117


n: 40.285714285714285

epsilon: 0.1

m: 6.142857142857142

Residual: 0.6355629311055933


n: 40.285714285714285

epsilon: 0.1

m: 6.428571428571429

Residual: 0.6680926587258053


n: 40.285714285714285

epsilon: 0.1

m: 6.714285714285714

Residual: 0.6987860016123897


n: 40.285714285714285

epsilon: 0.1

m: 7.0

Residual: 0.7207321535005745


n: 40.285714285714285

epsilon: 0.2285714285714286

m: 5.0

Residual: 0.10342255213239358


n: 40.285714285714285

epsilon: 0.2285714285714286

m: 5.285714285714286

Residual: 0.1459958430960191


n: 40.285714285714285

epsilon: 0.2285714285714286

m: 5.571428571428571

Residual: 0.21022241365284108


n: 40.285714285714285

epsilon: 0.2285714285714286

m: 5.857142857142857

Residual: 0.2751387116879373


n: 40.285714285714285

epsilon: 0.2285714285714286

m: 6.142857142857142

Residual: 0.32433237930490627


n: 40.285714285714285

epsilon: 0.2285714285714286

m: 6.428571428571429

Residual: 0.3765134122076963


n: 40.285714285714285

epsilon: 0.2285714285714286

m: 6.714285714285714

Residual: 0.4244003622844734


n: 40.285714285714285

epsilon: 0.2285714285714286

m: 7.0

Residual: 0.46246363947335284


n: 40.285714285714285

epsilon: 0.3571428571428572

m: 5.0

Residual: 0.14527250749271964


n: 40.285714285714285

epsilon: 0.3571428571428572

m: 5.285714285714286

Residual: 0.08118173826333419


n: 40.285714285714285

epsilon: 0.3571428571428572

m: 5.571428571428571

Residual: 0.035877533205799034


n: 40.285714285714285

epsilon: 0.3571428571428572

m: 5.857142857142857

Residual: 0.05691851289658311


n: 40.285714285714285

epsilon: 0.3571428571428572

m: 6.142857142857142

Residual: 0.1185736768340401


n: 40.285714285714285

epsilon: 0.3571428571428572

m: 6.428571428571429

Residual: 0.16948707872249058


n: 40.285714285714285

epsilon: 0.3571428571428572

m: 6.714285714285714

Residual: 0.2279461463547931


n: 40.285714285714285

epsilon: 0.3571428571428572

m: 7.0

Residual: 0.27008626913982686


n: 40.285714285714285

epsilon: 0.48571428571428577

m: 5.0

Residual: 0.2954590391244943


n: 40.285714285714285

epsilon: 0.48571428571428577

m: 5.285714285714286

Residual: 0.22627669360888888


n: 40.285714285714285

epsilon: 0.48571428571428577

m: 5.571428571428571

Residual: 0.15930407143366473


n: 40.285714285714285

epsilon: 0.48571428571428577

m: 5.857142857142857

Residual: 0.09910661589523778


n: 40.285714285714285

epsilon: 0.48571428571428577

m: 6.142857142857142

Residual: 0.03582565751449231


n: 40.285714285714285

epsilon: 0.48571428571428577

m: 6.428571428571429

Residual: 0.028017040127449898


n: 40.285714285714285

epsilon: 0.48571428571428577

m: 6.714285714285714

Residual: 0.07662648917148607


n: 40.285714285714285

epsilon: 0.48571428571428577

m: 7.0

Residual: 0.12592456387758333


n: 40.285714285714285

epsilon: 0.6142857142857143

m: 5.0

Residual: 0.39649509359116886


n: 40.285714285714285

epsilon: 0.6142857142857143

m: 5.285714285714286

Residual: 0.33269176933107036


n: 40.285714285714285

epsilon: 0.6142857142857143

m: 5.571428571428571

Residual: 0.271558461563065


n: 40.285714285714285

epsilon: 0.6142857142857143

m: 5.857142857142857

Residual: 0.21191664080823835


n: 40.285714285714285

epsilon: 0.6142857142857143

m: 6.142857142857142

Residual: 0.15048328192652058


n: 40.285714285714285

epsilon: 0.6142857142857143

m: 6.428571428571429

Residual: 0.09413826739611099


n: 40.285714285714285

epsilon: 0.6142857142857143

m: 6.714285714285714

Residual: 0.06439902175555887


n: 40.285714285714285

epsilon: 0.6142857142857143

m: 7.0

Residual: 0.0654244257342231


n: 40.285714285714285

epsilon: 0.7428571428571429

m: 5.0

Residual: 0.4754097616994749


n: 40.285714285714285

epsilon: 0.7428571428571429

m: 5.285714285714286

Residual: 0.4154466388562134


n: 40.285714285714285

epsilon: 0.7428571428571429

m: 5.571428571428571

Residual: 0.3554885886096938


n: 40.285714285714285

epsilon: 0.7428571428571429

m: 5.857142857142857

Residual: 0.2990808956311503


n: 40.285714285714285

epsilon: 0.7428571428571429

m: 6.142857142857142

Residual: 0.24708975352885548


n: 40.285714285714285

epsilon: 0.7428571428571429

m: 6.428571428571429

Residual: 0.18604206410691973


n: 40.285714285714285

epsilon: 0.7428571428571429

m: 6.714285714285714

Residual: 0.14071011476958303


n: 40.285714285714285

epsilon: 0.7428571428571429

m: 7.0

Residual: 0.1129498275999098


n: 40.285714285714285

epsilon: 0.8714285714285716

m: 5.0

Residual: 0.5342330623571165


n: 40.285714285714285

epsilon: 0.8714285714285716

m: 5.285714285714286

Residual: 0.4775452778232495


n: 40.285714285714285

epsilon: 0.8714285714285716

m: 5.571428571428571

Residual: 0.42369460211996096


n: 40.285714285714285

epsilon: 0.8714285714285716

m: 5.857142857142857

Residual: 0.3728036415634384


n: 40.285714285714285

epsilon: 0.8714285714285716

m: 6.142857142857142

Residual: 0.32232849704608246


n: 40.285714285714285

epsilon: 0.8714285714285716

m: 6.428571428571429

Residual: 0.26181360018067007


n: 40.285714285714285

epsilon: 0.8714285714285716

m: 6.714285714285714

Residual: 0.2173983461746394


n: 40.285714285714285

epsilon: 0.8714285714285716

m: 7.0

Residual: 0.17420074305653893


n: 40.285714285714285

epsilon: 1.0000000000000002

m: 5.0

Residual: 0.5823071186735607


n: 40.285714285714285

epsilon: 1.0000000000000002

m: 5.285714285714286

Residual: 0.529844790099938


n: 40.285714285714285

epsilon: 1.0000000000000002

m: 5.571428571428571

Residual: 0.47755728132502123


n: 40.285714285714285

epsilon: 1.0000000000000002

m: 5.857142857142857

Residual: 0.43077912151665504


n: 40.285714285714285

epsilon: 1.0000000000000002

m: 6.142857142857142

Residual: 0.37886785816868157


n: 40.285714285714285

epsilon: 1.0000000000000002

m: 6.428571428571429

Residual: 0.3313386745264167


n: 40.285714285714285

epsilon: 1.0000000000000002

m: 6.714285714285714

Residual: 0.2777193348399692


n: 40.285714285714285

epsilon: 1.0000000000000002

m: 7.0

Residual: 0.239142729233532


n: 45.0

epsilon: 0.1

m: 5.0

Residual: 0.46564639212043407


n: 45.0

epsilon: 0.1

m: 5.285714285714286

Residual: 0.520861954822257


n: 45.0

epsilon: 0.1

m: 5.571428571428571

Residual: 0.5690726746197267


n: 45.0

epsilon: 0.1

m: 5.857142857142857

Residual: 0.6117134688571829


n: 45.0

epsilon: 0.1

m: 6.142857142857142

Residual: 0.6507670311185814


n: 45.0

epsilon: 0.1

m: 6.428571428571429

Residual: 0.6808046102024969


n: 45.0

epsilon: 0.1

m: 6.714285714285714

Residual: 0.7091660804703609


n: 45.0

epsilon: 0.1

m: 7.0

Residual: 0.731577636852614


n: 45.0

epsilon: 0.2285714285714286

m: 5.0

Residual: 0.11219100458339606


n: 45.0

epsilon: 0.2285714285714286

m: 5.285714285714286

Residual: 0.16531950009231333


n: 45.0

epsilon: 0.2285714285714286

m: 5.571428571428571

Residual: 0.2282755878664634


n: 45.0

epsilon: 0.2285714285714286

m: 5.857142857142857

Residual: 0.29317809916341875


n: 45.0

epsilon: 0.2285714285714286

m: 6.142857142857142

Residual: 0.34672377209761923


n: 45.0

epsilon: 0.2285714285714286

m: 6.428571428571429

Residual: 0.4008439062648672


n: 45.0

epsilon: 0.2285714285714286

m: 6.714285714285714

Residual: 0.4427797117536828


n: 45.0

epsilon: 0.2285714285714286

m: 7.0

Residual: 0.4793287742048129


n: 45.0

epsilon: 0.3571428571428572

m: 5.0

Residual: 0.1314734991687145


n: 45.0

epsilon: 0.3571428571428572

m: 5.285714285714286

Residual: 0.06847250358768155


n: 45.0

epsilon: 0.3571428571428572

m: 5.571428571428571

Residual: 0.03656422800910609


n: 45.0

epsilon: 0.3571428571428572

m: 5.857142857142857

Residual: 0.07435884114112123


n: 45.0

epsilon: 0.3571428571428572

m: 6.142857142857142

Residual: 0.13431684607440886


n: 45.0

epsilon: 0.3571428571428572

m: 6.428571428571429

Residual: 0.18936414489606673


n: 45.0

epsilon: 0.3571428571428572

m: 6.714285714285714

Residual: 0.24488485978591426


n: 45.0

epsilon: 0.3571428571428572

m: 7.0

Residual: 0.292186557794372


n: 45.0

epsilon: 0.48571428571428577

m: 5.0

Residual: 0.27712151807484514


n: 45.0

epsilon: 0.48571428571428577

m: 5.285714285714286

Residual: 0.21061654375556507


n: 45.0

epsilon: 0.48571428571428577

m: 5.571428571428571

Residual: 0.144608133733459


n: 45.0

epsilon: 0.48571428571428577

m: 5.857142857142857

Residual: 0.08393352668658095


n: 45.0

epsilon: 0.48571428571428577

m: 6.142857142857142

Residual: 0.02127699416254473


n: 45.0

epsilon: 0.48571428571428577

m: 6.428571428571429

Residual: 0.04152373127663278


n: 45.0

epsilon: 0.48571428571428577

m: 6.714285714285714

Residual: 0.09398438808116867


n: 45.0

epsilon: 0.48571428571428577

m: 7.0

Residual: 0.14899632570658222


n: 45.0

epsilon: 0.6142857142857143

m: 5.0

Residual: 0.3826131510404335


n: 45.0

epsilon: 0.6142857142857143

m: 5.285714285714286

Residual: 0.3199555003176997


n: 45.0

epsilon: 0.6142857142857143

m: 5.571428571428571

Residual: 0.2523987978264417


n: 45.0

epsilon: 0.6142857142857143

m: 5.857142857142857

Residual: 0.19626739190409914


n: 45.0

epsilon: 0.6142857142857143

m: 6.142857142857142

Residual: 0.13350343222238384


n: 45.0

epsilon: 0.6142857142857143

m: 6.428571428571429

Residual: 0.0797087443703801


n: 45.0

epsilon: 0.6142857142857143

m: 6.714285714285714

Residual: 0.0552082057547039


n: 45.0

epsilon: 0.6142857142857143

m: 7.0

Residual: 0.05708692543536359


n: 45.0

epsilon: 0.7428571428571429

m: 5.0

Residual: 0.460510126237483


n: 45.0

epsilon: 0.7428571428571429

m: 5.285714285714286

Residual: 0.4000992713521696


n: 45.0

epsilon: 0.7428571428571429

m: 5.571428571428571

Residual: 0.33892517525239746


n: 45.0

epsilon: 0.7428571428571429

m: 5.857142857142857

Residual: 0.2803355959109583


n: 45.0

epsilon: 0.7428571428571429

m: 6.142857142857142

Residual: 0.22452881120586277


n: 45.0

epsilon: 0.7428571428571429

m: 6.428571428571429

Residual: 0.17265652393444716


n: 45.0

epsilon: 0.7428571428571429

m: 6.714285714285714

Residual: 0.11871128054960246


n: 45.0

epsilon: 0.7428571428571429

m: 7.0

Residual: 0.09356475118201422


n: 45.0

epsilon: 0.8714285714285716

m: 5.0

Residual: 0.5219808690427573


n: 45.0

epsilon: 0.8714285714285716

m: 5.285714285714286

Residual: 0.46428844996400315


n: 45.0

epsilon: 0.8714285714285716

m: 5.571428571428571

Residual: 0.40781915805921837


n: 45.0

epsilon: 0.8714285714285716

m: 5.857142857142857

Residual: 0.35115419237461376


n: 45.0

epsilon: 0.8714285714285716

m: 6.142857142857142

Residual: 0.3019832485191417


n: 45.0

epsilon: 0.8714285714285716

m: 6.428571428571429

Residual: 0.2495240021157588


n: 45.0

epsilon: 0.8714285714285716

m: 6.714285714285714

Residual: 0.19816908843798764


n: 45.0

epsilon: 0.8714285714285716

m: 7.0

Residual: 0.1464607541952161


n: 45.0

epsilon: 1.0000000000000002

m: 5.0

Residual: 0.570169707293864


n: 45.0

epsilon: 1.0000000000000002

m: 5.285714285714286

Residual: 0.5161108492005866


n: 45.0

epsilon: 1.0000000000000002

m: 5.571428571428571

Residual: 0.4654378426146444


n: 45.0

epsilon: 1.0000000000000002

m: 5.857142857142857

Residual: 0.41078018179474274


n: 45.0

epsilon: 1.0000000000000002

m: 6.142857142857142

Residual: 0.35904593445017535


n: 45.0

epsilon: 1.0000000000000002

m: 6.428571428571429

Residual: 0.308499887439197


n: 45.0

epsilon: 1.0000000000000002

m: 6.714285714285714

Residual: 0.2597662305339435


n: 45.0

epsilon: 1.0000000000000002

m: 7.0

Residual: 0.20877070490767385


