epsilon: 1.0

m: 4.25

Residual: 0.24569386870565924


epsilon: 1.0

m: 4.25

Residual: 0.24551010622445343


epsilon: 1.0

m: 4.291666666666667

Residual: 0.21503141577282422


epsilon: 1.0

m: 4.333333333333333

Residual: 0.1871217330714327


epsilon: 1.0

m: 4.375

Residual: 0.16231755623368466


epsilon: 1.0

m: 4.416666666666667

Residual: 0.1399554124071316


epsilon: 1.0

m: 4.458333333333333

Residual: 0.12036052017124922


epsilon: 1.0

m: 4.5

Residual: 0.10602624946906347


epsilon: 1.0

m: 4.541666666666667

Residual: 0.09651915419917671


epsilon: 1.0

m: 4.583333333333333

Residual: 0.09279750135811106


epsilon: 1.0

m: 4.625

Residual: 0.09703705335172351


epsilon: 1.0

m: 4.666666666666667

Residual: 0.10853926329849871


epsilon: 1.0

m: 4.708333333333333

Residual: 0.12782018601232825


epsilon: 1.0

m: 4.75

Residual: 0.1530732022583916


epsilon: 1.0

m: 4.791666666666667

Residual: 0.18084608761719764


epsilon: 1.0

m: 4.833333333333333

Residual: 0.20975427714880374


epsilon: 1.0

m: 4.875

Residual: 0.2372057541581307


epsilon: 1.0

m: 4.916666666666667

Residual: 0.26391657496025456


epsilon: 1.0

m: 4.958333333333333

Residual: 0.29017899383750206


epsilon: 1.0

m: 5.0

Residual: 0.3153410295960325


epsilon: 1.0

m: 5.041666666666667

Residual: 0.33964016785073575


epsilon: 1.0

m: 5.083333333333333

Residual: 0.3628727320778807


epsilon: 1.0

m: 5.125

Residual: 0.3859812742295804


epsilon: 1.0

m: 5.166666666666667

Residual: 0.4072502701344488


epsilon: 1.0

m: 5.208333333333333

Residual: 0.4284142908097367


epsilon: 1.0

m: 5.25

Residual: 0.4494134877240645


epsilon: 1.0833333333333333

m: 4.25

Residual: 0.2800502483517729


epsilon: 1.0833333333333333

m: 4.291666666666667

Residual: 0.24669735171180332


epsilon: 1.0833333333333333

m: 4.333333333333333

Residual: 0.21576023669596456


epsilon: 1.0833333333333333

m: 4.375

Residual: 0.18646060514202842


epsilon: 1.0833333333333333

m: 4.416666666666667

Residual: 0.15930284701810737


epsilon: 1.0833333333333333

m: 4.458333333333333

Residual: 0.1355298137128616


epsilon: 1.0833333333333333

m: 4.5

Residual: 0.11480591733955853


epsilon: 1.0833333333333333

m: 4.541666666666667

Residual: 0.09877655566045894


epsilon: 1.0833333333333333

m: 4.583333333333333

Residual: 0.08763007016625124


epsilon: 1.0833333333333333

m: 4.625

Residual: 0.08229151703632515


epsilon: 1.0833333333333333

m: 4.666666666666667

Residual: 0.08525893568680719


epsilon: 1.0833333333333333

m: 4.708333333333333

Residual: 0.09700794936093812


epsilon: 1.0833333333333333

m: 4.75

Residual: 0.1167459131754781


epsilon: 1.0833333333333333

m: 4.791666666666667

Residual: 0.14190738416495696


epsilon: 1.0833333333333333

m: 4.833333333333333

Residual: 0.17107712747393294


epsilon: 1.0833333333333333

m: 4.875

Residual: 0.1987233876916795


epsilon: 1.0833333333333333

m: 4.916666666666667

Residual: 0.22683843814837126


epsilon: 1.0833333333333333

m: 4.958333333333333

Residual: 0.2528547313520349


epsilon: 1.0833333333333333

m: 5.0

Residual: 0.2785008806619962


epsilon: 1.0833333333333333

m: 5.041666666666667

Residual: 0.3038542279626079


epsilon: 1.0833333333333333

m: 5.083333333333333

Residual: 0.3283744447461468


epsilon: 1.0833333333333333

m: 5.125

Residual: 0.35079364657979034


epsilon: 1.0833333333333333

m: 5.166666666666667

Residual: 0.3749228018839784


epsilon: 1.0833333333333333

m: 5.208333333333333

Residual: 0.3961396372244019


epsilon: 1.0833333333333333

m: 5.25

Residual: 0.4159152121082701


epsilon: 1.1666666666666667

m: 4.25

Residual: 0.3139992975192723


epsilon: 1.1666666666666667

m: 4.291666666666667

Residual: 0.2809745308751392


epsilon: 1.1666666666666667

m: 4.333333333333333

Residual: 0.2477953321969548


epsilon: 1.1666666666666667

m: 4.375

Residual: 0.21482778352985035


epsilon: 1.1666666666666667

m: 4.416666666666667

Residual: 0.18501039131505811


epsilon: 1.1666666666666667

m: 4.458333333333333

Residual: 0.15678167766135698


epsilon: 1.1666666666666667

m: 4.5

Residual: 0.1316536830521219


epsilon: 1.1666666666666667

m: 4.541666666666667

Residual: 0.10987277250617011


epsilon: 1.1666666666666667

m: 4.583333333333333

Residual: 0.09155242065036312


epsilon: 1.1666666666666667

m: 4.625

Residual: 0.07860159331403754


epsilon: 1.1666666666666667

m: 4.666666666666667

Residual: 0.07227356068635746


epsilon: 1.1666666666666667

m: 4.708333333333333

Residual: 0.07471097242178873


epsilon: 1.1666666666666667

m: 4.75

Residual: 0.08690023881011008


epsilon: 1.1666666666666667

m: 4.791666666666667

Residual: 0.10824594610354606


epsilon: 1.1666666666666667

m: 4.833333333333333

Residual: 0.1347596910146242


epsilon: 1.1666666666666667

m: 4.875

Residual: 0.1634589046849713


epsilon: 1.1666666666666667

m: 4.916666666666667

Residual: 0.19089509276971198


epsilon: 1.1666666666666667

m: 4.958333333333333

Residual: 0.21770009764388218


epsilon: 1.1666666666666667

m: 5.0

Residual: 0.24433805406984568


epsilon: 1.1666666666666667

m: 5.041666666666667

Residual: 0.26939886932313467


epsilon: 1.1666666666666667

m: 5.083333333333333

Residual: 0.29487238118486225


epsilon: 1.1666666666666667

m: 5.125

Residual: 0.3186467559064454


epsilon: 1.1666666666666667

m: 5.166666666666667

Residual: 0.3419016396645566


epsilon: 1.1666666666666667

m: 5.208333333333333

Residual: 0.3641156407251323


epsilon: 1.1666666666666667

m: 5.25

Residual: 0.38525747845600194


epsilon: 1.25

m: 4.25

Residual: 0.3447032878200841


epsilon: 1.25

m: 4.291666666666667

Residual: 0.3123466465612969


epsilon: 1.25

m: 4.333333333333333

Residual: 0.2799275297133876


epsilon: 1.25

m: 4.375

Residual: 0.2472895507726964


epsilon: 1.25

m: 4.416666666666667

Residual: 0.21460690820006376


epsilon: 1.25

m: 4.458333333333333

Residual: 0.18292335094610482


epsilon: 1.25

m: 4.5

Residual: 0.15355605356959998


epsilon: 1.25

m: 4.541666666666667

Residual: 0.12712536796141055


epsilon: 1.25

m: 4.583333333333333

Residual: 0.10376761608628517


epsilon: 1.25

m: 4.625

Residual: 0.08421059600116822


epsilon: 1.25

m: 4.666666666666667

Residual: 0.07032702024530468


epsilon: 1.25

m: 4.708333333333333

Residual: 0.0625536958181338


epsilon: 1.25

m: 4.75

Residual: 0.06473437655863412


epsilon: 1.25

m: 4.791666666666667

Residual: 0.07900761940779855


epsilon: 1.25

m: 4.833333333333333

Residual: 0.10206265316201364


epsilon: 1.25

m: 4.875

Residual: 0.12923934391617053


epsilon: 1.25

m: 4.916666666666667

Residual: 0.15744143323409865


epsilon: 1.25

m: 4.958333333333333

Residual: 0.18411686499391616


epsilon: 1.25

m: 5.0

Residual: 0.21167123049336034


epsilon: 1.25

m: 5.041666666666667

Residual: 0.23724687931433988


epsilon: 1.25

m: 5.083333333333333

Residual: 0.26217487705597287


epsilon: 1.25

m: 5.125

Residual: 0.28756346104415365


epsilon: 1.25

m: 5.166666666666667

Residual: 0.3111077558904663


epsilon: 1.25

m: 5.208333333333333

Residual: 0.33329697526203667


epsilon: 1.25

m: 5.25

Residual: 0.355587391865193


epsilon: 1.3333333333333333

m: 4.25

Residual: 0.37282468064449104


epsilon: 1.3333333333333333

m: 4.291666666666667

Residual: 0.34129706056835785


epsilon: 1.3333333333333333

m: 4.333333333333333

Residual: 0.30945940559609564


epsilon: 1.3333333333333333

m: 4.375

Residual: 0.2772394300836916


epsilon: 1.3333333333333333

m: 4.416666666666667

Residual: 0.24500407223859358


epsilon: 1.3333333333333333

m: 4.458333333333333

Residual: 0.21259638159345795


epsilon: 1.3333333333333333

m: 4.5

Residual: 0.1806432830012953


epsilon: 1.3333333333333333

m: 4.541666666666667

Residual: 0.15011810318538527


epsilon: 1.3333333333333333

m: 4.583333333333333

Residual: 0.12260746812936106


epsilon: 1.3333333333333333

m: 4.625

Residual: 0.09792438389412451


epsilon: 1.3333333333333333

m: 4.666666666666667

Residual: 0.07771936750536508


epsilon: 1.3333333333333333

m: 4.708333333333333

Residual: 0.062032749240406956


epsilon: 1.3333333333333333

m: 4.75

Residual: 0.053717681937861785


epsilon: 1.3333333333333333

m: 4.791666666666667

Residual: 0.05651480568546416


epsilon: 1.3333333333333333

m: 4.833333333333333

Residual: 0.07315982489439093


epsilon: 1.3333333333333333

m: 4.875

Residual: 0.09782468049155658


epsilon: 1.3333333333333333

m: 4.916666666666667

Residual: 0.12623825366305644


epsilon: 1.3333333333333333

m: 4.958333333333333

Residual: 0.1537466850044631


epsilon: 1.3333333333333333

m: 5.0

Residual: 0.18054395026908576


epsilon: 1.3333333333333333

m: 5.041666666666667

Residual: 0.2069656721371548


epsilon: 1.3333333333333333

m: 5.083333333333333

Residual: 0.23254274413428547


epsilon: 1.3333333333333333

m: 5.125

Residual: 0.2573770767056564


epsilon: 1.3333333333333333

m: 5.166666666666667

Residual: 0.2815104030282423


epsilon: 1.3333333333333333

m: 5.208333333333333

Residual: 0.3053891813319596


epsilon: 1.3333333333333333

m: 5.25

Residual: 0.32786391546880456


epsilon: 1.4166666666666665

m: 4.25

Residual: 0.39871693870028924


epsilon: 1.4166666666666665

m: 4.291666666666667

Residual: 0.3679790845251354


epsilon: 1.4166666666666665

m: 4.333333333333333

Residual: 0.33660944084350536


epsilon: 1.4166666666666665

m: 4.375

Residual: 0.3050217778440686


epsilon: 1.4166666666666665

m: 4.416666666666667

Residual: 0.2732737609101132


epsilon: 1.4166666666666665

m: 4.458333333333333

Residual: 0.24137778984138256


epsilon: 1.4166666666666665

m: 4.5

Residual: 0.20961332838929742


epsilon: 1.4166666666666665

m: 4.541666666666667

Residual: 0.1779040885967991


epsilon: 1.4166666666666665

m: 4.583333333333333

Residual: 0.1461734478891519


epsilon: 1.4166666666666665

m: 4.625

Residual: 0.11775644468427653


epsilon: 1.4166666666666665

m: 4.666666666666667

Residual: 0.09247481077078012


epsilon: 1.4166666666666665

m: 4.708333333333333

Residual: 0.07054026216541846


epsilon: 1.4166666666666665

m: 4.75

Residual: 0.05328456234506319


epsilon: 1.4166666666666665

m: 4.791666666666667

Residual: 0.044686105968400856


epsilon: 1.4166666666666665

m: 4.833333333333333

Residual: 0.04921337113379488


epsilon: 1.4166666666666665

m: 4.875

Residual: 0.06971282076489316


epsilon: 1.4166666666666665

m: 4.916666666666667

Residual: 0.09609629084809809


epsilon: 1.4166666666666665

m: 4.958333333333333

Residual: 0.12353743135002829


epsilon: 1.4166666666666665

m: 5.0

Residual: 0.15079122437635356


epsilon: 1.4166666666666665

m: 5.041666666666667

Residual: 0.17766649773209336


epsilon: 1.4166666666666665

m: 5.083333333333333

Residual: 0.20400292588544952


epsilon: 1.4166666666666665

m: 5.125

Residual: 0.22888935004930008


epsilon: 1.4166666666666665

m: 5.166666666666667

Residual: 0.2533471028196773


epsilon: 1.4166666666666665

m: 5.208333333333333

Residual: 0.2771806181749612


epsilon: 1.4166666666666665

m: 5.25

Residual: 0.2999861011623233


epsilon: 1.5

m: 4.25

Residual: 0.42242014539927164


epsilon: 1.5

m: 4.291666666666667

Residual: 0.3922477835171177


epsilon: 1.5

m: 4.333333333333333

Residual: 0.36170963955003727


epsilon: 1.5

m: 4.375

Residual: 0.33076155728645534


epsilon: 1.5

m: 4.416666666666667

Residual: 0.2996496738225517


epsilon: 1.5

m: 4.458333333333333

Residual: 0.2681756061815336


epsilon: 1.5

m: 4.5

Residual: 0.23661237923770562


epsilon: 1.5

m: 4.541666666666667

Residual: 0.20510819564715646


epsilon: 1.5

m: 4.583333333333333

Residual: 0.1737259728094226


epsilon: 1.5

m: 4.625

Residual: 0.14266153014880725


epsilon: 1.5

m: 4.666666666666667

Residual: 0.1132744859958506


epsilon: 1.5

m: 4.708333333333333

Residual: 0.08682852725228186


epsilon: 1.5

m: 4.75

Residual: 0.06363730575189991


epsilon: 1.5

m: 4.791666666666667

Residual: 0.04481522690781924


epsilon: 1.5

m: 4.833333333333333

Residual: 0.03647633356990169


epsilon: 1.5

m: 4.875

Residual: 0.04421741381693122


epsilon: 1.5

m: 4.916666666666667

Residual: 0.06802283244031122


epsilon: 1.5

m: 4.958333333333333

Residual: 0.09588123767243602


epsilon: 1.5

m: 5.0

Residual: 0.12320771447664412


epsilon: 1.5

m: 5.041666666666667

Residual: 0.14989892741477165


epsilon: 1.5

m: 5.083333333333333

Residual: 0.17679284426243685


epsilon: 1.5

m: 5.125

Residual: 0.20211831488511342


epsilon: 1.5

m: 5.166666666666667

Residual: 0.22623337095593074


epsilon: 1.5

m: 5.208333333333333

Residual: 0.25044218690130976


epsilon: 1.5

m: 5.25

Residual: 0.2746867678168188


epsilon: 1.5833333333333333

m: 4.25

Residual: 0.4444031758301942


epsilon: 1.5833333333333333

m: 4.291666666666667

Residual: 0.4148233711374778


epsilon: 1.5833333333333333

m: 4.333333333333333

Residual: 0.3848464450008168


epsilon: 1.5833333333333333

m: 4.375

Residual: 0.3547663600595815


epsilon: 1.5833333333333333

m: 4.416666666666667

Residual: 0.3238501728482549


epsilon: 1.5833333333333333

m: 4.458333333333333

Residual: 0.2928569626731274


epsilon: 1.5833333333333333

m: 4.5

Residual: 0.2619187220461116


epsilon: 1.5833333333333333

m: 4.541666666666667

Residual: 0.23078081270888934


epsilon: 1.5833333333333333

m: 4.583333333333333

Residual: 0.1998167093838356


epsilon: 1.5833333333333333

m: 4.625

Residual: 0.16904531363417685


epsilon: 1.5833333333333333

m: 4.666666666666667

Residual: 0.13770573177754306


epsilon: 1.5833333333333333

m: 4.708333333333333

Residual: 0.10735590472001565


epsilon: 1.5833333333333333

m: 4.75

Residual: 0.0799744246334926


epsilon: 1.5833333333333333

m: 4.791666666666667

Residual: 0.05608920255509159


epsilon: 1.5833333333333333

m: 4.833333333333333

Residual: 0.036860617299173525


epsilon: 1.5833333333333333

m: 4.875

Residual: 0.027865757856728592


epsilon: 1.5833333333333333

m: 4.916666666666667

Residual: 0.04260368071401798


epsilon: 1.5833333333333333

m: 4.958333333333333

Residual: 0.06869007725327672


epsilon: 1.5833333333333333

m: 5.0

Residual: 0.0964722227207837


epsilon: 1.5833333333333333

m: 5.041666666666667

Residual: 0.12338083420145926


epsilon: 1.5833333333333333

m: 5.083333333333333

Residual: 0.14973214467888177


epsilon: 1.5833333333333333

m: 5.125

Residual: 0.1760100780932883


epsilon: 1.5833333333333333

m: 5.166666666666667

Residual: 0.20121478381924457


epsilon: 1.5833333333333333

m: 5.208333333333333

Residual: 0.22447510540026844


epsilon: 1.5833333333333333

m: 5.25

Residual: 0.24875684964088193


epsilon: 1.6666666666666665

m: 4.25

Residual: 0.46477374978264707


epsilon: 1.6666666666666665

m: 4.291666666666667

Residual: 0.4357589416445781


epsilon: 1.6666666666666665

m: 4.333333333333333

Residual: 0.40640699189220303


epsilon: 1.6666666666666665

m: 4.375

Residual: 0.37675793352078335


epsilon: 1.6666666666666665

m: 4.416666666666667

Residual: 0.3467600893018212


epsilon: 1.6666666666666665

m: 4.458333333333333

Residual: 0.3163557585035847


epsilon: 1.6666666666666665

m: 4.5

Residual: 0.2856567504559066


epsilon: 1.6666666666666665

m: 4.541666666666667

Residual: 0.25520641197193034


epsilon: 1.6666666666666665

m: 4.583333333333333

Residual: 0.22435760483975248


epsilon: 1.6666666666666665

m: 4.625

Residual: 0.1934750787462826


epsilon: 1.6666666666666665

m: 4.666666666666667

Residual: 0.1629690667773423


epsilon: 1.6666666666666665

m: 4.708333333333333

Residual: 0.13252049556427384


epsilon: 1.6666666666666665

m: 4.75

Residual: 0.10230506134135249


epsilon: 1.6666666666666665

m: 4.791666666666667

Residual: 0.07425501507154234


epsilon: 1.6666666666666665

m: 4.833333333333333

Residual: 0.04882452560322121


epsilon: 1.6666666666666665

m: 4.875

Residual: 0.02896769636552278


epsilon: 1.6666666666666665

m: 4.916666666666667

Residual: 0.020783507402500914


epsilon: 1.6666666666666665

m: 4.958333333333333

Residual: 0.043642360031261686


epsilon: 1.6666666666666665

m: 5.0

Residual: 0.0703351539851986


epsilon: 1.6666666666666665

m: 5.041666666666667

Residual: 0.09797446915214464


epsilon: 1.6666666666666665

m: 5.083333333333333

Residual: 0.12414960025691273


epsilon: 1.6666666666666665

m: 5.125

Residual: 0.15079696379359958


epsilon: 1.6666666666666665

m: 5.166666666666667

Residual: 0.17487911577396817


epsilon: 1.6666666666666665

m: 5.208333333333333

Residual: 0.20068965755945153


epsilon: 1.6666666666666665

m: 5.25

Residual: 0.22483228839812067


epsilon: 1.75

m: 4.25

Residual: 0.48364999984151924


epsilon: 1.75

m: 4.291666666666667

Residual: 0.4553187155829789


epsilon: 1.75

m: 4.333333333333333

Residual: 0.42666115995314147


epsilon: 1.75

m: 4.375

Residual: 0.3975007923516019


epsilon: 1.75

m: 4.416666666666667

Residual: 0.36806832883117296


epsilon: 1.75

m: 4.458333333333333

Residual: 0.33829714570167213


epsilon: 1.75

m: 4.5

Residual: 0.3080705480014595


epsilon: 1.75

m: 4.541666666666667

Residual: 0.277630007628767


epsilon: 1.75

m: 4.583333333333333

Residual: 0.24743228339372736


epsilon: 1.75

m: 4.625

Residual: 0.2166858900992697


epsilon: 1.75

m: 4.666666666666667

Residual: 0.18649047647455633


epsilon: 1.75

m: 4.708333333333333

Residual: 0.15628886961604704


epsilon: 1.75

m: 4.75

Residual: 0.12658119252012717


epsilon: 1.75

m: 4.791666666666667

Residual: 0.09672471671200168


epsilon: 1.75

m: 4.833333333333333

Residual: 0.06720559585448099


epsilon: 1.75

m: 4.875

Residual: 0.041295896856205196


epsilon: 1.75

m: 4.916666666666667

Residual: 0.020898079219879875


epsilon: 1.75

m: 4.958333333333333

Residual: 0.02047889111434034


epsilon: 1.75

m: 5.0

Residual: 0.04637382316514559


epsilon: 1.75

m: 5.041666666666667

Residual: 0.07306032810959771


epsilon: 1.75

m: 5.083333333333333

Residual: 0.10061324188738618


epsilon: 1.75

m: 5.125

Residual: 0.12640441367749142


epsilon: 1.75

m: 5.166666666666667

Residual: 0.15230452538275344


epsilon: 1.75

m: 5.208333333333333

Residual: 0.17746498174037778


epsilon: 1.75

m: 5.25

Residual: 0.20157857550366504


epsilon: 1.8333333333333333

m: 4.25

Residual: 0.5012770353266016


epsilon: 1.8333333333333333

m: 4.291666666666667

Residual: 0.4737082908514578


epsilon: 1.8333333333333333

m: 4.333333333333333

Residual: 0.4454783075483224


epsilon: 1.8333333333333333

m: 4.375

Residual: 0.41687186040816887


epsilon: 1.8333333333333333

m: 4.416666666666667

Residual: 0.3880735148373402


epsilon: 1.8333333333333333

m: 4.458333333333333

Residual: 0.35837274000115116


epsilon: 1.8333333333333333

m: 4.5

Residual: 0.3289493615126954


epsilon: 1.8333333333333333

m: 4.541666666666667

Residual: 0.2992940629624279


epsilon: 1.8333333333333333

m: 4.583333333333333

Residual: 0.26919930088542726


epsilon: 1.8333333333333333

m: 4.625

Residual: 0.23913302955808294


epsilon: 1.8333333333333333

m: 4.666666666666667

Residual: 0.2092129040582985


epsilon: 1.8333333333333333

m: 4.708333333333333

Residual: 0.17876317548837767


epsilon: 1.8333333333333333

m: 4.75

Residual: 0.14939716386803673


epsilon: 1.8333333333333333

m: 4.791666666666667

Residual: 0.11957382563751223


epsilon: 1.8333333333333333

m: 4.833333333333333

Residual: 0.09021483446437534


epsilon: 1.8333333333333333

m: 4.875

Residual: 0.06140011461512933


epsilon: 1.8333333333333333

m: 4.916666666666667

Residual: 0.03387806920365148


epsilon: 1.8333333333333333

m: 4.958333333333333

Residual: 0.011844286826249668


epsilon: 1.8333333333333333

m: 5.0

Residual: 0.02379041043733347


epsilon: 1.8333333333333333

m: 5.041666666666667

Residual: 0.050950783444530495


epsilon: 1.8333333333333333

m: 5.083333333333333

Residual: 0.07704687657036154


epsilon: 1.8333333333333333

m: 5.125

Residual: 0.10377505279122659


epsilon: 1.8333333333333333

m: 5.166666666666667

Residual: 0.1293876383945875


epsilon: 1.8333333333333333

m: 5.208333333333333

Residual: 0.15532269071451313


epsilon: 1.8333333333333333

m: 5.25

Residual: 0.1791007846368541


epsilon: 1.9166666666666665

m: 4.25

Residual: 0.5177755460262281


epsilon: 1.9166666666666665

m: 4.291666666666667

Residual: 0.4906927470170815


epsilon: 1.9166666666666665

m: 4.333333333333333

Residual: 0.46315316751469315


epsilon: 1.9166666666666665

m: 4.375

Residual: 0.4351324064834433


epsilon: 1.9166666666666665

m: 4.416666666666667

Residual: 0.4066605913845425


epsilon: 1.9166666666666665

m: 4.458333333333333

Residual: 0.3777869256165142


epsilon: 1.9166666666666665

m: 4.5

Residual: 0.3484179145395842


epsilon: 1.9166666666666665

m: 4.541666666666667

Residual: 0.3191221266430168


epsilon: 1.9166666666666665

m: 4.583333333333333

Residual: 0.2895715338706413


epsilon: 1.9166666666666665

m: 4.625

Residual: 0.25971084004897327


epsilon: 1.9166666666666665

m: 4.666666666666667

Residual: 0.2300455197171279


epsilon: 1.9166666666666665

m: 4.708333333333333

Residual: 0.20023717672049346


epsilon: 1.9166666666666665

m: 4.75

Residual: 0.17054840342655206


epsilon: 1.9166666666666665

m: 4.791666666666667

Residual: 0.14147912528482934


epsilon: 1.9166666666666665

m: 4.833333333333333

Residual: 0.11195175514188876


epsilon: 1.9166666666666665

m: 4.875

Residual: 0.08384928313218386


epsilon: 1.9166666666666665

m: 4.916666666666667

Residual: 0.05497790130359596


epsilon: 1.9166666666666665

m: 4.958333333333333

Residual: 0.02634721054027748


epsilon: 1.9166666666666665

m: 5.0

Residual: 0.007379489176240241


epsilon: 1.9166666666666665

m: 5.041666666666667

Residual: 0.02841429632698761


epsilon: 1.9166666666666665

m: 5.083333333333333

Residual: 0.05512523372025827


epsilon: 1.9166666666666665

m: 5.125

Residual: 0.08136063981736202


epsilon: 1.9166666666666665

m: 5.166666666666667

Residual: 0.10765406594884853


epsilon: 1.9166666666666665

m: 5.208333333333333

Residual: 0.13241097823282666


epsilon: 1.9166666666666665

m: 5.25

Residual: 0.1567634623658082


epsilon: 2.0

m: 4.25

Residual: 0.5330767223128042


epsilon: 2.0

m: 4.291666666666667

Residual: 0.5066468437247019


epsilon: 2.0

m: 4.333333333333333

Residual: 0.47967279853261113


epsilon: 2.0

m: 4.375

Residual: 0.45215213132078985


epsilon: 2.0

m: 4.416666666666667

Residual: 0.42408196619440003


epsilon: 2.0

m: 4.458333333333333

Residual: 0.3958609937163102


epsilon: 2.0

m: 4.5

Residual: 0.36704372720511147


epsilon: 2.0

m: 4.541666666666667

Residual: 0.3379849000042593


epsilon: 2.0

m: 4.583333333333333

Residual: 0.30867524195912904


epsilon: 2.0

m: 4.625

Residual: 0.27933284028278477


epsilon: 2.0

m: 4.666666666666667

Residual: 0.24992178983567287


epsilon: 2.0

m: 4.708333333333333

Residual: 0.22113585091443147


epsilon: 2.0

m: 4.75

Residual: 0.19129135359589924


epsilon: 2.0

m: 4.791666666666667

Residual: 0.1621504439220594


epsilon: 2.0

m: 4.833333333333333

Residual: 0.1334825730691969


epsilon: 2.0

m: 4.875

Residual: 0.10476343207769548


epsilon: 2.0

m: 4.916666666666667

Residual: 0.07563937355725871


epsilon: 2.0

m: 4.958333333333333

Residual: 0.04825781522836539


epsilon: 2.0

m: 5.0

Residual: 0.020115444973428674


epsilon: 2.0

m: 5.041666666666667

Residual: 0.010834557626369947


epsilon: 2.0

m: 5.083333333333333

Residual: 0.03366075956784761


epsilon: 2.0

m: 5.125

Residual: 0.06009446857362178


epsilon: 2.0

m: 5.166666666666667

Residual: 0.08605589440784148


epsilon: 2.0

m: 5.208333333333333

Residual: 0.11155522612284674


epsilon: 2.0

m: 5.25

Residual: 0.1355312683590326


epsilon: 2.083333333333333

m: 4.25

Residual: 0.5475623039712645


epsilon: 2.083333333333333

m: 4.291666666666667

Residual: 0.521762184021084


epsilon: 2.083333333333333

m: 4.333333333333333

Residual: 0.49523401232388947


epsilon: 2.083333333333333

m: 4.375

Residual: 0.4682575169259888


epsilon: 2.083333333333333

m: 4.416666666666667

Residual: 0.4408321571830611


epsilon: 2.083333333333333

m: 4.458333333333333

Residual: 0.41275835861353094


epsilon: 2.083333333333333

m: 4.5

Residual: 0.3845259463840992


epsilon: 2.083333333333333

m: 4.541666666666667

Residual: 0.35578133584273686


epsilon: 2.083333333333333

m: 4.583333333333333

Residual: 0.3273192987130131


epsilon: 2.083333333333333

m: 4.625

Residual: 0.29831209064439695


epsilon: 2.083333333333333

m: 4.666666666666667

Residual: 0.2691497472912582


epsilon: 2.083333333333333

m: 4.708333333333333

Residual: 0.2402574229376747


epsilon: 2.083333333333333

m: 4.75

Residual: 0.21095172802516765


epsilon: 2.083333333333333

m: 4.791666666666667

Residual: 0.18247519690340336


epsilon: 2.083333333333333

m: 4.833333333333333

Residual: 0.1527794597174613


epsilon: 2.083333333333333

m: 4.875

Residual: 0.12491593456993294


epsilon: 2.083333333333333

m: 4.916666666666667

Residual: 0.0961166576568522


epsilon: 2.083333333333333

m: 4.958333333333333

Residual: 0.06835891630243748


epsilon: 2.083333333333333

m: 5.0

Residual: 0.04059247168067458


epsilon: 2.083333333333333

m: 5.041666666666667

Residual: 0.017293848133538302


epsilon: 2.083333333333333

m: 5.083333333333333

Residual: 0.01697459087399116


epsilon: 2.083333333333333

m: 5.125

Residual: 0.040153516891722196


epsilon: 2.083333333333333

m: 5.166666666666667

Residual: 0.06612199389492394


epsilon: 2.083333333333333

m: 5.208333333333333

Residual: 0.0915215250112106


epsilon: 2.083333333333333

m: 5.25

Residual: 0.11645269649748134


epsilon: 2.1666666666666665

m: 4.25

Residual: 0.5610511997547393


epsilon: 2.1666666666666665

m: 4.291666666666667

Residual: 0.535880094288822


epsilon: 2.1666666666666665

m: 4.333333333333333

Residual: 0.5098617279675891


epsilon: 2.1666666666666665

m: 4.375

Residual: 0.4832883847215643


epsilon: 2.1666666666666665

m: 4.416666666666667

Residual: 0.45667184416378626


epsilon: 2.1666666666666665

m: 4.458333333333333

Residual: 0.42906303769726417


epsilon: 2.1666666666666665

m: 4.5

Residual: 0.4012144028366031


epsilon: 2.1666666666666665

m: 4.541666666666667

Residual: 0.3730394007237388


epsilon: 2.1666666666666665

m: 4.583333333333333

Residual: 0.3443747841978573


epsilon: 2.1666666666666665

m: 4.625

Residual: 0.31598386070170165


epsilon: 2.1666666666666665

m: 4.666666666666667

Residual: 0.2876275603994258


epsilon: 2.1666666666666665

m: 4.708333333333333

Residual: 0.2586896501915826


epsilon: 2.1666666666666665

m: 4.75

Residual: 0.22999870451387106


epsilon: 2.1666666666666665

m: 4.791666666666667

Residual: 0.20081147061774146


epsilon: 2.1666666666666665

m: 4.833333333333333

Residual: 0.17196935040640698


epsilon: 2.1666666666666665

m: 4.875

Residual: 0.14417700033734074


epsilon: 2.1666666666666665

m: 4.916666666666667

Residual: 0.11513410470168628


epsilon: 2.1666666666666665

m: 4.958333333333333

Residual: 0.08777868570526103


epsilon: 2.1666666666666665

m: 5.0

Residual: 0.0599605570470736


epsilon: 2.1666666666666665

m: 5.041666666666667

Residual: 0.03282842337357543


epsilon: 2.1666666666666665

m: 5.083333333333333

Residual: 0.020653121490105696


epsilon: 2.1666666666666665

m: 5.125

Residual: 0.02576810830831142


epsilon: 2.1666666666666665

m: 5.166666666666667

Residual: 0.04657840959391053


epsilon: 2.1666666666666665

m: 5.208333333333333

Residual: 0.07220282769651208


epsilon: 2.1666666666666665

m: 5.25

Residual: 0.09649822870949627


epsilon: 2.25

m: 4.25

Residual: 0.5738511273495462


epsilon: 2.25

m: 4.291666666666667

Residual: 0.5491470536020168


epsilon: 2.25

m: 4.333333333333333

Residual: 0.5238119593682593


epsilon: 2.25

m: 4.375

Residual: 0.4978302952989238


epsilon: 2.25

m: 4.416666666666667

Residual: 0.4712592012738999


epsilon: 2.25

m: 4.458333333333333

Residual: 0.44437631445347403


epsilon: 2.25

m: 4.5

Residual: 0.41678796079165054


epsilon: 2.25

m: 4.541666666666667

Residual: 0.38948401275376554


epsilon: 2.25

m: 4.583333333333333

Residual: 0.3611375622849312


epsilon: 2.25

m: 4.625

Residual: 0.3327541217605567


epsilon: 2.25

m: 4.666666666666667

Residual: 0.304701053042818


epsilon: 2.25

m: 4.708333333333333

Residual: 0.2757554630179486


epsilon: 2.25

m: 4.75

Residual: 0.24722831797470027


epsilon: 2.25

m: 4.791666666666667

Residual: 0.21882643186241113


epsilon: 2.25

m: 4.833333333333333

Residual: 0.19055771045674835


epsilon: 2.25

m: 4.875

Residual: 0.16252697927748502


epsilon: 2.25

m: 4.916666666666667

Residual: 0.1342103911349444


epsilon: 2.25

m: 4.958333333333333

Residual: 0.10662295763990964


epsilon: 2.25

m: 5.0

Residual: 0.07917475320111964


epsilon: 2.25

m: 5.041666666666667

Residual: 0.05165050686738879


epsilon: 2.25

m: 5.083333333333333

Residual: 0.030725814000075787


epsilon: 2.25

m: 5.125

Residual: 0.02627439974946847


epsilon: 2.25

m: 5.166666666666667

Residual: 0.033241706460711035


epsilon: 2.25

m: 5.208333333333333

Residual: 0.053478005490758256


epsilon: 2.25

m: 5.25

Residual: 0.0780626264709499


epsilon: 2.333333333333333

m: 4.25

Residual: 0.5860484711204347


epsilon: 2.333333333333333

m: 4.291666666666667

Residual: 0.5617428292723208


epsilon: 2.333333333333333

m: 4.333333333333333

Residual: 0.5368719472179875


epsilon: 2.333333333333333

m: 4.375

Residual: 0.511341729296014


epsilon: 2.333333333333333

m: 4.416666666666667

Residual: 0.4852860657706679


epsilon: 2.333333333333333

m: 4.458333333333333

Residual: 0.45898549538519773


epsilon: 2.333333333333333

m: 4.5

Residual: 0.4316532065188303


epsilon: 2.333333333333333

m: 4.541666666666667

Residual: 0.40432108634829217


epsilon: 2.333333333333333

m: 4.583333333333333

Residual: 0.3767643022781312


epsilon: 2.333333333333333

m: 4.625

Residual: 0.3489043097870877


epsilon: 2.333333333333333

m: 4.666666666666667

Residual: 0.32109109188760704


epsilon: 2.333333333333333

m: 4.708333333333333

Residual: 0.29292840195686026


epsilon: 2.333333333333333

m: 4.75

Residual: 0.26456716726551177


epsilon: 2.333333333333333

m: 4.791666666666667

Residual: 0.23608371650053586


epsilon: 2.333333333333333

m: 4.833333333333333

Residual: 0.20787122384994863


epsilon: 2.333333333333333

m: 4.875

Residual: 0.18012873508151725


epsilon: 2.333333333333333

m: 4.916666666666667

Residual: 0.1523136321859657


epsilon: 2.333333333333333

m: 4.958333333333333

Residual: 0.12452422426714876


epsilon: 2.333333333333333

m: 5.0

Residual: 0.09743563645414959


epsilon: 2.333333333333333

m: 5.041666666666667

Residual: 0.07019818866492943


epsilon: 2.333333333333333

m: 5.083333333333333

Residual: 0.043171774913788805


epsilon: 2.333333333333333

m: 5.125

Residual: 0.03275966451818873


epsilon: 2.333333333333333

m: 5.166666666666667

Residual: 0.03321384313324058


epsilon: 2.333333333333333

m: 5.208333333333333

Residual: 0.04222028837304999


epsilon: 2.333333333333333

m: 5.25

Residual: 0.06073731198338887


epsilon: 2.4166666666666665

m: 4.25

Residual: 0.5974197623256551


epsilon: 2.4166666666666665

m: 4.291666666666667

Residual: 0.5736815531162028


epsilon: 2.4166666666666665

m: 4.333333333333333

Residual: 0.5491287423010119


epsilon: 2.4166666666666665

m: 4.375

Residual: 0.5242801883075955


epsilon: 2.4166666666666665

m: 4.416666666666667

Residual: 0.49846844604788937


epsilon: 2.4166666666666665

m: 4.458333333333333

Residual: 0.47249063534669505


epsilon: 2.4166666666666665

m: 4.5

Residual: 0.4459848783605924


epsilon: 2.4166666666666665

m: 4.541666666666667

Residual: 0.41901186658225703


epsilon: 2.4166666666666665

m: 4.583333333333333

Residual: 0.3918284915490988


epsilon: 2.4166666666666665

m: 4.625

Residual: 0.3642261413602075


epsilon: 2.4166666666666665

m: 4.666666666666667

Residual: 0.3363975625695125


epsilon: 2.4166666666666665

m: 4.708333333333333

Residual: 0.3085730001022783


epsilon: 2.4166666666666665

m: 4.75

Residual: 0.2805373069525652


epsilon: 2.4166666666666665

m: 4.791666666666667

Residual: 0.2528909976991848


epsilon: 2.4166666666666665

m: 4.833333333333333

Residual: 0.22552911008735313


epsilon: 2.4166666666666665

m: 4.875

Residual: 0.19717145419593685


epsilon: 2.4166666666666665

m: 4.916666666666667

Residual: 0.16910241682968494


epsilon: 2.4166666666666665

m: 4.958333333333333

Residual: 0.14153101123581976


epsilon: 2.4166666666666665

m: 5.0

Residual: 0.11435458432073735


epsilon: 2.4166666666666665

m: 5.041666666666667

Residual: 0.08695974673162518


epsilon: 2.4166666666666665

m: 5.083333333333333

Residual: 0.060795836368960535


epsilon: 2.4166666666666665

m: 5.125

Residual: 0.04275588585044444


epsilon: 2.4166666666666665

m: 5.166666666666667

Residual: 0.03766284559429159


epsilon: 2.4166666666666665

m: 5.208333333333333

Residual: 0.04068953194294689


epsilon: 2.4166666666666665

m: 5.25

Residual: 0.05011741018177734


epsilon: 2.5

m: 4.25

Residual: 0.6081719341659043


epsilon: 2.5

m: 4.291666666666667

Residual: 0.5848768856951363


epsilon: 2.5

m: 4.333333333333333

Residual: 0.5609491627706885


epsilon: 2.5

m: 4.375

Residual: 0.5363252420288965


epsilon: 2.5

m: 4.416666666666667

Residual: 0.5112083882060283


epsilon: 2.5

m: 4.458333333333333

Residual: 0.4856047873551911


epsilon: 2.5

m: 4.5

Residual: 0.459617970714412


epsilon: 2.5

m: 4.541666666666667

Residual: 0.4328486836333862


epsilon: 2.5

m: 4.583333333333333

Residual: 0.4060416016296879


epsilon: 2.5

m: 4.625

Residual: 0.378875495722006


epsilon: 2.5

m: 4.666666666666667

Residual: 0.3516268679516781


epsilon: 2.5

m: 4.708333333333333

Residual: 0.3238261704442235


epsilon: 2.5

m: 4.75

Residual: 0.2961386143831751


epsilon: 2.5

m: 4.791666666666667

Residual: 0.268298408777974


epsilon: 2.5

m: 4.833333333333333

Residual: 0.24101630781017408


epsilon: 2.5

m: 4.875

Residual: 0.21311205408356784


epsilon: 2.5

m: 4.916666666666667

Residual: 0.185728384511503


epsilon: 2.5

m: 4.958333333333333

Residual: 0.15871282650540092


epsilon: 2.5

m: 5.0

Residual: 0.13170777263743302


epsilon: 2.5

m: 5.041666666666667

Residual: 0.10381154883594203


epsilon: 2.5

m: 5.083333333333333

Residual: 0.07759050526391918


epsilon: 2.5

m: 5.125

Residual: 0.053475252075840696


epsilon: 2.5

m: 5.166666666666667

Residual: 0.04477584107420722


epsilon: 2.5

m: 5.208333333333333

Residual: 0.04408534593783237


epsilon: 2.5

m: 5.25

Residual: 0.0480008141159801


epsilon: 2.583333333333333

m: 4.25

Residual: 0.618405617067054


epsilon: 2.583333333333333

m: 4.291666666666667

Residual: 0.5956025077016893


epsilon: 2.583333333333333

m: 4.333333333333333

Residual: 0.5719713248653636


epsilon: 2.583333333333333

m: 4.375

Residual: 0.5479676458883378


epsilon: 2.583333333333333

m: 4.416666666666667

Residual: 0.5231848542491419


epsilon: 2.583333333333333

m: 4.458333333333333

Residual: 0.4979431379731659


epsilon: 2.583333333333333

m: 4.5

Residual: 0.4722861094356073


epsilon: 2.583333333333333

m: 4.541666666666667

Residual: 0.4461894726777616


epsilon: 2.583333333333333

m: 4.583333333333333

Residual: 0.4195077105876469


epsilon: 2.583333333333333

m: 4.625

Residual: 0.3929418939818118


epsilon: 2.583333333333333

m: 4.666666666666667

Residual: 0.3660086923998359


epsilon: 2.583333333333333

m: 4.708333333333333

Residual: 0.33845928168295913


epsilon: 2.583333333333333

m: 4.75

Residual: 0.31120531276614366


epsilon: 2.583333333333333

m: 4.791666666666667

Residual: 0.28362127367067574


epsilon: 2.583333333333333

m: 4.833333333333333

Residual: 0.25576322510638466


epsilon: 2.583333333333333

m: 4.875

Residual: 0.22896590242518902


epsilon: 2.583333333333333

m: 4.916666666666667

Residual: 0.20118659265511973


epsilon: 2.583333333333333

m: 4.958333333333333

Residual: 0.17432478518724484


epsilon: 2.583333333333333

m: 5.0

Residual: 0.1473332271081211


epsilon: 2.583333333333333

m: 5.041666666666667

Residual: 0.12013825775570455


epsilon: 2.583333333333333

m: 5.083333333333333

Residual: 0.09341882982172232


epsilon: 2.583333333333333

m: 5.125

Residual: 0.06691549571573349


epsilon: 2.583333333333333

m: 5.166666666666667

Residual: 0.05341177891303696


epsilon: 2.583333333333333

m: 5.208333333333333

Residual: 0.04807816516375928


epsilon: 2.583333333333333

m: 5.25

Residual: 0.050463705830791274


epsilon: 2.6666666666666665

m: 4.25

Residual: 0.6280137821584497


epsilon: 2.6666666666666665

m: 4.291666666666667

Residual: 0.6057279346203971


epsilon: 2.6666666666666665

m: 4.333333333333333

Residual: 0.5827143612646479


epsilon: 2.6666666666666665

m: 4.375

Residual: 0.5589464276735724


epsilon: 2.6666666666666665

m: 4.416666666666667

Residual: 0.5346911459904408


epsilon: 2.6666666666666665

m: 4.458333333333333

Residual: 0.5097635696630547


epsilon: 2.6666666666666665

m: 4.5

Residual: 0.48449838729806344


epsilon: 2.6666666666666665

m: 4.541666666666667

Residual: 0.45868800362804624


epsilon: 2.6666666666666665

m: 4.583333333333333

Residual: 0.43277496216574807


epsilon: 2.6666666666666665

m: 4.625

Residual: 0.40614182260381676


epsilon: 2.6666666666666665

m: 4.666666666666667

Residual: 0.3796380705339745


epsilon: 2.6666666666666665

m: 4.708333333333333

Residual: 0.3525724722715455


epsilon: 2.6666666666666665

m: 4.75

Residual: 0.3252270968991795


epsilon: 2.6666666666666665

m: 4.791666666666667

Residual: 0.2980857946602737


epsilon: 2.6666666666666665

m: 4.833333333333333

Residual: 0.27091193570049654


epsilon: 2.6666666666666665

m: 4.875

Residual: 0.24387574574885457


epsilon: 2.6666666666666665

m: 4.916666666666667

Residual: 0.21643092012180853


epsilon: 2.6666666666666665

m: 4.958333333333333

Residual: 0.18952956494093023


epsilon: 2.6666666666666665

m: 5.0

Residual: 0.1623005070114576


epsilon: 2.6666666666666665

m: 5.041666666666667

Residual: 0.1356409488453826


epsilon: 2.6666666666666665

m: 5.083333333333333

Residual: 0.1091259188141606


epsilon: 2.6666666666666665

m: 5.125

Residual: 0.08415469840177979


epsilon: 2.6666666666666665

m: 5.166666666666667

Residual: 0.06424691789846836


epsilon: 2.6666666666666665

m: 5.208333333333333

Residual: 0.05477232576250619


epsilon: 2.6666666666666665

m: 5.25

Residual: 0.05293845696410904


epsilon: 2.75

m: 4.25

Residual: 0.637297276961628


epsilon: 2.75

m: 4.291666666666667

Residual: 0.6153399145491246


epsilon: 2.75

m: 4.333333333333333

Residual: 0.5927034022809147


epsilon: 2.75

m: 4.375

Residual: 0.5695432834245682


epsilon: 2.75

m: 4.416666666666667

Residual: 0.5456066929379725


epsilon: 2.75

m: 4.458333333333333

Residual: 0.5212312853512262


epsilon: 2.75

m: 4.5

Residual: 0.49602786389758224


epsilon: 2.75

m: 4.541666666666667

Residual: 0.4708764527035903


epsilon: 2.75

m: 4.583333333333333

Residual: 0.44522794630788426


epsilon: 2.75

m: 4.625

Residual: 0.4188983825135271


epsilon: 2.75

m: 4.666666666666667

Residual: 0.3926245417402504


epsilon: 2.75

m: 4.708333333333333

Residual: 0.36584490995177266


epsilon: 2.75

m: 4.75

Residual: 0.33910386638375417


epsilon: 2.75

m: 4.791666666666667

Residual: 0.3119926376071633


epsilon: 2.75

m: 4.833333333333333

Residual: 0.2852472082887234


epsilon: 2.75

m: 4.875

Residual: 0.25864752397387153


epsilon: 2.75

m: 4.916666666666667

Residual: 0.23136684827505505


epsilon: 2.75

m: 4.958333333333333

Residual: 0.20438209062902096


epsilon: 2.75

m: 5.0

Residual: 0.17741127431075182


epsilon: 2.75

m: 5.041666666666667

Residual: 0.15088452743981282


epsilon: 2.75

m: 5.083333333333333

Residual: 0.1244245232945354


epsilon: 2.75

m: 5.125

Residual: 0.09839156881228517


epsilon: 2.75

m: 5.166666666666667

Residual: 0.07546297582655849


epsilon: 2.75

m: 5.208333333333333

Residual: 0.06426941999919471


epsilon: 2.75

m: 5.25

Residual: 0.05845279719047923


epsilon: 2.833333333333333

m: 4.25

Residual: 0.6461979200593716


epsilon: 2.833333333333333

m: 4.291666666666667

Residual: 0.6245978180598813


epsilon: 2.833333333333333

m: 4.333333333333333

Residual: 0.6024339914873728


epsilon: 2.833333333333333

m: 4.375

Residual: 0.5794189999233862


epsilon: 2.833333333333333

m: 4.416666666666667

Residual: 0.5558058289646043


epsilon: 2.833333333333333

m: 4.458333333333333

Residual: 0.5319778720776858


epsilon: 2.833333333333333

m: 4.5

Residual: 0.507436361890335


epsilon: 2.833333333333333

m: 4.541666666666667

Residual: 0.48232818806792677


epsilon: 2.833333333333333

m: 4.583333333333333

Residual: 0.45702972792936486


epsilon: 2.833333333333333

m: 4.625

Residual: 0.4307995033799681


epsilon: 2.833333333333333

m: 4.666666666666667

Residual: 0.40515777667943087


epsilon: 2.833333333333333

m: 4.708333333333333

Residual: 0.378842165860033


epsilon: 2.833333333333333

m: 4.75

Residual: 0.35227732618110863


epsilon: 2.833333333333333

m: 4.791666666666667

Residual: 0.3255444927768706


epsilon: 2.833333333333333

m: 4.833333333333333

Residual: 0.2988036405645441


epsilon: 2.833333333333333

m: 4.875

Residual: 0.27193652133186474


epsilon: 2.833333333333333

m: 4.916666666666667

Residual: 0.24539997966498492


epsilon: 2.833333333333333

m: 4.958333333333333

Residual: 0.21846202752027738


epsilon: 2.833333333333333

m: 5.0

Residual: 0.19171304588998783


epsilon: 2.833333333333333

m: 5.041666666666667

Residual: 0.1652304073859871


epsilon: 2.833333333333333

m: 5.083333333333333

Residual: 0.1392226300969436


epsilon: 2.833333333333333

m: 5.125

Residual: 0.11278184632964329


epsilon: 2.833333333333333

m: 5.166666666666667

Residual: 0.08777587489835494


epsilon: 2.833333333333333

m: 5.208333333333333

Residual: 0.07355466250089818


epsilon: 2.833333333333333

m: 5.25

Residual: 0.06585063379813401


epsilon: 2.9166666666666665

m: 4.25

Residual: 0.6544895606557176


epsilon: 2.9166666666666665

m: 4.291666666666667

Residual: 0.6333016473149897


epsilon: 2.9166666666666665

m: 4.333333333333333

Residual: 0.6115930617419582


epsilon: 2.9166666666666665

m: 4.375

Residual: 0.5890266160867892


epsilon: 2.9166666666666665

m: 4.416666666666667

Residual: 0.5659483287401087


epsilon: 2.9166666666666665

m: 4.458333333333333

Residual: 0.5422837144850353


epsilon: 2.9166666666666665

m: 4.5

Residual: 0.5181672438659481


epsilon: 2.9166666666666665

m: 4.541666666666667

Residual: 0.49331704048366193


epsilon: 2.9166666666666665

m: 4.583333333333333

Residual: 0.468212234738879


epsilon: 2.9166666666666665

m: 4.625

Residual: 0.44283607792776075


epsilon: 2.9166666666666665

m: 4.666666666666667

Residual: 0.417066929464873


epsilon: 2.9166666666666665

m: 4.708333333333333

Residual: 0.3910940959559566


epsilon: 2.9166666666666665

m: 4.75

Residual: 0.3648826635546701


epsilon: 2.9166666666666665

m: 4.791666666666667

Residual: 0.3386199071690551


epsilon: 2.9166666666666665

m: 4.833333333333333

Residual: 0.3121239484534034


epsilon: 2.9166666666666665

m: 4.875

Residual: 0.2854262467665671


epsilon: 2.9166666666666665

m: 4.916666666666667

Residual: 0.2590048371038777


epsilon: 2.9166666666666665

m: 4.958333333333333

Residual: 0.23259164617882988


epsilon: 2.9166666666666665

m: 5.0

Residual: 0.20533727101385874


epsilon: 2.9166666666666665

m: 5.041666666666667

Residual: 0.17970250081420613


epsilon: 2.9166666666666665

m: 5.083333333333333

Residual: 0.15352486642575394


epsilon: 2.9166666666666665

m: 5.125

Residual: 0.12755762711348967


epsilon: 2.9166666666666665

m: 5.166666666666667

Residual: 0.10221044096953354


epsilon: 2.9166666666666665

m: 5.208333333333333

Residual: 0.08311824739714267


epsilon: 2.9166666666666665

m: 5.25

Residual: 0.07346637768451174


epsilon: 3.0

m: 4.25

Residual: 0.6625767621517851


epsilon: 3.0

m: 4.291666666666667

Residual: 0.6416410719843884


epsilon: 3.0

m: 4.333333333333333

Residual: 0.6201629992329721


epsilon: 3.0

m: 4.375

Residual: 0.5980999562574982


epsilon: 3.0

m: 4.416666666666667

Residual: 0.5753329802866363


epsilon: 3.0

m: 4.458333333333333

Residual: 0.5521867125265101


epsilon: 3.0

m: 4.5

Residual: 0.5282515288468543


epsilon: 3.0

m: 4.541666666666667

Residual: 0.5039427004390787


epsilon: 3.0

m: 4.583333333333333

Residual: 0.479406517794345


epsilon: 3.0

m: 4.625

Residual: 0.45388366118190254


epsilon: 3.0

m: 4.666666666666667

Residual: 0.42858245984196497


epsilon: 3.0

m: 4.708333333333333

Residual: 0.40277738754187425


epsilon: 3.0

m: 4.75

Residual: 0.3767519184579137


epsilon: 3.0

m: 4.791666666666667

Residual: 0.3507928788461736


epsilon: 3.0

m: 4.833333333333333

Residual: 0.32437712161120674


epsilon: 3.0

m: 4.875

Residual: 0.2982510809053899


epsilon: 3.0

m: 4.916666666666667

Residual: 0.2720216613716997


epsilon: 3.0

m: 4.958333333333333

Residual: 0.24555424581377253


epsilon: 3.0

m: 5.0

Residual: 0.2194973296442716


epsilon: 3.0

m: 5.041666666666667

Residual: 0.19340907998379844


epsilon: 3.0

m: 5.083333333333333

Residual: 0.16726833856623027


epsilon: 3.0

m: 5.125

Residual: 0.1415487695482462


epsilon: 3.0

m: 5.166666666666667

Residual: 0.11647358992197415


epsilon: 3.0

m: 5.208333333333333

Residual: 0.09486600701000807


epsilon: 3.0

m: 5.25

Residual: 0.0819682156249906


