n: 12.0

epsilon: 0.1

m: 5.0

Residual: 0.5649870994835667


n: 12.0

epsilon: 0.1

m: 5.0

Residual: 0.5657088275979884


n: 12.0

epsilon: 0.1

m: 5.285714285714286

Residual: 0.6074707638768168


n: 12.0

epsilon: 0.1

m: 5.571428571428571

Residual: 0.6450150911544945


n: 12.0

epsilon: 0.1

m: 5.857142857142857

Residual: 0.675604096680647


n: 12.0

epsilon: 0.1

m: 6.142857142857142

Residual: 0.7024484615489138


n: 12.0

epsilon: 0.1

m: 6.428571428571429

Residual: 0.7253713462836496


n: 12.0

epsilon: 0.1

m: 6.714285714285714

Residual: 0.7467366000925532


n: 12.0

epsilon: 0.1

m: 7.0

Residual: 0.7635351829431025


n: 12.0

epsilon: 0.3

m: 5.0

Residual: 0.19250916692713488


n: 12.0

epsilon: 0.3

m: 5.285714285714286

Residual: 0.19548347118278292


n: 12.0

epsilon: 0.3

m: 5.571428571428571

Residual: 0.21782736650437282


n: 12.0

epsilon: 0.3

m: 5.857142857142857

Residual: 0.266888749153465


n: 12.0

epsilon: 0.3

m: 6.142857142857142

Residual: 0.3112053687777069


n: 12.0

epsilon: 0.3

m: 6.428571428571429

Residual: 0.35395231917881703


n: 12.0

epsilon: 0.3

m: 6.714285714285714

Residual: 0.38995827193015


n: 12.0

epsilon: 0.3

m: 7.0

Residual: 0.4275087728458679


n: 12.0

epsilon: 0.5

m: 5.0

Residual: 0.2118619808882062


n: 12.0

epsilon: 0.5

m: 5.285714285714286

Residual: 0.17182667020221568


n: 12.0

epsilon: 0.5

m: 5.571428571428571

Residual: 0.14026671379413466


n: 12.0

epsilon: 0.5

m: 5.857142857142857

Residual: 0.11740186272601087


n: 12.0

epsilon: 0.5

m: 6.142857142857142

Residual: 0.10395064862841305


n: 12.0

epsilon: 0.5

m: 6.428571428571429

Residual: 0.11468307607112413


n: 12.0

epsilon: 0.5

m: 6.714285714285714

Residual: 0.15917829034280892


n: 12.0

epsilon: 0.5

m: 7.0

Residual: 0.19602785035278864


n: 12.0

epsilon: 0.7

m: 5.0

Residual: 0.32061344948749604


n: 12.0

epsilon: 0.7

m: 5.285714285714286

Residual: 0.2651869215483997


n: 12.0

epsilon: 0.7

m: 5.571428571428571

Residual: 0.2173953401850328


n: 12.0

epsilon: 0.7

m: 5.857142857142857

Residual: 0.17545669068397016


n: 12.0

epsilon: 0.7

m: 6.142857142857142

Residual: 0.13244924383276885


n: 12.0

epsilon: 0.7

m: 6.428571428571429

Residual: 0.0973258014068538


n: 12.0

epsilon: 0.7

m: 6.714285714285714

Residual: 0.07381377437498844


n: 12.0

epsilon: 0.7

m: 7.0

Residual: 0.059237197656937524


n: 12.0

epsilon: 0.8999999999999999

m: 5.0

Residual: 0.4301068454566226


n: 12.0

epsilon: 0.8999999999999999

m: 5.285714285714286

Residual: 0.37274875704748245


n: 12.0

epsilon: 0.8999999999999999

m: 5.571428571428571

Residual: 0.32038780371037895


n: 12.0

epsilon: 0.8999999999999999

m: 5.857142857142857

Residual: 0.26958632988934916


n: 12.0

epsilon: 0.8999999999999999

m: 6.142857142857142

Residual: 0.2220395478750355


n: 12.0

epsilon: 0.8999999999999999

m: 6.428571428571429

Residual: 0.17697260274681165


n: 12.0

epsilon: 0.8999999999999999

m: 6.714285714285714

Residual: 0.14027074027374314


n: 12.0

epsilon: 0.8999999999999999

m: 7.0

Residual: 0.10364622223440309


n: 12.0

epsilon: 1.0999999999999999

m: 5.0

Residual: 0.5076197999513976


n: 12.0

epsilon: 1.0999999999999999

m: 5.285714285714286

Residual: 0.45683327088846293


n: 12.0

epsilon: 1.0999999999999999

m: 5.571428571428571

Residual: 0.4095538009690348


n: 12.0

epsilon: 1.0999999999999999

m: 5.857142857142857

Residual: 0.35983508930640545


n: 12.0

epsilon: 1.0999999999999999

m: 6.142857142857142

Residual: 0.3166406734998336


n: 12.0

epsilon: 1.0999999999999999

m: 6.428571428571429

Residual: 0.27053280253838774


n: 12.0

epsilon: 1.0999999999999999

m: 6.714285714285714

Residual: 0.22892987943860924


n: 12.0

epsilon: 1.0999999999999999

m: 7.0

Residual: 0.1921186261586099


n: 12.0

epsilon: 1.3

m: 5.0

Residual: 0.5665378443704141


n: 12.0

epsilon: 1.3

m: 5.285714285714286

Residual: 0.5214401274551232


n: 12.0

epsilon: 1.3

m: 5.571428571428571

Residual: 0.4757339863678862


n: 12.0

epsilon: 1.3

m: 5.857142857142857

Residual: 0.4323824853992349


n: 12.0

epsilon: 1.3

m: 6.142857142857142

Residual: 0.3877727299865776


n: 12.0

epsilon: 1.3

m: 6.428571428571429

Residual: 0.34898373613924916


n: 12.0

epsilon: 1.3

m: 6.714285714285714

Residual: 0.3072760324392327


n: 12.0

epsilon: 1.3

m: 7.0

Residual: 0.26978194026037516


n: 12.0

epsilon: 1.5

m: 5.0

Residual: 0.612830713174817


n: 12.0

epsilon: 1.5

m: 5.285714285714286

Residual: 0.5710634825721034


n: 12.0

epsilon: 1.5

m: 5.571428571428571

Residual: 0.5298779812833253


n: 12.0

epsilon: 1.5

m: 5.857142857142857

Residual: 0.4870162963072899


n: 12.0

epsilon: 1.5

m: 6.142857142857142

Residual: 0.44833860419599997


n: 12.0

epsilon: 1.5

m: 6.428571428571429

Residual: 0.4094143186215121


n: 12.0

epsilon: 1.5

m: 6.714285714285714

Residual: 0.36881812517285917


n: 12.0

epsilon: 1.5

m: 7.0

Residual: 0.3354910911130997


n: 16.714285714285715

epsilon: 0.1

m: 5.0

Residual: 0.6409431295326463


n: 16.714285714285715

epsilon: 0.1

m: 5.285714285714286

Residual: 0.6808297938919023


n: 16.714285714285715

epsilon: 0.1

m: 5.571428571428571

Residual: 0.7135358985068626


n: 16.714285714285715

epsilon: 0.1

m: 5.857142857142857

Residual: 0.7421763698292382


n: 16.714285714285715

epsilon: 0.1

m: 6.142857142857142

Residual: 0.765362234989473


n: 16.714285714285715

epsilon: 0.1

m: 6.428571428571429

Residual: 0.7857931781531969


n: 16.714285714285715

epsilon: 0.1

m: 6.714285714285714

Residual: 0.8033490199431045


n: 16.714285714285715

epsilon: 0.1

m: 7.0

Residual: 0.8191932875598071


n: 16.714285714285715

epsilon: 0.3

m: 5.0

Residual: 0.23291262106952135


n: 16.714285714285715

epsilon: 0.3

m: 5.285714285714286

Residual: 0.27566764170695596


n: 16.714285714285715

epsilon: 0.3

m: 5.571428571428571

Residual: 0.3327296972110765


n: 16.714285714285715

epsilon: 0.3

m: 5.857142857142857

Residual: 0.38756881095492535


n: 16.714285714285715

epsilon: 0.3

m: 6.142857142857142

Residual: 0.4287232452900143


n: 16.714285714285715

epsilon: 0.3

m: 6.428571428571429

Residual: 0.47284261683802864


n: 16.714285714285715

epsilon: 0.3

m: 6.714285714285714

Residual: 0.5081897099519924


n: 16.714285714285715

epsilon: 0.3

m: 7.0

Residual: 0.5359070894063995


n: 16.714285714285715

epsilon: 0.5

m: 5.0

Residual: 0.15965257137602237


n: 16.714285714285715

epsilon: 0.5

m: 5.285714285714286

Residual: 0.13467561260471078


n: 16.714285714285715

epsilon: 0.5

m: 5.571428571428571

Residual: 0.1314356339598998


n: 16.714285714285715

epsilon: 0.5

m: 5.857142857142857

Residual: 0.15218103998105925


n: 16.714285714285715

epsilon: 0.5

m: 6.142857142857142

Residual: 0.20427886026383912


n: 16.714285714285715

epsilon: 0.5

m: 6.428571428571429

Residual: 0.24986322782055415


n: 16.714285714285715

epsilon: 0.5

m: 6.714285714285714

Residual: 0.29678734936066664


n: 16.714285714285715

epsilon: 0.5

m: 7.0

Residual: 0.3322554632344793


n: 16.714285714285715

epsilon: 0.7

m: 5.0

Residual: 0.22247980095381123


n: 16.714285714285715

epsilon: 0.7

m: 5.285714285714286

Residual: 0.1739448863421169


n: 16.714285714285715

epsilon: 0.7

m: 5.571428571428571

Residual: 0.12781791030519163


n: 16.714285714285715

epsilon: 0.7

m: 5.857142857142857

Residual: 0.09381825447158738


n: 16.714285714285715

epsilon: 0.7

m: 6.142857142857142

Residual: 0.07396298949478661


n: 16.714285714285715

epsilon: 0.7

m: 6.428571428571429

Residual: 0.08905764338258611


n: 16.714285714285715

epsilon: 0.7

m: 6.714285714285714

Residual: 0.13288241258394062


n: 16.714285714285715

epsilon: 0.7

m: 7.0

Residual: 0.17518092656454012


n: 16.714285714285715

epsilon: 0.8999999999999999

m: 5.0

Residual: 0.32643134009650454


n: 16.714285714285715

epsilon: 0.8999999999999999

m: 5.285714285714286

Residual: 0.25982413051293657


n: 16.714285714285715

epsilon: 0.8999999999999999

m: 5.571428571428571

Residual: 0.20342249679753885


n: 16.714285714285715

epsilon: 0.8999999999999999

m: 5.857142857142857

Residual: 0.14799206226280007


n: 16.714285714285715

epsilon: 0.8999999999999999

m: 6.142857142857142

Residual: 0.10678802323160247


n: 16.714285714285715

epsilon: 0.8999999999999999

m: 6.428571428571429

Residual: 0.07100886799478177


n: 16.714285714285715

epsilon: 0.8999999999999999

m: 6.714285714285714

Residual: 0.0462900631076238


n: 16.714285714285715

epsilon: 0.8999999999999999

m: 7.0

Residual: 0.05874835723375614


n: 16.714285714285715

epsilon: 1.0999999999999999

m: 5.0

Residual: 0.41288813756344334


n: 16.714285714285715

epsilon: 1.0999999999999999

m: 5.285714285714286

Residual: 0.35235458503212935


n: 16.714285714285715

epsilon: 1.0999999999999999

m: 5.571428571428571

Residual: 0.295240760310734


n: 16.714285714285715

epsilon: 1.0999999999999999

m: 5.857142857142857

Residual: 0.23787484434676864


n: 16.714285714285715

epsilon: 1.0999999999999999

m: 6.142857142857142

Residual: 0.18381791659866817


n: 16.714285714285715

epsilon: 1.0999999999999999

m: 6.428571428571429

Residual: 0.12943469459327048


n: 16.714285714285715

epsilon: 1.0999999999999999

m: 6.714285714285714

Residual: 0.08911003444148885


n: 16.714285714285715

epsilon: 1.0999999999999999

m: 7.0

Residual: 0.06365736788609555


n: 16.714285714285715

epsilon: 1.3

m: 5.0

Residual: 0.4788520853453152


n: 16.714285714285715

epsilon: 1.3

m: 5.285714285714286

Residual: 0.42464552962515584


n: 16.714285714285715

epsilon: 1.3

m: 5.571428571428571

Residual: 0.3693256786947027


n: 16.714285714285715

epsilon: 1.3

m: 5.857142857142857

Residual: 0.31553160722839846


n: 16.714285714285715

epsilon: 1.3

m: 6.142857142857142

Residual: 0.26406819956197786


n: 16.714285714285715

epsilon: 1.3

m: 6.428571428571429

Residual: 0.21506548795455543


n: 16.714285714285715

epsilon: 1.3

m: 6.714285714285714

Residual: 0.16914608142225004


n: 16.714285714285715

epsilon: 1.3

m: 7.0

Residual: 0.1261885869413981


n: 16.714285714285715

epsilon: 1.5

m: 5.0

Residual: 0.5328742202713296


n: 16.714285714285715

epsilon: 1.5

m: 5.285714285714286

Residual: 0.4793819091781053


n: 16.714285714285715

epsilon: 1.5

m: 5.571428571428571

Residual: 0.42788435828312016


n: 16.714285714285715

epsilon: 1.5

m: 5.857142857142857

Residual: 0.38089569588670685


n: 16.714285714285715

epsilon: 1.5

m: 6.142857142857142

Residual: 0.32988353674915166


n: 16.714285714285715

epsilon: 1.5

m: 6.428571428571429

Residual: 0.2846295958534119


n: 16.714285714285715

epsilon: 1.5

m: 6.714285714285714

Residual: 0.23113973024081233


n: 16.714285714285715

epsilon: 1.5

m: 7.0

Residual: 0.1914732965098192


n: 21.42857142857143

epsilon: 0.1

m: 5.0

Residual: 0.6804403436537666


n: 21.42857142857143

epsilon: 0.1

m: 5.285714285714286

Residual: 0.7194777170899974


n: 21.42857142857143

epsilon: 0.1

m: 5.571428571428571

Residual: 0.7495777459188883


n: 21.42857142857143

epsilon: 0.1

m: 5.857142857142857

Residual: 0.7758270468491861


n: 21.42857142857143

epsilon: 0.1

m: 6.142857142857142

Residual: 0.800306449995297


n: 21.42857142857143

epsilon: 0.1

m: 6.428571428571429

Residual: 0.8167283811301028


n: 21.42857142857143

epsilon: 0.1

m: 6.714285714285714

Residual: 0.8331923334079149


n: 21.42857142857143

epsilon: 0.1

m: 7.0

Residual: 0.8455162398891749


n: 21.42857142857143

epsilon: 0.3

m: 5.0

Residual: 0.2834150056348616


n: 21.42857142857143

epsilon: 0.3

m: 5.285714285714286

Residual: 0.3403725936430275


n: 21.42857142857143

epsilon: 0.3

m: 5.571428571428571

Residual: 0.4006317891291771


n: 21.42857142857143

epsilon: 0.3

m: 5.857142857142857

Residual: 0.452271861128323


n: 21.42857142857143

epsilon: 0.3

m: 6.142857142857142

Residual: 0.49467172268344994


n: 21.42857142857143

epsilon: 0.3

m: 6.428571428571429

Residual: 0.5369363030632396


n: 21.42857142857143

epsilon: 0.3

m: 6.714285714285714

Residual: 0.5724162161890731


n: 21.42857142857143

epsilon: 0.3

m: 7.0

Residual: 0.5998218184437001


n: 21.42857142857143

epsilon: 0.5

m: 5.0

Residual: 0.15279429382665863


n: 21.42857142857143

epsilon: 0.5

m: 5.285714285714286

Residual: 0.14837699751299555


n: 21.42857142857143

epsilon: 0.5

m: 5.571428571428571

Residual: 0.17063331701715148


n: 21.42857142857143

epsilon: 0.5

m: 5.857142857142857

Residual: 0.22629612360212034


n: 21.42857142857143

epsilon: 0.5

m: 6.142857142857142

Residual: 0.2861532547644488


n: 21.42857142857143

epsilon: 0.5

m: 6.428571428571429

Residual: 0.3316185506050067


n: 21.42857142857143

epsilon: 0.5

m: 6.714285714285714

Residual: 0.3730941517492762


n: 21.42857142857143

epsilon: 0.5

m: 7.0

Residual: 0.4114781779754399


n: 21.42857142857143

epsilon: 0.7

m: 5.0

Residual: 0.1799380097166839


n: 21.42857142857143

epsilon: 0.7

m: 5.285714285714286

Residual: 0.13228198692401572


n: 21.42857142857143

epsilon: 0.7

m: 5.571428571428571

Residual: 0.10152783111470366


n: 21.42857142857143

epsilon: 0.7

m: 5.857142857142857

Residual: 0.08589684422432982


n: 21.42857142857143

epsilon: 0.7

m: 6.142857142857142

Residual: 0.12036772511210474


n: 21.42857142857143

epsilon: 0.7

m: 6.428571428571429

Residual: 0.1741124012100552


n: 21.42857142857143

epsilon: 0.7

m: 6.714285714285714

Residual: 0.22134576949869084


n: 21.42857142857143

epsilon: 0.7

m: 7.0

Residual: 0.26442532277863434


n: 21.42857142857143

epsilon: 0.8999999999999999

m: 5.0

Residual: 0.26329257028764164


n: 21.42857142857143

epsilon: 0.8999999999999999

m: 5.285714285714286

Residual: 0.19677852270215118


n: 21.42857142857143

epsilon: 0.8999999999999999

m: 5.571428571428571

Residual: 0.14233094512089536


n: 21.42857142857143

epsilon: 0.8999999999999999

m: 5.857142857142857

Residual: 0.09634928817922464


n: 21.42857142857143

epsilon: 0.8999999999999999

m: 6.142857142857142

Residual: 0.05669382695712628


n: 21.42857142857143

epsilon: 0.8999999999999999

m: 6.428571428571429

Residual: 0.04736862185554296


n: 21.42857142857143

epsilon: 0.8999999999999999

m: 6.714285714285714

Residual: 0.10302487559854315


n: 21.42857142857143

epsilon: 0.8999999999999999

m: 7.0

Residual: 0.1448026284941488


n: 21.42857142857143

epsilon: 1.0999999999999999

m: 5.0

Residual: 0.3507015599479374


n: 21.42857142857143

epsilon: 1.0999999999999999

m: 5.285714285714286

Residual: 0.28521420502592154


n: 21.42857142857143

epsilon: 1.0999999999999999

m: 5.571428571428571

Residual: 0.22214467430702672


n: 21.42857142857143

epsilon: 1.0999999999999999

m: 5.857142857142857

Residual: 0.16310500584925658


n: 21.42857142857143

epsilon: 1.0999999999999999

m: 6.142857142857142

Residual: 0.11191915179082754


n: 21.42857142857143

epsilon: 1.0999999999999999

m: 6.428571428571429

Residual: 0.06525247559256785


n: 21.42857142857143

epsilon: 1.0999999999999999

m: 6.714285714285714

Residual: 0.03787414335401123


n: 21.42857142857143

epsilon: 1.0999999999999999

m: 7.0

Residual: 0.04985002611726999


n: 21.42857142857143

epsilon: 1.3

m: 5.0

Residual: 0.42172149068274845


n: 21.42857142857143

epsilon: 1.3

m: 5.285714285714286

Residual: 0.36070563038087683


n: 21.42857142857143

epsilon: 1.3

m: 5.571428571428571

Residual: 0.3024217722081796


n: 21.42857142857143

epsilon: 1.3

m: 5.857142857142857

Residual: 0.24302601001282204


n: 21.42857142857143

epsilon: 1.3

m: 6.142857142857142

Residual: 0.19029786766736415


n: 21.42857142857143

epsilon: 1.3

m: 6.428571428571429

Residual: 0.13199512910554353


n: 21.42857142857143

epsilon: 1.3

m: 6.714285714285714

Residual: 0.08591858402044777


n: 21.42857142857143

epsilon: 1.3

m: 7.0

Residual: 0.060263887748063315


n: 21.42857142857143

epsilon: 1.5

m: 5.0

Residual: 0.47902147587623806


n: 21.42857142857143

epsilon: 1.5

m: 5.285714285714286

Residual: 0.4193785226474286


n: 21.42857142857143

epsilon: 1.5

m: 5.571428571428571

Residual: 0.3625317143442565


n: 21.42857142857143

epsilon: 1.5

m: 5.857142857142857

Residual: 0.30818746675374903


n: 21.42857142857143

epsilon: 1.5

m: 6.142857142857142

Residual: 0.2510019695207207


n: 21.42857142857143

epsilon: 1.5

m: 6.428571428571429

Residual: 0.2022502053624794


n: 21.42857142857143

epsilon: 1.5

m: 6.714285714285714

Residual: 0.15380113262609024


n: 21.42857142857143

epsilon: 1.5

m: 7.0

Residual: 0.11167562472839918


n: 26.142857142857142

epsilon: 0.1

m: 5.0

Residual: 0.7083307721767067


n: 26.142857142857142

epsilon: 0.1

m: 5.285714285714286

Residual: 0.7425095704938945


n: 26.142857142857142

epsilon: 0.1

m: 5.571428571428571

Residual: 0.7729561795982699


n: 26.142857142857142

epsilon: 0.1

m: 5.857142857142857

Residual: 0.7960769906881562


n: 26.142857142857142

epsilon: 0.1

m: 6.142857142857142

Residual: 0.8169107849729221


n: 26.142857142857142

epsilon: 0.1

m: 6.428571428571429

Residual: 0.833366321047818


n: 26.142857142857142

epsilon: 0.1

m: 6.714285714285714

Residual: 0.8497962357465444


n: 26.142857142857142

epsilon: 0.1

m: 7.0

Residual: 0.8619782965216971


n: 26.142857142857142

epsilon: 0.3

m: 5.0

Residual: 0.3212006033752936


n: 26.142857142857142

epsilon: 0.3

m: 5.285714285714286

Residual: 0.38194803587635673


n: 26.142857142857142

epsilon: 0.3

m: 5.571428571428571

Residual: 0.44167335699775356


n: 26.142857142857142

epsilon: 0.3

m: 5.857142857142857

Residual: 0.49274869271273575


n: 26.142857142857142

epsilon: 0.3

m: 6.142857142857142

Residual: 0.534935917326679


n: 26.142857142857142

epsilon: 0.3

m: 6.428571428571429

Residual: 0.573613694191555


n: 26.142857142857142

epsilon: 0.3

m: 6.714285714285714

Residual: 0.608106906020413


n: 26.142857142857142

epsilon: 0.3

m: 7.0

Residual: 0.6363311427242764


n: 26.142857142857142

epsilon: 0.5

m: 5.0

Residual: 0.1607559968198893


n: 26.142857142857142

epsilon: 0.5

m: 5.285714285714286

Residual: 0.17541235840273658


n: 26.142857142857142

epsilon: 0.5

m: 5.571428571428571

Residual: 0.21279404497637386


n: 26.142857142857142

epsilon: 0.5

m: 5.857142857142857

Residual: 0.27715095022118574


n: 26.142857142857142

epsilon: 0.5

m: 6.142857142857142

Residual: 0.3309359728794008


n: 26.142857142857142

epsilon: 0.5

m: 6.428571428571429

Residual: 0.3790738332367449


n: 26.142857142857142

epsilon: 0.5

m: 6.714285714285714

Residual: 0.41999817124608985


n: 26.142857142857142

epsilon: 0.5

m: 7.0

Residual: 0.46391624088346445


n: 26.142857142857142

epsilon: 0.7

m: 5.0

Residual: 0.15425587946012426


n: 26.142857142857142

epsilon: 0.7

m: 5.285714285714286

Residual: 0.11813034645748507


n: 26.142857142857142

epsilon: 0.7

m: 5.571428571428571

Residual: 0.10471812055190372


n: 26.142857142857142

epsilon: 0.7

m: 5.857142857142857

Residual: 0.11415156512468495


n: 26.142857142857142

epsilon: 0.7

m: 6.142857142857142

Residual: 0.16912795281496873


n: 26.142857142857142

epsilon: 0.7

m: 6.428571428571429

Residual: 0.2255269830348397


n: 26.142857142857142

epsilon: 0.7

m: 6.714285714285714

Residual: 0.2773501940608166


n: 26.142857142857142

epsilon: 0.7

m: 7.0

Residual: 0.32021843240640263


n: 26.142857142857142

epsilon: 0.8999999999999999

m: 5.0

Residual: 0.220855361948782


n: 26.142857142857142

epsilon: 0.8999999999999999

m: 5.285714285714286

Residual: 0.15699101396308798


n: 26.142857142857142

epsilon: 0.8999999999999999

m: 5.571428571428571

Residual: 0.10953078904517415


n: 26.142857142857142

epsilon: 0.8999999999999999

m: 5.857142857142857

Residual: 0.07282957339927466


n: 26.142857142857142

epsilon: 0.8999999999999999

m: 6.142857142857142

Residual: 0.05722769950536781


n: 26.142857142857142

epsilon: 0.8999999999999999

m: 6.428571428571429

Residual: 0.10847078357804564


n: 26.142857142857142

epsilon: 0.8999999999999999

m: 6.714285714285714

Residual: 0.16340070038714274


n: 26.142857142857142

epsilon: 0.8999999999999999

m: 7.0

Residual: 0.2008870943533615


n: 26.142857142857142

epsilon: 1.0999999999999999

m: 5.0

Residual: 0.30551470835856326


n: 26.142857142857142

epsilon: 1.0999999999999999

m: 5.285714285714286

Residual: 0.24031763130942843


n: 26.142857142857142

epsilon: 1.0999999999999999

m: 5.571428571428571

Residual: 0.17454476927837229


n: 26.142857142857142

epsilon: 1.0999999999999999

m: 5.857142857142857

Residual: 0.12465430535204776


n: 26.142857142857142

epsilon: 1.0999999999999999

m: 6.142857142857142

Residual: 0.07218206569125396


n: 26.142857142857142

epsilon: 1.0999999999999999

m: 6.428571428571429

Residual: 0.03695103364914601


n: 26.142857142857142

epsilon: 1.0999999999999999

m: 6.714285714285714

Residual: 0.057054090630086936


n: 26.142857142857142

epsilon: 1.0999999999999999

m: 7.0

Residual: 0.10457493212464107


n: 26.142857142857142

epsilon: 1.3

m: 5.0

Residual: 0.3800197692100616


n: 26.142857142857142

epsilon: 1.3

m: 5.285714285714286

Residual: 0.31569128237637495


n: 26.142857142857142

epsilon: 1.3

m: 5.571428571428571

Residual: 0.2530206255834449


n: 26.142857142857142

epsilon: 1.3

m: 5.857142857142857

Residual: 0.19155995555243932


n: 26.142857142857142

epsilon: 1.3

m: 6.142857142857142

Residual: 0.1420595307670634


n: 26.142857142857142

epsilon: 1.3

m: 6.428571428571429

Residual: 0.08344834074213466


n: 26.142857142857142

epsilon: 1.3

m: 6.714285714285714

Residual: 0.04299258977055511


n: 26.142857142857142

epsilon: 1.3

m: 7.0

Residual: 0.038915021239346634


n: 26.142857142857142

epsilon: 1.5

m: 5.0

Residual: 0.4412275482994069


n: 26.142857142857142

epsilon: 1.5

m: 5.285714285714286

Residual: 0.37939797663061525


n: 26.142857142857142

epsilon: 1.5

m: 5.571428571428571

Residual: 0.3175339306447849


n: 26.142857142857142

epsilon: 1.5

m: 5.857142857142857

Residual: 0.2583965588775939


n: 26.142857142857142

epsilon: 1.5

m: 6.142857142857142

Residual: 0.2015052522156187


n: 26.142857142857142

epsilon: 1.5

m: 6.428571428571429

Residual: 0.1534642948666565


n: 26.142857142857142

epsilon: 1.5

m: 6.714285714285714

Residual: 0.09988805741060382


n: 26.142857142857142

epsilon: 1.5

m: 7.0

Residual: 0.07050620685415553


n: 30.857142857142858

epsilon: 0.1

m: 5.0

Residual: 0.7232872473711484


n: 30.857142857142858

epsilon: 0.1

m: 5.285714285714286

Residual: 0.7580964798902592


n: 30.857142857142858

epsilon: 0.1

m: 5.571428571428571

Residual: 0.7868022232055174


n: 30.857142857142858

epsilon: 0.1

m: 5.857142857142857

Residual: 0.8101397831367659


n: 30.857142857142858

epsilon: 0.1

m: 6.142857142857142

Residual: 0.8298386994147995


n: 30.857142857142858

epsilon: 0.1

m: 6.428571428571429

Residual: 0.8478188479428831


n: 30.857142857142858

epsilon: 0.1

m: 6.714285714285714

Residual: 0.8605926048678463


n: 30.857142857142858

epsilon: 0.1

m: 7.0

Residual: 0.8742808160227321


n: 30.857142857142858

epsilon: 0.3

m: 5.0

Residual: 0.3514715517866834


n: 30.857142857142858

epsilon: 0.3

m: 5.285714285714286

Residual: 0.4160871769252688


n: 30.857142857142858

epsilon: 0.3

m: 5.571428571428571

Residual: 0.4704618843940925


n: 30.857142857142858

epsilon: 0.3

m: 5.857142857142857

Residual: 0.5233798201089825


n: 30.857142857142858

epsilon: 0.3

m: 6.142857142857142

Residual: 0.5656549293401433


n: 30.857142857142858

epsilon: 0.3

m: 6.428571428571429

Residual: 0.6022407445543702


n: 30.857142857142858

epsilon: 0.3

m: 6.714285714285714

Residual: 0.6358451421075816


n: 30.857142857142858

epsilon: 0.3

m: 7.0

Residual: 0.6606107008939068


n: 30.857142857142858

epsilon: 0.5

m: 5.0

Residual: 0.17278372920915028


n: 30.857142857142858

epsilon: 0.5

m: 5.285714285714286

Residual: 0.1956731651320714


n: 30.857142857142858

epsilon: 0.5

m: 5.571428571428571

Residual: 0.25541796688211843


n: 30.857142857142858

epsilon: 0.5

m: 5.857142857142857

Residual: 0.3116242433095309


n: 30.857142857142858

epsilon: 0.5

m: 6.142857142857142

Residual: 0.3650699685268579


n: 30.857142857142858

epsilon: 0.5

m: 6.428571428571429

Residual: 0.4166429389441615


n: 30.857142857142858

epsilon: 0.5

m: 6.714285714285714

Residual: 0.45478633641960725


n: 30.857142857142858

epsilon: 0.5

m: 7.0

Residual: 0.4967990851748549


n: 30.857142857142858

epsilon: 0.7

m: 5.0

Residual: 0.14088942037819224


n: 30.857142857142858

epsilon: 0.7

m: 5.285714285714286

Residual: 0.11797093733917338


n: 30.857142857142858

epsilon: 0.7

m: 5.571428571428571

Residual: 0.12047234461016916


n: 30.857142857142858

epsilon: 0.7

m: 5.857142857142857

Residual: 0.154248171116611


n: 30.857142857142858

epsilon: 0.7

m: 6.142857142857142

Residual: 0.21464266429162157


n: 30.857142857142858

epsilon: 0.7

m: 6.428571428571429

Residual: 0.2613188322151125


n: 30.857142857142858

epsilon: 0.7

m: 6.714285714285714

Residual: 0.3147585103405833


n: 30.857142857142858

epsilon: 0.7

m: 7.0

Residual: 0.3571679194138596


n: 30.857142857142858

epsilon: 0.8999999999999999

m: 5.0

Residual: 0.19431537264971183


n: 30.857142857142858

epsilon: 0.8999999999999999

m: 5.285714285714286

Residual: 0.13886359018843783


n: 30.857142857142858

epsilon: 0.8999999999999999

m: 5.571428571428571

Residual: 0.09234469078836476


n: 30.857142857142858

epsilon: 0.8999999999999999

m: 5.857142857142857

Residual: 0.06885542380810385


n: 30.857142857142858

epsilon: 0.8999999999999999

m: 6.142857142857142

Residual: 0.08904749358791136


n: 30.857142857142858

epsilon: 0.8999999999999999

m: 6.428571428571429

Residual: 0.15540894299734673


n: 30.857142857142858

epsilon: 0.8999999999999999

m: 6.714285714285714

Residual: 0.19070537234136123


n: 30.857142857142858

epsilon: 0.8999999999999999

m: 7.0

Residual: 0.2414729037672564


n: 30.857142857142858

epsilon: 1.0999999999999999

m: 5.0

Residual: 0.27531780275784135


n: 30.857142857142858

epsilon: 1.0999999999999999

m: 5.285714285714286

Residual: 0.2026540062749264


n: 30.857142857142858

epsilon: 1.0999999999999999

m: 5.571428571428571

Residual: 0.14280584944980432


n: 30.857142857142858

epsilon: 1.0999999999999999

m: 5.857142857142857

Residual: 0.0872585500937668


n: 30.857142857142858

epsilon: 1.0999999999999999

m: 6.142857142857142

Residual: 0.04769451923393228


n: 30.857142857142858

epsilon: 1.0999999999999999

m: 6.428571428571429

Residual: 0.05307692063711783


n: 30.857142857142858

epsilon: 1.0999999999999999

m: 6.714285714285714

Residual: 0.0961591865119233


n: 30.857142857142858

epsilon: 1.0999999999999999

m: 7.0

Residual: 0.14849632737603793


n: 30.857142857142858

epsilon: 1.3

m: 5.0

Residual: 0.35280131992673475


n: 30.857142857142858

epsilon: 1.3

m: 5.285714285714286

Residual: 0.2814058986607157


n: 30.857142857142858

epsilon: 1.3

m: 5.571428571428571

Residual: 0.21761750249550688


n: 30.857142857142858

epsilon: 1.3

m: 5.857142857142857

Residual: 0.1533617753340692


n: 30.857142857142858

epsilon: 1.3

m: 6.142857142857142

Residual: 0.09505170695030234


n: 30.857142857142858

epsilon: 1.3

m: 6.428571428571429

Residual: 0.04702392713745513


n: 30.857142857142858

epsilon: 1.3

m: 6.714285714285714

Residual: 0.026994197914744677


n: 30.857142857142858

epsilon: 1.3

m: 7.0

Residual: 0.0692600115424949


n: 30.857142857142858

epsilon: 1.5

m: 5.0

Residual: 0.41287108219915114


n: 30.857142857142858

epsilon: 1.5

m: 5.285714285714286

Residual: 0.34624895020839896


n: 30.857142857142858

epsilon: 1.5

m: 5.571428571428571

Residual: 0.2869133485405802


n: 30.857142857142858

epsilon: 1.5

m: 5.857142857142857

Residual: 0.2211087034973037


n: 30.857142857142858

epsilon: 1.5

m: 6.142857142857142

Residual: 0.17080501495165076


n: 30.857142857142858

epsilon: 1.5

m: 6.428571428571429

Residual: 0.10801638190797308


n: 30.857142857142858

epsilon: 1.5

m: 6.714285714285714

Residual: 0.0648597988074009


n: 30.857142857142858

epsilon: 1.5

m: 7.0

Residual: 0.03430399517115118


n: 35.57142857142857

epsilon: 0.1

m: 5.0

Residual: 0.7355776414593209


n: 35.57142857142857

epsilon: 0.1

m: 5.285714285714286

Residual: 0.7694162448051423


n: 35.57142857142857

epsilon: 0.1

m: 5.571428571428571

Residual: 0.7977402402948802


n: 35.57142857142857

epsilon: 0.1

m: 5.857142857142857

Residual: 0.8200313579839156


n: 35.57142857142857

epsilon: 0.1

m: 6.142857142857142

Residual: 0.8405823323571546


n: 35.57142857142857

epsilon: 0.1

m: 6.428571428571429

Residual: 0.8565064369075986


n: 35.57142857142857

epsilon: 0.1

m: 6.714285714285714

Residual: 0.868871957040294


n: 35.57142857142857

epsilon: 0.1

m: 7.0

Residual: 0.879319935771363


n: 35.57142857142857

epsilon: 0.3

m: 5.0

Residual: 0.3737505593991745


n: 35.57142857142857

epsilon: 0.3

m: 5.285714285714286

Residual: 0.44054992628147355


n: 35.57142857142857

epsilon: 0.3

m: 5.571428571428571

Residual: 0.4945013650745128


n: 35.57142857142857

epsilon: 0.3

m: 5.857142857142857

Residual: 0.5447458724487129


n: 35.57142857142857

epsilon: 0.3

m: 6.142857142857142

Residual: 0.5832991113129506


n: 35.57142857142857

epsilon: 0.3

m: 6.428571428571429

Residual: 0.6227754154186808


n: 35.57142857142857

epsilon: 0.3

m: 6.714285714285714

Residual: 0.6526880302861908


n: 35.57142857142857

epsilon: 0.3

m: 7.0

Residual: 0.6830495567651652


n: 35.57142857142857

epsilon: 0.5

m: 5.0

Residual: 0.18329974116369263


n: 35.57142857142857

epsilon: 0.5

m: 5.285714285714286

Residual: 0.21740234461334387


n: 35.57142857142857

epsilon: 0.5

m: 5.571428571428571

Residual: 0.2765837391591092


n: 35.57142857142857

epsilon: 0.5

m: 5.857142857142857

Residual: 0.33594257991840676


n: 35.57142857142857

epsilon: 0.5

m: 6.142857142857142

Residual: 0.3916696269354242


n: 35.57142857142857

epsilon: 0.5

m: 6.428571428571429

Residual: 0.4395423158355596


n: 35.57142857142857

epsilon: 0.5

m: 6.714285714285714

Residual: 0.48439213940408893


n: 35.57142857142857

epsilon: 0.5

m: 7.0

Residual: 0.5255087477512459


n: 35.57142857142857

epsilon: 0.7

m: 5.0

Residual: 0.1427381757821037


n: 35.57142857142857

epsilon: 0.7

m: 5.285714285714286

Residual: 0.12230468578402183


n: 35.57142857142857

epsilon: 0.7

m: 5.571428571428571

Residual: 0.13414557514454029


n: 35.57142857142857

epsilon: 0.7

m: 5.857142857142857

Residual: 0.18136462098032474


n: 35.57142857142857

epsilon: 0.7

m: 6.142857142857142

Residual: 0.24246374317255445


n: 35.57142857142857

epsilon: 0.7

m: 6.428571428571429

Residual: 0.29631581240033633


n: 35.57142857142857

epsilon: 0.7

m: 6.714285714285714

Residual: 0.34778662796247267


n: 35.57142857142857

epsilon: 0.7

m: 7.0

Residual: 0.38456688789650756


n: 35.57142857142857

epsilon: 0.8999999999999999

m: 5.0

Residual: 0.17544177542708086


n: 35.57142857142857

epsilon: 0.8999999999999999

m: 5.285714285714286

Residual: 0.12187296338848667


n: 35.57142857142857

epsilon: 0.8999999999999999

m: 5.571428571428571

Residual: 0.08652539806246298


n: 35.57142857142857

epsilon: 0.8999999999999999

m: 5.857142857142857

Residual: 0.07586287084475335


n: 35.57142857142857

epsilon: 0.8999999999999999

m: 6.142857142857142

Residual: 0.12023946785705188


n: 35.57142857142857

epsilon: 0.8999999999999999

m: 6.428571428571429

Residual: 0.1768901529024821


n: 35.57142857142857

epsilon: 0.8999999999999999

m: 6.714285714285714

Residual: 0.22334366482355494


n: 35.57142857142857

epsilon: 0.8999999999999999

m: 7.0

Residual: 0.2769768719928254


n: 35.57142857142857

epsilon: 1.0999999999999999

m: 5.0

Residual: 0.2519849168096069


n: 35.57142857142857

epsilon: 1.0999999999999999

m: 5.285714285714286

Residual: 0.1810450737995846


n: 35.57142857142857

epsilon: 1.0999999999999999

m: 5.571428571428571

Residual: 0.11776314657170198


n: 35.57142857142857

epsilon: 1.0999999999999999

m: 5.857142857142857

Residual: 0.06743181842417219


n: 35.57142857142857

epsilon: 1.0999999999999999

m: 6.142857142857142

Residual: 0.038383695713839004


n: 35.57142857142857

epsilon: 1.0999999999999999

m: 6.428571428571429

Residual: 0.07537092471933036


n: 35.57142857142857

epsilon: 1.0999999999999999

m: 6.714285714285714

Residual: 0.12897228588633572


n: 35.57142857142857

epsilon: 1.0999999999999999

m: 7.0

Residual: 0.18477016022973422


n: 35.57142857142857

epsilon: 1.3

m: 5.0

Residual: 0.3281213328156103


n: 35.57142857142857

epsilon: 1.3

m: 5.285714285714286

Residual: 0.2555917509143471


n: 35.57142857142857

epsilon: 1.3

m: 5.571428571428571

Residual: 0.18909145667779792


n: 35.57142857142857

epsilon: 1.3

m: 5.857142857142857

Residual: 0.12935511880319053


n: 35.57142857142857

epsilon: 1.3

m: 6.142857142857142

Residual: 0.0732354214290448


n: 35.57142857142857

epsilon: 1.3

m: 6.428571428571429

Residual: 0.02604678711103835


n: 35.57142857142857

epsilon: 1.3

m: 6.714285714285714

Residual: 0.043564322450128715


n: 35.57142857142857

epsilon: 1.3

m: 7.0

Residual: 0.09655703110302138


n: 35.57142857142857

epsilon: 1.5

m: 5.0

Residual: 0.39244243278788365


n: 35.57142857142857

epsilon: 1.5

m: 5.285714285714286

Residual: 0.32374261327594034


n: 35.57142857142857

epsilon: 1.5

m: 5.571428571428571

Residual: 0.25588925169080856


n: 35.57142857142857

epsilon: 1.5

m: 5.857142857142857

Residual: 0.1925874087743235


n: 35.57142857142857

epsilon: 1.5

m: 6.142857142857142

Residual: 0.13175484523663242


n: 35.57142857142857

epsilon: 1.5

m: 6.428571428571429

Residual: 0.0790570440313326


n: 35.57142857142857

epsilon: 1.5

m: 6.714285714285714

Residual: 0.033757019286069244


n: 35.57142857142857

epsilon: 1.5

m: 7.0

Residual: 0.035789358097310826


n: 40.285714285714285

epsilon: 0.1

m: 5.0

Residual: 0.7454221647056934


n: 40.285714285714285

epsilon: 0.1

m: 5.285714285714286

Residual: 0.7778316568607807


n: 40.285714285714285

epsilon: 0.1

m: 5.571428571428571

Residual: 0.8044500958711435


n: 40.285714285714285

epsilon: 0.1

m: 5.857142857142857

Residual: 0.8273875846948323


n: 40.285714285714285

epsilon: 0.1

m: 6.142857142857142

Residual: 0.8443223034877803


n: 40.285714285714285

epsilon: 0.1

m: 6.428571428571429

Residual: 0.8610628360479468


n: 40.285714285714285

epsilon: 0.1

m: 6.714285714285714

Residual: 0.8751311741291222


n: 40.285714285714285

epsilon: 0.1

m: 7.0

Residual: 0.8866480610846033


n: 40.285714285714285

epsilon: 0.3

m: 5.0

Residual: 0.39028397207548227


n: 40.285714285714285

epsilon: 0.3

m: 5.285714285714286

Residual: 0.45538497531960764


n: 40.285714285714285

epsilon: 0.3

m: 5.571428571428571

Residual: 0.5089662528984086


n: 40.285714285714285

epsilon: 0.3

m: 5.857142857142857

Residual: 0.5611693137567944


n: 40.285714285714285

epsilon: 0.3

m: 6.142857142857142

Residual: 0.6002216357208943


n: 40.285714285714285

epsilon: 0.3

m: 6.428571428571429

Residual: 0.6350766394610285


n: 40.285714285714285

epsilon: 0.3

m: 6.714285714285714

Residual: 0.6667590391257991


n: 40.285714285714285

epsilon: 0.3

m: 7.0

Residual: 0.6940842580517484


n: 40.285714285714285

epsilon: 0.5

m: 5.0

Residual: 0.19827030325957662


n: 40.285714285714285

epsilon: 0.5

m: 5.285714285714286

Residual: 0.23796412074460493


n: 40.285714285714285

epsilon: 0.5

m: 5.571428571428571

Residual: 0.2964889054663943


n: 40.285714285714285

epsilon: 0.5

m: 5.857142857142857

Residual: 0.35752125626193737


n: 40.285714285714285

epsilon: 0.5

m: 6.142857142857142

Residual: 0.408583349363457


n: 40.285714285714285

epsilon: 0.5

m: 6.428571428571429

Residual: 0.461261939332937


n: 40.285714285714285

epsilon: 0.5

m: 6.714285714285714

Residual: 0.5011197057813153


n: 40.285714285714285

epsilon: 0.5

m: 7.0

Residual: 0.5469842153898328


n: 40.285714285714285

epsilon: 0.7

m: 5.0

Residual: 0.13915066853393365


n: 40.285714285714285

epsilon: 0.7

m: 5.285714285714286

Residual: 0.13355002591366638


n: 40.285714285714285

epsilon: 0.7

m: 5.571428571428571

Residual: 0.1401935433342968


n: 40.285714285714285

epsilon: 0.7

m: 5.857142857142857

Residual: 0.20482003246947791


n: 40.285714285714285

epsilon: 0.7

m: 6.142857142857142

Residual: 0.2650030459321985


n: 40.285714285714285

epsilon: 0.7

m: 6.428571428571429

Residual: 0.3134337012443588


n: 40.285714285714285

epsilon: 0.7

m: 6.714285714285714

Residual: 0.3623908680876572


n: 40.285714285714285

epsilon: 0.7

m: 7.0

Residual: 0.4120243499798025


n: 40.285714285714285

epsilon: 0.8999999999999999

m: 5.0

Residual: 0.16533655743089556


n: 40.285714285714285

epsilon: 0.8999999999999999

m: 5.285714285714286

Residual: 0.11741678693232213


n: 40.285714285714285

epsilon: 0.8999999999999999

m: 5.571428571428571

Residual: 0.08834272839276254


n: 40.285714285714285

epsilon: 0.8999999999999999

m: 5.857142857142857

Residual: 0.0937789627631457


n: 40.285714285714285

epsilon: 0.8999999999999999

m: 6.142857142857142

Residual: 0.14238046262634


n: 40.285714285714285

epsilon: 0.8999999999999999

m: 6.428571428571429

Residual: 0.2055330041776994


n: 40.285714285714285

epsilon: 0.8999999999999999

m: 6.714285714285714

Residual: 0.2528799067424849


n: 40.285714285714285

epsilon: 0.8999999999999999

m: 7.0

Residual: 0.30427881776066074


n: 40.285714285714285

epsilon: 1.0999999999999999

m: 5.0

Residual: 0.2348810910091871


n: 40.285714285714285

epsilon: 1.0999999999999999

m: 5.285714285714286

Residual: 0.1644438419186847


n: 40.285714285714285

epsilon: 1.0999999999999999

m: 5.571428571428571

Residual: 0.10598768387981251


n: 40.285714285714285

epsilon: 1.0999999999999999

m: 5.857142857142857

Residual: 0.06537336298449523


n: 40.285714285714285

epsilon: 1.0999999999999999

m: 6.142857142857142

Residual: 0.05182490453870692


n: 40.285714285714285

epsilon: 1.0999999999999999

m: 6.428571428571429

Residual: 0.10147375762626308


n: 40.285714285714285

epsilon: 1.0999999999999999

m: 6.714285714285714

Residual: 0.15415375272615198


n: 40.285714285714285

epsilon: 1.0999999999999999

m: 7.0

Residual: 0.2110355950452708


n: 40.285714285714285

epsilon: 1.3

m: 5.0

Residual: 0.30979621670501223


n: 40.285714285714285

epsilon: 1.3

m: 5.285714285714286

Residual: 0.23679285084263932


n: 40.285714285714285

epsilon: 1.3

m: 5.571428571428571

Residual: 0.16776543498551097


n: 40.285714285714285

epsilon: 1.3

m: 5.857142857142857

Residual: 0.10191306941045908


n: 40.285714285714285

epsilon: 1.3

m: 6.142857142857142

Residual: 0.04981593306586143


n: 40.285714285714285

epsilon: 1.3

m: 6.428571428571429

Residual: 0.024040659089600614


n: 40.285714285714285

epsilon: 1.3

m: 6.714285714285714

Residual: 0.06981378227659198


n: 40.285714285714285

epsilon: 1.3

m: 7.0

Residual: 0.1267252765469042


n: 40.285714285714285

epsilon: 1.5

m: 5.0

Residual: 0.37071208887135265


n: 40.285714285714285

epsilon: 1.5

m: 5.285714285714286

Residual: 0.3010982241375223


n: 40.285714285714285

epsilon: 1.5

m: 5.571428571428571

Residual: 0.23436248863683268


n: 40.285714285714285

epsilon: 1.5

m: 5.857142857142857

Residual: 0.17317743314529918


n: 40.285714285714285

epsilon: 1.5

m: 6.142857142857142

Residual: 0.11366923769329199


n: 40.285714285714285

epsilon: 1.5

m: 6.428571428571429

Residual: 0.0530260886749944


n: 40.285714285714285

epsilon: 1.5

m: 6.714285714285714

Residual: 0.025832318091109002


n: 40.285714285714285

epsilon: 1.5

m: 7.0

Residual: 0.0502097330661825


n: 45.0

epsilon: 0.1

m: 5.0

Residual: 0.7526603632438355


n: 45.0

epsilon: 0.1

m: 5.285714285714286

Residual: 0.7846212460072366


n: 45.0

epsilon: 0.1

m: 5.571428571428571

Residual: 0.8123841226011488


n: 45.0

epsilon: 0.1

m: 5.857142857142857

Residual: 0.8315056736762063


n: 45.0

epsilon: 0.1

m: 6.142857142857142

Residual: 0.8517174443093993


n: 45.0

epsilon: 0.1

m: 6.428571428571429

Residual: 0.8673268179886056


n: 45.0

epsilon: 0.1

m: 6.714285714285714

Residual: 0.8799854820422861


n: 45.0

epsilon: 0.1

m: 7.0

Residual: 0.8901072343987411


n: 45.0

epsilon: 0.3

m: 5.0

Residual: 0.4068436741083594


n: 45.0

epsilon: 0.3

m: 5.285714285714286

Residual: 0.46920356902538224


n: 45.0

epsilon: 0.3

m: 5.571428571428571

Residual: 0.5249184433932043


n: 45.0

epsilon: 0.3

m: 5.857142857142857

Residual: 0.5708970485608531


n: 45.0

epsilon: 0.3

m: 6.142857142857142

Residual: 0.6162428819235276


n: 45.0

epsilon: 0.3

m: 6.428571428571429

Residual: 0.6469873520293269


n: 45.0

epsilon: 0.3

m: 6.714285714285714

Residual: 0.6803849199144796


n: 45.0

epsilon: 0.3

m: 7.0

Residual: 0.7034531921702172


n: 45.0

epsilon: 0.5

m: 5.0

Residual: 0.20547611645179897


n: 45.0

epsilon: 0.5

m: 5.285714285714286

Residual: 0.24934655055430163


n: 45.0

epsilon: 0.5

m: 5.571428571428571

Residual: 0.3201911710966412


n: 45.0

epsilon: 0.5

m: 5.857142857142857

Residual: 0.3760094771652151


n: 45.0

epsilon: 0.5

m: 6.142857142857142

Residual: 0.4290818451451887


n: 45.0

epsilon: 0.5

m: 6.428571428571429

Residual: 0.4822627929225965


n: 45.0

epsilon: 0.5

m: 6.714285714285714

Residual: 0.5123441474855445


n: 45.0

epsilon: 0.5

m: 7.0

Residual: 0.5532471683906863


n: 45.0

epsilon: 0.7

m: 5.0

Residual: 0.139709439168241


n: 45.0

epsilon: 0.7

m: 5.285714285714286

Residual: 0.13230143258714272


n: 45.0

epsilon: 0.7

m: 5.571428571428571

Residual: 0.15982882708403562


n: 45.0

epsilon: 0.7

m: 5.857142857142857

Residual: 0.22123069743298493


n: 45.0

epsilon: 0.7

m: 6.142857142857142

Residual: 0.2824907355671204


n: 45.0

epsilon: 0.7

m: 6.428571428571429

Residual: 0.33319757940926875


n: 45.0

epsilon: 0.7

m: 6.714285714285714

Residual: 0.38550928388943406


n: 45.0

epsilon: 0.7

m: 7.0

Residual: 0.42456594807470893


n: 45.0

epsilon: 0.8999999999999999

m: 5.0

Residual: 0.15395612904710862


n: 45.0

epsilon: 0.8999999999999999

m: 5.285714285714286

Residual: 0.11353171266128054


n: 45.0

epsilon: 0.8999999999999999

m: 5.571428571428571

Residual: 0.08867246579262451


n: 45.0

epsilon: 0.8999999999999999

m: 5.857142857142857

Residual: 0.10009950383677553


n: 45.0

epsilon: 0.8999999999999999

m: 6.142857142857142

Residual: 0.170748859647688


n: 45.0

epsilon: 0.8999999999999999

m: 6.428571428571429

Residual: 0.22015357979013503


n: 45.0

epsilon: 0.8999999999999999

m: 6.714285714285714

Residual: 0.27010963769507274


n: 45.0

epsilon: 0.8999999999999999

m: 7.0

Residual: 0.31881071815946477


n: 45.0

epsilon: 1.0999999999999999

m: 5.0

Residual: 0.21664897611340656


n: 45.0

epsilon: 1.0999999999999999

m: 5.285714285714286

Residual: 0.15261318543801136


n: 45.0

epsilon: 1.0999999999999999

m: 5.571428571428571

Residual: 0.0984351740784869


n: 45.0

epsilon: 1.0999999999999999

m: 5.857142857142857

Residual: 0.05964898286148344


n: 45.0

epsilon: 1.0999999999999999

m: 6.142857142857142

Residual: 0.05551666739712353


n: 45.0

epsilon: 1.0999999999999999

m: 6.428571428571429

Residual: 0.1224856407215899


n: 45.0

epsilon: 1.0999999999999999

m: 6.714285714285714

Residual: 0.17589537770778502


n: 45.0

epsilon: 1.0999999999999999

m: 7.0

Residual: 0.22483293765042475


n: 45.0

epsilon: 1.3

m: 5.0

Residual: 0.292757055725821


n: 45.0

epsilon: 1.3

m: 5.285714285714286

Residual: 0.2185460507883688


n: 45.0

epsilon: 1.3

m: 5.571428571428571

Residual: 0.1487524595943871


n: 45.0

epsilon: 1.3

m: 5.857142857142857

Residual: 0.09457912275036079


n: 45.0

epsilon: 1.3

m: 6.142857142857142

Residual: 0.048081434576370485


n: 45.0

epsilon: 1.3

m: 6.428571428571429

Residual: 0.04230279234587485


n: 45.0

epsilon: 1.3

m: 6.714285714285714

Residual: 0.09468016208967968


n: 45.0

epsilon: 1.3

m: 7.0

Residual: 0.14193227036500142


n: 45.0

epsilon: 1.5

m: 5.0

Residual: 0.35624845645917713


n: 45.0

epsilon: 1.5

m: 5.285714285714286

Residual: 0.2863924518999061


n: 45.0

epsilon: 1.5

m: 5.571428571428571

Residual: 0.22067209832754192


n: 45.0

epsilon: 1.5

m: 5.857142857142857

Residual: 0.1569089793037879


n: 45.0

epsilon: 1.5

m: 6.142857142857142

Residual: 0.0905715424852995


n: 45.0

epsilon: 1.5

m: 6.428571428571429

Residual: 0.03581121313714911


n: 45.0

epsilon: 1.5

m: 6.714285714285714

Residual: 0.028671174436954966


n: 45.0

epsilon: 1.5

m: 7.0

Residual: 0.07500529716280464


