epsilon: 0.5

m: 5.0

n: 12.0

Residual: 0.3856861089500039


epsilon: 0.5

m: 5.0

n: 12.0

Residual: 0.38628091263552533


epsilon: 0.5

m: 5.0

n: 16.714285714285715

Residual: 0.5000180604955085


epsilon: 0.5

m: 5.0

n: 21.42857142857143

Residual: 0.5567375356974129


epsilon: 0.5

m: 5.0

n: 26.142857142857142

Residual: 0.5925411575116702


epsilon: 0.5

m: 5.0

n: 30.857142857142858

Residual: 0.6152506308759005


epsilon: 0.5

m: 5.0

n: 35.57142857142857

Residual: 0.632722519353485


epsilon: 0.5

m: 5.0

n: 40.285714285714285

Residual: 0.6454797489823457


epsilon: 0.5

m: 5.0

n: 45.0

Residual: 0.6558844648851215


epsilon: 0.5

m: 5.285714285714286

n: 12.0

Residual: 0.5125385582284708


epsilon: 0.5

m: 5.285714285714286

n: 16.714285714285715

Residual: 0.6145102926031796


epsilon: 0.5

m: 5.285714285714286

n: 21.42857142857143

Residual: 0.6640121526469879


epsilon: 0.5

m: 5.285714285714286

n: 26.142857142857142

Residual: 0.6927947964959842


epsilon: 0.5

m: 5.285714285714286

n: 30.857142857142858

Residual: 0.7126507855637649


epsilon: 0.5

m: 5.285714285714286

n: 35.57142857142857

Residual: 0.7268871062245031


epsilon: 0.5

m: 5.285714285714286

n: 40.285714285714285

Residual: 0.7375982022553239


epsilon: 0.5

m: 5.285714285714286

n: 45.0

Residual: 0.7460580457476388


epsilon: 0.5

m: 5.571428571428571

n: 12.0

Residual: 0.6098869028426781


epsilon: 0.5

m: 5.571428571428571

n: 16.714285714285715

Residual: 0.6991476909929046


epsilon: 0.5

m: 5.571428571428571

n: 21.42857142857143

Residual: 0.7409148751745839


epsilon: 0.5

m: 5.571428571428571

n: 26.142857142857142

Residual: 0.7655534120742935


epsilon: 0.5

m: 5.571428571428571

n: 30.857142857142858

Residual: 0.7817530157037388


epsilon: 0.5

m: 5.571428571428571

n: 35.57142857142857

Residual: 0.7933879948575339


epsilon: 0.5

m: 5.571428571428571

n: 40.285714285714285

Residual: 0.8025002385132914


epsilon: 0.5

m: 5.571428571428571

n: 45.0

Residual: 0.8091672579303746


epsilon: 0.5

m: 5.857142857142857

n: 12.0

Residual: 0.682543580078645


epsilon: 0.5

m: 5.857142857142857

n: 16.714285714285715

Residual: 0.7611516427683803


epsilon: 0.5

m: 5.857142857142857

n: 21.42857142857143

Residual: 0.7975212899083846


epsilon: 0.5

m: 5.857142857142857

n: 26.142857142857142

Residual: 0.817342100932527


epsilon: 0.5

m: 5.857142857142857

n: 30.857142857142858

Residual: 0.8311103984694357


epsilon: 0.5

m: 5.857142857142857

n: 35.57142857142857

Residual: 0.8403955850700654


epsilon: 0.5

m: 5.857142857142857

n: 40.285714285714285

Residual: 0.8471564371736543


epsilon: 0.5

m: 5.857142857142857

n: 45.0

Residual: 0.8535697974297536


epsilon: 0.5

m: 6.142857142857142

n: 12.0

Residual: 0.7380308333465


epsilon: 0.5

m: 6.142857142857142

n: 16.714285714285715

Residual: 0.8073004985575689


epsilon: 0.5

m: 6.142857142857142

n: 21.42857142857143

Residual: 0.8378546448615535


epsilon: 0.5

m: 6.142857142857142

n: 26.142857142857142

Residual: 0.8553735031231332


epsilon: 0.5

m: 6.142857142857142

n: 30.857142857142858

Residual: 0.8669491776558663


epsilon: 0.5

m: 6.142857142857142

n: 35.57142857142857

Residual: 0.8745725358816318


epsilon: 0.5

m: 6.142857142857142

n: 40.285714285714285

Residual: 0.8805359409961366


epsilon: 0.5

m: 6.142857142857142

n: 45.0

Residual: 0.8853806084783997


epsilon: 0.5

m: 6.428571428571429

n: 12.0

Residual: 0.7807552190404904


epsilon: 0.5

m: 6.428571428571429

n: 16.714285714285715

Residual: 0.8410946035141705


epsilon: 0.5

m: 6.428571428571429

n: 21.42857142857143

Residual: 0.8678353599736255


epsilon: 0.5

m: 6.428571428571429

n: 26.142857142857142

Residual: 0.8828759905426473


epsilon: 0.5

m: 6.428571428571429

n: 30.857142857142858

Residual: 0.8922583573737735


epsilon: 0.5

m: 6.428571428571429

n: 35.57142857142857

Residual: 0.8993314722931653


epsilon: 0.5

m: 6.428571428571429

n: 40.285714285714285

Residual: 0.9043458146993699


epsilon: 0.5

m: 6.428571428571429

n: 45.0

Residual: 0.908806461219285


epsilon: 0.5

m: 6.714285714285714

n: 12.0

Residual: 0.8134088452354586


epsilon: 0.5

m: 6.714285714285714

n: 16.714285714285715

Residual: 0.8675241654692468


epsilon: 0.5

m: 6.714285714285714

n: 21.42857142857143

Residual: 0.8904098474864958


epsilon: 0.5

m: 6.714285714285714

n: 26.142857142857142

Residual: 0.903514704900656


epsilon: 0.5

m: 6.714285714285714

n: 30.857142857142858

Residual: 0.9120232334396614


epsilon: 0.5

m: 6.714285714285714

n: 35.57142857142857

Residual: 0.9179288677093355


epsilon: 0.5

m: 6.714285714285714

n: 40.285714285714285

Residual: 0.9222510066739125


epsilon: 0.5

m: 6.714285714285714

n: 45.0

Residual: 0.9257760326863591


epsilon: 0.5

m: 7.0

n: 12.0

Residual: 0.8400073572483341


epsilon: 0.5

m: 7.0

n: 16.714285714285715

Residual: 0.8879200685234241


epsilon: 0.5

m: 7.0

n: 21.42857142857143

Residual: 0.9085871092691098


epsilon: 0.5

m: 7.0

n: 26.142857142857142

Residual: 0.9206507705961547


epsilon: 0.5

m: 7.0

n: 30.857142857142858

Residual: 0.9268571724100788


epsilon: 0.5

m: 7.0

n: 35.57142857142857

Residual: 0.9317110226829596


epsilon: 0.5

m: 7.0

n: 40.285714285714285

Residual: 0.9354319746685139


epsilon: 0.5

m: 7.0

n: 45.0

Residual: 0.9381293282238082


epsilon: 1.0

m: 5.0

n: 12.0

Residual: 0.06375567676791849


epsilon: 1.0

m: 5.0

n: 16.714285714285715

Residual: 0.19939832673119087


epsilon: 1.0

m: 5.0

n: 21.42857142857143

Residual: 0.2744353675695733


epsilon: 1.0

m: 5.0

n: 26.142857142857142

Residual: 0.3226355986290064


epsilon: 1.0

m: 5.0

n: 30.857142857142858

Residual: 0.3555481843161949


epsilon: 1.0

m: 5.0

n: 35.57142857142857

Residual: 0.3796048399393994


epsilon: 1.0

m: 5.0

n: 40.285714285714285

Residual: 0.3978395058108027


epsilon: 1.0

m: 5.0

n: 45.0

Residual: 0.41259347491391


epsilon: 1.0

m: 5.285714285714286

n: 12.0

Residual: 0.21623352973829557


epsilon: 1.0

m: 5.285714285714286

n: 16.714285714285715

Residual: 0.35413776410794456


epsilon: 1.0

m: 5.285714285714286

n: 21.42857142857143

Residual: 0.42410003732304613


epsilon: 1.0

m: 5.285714285714286

n: 26.142857142857142

Residual: 0.4681623658271649


epsilon: 1.0

m: 5.285714285714286

n: 30.857142857142858

Residual: 0.49801843498081116


epsilon: 1.0

m: 5.285714285714286

n: 35.57142857142857

Residual: 0.5196269016087377


epsilon: 1.0

m: 5.285714285714286

n: 40.285714285714285

Residual: 0.5364809542302778


epsilon: 1.0

m: 5.285714285714286

n: 45.0

Residual: 0.549791193166029


epsilon: 1.0

m: 5.571428571428571

n: 12.0

Residual: 0.34712731580097106


epsilon: 1.0

m: 5.571428571428571

n: 16.714285714285715

Residual: 0.476427282012105


epsilon: 1.0

m: 5.571428571428571

n: 21.42857142857143

Residual: 0.5407006196358008


epsilon: 1.0

m: 5.571428571428571

n: 26.142857142857142

Residual: 0.5803082812869835


epsilon: 1.0

m: 5.571428571428571

n: 30.857142857142858

Residual: 0.6065935284389722


epsilon: 1.0

m: 5.571428571428571

n: 35.57142857142857

Residual: 0.6252713557754656


epsilon: 1.0

m: 5.571428571428571

n: 40.285714285714285

Residual: 0.6391846902941823


epsilon: 1.0

m: 5.571428571428571

n: 45.0

Residual: 0.6507542699305904


epsilon: 1.0

m: 5.857142857142857

n: 12.0

Residual: 0.4519375693769228


epsilon: 1.0

m: 5.857142857142857

n: 16.714285714285715

Residual: 0.5731261806853258


epsilon: 1.0

m: 5.857142857142857

n: 21.42857142857143

Residual: 0.6313340043766359


epsilon: 1.0

m: 5.857142857142857

n: 26.142857142857142

Residual: 0.6658519228079486


epsilon: 1.0

m: 5.857142857142857

n: 30.857142857142858

Residual: 0.6885867971923229


epsilon: 1.0

m: 5.857142857142857

n: 35.57142857142857

Residual: 0.7043147445300079


epsilon: 1.0

m: 5.857142857142857

n: 40.285714285714285

Residual: 0.7172210176003428


epsilon: 1.0

m: 5.857142857142857

n: 45.0

Residual: 0.7263798759032404


epsilon: 1.0

m: 6.142857142857142

n: 12.0

Residual: 0.5378316650188526


epsilon: 1.0

m: 6.142857142857142

n: 16.714285714285715

Residual: 0.6483256548223327


epsilon: 1.0

m: 6.142857142857142

n: 21.42857142857143

Residual: 0.6989295506821189


epsilon: 1.0

m: 6.142857142857142

n: 26.142857142857142

Residual: 0.7306704392032923


epsilon: 1.0

m: 6.142857142857142

n: 30.857142857142858

Residual: 0.7490014526895645


epsilon: 1.0

m: 6.142857142857142

n: 35.57142857142857

Residual: 0.7644931434373072


epsilon: 1.0

m: 6.142857142857142

n: 40.285714285714285

Residual: 0.7735815764515888


epsilon: 1.0

m: 6.142857142857142

n: 45.0

Residual: 0.7828875745835135


epsilon: 1.0

m: 6.428571428571429

n: 12.0

Residual: 0.6050685557346519


epsilon: 1.0

m: 6.428571428571429

n: 16.714285714285715

Residual: 0.7063842972062182


epsilon: 1.0

m: 6.428571428571429

n: 21.42857142857143

Residual: 0.7511298975523051


epsilon: 1.0

m: 6.428571428571429

n: 26.142857142857142

Residual: 0.7796410885772352


epsilon: 1.0

m: 6.428571428571429

n: 30.857142857142858

Residual: 0.7961636904461186


epsilon: 1.0

m: 6.428571428571429

n: 35.57142857142857

Residual: 0.8079131158474617


epsilon: 1.0

m: 6.428571428571429

n: 40.285714285714285

Residual: 0.8173651404116542


epsilon: 1.0

m: 6.428571428571429

n: 45.0

Residual: 0.824340209866838


epsilon: 1.0

m: 6.714285714285714

n: 12.0

Residual: 0.6590096626483781


epsilon: 1.0

m: 6.714285714285714

n: 16.714285714285715

Residual: 0.7513531051317428


epsilon: 1.0

m: 6.714285714285714

n: 21.42857142857143

Residual: 0.7942199561812803


epsilon: 1.0

m: 6.714285714285714

n: 26.142857142857142

Residual: 0.818055932616279


epsilon: 1.0

m: 6.714285714285714

n: 30.857142857142858

Residual: 0.8315619365737693


epsilon: 1.0

m: 6.714285714285714

n: 35.57142857142857

Residual: 0.8423623473287135


epsilon: 1.0

m: 6.714285714285714

n: 40.285714285714285

Residual: 0.850751363555682


epsilon: 1.0

m: 6.714285714285714

n: 45.0

Residual: 0.8567241009697291


epsilon: 1.0

m: 7.0

n: 12.0

Residual: 0.7029350884644652


epsilon: 1.0

m: 7.0

n: 16.714285714285715

Residual: 0.7870926744896132


epsilon: 1.0

m: 7.0

n: 21.42857142857143

Residual: 0.8249406077183319


epsilon: 1.0

m: 7.0

n: 26.142857142857142

Residual: 0.8458564350646063


epsilon: 1.0

m: 7.0

n: 30.857142857142858

Residual: 0.8570975932997335


epsilon: 1.0

m: 7.0

n: 35.57142857142857

Residual: 0.8689722409501861


epsilon: 1.0

m: 7.0

n: 40.285714285714285

Residual: 0.8746097857507761


epsilon: 1.0

m: 7.0

n: 45.0

Residual: 0.8798179588900469


epsilon: 1.5

m: 5.0

n: 12.0

Residual: 0.14198037732673102


epsilon: 1.5

m: 5.0

n: 16.714285714285715

Residual: 0.047723428498555334


epsilon: 1.5

m: 5.0

n: 21.42857142857143

Residual: 0.08001031793646765


epsilon: 1.5

m: 5.0

n: 26.142857142857142

Residual: 0.13090130765024138


epsilon: 1.5

m: 5.0

n: 30.857142857142858

Residual: 0.1674224215674487


epsilon: 1.5

m: 5.0

n: 35.57142857142857

Residual: 0.19351094798174706


epsilon: 1.5

m: 5.0

n: 40.285714285714285

Residual: 0.21481245847969224


epsilon: 1.5

m: 5.0

n: 45.0

Residual: 0.2318091116858809


epsilon: 1.5

m: 5.285714285714286

n: 12.0

Residual: 0.031211568687038532


epsilon: 1.5

m: 5.285714285714286

n: 16.714285714285715

Residual: 0.16494637946641216


epsilon: 1.5

m: 5.285714285714286

n: 21.42857142857143

Residual: 0.24529971668255973


epsilon: 1.5

m: 5.285714285714286

n: 26.142857142857142

Residual: 0.29717419403528506


epsilon: 1.5

m: 5.285714285714286

n: 30.857142857142858

Residual: 0.33159460802959456


epsilon: 1.5

m: 5.285714285714286

n: 35.57142857142857

Residual: 0.35642611105990624


epsilon: 1.5

m: 5.285714285714286

n: 40.285714285714285

Residual: 0.37658465490335397


epsilon: 1.5

m: 5.285714285714286

n: 45.0

Residual: 0.3918645643810101


epsilon: 1.5

m: 5.571428571428571

n: 12.0

Residual: 0.157170004605956


epsilon: 1.5

m: 5.571428571428571

n: 16.714285714285715

Residual: 0.3058746153691306


epsilon: 1.5

m: 5.571428571428571

n: 21.42857142857143

Residual: 0.38229673955149646


epsilon: 1.5

m: 5.571428571428571

n: 26.142857142857142

Residual: 0.4308724843258975


epsilon: 1.5

m: 5.571428571428571

n: 30.857142857142858

Residual: 0.4635045432630987


epsilon: 1.5

m: 5.571428571428571

n: 35.57142857142857

Residual: 0.4864112383687124


epsilon: 1.5

m: 5.571428571428571

n: 40.285714285714285

Residual: 0.5046239891922655


epsilon: 1.5

m: 5.571428571428571

n: 45.0

Residual: 0.5185801799764046


epsilon: 1.5

m: 5.857142857142857

n: 12.0

Residual: 0.27773715750054184


epsilon: 1.5

m: 5.857142857142857

n: 16.714285714285715

Residual: 0.4226522345624995


epsilon: 1.5

m: 5.857142857142857

n: 21.42857142857143

Residual: 0.49330986360704127


epsilon: 1.5

m: 5.857142857142857

n: 26.142857142857142

Residual: 0.5378312394423344


epsilon: 1.5

m: 5.857142857142857

n: 30.857142857142858

Residual: 0.5662484376612984


epsilon: 1.5

m: 5.857142857142857

n: 35.57142857142857

Residual: 0.5880482921910075


epsilon: 1.5

m: 5.857142857142857

n: 40.285714285714285

Residual: 0.6039516099942762


epsilon: 1.5

m: 5.857142857142857

n: 45.0

Residual: 0.6179056670765976


epsilon: 1.5

m: 6.142857142857142

n: 12.0

Residual: 0.3779679273151996


epsilon: 1.5

m: 6.142857142857142

n: 16.714285714285715

Residual: 0.5161901392922474


epsilon: 1.5

m: 6.142857142857142

n: 21.42857142857143

Residual: 0.5800603730104847


epsilon: 1.5

m: 6.142857142857142

n: 26.142857142857142

Residual: 0.6201379472273222


epsilon: 1.5

m: 6.142857142857142

n: 30.857142857142858

Residual: 0.6456150890625785


epsilon: 1.5

m: 6.142857142857142

n: 35.57142857142857

Residual: 0.6653220183343217


epsilon: 1.5

m: 6.142857142857142

n: 40.285714285714285

Residual: 0.680545722817321


epsilon: 1.5

m: 6.142857142857142

n: 45.0

Residual: 0.6914343791854402


epsilon: 1.5

m: 6.428571428571429

n: 12.0

Residual: 0.460482980369574


epsilon: 1.5

m: 6.428571428571429

n: 16.714285714285715

Residual: 0.5899621692229275


epsilon: 1.5

m: 6.428571428571429

n: 21.42857142857143

Residual: 0.6495815145864565


epsilon: 1.5

m: 6.428571428571429

n: 26.142857142857142

Residual: 0.6863535934928031


epsilon: 1.5

m: 6.428571428571429

n: 30.857142857142858

Residual: 0.7085127689690607


epsilon: 1.5

m: 6.428571428571429

n: 35.57142857142857

Residual: 0.7248496080983043


epsilon: 1.5

m: 6.428571428571429

n: 40.285714285714285

Residual: 0.739266099442232


epsilon: 1.5

m: 6.428571428571429

n: 45.0

Residual: 0.7475201232080859


epsilon: 1.5

m: 6.714285714285714

n: 12.0

Residual: 0.5294864214802558


epsilon: 1.5

m: 6.714285714285714

n: 16.714285714285715

Residual: 0.6487021263423011


epsilon: 1.5

m: 6.714285714285714

n: 21.42857142857143

Residual: 0.7059417915676764


epsilon: 1.5

m: 6.714285714285714

n: 26.142857142857142

Residual: 0.736155297762449


epsilon: 1.5

m: 6.714285714285714

n: 30.857142857142858

Residual: 0.7572130968811409


epsilon: 1.5

m: 6.714285714285714

n: 35.57142857142857

Residual: 0.7732095706450102


epsilon: 1.5

m: 6.714285714285714

n: 40.285714285714285

Residual: 0.7827993749393957


epsilon: 1.5

m: 6.714285714285714

n: 45.0

Residual: 0.7930292747114519


epsilon: 1.5

m: 7.0

n: 12.0

Residual: 0.5858420375700827


epsilon: 1.5

m: 7.0

n: 16.714285714285715

Residual: 0.696070277689702


epsilon: 1.5

m: 7.0

n: 21.42857142857143

Residual: 0.7487252064119209


epsilon: 1.5

m: 7.0

n: 26.142857142857142

Residual: 0.7765940950895366


epsilon: 1.5

m: 7.0

n: 30.857142857142858

Residual: 0.7957542555643524


epsilon: 1.5

m: 7.0

n: 35.57142857142857

Residual: 0.8089693226125367


epsilon: 1.5

m: 7.0

n: 40.285714285714285

Residual: 0.8187653143941827


epsilon: 1.5

m: 7.0

n: 45.0

Residual: 0.8249677641091686


epsilon: 2.0

m: 5.0

n: 12.0

Residual: 0.2783521174318934


epsilon: 2.0

m: 5.0

n: 16.714285714285715

Residual: 0.14315193277499777


epsilon: 2.0

m: 5.0

n: 21.42857142857143

Residual: 0.07731613986625838


epsilon: 2.0

m: 5.0

n: 26.142857142857142

Residual: 0.048861631576761086


epsilon: 2.0

m: 5.0

n: 30.857142857142858

Residual: 0.044585600621463974


epsilon: 2.0

m: 5.0

n: 35.57142857142857

Residual: 0.05612960584056061


epsilon: 2.0

m: 5.0

n: 40.285714285714285

Residual: 0.07491281968700729


epsilon: 2.0

m: 5.0

n: 45.0

Residual: 0.09271093111545202


epsilon: 2.0

m: 5.285714285714286

n: 12.0

Residual: 0.12599209027510658


epsilon: 2.0

m: 5.285714285714286

n: 16.714285714285715

Residual: 0.02931331853824002


epsilon: 2.0

m: 5.285714285714286

n: 21.42857142857143

Residual: 0.10562900380780169


epsilon: 2.0

m: 5.285714285714286

n: 26.142857142857142

Residual: 0.16022953623229674


epsilon: 2.0

m: 5.285714285714286

n: 30.857142857142858

Residual: 0.19720248324298947


epsilon: 2.0

m: 5.285714285714286

n: 35.57142857142857

Residual: 0.22543530044366855


epsilon: 2.0

m: 5.285714285714286

n: 40.285714285714285

Residual: 0.2462657035502279


epsilon: 2.0

m: 5.285714285714286

n: 45.0

Residual: 0.2636949210507287


epsilon: 2.0

m: 5.571428571428571

n: 12.0

Residual: 0.05786079126866889


epsilon: 2.0

m: 5.571428571428571

n: 16.714285714285715

Residual: 0.17092440803545142


epsilon: 2.0

m: 5.571428571428571

n: 21.42857142857143

Residual: 0.25474348649810036


epsilon: 2.0

m: 5.571428571428571

n: 26.142857142857142

Residual: 0.30645855116636866


epsilon: 2.0

m: 5.571428571428571

n: 30.857142857142858

Residual: 0.342307287704734


epsilon: 2.0

m: 5.571428571428571

n: 35.57142857142857

Residual: 0.3707280190554876


epsilon: 2.0

m: 5.571428571428571

n: 40.285714285714285

Residual: 0.390241058795536


epsilon: 2.0

m: 5.571428571428571

n: 45.0

Residual: 0.40641450500299053


epsilon: 2.0

m: 5.857142857142857

n: 12.0

Residual: 0.14071648702278647


epsilon: 2.0

m: 5.857142857142857

n: 16.714285714285715

Residual: 0.2967304216461762


epsilon: 2.0

m: 5.857142857142857

n: 21.42857142857143

Residual: 0.3762819209129163


epsilon: 2.0

m: 5.857142857142857

n: 26.142857142857142

Residual: 0.42773154158477306


epsilon: 2.0

m: 5.857142857142857

n: 30.857142857142858

Residual: 0.4605579221405636


epsilon: 2.0

m: 5.857142857142857

n: 35.57142857142857

Residual: 0.4843077736685215


epsilon: 2.0

m: 5.857142857142857

n: 40.285714285714285

Residual: 0.5054087868551655


epsilon: 2.0

m: 5.857142857142857

n: 45.0

Residual: 0.5184033385930372


epsilon: 2.0

m: 6.142857142857142

n: 12.0

Residual: 0.24909647793014428


epsilon: 2.0

m: 6.142857142857142

n: 16.714285714285715

Residual: 0.4015641035237036


epsilon: 2.0

m: 6.142857142857142

n: 21.42857142857143

Residual: 0.47857305018282714


epsilon: 2.0

m: 6.142857142857142

n: 26.142857142857142

Residual: 0.523684540293091


epsilon: 2.0

m: 6.142857142857142

n: 30.857142857142858

Residual: 0.5558812453931751


epsilon: 2.0

m: 6.142857142857142

n: 35.57142857142857

Residual: 0.5756500128001191


epsilon: 2.0

m: 6.142857142857142

n: 40.285714285714285

Residual: 0.5953272932137017


epsilon: 2.0

m: 6.142857142857142

n: 45.0

Residual: 0.6071729290931682


epsilon: 2.0

m: 6.428571428571429

n: 12.0

Residual: 0.3391435920885802


epsilon: 2.0

m: 6.428571428571429

n: 16.714285714285715

Residual: 0.4869076257584519


epsilon: 2.0

m: 6.428571428571429

n: 21.42857142857143

Residual: 0.5596819078489653


epsilon: 2.0

m: 6.428571428571429

n: 26.142857142857142

Residual: 0.601869733719484


epsilon: 2.0

m: 6.428571428571429

n: 30.857142857142858

Residual: 0.6315376610921551


epsilon: 2.0

m: 6.428571428571429

n: 35.57142857142857

Residual: 0.6480671626068258


epsilon: 2.0

m: 6.428571428571429

n: 40.285714285714285

Residual: 0.6654867389291794


epsilon: 2.0

m: 6.428571428571429

n: 45.0

Residual: 0.6775496254346814


epsilon: 2.0

m: 6.714285714285714

n: 12.0

Residual: 0.41632628378586417


epsilon: 2.0

m: 6.714285714285714

n: 16.714285714285715

Residual: 0.5582879905547707


epsilon: 2.0

m: 6.714285714285714

n: 21.42857142857143

Residual: 0.6239453886031592


epsilon: 2.0

m: 6.714285714285714

n: 26.142857142857142

Residual: 0.6623567898297182


epsilon: 2.0

m: 6.714285714285714

n: 30.857142857142858

Residual: 0.6886220519525044


epsilon: 2.0

m: 6.714285714285714

n: 35.57142857142857

Residual: 0.7087272773565142


epsilon: 2.0

m: 6.714285714285714

n: 40.285714285714285

Residual: 0.7200207927923697


epsilon: 2.0

m: 6.714285714285714

n: 45.0

Residual: 0.7302644942413751


epsilon: 2.0

m: 7.0

n: 12.0

Residual: 0.4829092910689277


epsilon: 2.0

m: 7.0

n: 16.714285714285715

Residual: 0.6181772119260176


epsilon: 2.0

m: 7.0

n: 21.42857142857143

Residual: 0.6785782506359455


epsilon: 2.0

m: 7.0

n: 26.142857142857142

Residual: 0.710575287893821


epsilon: 2.0

m: 7.0

n: 30.857142857142858

Residual: 0.7353464849847249


epsilon: 2.0

m: 7.0

n: 35.57142857142857

Residual: 0.7521230126987282


epsilon: 2.0

m: 7.0

n: 40.285714285714285

Residual: 0.7657539741220476


epsilon: 2.0

m: 7.0

n: 45.0

Residual: 0.7720758206747405


epsilon: 2.5

m: 5.0

n: 12.0

Residual: 0.3781303344687262


epsilon: 2.5

m: 5.0

n: 16.714285714285715

Residual: 0.2504531587216753


epsilon: 2.5

m: 5.0

n: 21.42857142857143

Residual: 0.173796015434631


epsilon: 2.5

m: 5.0

n: 26.142857142857142

Residual: 0.1230801634656379


epsilon: 2.5

m: 5.0

n: 30.857142857142858

Residual: 0.09214052041270901


epsilon: 2.5

m: 5.0

n: 35.57142857142857

Residual: 0.07177893317479303


epsilon: 2.5

m: 5.0

n: 40.285714285714285

Residual: 0.05793722755209842


epsilon: 2.5

m: 5.0

n: 45.0

Residual: 0.05042914489927434


epsilon: 2.5

m: 5.285714285714286

n: 12.0

Residual: 0.234420181764455


epsilon: 2.5

m: 5.285714285714286

n: 16.714285714285715

Residual: 0.0887318314836937


epsilon: 2.5

m: 5.285714285714286

n: 21.42857142857143

Residual: 0.030442485974794032


epsilon: 2.5

m: 5.285714285714286

n: 26.142857142857142

Residual: 0.04931802526625406


epsilon: 2.5

m: 5.285714285714286

n: 30.857142857142858

Residual: 0.0880288350977798


epsilon: 2.5

m: 5.285714285714286

n: 35.57142857142857

Residual: 0.1168738757853085


epsilon: 2.5

m: 5.285714285714286

n: 40.285714285714285

Residual: 0.1400374105630881


epsilon: 2.5

m: 5.285714285714286

n: 45.0

Residual: 0.15738726135510983


epsilon: 2.5

m: 5.571428571428571

n: 12.0

Residual: 0.11570094231724483


epsilon: 2.5

m: 5.571428571428571

n: 16.714285714285715

Residual: 0.06378169190315154


epsilon: 2.5

m: 5.571428571428571

n: 21.42857142857143

Residual: 0.14686368586241907


epsilon: 2.5

m: 5.571428571428571

n: 26.142857142857142

Residual: 0.20322330887986353


epsilon: 2.5

m: 5.571428571428571

n: 30.857142857142858

Residual: 0.24021039915055906


epsilon: 2.5

m: 5.571428571428571

n: 35.57142857142857

Residual: 0.26931534399489876


epsilon: 2.5

m: 5.571428571428571

n: 40.285714285714285

Residual: 0.29166353712554927


epsilon: 2.5

m: 5.571428571428571

n: 45.0

Residual: 0.3092753476040849


epsilon: 2.5

m: 5.857142857142857

n: 12.0

Residual: 0.09142408102885628


epsilon: 2.5

m: 5.857142857142857

n: 16.714285714285715

Residual: 0.1917810171586956


epsilon: 2.5

m: 5.857142857142857

n: 21.42857142857143

Residual: 0.277552328019176


epsilon: 2.5

m: 5.857142857142857

n: 26.142857142857142

Residual: 0.33254303607649693


epsilon: 2.5

m: 5.857142857142857

n: 30.857142857142858

Residual: 0.3687794929521467


epsilon: 2.5

m: 5.857142857142857

n: 35.57142857142857

Residual: 0.3960231112005515


epsilon: 2.5

m: 5.857142857142857

n: 40.285714285714285

Residual: 0.4163488005733901


epsilon: 2.5

m: 5.857142857142857

n: 45.0

Residual: 0.4342886558390677


epsilon: 2.5

m: 6.142857142857142

n: 12.0

Residual: 0.14163644819719962


epsilon: 2.5

m: 6.142857142857142

n: 16.714285714285715

Residual: 0.30504999194122706


epsilon: 2.5

m: 6.142857142857142

n: 21.42857142857143

Residual: 0.38781718211388144


epsilon: 2.5

m: 6.142857142857142

n: 26.142857142857142

Residual: 0.4394639083215766


epsilon: 2.5

m: 6.142857142857142

n: 30.857142857142858

Residual: 0.47394732613826634


epsilon: 2.5

m: 6.142857142857142

n: 35.57142857142857

Residual: 0.4992055950478778


epsilon: 2.5

m: 6.142857142857142

n: 40.285714285714285

Residual: 0.5171993364295717


epsilon: 2.5

m: 6.142857142857142

n: 45.0

Residual: 0.5324266183559055


epsilon: 2.5

m: 6.428571428571429

n: 12.0

Residual: 0.237945049094159


epsilon: 2.5

m: 6.428571428571429

n: 16.714285714285715

Residual: 0.39751683269856863


epsilon: 2.5

m: 6.428571428571429

n: 21.42857142857143

Residual: 0.4770691811271255


epsilon: 2.5

m: 6.428571428571429

n: 26.142857142857142

Residual: 0.5267241323060179


epsilon: 2.5

m: 6.428571428571429

n: 30.857142857142858

Residual: 0.5563852776128805


epsilon: 2.5

m: 6.428571428571429

n: 35.57142857142857

Residual: 0.5817928379633688


epsilon: 2.5

m: 6.428571428571429

n: 40.285714285714285

Residual: 0.5990047553627972


epsilon: 2.5

m: 6.428571428571429

n: 45.0

Residual: 0.6108863574991894


epsilon: 2.5

m: 6.714285714285714

n: 12.0

Residual: 0.32082550091619844


epsilon: 2.5

m: 6.714285714285714

n: 16.714285714285715

Residual: 0.47577412336444547


epsilon: 2.5

m: 6.714285714285714

n: 21.42857142857143

Residual: 0.5499643509025024


epsilon: 2.5

m: 6.714285714285714

n: 26.142857142857142

Residual: 0.5956317663226527


epsilon: 2.5

m: 6.714285714285714

n: 30.857142857142858

Residual: 0.6242038214129956


epsilon: 2.5

m: 6.714285714285714

n: 35.57142857142857

Residual: 0.6434424449435201


epsilon: 2.5

m: 6.714285714285714

n: 40.285714285714285

Residual: 0.6620889343981615


epsilon: 2.5

m: 6.714285714285714

n: 45.0

Residual: 0.6750499840178201


epsilon: 2.5

m: 7.0

n: 12.0

Residual: 0.3913479692594626


epsilon: 2.5

m: 7.0

n: 16.714285714285715

Residual: 0.5399007188424244


epsilon: 2.5

m: 7.0

n: 21.42857142857143

Residual: 0.611316383776559


epsilon: 2.5

m: 7.0

n: 26.142857142857142

Residual: 0.6558509848528992


epsilon: 2.5

m: 7.0

n: 30.857142857142858

Residual: 0.6823749713272296


epsilon: 2.5

m: 7.0

n: 35.57142857142857

Residual: 0.699817170629899


epsilon: 2.5

m: 7.0

n: 40.285714285714285

Residual: 0.7148471160129044


epsilon: 2.5

m: 7.0

n: 45.0

Residual: 0.723682991516319


epsilon: 3.0

m: 5.0

n: 12.0

Residual: 0.4535655155987295


epsilon: 3.0

m: 5.0

n: 16.714285714285715

Residual: 0.3335478385705317


epsilon: 3.0

m: 5.0

n: 21.42857142857143

Residual: 0.26071763301016826


epsilon: 3.0

m: 5.0

n: 26.142857142857142

Residual: 0.21190178943838642


epsilon: 3.0

m: 5.0

n: 30.857142857142858

Residual: 0.17603170959880537


epsilon: 3.0

m: 5.0

n: 35.57142857142857

Residual: 0.14866486681534763


epsilon: 3.0

m: 5.0

n: 40.285714285714285

Residual: 0.1272786405153333


epsilon: 3.0

m: 5.0

n: 45.0

Residual: 0.11083090127587245


epsilon: 3.0

m: 5.285714285714286

n: 12.0

Residual: 0.31799542453864427


epsilon: 3.0

m: 5.285714285714286

n: 16.714285714285715

Residual: 0.17780265899915765


epsilon: 3.0

m: 5.285714285714286

n: 21.42857142857143

Residual: 0.09608421701717708


epsilon: 3.0

m: 5.285714285714286

n: 26.142857142857142

Residual: 0.0466595972742695


epsilon: 3.0

m: 5.285714285714286

n: 30.857142857142858

Residual: 0.029111064885106567


epsilon: 3.0

m: 5.285714285714286

n: 35.57142857142857

Residual: 0.028591418517592178


epsilon: 3.0

m: 5.285714285714286

n: 40.285714285714285

Residual: 0.04924107556298263


epsilon: 3.0

m: 5.285714285714286

n: 45.0

Residual: 0.06800746639655805


epsilon: 3.0

m: 5.571428571428571

n: 12.0

Residual: 0.18953214553742206


epsilon: 3.0

m: 5.571428571428571

n: 16.714285714285715

Residual: 0.07707342725052617


epsilon: 3.0

m: 5.571428571428571

n: 21.42857142857143

Residual: 0.06243670058755821


epsilon: 3.0

m: 5.571428571428571

n: 26.142857142857142

Residual: 0.11217681186057857


epsilon: 3.0

m: 5.571428571428571

n: 30.857142857142858

Residual: 0.15342788743379185


epsilon: 3.0

m: 5.571428571428571

n: 35.57142857142857

Residual: 0.18349364035507532


epsilon: 3.0

m: 5.571428571428571

n: 40.285714285714285

Residual: 0.2068088030848332


epsilon: 3.0

m: 5.571428571428571

n: 45.0

Residual: 0.22445872648904863


epsilon: 3.0

m: 5.857142857142857

n: 12.0

Residual: 0.1301091744206676


epsilon: 3.0

m: 5.857142857142857

n: 16.714285714285715

Residual: 0.10600023898108549


epsilon: 3.0

m: 5.857142857142857

n: 21.42857142857143

Residual: 0.1914326565324573


epsilon: 3.0

m: 5.857142857142857

n: 26.142857142857142

Residual: 0.248296130518299


epsilon: 3.0

m: 5.857142857142857

n: 30.857142857142858

Residual: 0.28743577595691416


epsilon: 3.0

m: 5.857142857142857

n: 35.57142857142857

Residual: 0.3162748621195924


epsilon: 3.0

m: 5.857142857142857

n: 40.285714285714285

Residual: 0.3391085079574659


epsilon: 3.0

m: 5.857142857142857

n: 45.0

Residual: 0.35608969445472205


epsilon: 3.0

m: 6.142857142857142

n: 12.0

Residual: 0.12656925966315727


epsilon: 3.0

m: 6.142857142857142

n: 16.714285714285715

Residual: 0.2186277715502637


epsilon: 3.0

m: 6.142857142857142

n: 21.42857142857143

Residual: 0.30611693859779393


epsilon: 3.0

m: 6.142857142857142

n: 26.142857142857142

Residual: 0.3616116404018575


epsilon: 3.0

m: 6.142857142857142

n: 30.857142857142858

Residual: 0.39882511491837574


epsilon: 3.0

m: 6.142857142857142

n: 35.57142857142857

Residual: 0.4259531359759786


epsilon: 3.0

m: 6.142857142857142

n: 40.285714285714285

Residual: 0.4485312977682575


epsilon: 3.0

m: 6.142857142857142

n: 45.0

Residual: 0.46764751415445016


epsilon: 3.0

m: 6.428571428571429

n: 12.0

Residual: 0.16188709211897503


epsilon: 3.0

m: 6.428571428571429

n: 16.714285714285715

Residual: 0.3175992467632038


epsilon: 3.0

m: 6.428571428571429

n: 21.42857142857143

Residual: 0.406031968247721


epsilon: 3.0

m: 6.428571428571429

n: 26.142857142857142

Residual: 0.4557441432353569


epsilon: 3.0

m: 6.428571428571429

n: 30.857142857142858

Residual: 0.49280195320602305


epsilon: 3.0

m: 6.428571428571429

n: 35.57142857142857

Residual: 0.519631134031477


epsilon: 3.0

m: 6.428571428571429

n: 40.285714285714285

Residual: 0.5384922883122047


epsilon: 3.0

m: 6.428571428571429

n: 45.0

Residual: 0.5484579143397759


epsilon: 3.0

m: 6.714285714285714

n: 12.0

Residual: 0.2373944077033227


epsilon: 3.0

m: 6.714285714285714

n: 16.714285714285715

Residual: 0.4033030874760024


epsilon: 3.0

m: 6.714285714285714

n: 21.42857142857143

Residual: 0.4857694890761368


epsilon: 3.0

m: 6.714285714285714

n: 26.142857142857142

Residual: 0.5365329739328973


epsilon: 3.0

m: 6.714285714285714

n: 30.857142857142858

Residual: 0.5650120210000918


epsilon: 3.0

m: 6.714285714285714

n: 35.57142857142857

Residual: 0.5901111366520349


epsilon: 3.0

m: 6.714285714285714

n: 40.285714285714285

Residual: 0.6112465366219886


epsilon: 3.0

m: 6.714285714285714

n: 45.0

Residual: 0.6236018491961565


epsilon: 3.0

m: 7.0

n: 12.0

Residual: 0.3126189775856041


epsilon: 3.0

m: 7.0

n: 16.714285714285715

Residual: 0.47330845246285896


epsilon: 3.0

m: 7.0

n: 21.42857142857143

Residual: 0.5553916245840257


epsilon: 3.0

m: 7.0

n: 26.142857142857142

Residual: 0.5962084220434763


epsilon: 3.0

m: 7.0

n: 30.857142857142858

Residual: 0.6298183297795323


epsilon: 3.0

m: 7.0

n: 35.57142857142857

Residual: 0.6491180705099118


epsilon: 3.0

m: 7.0

n: 40.285714285714285

Residual: 0.6635579538444382


epsilon: 3.0

m: 7.0

n: 45.0

Residual: 0.6781757560475304


epsilon: 3.5

m: 5.0

n: 12.0

Residual: 0.5121114129623929


epsilon: 3.5

m: 5.0

n: 16.714285714285715

Residual: 0.40021415955254125


epsilon: 3.5

m: 5.0

n: 21.42857142857143

Residual: 0.3311211052158133


epsilon: 3.5

m: 5.0

n: 26.142857142857142

Residual: 0.28391624715189473


epsilon: 3.5

m: 5.0

n: 30.857142857142858

Residual: 0.25023498219856105


epsilon: 3.5

m: 5.0

n: 35.57142857142857

Residual: 0.2230943217384052


epsilon: 3.5

m: 5.0

n: 40.285714285714285

Residual: 0.20190788783542482


epsilon: 3.5

m: 5.0

n: 45.0

Residual: 0.18472149306638275


epsilon: 3.5

m: 5.285714285714286

n: 12.0

Residual: 0.38574261155311224


epsilon: 3.5

m: 5.285714285714286

n: 16.714285714285715

Residual: 0.2515660414842592


epsilon: 3.5

m: 5.285714285714286

n: 21.42857142857143

Residual: 0.17185264910213963


epsilon: 3.5

m: 5.285714285714286

n: 26.142857142857142

Residual: 0.11796512596814128


epsilon: 3.5

m: 5.285714285714286

n: 30.857142857142858

Residual: 0.07971665948841883


epsilon: 3.5

m: 5.285714285714286

n: 35.57142857142857

Residual: 0.054205706803160815


epsilon: 3.5

m: 5.285714285714286

n: 40.285714285714285

Residual: 0.03875572600020285


epsilon: 3.5

m: 5.285714285714286

n: 45.0

Residual: 0.030407932876316303


epsilon: 3.5

m: 5.571428571428571

n: 12.0

Residual: 0.259390637082031


epsilon: 3.5

m: 5.571428571428571

n: 16.714285714285715

Residual: 0.12696669749720485


epsilon: 3.5

m: 5.571428571428571

n: 21.42857142857143

Residual: 0.0739710351604919


epsilon: 3.5

m: 5.571428571428571

n: 26.142857142857142

Residual: 0.05758059635102185


epsilon: 3.5

m: 5.571428571428571

n: 30.857142857142858

Residual: 0.07706871494874967


epsilon: 3.5

m: 5.571428571428571

n: 35.57142857142857

Residual: 0.10641496096335937


epsilon: 3.5

m: 5.571428571428571

n: 40.285714285714285

Residual: 0.13112844219198944


epsilon: 3.5

m: 5.571428571428571

n: 45.0

Residual: 0.14963207798641182


epsilon: 3.5

m: 5.857142857142857

n: 12.0

Residual: 0.17728941079162613


epsilon: 3.5

m: 5.857142857142857

n: 16.714285714285715

Residual: 0.10106268475711777


epsilon: 3.5

m: 5.857142857142857

n: 21.42857142857143

Residual: 0.11769124802900272


epsilon: 3.5

m: 5.857142857142857

n: 26.142857142857142

Residual: 0.17489512998997686


epsilon: 3.5

m: 5.857142857142857

n: 30.857142857142858

Residual: 0.21697817156484575


epsilon: 3.5

m: 5.857142857142857

n: 35.57142857142857

Residual: 0.24632267311641934


epsilon: 3.5

m: 5.857142857142857

n: 40.285714285714285

Residual: 0.2684260572557985


epsilon: 3.5

m: 5.857142857142857

n: 45.0

Residual: 0.287116841949989


epsilon: 3.5

m: 6.142857142857142

n: 12.0

Residual: 0.15047141016102078


epsilon: 3.5

m: 6.142857142857142

n: 16.714285714285715

Residual: 0.14822452062170785


epsilon: 3.5

m: 6.142857142857142

n: 21.42857142857143

Residual: 0.23624287418920184


epsilon: 3.5

m: 6.142857142857142

n: 26.142857142857142

Residual: 0.2936062401201413


epsilon: 3.5

m: 6.142857142857142

n: 30.857142857142858

Residual: 0.33455156284702814


epsilon: 3.5

m: 6.142857142857142

n: 35.57142857142857

Residual: 0.3626365554293554


epsilon: 3.5

m: 6.142857142857142

n: 40.285714285714285

Residual: 0.3837404345981199


epsilon: 3.5

m: 6.142857142857142

n: 45.0

Residual: 0.40300457540716916


epsilon: 3.5

m: 6.428571428571429

n: 12.0

Residual: 0.15873621901073706


epsilon: 3.5

m: 6.428571428571429

n: 16.714285714285715

Residual: 0.24760414956108392


epsilon: 3.5

m: 6.428571428571429

n: 21.42857142857143

Residual: 0.338137788412483


epsilon: 3.5

m: 6.428571428571429

n: 26.142857142857142

Residual: 0.3947757312018046


epsilon: 3.5

m: 6.428571428571429

n: 30.857142857142858

Residual: 0.4328782324287156


epsilon: 3.5

m: 6.428571428571429

n: 35.57142857142857

Residual: 0.4624609533379594


epsilon: 3.5

m: 6.428571428571429

n: 40.285714285714285

Residual: 0.4798666054563006


epsilon: 3.5

m: 6.428571428571429

n: 45.0

Residual: 0.49712233764029895


epsilon: 3.5

m: 6.714285714285714

n: 12.0

Residual: 0.188175812583982


epsilon: 3.5

m: 6.714285714285714

n: 16.714285714285715

Residual: 0.33499717587517197


epsilon: 3.5

m: 6.714285714285714

n: 21.42857142857143

Residual: 0.4221781987899362


epsilon: 3.5

m: 6.714285714285714

n: 26.142857142857142

Residual: 0.4754392774588191


epsilon: 3.5

m: 6.714285714285714

n: 30.857142857142858

Residual: 0.512495436666988


epsilon: 3.5

m: 6.714285714285714

n: 35.57142857142857

Residual: 0.5387503543001253


epsilon: 3.5

m: 6.714285714285714

n: 40.285714285714285

Residual: 0.5562439321689792


epsilon: 3.5

m: 6.714285714285714

n: 45.0

Residual: 0.574190362587289


epsilon: 3.5

m: 7.0

n: 12.0

Residual: 0.24225539554703432


epsilon: 3.5

m: 7.0

n: 16.714285714285715

Residual: 0.41251016887659875


epsilon: 3.5

m: 7.0

n: 21.42857142857143

Residual: 0.4966722807714882


epsilon: 3.5

m: 7.0

n: 26.142857142857142

Residual: 0.5456897214258839


epsilon: 3.5

m: 7.0

n: 30.857142857142858

Residual: 0.5785319234621297


epsilon: 3.5

m: 7.0

n: 35.57142857142857

Residual: 0.6026962072854049


epsilon: 3.5

m: 7.0

n: 40.285714285714285

Residual: 0.6222166422258546


epsilon: 3.5

m: 7.0

n: 45.0

Residual: 0.6358392155943455


epsilon: 4.0

m: 5.0

n: 12.0

Residual: 0.5599328434842966


epsilon: 4.0

m: 5.0

n: 16.714285714285715

Residual: 0.4542816281373817


epsilon: 4.0

m: 5.0

n: 21.42857142857143

Residual: 0.38962510427523067


epsilon: 4.0

m: 5.0

n: 26.142857142857142

Residual: 0.3443827663728581


epsilon: 4.0

m: 5.0

n: 30.857142857142858

Residual: 0.3110979589689042


epsilon: 4.0

m: 5.0

n: 35.57142857142857

Residual: 0.28504317526389106


epsilon: 4.0

m: 5.0

n: 40.285714285714285

Residual: 0.26503810514043313


epsilon: 4.0

m: 5.0

n: 45.0

Residual: 0.24857782475942655


epsilon: 4.0

m: 5.285714285714286

n: 12.0

Residual: 0.4410623231205063


epsilon: 4.0

m: 5.285714285714286

n: 16.714285714285715

Residual: 0.31294823576772623


epsilon: 4.0

m: 5.285714285714286

n: 21.42857142857143

Residual: 0.23628400044060652


epsilon: 4.0

m: 5.285714285714286

n: 26.142857142857142

Residual: 0.1837467775793828


epsilon: 4.0

m: 5.285714285714286

n: 30.857142857142858

Residual: 0.14574150039351202


epsilon: 4.0

m: 5.285714285714286

n: 35.57142857142857

Residual: 0.11747632696543937


epsilon: 4.0

m: 5.285714285714286

n: 40.285714285714285

Residual: 0.09324278392553974


epsilon: 4.0

m: 5.285714285714286

n: 45.0

Residual: 0.07571033292655908


epsilon: 4.0

m: 5.571428571428571

n: 12.0

Residual: 0.31972375234225375


epsilon: 4.0

m: 5.571428571428571

n: 16.714285714285715

Residual: 0.17951002319341333


epsilon: 4.0

m: 5.571428571428571

n: 21.42857142857143

Residual: 0.11308947589271132


epsilon: 4.0

m: 5.571428571428571

n: 26.142857142857142

Residual: 0.07962808700150953


epsilon: 4.0

m: 5.571428571428571

n: 30.857142857142858

Residual: 0.06355884206931482


epsilon: 4.0

m: 5.571428571428571

n: 35.57142857142857

Residual: 0.0586404825633695


epsilon: 4.0

m: 5.571428571428571

n: 40.285714285714285

Residual: 0.06555894994467165


epsilon: 4.0

m: 5.571428571428571

n: 45.0

Residual: 0.08542672798134872


epsilon: 4.0

m: 5.857142857142857

n: 12.0

Residual: 0.22533931672929472


epsilon: 4.0

m: 5.857142857142857

n: 16.714285714285715

Residual: 0.1249507446113431


epsilon: 4.0

m: 5.857142857142857

n: 21.42857142857143

Residual: 0.10022901375981162


epsilon: 4.0

m: 5.857142857142857

n: 26.142857142857142

Residual: 0.11144764888161673


epsilon: 4.0

m: 5.857142857142857

n: 30.857142857142858

Residual: 0.1511973744103134


epsilon: 4.0

m: 5.857142857142857

n: 35.57142857142857

Residual: 0.18250441111601082


epsilon: 4.0

m: 5.857142857142857

n: 40.285714285714285

Residual: 0.2062869388762895


epsilon: 4.0

m: 5.857142857142857

n: 45.0

Residual: 0.2260771706490462


epsilon: 4.0

m: 6.142857142857142

n: 12.0

Residual: 0.18327271173879553


epsilon: 4.0

m: 6.142857142857142

n: 16.714285714285715

Residual: 0.13577855736953215


epsilon: 4.0

m: 6.142857142857142

n: 21.42857142857143

Residual: 0.17166649405962056


epsilon: 4.0

m: 6.142857142857142

n: 26.142857142857142

Residual: 0.23029313792517678


epsilon: 4.0

m: 6.142857142857142

n: 30.857142857142858

Residual: 0.2732742902131603


epsilon: 4.0

m: 6.142857142857142

n: 35.57142857142857

Residual: 0.30182313276781314


epsilon: 4.0

m: 6.142857142857142

n: 40.285714285714285

Residual: 0.3242505389538487


epsilon: 4.0

m: 6.142857142857142

n: 45.0

Residual: 0.34413781706267743


epsilon: 4.0

m: 6.428571428571429

n: 12.0

Residual: 0.17433057238471752


epsilon: 4.0

m: 6.428571428571429

n: 16.714285714285715

Residual: 0.18615572676360903


epsilon: 4.0

m: 6.428571428571429

n: 21.42857142857143

Residual: 0.276876646559582


epsilon: 4.0

m: 6.428571428571429

n: 26.142857142857142

Residual: 0.33643354685035526


epsilon: 4.0

m: 6.428571428571429

n: 30.857142857142858

Residual: 0.37635718076788827


epsilon: 4.0

m: 6.428571428571429

n: 35.57142857142857

Residual: 0.40417968603861854


epsilon: 4.0

m: 6.428571428571429

n: 40.285714285714285

Residual: 0.42680117518076627


epsilon: 4.0

m: 6.428571428571429

n: 45.0

Residual: 0.44193316140270483


epsilon: 4.0

m: 6.714285714285714

n: 12.0

Residual: 0.18670915795263796


epsilon: 4.0

m: 6.714285714285714

n: 16.714285714285715

Residual: 0.2751715652843816


epsilon: 4.0

m: 6.714285714285714

n: 21.42857142857143

Residual: 0.3679165303414816


epsilon: 4.0

m: 6.714285714285714

n: 26.142857142857142

Residual: 0.42050010463614745


epsilon: 4.0

m: 6.714285714285714

n: 30.857142857142858

Residual: 0.4638622882679903


epsilon: 4.0

m: 6.714285714285714

n: 35.57142857142857

Residual: 0.48818555318018747


epsilon: 4.0

m: 6.714285714285714

n: 40.285714285714285

Residual: 0.5122493100878801


epsilon: 4.0

m: 6.714285714285714

n: 45.0

Residual: 0.5231198055340763


epsilon: 4.0

m: 7.0

n: 12.0

Residual: 0.2151210056293295


epsilon: 4.0

m: 7.0

n: 16.714285714285715

Residual: 0.35640687238867097


epsilon: 4.0

m: 7.0

n: 21.42857142857143

Residual: 0.4447268600428982


epsilon: 4.0

m: 7.0

n: 26.142857142857142

Residual: 0.49914608849499664


epsilon: 4.0

m: 7.0

n: 30.857142857142858

Residual: 0.5377623778617303


epsilon: 4.0

m: 7.0

n: 35.57142857142857

Residual: 0.5585428234673678


epsilon: 4.0

m: 7.0

n: 40.285714285714285

Residual: 0.5779614247988342


epsilon: 4.0

m: 7.0

n: 45.0

Residual: 0.5934461813510489


