epsilon: 0.5

m: 5.0

n: 12.0

Residual: 0.4173600888738111


epsilon: 0.5

m: 5.0

n: 12.0

Residual: 0.4173535626025228


epsilon: 0.5

m: 5.0

n: 16.714285714285715

Residual: 0.5269607707673565


epsilon: 0.5

m: 5.0

n: 21.42857142857143

Residual: 0.5823106731431531


epsilon: 0.5

m: 5.0

n: 26.142857142857142

Residual: 0.6157530774457414


epsilon: 0.5

m: 5.0

n: 30.857142857142858

Residual: 0.6383254407252453


epsilon: 0.5

m: 5.0

n: 35.57142857142857

Residual: 0.6546951303132117


epsilon: 0.5

m: 5.0

n: 40.285714285714285

Residual: 0.6666818040787214


epsilon: 0.5

m: 5.0

n: 45.0

Residual: 0.6764724584654807


epsilon: 0.5

m: 5.285714285714286

n: 12.0

Residual: 0.5365626958750767


epsilon: 0.5

m: 5.285714285714286

n: 16.714285714285715

Residual: 0.6348443080917586


epsilon: 0.5

m: 5.285714285714286

n: 21.42857142857143

Residual: 0.6821186905127192


epsilon: 0.5

m: 5.285714285714286

n: 26.142857142857142

Residual: 0.7101516555198567


epsilon: 0.5

m: 5.285714285714286

n: 30.857142857142858

Residual: 0.7287042977034442


epsilon: 0.5

m: 5.285714285714286

n: 35.57142857142857

Residual: 0.742170071473591


epsilon: 0.5

m: 5.285714285714286

n: 40.285714285714285

Residual: 0.7526185734149109


epsilon: 0.5

m: 5.285714285714286

n: 45.0

Residual: 0.7604116134960333


epsilon: 0.5

m: 5.571428571428571

n: 12.0

Residual: 0.6280684523183462


epsilon: 0.5

m: 5.571428571428571

n: 16.714285714285715

Residual: 0.7141897570233333


epsilon: 0.5

m: 5.571428571428571

n: 21.42857142857143

Residual: 0.7546723299264416


epsilon: 0.5

m: 5.571428571428571

n: 26.142857142857142

Residual: 0.7783724087396802


epsilon: 0.5

m: 5.571428571428571

n: 30.857142857142858

Residual: 0.793450583363212


epsilon: 0.5

m: 5.571428571428571

n: 35.57142857142857

Residual: 0.8043847816764003


epsilon: 0.5

m: 5.571428571428571

n: 40.285714285714285

Residual: 0.8129383480454769


epsilon: 0.5

m: 5.571428571428571

n: 45.0

Residual: 0.8189023527944521


epsilon: 0.5

m: 5.857142857142857

n: 12.0

Residual: 0.6981896428652528


epsilon: 0.5

m: 5.857142857142857

n: 16.714285714285715

Residual: 0.7734429318243827


epsilon: 0.5

m: 5.857142857142857

n: 21.42857142857143

Residual: 0.8070403313176568


epsilon: 0.5

m: 5.857142857142857

n: 26.142857142857142

Residual: 0.8268075313621307


epsilon: 0.5

m: 5.857142857142857

n: 30.857142857142858

Residual: 0.8396522077920583


epsilon: 0.5

m: 5.857142857142857

n: 35.57142857142857

Residual: 0.8488433566482154


epsilon: 0.5

m: 5.857142857142857

n: 40.285714285714285

Residual: 0.8556638930924733


epsilon: 0.5

m: 5.857142857142857

n: 45.0

Residual: 0.8608177298074126


epsilon: 0.5

m: 6.142857142857142

n: 12.0

Residual: 0.7498982779342396


epsilon: 0.5

m: 6.142857142857142

n: 16.714285714285715

Residual: 0.8165613817727722


epsilon: 0.5

m: 6.142857142857142

n: 21.42857142857143

Residual: 0.8462417202113469


epsilon: 0.5

m: 6.142857142857142

n: 26.142857142857142

Residual: 0.8625720403444584


epsilon: 0.5

m: 6.142857142857142

n: 30.857142857142858

Residual: 0.8733590883945201


epsilon: 0.5

m: 6.142857142857142

n: 35.57142857142857

Residual: 0.8811547182736131


epsilon: 0.5

m: 6.142857142857142

n: 40.285714285714285

Residual: 0.8870439464213444


epsilon: 0.5

m: 6.142857142857142

n: 45.0

Residual: 0.8909143408601922


epsilon: 0.5

m: 6.428571428571429

n: 12.0

Residual: 0.7906046403034599


epsilon: 0.5

m: 6.428571428571429

n: 16.714285714285715

Residual: 0.8496919379443499


epsilon: 0.5

m: 6.428571428571429

n: 21.42857142857143

Residual: 0.8747271830376424


epsilon: 0.5

m: 6.428571428571429

n: 26.142857142857142

Residual: 0.8886515886409921


epsilon: 0.5

m: 6.428571428571429

n: 30.857142857142858

Residual: 0.8982901275086187


epsilon: 0.5

m: 6.428571428571429

n: 35.57142857142857

Residual: 0.9045860042986658


epsilon: 0.5

m: 6.428571428571429

n: 40.285714285714285

Residual: 0.9092743411338639


epsilon: 0.5

m: 6.428571428571429

n: 45.0

Residual: 0.9133667614366042


epsilon: 0.5

m: 6.714285714285714

n: 12.0

Residual: 0.8225316403675407


epsilon: 0.5

m: 6.714285714285714

n: 16.714285714285715

Residual: 0.873886132071237


epsilon: 0.5

m: 6.714285714285714

n: 21.42857142857143

Residual: 0.8963007513403907


epsilon: 0.5

m: 6.714285714285714

n: 26.142857142857142

Residual: 0.9090910763930626


epsilon: 0.5

m: 6.714285714285714

n: 30.857142857142858

Residual: 0.9166577764036004


epsilon: 0.5

m: 6.714285714285714

n: 35.57142857142857

Residual: 0.9221006167743624


epsilon: 0.5

m: 6.714285714285714

n: 40.285714285714285

Residual: 0.9258771378311191


epsilon: 0.5

m: 6.714285714285714

n: 45.0

Residual: 0.9292095862718344


epsilon: 0.5

m: 7.0

n: 12.0

Residual: 0.847250365948251


epsilon: 0.5

m: 7.0

n: 16.714285714285715

Residual: 0.8937408130246262


epsilon: 0.5

m: 7.0

n: 21.42857142857143

Residual: 0.9135669978364875


epsilon: 0.5

m: 7.0

n: 26.142857142857142

Residual: 0.923972216450702


epsilon: 0.5

m: 7.0

n: 30.857142857142858

Residual: 0.9306940710798839


epsilon: 0.5

m: 7.0

n: 35.57142857142857

Residual: 0.9350377588556725


epsilon: 0.5

m: 7.0

n: 40.285714285714285

Residual: 0.9389538509168623


epsilon: 0.5

m: 7.0

n: 45.0

Residual: 0.9414654400493504


epsilon: 1.0

m: 5.0

n: 12.0

Residual: 0.11104987203482215


epsilon: 1.0

m: 5.0

n: 16.714285714285715

Residual: 0.2353968870228212


epsilon: 1.0

m: 5.0

n: 21.42857142857143

Residual: 0.30879996248531233


epsilon: 1.0

m: 5.0

n: 26.142857142857142

Residual: 0.35534779084137624


epsilon: 1.0

m: 5.0

n: 30.857142857142858

Residual: 0.3872781897587345


epsilon: 1.0

m: 5.0

n: 35.57142857142857

Residual: 0.410882881290655


epsilon: 1.0

m: 5.0

n: 40.285714285714285

Residual: 0.42921204899677406


epsilon: 1.0

m: 5.0

n: 45.0

Residual: 0.44341841103745055


epsilon: 1.0

m: 5.285714285714286

n: 12.0

Residual: 0.24714616630515737


epsilon: 1.0

m: 5.285714285714286

n: 16.714285714285715

Residual: 0.38189959698404


epsilon: 1.0

m: 5.285714285714286

n: 21.42857142857143

Residual: 0.4511629343866986


epsilon: 1.0

m: 5.285714285714286

n: 26.142857142857142

Residual: 0.4938559046759511


epsilon: 1.0

m: 5.285714285714286

n: 30.857142857142858

Residual: 0.5232361143466456


epsilon: 1.0

m: 5.285714285714286

n: 35.57142857142857

Residual: 0.5431614984369714


epsilon: 1.0

m: 5.285714285714286

n: 40.285714285714285

Residual: 0.5593692707464784


epsilon: 1.0

m: 5.285714285714286

n: 45.0

Residual: 0.5719458982027891


epsilon: 1.0

m: 5.571428571428571

n: 12.0

Residual: 0.37284839231386163


epsilon: 1.0

m: 5.571428571428571

n: 16.714285714285715

Residual: 0.499798660259225


epsilon: 1.0

m: 5.571428571428571

n: 21.42857142857143

Residual: 0.5632004205307791


epsilon: 1.0

m: 5.571428571428571

n: 26.142857142857142

Residual: 0.5998224700519664


epsilon: 1.0

m: 5.571428571428571

n: 30.857142857142858

Residual: 0.6263188311128806


epsilon: 1.0

m: 5.571428571428571

n: 35.57142857142857

Residual: 0.6437589434860793


epsilon: 1.0

m: 5.571428571428571

n: 40.285714285714285

Residual: 0.6571009895732912


epsilon: 1.0

m: 5.571428571428571

n: 45.0

Residual: 0.668621578149442


epsilon: 1.0

m: 5.857142857142857

n: 12.0

Residual: 0.47457157978635717


epsilon: 1.0

m: 5.857142857142857

n: 16.714285714285715

Residual: 0.5917646803235777


epsilon: 1.0

m: 5.857142857142857

n: 21.42857142857143

Residual: 0.6480540758998135


epsilon: 1.0

m: 5.857142857142857

n: 26.142857142857142

Residual: 0.6813579098056614


epsilon: 1.0

m: 5.857142857142857

n: 30.857142857142858

Residual: 0.7032216816740454


epsilon: 1.0

m: 5.857142857142857

n: 35.57142857142857

Residual: 0.7181343786585258


epsilon: 1.0

m: 5.857142857142857

n: 40.285714285714285

Residual: 0.7304365357221383


epsilon: 1.0

m: 5.857142857142857

n: 45.0

Residual: 0.7404074497209643


epsilon: 1.0

m: 6.142857142857142

n: 12.0

Residual: 0.5561179231093446


epsilon: 1.0

m: 6.142857142857142

n: 16.714285714285715

Residual: 0.6641589491669292


epsilon: 1.0

m: 6.142857142857142

n: 21.42857142857143

Residual: 0.7142430447692351


epsilon: 1.0

m: 6.142857142857142

n: 26.142857142857142

Residual: 0.7427819585564874


epsilon: 1.0

m: 6.142857142857142

n: 30.857142857142858

Residual: 0.7611288048652115


epsilon: 1.0

m: 6.142857142857142

n: 35.57142857142857

Residual: 0.7755737702428929


epsilon: 1.0

m: 6.142857142857142

n: 40.285714285714285

Residual: 0.7853771117589782


epsilon: 1.0

m: 6.142857142857142

n: 45.0

Residual: 0.7936006040810502


epsilon: 1.0

m: 6.428571428571429

n: 12.0

Residual: 0.6219809447210481


epsilon: 1.0

m: 6.428571428571429

n: 16.714285714285715

Residual: 0.7205273400239698


epsilon: 1.0

m: 6.428571428571429

n: 21.42857142857143

Residual: 0.7637523569292197


epsilon: 1.0

m: 6.428571428571429

n: 26.142857142857142

Residual: 0.7892381366081863


epsilon: 1.0

m: 6.428571428571429

n: 30.857142857142858

Residual: 0.8048598730610894


epsilon: 1.0

m: 6.428571428571429

n: 35.57142857142857

Residual: 0.8183927170447047


epsilon: 1.0

m: 6.428571428571429

n: 40.285714285714285

Residual: 0.8265172545366899


epsilon: 1.0

m: 6.428571428571429

n: 45.0

Residual: 0.8334023133380345


epsilon: 1.0

m: 6.714285714285714

n: 12.0

Residual: 0.6740513263182749


epsilon: 1.0

m: 6.714285714285714

n: 16.714285714285715

Residual: 0.7638698351195021


epsilon: 1.0

m: 6.714285714285714

n: 21.42857142857143

Residual: 0.8036746828524268


epsilon: 1.0

m: 6.714285714285714

n: 26.142857142857142

Residual: 0.8245416586386932


epsilon: 1.0

m: 6.714285714285714

n: 30.857142857142858

Residual: 0.8381695555242894


epsilon: 1.0

m: 6.714285714285714

n: 35.57142857142857

Residual: 0.8501837175163622


epsilon: 1.0

m: 6.714285714285714

n: 40.285714285714285

Residual: 0.8577615392136141


epsilon: 1.0

m: 6.714285714285714

n: 45.0

Residual: 0.8634853367344543


epsilon: 1.0

m: 7.0

n: 12.0

Residual: 0.7157863076810405


epsilon: 1.0

m: 7.0

n: 16.714285714285715

Residual: 0.7991184888062776


epsilon: 1.0

m: 7.0

n: 21.42857142857143

Residual: 0.8336562475716354


epsilon: 1.0

m: 7.0

n: 26.142857142857142

Residual: 0.8539436310655176


epsilon: 1.0

m: 7.0

n: 30.857142857142858

Residual: 0.8647708640534117


epsilon: 1.0

m: 7.0

n: 35.57142857142857

Residual: 0.8757064328819789


epsilon: 1.0

m: 7.0

n: 40.285714285714285

Residual: 0.8829245935322203


epsilon: 1.0

m: 7.0

n: 45.0

Residual: 0.8865318245802248


epsilon: 1.5

m: 5.0

n: 12.0

Residual: 0.13008355433476312


epsilon: 1.5

m: 5.0

n: 16.714285714285715

Residual: 0.08632690516429273


epsilon: 1.5

m: 5.0

n: 21.42857142857143

Residual: 0.12141557287020148


epsilon: 1.5

m: 5.0

n: 26.142857142857142

Residual: 0.16755555277999917


epsilon: 1.5

m: 5.0

n: 30.857142857142858

Residual: 0.20309092626075212


epsilon: 1.5

m: 5.0

n: 35.57142857142857

Residual: 0.2294267255481204


epsilon: 1.5

m: 5.0

n: 40.285714285714285

Residual: 0.2500359747164836


epsilon: 1.5

m: 5.0

n: 45.0

Residual: 0.26737935794439777


epsilon: 1.5

m: 5.285714285714286

n: 12.0

Residual: 0.051225490117383914


epsilon: 1.5

m: 5.285714285714286

n: 16.714285714285715

Residual: 0.1971010718487042


epsilon: 1.5

m: 5.285714285714286

n: 21.42857142857143

Residual: 0.2760172470513057


epsilon: 1.5

m: 5.285714285714286

n: 26.142857142857142

Residual: 0.325086381579486


epsilon: 1.5

m: 5.285714285714286

n: 30.857142857142858

Residual: 0.3600518186375046


epsilon: 1.5

m: 5.285714285714286

n: 35.57142857142857

Residual: 0.3853400310819122


epsilon: 1.5

m: 5.285714285714286

n: 40.285714285714285

Residual: 0.4034940421102938


epsilon: 1.5

m: 5.285714285714286

n: 45.0

Residual: 0.41989048294151843


epsilon: 1.5

m: 5.571428571428571

n: 12.0

Residual: 0.18664162853446278


epsilon: 1.5

m: 5.571428571428571

n: 16.714285714285715

Residual: 0.3325337528236938


epsilon: 1.5

m: 5.571428571428571

n: 21.42857142857143

Residual: 0.4083860032100493


epsilon: 1.5

m: 5.571428571428571

n: 26.142857142857142

Residual: 0.4549186971382892


epsilon: 1.5

m: 5.571428571428571

n: 30.857142857142858

Residual: 0.4867732432694286


epsilon: 1.5

m: 5.571428571428571

n: 35.57142857142857

Residual: 0.5098830439127069


epsilon: 1.5

m: 5.571428571428571

n: 40.285714285714285

Residual: 0.5266110012453464


epsilon: 1.5

m: 5.571428571428571

n: 45.0

Residual: 0.5404249626447273


epsilon: 1.5

m: 5.857142857142857

n: 12.0

Residual: 0.3032143811922124


epsilon: 1.5

m: 5.857142857142857

n: 16.714285714285715

Residual: 0.44405454097138325


epsilon: 1.5

m: 5.857142857142857

n: 21.42857142857143

Residual: 0.5143993510825721


epsilon: 1.5

m: 5.857142857142857

n: 26.142857142857142

Residual: 0.5563661321403685


epsilon: 1.5

m: 5.857142857142857

n: 30.857142857142858

Residual: 0.5864726036419672


epsilon: 1.5

m: 5.857142857142857

n: 35.57142857142857

Residual: 0.6067694024280527


epsilon: 1.5

m: 5.857142857142857

n: 40.285714285714285

Residual: 0.6207883787769362


epsilon: 1.5

m: 5.857142857142857

n: 45.0

Residual: 0.6344681950774637


epsilon: 1.5

m: 6.142857142857142

n: 12.0

Residual: 0.4004608253867915


epsilon: 1.5

m: 6.142857142857142

n: 16.714285714285715

Residual: 0.5353233499100966


epsilon: 1.5

m: 6.142857142857142

n: 21.42857142857143

Residual: 0.599449796711893


epsilon: 1.5

m: 6.142857142857142

n: 26.142857142857142

Residual: 0.636124576795682


epsilon: 1.5

m: 6.142857142857142

n: 30.857142857142858

Residual: 0.6636919562295028


epsilon: 1.5

m: 6.142857142857142

n: 35.57142857142857

Residual: 0.6805112946079769


epsilon: 1.5

m: 6.142857142857142

n: 40.285714285714285

Residual: 0.6943792822598216


epsilon: 1.5

m: 6.142857142857142

n: 45.0

Residual: 0.705230880781905


epsilon: 1.5

m: 6.428571428571429

n: 12.0

Residual: 0.482098740902677


epsilon: 1.5

m: 6.428571428571429

n: 16.714285714285715

Residual: 0.6071822095201073


epsilon: 1.5

m: 6.428571428571429

n: 21.42857142857143

Residual: 0.6664455324158843


epsilon: 1.5

m: 6.428571428571429

n: 26.142857142857142

Residual: 0.7008030277429453


epsilon: 1.5

m: 6.428571428571429

n: 30.857142857142858

Residual: 0.7234354415860218


epsilon: 1.5

m: 6.428571428571429

n: 35.57142857142857

Residual: 0.7377550975280693


epsilon: 1.5

m: 6.428571428571429

n: 40.285714285714285

Residual: 0.7507003332691433


epsilon: 1.5

m: 6.428571428571429

n: 45.0

Residual: 0.7598233084993192


epsilon: 1.5

m: 6.714285714285714

n: 12.0

Residual: 0.547516115691686


epsilon: 1.5

m: 6.714285714285714

n: 16.714285714285715

Residual: 0.6651677439096111


epsilon: 1.5

m: 6.714285714285714

n: 21.42857142857143

Residual: 0.7198554299183716


epsilon: 1.5

m: 6.714285714285714

n: 26.142857142857142

Residual: 0.7499884985528126


epsilon: 1.5

m: 6.714285714285714

n: 30.857142857142858

Residual: 0.7699733460374771


epsilon: 1.5

m: 6.714285714285714

n: 35.57142857142857

Residual: 0.7829742433229648


epsilon: 1.5

m: 6.714285714285714

n: 40.285714285714285

Residual: 0.793456146706426


epsilon: 1.5

m: 6.714285714285714

n: 45.0

Residual: 0.8013996015476053


epsilon: 1.5

m: 7.0

n: 12.0

Residual: 0.6021285328580834


epsilon: 1.5

m: 7.0

n: 16.714285714285715

Residual: 0.7117738868572496


epsilon: 1.5

m: 7.0

n: 21.42857142857143

Residual: 0.7601207639181607


epsilon: 1.5

m: 7.0

n: 26.142857142857142

Residual: 0.7866387177224735


epsilon: 1.5

m: 7.0

n: 30.857142857142858

Residual: 0.8041817032973878


epsilon: 1.5

m: 7.0

n: 35.57142857142857

Residual: 0.8178405875004958


epsilon: 1.5

m: 7.0

n: 40.285714285714285

Residual: 0.8277064338490565


epsilon: 1.5

m: 7.0

n: 45.0

Residual: 0.835440257498494


epsilon: 2.0

m: 5.0

n: 12.0

Residual: 0.24354561927872118


epsilon: 2.0

m: 5.0

n: 16.714285714285715

Residual: 0.1268675276847046


epsilon: 2.0

m: 5.0

n: 21.42857142857143

Residual: 0.08888506077605908


epsilon: 2.0

m: 5.0

n: 26.142857142857142

Residual: 0.08324891185117171


epsilon: 2.0

m: 5.0

n: 30.857142857142858

Residual: 0.09105640319241029


epsilon: 2.0

m: 5.0

n: 35.57142857142857

Residual: 0.10323480232875053


epsilon: 2.0

m: 5.0

n: 40.285714285714285

Residual: 0.11830885442071769


epsilon: 2.0

m: 5.0

n: 45.0

Residual: 0.13195795246366823


epsilon: 2.0

m: 5.285714285714286

n: 12.0

Residual: 0.1037044362976585


epsilon: 2.0

m: 5.285714285714286

n: 16.714285714285715

Residual: 0.05550942968778367


epsilon: 2.0

m: 5.285714285714286

n: 21.42857142857143

Residual: 0.13860995414450836


epsilon: 2.0

m: 5.285714285714286

n: 26.142857142857142

Residual: 0.19231065815489487


epsilon: 2.0

m: 5.285714285714286

n: 30.857142857142858

Residual: 0.22910301756617316


epsilon: 2.0

m: 5.285714285714286

n: 35.57142857142857

Residual: 0.2566119732076559


epsilon: 2.0

m: 5.285714285714286

n: 40.285714285714285

Residual: 0.27767955664370847


epsilon: 2.0

m: 5.285714285714286

n: 45.0

Residual: 0.29472295658823144


epsilon: 2.0

m: 5.571428571428571

n: 12.0

Residual: 0.047825356715826314


epsilon: 2.0

m: 5.571428571428571

n: 16.714285714285715

Residual: 0.20011566350636842


epsilon: 2.0

m: 5.571428571428571

n: 21.42857142857143

Residual: 0.2824137074586621


epsilon: 2.0

m: 5.571428571428571

n: 26.142857142857142

Residual: 0.33483301617733563


epsilon: 2.0

m: 5.571428571428571

n: 30.857142857142858

Residual: 0.36828436814560966


epsilon: 2.0

m: 5.571428571428571

n: 35.57142857142857

Residual: 0.3953808368127752


epsilon: 2.0

m: 5.571428571428571

n: 40.285714285714285

Residual: 0.4153147409654029


epsilon: 2.0

m: 5.571428571428571

n: 45.0

Residual: 0.4306290850697354


epsilon: 2.0

m: 5.857142857142857

n: 12.0

Residual: 0.1681554171762183


epsilon: 2.0

m: 5.857142857142857

n: 16.714285714285715

Residual: 0.3221488380115521


epsilon: 2.0

m: 5.857142857142857

n: 21.42857142857143

Residual: 0.40147466731959003


epsilon: 2.0

m: 5.857142857142857

n: 26.142857142857142

Residual: 0.45096947011551325


epsilon: 2.0

m: 5.857142857142857

n: 30.857142857142858

Residual: 0.4834871032556193


epsilon: 2.0

m: 5.857142857142857

n: 35.57142857142857

Residual: 0.5064692513340977


epsilon: 2.0

m: 5.857142857142857

n: 40.285714285714285

Residual: 0.5254363151919181


epsilon: 2.0

m: 5.857142857142857

n: 45.0

Residual: 0.5398171905134304


epsilon: 2.0

m: 6.142857142857142

n: 12.0

Residual: 0.27382709372372466


epsilon: 2.0

m: 6.142857142857142

n: 16.714285714285715

Residual: 0.4237165323541181


epsilon: 2.0

m: 6.142857142857142

n: 21.42857142857143

Residual: 0.4998185241785748


epsilon: 2.0

m: 6.142857142857142

n: 26.142857142857142

Residual: 0.5434454187922428


epsilon: 2.0

m: 6.142857142857142

n: 30.857142857142858

Residual: 0.5748807162267481


epsilon: 2.0

m: 6.142857142857142

n: 35.57142857142857

Residual: 0.5966458678031173


epsilon: 2.0

m: 6.142857142857142

n: 40.285714285714285

Residual: 0.6120007401152766


epsilon: 2.0

m: 6.142857142857142

n: 45.0

Residual: 0.6240069631813183


epsilon: 2.0

m: 6.428571428571429

n: 12.0

Residual: 0.36294999293959146


epsilon: 2.0

m: 6.428571428571429

n: 16.714285714285715

Residual: 0.5071365215074631


epsilon: 2.0

m: 6.428571428571429

n: 21.42857142857143

Residual: 0.57808890197165


epsilon: 2.0

m: 6.428571428571429

n: 26.142857142857142

Residual: 0.6189981007553649


epsilon: 2.0

m: 6.428571428571429

n: 30.857142857142858

Residual: 0.6474002198093048


epsilon: 2.0

m: 6.428571428571429

n: 35.57142857142857

Residual: 0.666326995446596


epsilon: 2.0

m: 6.428571428571429

n: 40.285714285714285

Residual: 0.6810249207279438


epsilon: 2.0

m: 6.428571428571429

n: 45.0

Residual: 0.6911382993256172


epsilon: 2.0

m: 6.714285714285714

n: 12.0

Residual: 0.4385529793838743


epsilon: 2.0

m: 6.714285714285714

n: 16.714285714285715

Residual: 0.5780658957390682


epsilon: 2.0

m: 6.714285714285714

n: 21.42857142857143

Residual: 0.6406193659929857


epsilon: 2.0

m: 6.714285714285714

n: 26.142857142857142

Residual: 0.6789529388150477


epsilon: 2.0

m: 6.714285714285714

n: 30.857142857142858

Residual: 0.7039233100605001


epsilon: 2.0

m: 6.714285714285714

n: 35.57142857142857

Residual: 0.7210753044016086


epsilon: 2.0

m: 6.714285714285714

n: 40.285714285714285

Residual: 0.7360224917457372


epsilon: 2.0

m: 6.714285714285714

n: 45.0

Residual: 0.7442232697528339


epsilon: 2.0

m: 7.0

n: 12.0

Residual: 0.5031683601601743


epsilon: 2.0

m: 7.0

n: 16.714285714285715

Residual: 0.6320199146651443


epsilon: 2.0

m: 7.0

n: 21.42857142857143

Residual: 0.6934720399870646


epsilon: 2.0

m: 7.0

n: 26.142857142857142

Residual: 0.7265267218042141


epsilon: 2.0

m: 7.0

n: 30.857142857142858

Residual: 0.7497791547378293


epsilon: 2.0

m: 7.0

n: 35.57142857142857

Residual: 0.7623826985634894


epsilon: 2.0

m: 7.0

n: 40.285714285714285

Residual: 0.7771963203111736


epsilon: 2.0

m: 7.0

n: 45.0

Residual: 0.7848784285841951


epsilon: 2.5

m: 5.0

n: 12.0

Residual: 0.3454733398557651


epsilon: 2.5

m: 5.0

n: 16.714285714285715

Residual: 0.2147581446436036


epsilon: 2.5

m: 5.0

n: 21.42857142857143

Residual: 0.14804973430810048


epsilon: 2.5

m: 5.0

n: 26.142857142857142

Residual: 0.11234616389338344


epsilon: 2.5

m: 5.0

n: 30.857142857142858

Residual: 0.09478521763722171


epsilon: 2.5

m: 5.0

n: 35.57142857142857

Residual: 0.08617625840984815


epsilon: 2.5

m: 5.0

n: 40.285714285714285

Residual: 0.08255683670680243


epsilon: 2.5

m: 5.0

n: 45.0

Residual: 0.08206749015552242


epsilon: 2.5

m: 5.285714285714286

n: 12.0

Residual: 0.20206633358201917


epsilon: 2.5

m: 5.285714285714286

n: 16.714285714285715

Residual: 0.07133900423106561


epsilon: 2.5

m: 5.285714285714286

n: 21.42857142857143

Residual: 0.037501246615997734


epsilon: 2.5

m: 5.285714285714286

n: 26.142857142857142

Residual: 0.08204738039554604


epsilon: 2.5

m: 5.285714285714286

n: 30.857142857142858

Residual: 0.12123052642062844


epsilon: 2.5

m: 5.285714285714286

n: 35.57142857142857

Residual: 0.1491733776479752


epsilon: 2.5

m: 5.285714285714286

n: 40.285714285714285

Residual: 0.17249824043054415


epsilon: 2.5

m: 5.285714285714286

n: 45.0

Residual: 0.18901143083096805


epsilon: 2.5

m: 5.571428571428571

n: 12.0

Residual: 0.0758128489011368


epsilon: 2.5

m: 5.571428571428571

n: 16.714285714285715

Residual: 0.09058578750112875


epsilon: 2.5

m: 5.571428571428571

n: 21.42857142857143

Residual: 0.1755352592702698


epsilon: 2.5

m: 5.571428571428571

n: 26.142857142857142

Residual: 0.2312990635314793


epsilon: 2.5

m: 5.571428571428571

n: 30.857142857142858

Residual: 0.2696772855859259


epsilon: 2.5

m: 5.571428571428571

n: 35.57142857142857

Residual: 0.29728454615192945


epsilon: 2.5

m: 5.571428571428571

n: 40.285714285714285

Residual: 0.3192879666272199


epsilon: 2.5

m: 5.571428571428571

n: 45.0

Residual: 0.33619887613310967


epsilon: 2.5

m: 5.857142857142857

n: 12.0

Residual: 0.06325237000472243


epsilon: 2.5

m: 5.857142857142857

n: 16.714285714285715

Residual: 0.2197719904960018


epsilon: 2.5

m: 5.857142857142857

n: 21.42857142857143

Residual: 0.3036091380215978


epsilon: 2.5

m: 5.857142857142857

n: 26.142857142857142

Residual: 0.35659851188209235


epsilon: 2.5

m: 5.857142857142857

n: 30.857142857142858

Residual: 0.3926596720696696


epsilon: 2.5

m: 5.857142857142857

n: 35.57142857142857

Residual: 0.4193749466695772


epsilon: 2.5

m: 5.857142857142857

n: 40.285714285714285

Residual: 0.44046204675528083


epsilon: 2.5

m: 5.857142857142857

n: 45.0

Residual: 0.45640495043762275


epsilon: 2.5

m: 6.142857142857142

n: 12.0

Residual: 0.1689977557484299


epsilon: 2.5

m: 6.142857142857142

n: 16.714285714285715

Residual: 0.32881306425177426


epsilon: 2.5

m: 6.142857142857142

n: 21.42857142857143

Residual: 0.4111728479736078


epsilon: 2.5

m: 6.142857142857142

n: 26.142857142857142

Residual: 0.4615985987571778


epsilon: 2.5

m: 6.142857142857142

n: 30.857142857142858

Residual: 0.49545468389377384


epsilon: 2.5

m: 6.142857142857142

n: 35.57142857142857

Residual: 0.519460371855797


epsilon: 2.5

m: 6.142857142857142

n: 40.285714285714285

Residual: 0.5399656998364658


epsilon: 2.5

m: 6.142857142857142

n: 45.0

Residual: 0.5528372597580359


epsilon: 2.5

m: 6.428571428571429

n: 12.0

Residual: 0.263889978222496


epsilon: 2.5

m: 6.428571428571429

n: 16.714285714285715

Residual: 0.4215106374169979


epsilon: 2.5

m: 6.428571428571429

n: 21.42857142857143

Residual: 0.4987857087781615


epsilon: 2.5

m: 6.428571428571429

n: 26.142857142857142

Residual: 0.5448270693492618


epsilon: 2.5

m: 6.428571428571429

n: 30.857142857142858

Residual: 0.5755294806812921


epsilon: 2.5

m: 6.428571428571429

n: 35.57142857142857

Residual: 0.600496129271337


epsilon: 2.5

m: 6.428571428571429

n: 40.285714285714285

Residual: 0.6159794188289205


epsilon: 2.5

m: 6.428571428571429

n: 45.0

Residual: 0.6279949791695683


epsilon: 2.5

m: 6.714285714285714

n: 12.0

Residual: 0.34614082696489057


epsilon: 2.5

m: 6.714285714285714

n: 16.714285714285715

Residual: 0.4968576663247887


epsilon: 2.5

m: 6.714285714285714

n: 21.42857142857143

Residual: 0.5732798110177313


epsilon: 2.5

m: 6.714285714285714

n: 26.142857142857142

Residual: 0.6126409775828768


epsilon: 2.5

m: 6.714285714285714

n: 30.857142857142858

Residual: 0.6427026649643907


epsilon: 2.5

m: 6.714285714285714

n: 35.57142857142857

Residual: 0.6633662711866474


epsilon: 2.5

m: 6.714285714285714

n: 40.285714285714285

Residual: 0.680605165390183


epsilon: 2.5

m: 6.714285714285714

n: 45.0

Residual: 0.6892509340023941


epsilon: 2.5

m: 7.0

n: 12.0

Residual: 0.41544680895664604


epsilon: 2.5

m: 7.0

n: 16.714285714285715

Residual: 0.5620335202697665


epsilon: 2.5

m: 7.0

n: 21.42857142857143

Residual: 0.6300636109714598


epsilon: 2.5

m: 7.0

n: 26.142857142857142

Residual: 0.6696669867902684


epsilon: 2.5

m: 7.0

n: 30.857142857142858

Residual: 0.6967932761128183


epsilon: 2.5

m: 7.0

n: 35.57142857142857

Residual: 0.7124760405712255


epsilon: 2.5

m: 7.0

n: 40.285714285714285

Residual: 0.7292951450590045


epsilon: 2.5

m: 7.0

n: 45.0

Residual: 0.7398479423520744


epsilon: 3.0

m: 5.0

n: 12.0

Residual: 0.4231547290373049


epsilon: 3.0

m: 5.0

n: 16.714285714285715

Residual: 0.3002742230457906


epsilon: 3.0

m: 5.0

n: 21.42857142857143

Residual: 0.22608419953237405


epsilon: 3.0

m: 5.0

n: 26.142857142857142

Residual: 0.178691515131467


epsilon: 3.0

m: 5.0

n: 30.857142857142858

Residual: 0.1488506581460183


epsilon: 3.0

m: 5.0

n: 35.57142857142857

Residual: 0.12760012598781842


epsilon: 3.0

m: 5.0

n: 40.285714285714285

Residual: 0.11341419272759118


epsilon: 3.0

m: 5.0

n: 45.0

Residual: 0.10437324736986135


epsilon: 3.0

m: 5.285714285714286

n: 12.0

Residual: 0.2879819332216444


epsilon: 3.0

m: 5.285714285714286

n: 16.714285714285715

Residual: 0.14503503526681955


epsilon: 3.0

m: 5.285714285714286

n: 21.42857142857143

Residual: 0.07430794312453937


epsilon: 3.0

m: 5.285714285714286

n: 26.142857142857142

Residual: 0.04295367419710858


epsilon: 3.0

m: 5.285714285714286

n: 30.857142857142858

Residual: 0.03735143682912456


epsilon: 3.0

m: 5.285714285714286

n: 35.57142857142857

Residual: 0.05904334824915336


epsilon: 3.0

m: 5.285714285714286

n: 40.285714285714285

Residual: 0.08159953727433511


epsilon: 3.0

m: 5.285714285714286

n: 45.0

Residual: 0.10117461904295995


epsilon: 3.0

m: 5.571428571428571

n: 12.0

Residual: 0.15568683764154997


epsilon: 3.0

m: 5.571428571428571

n: 16.714285714285715

Residual: 0.039825128597108


epsilon: 3.0

m: 5.571428571428571

n: 21.42857142857143

Residual: 0.08600743350841683


epsilon: 3.0

m: 5.571428571428571

n: 26.142857142857142

Residual: 0.1439080354763074


epsilon: 3.0

m: 5.571428571428571

n: 30.857142857142858

Residual: 0.18243390362475426


epsilon: 3.0

m: 5.571428571428571

n: 35.57142857142857

Residual: 0.21180876194324244


epsilon: 3.0

m: 5.571428571428571

n: 40.285714285714285

Residual: 0.23349246789190922


epsilon: 3.0

m: 5.571428571428571

n: 45.0

Residual: 0.2539696534220651


epsilon: 3.0

m: 5.857142857142857

n: 12.0

Residual: 0.07732683035299362


epsilon: 3.0

m: 5.857142857142857

n: 16.714285714285715

Residual: 0.1302899527191763


epsilon: 3.0

m: 5.857142857142857

n: 21.42857142857143

Residual: 0.21876729194303188


epsilon: 3.0

m: 5.857142857142857

n: 26.142857142857142

Residual: 0.2747647650634958


epsilon: 3.0

m: 5.857142857142857

n: 30.857142857142858

Residual: 0.31447809794287995


epsilon: 3.0

m: 5.857142857142857

n: 35.57142857142857

Residual: 0.3416580584026304


epsilon: 3.0

m: 5.857142857142857

n: 40.285714285714285

Residual: 0.36476806572860493


epsilon: 3.0

m: 5.857142857142857

n: 45.0

Residual: 0.3803798579630557


epsilon: 3.0

m: 6.142857142857142

n: 12.0

Residual: 0.08729768948360736


epsilon: 3.0

m: 6.142857142857142

n: 16.714285714285715

Residual: 0.24549410622054496


epsilon: 3.0

m: 6.142857142857142

n: 21.42857142857143

Residual: 0.3305183026558429


epsilon: 3.0

m: 6.142857142857142

n: 26.142857142857142

Residual: 0.38645501939803184


epsilon: 3.0

m: 6.142857142857142

n: 30.857142857142858

Residual: 0.42360547609351207


epsilon: 3.0

m: 6.142857142857142

n: 35.57142857142857

Residual: 0.44902790063361736


epsilon: 3.0

m: 6.142857142857142

n: 40.285714285714285

Residual: 0.46902918688463235


epsilon: 3.0

m: 6.142857142857142

n: 45.0

Residual: 0.4868070686078051


epsilon: 3.0

m: 6.428571428571429

n: 12.0

Residual: 0.17786282130739953


epsilon: 3.0

m: 6.428571428571429

n: 16.714285714285715

Residual: 0.34348908653358257


epsilon: 3.0

m: 6.428571428571429

n: 21.42857142857143

Residual: 0.4272062523356808


epsilon: 3.0

m: 6.428571428571429

n: 26.142857142857142

Residual: 0.47861420010630423


epsilon: 3.0

m: 6.428571428571429

n: 30.857142857142858

Residual: 0.5097587533327729


epsilon: 3.0

m: 6.428571428571429

n: 35.57142857142857

Residual: 0.5371541242063672


epsilon: 3.0

m: 6.428571428571429

n: 40.285714285714285

Residual: 0.5577829318551423


epsilon: 3.0

m: 6.428571428571429

n: 45.0

Residual: 0.5729786236918901


epsilon: 3.0

m: 6.714285714285714

n: 12.0

Residual: 0.26245932637797426


epsilon: 3.0

m: 6.714285714285714

n: 16.714285714285715

Residual: 0.4271406058205147


epsilon: 3.0

m: 6.714285714285714

n: 21.42857142857143

Residual: 0.5049675629609723


epsilon: 3.0

m: 6.714285714285714

n: 26.142857142857142

Residual: 0.5533985083393419


epsilon: 3.0

m: 6.714285714285714

n: 30.857142857142858

Residual: 0.5870784545305894


epsilon: 3.0

m: 6.714285714285714

n: 35.57142857142857

Residual: 0.6089082845178264


epsilon: 3.0

m: 6.714285714285714

n: 40.285714285714285

Residual: 0.6278530666543172


epsilon: 3.0

m: 6.714285714285714

n: 45.0

Residual: 0.6369889730464061


epsilon: 3.0

m: 7.0

n: 12.0

Residual: 0.33717793965606485


epsilon: 3.0

m: 7.0

n: 16.714285714285715

Residual: 0.49806473972333865


epsilon: 3.0

m: 7.0

n: 21.42857142857143

Residual: 0.5715759973947228


epsilon: 3.0

m: 7.0

n: 26.142857142857142

Residual: 0.613130153667945


epsilon: 3.0

m: 7.0

n: 30.857142857142858

Residual: 0.6466983475206266


epsilon: 3.0

m: 7.0

n: 35.57142857142857

Residual: 0.6661052665438272


epsilon: 3.0

m: 7.0

n: 40.285714285714285

Residual: 0.682787850747062


epsilon: 3.0

m: 7.0

n: 45.0

Residual: 0.6939376003764844


epsilon: 3.5

m: 5.0

n: 12.0

Residual: 0.4841419347105049


epsilon: 3.5

m: 5.0

n: 16.714285714285715

Residual: 0.3687689024640283


epsilon: 3.5

m: 5.0

n: 21.42857142857143

Residual: 0.29729132831963484


epsilon: 3.5

m: 5.0

n: 26.142857142857142

Residual: 0.24907360388021496


epsilon: 3.5

m: 5.0

n: 30.857142857142858

Residual: 0.21460735862211033


epsilon: 3.5

m: 5.0

n: 35.57142857142857

Residual: 0.18758801102344677


epsilon: 3.5

m: 5.0

n: 40.285714285714285

Residual: 0.16936798055188956


epsilon: 3.5

m: 5.0

n: 45.0

Residual: 0.1560120770214699


epsilon: 3.5

m: 5.285714285714286

n: 12.0

Residual: 0.35695829317416133


epsilon: 3.5

m: 5.285714285714286

n: 16.714285714285715

Residual: 0.22031195410252818


epsilon: 3.5

m: 5.285714285714286

n: 21.42857142857143

Residual: 0.13966901195786852


epsilon: 3.5

m: 5.285714285714286

n: 26.142857142857142

Residual: 0.09104412121994472


epsilon: 3.5

m: 5.285714285714286

n: 30.857142857142858

Residual: 0.06213897082654026


epsilon: 3.5

m: 5.285714285714286

n: 35.57142857142857

Residual: 0.046203705243577566


epsilon: 3.5

m: 5.285714285714286

n: 40.285714285714285

Residual: 0.03646891734650324


epsilon: 3.5

m: 5.285714285714286

n: 45.0

Residual: 0.03481506745812968


epsilon: 3.5

m: 5.571428571428571

n: 12.0

Residual: 0.23045176638121856


epsilon: 3.5

m: 5.571428571428571

n: 16.714285714285715

Residual: 0.08364288981405978


epsilon: 3.5

m: 5.571428571428571

n: 21.42857142857143

Residual: 0.03656702889959104


epsilon: 3.5

m: 5.571428571428571

n: 26.142857142857142

Residual: 0.06721696894148672


epsilon: 3.5

m: 5.571428571428571

n: 30.857142857142858

Residual: 0.10708086936266417


epsilon: 3.5

m: 5.571428571428571

n: 35.57142857142857

Residual: 0.13720350498739


epsilon: 3.5

m: 5.571428571428571

n: 40.285714285714285

Residual: 0.1593771567349705


epsilon: 3.5

m: 5.571428571428571

n: 45.0

Residual: 0.1796322393340403


epsilon: 3.5

m: 5.857142857142857

n: 12.0

Residual: 0.12955154172745845


epsilon: 3.5

m: 5.857142857142857

n: 16.714285714285715

Residual: 0.06174485783434243


epsilon: 3.5

m: 5.857142857142857

n: 21.42857142857143

Residual: 0.1438805547204484


epsilon: 3.5

m: 5.857142857142857

n: 26.142857142857142

Residual: 0.20062328818370567


epsilon: 3.5

m: 5.857142857142857

n: 30.857142857142858

Residual: 0.24295341203132478


epsilon: 3.5

m: 5.857142857142857

n: 35.57142857142857

Residual: 0.27113644527091124


epsilon: 3.5

m: 5.857142857142857

n: 40.285714285714285

Residual: 0.29657255290205786


epsilon: 3.5

m: 5.857142857142857

n: 45.0

Residual: 0.31388635479383264


epsilon: 3.5

m: 6.142857142857142

n: 12.0

Residual: 0.09455166953658366


epsilon: 3.5

m: 6.142857142857142

n: 16.714285714285715

Residual: 0.17126868887885963


epsilon: 3.5

m: 6.142857142857142

n: 21.42857142857143

Residual: 0.26031102186413707


epsilon: 3.5

m: 6.142857142857142

n: 26.142857142857142

Residual: 0.31846164330908217


epsilon: 3.5

m: 6.142857142857142

n: 30.857142857142858

Residual: 0.3552250416758177


epsilon: 3.5

m: 6.142857142857142

n: 35.57142857142857

Residual: 0.3881082412194357


epsilon: 3.5

m: 6.142857142857142

n: 40.285714285714285

Residual: 0.40786694084775227


epsilon: 3.5

m: 6.142857142857142

n: 45.0

Residual: 0.42428960163944307


epsilon: 3.5

m: 6.428571428571429

n: 12.0

Residual: 0.11437113630447297


epsilon: 3.5

m: 6.428571428571429

n: 16.714285714285715

Residual: 0.2735263182779774


epsilon: 3.5

m: 6.428571428571429

n: 21.42857142857143

Residual: 0.3633881680210496


epsilon: 3.5

m: 6.428571428571429

n: 26.142857142857142

Residual: 0.4176361478306908


epsilon: 3.5

m: 6.428571428571429

n: 30.857142857142858

Residual: 0.45378436541362915


epsilon: 3.5

m: 6.428571428571429

n: 35.57142857142857

Residual: 0.47563965950451736


epsilon: 3.5

m: 6.428571428571429

n: 40.285714285714285

Residual: 0.49933389769403863


epsilon: 3.5

m: 6.428571428571429

n: 45.0

Residual: 0.5165937595221565


epsilon: 3.5

m: 6.714285714285714

n: 12.0

Residual: 0.1892092731635463


epsilon: 3.5

m: 6.714285714285714

n: 16.714285714285715

Residual: 0.36296572167150093


epsilon: 3.5

m: 6.714285714285714

n: 21.42857142857143

Residual: 0.44701896657557705


epsilon: 3.5

m: 6.714285714285714

n: 26.142857142857142

Residual: 0.4987407632630148


epsilon: 3.5

m: 6.714285714285714

n: 30.857142857142858

Residual: 0.5322504964788233


epsilon: 3.5

m: 6.714285714285714

n: 35.57142857142857

Residual: 0.5560520154803685


epsilon: 3.5

m: 6.714285714285714

n: 40.285714285714285

Residual: 0.5790758501793241


epsilon: 3.5

m: 6.714285714285714

n: 45.0

Residual: 0.5888904172574698


epsilon: 3.5

m: 7.0

n: 12.0

Residual: 0.26696517981507883


epsilon: 3.5

m: 7.0

n: 16.714285714285715

Residual: 0.4340113853944758


epsilon: 3.5

m: 7.0

n: 21.42857142857143

Residual: 0.5173261496367698


epsilon: 3.5

m: 7.0

n: 26.142857142857142

Residual: 0.5625525013268702


epsilon: 3.5

m: 7.0

n: 30.857142857142858

Residual: 0.595090631588898


epsilon: 3.5

m: 7.0

n: 35.57142857142857

Residual: 0.6229489810184579


epsilon: 3.5

m: 7.0

n: 40.285714285714285

Residual: 0.6363227161912689


epsilon: 3.5

m: 7.0

n: 45.0

Residual: 0.6500870587780672


epsilon: 4.0

m: 5.0

n: 12.0

Residual: 0.533596957299714


epsilon: 4.0

m: 5.0

n: 16.714285714285715

Residual: 0.42445105527034127


epsilon: 4.0

m: 5.0

n: 21.42857142857143

Residual: 0.35698587477925375


epsilon: 4.0

m: 5.0

n: 26.142857142857142

Residual: 0.3108065372540145


epsilon: 4.0

m: 5.0

n: 30.857142857142858

Residual: 0.27648023288288637


epsilon: 4.0

m: 5.0

n: 35.57142857142857

Residual: 0.2512199054082271


epsilon: 4.0

m: 5.0

n: 40.285714285714285

Residual: 0.23018596806643418


epsilon: 4.0

m: 5.0

n: 45.0

Residual: 0.21340380282201898


epsilon: 4.0

m: 5.285714285714286

n: 12.0

Residual: 0.41375477331493393


epsilon: 4.0

m: 5.285714285714286

n: 16.714285714285715

Residual: 0.2829712320969644


epsilon: 4.0

m: 5.285714285714286

n: 21.42857142857143

Residual: 0.20421868225750534


epsilon: 4.0

m: 5.285714285714286

n: 26.142857142857142

Residual: 0.1508816349829381


epsilon: 4.0

m: 5.285714285714286

n: 30.857142857142858

Residual: 0.11298277367278557


epsilon: 4.0

m: 5.285714285714286

n: 35.57142857142857

Residual: 0.09033844709024764


epsilon: 4.0

m: 5.285714285714286

n: 40.285714285714285

Residual: 0.071411139194855


epsilon: 4.0

m: 5.285714285714286

n: 45.0

Residual: 0.05829133060146728


epsilon: 4.0

m: 5.571428571428571

n: 12.0

Residual: 0.2922861870411207


epsilon: 4.0

m: 5.571428571428571

n: 16.714285714285715

Residual: 0.1430182748110488


epsilon: 4.0

m: 5.571428571428571

n: 21.42857142857143

Residual: 0.06649764397765157


epsilon: 4.0

m: 5.571428571428571

n: 26.142857142857142

Residual: 0.037764545457690514


epsilon: 4.0

m: 5.571428571428571

n: 30.857142857142858

Residual: 0.04130725289952566


epsilon: 4.0

m: 5.571428571428571

n: 35.57142857142857

Residual: 0.07124350973365942


epsilon: 4.0

m: 5.571428571428571

n: 40.285714285714285

Residual: 0.09454843958631164


epsilon: 4.0

m: 5.571428571428571

n: 45.0

Residual: 0.11614701242903407


epsilon: 4.0

m: 5.857142857142857

n: 12.0

Residual: 0.18280222346805


epsilon: 4.0

m: 5.857142857142857

n: 16.714285714285715

Residual: 0.07101212665792678


epsilon: 4.0

m: 5.857142857142857

n: 21.42857142857143

Residual: 0.0777946923986308


epsilon: 4.0

m: 5.857142857142857

n: 26.142857142857142

Residual: 0.1375627529664399


epsilon: 4.0

m: 5.857142857142857

n: 30.857142857142858

Residual: 0.17850955503912772


epsilon: 4.0

m: 5.857142857142857

n: 35.57142857142857

Residual: 0.20841325631959673


epsilon: 4.0

m: 5.857142857142857

n: 40.285714285714285

Residual: 0.2343506701430589


epsilon: 4.0

m: 5.857142857142857

n: 45.0

Residual: 0.25097161829767317


epsilon: 4.0

m: 6.142857142857142

n: 12.0

Residual: 0.12960299272377865


epsilon: 4.0

m: 6.142857142857142

n: 16.714285714285715

Residual: 0.10587509342491114


epsilon: 4.0

m: 6.142857142857142

n: 21.42857142857143

Residual: 0.1998016081113286


epsilon: 4.0

m: 6.142857142857142

n: 26.142857142857142

Residual: 0.257903530402645


epsilon: 4.0

m: 6.142857142857142

n: 30.857142857142858

Residual: 0.29551635514550795


epsilon: 4.0

m: 6.142857142857142

n: 35.57142857142857

Residual: 0.32745798945146926


epsilon: 4.0

m: 6.142857142857142

n: 40.285714285714285

Residual: 0.35171584431350156


epsilon: 4.0

m: 6.142857142857142

n: 45.0

Residual: 0.3683857627559448


epsilon: 4.0

m: 6.428571428571429

n: 12.0

Residual: 0.11649922566401483


epsilon: 4.0

m: 6.428571428571429

n: 16.714285714285715

Residual: 0.2110668646064388


epsilon: 4.0

m: 6.428571428571429

n: 21.42857142857143

Residual: 0.3028977597876847


epsilon: 4.0

m: 6.428571428571429

n: 26.142857142857142

Residual: 0.3599705577818672


epsilon: 4.0

m: 6.428571428571429

n: 30.857142857142858

Residual: 0.3999492084863135


epsilon: 4.0

m: 6.428571428571429

n: 35.57142857142857

Residual: 0.4269063132785386


epsilon: 4.0

m: 6.428571428571429

n: 40.285714285714285

Residual: 0.4494789694957162


epsilon: 4.0

m: 6.428571428571429

n: 45.0

Residual: 0.4658013609475511


epsilon: 4.0

m: 6.714285714285714

n: 12.0

Residual: 0.14003466027008657


epsilon: 4.0

m: 6.714285714285714

n: 16.714285714285715

Residual: 0.30069612561647185


epsilon: 4.0

m: 6.714285714285714

n: 21.42857142857143

Residual: 0.39362819230980417


epsilon: 4.0

m: 6.714285714285714

n: 26.142857142857142

Residual: 0.44520055993811297


epsilon: 4.0

m: 6.714285714285714

n: 30.857142857142858

Residual: 0.48167286972594886


epsilon: 4.0

m: 6.714285714285714

n: 35.57142857142857

Residual: 0.5102646715336546


epsilon: 4.0

m: 6.714285714285714

n: 40.285714285714285

Residual: 0.5285912525337626


epsilon: 4.0

m: 6.714285714285714

n: 45.0

Residual: 0.54597624563652


epsilon: 4.0

m: 7.0

n: 12.0

Residual: 0.20564456017713556


epsilon: 4.0

m: 7.0

n: 16.714285714285715

Residual: 0.38220753030094234


epsilon: 4.0

m: 7.0

n: 21.42857142857143

Residual: 0.46633940241925054


epsilon: 4.0

m: 7.0

n: 26.142857142857142

Residual: 0.5214897565000325


epsilon: 4.0

m: 7.0

n: 30.857142857142858

Residual: 0.5522962448628168


epsilon: 4.0

m: 7.0

n: 35.57142857142857

Residual: 0.576516779140833


epsilon: 4.0

m: 7.0

n: 40.285714285714285

Residual: 0.5959062741376127


epsilon: 4.0

m: 7.0

n: 45.0

Residual: 0.6119864676913033


