epsilon: 0.5

m: 5.0

n: 12.0

Residual: 0.3091654523250156


epsilon: 0.5

m: 5.0

n: 12.0

Residual: 0.30928437346636534


epsilon: 0.5

m: 5.0

n: 16.714285714285715

Residual: 0.43094143010258495


epsilon: 0.5

m: 5.0

n: 21.42857142857143

Residual: 0.49324166848735246


epsilon: 0.5

m: 5.0

n: 26.142857142857142

Residual: 0.5318696222211906


epsilon: 0.5

m: 5.0

n: 30.857142857142858

Residual: 0.5574650466278914


epsilon: 0.5

m: 5.0

n: 35.57142857142857

Residual: 0.576799240556036


epsilon: 0.5

m: 5.0

n: 40.285714285714285

Residual: 0.5911394473649959


epsilon: 0.5

m: 5.0

n: 45.0

Residual: 0.6025156966794051


epsilon: 0.5

m: 5.285714285714286

n: 12.0

Residual: 0.45193931911057944


epsilon: 0.5

m: 5.285714285714286

n: 16.714285714285715

Residual: 0.5626302500834715


epsilon: 0.5

m: 5.285714285714286

n: 21.42857142857143

Residual: 0.616747171470786


epsilon: 0.5

m: 5.285714285714286

n: 26.142857142857142

Residual: 0.6491620028696942


epsilon: 0.5

m: 5.285714285714286

n: 30.857142857142858

Residual: 0.671252667043332


epsilon: 0.5

m: 5.285714285714286

n: 35.57142857142857

Residual: 0.6866750352367683


epsilon: 0.5

m: 5.285714285714286

n: 40.285714285714285

Residual: 0.6985635461357347


epsilon: 0.5

m: 5.285714285714286

n: 45.0

Residual: 0.7078659482935583


epsilon: 0.5

m: 5.571428571428571

n: 12.0

Residual: 0.5605513945829439


epsilon: 0.5

m: 5.571428571428571

n: 16.714285714285715

Residual: 0.6582932712185711


epsilon: 0.5

m: 5.571428571428571

n: 21.42857142857143

Residual: 0.7039345583947877


epsilon: 0.5

m: 5.571428571428571

n: 26.142857142857142

Residual: 0.7322062265551531


epsilon: 0.5

m: 5.571428571428571

n: 30.857142857142858

Residual: 0.7497679929346783


epsilon: 0.5

m: 5.571428571428571

n: 35.57142857142857

Residual: 0.7638024786787401


epsilon: 0.5

m: 5.571428571428571

n: 40.285714285714285

Residual: 0.7730451034778638


epsilon: 0.5

m: 5.571428571428571

n: 45.0

Residual: 0.7805050907184328


epsilon: 0.5

m: 5.857142857142857

n: 12.0

Residual: 0.6419521714478952


epsilon: 0.5

m: 5.857142857142857

n: 16.714285714285715

Residual: 0.728047681122063


epsilon: 0.5

m: 5.857142857142857

n: 21.42857142857143

Residual: 0.7681435070053517


epsilon: 0.5

m: 5.857142857142857

n: 26.142857142857142

Residual: 0.7911687602072257


epsilon: 0.5

m: 5.857142857142857

n: 30.857142857142858

Residual: 0.8074404827166832


epsilon: 0.5

m: 5.857142857142857

n: 35.57142857142857

Residual: 0.8165661422312946


epsilon: 0.5

m: 5.857142857142857

n: 40.285714285714285

Residual: 0.8249888621288707


epsilon: 0.5

m: 5.857142857142857

n: 45.0

Residual: 0.8301030674626195


epsilon: 0.5

m: 6.142857142857142

n: 12.0

Residual: 0.7036945196696558


epsilon: 0.5

m: 6.142857142857142

n: 16.714285714285715

Residual: 0.7790867753589436


epsilon: 0.5

m: 6.142857142857142

n: 21.42857142857143

Residual: 0.813657492118435


epsilon: 0.5

m: 6.142857142857142

n: 26.142857142857142

Residual: 0.8336702548752983


epsilon: 0.5

m: 6.142857142857142

n: 30.857142857142858

Residual: 0.8466130858499114


epsilon: 0.5

m: 6.142857142857142

n: 35.57142857142857

Residual: 0.8554139312761474


epsilon: 0.5

m: 6.142857142857142

n: 40.285714285714285

Residual: 0.8625214536995692


epsilon: 0.5

m: 6.142857142857142

n: 45.0

Residual: 0.8673110684313073


epsilon: 0.5

m: 6.428571428571429

n: 12.0

Residual: 0.7501710184897606


epsilon: 0.5

m: 6.428571428571429

n: 16.714285714285715

Residual: 0.8185387332183945


epsilon: 0.5

m: 6.428571428571429

n: 21.42857142857143

Residual: 0.847653931693808


epsilon: 0.5

m: 6.428571428571429

n: 26.142857142857142

Residual: 0.8642514499819687


epsilon: 0.5

m: 6.428571428571429

n: 30.857142857142858

Residual: 0.8755453957353739


epsilon: 0.5

m: 6.428571428571429

n: 35.57142857142857

Residual: 0.8828943345917359


epsilon: 0.5

m: 6.428571428571429

n: 40.285714285714285

Residual: 0.8885766898114272


epsilon: 0.5

m: 6.428571428571429

n: 45.0

Residual: 0.89305816039749


epsilon: 0.5

m: 6.714285714285714

n: 12.0

Residual: 0.7864443073809511


epsilon: 0.5

m: 6.714285714285714

n: 16.714285714285715

Residual: 0.8475843675929069


epsilon: 0.5

m: 6.714285714285714

n: 21.42857142857143

Residual: 0.8721853437722492


epsilon: 0.5

m: 6.714285714285714

n: 26.142857142857142

Residual: 0.8879087393945486


epsilon: 0.5

m: 6.714285714285714

n: 30.857142857142858

Residual: 0.8969084797124148


epsilon: 0.5

m: 6.714285714285714

n: 35.57142857142857

Residual: 0.9045444733700844


epsilon: 0.5

m: 6.714285714285714

n: 40.285714285714285

Residual: 0.9081060448187788


epsilon: 0.5

m: 6.714285714285714

n: 45.0

Residual: 0.9124918727009167


epsilon: 0.5

m: 7.0

n: 12.0

Residual: 0.8147837276929198


epsilon: 0.5

m: 7.0

n: 16.714285714285715

Residual: 0.8690080641106432


epsilon: 0.5

m: 7.0

n: 21.42857142857143

Residual: 0.8927292039875825


epsilon: 0.5

m: 7.0

n: 26.142857142857142

Residual: 0.9055522330891971


epsilon: 0.5

m: 7.0

n: 30.857142857142858

Residual: 0.9126448661683835


epsilon: 0.5

m: 7.0

n: 35.57142857142857

Residual: 0.9199183570369124


epsilon: 0.5

m: 7.0

n: 40.285714285714285

Residual: 0.9236891013923464


epsilon: 0.5

m: 7.0

n: 45.0

Residual: 0.9274681087238555


epsilon: 1.0

m: 5.0

n: 12.0

Residual: 0.07369845290244846


epsilon: 1.0

m: 5.0

n: 16.714285714285715

Residual: 0.114037413890203


epsilon: 1.0

m: 5.0

n: 21.42857142857143

Residual: 0.1914031057379151


epsilon: 1.0

m: 5.0

n: 26.142857142857142

Residual: 0.241508448576103


epsilon: 1.0

m: 5.0

n: 30.857142857142858

Residual: 0.27517217767838476


epsilon: 1.0

m: 5.0

n: 35.57142857142857

Residual: 0.30231818423834084


epsilon: 1.0

m: 5.0

n: 40.285714285714285

Residual: 0.32070835474259207


epsilon: 1.0

m: 5.0

n: 45.0

Residual: 0.33765243936760353


epsilon: 1.0

m: 5.285714285714286

n: 12.0

Residual: 0.14337069850188738


epsilon: 1.0

m: 5.285714285714286

n: 16.714285714285715

Residual: 0.28169080861372403


epsilon: 1.0

m: 5.285714285714286

n: 21.42857142857143

Residual: 0.35635920914523406


epsilon: 1.0

m: 5.285714285714286

n: 26.142857142857142

Residual: 0.40407645811399706


epsilon: 1.0

m: 5.285714285714286

n: 30.857142857142858

Residual: 0.4344989964815234


epsilon: 1.0

m: 5.285714285714286

n: 35.57142857142857

Residual: 0.4583599674820224


epsilon: 1.0

m: 5.285714285714286

n: 40.285714285714285

Residual: 0.477332395518186


epsilon: 1.0

m: 5.285714285714286

n: 45.0

Residual: 0.49092299585397753


epsilon: 1.0

m: 5.571428571428571

n: 12.0

Residual: 0.27971869884763223


epsilon: 1.0

m: 5.571428571428571

n: 16.714285714285715

Residual: 0.4162497508363637


epsilon: 1.0

m: 5.571428571428571

n: 21.42857142857143

Residual: 0.4849216120090262


epsilon: 1.0

m: 5.571428571428571

n: 26.142857142857142

Residual: 0.5276197547143683


epsilon: 1.0

m: 5.571428571428571

n: 30.857142857142858

Residual: 0.556759977726061


epsilon: 1.0

m: 5.571428571428571

n: 35.57142857142857

Residual: 0.5768207453628365


epsilon: 1.0

m: 5.571428571428571

n: 40.285714285714285

Residual: 0.5923634547023529


epsilon: 1.0

m: 5.571428571428571

n: 45.0

Residual: 0.604835956171674


epsilon: 1.0

m: 5.857142857142857

n: 12.0

Residual: 0.3924847266220358


epsilon: 1.0

m: 5.857142857142857

n: 16.714285714285715

Residual: 0.520687234056113


epsilon: 1.0

m: 5.857142857142857

n: 21.42857142857143

Residual: 0.5839568767310116


epsilon: 1.0

m: 5.857142857142857

n: 26.142857142857142

Residual: 0.6207546550290576


epsilon: 1.0

m: 5.857142857142857

n: 30.857142857142858

Residual: 0.647759535624762


epsilon: 1.0

m: 5.857142857142857

n: 35.57142857142857

Residual: 0.6641820327354977


epsilon: 1.0

m: 5.857142857142857

n: 40.285714285714285

Residual: 0.6789614263860905


epsilon: 1.0

m: 5.857142857142857

n: 45.0

Residual: 0.6883592007422964


epsilon: 1.0

m: 6.142857142857142

n: 12.0

Residual: 0.4833572371901503


epsilon: 1.0

m: 6.142857142857142

n: 16.714285714285715

Residual: 0.6025968742789712


epsilon: 1.0

m: 6.142857142857142

n: 21.42857142857143

Residual: 0.6592041482611323


epsilon: 1.0

m: 6.142857142857142

n: 26.142857142857142

Residual: 0.6923746656974482


epsilon: 1.0

m: 6.142857142857142

n: 30.857142857142858

Residual: 0.7135949589401414


epsilon: 1.0

m: 6.142857142857142

n: 35.57142857142857

Residual: 0.7323681249506633


epsilon: 1.0

m: 6.142857142857142

n: 40.285714285714285

Residual: 0.741831072845531


epsilon: 1.0

m: 6.142857142857142

n: 45.0

Residual: 0.750843540217594


epsilon: 1.0

m: 6.428571428571429

n: 12.0

Residual: 0.5558022950565596


epsilon: 1.0

m: 6.428571428571429

n: 16.714285714285715

Residual: 0.6662523786152734


epsilon: 1.0

m: 6.428571428571429

n: 21.42857142857143

Residual: 0.7162507865778442


epsilon: 1.0

m: 6.428571428571429

n: 26.142857142857142

Residual: 0.7471215394057622


epsilon: 1.0

m: 6.428571428571429

n: 30.857142857142858

Residual: 0.7648206761010499


epsilon: 1.0

m: 6.428571428571429

n: 35.57142857142857

Residual: 0.780546892792089


epsilon: 1.0

m: 6.428571428571429

n: 40.285714285714285

Residual: 0.7876011761347603


epsilon: 1.0

m: 6.428571428571429

n: 45.0

Residual: 0.7977918929893723


epsilon: 1.0

m: 6.714285714285714

n: 12.0

Residual: 0.6136046516279925


epsilon: 1.0

m: 6.714285714285714

n: 16.714285714285715

Residual: 0.7136231096911749


epsilon: 1.0

m: 6.714285714285714

n: 21.42857142857143

Residual: 0.7616861597496528


epsilon: 1.0

m: 6.714285714285714

n: 26.142857142857142

Residual: 0.7890511617274553


epsilon: 1.0

m: 6.714285714285714

n: 30.857142857142858

Residual: 0.8042800865200063


epsilon: 1.0

m: 6.714285714285714

n: 35.57142857142857

Residual: 0.8170572157990581


epsilon: 1.0

m: 6.714285714285714

n: 40.285714285714285

Residual: 0.8250728597343755


epsilon: 1.0

m: 6.714285714285714

n: 45.0

Residual: 0.8323612692985759


epsilon: 1.0

m: 7.0

n: 12.0

Residual: 0.6617708967993795


epsilon: 1.0

m: 7.0

n: 16.714285714285715

Residual: 0.7532835091264846


epsilon: 1.0

m: 7.0

n: 21.42857142857143

Residual: 0.7960100018299577


epsilon: 1.0

m: 7.0

n: 26.142857142857142

Residual: 0.819334802800384


epsilon: 1.0

m: 7.0

n: 30.857142857142858

Residual: 0.8361221354491462


epsilon: 1.0

m: 7.0

n: 35.57142857142857

Residual: 0.8456969137239745


epsilon: 1.0

m: 7.0

n: 40.285714285714285

Residual: 0.8542467068438608


epsilon: 1.0

m: 7.0

n: 45.0

Residual: 0.8591568788655587


epsilon: 1.5

m: 5.0

n: 12.0

Residual: 0.2259472993726502


epsilon: 1.5

m: 5.0

n: 16.714285714285715

Residual: 0.10468428140134237


epsilon: 1.5

m: 5.0

n: 21.42857142857143

Residual: 0.07340620633152697


epsilon: 1.5

m: 5.0

n: 26.142857142857142

Residual: 0.07383908970587844


epsilon: 1.5

m: 5.0

n: 30.857142857142858

Residual: 0.08544418291924877


epsilon: 1.5

m: 5.0

n: 35.57142857142857

Residual: 0.10816257769227035


epsilon: 1.5

m: 5.0

n: 40.285714285714285

Residual: 0.12924578202345027


epsilon: 1.5

m: 5.0

n: 45.0

Residual: 0.14768588695943996


epsilon: 1.5

m: 5.285714285714286

n: 12.0

Residual: 0.14751514338249938


epsilon: 1.5

m: 5.285714285714286

n: 16.714285714285715

Residual: 0.13476280480810943


epsilon: 1.5

m: 5.285714285714286

n: 21.42857142857143

Residual: 0.16886218799681313


epsilon: 1.5

m: 5.285714285714286

n: 26.142857142857142

Residual: 0.22112183486757528


epsilon: 1.5

m: 5.285714285714286

n: 30.857142857142858

Residual: 0.25798815983600615


epsilon: 1.5

m: 5.285714285714286

n: 35.57142857142857

Residual: 0.2854830591307882


epsilon: 1.5

m: 5.285714285714286

n: 40.285714285714285

Residual: 0.3057470715734909


epsilon: 1.5

m: 5.285714285714286

n: 45.0

Residual: 0.3237657307056109


epsilon: 1.5

m: 5.571428571428571

n: 12.0

Residual: 0.17724726640385924


epsilon: 1.5

m: 5.571428571428571

n: 16.714285714285715

Residual: 0.23561367037123498


epsilon: 1.5

m: 5.571428571428571

n: 21.42857142857143

Residual: 0.3167566453862138


epsilon: 1.5

m: 5.571428571428571

n: 26.142857142857142

Residual: 0.3652698425618144


epsilon: 1.5

m: 5.571428571428571

n: 30.857142857142858

Residual: 0.4007150183591968


epsilon: 1.5

m: 5.571428571428571

n: 35.57142857142857

Residual: 0.427003246081808


epsilon: 1.5

m: 5.571428571428571

n: 40.285714285714285

Residual: 0.44476503581376187


epsilon: 1.5

m: 5.571428571428571

n: 45.0

Residual: 0.4602906253956491


epsilon: 1.5

m: 5.857142857142857

n: 12.0

Residual: 0.23953233045003497


epsilon: 1.5

m: 5.857142857142857

n: 16.714285714285715

Residual: 0.3592892223766187


epsilon: 1.5

m: 5.857142857142857

n: 21.42857142857143

Residual: 0.4354005662450269


epsilon: 1.5

m: 5.857142857142857

n: 26.142857142857142

Residual: 0.4814458458534387


epsilon: 1.5

m: 5.857142857142857

n: 30.857142857142858

Residual: 0.5114153456770542


epsilon: 1.5

m: 5.857142857142857

n: 35.57142857142857

Residual: 0.5367785673650818


epsilon: 1.5

m: 5.857142857142857

n: 40.285714285714285

Residual: 0.5541041897535377


epsilon: 1.5

m: 5.857142857142857

n: 45.0

Residual: 0.5654510422938166


epsilon: 1.5

m: 6.142857142857142

n: 12.0

Residual: 0.31428173028623635


epsilon: 1.5

m: 6.142857142857142

n: 16.714285714285715

Residual: 0.45701209469074616


epsilon: 1.5

m: 6.142857142857142

n: 21.42857142857143

Residual: 0.5289690528692991


epsilon: 1.5

m: 6.142857142857142

n: 26.142857142857142

Residual: 0.5726811683831124


epsilon: 1.5

m: 6.142857142857142

n: 30.857142857142858

Residual: 0.5996983129275602


epsilon: 1.5

m: 6.142857142857142

n: 35.57142857142857

Residual: 0.6203494931088702


epsilon: 1.5

m: 6.142857142857142

n: 40.285714285714285

Residual: 0.6362895805688161


epsilon: 1.5

m: 6.142857142857142

n: 45.0

Residual: 0.6498153625322624


epsilon: 1.5

m: 6.428571428571429

n: 12.0

Residual: 0.40132203525998084


epsilon: 1.5

m: 6.428571428571429

n: 16.714285714285715

Residual: 0.5377235344157137


epsilon: 1.5

m: 6.428571428571429

n: 21.42857142857143

Residual: 0.6013993824680204


epsilon: 1.5

m: 6.428571428571429

n: 26.142857142857142

Residual: 0.6410425774021823


epsilon: 1.5

m: 6.428571428571429

n: 30.857142857142858

Residual: 0.6675395813858339


epsilon: 1.5

m: 6.428571428571429

n: 35.57142857142857

Residual: 0.6856788178010158


epsilon: 1.5

m: 6.428571428571429

n: 40.285714285714285

Residual: 0.7007759904034226


epsilon: 1.5

m: 6.428571428571429

n: 45.0

Residual: 0.7109148449017711


epsilon: 1.5

m: 6.714285714285714

n: 12.0

Residual: 0.4722762562272142


epsilon: 1.5

m: 6.714285714285714

n: 16.714285714285715

Residual: 0.6024867052403025


epsilon: 1.5

m: 6.714285714285714

n: 21.42857142857143

Residual: 0.6621910637105436


epsilon: 1.5

m: 6.714285714285714

n: 26.142857142857142

Residual: 0.6960512319993347


epsilon: 1.5

m: 6.714285714285714

n: 30.857142857142858

Residual: 0.7199784460274493


epsilon: 1.5

m: 6.714285714285714

n: 35.57142857142857

Residual: 0.7372470975278942


epsilon: 1.5

m: 6.714285714285714

n: 40.285714285714285

Residual: 0.7469010685903483


epsilon: 1.5

m: 6.714285714285714

n: 45.0

Residual: 0.7594692621014222


epsilon: 1.5

m: 7.0

n: 12.0

Residual: 0.5333446832584698


epsilon: 1.5

m: 7.0

n: 16.714285714285715

Residual: 0.6542135733422524


epsilon: 1.5

m: 7.0

n: 21.42857142857143

Residual: 0.7089557778299959


epsilon: 1.5

m: 7.0

n: 26.142857142857142

Residual: 0.7420292423761701


epsilon: 1.5

m: 7.0

n: 30.857142857142858

Residual: 0.7626080151021092


epsilon: 1.5

m: 7.0

n: 35.57142857142857

Residual: 0.7785893833297137


epsilon: 1.5

m: 7.0

n: 40.285714285714285

Residual: 0.7873521486325943


epsilon: 1.5

m: 7.0

n: 45.0

Residual: 0.7975134269069661


epsilon: 2.0

m: 5.0

n: 12.0

Residual: 0.35690731843892687


epsilon: 2.0

m: 5.0

n: 16.714285714285715

Residual: 0.22801648639374528


epsilon: 2.0

m: 5.0

n: 21.42857142857143

Residual: 0.15186405370129394


epsilon: 2.0

m: 5.0

n: 26.142857142857142

Residual: 0.11294156750708617


epsilon: 2.0

m: 5.0

n: 30.857142857142858

Residual: 0.09271808815987481


epsilon: 2.0

m: 5.0

n: 35.57142857142857

Residual: 0.08205934984772895


epsilon: 2.0

m: 5.0

n: 40.285714285714285

Residual: 0.07639419758689682


epsilon: 2.0

m: 5.0

n: 45.0

Residual: 0.07321288688870946


epsilon: 2.0

m: 5.285714285714286

n: 12.0

Residual: 0.2261919714852039


epsilon: 2.0

m: 5.285714285714286

n: 16.714285714285715

Residual: 0.14913137433992457


epsilon: 2.0

m: 5.285714285714286

n: 21.42857142857143

Residual: 0.13287532379838474


epsilon: 2.0

m: 5.285714285714286

n: 26.142857142857142

Residual: 0.13573464732018078


epsilon: 2.0

m: 5.285714285714286

n: 30.857142857142858

Residual: 0.1462158621304237


epsilon: 2.0

m: 5.285714285714286

n: 35.57142857142857

Residual: 0.15854507362108086


epsilon: 2.0

m: 5.285714285714286

n: 40.285714285714285

Residual: 0.17020654007704228


epsilon: 2.0

m: 5.285714285714286

n: 45.0

Residual: 0.1877716834248195


epsilon: 2.0

m: 5.571428571428571

n: 12.0

Residual: 0.20112279549797982


epsilon: 2.0

m: 5.571428571428571

n: 16.714285714285715

Residual: 0.18669096728180753


epsilon: 2.0

m: 5.571428571428571

n: 21.42857142857143

Residual: 0.2078029710737159


epsilon: 2.0

m: 5.571428571428571

n: 26.142857142857142

Residual: 0.23712867694006273


epsilon: 2.0

m: 5.571428571428571

n: 30.857142857142858

Residual: 0.27354255301974245


epsilon: 2.0

m: 5.571428571428571

n: 35.57142857142857

Residual: 0.301424255343199


epsilon: 2.0

m: 5.571428571428571

n: 40.285714285714285

Residual: 0.32376655741365634


epsilon: 2.0

m: 5.571428571428571

n: 45.0

Residual: 0.34061458014481505


epsilon: 2.0

m: 5.857142857142857

n: 12.0

Residual: 0.22453472862737106


epsilon: 2.0

m: 5.857142857142857

n: 16.714285714285715

Residual: 0.25577604949741584


epsilon: 2.0

m: 5.857142857142857

n: 21.42857142857143

Residual: 0.31036858043236476


epsilon: 2.0

m: 5.857142857142857

n: 26.142857142857142

Residual: 0.3644324815837194


epsilon: 2.0

m: 5.857142857142857

n: 30.857142857142858

Residual: 0.3983990826416649


epsilon: 2.0

m: 5.857142857142857

n: 35.57142857142857

Residual: 0.424074801908913


epsilon: 2.0

m: 5.857142857142857

n: 40.285714285714285

Residual: 0.44612628726654036


epsilon: 2.0

m: 5.857142857142857

n: 45.0

Residual: 0.46167997440292463


epsilon: 2.0

m: 6.142857142857142

n: 12.0

Residual: 0.2655549259291413


epsilon: 2.0

m: 6.142857142857142

n: 16.714285714285715

Residual: 0.33680814359606825


epsilon: 2.0

m: 6.142857142857142

n: 21.42857142857143

Residual: 0.41720445166115394


epsilon: 2.0

m: 6.142857142857142

n: 26.142857142857142

Residual: 0.46879705776967473


epsilon: 2.0

m: 6.142857142857142

n: 30.857142857142858

Residual: 0.49904779603058996


epsilon: 2.0

m: 6.142857142857142

n: 35.57142857142857

Residual: 0.5250978012493497


epsilon: 2.0

m: 6.142857142857142

n: 40.285714285714285

Residual: 0.5427078673392008


epsilon: 2.0

m: 6.142857142857142

n: 45.0

Residual: 0.5540564880644088


epsilon: 2.0

m: 6.428571428571429

n: 12.0

Residual: 0.3146183561118238


epsilon: 2.0

m: 6.428571428571429

n: 16.714285714285715

Residual: 0.4264857927535446


epsilon: 2.0

m: 6.428571428571429

n: 21.42857142857143

Residual: 0.5023609942218494


epsilon: 2.0

m: 6.428571428571429

n: 26.142857142857142

Residual: 0.5504324131563416


epsilon: 2.0

m: 6.428571428571429

n: 30.857142857142858

Residual: 0.578574533639386


epsilon: 2.0

m: 6.428571428571429

n: 35.57142857142857

Residual: 0.6027680111443746


epsilon: 2.0

m: 6.428571428571429

n: 40.285714285714285

Residual: 0.6184541692283723


epsilon: 2.0

m: 6.428571428571429

n: 45.0

Residual: 0.6306789345819218


epsilon: 2.0

m: 6.714285714285714

n: 12.0

Residual: 0.3655660751529831


epsilon: 2.0

m: 6.714285714285714

n: 16.714285714285715

Residual: 0.5017142207576748


epsilon: 2.0

m: 6.714285714285714

n: 21.42857142857143

Residual: 0.5733735062514911


epsilon: 2.0

m: 6.714285714285714

n: 26.142857142857142

Residual: 0.6177310677923491


epsilon: 2.0

m: 6.714285714285714

n: 30.857142857142858

Residual: 0.6440325926302682


epsilon: 2.0

m: 6.714285714285714

n: 35.57142857142857

Residual: 0.6637535374519424


epsilon: 2.0

m: 6.714285714285714

n: 40.285714285714285

Residual: 0.677726672758963


epsilon: 2.0

m: 6.714285714285714

n: 45.0

Residual: 0.6893250041491251


epsilon: 2.0

m: 7.0

n: 12.0

Residual: 0.4208139586778989


epsilon: 2.0

m: 7.0

n: 16.714285714285715

Residual: 0.563072338497723


epsilon: 2.0

m: 7.0

n: 21.42857142857143

Residual: 0.632411545466186


epsilon: 2.0

m: 7.0

n: 26.142857142857142

Residual: 0.6718573015298335


epsilon: 2.0

m: 7.0

n: 30.857142857142858

Residual: 0.6971220379935789


epsilon: 2.0

m: 7.0

n: 35.57142857142857

Residual: 0.7153811981408834


epsilon: 2.0

m: 7.0

n: 40.285714285714285

Residual: 0.7283214447132523


epsilon: 2.0

m: 7.0

n: 45.0

Residual: 0.7409680622948839


epsilon: 2.5

m: 5.0

n: 12.0

Residual: 0.45004167659879757


epsilon: 2.5

m: 5.0

n: 16.714285714285715

Residual: 0.3307535669521678


epsilon: 2.5

m: 5.0

n: 21.42857142857143

Residual: 0.2578539143521917


epsilon: 2.5

m: 5.0

n: 26.142857142857142

Residual: 0.20921769561584627


epsilon: 2.5

m: 5.0

n: 30.857142857142858

Residual: 0.17266006088319155


epsilon: 2.5

m: 5.0

n: 35.57142857142857

Residual: 0.14710204250870226


epsilon: 2.5

m: 5.0

n: 40.285714285714285

Residual: 0.1297769194458932


epsilon: 2.5

m: 5.0

n: 45.0

Residual: 0.11799235446014783


epsilon: 2.5

m: 5.285714285714286

n: 12.0

Residual: 0.30961143172750294


epsilon: 2.5

m: 5.285714285714286

n: 16.714285714285715

Residual: 0.20405552880196573


epsilon: 2.5

m: 5.285714285714286

n: 21.42857142857143

Residual: 0.1622067660412475


epsilon: 2.5

m: 5.285714285714286

n: 26.142857142857142

Residual: 0.14377240741010736


epsilon: 2.5

m: 5.285714285714286

n: 30.857142857142858

Residual: 0.1366439890583396


epsilon: 2.5

m: 5.285714285714286

n: 35.57142857142857

Residual: 0.1340788379949517


epsilon: 2.5

m: 5.285714285714286

n: 40.285714285714285

Residual: 0.13432565623175957


epsilon: 2.5

m: 5.285714285714286

n: 45.0

Residual: 0.1360977525584478


epsilon: 2.5

m: 5.571428571428571

n: 12.0

Residual: 0.2499992536134373


epsilon: 2.5

m: 5.571428571428571

n: 16.714285714285715

Residual: 0.19463258572397213


epsilon: 2.5

m: 5.571428571428571

n: 21.42857142857143

Residual: 0.18735255791938638


epsilon: 2.5

m: 5.571428571428571

n: 26.142857142857142

Residual: 0.19410417092801158


epsilon: 2.5

m: 5.571428571428571

n: 30.857142857142858

Residual: 0.2047359841102055


epsilon: 2.5

m: 5.571428571428571

n: 35.57142857142857

Residual: 0.21669108502650578


epsilon: 2.5

m: 5.571428571428571

n: 40.285714285714285

Residual: 0.22851164183615905


epsilon: 2.5

m: 5.571428571428571

n: 45.0

Residual: 0.23904263877951015


epsilon: 2.5

m: 5.857142857142857

n: 12.0

Residual: 0.24436601083259873


epsilon: 2.5

m: 5.857142857142857

n: 16.714285714285715

Residual: 0.23308588465149335


epsilon: 2.5

m: 5.857142857142857

n: 21.42857142857143

Residual: 0.25339004711513596


epsilon: 2.5

m: 5.857142857142857

n: 26.142857142857142

Residual: 0.27672056009747004


epsilon: 2.5

m: 5.857142857142857

n: 30.857142857142858

Residual: 0.303490086293206


epsilon: 2.5

m: 5.857142857142857

n: 35.57142857142857

Residual: 0.329454250341327


epsilon: 2.5

m: 5.857142857142857

n: 40.285714285714285

Residual: 0.3546705961837425


epsilon: 2.5

m: 5.857142857142857

n: 45.0

Residual: 0.3687631426913749


epsilon: 2.5

m: 6.142857142857142

n: 12.0

Residual: 0.2660151548945465


epsilon: 2.5

m: 6.142857142857142

n: 16.714285714285715

Residual: 0.28924989397782475


epsilon: 2.5

m: 6.142857142857142

n: 21.42857142857143

Residual: 0.3313952504841467


epsilon: 2.5

m: 6.142857142857142

n: 26.142857142857142

Residual: 0.37546215396782


epsilon: 2.5

m: 6.142857142857142

n: 30.857142857142858

Residual: 0.41147101560747845


epsilon: 2.5

m: 6.142857142857142

n: 35.57142857142857

Residual: 0.43936526039984886


epsilon: 2.5

m: 6.142857142857142

n: 40.285714285714285

Residual: 0.4596944146021575


epsilon: 2.5

m: 6.142857142857142

n: 45.0

Residual: 0.47619130556476147


epsilon: 2.5

m: 6.428571428571429

n: 12.0

Residual: 0.2979628217236192


epsilon: 2.5

m: 6.428571428571429

n: 16.714285714285715

Residual: 0.3503458279973048


epsilon: 2.5

m: 6.428571428571429

n: 21.42857142857143

Residual: 0.41434048089081177


epsilon: 2.5

m: 6.428571428571429

n: 26.142857142857142

Residual: 0.47040676128922454


epsilon: 2.5

m: 6.428571428571429

n: 30.857142857142858

Residual: 0.5009097522235599


epsilon: 2.5

m: 6.428571428571429

n: 35.57142857142857

Residual: 0.5254412564243086


epsilon: 2.5

m: 6.428571428571429

n: 40.285714285714285

Residual: 0.5459327075523484


epsilon: 2.5

m: 6.428571428571429

n: 45.0

Residual: 0.5594193156773952


epsilon: 2.5

m: 6.714285714285714

n: 12.0

Residual: 0.33324983021150795


epsilon: 2.5

m: 6.714285714285714

n: 16.714285714285715

Residual: 0.4152158431052863


epsilon: 2.5

m: 6.714285714285714

n: 21.42857142857143

Residual: 0.4941209449271731


epsilon: 2.5

m: 6.714285714285714

n: 26.142857142857142

Residual: 0.5426149623582036


epsilon: 2.5

m: 6.714285714285714

n: 30.857142857142858

Residual: 0.5733838760716274


epsilon: 2.5

m: 6.714285714285714

n: 35.57142857142857

Residual: 0.5951661617124883


epsilon: 2.5

m: 6.714285714285714

n: 40.285714285714285

Residual: 0.6151623178406717


epsilon: 2.5

m: 6.714285714285714

n: 45.0

Residual: 0.6294736262889477


epsilon: 2.5

m: 7.0

n: 12.0

Residual: 0.3724815806475005


epsilon: 2.5

m: 7.0

n: 16.714285714285715

Residual: 0.48304282568065154


epsilon: 2.5

m: 7.0

n: 21.42857142857143

Residual: 0.5594851847296227


epsilon: 2.5

m: 7.0

n: 26.142857142857142

Residual: 0.6019625716846891


epsilon: 2.5

m: 7.0

n: 30.857142857142858

Residual: 0.6345657082769108


epsilon: 2.5

m: 7.0

n: 35.57142857142857

Residual: 0.6531400808057185


epsilon: 2.5

m: 7.0

n: 40.285714285714285

Residual: 0.6725624272633789


epsilon: 2.5

m: 7.0

n: 45.0

Residual: 0.6807661646550556


epsilon: 3.0

m: 5.0

n: 12.0

Residual: 0.5203259329415353


epsilon: 3.0

m: 5.0

n: 16.714285714285715

Residual: 0.4098089175882541


epsilon: 3.0

m: 5.0

n: 21.42857142857143

Residual: 0.34061425699182424


epsilon: 3.0

m: 5.0

n: 26.142857142857142

Residual: 0.2942682007157671


epsilon: 3.0

m: 5.0

n: 30.857142857142858

Residual: 0.2605068614133621


epsilon: 3.0

m: 5.0

n: 35.57142857142857

Residual: 0.23386137179746894


epsilon: 3.0

m: 5.0

n: 40.285714285714285

Residual: 0.21254234300939154


epsilon: 3.0

m: 5.0

n: 45.0

Residual: 0.19582096212828495


epsilon: 3.0

m: 5.285714285714286

n: 12.0

Residual: 0.3877196322775005


epsilon: 3.0

m: 5.285714285714286

n: 16.714285714285715

Residual: 0.2655968989738299


epsilon: 3.0

m: 5.285714285714286

n: 21.42857142857143

Residual: 0.20914313762314837


epsilon: 3.0

m: 5.285714285714286

n: 26.142857142857142

Residual: 0.1797105137118339


epsilon: 3.0

m: 5.285714285714286

n: 30.857142857142858

Residual: 0.16062986876332055


epsilon: 3.0

m: 5.285714285714286

n: 35.57142857142857

Residual: 0.150524251846817


epsilon: 3.0

m: 5.285714285714286

n: 40.285714285714285

Residual: 0.14285503481105216


epsilon: 3.0

m: 5.285714285714286

n: 45.0

Residual: 0.13957869369497908


epsilon: 3.0

m: 5.571428571428571

n: 12.0

Residual: 0.30225463302916183


epsilon: 3.0

m: 5.571428571428571

n: 16.714285714285715

Residual: 0.22458271062685162


epsilon: 3.0

m: 5.571428571428571

n: 21.42857142857143

Residual: 0.19772954430966178


epsilon: 3.0

m: 5.571428571428571

n: 26.142857142857142

Residual: 0.18902305281021253


epsilon: 3.0

m: 5.571428571428571

n: 30.857142857142858

Residual: 0.18888209871921488


epsilon: 3.0

m: 5.571428571428571

n: 35.57142857142857

Residual: 0.19180970643882325


epsilon: 3.0

m: 5.571428571428571

n: 40.285714285714285

Residual: 0.19457167587985524


epsilon: 3.0

m: 5.571428571428571

n: 45.0

Residual: 0.20047691924843772


epsilon: 3.0

m: 5.857142857142857

n: 12.0

Residual: 0.27824737589015763


epsilon: 3.0

m: 5.857142857142857

n: 16.714285714285715

Residual: 0.23693294837091178


epsilon: 3.0

m: 5.857142857142857

n: 21.42857142857143

Residual: 0.2365400032994914


epsilon: 3.0

m: 5.857142857142857

n: 26.142857142857142

Residual: 0.24617754778571976


epsilon: 3.0

m: 5.857142857142857

n: 30.857142857142858

Residual: 0.2573374953877387


epsilon: 3.0

m: 5.857142857142857

n: 35.57142857142857

Residual: 0.270553557022219


epsilon: 3.0

m: 5.857142857142857

n: 40.285714285714285

Residual: 0.2821684351652243


epsilon: 3.0

m: 5.857142857142857

n: 45.0

Residual: 0.2928444699420432


epsilon: 3.0

m: 6.142857142857142

n: 12.0

Residual: 0.28186652600979745


epsilon: 3.0

m: 6.142857142857142

n: 16.714285714285715

Residual: 0.2749348148467054


epsilon: 3.0

m: 6.142857142857142

n: 21.42857142857143

Residual: 0.2947310662144242


epsilon: 3.0

m: 6.142857142857142

n: 26.142857142857142

Residual: 0.31669380821303456


epsilon: 3.0

m: 6.142857142857142

n: 30.857142857142858

Residual: 0.3402186892600061


epsilon: 3.0

m: 6.142857142857142

n: 35.57142857142857

Residual: 0.36363007556349924


epsilon: 3.0

m: 6.142857142857142

n: 40.285714285714285

Residual: 0.3833469617593942


epsilon: 3.0

m: 6.142857142857142

n: 45.0

Residual: 0.4031764382993386


epsilon: 3.0

m: 6.428571428571429

n: 12.0

Residual: 0.30086964288011564


epsilon: 3.0

m: 6.428571428571429

n: 16.714285714285715

Residual: 0.32299934639688194


epsilon: 3.0

m: 6.428571428571429

n: 21.42857142857143

Residual: 0.3572808680995867


epsilon: 3.0

m: 6.428571428571429

n: 26.142857142857142

Residual: 0.39353621459883786


epsilon: 3.0

m: 6.428571428571429

n: 30.857142857142858

Residual: 0.4305872146952692


epsilon: 3.0

m: 6.428571428571429

n: 35.57142857142857

Residual: 0.4576546507933214


epsilon: 3.0

m: 6.428571428571429

n: 40.285714285714285

Residual: 0.47995035321444407


epsilon: 3.0

m: 6.428571428571429

n: 45.0

Residual: 0.49372956873706597


epsilon: 3.0

m: 6.714285714285714

n: 12.0

Residual: 0.32614662115583015


epsilon: 3.0

m: 6.714285714285714

n: 16.714285714285715

Residual: 0.3739005537271693


epsilon: 3.0

m: 6.714285714285714

n: 21.42857142857143

Residual: 0.4229507634588094


epsilon: 3.0

m: 6.714285714285714

n: 26.142857142857142

Residual: 0.47289856099071176


epsilon: 3.0

m: 6.714285714285714

n: 30.857142857142858

Residual: 0.5100395823934237


epsilon: 3.0

m: 6.714285714285714

n: 35.57142857142857

Residual: 0.5310290632581642


epsilon: 3.0

m: 6.714285714285714

n: 40.285714285714285

Residual: 0.5558961415414369


epsilon: 3.0

m: 6.714285714285714

n: 45.0

Residual: 0.5684823181509995


epsilon: 3.0

m: 7.0

n: 12.0

Residual: 0.3544341071175216


epsilon: 3.0

m: 7.0

n: 16.714285714285715

Residual: 0.42388316704860707


epsilon: 3.0

m: 7.0

n: 21.42857142857143

Residual: 0.4935484296706497


epsilon: 3.0

m: 7.0

n: 26.142857142857142

Residual: 0.5396133125687016


epsilon: 3.0

m: 7.0

n: 30.857142857142858

Residual: 0.574338781724315


epsilon: 3.0

m: 7.0

n: 35.57142857142857

Residual: 0.5969591417685508


epsilon: 3.0

m: 7.0

n: 40.285714285714285

Residual: 0.6115998318632364


epsilon: 3.0

m: 7.0

n: 45.0

Residual: 0.6317215352499009


epsilon: 3.5

m: 5.0

n: 12.0

Residual: 0.5739655293831857


epsilon: 3.5

m: 5.0

n: 16.714285714285715

Residual: 0.47095306572643575


epsilon: 3.5

m: 5.0

n: 21.42857142857143

Residual: 0.40637561335307876


epsilon: 3.5

m: 5.0

n: 26.142857142857142

Residual: 0.36303084673969493


epsilon: 3.5

m: 5.0

n: 30.857142857142858

Residual: 0.33033212860702327


epsilon: 3.5

m: 5.0

n: 35.57142857142857

Residual: 0.30560832971271645


epsilon: 3.5

m: 5.0

n: 40.285714285714285

Residual: 0.2855869757115276


epsilon: 3.5

m: 5.0

n: 45.0

Residual: 0.2691947030969494


epsilon: 3.5

m: 5.285714285714286

n: 12.0

Residual: 0.4510786860308685


epsilon: 3.5

m: 5.285714285714286

n: 16.714285714285715

Residual: 0.3269550778269668


epsilon: 3.5

m: 5.285714285714286

n: 21.42857142857143

Residual: 0.2621533645861717


epsilon: 3.5

m: 5.285714285714286

n: 26.142857142857142

Residual: 0.22364427727615235


epsilon: 3.5

m: 5.285714285714286

n: 30.857142857142858

Residual: 0.20039244153943148


epsilon: 3.5

m: 5.285714285714286

n: 35.57142857142857

Residual: 0.18392605982659813


epsilon: 3.5

m: 5.285714285714286

n: 40.285714285714285

Residual: 0.17253380816591732


epsilon: 3.5

m: 5.285714285714286

n: 45.0

Residual: 0.16534842278717973


epsilon: 3.5

m: 5.571428571428571

n: 12.0

Residual: 0.3535964313328877


epsilon: 3.5

m: 5.571428571428571

n: 16.714285714285715

Residual: 0.26047475194870484


epsilon: 3.5

m: 5.571428571428571

n: 21.42857142857143

Residual: 0.22150382151550957


epsilon: 3.5

m: 5.571428571428571

n: 26.142857142857142

Residual: 0.20358439710894366


epsilon: 3.5

m: 5.571428571428571

n: 30.857142857142858

Residual: 0.19574190200503652


epsilon: 3.5

m: 5.571428571428571

n: 35.57142857142857

Residual: 0.19181371934399533


epsilon: 3.5

m: 5.571428571428571

n: 40.285714285714285

Residual: 0.18793409760785884


epsilon: 3.5

m: 5.571428571428571

n: 45.0

Residual: 0.18899117804548574


epsilon: 3.5

m: 5.857142857142857

n: 12.0

Residual: 0.3147757893557044


epsilon: 3.5

m: 5.857142857142857

n: 16.714285714285715

Residual: 0.25454132363970805


epsilon: 3.5

m: 5.857142857142857

n: 21.42857142857143

Residual: 0.23874659332326767


epsilon: 3.5

m: 5.857142857142857

n: 26.142857142857142

Residual: 0.23640552219317873


epsilon: 3.5

m: 5.857142857142857

n: 30.857142857142858

Residual: 0.2413709393773754


epsilon: 3.5

m: 5.857142857142857

n: 35.57142857142857

Residual: 0.24577466674708096


epsilon: 3.5

m: 5.857142857142857

n: 40.285714285714285

Residual: 0.2533654553169294


epsilon: 3.5

m: 5.857142857142857

n: 45.0

Residual: 0.2583029485664353


epsilon: 3.5

m: 6.142857142857142

n: 12.0

Residual: 0.30561131446571327


epsilon: 3.5

m: 6.142857142857142

n: 16.714285714285715

Residual: 0.27649516608609837


epsilon: 3.5

m: 6.142857142857142

n: 21.42857142857143

Residual: 0.2800158499726699


epsilon: 3.5

m: 6.142857142857142

n: 26.142857142857142

Residual: 0.29323245365489886


epsilon: 3.5

m: 6.142857142857142

n: 30.857142857142858

Residual: 0.30595577159982196


epsilon: 3.5

m: 6.142857142857142

n: 35.57142857142857

Residual: 0.3197679852043229


epsilon: 3.5

m: 6.142857142857142

n: 40.285714285714285

Residual: 0.3299052083463912


epsilon: 3.5

m: 6.142857142857142

n: 45.0

Residual: 0.3445045188071854


epsilon: 3.5

m: 6.428571428571429

n: 12.0

Residual: 0.3133759709102705


epsilon: 3.5

m: 6.428571428571429

n: 16.714285714285715

Residual: 0.3117399423661205


epsilon: 3.5

m: 6.428571428571429

n: 21.42857142857143

Residual: 0.3319300428439118


epsilon: 3.5

m: 6.428571428571429

n: 26.142857142857142

Residual: 0.35516596383618587


epsilon: 3.5

m: 6.428571428571429

n: 30.857142857142858

Residual: 0.3733269075228449


epsilon: 3.5

m: 6.428571428571429

n: 35.57142857142857

Residual: 0.39359361945928095


epsilon: 3.5

m: 6.428571428571429

n: 40.285714285714285

Residual: 0.41627055199640567


epsilon: 3.5

m: 6.428571428571429

n: 45.0

Residual: 0.4323015167985915


epsilon: 3.5

m: 6.714285714285714

n: 12.0

Residual: 0.33136068578103905


epsilon: 3.5

m: 6.714285714285714

n: 16.714285714285715

Residual: 0.3531501305334203


epsilon: 3.5

m: 6.714285714285714

n: 21.42857142857143

Residual: 0.38625932400713336


epsilon: 3.5

m: 6.714285714285714

n: 26.142857142857142

Residual: 0.4170889061284628


epsilon: 3.5

m: 6.714285714285714

n: 30.857142857142858

Residual: 0.4491572657828872


epsilon: 3.5

m: 6.714285714285714

n: 35.57142857142857

Residual: 0.47838154891681167


epsilon: 3.5

m: 6.714285714285714

n: 40.285714285714285

Residual: 0.4971791003632992


epsilon: 3.5

m: 6.714285714285714

n: 45.0

Residual: 0.514372391075278


epsilon: 3.5

m: 7.0

n: 12.0

Residual: 0.35217649504273746


epsilon: 3.5

m: 7.0

n: 16.714285714285715

Residual: 0.3958951226755682


epsilon: 3.5

m: 7.0

n: 21.42857142857143

Residual: 0.44077567803260587


epsilon: 3.5

m: 7.0

n: 26.142857142857142

Residual: 0.48659367936867054


epsilon: 3.5

m: 7.0

n: 30.857142857142858

Residual: 0.5234373616021889


epsilon: 3.5

m: 7.0

n: 35.57142857142857

Residual: 0.5448885941128337


epsilon: 3.5

m: 7.0

n: 40.285714285714285

Residual: 0.5662863773146766


epsilon: 3.5

m: 7.0

n: 45.0

Residual: 0.5838280456719885


epsilon: 4.0

m: 5.0

n: 12.0

Residual: 0.6171631401485912


epsilon: 4.0

m: 5.0

n: 16.714285714285715

Residual: 0.5211515680828102


epsilon: 4.0

m: 5.0

n: 21.42857142857143

Residual: 0.46141836615522835


epsilon: 4.0

m: 5.0

n: 26.142857142857142

Residual: 0.41944730363376354


epsilon: 4.0

m: 5.0

n: 30.857142857142858

Residual: 0.38864095523284187


epsilon: 4.0

m: 5.0

n: 35.57142857142857

Residual: 0.36504998136541017


epsilon: 4.0

m: 5.0

n: 40.285714285714285

Residual: 0.3455164273074772


epsilon: 4.0

m: 5.0

n: 45.0

Residual: 0.3304406428827469


epsilon: 4.0

m: 5.285714285714286

n: 12.0

Residual: 0.5022758317478324


epsilon: 4.0

m: 5.285714285714286

n: 16.714285714285715

Residual: 0.3828991322972542


epsilon: 4.0

m: 5.285714285714286

n: 21.42857142857143

Residual: 0.3132201934019753


epsilon: 4.0

m: 5.285714285714286

n: 26.142857142857142

Residual: 0.2712463528261725


epsilon: 4.0

m: 5.285714285714286

n: 30.857142857142858

Residual: 0.24369300343735018


epsilon: 4.0

m: 5.285714285714286

n: 35.57142857142857

Residual: 0.2233315539138174


epsilon: 4.0

m: 5.285714285714286

n: 40.285714285714285

Residual: 0.20924142163736362


epsilon: 4.0

m: 5.285714285714286

n: 45.0

Residual: 0.19832316018421717


epsilon: 4.0

m: 5.571428571428571

n: 12.0

Residual: 0.39887945867566565


epsilon: 4.0

m: 5.571428571428571

n: 16.714285714285715

Residual: 0.2971980180905417


epsilon: 4.0

m: 5.571428571428571

n: 21.42857142857143

Residual: 0.25049420971187


epsilon: 4.0

m: 5.571428571428571

n: 26.142857142857142

Residual: 0.226297589874053


epsilon: 4.0

m: 5.571428571428571

n: 30.857142857142858

Residual: 0.21079216875514434


epsilon: 4.0

m: 5.571428571428571

n: 35.57142857142857

Residual: 0.20372119179162307


epsilon: 4.0

m: 5.571428571428571

n: 40.285714285714285

Residual: 0.19815509768336204


epsilon: 4.0

m: 5.571428571428571

n: 45.0

Residual: 0.19354729416340535


epsilon: 4.0

m: 5.857142857142857

n: 12.0

Residual: 0.35108261610683295


epsilon: 4.0

m: 5.857142857142857

n: 16.714285714285715

Residual: 0.27586235686957433


epsilon: 4.0

m: 5.857142857142857

n: 21.42857142857143

Residual: 0.25071127921212005


epsilon: 4.0

m: 5.857142857142857

n: 26.142857142857142

Residual: 0.241051205077931


epsilon: 4.0

m: 5.857142857142857

n: 30.857142857142858

Residual: 0.23740138792356597


epsilon: 4.0

m: 5.857142857142857

n: 35.57142857142857

Residual: 0.23860719017931667


epsilon: 4.0

m: 5.857142857142857

n: 40.285714285714285

Residual: 0.24064521741497566


epsilon: 4.0

m: 5.857142857142857

n: 45.0

Residual: 0.242655925145854


epsilon: 4.0

m: 6.142857142857142

n: 12.0

Residual: 0.33268195616761004


epsilon: 4.0

m: 6.142857142857142

n: 16.714285714285715

Residual: 0.2865192077827404


epsilon: 4.0

m: 6.142857142857142

n: 21.42857142857143

Residual: 0.27829152057931633


epsilon: 4.0

m: 6.142857142857142

n: 26.142857142857142

Residual: 0.2812787822926506


epsilon: 4.0

m: 6.142857142857142

n: 30.857142857142858

Residual: 0.2885457957890658


epsilon: 4.0

m: 6.142857142857142

n: 35.57142857142857

Residual: 0.2967465567078805


epsilon: 4.0

m: 6.142857142857142

n: 40.285714285714285

Residual: 0.30490687609269035


epsilon: 4.0

m: 6.142857142857142

n: 45.0

Residual: 0.31117465890819396


epsilon: 4.0

m: 6.428571428571429

n: 12.0

Residual: 0.3315029613593009


epsilon: 4.0

m: 6.428571428571429

n: 16.714285714285715

Residual: 0.31145356128832646


epsilon: 4.0

m: 6.428571428571429

n: 21.42857142857143

Residual: 0.319302105490709


epsilon: 4.0

m: 6.428571428571429

n: 26.142857142857142

Residual: 0.33191899658767776


epsilon: 4.0

m: 6.428571428571429

n: 30.857142857142858

Residual: 0.34913478429418227


epsilon: 4.0

m: 6.428571428571429

n: 35.57142857142857

Residual: 0.3613121047336943


epsilon: 4.0

m: 6.428571428571429

n: 40.285714285714285

Residual: 0.37425636972290344


epsilon: 4.0

m: 6.428571428571429

n: 45.0

Residual: 0.38549952593413767


epsilon: 4.0

m: 6.714285714285714

n: 12.0

Residual: 0.3405809340858759


epsilon: 4.0

m: 6.714285714285714

n: 16.714285714285715

Residual: 0.3405968235102421


epsilon: 4.0

m: 6.714285714285714

n: 21.42857142857143

Residual: 0.36416512426300895


epsilon: 4.0

m: 6.714285714285714

n: 26.142857142857142

Residual: 0.38867348058415907


epsilon: 4.0

m: 6.714285714285714

n: 30.857142857142858

Residual: 0.4077680744488996


epsilon: 4.0

m: 6.714285714285714

n: 35.57142857142857

Residual: 0.4287464106686622


epsilon: 4.0

m: 6.714285714285714

n: 40.285714285714285

Residual: 0.44585917849259443


epsilon: 4.0

m: 6.714285714285714

n: 45.0

Residual: 0.4624487018993019


epsilon: 4.0

m: 7.0

n: 12.0

Residual: 0.3579599371932465


epsilon: 4.0

m: 7.0

n: 16.714285714285715

Residual: 0.3798891716388006


epsilon: 4.0

m: 7.0

n: 21.42857142857143

Residual: 0.4129832308853282


epsilon: 4.0

m: 7.0

n: 26.142857142857142

Residual: 0.4431214275066236


epsilon: 4.0

m: 7.0

n: 30.857142857142858

Residual: 0.4706687238460247


epsilon: 4.0

m: 7.0

n: 35.57142857142857

Residual: 0.49512299535502363


epsilon: 4.0

m: 7.0

n: 40.285714285714285

Residual: 0.5168330270196573


epsilon: 4.0

m: 7.0

n: 45.0

Residual: 0.5341423317430058


