epsilon: 0.5

m: 4.0

n: 12.0

Residual: 0.31793191782696917


epsilon: 0.5

m: 4.0

n: 12.0

Residual: 0.3179710701576032


epsilon: 0.5

m: 4.0

n: 16.22222222222222

Residual: 0.2713331777019988


epsilon: 0.5

m: 4.0

n: 20.444444444444443

Residual: 0.2543818582304986


epsilon: 0.5

m: 4.0

n: 24.666666666666668

Residual: 0.24768315219792478


epsilon: 0.5

m: 4.0

n: 28.88888888888889

Residual: 0.24633826039016704


epsilon: 0.5

m: 4.0

n: 33.111111111111114

Residual: 0.2460834194291171


epsilon: 0.5

m: 4.0

n: 37.333333333333336

Residual: 0.24593120868655738


epsilon: 0.5

m: 4.0

n: 41.55555555555556

Residual: 0.2467710458408533


epsilon: 0.5

m: 4.0

n: 45.77777777777778

Residual: 0.24864747161941045


epsilon: 0.5

m: 4.0

n: 50.0

Residual: 0.2501612957138679


epsilon: 0.5

m: 4.333333333333333

n: 12.0

Residual: 0.19417445041497164


epsilon: 0.5

m: 4.333333333333333

n: 16.22222222222222

Residual: 0.20196204439463222


epsilon: 0.5

m: 4.333333333333333

n: 20.444444444444443

Residual: 0.2251108515743592


epsilon: 0.5

m: 4.333333333333333

n: 24.666666666666668

Residual: 0.24599048334792853


epsilon: 0.5

m: 4.333333333333333

n: 28.88888888888889

Residual: 0.2645098980847781


epsilon: 0.5

m: 4.333333333333333

n: 33.111111111111114

Residual: 0.27873341722129186


epsilon: 0.5

m: 4.333333333333333

n: 37.333333333333336

Residual: 0.2913272607180851


epsilon: 0.5

m: 4.333333333333333

n: 41.55555555555556

Residual: 0.3018891287924418


epsilon: 0.5

m: 4.333333333333333

n: 45.77777777777778

Residual: 0.3111514632380425


epsilon: 0.5

m: 4.333333333333333

n: 50.0

Residual: 0.3192793011955028


epsilon: 0.5

m: 4.666666666666667

n: 12.0

Residual: 0.20205623008939963


epsilon: 0.5

m: 4.666666666666667

n: 16.22222222222222

Residual: 0.295970918717053


epsilon: 0.5

m: 4.666666666666667

n: 20.444444444444443

Residual: 0.3575176365712134


epsilon: 0.5

m: 4.666666666666667

n: 24.666666666666668

Residual: 0.40018245184911205


epsilon: 0.5

m: 4.666666666666667

n: 28.88888888888889

Residual: 0.42873277256141834


epsilon: 0.5

m: 4.666666666666667

n: 33.111111111111114

Residual: 0.44991562038885924


epsilon: 0.5

m: 4.666666666666667

n: 37.333333333333336

Residual: 0.4675268079429405


epsilon: 0.5

m: 4.666666666666667

n: 41.55555555555556

Residual: 0.4795802880128183


epsilon: 0.5

m: 4.666666666666667

n: 45.77777777777778

Residual: 0.4916332984241974


epsilon: 0.5

m: 4.666666666666667

n: 50.0

Residual: 0.5004780217991512


epsilon: 0.5

m: 5.0

n: 12.0

Residual: 0.3589538783143769


epsilon: 0.5

m: 5.0

n: 16.22222222222222

Residual: 0.4663968231643008


epsilon: 0.5

m: 5.0

n: 20.444444444444443

Residual: 0.5242140171840305


epsilon: 0.5

m: 5.0

n: 24.666666666666668

Residual: 0.5601279884871782


epsilon: 0.5

m: 5.0

n: 28.88888888888889

Residual: 0.5843922977059741


epsilon: 0.5

m: 5.0

n: 33.111111111111114

Residual: 0.6035701794184348


epsilon: 0.5

m: 5.0

n: 37.333333333333336

Residual: 0.6189928672845398


epsilon: 0.5

m: 5.0

n: 41.55555555555556

Residual: 0.6286057508478092


epsilon: 0.5

m: 5.0

n: 45.77777777777778

Residual: 0.640724914581158


epsilon: 0.5

m: 5.0

n: 50.0

Residual: 0.645112051853285


epsilon: 0.5

m: 5.333333333333333

n: 12.0

Residual: 0.49764921856009636


epsilon: 0.5

m: 5.333333333333333

n: 16.22222222222222

Residual: 0.5944822325088837


epsilon: 0.5

m: 5.333333333333333

n: 20.444444444444443

Residual: 0.6432477547405689


epsilon: 0.5

m: 5.333333333333333

n: 24.666666666666668

Residual: 0.6734587112116523


epsilon: 0.5

m: 5.333333333333333

n: 28.88888888888889

Residual: 0.6951961817863118


epsilon: 0.5

m: 5.333333333333333

n: 33.111111111111114

Residual: 0.7115536076062976


epsilon: 0.5

m: 5.333333333333333

n: 37.333333333333336

Residual: 0.7210067186208188


epsilon: 0.5

m: 5.333333333333333

n: 41.55555555555556

Residual: 0.7310847254777961


epsilon: 0.5

m: 5.333333333333333

n: 45.77777777777778

Residual: 0.7391136355077589


epsilon: 0.5

m: 5.333333333333333

n: 50.0

Residual: 0.7453903557159708


epsilon: 0.5

m: 5.666666666666666

n: 12.0

Residual: 0.6019362990327888


epsilon: 0.5

m: 5.666666666666666

n: 16.22222222222222

Residual: 0.6861223599710223


epsilon: 0.5

m: 5.666666666666666

n: 20.444444444444443

Residual: 0.729108226698961


epsilon: 0.5

m: 5.666666666666666

n: 24.666666666666668

Residual: 0.7537399368864687


epsilon: 0.5

m: 5.666666666666666

n: 28.88888888888889

Residual: 0.7720885261637698


epsilon: 0.5

m: 5.666666666666666

n: 33.111111111111114

Residual: 0.784740702382636


epsilon: 0.5

m: 5.666666666666666

n: 37.333333333333336

Residual: 0.7949391217518376


epsilon: 0.5

m: 5.666666666666666

n: 41.55555555555556

Residual: 0.7998827546552973


epsilon: 0.5

m: 5.666666666666666

n: 45.77777777777778

Residual: 0.8090408348440981


epsilon: 0.5

m: 5.666666666666666

n: 50.0

Residual: 0.81262023110373


epsilon: 0.5

m: 6.0

n: 12.0

Residual: 0.6803910145389408


epsilon: 0.5

m: 6.0

n: 16.22222222222222

Residual: 0.7542935872387307


epsilon: 0.5

m: 6.0

n: 20.444444444444443

Residual: 0.7906663103193229


epsilon: 0.5

m: 6.0

n: 24.666666666666668

Residual: 0.8124291192808459


epsilon: 0.5

m: 6.0

n: 28.88888888888889

Residual: 0.8246068592169404


epsilon: 0.5

m: 6.0

n: 33.111111111111114

Residual: 0.8364008479528026


epsilon: 0.5

m: 6.0

n: 37.333333333333336

Residual: 0.8417988238456814


epsilon: 0.5

m: 6.0

n: 41.55555555555556

Residual: 0.8475378975654735


epsilon: 0.5

m: 6.0

n: 45.77777777777778

Residual: 0.8537004540189689


epsilon: 0.5

m: 6.0

n: 50.0

Residual: 0.8576056083414293


epsilon: 0.5

m: 6.333333333333333

n: 12.0

Residual: 0.7368251644909947


epsilon: 0.5

m: 6.333333333333333

n: 16.22222222222222

Residual: 0.8035839010803846


epsilon: 0.5

m: 6.333333333333333

n: 20.444444444444443

Residual: 0.8317946673181337


epsilon: 0.5

m: 6.333333333333333

n: 24.666666666666668

Residual: 0.8513329327861835


epsilon: 0.5

m: 6.333333333333333

n: 28.88888888888889

Residual: 0.8614177355071833


epsilon: 0.5

m: 6.333333333333333

n: 33.111111111111114

Residual: 0.870891704549235


epsilon: 0.5

m: 6.333333333333333

n: 37.333333333333336

Residual: 0.8776497212856142


epsilon: 0.5

m: 6.333333333333333

n: 41.55555555555556

Residual: 0.8813680206968114


epsilon: 0.5

m: 6.333333333333333

n: 45.77777777777778

Residual: 0.8849834783408139


epsilon: 0.5

m: 6.333333333333333

n: 50.0

Residual: 0.8896800926496464


epsilon: 0.5

m: 6.666666666666666

n: 12.0

Residual: 0.7791167342435146


epsilon: 0.5

m: 6.666666666666666

n: 16.22222222222222

Residual: 0.8377145755067439


epsilon: 0.5

m: 6.666666666666666

n: 20.444444444444443

Residual: 0.8631331339157461


epsilon: 0.5

m: 6.666666666666666

n: 24.666666666666668

Residual: 0.8780408773233584


epsilon: 0.5

m: 6.666666666666666

n: 28.88888888888889

Residual: 0.8900753132391863


epsilon: 0.5

m: 6.666666666666666

n: 33.111111111111114

Residual: 0.896617694368499


epsilon: 0.5

m: 6.666666666666666

n: 37.333333333333336

Residual: 0.9018350304087391


epsilon: 0.5

m: 6.666666666666666

n: 41.55555555555556

Residual: 0.9045325338644973


epsilon: 0.5

m: 6.666666666666666

n: 45.77777777777778

Residual: 0.9111338078676798


epsilon: 0.5

m: 6.666666666666666

n: 50.0

Residual: 0.9147131205725263


epsilon: 0.5

m: 7.0

n: 12.0

Residual: 0.8132767637406952


epsilon: 0.5

m: 7.0

n: 16.22222222222222

Residual: 0.8626871749131501


epsilon: 0.5

m: 7.0

n: 20.444444444444443

Residual: 0.8866585790397759


epsilon: 0.5

m: 7.0

n: 24.666666666666668

Residual: 0.8994862110990232


epsilon: 0.5

m: 7.0

n: 28.88888888888889

Residual: 0.9098370685743461


epsilon: 0.5

m: 7.0

n: 33.111111111111114

Residual: 0.9142351588910899


epsilon: 0.5

m: 7.0

n: 37.333333333333336

Residual: 0.9198036926545976


epsilon: 0.5

m: 7.0

n: 41.55555555555556

Residual: 0.921721701352997


epsilon: 0.5

m: 7.0

n: 45.77777777777778

Residual: 0.9280247118640886


epsilon: 0.5

m: 7.0

n: 50.0

Residual: 0.9282035984915928


epsilon: 1.1111111111111112

m: 4.0

n: 12.0

Residual: 0.5945584248826624


epsilon: 1.1111111111111112

m: 4.0

n: 16.22222222222222

Residual: 0.5220900915528236


epsilon: 1.1111111111111112

m: 4.0

n: 20.444444444444443

Residual: 0.47475127518233246


epsilon: 1.1111111111111112

m: 4.0

n: 24.666666666666668

Residual: 0.44113827670700273


epsilon: 1.1111111111111112

m: 4.0

n: 28.88888888888889

Residual: 0.4158297461300261


epsilon: 1.1111111111111112

m: 4.0

n: 33.111111111111114

Residual: 0.3992811177921284


epsilon: 1.1111111111111112

m: 4.0

n: 37.333333333333336

Residual: 0.38606666566502806


epsilon: 1.1111111111111112

m: 4.0

n: 41.55555555555556

Residual: 0.3744710979549087


epsilon: 1.1111111111111112

m: 4.0

n: 45.77777777777778

Residual: 0.36621483106648267


epsilon: 1.1111111111111112

m: 4.0

n: 50.0

Residual: 0.35850910038675576


epsilon: 1.1111111111111112

m: 4.333333333333333

n: 12.0

Residual: 0.4125395585463575


epsilon: 1.1111111111111112

m: 4.333333333333333

n: 16.22222222222222

Residual: 0.3176157397216858


epsilon: 1.1111111111111112

m: 4.333333333333333

n: 20.444444444444443

Residual: 0.26977728160551034


epsilon: 1.1111111111111112

m: 4.333333333333333

n: 24.666666666666668

Residual: 0.24266208833758884


epsilon: 1.1111111111111112

m: 4.333333333333333

n: 28.88888888888889

Residual: 0.22538138277533448


epsilon: 1.1111111111111112

m: 4.333333333333333

n: 33.111111111111114

Residual: 0.21524802377481345


epsilon: 1.1111111111111112

m: 4.333333333333333

n: 37.333333333333336

Residual: 0.20831162419337262


epsilon: 1.1111111111111112

m: 4.333333333333333

n: 41.55555555555556

Residual: 0.20283085386141592


epsilon: 1.1111111111111112

m: 4.333333333333333

n: 45.77777777777778

Residual: 0.19988390349893953


epsilon: 1.1111111111111112

m: 4.333333333333333

n: 50.0

Residual: 0.19586527674186852


epsilon: 1.1111111111111112

m: 4.666666666666667

n: 12.0

Residual: 0.22339365080581616


epsilon: 1.1111111111111112

m: 4.666666666666667

n: 16.22222222222222

Residual: 0.15040873000803687


epsilon: 1.1111111111111112

m: 4.666666666666667

n: 20.444444444444443

Residual: 0.13243849561300597


epsilon: 1.1111111111111112

m: 4.666666666666667

n: 24.666666666666668

Residual: 0.134348074274148


epsilon: 1.1111111111111112

m: 4.666666666666667

n: 28.88888888888889

Residual: 0.1395226442878159


epsilon: 1.1111111111111112

m: 4.666666666666667

n: 33.111111111111114

Residual: 0.14902113457919067


epsilon: 1.1111111111111112

m: 4.666666666666667

n: 37.333333333333336

Residual: 0.15661500068419787


epsilon: 1.1111111111111112

m: 4.666666666666667

n: 41.55555555555556

Residual: 0.16921648394454322


epsilon: 1.1111111111111112

m: 4.666666666666667

n: 45.77777777777778

Residual: 0.172657665155218


epsilon: 1.1111111111111112

m: 4.666666666666667

n: 50.0

Residual: 0.1799883694615904


epsilon: 1.1111111111111112

m: 5.0

n: 12.0

Residual: 0.08718950496649805


epsilon: 1.1111111111111112

m: 5.0

n: 16.22222222222222

Residual: 0.1120552863057479


epsilon: 1.1111111111111112

m: 5.0

n: 20.444444444444443

Residual: 0.18292441369574236


epsilon: 1.1111111111111112

m: 5.0

n: 24.666666666666668

Residual: 0.22870964427805102


epsilon: 1.1111111111111112

m: 5.0

n: 28.88888888888889

Residual: 0.26611802512062915


epsilon: 1.1111111111111112

m: 5.0

n: 33.111111111111114

Residual: 0.2896047050325769


epsilon: 1.1111111111111112

m: 5.0

n: 37.333333333333336

Residual: 0.3092870893468204


epsilon: 1.1111111111111112

m: 5.0

n: 41.55555555555556

Residual: 0.3266048387034432


epsilon: 1.1111111111111112

m: 5.0

n: 45.77777777777778

Residual: 0.34011131112260234


epsilon: 1.1111111111111112

m: 5.0

n: 50.0

Residual: 0.35523057438088795


epsilon: 1.1111111111111112

m: 5.333333333333333

n: 12.0

Residual: 0.14576883655034004


epsilon: 1.1111111111111112

m: 5.333333333333333

n: 16.22222222222222

Residual: 0.2765770758365745


epsilon: 1.1111111111111112

m: 5.333333333333333

n: 20.444444444444443

Residual: 0.34912373574423705


epsilon: 1.1111111111111112

m: 5.333333333333333

n: 24.666666666666668

Residual: 0.3946533512877302


epsilon: 1.1111111111111112

m: 5.333333333333333

n: 28.88888888888889

Residual: 0.42939529700735013


epsilon: 1.1111111111111112

m: 5.333333333333333

n: 33.111111111111114

Residual: 0.45384870695469803


epsilon: 1.1111111111111112

m: 5.333333333333333

n: 37.333333333333336

Residual: 0.47057045771535544


epsilon: 1.1111111111111112

m: 5.333333333333333

n: 41.55555555555556

Residual: 0.48662181221841266


epsilon: 1.1111111111111112

m: 5.333333333333333

n: 45.77777777777778

Residual: 0.5000953251045137


epsilon: 1.1111111111111112

m: 5.333333333333333

n: 50.0

Residual: 0.5099054379140908


epsilon: 1.1111111111111112

m: 5.666666666666666

n: 12.0

Residual: 0.28940636245468243


epsilon: 1.1111111111111112

m: 5.666666666666666

n: 16.22222222222222

Residual: 0.41577573107044247


epsilon: 1.1111111111111112

m: 5.666666666666666

n: 20.444444444444443

Residual: 0.48249734407134365


epsilon: 1.1111111111111112

m: 5.666666666666666

n: 24.666666666666668

Residual: 0.526424400809147


epsilon: 1.1111111111111112

m: 5.666666666666666

n: 28.88888888888889

Residual: 0.5544536932893409


epsilon: 1.1111111111111112

m: 5.666666666666666

n: 33.111111111111114

Residual: 0.5772739039212818


epsilon: 1.1111111111111112

m: 5.666666666666666

n: 37.333333333333336

Residual: 0.5933816873156244


epsilon: 1.1111111111111112

m: 5.666666666666666

n: 41.55555555555556

Residual: 0.6099933474067598


epsilon: 1.1111111111111112

m: 5.666666666666666

n: 45.77777777777778

Residual: 0.6161782761168882


epsilon: 1.1111111111111112

m: 5.666666666666666

n: 50.0

Residual: 0.6322592490217658


epsilon: 1.1111111111111112

m: 6.0

n: 12.0

Residual: 0.4035178786291172


epsilon: 1.1111111111111112

m: 6.0

n: 16.22222222222222

Residual: 0.5230925701341428


epsilon: 1.1111111111111112

m: 6.0

n: 20.444444444444443

Residual: 0.5844846831365945


epsilon: 1.1111111111111112

m: 6.0

n: 24.666666666666668

Residual: 0.6215877953765591


epsilon: 1.1111111111111112

m: 6.0

n: 28.88888888888889

Residual: 0.6485165822629068


epsilon: 1.1111111111111112

m: 6.0

n: 33.111111111111114

Residual: 0.6668828147969191


epsilon: 1.1111111111111112

m: 6.0

n: 37.333333333333336

Residual: 0.6809653719558623


epsilon: 1.1111111111111112

m: 6.0

n: 41.55555555555556

Residual: 0.6939235936122681


epsilon: 1.1111111111111112

m: 6.0

n: 45.77777777777778

Residual: 0.7107462204620854


epsilon: 1.1111111111111112

m: 6.0

n: 50.0

Residual: 0.720206476787109


epsilon: 1.1111111111111112

m: 6.333333333333333

n: 12.0

Residual: 0.4949100054056449


epsilon: 1.1111111111111112

m: 6.333333333333333

n: 16.22222222222222

Residual: 0.6082333763301656


epsilon: 1.1111111111111112

m: 6.333333333333333

n: 20.444444444444443

Residual: 0.6649262202151567


epsilon: 1.1111111111111112

m: 6.333333333333333

n: 24.666666666666668

Residual: 0.6937116976964706


epsilon: 1.1111111111111112

m: 6.333333333333333

n: 28.88888888888889

Residual: 0.7158232119989255


epsilon: 1.1111111111111112

m: 6.333333333333333

n: 33.111111111111114

Residual: 0.7342403861488727


epsilon: 1.1111111111111112

m: 6.333333333333333

n: 37.333333333333336

Residual: 0.7445935673051741


epsilon: 1.1111111111111112

m: 6.333333333333333

n: 41.55555555555556

Residual: 0.7597223325005591


epsilon: 1.1111111111111112

m: 6.333333333333333

n: 45.77777777777778

Residual: 0.7607822264405647


epsilon: 1.1111111111111112

m: 6.333333333333333

n: 50.0

Residual: 0.77224880874044


epsilon: 1.1111111111111112

m: 6.666666666666666

n: 12.0

Residual: 0.5667017703199199


epsilon: 1.1111111111111112

m: 6.666666666666666

n: 16.22222222222222

Residual: 0.6672625952731494


epsilon: 1.1111111111111112

m: 6.666666666666666

n: 20.444444444444443

Residual: 0.7221953796218208


epsilon: 1.1111111111111112

m: 6.666666666666666

n: 24.666666666666668

Residual: 0.7489345044407218


epsilon: 1.1111111111111112

m: 6.666666666666666

n: 28.88888888888889

Residual: 0.7676341339346999


epsilon: 1.1111111111111112

m: 6.666666666666666

n: 33.111111111111114

Residual: 0.7863339489902549


epsilon: 1.1111111111111112

m: 6.666666666666666

n: 37.333333333333336

Residual: 0.7928319996024308


epsilon: 1.1111111111111112

m: 6.666666666666666

n: 41.55555555555556

Residual: 0.8011821898545366


epsilon: 1.1111111111111112

m: 6.666666666666666

n: 45.77777777777778

Residual: 0.8184150731074322


epsilon: 1.1111111111111112

m: 6.666666666666666

n: 50.0

Residual: 0.8148769955561328


epsilon: 1.1111111111111112

m: 7.0

n: 12.0

Residual: 0.6268214481484421


epsilon: 1.1111111111111112

m: 7.0

n: 16.22222222222222

Residual: 0.7195444162649934


epsilon: 1.1111111111111112

m: 7.0

n: 20.444444444444443

Residual: 0.7649374489311923


epsilon: 1.1111111111111112

m: 7.0

n: 24.666666666666668

Residual: 0.7922502824159152


epsilon: 1.1111111111111112

m: 7.0

n: 28.88888888888889

Residual: 0.8088117656607192


epsilon: 1.1111111111111112

m: 7.0

n: 33.111111111111114

Residual: 0.8275309957238268


epsilon: 1.1111111111111112

m: 7.0

n: 37.333333333333336

Residual: 0.8324498531660574


epsilon: 1.1111111111111112

m: 7.0

n: 41.55555555555556

Residual: 0.8428083999210604


epsilon: 1.1111111111111112

m: 7.0

n: 45.77777777777778

Residual: 0.8405023605513643


epsilon: 1.1111111111111112

m: 7.0

n: 50.0

Residual: 0.850152574173291


epsilon: 1.7222222222222223

m: 4.0

n: 12.0

Residual: 0.7181275935638993


epsilon: 1.7222222222222223

m: 4.0

n: 16.22222222222222

Residual: 0.663126072355463


epsilon: 1.7222222222222223

m: 4.0

n: 20.444444444444443

Residual: 0.6263847796859823


epsilon: 1.7222222222222223

m: 4.0

n: 24.666666666666668

Residual: 0.5995539868544613


epsilon: 1.7222222222222223

m: 4.0

n: 28.88888888888889

Residual: 0.5796174838911902


epsilon: 1.7222222222222223

m: 4.0

n: 33.111111111111114

Residual: 0.5634621370994395


epsilon: 1.7222222222222223

m: 4.0

n: 37.333333333333336

Residual: 0.5505725129882277


epsilon: 1.7222222222222223

m: 4.0

n: 41.55555555555556

Residual: 0.5396918865190536


epsilon: 1.7222222222222223

m: 4.0

n: 45.77777777777778

Residual: 0.5302456875721285


epsilon: 1.7222222222222223

m: 4.0

n: 50.0

Residual: 0.5221234744034722


epsilon: 1.7222222222222223

m: 4.333333333333333

n: 12.0

Residual: 0.5769420272008672


epsilon: 1.7222222222222223

m: 4.333333333333333

n: 16.22222222222222

Residual: 0.49604492911968345


epsilon: 1.7222222222222223

m: 4.333333333333333

n: 20.444444444444443

Residual: 0.44364660512716947


epsilon: 1.7222222222222223

m: 4.333333333333333

n: 24.666666666666668

Residual: 0.4061590142327585


epsilon: 1.7222222222222223

m: 4.333333333333333

n: 28.88888888888889

Residual: 0.3783328758095957


epsilon: 1.7222222222222223

m: 4.333333333333333

n: 33.111111111111114

Residual: 0.35526420019837746


epsilon: 1.7222222222222223

m: 4.333333333333333

n: 37.333333333333336

Residual: 0.337978527337198


epsilon: 1.7222222222222223

m: 4.333333333333333

n: 41.55555555555556

Residual: 0.3287918052051626


epsilon: 1.7222222222222223

m: 4.333333333333333

n: 45.77777777777778

Residual: 0.3146593020866823


epsilon: 1.7222222222222223

m: 4.333333333333333

n: 50.0

Residual: 0.3056513782386844


epsilon: 1.7222222222222223

m: 4.666666666666667

n: 12.0

Residual: 0.41142986183271485


epsilon: 1.7222222222222223

m: 4.666666666666667

n: 16.22222222222222

Residual: 0.3054225025820931


epsilon: 1.7222222222222223

m: 4.666666666666667

n: 20.444444444444443

Residual: 0.23944399555420315


epsilon: 1.7222222222222223

m: 4.666666666666667

n: 24.666666666666668

Residual: 0.20265029606714816


epsilon: 1.7222222222222223

m: 4.666666666666667

n: 28.88888888888889

Residual: 0.17884477029315984


epsilon: 1.7222222222222223

m: 4.666666666666667

n: 33.111111111111114

Residual: 0.16492110012894048


epsilon: 1.7222222222222223

m: 4.666666666666667

n: 37.333333333333336

Residual: 0.15375016425573942


epsilon: 1.7222222222222223

m: 4.666666666666667

n: 41.55555555555556

Residual: 0.14688950430450662


epsilon: 1.7222222222222223

m: 4.666666666666667

n: 45.77777777777778

Residual: 0.14177405546834812


epsilon: 1.7222222222222223

m: 4.666666666666667

n: 50.0

Residual: 0.1378192897949385


epsilon: 1.7222222222222223

m: 5.0

n: 12.0

Residual: 0.23854518872876979


epsilon: 1.7222222222222223

m: 5.0

n: 16.22222222222222

Residual: 0.12530085078798436


epsilon: 1.7222222222222223

m: 5.0

n: 20.444444444444443

Residual: 0.08263071556532295


epsilon: 1.7222222222222223

m: 5.0

n: 24.666666666666668

Residual: 0.07316534609058438


epsilon: 1.7222222222222223

m: 5.0

n: 28.88888888888889

Residual: 0.07957648254446918


epsilon: 1.7222222222222223

m: 5.0

n: 33.111111111111114

Residual: 0.09428942358078805


epsilon: 1.7222222222222223

m: 5.0

n: 37.333333333333336

Residual: 0.10888704965289345


epsilon: 1.7222222222222223

m: 5.0

n: 41.55555555555556

Residual: 0.12895903892245886


epsilon: 1.7222222222222223

m: 5.0

n: 45.77777777777778

Residual: 0.1369994001164449


epsilon: 1.7222222222222223

m: 5.0

n: 50.0

Residual: 0.15117356587937514


epsilon: 1.7222222222222223

m: 5.333333333333333

n: 12.0

Residual: 0.07912683852529848


epsilon: 1.7222222222222223

m: 5.333333333333333

n: 16.22222222222222

Residual: 0.06481326913524768


epsilon: 1.7222222222222223

m: 5.333333333333333

n: 20.444444444444443

Residual: 0.1445882919517452


epsilon: 1.7222222222222223

m: 5.333333333333333

n: 24.666666666666668

Residual: 0.19610974998398042


epsilon: 1.7222222222222223

m: 5.333333333333333

n: 28.88888888888889

Residual: 0.23419374084112854


epsilon: 1.7222222222222223

m: 5.333333333333333

n: 33.111111111111114

Residual: 0.2623618239268881


epsilon: 1.7222222222222223

m: 5.333333333333333

n: 37.333333333333336

Residual: 0.28716114068655985


epsilon: 1.7222222222222223

m: 5.333333333333333

n: 41.55555555555556

Residual: 0.30329909549504536


epsilon: 1.7222222222222223

m: 5.333333333333333

n: 45.77777777777778

Residual: 0.3184483052224033


epsilon: 1.7222222222222223

m: 5.333333333333333

n: 50.0

Residual: 0.3281671594792185


epsilon: 1.7222222222222223

m: 5.666666666666666

n: 12.0

Residual: 0.07885453414651725


epsilon: 1.7222222222222223

m: 5.666666666666666

n: 16.22222222222222

Residual: 0.21915580668917986


epsilon: 1.7222222222222223

m: 5.666666666666666

n: 20.444444444444443

Residual: 0.29759398458130654


epsilon: 1.7222222222222223

m: 5.666666666666666

n: 24.666666666666668

Residual: 0.3481190360643638


epsilon: 1.7222222222222223

m: 5.666666666666666

n: 28.88888888888889

Residual: 0.3895063548348958


epsilon: 1.7222222222222223

m: 5.666666666666666

n: 33.111111111111114

Residual: 0.40933731593458555


epsilon: 1.7222222222222223

m: 5.666666666666666

n: 37.333333333333336

Residual: 0.43327256462303754


epsilon: 1.7222222222222223

m: 5.666666666666666

n: 41.55555555555556

Residual: 0.44724477760323567


epsilon: 1.7222222222222223

m: 5.666666666666666

n: 45.77777777777778

Residual: 0.4635276488704453


epsilon: 1.7222222222222223

m: 5.666666666666666

n: 50.0

Residual: 0.47159697114426163


epsilon: 1.7222222222222223

m: 6.0

n: 12.0

Residual: 0.20639073358151513


epsilon: 1.7222222222222223

m: 6.0

n: 16.22222222222222

Residual: 0.34638668923489285


epsilon: 1.7222222222222223

m: 6.0

n: 20.444444444444443

Residual: 0.42244683381785764


epsilon: 1.7222222222222223

m: 6.0

n: 24.666666666666668

Residual: 0.46912321460606005


epsilon: 1.7222222222222223

m: 6.0

n: 28.88888888888889

Residual: 0.5037760353114641


epsilon: 1.7222222222222223

m: 6.0

n: 33.111111111111114

Residual: 0.525850089621576


epsilon: 1.7222222222222223

m: 6.0

n: 37.333333333333336

Residual: 0.5452086764807689


epsilon: 1.7222222222222223

m: 6.0

n: 41.55555555555556

Residual: 0.5629915734438928


epsilon: 1.7222222222222223

m: 6.0

n: 45.77777777777778

Residual: 0.5738917106921351


epsilon: 1.7222222222222223

m: 6.0

n: 50.0

Residual: 0.580826935486116


epsilon: 1.7222222222222223

m: 6.333333333333333

n: 12.0

Residual: 0.31521596005816016


epsilon: 1.7222222222222223

m: 6.333333333333333

n: 16.22222222222222

Residual: 0.44846766006718003


epsilon: 1.7222222222222223

m: 6.333333333333333

n: 20.444444444444443

Residual: 0.5240102186882866


epsilon: 1.7222222222222223

m: 6.333333333333333

n: 24.666666666666668

Residual: 0.5676321030297876


epsilon: 1.7222222222222223

m: 6.333333333333333

n: 28.88888888888889

Residual: 0.5935836342507401


epsilon: 1.7222222222222223

m: 6.333333333333333

n: 33.111111111111114

Residual: 0.6136818103979409


epsilon: 1.7222222222222223

m: 6.333333333333333

n: 37.333333333333336

Residual: 0.63326516366487


epsilon: 1.7222222222222223

m: 6.333333333333333

n: 41.55555555555556

Residual: 0.6435744645748764


epsilon: 1.7222222222222223

m: 6.333333333333333

n: 45.77777777777778

Residual: 0.6567768185916982


epsilon: 1.7222222222222223

m: 6.333333333333333

n: 50.0

Residual: 0.6697650005576665


epsilon: 1.7222222222222223

m: 6.666666666666666

n: 12.0

Residual: 0.4036111622548934


epsilon: 1.7222222222222223

m: 6.666666666666666

n: 16.22222222222222

Residual: 0.5322187255981431


epsilon: 1.7222222222222223

m: 6.666666666666666

n: 20.444444444444443

Residual: 0.5951908423478238


epsilon: 1.7222222222222223

m: 6.666666666666666

n: 24.666666666666668

Residual: 0.6341532654382099


epsilon: 1.7222222222222223

m: 6.666666666666666

n: 28.88888888888889

Residual: 0.6650479344348166


epsilon: 1.7222222222222223

m: 6.666666666666666

n: 33.111111111111114

Residual: 0.684691620479807


epsilon: 1.7222222222222223

m: 6.666666666666666

n: 37.333333333333336

Residual: 0.702067306550158


epsilon: 1.7222222222222223

m: 6.666666666666666

n: 41.55555555555556

Residual: 0.7082016679562367


epsilon: 1.7222222222222223

m: 6.666666666666666

n: 45.77777777777778

Residual: 0.7301889873236223


epsilon: 1.7222222222222223

m: 6.666666666666666

n: 50.0

Residual: 0.7289706951184182


epsilon: 1.7222222222222223

m: 7.0

n: 12.0

Residual: 0.47284410301307506


epsilon: 1.7222222222222223

m: 7.0

n: 16.22222222222222

Residual: 0.5989930132994188


epsilon: 1.7222222222222223

m: 7.0

n: 20.444444444444443

Residual: 0.6581664670973487


epsilon: 1.7222222222222223

m: 7.0

n: 24.666666666666668

Residual: 0.6935770158832737


epsilon: 1.7222222222222223

m: 7.0

n: 28.88888888888889

Residual: 0.7160673648104018


epsilon: 1.7222222222222223

m: 7.0

n: 33.111111111111114

Residual: 0.7399489173681997


epsilon: 1.7222222222222223

m: 7.0

n: 37.333333333333336

Residual: 0.752749797685831


epsilon: 1.7222222222222223

m: 7.0

n: 41.55555555555556

Residual: 0.7607320645315063


epsilon: 1.7222222222222223

m: 7.0

n: 45.77777777777778

Residual: 0.7685914541308811


epsilon: 1.7222222222222223

m: 7.0

n: 50.0

Residual: 0.7761013674309344


epsilon: 2.3333333333333335

m: 4.0

n: 12.0

Residual: 0.7838831872538667


epsilon: 2.3333333333333335

m: 4.0

n: 16.22222222222222

Residual: 0.7398725419110338


epsilon: 2.3333333333333335

m: 4.0

n: 20.444444444444443

Residual: 0.7100712011363753


epsilon: 2.3333333333333335

m: 4.0

n: 24.666666666666668

Residual: 0.6881344223721485


epsilon: 2.3333333333333335

m: 4.0

n: 28.88888888888889

Residual: 0.6715962796203296


epsilon: 2.3333333333333335

m: 4.0

n: 33.111111111111114

Residual: 0.6584015172549816


epsilon: 2.3333333333333335

m: 4.0

n: 37.333333333333336

Residual: 0.6474334620762735


epsilon: 2.3333333333333335

m: 4.0

n: 41.55555555555556

Residual: 0.638064010060059


epsilon: 2.3333333333333335

m: 4.0

n: 45.77777777777778

Residual: 0.6309030448222013


epsilon: 2.3333333333333335

m: 4.0

n: 50.0

Residual: 0.6238961695400422


epsilon: 2.3333333333333335

m: 4.333333333333333

n: 12.0

Residual: 0.6690953135478183


epsilon: 2.3333333333333335

m: 4.333333333333333

n: 16.22222222222222

Residual: 0.6019823539467515


epsilon: 2.3333333333333335

m: 4.333333333333333

n: 20.444444444444443

Residual: 0.5564069739294054


epsilon: 2.3333333333333335

m: 4.333333333333333

n: 24.666666666666668

Residual: 0.5251706425775345


epsilon: 2.3333333333333335

m: 4.333333333333333

n: 28.88888888888889

Residual: 0.5005064853556801


epsilon: 2.3333333333333335

m: 4.333333333333333

n: 33.111111111111114

Residual: 0.48064972279755885


epsilon: 2.3333333333333335

m: 4.333333333333333

n: 37.333333333333336

Residual: 0.46513212026931267


epsilon: 2.3333333333333335

m: 4.333333333333333

n: 41.55555555555556

Residual: 0.4527860531371924


epsilon: 2.3333333333333335

m: 4.333333333333333

n: 45.77777777777778

Residual: 0.44156569090408576


epsilon: 2.3333333333333335

m: 4.333333333333333

n: 50.0

Residual: 0.43141984470667516


epsilon: 2.3333333333333335

m: 4.666666666666667

n: 12.0

Residual: 0.529647584844668


epsilon: 2.3333333333333335

m: 4.666666666666667

n: 16.22222222222222

Residual: 0.4364369935020814


epsilon: 2.3333333333333335

m: 4.666666666666667

n: 20.444444444444443

Residual: 0.3757573340748998


epsilon: 2.3333333333333335

m: 4.666666666666667

n: 24.666666666666668

Residual: 0.3337202372885443


epsilon: 2.3333333333333335

m: 4.666666666666667

n: 28.88888888888889

Residual: 0.3026002366152892


epsilon: 2.3333333333333335

m: 4.666666666666667

n: 33.111111111111114

Residual: 0.27630577828653297


epsilon: 2.3333333333333335

m: 4.666666666666667

n: 37.333333333333336

Residual: 0.25744884831300063


epsilon: 2.3333333333333335

m: 4.666666666666667

n: 41.55555555555556

Residual: 0.24180425363567246


epsilon: 2.3333333333333335

m: 4.666666666666667

n: 45.77777777777778

Residual: 0.2326403713080924


epsilon: 2.3333333333333335

m: 4.666666666666667

n: 50.0

Residual: 0.22450823550403382


epsilon: 2.3333333333333335

m: 5.0

n: 12.0

Residual: 0.3752549294126755


epsilon: 2.3333333333333335

m: 5.0

n: 16.22222222222222

Residual: 0.2587982011420415


epsilon: 2.3333333333333335

m: 5.0

n: 20.444444444444443

Residual: 0.18516583198796294


epsilon: 2.3333333333333335

m: 5.0

n: 24.666666666666668

Residual: 0.14054352117320137


epsilon: 2.3333333333333335

m: 5.0

n: 28.88888888888889

Residual: 0.11280095551961199


epsilon: 2.3333333333333335

m: 5.0

n: 33.111111111111114

Residual: 0.09343552279470145


epsilon: 2.3333333333333335

m: 5.0

n: 37.333333333333336

Residual: 0.08304208116338084


epsilon: 2.3333333333333335

m: 5.0

n: 41.55555555555556

Residual: 0.08047416627170753


epsilon: 2.3333333333333335

m: 5.0

n: 45.77777777777778

Residual: 0.07688080060670188


epsilon: 2.3333333333333335

m: 5.0

n: 50.0

Residual: 0.0747930264946969


epsilon: 2.3333333333333335

m: 5.333333333333333

n: 12.0

Residual: 0.21860140394386024


epsilon: 2.3333333333333335

m: 5.333333333333333

n: 16.22222222222222

Residual: 0.08705687512457959


epsilon: 2.3333333333333335

m: 5.333333333333333

n: 20.444444444444443

Residual: 0.030793731855570113


epsilon: 2.3333333333333335

m: 5.333333333333333

n: 24.666666666666668

Residual: 0.04736561398509161


epsilon: 2.3333333333333335

m: 5.333333333333333

n: 28.88888888888889

Residual: 0.08625034456210891


epsilon: 2.3333333333333335

m: 5.333333333333333

n: 33.111111111111114

Residual: 0.11436504630985725


epsilon: 2.3333333333333335

m: 5.333333333333333

n: 37.333333333333336

Residual: 0.14239321293102755


epsilon: 2.3333333333333335

m: 5.333333333333333

n: 41.55555555555556

Residual: 0.16101126563208962


epsilon: 2.3333333333333335

m: 5.333333333333333

n: 45.77777777777778

Residual: 0.17958319167619652


epsilon: 2.3333333333333335

m: 5.333333333333333

n: 50.0

Residual: 0.1952400659230873


epsilon: 2.3333333333333335

m: 5.666666666666666

n: 12.0

Residual: 0.08652715172728478


epsilon: 2.3333333333333335

m: 5.666666666666666

n: 16.22222222222222

Residual: 0.07235651309330371


epsilon: 2.3333333333333335

m: 5.666666666666666

n: 20.444444444444443

Residual: 0.1550361156032524


epsilon: 2.3333333333333335

m: 5.666666666666666

n: 24.666666666666668

Residual: 0.21048691311061146


epsilon: 2.3333333333333335

m: 5.666666666666666

n: 28.88888888888889

Residual: 0.24785207107010362


epsilon: 2.3333333333333335

m: 5.666666666666666

n: 33.111111111111114

Residual: 0.2823241100907817


epsilon: 2.3333333333333335

m: 5.666666666666666

n: 37.333333333333336

Residual: 0.300870013579134


epsilon: 2.3333333333333335

m: 5.666666666666666

n: 41.55555555555556

Residual: 0.32078426148714195


epsilon: 2.3333333333333335

m: 5.666666666666666

n: 45.77777777777778

Residual: 0.3412887313417053


epsilon: 2.3333333333333335

m: 5.666666666666666

n: 50.0

Residual: 0.3569882435628902


epsilon: 2.3333333333333335

m: 6.0

n: 12.0

Residual: 0.07411474061454353


epsilon: 2.3333333333333335

m: 6.0

n: 16.22222222222222

Residual: 0.2071606166762436


epsilon: 2.3333333333333335

m: 6.0

n: 20.444444444444443

Residual: 0.2884883586388615


epsilon: 2.3333333333333335

m: 6.0

n: 24.666666666666668

Residual: 0.34715495730786494


epsilon: 2.3333333333333335

m: 6.0

n: 28.88888888888889

Residual: 0.3889464962930107


epsilon: 2.3333333333333335

m: 6.0

n: 33.111111111111114

Residual: 0.4061101100095327


epsilon: 2.3333333333333335

m: 6.0

n: 37.333333333333336

Residual: 0.4296188911621652


epsilon: 2.3333333333333335

m: 6.0

n: 41.55555555555556

Residual: 0.4522085746378853


epsilon: 2.3333333333333335

m: 6.0

n: 45.77777777777778

Residual: 0.46000480451142045


epsilon: 2.3333333333333335

m: 6.0

n: 50.0

Residual: 0.4730491345985164


epsilon: 2.3333333333333335

m: 6.333333333333333

n: 12.0

Residual: 0.17097209542974


epsilon: 2.3333333333333335

m: 6.333333333333333

n: 16.22222222222222

Residual: 0.3188319935973832


epsilon: 2.3333333333333335

m: 6.333333333333333

n: 20.444444444444443

Residual: 0.3993522519738733


epsilon: 2.3333333333333335

m: 6.333333333333333

n: 24.666666666666668

Residual: 0.4503337819016989


epsilon: 2.3333333333333335

m: 6.333333333333333

n: 28.88888888888889

Residual: 0.48983998361241093


epsilon: 2.3333333333333335

m: 6.333333333333333

n: 33.111111111111114

Residual: 0.5071536520712319


epsilon: 2.3333333333333335

m: 6.333333333333333

n: 37.333333333333336

Residual: 0.5361377429756777


epsilon: 2.3333333333333335

m: 6.333333333333333

n: 41.55555555555556

Residual: 0.5452721344986133


epsilon: 2.3333333333333335

m: 6.333333333333333

n: 45.77777777777778

Residual: 0.5591937003347084


epsilon: 2.3333333333333335

m: 6.333333333333333

n: 50.0

Residual: 0.5683578109161382


epsilon: 2.3333333333333335

m: 6.666666666666666

n: 12.0

Residual: 0.2700768402760959


epsilon: 2.3333333333333335

m: 6.666666666666666

n: 16.22222222222222

Residual: 0.4154799193643282


epsilon: 2.3333333333333335

m: 6.666666666666666

n: 20.444444444444443

Residual: 0.4875521561891221


epsilon: 2.3333333333333335

m: 6.666666666666666

n: 24.666666666666668

Residual: 0.5389363368714117


epsilon: 2.3333333333333335

m: 6.666666666666666

n: 28.88888888888889

Residual: 0.5734854612405005


epsilon: 2.3333333333333335

m: 6.666666666666666

n: 33.111111111111114

Residual: 0.5917445074062463


epsilon: 2.3333333333333335

m: 6.666666666666666

n: 37.333333333333336

Residual: 0.621942147365359


epsilon: 2.3333333333333335

m: 6.666666666666666

n: 41.55555555555556

Residual: 0.6307640162464943


epsilon: 2.3333333333333335

m: 6.666666666666666

n: 45.77777777777778

Residual: 0.636794284064899


epsilon: 2.3333333333333335

m: 6.666666666666666

n: 50.0

Residual: 0.6458854307139125


epsilon: 2.3333333333333335

m: 7.0

n: 12.0

Residual: 0.3496669290098254


epsilon: 2.3333333333333335

m: 7.0

n: 16.22222222222222

Residual: 0.48644165007781337


epsilon: 2.3333333333333335

m: 7.0

n: 20.444444444444443

Residual: 0.5597649930088942


epsilon: 2.3333333333333335

m: 7.0

n: 24.666666666666668

Residual: 0.6067551892417096


epsilon: 2.3333333333333335

m: 7.0

n: 28.88888888888889

Residual: 0.6395255947688578


epsilon: 2.3333333333333335

m: 7.0

n: 33.111111111111114

Residual: 0.6610906278133435


epsilon: 2.3333333333333335

m: 7.0

n: 37.333333333333336

Residual: 0.6767970752041471


epsilon: 2.3333333333333335

m: 7.0

n: 41.55555555555556

Residual: 0.6833149983478638


epsilon: 2.3333333333333335

m: 7.0

n: 45.77777777777778

Residual: 0.7045512754787636


epsilon: 2.3333333333333335

m: 7.0

n: 50.0

Residual: 0.7057686354524475


epsilon: 2.9444444444444446

m: 4.0

n: 12.0

Residual: 0.8247856866563775


epsilon: 2.9444444444444446

m: 4.0

n: 16.22222222222222

Residual: 0.7879622770361062


epsilon: 2.9444444444444446

m: 4.0

n: 20.444444444444443

Residual: 0.763068440153207


epsilon: 2.9444444444444446

m: 4.0

n: 24.666666666666668

Residual: 0.7446133080777974


epsilon: 2.9444444444444446

m: 4.0

n: 28.88888888888889

Residual: 0.730613053319305


epsilon: 2.9444444444444446

m: 4.0

n: 33.111111111111114

Residual: 0.719335806360071


epsilon: 2.9444444444444446

m: 4.0

n: 37.333333333333336

Residual: 0.7100379189251219


epsilon: 2.9444444444444446

m: 4.0

n: 41.55555555555556

Residual: 0.7022194784411437


epsilon: 2.9444444444444446

m: 4.0

n: 45.77777777777778

Residual: 0.6957536498669937


epsilon: 2.9444444444444446

m: 4.0

n: 50.0

Residual: 0.6898913086541694


epsilon: 2.9444444444444446

m: 4.333333333333333

n: 12.0

Residual: 0.7286965197334586


epsilon: 2.9444444444444446

m: 4.333333333333333

n: 16.22222222222222

Residual: 0.6707440636907007


epsilon: 2.9444444444444446

m: 4.333333333333333

n: 20.444444444444443

Residual: 0.6321497043116235


epsilon: 2.9444444444444446

m: 4.333333333333333

n: 24.666666666666668

Residual: 0.6036186754926817


epsilon: 2.9444444444444446

m: 4.333333333333333

n: 28.88888888888889

Residual: 0.5823887558383699


epsilon: 2.9444444444444446

m: 4.333333333333333

n: 33.111111111111114

Residual: 0.5655002313276551


epsilon: 2.9444444444444446

m: 4.333333333333333

n: 37.333333333333336

Residual: 0.5506182650199786


epsilon: 2.9444444444444446

m: 4.333333333333333

n: 41.55555555555556

Residual: 0.5399023165807428


epsilon: 2.9444444444444446

m: 4.333333333333333

n: 45.77777777777778

Residual: 0.5305937362446586


epsilon: 2.9444444444444446

m: 4.333333333333333

n: 50.0

Residual: 0.5212599346909166


epsilon: 2.9444444444444446

m: 4.666666666666667

n: 12.0

Residual: 0.6080846868162453


epsilon: 2.9444444444444446

m: 4.666666666666667

n: 16.22222222222222

Residual: 0.5252396017221024


epsilon: 2.9444444444444446

m: 4.666666666666667

n: 20.444444444444443

Residual: 0.47172940793523854


epsilon: 2.9444444444444446

m: 4.666666666666667

n: 24.666666666666668

Residual: 0.4331488895178138


epsilon: 2.9444444444444446

m: 4.666666666666667

n: 28.88888888888889

Residual: 0.40319823411862965


epsilon: 2.9444444444444446

m: 4.666666666666667

n: 33.111111111111114

Residual: 0.3814331708802488


epsilon: 2.9444444444444446

m: 4.666666666666667

n: 37.333333333333336

Residual: 0.36241235584450876


epsilon: 2.9444444444444446

m: 4.666666666666667

n: 41.55555555555556

Residual: 0.3462373171961567


epsilon: 2.9444444444444446

m: 4.666666666666667

n: 45.77777777777778

Residual: 0.33497111442240374


epsilon: 2.9444444444444446

m: 4.666666666666667

n: 50.0

Residual: 0.32371024395162445


epsilon: 2.9444444444444446

m: 5.0

n: 12.0

Residual: 0.47070556815248626


epsilon: 2.9444444444444446

m: 5.0

n: 16.22222222222222

Residual: 0.3645613530655955


epsilon: 2.9444444444444446

m: 5.0

n: 20.444444444444443

Residual: 0.295723288440031


epsilon: 2.9444444444444446

m: 5.0

n: 24.666666666666668

Residual: 0.24651039601751173


epsilon: 2.9444444444444446

m: 5.0

n: 28.88888888888889

Residual: 0.21374560392556793


epsilon: 2.9444444444444446

m: 5.0

n: 33.111111111111114

Residual: 0.18466591074139557


epsilon: 2.9444444444444446

m: 5.0

n: 37.333333333333336

Residual: 0.16473618086616115


epsilon: 2.9444444444444446

m: 5.0

n: 41.55555555555556

Residual: 0.14887331650992705


epsilon: 2.9444444444444446

m: 5.0

n: 45.77777777777778

Residual: 0.13358162154963069


epsilon: 2.9444444444444446

m: 5.0

n: 50.0

Residual: 0.12351333369932496


epsilon: 2.9444444444444446

m: 5.333333333333333

n: 12.0

Residual: 0.32724483318389236


epsilon: 2.9444444444444446

m: 5.333333333333333

n: 16.22222222222222

Residual: 0.19936328140246537


epsilon: 2.9444444444444446

m: 5.333333333333333

n: 20.444444444444443

Residual: 0.1208116658135709


epsilon: 2.9444444444444446

m: 5.333333333333333

n: 24.666666666666668

Residual: 0.0682337021611602


epsilon: 2.9444444444444446

m: 5.333333333333333

n: 28.88888888888889

Residual: 0.03815003389045219


epsilon: 2.9444444444444446

m: 5.333333333333333

n: 33.111111111111114

Residual: 0.025662726659859064


epsilon: 2.9444444444444446

m: 5.333333333333333

n: 37.333333333333336

Residual: 0.027368921829457438


epsilon: 2.9444444444444446

m: 5.333333333333333

n: 41.55555555555556

Residual: 0.044033212988356336


epsilon: 2.9444444444444446

m: 5.333333333333333

n: 45.77777777777778

Residual: 0.06039666138956894


epsilon: 2.9444444444444446

m: 5.333333333333333

n: 50.0

Residual: 0.08248748529308281


epsilon: 2.9444444444444446

m: 5.666666666666666

n: 12.0

Residual: 0.1865131445127918


epsilon: 2.9444444444444446

m: 5.666666666666666

n: 16.22222222222222

Residual: 0.07058737716077315


epsilon: 2.9444444444444446

m: 5.666666666666666

n: 20.444444444444443

Residual: 0.049624454320352285


epsilon: 2.9444444444444446

m: 5.666666666666666

n: 24.666666666666668

Residual: 0.09439019724206849


epsilon: 2.9444444444444446

m: 5.666666666666666

n: 28.88888888888889

Residual: 0.14395296409091882


epsilon: 2.9444444444444446

m: 5.666666666666666

n: 33.111111111111114

Residual: 0.16908968135189684


epsilon: 2.9444444444444446

m: 5.666666666666666

n: 37.333333333333336

Residual: 0.19085547566014138


epsilon: 2.9444444444444446

m: 5.666666666666666

n: 41.55555555555556

Residual: 0.21540139414560935


epsilon: 2.9444444444444446

m: 5.666666666666666

n: 45.77777777777778

Residual: 0.23175451091667526


epsilon: 2.9444444444444446

m: 5.666666666666666

n: 50.0

Residual: 0.24109859148855334


epsilon: 2.9444444444444446

m: 6.0

n: 12.0

Residual: 0.11321800935609062


epsilon: 2.9444444444444446

m: 6.0

n: 16.22222222222222

Residual: 0.09103963272291883


epsilon: 2.9444444444444446

m: 6.0

n: 20.444444444444443

Residual: 0.1774977846942843


epsilon: 2.9444444444444446

m: 6.0

n: 24.666666666666668

Residual: 0.23930382823732754


epsilon: 2.9444444444444446

m: 6.0

n: 28.88888888888889

Residual: 0.2758501537160289


epsilon: 2.9444444444444446

m: 6.0

n: 33.111111111111114

Residual: 0.32205301635982064


epsilon: 2.9444444444444446

m: 6.0

n: 37.333333333333336

Residual: 0.3350466973049192


epsilon: 2.9444444444444446

m: 6.0

n: 41.55555555555556

Residual: 0.3593127139784188


epsilon: 2.9444444444444446

m: 6.0

n: 45.77777777777778

Residual: 0.366106655546771


epsilon: 2.9444444444444446

m: 6.0

n: 50.0

Residual: 0.38128879246196257


epsilon: 2.9444444444444446

m: 6.333333333333333

n: 12.0

Residual: 0.10654907835297296


epsilon: 2.9444444444444446

m: 6.333333333333333

n: 16.22222222222222

Residual: 0.21230623733585585


epsilon: 2.9444444444444446

m: 6.333333333333333

n: 20.444444444444443

Residual: 0.30057988925467866


epsilon: 2.9444444444444446

m: 6.333333333333333

n: 24.666666666666668

Residual: 0.3554452253437922


epsilon: 2.9444444444444446

m: 6.333333333333333

n: 28.88888888888889

Residual: 0.3957784883875523


epsilon: 2.9444444444444446

m: 6.333333333333333

n: 33.111111111111114

Residual: 0.42072347009702593


epsilon: 2.9444444444444446

m: 6.333333333333333

n: 37.333333333333336

Residual: 0.43897796570149944


epsilon: 2.9444444444444446

m: 6.333333333333333

n: 41.55555555555556

Residual: 0.46491430381759885


epsilon: 2.9444444444444446

m: 6.333333333333333

n: 45.77777777777778

Residual: 0.48068986544468384


epsilon: 2.9444444444444446

m: 6.333333333333333

n: 50.0

Residual: 0.4917394172280495


epsilon: 2.9444444444444446

m: 6.666666666666666

n: 12.0

Residual: 0.15600362445626542


epsilon: 2.9444444444444446

m: 6.666666666666666

n: 16.22222222222222

Residual: 0.31221851408310836


epsilon: 2.9444444444444446

m: 6.666666666666666

n: 20.444444444444443

Residual: 0.39425800377505194


epsilon: 2.9444444444444446

m: 6.666666666666666

n: 24.666666666666668

Residual: 0.44807676905347177


epsilon: 2.9444444444444446

m: 6.666666666666666

n: 28.88888888888889

Residual: 0.48841259834207335


epsilon: 2.9444444444444446

m: 6.666666666666666

n: 33.111111111111114

Residual: 0.5136342605740075


epsilon: 2.9444444444444446

m: 6.666666666666666

n: 37.333333333333336

Residual: 0.5307013044209098


epsilon: 2.9444444444444446

m: 6.666666666666666

n: 41.55555555555556

Residual: 0.552030380167806


epsilon: 2.9444444444444446

m: 6.666666666666666

n: 45.77777777777778

Residual: 0.5635600862483613


epsilon: 2.9444444444444446

m: 6.666666666666666

n: 50.0

Residual: 0.5714413914798105


epsilon: 2.9444444444444446

m: 7.0

n: 12.0

Residual: 0.243952001459937


epsilon: 2.9444444444444446

m: 7.0

n: 16.22222222222222

Residual: 0.3950333736280503


epsilon: 2.9444444444444446

m: 7.0

n: 20.444444444444443

Residual: 0.47619875325597183


epsilon: 2.9444444444444446

m: 7.0

n: 24.666666666666668

Residual: 0.5242224998675364


epsilon: 2.9444444444444446

m: 7.0

n: 28.88888888888889

Residual: 0.5659124281348601


epsilon: 2.9444444444444446

m: 7.0

n: 33.111111111111114

Residual: 0.5869756297292885


epsilon: 2.9444444444444446

m: 7.0

n: 37.333333333333336

Residual: 0.6102380665436286


epsilon: 2.9444444444444446

m: 7.0

n: 41.55555555555556

Residual: 0.6188761330392175


epsilon: 2.9444444444444446

m: 7.0

n: 45.77777777777778

Residual: 0.6275525138915354


epsilon: 2.9444444444444446

m: 7.0

n: 50.0

Residual: 0.6403096253545421


epsilon: 3.555555555555556

m: 4.0

n: 12.0

Residual: 0.852705728191852


epsilon: 3.555555555555556

m: 4.0

n: 16.22222222222222

Residual: 0.8213351383604083


epsilon: 3.555555555555556

m: 4.0

n: 20.444444444444443

Residual: 0.7997700804157284


epsilon: 3.555555555555556

m: 4.0

n: 24.666666666666668

Residual: 0.7838506410300022


epsilon: 3.555555555555556

m: 4.0

n: 28.88888888888889

Residual: 0.7714922762678619


epsilon: 3.555555555555556

m: 4.0

n: 33.111111111111114

Residual: 0.7618354783583517


epsilon: 3.555555555555556

m: 4.0

n: 37.333333333333336

Residual: 0.7536996641103922


epsilon: 3.555555555555556

m: 4.0

n: 41.55555555555556

Residual: 0.7467144193269772


epsilon: 3.555555555555556

m: 4.0

n: 45.77777777777778

Residual: 0.7411935281051262


epsilon: 3.555555555555556

m: 4.0

n: 50.0

Residual: 0.7364530485880459


epsilon: 3.555555555555556

m: 4.333333333333333

n: 12.0

Residual: 0.769956742961448


epsilon: 3.555555555555556

m: 4.333333333333333

n: 16.22222222222222

Residual: 0.7194506083624896


epsilon: 3.555555555555556

m: 4.333333333333333

n: 20.444444444444443

Residual: 0.6852678950233986


epsilon: 3.555555555555556

m: 4.333333333333333

n: 24.666666666666668

Residual: 0.6602450443111718


epsilon: 3.555555555555556

m: 4.333333333333333

n: 28.88888888888889

Residual: 0.6409895067342737


epsilon: 3.555555555555556

m: 4.333333333333333

n: 33.111111111111114

Residual: 0.6255108939791508


epsilon: 3.555555555555556

m: 4.333333333333333

n: 37.333333333333336

Residual: 0.6134997203577159


epsilon: 3.555555555555556

m: 4.333333333333333

n: 41.55555555555556

Residual: 0.6036509874022941


epsilon: 3.555555555555556

m: 4.333333333333333

n: 45.77777777777778

Residual: 0.5948427828993641


epsilon: 3.555555555555556

m: 4.333333333333333

n: 50.0

Residual: 0.5867984114753865


epsilon: 3.555555555555556

m: 4.666666666666667

n: 12.0

Residual: 0.6636289859986925


epsilon: 3.555555555555556

m: 4.666666666666667

n: 16.22222222222222

Residual: 0.5899484538633708


epsilon: 3.555555555555556

m: 4.666666666666667

n: 20.444444444444443

Residual: 0.5414196088586056


epsilon: 3.555555555555556

m: 4.666666666666667

n: 24.666666666666668

Residual: 0.5062492035342764


epsilon: 3.555555555555556

m: 4.666666666666667

n: 28.88888888888889

Residual: 0.48013967844952965


epsilon: 3.555555555555556

m: 4.666666666666667

n: 33.111111111111114

Residual: 0.4582357092809594


epsilon: 3.555555555555556

m: 4.666666666666667

n: 37.333333333333336

Residual: 0.4404994658004797


epsilon: 3.555555555555556

m: 4.666666666666667

n: 41.55555555555556

Residual: 0.4278002162721416


epsilon: 3.555555555555556

m: 4.666666666666667

n: 45.77777777777778

Residual: 0.4157726302376936


epsilon: 3.555555555555556

m: 4.666666666666667

n: 50.0

Residual: 0.4045627650291425


epsilon: 3.555555555555556

m: 5.0

n: 12.0

Residual: 0.5403925072022442


epsilon: 3.555555555555556

m: 5.0

n: 16.22222222222222

Residual: 0.4419289704160439


epsilon: 3.555555555555556

m: 5.0

n: 20.444444444444443

Residual: 0.3785158683171476


epsilon: 3.555555555555556

m: 5.0

n: 24.666666666666668

Residual: 0.3341661019110171


epsilon: 3.555555555555556

m: 5.0

n: 28.88888888888889

Residual: 0.2997203316693609


epsilon: 3.555555555555556

m: 5.0

n: 33.111111111111114

Residual: 0.2746905973278094


epsilon: 3.555555555555556

m: 5.0

n: 37.333333333333336

Residual: 0.25449694332216993


epsilon: 3.555555555555556

m: 5.0

n: 41.55555555555556

Residual: 0.23399248790125166


epsilon: 3.555555555555556

m: 5.0

n: 45.77777777777778

Residual: 0.22187050035050532


epsilon: 3.555555555555556

m: 5.0

n: 50.0

Residual: 0.20702421568429577


epsilon: 3.555555555555556

m: 5.333333333333333

n: 12.0

Residual: 0.4091362948612366


epsilon: 3.555555555555556

m: 5.333333333333333

n: 16.22222222222222

Residual: 0.28799720445396604


epsilon: 3.555555555555556

m: 5.333333333333333

n: 20.444444444444443

Residual: 0.21408033462670173


epsilon: 3.555555555555556

m: 5.333333333333333

n: 24.666666666666668

Residual: 0.16167553623315342


epsilon: 3.555555555555556

m: 5.333333333333333

n: 28.88888888888889

Residual: 0.12293165272241448


epsilon: 3.555555555555556

m: 5.333333333333333

n: 33.111111111111114

Residual: 0.09379282610213487


epsilon: 3.555555555555556

m: 5.333333333333333

n: 37.333333333333336

Residual: 0.07021693964256837


epsilon: 3.555555555555556

m: 5.333333333333333

n: 41.55555555555556

Residual: 0.05333133765049028


epsilon: 3.555555555555556

m: 5.333333333333333

n: 45.77777777777778

Residual: 0.04268874154378976


epsilon: 3.555555555555556

m: 5.333333333333333

n: 50.0

Residual: 0.038769297905592186


epsilon: 3.555555555555556

m: 5.666666666666666

n: 12.0

Residual: 0.2755734663388678


epsilon: 3.555555555555556

m: 5.666666666666666

n: 16.22222222222222

Residual: 0.14442326588350118


epsilon: 3.555555555555556

m: 5.666666666666666

n: 20.444444444444443

Residual: 0.07842822311799355


epsilon: 3.555555555555556

m: 5.666666666666666

n: 24.666666666666668

Residual: 0.04860320139016071


epsilon: 3.555555555555556

m: 5.666666666666666

n: 28.88888888888889

Residual: 0.05064924503228992


epsilon: 3.555555555555556

m: 5.666666666666666

n: 33.111111111111114

Residual: 0.07364211109548782


epsilon: 3.555555555555556

m: 5.666666666666666

n: 37.333333333333336

Residual: 0.10064800616007706


epsilon: 3.555555555555556

m: 5.666666666666666

n: 41.55555555555556

Residual: 0.13197611889174574


epsilon: 3.555555555555556

m: 5.666666666666666

n: 45.77777777777778

Residual: 0.13970646713805607


epsilon: 3.555555555555556

m: 5.666666666666666

n: 50.0

Residual: 0.155244245824307


epsilon: 3.555555555555556

m: 6.0

n: 12.0

Residual: 0.17863100571145413


epsilon: 3.555555555555556

m: 6.0

n: 16.22222222222222

Residual: 0.09214104501118878


epsilon: 3.555555555555556

m: 6.0

n: 20.444444444444443

Residual: 0.08869965351645158


epsilon: 3.555555555555556

m: 6.0

n: 24.666666666666668

Residual: 0.14419285421552633


epsilon: 3.555555555555556

m: 6.0

n: 28.88888888888889

Residual: 0.1867011449164227


epsilon: 3.555555555555556

m: 6.0

n: 33.111111111111114

Residual: 0.21767908131286365


epsilon: 3.555555555555556

m: 6.0

n: 37.333333333333336

Residual: 0.2443188318816856


epsilon: 3.555555555555556

m: 6.0

n: 41.55555555555556

Residual: 0.2632711245099211


epsilon: 3.555555555555556

m: 6.0

n: 45.77777777777778

Residual: 0.27840228010060225


epsilon: 3.555555555555556

m: 6.0

n: 50.0

Residual: 0.3015121678425862


epsilon: 3.555555555555556

m: 6.333333333333333

n: 12.0

Residual: 0.14232861944177266


epsilon: 3.555555555555556

m: 6.333333333333333

n: 16.22222222222222

Residual: 0.12371420403171544


epsilon: 3.555555555555556

m: 6.333333333333333

n: 20.444444444444443

Residual: 0.20975803657032324


epsilon: 3.555555555555556

m: 6.333333333333333

n: 24.666666666666668

Residual: 0.26453248743405544


epsilon: 3.555555555555556

m: 6.333333333333333

n: 28.88888888888889

Residual: 0.31021318126552017


epsilon: 3.555555555555556

m: 6.333333333333333

n: 33.111111111111114

Residual: 0.3455219941666002


epsilon: 3.555555555555556

m: 6.333333333333333

n: 37.333333333333336

Residual: 0.367749901853696


epsilon: 3.555555555555556

m: 6.333333333333333

n: 41.55555555555556

Residual: 0.3861250002911979


epsilon: 3.555555555555556

m: 6.333333333333333

n: 45.77777777777778

Residual: 0.398271386886276


epsilon: 3.555555555555556

m: 6.333333333333333

n: 50.0

Residual: 0.40973030741972716


epsilon: 3.555555555555556

m: 6.666666666666666

n: 12.0

Residual: 0.1380537852317184


epsilon: 3.555555555555556

m: 6.666666666666666

n: 16.22222222222222

Residual: 0.22601907646837896


epsilon: 3.555555555555556

m: 6.666666666666666

n: 20.444444444444443

Residual: 0.31842340873085984


epsilon: 3.555555555555556

m: 6.666666666666666

n: 24.666666666666668

Residual: 0.38008586888531015


epsilon: 3.555555555555556

m: 6.666666666666666

n: 28.88888888888889

Residual: 0.41225389023954595


epsilon: 3.555555555555556

m: 6.666666666666666

n: 33.111111111111114

Residual: 0.4410655577226948


epsilon: 3.555555555555556

m: 6.666666666666666

n: 37.333333333333336

Residual: 0.45465411725653204


epsilon: 3.555555555555556

m: 6.666666666666666

n: 41.55555555555556

Residual: 0.47435145970682513


epsilon: 3.555555555555556

m: 6.666666666666666

n: 45.77777777777778

Residual: 0.5165794293697102


epsilon: 3.555555555555556

m: 6.666666666666666

n: 50.0

Residual: 0.5202570417256278


epsilon: 3.555555555555556

m: 7.0

n: 12.0

Residual: 0.16584323631535305


epsilon: 3.555555555555556

m: 7.0

n: 16.22222222222222

Residual: 0.3111669073156246


epsilon: 3.555555555555556

m: 7.0

n: 20.444444444444443

Residual: 0.3999237515034906


epsilon: 3.555555555555556

m: 7.0

n: 24.666666666666668

Residual: 0.45182109115219515


epsilon: 3.555555555555556

m: 7.0

n: 28.88888888888889

Residual: 0.4971849469879688


epsilon: 3.555555555555556

m: 7.0

n: 33.111111111111114

Residual: 0.5181383739954127


epsilon: 3.555555555555556

m: 7.0

n: 37.333333333333336

Residual: 0.5447199307256094


epsilon: 3.555555555555556

m: 7.0

n: 41.55555555555556

Residual: 0.5686140222925895


epsilon: 3.555555555555556

m: 7.0

n: 45.77777777777778

Residual: 0.5756413054440109


epsilon: 3.555555555555556

m: 7.0

n: 50.0

Residual: 0.5916230913614821


epsilon: 4.166666666666667

m: 4.0

n: 12.0

Residual: 0.8729603237682491


epsilon: 4.166666666666667

m: 4.0

n: 16.22222222222222

Residual: 0.8455428348143185


epsilon: 4.166666666666667

m: 4.0

n: 20.444444444444443

Residual: 0.8265042370918041


epsilon: 4.166666666666667

m: 4.0

n: 24.666666666666668

Residual: 0.8125961886764794


epsilon: 4.166666666666667

m: 4.0

n: 28.88888888888889

Residual: 0.8017734780634321


epsilon: 4.166666666666667

m: 4.0

n: 33.111111111111114

Residual: 0.7929775725156576


epsilon: 4.166666666666667

m: 4.0

n: 37.333333333333336

Residual: 0.7858990007612842


epsilon: 4.166666666666667

m: 4.0

n: 41.55555555555556

Residual: 0.7800807911237425


epsilon: 4.166666666666667

m: 4.0

n: 45.77777777777778

Residual: 0.7749885107214712


epsilon: 4.166666666666667

m: 4.0

n: 50.0

Residual: 0.7705056234720219


epsilon: 4.166666666666667

m: 4.333333333333333

n: 12.0

Residual: 0.8001096064254425


epsilon: 4.166666666666667

m: 4.333333333333333

n: 16.22222222222222

Residual: 0.7555681373946405


epsilon: 4.166666666666667

m: 4.333333333333333

n: 20.444444444444443

Residual: 0.7251556972951402


epsilon: 4.166666666666667

m: 4.333333333333333

n: 24.666666666666668

Residual: 0.7027525319189021


epsilon: 4.166666666666667

m: 4.333333333333333

n: 28.88888888888889

Residual: 0.6855074393447744


epsilon: 4.166666666666667

m: 4.333333333333333

n: 33.111111111111114

Residual: 0.6720351604158158


epsilon: 4.166666666666667

m: 4.333333333333333

n: 37.333333333333336

Residual: 0.6610351878442989


epsilon: 4.166666666666667

m: 4.333333333333333

n: 41.55555555555556

Residual: 0.6507698599960811


epsilon: 4.166666666666667

m: 4.333333333333333

n: 45.77777777777778

Residual: 0.6432592020941371


epsilon: 4.166666666666667

m: 4.333333333333333

n: 50.0

Residual: 0.6365865685538746


epsilon: 4.166666666666667

m: 4.666666666666667

n: 12.0

Residual: 0.7061379953807444


epsilon: 4.166666666666667

m: 4.666666666666667

n: 16.22222222222222

Residual: 0.6394029595462937


epsilon: 4.166666666666667

m: 4.666666666666667

n: 20.444444444444443

Residual: 0.5951345013799262


epsilon: 4.166666666666667

m: 4.666666666666667

n: 24.666666666666668

Residual: 0.5633622749423335


epsilon: 4.166666666666667

m: 4.666666666666667

n: 28.88888888888889

Residual: 0.5385950485276432


epsilon: 4.166666666666667

m: 4.666666666666667

n: 33.111111111111114

Residual: 0.519356538362219


epsilon: 4.166666666666667

m: 4.666666666666667

n: 37.333333333333336

Residual: 0.5036230168720338


epsilon: 4.166666666666667

m: 4.666666666666667

n: 41.55555555555556

Residual: 0.48829847274173793


epsilon: 4.166666666666667

m: 4.666666666666667

n: 45.77777777777778

Residual: 0.4798755574118163


epsilon: 4.166666666666667

m: 4.666666666666667

n: 50.0

Residual: 0.468964274171676


epsilon: 4.166666666666667

m: 5.0

n: 12.0

Residual: 0.594649411258227


epsilon: 4.166666666666667

m: 5.0

n: 16.22222222222222

Residual: 0.504415003033243


epsilon: 4.166666666666667

m: 5.0

n: 20.444444444444443

Residual: 0.44545679923295034


epsilon: 4.166666666666667

m: 5.0

n: 24.666666666666668

Residual: 0.40358751419066935


epsilon: 4.166666666666667

m: 5.0

n: 28.88888888888889

Residual: 0.3706941443448928


epsilon: 4.166666666666667

m: 5.0

n: 33.111111111111114

Residual: 0.3468319405128575


epsilon: 4.166666666666667

m: 5.0

n: 37.333333333333336

Residual: 0.32759611069520095


epsilon: 4.166666666666667

m: 5.0

n: 41.55555555555556

Residual: 0.3085791877623303


epsilon: 4.166666666666667

m: 5.0

n: 45.77777777777778

Residual: 0.29634480992781875


epsilon: 4.166666666666667

m: 5.0

n: 50.0

Residual: 0.28371568990507157


epsilon: 4.166666666666667

m: 5.333333333333333

n: 12.0

Residual: 0.4737368121831395


epsilon: 4.166666666666667

m: 5.333333333333333

n: 16.22222222222222

Residual: 0.3589779591870657


epsilon: 4.166666666666667

m: 5.333333333333333

n: 20.444444444444443

Residual: 0.28649399626406147


epsilon: 4.166666666666667

m: 5.333333333333333

n: 24.666666666666668

Residual: 0.2386390846971553


epsilon: 4.166666666666667

m: 5.333333333333333

n: 28.88888888888889

Residual: 0.19934936743467455


epsilon: 4.166666666666667

m: 5.333333333333333

n: 33.111111111111114

Residual: 0.16865943566696534


epsilon: 4.166666666666667

m: 5.333333333333333

n: 37.333333333333336

Residual: 0.14766097580909254


epsilon: 4.166666666666667

m: 5.333333333333333

n: 41.55555555555556

Residual: 0.12699155530049963


epsilon: 4.166666666666667

m: 5.333333333333333

n: 45.77777777777778

Residual: 0.1126236666266336


epsilon: 4.166666666666667

m: 5.333333333333333

n: 50.0

Residual: 0.10206173430043033


epsilon: 4.166666666666667

m: 5.666666666666666

n: 12.0

Residual: 0.3477967067027785


epsilon: 4.166666666666667

m: 5.666666666666666

n: 16.22222222222222

Residual: 0.21531032812255818


epsilon: 4.166666666666667

m: 5.666666666666666

n: 20.444444444444443

Residual: 0.13819307429053068


epsilon: 4.166666666666667

m: 5.666666666666666

n: 24.666666666666668

Residual: 0.09577953263501411


epsilon: 4.166666666666667

m: 5.666666666666666

n: 28.88888888888889

Residual: 0.06670750574318725


epsilon: 4.166666666666667

m: 5.666666666666666

n: 33.111111111111114

Residual: 0.05524377492718422


epsilon: 4.166666666666667

m: 5.666666666666666

n: 37.333333333333336

Residual: 0.05122174562908342


epsilon: 4.166666666666667

m: 5.666666666666666

n: 41.55555555555556

Residual: 0.04693113095534671


epsilon: 4.166666666666667

m: 5.666666666666666

n: 45.77777777777778

Residual: 0.0608266001059275


epsilon: 4.166666666666667

m: 5.666666666666666

n: 50.0

Residual: 0.07227572968789457


epsilon: 4.166666666666667

m: 6.0

n: 12.0

Residual: 0.24036732516817688


epsilon: 4.166666666666667

m: 6.0

n: 16.22222222222222

Residual: 0.13163394260895978


epsilon: 4.166666666666667

m: 6.0

n: 20.444444444444443

Residual: 0.09148501669457577


epsilon: 4.166666666666667

m: 6.0

n: 24.666666666666668

Residual: 0.08573213051824545


epsilon: 4.166666666666667

m: 6.0

n: 28.88888888888889

Residual: 0.10830303020592393


epsilon: 4.166666666666667

m: 6.0

n: 33.111111111111114

Residual: 0.14629296648691234


epsilon: 4.166666666666667

m: 6.0

n: 37.333333333333336

Residual: 0.16469285435483996


epsilon: 4.166666666666667

m: 6.0

n: 41.55555555555556

Residual: 0.19382173334053232


epsilon: 4.166666666666667

m: 6.0

n: 45.77777777777778

Residual: 0.20701003074069108


epsilon: 4.166666666666667

m: 6.0

n: 50.0

Residual: 0.2190483334077975


epsilon: 4.166666666666667

m: 6.333333333333333

n: 12.0

Residual: 0.18649208946276963


epsilon: 4.166666666666667

m: 6.333333333333333

n: 16.22222222222222

Residual: 0.12289811028280927


epsilon: 4.166666666666667

m: 6.333333333333333

n: 20.444444444444443

Residual: 0.13371764362898134


epsilon: 4.166666666666667

m: 6.333333333333333

n: 24.666666666666668

Residual: 0.19256174762886924


epsilon: 4.166666666666667

m: 6.333333333333333

n: 28.88888888888889

Residual: 0.23417864204368885


epsilon: 4.166666666666667

m: 6.333333333333333

n: 33.111111111111114

Residual: 0.2683646886217655


epsilon: 4.166666666666667

m: 6.333333333333333

n: 37.333333333333336

Residual: 0.30806572227366436


epsilon: 4.166666666666667

m: 6.333333333333333

n: 41.55555555555556

Residual: 0.3225418658754003


epsilon: 4.166666666666667

m: 6.333333333333333

n: 45.77777777777778

Residual: 0.3369150999401278


epsilon: 4.166666666666667

m: 6.333333333333333

n: 50.0

Residual: 0.3467222658428791


epsilon: 4.166666666666667

m: 6.666666666666666

n: 12.0

Residual: 0.1666983391132555


epsilon: 4.166666666666667

m: 6.666666666666666

n: 16.22222222222222

Residual: 0.15943605876022662


epsilon: 4.166666666666667

m: 6.666666666666666

n: 20.444444444444443

Residual: 0.24435404512368814


epsilon: 4.166666666666667

m: 6.666666666666666

n: 24.666666666666668

Residual: 0.30404253604064785


epsilon: 4.166666666666667

m: 6.666666666666666

n: 28.88888888888889

Residual: 0.34151581028832795


epsilon: 4.166666666666667

m: 6.666666666666666

n: 33.111111111111114

Residual: 0.38220252019340184


epsilon: 4.166666666666667

m: 6.666666666666666

n: 37.333333333333336

Residual: 0.4154648310353902


epsilon: 4.166666666666667

m: 6.666666666666666

n: 41.55555555555556

Residual: 0.4166048553371147


epsilon: 4.166666666666667

m: 6.666666666666666

n: 45.77777777777778

Residual: 0.4271919686153795


epsilon: 4.166666666666667

m: 6.666666666666666

n: 50.0

Residual: 0.441331104178157


epsilon: 4.166666666666667

m: 7.0

n: 12.0

Residual: 0.1717464490703573


epsilon: 4.166666666666667

m: 7.0

n: 16.22222222222222

Residual: 0.24028994159556258


epsilon: 4.166666666666667

m: 7.0

n: 20.444444444444443

Residual: 0.33261528587314515


epsilon: 4.166666666666667

m: 7.0

n: 24.666666666666668

Residual: 0.38742528896452866


epsilon: 4.166666666666667

m: 7.0

n: 28.88888888888889

Residual: 0.4398732959149813


epsilon: 4.166666666666667

m: 7.0

n: 33.111111111111114

Residual: 0.46206387459102005


epsilon: 4.166666666666667

m: 7.0

n: 37.333333333333336

Residual: 0.48783502235321635


epsilon: 4.166666666666667

m: 7.0

n: 41.55555555555556

Residual: 0.4983425135006586


epsilon: 4.166666666666667

m: 7.0

n: 45.77777777777778

Residual: 0.5402890545817722


epsilon: 4.166666666666667

m: 7.0

n: 50.0

Residual: 0.5238208392923819


epsilon: 4.777777777777779

m: 4.0

n: 12.0

Residual: 0.8883703008779427


epsilon: 4.777777777777779

m: 4.0

n: 16.22222222222222

Residual: 0.8638718891888024


epsilon: 4.777777777777779

m: 4.0

n: 20.444444444444443

Residual: 0.8469108361014779


epsilon: 4.777777777777779

m: 4.0

n: 24.666666666666668

Residual: 0.8345870148326485


epsilon: 4.777777777777779

m: 4.0

n: 28.88888888888889

Residual: 0.8249770298568506


epsilon: 4.777777777777779

m: 4.0

n: 33.111111111111114

Residual: 0.8170590360212524


epsilon: 4.777777777777779

m: 4.0

n: 37.333333333333336

Residual: 0.8108079951978064


epsilon: 4.777777777777779

m: 4.0

n: 41.55555555555556

Residual: 0.8051251763537126


epsilon: 4.777777777777779

m: 4.0

n: 45.77777777777778

Residual: 0.8009800250019196


epsilon: 4.777777777777779

m: 4.0

n: 50.0

Residual: 0.796764181686831


epsilon: 4.777777777777779

m: 4.333333333333333

n: 12.0

Residual: 0.8234865187172683


epsilon: 4.777777777777779

m: 4.333333333333333

n: 16.22222222222222

Residual: 0.7832228083519188


epsilon: 4.777777777777779

m: 4.333333333333333

n: 20.444444444444443

Residual: 0.7560673850574013


epsilon: 4.777777777777779

m: 4.333333333333333

n: 24.666666666666668

Residual: 0.7358044374339564


epsilon: 4.777777777777779

m: 4.333333333333333

n: 28.88888888888889

Residual: 0.7201318957443107


epsilon: 4.777777777777779

m: 4.333333333333333

n: 33.111111111111114

Residual: 0.7073361887308319


epsilon: 4.777777777777779

m: 4.333333333333333

n: 37.333333333333336

Residual: 0.697531292196654


epsilon: 4.777777777777779

m: 4.333333333333333

n: 41.55555555555556

Residual: 0.688933407913851


epsilon: 4.777777777777779

m: 4.333333333333333

n: 45.77777777777778

Residual: 0.6819996208618273


epsilon: 4.777777777777779

m: 4.333333333333333

n: 50.0

Residual: 0.6747474936752795


epsilon: 4.777777777777779

m: 4.666666666666667

n: 12.0

Residual: 0.7389198051243252


epsilon: 4.777777777777779

m: 4.666666666666667

n: 16.22222222222222

Residual: 0.6783920538207918


epsilon: 4.777777777777779

m: 4.666666666666667

n: 20.444444444444443

Residual: 0.6366610503076107


epsilon: 4.777777777777779

m: 4.666666666666667

n: 24.666666666666668

Residual: 0.607411283671611


epsilon: 4.777777777777779

m: 4.666666666666667

n: 28.88888888888889

Residual: 0.5851772363371175


epsilon: 4.777777777777779

m: 4.666666666666667

n: 33.111111111111114

Residual: 0.5672171528485989


epsilon: 4.777777777777779

m: 4.666666666666667

n: 37.333333333333336

Residual: 0.5524996702976397


epsilon: 4.777777777777779

m: 4.666666666666667

n: 41.55555555555556

Residual: 0.54064491267954


epsilon: 4.777777777777779

m: 4.666666666666667

n: 45.77777777777778

Residual: 0.5299689003652043


epsilon: 4.777777777777779

m: 4.666666666666667

n: 50.0

Residual: 0.521630933220764


epsilon: 4.777777777777779

m: 5.0

n: 12.0

Residual: 0.6369986072538621


epsilon: 4.777777777777779

m: 5.0

n: 16.22222222222222

Residual: 0.5537222849724486


epsilon: 4.777777777777779

m: 5.0

n: 20.444444444444443

Residual: 0.49858815509998755


epsilon: 4.777777777777779

m: 5.0

n: 24.666666666666668

Residual: 0.45964011319058234


epsilon: 4.777777777777779

m: 5.0

n: 28.88888888888889

Residual: 0.42867928441408903


epsilon: 4.777777777777779

m: 5.0

n: 33.111111111111114

Residual: 0.4062952563300126


epsilon: 4.777777777777779

m: 5.0

n: 37.333333333333336

Residual: 0.3860162458295796


epsilon: 4.777777777777779

m: 5.0

n: 41.55555555555556

Residual: 0.37059002641732136


epsilon: 4.777777777777779

m: 5.0

n: 45.77777777777778

Residual: 0.3556160800309927


epsilon: 4.777777777777779

m: 5.0

n: 50.0

Residual: 0.3442401036742534


epsilon: 4.777777777777779

m: 5.333333333333333

n: 12.0

Residual: 0.5240300979095402


epsilon: 4.777777777777779

m: 5.333333333333333

n: 16.22222222222222

Residual: 0.4167984349598435


epsilon: 4.777777777777779

m: 5.333333333333333

n: 20.444444444444443

Residual: 0.3488417680931019


epsilon: 4.777777777777779

m: 5.333333333333333

n: 24.666666666666668

Residual: 0.2995704011603217


epsilon: 4.777777777777779

m: 5.333333333333333

n: 28.88888888888889

Residual: 0.26439210280937286


epsilon: 4.777777777777779

m: 5.333333333333333

n: 33.111111111111114

Residual: 0.2359258539682682


epsilon: 4.777777777777779

m: 5.333333333333333

n: 37.333333333333336

Residual: 0.21227294521053677


epsilon: 4.777777777777779

m: 5.333333333333333

n: 41.55555555555556

Residual: 0.19637112692998618


epsilon: 4.777777777777779

m: 5.333333333333333

n: 45.77777777777778

Residual: 0.1811249706138684


epsilon: 4.777777777777779

m: 5.333333333333333

n: 50.0

Residual: 0.1606911985781188


epsilon: 4.777777777777779

m: 5.666666666666666

n: 12.0

Residual: 0.4065318705445403


epsilon: 4.777777777777779

m: 5.666666666666666

n: 16.22222222222222

Residual: 0.279578823667148


epsilon: 4.777777777777779

m: 5.666666666666666

n: 20.444444444444443

Residual: 0.19847477418282827


epsilon: 4.777777777777779

m: 5.666666666666666

n: 24.666666666666668

Residual: 0.14886557686917556


epsilon: 4.777777777777779

m: 5.666666666666666

n: 28.88888888888889

Residual: 0.11593419244875734


epsilon: 4.777777777777779

m: 5.666666666666666

n: 33.111111111111114

Residual: 0.09078778799920427


epsilon: 4.777777777777779

m: 5.666666666666666

n: 37.333333333333336

Residual: 0.07270349957601699


epsilon: 4.777777777777779

m: 5.666666666666666

n: 41.55555555555556

Residual: 0.06512994981066962


epsilon: 4.777777777777779

m: 5.666666666666666

n: 45.77777777777778

Residual: 0.053489592061512395


epsilon: 4.777777777777779

m: 5.666666666666666

n: 50.0

Residual: 0.049965395411558026


epsilon: 4.777777777777779

m: 6.0

n: 12.0

Residual: 0.2976851405511751


epsilon: 4.777777777777779

m: 6.0

n: 16.22222222222222

Residual: 0.1777754776052961


epsilon: 4.777777777777779

m: 6.0

n: 20.444444444444443

Residual: 0.11953592208408506


epsilon: 4.777777777777779

m: 6.0

n: 24.666666666666668

Residual: 0.09240015054904212


epsilon: 4.777777777777779

m: 6.0

n: 28.88888888888889

Residual: 0.0835216342861347


epsilon: 4.777777777777779

m: 6.0

n: 33.111111111111114

Residual: 0.0903915436526002


epsilon: 4.777777777777779

m: 6.0

n: 37.333333333333336

Residual: 0.10056296035907857


epsilon: 4.777777777777779

m: 6.0

n: 41.55555555555556

Residual: 0.12035209261556952


epsilon: 4.777777777777779

m: 6.0

n: 45.77777777777778

Residual: 0.13902141623947578


epsilon: 4.777777777777779

m: 6.0

n: 50.0

Residual: 0.1630900042854784


epsilon: 4.777777777777779

m: 6.333333333333333

n: 12.0

Residual: 0.22848728708916133


epsilon: 4.777777777777779

m: 6.333333333333333

n: 16.22222222222222

Residual: 0.1434232569148228


epsilon: 4.777777777777779

m: 6.333333333333333

n: 20.444444444444443

Residual: 0.12424248765926509


epsilon: 4.777777777777779

m: 6.333333333333333

n: 24.666666666666668

Residual: 0.13491392507757322


epsilon: 4.777777777777779

m: 6.333333333333333

n: 28.88888888888889

Residual: 0.1722009267453619


epsilon: 4.777777777777779

m: 6.333333333333333

n: 33.111111111111114

Residual: 0.1996913444900661


epsilon: 4.777777777777779

m: 6.333333333333333

n: 37.333333333333336

Residual: 0.22673613043315047


epsilon: 4.777777777777779

m: 6.333333333333333

n: 41.55555555555556

Residual: 0.2527568144521083


epsilon: 4.777777777777779

m: 6.333333333333333

n: 45.77777777777778

Residual: 0.26694909506770054


epsilon: 4.777777777777779

m: 6.333333333333333

n: 50.0

Residual: 0.284652073881195


epsilon: 4.777777777777779

m: 6.666666666666666

n: 12.0

Residual: 0.20051902415474346


epsilon: 4.777777777777779

m: 6.666666666666666

n: 16.22222222222222

Residual: 0.15471802729542186


epsilon: 4.777777777777779

m: 6.666666666666666

n: 20.444444444444443

Residual: 0.18136409300816736


epsilon: 4.777777777777779

m: 6.666666666666666

n: 24.666666666666668

Residual: 0.23807125631775378


epsilon: 4.777777777777779

m: 6.666666666666666

n: 28.88888888888889

Residual: 0.2958913124770731


epsilon: 4.777777777777779

m: 6.666666666666666

n: 33.111111111111114

Residual: 0.310458186339561


epsilon: 4.777777777777779

m: 6.666666666666666

n: 37.333333333333336

Residual: 0.3447539800663907


epsilon: 4.777777777777779

m: 6.666666666666666

n: 41.55555555555556

Residual: 0.37295249328421665


epsilon: 4.777777777777779

m: 6.666666666666666

n: 45.77777777777778

Residual: 0.37645077527590515


epsilon: 4.777777777777779

m: 6.666666666666666

n: 50.0

Residual: 0.38371863320166116


epsilon: 4.777777777777779

m: 7.0

n: 12.0

Residual: 0.19058521233652742


epsilon: 4.777777777777779

m: 7.0

n: 16.22222222222222

Residual: 0.1899900678478806


epsilon: 4.777777777777779

m: 7.0

n: 20.444444444444443

Residual: 0.2711546446671048


epsilon: 4.777777777777779

m: 7.0

n: 24.666666666666668

Residual: 0.3295900765493435


epsilon: 4.777777777777779

m: 7.0

n: 28.88888888888889

Residual: 0.36960871613819873


epsilon: 4.777777777777779

m: 7.0

n: 33.111111111111114

Residual: 0.40739160808741864


epsilon: 4.777777777777779

m: 7.0

n: 37.333333333333336

Residual: 0.4365513548493399


epsilon: 4.777777777777779

m: 7.0

n: 41.55555555555556

Residual: 0.45219258878725865


epsilon: 4.777777777777779

m: 7.0

n: 45.77777777777778

Residual: 0.46547009704979514


epsilon: 4.777777777777779

m: 7.0

n: 50.0

Residual: 0.4907235469463444


epsilon: 5.388888888888889

m: 4.0

n: 12.0

Residual: 0.9003793821026222


epsilon: 5.388888888888889

m: 4.0

n: 16.22222222222222

Residual: 0.8784272269513655


epsilon: 5.388888888888889

m: 4.0

n: 20.444444444444443

Residual: 0.8632048862216051


epsilon: 5.388888888888889

m: 4.0

n: 24.666666666666668

Residual: 0.8519940790586095


epsilon: 5.388888888888889

m: 4.0

n: 28.88888888888889

Residual: 0.8431274787376993


epsilon: 5.388888888888889

m: 4.0

n: 33.111111111111114

Residual: 0.8360275967574783


epsilon: 5.388888888888889

m: 4.0

n: 37.333333333333336

Residual: 0.8304130520554083


epsilon: 5.388888888888889

m: 4.0

n: 41.55555555555556

Residual: 0.8255920472699256


epsilon: 5.388888888888889

m: 4.0

n: 45.77777777777778

Residual: 0.8213585721636055


epsilon: 5.388888888888889

m: 4.0

n: 50.0

Residual: 0.8175661048806402


epsilon: 5.388888888888889

m: 4.333333333333333

n: 12.0

Residual: 0.8419944519314637


epsilon: 5.388888888888889

m: 4.333333333333333

n: 16.22222222222222

Residual: 0.805530281675842


epsilon: 5.388888888888889

m: 4.333333333333333

n: 20.444444444444443

Residual: 0.7805204140122188


epsilon: 5.388888888888889

m: 4.333333333333333

n: 24.666666666666668

Residual: 0.7618785621125533


epsilon: 5.388888888888889

m: 4.333333333333333

n: 28.88888888888889

Residual: 0.7480282315889978


epsilon: 5.388888888888889

m: 4.333333333333333

n: 33.111111111111114

Residual: 0.7363111238772438


epsilon: 5.388888888888889

m: 4.333333333333333

n: 37.333333333333336

Residual: 0.7272758329252259


epsilon: 5.388888888888889

m: 4.333333333333333

n: 41.55555555555556

Residual: 0.7193506286789609


epsilon: 5.388888888888889

m: 4.333333333333333

n: 45.77777777777778

Residual: 0.7128398753599614


epsilon: 5.388888888888889

m: 4.333333333333333

n: 50.0

Residual: 0.7068921371562469


epsilon: 5.388888888888889

m: 4.666666666666667

n: 12.0

Residual: 0.7650348693369836


epsilon: 5.388888888888889

m: 4.666666666666667

n: 16.22222222222222

Residual: 0.7094692397992453


epsilon: 5.388888888888889

m: 4.666666666666667

n: 20.444444444444443

Residual: 0.671977714655149


epsilon: 5.388888888888889

m: 4.666666666666667

n: 24.666666666666668

Residual: 0.6436640263208147


epsilon: 5.388888888888889

m: 4.666666666666667

n: 28.88888888888889

Residual: 0.623859557213722


epsilon: 5.388888888888889

m: 4.666666666666667

n: 33.111111111111114

Residual: 0.606417467073215


epsilon: 5.388888888888889

m: 4.666666666666667

n: 37.333333333333336

Residual: 0.5930147538659192


epsilon: 5.388888888888889

m: 4.666666666666667

n: 41.55555555555556

Residual: 0.5817247487114172


epsilon: 5.388888888888889

m: 4.666666666666667

n: 45.77777777777778

Residual: 0.5712409170809648


epsilon: 5.388888888888889

m: 4.666666666666667

n: 50.0

Residual: 0.5629350404376063


epsilon: 5.388888888888889

m: 5.0

n: 12.0

Residual: 0.671638682879479


epsilon: 5.388888888888889

m: 5.0

n: 16.22222222222222

Residual: 0.5941660673145718


epsilon: 5.388888888888889

m: 5.0

n: 20.444444444444443

Residual: 0.5415296069906583


epsilon: 5.388888888888889

m: 5.0

n: 24.666666666666668

Residual: 0.5042134817049192


epsilon: 5.388888888888889

m: 5.0

n: 28.88888888888889

Residual: 0.47579414416546356


epsilon: 5.388888888888889

m: 5.0

n: 33.111111111111114

Residual: 0.45509261231863063


epsilon: 5.388888888888889

m: 5.0

n: 37.333333333333336

Residual: 0.43669305994210084


epsilon: 5.388888888888889

m: 5.0

n: 41.55555555555556

Residual: 0.42132346095647133


epsilon: 5.388888888888889

m: 5.0

n: 45.77777777777778

Residual: 0.4087417478132281


epsilon: 5.388888888888889

m: 5.0

n: 50.0

Residual: 0.39651790927284347


epsilon: 5.388888888888889

m: 5.333333333333333

n: 12.0

Residual: 0.5666868973482083


epsilon: 5.388888888888889

m: 5.333333333333333

n: 16.22222222222222

Residual: 0.4647272819178739


epsilon: 5.388888888888889

m: 5.333333333333333

n: 20.444444444444443

Residual: 0.3999847574713251


epsilon: 5.388888888888889

m: 5.333333333333333

n: 24.666666666666668

Residual: 0.3533125922709662


epsilon: 5.388888888888889

m: 5.333333333333333

n: 28.88888888888889

Residual: 0.31764526593788434


epsilon: 5.388888888888889

m: 5.333333333333333

n: 33.111111111111114

Residual: 0.2933545441319903


epsilon: 5.388888888888889

m: 5.333333333333333

n: 37.333333333333336

Residual: 0.2681445912708547


epsilon: 5.388888888888889

m: 5.333333333333333

n: 41.55555555555556

Residual: 0.25302841463208897


epsilon: 5.388888888888889

m: 5.333333333333333

n: 45.77777777777778

Residual: 0.23665411605570688


epsilon: 5.388888888888889

m: 5.333333333333333

n: 50.0

Residual: 0.22096297616567412


epsilon: 5.388888888888889

m: 5.666666666666666

n: 12.0

Residual: 0.4567202769375701


epsilon: 5.388888888888889

m: 5.666666666666666

n: 16.22222222222222

Residual: 0.33466109844809433


epsilon: 5.388888888888889

m: 5.666666666666666

n: 20.444444444444443

Residual: 0.2566064137457001


epsilon: 5.388888888888889

m: 5.666666666666666

n: 24.666666666666668

Residual: 0.20419178922722728


epsilon: 5.388888888888889

m: 5.666666666666666

n: 28.88888888888889

Residual: 0.16670014318512935


epsilon: 5.388888888888889

m: 5.666666666666666

n: 33.111111111111114

Residual: 0.13798311062668472


epsilon: 5.388888888888889

m: 5.666666666666666

n: 37.333333333333336

Residual: 0.11682203928576074


epsilon: 5.388888888888889

m: 5.666666666666666

n: 41.55555555555556

Residual: 0.09961331487036484


epsilon: 5.388888888888889

m: 5.666666666666666

n: 45.77777777777778

Residual: 0.08767169629940762


epsilon: 5.388888888888889

m: 5.666666666666666

n: 50.0

Residual: 0.0842891502631033


epsilon: 5.388888888888889

m: 6.0

n: 12.0

Residual: 0.34825203542064104


epsilon: 5.388888888888889

m: 6.0

n: 16.22222222222222

Residual: 0.22289305890001873


epsilon: 5.388888888888889

m: 6.0

n: 20.444444444444443

Residual: 0.16151890860064896


epsilon: 5.388888888888889

m: 6.0

n: 24.666666666666668

Residual: 0.12430973465024484


epsilon: 5.388888888888889

m: 6.0

n: 28.88888888888889

Residual: 0.10136429560289759


epsilon: 5.388888888888889

m: 6.0

n: 33.111111111111114

Residual: 0.09567984562955614


epsilon: 5.388888888888889

m: 6.0

n: 37.333333333333336

Residual: 0.08728367212332304


epsilon: 5.388888888888889

m: 6.0

n: 41.55555555555556

Residual: 0.0833710201834747


epsilon: 5.388888888888889

m: 6.0

n: 45.77777777777778

Residual: 0.08737846856189768


epsilon: 5.388888888888889

m: 6.0

n: 50.0

Residual: 0.09703125504097553


epsilon: 5.388888888888889

m: 6.333333333333333

n: 12.0

Residual: 0.27576475641080817


epsilon: 5.388888888888889

m: 6.333333333333333

n: 16.22222222222222

Residual: 0.17209789929521213


epsilon: 5.388888888888889

m: 6.333333333333333

n: 20.444444444444443

Residual: 0.13181422531009063


epsilon: 5.388888888888889

m: 6.333333333333333

n: 24.666666666666668

Residual: 0.12389990090423375


epsilon: 5.388888888888889

m: 6.333333333333333

n: 28.88888888888889

Residual: 0.12903215523704759


epsilon: 5.388888888888889

m: 6.333333333333333

n: 33.111111111111114

Residual: 0.16181462557974347


epsilon: 5.388888888888889

m: 6.333333333333333

n: 37.333333333333336

Residual: 0.17199915613067898


epsilon: 5.388888888888889

m: 6.333333333333333

n: 41.55555555555556

Residual: 0.1938649400372294


epsilon: 5.388888888888889

m: 6.333333333333333

n: 45.77777777777778

Residual: 0.21594490079725076


epsilon: 5.388888888888889

m: 6.333333333333333

n: 50.0

Residual: 0.22866636588091666


epsilon: 5.388888888888889

m: 6.666666666666666

n: 12.0

Residual: 0.2307821619206009


epsilon: 5.388888888888889

m: 6.666666666666666

n: 16.22222222222222

Residual: 0.16635856541868416


epsilon: 5.388888888888889

m: 6.666666666666666

n: 20.444444444444443

Residual: 0.15789131626948213


epsilon: 5.388888888888889

m: 6.666666666666666

n: 24.666666666666668

Residual: 0.18829399770820374


epsilon: 5.388888888888889

m: 6.666666666666666

n: 28.88888888888889

Residual: 0.23079991796917956


epsilon: 5.388888888888889

m: 6.666666666666666

n: 33.111111111111114

Residual: 0.2712078519788369


epsilon: 5.388888888888889

m: 6.666666666666666

n: 37.333333333333336

Residual: 0.282050153893497


epsilon: 5.388888888888889

m: 6.666666666666666

n: 41.55555555555556

Residual: 0.30295487360440254


epsilon: 5.388888888888889

m: 6.666666666666666

n: 45.77777777777778

Residual: 0.320367824211133


epsilon: 5.388888888888889

m: 6.666666666666666

n: 50.0

Residual: 0.3498126862649949


epsilon: 5.388888888888889

m: 7.0

n: 12.0

Residual: 0.21417315456547756


epsilon: 5.388888888888889

m: 7.0

n: 16.22222222222222

Residual: 0.18410520231834873


epsilon: 5.388888888888889

m: 7.0

n: 20.444444444444443

Residual: 0.22095846146639875


epsilon: 5.388888888888889

m: 7.0

n: 24.666666666666668

Residual: 0.27166976002291765


epsilon: 5.388888888888889

m: 7.0

n: 28.88888888888889

Residual: 0.33416036060504045


epsilon: 5.388888888888889

m: 7.0

n: 33.111111111111114

Residual: 0.3487928422601077


epsilon: 5.388888888888889

m: 7.0

n: 37.333333333333336

Residual: 0.38086775497567554


epsilon: 5.388888888888889

m: 7.0

n: 41.55555555555556

Residual: 0.398017411884114


epsilon: 5.388888888888889

m: 7.0

n: 45.77777777777778

Residual: 0.4347244021004118


epsilon: 5.388888888888889

m: 7.0

n: 50.0

Residual: 0.430547078528211


epsilon: 6.0

m: 4.0

n: 12.0

Residual: 0.910052652985536


epsilon: 6.0

m: 4.0

n: 16.22222222222222

Residual: 0.8901531736104512


epsilon: 6.0

m: 4.0

n: 20.444444444444443

Residual: 0.8762344825075291


epsilon: 6.0

m: 4.0

n: 24.666666666666668

Residual: 0.8660109307441658


epsilon: 6.0

m: 4.0

n: 28.88888888888889

Residual: 0.8579884475998208


epsilon: 6.0

m: 4.0

n: 33.111111111111114

Residual: 0.8516697153942168


epsilon: 6.0

m: 4.0

n: 37.333333333333336

Residual: 0.8461211544829109


epsilon: 6.0

m: 4.0

n: 41.55555555555556

Residual: 0.8419968962283894


epsilon: 6.0

m: 4.0

n: 45.77777777777778

Residual: 0.838241552961101


epsilon: 6.0

m: 4.0

n: 50.0

Residual: 0.8349559194893157


epsilon: 6.0

m: 4.333333333333333

n: 12.0

Residual: 0.857024613952315


epsilon: 6.0

m: 4.333333333333333

n: 16.22222222222222

Residual: 0.8237882800026527


epsilon: 6.0

m: 4.333333333333333

n: 20.444444444444443

Residual: 0.800705827869975


epsilon: 6.0

m: 4.333333333333333

n: 24.666666666666668

Residual: 0.7835467996562961


epsilon: 6.0

m: 4.333333333333333

n: 28.88888888888889

Residual: 0.7706518468114305


epsilon: 6.0

m: 4.333333333333333

n: 33.111111111111114

Residual: 0.7602039633924103


epsilon: 6.0

m: 4.333333333333333

n: 37.333333333333336

Residual: 0.7513523061293278


epsilon: 6.0

m: 4.333333333333333

n: 41.55555555555556

Residual: 0.7437764623129861


epsilon: 6.0

m: 4.333333333333333

n: 45.77777777777778

Residual: 0.7382755919125575


epsilon: 6.0

m: 4.333333333333333

n: 50.0

Residual: 0.7330070039672089


epsilon: 6.0

m: 4.666666666666667

n: 12.0

Residual: 0.7863529929185354


epsilon: 6.0

m: 4.666666666666667

n: 16.22222222222222

Residual: 0.7353134260395691


epsilon: 6.0

m: 4.666666666666667

n: 20.444444444444443

Residual: 0.7001304319932871


epsilon: 6.0

m: 4.666666666666667

n: 24.666666666666668

Residual: 0.6743760825106208


epsilon: 6.0

m: 4.666666666666667

n: 28.88888888888889

Residual: 0.6546174649449703


epsilon: 6.0

m: 4.666666666666667

n: 33.111111111111114

Residual: 0.6388058125681311


epsilon: 6.0

m: 4.666666666666667

n: 37.333333333333336

Residual: 0.6269484034302552


epsilon: 6.0

m: 4.666666666666667

n: 41.55555555555556

Residual: 0.615958510809041


epsilon: 6.0

m: 4.666666666666667

n: 45.77777777777778

Residual: 0.6040570390092447


epsilon: 6.0

m: 4.666666666666667

n: 50.0

Residual: 0.5984725898682763


epsilon: 6.0

m: 5.0

n: 12.0

Residual: 0.6994992664511193


epsilon: 6.0

m: 5.0

n: 16.22222222222222

Residual: 0.6275681209212567


epsilon: 6.0

m: 5.0

n: 20.444444444444443

Residual: 0.5780945668574987


epsilon: 6.0

m: 5.0

n: 24.666666666666668

Residual: 0.5440134330329317


epsilon: 6.0

m: 5.0

n: 28.88888888888889

Residual: 0.5153563742163126


epsilon: 6.0

m: 5.0

n: 33.111111111111114

Residual: 0.49552461051135593


epsilon: 6.0

m: 5.0

n: 37.333333333333336

Residual: 0.47909255953072954


epsilon: 6.0

m: 5.0

n: 41.55555555555556

Residual: 0.4648011602209643


epsilon: 6.0

m: 5.0

n: 45.77777777777778

Residual: 0.45178902388044884


epsilon: 6.0

m: 5.0

n: 50.0

Residual: 0.4385466252256753


epsilon: 6.0

m: 5.333333333333333

n: 12.0

Residual: 0.6006339679863304


epsilon: 6.0

m: 5.333333333333333

n: 16.22222222222222

Residual: 0.5056270669041742


epsilon: 6.0

m: 5.333333333333333

n: 20.444444444444443

Residual: 0.4445306940629742


epsilon: 6.0

m: 5.333333333333333

n: 24.666666666666668

Residual: 0.40055801650374434


epsilon: 6.0

m: 5.333333333333333

n: 28.88888888888889

Residual: 0.3668229591978213


epsilon: 6.0

m: 5.333333333333333

n: 33.111111111111114

Residual: 0.3395393641690253


epsilon: 6.0

m: 5.333333333333333

n: 37.333333333333336

Residual: 0.3177953115800815


epsilon: 6.0

m: 5.333333333333333

n: 41.55555555555556

Residual: 0.3026031723566167


epsilon: 6.0

m: 5.333333333333333

n: 45.77777777777778

Residual: 0.2871023113316888


epsilon: 6.0

m: 5.333333333333333

n: 50.0

Residual: 0.2751788742627926


epsilon: 6.0

m: 5.666666666666666

n: 12.0

Residual: 0.49734045260473086


epsilon: 6.0

m: 5.666666666666666

n: 16.22222222222222

Residual: 0.37904010812920297


epsilon: 6.0

m: 5.666666666666666

n: 20.444444444444443

Residual: 0.3050949320245369


epsilon: 6.0

m: 5.666666666666666

n: 24.666666666666668

Residual: 0.2513280120337153


epsilon: 6.0

m: 5.666666666666666

n: 28.88888888888889

Residual: 0.21441039399679285


epsilon: 6.0

m: 5.666666666666666

n: 33.111111111111114

Residual: 0.18598415429520052


epsilon: 6.0

m: 5.666666666666666

n: 37.333333333333336

Residual: 0.16588938772714903


epsilon: 6.0

m: 5.666666666666666

n: 41.55555555555556

Residual: 0.1445417881691278


epsilon: 6.0

m: 5.666666666666666

n: 45.77777777777778

Residual: 0.1338782046204788


epsilon: 6.0

m: 5.666666666666666

n: 50.0

Residual: 0.11894665665160327


epsilon: 6.0

m: 6.0

n: 12.0

Residual: 0.3925734662547522


epsilon: 6.0

m: 6.0

n: 16.22222222222222

Residual: 0.26495059733305576


epsilon: 6.0

m: 6.0

n: 20.444444444444443

Residual: 0.1978231373710397


epsilon: 6.0

m: 6.0

n: 24.666666666666668

Residual: 0.15349183226262225


epsilon: 6.0

m: 6.0

n: 28.88888888888889

Residual: 0.13019096366513452


epsilon: 6.0

m: 6.0

n: 33.111111111111114

Residual: 0.11108748886052608


epsilon: 6.0

m: 6.0

n: 37.333333333333336

Residual: 0.1062452190876677


epsilon: 6.0

m: 6.0

n: 41.55555555555556

Residual: 0.0966647422961


epsilon: 6.0

m: 6.0

n: 45.77777777777778

Residual: 0.0855165036033174


epsilon: 6.0

m: 6.0

n: 50.0

Residual: 0.08445763471366872


epsilon: 6.0

m: 6.333333333333333

n: 12.0

Residual: 0.314141824192874


epsilon: 6.0

m: 6.333333333333333

n: 16.22222222222222

Residual: 0.20600863075803588


epsilon: 6.0

m: 6.333333333333333

n: 20.444444444444443

Residual: 0.15387637431765597


epsilon: 6.0

m: 6.333333333333333

n: 24.666666666666668

Residual: 0.12810591139995725


epsilon: 6.0

m: 6.333333333333333

n: 28.88888888888889

Residual: 0.12491397570434522


epsilon: 6.0

m: 6.333333333333333

n: 33.111111111111114

Residual: 0.12681534898459038


epsilon: 6.0

m: 6.333333333333333

n: 37.333333333333336

Residual: 0.1287137095988794


epsilon: 6.0

m: 6.333333333333333

n: 41.55555555555556

Residual: 0.15660529871468193


epsilon: 6.0

m: 6.333333333333333

n: 45.77777777777778

Residual: 0.1526922027268357


epsilon: 6.0

m: 6.333333333333333

n: 50.0

Residual: 0.18113953456671875


epsilon: 6.0

m: 6.666666666666666

n: 12.0

Residual: 0.2687135462806365


epsilon: 6.0

m: 6.666666666666666

n: 16.22222222222222

Residual: 0.18549144355927916


epsilon: 6.0

m: 6.666666666666666

n: 20.444444444444443

Residual: 0.15887903032471612


epsilon: 6.0

m: 6.666666666666666

n: 24.666666666666668

Residual: 0.16148014816911196


epsilon: 6.0

m: 6.666666666666666

n: 28.88888888888889

Residual: 0.1853270143350066


epsilon: 6.0

m: 6.666666666666666

n: 33.111111111111114

Residual: 0.20136134808302428


epsilon: 6.0

m: 6.666666666666666

n: 37.333333333333336

Residual: 0.2358014942720589


epsilon: 6.0

m: 6.666666666666666

n: 41.55555555555556

Residual: 0.25527043379609693


epsilon: 6.0

m: 6.666666666666666

n: 45.77777777777778

Residual: 0.2799854283950162


epsilon: 6.0

m: 6.666666666666666

n: 50.0

Residual: 0.31879126653522427


epsilon: 6.0

m: 7.0

n: 12.0

Residual: 0.24348605902228898


epsilon: 6.0

m: 7.0

n: 16.22222222222222

Residual: 0.18926929136499024


epsilon: 6.0

m: 7.0

n: 20.444444444444443

Residual: 0.1936529168899569


epsilon: 6.0

m: 7.0

n: 24.666666666666668

Residual: 0.22238319581058455


epsilon: 6.0

m: 7.0

n: 28.88888888888889

Residual: 0.2692475567012887


epsilon: 6.0

m: 7.0

n: 33.111111111111114

Residual: 0.30644052757859275


epsilon: 6.0

m: 7.0

n: 37.333333333333336

Residual: 0.32760309145585803


epsilon: 6.0

m: 7.0

n: 41.55555555555556

Residual: 0.3524110576704137


epsilon: 6.0

m: 7.0

n: 45.77777777777778

Residual: 0.37612834242840015


epsilon: 6.0

m: 7.0

n: 50.0

Residual: 0.3762256451625337


