epsilon: 0.5

m: 4.0

n: 12.0

Residual: 0.3627854067037289


epsilon: 0.5

m: 4.0

n: 12.0

Residual: 0.3630412641176645


epsilon: 0.5

m: 4.0

n: 16.22222222222222

Residual: 0.2908754745533078


epsilon: 0.5

m: 4.0

n: 20.444444444444443

Residual: 0.2573229226284705


epsilon: 0.5

m: 4.0

n: 24.666666666666668

Residual: 0.24136296068083635


epsilon: 0.5

m: 4.0

n: 28.88888888888889

Residual: 0.23195036912847974


epsilon: 0.5

m: 4.0

n: 33.111111111111114

Residual: 0.22627306616224577


epsilon: 0.5

m: 4.0

n: 37.333333333333336

Residual: 0.22280863772844522


epsilon: 0.5

m: 4.0

n: 41.55555555555556

Residual: 0.2205528701489072


epsilon: 0.5

m: 4.0

n: 45.77777777777778

Residual: 0.21893626527001842


epsilon: 0.5

m: 4.0

n: 50.0

Residual: 0.21928146633769727


epsilon: 0.5

m: 4.333333333333333

n: 12.0

Residual: 0.17632292116773177


epsilon: 0.5

m: 4.333333333333333

n: 16.22222222222222

Residual: 0.15629349664716832


epsilon: 0.5

m: 4.333333333333333

n: 20.444444444444443

Residual: 0.16746032960967822


epsilon: 0.5

m: 4.333333333333333

n: 24.666666666666668

Residual: 0.1844358524636876


epsilon: 0.5

m: 4.333333333333333

n: 28.88888888888889

Residual: 0.20029480256900561


epsilon: 0.5

m: 4.333333333333333

n: 33.111111111111114

Residual: 0.21551434974434444


epsilon: 0.5

m: 4.333333333333333

n: 37.333333333333336

Residual: 0.2264699245402613


epsilon: 0.5

m: 4.333333333333333

n: 41.55555555555556

Residual: 0.2368594610148727


epsilon: 0.5

m: 4.333333333333333

n: 45.77777777777778

Residual: 0.2466023418985457


epsilon: 0.5

m: 4.333333333333333

n: 50.0

Residual: 0.25449435230881406


epsilon: 0.5

m: 4.666666666666667

n: 12.0

Residual: 0.1358181744147844


epsilon: 0.5

m: 4.666666666666667

n: 16.22222222222222

Residual: 0.23567566884647326


epsilon: 0.5

m: 4.666666666666667

n: 20.444444444444443

Residual: 0.30029955891831767


epsilon: 0.5

m: 4.666666666666667

n: 24.666666666666668

Residual: 0.34470551741592237


epsilon: 0.5

m: 4.666666666666667

n: 28.88888888888889

Residual: 0.3748616438791817


epsilon: 0.5

m: 4.666666666666667

n: 33.111111111111114

Residual: 0.3974460159827154


epsilon: 0.5

m: 4.666666666666667

n: 37.333333333333336

Residual: 0.415312577163049


epsilon: 0.5

m: 4.666666666666667

n: 41.55555555555556

Residual: 0.42895502192940704


epsilon: 0.5

m: 4.666666666666667

n: 45.77777777777778

Residual: 0.44298455368750134


epsilon: 0.5

m: 4.666666666666667

n: 50.0

Residual: 0.450574319670878


epsilon: 0.5

m: 5.0

n: 12.0

Residual: 0.3088756337641417


epsilon: 0.5

m: 5.0

n: 16.22222222222222

Residual: 0.4205435261288666


epsilon: 0.5

m: 5.0

n: 20.444444444444443

Residual: 0.4815458259419377


epsilon: 0.5

m: 5.0

n: 24.666666666666668

Residual: 0.5206624333675638


epsilon: 0.5

m: 5.0

n: 28.88888888888889

Residual: 0.5467765315352103


epsilon: 0.5

m: 5.0

n: 33.111111111111114

Residual: 0.5658210303481778


epsilon: 0.5

m: 5.0

n: 37.333333333333336

Residual: 0.5796052057693732


epsilon: 0.5

m: 5.0

n: 41.55555555555556

Residual: 0.596324296446348


epsilon: 0.5

m: 5.0

n: 45.77777777777778

Residual: 0.6020925427624574


epsilon: 0.5

m: 5.0

n: 50.0

Residual: 0.6117491794040696


epsilon: 0.5

m: 5.333333333333333

n: 12.0

Residual: 0.4571896657274759


epsilon: 0.5

m: 5.333333333333333

n: 16.22222222222222

Residual: 0.5599052129645182


epsilon: 0.5

m: 5.333333333333333

n: 20.444444444444443

Residual: 0.61055591179672


epsilon: 0.5

m: 5.333333333333333

n: 24.666666666666668

Residual: 0.6448724972942498


epsilon: 0.5

m: 5.333333333333333

n: 28.88888888888889

Residual: 0.6656368627198789


epsilon: 0.5

m: 5.333333333333333

n: 33.111111111111114

Residual: 0.684172065373806


epsilon: 0.5

m: 5.333333333333333

n: 37.333333333333336

Residual: 0.6950509205167151


epsilon: 0.5

m: 5.333333333333333

n: 41.55555555555556

Residual: 0.7058839297159175


epsilon: 0.5

m: 5.333333333333333

n: 45.77777777777778

Residual: 0.7146633809076536


epsilon: 0.5

m: 5.333333333333333

n: 50.0

Residual: 0.7185432798942083


epsilon: 0.5

m: 5.666666666666666

n: 12.0

Residual: 0.5689946601277829


epsilon: 0.5

m: 5.666666666666666

n: 16.22222222222222

Residual: 0.6582655662491851


epsilon: 0.5

m: 5.666666666666666

n: 20.444444444444443

Residual: 0.7031189971361174


epsilon: 0.5

m: 5.666666666666666

n: 24.666666666666668

Residual: 0.7334910472544818


epsilon: 0.5

m: 5.666666666666666

n: 28.88888888888889

Residual: 0.7500723708805526


epsilon: 0.5

m: 5.666666666666666

n: 33.111111111111114

Residual: 0.7617008276786441


epsilon: 0.5

m: 5.666666666666666

n: 37.333333333333336

Residual: 0.7731091875487667


epsilon: 0.5

m: 5.666666666666666

n: 41.55555555555556

Residual: 0.7805205190235829


epsilon: 0.5

m: 5.666666666666666

n: 45.77777777777778

Residual: 0.7892974400318388


epsilon: 0.5

m: 5.666666666666666

n: 50.0

Residual: 0.7935151994110166


epsilon: 0.5

m: 6.0

n: 12.0

Residual: 0.6513531780203271


epsilon: 0.5

m: 6.0

n: 16.22222222222222

Residual: 0.7303491742449708


epsilon: 0.5

m: 6.0

n: 20.444444444444443

Residual: 0.7692108863015119


epsilon: 0.5

m: 6.0

n: 24.666666666666668

Residual: 0.7934922825673506


epsilon: 0.5

m: 6.0

n: 28.88888888888889

Residual: 0.8092791114996061


epsilon: 0.5

m: 6.0

n: 33.111111111111114

Residual: 0.8197345750829989


epsilon: 0.5

m: 6.0

n: 37.333333333333336

Residual: 0.8254785944263813


epsilon: 0.5

m: 6.0

n: 41.55555555555556

Residual: 0.832695702399847


epsilon: 0.5

m: 6.0

n: 45.77777777777778

Residual: 0.8395671729237951


epsilon: 0.5

m: 6.0

n: 50.0

Residual: 0.8418405002895447


epsilon: 0.5

m: 6.333333333333333

n: 12.0

Residual: 0.7132271498220545


epsilon: 0.5

m: 6.333333333333333

n: 16.22222222222222

Residual: 0.7828736564881297


epsilon: 0.5

m: 6.333333333333333

n: 20.444444444444443

Residual: 0.8150349650425908


epsilon: 0.5

m: 6.333333333333333

n: 24.666666666666668

Residual: 0.8352224519195901


epsilon: 0.5

m: 6.333333333333333

n: 28.88888888888889

Residual: 0.8478001817388422


epsilon: 0.5

m: 6.333333333333333

n: 33.111111111111114

Residual: 0.8602778881450281


epsilon: 0.5

m: 6.333333333333333

n: 37.333333333333336

Residual: 0.8642354300151646


epsilon: 0.5

m: 6.333333333333333

n: 41.55555555555556

Residual: 0.8715550108068065


epsilon: 0.5

m: 6.333333333333333

n: 45.77777777777778

Residual: 0.8742323230017599


epsilon: 0.5

m: 6.333333333333333

n: 50.0

Residual: 0.8781086305834767


epsilon: 0.5

m: 6.666666666666666

n: 12.0

Residual: 0.7582082894825906


epsilon: 0.5

m: 6.666666666666666

n: 16.22222222222222

Residual: 0.8208139499977979


epsilon: 0.5

m: 6.666666666666666

n: 20.444444444444443

Residual: 0.8503111136697196


epsilon: 0.5

m: 6.666666666666666

n: 24.666666666666668

Residual: 0.8662996135492367


epsilon: 0.5

m: 6.666666666666666

n: 28.88888888888889

Residual: 0.8769108204805706


epsilon: 0.5

m: 6.666666666666666

n: 33.111111111111114

Residual: 0.8843520590398547


epsilon: 0.5

m: 6.666666666666666

n: 37.333333333333336

Residual: 0.8895375625787884


epsilon: 0.5

m: 6.666666666666666

n: 41.55555555555556

Residual: 0.900171767134584


epsilon: 0.5

m: 6.666666666666666

n: 45.77777777777778

Residual: 0.9052565580253694


epsilon: 0.5

m: 6.666666666666666

n: 50.0

Residual: 0.9059502156561943


epsilon: 0.5

m: 7.0

n: 12.0

Residual: 0.7946942240010045


epsilon: 0.5

m: 7.0

n: 16.22222222222222

Residual: 0.8481287765910154


epsilon: 0.5

m: 7.0

n: 20.444444444444443

Residual: 0.873375636682131


epsilon: 0.5

m: 7.0

n: 24.666666666666668

Residual: 0.8882400622310841


epsilon: 0.5

m: 7.0

n: 28.88888888888889

Residual: 0.8981554356319155


epsilon: 0.5

m: 7.0

n: 33.111111111111114

Residual: 0.9057500002107448


epsilon: 0.5

m: 7.0

n: 37.333333333333336

Residual: 0.9130606162982424


epsilon: 0.5

m: 7.0

n: 41.55555555555556

Residual: 0.9194193815050675


epsilon: 0.5

m: 7.0

n: 45.77777777777778

Residual: 0.9214600035533171


epsilon: 0.5

m: 7.0

n: 50.0

Residual: 0.9263971116586247


epsilon: 1.1111111111111112

m: 4.0

n: 12.0

Residual: 0.6505598343796813


epsilon: 1.1111111111111112

m: 4.0

n: 16.22222222222222

Residual: 0.5855580486226912


epsilon: 1.1111111111111112

m: 4.0

n: 20.444444444444443

Residual: 0.5423682661979378


epsilon: 1.1111111111111112

m: 4.0

n: 24.666666666666668

Residual: 0.5115182015996398


epsilon: 1.1111111111111112

m: 4.0

n: 28.88888888888889

Residual: 0.4885509137151242


epsilon: 1.1111111111111112

m: 4.0

n: 33.111111111111114

Residual: 0.470065253688458


epsilon: 1.1111111111111112

m: 4.0

n: 37.333333333333336

Residual: 0.45535203412509173


epsilon: 1.1111111111111112

m: 4.0

n: 41.55555555555556

Residual: 0.4433639039778023


epsilon: 1.1111111111111112

m: 4.0

n: 45.77777777777778

Residual: 0.432799471452142


epsilon: 1.1111111111111112

m: 4.0

n: 50.0

Residual: 0.4240505812150779


epsilon: 1.1111111111111112

m: 4.333333333333333

n: 12.0

Residual: 0.47326076638521003


epsilon: 1.1111111111111112

m: 4.333333333333333

n: 16.22222222222222

Residual: 0.3803146936157885


epsilon: 1.1111111111111112

m: 4.333333333333333

n: 20.444444444444443

Residual: 0.3214499023330814


epsilon: 1.1111111111111112

m: 4.333333333333333

n: 24.666666666666668

Residual: 0.2800792757027677


epsilon: 1.1111111111111112

m: 4.333333333333333

n: 28.88888888888889

Residual: 0.2516977517644964


epsilon: 1.1111111111111112

m: 4.333333333333333

n: 33.111111111111114

Residual: 0.23346356311697847


epsilon: 1.1111111111111112

m: 4.333333333333333

n: 37.333333333333336

Residual: 0.21942337468712728


epsilon: 1.1111111111111112

m: 4.333333333333333

n: 41.55555555555556

Residual: 0.2084348956521644


epsilon: 1.1111111111111112

m: 4.333333333333333

n: 45.77777777777778

Residual: 0.19998038276573568


epsilon: 1.1111111111111112

m: 4.333333333333333

n: 50.0

Residual: 0.1945225669822724


epsilon: 1.1111111111111112

m: 4.666666666666667

n: 12.0

Residual: 0.2753413836696601


epsilon: 1.1111111111111112

m: 4.666666666666667

n: 16.22222222222222

Residual: 0.16273933504813726


epsilon: 1.1111111111111112

m: 4.666666666666667

n: 20.444444444444443

Residual: 0.11212536550228094


epsilon: 1.1111111111111112

m: 4.666666666666667

n: 24.666666666666668

Residual: 0.09291487737286785


epsilon: 1.1111111111111112

m: 4.666666666666667

n: 28.88888888888889

Residual: 0.0859853359381696


epsilon: 1.1111111111111112

m: 4.666666666666667

n: 33.111111111111114

Residual: 0.08873032188039487


epsilon: 1.1111111111111112

m: 4.666666666666667

n: 37.333333333333336

Residual: 0.09406235625114322


epsilon: 1.1111111111111112

m: 4.666666666666667

n: 41.55555555555556

Residual: 0.10406748775310971


epsilon: 1.1111111111111112

m: 4.666666666666667

n: 45.77777777777778

Residual: 0.11029003344266784


epsilon: 1.1111111111111112

m: 4.666666666666667

n: 50.0

Residual: 0.1198141759749255


epsilon: 1.1111111111111112

m: 5.0

n: 12.0

Residual: 0.08421917548426897


epsilon: 1.1111111111111112

m: 5.0

n: 16.22222222222222

Residual: 0.049336685880448


epsilon: 1.1111111111111112

m: 5.0

n: 20.444444444444443

Residual: 0.1251982529245317


epsilon: 1.1111111111111112

m: 5.0

n: 24.666666666666668

Residual: 0.17327424513325532


epsilon: 1.1111111111111112

m: 5.0

n: 28.88888888888889

Residual: 0.21153914691416123


epsilon: 1.1111111111111112

m: 5.0

n: 33.111111111111114

Residual: 0.23759076199081475


epsilon: 1.1111111111111112

m: 5.0

n: 37.333333333333336

Residual: 0.2579957805204715


epsilon: 1.1111111111111112

m: 5.0

n: 41.55555555555556

Residual: 0.2782242256239302


epsilon: 1.1111111111111112

m: 5.0

n: 45.77777777777778

Residual: 0.29937075397423096


epsilon: 1.1111111111111112

m: 5.0

n: 50.0

Residual: 0.30683451201303275


epsilon: 1.1111111111111112

m: 5.333333333333333

n: 12.0

Residual: 0.0937863147861528


epsilon: 1.1111111111111112

m: 5.333333333333333

n: 16.22222222222222

Residual: 0.22843414941007


epsilon: 1.1111111111111112

m: 5.333333333333333

n: 20.444444444444443

Residual: 0.30186477848605764


epsilon: 1.1111111111111112

m: 5.333333333333333

n: 24.666666666666668

Residual: 0.3503637458640216


epsilon: 1.1111111111111112

m: 5.333333333333333

n: 28.88888888888889

Residual: 0.38545467444815584


epsilon: 1.1111111111111112

m: 5.333333333333333

n: 33.111111111111114

Residual: 0.41091321595181524


epsilon: 1.1111111111111112

m: 5.333333333333333

n: 37.333333333333336

Residual: 0.4314739532675786


epsilon: 1.1111111111111112

m: 5.333333333333333

n: 41.55555555555556

Residual: 0.44556501491559936


epsilon: 1.1111111111111112

m: 5.333333333333333

n: 45.77777777777778

Residual: 0.45969354359053277


epsilon: 1.1111111111111112

m: 5.333333333333333

n: 50.0

Residual: 0.47650741051661816


epsilon: 1.1111111111111112

m: 5.666666666666666

n: 12.0

Residual: 0.2425813622681377


epsilon: 1.1111111111111112

m: 5.666666666666666

n: 16.22222222222222

Residual: 0.3745252234119524


epsilon: 1.1111111111111112

m: 5.666666666666666

n: 20.444444444444443

Residual: 0.4434778540565689


epsilon: 1.1111111111111112

m: 5.666666666666666

n: 24.666666666666668

Residual: 0.4873422707413779


epsilon: 1.1111111111111112

m: 5.666666666666666

n: 28.88888888888889

Residual: 0.518984661382067


epsilon: 1.1111111111111112

m: 5.666666666666666

n: 33.111111111111114

Residual: 0.5435015595714591


epsilon: 1.1111111111111112

m: 5.666666666666666

n: 37.333333333333336

Residual: 0.5609207207051572


epsilon: 1.1111111111111112

m: 5.666666666666666

n: 41.55555555555556

Residual: 0.5697207388829076


epsilon: 1.1111111111111112

m: 5.666666666666666

n: 45.77777777777778

Residual: 0.5812004002991499


epsilon: 1.1111111111111112

m: 5.666666666666666

n: 50.0

Residual: 0.5911660236725453


epsilon: 1.1111111111111112

m: 6.0

n: 12.0

Residual: 0.3659982538887435


epsilon: 1.1111111111111112

m: 6.0

n: 16.22222222222222

Residual: 0.48706222304053787


epsilon: 1.1111111111111112

m: 6.0

n: 20.444444444444443

Residual: 0.5491431018448714


epsilon: 1.1111111111111112

m: 6.0

n: 24.666666666666668

Residual: 0.5883195167265377


epsilon: 1.1111111111111112

m: 6.0

n: 28.88888888888889

Residual: 0.6170350855758043


epsilon: 1.1111111111111112

m: 6.0

n: 33.111111111111114

Residual: 0.6417828670907152


epsilon: 1.1111111111111112

m: 6.0

n: 37.333333333333336

Residual: 0.6521915291020636


epsilon: 1.1111111111111112

m: 6.0

n: 41.55555555555556

Residual: 0.6627395206311563


epsilon: 1.1111111111111112

m: 6.0

n: 45.77777777777778

Residual: 0.6729702568829632


epsilon: 1.1111111111111112

m: 6.0

n: 50.0

Residual: 0.678361298220211


epsilon: 1.1111111111111112

m: 6.333333333333333

n: 12.0

Residual: 0.45520559121039816


epsilon: 1.1111111111111112

m: 6.333333333333333

n: 16.22222222222222

Residual: 0.5705929652343043


epsilon: 1.1111111111111112

m: 6.333333333333333

n: 20.444444444444443

Residual: 0.6311939042630413


epsilon: 1.1111111111111112

m: 6.333333333333333

n: 24.666666666666668

Residual: 0.6657451599849358


epsilon: 1.1111111111111112

m: 6.333333333333333

n: 28.88888888888889

Residual: 0.6890785663395678


epsilon: 1.1111111111111112

m: 6.333333333333333

n: 33.111111111111114

Residual: 0.7085794279196646


epsilon: 1.1111111111111112

m: 6.333333333333333

n: 37.333333333333336

Residual: 0.7196276870069187


epsilon: 1.1111111111111112

m: 6.333333333333333

n: 41.55555555555556

Residual: 0.7301806515564785


epsilon: 1.1111111111111112

m: 6.333333333333333

n: 45.77777777777778

Residual: 0.7426026603022007


epsilon: 1.1111111111111112

m: 6.333333333333333

n: 50.0

Residual: 0.7473860269644726


epsilon: 1.1111111111111112

m: 6.666666666666666

n: 12.0

Residual: 0.5342262210381459


epsilon: 1.1111111111111112

m: 6.666666666666666

n: 16.22222222222222

Residual: 0.6398754852191352


epsilon: 1.1111111111111112

m: 6.666666666666666

n: 20.444444444444443

Residual: 0.6942382577795629


epsilon: 1.1111111111111112

m: 6.666666666666666

n: 24.666666666666668

Residual: 0.7233885542243459


epsilon: 1.1111111111111112

m: 6.666666666666666

n: 28.88888888888889

Residual: 0.7417489066305999


epsilon: 1.1111111111111112

m: 6.666666666666666

n: 33.111111111111114

Residual: 0.7636383163172638


epsilon: 1.1111111111111112

m: 6.666666666666666

n: 37.333333333333336

Residual: 0.7747162652583176


epsilon: 1.1111111111111112

m: 6.666666666666666

n: 41.55555555555556

Residual: 0.7840773043497776


epsilon: 1.1111111111111112

m: 6.666666666666666

n: 45.77777777777778

Residual: 0.7868131921256507


epsilon: 1.1111111111111112

m: 6.666666666666666

n: 50.0

Residual: 0.7942808927541


epsilon: 1.1111111111111112

m: 7.0

n: 12.0

Residual: 0.5928607582694323


epsilon: 1.1111111111111112

m: 7.0

n: 16.22222222222222

Residual: 0.6927264109261082


epsilon: 1.1111111111111112

m: 7.0

n: 20.444444444444443

Residual: 0.7422047714747053


epsilon: 1.1111111111111112

m: 7.0

n: 24.666666666666668

Residual: 0.76791339335372


epsilon: 1.1111111111111112

m: 7.0

n: 28.88888888888889

Residual: 0.789684660384972


epsilon: 1.1111111111111112

m: 7.0

n: 33.111111111111114

Residual: 0.801305901982053


epsilon: 1.1111111111111112

m: 7.0

n: 37.333333333333336

Residual: 0.8148844875529088


epsilon: 1.1111111111111112

m: 7.0

n: 41.55555555555556

Residual: 0.8172833413834049


epsilon: 1.1111111111111112

m: 7.0

n: 45.77777777777778

Residual: 0.8255161592269676


epsilon: 1.1111111111111112

m: 7.0

n: 50.0

Residual: 0.8401236096637104


epsilon: 1.7222222222222223

m: 4.0

n: 12.0

Residual: 0.759523255840046


epsilon: 1.7222222222222223

m: 4.0

n: 16.22222222222222

Residual: 0.7114019725697354


epsilon: 1.7222222222222223

m: 4.0

n: 20.444444444444443

Residual: 0.6788898451751358


epsilon: 1.7222222222222223

m: 4.0

n: 24.666666666666668

Residual: 0.6551623975491073


epsilon: 1.7222222222222223

m: 4.0

n: 28.88888888888889

Residual: 0.637115723989715


epsilon: 1.7222222222222223

m: 4.0

n: 33.111111111111114

Residual: 0.622793885569635


epsilon: 1.7222222222222223

m: 4.0

n: 37.333333333333336

Residual: 0.6112158535829996


epsilon: 1.7222222222222223

m: 4.0

n: 41.55555555555556

Residual: 0.6014673523650953


epsilon: 1.7222222222222223

m: 4.0

n: 45.77777777777778

Residual: 0.5930600665316287


epsilon: 1.7222222222222223

m: 4.0

n: 50.0

Residual: 0.5859982351958258


epsilon: 1.7222222222222223

m: 4.333333333333333

n: 12.0

Residual: 0.6249614898121898


epsilon: 1.7222222222222223

m: 4.333333333333333

n: 16.22222222222222

Residual: 0.5510115152297996


epsilon: 1.7222222222222223

m: 4.333333333333333

n: 20.444444444444443

Residual: 0.5016875183117979


epsilon: 1.7222222222222223

m: 4.333333333333333

n: 24.666666666666668

Residual: 0.4672167935328701


epsilon: 1.7222222222222223

m: 4.333333333333333

n: 28.88888888888889

Residual: 0.4408785865654111


epsilon: 1.7222222222222223

m: 4.333333333333333

n: 33.111111111111114

Residual: 0.420692820802421


epsilon: 1.7222222222222223

m: 4.333333333333333

n: 37.333333333333336

Residual: 0.40323444749059223


epsilon: 1.7222222222222223

m: 4.333333333333333

n: 41.55555555555556

Residual: 0.390393607238418


epsilon: 1.7222222222222223

m: 4.333333333333333

n: 45.77777777777778

Residual: 0.37874833242001327


epsilon: 1.7222222222222223

m: 4.333333333333333

n: 50.0

Residual: 0.3674165892459229


epsilon: 1.7222222222222223

m: 4.666666666666667

n: 12.0

Residual: 0.46340692963134944


epsilon: 1.7222222222222223

m: 4.666666666666667

n: 16.22222222222222

Residual: 0.36301040919818406


epsilon: 1.7222222222222223

m: 4.666666666666667

n: 20.444444444444443

Residual: 0.29916683241527336


epsilon: 1.7222222222222223

m: 4.666666666666667

n: 24.666666666666668

Residual: 0.253998274616586


epsilon: 1.7222222222222223

m: 4.666666666666667

n: 28.88888888888889

Residual: 0.2214262166126686


epsilon: 1.7222222222222223

m: 4.666666666666667

n: 33.111111111111114

Residual: 0.19500642819291172


epsilon: 1.7222222222222223

m: 4.666666666666667

n: 37.333333333333336

Residual: 0.1751432191564644


epsilon: 1.7222222222222223

m: 4.666666666666667

n: 41.55555555555556

Residual: 0.15932348716433525


epsilon: 1.7222222222222223

m: 4.666666666666667

n: 45.77777777777778

Residual: 0.15278492875119615


epsilon: 1.7222222222222223

m: 4.666666666666667

n: 50.0

Residual: 0.14230396634345607


epsilon: 1.7222222222222223

m: 5.0

n: 12.0

Residual: 0.2911733452371494


epsilon: 1.7222222222222223

m: 5.0

n: 16.22222222222222

Residual: 0.1685977071436416


epsilon: 1.7222222222222223

m: 5.0

n: 20.444444444444443

Residual: 0.09388418449866974


epsilon: 1.7222222222222223

m: 5.0

n: 24.666666666666668

Residual: 0.049385152716460635


epsilon: 1.7222222222222223

m: 5.0

n: 28.88888888888889

Residual: 0.025575289715449583


epsilon: 1.7222222222222223

m: 5.0

n: 33.111111111111114

Residual: 0.027266632684576436


epsilon: 1.7222222222222223

m: 5.0

n: 37.333333333333336

Residual: 0.044042132278994936


epsilon: 1.7222222222222223

m: 5.0

n: 41.55555555555556

Residual: 0.06603856430730301


epsilon: 1.7222222222222223

m: 5.0

n: 45.77777777777778

Residual: 0.08206865709818568


epsilon: 1.7222222222222223

m: 5.0

n: 50.0

Residual: 0.09061570937716906


epsilon: 1.7222222222222223

m: 5.333333333333333

n: 12.0

Residual: 0.12243795727788291


epsilon: 1.7222222222222223

m: 5.333333333333333

n: 16.22222222222222

Residual: 0.041595976838425065


epsilon: 1.7222222222222223

m: 5.333333333333333

n: 20.444444444444443

Residual: 0.09383812389635267


epsilon: 1.7222222222222223

m: 5.333333333333333

n: 24.666666666666668

Residual: 0.14777130105085937


epsilon: 1.7222222222222223

m: 5.333333333333333

n: 28.88888888888889

Residual: 0.18376361632494287


epsilon: 1.7222222222222223

m: 5.333333333333333

n: 33.111111111111114

Residual: 0.21288495910708255


epsilon: 1.7222222222222223

m: 5.333333333333333

n: 37.333333333333336

Residual: 0.23537627109197437


epsilon: 1.7222222222222223

m: 5.333333333333333

n: 41.55555555555556

Residual: 0.25549909728397074


epsilon: 1.7222222222222223

m: 5.333333333333333

n: 45.77777777777778

Residual: 0.27300349627621145


epsilon: 1.7222222222222223

m: 5.333333333333333

n: 50.0

Residual: 0.279847484194934


epsilon: 1.7222222222222223

m: 5.666666666666666

n: 12.0

Residual: 0.08246295746256264


epsilon: 1.7222222222222223

m: 5.666666666666666

n: 16.22222222222222

Residual: 0.17241694044764735


epsilon: 1.7222222222222223

m: 5.666666666666666

n: 20.444444444444443

Residual: 0.25265669941645114


epsilon: 1.7222222222222223

m: 5.666666666666666

n: 24.666666666666668

Residual: 0.3012335869031815


epsilon: 1.7222222222222223

m: 5.666666666666666

n: 28.88888888888889

Residual: 0.3417704892485503


epsilon: 1.7222222222222223

m: 5.666666666666666

n: 33.111111111111114

Residual: 0.36878862518452116


epsilon: 1.7222222222222223

m: 5.666666666666666

n: 37.333333333333336

Residual: 0.39097195778099647


epsilon: 1.7222222222222223

m: 5.666666666666666

n: 41.55555555555556

Residual: 0.4039572624767219


epsilon: 1.7222222222222223

m: 5.666666666666666

n: 45.77777777777778

Residual: 0.42253619160269174


epsilon: 1.7222222222222223

m: 5.666666666666666

n: 50.0

Residual: 0.4283034743673584


epsilon: 1.7222222222222223

m: 6.0

n: 12.0

Residual: 0.15855574465902594


epsilon: 1.7222222222222223

m: 6.0

n: 16.22222222222222

Residual: 0.30183753343092634


epsilon: 1.7222222222222223

m: 6.0

n: 20.444444444444443

Residual: 0.37689113794955253


epsilon: 1.7222222222222223

m: 6.0

n: 24.666666666666668

Residual: 0.42688774581476935


epsilon: 1.7222222222222223

m: 6.0

n: 28.88888888888889

Residual: 0.4663014857392109


epsilon: 1.7222222222222223

m: 6.0

n: 33.111111111111114

Residual: 0.48512851461027484


epsilon: 1.7222222222222223

m: 6.0

n: 37.333333333333336

Residual: 0.506076615888154


epsilon: 1.7222222222222223

m: 6.0

n: 41.55555555555556

Residual: 0.5274398038794729


epsilon: 1.7222222222222223

m: 6.0

n: 45.77777777777778

Residual: 0.5508259025647955


epsilon: 1.7222222222222223

m: 6.0

n: 50.0

Residual: 0.5507091417793459


epsilon: 1.7222222222222223

m: 6.333333333333333

n: 12.0

Residual: 0.2675388129080676


epsilon: 1.7222222222222223

m: 6.333333333333333

n: 16.22222222222222

Residual: 0.40417143226515934


epsilon: 1.7222222222222223

m: 6.333333333333333

n: 20.444444444444443

Residual: 0.47741957313481564


epsilon: 1.7222222222222223

m: 6.333333333333333

n: 24.666666666666668

Residual: 0.5266701615357379


epsilon: 1.7222222222222223

m: 6.333333333333333

n: 28.88888888888889

Residual: 0.5655096128419191


epsilon: 1.7222222222222223

m: 6.333333333333333

n: 33.111111111111114

Residual: 0.5794235876798541


epsilon: 1.7222222222222223

m: 6.333333333333333

n: 37.333333333333336

Residual: 0.5929169514813283


epsilon: 1.7222222222222223

m: 6.333333333333333

n: 41.55555555555556

Residual: 0.617271583615329


epsilon: 1.7222222222222223

m: 6.333333333333333

n: 45.77777777777778

Residual: 0.6281975653725403


epsilon: 1.7222222222222223

m: 6.333333333333333

n: 50.0

Residual: 0.6317935892518545


epsilon: 1.7222222222222223

m: 6.666666666666666

n: 12.0

Residual: 0.35730014399225224


epsilon: 1.7222222222222223

m: 6.666666666666666

n: 16.22222222222222

Residual: 0.49367780136772194


epsilon: 1.7222222222222223

m: 6.666666666666666

n: 20.444444444444443

Residual: 0.5609997731839068


epsilon: 1.7222222222222223

m: 6.666666666666666

n: 24.666666666666668

Residual: 0.6089592956589573


epsilon: 1.7222222222222223

m: 6.666666666666666

n: 28.88888888888889

Residual: 0.6328348652034175


epsilon: 1.7222222222222223

m: 6.666666666666666

n: 33.111111111111114

Residual: 0.6551072346820119


epsilon: 1.7222222222222223

m: 6.666666666666666

n: 37.333333333333336

Residual: 0.6644618978145934


epsilon: 1.7222222222222223

m: 6.666666666666666

n: 41.55555555555556

Residual: 0.6791608250460549


epsilon: 1.7222222222222223

m: 6.666666666666666

n: 45.77777777777778

Residual: 0.7187478427663485


epsilon: 1.7222222222222223

m: 6.666666666666666

n: 50.0

Residual: 0.7018097883120301


epsilon: 1.7222222222222223

m: 7.0

n: 12.0

Residual: 0.43174559162357257


epsilon: 1.7222222222222223

m: 7.0

n: 16.22222222222222

Residual: 0.5588824261758571


epsilon: 1.7222222222222223

m: 7.0

n: 20.444444444444443

Residual: 0.6251075168184742


epsilon: 1.7222222222222223

m: 7.0

n: 24.666666666666668

Residual: 0.6601922101440677


epsilon: 1.7222222222222223

m: 7.0

n: 28.88888888888889

Residual: 0.6891515229210157


epsilon: 1.7222222222222223

m: 7.0

n: 33.111111111111114

Residual: 0.7112000369359927


epsilon: 1.7222222222222223

m: 7.0

n: 37.333333333333336

Residual: 0.7279530474698802


epsilon: 1.7222222222222223

m: 7.0

n: 41.55555555555556

Residual: 0.7358294005283177


epsilon: 1.7222222222222223

m: 7.0

n: 45.77777777777778

Residual: 0.7458567900082814


epsilon: 1.7222222222222223

m: 7.0

n: 50.0

Residual: 0.7597775499311276


epsilon: 2.3333333333333335

m: 4.0

n: 12.0

Residual: 0.8167872286532472


epsilon: 2.3333333333333335

m: 4.0

n: 16.22222222222222

Residual: 0.7785910362223817


epsilon: 2.3333333333333335

m: 4.0

n: 20.444444444444443

Residual: 0.7525144723394966


epsilon: 2.3333333333333335

m: 4.0

n: 24.666666666666668

Residual: 0.7334091378433895


epsilon: 2.3333333333333335

m: 4.0

n: 28.88888888888889

Residual: 0.7187503233694645


epsilon: 2.3333333333333335

m: 4.0

n: 33.111111111111114

Residual: 0.7067894390819452


epsilon: 2.3333333333333335

m: 4.0

n: 37.333333333333336

Residual: 0.6972101437065775


epsilon: 2.3333333333333335

m: 4.0

n: 41.55555555555556

Residual: 0.6895185211761361


epsilon: 2.3333333333333335

m: 4.0

n: 45.77777777777778

Residual: 0.6825174997600074


epsilon: 2.3333333333333335

m: 4.0

n: 50.0

Residual: 0.6769966612813666


epsilon: 2.3333333333333335

m: 4.333333333333333

n: 12.0

Residual: 0.7088667740187717


epsilon: 2.3333333333333335

m: 4.333333333333333

n: 16.22222222222222

Residual: 0.6480269600506078


epsilon: 2.3333333333333335

m: 4.333333333333333

n: 20.444444444444443

Residual: 0.6069357001534186


epsilon: 2.3333333333333335

m: 4.333333333333333

n: 24.666666666666668

Residual: 0.5775251862801684


epsilon: 2.3333333333333335

m: 4.333333333333333

n: 28.88888888888889

Residual: 0.554713194852799


epsilon: 2.3333333333333335

m: 4.333333333333333

n: 33.111111111111114

Residual: 0.5370136585362378


epsilon: 2.3333333333333335

m: 4.333333333333333

n: 37.333333333333336

Residual: 0.5225363197694023


epsilon: 2.3333333333333335

m: 4.333333333333333

n: 41.55555555555556

Residual: 0.5106709326951496


epsilon: 2.3333333333333335

m: 4.333333333333333

n: 45.77777777777778

Residual: 0.5010222298847687


epsilon: 2.3333333333333335

m: 4.333333333333333

n: 50.0

Residual: 0.4902916114826954


epsilon: 2.3333333333333335

m: 4.666666666666667

n: 12.0

Residual: 0.5741419550916864


epsilon: 2.3333333333333335

m: 4.666666666666667

n: 16.22222222222222

Residual: 0.486801382978486


epsilon: 2.3333333333333335

m: 4.666666666666667

n: 20.444444444444443

Residual: 0.4302450112749305


epsilon: 2.3333333333333335

m: 4.666666666666667

n: 24.666666666666668

Residual: 0.39017452086490245


epsilon: 2.3333333333333335

m: 4.666666666666667

n: 28.88888888888889

Residual: 0.3589011493336168


epsilon: 2.3333333333333335

m: 4.666666666666667

n: 33.111111111111114

Residual: 0.33609864535188644


epsilon: 2.3333333333333335

m: 4.666666666666667

n: 37.333333333333336

Residual: 0.3166596307182104


epsilon: 2.3333333333333335

m: 4.666666666666667

n: 41.55555555555556

Residual: 0.3000459610697932


epsilon: 2.3333333333333335

m: 4.666666666666667

n: 45.77777777777778

Residual: 0.2829989166614517


epsilon: 2.3333333333333335

m: 4.666666666666667

n: 50.0

Residual: 0.27207715478346645


epsilon: 2.3333333333333335

m: 5.0

n: 12.0

Residual: 0.4223313364498122


epsilon: 2.3333333333333335

m: 5.0

n: 16.22222222222222

Residual: 0.31129858950262135


epsilon: 2.3333333333333335

m: 5.0

n: 20.444444444444443

Residual: 0.2391531567991761


epsilon: 2.3333333333333335

m: 5.0

n: 24.666666666666668

Residual: 0.19358691234983544


epsilon: 2.3333333333333335

m: 5.0

n: 28.88888888888889

Residual: 0.15599794320472607


epsilon: 2.3333333333333335

m: 5.0

n: 33.111111111111114

Residual: 0.12936788534255841


epsilon: 2.3333333333333335

m: 5.0

n: 37.333333333333336

Residual: 0.10499455937464369


epsilon: 2.3333333333333335

m: 5.0

n: 41.55555555555556

Residual: 0.08797903783855118


epsilon: 2.3333333333333335

m: 5.0

n: 45.77777777777778

Residual: 0.0787912619235574


epsilon: 2.3333333333333335

m: 5.0

n: 50.0

Residual: 0.060630233128200935


epsilon: 2.3333333333333335

m: 5.333333333333333

n: 12.0

Residual: 0.2703462261144679


epsilon: 2.3333333333333335

m: 5.333333333333333

n: 16.22222222222222

Residual: 0.1382307825560171


epsilon: 2.3333333333333335

m: 5.333333333333333

n: 20.444444444444443

Residual: 0.07530849714476733


epsilon: 2.3333333333333335

m: 5.333333333333333

n: 24.666666666666668

Residual: 0.04751793540956552


epsilon: 2.3333333333333335

m: 5.333333333333333

n: 28.88888888888889

Residual: 0.04567843113151748


epsilon: 2.3333333333333335

m: 5.333333333333333

n: 33.111111111111114

Residual: 0.06063626166396673


epsilon: 2.3333333333333335

m: 5.333333333333333

n: 37.333333333333336

Residual: 0.0893769156990252


epsilon: 2.3333333333333335

m: 5.333333333333333

n: 41.55555555555556

Residual: 0.11484721516836612


epsilon: 2.3333333333333335

m: 5.333333333333333

n: 45.77777777777778

Residual: 0.1262972439681822


epsilon: 2.3333333333333335

m: 5.333333333333333

n: 50.0

Residual: 0.13827221688206365


epsilon: 2.3333333333333335

m: 5.666666666666666

n: 12.0

Residual: 0.15933212381895917


epsilon: 2.3333333333333335

m: 5.666666666666666

n: 16.22222222222222

Residual: 0.09423200663832845


epsilon: 2.3333333333333335

m: 5.666666666666666

n: 20.444444444444443

Residual: 0.10633988995238086


epsilon: 2.3333333333333335

m: 5.666666666666666

n: 24.666666666666668

Residual: 0.1602896395643779


epsilon: 2.3333333333333335

m: 5.666666666666666

n: 28.88888888888889

Residual: 0.19794276619559073


epsilon: 2.3333333333333335

m: 5.666666666666666

n: 33.111111111111114

Residual: 0.22831881599825382


epsilon: 2.3333333333333335

m: 5.666666666666666

n: 37.333333333333336

Residual: 0.2549853172787729


epsilon: 2.3333333333333335

m: 5.666666666666666

n: 41.55555555555556

Residual: 0.27302704546037543


epsilon: 2.3333333333333335

m: 5.666666666666666

n: 45.77777777777778

Residual: 0.2885046911334483


epsilon: 2.3333333333333335

m: 5.666666666666666

n: 50.0

Residual: 0.2941677256091974


epsilon: 2.3333333333333335

m: 6.0

n: 12.0

Residual: 0.14007375817376833


epsilon: 2.3333333333333335

m: 6.0

n: 16.22222222222222

Residual: 0.15507870693203352


epsilon: 2.3333333333333335

m: 6.0

n: 20.444444444444443

Residual: 0.2427481189466176


epsilon: 2.3333333333333335

m: 6.0

n: 24.666666666666668

Residual: 0.29981626632144986


epsilon: 2.3333333333333335

m: 6.0

n: 28.88888888888889

Residual: 0.3314185403627799


epsilon: 2.3333333333333335

m: 6.0

n: 33.111111111111114

Residual: 0.3758543677764778


epsilon: 2.3333333333333335

m: 6.0

n: 37.333333333333336

Residual: 0.39223489947187307


epsilon: 2.3333333333333335

m: 6.0

n: 41.55555555555556

Residual: 0.4037184523624109


epsilon: 2.3333333333333335

m: 6.0

n: 45.77777777777778

Residual: 0.42520510929147254


epsilon: 2.3333333333333335

m: 6.0

n: 50.0

Residual: 0.4343703313165633


epsilon: 2.3333333333333335

m: 6.333333333333333

n: 12.0

Residual: 0.16429088909605633


epsilon: 2.3333333333333335

m: 6.333333333333333

n: 16.22222222222222

Residual: 0.26827398196645935


epsilon: 2.3333333333333335

m: 6.333333333333333

n: 20.444444444444443

Residual: 0.3554114739240261


epsilon: 2.3333333333333335

m: 6.333333333333333

n: 24.666666666666668

Residual: 0.4072620009180879


epsilon: 2.3333333333333335

m: 6.333333333333333

n: 28.88888888888889

Residual: 0.44472189865395395


epsilon: 2.3333333333333335

m: 6.333333333333333

n: 33.111111111111114

Residual: 0.4771432287957589


epsilon: 2.3333333333333335

m: 6.333333333333333

n: 37.333333333333336

Residual: 0.4959810549470733


epsilon: 2.3333333333333335

m: 6.333333333333333

n: 41.55555555555556

Residual: 0.5145217913862834


epsilon: 2.3333333333333335

m: 6.333333333333333

n: 45.77777777777778

Residual: 0.5215193799942939


epsilon: 2.3333333333333335

m: 6.333333333333333

n: 50.0

Residual: 0.5398060814927178


epsilon: 2.3333333333333335

m: 6.666666666666666

n: 12.0

Residual: 0.21814200126405262


epsilon: 2.3333333333333335

m: 6.666666666666666

n: 16.22222222222222

Residual: 0.3656099428412921


epsilon: 2.3333333333333335

m: 6.666666666666666

n: 20.444444444444443

Residual: 0.4435092520605452


epsilon: 2.3333333333333335

m: 6.666666666666666

n: 24.666666666666668

Residual: 0.5032872336500739


epsilon: 2.3333333333333335

m: 6.666666666666666

n: 28.88888888888889

Residual: 0.5282248594762706


epsilon: 2.3333333333333335

m: 6.666666666666666

n: 33.111111111111114

Residual: 0.5661043009996622


epsilon: 2.3333333333333335

m: 6.666666666666666

n: 37.333333333333336

Residual: 0.5779638835414438


epsilon: 2.3333333333333335

m: 6.666666666666666

n: 41.55555555555556

Residual: 0.5912799803601295


epsilon: 2.3333333333333335

m: 6.666666666666666

n: 45.77777777777778

Residual: 0.618207138315956


epsilon: 2.3333333333333335

m: 6.666666666666666

n: 50.0

Residual: 0.6197288464170178


epsilon: 2.3333333333333335

m: 7.0

n: 12.0

Residual: 0.29658354432674633


epsilon: 2.3333333333333335

m: 7.0

n: 16.22222222222222

Residual: 0.44399037514538464


epsilon: 2.3333333333333335

m: 7.0

n: 20.444444444444443

Residual: 0.522312880580756


epsilon: 2.3333333333333335

m: 7.0

n: 24.666666666666668

Residual: 0.5645703220020516


epsilon: 2.3333333333333335

m: 7.0

n: 28.88888888888889

Residual: 0.602877345322666


epsilon: 2.3333333333333335

m: 7.0

n: 33.111111111111114

Residual: 0.634048228891466


epsilon: 2.3333333333333335

m: 7.0

n: 37.333333333333336

Residual: 0.6438255610113619


epsilon: 2.3333333333333335

m: 7.0

n: 41.55555555555556

Residual: 0.6557448731300896


epsilon: 2.3333333333333335

m: 7.0

n: 45.77777777777778

Residual: 0.6676308345049503


epsilon: 2.3333333333333335

m: 7.0

n: 50.0

Residual: 0.6981377066144242


epsilon: 2.9444444444444446

m: 4.0

n: 12.0

Residual: 0.8519984342539034


epsilon: 2.9444444444444446

m: 4.0

n: 16.22222222222222

Residual: 0.8203889550057141


epsilon: 2.9444444444444446

m: 4.0

n: 20.444444444444443

Residual: 0.7987496778803906


epsilon: 2.9444444444444446

m: 4.0

n: 24.666666666666668

Residual: 0.7828345643448589


epsilon: 2.9444444444444446

m: 4.0

n: 28.88888888888889

Residual: 0.7704961632513072


epsilon: 2.9444444444444446

m: 4.0

n: 33.111111111111114

Residual: 0.76055983176431


epsilon: 2.9444444444444446

m: 4.0

n: 37.333333333333336

Residual: 0.7525406718412029


epsilon: 2.9444444444444446

m: 4.0

n: 41.55555555555556

Residual: 0.7455831365878326


epsilon: 2.9444444444444446

m: 4.0

n: 45.77777777777778

Residual: 0.7397049763240807


epsilon: 2.9444444444444446

m: 4.0

n: 50.0

Residual: 0.7351969275389102


epsilon: 2.9444444444444446

m: 4.333333333333333

n: 12.0

Residual: 0.7620665816675469


epsilon: 2.9444444444444446

m: 4.333333333333333

n: 16.22222222222222

Residual: 0.7102035943833696


epsilon: 2.9444444444444446

m: 4.333333333333333

n: 20.444444444444443

Residual: 0.6748915057692803


epsilon: 2.9444444444444446

m: 4.333333333333333

n: 24.666666666666668

Residual: 0.6497123767207249


epsilon: 2.9444444444444446

m: 4.333333333333333

n: 28.88888888888889

Residual: 0.6297880258806915


epsilon: 2.9444444444444446

m: 4.333333333333333

n: 33.111111111111114

Residual: 0.61465072167691


epsilon: 2.9444444444444446

m: 4.333333333333333

n: 37.333333333333336

Residual: 0.6015801281094679


epsilon: 2.9444444444444446

m: 4.333333333333333

n: 41.55555555555556

Residual: 0.5903005861015528


epsilon: 2.9444444444444446

m: 4.333333333333333

n: 45.77777777777778

Residual: 0.5824767187934305


epsilon: 2.9444444444444446

m: 4.333333333333333

n: 50.0

Residual: 0.5730169588803649


epsilon: 2.9444444444444446

m: 4.666666666666667

n: 12.0

Residual: 0.6469087521377055


epsilon: 2.9444444444444446

m: 4.666666666666667

n: 16.22222222222222

Residual: 0.5699546115619121


epsilon: 2.9444444444444446

m: 4.666666666666667

n: 20.444444444444443

Residual: 0.520384571136849


epsilon: 2.9444444444444446

m: 4.666666666666667

n: 24.666666666666668

Residual: 0.48313958754049696


epsilon: 2.9444444444444446

m: 4.666666666666667

n: 28.88888888888889

Residual: 0.4562046249788874


epsilon: 2.9444444444444446

m: 4.666666666666667

n: 33.111111111111114

Residual: 0.43526457246644057


epsilon: 2.9444444444444446

m: 4.666666666666667

n: 37.333333333333336

Residual: 0.4173754973445531


epsilon: 2.9444444444444446

m: 4.666666666666667

n: 41.55555555555556

Residual: 0.4021264774675849


epsilon: 2.9444444444444446

m: 4.666666666666667

n: 45.77777777777778

Residual: 0.3897496888220502


epsilon: 2.9444444444444446

m: 4.666666666666667

n: 50.0

Residual: 0.38122934842048267


epsilon: 2.9444444444444446

m: 5.0

n: 12.0

Residual: 0.5137385175675471


epsilon: 2.9444444444444446

m: 5.0

n: 16.22222222222222

Residual: 0.4122581259719136


epsilon: 2.9444444444444446

m: 5.0

n: 20.444444444444443

Residual: 0.3474115418684713


epsilon: 2.9444444444444446

m: 5.0

n: 24.666666666666668

Residual: 0.30266685105831126


epsilon: 2.9444444444444446

m: 5.0

n: 28.88888888888889

Residual: 0.267807697765942


epsilon: 2.9444444444444446

m: 5.0

n: 33.111111111111114

Residual: 0.24058206957147163


epsilon: 2.9444444444444446

m: 5.0

n: 37.333333333333336

Residual: 0.21906519126343504


epsilon: 2.9444444444444446

m: 5.0

n: 41.55555555555556

Residual: 0.20031541154139657


epsilon: 2.9444444444444446

m: 5.0

n: 45.77777777777778

Residual: 0.1837280851898856


epsilon: 2.9444444444444446

m: 5.0

n: 50.0

Residual: 0.17236553174475772


epsilon: 2.9444444444444446

m: 5.333333333333333

n: 12.0

Residual: 0.3726914974008242


epsilon: 2.9444444444444446

m: 5.333333333333333

n: 16.22222222222222

Residual: 0.24926025142777772


epsilon: 2.9444444444444446

m: 5.333333333333333

n: 20.444444444444443

Residual: 0.17181730690029215


epsilon: 2.9444444444444446

m: 5.333333333333333

n: 24.666666666666668

Residual: 0.12406302702306814


epsilon: 2.9444444444444446

m: 5.333333333333333

n: 28.88888888888889

Residual: 0.0903298599434812


epsilon: 2.9444444444444446

m: 5.333333333333333

n: 33.111111111111114

Residual: 0.07205011653792709


epsilon: 2.9444444444444446

m: 5.333333333333333

n: 37.333333333333336

Residual: 0.055299013652099084


epsilon: 2.9444444444444446

m: 5.333333333333333

n: 41.55555555555556

Residual: 0.051485137362395635


epsilon: 2.9444444444444446

m: 5.333333333333333

n: 45.77777777777778

Residual: 0.046999952935698974


epsilon: 2.9444444444444446

m: 5.333333333333333

n: 50.0

Residual: 0.04292801241793315


epsilon: 2.9444444444444446

m: 5.666666666666666

n: 12.0

Residual: 0.24457865943904533


epsilon: 2.9444444444444446

m: 5.666666666666666

n: 16.22222222222222

Residual: 0.1452382918812955


epsilon: 2.9444444444444446

m: 5.666666666666666

n: 20.444444444444443

Residual: 0.10527102716631931


epsilon: 2.9444444444444446

m: 5.666666666666666

n: 24.666666666666668

Residual: 0.0928353517859403


epsilon: 2.9444444444444446

m: 5.666666666666666

n: 28.88888888888889

Residual: 0.10044682802521294


epsilon: 2.9444444444444446

m: 5.666666666666666

n: 33.111111111111114

Residual: 0.12516823315631037


epsilon: 2.9444444444444446

m: 5.666666666666666

n: 37.333333333333336

Residual: 0.14075361492765764


epsilon: 2.9444444444444446

m: 5.666666666666666

n: 41.55555555555556

Residual: 0.15859230448451964


epsilon: 2.9444444444444446

m: 5.666666666666666

n: 45.77777777777778

Residual: 0.18782658047934692


epsilon: 2.9444444444444446

m: 5.666666666666666

n: 50.0

Residual: 0.20085375698553098


epsilon: 2.9444444444444446

m: 6.0

n: 12.0

Residual: 0.19032058924976786


epsilon: 2.9444444444444446

m: 6.0

n: 16.22222222222222

Residual: 0.14010132368056016


epsilon: 2.9444444444444446

m: 6.0

n: 20.444444444444443

Residual: 0.14670221208116593


epsilon: 2.9444444444444446

m: 6.0

n: 24.666666666666668

Residual: 0.18439438788687412


epsilon: 2.9444444444444446

m: 6.0

n: 28.88888888888889

Residual: 0.2313520877103685


epsilon: 2.9444444444444446

m: 6.0

n: 33.111111111111114

Residual: 0.25787223614175386


epsilon: 2.9444444444444446

m: 6.0

n: 37.333333333333336

Residual: 0.28504913949368077


epsilon: 2.9444444444444446

m: 6.0

n: 41.55555555555556

Residual: 0.3074773119391793


epsilon: 2.9444444444444446

m: 6.0

n: 45.77777777777778

Residual: 0.3267486866040837


epsilon: 2.9444444444444446

m: 6.0

n: 50.0

Residual: 0.3373150925547891


epsilon: 2.9444444444444446

m: 6.333333333333333

n: 12.0

Residual: 0.18290797111486182


epsilon: 2.9444444444444446

m: 6.333333333333333

n: 16.22222222222222

Residual: 0.18409053443239967


epsilon: 2.9444444444444446

m: 6.333333333333333

n: 20.444444444444443

Residual: 0.2511971537092623


epsilon: 2.9444444444444446

m: 6.333333333333333

n: 24.666666666666668

Residual: 0.3075405669520903


epsilon: 2.9444444444444446

m: 6.333333333333333

n: 28.88888888888889

Residual: 0.3483172440019342


epsilon: 2.9444444444444446

m: 6.333333333333333

n: 33.111111111111114

Residual: 0.3822633678995787


epsilon: 2.9444444444444446

m: 6.333333333333333

n: 37.333333333333336

Residual: 0.4055914950184911


epsilon: 2.9444444444444446

m: 6.333333333333333

n: 41.55555555555556

Residual: 0.42172613786358654


epsilon: 2.9444444444444446

m: 6.333333333333333

n: 45.77777777777778

Residual: 0.43071903621617597


epsilon: 2.9444444444444446

m: 6.333333333333333

n: 50.0

Residual: 0.4601449781722573


epsilon: 2.9444444444444446

m: 6.666666666666666

n: 12.0

Residual: 0.1985503472615208


epsilon: 2.9444444444444446

m: 6.666666666666666

n: 16.22222222222222

Residual: 0.26291588245480674


epsilon: 2.9444444444444446

m: 6.666666666666666

n: 20.444444444444443

Residual: 0.3488580603335223


epsilon: 2.9444444444444446

m: 6.666666666666666

n: 24.666666666666668

Residual: 0.40026469039744517


epsilon: 2.9444444444444446

m: 6.666666666666666

n: 28.88888888888889

Residual: 0.43564369943944264


epsilon: 2.9444444444444446

m: 6.666666666666666

n: 33.111111111111114

Residual: 0.4699954144022416


epsilon: 2.9444444444444446

m: 6.666666666666666

n: 37.333333333333336

Residual: 0.4984075670168388


epsilon: 2.9444444444444446

m: 6.666666666666666

n: 41.55555555555556

Residual: 0.5043936108321275


epsilon: 2.9444444444444446

m: 6.666666666666666

n: 45.77777777777778

Residual: 0.5265186852921762


epsilon: 2.9444444444444446

m: 6.666666666666666

n: 50.0

Residual: 0.5479758992035807


epsilon: 2.9444444444444446

m: 7.0

n: 12.0

Residual: 0.23197695961177295


epsilon: 2.9444444444444446

m: 7.0

n: 16.22222222222222

Residual: 0.3490840158610029


epsilon: 2.9444444444444446

m: 7.0

n: 20.444444444444443

Residual: 0.4257351608400093


epsilon: 2.9444444444444446

m: 7.0

n: 24.666666666666668

Residual: 0.49315479888863883


epsilon: 2.9444444444444446

m: 7.0

n: 28.88888888888889

Residual: 0.523426454147059


epsilon: 2.9444444444444446

m: 7.0

n: 33.111111111111114

Residual: 0.5481423859193609


epsilon: 2.9444444444444446

m: 7.0

n: 37.333333333333336

Residual: 0.571590253979403


epsilon: 2.9444444444444446

m: 7.0

n: 41.55555555555556

Residual: 0.5777293640046365


epsilon: 2.9444444444444446

m: 7.0

n: 45.77777777777778

Residual: 0.6033025999784521


epsilon: 2.9444444444444446

m: 7.0

n: 50.0

Residual: 0.6322744781184981


epsilon: 3.555555555555556

m: 4.0

n: 12.0

Residual: 0.8758637682341628


epsilon: 3.555555555555556

m: 4.0

n: 16.22222222222222

Residual: 0.848949361668661


epsilon: 3.555555555555556

m: 4.0

n: 20.444444444444443

Residual: 0.8304208946617613


epsilon: 3.555555555555556

m: 4.0

n: 24.666666666666668

Residual: 0.8165932960995173


epsilon: 3.555555555555556

m: 4.0

n: 28.88888888888889

Residual: 0.8060599198750079


epsilon: 3.555555555555556

m: 4.0

n: 33.111111111111114

Residual: 0.7973256617152514


epsilon: 3.555555555555556

m: 4.0

n: 37.333333333333336

Residual: 0.7907388193575177


epsilon: 3.555555555555556

m: 4.0

n: 41.55555555555556

Residual: 0.7846144609173046


epsilon: 3.555555555555556

m: 4.0

n: 45.77777777777778

Residual: 0.7793483239072935


epsilon: 3.555555555555556

m: 4.0

n: 50.0

Residual: 0.7748285261065851


epsilon: 3.555555555555556

m: 4.333333333333333

n: 12.0

Residual: 0.798908297497212


epsilon: 3.555555555555556

m: 4.333333333333333

n: 16.22222222222222

Residual: 0.7540485997688955


epsilon: 3.555555555555556

m: 4.333333333333333

n: 20.444444444444443

Residual: 0.7231965681571196


epsilon: 3.555555555555556

m: 4.333333333333333

n: 24.666666666666668

Residual: 0.7009822074442099


epsilon: 3.555555555555556

m: 4.333333333333333

n: 28.88888888888889

Residual: 0.6831895000426889


epsilon: 3.555555555555556

m: 4.333333333333333

n: 33.111111111111114

Residual: 0.6687156192083207


epsilon: 3.555555555555556

m: 4.333333333333333

n: 37.333333333333336

Residual: 0.6580714990589384


epsilon: 3.555555555555556

m: 4.333333333333333

n: 41.55555555555556

Residual: 0.6493712454548439


epsilon: 3.555555555555556

m: 4.333333333333333

n: 45.77777777777778

Residual: 0.6417676348479205


epsilon: 3.555555555555556

m: 4.333333333333333

n: 50.0

Residual: 0.6322789616650443


epsilon: 3.555555555555556

m: 4.666666666666667

n: 12.0

Residual: 0.6983000929673477


epsilon: 3.555555555555556

m: 4.666666666666667

n: 16.22222222222222

Residual: 0.6306511993631614


epsilon: 3.555555555555556

m: 4.666666666666667

n: 20.444444444444443

Residual: 0.5853554832194707


epsilon: 3.555555555555556

m: 4.666666666666667

n: 24.666666666666668

Residual: 0.5530937150279478


epsilon: 3.555555555555556

m: 4.666666666666667

n: 28.88888888888889

Residual: 0.5274893092507791


epsilon: 3.555555555555556

m: 4.666666666666667

n: 33.111111111111114

Residual: 0.5079242080404944


epsilon: 3.555555555555556

m: 4.666666666666667

n: 37.333333333333336

Residual: 0.492857362567201


epsilon: 3.555555555555556

m: 4.666666666666667

n: 41.55555555555556

Residual: 0.47945980868771104


epsilon: 3.555555555555556

m: 4.666666666666667

n: 45.77777777777778

Residual: 0.46652230966742453


epsilon: 3.555555555555556

m: 4.666666666666667

n: 50.0

Residual: 0.45704915019558723


epsilon: 3.555555555555556

m: 5.0

n: 12.0

Residual: 0.5793585030998556


epsilon: 3.555555555555556

m: 5.0

n: 16.22222222222222

Residual: 0.4879195769407094


epsilon: 3.555555555555556

m: 5.0

n: 20.444444444444443

Residual: 0.4269097006841876


epsilon: 3.555555555555556

m: 5.0

n: 24.666666666666668

Residual: 0.3841356802980012


epsilon: 3.555555555555556

m: 5.0

n: 28.88888888888889

Residual: 0.35061142307681326


epsilon: 3.555555555555556

m: 5.0

n: 33.111111111111114

Residual: 0.3277107499167613


epsilon: 3.555555555555556

m: 5.0

n: 37.333333333333336

Residual: 0.306019665979023


epsilon: 3.555555555555556

m: 5.0

n: 41.55555555555556

Residual: 0.29159582290962943


epsilon: 3.555555555555556

m: 5.0

n: 45.77777777777778

Residual: 0.27372848008862155


epsilon: 3.555555555555556

m: 5.0

n: 50.0

Residual: 0.2595726431316163


epsilon: 3.555555555555556

m: 5.333333333333333

n: 12.0

Residual: 0.4510522869268822


epsilon: 3.555555555555556

m: 5.333333333333333

n: 16.22222222222222

Residual: 0.3353354412779428


epsilon: 3.555555555555556

m: 5.333333333333333

n: 20.444444444444443

Residual: 0.2629102459378749


epsilon: 3.555555555555556

m: 5.333333333333333

n: 24.666666666666668

Residual: 0.21155850937182893


epsilon: 3.555555555555556

m: 5.333333333333333

n: 28.88888888888889

Residual: 0.1750189019870307


epsilon: 3.555555555555556

m: 5.333333333333333

n: 33.111111111111114

Residual: 0.1453944991951683


epsilon: 3.555555555555556

m: 5.333333333333333

n: 37.333333333333336

Residual: 0.12604551423465035


epsilon: 3.555555555555556

m: 5.333333333333333

n: 41.55555555555556

Residual: 0.10455370038835884


epsilon: 3.555555555555556

m: 5.333333333333333

n: 45.77777777777778

Residual: 0.09601623039530077


epsilon: 3.555555555555556

m: 5.333333333333333

n: 50.0

Residual: 0.08585641765897481


epsilon: 3.555555555555556

m: 5.666666666666666

n: 12.0

Residual: 0.3227225101943732


epsilon: 3.555555555555556

m: 5.666666666666666

n: 16.22222222222222

Residual: 0.20615021769746783


epsilon: 3.555555555555556

m: 5.666666666666666

n: 20.444444444444443

Residual: 0.14968211348563545


epsilon: 3.555555555555556

m: 5.666666666666666

n: 24.666666666666668

Residual: 0.12384265830160561


epsilon: 3.555555555555556

m: 5.666666666666666

n: 28.88888888888889

Residual: 0.1038997869600795


epsilon: 3.555555555555556

m: 5.666666666666666

n: 33.111111111111114

Residual: 0.0993420186593891


epsilon: 3.555555555555556

m: 5.666666666666666

n: 37.333333333333336

Residual: 0.09297278580285545


epsilon: 3.555555555555556

m: 5.666666666666666

n: 41.55555555555556

Residual: 0.09793171806382718


epsilon: 3.555555555555556

m: 5.666666666666666

n: 45.77777777777778

Residual: 0.10017822967573739


epsilon: 3.555555555555556

m: 5.666666666666666

n: 50.0

Residual: 0.10538694541956972


epsilon: 3.555555555555556

m: 6.0

n: 12.0

Residual: 0.248075102110052


epsilon: 3.555555555555556

m: 6.0

n: 16.22222222222222

Residual: 0.16754886658992252


epsilon: 3.555555555555556

m: 6.0

n: 20.444444444444443

Residual: 0.14545660819954004


epsilon: 3.555555555555556

m: 6.0

n: 24.666666666666668

Residual: 0.14188309977130908


epsilon: 3.555555555555556

m: 6.0

n: 28.88888888888889

Residual: 0.15091047710361388


epsilon: 3.555555555555556

m: 6.0

n: 33.111111111111114

Residual: 0.172678295210488


epsilon: 3.555555555555556

m: 6.0

n: 37.333333333333336

Residual: 0.19031311513925442


epsilon: 3.555555555555556

m: 6.0

n: 41.55555555555556

Residual: 0.212883550707081


epsilon: 3.555555555555556

m: 6.0

n: 45.77777777777778

Residual: 0.23263575894687433


epsilon: 3.555555555555556

m: 6.0

n: 50.0

Residual: 0.2444126911337439


epsilon: 3.555555555555556

m: 6.333333333333333

n: 12.0

Residual: 0.21814445369360655


epsilon: 3.555555555555556

m: 6.333333333333333

n: 16.22222222222222

Residual: 0.18349362389648652


epsilon: 3.555555555555556

m: 6.333333333333333

n: 20.444444444444443

Residual: 0.1923649072473883


epsilon: 3.555555555555556

m: 6.333333333333333

n: 24.666666666666668

Residual: 0.2177201905344041


epsilon: 3.555555555555556

m: 6.333333333333333

n: 28.88888888888889

Residual: 0.25708252408469184


epsilon: 3.555555555555556

m: 6.333333333333333

n: 33.111111111111114

Residual: 0.29303993651230126


epsilon: 3.555555555555556

m: 6.333333333333333

n: 37.333333333333336

Residual: 0.3145069603773709


epsilon: 3.555555555555556

m: 6.333333333333333

n: 41.55555555555556

Residual: 0.3467963778173603


epsilon: 3.555555555555556

m: 6.333333333333333

n: 45.77777777777778

Residual: 0.3619946251452796


epsilon: 3.555555555555556

m: 6.333333333333333

n: 50.0

Residual: 0.37579793205357437


epsilon: 3.555555555555556

m: 6.666666666666666

n: 12.0

Residual: 0.2174947887448387


epsilon: 3.555555555555556

m: 6.666666666666666

n: 16.22222222222222

Residual: 0.2174782376371965


epsilon: 3.555555555555556

m: 6.666666666666666

n: 20.444444444444443

Residual: 0.2637230974673468


epsilon: 3.555555555555556

m: 6.666666666666666

n: 24.666666666666668

Residual: 0.31942026504002147


epsilon: 3.555555555555556

m: 6.666666666666666

n: 28.88888888888889

Residual: 0.3558046302535363


epsilon: 3.555555555555556

m: 6.666666666666666

n: 33.111111111111114

Residual: 0.3982701912428307


epsilon: 3.555555555555556

m: 6.666666666666666

n: 37.333333333333336

Residual: 0.42477606607408647


epsilon: 3.555555555555556

m: 6.666666666666666

n: 41.55555555555556

Residual: 0.45213834059009533


epsilon: 3.555555555555556

m: 6.666666666666666

n: 45.77777777777778

Residual: 0.4423104865158002


epsilon: 3.555555555555556

m: 6.666666666666666

n: 50.0

Residual: 0.4624458244149209


epsilon: 3.555555555555556

m: 7.0

n: 12.0

Residual: 0.23226112457069553


epsilon: 3.555555555555556

m: 7.0

n: 16.22222222222222

Residual: 0.2709868991802296


epsilon: 3.555555555555556

m: 7.0

n: 20.444444444444443

Residual: 0.3599422258280873


epsilon: 3.555555555555556

m: 7.0

n: 24.666666666666668

Residual: 0.41063189950466966


epsilon: 3.555555555555556

m: 7.0

n: 28.88888888888889

Residual: 0.45301295534706915


epsilon: 3.555555555555556

m: 7.0

n: 33.111111111111114

Residual: 0.47834448178837113


epsilon: 3.555555555555556

m: 7.0

n: 37.333333333333336

Residual: 0.509509382992327


epsilon: 3.555555555555556

m: 7.0

n: 41.55555555555556

Residual: 0.5193324297941678


epsilon: 3.555555555555556

m: 7.0

n: 45.77777777777778

Residual: 0.5274431932330118


epsilon: 3.555555555555556

m: 7.0

n: 50.0

Residual: 0.545093311074299


epsilon: 4.166666666666667

m: 4.0

n: 12.0

Residual: 0.893114425139669


epsilon: 4.166666666666667

m: 4.0

n: 16.22222222222222

Residual: 0.8696072060552938


epsilon: 4.166666666666667

m: 4.0

n: 20.444444444444443

Residual: 0.8533017434898202


epsilon: 4.166666666666667

m: 4.0

n: 24.666666666666668

Residual: 0.8414655183053594


epsilon: 4.166666666666667

m: 4.0

n: 28.88888888888889

Residual: 0.832194776678593


epsilon: 4.166666666666667

m: 4.0

n: 33.111111111111114

Residual: 0.8245618244290455


epsilon: 4.166666666666667

m: 4.0

n: 37.333333333333336

Residual: 0.8183758087157493


epsilon: 4.166666666666667

m: 4.0

n: 41.55555555555556

Residual: 0.8134274937745597


epsilon: 4.166666666666667

m: 4.0

n: 45.77777777777778

Residual: 0.8090750403236971


epsilon: 4.166666666666667

m: 4.0

n: 50.0

Residual: 0.8052568943896937


epsilon: 4.166666666666667

m: 4.333333333333333

n: 12.0

Residual: 0.8258936178988063


epsilon: 4.166666666666667

m: 4.333333333333333

n: 16.22222222222222

Residual: 0.7863176590002761


epsilon: 4.166666666666667

m: 4.333333333333333

n: 20.444444444444443

Residual: 0.7587380027946029


epsilon: 4.166666666666667

m: 4.333333333333333

n: 24.666666666666668

Residual: 0.7391230576172616


epsilon: 4.166666666666667

m: 4.333333333333333

n: 28.88888888888889

Residual: 0.723753247170944


epsilon: 4.166666666666667

m: 4.333333333333333

n: 33.111111111111114

Residual: 0.7114481644216829


epsilon: 4.166666666666667

m: 4.333333333333333

n: 37.333333333333336

Residual: 0.7008689600488416


epsilon: 4.166666666666667

m: 4.333333333333333

n: 41.55555555555556

Residual: 0.6929010083839653


epsilon: 4.166666666666667

m: 4.333333333333333

n: 45.77777777777778

Residual: 0.6843972785008409


epsilon: 4.166666666666667

m: 4.333333333333333

n: 50.0

Residual: 0.679984052089836


epsilon: 4.166666666666667

m: 4.666666666666667

n: 12.0

Residual: 0.7369041794240478


epsilon: 4.166666666666667

m: 4.666666666666667

n: 16.22222222222222

Residual: 0.6761390204865142


epsilon: 4.166666666666667

m: 4.666666666666667

n: 20.444444444444443

Residual: 0.6351600175819313


epsilon: 4.166666666666667

m: 4.666666666666667

n: 24.666666666666668

Residual: 0.6050446134614246


epsilon: 4.166666666666667

m: 4.666666666666667

n: 28.88888888888889

Residual: 0.5831624648724542


epsilon: 4.166666666666667

m: 4.666666666666667

n: 33.111111111111114

Residual: 0.5647833111886845


epsilon: 4.166666666666667

m: 4.666666666666667

n: 37.333333333333336

Residual: 0.5501668101703845


epsilon: 4.166666666666667

m: 4.666666666666667

n: 41.55555555555556

Residual: 0.5382507250643408


epsilon: 4.166666666666667

m: 4.666666666666667

n: 45.77777777777778

Residual: 0.525885004999563


epsilon: 4.166666666666667

m: 4.666666666666667

n: 50.0

Residual: 0.5176805493264904


epsilon: 4.166666666666667

m: 5.0

n: 12.0

Residual: 0.6296380466705886


epsilon: 4.166666666666667

m: 5.0

n: 16.22222222222222

Residual: 0.5453467305138598


epsilon: 4.166666666666667

m: 5.0

n: 20.444444444444443

Residual: 0.48970949366510247


epsilon: 4.166666666666667

m: 5.0

n: 24.666666666666668

Residual: 0.4504271615397774


epsilon: 4.166666666666667

m: 5.0

n: 28.88888888888889

Residual: 0.4200368338887897


epsilon: 4.166666666666667

m: 5.0

n: 33.111111111111114

Residual: 0.39528267212126783


epsilon: 4.166666666666667

m: 5.0

n: 37.333333333333336

Residual: 0.3789203310422592


epsilon: 4.166666666666667

m: 5.0

n: 41.55555555555556

Residual: 0.36005559411380234


epsilon: 4.166666666666667

m: 5.0

n: 45.77777777777778

Residual: 0.34465940793154953


epsilon: 4.166666666666667

m: 5.0

n: 50.0

Residual: 0.33127630397204366


epsilon: 4.166666666666667

m: 5.333333333333333

n: 12.0

Residual: 0.5118237051012151


epsilon: 4.166666666666667

m: 5.333333333333333

n: 16.22222222222222

Residual: 0.4052794603545603


epsilon: 4.166666666666667

m: 5.333333333333333

n: 20.444444444444443

Residual: 0.3339918039742865


epsilon: 4.166666666666667

m: 5.333333333333333

n: 24.666666666666668

Residual: 0.2845673280844019


epsilon: 4.166666666666667

m: 5.333333333333333

n: 28.88888888888889

Residual: 0.2502878879986861


epsilon: 4.166666666666667

m: 5.333333333333333

n: 33.111111111111114

Residual: 0.22023889497243432


epsilon: 4.166666666666667

m: 5.333333333333333

n: 37.333333333333336

Residual: 0.19957191397027466


epsilon: 4.166666666666667

m: 5.333333333333333

n: 41.55555555555556

Residual: 0.18019055370360323


epsilon: 4.166666666666667

m: 5.333333333333333

n: 45.77777777777778

Residual: 0.16097564966420158


epsilon: 4.166666666666667

m: 5.333333333333333

n: 50.0

Residual: 0.14710321523331374


epsilon: 4.166666666666667

m: 5.666666666666666

n: 12.0

Residual: 0.39240752109371846


epsilon: 4.166666666666667

m: 5.666666666666666

n: 16.22222222222222

Residual: 0.26957651628283824


epsilon: 4.166666666666667

m: 5.666666666666666

n: 20.444444444444443

Residual: 0.20707405848946048


epsilon: 4.166666666666667

m: 5.666666666666666

n: 24.666666666666668

Residual: 0.16556841662907162


epsilon: 4.166666666666667

m: 5.666666666666666

n: 28.88888888888889

Residual: 0.14100917017568365


epsilon: 4.166666666666667

m: 5.666666666666666

n: 33.111111111111114

Residual: 0.12200716280843252


epsilon: 4.166666666666667

m: 5.666666666666666

n: 37.333333333333336

Residual: 0.11198337659156325


epsilon: 4.166666666666667

m: 5.666666666666666

n: 41.55555555555556

Residual: 0.10853992479586284


epsilon: 4.166666666666667

m: 5.666666666666666

n: 45.77777777777778

Residual: 0.09825013459408222


epsilon: 4.166666666666667

m: 5.666666666666666

n: 50.0

Residual: 0.10113018561474442


epsilon: 4.166666666666667

m: 6.0

n: 12.0

Residual: 0.3042186410677124


epsilon: 4.166666666666667

m: 6.0

n: 16.22222222222222

Residual: 0.20604608398010452


epsilon: 4.166666666666667

m: 6.0

n: 20.444444444444443

Residual: 0.16874309427546244


epsilon: 4.166666666666667

m: 6.0

n: 24.666666666666668

Residual: 0.14815602562219124


epsilon: 4.166666666666667

m: 6.0

n: 28.88888888888889

Residual: 0.1397035557782036


epsilon: 4.166666666666667

m: 6.0

n: 33.111111111111114

Residual: 0.1441528192361792


epsilon: 4.166666666666667

m: 6.0

n: 37.333333333333336

Residual: 0.14968268028935708


epsilon: 4.166666666666667

m: 6.0

n: 41.55555555555556

Residual: 0.15427889502182865


epsilon: 4.166666666666667

m: 6.0

n: 45.77777777777778

Residual: 0.17419459898412532


epsilon: 4.166666666666667

m: 6.0

n: 50.0

Residual: 0.1821549209389038


epsilon: 4.166666666666667

m: 6.333333333333333

n: 12.0

Residual: 0.2606748581117847


epsilon: 4.166666666666667

m: 6.333333333333333

n: 16.22222222222222

Residual: 0.19945283639446063


epsilon: 4.166666666666667

m: 6.333333333333333

n: 20.444444444444443

Residual: 0.18370378090351044


epsilon: 4.166666666666667

m: 6.333333333333333

n: 24.666666666666668

Residual: 0.19324558965651734


epsilon: 4.166666666666667

m: 6.333333333333333

n: 28.88888888888889

Residual: 0.20411491811403049


epsilon: 4.166666666666667

m: 6.333333333333333

n: 33.111111111111114

Residual: 0.22141665104201802


epsilon: 4.166666666666667

m: 6.333333333333333

n: 37.333333333333336

Residual: 0.2415233257303113


epsilon: 4.166666666666667

m: 6.333333333333333

n: 41.55555555555556

Residual: 0.25869174070794754


epsilon: 4.166666666666667

m: 6.333333333333333

n: 45.77777777777778

Residual: 0.2801527283442854


epsilon: 4.166666666666667

m: 6.333333333333333

n: 50.0

Residual: 0.29596703597221397


epsilon: 4.166666666666667

m: 6.666666666666666

n: 12.0

Residual: 0.24615426806508411


epsilon: 4.166666666666667

m: 6.666666666666666

n: 16.22222222222222

Residual: 0.21566058100407934


epsilon: 4.166666666666667

m: 6.666666666666666

n: 20.444444444444443

Residual: 0.231722979749182


epsilon: 4.166666666666667

m: 6.666666666666666

n: 24.666666666666668

Residual: 0.25696934703341096


epsilon: 4.166666666666667

m: 6.666666666666666

n: 28.88888888888889

Residual: 0.2898191705136062


epsilon: 4.166666666666667

m: 6.666666666666666

n: 33.111111111111114

Residual: 0.326735559508044


epsilon: 4.166666666666667

m: 6.666666666666666

n: 37.333333333333336

Residual: 0.3559677155929807


epsilon: 4.166666666666667

m: 6.666666666666666

n: 41.55555555555556

Residual: 0.3650431446162625


epsilon: 4.166666666666667

m: 6.666666666666666

n: 45.77777777777778

Residual: 0.3898770088432369


epsilon: 4.166666666666667

m: 6.666666666666666

n: 50.0

Residual: 0.40695728500345413


epsilon: 4.166666666666667

m: 7.0

n: 12.0

Residual: 0.24654997374415313


epsilon: 4.166666666666667

m: 7.0

n: 16.22222222222222

Residual: 0.24929553809854638


epsilon: 4.166666666666667

m: 7.0

n: 20.444444444444443

Residual: 0.28644084768593486


epsilon: 4.166666666666667

m: 7.0

n: 24.666666666666668

Residual: 0.34102513801750484


epsilon: 4.166666666666667

m: 7.0

n: 28.88888888888889

Residual: 0.38391288937730533


epsilon: 4.166666666666667

m: 7.0

n: 33.111111111111114

Residual: 0.41422174169479614


epsilon: 4.166666666666667

m: 7.0

n: 37.333333333333336

Residual: 0.4468452747786049


epsilon: 4.166666666666667

m: 7.0

n: 41.55555555555556

Residual: 0.46215821880401375


epsilon: 4.166666666666667

m: 7.0

n: 45.77777777777778

Residual: 0.4776814876602663


epsilon: 4.166666666666667

m: 7.0

n: 50.0

Residual: 0.49053284859395535


epsilon: 4.777777777777779

m: 4.0

n: 12.0

Residual: 0.9061249496236542


epsilon: 4.777777777777779

m: 4.0

n: 16.22222222222222

Residual: 0.8853633532791881


epsilon: 4.777777777777779

m: 4.0

n: 20.444444444444443

Residual: 0.8708788096409964


epsilon: 4.777777777777779

m: 4.0

n: 24.666666666666668

Residual: 0.8603334345570257


epsilon: 4.777777777777779

m: 4.0

n: 28.88888888888889

Residual: 0.851943049517865


epsilon: 4.777777777777779

m: 4.0

n: 33.111111111111114

Residual: 0.8452658441974719


epsilon: 4.777777777777779

m: 4.0

n: 37.333333333333336

Residual: 0.8399452938080907


epsilon: 4.777777777777779

m: 4.0

n: 41.55555555555556

Residual: 0.8354535537195144


epsilon: 4.777777777777779

m: 4.0

n: 45.77777777777778

Residual: 0.8313612629987832


epsilon: 4.777777777777779

m: 4.0

n: 50.0

Residual: 0.8277948256883252


epsilon: 4.777777777777779

m: 4.333333333333333

n: 12.0

Residual: 0.8464876257766337


epsilon: 4.777777777777779

m: 4.333333333333333

n: 16.22222222222222

Residual: 0.8109950479489118


epsilon: 4.777777777777779

m: 4.333333333333333

n: 20.444444444444443

Residual: 0.7863623216429546


epsilon: 4.777777777777779

m: 4.333333333333333

n: 24.666666666666668

Residual: 0.7682305250594982


epsilon: 4.777777777777779

m: 4.333333333333333

n: 28.88888888888889

Residual: 0.7546741486502864


epsilon: 4.777777777777779

m: 4.333333333333333

n: 33.111111111111114

Residual: 0.7435665390486369


epsilon: 4.777777777777779

m: 4.333333333333333

n: 37.333333333333336

Residual: 0.7343482311382643


epsilon: 4.777777777777779

m: 4.333333333333333

n: 41.55555555555556

Residual: 0.7265806908860777


epsilon: 4.777777777777779

m: 4.333333333333333

n: 45.77777777777778

Residual: 0.720561844225012


epsilon: 4.777777777777779

m: 4.333333333333333

n: 50.0

Residual: 0.7149594782842836


epsilon: 4.777777777777779

m: 4.666666666666667

n: 12.0

Residual: 0.7666318390091619


epsilon: 4.777777777777779

m: 4.666666666666667

n: 16.22222222222222

Residual: 0.7115447623169315


epsilon: 4.777777777777779

m: 4.666666666666667

n: 20.444444444444443

Residual: 0.6741283767302084


epsilon: 4.777777777777779

m: 4.666666666666667

n: 24.666666666666668

Residual: 0.6464914568190793


epsilon: 4.777777777777779

m: 4.666666666666667

n: 28.88888888888889

Residual: 0.6262761533638783


epsilon: 4.777777777777779

m: 4.666666666666667

n: 33.111111111111114

Residual: 0.6092740958888793


epsilon: 4.777777777777779

m: 4.666666666666667

n: 37.333333333333336

Residual: 0.5954617976859312


epsilon: 4.777777777777779

m: 4.666666666666667

n: 41.55555555555556

Residual: 0.5833542959297381


epsilon: 4.777777777777779

m: 4.666666666666667

n: 45.77777777777778

Residual: 0.5738537110813301


epsilon: 4.777777777777779

m: 4.666666666666667

n: 50.0

Residual: 0.566791547675699


epsilon: 4.777777777777779

m: 5.0

n: 12.0

Residual: 0.6696009697298005


epsilon: 4.777777777777779

m: 5.0

n: 16.22222222222222

Residual: 0.5912238358849748


epsilon: 4.777777777777779

m: 5.0

n: 20.444444444444443

Residual: 0.5401196729988935


epsilon: 4.777777777777779

m: 5.0

n: 24.666666666666668

Residual: 0.5018605007250934


epsilon: 4.777777777777779

m: 5.0

n: 28.88888888888889

Residual: 0.4741692936522614


epsilon: 4.777777777777779

m: 5.0

n: 33.111111111111114

Residual: 0.4511078796964346


epsilon: 4.777777777777779

m: 5.0

n: 37.333333333333336

Residual: 0.43340991250938066


epsilon: 4.777777777777779

m: 5.0

n: 41.55555555555556

Residual: 0.418539245078148


epsilon: 4.777777777777779

m: 5.0

n: 45.77777777777778

Residual: 0.39875520757627114


epsilon: 4.777777777777779

m: 5.0

n: 50.0

Residual: 0.38396143813580325


epsilon: 4.777777777777779

m: 5.333333333333333

n: 12.0

Residual: 0.5615338858372254


epsilon: 4.777777777777779

m: 5.333333333333333

n: 16.22222222222222

Residual: 0.4593352983346639


epsilon: 4.777777777777779

m: 5.333333333333333

n: 20.444444444444443

Residual: 0.39362587092911794


epsilon: 4.777777777777779

m: 5.333333333333333

n: 24.666666666666668

Residual: 0.3485642492747046


epsilon: 4.777777777777779

m: 5.333333333333333

n: 28.88888888888889

Residual: 0.31432209269213485


epsilon: 4.777777777777779

m: 5.333333333333333

n: 33.111111111111114

Residual: 0.2852734830210012


epsilon: 4.777777777777779

m: 5.333333333333333

n: 37.333333333333336

Residual: 0.2604852233247111


epsilon: 4.777777777777779

m: 5.333333333333333

n: 41.55555555555556

Residual: 0.24447406105392733


epsilon: 4.777777777777779

m: 5.333333333333333

n: 45.77777777777778

Residual: 0.23306545529084413


epsilon: 4.777777777777779

m: 5.333333333333333

n: 50.0

Residual: 0.21864213430375248


epsilon: 4.777777777777779

m: 5.666666666666666

n: 12.0

Residual: 0.4485313095351894


epsilon: 4.777777777777779

m: 5.666666666666666

n: 16.22222222222222

Residual: 0.32850251276152276


epsilon: 4.777777777777779

m: 5.666666666666666

n: 20.444444444444443

Residual: 0.2585698819538994


epsilon: 4.777777777777779

m: 5.666666666666666

n: 24.666666666666668

Residual: 0.21304900816488698


epsilon: 4.777777777777779

m: 5.666666666666666

n: 28.88888888888889

Residual: 0.18732242334389965


epsilon: 4.777777777777779

m: 5.666666666666666

n: 33.111111111111114

Residual: 0.1635274410031013


epsilon: 4.777777777777779

m: 5.666666666666666

n: 37.333333333333336

Residual: 0.14128203530679911


epsilon: 4.777777777777779

m: 5.666666666666666

n: 41.55555555555556

Residual: 0.1329588726907182


epsilon: 4.777777777777779

m: 5.666666666666666

n: 45.77777777777778

Residual: 0.11550192051974933


epsilon: 4.777777777777779

m: 5.666666666666666

n: 50.0

Residual: 0.10938586928420072


epsilon: 4.777777777777779

m: 6.0

n: 12.0

Residual: 0.3542567703445973


epsilon: 4.777777777777779

m: 6.0

n: 16.22222222222222

Residual: 0.24956939135365336


epsilon: 4.777777777777779

m: 6.0

n: 20.444444444444443

Residual: 0.20177205342686683


epsilon: 4.777777777777779

m: 6.0

n: 24.666666666666668

Residual: 0.17924698933084302


epsilon: 4.777777777777779

m: 6.0

n: 28.88888888888889

Residual: 0.1543470474084012


epsilon: 4.777777777777779

m: 6.0

n: 33.111111111111114

Residual: 0.1525471444474156


epsilon: 4.777777777777779

m: 6.0

n: 37.333333333333336

Residual: 0.15189345058875853


epsilon: 4.777777777777779

m: 6.0

n: 41.55555555555556

Residual: 0.14644222957583264


epsilon: 4.777777777777779

m: 6.0

n: 45.77777777777778

Residual: 0.14799201891614877


epsilon: 4.777777777777779

m: 6.0

n: 50.0

Residual: 0.16143908116646125


epsilon: 4.777777777777779

m: 6.333333333333333

n: 12.0

Residual: 0.3047771577654494


epsilon: 4.777777777777779

m: 6.333333333333333

n: 16.22222222222222

Residual: 0.22671443428460267


epsilon: 4.777777777777779

m: 6.333333333333333

n: 20.444444444444443

Residual: 0.19878288825315427


epsilon: 4.777777777777779

m: 6.333333333333333

n: 24.666666666666668

Residual: 0.19019588136706508


epsilon: 4.777777777777779

m: 6.333333333333333

n: 28.88888888888889

Residual: 0.19183461627806545


epsilon: 4.777777777777779

m: 6.333333333333333

n: 33.111111111111114

Residual: 0.19740404174099827


epsilon: 4.777777777777779

m: 6.333333333333333

n: 37.333333333333336

Residual: 0.20085435155704454


epsilon: 4.777777777777779

m: 6.333333333333333

n: 41.55555555555556

Residual: 0.21038348524504713


epsilon: 4.777777777777779

m: 6.333333333333333

n: 45.77777777777778

Residual: 0.25714425360246623


epsilon: 4.777777777777779

m: 6.333333333333333

n: 50.0

Residual: 0.25662178800806124


epsilon: 4.777777777777779

m: 6.666666666666666

n: 12.0

Residual: 0.27990142278701646


epsilon: 4.777777777777779

m: 6.666666666666666

n: 16.22222222222222

Residual: 0.22731704829332158


epsilon: 4.777777777777779

m: 6.666666666666666

n: 20.444444444444443

Residual: 0.22296702121949882


epsilon: 4.777777777777779

m: 6.666666666666666

n: 24.666666666666668

Residual: 0.23380133268905812


epsilon: 4.777777777777779

m: 6.666666666666666

n: 28.88888888888889

Residual: 0.24748009554691963


epsilon: 4.777777777777779

m: 6.666666666666666

n: 33.111111111111114

Residual: 0.27057807762098324


epsilon: 4.777777777777779

m: 6.666666666666666

n: 37.333333333333336

Residual: 0.2903577856383218


epsilon: 4.777777777777779

m: 6.666666666666666

n: 41.55555555555556

Residual: 0.3220863995975488


epsilon: 4.777777777777779

m: 6.666666666666666

n: 45.77777777777778

Residual: 0.31971045865922554


epsilon: 4.777777777777779

m: 6.666666666666666

n: 50.0

Residual: 0.33936783854528124


epsilon: 4.777777777777779

m: 7.0

n: 12.0

Residual: 0.26951548738716274


epsilon: 4.777777777777779

m: 7.0

n: 16.22222222222222

Residual: 0.2504244788858624


epsilon: 4.777777777777779

m: 7.0

n: 20.444444444444443

Residual: 0.26174875941848746


epsilon: 4.777777777777779

m: 7.0

n: 24.666666666666668

Residual: 0.28673994055387453


epsilon: 4.777777777777779

m: 7.0

n: 28.88888888888889

Residual: 0.31829749161554166


epsilon: 4.777777777777779

m: 7.0

n: 33.111111111111114

Residual: 0.3518292113401728


epsilon: 4.777777777777779

m: 7.0

n: 37.333333333333336

Residual: 0.3913484959683988


epsilon: 4.777777777777779

m: 7.0

n: 41.55555555555556

Residual: 0.41259901408148764


epsilon: 4.777777777777779

m: 7.0

n: 45.77777777777778

Residual: 0.4273133774832413


epsilon: 4.777777777777779

m: 7.0

n: 50.0

Residual: 0.4229751575773914


epsilon: 5.388888888888889

m: 4.0

n: 12.0

Residual: 0.9163612523851463


epsilon: 5.388888888888889

m: 4.0

n: 16.22222222222222

Residual: 0.8977064846330254


epsilon: 5.388888888888889

m: 4.0

n: 20.444444444444443

Residual: 0.884706513707949


epsilon: 5.388888888888889

m: 4.0

n: 24.666666666666668

Residual: 0.8751497780824867


epsilon: 5.388888888888889

m: 4.0

n: 28.88888888888889

Residual: 0.8677404894206759


epsilon: 5.388888888888889

m: 4.0

n: 33.111111111111114

Residual: 0.8616894219716205


epsilon: 5.388888888888889

m: 4.0

n: 37.333333333333336

Residual: 0.8567497121182513


epsilon: 5.388888888888889

m: 4.0

n: 41.55555555555556

Residual: 0.8524981817323153


epsilon: 5.388888888888889

m: 4.0

n: 45.77777777777778

Residual: 0.848762960629044


epsilon: 5.388888888888889

m: 4.0

n: 50.0

Residual: 0.8460001700435135


epsilon: 5.388888888888889

m: 4.333333333333333

n: 12.0

Residual: 0.862648936348397


epsilon: 5.388888888888889

m: 4.333333333333333

n: 16.22222222222222

Residual: 0.8305254415371991


epsilon: 5.388888888888889

m: 4.333333333333333

n: 20.444444444444443

Residual: 0.8084793800637325


epsilon: 5.388888888888889

m: 4.333333333333333

n: 24.666666666666668

Residual: 0.7922458514948245


epsilon: 5.388888888888889

m: 4.333333333333333

n: 28.88888888888889

Residual: 0.7794958065057195


epsilon: 5.388888888888889

m: 4.333333333333333

n: 33.111111111111114

Residual: 0.7694296748971918


epsilon: 5.388888888888889

m: 4.333333333333333

n: 37.333333333333336

Residual: 0.7607895489285161


epsilon: 5.388888888888889

m: 4.333333333333333

n: 41.55555555555556

Residual: 0.7538887199824323


epsilon: 5.388888888888889

m: 4.333333333333333

n: 45.77777777777778

Residual: 0.7477822468948552


epsilon: 5.388888888888889

m: 4.333333333333333

n: 50.0

Residual: 0.7432171035324074


epsilon: 5.388888888888889

m: 4.666666666666667

n: 12.0

Residual: 0.7901701169997282


epsilon: 5.388888888888889

m: 4.666666666666667

n: 16.22222222222222

Residual: 0.7399301231835669


epsilon: 5.388888888888889

m: 4.666666666666667

n: 20.444444444444443

Residual: 0.7055172072127771


epsilon: 5.388888888888889

m: 4.666666666666667

n: 24.666666666666668

Residual: 0.6800678490796666


epsilon: 5.388888888888889

m: 4.666666666666667

n: 28.88888888888889

Residual: 0.6606976207188182


epsilon: 5.388888888888889

m: 4.666666666666667

n: 33.111111111111114

Residual: 0.6460601343464462


epsilon: 5.388888888888889

m: 4.666666666666667

n: 37.333333333333336

Residual: 0.6331022704199053


epsilon: 5.388888888888889

m: 4.666666666666667

n: 41.55555555555556

Residual: 0.6228018491429969


epsilon: 5.388888888888889

m: 4.666666666666667

n: 45.77777777777778

Residual: 0.6127475430252146


epsilon: 5.388888888888889

m: 4.666666666666667

n: 50.0

Residual: 0.6035001539169449


epsilon: 5.388888888888889

m: 5.0

n: 12.0

Residual: 0.7010193110339192


epsilon: 5.388888888888889

m: 5.0

n: 16.22222222222222

Residual: 0.6296819580751833


epsilon: 5.388888888888889

m: 5.0

n: 20.444444444444443

Residual: 0.581274876350057


epsilon: 5.388888888888889

m: 5.0

n: 24.666666666666668

Residual: 0.5463120521504997


epsilon: 5.388888888888889

m: 5.0

n: 28.88888888888889

Residual: 0.5181808633065922


epsilon: 5.388888888888889

m: 5.0

n: 33.111111111111114

Residual: 0.49719329601561885


epsilon: 5.388888888888889

m: 5.0

n: 37.333333333333336

Residual: 0.47811980441430807


epsilon: 5.388888888888889

m: 5.0

n: 41.55555555555556

Residual: 0.46603410136388856


epsilon: 5.388888888888889

m: 5.0

n: 45.77777777777778

Residual: 0.45439804684864654


epsilon: 5.388888888888889

m: 5.0

n: 50.0

Residual: 0.4449659147632832


epsilon: 5.388888888888889

m: 5.333333333333333

n: 12.0

Residual: 0.6007645540287159


epsilon: 5.388888888888889

m: 5.333333333333333

n: 16.22222222222222

Residual: 0.5066986423022516


epsilon: 5.388888888888889

m: 5.333333333333333

n: 20.444444444444443

Residual: 0.4433347549812936


epsilon: 5.388888888888889

m: 5.333333333333333

n: 24.666666666666668

Residual: 0.39979125687685235


epsilon: 5.388888888888889

m: 5.333333333333333

n: 28.88888888888889

Residual: 0.3677441001945832


epsilon: 5.388888888888889

m: 5.333333333333333

n: 33.111111111111114

Residual: 0.33938616607894


epsilon: 5.388888888888889

m: 5.333333333333333

n: 37.333333333333336

Residual: 0.3214296152870989


epsilon: 5.388888888888889

m: 5.333333333333333

n: 41.55555555555556

Residual: 0.30293376985409126


epsilon: 5.388888888888889

m: 5.333333333333333

n: 45.77777777777778

Residual: 0.28873588927409416


epsilon: 5.388888888888889

m: 5.333333333333333

n: 50.0

Residual: 0.272592873085255


epsilon: 5.388888888888889

m: 5.666666666666666

n: 12.0

Residual: 0.4958672800946118


epsilon: 5.388888888888889

m: 5.666666666666666

n: 16.22222222222222

Residual: 0.37949663499106634


epsilon: 5.388888888888889

m: 5.666666666666666

n: 20.444444444444443

Residual: 0.3069304936850945


epsilon: 5.388888888888889

m: 5.666666666666666

n: 24.666666666666668

Residual: 0.26122409218478726


epsilon: 5.388888888888889

m: 5.666666666666666

n: 28.88888888888889

Residual: 0.2317415643097629


epsilon: 5.388888888888889

m: 5.666666666666666

n: 33.111111111111114

Residual: 0.20402502539771614


epsilon: 5.388888888888889

m: 5.666666666666666

n: 37.333333333333336

Residual: 0.18892009946223232


epsilon: 5.388888888888889

m: 5.666666666666666

n: 41.55555555555556

Residual: 0.17320916444090814


epsilon: 5.388888888888889

m: 5.666666666666666

n: 45.77777777777778

Residual: 0.16282890730437055


epsilon: 5.388888888888889

m: 5.666666666666666

n: 50.0

Residual: 0.14320698897894402


epsilon: 5.388888888888889

m: 6.0

n: 12.0

Residual: 0.39774662161176894


epsilon: 5.388888888888889

m: 6.0

n: 16.22222222222222

Residual: 0.2923987408665574


epsilon: 5.388888888888889

m: 6.0

n: 20.444444444444443

Residual: 0.23629094149654264


epsilon: 5.388888888888889

m: 6.0

n: 24.666666666666668

Residual: 0.20627782597379515


epsilon: 5.388888888888889

m: 6.0

n: 28.88888888888889

Residual: 0.17931235226212022


epsilon: 5.388888888888889

m: 6.0

n: 33.111111111111114

Residual: 0.169867318580318


epsilon: 5.388888888888889

m: 6.0

n: 37.333333333333336

Residual: 0.15980839749642242


epsilon: 5.388888888888889

m: 6.0

n: 41.55555555555556

Residual: 0.15751260924771066


epsilon: 5.388888888888889

m: 6.0

n: 45.77777777777778

Residual: 0.1526696926341278


epsilon: 5.388888888888889

m: 6.0

n: 50.0

Residual: 0.14013439639046346


epsilon: 5.388888888888889

m: 6.333333333333333

n: 12.0

Residual: 0.3398907184653704


epsilon: 5.388888888888889

m: 6.333333333333333

n: 16.22222222222222

Residual: 0.25560140551925853


epsilon: 5.388888888888889

m: 6.333333333333333

n: 20.444444444444443

Residual: 0.21541424678404825


epsilon: 5.388888888888889

m: 6.333333333333333

n: 24.666666666666668

Residual: 0.19959235784178941


epsilon: 5.388888888888889

m: 6.333333333333333

n: 28.88888888888889

Residual: 0.18950294849945637


epsilon: 5.388888888888889

m: 6.333333333333333

n: 33.111111111111114

Residual: 0.18708055827461298


epsilon: 5.388888888888889

m: 6.333333333333333

n: 37.333333333333336

Residual: 0.18873752064904625


epsilon: 5.388888888888889

m: 6.333333333333333

n: 41.55555555555556

Residual: 0.19719891467584352


epsilon: 5.388888888888889

m: 6.333333333333333

n: 45.77777777777778

Residual: 0.1953702144141581


epsilon: 5.388888888888889

m: 6.333333333333333

n: 50.0

Residual: 0.20387685296775984


epsilon: 5.388888888888889

m: 6.666666666666666

n: 12.0

Residual: 0.31040093071755415


epsilon: 5.388888888888889

m: 6.666666666666666

n: 16.22222222222222

Residual: 0.24636566229139958


epsilon: 5.388888888888889

m: 6.666666666666666

n: 20.444444444444443

Residual: 0.22946590138958536


epsilon: 5.388888888888889

m: 6.666666666666666

n: 24.666666666666668

Residual: 0.22113982868720763


epsilon: 5.388888888888889

m: 6.666666666666666

n: 28.88888888888889

Residual: 0.2316631080888353


epsilon: 5.388888888888889

m: 6.666666666666666

n: 33.111111111111114

Residual: 0.23900560270716004


epsilon: 5.388888888888889

m: 6.666666666666666

n: 37.333333333333336

Residual: 0.2507640164545155


epsilon: 5.388888888888889

m: 6.666666666666666

n: 41.55555555555556

Residual: 0.26545390097453675


epsilon: 5.388888888888889

m: 6.666666666666666

n: 45.77777777777778

Residual: 0.2759971832774789


epsilon: 5.388888888888889

m: 6.666666666666666

n: 50.0

Residual: 0.28073176627072655


epsilon: 5.388888888888889

m: 7.0

n: 12.0

Residual: 0.29475305409308117


epsilon: 5.388888888888889

m: 7.0

n: 16.22222222222222

Residual: 0.2547350764086554


epsilon: 5.388888888888889

m: 7.0

n: 20.444444444444443

Residual: 0.25755553404313747


epsilon: 5.388888888888889

m: 7.0

n: 24.666666666666668

Residual: 0.2629079020023533


epsilon: 5.388888888888889

m: 7.0

n: 28.88888888888889

Residual: 0.28456341348327646


epsilon: 5.388888888888889

m: 7.0

n: 33.111111111111114

Residual: 0.2995320025289101


epsilon: 5.388888888888889

m: 7.0

n: 37.333333333333336

Residual: 0.33772095820616177


epsilon: 5.388888888888889

m: 7.0

n: 41.55555555555556

Residual: 0.34146899618074034


epsilon: 5.388888888888889

m: 7.0

n: 45.77777777777778

Residual: 0.37450398028193393


epsilon: 5.388888888888889

m: 7.0

n: 50.0

Residual: 0.4000861078273886


epsilon: 6.0

m: 4.0

n: 12.0

Residual: 0.9245201348330936


epsilon: 6.0

m: 4.0

n: 16.22222222222222

Residual: 0.9076021566732425


epsilon: 6.0

m: 4.0

n: 20.444444444444443

Residual: 0.8958519616011742


epsilon: 6.0

m: 4.0

n: 24.666666666666668

Residual: 0.8871950682267289


epsilon: 6.0

m: 4.0

n: 28.88888888888889

Residual: 0.8803762642825252


epsilon: 6.0

m: 4.0

n: 33.111111111111114

Residual: 0.8748516508015795


epsilon: 6.0

m: 4.0

n: 37.333333333333336

Residual: 0.8704076380617788


epsilon: 6.0

m: 4.0

n: 41.55555555555556

Residual: 0.8666450262423829


epsilon: 6.0

m: 4.0

n: 45.77777777777778

Residual: 0.8633113529408587


epsilon: 6.0

m: 4.0

n: 50.0

Residual: 0.8602126584507951


epsilon: 6.0

m: 4.333333333333333

n: 12.0

Residual: 0.8757606624799493


epsilon: 6.0

m: 4.333333333333333

n: 16.22222222222222

Residual: 0.8465200681480428


epsilon: 6.0

m: 4.333333333333333

n: 20.444444444444443

Residual: 0.8262265625052726


epsilon: 6.0

m: 4.333333333333333

n: 24.666666666666668

Residual: 0.8111280765828303


epsilon: 6.0

m: 4.333333333333333

n: 28.88888888888889

Residual: 0.7998014353860649


epsilon: 6.0

m: 4.333333333333333

n: 33.111111111111114

Residual: 0.7900291158761389


epsilon: 6.0

m: 4.333333333333333

n: 37.333333333333336

Residual: 0.7825241053574487


epsilon: 6.0

m: 4.333333333333333

n: 41.55555555555556

Residual: 0.7757514552127603


epsilon: 6.0

m: 4.333333333333333

n: 45.77777777777778

Residual: 0.7711084645148149


epsilon: 6.0

m: 4.333333333333333

n: 50.0

Residual: 0.7660503313238256


epsilon: 6.0

m: 4.666666666666667

n: 12.0

Residual: 0.8094236097092486


epsilon: 6.0

m: 4.666666666666667

n: 16.22222222222222

Residual: 0.7631909076773186


epsilon: 6.0

m: 4.666666666666667

n: 20.444444444444443

Residual: 0.7316033901490422


epsilon: 6.0

m: 4.666666666666667

n: 24.666666666666668

Residual: 0.7083833155764687


epsilon: 6.0

m: 4.666666666666667

n: 28.88888888888889

Residual: 0.6906585371393424


epsilon: 6.0

m: 4.666666666666667

n: 33.111111111111114

Residual: 0.6762576082853514


epsilon: 6.0

m: 4.666666666666667

n: 37.333333333333336

Residual: 0.6647183494739086


epsilon: 6.0

m: 4.666666666666667

n: 41.55555555555556

Residual: 0.6544148449352971


epsilon: 6.0

m: 4.666666666666667

n: 45.77777777777778

Residual: 0.6466779739759592


epsilon: 6.0

m: 4.666666666666667

n: 50.0

Residual: 0.6396668205040067


epsilon: 6.0

m: 5.0

n: 12.0

Residual: 0.7275478845568888


epsilon: 6.0

m: 5.0

n: 16.22222222222222

Residual: 0.6604619695126703


epsilon: 6.0

m: 5.0

n: 20.444444444444443

Residual: 0.6157079427774762


epsilon: 6.0

m: 5.0

n: 24.666666666666668

Residual: 0.5821138712220564


epsilon: 6.0

m: 5.0

n: 28.88888888888889

Residual: 0.5574913394452841


epsilon: 6.0

m: 5.0

n: 33.111111111111114

Residual: 0.5380978871544995


epsilon: 6.0

m: 5.0

n: 37.333333333333336

Residual: 0.5225525360225654


epsilon: 6.0

m: 5.0

n: 41.55555555555556

Residual: 0.5091176003232648


epsilon: 6.0

m: 5.0

n: 45.77777777777778

Residual: 0.4923497176901658


epsilon: 6.0

m: 5.0

n: 50.0

Residual: 0.4856340579940041


epsilon: 6.0

m: 5.333333333333333

n: 12.0

Residual: 0.634075344779041


epsilon: 6.0

m: 5.333333333333333

n: 16.22222222222222

Residual: 0.5456301459995314


epsilon: 6.0

m: 5.333333333333333

n: 20.444444444444443

Residual: 0.4853513654855259


epsilon: 6.0

m: 5.333333333333333

n: 24.666666666666668

Residual: 0.4440506168633659


epsilon: 6.0

m: 5.333333333333333

n: 28.88888888888889

Residual: 0.4099719654344731


epsilon: 6.0

m: 5.333333333333333

n: 33.111111111111114

Residual: 0.38794676445091986


epsilon: 6.0

m: 5.333333333333333

n: 37.333333333333336

Residual: 0.3663158918334737


epsilon: 6.0

m: 5.333333333333333

n: 41.55555555555556

Residual: 0.3444022497760925


epsilon: 6.0

m: 5.333333333333333

n: 45.77777777777778

Residual: 0.33494845491012043


epsilon: 6.0

m: 5.333333333333333

n: 50.0

Residual: 0.32117430194380875


epsilon: 6.0

m: 5.666666666666666

n: 12.0

Residual: 0.5331517207896257


epsilon: 6.0

m: 5.666666666666666

n: 16.22222222222222

Residual: 0.42427122739395856


epsilon: 6.0

m: 5.666666666666666

n: 20.444444444444443

Residual: 0.35285826234772566


epsilon: 6.0

m: 5.666666666666666

n: 24.666666666666668

Residual: 0.3065588831519436


epsilon: 6.0

m: 5.666666666666666

n: 28.88888888888889

Residual: 0.2717816680869597


epsilon: 6.0

m: 5.666666666666666

n: 33.111111111111114

Residual: 0.24510479758297088


epsilon: 6.0

m: 5.666666666666666

n: 37.333333333333336

Residual: 0.2294143218854842


epsilon: 6.0

m: 5.666666666666666

n: 41.55555555555556

Residual: 0.20994118727938382


epsilon: 6.0

m: 5.666666666666666

n: 45.77777777777778

Residual: 0.19005017074458383


epsilon: 6.0

m: 5.666666666666666

n: 50.0

Residual: 0.18948956647083864


epsilon: 6.0

m: 6.0

n: 12.0

Residual: 0.4401403220461292


epsilon: 6.0

m: 6.0

n: 16.22222222222222

Residual: 0.32827003079760925


epsilon: 6.0

m: 6.0

n: 20.444444444444443

Residual: 0.26928871208865474


epsilon: 6.0

m: 6.0

n: 24.666666666666668

Residual: 0.2286693964012786


epsilon: 6.0

m: 6.0

n: 28.88888888888889

Residual: 0.21115406932943862


epsilon: 6.0

m: 6.0

n: 33.111111111111114

Residual: 0.19186049246404976


epsilon: 6.0

m: 6.0

n: 37.333333333333336

Residual: 0.16880450731033106


epsilon: 6.0

m: 6.0

n: 41.55555555555556

Residual: 0.16771655294891474


epsilon: 6.0

m: 6.0

n: 45.77777777777778

Residual: 0.16814920998465127


epsilon: 6.0

m: 6.0

n: 50.0

Residual: 0.1446210726575975


epsilon: 6.0

m: 6.333333333333333

n: 12.0

Residual: 0.37540156651516


epsilon: 6.0

m: 6.333333333333333

n: 16.22222222222222

Residual: 0.28300433500106564


epsilon: 6.0

m: 6.333333333333333

n: 20.444444444444443

Residual: 0.2383269962876978


epsilon: 6.0

m: 6.333333333333333

n: 24.666666666666668

Residual: 0.21290358150323857


epsilon: 6.0

m: 6.333333333333333

n: 28.88888888888889

Residual: 0.20177718323257196


epsilon: 6.0

m: 6.333333333333333

n: 33.111111111111114

Residual: 0.1875041072469632


epsilon: 6.0

m: 6.333333333333333

n: 37.333333333333336

Residual: 0.18701027414522525


epsilon: 6.0

m: 6.333333333333333

n: 41.55555555555556

Residual: 0.17977669457858836


epsilon: 6.0

m: 6.333333333333333

n: 45.77777777777778

Residual: 0.17878474966783262


epsilon: 6.0

m: 6.333333333333333

n: 50.0

Residual: 0.19188209819240493


epsilon: 6.0

m: 6.666666666666666

n: 12.0

Residual: 0.3405283471148393


epsilon: 6.0

m: 6.666666666666666

n: 16.22222222222222

Residual: 0.26880089884122244


epsilon: 6.0

m: 6.666666666666666

n: 20.444444444444443

Residual: 0.23636007998635417


epsilon: 6.0

m: 6.666666666666666

n: 24.666666666666668

Residual: 0.2316606590789801


epsilon: 6.0

m: 6.666666666666666

n: 28.88888888888889

Residual: 0.2298730187027618


epsilon: 6.0

m: 6.666666666666666

n: 33.111111111111114

Residual: 0.2266579807044967


epsilon: 6.0

m: 6.666666666666666

n: 37.333333333333336

Residual: 0.23442298930502378


epsilon: 6.0

m: 6.666666666666666

n: 41.55555555555556

Residual: 0.23653644306331206


epsilon: 6.0

m: 6.666666666666666

n: 45.77777777777778

Residual: 0.2883593665268917


epsilon: 6.0

m: 6.666666666666666

n: 50.0

Residual: 0.2555414707714867


epsilon: 6.0

m: 7.0

n: 12.0

Residual: 0.31891765877299794


epsilon: 6.0

m: 7.0

n: 16.22222222222222

Residual: 0.26922109014974505


epsilon: 6.0

m: 7.0

n: 20.444444444444443

Residual: 0.25853113595452093


epsilon: 6.0

m: 7.0

n: 24.666666666666668

Residual: 0.25451477891661134


epsilon: 6.0

m: 7.0

n: 28.88888888888889

Residual: 0.26760364094124905


epsilon: 6.0

m: 7.0

n: 33.111111111111114

Residual: 0.2769206474846652


epsilon: 6.0

m: 7.0

n: 37.333333333333336

Residual: 0.3015196479113897


epsilon: 6.0

m: 7.0

n: 41.55555555555556

Residual: 0.3071614827996447


epsilon: 6.0

m: 7.0

n: 45.77777777777778

Residual: 0.32569845062367175


epsilon: 6.0

m: 7.0

n: 50.0

Residual: 0.33551507919730733


