epsilon: 0.1

m: 5.0

n: 12.0

Residual: 0.556517763753924


epsilon: 0.1

m: 5.0

n: 12.0

Residual: 0.5556467245225202


epsilon: 0.1

m: 5.0

n: 16.714285714285715

Residual: 0.6349318991480352


epsilon: 0.1

m: 5.0

n: 21.42857142857143

Residual: 0.6753858769549425


epsilon: 0.1

m: 5.0

n: 26.142857142857142

Residual: 0.7011067627942722


epsilon: 0.1

m: 5.0

n: 30.857142857142858

Residual: 0.7188217261655052


epsilon: 0.1

m: 5.0

n: 35.57142857142857

Residual: 0.730901956733236


epsilon: 0.1

m: 5.0

n: 40.285714285714285

Residual: 0.7407876489421894


epsilon: 0.1

m: 5.0

n: 45.0

Residual: 0.7489480273764072


epsilon: 0.1

m: 5.285714285714286

n: 12.0

Residual: 0.6005657692765352


epsilon: 0.1

m: 5.285714285714286

n: 16.714285714285715

Residual: 0.6751980459426131


epsilon: 0.1

m: 5.285714285714286

n: 21.42857142857143

Residual: 0.7132963033396904


epsilon: 0.1

m: 5.285714285714286

n: 26.142857142857142

Residual: 0.7357835821653194


epsilon: 0.1

m: 5.285714285714286

n: 30.857142857142858

Residual: 0.7527835698387718


epsilon: 0.1

m: 5.285714285714286

n: 35.57142857142857

Residual: 0.7652099025801116


epsilon: 0.1

m: 5.285714285714286

n: 40.285714285714285

Residual: 0.7740658742356581


epsilon: 0.1

m: 5.285714285714286

n: 45.0

Residual: 0.7808271454259995


epsilon: 0.1

m: 5.571428571428571

n: 12.0

Residual: 0.6372015706789034


epsilon: 0.1

m: 5.571428571428571

n: 16.714285714285715

Residual: 0.709352247107698


epsilon: 0.1

m: 5.571428571428571

n: 21.42857142857143

Residual: 0.7438931864532642


epsilon: 0.1

m: 5.571428571428571

n: 26.142857142857142

Residual: 0.7682255564601544


epsilon: 0.1

m: 5.571428571428571

n: 30.857142857142858

Residual: 0.7822859252241463


epsilon: 0.1

m: 5.571428571428571

n: 35.57142857142857

Residual: 0.7919678281909462


epsilon: 0.1

m: 5.571428571428571

n: 40.285714285714285

Residual: 0.8012602034360035


epsilon: 0.1

m: 5.571428571428571

n: 45.0

Residual: 0.8080842545724033


epsilon: 0.1

m: 5.857142857142857

n: 12.0

Residual: 0.6684509790314356


epsilon: 0.1

m: 5.857142857142857

n: 16.714285714285715

Residual: 0.7381234679654186


epsilon: 0.1

m: 5.857142857142857

n: 21.42857142857143

Residual: 0.7712815448990292


epsilon: 0.1

m: 5.857142857142857

n: 26.142857142857142

Residual: 0.7936162849213481


epsilon: 0.1

m: 5.857142857142857

n: 30.857142857142858

Residual: 0.8051673377199164


epsilon: 0.1

m: 5.857142857142857

n: 35.57142857142857

Residual: 0.8179459641355649


epsilon: 0.1

m: 5.857142857142857

n: 40.285714285714285

Residual: 0.8229549703593068


epsilon: 0.1

m: 5.857142857142857

n: 45.0

Residual: 0.8316428067327787


epsilon: 0.1

m: 6.142857142857142

n: 12.0

Residual: 0.6973158446439961


epsilon: 0.1

m: 6.142857142857142

n: 16.714285714285715

Residual: 0.7613061678057548


epsilon: 0.1

m: 6.142857142857142

n: 21.42857142857143

Residual: 0.7926747133221971


epsilon: 0.1

m: 6.142857142857142

n: 26.142857142857142

Residual: 0.8132785773301429


epsilon: 0.1

m: 6.142857142857142

n: 30.857142857142858

Residual: 0.8267290875875793


epsilon: 0.1

m: 6.142857142857142

n: 35.57142857142857

Residual: 0.8365163794864958


epsilon: 0.1

m: 6.142857142857142

n: 40.285714285714285

Residual: 0.8425924827858133


epsilon: 0.1

m: 6.142857142857142

n: 45.0

Residual: 0.8496525615957172


epsilon: 0.1

m: 6.428571428571429

n: 12.0

Residual: 0.7204407387731909


epsilon: 0.1

m: 6.428571428571429

n: 16.714285714285715

Residual: 0.7816827622148267


epsilon: 0.1

m: 6.428571428571429

n: 21.42857142857143

Residual: 0.814162373825682


epsilon: 0.1

m: 6.428571428571429

n: 26.142857142857142

Residual: 0.8315296955834333


epsilon: 0.1

m: 6.428571428571429

n: 30.857142857142858

Residual: 0.8425777382755362


epsilon: 0.1

m: 6.428571428571429

n: 35.57142857142857

Residual: 0.852245976147416


epsilon: 0.1

m: 6.428571428571429

n: 40.285714285714285

Residual: 0.8602920511503165


epsilon: 0.1

m: 6.428571428571429

n: 45.0

Residual: 0.8647783774377645


epsilon: 0.1

m: 6.714285714285714

n: 12.0

Residual: 0.7421928438134555


epsilon: 0.1

m: 6.714285714285714

n: 16.714285714285715

Residual: 0.7995461812155007


epsilon: 0.1

m: 6.714285714285714

n: 21.42857142857143

Residual: 0.8300048068449369


epsilon: 0.1

m: 6.714285714285714

n: 26.142857142857142

Residual: 0.8482421117842165


epsilon: 0.1

m: 6.714285714285714

n: 30.857142857142858

Residual: 0.8588413494295731


epsilon: 0.1

m: 6.714285714285714

n: 35.57142857142857

Residual: 0.8670373875205473


epsilon: 0.1

m: 6.714285714285714

n: 40.285714285714285

Residual: 0.8721956739172438


epsilon: 0.1

m: 6.714285714285714

n: 45.0

Residual: 0.8783471015773106


epsilon: 0.1

m: 7.0

n: 12.0

Residual: 0.7587642484534636


epsilon: 0.1

m: 7.0

n: 16.714285714285715

Residual: 0.8162316125620939


epsilon: 0.1

m: 7.0

n: 21.42857142857143

Residual: 0.8415931829997759


epsilon: 0.1

m: 7.0

n: 26.142857142857142

Residual: 0.8607360095743841


epsilon: 0.1

m: 7.0

n: 30.857142857142858

Residual: 0.8729079016458927


epsilon: 0.1

m: 7.0

n: 35.57142857142857

Residual: 0.8793063747607681


epsilon: 0.1

m: 7.0

n: 40.285714285714285

Residual: 0.8830941464761581


epsilon: 0.1

m: 7.0

n: 45.0

Residual: 0.8894500011463272


epsilon: 0.3

m: 5.0

n: 12.0

Residual: 0.18541763043130352


epsilon: 0.3

m: 5.0

n: 16.714285714285715

Residual: 0.22420793476457138


epsilon: 0.3

m: 5.0

n: 21.42857142857143

Residual: 0.2719671856158869


epsilon: 0.3

m: 5.0

n: 26.142857142857142

Residual: 0.3095906878879098


epsilon: 0.3

m: 5.0

n: 30.857142857142858

Residual: 0.3402923267469438


epsilon: 0.3

m: 5.0

n: 35.57142857142857

Residual: 0.36300788490429997


epsilon: 0.3

m: 5.0

n: 40.285714285714285

Residual: 0.380228944815721


epsilon: 0.3

m: 5.0

n: 45.0

Residual: 0.3966474030000392


epsilon: 0.3

m: 5.285714285714286

n: 12.0

Residual: 0.18893799420881965


epsilon: 0.3

m: 5.285714285714286

n: 16.714285714285715

Residual: 0.26551048588535614


epsilon: 0.3

m: 5.285714285714286

n: 21.42857142857143

Residual: 0.33209660191266294


epsilon: 0.3

m: 5.285714285714286

n: 26.142857142857142

Residual: 0.37885249432987966


epsilon: 0.3

m: 5.285714285714286

n: 30.857142857142858

Residual: 0.40860625101167564


epsilon: 0.3

m: 5.285714285714286

n: 35.57142857142857

Residual: 0.43077357656761345


epsilon: 0.3

m: 5.285714285714286

n: 40.285714285714285

Residual: 0.4466189871810908


epsilon: 0.3

m: 5.285714285714286

n: 45.0

Residual: 0.45744041677502295


epsilon: 0.3

m: 5.571428571428571

n: 12.0

Residual: 0.20848150311798494


epsilon: 0.3

m: 5.571428571428571

n: 16.714285714285715

Residual: 0.3215961771188791


epsilon: 0.3

m: 5.571428571428571

n: 21.42857142857143

Residual: 0.38822951590293275


epsilon: 0.3

m: 5.571428571428571

n: 26.142857142857142

Residual: 0.4352348017311156


epsilon: 0.3

m: 5.571428571428571

n: 30.857142857142858

Residual: 0.46528021596585856


epsilon: 0.3

m: 5.571428571428571

n: 35.57142857142857

Residual: 0.48589579559076446


epsilon: 0.3

m: 5.571428571428571

n: 40.285714285714285

Residual: 0.5003805705988351


epsilon: 0.3

m: 5.571428571428571

n: 45.0

Residual: 0.5164285042893582


epsilon: 0.3

m: 5.857142857142857

n: 12.0

Residual: 0.25329752481129303


epsilon: 0.3

m: 5.857142857142857

n: 16.714285714285715

Residual: 0.3766770916930762


epsilon: 0.3

m: 5.857142857142857

n: 21.42857142857143

Residual: 0.4401203358398723


epsilon: 0.3

m: 5.857142857142857

n: 26.142857142857142

Residual: 0.4846156269433702


epsilon: 0.3

m: 5.857142857142857

n: 30.857142857142858

Residual: 0.5120898397273709


epsilon: 0.3

m: 5.857142857142857

n: 35.57142857142857

Residual: 0.5359582164317606


epsilon: 0.3

m: 5.857142857142857

n: 40.285714285714285

Residual: 0.5514902657625954


epsilon: 0.3

m: 5.857142857142857

n: 45.0

Residual: 0.5673403045039838


epsilon: 0.3

m: 6.142857142857142

n: 12.0

Residual: 0.30078882402441176


epsilon: 0.3

m: 6.142857142857142

n: 16.714285714285715

Residual: 0.4225618696502851


epsilon: 0.3

m: 6.142857142857142

n: 21.42857142857143

Residual: 0.48887696954630533


epsilon: 0.3

m: 6.142857142857142

n: 26.142857142857142

Residual: 0.5294804899560271


epsilon: 0.3

m: 6.142857142857142

n: 30.857142857142858

Residual: 0.5569301198088323


epsilon: 0.3

m: 6.142857142857142

n: 35.57142857142857

Residual: 0.5800212386138107


epsilon: 0.3

m: 6.142857142857142

n: 40.285714285714285

Residual: 0.5964810643653116


epsilon: 0.3

m: 6.142857142857142

n: 45.0

Residual: 0.6052242451301815


epsilon: 0.3

m: 6.428571428571429

n: 12.0

Residual: 0.34680147327261296


epsilon: 0.3

m: 6.428571428571429

n: 16.714285714285715

Residual: 0.4670553411490432


epsilon: 0.3

m: 6.428571428571429

n: 21.42857142857143

Residual: 0.5256079771640793


epsilon: 0.3

m: 6.428571428571429

n: 26.142857142857142

Residual: 0.5666613217303833


epsilon: 0.3

m: 6.428571428571429

n: 30.857142857142858

Residual: 0.596618800224862


epsilon: 0.3

m: 6.428571428571429

n: 35.57142857142857

Residual: 0.6150886145387658


epsilon: 0.3

m: 6.428571428571429

n: 40.285714285714285

Residual: 0.6294749383868867


epsilon: 0.3

m: 6.428571428571429

n: 45.0

Residual: 0.6435073650886148


epsilon: 0.3

m: 6.714285714285714

n: 12.0

Residual: 0.38222220879052377


epsilon: 0.3

m: 6.714285714285714

n: 16.714285714285715

Residual: 0.5011495294942673


epsilon: 0.3

m: 6.714285714285714

n: 21.42857142857143

Residual: 0.5678438590199533


epsilon: 0.3

m: 6.714285714285714

n: 26.142857142857142

Residual: 0.6043106013946024


epsilon: 0.3

m: 6.714285714285714

n: 30.857142857142858

Residual: 0.6311938256889419


epsilon: 0.3

m: 6.714285714285714

n: 35.57142857142857

Residual: 0.6449680208579405


epsilon: 0.3

m: 6.714285714285714

n: 40.285714285714285

Residual: 0.6617770668947685


epsilon: 0.3

m: 6.714285714285714

n: 45.0

Residual: 0.6727940107278038


epsilon: 0.3

m: 7.0

n: 12.0

Residual: 0.4186791829162166


epsilon: 0.3

m: 7.0

n: 16.714285714285715

Residual: 0.5328565672890151


epsilon: 0.3

m: 7.0

n: 21.42857142857143

Residual: 0.593361985516582


epsilon: 0.3

m: 7.0

n: 26.142857142857142

Residual: 0.6277991472980657


epsilon: 0.3

m: 7.0

n: 30.857142857142858

Residual: 0.658499558752988


epsilon: 0.3

m: 7.0

n: 35.57142857142857

Residual: 0.6781190979741972


epsilon: 0.3

m: 7.0

n: 40.285714285714285

Residual: 0.6855450691905519


epsilon: 0.3

m: 7.0

n: 45.0

Residual: 0.7052402698359246


epsilon: 0.5

m: 5.0

n: 12.0

Residual: 0.21585129683317972


epsilon: 0.5

m: 5.0

n: 16.714285714285715

Residual: 0.15846432459789941


epsilon: 0.5

m: 5.0

n: 21.42857142857143

Residual: 0.14629550411392234


epsilon: 0.5

m: 5.0

n: 26.142857142857142

Residual: 0.1522778114258948


epsilon: 0.5

m: 5.0

n: 30.857142857142858

Residual: 0.16334859468712046


epsilon: 0.5

m: 5.0

n: 35.57142857142857

Residual: 0.1761468460061517


epsilon: 0.5

m: 5.0

n: 40.285714285714285

Residual: 0.18544330202221343


epsilon: 0.5

m: 5.0

n: 45.0

Residual: 0.1951137562791275


epsilon: 0.5

m: 5.285714285714286

n: 12.0

Residual: 0.17610982506118758


epsilon: 0.5

m: 5.285714285714286

n: 16.714285714285715

Residual: 0.13067953120522577


epsilon: 0.5

m: 5.285714285714286

n: 21.42857142857143

Residual: 0.14445713147354902


epsilon: 0.5

m: 5.285714285714286

n: 26.142857142857142

Residual: 0.163495634241933


epsilon: 0.5

m: 5.285714285714286

n: 30.857142857142858

Residual: 0.18450131302994194


epsilon: 0.5

m: 5.285714285714286

n: 35.57142857142857

Residual: 0.207368337273079


epsilon: 0.5

m: 5.285714285714286

n: 40.285714285714285

Residual: 0.22168671100318546


epsilon: 0.5

m: 5.285714285714286

n: 45.0

Residual: 0.23959795294235375


epsilon: 0.5

m: 5.571428571428571

n: 12.0

Residual: 0.14072269166398232


epsilon: 0.5

m: 5.571428571428571

n: 16.714285714285715

Residual: 0.12175535858908905


epsilon: 0.5

m: 5.571428571428571

n: 21.42857142857143

Residual: 0.15973647640393776


epsilon: 0.5

m: 5.571428571428571

n: 26.142857142857142

Residual: 0.20617019496736794


epsilon: 0.5

m: 5.571428571428571

n: 30.857142857142858

Residual: 0.23933285865719747


epsilon: 0.5

m: 5.571428571428571

n: 35.57142857142857

Residual: 0.2683374147016375


epsilon: 0.5

m: 5.571428571428571

n: 40.285714285714285

Residual: 0.2886794554446835


epsilon: 0.5

m: 5.571428571428571

n: 45.0

Residual: 0.3052864545791672


epsilon: 0.5

m: 5.857142857142857

n: 12.0

Residual: 0.11522452388838046


epsilon: 0.5

m: 5.857142857142857

n: 16.714285714285715

Residual: 0.13701729121137785


epsilon: 0.5

m: 5.857142857142857

n: 21.42857142857143

Residual: 0.21478138643044034


epsilon: 0.5

m: 5.857142857142857

n: 26.142857142857142

Residual: 0.2640540784321391


epsilon: 0.5

m: 5.857142857142857

n: 30.857142857142858

Residual: 0.29741124725553514


epsilon: 0.5

m: 5.857142857142857

n: 35.57142857142857

Residual: 0.32802584507185856


epsilon: 0.5

m: 5.857142857142857

n: 40.285714285714285

Residual: 0.3500964395031322


epsilon: 0.5

m: 5.857142857142857

n: 45.0

Residual: 0.36750798636277004


epsilon: 0.5

m: 6.142857142857142

n: 12.0

Residual: 0.10085968946236351


epsilon: 0.5

m: 6.142857142857142

n: 16.714285714285715

Residual: 0.19540263724489026


epsilon: 0.5

m: 6.142857142857142

n: 21.42857142857143

Residual: 0.27106475151547316


epsilon: 0.5

m: 6.142857142857142

n: 26.142857142857142

Residual: 0.3251352190209224


epsilon: 0.5

m: 6.142857142857142

n: 30.857142857142858

Residual: 0.3541499091378607


epsilon: 0.5

m: 6.142857142857142

n: 35.57142857142857

Residual: 0.38459615855601675


epsilon: 0.5

m: 6.142857142857142

n: 40.285714285714285

Residual: 0.4022777082467331


epsilon: 0.5

m: 6.142857142857142

n: 45.0

Residual: 0.4163002368326092


epsilon: 0.5

m: 6.428571428571429

n: 12.0

Residual: 0.1030562757796485


epsilon: 0.5

m: 6.428571428571429

n: 16.714285714285715

Residual: 0.24099231293421


epsilon: 0.5

m: 6.428571428571429

n: 21.42857142857143

Residual: 0.320821714930859


epsilon: 0.5

m: 6.428571428571429

n: 26.142857142857142

Residual: 0.37034945571021416


epsilon: 0.5

m: 6.428571428571429

n: 30.857142857142858

Residual: 0.40721199334391167


epsilon: 0.5

m: 6.428571428571429

n: 35.57142857142857

Residual: 0.43067775573515826


epsilon: 0.5

m: 6.428571428571429

n: 40.285714285714285

Residual: 0.4498274184047671


epsilon: 0.5

m: 6.428571428571429

n: 45.0

Residual: 0.47433211447311324


epsilon: 0.5

m: 6.714285714285714

n: 12.0

Residual: 0.1452998868650901


epsilon: 0.5

m: 6.714285714285714

n: 16.714285714285715

Residual: 0.28629383856607055


epsilon: 0.5

m: 6.714285714285714

n: 21.42857142857143

Residual: 0.3671607032352546


epsilon: 0.5

m: 6.714285714285714

n: 26.142857142857142

Residual: 0.40754175174679713


epsilon: 0.5

m: 6.714285714285714

n: 30.857142857142858

Residual: 0.4530426878051915


epsilon: 0.5

m: 6.714285714285714

n: 35.57142857142857

Residual: 0.4777333324953015


epsilon: 0.5

m: 6.714285714285714

n: 40.285714285714285

Residual: 0.49548136529518033


epsilon: 0.5

m: 6.714285714285714

n: 45.0

Residual: 0.5084388715434632


epsilon: 0.5

m: 7.0

n: 12.0

Residual: 0.18714066390665227


epsilon: 0.5

m: 7.0

n: 16.714285714285715

Residual: 0.32660881394670666


epsilon: 0.5

m: 7.0

n: 21.42857142857143

Residual: 0.40634044501937705


epsilon: 0.5

m: 7.0

n: 26.142857142857142

Residual: 0.4558894051931058


epsilon: 0.5

m: 7.0

n: 30.857142857142858

Residual: 0.48726896847340134


epsilon: 0.5

m: 7.0

n: 35.57142857142857

Residual: 0.5126829272847306


epsilon: 0.5

m: 7.0

n: 40.285714285714285

Residual: 0.5327385309889779


epsilon: 0.5

m: 7.0

n: 45.0

Residual: 0.5432945391089216


epsilon: 0.7

m: 5.0

n: 12.0

Residual: 0.33061025039808245


epsilon: 0.7

m: 5.0

n: 16.714285714285715

Residual: 0.22970858639598912


epsilon: 0.7

m: 5.0

n: 21.42857142857143

Residual: 0.1777854951134696


epsilon: 0.7

m: 5.0

n: 26.142857142857142

Residual: 0.15549055250664853


epsilon: 0.7

m: 5.0

n: 30.857142857142858

Residual: 0.13976606558289847


epsilon: 0.7

m: 5.0

n: 35.57142857142857

Residual: 0.13755707838830597


epsilon: 0.7

m: 5.0

n: 40.285714285714285

Residual: 0.13616690833355957


epsilon: 0.7

m: 5.0

n: 45.0

Residual: 0.1327991758223073


epsilon: 0.7

m: 5.285714285714286

n: 12.0

Residual: 0.27231871051496614


epsilon: 0.7

m: 5.285714285714286

n: 16.714285714285715

Residual: 0.17506930115524946


epsilon: 0.7

m: 5.285714285714286

n: 21.42857142857143

Residual: 0.13332224367492967


epsilon: 0.7

m: 5.285714285714286

n: 26.142857142857142

Residual: 0.11521475597076292


epsilon: 0.7

m: 5.285714285714286

n: 30.857142857142858

Residual: 0.11789989349240118


epsilon: 0.7

m: 5.285714285714286

n: 35.57142857142857

Residual: 0.11875420645207387


epsilon: 0.7

m: 5.285714285714286

n: 40.285714285714285

Residual: 0.12299138825146112


epsilon: 0.7

m: 5.285714285714286

n: 45.0

Residual: 0.12838056307322868


epsilon: 0.7

m: 5.571428571428571

n: 12.0

Residual: 0.2183119772499221


epsilon: 0.7

m: 5.571428571428571

n: 16.714285714285715

Residual: 0.12995137204718799


epsilon: 0.7

m: 5.571428571428571

n: 21.42857142857143

Residual: 0.09819607681109412


epsilon: 0.7

m: 5.571428571428571

n: 26.142857142857142

Residual: 0.09849403265320456


epsilon: 0.7

m: 5.571428571428571

n: 30.857142857142858

Residual: 0.10461468384959521


epsilon: 0.7

m: 5.571428571428571

n: 35.57142857142857

Residual: 0.12357835330097669


epsilon: 0.7

m: 5.571428571428571

n: 40.285714285714285

Residual: 0.13519608883476916


epsilon: 0.7

m: 5.571428571428571

n: 45.0

Residual: 0.15259199416519514


epsilon: 0.7

m: 5.857142857142857

n: 12.0

Residual: 0.17414774811255632


epsilon: 0.7

m: 5.857142857142857

n: 16.714285714285715

Residual: 0.09579418982166757


epsilon: 0.7

m: 5.857142857142857

n: 21.42857142857143

Residual: 0.08080741141755715


epsilon: 0.7

m: 5.857142857142857

n: 26.142857142857142

Residual: 0.10767898045201246


epsilon: 0.7

m: 5.857142857142857

n: 30.857142857142858

Residual: 0.14032552835876758


epsilon: 0.7

m: 5.857142857142857

n: 35.57142857142857

Residual: 0.16915830022535464


epsilon: 0.7

m: 5.857142857142857

n: 40.285714285714285

Residual: 0.19234202696470493


epsilon: 0.7

m: 5.857142857142857

n: 45.0

Residual: 0.20896084577536309


epsilon: 0.7

m: 6.142857142857142

n: 12.0

Residual: 0.13816511611742324


epsilon: 0.7

m: 6.142857142857142

n: 16.714285714285715

Residual: 0.06745151056201724


epsilon: 0.7

m: 6.142857142857142

n: 21.42857142857143

Residual: 0.10860693819769152


epsilon: 0.7

m: 6.142857142857142

n: 26.142857142857142

Residual: 0.16159039297833735


epsilon: 0.7

m: 6.142857142857142

n: 30.857142857142858

Residual: 0.20639063629549642


epsilon: 0.7

m: 6.142857142857142

n: 35.57142857142857

Residual: 0.23121394330740547


epsilon: 0.7

m: 6.142857142857142

n: 40.285714285714285

Residual: 0.2555932425273678


epsilon: 0.7

m: 6.142857142857142

n: 45.0

Residual: 0.26855461575300305


epsilon: 0.7

m: 6.428571428571429

n: 12.0

Residual: 0.10111478788061176


epsilon: 0.7

m: 6.428571428571429

n: 16.714285714285715

Residual: 0.07474964853855817


epsilon: 0.7

m: 6.428571428571429

n: 21.42857142857143

Residual: 0.16690476905764284


epsilon: 0.7

m: 6.428571428571429

n: 26.142857142857142

Residual: 0.21401282645176498


epsilon: 0.7

m: 6.428571428571429

n: 30.857142857142858

Residual: 0.2533093286684998


epsilon: 0.7

m: 6.428571428571429

n: 35.57142857142857

Residual: 0.2875122091756436


epsilon: 0.7

m: 6.428571428571429

n: 40.285714285714285

Residual: 0.30425307611259594


epsilon: 0.7

m: 6.428571428571429

n: 45.0

Residual: 0.3262544656183526


epsilon: 0.7

m: 6.714285714285714

n: 12.0

Residual: 0.0709847072011577


epsilon: 0.7

m: 6.714285714285714

n: 16.714285714285715

Residual: 0.12290603372842426


epsilon: 0.7

m: 6.714285714285714

n: 21.42857142857143

Residual: 0.21201230890841244


epsilon: 0.7

m: 6.714285714285714

n: 26.142857142857142

Residual: 0.26502957910307684


epsilon: 0.7

m: 6.714285714285714

n: 30.857142857142858

Residual: 0.3090103711145403


epsilon: 0.7

m: 6.714285714285714

n: 35.57142857142857

Residual: 0.33438987352605465


epsilon: 0.7

m: 6.714285714285714

n: 40.285714285714285

Residual: 0.35072787893091506


epsilon: 0.7

m: 6.714285714285714

n: 45.0

Residual: 0.3760707277354181


epsilon: 0.7

m: 7.0

n: 12.0

Residual: 0.0639526129171356


epsilon: 0.7

m: 7.0

n: 16.714285714285715

Residual: 0.16641310566634518


epsilon: 0.7

m: 7.0

n: 21.42857142857143

Residual: 0.26163347805297227


epsilon: 0.7

m: 7.0

n: 26.142857142857142

Residual: 0.3070377401002168


epsilon: 0.7

m: 7.0

n: 30.857142857142858

Residual: 0.35172815498408133


epsilon: 0.7

m: 7.0

n: 35.57142857142857

Residual: 0.37655364937774005


epsilon: 0.7

m: 7.0

n: 40.285714285714285

Residual: 0.4058388730486447


epsilon: 0.7

m: 7.0

n: 45.0

Residual: 0.41670604589466653


epsilon: 0.8999999999999999

m: 5.0

n: 12.0

Residual: 0.43867756376488176


epsilon: 0.8999999999999999

m: 5.0

n: 16.714285714285715

Residual: 0.3362431541115993


epsilon: 0.8999999999999999

m: 5.0

n: 21.42857142857143

Residual: 0.26972708125677447


epsilon: 0.8999999999999999

m: 5.0

n: 26.142857142857142

Residual: 0.2246400051907733


epsilon: 0.8999999999999999

m: 5.0

n: 30.857142857142858

Residual: 0.19784661071479645


epsilon: 0.8999999999999999

m: 5.0

n: 35.57142857142857

Residual: 0.17877563877653502


epsilon: 0.8999999999999999

m: 5.0

n: 40.285714285714285

Residual: 0.1666919220445026


epsilon: 0.8999999999999999

m: 5.0

n: 45.0

Residual: 0.15501387694806923


epsilon: 0.8999999999999999

m: 5.285714285714286

n: 12.0

Residual: 0.38419515011214656


epsilon: 0.8999999999999999

m: 5.285714285714286

n: 16.714285714285715

Residual: 0.2717490946893086


epsilon: 0.8999999999999999

m: 5.285714285714286

n: 21.42857142857143

Residual: 0.20134539901510945


epsilon: 0.8999999999999999

m: 5.285714285714286

n: 26.142857142857142

Residual: 0.16353282051031973


epsilon: 0.8999999999999999

m: 5.285714285714286

n: 30.857142857142858

Residual: 0.14117951587413807


epsilon: 0.8999999999999999

m: 5.285714285714286

n: 35.57142857142857

Residual: 0.12387954068488442


epsilon: 0.8999999999999999

m: 5.285714285714286

n: 40.285714285714285

Residual: 0.11655056983994316


epsilon: 0.8999999999999999

m: 5.285714285714286

n: 45.0

Residual: 0.11287683517061191


epsilon: 0.8999999999999999

m: 5.571428571428571

n: 12.0

Residual: 0.331252394110269


epsilon: 0.8999999999999999

m: 5.571428571428571

n: 16.714285714285715

Residual: 0.2084893007105952


epsilon: 0.8999999999999999

m: 5.571428571428571

n: 21.42857142857143

Residual: 0.14433898367753656


epsilon: 0.8999999999999999

m: 5.571428571428571

n: 26.142857142857142

Residual: 0.11034058742403247


epsilon: 0.8999999999999999

m: 5.571428571428571

n: 30.857142857142858

Residual: 0.0905318940044487


epsilon: 0.8999999999999999

m: 5.571428571428571

n: 35.57142857142857

Residual: 0.08463243491072314


epsilon: 0.8999999999999999

m: 5.571428571428571

n: 40.285714285714285

Residual: 0.08405575135940184


epsilon: 0.8999999999999999

m: 5.571428571428571

n: 45.0

Residual: 0.08605133135993896


epsilon: 0.8999999999999999

m: 5.857142857142857

n: 12.0

Residual: 0.281869863926422


epsilon: 0.8999999999999999

m: 5.857142857142857

n: 16.714285714285715

Residual: 0.1561475727050227


epsilon: 0.8999999999999999

m: 5.857142857142857

n: 21.42857142857143

Residual: 0.0952086008245778


epsilon: 0.8999999999999999

m: 5.857142857142857

n: 26.142857142857142

Residual: 0.07216939758852366


epsilon: 0.8999999999999999

m: 5.857142857142857

n: 30.857142857142858

Residual: 0.06275003879655762


epsilon: 0.8999999999999999

m: 5.857142857142857

n: 35.57142857142857

Residual: 0.06869375428428393


epsilon: 0.8999999999999999

m: 5.857142857142857

n: 40.285714285714285

Residual: 0.08457295341823111


epsilon: 0.8999999999999999

m: 5.857142857142857

n: 45.0

Residual: 0.09435601693064903


epsilon: 0.8999999999999999

m: 6.142857142857142

n: 12.0

Residual: 0.23301234754819983


epsilon: 0.8999999999999999

m: 6.142857142857142

n: 16.714285714285715

Residual: 0.10954530307591907


epsilon: 0.8999999999999999

m: 6.142857142857142

n: 21.42857142857143

Residual: 0.062144719688420356


epsilon: 0.8999999999999999

m: 6.142857142857142

n: 26.142857142857142

Residual: 0.0535372433031701


epsilon: 0.8999999999999999

m: 6.142857142857142

n: 30.857142857142858

Residual: 0.07864775457242339


epsilon: 0.8999999999999999

m: 6.142857142857142

n: 35.57142857142857

Residual: 0.10730760445257881


epsilon: 0.8999999999999999

m: 6.142857142857142

n: 40.285714285714285

Residual: 0.13291685507378906


epsilon: 0.8999999999999999

m: 6.142857142857142

n: 45.0

Residual: 0.1509570271506277


epsilon: 0.8999999999999999

m: 6.428571428571429

n: 12.0

Residual: 0.18699143867078094


epsilon: 0.8999999999999999

m: 6.428571428571429

n: 16.714285714285715

Residual: 0.07187790684187435


epsilon: 0.8999999999999999

m: 6.428571428571429

n: 21.42857142857143

Residual: 0.041919528630020304


epsilon: 0.8999999999999999

m: 6.428571428571429

n: 26.142857142857142

Residual: 0.09176300953938549


epsilon: 0.8999999999999999

m: 6.428571428571429

n: 30.857142857142858

Residual: 0.13256322154020195


epsilon: 0.8999999999999999

m: 6.428571428571429

n: 35.57142857142857

Residual: 0.16195309179805223


epsilon: 0.8999999999999999

m: 6.428571428571429

n: 40.285714285714285

Residual: 0.18791160506576962


epsilon: 0.8999999999999999

m: 6.428571428571429

n: 45.0

Residual: 0.21220824874318744


epsilon: 0.8999999999999999

m: 6.714285714285714

n: 12.0

Residual: 0.14548543918709692


epsilon: 0.8999999999999999

m: 6.714285714285714

n: 16.714285714285715

Residual: 0.04535404741880867


epsilon: 0.8999999999999999

m: 6.714285714285714

n: 21.42857142857143

Residual: 0.08484006185129159


epsilon: 0.8999999999999999

m: 6.714285714285714

n: 26.142857142857142

Residual: 0.13549319113311303


epsilon: 0.8999999999999999

m: 6.714285714285714

n: 30.857142857142858

Residual: 0.1862525735051196


epsilon: 0.8999999999999999

m: 6.714285714285714

n: 35.57142857142857

Residual: 0.2147554158173142


epsilon: 0.8999999999999999

m: 6.714285714285714

n: 40.285714285714285

Residual: 0.24348425929957562


epsilon: 0.8999999999999999

m: 6.714285714285714

n: 45.0

Residual: 0.2542442726094864


epsilon: 0.8999999999999999

m: 7.0

n: 12.0

Residual: 0.11250909575993545


epsilon: 0.8999999999999999

m: 7.0

n: 16.714285714285715

Residual: 0.04965697441469196


epsilon: 0.8999999999999999

m: 7.0

n: 21.42857142857143

Residual: 0.13977516770118706


epsilon: 0.8999999999999999

m: 7.0

n: 26.142857142857142

Residual: 0.19881654006753235


epsilon: 0.8999999999999999

m: 7.0

n: 30.857142857142858

Residual: 0.23550935482180577


epsilon: 0.8999999999999999

m: 7.0

n: 35.57142857142857

Residual: 0.2642766933946119


epsilon: 0.8999999999999999

m: 7.0

n: 40.285714285714285

Residual: 0.2879317392770941


epsilon: 0.8999999999999999

m: 7.0

n: 45.0

Residual: 0.30904261242216446


epsilon: 1.0999999999999999

m: 5.0

n: 12.0

Residual: 0.5165041369187955


epsilon: 1.0999999999999999

m: 5.0

n: 16.714285714285715

Residual: 0.42160618477687034


epsilon: 1.0999999999999999

m: 5.0

n: 21.42857142857143

Residual: 0.36036633015495767


epsilon: 1.0999999999999999

m: 5.0

n: 26.142857142857142

Residual: 0.31631672043099524


epsilon: 1.0999999999999999

m: 5.0

n: 30.857142857142858

Residual: 0.28692573093562923


epsilon: 1.0999999999999999

m: 5.0

n: 35.57142857142857

Residual: 0.26067592889966196


epsilon: 1.0999999999999999

m: 5.0

n: 40.285714285714285

Residual: 0.24391054826862618


epsilon: 1.0999999999999999

m: 5.0

n: 45.0

Residual: 0.22767182969356684


epsilon: 1.0999999999999999

m: 5.285714285714286

n: 12.0

Residual: 0.4647888425127074


epsilon: 1.0999999999999999

m: 5.285714285714286

n: 16.714285714285715

Residual: 0.3638059765058817


epsilon: 1.0999999999999999

m: 5.285714285714286

n: 21.42857142857143

Residual: 0.2964712025283416


epsilon: 1.0999999999999999

m: 5.285714285714286

n: 26.142857142857142

Residual: 0.24710873253583956


epsilon: 1.0999999999999999

m: 5.285714285714286

n: 30.857142857142858

Residual: 0.21500753853457436


epsilon: 1.0999999999999999

m: 5.285714285714286

n: 35.57142857142857

Residual: 0.1885754816422143


epsilon: 1.0999999999999999

m: 5.285714285714286

n: 40.285714285714285

Residual: 0.16648693644055143


epsilon: 1.0999999999999999

m: 5.285714285714286

n: 45.0

Residual: 0.1523858589827177


epsilon: 1.0999999999999999

m: 5.571428571428571

n: 12.0

Residual: 0.41811693594299826


epsilon: 1.0999999999999999

m: 5.571428571428571

n: 16.714285714285715

Residual: 0.30346649396756703


epsilon: 1.0999999999999999

m: 5.571428571428571

n: 21.42857142857143

Residual: 0.23233485964857065


epsilon: 1.0999999999999999

m: 5.571428571428571

n: 26.142857142857142

Residual: 0.1846110172143463


epsilon: 1.0999999999999999

m: 5.571428571428571

n: 30.857142857142858

Residual: 0.14456595538162073


epsilon: 1.0999999999999999

m: 5.571428571428571

n: 35.57142857142857

Residual: 0.12049802492648438


epsilon: 1.0999999999999999

m: 5.571428571428571

n: 40.285714285714285

Residual: 0.10858561022892883


epsilon: 1.0999999999999999

m: 5.571428571428571

n: 45.0

Residual: 0.09673869441758734


epsilon: 1.0999999999999999

m: 5.857142857142857

n: 12.0

Residual: 0.37319293224703537


epsilon: 1.0999999999999999

m: 5.857142857142857

n: 16.714285714285715

Residual: 0.24917817962353195


epsilon: 1.0999999999999999

m: 5.857142857142857

n: 21.42857142857143

Residual: 0.1755744455299519


epsilon: 1.0999999999999999

m: 5.857142857142857

n: 26.142857142857142

Residual: 0.1220937944960419


epsilon: 1.0999999999999999

m: 5.857142857142857

n: 30.857142857142858

Residual: 0.0906419466846748


epsilon: 1.0999999999999999

m: 5.857142857142857

n: 35.57142857142857

Residual: 0.07125654189018779


epsilon: 1.0999999999999999

m: 5.857142857142857

n: 40.285714285714285

Residual: 0.06113266388386559


epsilon: 1.0999999999999999

m: 5.857142857142857

n: 45.0

Residual: 0.0584490684856461


epsilon: 1.0999999999999999

m: 6.142857142857142

n: 12.0

Residual: 0.32567121985659336


epsilon: 1.0999999999999999

m: 6.142857142857142

n: 16.714285714285715

Residual: 0.1977575509188794


epsilon: 1.0999999999999999

m: 6.142857142857142

n: 21.42857142857143

Residual: 0.12080254293453839


epsilon: 1.0999999999999999

m: 6.142857142857142

n: 26.142857142857142

Residual: 0.07257342456467086


epsilon: 1.0999999999999999

m: 6.142857142857142

n: 30.857142857142858

Residual: 0.04675420941389786


epsilon: 1.0999999999999999

m: 6.142857142857142

n: 35.57142857142857

Residual: 0.04002051109736288


epsilon: 1.0999999999999999

m: 6.142857142857142

n: 40.285714285714285

Residual: 0.0418687663038179


epsilon: 1.0999999999999999

m: 6.142857142857142

n: 45.0

Residual: 0.05310352179410989


epsilon: 1.0999999999999999

m: 6.428571428571429

n: 12.0

Residual: 0.28124441926491084


epsilon: 1.0999999999999999

m: 6.428571428571429

n: 16.714285714285715

Residual: 0.14389535690299743


epsilon: 1.0999999999999999

m: 6.428571428571429

n: 21.42857142857143

Residual: 0.06946093568274121


epsilon: 1.0999999999999999

m: 6.428571428571429

n: 26.142857142857142

Residual: 0.03255589602249763


epsilon: 1.0999999999999999

m: 6.428571428571429

n: 30.857142857142858

Residual: 0.0358539269992032


epsilon: 1.0999999999999999

m: 6.428571428571429

n: 35.57142857142857

Residual: 0.06607804525701803


epsilon: 1.0999999999999999

m: 6.428571428571429

n: 40.285714285714285

Residual: 0.09343103118316144


epsilon: 1.0999999999999999

m: 6.428571428571429

n: 45.0

Residual: 0.1097996070241425


epsilon: 1.0999999999999999

m: 6.714285714285714

n: 12.0

Residual: 0.24087420681825764


epsilon: 1.0999999999999999

m: 6.714285714285714

n: 16.714285714285715

Residual: 0.10230033379963253


epsilon: 1.0999999999999999

m: 6.714285714285714

n: 21.42857142857143

Residual: 0.03654080505113281


epsilon: 1.0999999999999999

m: 6.714285714285714

n: 26.142857142857142

Residual: 0.042775495019347784


epsilon: 1.0999999999999999

m: 6.714285714285714

n: 30.857142857142858

Residual: 0.0880561199771708


epsilon: 1.0999999999999999

m: 6.714285714285714

n: 35.57142857142857

Residual: 0.11725420145257882


epsilon: 1.0999999999999999

m: 6.714285714285714

n: 40.285714285714285

Residual: 0.1490643429264857


epsilon: 1.0999999999999999

m: 6.714285714285714

n: 45.0

Residual: 0.16593830245563015


epsilon: 1.0999999999999999

m: 7.0

n: 12.0

Residual: 0.19997825132333483


epsilon: 1.0999999999999999

m: 7.0

n: 16.714285714285715

Residual: 0.06677956406329734


epsilon: 1.0999999999999999

m: 7.0

n: 21.42857142857143

Residual: 0.03989845861248761


epsilon: 1.0999999999999999

m: 7.0

n: 26.142857142857142

Residual: 0.09501971942747968


epsilon: 1.0999999999999999

m: 7.0

n: 30.857142857142858

Residual: 0.14233711196518378


epsilon: 1.0999999999999999

m: 7.0

n: 35.57142857142857

Residual: 0.17461976697347423


epsilon: 1.0999999999999999

m: 7.0

n: 40.285714285714285

Residual: 0.18868908607793


epsilon: 1.0999999999999999

m: 7.0

n: 45.0

Residual: 0.21401412204321527


epsilon: 1.3

m: 5.0

n: 12.0

Residual: 0.5743085976994697


epsilon: 1.3

m: 5.0

n: 16.714285714285715

Residual: 0.4884156421566492


epsilon: 1.3

m: 5.0

n: 21.42857142857143

Residual: 0.43234050145448305


epsilon: 1.3

m: 5.0

n: 26.142857142857142

Residual: 0.3900477600700675


epsilon: 1.3

m: 5.0

n: 30.857142857142858

Residual: 0.36206028987956834


epsilon: 1.3

m: 5.0

n: 35.57142857142857

Residual: 0.33842944407269254


epsilon: 1.3

m: 5.0

n: 40.285714285714285

Residual: 0.3193942548760124


epsilon: 1.3

m: 5.0

n: 45.0

Residual: 0.30635979428881993


epsilon: 1.3

m: 5.285714285714286

n: 12.0

Residual: 0.5302391376282238


epsilon: 1.3

m: 5.285714285714286

n: 16.714285714285715

Residual: 0.432270012840926


epsilon: 1.3

m: 5.285714285714286

n: 21.42857142857143

Residual: 0.36925432186848217


epsilon: 1.3

m: 5.285714285714286

n: 26.142857142857142

Residual: 0.3264805939241408


epsilon: 1.3

m: 5.285714285714286

n: 30.857142857142858

Residual: 0.29386408455958235


epsilon: 1.3

m: 5.285714285714286

n: 35.57142857142857

Residual: 0.2674170755523576


epsilon: 1.3

m: 5.285714285714286

n: 40.285714285714285

Residual: 0.24655071099723577


epsilon: 1.3

m: 5.285714285714286

n: 45.0

Residual: 0.2324791746035972


epsilon: 1.3

m: 5.571428571428571

n: 12.0

Residual: 0.48387858305732107


epsilon: 1.3

m: 5.571428571428571

n: 16.714285714285715

Residual: 0.3780552577703471


epsilon: 1.3

m: 5.571428571428571

n: 21.42857142857143

Residual: 0.307662655842924


epsilon: 1.3

m: 5.571428571428571

n: 26.142857142857142

Residual: 0.2653200841243229


epsilon: 1.3

m: 5.571428571428571

n: 30.857142857142858

Residual: 0.22802147600871706


epsilon: 1.3

m: 5.571428571428571

n: 35.57142857142857

Residual: 0.2013519987634738


epsilon: 1.3

m: 5.571428571428571

n: 40.285714285714285

Residual: 0.1823055662651942


epsilon: 1.3

m: 5.571428571428571

n: 45.0

Residual: 0.16490734038579097


epsilon: 1.3

m: 5.857142857142857

n: 12.0

Residual: 0.440384558482729


epsilon: 1.3

m: 5.857142857142857

n: 16.714285714285715

Residual: 0.3264413938326624


epsilon: 1.3

m: 5.857142857142857

n: 21.42857142857143

Residual: 0.2515459556538793


epsilon: 1.3

m: 5.857142857142857

n: 26.142857142857142

Residual: 0.20353002082362068


epsilon: 1.3

m: 5.857142857142857

n: 30.857142857142858

Residual: 0.1619034841004739


epsilon: 1.3

m: 5.857142857142857

n: 35.57142857142857

Residual: 0.13858444775454298


epsilon: 1.3

m: 5.857142857142857

n: 40.285714285714285

Residual: 0.11268056110003662


epsilon: 1.3

m: 5.857142857142857

n: 45.0

Residual: 0.09383741362605244


epsilon: 1.3

m: 6.142857142857142

n: 12.0

Residual: 0.3964394958340167


epsilon: 1.3

m: 6.142857142857142

n: 16.714285714285715

Residual: 0.2744380736631233


epsilon: 1.3

m: 6.142857142857142

n: 21.42857142857143

Residual: 0.19613098039651208


epsilon: 1.3

m: 6.142857142857142

n: 26.142857142857142

Residual: 0.14784857964825934


epsilon: 1.3

m: 6.142857142857142

n: 30.857142857142858

Residual: 0.10118666419314919


epsilon: 1.3

m: 6.142857142857142

n: 35.57142857142857

Residual: 0.079609359154382


epsilon: 1.3

m: 6.142857142857142

n: 40.285714285714285

Residual: 0.05553856723433036


epsilon: 1.3

m: 6.142857142857142

n: 45.0

Residual: 0.04291392930075476


epsilon: 1.3

m: 6.428571428571429

n: 12.0

Residual: 0.35656020587916576


epsilon: 1.3

m: 6.428571428571429

n: 16.714285714285715

Residual: 0.22714646839575606


epsilon: 1.3

m: 6.428571428571429

n: 21.42857142857143

Residual: 0.14572959806700517


epsilon: 1.3

m: 6.428571428571429

n: 26.142857142857142

Residual: 0.08704915817949993


epsilon: 1.3

m: 6.428571428571429

n: 30.857142857142858

Residual: 0.048476933025464186


epsilon: 1.3

m: 6.428571428571429

n: 35.57142857142857

Residual: 0.033396250030513185


epsilon: 1.3

m: 6.428571428571429

n: 40.285714285714285

Residual: 0.02257762603362224


epsilon: 1.3

m: 6.428571428571429

n: 45.0

Residual: 0.033302092557260035


epsilon: 1.3

m: 6.714285714285714

n: 12.0

Residual: 0.3156741638431618


epsilon: 1.3

m: 6.714285714285714

n: 16.714285714285715

Residual: 0.1815015252277609


epsilon: 1.3

m: 6.714285714285714

n: 21.42857142857143

Residual: 0.0974196048279317


epsilon: 1.3

m: 6.714285714285714

n: 26.142857142857142

Residual: 0.05008250165380306


epsilon: 1.3

m: 6.714285714285714

n: 30.857142857142858

Residual: 0.0350362529089052


epsilon: 1.3

m: 6.714285714285714

n: 35.57142857142857

Residual: 0.03677502931126804


epsilon: 1.3

m: 6.714285714285714

n: 40.285714285714285

Residual: 0.06423157874894941


epsilon: 1.3

m: 6.714285714285714

n: 45.0

Residual: 0.08758888018180905


epsilon: 1.3

m: 7.0

n: 12.0

Residual: 0.27829903838530895


epsilon: 1.3

m: 7.0

n: 16.714285714285715

Residual: 0.1430547725525128


epsilon: 1.3

m: 7.0

n: 21.42857142857143

Residual: 0.05376251398057433


epsilon: 1.3

m: 7.0

n: 26.142857142857142

Residual: 0.03687527186781486


epsilon: 1.3

m: 7.0

n: 30.857142857142858

Residual: 0.06116461336254471


epsilon: 1.3

m: 7.0

n: 35.57142857142857

Residual: 0.08959695778412555


epsilon: 1.3

m: 7.0

n: 40.285714285714285

Residual: 0.11210113514755045


epsilon: 1.3

m: 7.0

n: 45.0

Residual: 0.1368657405093461


epsilon: 1.5

m: 5.0

n: 12.0

Residual: 0.6211311457672782


epsilon: 1.5

m: 5.0

n: 16.714285714285715

Residual: 0.5400003447080122


epsilon: 1.5

m: 5.0

n: 21.42857142857143

Residual: 0.48800846706960327


epsilon: 1.5

m: 5.0

n: 26.142857142857142

Residual: 0.44811218621321536


epsilon: 1.5

m: 5.0

n: 30.857142857142858

Residual: 0.4206606754909614


epsilon: 1.5

m: 5.0

n: 35.57142857142857

Residual: 0.40120032063669003


epsilon: 1.5

m: 5.0

n: 40.285714285714285

Residual: 0.3831428618524176


epsilon: 1.5

m: 5.0

n: 45.0

Residual: 0.36732371543119846


epsilon: 1.5

m: 5.285714285714286

n: 12.0

Residual: 0.5786030727838709


epsilon: 1.5

m: 5.285714285714286

n: 16.714285714285715

Residual: 0.489204683854986


epsilon: 1.5

m: 5.285714285714286

n: 21.42857142857143

Residual: 0.4308268393901092


epsilon: 1.5

m: 5.285714285714286

n: 26.142857142857142

Residual: 0.38995231191607643


epsilon: 1.5

m: 5.285714285714286

n: 30.857142857142858

Residual: 0.3569471611800436


epsilon: 1.5

m: 5.285714285714286

n: 35.57142857142857

Residual: 0.3324665755266233


epsilon: 1.5

m: 5.285714285714286

n: 40.285714285714285

Residual: 0.31297787185288783


epsilon: 1.5

m: 5.285714285714286

n: 45.0

Residual: 0.29535767191168577


epsilon: 1.5

m: 5.571428571428571

n: 12.0

Residual: 0.537322051849591


epsilon: 1.5

m: 5.571428571428571

n: 16.714285714285715

Residual: 0.4374830105931806


epsilon: 1.5

m: 5.571428571428571

n: 21.42857142857143

Residual: 0.37211321964123073


epsilon: 1.5

m: 5.571428571428571

n: 26.142857142857142

Residual: 0.3257810511656239


epsilon: 1.5

m: 5.571428571428571

n: 30.857142857142858

Residual: 0.2904183112470921


epsilon: 1.5

m: 5.571428571428571

n: 35.57142857142857

Residual: 0.2667643929254752


epsilon: 1.5

m: 5.571428571428571

n: 40.285714285714285

Residual: 0.24861676850877382


epsilon: 1.5

m: 5.571428571428571

n: 45.0

Residual: 0.22888485001755302


epsilon: 1.5

m: 5.857142857142857

n: 12.0

Residual: 0.49584387642323274


epsilon: 1.5

m: 5.857142857142857

n: 16.714285714285715

Residual: 0.38829270489640644


epsilon: 1.5

m: 5.857142857142857

n: 21.42857142857143

Residual: 0.3188712562779516


epsilon: 1.5

m: 5.857142857142857

n: 26.142857142857142

Residual: 0.26745929310225686


epsilon: 1.5

m: 5.857142857142857

n: 30.857142857142858

Residual: 0.23586743890750828


epsilon: 1.5

m: 5.857142857142857

n: 35.57142857142857

Residual: 0.2056580216336322


epsilon: 1.5

m: 5.857142857142857

n: 40.285714285714285

Residual: 0.18618113984061285


epsilon: 1.5

m: 5.857142857142857

n: 45.0

Residual: 0.16391600187982566


epsilon: 1.5

m: 6.142857142857142

n: 12.0

Residual: 0.4559882891455979


epsilon: 1.5

m: 6.142857142857142

n: 16.714285714285715

Residual: 0.3384427268962552


epsilon: 1.5

m: 6.142857142857142

n: 21.42857142857143

Residual: 0.2667232223157973


epsilon: 1.5

m: 6.142857142857142

n: 26.142857142857142

Residual: 0.2122847483490454


epsilon: 1.5

m: 6.142857142857142

n: 30.857142857142858

Residual: 0.17535164210024268


epsilon: 1.5

m: 6.142857142857142

n: 35.57142857142857

Residual: 0.14650067586804294


epsilon: 1.5

m: 6.142857142857142

n: 40.285714285714285

Residual: 0.12194891898550866


epsilon: 1.5

m: 6.142857142857142

n: 45.0

Residual: 0.1053700691272766


epsilon: 1.5

m: 6.428571428571429

n: 12.0

Residual: 0.41868911087625205


epsilon: 1.5

m: 6.428571428571429

n: 16.714285714285715

Residual: 0.2944359563690552


epsilon: 1.5

m: 6.428571428571429

n: 21.42857142857143

Residual: 0.2195342666135708


epsilon: 1.5

m: 6.428571428571429

n: 26.142857142857142

Residual: 0.1571899046351711


epsilon: 1.5

m: 6.428571428571429

n: 30.857142857142858

Residual: 0.12018951236312958


epsilon: 1.5

m: 6.428571428571429

n: 35.57142857142857

Residual: 0.08702994172948784


epsilon: 1.5

m: 6.428571428571429

n: 40.285714285714285

Residual: 0.06456461299802181


epsilon: 1.5

m: 6.428571428571429

n: 45.0

Residual: 0.045017856147555


epsilon: 1.5

m: 6.714285714285714

n: 12.0

Residual: 0.3803232783636727


epsilon: 1.5

m: 6.714285714285714

n: 16.714285714285715

Residual: 0.24843153222993397


epsilon: 1.5

m: 6.714285714285714

n: 21.42857142857143

Residual: 0.15913376839133542


epsilon: 1.5

m: 6.714285714285714

n: 26.142857142857142

Residual: 0.11161397224452412


epsilon: 1.5

m: 6.714285714285714

n: 30.857142857142858

Residual: 0.07086861794054201


epsilon: 1.5

m: 6.714285714285714

n: 35.57142857142857

Residual: 0.04894817158257355


epsilon: 1.5

m: 6.714285714285714

n: 40.285714285714285

Residual: 0.027545170144618932


epsilon: 1.5

m: 6.714285714285714

n: 45.0

Residual: 0.02661997402172576


epsilon: 1.5

m: 7.0

n: 12.0

Residual: 0.34384063231363104


epsilon: 1.5

m: 7.0

n: 16.714285714285715

Residual: 0.20460205693108016


epsilon: 1.5

m: 7.0

n: 21.42857142857143

Residual: 0.12785541675385542


epsilon: 1.5

m: 7.0

n: 26.142857142857142

Residual: 0.08011371118227723


epsilon: 1.5

m: 7.0

n: 30.857142857142858

Residual: 0.05045796849626804


epsilon: 1.5

m: 7.0

n: 35.57142857142857

Residual: 0.039732523303335716


epsilon: 1.5

m: 7.0

n: 40.285714285714285

Residual: 0.043064033706339294


epsilon: 1.5

m: 7.0

n: 45.0

Residual: 0.06577881759463156


