epsilon: 0.5

n: 12.0

m: 5.0

Residual: 0.34166995545137635


epsilon: 0.5

n: 12.0

m: 5.0

Residual: 0.3415803005625702


epsilon: 0.5

n: 12.0

m: 5.285714285714286

Residual: 0.4628072684331553


epsilon: 0.5

n: 12.0

m: 5.571428571428571

Residual: 0.5584146089656485


epsilon: 0.5

n: 12.0

m: 5.857142857142857

Residual: 0.6326795440743368


epsilon: 0.5

n: 12.0

m: 6.142857142857142

Residual: 0.6906030477382267


epsilon: 0.5

n: 12.0

m: 6.428571428571429

Residual: 0.7377685407797036


epsilon: 0.5

n: 12.0

m: 6.714285714285714

Residual: 0.773039538645856


epsilon: 0.5

n: 12.0

m: 7.0

Residual: 0.8011624262181447


epsilon: 0.5

n: 16.714285714285715

m: 5.0

Residual: 0.46001938314610824


epsilon: 0.5

n: 16.714285714285715

m: 5.285714285714286

Residual: 0.5714524786079025


epsilon: 0.5

n: 16.714285714285715

m: 5.571428571428571

Residual: 0.6557946464241371


epsilon: 0.5

n: 16.714285714285715

m: 5.857142857142857

Residual: 0.7197260337634671


epsilon: 0.5

n: 16.714285714285715

m: 6.142857142857142

Residual: 0.7686621701811377


epsilon: 0.5

n: 16.714285714285715

m: 6.428571428571429

Residual: 0.8074158227394433


epsilon: 0.5

n: 16.714285714285715

m: 6.714285714285714

Residual: 0.8353861210984136


epsilon: 0.5

n: 16.714285714285715

m: 7.0

Residual: 0.8591800139667873


epsilon: 0.5

n: 21.42857142857143

m: 5.0

Residual: 0.5192815067340832


epsilon: 0.5

n: 21.42857142857143

m: 5.285714285714286

Residual: 0.6239420122589788


epsilon: 0.5

n: 21.42857142857143

m: 5.571428571428571

Residual: 0.7024639342901494


epsilon: 0.5

n: 21.42857142857143

m: 5.857142857142857

Residual: 0.7599712948428048


epsilon: 0.5

n: 21.42857142857143

m: 6.142857142857142

Residual: 0.8038171420761625


epsilon: 0.5

n: 21.42857142857143

m: 6.428571428571429

Residual: 0.8395071316758316


epsilon: 0.5

n: 21.42857142857143

m: 6.714285714285714

Residual: 0.863612984727001


epsilon: 0.5

n: 21.42857142857143

m: 7.0

Residual: 0.8830410469113092


epsilon: 0.5

n: 26.142857142857142

m: 5.0

Residual: 0.5563381849127726


epsilon: 0.5

n: 26.142857142857142

m: 5.285714285714286

Residual: 0.6557738204414777


epsilon: 0.5

n: 26.142857142857142

m: 5.571428571428571

Residual: 0.729437260391359


epsilon: 0.5

n: 26.142857142857142

m: 5.857142857142857

Residual: 0.7854824219627893


epsilon: 0.5

n: 26.142857142857142

m: 6.142857142857142

Residual: 0.823865689866157


epsilon: 0.5

n: 26.142857142857142

m: 6.428571428571429

Residual: 0.8553371114182123


epsilon: 0.5

n: 26.142857142857142

m: 6.714285714285714

Residual: 0.879874450184143


epsilon: 0.5

n: 26.142857142857142

m: 7.0

Residual: 0.8980235790436527


epsilon: 0.5

n: 30.857142857142858

m: 5.0

Residual: 0.5821177912078961


epsilon: 0.5

n: 30.857142857142858

m: 5.285714285714286

Residual: 0.6774705917068906


epsilon: 0.5

n: 30.857142857142858

m: 5.571428571428571

Residual: 0.7480432215952163


epsilon: 0.5

n: 30.857142857142858

m: 5.857142857142857

Residual: 0.7995104632623821


epsilon: 0.5

n: 30.857142857142858

m: 6.142857142857142

Residual: 0.8381807850862912


epsilon: 0.5

n: 30.857142857142858

m: 6.428571428571429

Residual: 0.8671329039856853


epsilon: 0.5

n: 30.857142857142858

m: 6.714285714285714

Residual: 0.8886533947372971


epsilon: 0.5

n: 30.857142857142858

m: 7.0

Residual: 0.9057237842710296


epsilon: 0.5

n: 35.57142857142857

m: 5.0

Residual: 0.599324157355328


epsilon: 0.5

n: 35.57142857142857

m: 5.285714285714286

Residual: 0.6916917787512467


epsilon: 0.5

n: 35.57142857142857

m: 5.571428571428571

Residual: 0.7600665880255895


epsilon: 0.5

n: 35.57142857142857

m: 5.857142857142857

Residual: 0.8105855189111907


epsilon: 0.5

n: 35.57142857142857

m: 6.142857142857142

Residual: 0.8484117213743442


epsilon: 0.5

n: 35.57142857142857

m: 6.428571428571429

Residual: 0.8758953925403362


epsilon: 0.5

n: 35.57142857142857

m: 6.714285714285714

Residual: 0.8974116193512921


epsilon: 0.5

n: 35.57142857142857

m: 7.0

Residual: 0.9134222386749324


epsilon: 0.5

n: 40.285714285714285

m: 5.0

Residual: 0.6142435722440678


epsilon: 0.5

n: 40.285714285714285

m: 5.285714285714286

Residual: 0.7037308021967309


epsilon: 0.5

n: 40.285714285714285

m: 5.571428571428571

Residual: 0.7702145024152561


epsilon: 0.5

n: 40.285714285714285

m: 5.857142857142857

Residual: 0.8183734550024233


epsilon: 0.5

n: 40.285714285714285

m: 6.142857142857142

Residual: 0.854757460164437


epsilon: 0.5

n: 40.285714285714285

m: 6.428571428571429

Residual: 0.880387717832188


epsilon: 0.5

n: 40.285714285714285

m: 6.714285714285714

Residual: 0.9006855816745356


epsilon: 0.5

n: 40.285714285714285

m: 7.0

Residual: 0.9177087688457976


epsilon: 0.5

n: 45.0

m: 5.0

Residual: 0.6244796419849025


epsilon: 0.5

n: 45.0

m: 5.285714285714286

Residual: 0.7136118458129235


epsilon: 0.5

n: 45.0

m: 5.571428571428571

Residual: 0.7772309567402542


epsilon: 0.5

n: 45.0

m: 5.857142857142857

Residual: 0.8246051843272533


epsilon: 0.5

n: 45.0

m: 6.142857142857142

Residual: 0.8597744774353592


epsilon: 0.5

n: 45.0

m: 6.428571428571429

Residual: 0.8874013278964457


epsilon: 0.5

n: 45.0

m: 6.714285714285714

Residual: 0.9053735235290883


epsilon: 0.5

n: 45.0

m: 7.0

Residual: 0.9210750208437354


epsilon: 1.0

n: 12.0

m: 5.0

Residual: 0.09950456074002566


epsilon: 1.0

n: 12.0

m: 5.285714285714286

Residual: 0.1530873872058577


epsilon: 1.0

n: 12.0

m: 5.571428571428571

Residual: 0.2764880014923954


epsilon: 1.0

n: 12.0

m: 5.857142857142857

Residual: 0.38005693877984825


epsilon: 1.0

n: 12.0

m: 6.142857142857142

Residual: 0.46581797388145063


epsilon: 1.0

n: 12.0

m: 6.428571428571429

Residual: 0.5355955140665595


epsilon: 1.0

n: 12.0

m: 6.714285714285714

Residual: 0.5940231809306501


epsilon: 1.0

n: 12.0

m: 7.0

Residual: 0.6419149789431806


epsilon: 1.0

n: 16.714285714285715

m: 5.0

Residual: 0.15664153535018624


epsilon: 1.0

n: 16.714285714285715

m: 5.285714285714286

Residual: 0.29343298852586397


epsilon: 1.0

n: 16.714285714285715

m: 5.571428571428571

Residual: 0.41099538914635053


epsilon: 1.0

n: 16.714285714285715

m: 5.857142857142857

Residual: 0.5071466840207498


epsilon: 1.0

n: 16.714285714285715

m: 6.142857142857142

Residual: 0.5865126739355174


epsilon: 1.0

n: 16.714285714285715

m: 6.428571428571429

Residual: 0.6466978423628127


epsilon: 1.0

n: 16.714285714285715

m: 6.714285714285714

Residual: 0.6963818777682166


epsilon: 1.0

n: 16.714285714285715

m: 7.0

Residual: 0.7369105492118839


epsilon: 1.0

n: 21.42857142857143

m: 5.0

Residual: 0.2248212533303885


epsilon: 1.0

n: 21.42857142857143

m: 5.285714285714286

Residual: 0.3669756330006272


epsilon: 1.0

n: 21.42857142857143

m: 5.571428571428571

Residual: 0.48259964228175173


epsilon: 1.0

n: 21.42857142857143

m: 5.857142857142857

Residual: 0.5716024289854208


epsilon: 1.0

n: 21.42857142857143

m: 6.142857142857142

Residual: 0.642345230306944


epsilon: 1.0

n: 21.42857142857143

m: 6.428571428571429

Residual: 0.7009385592624895


epsilon: 1.0

n: 21.42857142857143

m: 6.714285714285714

Residual: 0.7453582062672346


epsilon: 1.0

n: 21.42857142857143

m: 7.0

Residual: 0.7776640860042051


epsilon: 1.0

n: 26.142857142857142

m: 5.0

Residual: 0.2724605290157286


epsilon: 1.0

n: 26.142857142857142

m: 5.285714285714286

Residual: 0.41235785264212527


epsilon: 1.0

n: 26.142857142857142

m: 5.571428571428571

Residual: 0.5228693579131314


epsilon: 1.0

n: 26.142857142857142

m: 5.857142857142857

Residual: 0.6111185676905837


epsilon: 1.0

n: 26.142857142857142

m: 6.142857142857142

Residual: 0.6768006623559207


epsilon: 1.0

n: 26.142857142857142

m: 6.428571428571429

Residual: 0.7319762352070802


epsilon: 1.0

n: 26.142857142857142

m: 6.714285714285714

Residual: 0.7718883094457785


epsilon: 1.0

n: 26.142857142857142

m: 7.0

Residual: 0.8047194144911785


epsilon: 1.0

n: 30.857142857142858

m: 5.0

Residual: 0.3084266507658646


epsilon: 1.0

n: 30.857142857142858

m: 5.285714285714286

Residual: 0.4437219752864334


epsilon: 1.0

n: 30.857142857142858

m: 5.571428571428571

Residual: 0.5522624443271582


epsilon: 1.0

n: 30.857142857142858

m: 5.857142857142857

Residual: 0.6364247775460616


epsilon: 1.0

n: 30.857142857142858

m: 6.142857142857142

Residual: 0.7002801652391084


epsilon: 1.0

n: 30.857142857142858

m: 6.428571428571429

Residual: 0.7500716946793937


epsilon: 1.0

n: 30.857142857142858

m: 6.714285714285714

Residual: 0.7887180685101701


epsilon: 1.0

n: 30.857142857142858

m: 7.0

Residual: 0.821311595167497


epsilon: 1.0

n: 35.57142857142857

m: 5.0

Residual: 0.3328749382450986


epsilon: 1.0

n: 35.57142857142857

m: 5.285714285714286

Residual: 0.4668076921727616


epsilon: 1.0

n: 35.57142857142857

m: 5.571428571428571

Residual: 0.572274204860723


epsilon: 1.0

n: 35.57142857142857

m: 5.857142857142857

Residual: 0.6545704912645472


epsilon: 1.0

n: 35.57142857142857

m: 6.142857142857142

Residual: 0.7160728072783824


epsilon: 1.0

n: 35.57142857142857

m: 6.428571428571429

Residual: 0.7633056627918268


epsilon: 1.0

n: 35.57142857142857

m: 6.714285714285714

Residual: 0.8042782194490343


epsilon: 1.0

n: 35.57142857142857

m: 7.0

Residual: 0.8321995918133729


epsilon: 1.0

n: 40.285714285714285

m: 5.0

Residual: 0.35188923484484214


epsilon: 1.0

n: 40.285714285714285

m: 5.285714285714286

Residual: 0.48453964355209167


epsilon: 1.0

n: 40.285714285714285

m: 5.571428571428571

Residual: 0.588731576701409


epsilon: 1.0

n: 40.285714285714285

m: 5.857142857142857

Residual: 0.6701105071234066


epsilon: 1.0

n: 40.285714285714285

m: 6.142857142857142

Residual: 0.7290723439709165


epsilon: 1.0

n: 40.285714285714285

m: 6.428571428571429

Residual: 0.7744239618452131


epsilon: 1.0

n: 40.285714285714285

m: 6.714285714285714

Residual: 0.8144261588521342


epsilon: 1.0

n: 40.285714285714285

m: 7.0

Residual: 0.8410298729440979


epsilon: 1.0

n: 45.0

m: 5.0

Residual: 0.3670527907082113


epsilon: 1.0

n: 45.0

m: 5.285714285714286

Residual: 0.5001530300554666


epsilon: 1.0

n: 45.0

m: 5.571428571428571

Residual: 0.6014497513023648


epsilon: 1.0

n: 45.0

m: 5.857142857142857

Residual: 0.6789635369092691


epsilon: 1.0

n: 45.0

m: 6.142857142857142

Residual: 0.7394946142511839


epsilon: 1.0

n: 45.0

m: 6.428571428571429

Residual: 0.7852611029325093


epsilon: 1.0

n: 45.0

m: 6.714285714285714

Residual: 0.8174771583148731


epsilon: 1.0

n: 45.0

m: 7.0

Residual: 0.846444076859809


epsilon: 1.5

n: 12.0

m: 5.0

Residual: 0.19596312651719217


epsilon: 1.5

n: 12.0

m: 5.285714285714286

Residual: 0.07955101294399775


epsilon: 1.5

n: 12.0

m: 5.571428571428571

Residual: 0.08188240556746174


epsilon: 1.5

n: 12.0

m: 5.857142857142857

Residual: 0.19476919064880413


epsilon: 1.5

n: 12.0

m: 6.142857142857142

Residual: 0.2925855908357954


epsilon: 1.5

n: 12.0

m: 6.428571428571429

Residual: 0.3754278836565661


epsilon: 1.5

n: 12.0

m: 6.714285714285714

Residual: 0.4431375613976238


epsilon: 1.5

n: 12.0

m: 7.0

Residual: 0.5051552300909744


epsilon: 1.5

n: 16.714285714285715

m: 5.0

Residual: 0.10556640977622855


epsilon: 1.5

n: 16.714285714285715

m: 5.285714285714286

Residual: 0.09843051543901092


epsilon: 1.5

n: 16.714285714285715

m: 5.571428571428571

Residual: 0.23229217786694986


epsilon: 1.5

n: 16.714285714285715

m: 5.857142857142857

Residual: 0.3435020661119051


epsilon: 1.5

n: 16.714285714285715

m: 6.142857142857142

Residual: 0.4383430518264789


epsilon: 1.5

n: 16.714285714285715

m: 6.428571428571429

Residual: 0.5114617610217773


epsilon: 1.5

n: 16.714285714285715

m: 6.714285714285714

Residual: 0.5781270212627939


epsilon: 1.5

n: 16.714285714285715

m: 7.0

Residual: 0.6324471150101475


epsilon: 1.5

n: 21.42857142857143

m: 5.0

Residual: 0.09267533196306424


epsilon: 1.5

n: 21.42857142857143

m: 5.285714285714286

Residual: 0.17868996146986066


epsilon: 1.5

n: 21.42857142857143

m: 5.571428571428571

Residual: 0.313512396042902


epsilon: 1.5

n: 21.42857142857143

m: 5.857142857142857

Residual: 0.4185217821729052


epsilon: 1.5

n: 21.42857142857143

m: 6.142857142857142

Residual: 0.5097586127426362


epsilon: 1.5

n: 21.42857142857143

m: 6.428571428571429

Residual: 0.584495937928344


epsilon: 1.5

n: 21.42857142857143

m: 6.714285714285714

Residual: 0.6374502941557058


epsilon: 1.5

n: 21.42857142857143

m: 7.0

Residual: 0.6872802848860847


epsilon: 1.5

n: 26.142857142857142

m: 5.0

Residual: 0.10785257433353906


epsilon: 1.5

n: 26.142857142857142

m: 5.285714285714286

Residual: 0.23090684418939772


epsilon: 1.5

n: 26.142857142857142

m: 5.571428571428571

Residual: 0.3610976092711844


epsilon: 1.5

n: 26.142857142857142

m: 5.857142857142857

Residual: 0.4684417887251667


epsilon: 1.5

n: 26.142857142857142

m: 6.142857142857142

Residual: 0.5529083781219292


epsilon: 1.5

n: 26.142857142857142

m: 6.428571428571429

Residual: 0.6212311900678501


epsilon: 1.5

n: 26.142857142857142

m: 6.714285714285714

Residual: 0.6749095093569406


epsilon: 1.5

n: 26.142857142857142

m: 7.0

Residual: 0.7199675426944615


epsilon: 1.5

n: 30.857142857142858

m: 5.0

Residual: 0.129329823309245


epsilon: 1.5

n: 30.857142857142858

m: 5.285714285714286

Residual: 0.2667514876493321


epsilon: 1.5

n: 30.857142857142858

m: 5.571428571428571

Residual: 0.3951374726512614


epsilon: 1.5

n: 30.857142857142858

m: 5.857142857142857

Residual: 0.4991831731402767


epsilon: 1.5

n: 30.857142857142858

m: 6.142857142857142

Residual: 0.5809059463262551


epsilon: 1.5

n: 30.857142857142858

m: 6.428571428571429

Residual: 0.6525318199119821


epsilon: 1.5

n: 30.857142857142858

m: 6.714285714285714

Residual: 0.6987862499035986


epsilon: 1.5

n: 30.857142857142858

m: 7.0

Residual: 0.7435569528812752


epsilon: 1.5

n: 35.57142857142857

m: 5.0

Residual: 0.15007585588271835


epsilon: 1.5

n: 35.57142857142857

m: 5.285714285714286

Residual: 0.2934339738872555


epsilon: 1.5

n: 35.57142857142857

m: 5.571428571428571

Residual: 0.42087785650609144


epsilon: 1.5

n: 35.57142857142857

m: 5.857142857142857

Residual: 0.5238046555448816


epsilon: 1.5

n: 35.57142857142857

m: 6.142857142857142

Residual: 0.605359850799953


epsilon: 1.5

n: 35.57142857142857

m: 6.428571428571429

Residual: 0.6678111460724996


epsilon: 1.5

n: 35.57142857142857

m: 6.714285714285714

Residual: 0.7184949914003547


epsilon: 1.5

n: 35.57142857142857

m: 7.0

Residual: 0.7592446581643147


epsilon: 1.5

n: 40.285714285714285

m: 5.0

Residual: 0.16725859811691202


epsilon: 1.5

n: 40.285714285714285

m: 5.285714285714286

Residual: 0.31734626474286104


epsilon: 1.5

n: 40.285714285714285

m: 5.571428571428571

Residual: 0.44006553368195594


epsilon: 1.5

n: 40.285714285714285

m: 5.857142857142857

Residual: 0.5415835093100125


epsilon: 1.5

n: 40.285714285714285

m: 6.142857142857142

Residual: 0.6187404688567045


epsilon: 1.5

n: 40.285714285714285

m: 6.428571428571429

Residual: 0.6814844449725909


epsilon: 1.5

n: 40.285714285714285

m: 6.714285714285714

Residual: 0.7344586610245528


epsilon: 1.5

n: 40.285714285714285

m: 7.0

Residual: 0.7687369217746732


epsilon: 1.5

n: 45.0

m: 5.0

Residual: 0.18450592031420246


epsilon: 1.5

n: 45.0

m: 5.285714285714286

Residual: 0.3310188498100956


epsilon: 1.5

n: 45.0

m: 5.571428571428571

Residual: 0.45583828523969505


epsilon: 1.5

n: 45.0

m: 5.857142857142857

Residual: 0.5565672187268589


epsilon: 1.5

n: 45.0

m: 6.142857142857142

Residual: 0.6297468332040588


epsilon: 1.5

n: 45.0

m: 6.428571428571429

Residual: 0.6931927397049491


epsilon: 1.5

n: 45.0

m: 6.714285714285714

Residual: 0.7398143747814679


epsilon: 1.5

n: 45.0

m: 7.0

Residual: 0.7819417915461636


epsilon: 2.0

n: 12.0

m: 5.0

Residual: 0.3231715835541753


epsilon: 2.0

n: 12.0

m: 5.285714285714286

Residual: 0.1898176518037596


epsilon: 2.0

n: 12.0

m: 5.571428571428571

Residual: 0.07118032432857418


epsilon: 2.0

n: 12.0

m: 5.857142857142857

Residual: 0.05828617251698577


epsilon: 2.0

n: 12.0

m: 6.142857142857142

Residual: 0.1562931072215578


epsilon: 2.0

n: 12.0

m: 6.428571428571429

Residual: 0.24580408426578892


epsilon: 2.0

n: 12.0

m: 6.714285714285714

Residual: 0.32216176763974425


epsilon: 2.0

n: 12.0

m: 7.0

Residual: 0.389330912984258


epsilon: 2.0

n: 16.714285714285715

m: 5.0

Residual: 0.19546939010633121


epsilon: 2.0

n: 16.714285714285715

m: 5.285714285714286

Residual: 0.06879347644021949


epsilon: 2.0

n: 16.714285714285715

m: 5.571428571428571

Residual: 0.09186209716556615


epsilon: 2.0

n: 16.714285714285715

m: 5.857142857142857

Residual: 0.21009746296179194


epsilon: 2.0

n: 16.714285714285715

m: 6.142857142857142

Residual: 0.31380086984225486


epsilon: 2.0

n: 16.714285714285715

m: 6.428571428571429

Residual: 0.39978618292399054


epsilon: 2.0

n: 16.714285714285715

m: 6.714285714285714

Residual: 0.4733894763622073


epsilon: 2.0

n: 16.714285714285715

m: 7.0

Residual: 0.5341685680336281


epsilon: 2.0

n: 21.42857142857143

m: 5.0

Residual: 0.1334679316073617


epsilon: 2.0

n: 21.42857142857143

m: 5.285714285714286

Residual: 0.046819837796472606


epsilon: 2.0

n: 21.42857142857143

m: 5.571428571428571

Residual: 0.17541324249687215


epsilon: 2.0

n: 21.42857142857143

m: 5.857142857142857

Residual: 0.2939289023442466


epsilon: 2.0

n: 21.42857142857143

m: 6.142857142857142

Residual: 0.3930738081573406


epsilon: 2.0

n: 21.42857142857143

m: 6.428571428571429

Residual: 0.4773473256607843


epsilon: 2.0

n: 21.42857142857143

m: 6.714285714285714

Residual: 0.5472733854997908


epsilon: 2.0

n: 21.42857142857143

m: 7.0

Residual: 0.6037517786202395


epsilon: 2.0

n: 26.142857142857142

m: 5.0

Residual: 0.10659211973322966


epsilon: 2.0

n: 26.142857142857142

m: 5.285714285714286

Residual: 0.09116845765023984


epsilon: 2.0

n: 26.142857142857142

m: 5.571428571428571

Residual: 0.2315637491921223


epsilon: 2.0

n: 26.142857142857142

m: 5.857142857142857

Residual: 0.34753055586731774


epsilon: 2.0

n: 26.142857142857142

m: 6.142857142857142

Residual: 0.44264666975151207


epsilon: 2.0

n: 26.142857142857142

m: 6.428571428571429

Residual: 0.5239458555473079


epsilon: 2.0

n: 26.142857142857142

m: 6.714285714285714

Residual: 0.5899271643813214


epsilon: 2.0

n: 26.142857142857142

m: 7.0

Residual: 0.6417233676671241


epsilon: 2.0

n: 30.857142857142858

m: 5.0

Residual: 0.09299216008905539


epsilon: 2.0

n: 30.857142857142858

m: 5.285714285714286

Residual: 0.12951433048347105


epsilon: 2.0

n: 30.857142857142858

m: 5.571428571428571

Residual: 0.26891058608629936


epsilon: 2.0

n: 30.857142857142858

m: 5.857142857142857

Residual: 0.38259907064661386


epsilon: 2.0

n: 30.857142857142858

m: 6.142857142857142

Residual: 0.4799572132529832


epsilon: 2.0

n: 30.857142857142858

m: 6.428571428571429

Residual: 0.5557901337530539


epsilon: 2.0

n: 30.857142857142858

m: 6.714285714285714

Residual: 0.6184392179099102


epsilon: 2.0

n: 30.857142857142858

m: 7.0

Residual: 0.6707761378596854


epsilon: 2.0

n: 35.57142857142857

m: 5.0

Residual: 0.0902942337843779


epsilon: 2.0

n: 35.57142857142857

m: 5.285714285714286

Residual: 0.15928956419259002


epsilon: 2.0

n: 35.57142857142857

m: 5.571428571428571

Residual: 0.29592763347207607


epsilon: 2.0

n: 35.57142857142857

m: 5.857142857142857

Residual: 0.4105051420116106


epsilon: 2.0

n: 35.57142857142857

m: 6.142857142857142

Residual: 0.5044852361593783


epsilon: 2.0

n: 35.57142857142857

m: 6.428571428571429

Residual: 0.5781597651693879


epsilon: 2.0

n: 35.57142857142857

m: 6.714285714285714

Residual: 0.6385259660809601


epsilon: 2.0

n: 35.57142857142857

m: 7.0

Residual: 0.6940483314295075


epsilon: 2.0

n: 40.285714285714285

m: 5.0

Residual: 0.09036558000470837


epsilon: 2.0

n: 40.285714285714285

m: 5.285714285714286

Residual: 0.17991835295888606


epsilon: 2.0

n: 40.285714285714285

m: 5.571428571428571

Residual: 0.3146852405835379


epsilon: 2.0

n: 40.285714285714285

m: 5.857142857142857

Residual: 0.43248445775805


epsilon: 2.0

n: 40.285714285714285

m: 6.142857142857142

Residual: 0.5203390354345827


epsilon: 2.0

n: 40.285714285714285

m: 6.428571428571429

Residual: 0.5954031568950191


epsilon: 2.0

n: 40.285714285714285

m: 6.714285714285714

Residual: 0.6546927215197779


epsilon: 2.0

n: 40.285714285714285

m: 7.0

Residual: 0.7083228233645203


epsilon: 2.0

n: 45.0

m: 5.0

Residual: 0.09265702909824867


epsilon: 2.0

n: 45.0

m: 5.285714285714286

Residual: 0.19789554745025958


epsilon: 2.0

n: 45.0

m: 5.571428571428571

Residual: 0.33513058638176657


epsilon: 2.0

n: 45.0

m: 5.857142857142857

Residual: 0.4454426175066241


epsilon: 2.0

n: 45.0

m: 6.142857142857142

Residual: 0.5365771951288792


epsilon: 2.0

n: 45.0

m: 6.428571428571429

Residual: 0.614497612643899


epsilon: 2.0

n: 45.0

m: 6.714285714285714

Residual: 0.6658274581803042


epsilon: 2.0

n: 45.0

m: 7.0

Residual: 0.7112848529327827


epsilon: 2.5

n: 12.0

m: 5.0

Residual: 0.4204366503674753


epsilon: 2.5

n: 12.0

m: 5.285714285714286

Residual: 0.295217031525608


epsilon: 2.5

n: 12.0

m: 5.571428571428571

Residual: 0.1713196029751592


epsilon: 2.5

n: 12.0

m: 5.857142857142857

Residual: 0.08143922363232162


epsilon: 2.5

n: 12.0

m: 6.142857142857142

Residual: 0.07322475464216864


epsilon: 2.5

n: 12.0

m: 6.428571428571429

Residual: 0.13800513538758363


epsilon: 2.5

n: 12.0

m: 6.714285714285714

Residual: 0.21951073058612341


epsilon: 2.5

n: 12.0

m: 7.0

Residual: 0.29112309451699997


epsilon: 2.5

n: 16.714285714285715

m: 5.0

Residual: 0.29862704847644383


epsilon: 2.5

n: 16.714285714285715

m: 5.285714285714286

Residual: 0.15550318546585118


epsilon: 2.5

n: 16.714285714285715

m: 5.571428571428571

Residual: 0.04182179804944611


epsilon: 2.5

n: 16.714285714285715

m: 5.857142857142857

Residual: 0.10322591848527672


epsilon: 2.5

n: 16.714285714285715

m: 6.142857142857142

Residual: 0.21171592505523487


epsilon: 2.5

n: 16.714285714285715

m: 6.428571428571429

Residual: 0.30272910678935716


epsilon: 2.5

n: 16.714285714285715

m: 6.714285714285714

Residual: 0.38387838706696875


epsilon: 2.5

n: 16.714285714285715

m: 7.0

Residual: 0.4464108942456103


epsilon: 2.5

n: 21.42857142857143

m: 5.0

Residual: 0.22448278561490698


epsilon: 2.5

n: 21.42857142857143

m: 5.285714285714286

Residual: 0.08523710391256227


epsilon: 2.5

n: 21.42857142857143

m: 5.571428571428571

Residual: 0.06678365500238452


epsilon: 2.5

n: 21.42857142857143

m: 5.857142857142857

Residual: 0.19272999692905657


epsilon: 2.5

n: 21.42857142857143

m: 6.142857142857142

Residual: 0.2959108969328811


epsilon: 2.5

n: 21.42857142857143

m: 6.428571428571429

Residual: 0.3855636841825006


epsilon: 2.5

n: 21.42857142857143

m: 6.714285714285714

Residual: 0.4635240624700613


epsilon: 2.5

n: 21.42857142857143

m: 7.0

Residual: 0.5274084557831354


epsilon: 2.5

n: 26.142857142857142

m: 5.0

Residual: 0.17824961286152136


epsilon: 2.5

n: 26.142857142857142

m: 5.285714285714286

Residual: 0.052493860455234145


epsilon: 2.5

n: 26.142857142857142

m: 5.571428571428571

Residual: 0.12402701535374513


epsilon: 2.5

n: 26.142857142857142

m: 5.857142857142857

Residual: 0.24695776869634553


epsilon: 2.5

n: 26.142857142857142

m: 6.142857142857142

Residual: 0.35280109745682314


epsilon: 2.5

n: 26.142857142857142

m: 6.428571428571429

Residual: 0.43882969954449347


epsilon: 2.5

n: 26.142857142857142

m: 6.714285714285714

Residual: 0.5143172216555403


epsilon: 2.5

n: 26.142857142857142

m: 7.0

Residual: 0.5742047143644643


epsilon: 2.5

n: 30.857142857142858

m: 5.0

Residual: 0.14901988286820067


epsilon: 2.5

n: 30.857142857142858

m: 5.285714285714286

Residual: 0.04383873294442042


epsilon: 2.5

n: 30.857142857142858

m: 5.571428571428571

Residual: 0.16362179267469865


epsilon: 2.5

n: 30.857142857142858

m: 5.857142857142857

Residual: 0.28168668201610014


epsilon: 2.5

n: 30.857142857142858

m: 6.142857142857142

Residual: 0.38837102124508704


epsilon: 2.5

n: 30.857142857142858

m: 6.428571428571429

Residual: 0.47794840089390095


epsilon: 2.5

n: 30.857142857142858

m: 6.714285714285714

Residual: 0.5464282195020009


epsilon: 2.5

n: 30.857142857142858

m: 7.0

Residual: 0.6086415949426974


epsilon: 2.5

n: 35.57142857142857

m: 5.0

Residual: 0.12857738655681752


epsilon: 2.5

n: 35.57142857142857

m: 5.285714285714286

Residual: 0.0479487314149746


epsilon: 2.5

n: 35.57142857142857

m: 5.571428571428571

Residual: 0.19126286307273122


epsilon: 2.5

n: 35.57142857142857

m: 5.857142857142857

Residual: 0.3092297455124033


epsilon: 2.5

n: 35.57142857142857

m: 6.142857142857142

Residual: 0.41521697774046545


epsilon: 2.5

n: 35.57142857142857

m: 6.428571428571429

Residual: 0.4942436629850349


epsilon: 2.5

n: 35.57142857142857

m: 6.714285714285714

Residual: 0.5700325437850388


epsilon: 2.5

n: 35.57142857142857

m: 7.0

Residual: 0.626000754573643


epsilon: 2.5

n: 40.285714285714285

m: 5.0

Residual: 0.11640629053687049


epsilon: 2.5

n: 40.285714285714285

m: 5.285714285714286

Residual: 0.07153520890080999


epsilon: 2.5

n: 40.285714285714285

m: 5.571428571428571

Residual: 0.21370317511860612


epsilon: 2.5

n: 40.285714285714285

m: 5.857142857142857

Residual: 0.3341358290754805


epsilon: 2.5

n: 40.285714285714285

m: 6.142857142857142

Residual: 0.43881848430266157


epsilon: 2.5

n: 40.285714285714285

m: 6.428571428571429

Residual: 0.5206723784982441


epsilon: 2.5

n: 40.285714285714285

m: 6.714285714285714

Residual: 0.5887797583024919


epsilon: 2.5

n: 40.285714285714285

m: 7.0

Residual: 0.6484588273908476


epsilon: 2.5

n: 45.0

m: 5.0

Residual: 0.10706014842979591


epsilon: 2.5

n: 45.0

m: 5.285714285714286

Residual: 0.09112430255627908


epsilon: 2.5

n: 45.0

m: 5.571428571428571

Residual: 0.23155068717147134


epsilon: 2.5

n: 45.0

m: 5.857142857142857

Residual: 0.35157121151992715


epsilon: 2.5

n: 45.0

m: 6.142857142857142

Residual: 0.45400110347337785


epsilon: 2.5

n: 45.0

m: 6.428571428571429

Residual: 0.5363428008486887


epsilon: 2.5

n: 45.0

m: 6.714285714285714

Residual: 0.5970276581715056


epsilon: 2.5

n: 45.0

m: 7.0

Residual: 0.6642202720219949


epsilon: 3.0

n: 12.0

m: 5.0

Residual: 0.4925120855712372


epsilon: 3.0

n: 12.0

m: 5.285714285714286

Residual: 0.37599719880130955


epsilon: 3.0

n: 12.0

m: 5.571428571428571

Residual: 0.25848769124208565


epsilon: 3.0

n: 12.0

m: 5.857142857142857

Residual: 0.15504923565316595


epsilon: 3.0

n: 12.0

m: 6.142857142857142

Residual: 0.101689753378117


epsilon: 3.0

n: 12.0

m: 6.428571428571429

Residual: 0.09804317894241858


epsilon: 3.0

n: 12.0

m: 6.714285714285714

Residual: 0.130046086735281


epsilon: 3.0

n: 12.0

m: 7.0

Residual: 0.20622712481282987


epsilon: 3.0

n: 16.714285714285715

m: 5.0

Residual: 0.3793051023611767


epsilon: 3.0

n: 16.714285714285715

m: 5.285714285714286

Residual: 0.24161081898247339


epsilon: 3.0

n: 16.714285714285715

m: 5.571428571428571

Residual: 0.11049397965008637


epsilon: 3.0

n: 16.714285714285715

m: 5.857142857142857

Residual: 0.05460281277132907


epsilon: 3.0

n: 16.714285714285715

m: 6.142857142857142

Residual: 0.1238558106412818


epsilon: 3.0

n: 16.714285714285715

m: 6.428571428571429

Residual: 0.2195977234300861


epsilon: 3.0

n: 16.714285714285715

m: 6.714285714285714

Residual: 0.29860513121833276


epsilon: 3.0

n: 16.714285714285715

m: 7.0

Residual: 0.3783550279445129


epsilon: 3.0

n: 21.42857142857143

m: 5.0

Residual: 0.30996469720240316


epsilon: 3.0

n: 21.42857142857143

m: 5.285714285714286

Residual: 0.16284466998386415


epsilon: 3.0

n: 21.42857142857143

m: 5.571428571428571

Residual: 0.04215341356100596


epsilon: 3.0

n: 21.42857142857143

m: 5.857142857142857

Residual: 0.1007129491765832


epsilon: 3.0

n: 21.42857142857143

m: 6.142857142857142

Residual: 0.21357441528950824


epsilon: 3.0

n: 21.42857142857143

m: 6.428571428571429

Residual: 0.3090204402127111


epsilon: 3.0

n: 21.42857142857143

m: 6.714285714285714

Residual: 0.3870590178172436


epsilon: 3.0

n: 21.42857142857143

m: 7.0

Residual: 0.4582047973364719


epsilon: 3.0

n: 26.142857142857142

m: 5.0

Residual: 0.26201246284642926


epsilon: 3.0

n: 26.142857142857142

m: 5.285714285714286

Residual: 0.1139652472398834


epsilon: 3.0

n: 26.142857142857142

m: 5.571428571428571

Residual: 0.034362586430328836


epsilon: 3.0

n: 26.142857142857142

m: 5.857142857142857

Residual: 0.15778890522022715


epsilon: 3.0

n: 26.142857142857142

m: 6.142857142857142

Residual: 0.26617913531173915


epsilon: 3.0

n: 26.142857142857142

m: 6.428571428571429

Residual: 0.364201936551051


epsilon: 3.0

n: 26.142857142857142

m: 6.714285714285714

Residual: 0.44861465221732894


epsilon: 3.0

n: 26.142857142857142

m: 7.0

Residual: 0.5034499224511785


epsilon: 3.0

n: 30.857142857142858

m: 5.0

Residual: 0.22761189404904894


epsilon: 3.0

n: 30.857142857142858

m: 5.285714285714286

Residual: 0.08048307966645336


epsilon: 3.0

n: 30.857142857142858

m: 5.571428571428571

Residual: 0.07304628904670014


epsilon: 3.0

n: 30.857142857142858

m: 5.857142857142857

Residual: 0.19814704123033802


epsilon: 3.0

n: 30.857142857142858

m: 6.142857142857142

Residual: 0.3099866472748172


epsilon: 3.0

n: 30.857142857142858

m: 6.428571428571429

Residual: 0.4037273008297752


epsilon: 3.0

n: 30.857142857142858

m: 6.714285714285714

Residual: 0.4786597752009792


epsilon: 3.0

n: 30.857142857142858

m: 7.0

Residual: 0.54506173265667


epsilon: 3.0

n: 35.57142857142857

m: 5.0

Residual: 0.20072220577751038


epsilon: 3.0

n: 35.57142857142857

m: 5.285714285714286

Residual: 0.06309348231670009


epsilon: 3.0

n: 35.57142857142857

m: 5.571428571428571

Residual: 0.10267052462271051


epsilon: 3.0

n: 35.57142857142857

m: 5.857142857142857

Residual: 0.2263737714826968


epsilon: 3.0

n: 35.57142857142857

m: 6.142857142857142

Residual: 0.34178807946084305


epsilon: 3.0

n: 35.57142857142857

m: 6.428571428571429

Residual: 0.43098696946218945


epsilon: 3.0

n: 35.57142857142857

m: 6.714285714285714

Residual: 0.5099347291124181


epsilon: 3.0

n: 35.57142857142857

m: 7.0

Residual: 0.5658947761726651


epsilon: 3.0

n: 40.285714285714285

m: 5.0

Residual: 0.18151186312279932


epsilon: 3.0

n: 40.285714285714285

m: 5.285714285714286

Residual: 0.05207279233261976


epsilon: 3.0

n: 40.285714285714285

m: 5.571428571428571

Residual: 0.1244625438685811


epsilon: 3.0

n: 40.285714285714285

m: 5.857142857142857

Residual: 0.2536286221944475


epsilon: 3.0

n: 40.285714285714285

m: 6.142857142857142

Residual: 0.3604167848086766


epsilon: 3.0

n: 40.285714285714285

m: 6.428571428571429

Residual: 0.44958073388820935


epsilon: 3.0

n: 40.285714285714285

m: 6.714285714285714

Residual: 0.5258028978917727


epsilon: 3.0

n: 40.285714285714285

m: 7.0

Residual: 0.583178669239615


epsilon: 3.0

n: 45.0

m: 5.0

Residual: 0.16601690472625727


epsilon: 3.0

n: 45.0

m: 5.285714285714286

Residual: 0.047553415908695176


epsilon: 3.0

n: 45.0

m: 5.571428571428571

Residual: 0.14119413488474863


epsilon: 3.0

n: 45.0

m: 5.857142857142857

Residual: 0.2739263255422086


epsilon: 3.0

n: 45.0

m: 6.142857142857142

Residual: 0.37785591941274815


epsilon: 3.0

n: 45.0

m: 6.428571428571429

Residual: 0.46813239102954696


epsilon: 3.0

n: 45.0

m: 6.714285714285714

Residual: 0.540312194981258


epsilon: 3.0

n: 45.0

m: 7.0

Residual: 0.5985515525755499


epsilon: 3.5

n: 12.0

m: 5.0

Residual: 0.5488417268391781


epsilon: 3.5

n: 12.0

m: 5.285714285714286

Residual: 0.43984174441773244


epsilon: 3.5

n: 12.0

m: 5.571428571428571

Residual: 0.32897169567364115


epsilon: 3.5

n: 12.0

m: 5.857142857142857

Residual: 0.22335758626445895


epsilon: 3.5

n: 12.0

m: 6.142857142857142

Residual: 0.15391003464021188


epsilon: 3.5

n: 12.0

m: 6.428571428571429

Residual: 0.12531824294124502


epsilon: 3.5

n: 12.0

m: 6.714285714285714

Residual: 0.12354988016509288


epsilon: 3.5

n: 12.0

m: 7.0

Residual: 0.14818443782653132


epsilon: 3.5

n: 16.714285714285715

m: 5.0

Residual: 0.4429880337414656


epsilon: 3.5

n: 16.714285714285715

m: 5.285714285714286

Residual: 0.3136698138437402


epsilon: 3.5

n: 16.714285714285715

m: 5.571428571428571

Residual: 0.18564695450920363


epsilon: 3.5

n: 16.714285714285715

m: 5.857142857142857

Residual: 0.0910968523667962


epsilon: 3.5

n: 16.714285714285715

m: 6.142857142857142

Residual: 0.07605993005326916


epsilon: 3.5

n: 16.714285714285715

m: 6.428571428571429

Residual: 0.1442939728671187


epsilon: 3.5

n: 16.714285714285715

m: 6.714285714285714

Residual: 0.23061437247495378


epsilon: 3.5

n: 16.714285714285715

m: 7.0

Residual: 0.29965425130152323


epsilon: 3.5

n: 21.42857142857143

m: 5.0

Residual: 0.37683704344298646


epsilon: 3.5

n: 21.42857142857143

m: 5.285714285714286

Residual: 0.23653770543189923


epsilon: 3.5

n: 21.42857142857143

m: 5.571428571428571

Residual: 0.09629117873887984


epsilon: 3.5

n: 21.42857142857143

m: 5.857142857142857

Residual: 0.05127014637110209


epsilon: 3.5

n: 21.42857142857143

m: 6.142857142857142

Residual: 0.13669571460980526


epsilon: 3.5

n: 21.42857142857143

m: 6.428571428571429

Residual: 0.23616212671239742


epsilon: 3.5

n: 21.42857142857143

m: 6.714285714285714

Residual: 0.3220411897777342


epsilon: 3.5

n: 21.42857142857143

m: 7.0

Residual: 0.3954855382645172


epsilon: 3.5

n: 26.142857142857142

m: 5.0

Residual: 0.33220902881467307


epsilon: 3.5

n: 26.142857142857142

m: 5.285714285714286

Residual: 0.18535465955361974


epsilon: 3.5

n: 26.142857142857142

m: 5.571428571428571

Residual: 0.050797279182767635


epsilon: 3.5

n: 26.142857142857142

m: 5.857142857142857

Residual: 0.08259957161511056


epsilon: 3.5

n: 26.142857142857142

m: 6.142857142857142

Residual: 0.19810713771600444


epsilon: 3.5

n: 26.142857142857142

m: 6.428571428571429

Residual: 0.2943466729171475


epsilon: 3.5

n: 26.142857142857142

m: 6.714285714285714

Residual: 0.37736266209195213


epsilon: 3.5

n: 26.142857142857142

m: 7.0

Residual: 0.4489895272984308


epsilon: 3.5

n: 30.857142857142858

m: 5.0

Residual: 0.29896545718750794


epsilon: 3.5

n: 30.857142857142858

m: 5.285714285714286

Residual: 0.1463079043270514


epsilon: 3.5

n: 30.857142857142858

m: 5.571428571428571

Residual: 0.03124286871124505


epsilon: 3.5

n: 30.857142857142858

m: 5.857142857142857

Residual: 0.12136431060956011


epsilon: 3.5

n: 30.857142857142858

m: 6.142857142857142

Residual: 0.239623310351324


epsilon: 3.5

n: 30.857142857142858

m: 6.428571428571429

Residual: 0.3338754689778


epsilon: 3.5

n: 30.857142857142858

m: 6.714285714285714

Residual: 0.4149101358081492


epsilon: 3.5

n: 30.857142857142858

m: 7.0

Residual: 0.4840739061882676


epsilon: 3.5

n: 35.57142857142857

m: 5.0

Residual: 0.2736900595511143


epsilon: 3.5

n: 35.57142857142857

m: 5.285714285714286

Residual: 0.11977043631318747


epsilon: 3.5

n: 35.57142857142857

m: 5.571428571428571

Residual: 0.030716860065892297


epsilon: 3.5

n: 35.57142857142857

m: 5.857142857142857

Residual: 0.15600206775701808


epsilon: 3.5

n: 35.57142857142857

m: 6.142857142857142

Residual: 0.26512455106792043


epsilon: 3.5

n: 35.57142857142857

m: 6.428571428571429

Residual: 0.3649674301259149


epsilon: 3.5

n: 35.57142857142857

m: 6.714285714285714

Residual: 0.4446922706278644


epsilon: 3.5

n: 35.57142857142857

m: 7.0

Residual: 0.5093246493365532


epsilon: 3.5

n: 40.285714285714285

m: 5.0

Residual: 0.254569622589836


epsilon: 3.5

n: 40.285714285714285

m: 5.285714285714286

Residual: 0.10213075831448658


epsilon: 3.5

n: 40.285714285714285

m: 5.571428571428571

Residual: 0.047177964758666535


epsilon: 3.5

n: 40.285714285714285

m: 5.857142857142857

Residual: 0.18066607646747215


epsilon: 3.5

n: 40.285714285714285

m: 6.142857142857142

Residual: 0.2887683220446069


epsilon: 3.5

n: 40.285714285714285

m: 6.428571428571429

Residual: 0.3851803325177021


epsilon: 3.5

n: 40.285714285714285

m: 6.714285714285714

Residual: 0.4676727109586712


epsilon: 3.5

n: 40.285714285714285

m: 7.0

Residual: 0.5346071584057708


epsilon: 3.5

n: 45.0

m: 5.0

Residual: 0.23648234567420054


epsilon: 3.5

n: 45.0

m: 5.285714285714286

Residual: 0.08775367857297955


epsilon: 3.5

n: 45.0

m: 5.571428571428571

Residual: 0.0694225748189633


epsilon: 3.5

n: 45.0

m: 5.857142857142857

Residual: 0.20006149481884697


epsilon: 3.5

n: 45.0

m: 6.142857142857142

Residual: 0.3088335896306238


epsilon: 3.5

n: 45.0

m: 6.428571428571429

Residual: 0.4054608507466715


epsilon: 3.5

n: 45.0

m: 6.714285714285714

Residual: 0.48622956819624485


epsilon: 3.5

n: 45.0

m: 7.0

Residual: 0.5524504618336996


epsilon: 4.0

n: 12.0

m: 5.0

Residual: 0.593897706462755


epsilon: 4.0

n: 12.0

m: 5.285714285714286

Residual: 0.4914334434327313


epsilon: 4.0

n: 12.0

m: 5.571428571428571

Residual: 0.3874598427398915


epsilon: 4.0

n: 12.0

m: 5.857142857142857

Residual: 0.28537843234196847


epsilon: 4.0

n: 12.0

m: 6.142857142857142

Residual: 0.20537839733565996


epsilon: 4.0

n: 12.0

m: 6.428571428571429

Residual: 0.1618018226616681


epsilon: 4.0

n: 12.0

m: 6.714285714285714

Residual: 0.14480483411855116


epsilon: 4.0

n: 12.0

m: 7.0

Residual: 0.14734413217889578


epsilon: 4.0

n: 16.714285714285715

m: 5.0

Residual: 0.4955777556386668


epsilon: 4.0

n: 16.714285714285715

m: 5.285714285714286

Residual: 0.37206914641963046


epsilon: 4.0

n: 16.714285714285715

m: 5.571428571428571

Residual: 0.24859783713513345


epsilon: 4.0

n: 16.714285714285715

m: 5.857142857142857

Residual: 0.14270005545033956


epsilon: 4.0

n: 16.714285714285715

m: 6.142857142857142

Residual: 0.09979525260431153


epsilon: 4.0

n: 16.714285714285715

m: 6.428571428571429

Residual: 0.10937702495448057


epsilon: 4.0

n: 16.714285714285715

m: 6.714285714285714

Residual: 0.16183840409717518


epsilon: 4.0

n: 16.714285714285715

m: 7.0

Residual: 0.24164406948088055


epsilon: 4.0

n: 21.42857142857143

m: 5.0

Residual: 0.433631575065257


epsilon: 4.0

n: 21.42857142857143

m: 5.285714285714286

Residual: 0.30039814152884875


epsilon: 4.0

n: 21.42857142857143

m: 5.571428571428571

Residual: 0.16518032769516672


epsilon: 4.0

n: 21.42857142857143

m: 5.857142857142857

Residual: 0.07916857587712736


epsilon: 4.0

n: 21.42857142857143

m: 6.142857142857142

Residual: 0.08197621641699904


epsilon: 4.0

n: 21.42857142857143

m: 6.428571428571429

Residual: 0.17134116090494195


epsilon: 4.0

n: 21.42857142857143

m: 6.714285714285714

Residual: 0.2624306442761469


epsilon: 4.0

n: 21.42857142857143

m: 7.0

Residual: 0.33388126072535307


epsilon: 4.0

n: 26.142857142857142

m: 5.0

Residual: 0.3897764899796734


epsilon: 4.0

n: 26.142857142857142

m: 5.285714285714286

Residual: 0.24867298295854248


epsilon: 4.0

n: 26.142857142857142

m: 5.571428571428571

Residual: 0.10919939964652686


epsilon: 4.0

n: 26.142857142857142

m: 5.857142857142857

Residual: 0.05242837345599943


epsilon: 4.0

n: 26.142857142857142

m: 6.142857142857142

Residual: 0.13461690811694893


epsilon: 4.0

n: 26.142857142857142

m: 6.428571428571429

Residual: 0.23031472107441855


epsilon: 4.0

n: 26.142857142857142

m: 6.714285714285714

Residual: 0.3251641204565623


epsilon: 4.0

n: 26.142857142857142

m: 7.0

Residual: 0.397130604344043


epsilon: 4.0

n: 30.857142857142858

m: 5.0

Residual: 0.35915665726381274


epsilon: 4.0

n: 30.857142857142858

m: 5.285714285714286

Residual: 0.2146868889255603


epsilon: 4.0

n: 30.857142857142858

m: 5.571428571428571

Residual: 0.07574052026858191


epsilon: 4.0

n: 30.857142857142858

m: 5.857142857142857

Residual: 0.06085864011294402


epsilon: 4.0

n: 30.857142857142858

m: 6.142857142857142

Residual: 0.17561373511801123


epsilon: 4.0

n: 30.857142857142858

m: 6.428571428571429

Residual: 0.27752744753099395


epsilon: 4.0

n: 30.857142857142858

m: 6.714285714285714

Residual: 0.3595828057855988


epsilon: 4.0

n: 30.857142857142858

m: 7.0

Residual: 0.4353972719012336


epsilon: 4.0

n: 35.57142857142857

m: 5.0

Residual: 0.3351805924365053


epsilon: 4.0

n: 35.57142857142857

m: 5.285714285714286

Residual: 0.18457574960847395


epsilon: 4.0

n: 35.57142857142857

m: 5.571428571428571

Residual: 0.04880402119624497


epsilon: 4.0

n: 35.57142857142857

m: 5.857142857142857

Residual: 0.08801290376703051


epsilon: 4.0

n: 35.57142857142857

m: 6.142857142857142

Residual: 0.20914326663131802


epsilon: 4.0

n: 35.57142857142857

m: 6.428571428571429

Residual: 0.30737372395111373


epsilon: 4.0

n: 35.57142857142857

m: 6.714285714285714

Residual: 0.3955429325882297


epsilon: 4.0

n: 35.57142857142857

m: 7.0

Residual: 0.46518186723091015


epsilon: 4.0

n: 40.285714285714285

m: 5.0

Residual: 0.3143993998487589


epsilon: 4.0

n: 40.285714285714285

m: 5.285714285714286

Residual: 0.16288101060612384


epsilon: 4.0

n: 40.285714285714285

m: 5.571428571428571

Residual: 0.03647582925102679


epsilon: 4.0

n: 40.285714285714285

m: 5.857142857142857

Residual: 0.11433273090736833


epsilon: 4.0

n: 40.285714285714285

m: 6.142857142857142

Residual: 0.23112239487254055


epsilon: 4.0

n: 40.285714285714285

m: 6.428571428571429

Residual: 0.33089066255339167


epsilon: 4.0

n: 40.285714285714285

m: 6.714285714285714

Residual: 0.41565487327962297


epsilon: 4.0

n: 40.285714285714285

m: 7.0

Residual: 0.4869337331434793


epsilon: 4.0

n: 45.0

m: 5.0

Residual: 0.29848796437695985


epsilon: 4.0

n: 45.0

m: 5.285714285714286

Residual: 0.14413497604255984


epsilon: 4.0

n: 45.0

m: 5.571428571428571

Residual: 0.02923823137853686


epsilon: 4.0

n: 45.0

m: 5.857142857142857

Residual: 0.13297921378664623


epsilon: 4.0

n: 45.0

m: 6.142857142857142

Residual: 0.24652887932350798


epsilon: 4.0

n: 45.0

m: 6.428571428571429

Residual: 0.34658446583861746


epsilon: 4.0

n: 45.0

m: 6.714285714285714

Residual: 0.43358149313183936


epsilon: 4.0

n: 45.0

m: 7.0

Residual: 0.5046661079048466


