epsilon: 0.5

m: 5.0

n: 12.0

Residual: 0.2877911445554641


epsilon: 0.5

m: 5.0

n: 12.0

Residual: 0.2868260437966368


epsilon: 0.5

m: 5.0

n: 16.714285714285715

Residual: 0.408010688540129


epsilon: 0.5

m: 5.0

n: 21.42857142857143

Residual: 0.4718088122882873


epsilon: 0.5

m: 5.0

n: 26.142857142857142

Residual: 0.5111321119058203


epsilon: 0.5

m: 5.0

n: 30.857142857142858

Residual: 0.5416084196486407


epsilon: 0.5

m: 5.0

n: 35.57142857142857

Residual: 0.5595327359774329


epsilon: 0.5

m: 5.0

n: 40.285714285714285

Residual: 0.5746451173104337


epsilon: 0.5

m: 5.0

n: 45.0

Residual: 0.5844385415815696


epsilon: 0.5

m: 5.285714285714286

n: 12.0

Residual: 0.41572489182713407


epsilon: 0.5

m: 5.285714285714286

n: 16.714285714285715

Residual: 0.5300468124992599


epsilon: 0.5

m: 5.285714285714286

n: 21.42857142857143

Residual: 0.5869164319360811


epsilon: 0.5

m: 5.285714285714286

n: 26.142857142857142

Residual: 0.6213611236611691


epsilon: 0.5

m: 5.285714285714286

n: 30.857142857142858

Residual: 0.643607811207037


epsilon: 0.5

m: 5.285714285714286

n: 35.57142857142857

Residual: 0.6626737800068748


epsilon: 0.5

m: 5.285714285714286

n: 40.285714285714285

Residual: 0.6731834807316583


epsilon: 0.5

m: 5.285714285714286

n: 45.0

Residual: 0.6904926090436574


epsilon: 0.5

m: 5.571428571428571

n: 12.0

Residual: 0.5182886346918366


epsilon: 0.5

m: 5.571428571428571

n: 16.714285714285715

Residual: 0.622650994949834


epsilon: 0.5

m: 5.571428571428571

n: 21.42857142857143

Residual: 0.6728106957683142


epsilon: 0.5

m: 5.571428571428571

n: 26.142857142857142

Residual: 0.7016063097895168


epsilon: 0.5

m: 5.571428571428571

n: 30.857142857142858

Residual: 0.723463886113199


epsilon: 0.5

m: 5.571428571428571

n: 35.57142857142857

Residual: 0.741287971408169


epsilon: 0.5

m: 5.571428571428571

n: 40.285714285714285

Residual: 0.750540066451472


epsilon: 0.5

m: 5.571428571428571

n: 45.0

Residual: 0.7630434360348785


epsilon: 0.5

m: 5.857142857142857

n: 12.0

Residual: 0.6006464117587517


epsilon: 0.5

m: 5.857142857142857

n: 16.714285714285715

Residual: 0.6922553581409516


epsilon: 0.5

m: 5.857142857142857

n: 21.42857142857143

Residual: 0.7369733410521401


epsilon: 0.5

m: 5.857142857142857

n: 26.142857142857142

Residual: 0.7634652596515641


epsilon: 0.5

m: 5.857142857142857

n: 30.857142857142858

Residual: 0.7803294341934731


epsilon: 0.5

m: 5.857142857142857

n: 35.57142857142857

Residual: 0.7923645662894763


epsilon: 0.5

m: 5.857142857142857

n: 40.285714285714285

Residual: 0.7997687150456941


epsilon: 0.5

m: 5.857142857142857

n: 45.0

Residual: 0.8079681638982893


epsilon: 0.5

m: 6.142857142857142

n: 12.0

Residual: 0.6634736318404232


epsilon: 0.5

m: 6.142857142857142

n: 16.714285714285715

Residual: 0.7475832213823542


epsilon: 0.5

m: 6.142857142857142

n: 21.42857142857143

Residual: 0.7840488052289345


epsilon: 0.5

m: 6.142857142857142

n: 26.142857142857142

Residual: 0.8071772052919219


epsilon: 0.5

m: 6.142857142857142

n: 30.857142857142858

Residual: 0.8251588371961119


epsilon: 0.5

m: 6.142857142857142

n: 35.57142857142857

Residual: 0.8324080526550083


epsilon: 0.5

m: 6.142857142857142

n: 40.285714285714285

Residual: 0.8401676333517072


epsilon: 0.5

m: 6.142857142857142

n: 45.0

Residual: 0.848750092144453


epsilon: 0.5

m: 6.428571428571429

n: 12.0

Residual: 0.7105145147161037


epsilon: 0.5

m: 6.428571428571429

n: 16.714285714285715

Residual: 0.7855081915091336


epsilon: 0.5

m: 6.428571428571429

n: 21.42857142857143

Residual: 0.8208605122015357


epsilon: 0.5

m: 6.428571428571429

n: 26.142857142857142

Residual: 0.8405057670073488


epsilon: 0.5

m: 6.428571428571429

n: 30.857142857142858

Residual: 0.8529840728955198


epsilon: 0.5

m: 6.428571428571429

n: 35.57142857142857

Residual: 0.8635129859465314


epsilon: 0.5

m: 6.428571428571429

n: 40.285714285714285

Residual: 0.8678671674308508


epsilon: 0.5

m: 6.428571428571429

n: 45.0

Residual: 0.877688871107225


epsilon: 0.5

m: 6.714285714285714

n: 12.0

Residual: 0.7496210915326803


epsilon: 0.5

m: 6.714285714285714

n: 16.714285714285715

Residual: 0.8159809078487673


epsilon: 0.5

m: 6.714285714285714

n: 21.42857142857143

Residual: 0.849096634211945


epsilon: 0.5

m: 6.714285714285714

n: 26.142857142857142

Residual: 0.8659988886001712


epsilon: 0.5

m: 6.714285714285714

n: 30.857142857142858

Residual: 0.8796693893148889


epsilon: 0.5

m: 6.714285714285714

n: 35.57142857142857

Residual: 0.8838633466803768


epsilon: 0.5

m: 6.714285714285714

n: 40.285714285714285

Residual: 0.888338360474513


epsilon: 0.5

m: 6.714285714285714

n: 45.0

Residual: 0.8952913460962674


epsilon: 0.5

m: 7.0

n: 12.0

Residual: 0.7817028009979504


epsilon: 0.5

m: 7.0

n: 16.714285714285715

Residual: 0.8431624447905902


epsilon: 0.5

m: 7.0

n: 21.42857142857143

Residual: 0.8702027792114848


epsilon: 0.5

m: 7.0

n: 26.142857142857142

Residual: 0.8841838014760032


epsilon: 0.5

m: 7.0

n: 30.857142857142858

Residual: 0.8962604803475546


epsilon: 0.5

m: 7.0

n: 35.57142857142857

Residual: 0.9046408432309097


epsilon: 0.5

m: 7.0

n: 40.285714285714285

Residual: 0.9081723138222424


epsilon: 0.5

m: 7.0

n: 45.0

Residual: 0.9085447831762101


epsilon: 1.0

m: 5.0

n: 12.0

Residual: 0.07481824369352297


epsilon: 1.0

m: 5.0

n: 16.714285714285715

Residual: 0.09016574751887073


epsilon: 1.0

m: 5.0

n: 21.42857142857143

Residual: 0.16536192631509375


epsilon: 1.0

m: 5.0

n: 26.142857142857142

Residual: 0.21572438262912247


epsilon: 1.0

m: 5.0

n: 30.857142857142858

Residual: 0.25247794093946757


epsilon: 1.0

m: 5.0

n: 35.57142857142857

Residual: 0.2766098267449835


epsilon: 1.0

m: 5.0

n: 40.285714285714285

Residual: 0.30365675002937587


epsilon: 1.0

m: 5.0

n: 45.0

Residual: 0.3176877197223289


epsilon: 1.0

m: 5.285714285714286

n: 12.0

Residual: 0.09613780882462165


epsilon: 1.0

m: 5.285714285714286

n: 16.714285714285715

Residual: 0.23714738867358526


epsilon: 1.0

m: 5.285714285714286

n: 21.42857142857143

Residual: 0.3156910927531131


epsilon: 1.0

m: 5.285714285714286

n: 26.142857142857142

Residual: 0.3631651422021375


epsilon: 1.0

m: 5.285714285714286

n: 30.857142857142858

Residual: 0.3971235090279636


epsilon: 1.0

m: 5.285714285714286

n: 35.57142857142857

Residual: 0.42356217307251526


epsilon: 1.0

m: 5.285714285714286

n: 40.285714285714285

Residual: 0.44411448925137537


epsilon: 1.0

m: 5.285714285714286

n: 45.0

Residual: 0.4555573663567756


epsilon: 1.0

m: 5.571428571428571

n: 12.0

Residual: 0.22465716629669805


epsilon: 1.0

m: 5.571428571428571

n: 16.714285714285715

Residual: 0.3633121764912043


epsilon: 1.0

m: 5.571428571428571

n: 21.42857142857143

Residual: 0.43799930111251756


epsilon: 1.0

m: 5.571428571428571

n: 26.142857142857142

Residual: 0.4807541375686867


epsilon: 1.0

m: 5.571428571428571

n: 30.857142857142858

Residual: 0.5159501610134696


epsilon: 1.0

m: 5.571428571428571

n: 35.57142857142857

Residual: 0.5331523109933252


epsilon: 1.0

m: 5.571428571428571

n: 40.285714285714285

Residual: 0.5509446429843671


epsilon: 1.0

m: 5.571428571428571

n: 45.0

Residual: 0.5733100224151653


epsilon: 1.0

m: 5.857142857142857

n: 12.0

Residual: 0.33198928843881825


epsilon: 1.0

m: 5.857142857142857

n: 16.714285714285715

Residual: 0.4657149880675791


epsilon: 1.0

m: 5.857142857142857

n: 21.42857142857143

Residual: 0.5349356269747587


epsilon: 1.0

m: 5.857142857142857

n: 26.142857142857142

Residual: 0.5735327359341857


epsilon: 1.0

m: 5.857142857142857

n: 30.857142857142858

Residual: 0.6034422120035733


epsilon: 1.0

m: 5.857142857142857

n: 35.57142857142857

Residual: 0.6204140720927267


epsilon: 1.0

m: 5.857142857142857

n: 40.285714285714285

Residual: 0.636445801408965


epsilon: 1.0

m: 5.857142857142857

n: 45.0

Residual: 0.6502148351469326


epsilon: 1.0

m: 6.142857142857142

n: 12.0

Residual: 0.4205854877790199


epsilon: 1.0

m: 6.142857142857142

n: 16.714285714285715

Residual: 0.5488864991550184


epsilon: 1.0

m: 6.142857142857142

n: 21.42857142857143

Residual: 0.6114418819915257


epsilon: 1.0

m: 6.142857142857142

n: 26.142857142857142

Residual: 0.6448944601885771


epsilon: 1.0

m: 6.142857142857142

n: 30.857142857142858

Residual: 0.6725955067407325


epsilon: 1.0

m: 6.142857142857142

n: 35.57142857142857

Residual: 0.6917318379564656


epsilon: 1.0

m: 6.142857142857142

n: 40.285714285714285

Residual: 0.7021566915527918


epsilon: 1.0

m: 6.142857142857142

n: 45.0

Residual: 0.7235331030225391


epsilon: 1.0

m: 6.428571428571429

n: 12.0

Residual: 0.49582979819853973


epsilon: 1.0

m: 6.428571428571429

n: 16.714285714285715

Residual: 0.613023860034084


epsilon: 1.0

m: 6.428571428571429

n: 21.42857142857143

Residual: 0.6684448651337661


epsilon: 1.0

m: 6.428571428571429

n: 26.142857142857142

Residual: 0.7006474486444448


epsilon: 1.0

m: 6.428571428571429

n: 30.857142857142858

Residual: 0.7233917440338491


epsilon: 1.0

m: 6.428571428571429

n: 35.57142857142857

Residual: 0.7400879632280085


epsilon: 1.0

m: 6.428571428571429

n: 40.285714285714285

Residual: 0.750674573669573


epsilon: 1.0

m: 6.428571428571429

n: 45.0

Residual: 0.7625473935953349


epsilon: 1.0

m: 6.714285714285714

n: 12.0

Residual: 0.5542317627273272


epsilon: 1.0

m: 6.714285714285714

n: 16.714285714285715

Residual: 0.6670981254927364


epsilon: 1.0

m: 6.714285714285714

n: 21.42857142857143

Residual: 0.7203381520433326


epsilon: 1.0

m: 6.714285714285714

n: 26.142857142857142

Residual: 0.7568814766145252


epsilon: 1.0

m: 6.714285714285714

n: 30.857142857142858

Residual: 0.7689224168890744


epsilon: 1.0

m: 6.714285714285714

n: 35.57142857142857

Residual: 0.7898147691228861


epsilon: 1.0

m: 6.714285714285714

n: 40.285714285714285

Residual: 0.8005504156043848


epsilon: 1.0

m: 6.714285714285714

n: 45.0

Residual: 0.8044290780754191


epsilon: 1.0

m: 7.0

n: 12.0

Residual: 0.6039787721933034


epsilon: 1.0

m: 7.0

n: 16.714285714285715

Residual: 0.7104118027732398


epsilon: 1.0

m: 7.0

n: 21.42857142857143

Residual: 0.7582458557411637


epsilon: 1.0

m: 7.0

n: 26.142857142857142

Residual: 0.7807700255749879


epsilon: 1.0

m: 7.0

n: 30.857142857142858

Residual: 0.8008260953145465


epsilon: 1.0

m: 7.0

n: 35.57142857142857

Residual: 0.8194292808657886


epsilon: 1.0

m: 7.0

n: 40.285714285714285

Residual: 0.8206334713796697


epsilon: 1.0

m: 7.0

n: 45.0

Residual: 0.8523234881297508


epsilon: 1.5

m: 5.0

n: 12.0

Residual: 0.24944705958843277


epsilon: 1.5

m: 5.0

n: 16.714285714285715

Residual: 0.11607944381998604


epsilon: 1.5

m: 5.0

n: 21.42857142857143

Residual: 0.056748294027356226


epsilon: 1.5

m: 5.0

n: 26.142857142857142

Residual: 0.03960781157737432


epsilon: 1.5

m: 5.0

n: 30.857142857142858

Residual: 0.05826712775374291


epsilon: 1.5

m: 5.0

n: 35.57142857142857

Residual: 0.08292691926541822


epsilon: 1.5

m: 5.0

n: 40.285714285714285

Residual: 0.10350464416663177


epsilon: 1.5

m: 5.0

n: 45.0

Residual: 0.12084265652015745


epsilon: 1.5

m: 5.285714285714286

n: 12.0

Residual: 0.10557047297889437


epsilon: 1.5

m: 5.285714285714286

n: 16.714285714285715

Residual: 0.0423198856088045


epsilon: 1.5

m: 5.285714285714286

n: 21.42857142857143

Residual: 0.12344498469337802


epsilon: 1.5

m: 5.285714285714286

n: 26.142857142857142

Residual: 0.17538143792094046


epsilon: 1.5

m: 5.285714285714286

n: 30.857142857142858

Residual: 0.21259013959424272


epsilon: 1.5

m: 5.285714285714286

n: 35.57142857142857

Residual: 0.239374271988401


epsilon: 1.5

m: 5.285714285714286

n: 40.285714285714285

Residual: 0.267318182586913


epsilon: 1.5

m: 5.285714285714286

n: 45.0

Residual: 0.2870348081537131


epsilon: 1.5

m: 5.571428571428571

n: 12.0

Residual: 0.05515619527990681


epsilon: 1.5

m: 5.571428571428571

n: 16.714285714285715

Residual: 0.17898679774338483


epsilon: 1.5

m: 5.571428571428571

n: 21.42857142857143

Residual: 0.261436854956368


epsilon: 1.5

m: 5.571428571428571

n: 26.142857142857142

Residual: 0.3123906214723854


epsilon: 1.5

m: 5.571428571428571

n: 30.857142857142858

Residual: 0.3496324239568894


epsilon: 1.5

m: 5.571428571428571

n: 35.57142857142857

Residual: 0.381204558444954


epsilon: 1.5

m: 5.571428571428571

n: 40.285714285714285

Residual: 0.39815672358404963


epsilon: 1.5

m: 5.571428571428571

n: 45.0

Residual: 0.4134502007605496


epsilon: 1.5

m: 5.857142857142857

n: 12.0

Residual: 0.14280672623908414


epsilon: 1.5

m: 5.857142857142857

n: 16.714285714285715

Residual: 0.29153274279976205


epsilon: 1.5

m: 5.857142857142857

n: 21.42857142857143

Residual: 0.37562098113281855


epsilon: 1.5

m: 5.857142857142857

n: 26.142857142857142

Residual: 0.42291033644407994


epsilon: 1.5

m: 5.857142857142857

n: 30.857142857142858

Residual: 0.45390982886893033


epsilon: 1.5

m: 5.857142857142857

n: 35.57142857142857

Residual: 0.48931475804890084


epsilon: 1.5

m: 5.857142857142857

n: 40.285714285714285

Residual: 0.5061615238497007


epsilon: 1.5

m: 5.857142857142857

n: 45.0

Residual: 0.5173473918615219


epsilon: 1.5

m: 6.142857142857142

n: 12.0

Residual: 0.24426679916358895


epsilon: 1.5

m: 6.142857142857142

n: 16.714285714285715

Residual: 0.3974068394274751


epsilon: 1.5

m: 6.142857142857142

n: 21.42857142857143

Residual: 0.47191255308549773


epsilon: 1.5

m: 6.142857142857142

n: 26.142857142857142

Residual: 0.5152437557610234


epsilon: 1.5

m: 6.142857142857142

n: 30.857142857142858

Residual: 0.5547252215613584


epsilon: 1.5

m: 6.142857142857142

n: 35.57142857142857

Residual: 0.5876980969863598


epsilon: 1.5

m: 6.142857142857142

n: 40.285714285714285

Residual: 0.5857856741090082


epsilon: 1.5

m: 6.142857142857142

n: 45.0

Residual: 0.6166125663841148


epsilon: 1.5

m: 6.428571428571429

n: 12.0

Residual: 0.32830770154927563


epsilon: 1.5

m: 6.428571428571429

n: 16.714285714285715

Residual: 0.4690319954454586


epsilon: 1.5

m: 6.428571428571429

n: 21.42857142857143

Residual: 0.5435663147581691


epsilon: 1.5

m: 6.428571428571429

n: 26.142857142857142

Residual: 0.5868125485410476


epsilon: 1.5

m: 6.428571428571429

n: 30.857142857142858

Residual: 0.6122419562586154


epsilon: 1.5

m: 6.428571428571429

n: 35.57142857142857

Residual: 0.6304673941776128


epsilon: 1.5

m: 6.428571428571429

n: 40.285714285714285

Residual: 0.6514150779503824


epsilon: 1.5

m: 6.428571428571429

n: 45.0

Residual: 0.6630023085344955


epsilon: 1.5

m: 6.714285714285714

n: 12.0

Residual: 0.39938679785844344


epsilon: 1.5

m: 6.714285714285714

n: 16.714285714285715

Residual: 0.5378837113243397


epsilon: 1.5

m: 6.714285714285714

n: 21.42857142857143

Residual: 0.6079156743581354


epsilon: 1.5

m: 6.714285714285714

n: 26.142857142857142

Residual: 0.6435389519866818


epsilon: 1.5

m: 6.714285714285714

n: 30.857142857142858

Residual: 0.6723791951789573


epsilon: 1.5

m: 6.714285714285714

n: 35.57142857142857

Residual: 0.6941489892465035


epsilon: 1.5

m: 6.714285714285714

n: 40.285714285714285

Residual: 0.7188363002172562


epsilon: 1.5

m: 6.714285714285714

n: 45.0

Residual: 0.7210120672129661


epsilon: 1.5

m: 7.0

n: 12.0

Residual: 0.459320587682487


epsilon: 1.5

m: 7.0

n: 16.714285714285715

Residual: 0.5896254161192016


epsilon: 1.5

m: 7.0

n: 21.42857142857143

Residual: 0.653397951774456


epsilon: 1.5

m: 7.0

n: 26.142857142857142

Residual: 0.6883043362156069


epsilon: 1.5

m: 7.0

n: 30.857142857142858

Residual: 0.7196711133490149


epsilon: 1.5

m: 7.0

n: 35.57142857142857

Residual: 0.7305105611383865


epsilon: 1.5

m: 7.0

n: 40.285714285714285

Residual: 0.7621424727459545


epsilon: 1.5

m: 7.0

n: 45.0

Residual: 0.7648097190455374


epsilon: 2.0

m: 5.0

n: 12.0

Residual: 0.3793629518242084


epsilon: 2.0

m: 5.0

n: 16.714285714285715

Residual: 0.25259919553259735


epsilon: 2.0

m: 5.0

n: 21.42857142857143

Residual: 0.17643029207775565


epsilon: 2.0

m: 5.0

n: 26.142857142857142

Residual: 0.12465233178604877


epsilon: 2.0

m: 5.0

n: 30.857142857142858

Residual: 0.09385636419776298


epsilon: 2.0

m: 5.0

n: 35.57142857142857

Residual: 0.07374683938219426


epsilon: 2.0

m: 5.0

n: 40.285714285714285

Residual: 0.05635454312974215


epsilon: 2.0

m: 5.0

n: 45.0

Residual: 0.051212525380351794


epsilon: 2.0

m: 5.285714285714286

n: 12.0

Residual: 0.24574974936343577


epsilon: 2.0

m: 5.285714285714286

n: 16.714285714285715

Residual: 0.10148954232092902


epsilon: 2.0

m: 5.285714285714286

n: 21.42857142857143

Residual: 0.03364514318968892


epsilon: 2.0

m: 5.285714285714286

n: 26.142857142857142

Residual: 0.03412407159410465


epsilon: 2.0

m: 5.285714285714286

n: 30.857142857142858

Residual: 0.07169376158019743


epsilon: 2.0

m: 5.285714285714286

n: 35.57142857142857

Residual: 0.09918146803419663


epsilon: 2.0

m: 5.285714285714286

n: 40.285714285714285

Residual: 0.12922586871954836


epsilon: 2.0

m: 5.285714285714286

n: 45.0

Residual: 0.14169769919873712


epsilon: 2.0

m: 5.571428571428571

n: 12.0

Residual: 0.1282767281817194


epsilon: 2.0

m: 5.571428571428571

n: 16.714285714285715

Residual: 0.060669177125740215


epsilon: 2.0

m: 5.571428571428571

n: 21.42857142857143

Residual: 0.12085452842958956


epsilon: 2.0

m: 5.571428571428571

n: 26.142857142857142

Residual: 0.17471826958271722


epsilon: 2.0

m: 5.571428571428571

n: 30.857142857142858

Residual: 0.21210569745175914


epsilon: 2.0

m: 5.571428571428571

n: 35.57142857142857

Residual: 0.2510348870009624


epsilon: 2.0

m: 5.571428571428571

n: 40.285714285714285

Residual: 0.2635744291805681


epsilon: 2.0

m: 5.571428571428571

n: 45.0

Residual: 0.2856650585884714


epsilon: 2.0

m: 5.857142857142857

n: 12.0

Residual: 0.0976497541609546


epsilon: 2.0

m: 5.857142857142857

n: 16.714285714285715

Residual: 0.1568437241225352


epsilon: 2.0

m: 5.857142857142857

n: 21.42857142857143

Residual: 0.24243302882996393


epsilon: 2.0

m: 5.857142857142857

n: 26.142857142857142

Residual: 0.2942766266523366


epsilon: 2.0

m: 5.857142857142857

n: 30.857142857142858

Residual: 0.3379095432069205


epsilon: 2.0

m: 5.857142857142857

n: 35.57142857142857

Residual: 0.35941637550912675


epsilon: 2.0

m: 5.857142857142857

n: 40.285714285714285

Residual: 0.38436726427923323


epsilon: 2.0

m: 5.857142857142857

n: 45.0

Residual: 0.40344865288399334


epsilon: 2.0

m: 6.142857142857142

n: 12.0

Residual: 0.11909616239423171


epsilon: 2.0

m: 6.142857142857142

n: 16.714285714285715

Residual: 0.26258342641684274


epsilon: 2.0

m: 6.142857142857142

n: 21.42857142857143

Residual: 0.3473982615863237


epsilon: 2.0

m: 6.142857142857142

n: 26.142857142857142

Residual: 0.3971938490151315


epsilon: 2.0

m: 6.142857142857142

n: 30.857142857142858

Residual: 0.4321450431931816


epsilon: 2.0

m: 6.142857142857142

n: 35.57142857142857

Residual: 0.4613931595687467


epsilon: 2.0

m: 6.142857142857142

n: 40.285714285714285

Residual: 0.47896199991351673


epsilon: 2.0

m: 6.142857142857142

n: 45.0

Residual: 0.5057782066751048


epsilon: 2.0

m: 6.428571428571429

n: 12.0

Residual: 0.19500915580209263


epsilon: 2.0

m: 6.428571428571429

n: 16.714285714285715

Residual: 0.35608576715641327


epsilon: 2.0

m: 6.428571428571429

n: 21.42857142857143

Residual: 0.43858413691378556


epsilon: 2.0

m: 6.428571428571429

n: 26.142857142857142

Residual: 0.4809759200776466


epsilon: 2.0

m: 6.428571428571429

n: 30.857142857142858

Residual: 0.5141580276078028


epsilon: 2.0

m: 6.428571428571429

n: 35.57142857142857

Residual: 0.5470309046769598


epsilon: 2.0

m: 6.428571428571429

n: 40.285714285714285

Residual: 0.5767736428162216


epsilon: 2.0

m: 6.428571428571429

n: 45.0

Residual: 0.5911308583815873


epsilon: 2.0

m: 6.714285714285714

n: 12.0

Residual: 0.270028378972586


epsilon: 2.0

m: 6.714285714285714

n: 16.714285714285715

Residual: 0.42950700485368654


epsilon: 2.0

m: 6.714285714285714

n: 21.42857142857143

Residual: 0.5026317435549141


epsilon: 2.0

m: 6.714285714285714

n: 26.142857142857142

Residual: 0.5479301022339679


epsilon: 2.0

m: 6.714285714285714

n: 30.857142857142858

Residual: 0.5819364765754579


epsilon: 2.0

m: 6.714285714285714

n: 35.57142857142857

Residual: 0.6085795878881712


epsilon: 2.0

m: 6.714285714285714

n: 40.285714285714285

Residual: 0.6291085532420477


epsilon: 2.0

m: 6.714285714285714

n: 45.0

Residual: 0.6346073115376136


epsilon: 2.0

m: 7.0

n: 12.0

Residual: 0.335065936841893


epsilon: 2.0

m: 7.0

n: 16.714285714285715

Residual: 0.48602431553192343


epsilon: 2.0

m: 7.0

n: 21.42857142857143

Residual: 0.573387481087962


epsilon: 2.0

m: 7.0

n: 26.142857142857142

Residual: 0.6137752498447543


epsilon: 2.0

m: 7.0

n: 30.857142857142858

Residual: 0.6448884428355601


epsilon: 2.0

m: 7.0

n: 35.57142857142857

Residual: 0.659936354059235


epsilon: 2.0

m: 7.0

n: 40.285714285714285

Residual: 0.682966712889173


epsilon: 2.0

m: 7.0

n: 45.0

Residual: 0.6916433708128562


epsilon: 2.5

m: 5.0

n: 12.0

Residual: 0.469688295260716


epsilon: 2.5

m: 5.0

n: 16.714285714285715

Residual: 0.35385924960022375


epsilon: 2.5

m: 5.0

n: 21.42857142857143

Residual: 0.2840609927248196


epsilon: 2.5

m: 5.0

n: 26.142857142857142

Residual: 0.2356578613618718


epsilon: 2.5

m: 5.0

n: 30.857142857142858

Residual: 0.1973448157111739


epsilon: 2.5

m: 5.0

n: 35.57142857142857

Residual: 0.17334711805530575


epsilon: 2.5

m: 5.0

n: 40.285714285714285

Residual: 0.1518840006377967


epsilon: 2.5

m: 5.0

n: 45.0

Residual: 0.13494940097405497


epsilon: 2.5

m: 5.285714285714286

n: 12.0

Residual: 0.34680838855058055


epsilon: 2.5

m: 5.285714285714286

n: 16.714285714285715

Residual: 0.21245216466852251


epsilon: 2.5

m: 5.285714285714286

n: 21.42857142857143

Residual: 0.1300188148229923


epsilon: 2.5

m: 5.285714285714286

n: 26.142857142857142

Residual: 0.07680613306248704


epsilon: 2.5

m: 5.285714285714286

n: 30.857142857142858

Residual: 0.04403201337091837


epsilon: 2.5

m: 5.285714285714286

n: 35.57142857142857

Residual: 0.0262660521812314


epsilon: 2.5

m: 5.285714285714286

n: 40.285714285714285

Residual: 0.0294798327119483


epsilon: 2.5

m: 5.285714285714286

n: 45.0

Residual: 0.041521802538145976


epsilon: 2.5

m: 5.571428571428571

n: 12.0

Residual: 0.22495331124364615


epsilon: 2.5

m: 5.571428571428571

n: 16.714285714285715

Residual: 0.1028402538231129


epsilon: 2.5

m: 5.571428571428571

n: 21.42857142857143

Residual: 0.06359385882786744


epsilon: 2.5

m: 5.571428571428571

n: 26.142857142857142

Residual: 0.07083117010494791


epsilon: 2.5

m: 5.571428571428571

n: 30.857142857142858

Residual: 0.10959511502673917


epsilon: 2.5

m: 5.571428571428571

n: 35.57142857142857

Residual: 0.13555055051590154


epsilon: 2.5

m: 5.571428571428571

n: 40.285714285714285

Residual: 0.1606033474528178


epsilon: 2.5

m: 5.571428571428571

n: 45.0

Residual: 0.18002891194673154


epsilon: 2.5

m: 5.857142857142857

n: 12.0

Residual: 0.15447573380501936


epsilon: 2.5

m: 5.857142857142857

n: 16.714285714285715

Residual: 0.09487231504008482


epsilon: 2.5

m: 5.857142857142857

n: 21.42857142857143

Residual: 0.13651750357189768


epsilon: 2.5

m: 5.857142857142857

n: 26.142857142857142

Residual: 0.1888326417758784


epsilon: 2.5

m: 5.857142857142857

n: 30.857142857142858

Residual: 0.23732094464618084


epsilon: 2.5

m: 5.857142857142857

n: 35.57142857142857

Residual: 0.2640672224472777


epsilon: 2.5

m: 5.857142857142857

n: 40.285714285714285

Residual: 0.2947126795908691


epsilon: 2.5

m: 5.857142857142857

n: 45.0

Residual: 0.3076243722566446


epsilon: 2.5

m: 6.142857142857142

n: 12.0

Residual: 0.1393172717117744


epsilon: 2.5

m: 6.142857142857142

n: 16.714285714285715

Residual: 0.16127036864031358


epsilon: 2.5

m: 6.142857142857142

n: 21.42857142857143

Residual: 0.24634476053270263


epsilon: 2.5

m: 6.142857142857142

n: 26.142857142857142

Residual: 0.30228254071506294


epsilon: 2.5

m: 6.142857142857142

n: 30.857142857142858

Residual: 0.33462532526874134


epsilon: 2.5

m: 6.142857142857142

n: 35.57142857142857

Residual: 0.3848125380610751


epsilon: 2.5

m: 6.142857142857142

n: 40.285714285714285

Residual: 0.40865957038709266


epsilon: 2.5

m: 6.142857142857142

n: 45.0

Residual: 0.41890474423050833


epsilon: 2.5

m: 6.428571428571429

n: 12.0

Residual: 0.15114345298576085


epsilon: 2.5

m: 6.428571428571429

n: 16.714285714285715

Residual: 0.24589387103470114


epsilon: 2.5

m: 6.428571428571429

n: 21.42857142857143

Residual: 0.3353176708438236


epsilon: 2.5

m: 6.428571428571429

n: 26.142857142857142

Residual: 0.3971312100560715


epsilon: 2.5

m: 6.428571428571429

n: 30.857142857142858

Residual: 0.4214123961840092


epsilon: 2.5

m: 6.428571428571429

n: 35.57142857142857

Residual: 0.46211296585825085


epsilon: 2.5

m: 6.428571428571429

n: 40.285714285714285

Residual: 0.47534845439350937


epsilon: 2.5

m: 6.428571428571429

n: 45.0

Residual: 0.5171379599235346


epsilon: 2.5

m: 6.714285714285714

n: 12.0

Residual: 0.18084193223275402


epsilon: 2.5

m: 6.714285714285714

n: 16.714285714285715

Residual: 0.33316301598187026


epsilon: 2.5

m: 6.714285714285714

n: 21.42857142857143

Residual: 0.41328539353401805


epsilon: 2.5

m: 6.714285714285714

n: 26.142857142857142

Residual: 0.46951073326296966


epsilon: 2.5

m: 6.714285714285714

n: 30.857142857142858

Residual: 0.5185521396065241


epsilon: 2.5

m: 6.714285714285714

n: 35.57142857142857

Residual: 0.5264129387996057


epsilon: 2.5

m: 6.714285714285714

n: 40.285714285714285

Residual: 0.5464647732679324


epsilon: 2.5

m: 6.714285714285714

n: 45.0

Residual: 0.5674248361247073


epsilon: 2.5

m: 7.0

n: 12.0

Residual: 0.2371720503543544


epsilon: 2.5

m: 7.0

n: 16.714285714285715

Residual: 0.40373723329917854


epsilon: 2.5

m: 7.0

n: 21.42857142857143

Residual: 0.4910704215748059


epsilon: 2.5

m: 7.0

n: 26.142857142857142

Residual: 0.538338738420198


epsilon: 2.5

m: 7.0

n: 30.857142857142858

Residual: 0.5659754141367721


epsilon: 2.5

m: 7.0

n: 35.57142857142857

Residual: 0.6079861294358642


epsilon: 2.5

m: 7.0

n: 40.285714285714285

Residual: 0.6149268376179434


epsilon: 2.5

m: 7.0

n: 45.0

Residual: 0.629317551673849


epsilon: 3.0

m: 5.0

n: 12.0

Residual: 0.5379945671212334


epsilon: 3.0

m: 5.0

n: 16.714285714285715

Residual: 0.4319466283011037


epsilon: 3.0

m: 5.0

n: 21.42857142857143

Residual: 0.3644000657767573


epsilon: 3.0

m: 5.0

n: 26.142857142857142

Residual: 0.3197142181024197


epsilon: 3.0

m: 5.0

n: 30.857142857142858

Residual: 0.2842811326375262


epsilon: 3.0

m: 5.0

n: 35.57142857142857

Residual: 0.25816877325208165


epsilon: 3.0

m: 5.0

n: 40.285714285714285

Residual: 0.2399744174559042


epsilon: 3.0

m: 5.0

n: 45.0

Residual: 0.21796826009171535


epsilon: 3.0

m: 5.285714285714286

n: 12.0

Residual: 0.4241987948105507


epsilon: 3.0

m: 5.285714285714286

n: 16.714285714285715

Residual: 0.29378499465751373


epsilon: 3.0

m: 5.285714285714286

n: 21.42857142857143

Residual: 0.21923222612121127


epsilon: 3.0

m: 5.285714285714286

n: 26.142857142857142

Residual: 0.16503112959131566


epsilon: 3.0

m: 5.285714285714286

n: 30.857142857142858

Residual: 0.13097767634610114


epsilon: 3.0

m: 5.285714285714286

n: 35.57142857142857

Residual: 0.10360442991510654


epsilon: 3.0

m: 5.285714285714286

n: 40.285714285714285

Residual: 0.0762731529092113


epsilon: 3.0

m: 5.285714285714286

n: 45.0

Residual: 0.057576771955448955


epsilon: 3.0

m: 5.571428571428571

n: 12.0

Residual: 0.3097237274797181


epsilon: 3.0

m: 5.571428571428571

n: 16.714285714285715

Residual: 0.17144578725372625


epsilon: 3.0

m: 5.571428571428571

n: 21.42857142857143

Residual: 0.10701479352007905


epsilon: 3.0

m: 5.571428571428571

n: 26.142857142857142

Residual: 0.07296671449275856


epsilon: 3.0

m: 5.571428571428571

n: 30.857142857142858

Residual: 0.06502587464549922


epsilon: 3.0

m: 5.571428571428571

n: 35.57142857142857

Residual: 0.06223777006206865


epsilon: 3.0

m: 5.571428571428571

n: 40.285714285714285

Residual: 0.08118488351252044


epsilon: 3.0

m: 5.571428571428571

n: 45.0

Residual: 0.09730346726036279


epsilon: 3.0

m: 5.857142857142857

n: 12.0

Residual: 0.22124008121926522


epsilon: 3.0

m: 5.857142857142857

n: 16.714285714285715

Residual: 0.12720223334304195


epsilon: 3.0

m: 5.857142857142857

n: 21.42857142857143

Residual: 0.10392044696955577


epsilon: 3.0

m: 5.857142857142857

n: 26.142857142857142

Residual: 0.10674809790109678


epsilon: 3.0

m: 5.857142857142857

n: 30.857142857142858

Residual: 0.15664673787907207


epsilon: 3.0

m: 5.857142857142857

n: 35.57142857142857

Residual: 0.17639475057595416


epsilon: 3.0

m: 5.857142857142857

n: 40.285714285714285

Residual: 0.20707144346225


epsilon: 3.0

m: 5.857142857142857

n: 45.0

Residual: 0.22079177140808193


epsilon: 3.0

m: 6.142857142857142

n: 12.0

Residual: 0.18023125826706557


epsilon: 3.0

m: 6.142857142857142

n: 16.714285714285715

Residual: 0.13343962435628037


epsilon: 3.0

m: 6.142857142857142

n: 21.42857142857143

Residual: 0.17078751414240143


epsilon: 3.0

m: 6.142857142857142

n: 26.142857142857142

Residual: 0.22432506860723472


epsilon: 3.0

m: 6.142857142857142

n: 30.857142857142858

Residual: 0.2607812880179698


epsilon: 3.0

m: 6.142857142857142

n: 35.57142857142857

Residual: 0.2885982163976696


epsilon: 3.0

m: 6.142857142857142

n: 40.285714285714285

Residual: 0.31639448348221094


epsilon: 3.0

m: 6.142857142857142

n: 45.0

Residual: 0.3204328070235272


epsilon: 3.0

m: 6.428571428571429

n: 12.0

Residual: 0.1741116299463582


epsilon: 3.0

m: 6.428571428571429

n: 16.714285714285715

Residual: 0.1754241982826212


epsilon: 3.0

m: 6.428571428571429

n: 21.42857142857143

Residual: 0.25192516651844865


epsilon: 3.0

m: 6.428571428571429

n: 26.142857142857142

Residual: 0.3161574253565326


epsilon: 3.0

m: 6.428571428571429

n: 30.857142857142858

Residual: 0.3560147398896727


epsilon: 3.0

m: 6.428571428571429

n: 35.57142857142857

Residual: 0.3855866818075988


epsilon: 3.0

m: 6.428571428571429

n: 40.285714285714285

Residual: 0.4133888337493431


epsilon: 3.0

m: 6.428571428571429

n: 45.0

Residual: 0.44311267785033953


epsilon: 3.0

m: 6.714285714285714

n: 12.0

Residual: 0.18286541726962638


epsilon: 3.0

m: 6.714285714285714

n: 16.714285714285715

Residual: 0.25498510641007066


epsilon: 3.0

m: 6.714285714285714

n: 21.42857142857143

Residual: 0.3436106355179014


epsilon: 3.0

m: 6.714285714285714

n: 26.142857142857142

Residual: 0.3942200647573866


epsilon: 3.0

m: 6.714285714285714

n: 30.857142857142858

Residual: 0.43233257036868067


epsilon: 3.0

m: 6.714285714285714

n: 35.57142857142857

Residual: 0.4615488119287301


epsilon: 3.0

m: 6.714285714285714

n: 40.285714285714285

Residual: 0.5073290102103897


epsilon: 3.0

m: 6.714285714285714

n: 45.0

Residual: 0.5141195145009975


epsilon: 3.0

m: 7.0

n: 12.0

Residual: 0.20209327691399578


epsilon: 3.0

m: 7.0

n: 16.714285714285715

Residual: 0.3222022963372935


epsilon: 3.0

m: 7.0

n: 21.42857142857143

Residual: 0.41593535768039974


epsilon: 3.0

m: 7.0

n: 26.142857142857142

Residual: 0.47124827963169336


epsilon: 3.0

m: 7.0

n: 30.857142857142858

Residual: 0.5132235443542731


epsilon: 3.0

m: 7.0

n: 35.57142857142857

Residual: 0.5347451998946566


epsilon: 3.0

m: 7.0

n: 40.285714285714285

Residual: 0.5831835920986793


epsilon: 3.0

m: 7.0

n: 45.0

Residual: 0.5686494636606846


epsilon: 3.5

m: 5.0

n: 12.0

Residual: 0.5907729045938273


epsilon: 3.5

m: 5.0

n: 16.714285714285715

Residual: 0.4920216041327502


epsilon: 3.5

m: 5.0

n: 21.42857142857143

Residual: 0.4292313579246757


epsilon: 3.5

m: 5.0

n: 26.142857142857142

Residual: 0.3872028232743204


epsilon: 3.5

m: 5.0

n: 30.857142857142858

Residual: 0.3545881987621453


epsilon: 3.5

m: 5.0

n: 35.57142857142857

Residual: 0.32771882517384326


epsilon: 3.5

m: 5.0

n: 40.285714285714285

Residual: 0.30436312814798067


epsilon: 3.5

m: 5.0

n: 45.0

Residual: 0.29234368168950664


epsilon: 3.5

m: 5.285714285714286

n: 12.0

Residual: 0.48523493594114725


epsilon: 3.5

m: 5.285714285714286

n: 16.714285714285715

Residual: 0.36584899083242917


epsilon: 3.5

m: 5.285714285714286

n: 21.42857142857143

Residual: 0.2920945393302081


epsilon: 3.5

m: 5.285714285714286

n: 26.142857142857142

Residual: 0.2403948336132986


epsilon: 3.5

m: 5.285714285714286

n: 30.857142857142858

Residual: 0.20507104134154716


epsilon: 3.5

m: 5.285714285714286

n: 35.57142857142857

Residual: 0.17840273765295422


epsilon: 3.5

m: 5.285714285714286

n: 40.285714285714285

Residual: 0.1527920200773638


epsilon: 3.5

m: 5.285714285714286

n: 45.0

Residual: 0.13355336606116813


epsilon: 3.5

m: 5.571428571428571

n: 12.0

Residual: 0.37875751079853154


epsilon: 3.5

m: 5.571428571428571

n: 16.714285714285715

Residual: 0.23725131634637928


epsilon: 3.5

m: 5.571428571428571

n: 21.42857142857143

Residual: 0.16365722799556479


epsilon: 3.5

m: 5.571428571428571

n: 26.142857142857142

Residual: 0.11679404038411119


epsilon: 3.5

m: 5.571428571428571

n: 30.857142857142858

Residual: 0.09157632530538974


epsilon: 3.5

m: 5.571428571428571

n: 35.57142857142857

Residual: 0.0784262899398321


epsilon: 3.5

m: 5.571428571428571

n: 40.285714285714285

Residual: 0.06651823006414935


epsilon: 3.5

m: 5.571428571428571

n: 45.0

Residual: 0.06158319186558931


epsilon: 3.5

m: 5.857142857142857

n: 12.0

Residual: 0.28200095228129085


epsilon: 3.5

m: 5.857142857142857

n: 16.714285714285715

Residual: 0.17018299191771938


epsilon: 3.5

m: 5.857142857142857

n: 21.42857142857143

Residual: 0.11507541689183055


epsilon: 3.5

m: 5.857142857142857

n: 26.142857142857142

Residual: 0.1042880352145147


epsilon: 3.5

m: 5.857142857142857

n: 30.857142857142858

Residual: 0.10263101508709165


epsilon: 3.5

m: 5.857142857142857

n: 35.57142857142857

Residual: 0.11019173273208553


epsilon: 3.5

m: 5.857142857142857

n: 40.285714285714285

Residual: 0.13412785253399379


epsilon: 3.5

m: 5.857142857142857

n: 45.0

Residual: 0.1848947806027411


epsilon: 3.5

m: 6.142857142857142

n: 12.0

Residual: 0.22675346338788172


epsilon: 3.5

m: 6.142857142857142

n: 16.714285714285715

Residual: 0.1519096438909798


epsilon: 3.5

m: 6.142857142857142

n: 21.42857142857143

Residual: 0.13711731874644664


epsilon: 3.5

m: 6.142857142857142

n: 26.142857142857142

Residual: 0.15141264872202825


epsilon: 3.5

m: 6.142857142857142

n: 30.857142857142858

Residual: 0.1929950957413417


epsilon: 3.5

m: 6.142857142857142

n: 35.57142857142857

Residual: 0.2245201270352259


epsilon: 3.5

m: 6.142857142857142

n: 40.285714285714285

Residual: 0.23824119973694202


epsilon: 3.5

m: 6.142857142857142

n: 45.0

Residual: 0.2912256119797108


epsilon: 3.5

m: 6.428571428571429

n: 12.0

Residual: 0.20745353901735455


epsilon: 3.5

m: 6.428571428571429

n: 16.714285714285715

Residual: 0.16570191897874592


epsilon: 3.5

m: 6.428571428571429

n: 21.42857142857143

Residual: 0.18818882341651336


epsilon: 3.5

m: 6.428571428571429

n: 26.142857142857142

Residual: 0.2385609526416096


epsilon: 3.5

m: 6.428571428571429

n: 30.857142857142858

Residual: 0.2927383707479582


epsilon: 3.5

m: 6.428571428571429

n: 35.57142857142857

Residual: 0.32922818936276393


epsilon: 3.5

m: 6.428571428571429

n: 40.285714285714285

Residual: 0.3429887093384055


epsilon: 3.5

m: 6.428571428571429

n: 45.0

Residual: 0.35524582644852587


epsilon: 3.5

m: 6.714285714285714

n: 12.0

Residual: 0.20258941664412922


epsilon: 3.5

m: 6.714285714285714

n: 16.714285714285715

Residual: 0.20235752032379772


epsilon: 3.5

m: 6.714285714285714

n: 21.42857142857143

Residual: 0.278022695016065


epsilon: 3.5

m: 6.714285714285714

n: 26.142857142857142

Residual: 0.3351376460547068


epsilon: 3.5

m: 6.714285714285714

n: 30.857142857142858

Residual: 0.3777880585662148


epsilon: 3.5

m: 6.714285714285714

n: 35.57142857142857

Residual: 0.4208024073288732


epsilon: 3.5

m: 6.714285714285714

n: 40.285714285714285

Residual: 0.45647775788870165


epsilon: 3.5

m: 6.714285714285714

n: 45.0

Residual: 0.4342393753472779


epsilon: 3.5

m: 7.0

n: 12.0

Residual: 0.20759639998649815


epsilon: 3.5

m: 7.0

n: 16.714285714285715

Residual: 0.2530653924061146


epsilon: 3.5

m: 7.0

n: 21.42857142857143

Residual: 0.34617522719434246


epsilon: 3.5

m: 7.0

n: 26.142857142857142

Residual: 0.4029535310077327


epsilon: 3.5

m: 7.0

n: 30.857142857142858

Residual: 0.4502695591515695


epsilon: 3.5

m: 7.0

n: 35.57142857142857

Residual: 0.47256346810137845


epsilon: 3.5

m: 7.0

n: 40.285714285714285

Residual: 0.5135719658182814


epsilon: 3.5

m: 7.0

n: 45.0

Residual: 0.5120439350806921


epsilon: 4.0

m: 5.0

n: 12.0

Residual: 0.6317093989068326


epsilon: 4.0

m: 5.0

n: 16.714285714285715

Residual: 0.5398603187450637


epsilon: 4.0

m: 5.0

n: 21.42857142857143

Residual: 0.4835652451912235


epsilon: 4.0

m: 5.0

n: 26.142857142857142

Residual: 0.44259880772880056


epsilon: 4.0

m: 5.0

n: 30.857142857142858

Residual: 0.41157281699976495


epsilon: 4.0

m: 5.0

n: 35.57142857142857

Residual: 0.38673883733145126


epsilon: 4.0

m: 5.0

n: 40.285714285714285

Residual: 0.36707760585013616


epsilon: 4.0

m: 5.0

n: 45.0

Residual: 0.35328246984874423


epsilon: 4.0

m: 5.285714285714286

n: 12.0

Residual: 0.5335532050958756


epsilon: 4.0

m: 5.285714285714286

n: 16.714285714285715

Residual: 0.421006110783744


epsilon: 4.0

m: 5.285714285714286

n: 21.42857142857143

Residual: 0.34951096901110734


epsilon: 4.0

m: 5.285714285714286

n: 26.142857142857142

Residual: 0.3039846316309955


epsilon: 4.0

m: 5.285714285714286

n: 30.857142857142858

Residual: 0.2636848991262352


epsilon: 4.0

m: 5.285714285714286

n: 35.57142857142857

Residual: 0.23562656458272538


epsilon: 4.0

m: 5.285714285714286

n: 40.285714285714285

Residual: 0.2118966648521876


epsilon: 4.0

m: 5.285714285714286

n: 45.0

Residual: 0.19769986507687248


epsilon: 4.0

m: 5.571428571428571

n: 12.0

Residual: 0.4339039351416407


epsilon: 4.0

m: 5.571428571428571

n: 16.714285714285715

Residual: 0.2985020911572531


epsilon: 4.0

m: 5.571428571428571

n: 21.42857142857143

Residual: 0.2224888483378918


epsilon: 4.0

m: 5.571428571428571

n: 26.142857142857142

Residual: 0.17069364634629905


epsilon: 4.0

m: 5.571428571428571

n: 30.857142857142858

Residual: 0.13827251009850308


epsilon: 4.0

m: 5.571428571428571

n: 35.57142857142857

Residual: 0.11648032860420718


epsilon: 4.0

m: 5.571428571428571

n: 40.285714285714285

Residual: 0.10104521556224913


epsilon: 4.0

m: 5.571428571428571

n: 45.0

Residual: 0.08788224606969058


epsilon: 4.0

m: 5.857142857142857

n: 12.0

Residual: 0.33954020498162


epsilon: 4.0

m: 5.857142857142857

n: 16.714285714285715

Residual: 0.2085598951142454


epsilon: 4.0

m: 5.857142857142857

n: 21.42857142857143

Residual: 0.15751617363045967


epsilon: 4.0

m: 5.857142857142857

n: 26.142857142857142

Residual: 0.12090089116158653


epsilon: 4.0

m: 5.857142857142857

n: 30.857142857142858

Residual: 0.11554251702777404


epsilon: 4.0

m: 5.857142857142857

n: 35.57142857142857

Residual: 0.09983734919673869


epsilon: 4.0

m: 5.857142857142857

n: 40.285714285714285

Residual: 0.11485804959226009


epsilon: 4.0

m: 5.857142857142857

n: 45.0

Residual: 0.12169404364600402


epsilon: 4.0

m: 6.142857142857142

n: 12.0

Residual: 0.27618661810516604


epsilon: 4.0

m: 6.142857142857142

n: 16.714285714285715

Residual: 0.18042258663370553


epsilon: 4.0

m: 6.142857142857142

n: 21.42857142857143

Residual: 0.14333327641449822


epsilon: 4.0

m: 6.142857142857142

n: 26.142857142857142

Residual: 0.1362479766462179


epsilon: 4.0

m: 6.142857142857142

n: 30.857142857142858

Residual: 0.14720352946201806


epsilon: 4.0

m: 6.142857142857142

n: 35.57142857142857

Residual: 0.1679776669136361


epsilon: 4.0

m: 6.142857142857142

n: 40.285714285714285

Residual: 0.19240471443865245


epsilon: 4.0

m: 6.142857142857142

n: 45.0

Residual: 0.20775906437395028


epsilon: 4.0

m: 6.428571428571429

n: 12.0

Residual: 0.2441801684275968


epsilon: 4.0

m: 6.428571428571429

n: 16.714285714285715

Residual: 0.18210226661810255


epsilon: 4.0

m: 6.428571428571429

n: 21.42857142857143

Residual: 0.1771002666685429


epsilon: 4.0

m: 6.428571428571429

n: 26.142857142857142

Residual: 0.18996864324931026


epsilon: 4.0

m: 6.428571428571429

n: 30.857142857142858

Residual: 0.2200133879777203


epsilon: 4.0

m: 6.428571428571429

n: 35.57142857142857

Residual: 0.24874315971210992


epsilon: 4.0

m: 6.428571428571429

n: 40.285714285714285

Residual: 0.27338588614310344


epsilon: 4.0

m: 6.428571428571429

n: 45.0

Residual: 0.3456615338000162


epsilon: 4.0

m: 6.714285714285714

n: 12.0

Residual: 0.22833624594882834


epsilon: 4.0

m: 6.714285714285714

n: 16.714285714285715

Residual: 0.19110090024779705


epsilon: 4.0

m: 6.714285714285714

n: 21.42857142857143

Residual: 0.21825122649646628


epsilon: 4.0

m: 6.714285714285714

n: 26.142857142857142

Residual: 0.2654142968791594


epsilon: 4.0

m: 6.714285714285714

n: 30.857142857142858

Residual: 0.32596596145688694


epsilon: 4.0

m: 6.714285714285714

n: 35.57142857142857

Residual: 0.35203798993619967


epsilon: 4.0

m: 6.714285714285714

n: 40.285714285714285

Residual: 0.38817020242385236


epsilon: 4.0

m: 6.714285714285714

n: 45.0

Residual: 0.41290519877774917


epsilon: 4.0

m: 7.0

n: 12.0

Residual: 0.22971357442424803


epsilon: 4.0

m: 7.0

n: 16.714285714285715

Residual: 0.2255299300108448


epsilon: 4.0

m: 7.0

n: 21.42857142857143

Residual: 0.2868201075632606


epsilon: 4.0

m: 7.0

n: 26.142857142857142

Residual: 0.34452386047767575


epsilon: 4.0

m: 7.0

n: 30.857142857142858

Residual: 0.3907782497429768


epsilon: 4.0

m: 7.0

n: 35.57142857142857

Residual: 0.4255594379856787


epsilon: 4.0

m: 7.0

n: 40.285714285714285

Residual: 0.4420346430923858


epsilon: 4.0

m: 7.0

n: 45.0

Residual: 0.4533095888554496


