epsilon: 0.01

m: 3.0

Residual: 0.5503565547743743


epsilon: 0.01

m: 3.0

Residual: 0.5499731815832463


epsilon: 0.01

m: 3.1666666666666665

Residual: 0.647806587152196


epsilon: 0.01

m: 3.3333333333333335

Residual: 0.743664944040581


epsilon: 0.01

m: 3.5

Residual: 0.817159059877206


epsilon: 0.01

m: 3.6666666666666665

Residual: 0.8738812250325415


epsilon: 0.01

m: 3.833333333333333

Residual: 0.9075575125806642


epsilon: 0.01

m: 4.0

Residual: 0.9337609367476687


epsilon: 0.01

m: 4.166666666666666

Residual: 0.9503863833209742


epsilon: 0.01

m: 4.333333333333333

Residual: 0.9623784309595447


epsilon: 0.01

m: 4.5

Residual: 0.971592614298954


epsilon: 0.01

m: 4.666666666666666

Residual: 0.9793119891299965


epsilon: 0.01

m: 4.833333333333333

Residual: 0.9832679447523903


epsilon: 0.01

m: 5.0

Residual: 0.9857941317769876


epsilon: 0.01

m: 5.166666666666666

Residual: 0.9893840357048016


epsilon: 0.01

m: 5.333333333333333

Residual: 0.9918335169122395


epsilon: 0.01

m: 5.5

Residual: 0.993253753770714


epsilon: 0.01

m: 5.666666666666666

Residual: 0.9940786912630157


epsilon: 0.01

m: 5.833333333333333

Residual: 0.9944236196110289


epsilon: 0.01

m: 6.0

Residual: 0.9949703428949361


epsilon: 0.01

m: 6.166666666666666

Residual: 0.9964129119477662


epsilon: 0.01

m: 6.333333333333333

Residual: 0.9963040583338473


epsilon: 0.01

m: 6.5

Residual: 0.9969339987074832


epsilon: 0.01

m: 6.666666666666666

Residual: 0.9975426404477129


epsilon: 0.01

m: 6.833333333333333

Residual: 0.9977859214664861


epsilon: 0.01

m: 7.0

Residual: 0.9975072738528178


epsilon: 0.3429166666666667

m: 3.0

Residual: 0.8401426170072721


epsilon: 0.3429166666666667

m: 3.1666666666666665

Residual: 0.7671903810457738


epsilon: 0.3429166666666667

m: 3.3333333333333335

Residual: 0.6688025542541987


epsilon: 0.3429166666666667

m: 3.5

Residual: 0.5479848922936797


epsilon: 0.3429166666666667

m: 3.6666666666666665

Residual: 0.41913252020194475


epsilon: 0.3429166666666667

m: 3.833333333333333

Residual: 0.2920089976227204


epsilon: 0.3429166666666667

m: 4.0

Residual: 0.18948263732106502


epsilon: 0.3429166666666667

m: 4.166666666666666

Residual: 0.1563396970738731


epsilon: 0.3429166666666667

m: 4.333333333333333

Residual: 0.21978618823495508


epsilon: 0.3429166666666667

m: 4.5

Residual: 0.3551216693143102


epsilon: 0.3429166666666667

m: 4.666666666666666

Residual: 0.4660905127738844


epsilon: 0.3429166666666667

m: 4.833333333333333

Residual: 0.5294255001964414


epsilon: 0.3429166666666667

m: 5.0

Residual: 0.6156484515770054


epsilon: 0.3429166666666667

m: 5.166666666666666

Residual: 0.7077074731160224


epsilon: 0.3429166666666667

m: 5.333333333333333

Residual: 0.759399020924701


epsilon: 0.3429166666666667

m: 5.5

Residual: 0.7932689147902161


epsilon: 0.3429166666666667

m: 5.666666666666666

Residual: 0.8237518207432154


epsilon: 0.3429166666666667

m: 5.833333333333333

Residual: 0.8478460148823541


epsilon: 0.3429166666666667

m: 6.0

Residual: 0.8677976664813211


epsilon: 0.3429166666666667

m: 6.166666666666666

Residual: 0.8889869483590827


epsilon: 0.3429166666666667

m: 6.333333333333333

Residual: 0.8989643094319141


epsilon: 0.3429166666666667

m: 6.5

Residual: 0.9108695485768611


epsilon: 0.3429166666666667

m: 6.666666666666666

Residual: 0.9195727474279655


epsilon: 0.3429166666666667

m: 6.833333333333333

Residual: 0.93079827618646


epsilon: 0.3429166666666667

m: 7.0

Residual: 0.9367732890135932


epsilon: 0.6758333333333334

m: 3.0

Residual: 0.9153959110552772


epsilon: 0.6758333333333334

m: 3.1666666666666665

Residual: 0.8742561387767109


epsilon: 0.6758333333333334

m: 3.3333333333333335

Residual: 0.8170405194407545


epsilon: 0.6758333333333334

m: 3.5

Residual: 0.7439409239112823


epsilon: 0.6758333333333334

m: 3.6666666666666665

Residual: 0.6492060239364568


epsilon: 0.6758333333333334

m: 3.833333333333333

Residual: 0.5335501058177253


epsilon: 0.6758333333333334

m: 4.0

Residual: 0.40494409331927467


epsilon: 0.6758333333333334

m: 4.166666666666666

Residual: 0.30765171202194536


epsilon: 0.6758333333333334

m: 4.333333333333333

Residual: 0.16685939182281226


epsilon: 0.6758333333333334

m: 4.5

Residual: 0.059954277149959205


epsilon: 0.6758333333333334

m: 4.666666666666666

Residual: 0.2064143138580511


epsilon: 0.6758333333333334

m: 4.833333333333333

Residual: 0.29559218759414924


epsilon: 0.6758333333333334

m: 5.0

Residual: 0.41849278022175324


epsilon: 0.6758333333333334

m: 5.166666666666666

Residual: 0.48716882559346864


epsilon: 0.6758333333333334

m: 5.333333333333333

Residual: 0.5011177991259308


epsilon: 0.6758333333333334

m: 5.5

Residual: 0.5668430088071719


epsilon: 0.6758333333333334

m: 5.666666666666666

Residual: 0.6581950424026843


epsilon: 0.6758333333333334

m: 5.833333333333333

Residual: 0.7247569499757716


epsilon: 0.6758333333333334

m: 6.0

Residual: 0.7590920744866718


epsilon: 0.6758333333333334

m: 6.166666666666666

Residual: 0.78563695100598


epsilon: 0.6758333333333334

m: 6.333333333333333

Residual: 0.8136712725835274


epsilon: 0.6758333333333334

m: 6.5

Residual: 0.8386846995787675


epsilon: 0.6758333333333334

m: 6.666666666666666

Residual: 0.8488072169031842


epsilon: 0.6758333333333334

m: 6.833333333333333

Residual: 0.8680374400558336


epsilon: 0.6758333333333334

m: 7.0

Residual: 0.8807906867119637


epsilon: 1.00875

m: 3.0

Residual: 0.9425280852229716


epsilon: 1.00875

m: 3.1666666666666665

Residual: 0.9139983485320686


epsilon: 1.00875

m: 3.3333333333333335

Residual: 0.8735034603469265


epsilon: 1.00875

m: 3.5

Residual: 0.8196878484430312


epsilon: 1.00875

m: 3.6666666666666665

Residual: 0.7495526963110194


epsilon: 1.00875

m: 3.833333333333333

Residual: 0.6624593694618377


epsilon: 1.00875

m: 4.0

Residual: 0.5568084072007257


epsilon: 1.00875

m: 4.166666666666666

Residual: 0.4602438867655572


epsilon: 1.00875

m: 4.333333333333333

Residual: 0.3201397321368122


epsilon: 1.00875

m: 4.5

Residual: 0.23699643170864154


epsilon: 1.00875

m: 4.666666666666666

Residual: 0.07183737565051275


epsilon: 1.00875

m: 4.833333333333333

Residual: 0.06552991248541201


epsilon: 1.00875

m: 5.0

Residual: 0.2089656050882427


epsilon: 1.00875

m: 5.166666666666666

Residual: 0.27319140290331667


epsilon: 1.00875

m: 5.333333333333333

Residual: 0.3760420277726206


epsilon: 1.00875

m: 5.5

Residual: 0.5006562330452102


epsilon: 1.00875

m: 5.666666666666666

Residual: 0.5621543055683703


epsilon: 1.00875

m: 5.833333333333333

Residual: 0.6265833588484943


epsilon: 1.00875

m: 6.0

Residual: 0.6784677614919488


epsilon: 1.00875

m: 6.166666666666666

Residual: 0.6977315337750745


epsilon: 1.00875

m: 6.333333333333333

Residual: 0.7385485069105518


epsilon: 1.00875

m: 6.5

Residual: 0.7656710990589095


epsilon: 1.00875

m: 6.666666666666666

Residual: 0.7900031688842342


epsilon: 1.00875

m: 6.833333333333333

Residual: 0.7565146242098049


epsilon: 1.00875

m: 7.0

Residual: 0.822428124104799


epsilon: 1.3416666666666668

m: 3.0

Residual: 0.9565385100266082


epsilon: 1.3416666666666668

m: 3.1666666666666665

Residual: 0.9348273677853408


epsilon: 1.3416666666666668

m: 3.3333333333333335

Residual: 0.9040222693659302


epsilon: 1.3416666666666668

m: 3.5

Residual: 0.8617136198984494


epsilon: 1.3416666666666668

m: 3.6666666666666665

Residual: 0.8051087678437496


epsilon: 1.3416666666666668

m: 3.833333333333333

Residual: 0.7339490296076834


epsilon: 1.3416666666666668

m: 4.0

Residual: 0.6481987966679642


epsilon: 1.3416666666666668

m: 4.166666666666666

Residual: 0.536599204407446


epsilon: 1.3416666666666668

m: 4.333333333333333

Residual: 0.42723545513942096


epsilon: 1.3416666666666668

m: 4.5

Residual: 0.34846257479936765


epsilon: 1.3416666666666668

m: 4.666666666666666

Residual: 0.19986255948466475


epsilon: 1.3416666666666668

m: 4.833333333333333

Residual: 0.11735927897571177


epsilon: 1.3416666666666668

m: 5.0

Residual: 0.09212156119156693


epsilon: 1.3416666666666668

m: 5.166666666666666

Residual: 0.16996543136670952


epsilon: 1.3416666666666668

m: 5.333333333333333

Residual: 0.25811934566250055


epsilon: 1.3416666666666668

m: 5.5

Residual: 0.3812610297217391


epsilon: 1.3416666666666668

m: 5.666666666666666

Residual: 0.44137640104282944


epsilon: 1.3416666666666668

m: 5.833333333333333

Residual: 0.5532976079466042


epsilon: 1.3416666666666668

m: 6.0

Residual: 0.6295630685494291


epsilon: 1.3416666666666668

m: 6.166666666666666

Residual: 0.631248675023415


epsilon: 1.3416666666666668

m: 6.333333333333333

Residual: 0.5891339007645213


epsilon: 1.3416666666666668

m: 6.5

Residual: 0.7010111536933142


epsilon: 1.3416666666666668

m: 6.666666666666666

Residual: 0.7278379248092054


epsilon: 1.3416666666666668

m: 6.833333333333333

Residual: 0.7909273205838887


epsilon: 1.3416666666666668

m: 7.0

Residual: 0.8233638457217397


epsilon: 1.6745833333333335

m: 3.0

Residual: 0.9648882219477707


epsilon: 1.6745833333333335

m: 3.1666666666666665

Residual: 0.9473428281401145


epsilon: 1.6745833333333335

m: 3.3333333333333335

Residual: 0.9225146834125416


epsilon: 1.6745833333333335

m: 3.5

Residual: 0.8872738299494398


epsilon: 1.6745833333333335

m: 3.6666666666666665

Residual: 0.8404671524437337


epsilon: 1.6745833333333335

m: 3.833333333333333

Residual: 0.7777147105856342


epsilon: 1.6745833333333335

m: 4.0

Residual: 0.7057870219898283


epsilon: 1.6745833333333335

m: 4.166666666666666

Residual: 0.6122255147345707


epsilon: 1.6745833333333335

m: 4.333333333333333

Residual: 0.5142549319844631


epsilon: 1.6745833333333335

m: 4.5

Residual: 0.4178218464111476


epsilon: 1.6745833333333335

m: 4.666666666666666

Residual: 0.29337645691151637


epsilon: 1.6745833333333335

m: 4.833333333333333

Residual: 0.23649136062126072


epsilon: 1.6745833333333335

m: 5.0

Residual: 0.20239919814923188


epsilon: 1.6745833333333335

m: 5.166666666666666

Residual: 0.17489247905101055


epsilon: 1.6745833333333335

m: 5.333333333333333

Residual: 0.18029537601084372


epsilon: 1.6745833333333335

m: 5.5

Residual: 0.28825482078484865


epsilon: 1.6745833333333335

m: 5.666666666666666

Residual: 0.40820158773990184


epsilon: 1.6745833333333335

m: 5.833333333333333

Residual: 0.4205501467250887


epsilon: 1.6745833333333335

m: 6.0

Residual: 0.4481122659477009


epsilon: 1.6745833333333335

m: 6.166666666666666

Residual: 0.4481149363975699


epsilon: 1.6745833333333335

m: 6.333333333333333

Residual: 0.6052486855700745


epsilon: 1.6745833333333335

m: 6.5

Residual: 0.6385456640549373


epsilon: 1.6745833333333335

m: 6.666666666666666

Residual: 0.6761645688446712


epsilon: 1.6745833333333335

m: 6.833333333333333

Residual: 0.5880853296545815


epsilon: 1.6745833333333335

m: 7.0

Residual: 0.6908143695731181


epsilon: 2.0075

m: 3.0

Residual: 0.9707461533869747


epsilon: 2.0075

m: 3.1666666666666665

Residual: 0.9558064020539726


epsilon: 2.0075

m: 3.3333333333333335

Residual: 0.9346762538576959


epsilon: 2.0075

m: 3.5

Residual: 0.9052220091356235


epsilon: 2.0075

m: 3.6666666666666665

Residual: 0.8636566321346786


epsilon: 2.0075

m: 3.833333333333333

Residual: 0.8104875839691509


epsilon: 2.0075

m: 4.0

Residual: 0.7500397085765587


epsilon: 2.0075

m: 4.166666666666666

Residual: 0.6640285771654914


epsilon: 2.0075

m: 4.333333333333333

Residual: 0.5837665047106584


epsilon: 2.0075

m: 4.5

Residual: 0.48483777116580257


epsilon: 2.0075

m: 4.666666666666666

Residual: 0.36124880186689784


epsilon: 2.0075

m: 4.833333333333333

Residual: 0.30316480682657837


epsilon: 2.0075

m: 5.0

Residual: 0.17639207472135338


epsilon: 2.0075

m: 5.166666666666666

Residual: 0.12765462925939913


epsilon: 2.0075

m: 5.333333333333333

Residual: 0.1623772151755468


epsilon: 2.0075

m: 5.5

Residual: 0.20488925819066264


epsilon: 2.0075

m: 5.666666666666666

Residual: 0.32740815708297233


epsilon: 2.0075

m: 5.833333333333333

Residual: 0.4568021209956631


epsilon: 2.0075

m: 6.0

Residual: 0.44176965329271883


epsilon: 2.0075

m: 6.166666666666666

Residual: 0.5252709942212912


epsilon: 2.0075

m: 6.333333333333333

Residual: 0.4446518243131588


epsilon: 2.0075

m: 6.5

Residual: 0.5630653620978154


epsilon: 2.0075

m: 6.666666666666666

Residual: 0.6107013413207732


epsilon: 2.0075

m: 6.833333333333333

Residual: 0.6843747348157165


epsilon: 2.0075

m: 7.0

Residual: 0.6025617927390232


epsilon: 2.3404166666666666

m: 3.0

Residual: 0.9748296884255017


epsilon: 2.3404166666666666

m: 3.1666666666666665

Residual: 0.9620036147060971


epsilon: 2.3404166666666666

m: 3.3333333333333335

Residual: 0.9436318823032854


epsilon: 2.3404166666666666

m: 3.5

Residual: 0.9181871674366046


epsilon: 2.3404166666666666

m: 3.6666666666666665

Residual: 0.8825163441003266


epsilon: 2.3404166666666666

m: 3.833333333333333

Residual: 0.8341416569658666


epsilon: 2.3404166666666666

m: 4.0

Residual: 0.7752156300095634


epsilon: 2.3404166666666666

m: 4.166666666666666

Residual: 0.7137337152183237


epsilon: 2.3404166666666666

m: 4.333333333333333

Residual: 0.620664477988615


epsilon: 2.3404166666666666

m: 4.5

Residual: 0.5477260393159654


epsilon: 2.3404166666666666

m: 4.666666666666666

Residual: 0.4486456775432295


epsilon: 2.3404166666666666

m: 4.833333333333333

Residual: 0.3537357903936512


epsilon: 2.3404166666666666

m: 5.0

Residual: 0.2223062161723694


epsilon: 2.3404166666666666

m: 5.166666666666666

Residual: 0.26278482374440393


epsilon: 2.3404166666666666

m: 5.333333333333333

Residual: 0.1896945181945136


epsilon: 2.3404166666666666

m: 5.5

Residual: 0.1916810505790556


epsilon: 2.3404166666666666

m: 5.666666666666666

Residual: 0.20215925370189322


epsilon: 2.3404166666666666

m: 5.833333333333333

Residual: 0.23861990306456718


epsilon: 2.3404166666666666

m: 6.0

Residual: 0.3444329605255477


epsilon: 2.3404166666666666

m: 6.166666666666666

Residual: 0.43119206373108154


epsilon: 2.3404166666666666

m: 6.333333333333333

Residual: 0.48046253013241574


epsilon: 2.3404166666666666

m: 6.5

Residual: 0.5211727575728581


epsilon: 2.3404166666666666

m: 6.666666666666666

Residual: 0.46199159099904774


epsilon: 2.3404166666666666

m: 6.833333333333333

Residual: 0.594638488999276


epsilon: 2.3404166666666666

m: 7.0

Residual: 0.6491538492825173


epsilon: 2.6733333333333333

m: 3.0

Residual: 0.977918592020426


epsilon: 2.6733333333333333

m: 3.1666666666666665

Residual: 0.9665991925040588


epsilon: 2.6733333333333333

m: 3.3333333333333335

Residual: 0.9503406271992243


epsilon: 2.6733333333333333

m: 3.5

Residual: 0.9277209516964132


epsilon: 2.6733333333333333

m: 3.6666666666666665

Residual: 0.8972300951747267


epsilon: 2.6733333333333333

m: 3.833333333333333

Residual: 0.8555550534755146


epsilon: 2.6733333333333333

m: 4.0

Residual: 0.8059782736320903


epsilon: 2.6733333333333333

m: 4.166666666666666

Residual: 0.7378210628237883


epsilon: 2.6733333333333333

m: 4.333333333333333

Residual: 0.6680026947762339


epsilon: 2.6733333333333333

m: 4.5

Residual: 0.5870086573274312


epsilon: 2.6733333333333333

m: 4.666666666666666

Residual: 0.5057732736046269


epsilon: 2.6733333333333333

m: 4.833333333333333

Residual: 0.4084687914095591


epsilon: 2.6733333333333333

m: 5.0

Residual: 0.3237258125991881


epsilon: 2.6733333333333333

m: 5.166666666666666

Residual: 0.18891758889371438


epsilon: 2.6733333333333333

m: 5.333333333333333

Residual: 0.23337702264380347


epsilon: 2.6733333333333333

m: 5.5

Residual: 0.2238580879804202


epsilon: 2.6733333333333333

m: 5.666666666666666

Residual: 0.2700115681649661


epsilon: 2.6733333333333333

m: 5.833333333333333

Residual: 0.3643867692445009


epsilon: 2.6733333333333333

m: 6.0

Residual: 0.25691825952566916


epsilon: 2.6733333333333333

m: 6.166666666666666

Residual: 0.48149726496230866


epsilon: 2.6733333333333333

m: 6.333333333333333

Residual: 0.4945970431766364


epsilon: 2.6733333333333333

m: 6.5

Residual: 0.3857299427632213


epsilon: 2.6733333333333333

m: 6.666666666666666

Residual: 0.569374899484923


epsilon: 2.6733333333333333

m: 6.833333333333333

Residual: 0.6425165036589705


epsilon: 2.6733333333333333

m: 7.0

Residual: 0.5962781622399594


epsilon: 3.00625

m: 3.0

Residual: 0.980335505640406


epsilon: 3.00625

m: 3.1666666666666665

Residual: 0.9701985937790712


epsilon: 3.00625

m: 3.3333333333333335

Residual: 0.9558788448616247


epsilon: 3.00625

m: 3.5

Residual: 0.9356607737298909


epsilon: 3.00625

m: 3.6666666666666665

Residual: 0.9072258359632939


epsilon: 3.00625

m: 3.833333333333333

Residual: 0.8709693407945905


epsilon: 3.00625

m: 4.0

Residual: 0.8212364118206252


epsilon: 3.00625

m: 4.166666666666666

Residual: 0.7643609700825225


epsilon: 3.00625

m: 4.333333333333333

Residual: 0.6910160617340947


epsilon: 3.00625

m: 4.5

Residual: 0.6165473754296819


epsilon: 3.00625

m: 4.666666666666666

Residual: 0.5380721060198056


epsilon: 3.00625

m: 4.833333333333333

Residual: 0.4836543891145361


epsilon: 3.00625

m: 5.0

Residual: 0.33343755541255277


epsilon: 3.00625

m: 5.166666666666666

Residual: 0.26158531251605605


epsilon: 3.00625

m: 5.333333333333333

Residual: 0.2931662191467513


epsilon: 3.00625

m: 5.5

Residual: 0.2375196030984652


epsilon: 3.00625

m: 5.666666666666666

Residual: 0.19401423813198132


epsilon: 3.00625

m: 5.833333333333333

Residual: 0.31267619791784873


epsilon: 3.00625

m: 6.0

Residual: 0.3775778345630208


epsilon: 3.00625

m: 6.166666666666666

Residual: 0.3072316490431223


epsilon: 3.00625

m: 6.333333333333333

Residual: 0.4022852243242869


epsilon: 3.00625

m: 6.5

Residual: 0.4234368213701881


epsilon: 3.00625

m: 6.666666666666666

Residual: 0.463255635325274


epsilon: 3.00625

m: 6.833333333333333

Residual: 0.5638844117283133


epsilon: 3.00625

m: 7.0

Residual: 0.6792715273308076


epsilon: 3.339166666666667

m: 3.0

Residual: 0.9822958656917435


epsilon: 3.339166666666667

m: 3.1666666666666665

Residual: 0.9732326026341266


epsilon: 3.339166666666667

m: 3.3333333333333335

Residual: 0.9599274703424151


epsilon: 3.339166666666667

m: 3.5

Residual: 0.9419404635350905


epsilon: 3.339166666666667

m: 3.6666666666666665

Residual: 0.917037146471338


epsilon: 3.339166666666667

m: 3.833333333333333

Residual: 0.8838366007442131


epsilon: 3.339166666666667

m: 4.0

Residual: 0.8365112046539498


epsilon: 3.339166666666667

m: 4.166666666666666

Residual: 0.7904533975966217


epsilon: 3.339166666666667

m: 4.333333333333333

Residual: 0.7251741684471972


epsilon: 3.339166666666667

m: 4.5

Residual: 0.6560443877990441


epsilon: 3.339166666666667

m: 4.666666666666666

Residual: 0.5725019807715044


epsilon: 3.339166666666667

m: 4.833333333333333

Residual: 0.46956507778599776


epsilon: 3.339166666666667

m: 5.0

Residual: 0.4729919357854982


epsilon: 3.339166666666667

m: 5.166666666666666

Residual: 0.30133251599928956


epsilon: 3.339166666666667

m: 5.333333333333333

Residual: 0.2733109083245426


epsilon: 3.339166666666667

m: 5.5

Residual: 0.3165975955460709


epsilon: 3.339166666666667

m: 5.666666666666666

Residual: 0.25505578035225995


epsilon: 3.339166666666667

m: 5.833333333333333

Residual: 0.2430054618146542


epsilon: 3.339166666666667

m: 6.0

Residual: 0.24378803572288688


epsilon: 3.339166666666667

m: 6.166666666666666

Residual: 0.3789378198851278


epsilon: 3.339166666666667

m: 6.333333333333333

Residual: 0.3810106034666973


epsilon: 3.339166666666667

m: 6.5

Residual: 0.31396608020043776


epsilon: 3.339166666666667

m: 6.666666666666666

Residual: 0.3867562890761877


epsilon: 3.339166666666667

m: 6.833333333333333

Residual: 0.39925969341629014


epsilon: 3.339166666666667

m: 7.0

Residual: 0.524395406134002


epsilon: 3.6720833333333336

m: 3.0

Residual: 0.9838942162337778


epsilon: 3.6720833333333336

m: 3.1666666666666665

Residual: 0.9756933559445986


epsilon: 3.6720833333333336

m: 3.3333333333333335

Residual: 0.9637984166939855


epsilon: 3.6720833333333336

m: 3.5

Residual: 0.9470806409963639


epsilon: 3.6720833333333336

m: 3.6666666666666665

Residual: 0.9242261869894824


epsilon: 3.6720833333333336

m: 3.833333333333333

Residual: 0.894127372015729


epsilon: 3.6720833333333336

m: 4.0

Residual: 0.8542869539988414


epsilon: 3.6720833333333336

m: 4.166666666666666

Residual: 0.8011214034884917


epsilon: 3.6720833333333336

m: 4.333333333333333

Residual: 0.7422745135766412


epsilon: 3.6720833333333336

m: 4.5

Residual: 0.6654161468093072


epsilon: 3.6720833333333336

m: 4.666666666666666

Residual: 0.6078902227693648


epsilon: 3.6720833333333336

m: 4.833333333333333

Residual: 0.5136380381809358


epsilon: 3.6720833333333336

m: 5.0

Residual: 0.46001333632008595


epsilon: 3.6720833333333336

m: 5.166666666666666

Residual: 0.42745476738657734


epsilon: 3.6720833333333336

m: 5.333333333333333

Residual: 0.27176665927469656


epsilon: 3.6720833333333336

m: 5.5

Residual: 0.37048647585261146


epsilon: 3.6720833333333336

m: 5.666666666666666

Residual: 0.2460431344021952


epsilon: 3.6720833333333336

m: 5.833333333333333

Residual: 0.3460894028580037


epsilon: 3.6720833333333336

m: 6.0

Residual: 0.41152965238266936


epsilon: 3.6720833333333336

m: 6.166666666666666

Residual: 0.40614771743642125


epsilon: 3.6720833333333336

m: 6.333333333333333

Residual: 0.48793509972149335


epsilon: 3.6720833333333336

m: 6.5

Residual: 0.603798363727457


epsilon: 3.6720833333333336

m: 6.666666666666666

Residual: 0.5460033297355078


epsilon: 3.6720833333333336

m: 6.833333333333333

Residual: 0.44009856075996734


epsilon: 3.6720833333333336

m: 7.0

Residual: 0.6380140266073381


epsilon: 4.005

m: 3.0

Residual: 0.9852325357059323


epsilon: 4.005

m: 3.1666666666666665

Residual: 0.9776479268106822


epsilon: 4.005

m: 3.3333333333333335

Residual: 0.9667833040361729


epsilon: 4.005

m: 3.5

Residual: 0.9515427160940328


epsilon: 4.005

m: 3.6666666666666665

Residual: 0.9300174583976236


epsilon: 4.005

m: 3.833333333333333

Residual: 0.9022124479833934


epsilon: 4.005

m: 4.0

Residual: 0.865258721899761


epsilon: 4.005

m: 4.166666666666666

Residual: 0.8182705851466834


epsilon: 4.005

m: 4.333333333333333

Residual: 0.7609219175494769


epsilon: 4.005

m: 4.5

Residual: 0.6939066255280808


epsilon: 4.005

m: 4.666666666666666

Residual: 0.6519725774530575


epsilon: 4.005

m: 4.833333333333333

Residual: 0.5360302115203305


epsilon: 4.005

m: 5.0

Residual: 0.4999321194609197


epsilon: 4.005

m: 5.166666666666666

Residual: 0.4729510971035701


epsilon: 4.005

m: 5.333333333333333

Residual: 0.3096276788622358


epsilon: 4.005

m: 5.5

Residual: 0.2649893955937445


epsilon: 4.005

m: 5.666666666666666

Residual: 0.3609053205439812


epsilon: 4.005

m: 5.833333333333333

Residual: 0.4346954228261005


epsilon: 4.005

m: 6.0

Residual: 0.25366928026801594


epsilon: 4.005

m: 6.166666666666666

Residual: 0.2590100027395802


epsilon: 4.005

m: 6.333333333333333

Residual: 0.46774535203307216


epsilon: 4.005

m: 6.5

Residual: 0.4315431487091198


epsilon: 4.005

m: 6.666666666666666

Residual: 0.374536316586387


epsilon: 4.005

m: 6.833333333333333

Residual: 0.5381389479673305


epsilon: 4.005

m: 7.0

Residual: 0.5076583678146603


epsilon: 4.337916666666667

m: 3.0

Residual: 0.9863321730480529


epsilon: 4.337916666666667

m: 3.1666666666666665

Residual: 0.9792901478534156


epsilon: 4.337916666666667

m: 3.3333333333333335

Residual: 0.969166310339124


epsilon: 4.337916666666667

m: 3.5

Residual: 0.9548613837307562


epsilon: 4.337916666666667

m: 3.6666666666666665

Residual: 0.9355557778993531


epsilon: 4.337916666666667

m: 3.833333333333333

Residual: 0.9097242868648012


epsilon: 4.337916666666667

m: 4.0

Residual: 0.875280762458953


epsilon: 4.337916666666667

m: 4.166666666666666

Residual: 0.8271992292851237


epsilon: 4.337916666666667

m: 4.333333333333333

Residual: 0.7991103731348298


epsilon: 4.337916666666667

m: 4.5

Residual: 0.710517819477119


epsilon: 4.337916666666667

m: 4.666666666666666

Residual: 0.6398050857394812


epsilon: 4.337916666666667

m: 4.833333333333333

Residual: 0.561588800638761


epsilon: 4.337916666666667

m: 5.0

Residual: 0.5836348398229733


epsilon: 4.337916666666667

m: 5.166666666666666

Residual: 0.4523355710857167


epsilon: 4.337916666666667

m: 5.333333333333333

Residual: 0.3229074503378562


epsilon: 4.337916666666667

m: 5.5

Residual: 0.38362033543351604


epsilon: 4.337916666666667

m: 5.666666666666666

Residual: 0.2561451253153742


epsilon: 4.337916666666667

m: 5.833333333333333

Residual: 0.30776427004899853


epsilon: 4.337916666666667

m: 6.0

Residual: 0.3881333091214293


epsilon: 4.337916666666667

m: 6.166666666666666

Residual: 0.4446889599666704


epsilon: 4.337916666666667

m: 6.333333333333333

Residual: 0.281933186631551


epsilon: 4.337916666666667

m: 6.5

Residual: 0.5222364283971767


epsilon: 4.337916666666667

m: 6.666666666666666

Residual: 0.31726068851751493


epsilon: 4.337916666666667

m: 6.833333333333333

Residual: 0.47656302604048106


epsilon: 4.337916666666667

m: 7.0

Residual: 0.6401731385228913


epsilon: 4.670833333333333

m: 3.0

Residual: 0.9873159744407605


epsilon: 4.670833333333333

m: 3.1666666666666665

Residual: 0.9807823089182506


epsilon: 4.670833333333333

m: 3.3333333333333335

Residual: 0.9713494698843288


epsilon: 4.670833333333333

m: 3.5

Residual: 0.957661646676497


epsilon: 4.670833333333333

m: 3.6666666666666665

Residual: 0.9396497053108067


epsilon: 4.670833333333333

m: 3.833333333333333

Residual: 0.9156175096707618


epsilon: 4.670833333333333

m: 4.0

Residual: 0.8844908406953097


epsilon: 4.670833333333333

m: 4.166666666666666

Residual: 0.8414991090127582


epsilon: 4.670833333333333

m: 4.333333333333333

Residual: 0.795074313268784


epsilon: 4.670833333333333

m: 4.5

Residual: 0.740149348291567


epsilon: 4.670833333333333

m: 4.666666666666666

Residual: 0.6945430452116094


epsilon: 4.670833333333333

m: 4.833333333333333

Residual: 0.6121796433165494


epsilon: 4.670833333333333

m: 5.0

Residual: 0.5132389790841959


epsilon: 4.670833333333333

m: 5.166666666666666

Residual: 0.46014668468727676


epsilon: 4.670833333333333

m: 5.333333333333333

Residual: 0.5183785110428086


epsilon: 4.670833333333333

m: 5.5

Residual: 0.30623692074250874


epsilon: 4.670833333333333

m: 5.666666666666666

Residual: 0.4731231708533744


epsilon: 4.670833333333333

m: 5.833333333333333

Residual: 0.39848027461919633


epsilon: 4.670833333333333

m: 6.0

Residual: 0.3072246439811456


epsilon: 4.670833333333333

m: 6.166666666666666

Residual: 0.2744046931296207


epsilon: 4.670833333333333

m: 6.333333333333333

Residual: 0.26516288542746064


epsilon: 4.670833333333333

m: 6.5

Residual: 0.5199396604654433


epsilon: 4.670833333333333

m: 6.666666666666666

Residual: 0.5961812494744324


epsilon: 4.670833333333333

m: 6.833333333333333

Residual: 0.48983152892191056


epsilon: 4.670833333333333

m: 7.0

Residual: 0.6067659382587126


epsilon: 5.00375

m: 3.0

Residual: 0.9881522492883297


epsilon: 5.00375

m: 3.1666666666666665

Residual: 0.9820862150371337


epsilon: 5.00375

m: 3.3333333333333335

Residual: 0.9733759553041564


epsilon: 5.00375

m: 3.5

Residual: 0.9605928921019123


epsilon: 5.00375

m: 3.6666666666666665

Residual: 0.9441818056542473


epsilon: 5.00375

m: 3.833333333333333

Residual: 0.9212130588904867


epsilon: 5.00375

m: 4.0

Residual: 0.8874491109826782


epsilon: 5.00375

m: 4.166666666666666

Residual: 0.8554836857011547


epsilon: 5.00375

m: 4.333333333333333

Residual: 0.806546269842


epsilon: 5.00375

m: 4.5

Residual: 0.7470087584184986


epsilon: 5.00375

m: 4.666666666666666

Residual: 0.7112532991586554


epsilon: 5.00375

m: 4.833333333333333

Residual: 0.6517737385793081


epsilon: 5.00375

m: 5.0

Residual: 0.5881177062058763


epsilon: 5.00375

m: 5.166666666666666

Residual: 0.4927826121814602


epsilon: 5.00375

m: 5.333333333333333

Residual: 0.3965003943486697


epsilon: 5.00375

m: 5.5

Residual: 0.3393751333128044


epsilon: 5.00375

m: 5.666666666666666

Residual: 0.4036857028732269


epsilon: 5.00375

m: 5.833333333333333

Residual: 0.37178668756641453


epsilon: 5.00375

m: 6.0

Residual: 0.3685207740502296


epsilon: 5.00375

m: 6.166666666666666

Residual: 0.3449516858891331


epsilon: 5.00375

m: 6.333333333333333

Residual: 0.37384722489042915


epsilon: 5.00375

m: 6.5

Residual: 0.47536759694533837


epsilon: 5.00375

m: 6.666666666666666

Residual: 0.4926050762868107


epsilon: 5.00375

m: 6.833333333333333

Residual: 0.6191430435134317


epsilon: 5.00375

m: 7.0

Residual: 0.5121039495675934


epsilon: 5.336666666666667

m: 3.0

Residual: 0.9888959541185927


epsilon: 5.336666666666667

m: 3.1666666666666665

Residual: 0.9831437035850298


epsilon: 5.336666666666667

m: 3.3333333333333335

Residual: 0.9747936964861936


epsilon: 5.336666666666667

m: 3.5

Residual: 0.9633673920830095


epsilon: 5.336666666666667

m: 3.6666666666666665

Residual: 0.9475270692027217


epsilon: 5.336666666666667

m: 3.833333333333333

Residual: 0.9255355469050893


epsilon: 5.336666666666667

m: 4.0

Residual: 0.8957737941937536


epsilon: 5.336666666666667

m: 4.166666666666666

Residual: 0.8613130434903074


epsilon: 5.336666666666667

m: 4.333333333333333

Residual: 0.8123699849090156


epsilon: 5.336666666666667

m: 4.5

Residual: 0.7670547125579086


epsilon: 5.336666666666667

m: 4.666666666666666

Residual: 0.733402017406423


epsilon: 5.336666666666667

m: 4.833333333333333

Residual: 0.6637578258070683


epsilon: 5.336666666666667

m: 5.0

Residual: 0.568149312454143


epsilon: 5.336666666666667

m: 5.166666666666666

Residual: 0.47502713992267437


epsilon: 5.336666666666667

m: 5.333333333333333

Residual: 0.40413118455856883


epsilon: 5.336666666666667

m: 5.5

Residual: 0.37064184288061935


epsilon: 5.336666666666667

m: 5.666666666666666

Residual: 0.3841068790459793


epsilon: 5.336666666666667

m: 5.833333333333333

Residual: 0.4041366646331747


epsilon: 5.336666666666667

m: 6.0

Residual: 0.381312840998274


epsilon: 5.336666666666667

m: 6.166666666666666

Residual: 0.3487443537963458


epsilon: 5.336666666666667

m: 6.333333333333333

Residual: 0.6045874720492377


epsilon: 5.336666666666667

m: 6.5

Residual: 0.5372686838681318


epsilon: 5.336666666666667

m: 6.666666666666666

Residual: 0.4445529081165864


epsilon: 5.336666666666667

m: 6.833333333333333

Residual: 0.5301632819498245


epsilon: 5.336666666666667

m: 7.0

Residual: 0.44710553033933137


epsilon: 5.669583333333334

m: 3.0

Residual: 0.9895470640548685


epsilon: 5.669583333333334

m: 3.1666666666666665

Residual: 0.9841899228683755


epsilon: 5.669583333333334

m: 3.3333333333333335

Residual: 0.9764543521240227


epsilon: 5.669583333333334

m: 3.5

Residual: 0.9655419662772896


epsilon: 5.669583333333334

m: 3.6666666666666665

Residual: 0.9495179393565906


epsilon: 5.669583333333334

m: 3.833333333333333

Residual: 0.9301414697920628


epsilon: 5.669583333333334

m: 4.0

Residual: 0.8999140480083812


epsilon: 5.669583333333334

m: 4.166666666666666

Residual: 0.8706705282903822


epsilon: 5.669583333333334

m: 4.333333333333333

Residual: 0.825189053375915


epsilon: 5.669583333333334

m: 4.5

Residual: 0.7798100072304776


epsilon: 5.669583333333334

m: 4.666666666666666

Residual: 0.7140771095558809


epsilon: 5.669583333333334

m: 4.833333333333333

Residual: 0.6557172442589408


epsilon: 5.669583333333334

m: 5.0

Residual: 0.5960103455627246


epsilon: 5.669583333333334

m: 5.166666666666666

Residual: 0.5648291667251789


epsilon: 5.669583333333334

m: 5.333333333333333

Residual: 0.4832324441862966


epsilon: 5.669583333333334

m: 5.5

Residual: 0.370238903522809


epsilon: 5.669583333333334

m: 5.666666666666666

Residual: 0.4035446116205158


epsilon: 5.669583333333334

m: 5.833333333333333

Residual: 0.29581037372276264


epsilon: 5.669583333333334

m: 6.0

Residual: 0.33083980058419865


epsilon: 5.669583333333334

m: 6.166666666666666

Residual: 0.28058713840322175


epsilon: 5.669583333333334

m: 6.333333333333333

Residual: 0.535146721720622


epsilon: 5.669583333333334

m: 6.5

Residual: 0.35171113445392876


epsilon: 5.669583333333334

m: 6.666666666666666

Residual: 0.5639069979209125


epsilon: 5.669583333333334

m: 6.833333333333333

Residual: 0.46267707124978136


epsilon: 5.669583333333334

m: 7.0

Residual: 0.3608628883513211


epsilon: 6.0025

m: 3.0

Residual: 0.9901186429144121


epsilon: 6.0025

m: 3.1666666666666665

Residual: 0.9850064018536553


epsilon: 6.0025

m: 3.3333333333333335

Residual: 0.9775390567764445


epsilon: 6.0025

m: 3.5

Residual: 0.9672276857167326


epsilon: 6.0025

m: 3.6666666666666665

Residual: 0.9519969830904681


epsilon: 6.0025

m: 3.833333333333333

Residual: 0.933179208693592


epsilon: 6.0025

m: 4.0

Residual: 0.9081203657619


epsilon: 6.0025

m: 4.166666666666666

Residual: 0.8763250609440197


epsilon: 6.0025

m: 4.333333333333333

Residual: 0.8326812079221221


epsilon: 6.0025

m: 4.5

Residual: 0.7913903511210912


epsilon: 6.0025

m: 4.666666666666666

Residual: 0.7212289732071223


epsilon: 6.0025

m: 4.833333333333333

Residual: 0.6905350278718306


epsilon: 6.0025

m: 5.0

Residual: 0.6127151373605714


epsilon: 6.0025

m: 5.166666666666666

Residual: 0.6116291410771623


epsilon: 6.0025

m: 5.333333333333333

Residual: 0.5405980623423372


epsilon: 6.0025

m: 5.5

Residual: 0.4942252456967503


epsilon: 6.0025

m: 5.666666666666666

Residual: 0.3762890869384556


epsilon: 6.0025

m: 5.833333333333333

Residual: 0.3406310767728961


epsilon: 6.0025

m: 6.0

Residual: 0.5524102512110083


epsilon: 6.0025

m: 6.166666666666666

Residual: 0.47152145402559287


epsilon: 6.0025

m: 6.333333333333333

Residual: 0.5047613921909601


epsilon: 6.0025

m: 6.5

Residual: 0.5538005811587966


epsilon: 6.0025

m: 6.666666666666666

Residual: 0.4362176567981499


epsilon: 6.0025

m: 6.833333333333333

Residual: 0.5213888505149705


epsilon: 6.0025

m: 7.0

Residual: 0.587664715272749


epsilon: 6.335416666666667

m: 3.0

Residual: 0.9906192873931283


epsilon: 6.335416666666667

m: 3.1666666666666665

Residual: 0.9858213133128169


epsilon: 6.335416666666667

m: 3.3333333333333335

Residual: 0.9787874164762979


epsilon: 6.335416666666667

m: 3.5

Residual: 0.9687753204019941


epsilon: 6.335416666666667

m: 3.6666666666666665

Residual: 0.9555460585172335


epsilon: 6.335416666666667

m: 3.833333333333333

Residual: 0.936342059323761


epsilon: 6.335416666666667

m: 4.0

Residual: 0.9135088450388216


epsilon: 6.335416666666667

m: 4.166666666666666

Residual: 0.8825131914667227


epsilon: 6.335416666666667

m: 4.333333333333333

Residual: 0.846883625837144


epsilon: 6.335416666666667

m: 4.5

Residual: 0.8033337169264695


epsilon: 6.335416666666667

m: 4.666666666666666

Residual: 0.7755895234517663


epsilon: 6.335416666666667

m: 4.833333333333333

Residual: 0.6895035091183763


epsilon: 6.335416666666667

m: 5.0

Residual: 0.6193987726141406


epsilon: 6.335416666666667

m: 5.166666666666666

Residual: 0.5465528062428698


epsilon: 6.335416666666667

m: 5.333333333333333

Residual: 0.5147106095921415


epsilon: 6.335416666666667

m: 5.5

Residual: 0.46665002530713817


epsilon: 6.335416666666667

m: 5.666666666666666

Residual: 0.3771157838842562


epsilon: 6.335416666666667

m: 5.833333333333333

Residual: 0.4191504192248127


epsilon: 6.335416666666667

m: 6.0

Residual: 0.40144457852810206


epsilon: 6.335416666666667

m: 6.166666666666666

Residual: 0.3017873200757014


epsilon: 6.335416666666667

m: 6.333333333333333

Residual: 0.35058058882709997


epsilon: 6.335416666666667

m: 6.5

Residual: 0.3415118212687049


epsilon: 6.335416666666667

m: 6.666666666666666

Residual: 0.37120129290832443


epsilon: 6.335416666666667

m: 6.833333333333333

Residual: 0.33529462479407784


epsilon: 6.335416666666667

m: 7.0

Residual: 0.5832063875080432


epsilon: 6.668333333333334

m: 3.0

Residual: 0.991091747430662


epsilon: 6.668333333333334

m: 3.1666666666666665

Residual: 0.9865196127504492


epsilon: 6.668333333333334

m: 3.3333333333333335

Residual: 0.9798572832899776


epsilon: 6.668333333333334

m: 3.5

Residual: 0.970647421665332


epsilon: 6.668333333333334

m: 3.6666666666666665

Residual: 0.9570558212717033


epsilon: 6.668333333333334

m: 3.833333333333333

Residual: 0.9392590305923675


epsilon: 6.668333333333334

m: 4.0

Residual: 0.9165654974025829


epsilon: 6.668333333333334

m: 4.166666666666666

Residual: 0.8838419153572028


epsilon: 6.668333333333334

m: 4.333333333333333

Residual: 0.8524476772692131


epsilon: 6.668333333333334

m: 4.5

Residual: 0.8112732769610299


epsilon: 6.668333333333334

m: 4.666666666666666

Residual: 0.7490407568253561


epsilon: 6.668333333333334

m: 4.833333333333333

Residual: 0.7201801462112416


epsilon: 6.668333333333334

m: 5.0

Residual: 0.6310365188928511


epsilon: 6.668333333333334

m: 5.166666666666666

Residual: 0.5581062257969103


epsilon: 6.668333333333334

m: 5.333333333333333

Residual: 0.4918875606352041


epsilon: 6.668333333333334

m: 5.5

Residual: 0.4807553864793562


epsilon: 6.668333333333334

m: 5.666666666666666

Residual: 0.3665862824115938


epsilon: 6.668333333333334

m: 5.833333333333333

Residual: 0.3931885790119398


epsilon: 6.668333333333334

m: 6.0

Residual: 0.32632734729877094


epsilon: 6.668333333333334

m: 6.166666666666666

Residual: 0.3253895233871893


epsilon: 6.668333333333334

m: 6.333333333333333

Residual: 0.35192762034037284


epsilon: 6.668333333333334

m: 6.5

Residual: 0.3127700553904118


epsilon: 6.668333333333334

m: 6.666666666666666

Residual: 0.3373215255382779


epsilon: 6.668333333333334

m: 6.833333333333333

Residual: 0.3236284118743176


epsilon: 6.668333333333334

m: 7.0

Residual: 0.6401012856105472


epsilon: 7.001250000000001

m: 3.0

Residual: 0.9915261030774488


epsilon: 7.001250000000001

m: 3.1666666666666665

Residual: 0.9871044717824806


epsilon: 7.001250000000001

m: 3.3333333333333335

Residual: 0.9808478038896666


epsilon: 7.001250000000001

m: 3.5

Residual: 0.9717519089512384


epsilon: 7.001250000000001

m: 3.6666666666666665

Residual: 0.9588396282991066


epsilon: 7.001250000000001

m: 3.833333333333333

Residual: 0.9428463357725364


epsilon: 7.001250000000001

m: 4.0

Residual: 0.9203104674941402


epsilon: 7.001250000000001

m: 4.166666666666666

Residual: 0.8887806599866397


epsilon: 7.001250000000001

m: 4.333333333333333

Residual: 0.8600455888507391


epsilon: 7.001250000000001

m: 4.5

Residual: 0.8117574899083829


epsilon: 7.001250000000001

m: 4.666666666666666

Residual: 0.7830360692723662


epsilon: 7.001250000000001

m: 4.833333333333333

Residual: 0.7075295569151778


epsilon: 7.001250000000001

m: 5.0

Residual: 0.6676521482816549


epsilon: 7.001250000000001

m: 5.166666666666666

Residual: 0.6147895854779821


epsilon: 7.001250000000001

m: 5.333333333333333

Residual: 0.5182867655844238


epsilon: 7.001250000000001

m: 5.5

Residual: 0.5023086999297357


epsilon: 7.001250000000001

m: 5.666666666666666

Residual: 0.4036961266677608


epsilon: 7.001250000000001

m: 5.833333333333333

Residual: 0.3692584114281408


epsilon: 7.001250000000001

m: 6.0

Residual: 0.4595370422838235


epsilon: 7.001250000000001

m: 6.166666666666666

Residual: 0.501419369882429


epsilon: 7.001250000000001

m: 6.333333333333333

Residual: 0.4785141515924608


epsilon: 7.001250000000001

m: 6.5

Residual: 0.5362887189149836


epsilon: 7.001250000000001

m: 6.666666666666666

Residual: 0.470379402356205


epsilon: 7.001250000000001

m: 6.833333333333333

Residual: 0.6054013891953385


epsilon: 7.001250000000001

m: 7.0

Residual: 0.5600571951952696


epsilon: 7.334166666666667

m: 3.0

Residual: 0.9918823227391019


epsilon: 7.334166666666667

m: 3.1666666666666665

Residual: 0.987764236750043


epsilon: 7.334166666666667

m: 3.3333333333333335

Residual: 0.981727954186268


epsilon: 7.334166666666667

m: 3.5

Residual: 0.9732081675736874


epsilon: 7.334166666666667

m: 3.6666666666666665

Residual: 0.9613518991224218


epsilon: 7.334166666666667

m: 3.833333333333333

Residual: 0.9452993638533452


epsilon: 7.334166666666667

m: 4.0

Residual: 0.9244714672839095


epsilon: 7.334166666666667

m: 4.166666666666666

Residual: 0.8987889085782879


epsilon: 7.334166666666667

m: 4.333333333333333

Residual: 0.862595748152457


epsilon: 7.334166666666667

m: 4.5

Residual: 0.8173811400270053


epsilon: 7.334166666666667

m: 4.666666666666666

Residual: 0.7840818238005011


epsilon: 7.334166666666667

m: 4.833333333333333

Residual: 0.7524958209131789


epsilon: 7.334166666666667

m: 5.0

Residual: 0.7082913823436631


epsilon: 7.334166666666667

m: 5.166666666666666

Residual: 0.602126150755121


epsilon: 7.334166666666667

m: 5.333333333333333

Residual: 0.5838422953715438


epsilon: 7.334166666666667

m: 5.5

Residual: 0.5150546544420095


epsilon: 7.334166666666667

m: 5.666666666666666

Residual: 0.4107550456822663


epsilon: 7.334166666666667

m: 5.833333333333333

Residual: 0.4356676808685957


epsilon: 7.334166666666667

m: 6.0

Residual: 0.4321034866089344


epsilon: 7.334166666666667

m: 6.166666666666666

Residual: 0.5252995179838681


epsilon: 7.334166666666667

m: 6.333333333333333

Residual: 0.4057376379732392


epsilon: 7.334166666666667

m: 6.5

Residual: 0.4276716991102194


epsilon: 7.334166666666667

m: 6.666666666666666

Residual: 0.554391912389601


epsilon: 7.334166666666667

m: 6.833333333333333

Residual: 0.34441973793714825


epsilon: 7.334166666666667

m: 7.0

Residual: 0.6976014612715191


epsilon: 7.667083333333334

m: 3.0

Residual: 0.9922467270903086


epsilon: 7.667083333333334

m: 3.1666666666666665

Residual: 0.988247592685845


epsilon: 7.667083333333334

m: 3.3333333333333335

Residual: 0.9824507082860642


epsilon: 7.667083333333334

m: 3.5

Residual: 0.9741056477919319


epsilon: 7.667083333333334

m: 3.6666666666666665

Residual: 0.9626435335369949


epsilon: 7.667083333333334

m: 3.833333333333333

Residual: 0.9468350933475342


epsilon: 7.667083333333334

m: 4.0

Residual: 0.9260892771553487


epsilon: 7.667083333333334

m: 4.166666666666666

Residual: 0.9017259370758751


epsilon: 7.667083333333334

m: 4.333333333333333

Residual: 0.8669120852748002


epsilon: 7.667083333333334

m: 4.5

Residual: 0.8308964319990507


epsilon: 7.667083333333334

m: 4.666666666666666

Residual: 0.7808459508408183


epsilon: 7.667083333333334

m: 4.833333333333333

Residual: 0.7429534640516825


epsilon: 7.667083333333334

m: 5.0

Residual: 0.6701097548812139


epsilon: 7.667083333333334

m: 5.166666666666666

Residual: 0.6347609551917471


epsilon: 7.667083333333334

m: 5.333333333333333

Residual: 0.5983680950115533


epsilon: 7.667083333333334

m: 5.5

Residual: 0.47152235401138154


epsilon: 7.667083333333334

m: 5.666666666666666

Residual: 0.5404799644343867


epsilon: 7.667083333333334

m: 5.833333333333333

Residual: 0.46119440797574146


epsilon: 7.667083333333334

m: 6.0

Residual: 0.5383646390176934


epsilon: 7.667083333333334

m: 6.166666666666666

Residual: 0.3608445038076552


epsilon: 7.667083333333334

m: 6.333333333333333

Residual: 0.5744761737481784


epsilon: 7.667083333333334

m: 6.5

Residual: 0.36819261575881734


epsilon: 7.667083333333334

m: 6.666666666666666

Residual: 0.68060109228015


epsilon: 7.667083333333334

m: 6.833333333333333

Residual: 0.37432484568903684


epsilon: 7.667083333333334

m: 7.0

Residual: 0.6789476732337454


epsilon: 8.0

m: 3.0

Residual: 0.9925739587187429


epsilon: 8.0

m: 3.1666666666666665

Residual: 0.9887452093131543


epsilon: 8.0

m: 3.3333333333333335

Residual: 0.9832234094863189


epsilon: 8.0

m: 3.5

Residual: 0.9752679245929093


epsilon: 8.0

m: 3.6666666666666665

Residual: 0.9643209818373014


epsilon: 8.0

m: 3.833333333333333

Residual: 0.9494421885782854


epsilon: 8.0

m: 4.0

Residual: 0.929422998227259


epsilon: 8.0

m: 4.166666666666666

Residual: 0.9127194260969486


epsilon: 8.0

m: 4.333333333333333

Residual: 0.8708072778443811


epsilon: 8.0

m: 4.5

Residual: 0.833944262410992


epsilon: 8.0

m: 4.666666666666666

Residual: 0.7903105426784074


epsilon: 8.0

m: 4.833333333333333

Residual: 0.7377090262155714


epsilon: 8.0

m: 5.0

Residual: 0.7009478716278295


epsilon: 8.0

m: 5.166666666666666

Residual: 0.6367718254358024


epsilon: 8.0

m: 5.333333333333333

Residual: 0.5760718861883823


epsilon: 8.0

m: 5.5

Residual: 0.5258955567118038


epsilon: 8.0

m: 5.666666666666666

Residual: 0.47825304907610705


epsilon: 8.0

m: 5.833333333333333

Residual: 0.4723340512882663


epsilon: 8.0

m: 6.0

Residual: 0.45493067394365666


epsilon: 8.0

m: 6.166666666666666

Residual: 0.3607325709176378


epsilon: 8.0

m: 6.333333333333333

Residual: 0.6219285538147461


epsilon: 8.0

m: 6.5

Residual: 0.47405881312555487


epsilon: 8.0

m: 6.666666666666666

Residual: 0.33599676600614514


epsilon: 8.0

m: 6.833333333333333

Residual: 0.4970574898184909


epsilon: 8.0

m: 7.0

Residual: 0.4517730902791171


