epsilon: 0.01

m: 3.0

Residual: 0.6647519971715466


epsilon: 0.01

m: 3.0

Residual: 0.6646166667791055


epsilon: 0.01

m: 3.1666666666666665

Residual: 0.7461152958626472


epsilon: 0.01

m: 3.3333333333333335

Residual: 0.815472219258736


epsilon: 0.01

m: 3.5

Residual: 0.866565415711713


epsilon: 0.01

m: 3.6666666666666665

Residual: 0.9024316221246504


epsilon: 0.01

m: 3.833333333333333

Residual: 0.9284166779118807


epsilon: 0.01

m: 4.0

Residual: 0.9464193207635362


epsilon: 0.01

m: 4.166666666666666

Residual: 0.9603378817573031


epsilon: 0.01

m: 4.333333333333333

Residual: 0.9692313361546228


epsilon: 0.01

m: 4.5

Residual: 0.9761894072548226


epsilon: 0.01

m: 4.666666666666666

Residual: 0.9814921185201817


epsilon: 0.01

m: 4.833333333333333

Residual: 0.9852856936560097


epsilon: 0.01

m: 5.0

Residual: 0.9882168116320632


epsilon: 0.01

m: 5.166666666666666

Residual: 0.9908599288770196


epsilon: 0.01

m: 5.333333333333333

Residual: 0.9920153721360111


epsilon: 0.01

m: 5.5

Residual: 0.993106740714634


epsilon: 0.01

m: 5.666666666666666

Residual: 0.9944031281212254


epsilon: 0.01

m: 5.833333333333333

Residual: 0.995006658225644


epsilon: 0.01

m: 6.0

Residual: 0.9958684029829021


epsilon: 0.01

m: 6.166666666666666

Residual: 0.9969024103096


epsilon: 0.01

m: 6.333333333333333

Residual: 0.9971691519787421


epsilon: 0.01

m: 6.5

Residual: 0.9971806580357279


epsilon: 0.01

m: 6.666666666666666

Residual: 0.9979213309987119


epsilon: 0.01

m: 6.833333333333333

Residual: 0.9974888452896684


epsilon: 0.01

m: 7.0

Residual: 0.9980977025388288


epsilon: 0.3429166666666667

m: 3.0

Residual: 0.7573246682867221


epsilon: 0.3429166666666667

m: 3.1666666666666665

Residual: 0.6663034123689552


epsilon: 0.3429166666666667

m: 3.3333333333333335

Residual: 0.554117257898611


epsilon: 0.3429166666666667

m: 3.5

Residual: 0.43897553461546046


epsilon: 0.3429166666666667

m: 3.6666666666666665

Residual: 0.33095335256296493


epsilon: 0.3429166666666667

m: 3.833333333333333

Residual: 0.25335501331710536


epsilon: 0.3429166666666667

m: 4.0

Residual: 0.22150189509955973


epsilon: 0.3429166666666667

m: 4.166666666666666

Residual: 0.24123604720687938


epsilon: 0.3429166666666667

m: 4.333333333333333

Residual: 0.3158885175312868


epsilon: 0.3429166666666667

m: 4.5

Residual: 0.41205403775119626


epsilon: 0.3429166666666667

m: 4.666666666666666

Residual: 0.517582164229355


epsilon: 0.3429166666666667

m: 4.833333333333333

Residual: 0.5938723045565742


epsilon: 0.3429166666666667

m: 5.0

Residual: 0.667808185549326


epsilon: 0.3429166666666667

m: 5.166666666666666

Residual: 0.708592274900016


epsilon: 0.3429166666666667

m: 5.333333333333333

Residual: 0.7513227946718429


epsilon: 0.3429166666666667

m: 5.5

Residual: 0.7965537204961093


epsilon: 0.3429166666666667

m: 5.666666666666666

Residual: 0.8361975559065771


epsilon: 0.3429166666666667

m: 5.833333333333333

Residual: 0.8398406265591085


epsilon: 0.3429166666666667

m: 6.0

Residual: 0.8591849262923588


epsilon: 0.3429166666666667

m: 6.166666666666666

Residual: 0.89218068730507


epsilon: 0.3429166666666667

m: 6.333333333333333

Residual: 0.8937369507911456


epsilon: 0.3429166666666667

m: 6.5

Residual: 0.9006385209878647


epsilon: 0.3429166666666667

m: 6.666666666666666

Residual: 0.9155501663601213


epsilon: 0.3429166666666667

m: 6.833333333333333

Residual: 0.9341771422842173


epsilon: 0.3429166666666667

m: 7.0

Residual: 0.934590106747372


epsilon: 0.6758333333333334

m: 3.0

Residual: 0.8689589740439974


epsilon: 0.6758333333333334

m: 3.1666666666666665

Residual: 0.8155532009425243


epsilon: 0.6758333333333334

m: 3.3333333333333335

Residual: 0.7456389153609252


epsilon: 0.6758333333333334

m: 3.5

Residual: 0.6576836142627632


epsilon: 0.6758333333333334

m: 3.6666666666666665

Residual: 0.550817862084316


epsilon: 0.6758333333333334

m: 3.833333333333333

Residual: 0.4366040785715981


epsilon: 0.6758333333333334

m: 4.0

Residual: 0.3100495827306588


epsilon: 0.6758333333333334

m: 4.166666666666666

Residual: 0.21805393448374222


epsilon: 0.6758333333333334

m: 4.333333333333333

Residual: 0.1467465696571353


epsilon: 0.6758333333333334

m: 4.5

Residual: 0.16197303674282287


epsilon: 0.6758333333333334

m: 4.666666666666666

Residual: 0.2191321324616229


epsilon: 0.6758333333333334

m: 4.833333333333333

Residual: 0.33791779048227344


epsilon: 0.6758333333333334

m: 5.0

Residual: 0.435199519450424


epsilon: 0.6758333333333334

m: 5.166666666666666

Residual: 0.5032335346948499


epsilon: 0.6758333333333334

m: 5.333333333333333

Residual: 0.5668266880799683


epsilon: 0.6758333333333334

m: 5.5

Residual: 0.6274070494384093


epsilon: 0.6758333333333334

m: 5.666666666666666

Residual: 0.6838758334241413


epsilon: 0.6758333333333334

m: 5.833333333333333

Residual: 0.7195253347752122


epsilon: 0.6758333333333334

m: 6.0

Residual: 0.7668129724269154


epsilon: 0.6758333333333334

m: 6.166666666666666

Residual: 0.8044925254260923


epsilon: 0.6758333333333334

m: 6.333333333333333

Residual: 0.8039051574269003


epsilon: 0.6758333333333334

m: 6.5

Residual: 0.8389006659342282


epsilon: 0.6758333333333334

m: 6.666666666666666

Residual: 0.8297233145333832


epsilon: 0.6758333333333334

m: 6.833333333333333

Residual: 0.855643926652216


epsilon: 0.6758333333333334

m: 7.0

Residual: 0.891029323192268


epsilon: 1.00875

m: 3.0

Residual: 0.9103067815003593


epsilon: 1.00875

m: 3.1666666666666665

Residual: 0.8724371285009735


epsilon: 1.00875

m: 3.3333333333333335

Residual: 0.8219718816893551


epsilon: 1.00875

m: 3.5

Residual: 0.7572113686222482


epsilon: 1.00875

m: 3.6666666666666665

Residual: 0.6757024446005485


epsilon: 1.00875

m: 3.833333333333333

Residual: 0.5795508567637008


epsilon: 1.00875

m: 4.0

Residual: 0.4693307100980178


epsilon: 1.00875

m: 4.166666666666666

Residual: 0.34965099553018125


epsilon: 1.00875

m: 4.333333333333333

Residual: 0.24154221562427663


epsilon: 1.00875

m: 4.5

Residual: 0.1440213593126856


epsilon: 1.00875

m: 4.666666666666666

Residual: 0.09715628919312222


epsilon: 1.00875

m: 4.833333333333333

Residual: 0.14547459904610327


epsilon: 1.00875

m: 5.0

Residual: 0.25130583831119885


epsilon: 1.00875

m: 5.166666666666666

Residual: 0.3571341561433432


epsilon: 1.00875

m: 5.333333333333333

Residual: 0.43413593374431075


epsilon: 1.00875

m: 5.5

Residual: 0.5012792554247394


epsilon: 1.00875

m: 5.666666666666666

Residual: 0.5587477490944766


epsilon: 1.00875

m: 5.833333333333333

Residual: 0.6150597887988982


epsilon: 1.00875

m: 6.0

Residual: 0.6291792520169409


epsilon: 1.00875

m: 6.166666666666666

Residual: 0.719792112756834


epsilon: 1.00875

m: 6.333333333333333

Residual: 0.7441376788406244


epsilon: 1.00875

m: 6.5

Residual: 0.7333790499176299


epsilon: 1.00875

m: 6.666666666666666

Residual: 0.7714038966708849


epsilon: 1.00875

m: 6.833333333333333

Residual: 0.7885385522919538


epsilon: 1.00875

m: 7.0

Residual: 0.8382491592013536


epsilon: 1.3416666666666668

m: 3.0

Residual: 0.9318033896258993


epsilon: 1.3416666666666668

m: 3.1666666666666665

Residual: 0.9026649022645582


epsilon: 1.3416666666666668

m: 3.3333333333333335

Residual: 0.8632580766061358


epsilon: 1.3416666666666668

m: 3.5

Residual: 0.8112784668456579


epsilon: 1.3416666666666668

m: 3.6666666666666665

Residual: 0.7459493156058699


epsilon: 1.3416666666666668

m: 3.833333333333333

Residual: 0.6666526953697516


epsilon: 1.3416666666666668

m: 4.0

Residual: 0.571788042164249


epsilon: 1.3416666666666668

m: 4.166666666666666

Residual: 0.4678620737872519


epsilon: 1.3416666666666668

m: 4.333333333333333

Residual: 0.34998475827762504


epsilon: 1.3416666666666668

m: 4.5

Residual: 0.23910182128815546


epsilon: 1.3416666666666668

m: 4.666666666666666

Residual: 0.132240245539459


epsilon: 1.3416666666666668

m: 4.833333333333333

Residual: 0.05455730954522681


epsilon: 1.3416666666666668

m: 5.0

Residual: 0.09751779063892996


epsilon: 1.3416666666666668

m: 5.166666666666666

Residual: 0.20671085278672197


epsilon: 1.3416666666666668

m: 5.333333333333333

Residual: 0.30185718143640966


epsilon: 1.3416666666666668

m: 5.5

Residual: 0.3721091072096834


epsilon: 1.3416666666666668

m: 5.666666666666666

Residual: 0.4449903532922535


epsilon: 1.3416666666666668

m: 5.833333333333333

Residual: 0.5137432218697572


epsilon: 1.3416666666666668

m: 6.0

Residual: 0.5678252069652417


epsilon: 1.3416666666666668

m: 6.166666666666666

Residual: 0.5975766252370763


epsilon: 1.3416666666666668

m: 6.333333333333333

Residual: 0.6462559000389012


epsilon: 1.3416666666666668

m: 6.5

Residual: 0.669663706895032


epsilon: 1.3416666666666668

m: 6.666666666666666

Residual: 0.7013890490450578


epsilon: 1.3416666666666668

m: 6.833333333333333

Residual: 0.7252800461272098


epsilon: 1.3416666666666668

m: 7.0

Residual: 0.7560695428022125


epsilon: 1.6745833333333335

m: 3.0

Residual: 0.9449827541480711


epsilon: 1.6745833333333335

m: 3.1666666666666665

Residual: 0.9211899531923263


epsilon: 1.6745833333333335

m: 3.3333333333333335

Residual: 0.8888679214226767


epsilon: 1.6745833333333335

m: 3.5

Residual: 0.8463790417160537


epsilon: 1.6745833333333335

m: 3.6666666666666665

Residual: 0.7917444319640782


epsilon: 1.6745833333333335

m: 3.833333333333333

Residual: 0.7244967991994927


epsilon: 1.6745833333333335

m: 4.0

Residual: 0.6399254793783004


epsilon: 1.6745833333333335

m: 4.166666666666666

Residual: 0.5510055574304723


epsilon: 1.6745833333333335

m: 4.333333333333333

Residual: 0.4445781471278748


epsilon: 1.6745833333333335

m: 4.5

Residual: 0.33277294426170106


epsilon: 1.6745833333333335

m: 4.666666666666666

Residual: 0.25143271683429497


epsilon: 1.6745833333333335

m: 4.833333333333333

Residual: 0.12509663193749024


epsilon: 1.6745833333333335

m: 5.0

Residual: 0.03383417608859342


epsilon: 1.6745833333333335

m: 5.166666666666666

Residual: 0.10944863019863667


epsilon: 1.6745833333333335

m: 5.333333333333333

Residual: 0.18931125917045313


epsilon: 1.6745833333333335

m: 5.5

Residual: 0.2685975676754111


epsilon: 1.6745833333333335

m: 5.666666666666666

Residual: 0.36076038996874626


epsilon: 1.6745833333333335

m: 5.833333333333333

Residual: 0.41531319146640955


epsilon: 1.6745833333333335

m: 6.0

Residual: 0.5124672201796528


epsilon: 1.6745833333333335

m: 6.166666666666666

Residual: 0.5395293683956728


epsilon: 1.6745833333333335

m: 6.333333333333333

Residual: 0.5722341967753035


epsilon: 1.6745833333333335

m: 6.5

Residual: 0.6601649921002075


epsilon: 1.6745833333333335

m: 6.666666666666666

Residual: 0.6546772044936638


epsilon: 1.6745833333333335

m: 6.833333333333333

Residual: 0.6566535228995058


epsilon: 1.6745833333333335

m: 7.0

Residual: 0.752781247398381


epsilon: 2.0075

m: 3.0

Residual: 0.9538881075421107


epsilon: 2.0075

m: 3.1666666666666665

Residual: 0.9338383803777277


epsilon: 2.0075

m: 3.3333333333333335

Residual: 0.9065425969124338


epsilon: 2.0075

m: 3.5

Residual: 0.8698958204504097


epsilon: 2.0075

m: 3.6666666666666665

Residual: 0.8226293747647317


epsilon: 2.0075

m: 3.833333333333333

Residual: 0.764195938959443


epsilon: 2.0075

m: 4.0

Residual: 0.6921170609207057


epsilon: 2.0075

m: 4.166666666666666

Residual: 0.6100119120376359


epsilon: 2.0075

m: 4.333333333333333

Residual: 0.5129177910840443


epsilon: 2.0075

m: 4.5

Residual: 0.410560131210267


epsilon: 2.0075

m: 4.666666666666666

Residual: 0.3033263690465172


epsilon: 2.0075

m: 4.833333333333333

Residual: 0.20420637005375095


epsilon: 2.0075

m: 5.0

Residual: 0.12592475744546364


epsilon: 2.0075

m: 5.166666666666666

Residual: 0.030920983822850464


epsilon: 2.0075

m: 5.333333333333333

Residual: 0.09617408594862456


epsilon: 2.0075

m: 5.5

Residual: 0.19439444827617613


epsilon: 2.0075

m: 5.666666666666666

Residual: 0.2755208374049414


epsilon: 2.0075

m: 5.833333333333333

Residual: 0.3193529260855634


epsilon: 2.0075

m: 6.0

Residual: 0.4201276951562757


epsilon: 2.0075

m: 6.166666666666666

Residual: 0.44359026689115416


epsilon: 2.0075

m: 6.333333333333333

Residual: 0.5625041764488294


epsilon: 2.0075

m: 6.5

Residual: 0.5590925763641234


epsilon: 2.0075

m: 6.666666666666666

Residual: 0.5906962348768837


epsilon: 2.0075

m: 6.833333333333333

Residual: 0.6893623938711234


epsilon: 2.0075

m: 7.0

Residual: 0.6371154899901786


epsilon: 2.3404166666666666

m: 3.0

Residual: 0.9603482935798768


epsilon: 2.3404166666666666

m: 3.1666666666666665

Residual: 0.9429445034824574


epsilon: 2.3404166666666666

m: 3.3333333333333335

Residual: 0.9192921919709263


epsilon: 2.3404166666666666

m: 3.5

Residual: 0.8873923716328196


epsilon: 2.3404166666666666

m: 3.6666666666666665

Residual: 0.8460522240523837


epsilon: 2.3404166666666666

m: 3.833333333333333

Residual: 0.7942818944437319


epsilon: 2.3404166666666666

m: 4.0

Residual: 0.7299382090705805


epsilon: 2.3404166666666666

m: 4.166666666666666

Residual: 0.6536682774549581


epsilon: 2.3404166666666666

m: 4.333333333333333

Residual: 0.569693380801276


epsilon: 2.3404166666666666

m: 4.5

Residual: 0.4744479730842187


epsilon: 2.3404166666666666

m: 4.666666666666666

Residual: 0.3671638178952433


epsilon: 2.3404166666666666

m: 4.833333333333333

Residual: 0.2676372995307708


epsilon: 2.3404166666666666

m: 5.0

Residual: 0.17187756237920948


epsilon: 2.3404166666666666

m: 5.166666666666666

Residual: 0.08869488491781914


epsilon: 2.3404166666666666

m: 5.333333333333333

Residual: 0.13094381651711334


epsilon: 2.3404166666666666

m: 5.5

Residual: 0.14526449672446773


epsilon: 2.3404166666666666

m: 5.666666666666666

Residual: 0.20209785050867546


epsilon: 2.3404166666666666

m: 5.833333333333333

Residual: 0.28170620924340856


epsilon: 2.3404166666666666

m: 6.0

Residual: 0.38934474000503577


epsilon: 2.3404166666666666

m: 6.166666666666666

Residual: 0.45257820507906904


epsilon: 2.3404166666666666

m: 6.333333333333333

Residual: 0.45157300474494444


epsilon: 2.3404166666666666

m: 6.5

Residual: 0.5124586486542028


epsilon: 2.3404166666666666

m: 6.666666666666666

Residual: 0.5537976242738277


epsilon: 2.3404166666666666

m: 6.833333333333333

Residual: 0.5797786367481987


epsilon: 2.3404166666666666

m: 7.0

Residual: 0.6486432500645299


epsilon: 2.6733333333333333

m: 3.0

Residual: 0.9651794735669448


epsilon: 2.6733333333333333

m: 3.1666666666666665

Residual: 0.9498440438251404


epsilon: 2.6733333333333333

m: 3.3333333333333335

Residual: 0.9289650843466953


epsilon: 2.6733333333333333

m: 3.5

Residual: 0.9008151470241526


epsilon: 2.6733333333333333

m: 3.6666666666666665

Residual: 0.8634652476088726


epsilon: 2.6733333333333333

m: 3.833333333333333

Residual: 0.8174450937323697


epsilon: 2.6733333333333333

m: 4.0

Residual: 0.760050372091728


epsilon: 2.6733333333333333

m: 4.166666666666666

Residual: 0.6921680509715638


epsilon: 2.6733333333333333

m: 4.333333333333333

Residual: 0.6116951783687294


epsilon: 2.6733333333333333

m: 4.5

Residual: 0.5157699332769801


epsilon: 2.6733333333333333

m: 4.666666666666666

Residual: 0.4310253064492102


epsilon: 2.6733333333333333

m: 4.833333333333333

Residual: 0.32779521570647185


epsilon: 2.6733333333333333

m: 5.0

Residual: 0.22831773400264155


epsilon: 2.6733333333333333

m: 5.166666666666666

Residual: 0.14080641466248084


epsilon: 2.6733333333333333

m: 5.333333333333333

Residual: 0.07583544525422169


epsilon: 2.6733333333333333

m: 5.5

Residual: 0.0832323062901075


epsilon: 2.6733333333333333

m: 5.666666666666666

Residual: 0.13696872491591858


epsilon: 2.6733333333333333

m: 5.833333333333333

Residual: 0.24347351909527998


epsilon: 2.6733333333333333

m: 6.0

Residual: 0.28047542981062906


epsilon: 2.6733333333333333

m: 6.166666666666666

Residual: 0.3485031340744299


epsilon: 2.6733333333333333

m: 6.333333333333333

Residual: 0.413331756538696


epsilon: 2.6733333333333333

m: 6.5

Residual: 0.52229824686215


epsilon: 2.6733333333333333

m: 6.666666666666666

Residual: 0.555810421746883


epsilon: 2.6733333333333333

m: 6.833333333333333

Residual: 0.5092217434273548


epsilon: 2.6733333333333333

m: 7.0

Residual: 0.5507437873357452


epsilon: 3.00625

m: 3.0

Residual: 0.9689917605970851


epsilon: 3.00625

m: 3.1666666666666665

Residual: 0.9553445765323222


epsilon: 3.00625

m: 3.3333333333333335

Residual: 0.9364946198405091


epsilon: 3.00625

m: 3.5

Residual: 0.9111288934790627


epsilon: 3.00625

m: 3.6666666666666665

Residual: 0.878109141631286


epsilon: 3.00625

m: 3.833333333333333

Residual: 0.836102400172117


epsilon: 3.00625

m: 4.0

Residual: 0.7825014202656188


epsilon: 3.00625

m: 4.166666666666666

Residual: 0.7206282144500576


epsilon: 3.00625

m: 4.333333333333333

Residual: 0.6467750681072557


epsilon: 3.00625

m: 4.5

Residual: 0.5623249388395218


epsilon: 3.00625

m: 4.666666666666666

Residual: 0.4653181251241222


epsilon: 3.00625

m: 4.833333333333333

Residual: 0.37245581314298254


epsilon: 3.00625

m: 5.0

Residual: 0.2876947599841297


epsilon: 3.00625

m: 5.166666666666666

Residual: 0.18968910606994163


epsilon: 3.00625

m: 5.333333333333333

Residual: 0.14688672760093857


epsilon: 3.00625

m: 5.5

Residual: 0.10347177066866106


epsilon: 3.00625

m: 5.666666666666666

Residual: 0.10996154201313714


epsilon: 3.00625

m: 5.833333333333333

Residual: 0.1980981590441024


epsilon: 3.00625

m: 6.0

Residual: 0.22202303350647892


epsilon: 3.00625

m: 6.166666666666666

Residual: 0.26393172748430965


epsilon: 3.00625

m: 6.333333333333333

Residual: 0.37220010567882933


epsilon: 3.00625

m: 6.5

Residual: 0.43440102634422034


epsilon: 3.00625

m: 6.666666666666666

Residual: 0.42337908292023235


epsilon: 3.00625

m: 6.833333333333333

Residual: 0.5459276056831709


epsilon: 3.00625

m: 7.0

Residual: 0.5980957338521876


epsilon: 3.339166666666667

m: 3.0

Residual: 0.9720183933805113


epsilon: 3.339166666666667

m: 3.1666666666666665

Residual: 0.9597038798548564


epsilon: 3.339166666666667

m: 3.3333333333333335

Residual: 0.9427350684447554


epsilon: 3.339166666666667

m: 3.5

Residual: 0.9197135645452691


epsilon: 3.339166666666667

m: 3.6666666666666665

Residual: 0.8894832632384598


epsilon: 3.339166666666667

m: 3.833333333333333

Residual: 0.850863418000354


epsilon: 3.339166666666667

m: 4.0

Residual: 0.803709671249211


epsilon: 3.339166666666667

m: 4.166666666666666

Residual: 0.7457803590864254


epsilon: 3.339166666666667

m: 4.333333333333333

Residual: 0.677145767430619


epsilon: 3.339166666666667

m: 4.5

Residual: 0.5971626452444521


epsilon: 3.339166666666667

m: 4.666666666666666

Residual: 0.505221354543033


epsilon: 3.339166666666667

m: 4.833333333333333

Residual: 0.41861841916219034


epsilon: 3.339166666666667

m: 5.0

Residual: 0.3221213794105673


epsilon: 3.339166666666667

m: 5.166666666666666

Residual: 0.23417164431853177


epsilon: 3.339166666666667

m: 5.333333333333333

Residual: 0.16371602477544114


epsilon: 3.339166666666667

m: 5.5

Residual: 0.14064598023802036


epsilon: 3.339166666666667

m: 5.666666666666666

Residual: 0.11805193495833106


epsilon: 3.339166666666667

m: 5.833333333333333

Residual: 0.2155967868668067


epsilon: 3.339166666666667

m: 6.0

Residual: 0.16840883575315246


epsilon: 3.339166666666667

m: 6.166666666666666

Residual: 0.24341926219043183


epsilon: 3.339166666666667

m: 6.333333333333333

Residual: 0.3277430242527815


epsilon: 3.339166666666667

m: 6.5

Residual: 0.3985688143998269


epsilon: 3.339166666666667

m: 6.666666666666666

Residual: 0.4483710233014962


epsilon: 3.339166666666667

m: 6.833333333333333

Residual: 0.4583500551082603


epsilon: 3.339166666666667

m: 7.0

Residual: 0.5871205031686073


epsilon: 3.6720833333333336

m: 3.0

Residual: 0.9745491291193077


epsilon: 3.6720833333333336

m: 3.1666666666666665

Residual: 0.9632663292431973


epsilon: 3.6720833333333336

m: 3.3333333333333335

Residual: 0.9477532943831718


epsilon: 3.6720833333333336

m: 3.5

Residual: 0.9266607476469038


epsilon: 3.6720833333333336

m: 3.6666666666666665

Residual: 0.8986008188587988


epsilon: 3.6720833333333336

m: 3.833333333333333

Residual: 0.8633373613487182


epsilon: 3.6720833333333336

m: 4.0

Residual: 0.8199728205699205


epsilon: 3.6720833333333336

m: 4.166666666666666

Residual: 0.7658422923074996


epsilon: 3.6720833333333336

m: 4.333333333333333

Residual: 0.7018204052091335


epsilon: 3.6720833333333336

m: 4.5

Residual: 0.6211109323644391


epsilon: 3.6720833333333336

m: 4.666666666666666

Residual: 0.5525524333148379


epsilon: 3.6720833333333336

m: 4.833333333333333

Residual: 0.45918742123340195


epsilon: 3.6720833333333336

m: 5.0

Residual: 0.372774789889768


epsilon: 3.6720833333333336

m: 5.166666666666666

Residual: 0.29693302999086146


epsilon: 3.6720833333333336

m: 5.333333333333333

Residual: 0.19117719295269314


epsilon: 3.6720833333333336

m: 5.5

Residual: 0.14280458901731793


epsilon: 3.6720833333333336

m: 5.666666666666666

Residual: 0.1212648006746215


epsilon: 3.6720833333333336

m: 5.833333333333333

Residual: 0.16608102163034505


epsilon: 3.6720833333333336

m: 6.0

Residual: 0.21627288403021575


epsilon: 3.6720833333333336

m: 6.166666666666666

Residual: 0.2049323519454532


epsilon: 3.6720833333333336

m: 6.333333333333333

Residual: 0.23474714271637986


epsilon: 3.6720833333333336

m: 6.5

Residual: 0.2989912042977544


epsilon: 3.6720833333333336

m: 6.666666666666666

Residual: 0.32974581413600046


epsilon: 3.6720833333333336

m: 6.833333333333333

Residual: 0.44429976103318364


epsilon: 3.6720833333333336

m: 7.0

Residual: 0.5119340264149088


epsilon: 4.005

m: 3.0

Residual: 0.9766114044166103


epsilon: 4.005

m: 3.1666666666666665

Residual: 0.966238321838992


epsilon: 4.005

m: 3.3333333333333335

Residual: 0.9519383761824368


epsilon: 4.005

m: 3.5

Residual: 0.9324240653417849


epsilon: 4.005

m: 3.6666666666666665

Residual: 0.9068884294348538


epsilon: 4.005

m: 3.833333333333333

Residual: 0.8732787275584719


epsilon: 4.005

m: 4.0

Residual: 0.8313197617078609


epsilon: 4.005

m: 4.166666666666666

Residual: 0.7827044381671208


epsilon: 4.005

m: 4.333333333333333

Residual: 0.7185222210623731


epsilon: 4.005

m: 4.5

Residual: 0.6544567310808517


epsilon: 4.005

m: 4.666666666666666

Residual: 0.574105731394342


epsilon: 4.005

m: 4.833333333333333

Residual: 0.5033441849521342


epsilon: 4.005

m: 5.0

Residual: 0.3961681179901352


epsilon: 4.005

m: 5.166666666666666

Residual: 0.318222917983279


epsilon: 4.005

m: 5.333333333333333

Residual: 0.24279989362577906


epsilon: 4.005

m: 5.5

Residual: 0.18874759733517593


epsilon: 4.005

m: 5.666666666666666

Residual: 0.13593587101069315


epsilon: 4.005

m: 5.833333333333333

Residual: 0.20414855512288246


epsilon: 4.005

m: 6.0

Residual: 0.1758339161723682


epsilon: 4.005

m: 6.166666666666666

Residual: 0.1817946343280515


epsilon: 4.005

m: 6.333333333333333

Residual: 0.21447633956783896


epsilon: 4.005

m: 6.5

Residual: 0.24930368232365538


epsilon: 4.005

m: 6.666666666666666

Residual: 0.3713965992200032


epsilon: 4.005

m: 6.833333333333333

Residual: 0.3703843153501082


epsilon: 4.005

m: 7.0

Residual: 0.3935886068910245


epsilon: 4.337916666666667

m: 3.0

Residual: 0.978406315481947


epsilon: 4.337916666666667

m: 3.1666666666666665

Residual: 0.9687861290678972


epsilon: 4.337916666666667

m: 3.3333333333333335

Residual: 0.9555734262056707


epsilon: 4.337916666666667

m: 3.5

Residual: 0.9376905227399762


epsilon: 4.337916666666667

m: 3.6666666666666665

Residual: 0.9141478117569315


epsilon: 4.337916666666667

m: 3.833333333333333

Residual: 0.883486764123575


epsilon: 4.337916666666667

m: 4.0

Residual: 0.844604272905954


epsilon: 4.337916666666667

m: 4.166666666666666

Residual: 0.7983689293505963


epsilon: 4.337916666666667

m: 4.333333333333333

Residual: 0.7428103523828151


epsilon: 4.337916666666667

m: 4.5

Residual: 0.6782401987389104


epsilon: 4.337916666666667

m: 4.666666666666666

Residual: 0.601868114924882


epsilon: 4.337916666666667

m: 4.833333333333333

Residual: 0.5228661194110107


epsilon: 4.337916666666667

m: 5.0

Residual: 0.43782370663520337


epsilon: 4.337916666666667

m: 5.166666666666666

Residual: 0.3521528320277898


epsilon: 4.337916666666667

m: 5.333333333333333

Residual: 0.2790579644607505


epsilon: 4.337916666666667

m: 5.5

Residual: 0.1823242304327831


epsilon: 4.337916666666667

m: 5.666666666666666

Residual: 0.18562934236733825


epsilon: 4.337916666666667

m: 5.833333333333333

Residual: 0.1414902940044238


epsilon: 4.337916666666667

m: 6.0

Residual: 0.1529359502835548


epsilon: 4.337916666666667

m: 6.166666666666666

Residual: 0.25218790730403956


epsilon: 4.337916666666667

m: 6.333333333333333

Residual: 0.20677974160641147


epsilon: 4.337916666666667

m: 6.5

Residual: 0.23642944714784178


epsilon: 4.337916666666667

m: 6.666666666666666

Residual: 0.3390759720367529


epsilon: 4.337916666666667

m: 6.833333333333333

Residual: 0.3508139748955014


epsilon: 4.337916666666667

m: 7.0

Residual: 0.3884156771164578


epsilon: 4.670833333333333

m: 3.0

Residual: 0.9799184177335767


epsilon: 4.670833333333333

m: 3.1666666666666665

Residual: 0.971020912617466


epsilon: 4.670833333333333

m: 3.3333333333333335

Residual: 0.9587242487336016


epsilon: 4.670833333333333

m: 3.5

Residual: 0.941920251773771


epsilon: 4.670833333333333

m: 3.6666666666666665

Residual: 0.9197413991679028


epsilon: 4.670833333333333

m: 3.833333333333333

Residual: 0.8909056650197977


epsilon: 4.670833333333333

m: 4.0

Residual: 0.8536033894684559


epsilon: 4.670833333333333

m: 4.166666666666666

Residual: 0.8106967953207384


epsilon: 4.670833333333333

m: 4.333333333333333

Residual: 0.7578989934861952


epsilon: 4.670833333333333

m: 4.5

Residual: 0.6951360101307635


epsilon: 4.670833333333333

m: 4.666666666666666

Residual: 0.6269202731511563


epsilon: 4.670833333333333

m: 4.833333333333333

Residual: 0.5572492370467224


epsilon: 4.670833333333333

m: 5.0

Residual: 0.47928788804849987


epsilon: 4.670833333333333

m: 5.166666666666666

Residual: 0.3932762589676211


epsilon: 4.670833333333333

m: 5.333333333333333

Residual: 0.30634618889458176


epsilon: 4.670833333333333

m: 5.5

Residual: 0.24147059770134854


epsilon: 4.670833333333333

m: 5.666666666666666

Residual: 0.19956026720706146


epsilon: 4.670833333333333

m: 5.833333333333333

Residual: 0.17420940664868936


epsilon: 4.670833333333333

m: 6.0

Residual: 0.16172828960908553


epsilon: 4.670833333333333

m: 6.166666666666666

Residual: 0.2075343595301748


epsilon: 4.670833333333333

m: 6.333333333333333

Residual: 0.23452457981781533


epsilon: 4.670833333333333

m: 6.5

Residual: 0.3242755347279834


epsilon: 4.670833333333333

m: 6.666666666666666

Residual: 0.39802111454040523


epsilon: 4.670833333333333

m: 6.833333333333333

Residual: 0.4073043422188668


epsilon: 4.670833333333333

m: 7.0

Residual: 0.3193640849825201


epsilon: 5.00375

m: 3.0

Residual: 0.9812441914515675


epsilon: 5.00375

m: 3.1666666666666665

Residual: 0.97289687899683


epsilon: 5.00375

m: 3.3333333333333335

Residual: 0.9614119094992619


epsilon: 5.00375

m: 3.5

Residual: 0.9456763901860067


epsilon: 5.00375

m: 3.6666666666666665

Residual: 0.9251001251147781


epsilon: 5.00375

m: 3.833333333333333

Residual: 0.8979775939080695


epsilon: 5.00375

m: 4.0

Residual: 0.8640053787119283


epsilon: 5.00375

m: 4.166666666666666

Residual: 0.8221471032319816


epsilon: 5.00375

m: 4.333333333333333

Residual: 0.7735958134133054


epsilon: 5.00375

m: 4.5

Residual: 0.7119794336432003


epsilon: 5.00375

m: 4.666666666666666

Residual: 0.6476620766907797


epsilon: 5.00375

m: 4.833333333333333

Residual: 0.576994080678628


epsilon: 5.00375

m: 5.0

Residual: 0.4924560970501457


epsilon: 5.00375

m: 5.166666666666666

Residual: 0.41878427872332546


epsilon: 5.00375

m: 5.333333333333333

Residual: 0.34067026749849966


epsilon: 5.00375

m: 5.5

Residual: 0.27184528389831697


epsilon: 5.00375

m: 5.666666666666666

Residual: 0.19634102809238171


epsilon: 5.00375

m: 5.833333333333333

Residual: 0.18173210424496183


epsilon: 5.00375

m: 6.0

Residual: 0.22675463101308949


epsilon: 5.00375

m: 6.166666666666666

Residual: 0.2493869805025238


epsilon: 5.00375

m: 6.333333333333333

Residual: 0.20148549492614867


epsilon: 5.00375

m: 6.5

Residual: 0.2514979976382674


epsilon: 5.00375

m: 6.666666666666666

Residual: 0.331797945059319


epsilon: 5.00375

m: 6.833333333333333

Residual: 0.3059878870617956


epsilon: 5.00375

m: 7.0

Residual: 0.30594831421335855


epsilon: 5.336666666666667

m: 3.0

Residual: 0.9824085714571248


epsilon: 5.336666666666667

m: 3.1666666666666665

Residual: 0.9745657764196402


epsilon: 5.336666666666667

m: 3.3333333333333335

Residual: 0.9637989314461585


epsilon: 5.336666666666667

m: 3.5

Residual: 0.9489085568538981


epsilon: 5.336666666666667

m: 3.6666666666666665

Residual: 0.9296378858854413


epsilon: 5.336666666666667

m: 3.833333333333333

Residual: 0.9043325396267146


epsilon: 5.336666666666667

m: 4.0

Residual: 0.8724973091798709


epsilon: 5.336666666666667

m: 4.166666666666666

Residual: 0.8314770866740817


epsilon: 5.336666666666667

m: 4.333333333333333

Residual: 0.7818692588473852


epsilon: 5.336666666666667

m: 4.5

Residual: 0.7303705237314753


epsilon: 5.336666666666667

m: 4.666666666666666

Residual: 0.668046179442325


epsilon: 5.336666666666667

m: 4.833333333333333

Residual: 0.5925390282128309


epsilon: 5.336666666666667

m: 5.0

Residual: 0.5300562840744002


epsilon: 5.336666666666667

m: 5.166666666666666

Residual: 0.4495026366461606


epsilon: 5.336666666666667

m: 5.333333333333333

Residual: 0.35093507469550206


epsilon: 5.336666666666667

m: 5.5

Residual: 0.27873309562354626


epsilon: 5.336666666666667

m: 5.666666666666666

Residual: 0.25863922448362686


epsilon: 5.336666666666667

m: 5.833333333333333

Residual: 0.2062530139065759


epsilon: 5.336666666666667

m: 6.0

Residual: 0.17858042543530772


epsilon: 5.336666666666667

m: 6.166666666666666

Residual: 0.19883932083654812


epsilon: 5.336666666666667

m: 6.333333333333333

Residual: 0.29488743537275686


epsilon: 5.336666666666667

m: 6.5

Residual: 0.2620015725181709


epsilon: 5.336666666666667

m: 6.666666666666666

Residual: 0.31399150461145925


epsilon: 5.336666666666667

m: 6.833333333333333

Residual: 0.323984706671659


epsilon: 5.336666666666667

m: 7.0

Residual: 0.3977400190367965


epsilon: 5.669583333333334

m: 3.0

Residual: 0.9834333437169243


epsilon: 5.669583333333334

m: 3.1666666666666665

Residual: 0.9760731716665602


epsilon: 5.669583333333334

m: 3.3333333333333335

Residual: 0.9657716444891445


epsilon: 5.669583333333334

m: 3.5

Residual: 0.9519861782188752


epsilon: 5.669583333333334

m: 3.6666666666666665

Residual: 0.9334354443793783


epsilon: 5.669583333333334

m: 3.833333333333333

Residual: 0.9097741617637918


epsilon: 5.669583333333334

m: 4.0

Residual: 0.8792874652841031


epsilon: 5.669583333333334

m: 4.166666666666666

Residual: 0.840804003626552


epsilon: 5.669583333333334

m: 4.333333333333333

Residual: 0.7957811403276672


epsilon: 5.669583333333334

m: 4.5

Residual: 0.7375046916553618


epsilon: 5.669583333333334

m: 4.666666666666666

Residual: 0.6771971925751695


epsilon: 5.669583333333334

m: 4.833333333333333

Residual: 0.6047758316921369


epsilon: 5.669583333333334

m: 5.0

Residual: 0.5456836626459912


epsilon: 5.669583333333334

m: 5.166666666666666

Residual: 0.4758438778786053


epsilon: 5.669583333333334

m: 5.333333333333333

Residual: 0.3953530174048448


epsilon: 5.669583333333334

m: 5.5

Residual: 0.29151023681924765


epsilon: 5.669583333333334

m: 5.666666666666666

Residual: 0.2652012010941308


epsilon: 5.669583333333334

m: 5.833333333333333

Residual: 0.2668007402245563


epsilon: 5.669583333333334

m: 6.0

Residual: 0.20509387304713234


epsilon: 5.669583333333334

m: 6.166666666666666

Residual: 0.3236938434381999


epsilon: 5.669583333333334

m: 6.333333333333333

Residual: 0.20324274755348076


epsilon: 5.669583333333334

m: 6.5

Residual: 0.20529815170908208


epsilon: 5.669583333333334

m: 6.666666666666666

Residual: 0.20820369481583662


epsilon: 5.669583333333334

m: 6.833333333333333

Residual: 0.2544704297945831


epsilon: 5.669583333333334

m: 7.0

Residual: 0.31935684771304146


epsilon: 6.0025

m: 3.0

Residual: 0.9843450628089451


epsilon: 6.0025

m: 3.1666666666666665

Residual: 0.977380843863284


epsilon: 6.0025

m: 3.3333333333333335

Residual: 0.9677007813675624


epsilon: 6.0025

m: 3.5

Residual: 0.9544104545845347


epsilon: 6.0025

m: 3.6666666666666665

Residual: 0.9371421604490379


epsilon: 6.0025

m: 3.833333333333333

Residual: 0.9137710258540604


epsilon: 6.0025

m: 4.0

Residual: 0.8857590723098347


epsilon: 6.0025

m: 4.166666666666666

Residual: 0.8473579460918547


epsilon: 6.0025

m: 4.333333333333333

Residual: 0.8075926256616835


epsilon: 6.0025

m: 4.5

Residual: 0.7584362480247813


epsilon: 6.0025

m: 4.666666666666666

Residual: 0.6979907135258904


epsilon: 6.0025

m: 4.833333333333333

Residual: 0.6252208882901074


epsilon: 6.0025

m: 5.0

Residual: 0.555482390973788


epsilon: 6.0025

m: 5.166666666666666

Residual: 0.4868427639511039


epsilon: 6.0025

m: 5.333333333333333

Residual: 0.39627536519559164


epsilon: 6.0025

m: 5.5

Residual: 0.32735280900243124


epsilon: 6.0025

m: 5.666666666666666

Residual: 0.2713295863962201


epsilon: 6.0025

m: 5.833333333333333

Residual: 0.21677862836823078


epsilon: 6.0025

m: 6.0

Residual: 0.1960375056387021


epsilon: 6.0025

m: 6.166666666666666

Residual: 0.1910122797764266


epsilon: 6.0025

m: 6.333333333333333

Residual: 0.272955214128067


epsilon: 6.0025

m: 6.5

Residual: 0.22653085456930258


epsilon: 6.0025

m: 6.666666666666666

Residual: 0.22534228389823874


epsilon: 6.0025

m: 6.833333333333333

Residual: 0.2513808378000392


epsilon: 6.0025

m: 7.0

Residual: 0.353318609117224


epsilon: 6.335416666666667

m: 3.0

Residual: 0.9851701650116689


epsilon: 6.335416666666667

m: 3.1666666666666665

Residual: 0.9785357651404932


epsilon: 6.335416666666667

m: 3.3333333333333335

Residual: 0.9693853866116036


epsilon: 6.335416666666667

m: 3.5

Residual: 0.9569365674479294


epsilon: 6.335416666666667

m: 3.6666666666666665

Residual: 0.9403834883076502


epsilon: 6.335416666666667

m: 3.833333333333333

Residual: 0.9187046501608414


epsilon: 6.335416666666667

m: 4.0

Residual: 0.891571614935458


epsilon: 6.335416666666667

m: 4.166666666666666

Residual: 0.8559625223259107


epsilon: 6.335416666666667

m: 4.333333333333333

Residual: 0.8148338654352346


epsilon: 6.335416666666667

m: 4.5

Residual: 0.767719885526777


epsilon: 6.335416666666667

m: 4.666666666666666

Residual: 0.7071079736382524


epsilon: 6.335416666666667

m: 4.833333333333333

Residual: 0.6505133396288372


epsilon: 6.335416666666667

m: 5.0

Residual: 0.5725682925104427


epsilon: 6.335416666666667

m: 5.166666666666666

Residual: 0.5178555795680813


epsilon: 6.335416666666667

m: 5.333333333333333

Residual: 0.448417357342577


epsilon: 6.335416666666667

m: 5.5

Residual: 0.3598276775589585


epsilon: 6.335416666666667

m: 5.666666666666666

Residual: 0.2961846695865014


epsilon: 6.335416666666667

m: 5.833333333333333

Residual: 0.2605823894930822


epsilon: 6.335416666666667

m: 6.0

Residual: 0.25226912558785614


epsilon: 6.335416666666667

m: 6.166666666666666

Residual: 0.20879845711654146


epsilon: 6.335416666666667

m: 6.333333333333333

Residual: 0.20761715863740757


epsilon: 6.335416666666667

m: 6.5

Residual: 0.25866221339377116


epsilon: 6.335416666666667

m: 6.666666666666666

Residual: 0.2357470095565718


epsilon: 6.335416666666667

m: 6.833333333333333

Residual: 0.3385434034682215


epsilon: 6.335416666666667

m: 7.0

Residual: 0.2982533513048865


epsilon: 6.668333333333334

m: 3.0

Residual: 0.9858943349499405


epsilon: 6.668333333333334

m: 3.1666666666666665

Residual: 0.9795689497914365


epsilon: 6.668333333333334

m: 3.3333333333333335

Residual: 0.9708281888621962


epsilon: 6.668333333333334

m: 3.5

Residual: 0.9590741215203913


epsilon: 6.668333333333334

m: 3.6666666666666665

Residual: 0.943180478140492


epsilon: 6.668333333333334

m: 3.833333333333333

Residual: 0.9223322369336544


epsilon: 6.668333333333334

m: 4.0

Residual: 0.8965288217998505


epsilon: 6.668333333333334

m: 4.166666666666666

Residual: 0.863601561188178


epsilon: 6.668333333333334

m: 4.333333333333333

Residual: 0.8232552883484677


epsilon: 6.668333333333334

m: 4.5

Residual: 0.7790505006682974


epsilon: 6.668333333333334

m: 4.666666666666666

Residual: 0.7248037779810459


epsilon: 6.668333333333334

m: 4.833333333333333

Residual: 0.6663411712001297


epsilon: 6.668333333333334

m: 5.0

Residual: 0.5874008956576416


epsilon: 6.668333333333334

m: 5.166666666666666

Residual: 0.5231209227136696


epsilon: 6.668333333333334

m: 5.333333333333333

Residual: 0.46694048153514667


epsilon: 6.668333333333334

m: 5.5

Residual: 0.3671502215362917


epsilon: 6.668333333333334

m: 5.666666666666666

Residual: 0.3588185309925115


epsilon: 6.668333333333334

m: 5.833333333333333

Residual: 0.2486124187375772


epsilon: 6.668333333333334

m: 6.0

Residual: 0.23583000994594883


epsilon: 6.668333333333334

m: 6.166666666666666

Residual: 0.2118691804335292


epsilon: 6.668333333333334

m: 6.333333333333333

Residual: 0.2538450923614375


epsilon: 6.668333333333334

m: 6.5

Residual: 0.22015549750378888


epsilon: 6.668333333333334

m: 6.666666666666666

Residual: 0.35067145654891024


epsilon: 6.668333333333334

m: 6.833333333333333

Residual: 0.4061448300602499


epsilon: 6.668333333333334

m: 7.0

Residual: 0.2767963588883902


epsilon: 7.001250000000001

m: 3.0

Residual: 0.9865609332024224


epsilon: 7.001250000000001

m: 3.1666666666666665

Residual: 0.9805648272410638


epsilon: 7.001250000000001

m: 3.3333333333333335

Residual: 0.9722304873987057


epsilon: 7.001250000000001

m: 3.5

Residual: 0.9608298971512466


epsilon: 7.001250000000001

m: 3.6666666666666665

Residual: 0.9457370349857189


epsilon: 7.001250000000001

m: 3.833333333333333

Residual: 0.9258842075179018


epsilon: 7.001250000000001

m: 4.0

Residual: 0.9013202479446872


epsilon: 7.001250000000001

m: 4.166666666666666

Residual: 0.870220797642101


epsilon: 7.001250000000001

m: 4.333333333333333

Residual: 0.8305036296135884


epsilon: 7.001250000000001

m: 4.5

Residual: 0.7855515429427554


epsilon: 7.001250000000001

m: 4.666666666666666

Residual: 0.7375938407008863


epsilon: 7.001250000000001

m: 4.833333333333333

Residual: 0.6774448052865801


epsilon: 7.001250000000001

m: 5.0

Residual: 0.6157738919002261


epsilon: 7.001250000000001

m: 5.166666666666666

Residual: 0.542955304218733


epsilon: 7.001250000000001

m: 5.333333333333333

Residual: 0.4696968232128551


epsilon: 7.001250000000001

m: 5.5

Residual: 0.4008115800563692


epsilon: 7.001250000000001

m: 5.666666666666666

Residual: 0.31568384610469213


epsilon: 7.001250000000001

m: 5.833333333333333

Residual: 0.3074719093363321


epsilon: 7.001250000000001

m: 6.0

Residual: 0.2561121446235235


epsilon: 7.001250000000001

m: 6.166666666666666

Residual: 0.24820380082944507


epsilon: 7.001250000000001

m: 6.333333333333333

Residual: 0.22420776849153629


epsilon: 7.001250000000001

m: 6.5

Residual: 0.2353317858759317


epsilon: 7.001250000000001

m: 6.666666666666666

Residual: 0.29687385198983884


epsilon: 7.001250000000001

m: 6.833333333333333

Residual: 0.3512884545977362


epsilon: 7.001250000000001

m: 7.0

Residual: 0.34102702683250663


epsilon: 7.334166666666667

m: 3.0

Residual: 0.9871699925187548


epsilon: 7.334166666666667

m: 3.1666666666666665

Residual: 0.981448818264168


epsilon: 7.334166666666667

m: 3.3333333333333335

Residual: 0.9735239462101001


epsilon: 7.334166666666667

m: 3.5

Residual: 0.96258433110995


epsilon: 7.334166666666667

m: 3.6666666666666665

Residual: 0.9483241942815414


epsilon: 7.334166666666667

m: 3.833333333333333

Residual: 0.9287555770946265


epsilon: 7.334166666666667

m: 4.0

Residual: 0.9049933364759434


epsilon: 7.334166666666667

m: 4.166666666666666

Residual: 0.8751350727732855


epsilon: 7.334166666666667

m: 4.333333333333333

Residual: 0.8378929191204689


epsilon: 7.334166666666667

m: 4.5

Residual: 0.7967203981750327


epsilon: 7.334166666666667

m: 4.666666666666666

Residual: 0.7419493221376446


epsilon: 7.334166666666667

m: 4.833333333333333

Residual: 0.695124823455019


epsilon: 7.334166666666667

m: 5.0

Residual: 0.627154859794013


epsilon: 7.334166666666667

m: 5.166666666666666

Residual: 0.5708405798324714


epsilon: 7.334166666666667

m: 5.333333333333333

Residual: 0.4956856597537246


epsilon: 7.334166666666667

m: 5.5

Residual: 0.4328996052460314


epsilon: 7.334166666666667

m: 5.666666666666666

Residual: 0.35129407527724615


epsilon: 7.334166666666667

m: 5.833333333333333

Residual: 0.306832647621836


epsilon: 7.334166666666667

m: 6.0

Residual: 0.27369668517397416


epsilon: 7.334166666666667

m: 6.166666666666666

Residual: 0.23935751806662187


epsilon: 7.334166666666667

m: 6.333333333333333

Residual: 0.2882895477132231


epsilon: 7.334166666666667

m: 6.5

Residual: 0.2536666969038621


epsilon: 7.334166666666667

m: 6.666666666666666

Residual: 0.24649844838855378


epsilon: 7.334166666666667

m: 6.833333333333333

Residual: 0.243007643410836


epsilon: 7.334166666666667

m: 7.0

Residual: 0.2782996125008212


epsilon: 7.667083333333334

m: 3.0

Residual: 0.9877295609916111


epsilon: 7.667083333333334

m: 3.1666666666666665

Residual: 0.9822444190102192


epsilon: 7.667083333333334

m: 3.3333333333333335

Residual: 0.9746142185006951


epsilon: 7.667083333333334

m: 3.5

Residual: 0.9642785793452826


epsilon: 7.667083333333334

m: 3.6666666666666665

Residual: 0.9503460036193989


epsilon: 7.667083333333334

m: 3.833333333333333

Residual: 0.9321565437701449


epsilon: 7.667083333333334

m: 4.0

Residual: 0.9092360554139092


epsilon: 7.667083333333334

m: 4.166666666666666

Residual: 0.8811030403508323


epsilon: 7.667083333333334

m: 4.333333333333333

Residual: 0.8436157890356788


epsilon: 7.667083333333334

m: 4.5

Residual: 0.8026006976280454


epsilon: 7.667083333333334

m: 4.666666666666666

Residual: 0.7534060875773569


epsilon: 7.667083333333334

m: 4.833333333333333

Residual: 0.7009269791416488


epsilon: 7.667083333333334

m: 5.0

Residual: 0.6382034201414287


epsilon: 7.667083333333334

m: 5.166666666666666

Residual: 0.5826545375182917


epsilon: 7.667083333333334

m: 5.333333333333333

Residual: 0.4914161056679514


epsilon: 7.667083333333334

m: 5.5

Residual: 0.43982584138406955


epsilon: 7.667083333333334

m: 5.666666666666666

Residual: 0.3816199861273324


epsilon: 7.667083333333334

m: 5.833333333333333

Residual: 0.33655056090296903


epsilon: 7.667083333333334

m: 6.0

Residual: 0.28190910601801195


epsilon: 7.667083333333334

m: 6.166666666666666

Residual: 0.2537204228556012


epsilon: 7.667083333333334

m: 6.333333333333333

Residual: 0.2357590036297696


epsilon: 7.667083333333334

m: 6.5

Residual: 0.26473243550003295


epsilon: 7.667083333333334

m: 6.666666666666666

Residual: 0.35527341092787207


epsilon: 7.667083333333334

m: 6.833333333333333

Residual: 0.24029071484502418


epsilon: 7.667083333333334

m: 7.0

Residual: 0.2521987046516834


epsilon: 8.0

m: 3.0

Residual: 0.9882287615026251


epsilon: 8.0

m: 3.1666666666666665

Residual: 0.9829732276768944


epsilon: 8.0

m: 3.3333333333333335

Residual: 0.9756738921835537


epsilon: 8.0

m: 3.5

Residual: 0.9656951073462401


epsilon: 8.0

m: 3.6666666666666665

Residual: 0.9522780463994871


epsilon: 8.0

m: 3.833333333333333

Residual: 0.9352285144339639


epsilon: 8.0

m: 4.0

Residual: 0.9131038911822276


epsilon: 8.0

m: 4.166666666666666

Residual: 0.8844269841341085


epsilon: 8.0

m: 4.333333333333333

Residual: 0.8497132858351233


epsilon: 8.0

m: 4.5

Residual: 0.8129594347077481


epsilon: 8.0

m: 4.666666666666666

Residual: 0.7620129079169716


epsilon: 8.0

m: 4.833333333333333

Residual: 0.7164539735417941


epsilon: 8.0

m: 5.0

Residual: 0.658422009458255


epsilon: 8.0

m: 5.166666666666666

Residual: 0.5862395400266913


epsilon: 8.0

m: 5.333333333333333

Residual: 0.5119924015061658


epsilon: 8.0

m: 5.5

Residual: 0.44411384537910903


epsilon: 8.0

m: 5.666666666666666

Residual: 0.37137059053109833


epsilon: 8.0

m: 5.833333333333333

Residual: 0.3568540324331921


epsilon: 8.0

m: 6.0

Residual: 0.2772573810631745


epsilon: 8.0

m: 6.166666666666666

Residual: 0.29883147720888326


epsilon: 8.0

m: 6.333333333333333

Residual: 0.3788668214058952


epsilon: 8.0

m: 6.5

Residual: 0.3121661503392432


epsilon: 8.0

m: 6.666666666666666

Residual: 0.24931281883597692


epsilon: 8.0

m: 6.833333333333333

Residual: 0.24663480421878597


epsilon: 8.0

m: 7.0

Residual: 0.27821652359543


