n: 12.0

m: 5.0

epsilon: 0.1

Residual: 0.43639608398079155


n: 12.600000000000001

m: 5.0

epsilon: 0.1

Residual: 0.48807266425752954


n: 12.0

m: 5.25

epsilon: 0.1

Residual: 0.6182136910433006


n: 12.0

m: 5.0

epsilon: 0.10500000000000001

Residual: 0.38137980827143275


n: 12.400000000000002

m: 4.75

epsilon: 0.10333333333333336

Residual: 0.39393439591244256


n: 11.666666666666668

m: 4.833333333333334

epsilon: 0.10555555555555557

Residual: 0.37274508108539195


n: 11.200000000000003

m: 4.75

epsilon: 0.10833333333333334

Residual: 0.4178011245866205


n: 12.044444444444448

m: 4.722222222222223

epsilon: 0.10925925925925928

Residual: 0.3952127348968936


n: 12.033333333333335

m: 4.791666666666668

epsilon: 0.10694444444444447

Residual: 0.376372527382008


n: 11.399999999999999

m: 5.000000000000002

epsilon: 0.10833333333333331

Residual: 0.34313215764570004


n: 10.899999999999999

m: 5.1250000000000036

epsilon: 0.11083333333333328

Residual: 0.3170551359923092


n: 11.066666666666666

m: 4.8333333333333375

epsilon: 0.11055555555555552

Residual: 0.39422105804560703


n: 11.766666666666666

m: 4.958333333333334

epsilon: 0.1063888888888889

Residual: 0.3573654687979211


n: 10.85555555555555

m: 5.15277777777778

epsilon: 0.10824074074074068

Residual: 0.3256837650396267


n: 10.681481481481473

m: 5.324074074074078

epsilon: 0.11141975308641966

Residual: 0.3061572615747213


n: 10.188888888888876

m: 5.56944444444445

epsilon: 0.1143518518518517

Residual: 0.30268977475813924


n: 9.529629629629618

m: 5.606481481481488

epsilon: 0.1158950617283949

Residual: 0.2571352564809871


n: 8.411111111111094

m: 5.930555555555564

epsilon: 0.1206481481481479

Residual: 0.2565881549064667


n: 8.811111111111096

m: 5.930555555555564

epsilon: 0.12231481481481458

Residual: 0.2213269403423683


n: 7.78888888888887

m: 6.319444444444457

epsilon: 0.12935185185185152

Residual: 0.26770476781950014


n: 7.374074074074045

m: 6.495370370370383

epsilon: 0.12737654320987618

Residual: 0.2921268472161952


Forcefield constraint failed, penalizing residual


n: 9.19382716049381

m: 5.844135802469143

epsilon: 0.11889917695473229

Residual: 0.23014231902540724


n: 10.23662551440329

m: 5.308127572016465

epsilon: 0.11386488340192033

Residual: 0.28935967217760933


n: 9.52098765432098

m: 5.6049382716049445

epsilon: 0.1172427983539093

Residual: 0.25223994415978734


n: 9.939506172839497

m: 5.655864197530869

epsilon: 0.11832304526748957

Residual: 0.2581294832236009


n: 8.793209876543195

m: 5.86188271604939

epsilon: 0.1200668724279833

Residual: 0.23677002286145182


n: 8.34444444444442

m: 6.152777777777787

epsilon: 0.12361111111111084

Residual: 0.21460773956472673


n: 7.756172839506142

m: 6.4266975308642085

epsilon: 0.1267952674897116

Residual: 0.23134766235330195


n: 8.773045267489689

m: 6.089763374485605

epsilon: 0.12314986282578852

Residual: 0.2088768183013925


n: 8.762962962962938

m: 6.203703703703713

epsilon: 0.12469135802469111

Residual: 0.22547413090149582


n: 8.091906721536326

m: 6.271262002743494

epsilon: 0.12715134887974366

Residual: 0.22338718614017422


n: 8.367386831275697

m: 6.164480452674907

epsilon: 0.12508830589849082

Residual: 0.21041251425204016


n: 8.17880658436211

m: 6.340792181069967

epsilon: 0.12558470507544556

Residual: 0.19752010926907057


n: 7.862654320987616

m: 6.545910493827169

epsilon: 0.127219650205761

Residual: 0.19513158145638265


n: 8.324279835390914

m: 6.3806584362139995

epsilon: 0.12669410150891608

Residual: 0.1998935156692489


n: 8.272599451303117

m: 6.513074417009607

epsilon: 0.1262874371284863

Residual: 0.22743367894600636


n: 8.343689986282552

m: 6.251628943758582

epsilon: 0.1253880887059897

Residual: 0.20133333802960882


n: 7.580704160951033

m: 6.695701874714228

epsilon: 0.12971803078798935

Residual: 0.20722344735402584


n: 7.878789437585697

m: 6.5442172496570725

epsilon: 0.12807598879743914

Residual: 0.19398429960020355


n: 7.700125743026934

m: 6.728895176040246

epsilon: 0.1292717383020878

Residual: 0.1906739617775803


n: 7.378343621399125

m: 6.967528292181077

epsilon: 0.13121356310013682

Residual: 0.1917642095596418


n: 7.3034331656759175

m: 6.832023510135657

epsilon: 0.12968415002794254

Residual: 0.22356255990507842


n: 8.069068167962165

m: 6.493499704694414

epsilon: 0.12744161363867268

Residual: 0.1917405642345776


n: 7.902667911395582

m: 6.631830926433986

epsilon: 0.12930657695303874

Residual: 0.18592813119607124


n: 7.922674706599565

m: 6.674791142737394

epsilon: 0.13035004032667757

Residual: 0.18495699545620814


n: 7.9157896408067465

m: 6.720573432657631

epsilon: 0.1299662727141862

Residual: 0.19087733775930082


n: 7.623325225659999

m: 6.9226734629291

epsilon: 0.132283753923295

Residual: 0.1822277204223481


n: 7.400453754508916

m: 7.137260342046444

epsilon: 0.13470482406560613

Residual: 0.18109781107615353


n: 7.433046495283531

m: 6.973391007891757

epsilon: 0.13291812908206146

Residual: 0.19053048038079462


n: 7.4706575612344075

m: 7.128066485743484

epsilon: 0.13604359068080898

Residual: 0.17563814712726822


n: 7.355923470338144

m: 7.327652140595104

epsilon: 0.13942951687016958

Residual: 0.17260203334853735


n: 7.68632145901422

m: 7.119744742360871

epsilon: 0.1367381250929074

Residual: 0.18514273413355659


n: 7.623002718081548

m: 7.083156308743593

epsilon: 0.1357831260901959

Residual: 0.17803410825785304


Forcefield constraint failed, penalizing residual


n: 7.691234010454551

m: 6.928740369932887

epsilon: 0.13349459800100072

Residual: 0.17804016110480717


n: 7.7129863780739125

m: 7.089105537467946

epsilon: 0.137766669908638

Residual: 0.1799733590395417


n: 7.634853222182663

m: 7.10114423861257

epsilon: 0.13700120844788005

Residual: 0.17687234482555297


Forcefield constraint failed, penalizing residual


n: 7.614580240327667

m: 7.049695632958322

epsilon: 0.1354496075685413

Residual: 0.1783583355830284


n: 7.495388346260404

m: 7.214398189603838

epsilon: 0.13821536265902482

Residual: 0.17280549522182176


n: 7.489463094209846

m: 7.205404224669349

epsilon: 0.13760632148018276

Residual: 0.1736192788510189


n: 7.523578740396347

m: 7.128196255263996

epsilon: 0.13646205743558515

Residual: 0.17617595993712223


n: 7.3702712001425805

m: 7.370106781314865

epsilon: 0.14037207657066625

Residual: 0.1689252454160175


Forcefield constraint failed, penalizing residual


Forcefield constraint failed, penalizing residual


n: 7.448328716561777

m: 7.254728297586976

epsilon: 0.13847265342340148

Residual: 0.17254267966862358


Forcefield constraint failed, penalizing residual


n: 7.443448070970619

m: 7.265946964718076

epsilon: 0.13882005580688528

Residual: 0.17412010896645558


n: 7.409299958352179

m: 7.31241753945092

epsilon: 0.13942236499703387

Residual: 0.17261063965685047


n: 7.363097335240362

m: 7.348879460954985

epsilon: 0.1399007967204179

Residual: 0.16903767951694726


n: 7.432829773201492

m: 7.292252485459351

epsilon: 0.13929371961484555

Residual: 0.1705191814762013


n: 7.36816558070411

m: 7.361741612368546

epsilon: 0.14028869694025264

Residual: 0.170797558892464


n: 7.378449175116128

m: 7.34941059413914

epsilon: 0.14007211395444796

Residual: 0.1705147704767495


Forcefield constraint failed, penalizing residual


n: 7.401717838350591

m: 7.324192382131174

epsilon: 0.13970435768167813

Residual: 0.16862697647915698


n: 7.378275074039561

m: 7.346041822128209

epsilon: 0.13991270669406025

Residual: 0.16994647837179028


n: 7.378318599308702

m: 7.346884015130941

epsilon: 0.13995255850915717

Residual: 0.17033521466016516


n: 7.3859945192465855

m: 7.34714958172302

epsilon: 0.1400382171261722

Residual: 0.17066465458916125


n: 7.382407586795477

m: 7.33653592154308

epsilon: 0.13980257720104802

Residual: 0.16927001504767053


n: 7.39008350673336

m: 7.336801488135157

epsilon: 0.13988823581806303

Residual: 0.16672682010721349


n: 7.3968114353397

m: 7.317870279483255

epsilon: 0.13955856334102062

Residual: 0.16963193166213444


n: 7.394107206316421

m: 7.3251901050431965

epsilon: 0.13967847678730852

Residual: 0.1722329987202065


n: 7.395900672541975

m: 7.330496935133166

epsilon: 0.1397962967498706

Residual: 0.1684461972327726


n: 7.386245546764418

m: 7.336668704839118

epsilon: 0.13984540650955551

Residual: 0.1704944647578423


n: 7.388039012989973

m: 7.341975534929088

epsilon: 0.13996322647211762

Residual: 0.16944478372244903


n: 7.396436581412455

m: 7.3361806006258234

epsilon: 0.13991976618381197

Residual: 0.16978784207984016


n: 7.393888822750446

m: 7.336302626679147

epsilon: 0.13990117626524787

Residual: 0.1698076420749257


n: 7.3929920896376675

m: 7.333649211634161

epsilon: 0.13984226628396682

Residual: 0.1690744496213282


n: 7.389061259861666

m: 7.339388511532123

epsilon: 0.13992573114509033

Residual: 0.16884369542225325


n: 7.38816452674889

m: 7.336735096487137

epsilon: 0.13986682116380927

Residual: 0.16900937986430578


n: 7.385214105924943

m: 7.341634185802119

epsilon: 0.13994492580067494

Residual: 0.16956275989134478


n: 7.391047593709486

m: 7.3356454551761505

epsilon: 0.13986793116314383

Residual: 0.1706194977890268


n: 7.389572383297513

m: 7.33809499983364

epsilon: 0.13990698348157668

Residual: 0.17099317643057982


n: 7.389124016741125

m: 7.336768292311147

epsilon: 0.13987752849093615

Residual: 0.17016622967034878


n: 7.391537798185514

m: 7.335225349884659

epsilon: 0.13986525105101494

Residual: 0.1709698356904223


n: 7.390924497809153

m: 7.334435087053668

epsilon: 0.13984702675843272

Residual: 0.16974680088833954


n: 7.388550216003578

m: 7.33677789511532

epsilon: 0.13987660966060633

Residual: 0.1712647275091415


n: 7.390790902640029

m: 7.335613486192324

epsilon: 0.13986809070341277

Residual: 0.169363913534538


n: 7.3920752547139035

m: 7.3344650819429535

epsilon: 0.13985804036233618

Residual: 0.17218702068822714


n: 7.38986182623432

m: 7.336192489719099

epsilon: 0.13987265645878616

Residual: 0.16788488928574616


n: 7.38956632592932

m: 7.3379698889773834

epsilon: 0.1399056285617419

Residual: 0.16917449728142914


n: 7.388883536624638

m: 7.338362425028768

epsilon: 0.139909589855648

Residual: 0.17055360295597546


n: 7.3903140611361815

m: 7.336300720901435

epsilon: 0.1398784654914716

Residual: 0.1712680810809449


n: 7.38997266648384

m: 7.336496988927127

epsilon: 0.1398804461384246

Residual: 0.16793886062343416


n: 7.3898249163313405

m: 7.33738568855627

epsilon: 0.13989693218990246

Residual: 0.17259836267383516


n: 7.390437204686695

m: 7.33620748716374

epsilon: 0.1398781632607379

Residual: 0.1702903485607629


n: 7.390504002271257

m: 7.335618287594412

epsilon: 0.13986763128824786

Residual: 0.17050457029391092


n: 7.390334230786277

m: 7.336060137834876

epsilon: 0.13987495651366152

Residual: 0.1706172152759087


n: 7.3900280866086

m: 7.336649238531142

epsilon: 0.13988434097824382

Residual: 0.17127519347582013


n: 7.390260355710027

m: 7.3365044876494485

epsilon: 0.13988319953940048

Residual: 0.1694226245306129


n: 7.38995421153235

m: 7.337093588345713

epsilon: 0.13989258400398275

Residual: 0.16683794943482352


n: 7.390170629375223

m: 7.336950470889069

epsilon: 0.139891671929387

Residual: 0.16966974056252127


n: 7.390134993683568

m: 7.336875162799588

epsilon: 0.13988983919160122

Residual: 0.17091641136911476


n: 7.390018859132855

m: 7.336947538240435

epsilon: 0.1398904099110229

Residual: 0.1739780214320965


n: 7.390171931221694

m: 7.336652987892302

epsilon: 0.13988571767873176

Residual: 0.1708279775512554


n: 7.39005579667098

m: 7.33672536333315

epsilon: 0.13988628839815342

Residual: 0.1705924595493578


n: 7.390188630617834

m: 7.3365056879999715

epsilon: 0.13988308468560925

Residual: 0.16845450848692883


n: 7.390046691459757

m: 7.336702038419883

epsilon: 0.13988602158915203

Residual: 0.16992748154683424


Warning: Maximum number of iterations has been exceeded.
n: 7.390046691459757

m: 7.336702038419883

epsilon: 0.13988602158915203

sigma: 0.4975

Residual: 0.1690696713203656
