n: 12.0

epsilon: 0.5

m: 5.0

Residual: 0.3252973585511349


n: 12.0

epsilon: 0.5

m: 5.0

Residual: 0.32539180028797804


n: 12.0

epsilon: 0.5

m: 5.285714285714286

Residual: 0.4619643419799881


n: 12.0

epsilon: 0.5

m: 5.571428571428571

Residual: 0.5666977089106913


n: 12.0

epsilon: 0.5

m: 5.857142857142857

Residual: 0.64677251669931


n: 12.0

epsilon: 0.5

m: 6.142857142857142

Residual: 0.7073787225047472


n: 12.0

epsilon: 0.5

m: 6.428571428571429

Residual: 0.7541361307393804


n: 12.0

epsilon: 0.5

m: 6.714285714285714

Residual: 0.7899941254351498


n: 12.0

epsilon: 0.5

m: 7.0

Residual: 0.818891783031165


n: 12.0

epsilon: 1.0

m: 5.0

Residual: 0.01813442265180614


n: 12.0

epsilon: 1.0

m: 5.285714285714286

Residual: 0.1520089100018322


n: 12.0

epsilon: 1.0

m: 5.571428571428571

Residual: 0.2880351583155492


n: 12.0

epsilon: 1.0

m: 5.857142857142857

Residual: 0.39938565765454603


n: 12.0

epsilon: 1.0

m: 6.142857142857142

Residual: 0.4893966236698804


n: 12.0

epsilon: 1.0

m: 6.428571428571429

Residual: 0.5610163521231097


n: 12.0

epsilon: 1.0

m: 6.714285714285714

Residual: 0.620688312571902


n: 12.0

epsilon: 1.0

m: 7.0

Residual: 0.66763003786246


n: 12.0

epsilon: 1.5

m: 5.0

Residual: 0.20876085021837681


n: 12.0

epsilon: 1.5

m: 5.285714285714286

Residual: 0.07330877556518357


n: 12.0

epsilon: 1.5

m: 5.571428571428571

Residual: 0.09843947075910113


n: 12.0

epsilon: 1.5

m: 5.857142857142857

Residual: 0.2168880765037141


n: 12.0

epsilon: 1.5

m: 6.142857142857142

Residual: 0.320302718325732


n: 12.0

epsilon: 1.5

m: 6.428571428571429

Residual: 0.4072437497153436


n: 12.0

epsilon: 1.5

m: 6.714285714285714

Residual: 0.4799058238217354


n: 12.0

epsilon: 1.5

m: 7.0

Residual: 0.5394978051150537


n: 12.0

epsilon: 2.0

m: 5.0

Residual: 0.3412253793796288


n: 12.0

epsilon: 2.0

m: 5.285714285714286

Residual: 0.19129842032999012


n: 12.0

epsilon: 2.0

m: 5.571428571428571

Residual: 0.12049806133918657


n: 12.0

epsilon: 2.0

m: 5.857142857142857

Residual: 0.1373481097038537


n: 12.0

epsilon: 2.0

m: 6.142857142857142

Residual: 0.19364906573081894


n: 12.0

epsilon: 2.0

m: 6.428571428571429

Residual: 0.2814881364647019


n: 12.0

epsilon: 2.0

m: 6.714285714285714

Residual: 0.36100294797673665


n: 12.0

epsilon: 2.0

m: 7.0

Residual: 0.42987905499702794


n: 12.0

epsilon: 2.5

m: 5.0

Residual: 0.43546084329967116


n: 12.0

epsilon: 2.5

m: 5.285714285714286

Residual: 0.29605300984129845


n: 12.0

epsilon: 2.5

m: 5.571428571428571

Residual: 0.1861625364892793


n: 12.0

epsilon: 2.5

m: 5.857142857142857

Residual: 0.1592155413375115


n: 12.0

epsilon: 2.5

m: 6.142857142857142

Residual: 0.176852915205981


n: 12.0

epsilon: 2.5

m: 6.428571428571429

Residual: 0.21556076045941772


n: 12.0

epsilon: 2.5

m: 6.714285714285714

Residual: 0.26880715187593873


n: 12.0

epsilon: 2.5

m: 7.0

Residual: 0.3347094834020148


n: 12.0

epsilon: 3.0

m: 5.0

Residual: 0.5064818135588146


n: 12.0

epsilon: 3.0

m: 5.285714285714286

Residual: 0.3766474195048817


n: 12.0

epsilon: 3.0

m: 5.571428571428571

Residual: 0.25587341514668815


n: 12.0

epsilon: 3.0

m: 5.857142857142857

Residual: 0.20213493162990992


n: 12.0

epsilon: 3.0

m: 6.142857142857142

Residual: 0.19395551455173124


n: 12.0

epsilon: 3.0

m: 6.428571428571429

Residual: 0.21092799165108506


n: 12.0

epsilon: 3.0

m: 6.714285714285714

Residual: 0.2422934000406369


n: 12.0

epsilon: 3.0

m: 7.0

Residual: 0.28158217655323475


n: 12.0

epsilon: 3.5

m: 5.0

Residual: 0.5617238655405342


n: 12.0

epsilon: 3.5

m: 5.285714285714286

Residual: 0.4409036100237175


n: 12.0

epsilon: 3.5

m: 5.571428571428571

Residual: 0.3202818816556523


n: 12.0

epsilon: 3.5

m: 5.857142857142857

Residual: 0.2479279299647743


n: 12.0

epsilon: 3.5

m: 6.142857142857142

Residual: 0.22235602195778054


n: 12.0

epsilon: 3.5

m: 6.428571428571429

Residual: 0.22419047087094393


n: 12.0

epsilon: 3.5

m: 6.714285714285714

Residual: 0.24144100112717423


n: 12.0

epsilon: 3.5

m: 7.0

Residual: 0.26810845793189003


n: 12.0

epsilon: 4.0

m: 5.0

Residual: 0.6058794560662606


n: 12.0

epsilon: 4.0

m: 5.285714285714286

Residual: 0.4934038121325929


n: 12.0

epsilon: 4.0

m: 5.571428571428571

Residual: 0.3776863953066179


n: 12.0

epsilon: 4.0

m: 5.857142857142857

Residual: 0.2940407784104022


n: 12.0

epsilon: 4.0

m: 6.142857142857142

Residual: 0.255855704875569


n: 12.0

epsilon: 4.0

m: 6.428571428571429

Residual: 0.2446097802928403


n: 12.0

epsilon: 4.0

m: 6.714285714285714

Residual: 0.2520404528634846


n: 12.0

epsilon: 4.0

m: 7.0

Residual: 0.2676243987497817


n: 16.714285714285715

epsilon: 0.5

m: 5.0

Residual: 0.4457379354711101


n: 16.714285714285715

epsilon: 0.5

m: 5.285714285714286

Residual: 0.5711078384971303


n: 16.714285714285715

epsilon: 0.5

m: 5.571428571428571

Residual: 0.6635413069595537


n: 16.714285714285715

epsilon: 0.5

m: 5.857142857142857

Residual: 0.7319940106327645


n: 16.714285714285715

epsilon: 0.5

m: 6.142857142857142

Residual: 0.7830105071550851


n: 16.714285714285715

epsilon: 0.5

m: 6.428571428571429

Residual: 0.8202913854925016


n: 16.714285714285715

epsilon: 0.5

m: 6.714285714285714

Residual: 0.8498129648723091


n: 16.714285714285715

epsilon: 0.5

m: 7.0

Residual: 0.8725590014217315


n: 16.714285714285715

epsilon: 1.0

m: 5.0

Residual: 0.13223718163255124


n: 16.714285714285715

epsilon: 1.0

m: 5.285714285714286

Residual: 0.2934077141476933


n: 16.714285714285715

epsilon: 1.0

m: 5.571428571428571

Residual: 0.4243214274266453


n: 16.714285714285715

epsilon: 1.0

m: 5.857142857142857

Residual: 0.5274339456257522


n: 16.714285714285715

epsilon: 1.0

m: 6.142857142857142

Residual: 0.6086006452265765


n: 16.714285714285715

epsilon: 1.0

m: 6.428571428571429

Residual: 0.6710213883512001


n: 16.714285714285715

epsilon: 1.0

m: 6.714285714285714

Residual: 0.7201434776287513


n: 16.714285714285715

epsilon: 1.0

m: 7.0

Residual: 0.7583773535845311


n: 16.714285714285715

epsilon: 1.5

m: 5.0

Residual: 0.07003430659223364


n: 16.714285714285715

epsilon: 1.5

m: 5.285714285714286

Residual: 0.09930246728158833


n: 16.714285714285715

epsilon: 1.5

m: 5.571428571428571

Residual: 0.2444159169337508


n: 16.714285714285715

epsilon: 1.5

m: 5.857142857142857

Residual: 0.3658716913104822


n: 16.714285714285715

epsilon: 1.5

m: 6.142857142857142

Residual: 0.464472098173389


n: 16.714285714285715

epsilon: 1.5

m: 6.428571428571429

Residual: 0.5439317171093764


n: 16.714285714285715

epsilon: 1.5

m: 6.714285714285714

Residual: 0.606649083169599


n: 16.714285714285715

epsilon: 1.5

m: 7.0

Residual: 0.6599216041048896


n: 16.714285714285715

epsilon: 2.0

m: 5.0

Residual: 0.21060520639735383


n: 16.714285714285715

epsilon: 2.0

m: 5.285714285714286

Residual: 0.07362627545374972


n: 16.714285714285715

epsilon: 2.0

m: 5.571428571428571

Residual: 0.11270383535669909


n: 16.714285714285715

epsilon: 2.0

m: 5.857142857142857

Residual: 0.23523384171374706


n: 16.714285714285715

epsilon: 2.0

m: 6.142857142857142

Residual: 0.34305577105760765


n: 16.714285714285715

epsilon: 2.0

m: 6.428571428571429

Residual: 0.43501004028611995


n: 16.714285714285715

epsilon: 2.0

m: 6.714285714285714

Residual: 0.5087770357179169


n: 16.714285714285715

epsilon: 2.0

m: 7.0

Residual: 0.5698952921587956


n: 16.714285714285715

epsilon: 2.5

m: 5.0

Residual: 0.31404612676711285


n: 16.714285714285715

epsilon: 2.5

m: 5.285714285714286

Residual: 0.1550877477791433


n: 16.714285714285715

epsilon: 2.5

m: 5.571428571428571

Residual: 0.11074533253341227


n: 16.714285714285715

epsilon: 2.5

m: 5.857142857142857

Residual: 0.15511510338758658


n: 16.714285714285715

epsilon: 2.5

m: 6.142857142857142

Residual: 0.243832902115412


n: 16.714285714285715

epsilon: 2.5

m: 6.428571428571429

Residual: 0.34044309437581616


n: 16.714285714285715

epsilon: 2.5

m: 6.714285714285714

Residual: 0.42186816548701384


n: 16.714285714285715

epsilon: 2.5

m: 7.0

Residual: 0.49209166749361355


n: 16.714285714285715

epsilon: 3.0

m: 5.0

Residual: 0.3940481056552521


n: 16.714285714285715

epsilon: 3.0

m: 5.285714285714286

Residual: 0.2419422892381691


n: 16.714285714285715

epsilon: 3.0

m: 5.571428571428571

Residual: 0.1487761288260771


n: 16.714285714285715

epsilon: 3.0

m: 5.857142857142857

Residual: 0.14915525023707535


n: 16.714285714285715

epsilon: 3.0

m: 6.142857142857142

Residual: 0.1957793413701766


n: 16.714285714285715

epsilon: 3.0

m: 6.428571428571429

Residual: 0.262422063497356


n: 16.714285714285715

epsilon: 3.0

m: 6.714285714285714

Residual: 0.3459433009158749


n: 16.714285714285715

epsilon: 3.0

m: 7.0

Residual: 0.4201846886468486


n: 16.714285714285715

epsilon: 3.5

m: 5.0

Residual: 0.4571615245028217


n: 16.714285714285715

epsilon: 3.5

m: 5.285714285714286

Residual: 0.31306704599948987


n: 16.714285714285715

epsilon: 3.5

m: 5.571428571428571

Residual: 0.19659196663522938


n: 16.714285714285715

epsilon: 3.5

m: 5.857142857142857

Residual: 0.1681305704412412


n: 16.714285714285715

epsilon: 3.5

m: 6.142857142857142

Residual: 0.18735603220873814


n: 16.714285714285715

epsilon: 3.5

m: 6.428571428571429

Residual: 0.23207978886668204


n: 16.714285714285715

epsilon: 3.5

m: 6.714285714285714

Residual: 0.28961813229703914


n: 16.714285714285715

epsilon: 3.5

m: 7.0

Residual: 0.3536995177747516


n: 16.714285714285715

epsilon: 4.0

m: 5.0

Residual: 0.508270774823745


n: 16.714285714285715

epsilon: 4.0

m: 5.285714285714286

Residual: 0.3720020992126343


n: 16.714285714285715

epsilon: 4.0

m: 5.571428571428571

Residual: 0.24667438678359585


n: 16.714285714285715

epsilon: 4.0

m: 5.857142857142857

Residual: 0.1962902108340658


n: 16.714285714285715

epsilon: 4.0

m: 6.142857142857142

Residual: 0.1960206281682287


n: 16.714285714285715

epsilon: 4.0

m: 6.428571428571429

Residual: 0.2255696144915247


n: 16.714285714285715

epsilon: 4.0

m: 6.714285714285714

Residual: 0.26791953367265114


n: 16.714285714285715

epsilon: 4.0

m: 7.0

Residual: 0.3162560945618082


n: 21.42857142857143

epsilon: 0.5

m: 5.0

Residual: 0.5071414373206637


n: 21.42857142857143

epsilon: 0.5

m: 5.285714285714286

Residual: 0.624312882696941


n: 21.42857142857143

epsilon: 0.5

m: 5.571428571428571

Residual: 0.709830298646338


n: 21.42857142857143

epsilon: 0.5

m: 5.857142857142857

Residual: 0.771023727567463


n: 21.42857142857143

epsilon: 0.5

m: 6.142857142857142

Residual: 0.8160969176474777


n: 21.42857142857143

epsilon: 0.5

m: 6.428571428571429

Residual: 0.8498823839878565


n: 21.42857142857143

epsilon: 0.5

m: 6.714285714285714

Residual: 0.8759347977007625


n: 21.42857142857143

epsilon: 0.5

m: 7.0

Residual: 0.8952988814197035


n: 21.42857142857143

epsilon: 1.0

m: 5.0

Residual: 0.20926671983565306


n: 21.42857142857143

epsilon: 1.0

m: 5.285714285714286

Residual: 0.36743000732277603


n: 21.42857142857143

epsilon: 1.0

m: 5.571428571428571

Residual: 0.4927223163446803


n: 21.42857142857143

epsilon: 1.0

m: 5.857142857142857

Residual: 0.5897933347112024


n: 21.42857142857143

epsilon: 1.0

m: 6.142857142857142

Residual: 0.6651509376800875


n: 21.42857142857143

epsilon: 1.0

m: 6.428571428571429

Residual: 0.7217004622599535


n: 21.42857142857143

epsilon: 1.0

m: 6.714285714285714

Residual: 0.7651475897869321


n: 21.42857142857143

epsilon: 1.0

m: 7.0

Residual: 0.8004504190738353


n: 21.42857142857143

epsilon: 1.5

m: 5.0

Residual: 0.011090168376442352


n: 21.42857142857143

epsilon: 1.5

m: 5.285714285714286

Residual: 0.18117522335641875


n: 21.42857142857143

epsilon: 1.5

m: 5.571428571428571

Residual: 0.3250985347002808


n: 21.42857142857143

epsilon: 1.5

m: 5.857142857142857

Residual: 0.44243822875207584


n: 21.42857142857143

epsilon: 1.5

m: 6.142857142857142

Residual: 0.5353603786730305


n: 21.42857142857143

epsilon: 1.5

m: 6.428571428571429

Residual: 0.609180241768346


n: 21.42857142857143

epsilon: 1.5

m: 6.714285714285714

Residual: 0.6682980726396784


n: 21.42857142857143

epsilon: 1.5

m: 7.0

Residual: 0.7152104285363285


n: 21.42857142857143

epsilon: 2.0

m: 5.0

Residual: 0.13347220212327793


n: 21.42857142857143

epsilon: 2.0

m: 5.285714285714286

Residual: 0.054499173476175465


n: 21.42857142857143

epsilon: 2.0

m: 5.571428571428571

Residual: 0.1905485102615552


n: 21.42857142857143

epsilon: 2.0

m: 5.857142857142857

Residual: 0.3190161431590402


n: 21.42857142857143

epsilon: 2.0

m: 6.142857142857142

Residual: 0.42504940657687074


n: 21.42857142857143

epsilon: 2.0

m: 6.428571428571429

Residual: 0.5112601467207366


n: 21.42857142857143

epsilon: 2.0

m: 6.714285714285714

Residual: 0.5810084788274332


n: 21.42857142857143

epsilon: 2.0

m: 7.0

Residual: 0.6361640655839929


n: 21.42857142857143

epsilon: 2.5

m: 5.0

Residual: 0.2415757495703351


n: 21.42857142857143

epsilon: 2.5

m: 5.285714285714286

Residual: 0.09002061963437756


n: 21.42857142857143

epsilon: 2.5

m: 5.571428571428571

Residual: 0.10690889320758386


n: 21.42857142857143

epsilon: 2.5

m: 5.857142857142857

Residual: 0.21535505357336904


n: 21.42857142857143

epsilon: 2.5

m: 6.142857142857142

Residual: 0.33065594734272385


n: 21.42857142857143

epsilon: 2.5

m: 6.428571428571429

Residual: 0.4226156264169289


n: 21.42857142857143

epsilon: 2.5

m: 6.714285714285714

Residual: 0.502641969969173


n: 21.42857142857143

epsilon: 2.5

m: 7.0

Residual: 0.5681557596072971


n: 21.42857142857143

epsilon: 3.0

m: 5.0

Residual: 0.324579477367236


n: 21.42857142857143

epsilon: 3.0

m: 5.285714285714286

Residual: 0.16228448204239734


n: 21.42857142857143

epsilon: 3.0

m: 5.571428571428571

Residual: 0.11169584328416626


n: 21.42857142857143

epsilon: 3.0

m: 5.857142857142857

Residual: 0.15749365478612107


n: 21.42857142857143

epsilon: 3.0

m: 6.142857142857142

Residual: 0.24559075649197448


n: 21.42857142857143

epsilon: 3.0

m: 6.428571428571429

Residual: 0.3465704768595546


n: 21.42857142857143

epsilon: 3.0

m: 6.714285714285714

Residual: 0.433557673650937


n: 21.42857142857143

epsilon: 3.0

m: 7.0

Residual: 0.5011411108279314


n: 21.42857142857143

epsilon: 3.5

m: 5.0

Residual: 0.39163744290949715


n: 21.42857142857143

epsilon: 3.5

m: 5.285714285714286

Residual: 0.23566054834909508


n: 21.42857142857143

epsilon: 3.5

m: 5.571428571428571

Residual: 0.14510294125908085


n: 21.42857142857143

epsilon: 3.5

m: 5.857142857142857

Residual: 0.15144110519201906


n: 21.42857142857143

epsilon: 3.5

m: 6.142857142857142

Residual: 0.20306611955376308


n: 21.42857142857143

epsilon: 3.5

m: 6.428571428571429

Residual: 0.2814532248303897


n: 21.42857142857143

epsilon: 3.5

m: 6.714285714285714

Residual: 0.366962458484584


n: 21.42857142857143

epsilon: 3.5

m: 7.0

Residual: 0.4419549639198426


n: 21.42857142857143

epsilon: 4.0

m: 5.0

Residual: 0.4471198639878042


n: 21.42857142857143

epsilon: 4.0

m: 5.285714285714286

Residual: 0.29781600895374494


n: 21.42857142857143

epsilon: 4.0

m: 5.571428571428571

Residual: 0.1840346510320605


n: 21.42857142857143

epsilon: 4.0

m: 5.857142857142857

Residual: 0.16271125996438726


n: 21.42857142857143

epsilon: 4.0

m: 6.142857142857142

Residual: 0.19403547514907063


n: 21.42857142857143

epsilon: 4.0

m: 6.428571428571429

Residual: 0.24792297336725463


n: 21.42857142857143

epsilon: 4.0

m: 6.714285714285714

Residual: 0.31411193889199557


n: 21.42857142857143

epsilon: 4.0

m: 7.0

Residual: 0.3866754552147621


n: 26.142857142857142

epsilon: 0.5

m: 5.0

Residual: 0.5447589921434723


n: 26.142857142857142

epsilon: 0.5

m: 5.285714285714286

Residual: 0.6565954030425795


n: 26.142857142857142

epsilon: 0.5

m: 5.571428571428571

Residual: 0.7367655677686458


n: 26.142857142857142

epsilon: 0.5

m: 5.857142857142857

Residual: 0.7943702713999469


n: 26.142857142857142

epsilon: 0.5

m: 6.142857142857142

Residual: 0.8367156105148654


n: 26.142857142857142

epsilon: 0.5

m: 6.428571428571429

Residual: 0.8676889809878346


n: 26.142857142857142

epsilon: 0.5

m: 6.714285714285714

Residual: 0.8897452654300742


n: 26.142857142857142

epsilon: 0.5

m: 7.0

Residual: 0.9080908079636255


n: 26.142857142857142

epsilon: 1.0

m: 5.0

Residual: 0.2583124016900922


n: 26.142857142857142

epsilon: 1.0

m: 5.285714285714286

Residual: 0.41429629159822307


n: 26.142857142857142

epsilon: 1.0

m: 5.571428571428571

Residual: 0.5355452264291471


n: 26.142857142857142

epsilon: 1.0

m: 5.857142857142857

Residual: 0.6273597209257712


n: 26.142857142857142

epsilon: 1.0

m: 6.142857142857142

Residual: 0.6963660784998816


n: 26.142857142857142

epsilon: 1.0

m: 6.428571428571429

Residual: 0.7503874827959223


n: 26.142857142857142

epsilon: 1.0

m: 6.714285714285714

Residual: 0.792508115242718


n: 26.142857142857142

epsilon: 1.0

m: 7.0

Residual: 0.8229795934035989


n: 26.142857142857142

epsilon: 1.5

m: 5.0

Residual: 0.06137974293387986


n: 26.142857142857142

epsilon: 1.5

m: 5.285714285714286

Residual: 0.23324158961193464


n: 26.142857142857142

epsilon: 1.5

m: 5.571428571428571

Residual: 0.3748056135929155


n: 26.142857142857142

epsilon: 1.5

m: 5.857142857142857

Residual: 0.48837404063648926


n: 26.142857142857142

epsilon: 1.5

m: 6.142857142857142

Residual: 0.5779543012971214


n: 26.142857142857142

epsilon: 1.5

m: 6.428571428571429

Residual: 0.6457575336172937


n: 26.142857142857142

epsilon: 1.5

m: 6.714285714285714

Residual: 0.7034337357071868


n: 26.142857142857142

epsilon: 1.5

m: 7.0

Residual: 0.7471271060161359


n: 26.142857142857142

epsilon: 2.0

m: 5.0

Residual: 0.08260714612791228


n: 26.142857142857142

epsilon: 2.0

m: 5.285714285714286

Residual: 0.0935382325280494


n: 26.142857142857142

epsilon: 2.0

m: 5.571428571428571

Residual: 0.2442035627307733


n: 26.142857142857142

epsilon: 2.0

m: 5.857142857142857

Residual: 0.371353409352453


n: 26.142857142857142

epsilon: 2.0

m: 6.142857142857142

Residual: 0.4728932781939417


n: 26.142857142857142

epsilon: 2.0

m: 6.428571428571429

Residual: 0.5573279134288914


n: 26.142857142857142

epsilon: 2.0

m: 6.714285714285714

Residual: 0.6203192850894823


n: 26.142857142857142

epsilon: 2.0

m: 7.0

Residual: 0.67744792401616


n: 26.142857142857142

epsilon: 2.5

m: 5.0

Residual: 0.1912554057576522


n: 26.142857142857142

epsilon: 2.5

m: 5.285714285714286

Residual: 0.06365449290419233


n: 26.142857142857142

epsilon: 2.5

m: 5.571428571428571

Residual: 0.13884637922684864


n: 26.142857142857142

epsilon: 2.5

m: 5.857142857142857

Residual: 0.2718961042203757


n: 26.142857142857142

epsilon: 2.5

m: 6.142857142857142

Residual: 0.38318854220437304


n: 26.142857142857142

epsilon: 2.5

m: 6.428571428571429

Residual: 0.4734884999583727


n: 26.142857142857142

epsilon: 2.5

m: 6.714285714285714

Residual: 0.5474102022189986


n: 26.142857142857142

epsilon: 2.5

m: 7.0

Residual: 0.6101738904441917


n: 26.142857142857142

epsilon: 3.0

m: 5.0

Residual: 0.2773417828190404


n: 26.142857142857142

epsilon: 3.0

m: 5.285714285714286

Residual: 0.11714465776497861


n: 26.142857142857142

epsilon: 3.0

m: 5.571428571428571

Residual: 0.10497626669003365


n: 26.142857142857142

epsilon: 3.0

m: 5.857142857142857

Residual: 0.18838817028701837


n: 26.142857142857142

epsilon: 3.0

m: 6.142857142857142

Residual: 0.3035446325446338


n: 26.142857142857142

epsilon: 3.0

m: 6.428571428571429

Residual: 0.4000639693547304


n: 26.142857142857142

epsilon: 3.0

m: 6.714285714285714

Residual: 0.48272123148499907


n: 26.142857142857142

epsilon: 3.0

m: 7.0

Residual: 0.5516383798028743


n: 26.142857142857142

epsilon: 3.5

m: 5.0

Residual: 0.34684814824482296


n: 26.142857142857142

epsilon: 3.5

m: 5.285714285714286

Residual: 0.18354965096910264


n: 26.142857142857142

epsilon: 3.5

m: 5.571428571428571

Residual: 0.11975747029170059


n: 26.142857142857142

epsilon: 3.5

m: 5.857142857142857

Residual: 0.15601430067793767


n: 26.142857142857142

epsilon: 3.5

m: 6.142857142857142

Residual: 0.23322781457829023


n: 26.142857142857142

epsilon: 3.5

m: 6.428571428571429

Residual: 0.3354665449565838


n: 26.142857142857142

epsilon: 3.5

m: 6.714285714285714

Residual: 0.42150434880841864


n: 26.142857142857142

epsilon: 3.5

m: 7.0

Residual: 0.496118728822118


n: 26.142857142857142

epsilon: 4.0

m: 5.0

Residual: 0.4039611688514824


n: 26.142857142857142

epsilon: 4.0

m: 5.285714285714286

Residual: 0.24717713157969007


n: 26.142857142857142

epsilon: 4.0

m: 5.571428571428571

Residual: 0.15006365537787278


n: 26.142857142857142

epsilon: 4.0

m: 5.857142857142857

Residual: 0.15334993366948932


n: 26.142857142857142

epsilon: 4.0

m: 6.142857142857142

Residual: 0.2052803911361055


n: 26.142857142857142

epsilon: 4.0

m: 6.428571428571429

Residual: 0.2816894213087696


n: 26.142857142857142

epsilon: 4.0

m: 6.714285714285714

Residual: 0.3625974227846092


n: 26.142857142857142

epsilon: 4.0

m: 7.0

Residual: 0.44563125903945394


n: 30.857142857142858

epsilon: 0.5

m: 5.0

Residual: 0.5701366931777032


n: 30.857142857142858

epsilon: 0.5

m: 5.285714285714286

Residual: 0.6774862186078159


n: 30.857142857142858

epsilon: 0.5

m: 5.571428571428571

Residual: 0.7543413237078698


n: 30.857142857142858

epsilon: 0.5

m: 5.857142857142857

Residual: 0.8090612729761619


n: 30.857142857142858

epsilon: 0.5

m: 6.142857142857142

Residual: 0.8482662327770745


n: 30.857142857142858

epsilon: 0.5

m: 6.428571428571429

Residual: 0.8782562355136928


n: 30.857142857142858

epsilon: 0.5

m: 6.714285714285714

Residual: 0.8993459625286554


n: 30.857142857142858

epsilon: 0.5

m: 7.0

Residual: 0.91615282594377


n: 30.857142857142858

epsilon: 1.0

m: 5.0

Residual: 0.2927621821524317


n: 30.857142857142858

epsilon: 1.0

m: 5.285714285714286

Residual: 0.4451978466970432


n: 30.857142857142858

epsilon: 1.0

m: 5.571428571428571

Residual: 0.5634241996031127


n: 30.857142857142858

epsilon: 1.0

m: 5.857142857142857

Residual: 0.6515002095116141


n: 30.857142857142858

epsilon: 1.0

m: 6.142857142857142

Residual: 0.7196622880750475


n: 30.857142857142858

epsilon: 1.0

m: 6.428571428571429

Residual: 0.7702439528313096


n: 30.857142857142858

epsilon: 1.0

m: 6.714285714285714

Residual: 0.8077930036838771


n: 30.857142857142858

epsilon: 1.0

m: 7.0

Residual: 0.8394613440852569


n: 30.857142857142858

epsilon: 1.5

m: 5.0

Residual: 0.09846706759850672


n: 30.857142857142858

epsilon: 1.5

m: 5.285714285714286

Residual: 0.27036355835779136


n: 30.857142857142858

epsilon: 1.5

m: 5.571428571428571

Residual: 0.40945645319715457


n: 30.857142857142858

epsilon: 1.5

m: 5.857142857142857

Residual: 0.5188382292915963


n: 30.857142857142858

epsilon: 1.5

m: 6.142857142857142

Residual: 0.6070115929585277


n: 30.857142857142858

epsilon: 1.5

m: 6.428571428571429

Residual: 0.6740188131207702


n: 30.857142857142858

epsilon: 1.5

m: 6.714285714285714

Residual: 0.7254175523840879


n: 30.857142857142858

epsilon: 1.5

m: 7.0

Residual: 0.7666536714322684


n: 30.857142857142858

epsilon: 2.0

m: 5.0

Residual: 0.045242517556273336


n: 30.857142857142858

epsilon: 2.0

m: 5.285714285714286

Residual: 0.1319398791761373


n: 30.857142857142858

epsilon: 2.0

m: 5.571428571428571

Residual: 0.282628358731456


n: 30.857142857142858

epsilon: 2.0

m: 5.857142857142857

Residual: 0.4066663589582006


n: 30.857142857142858

epsilon: 2.0

m: 6.142857142857142

Residual: 0.5074934355281281


n: 30.857142857142858

epsilon: 2.0

m: 6.428571428571429

Residual: 0.5874952806318496


n: 30.857142857142858

epsilon: 2.0

m: 6.714285714285714

Residual: 0.6522209817517426


n: 30.857142857142858

epsilon: 2.0

m: 7.0

Residual: 0.7039427433534785


n: 30.857142857142858

epsilon: 2.5

m: 5.0

Residual: 0.15545634671020636


n: 30.857142857142858

epsilon: 2.5

m: 5.285714285714286

Residual: 0.0542556644454547


n: 30.857142857142858

epsilon: 2.5

m: 5.571428571428571

Residual: 0.17599288685117223


n: 30.857142857142858

epsilon: 2.5

m: 5.857142857142857

Residual: 0.3094350649228156


n: 30.857142857142858

epsilon: 2.5

m: 6.142857142857142

Residual: 0.4210885993707109


n: 30.857142857142858

epsilon: 2.5

m: 6.428571428571429

Residual: 0.509765814795965


n: 30.857142857142858

epsilon: 2.5

m: 6.714285714285714

Residual: 0.5814247087295847


n: 30.857142857142858

epsilon: 2.5

m: 7.0

Residual: 0.6397367879391298


n: 30.857142857142858

epsilon: 3.0

m: 5.0

Residual: 0.24298623152365859


n: 30.857142857142858

epsilon: 3.0

m: 5.285714285714286

Residual: 0.08971310660122411


n: 30.857142857142858

epsilon: 3.0

m: 5.571428571428571

Residual: 0.1111102541764592


n: 30.857142857142858

epsilon: 3.0

m: 5.857142857142857

Residual: 0.22459085553775318


n: 30.857142857142858

epsilon: 3.0

m: 6.142857142857142

Residual: 0.342545202709983


n: 30.857142857142858

epsilon: 3.0

m: 6.428571428571429

Residual: 0.43950410283042607


n: 30.857142857142858

epsilon: 3.0

m: 6.714285714285714

Residual: 0.5192268805443876


n: 30.857142857142858

epsilon: 3.0

m: 7.0

Residual: 0.5846476181507239


n: 30.857142857142858

epsilon: 3.5

m: 5.0

Residual: 0.3136164942817611


n: 30.857142857142858

epsilon: 3.5

m: 5.285714285714286

Residual: 0.14840240233468488


n: 30.857142857142858

epsilon: 3.5

m: 5.571428571428571

Residual: 0.10937891069392608


n: 30.857142857142858

epsilon: 3.5

m: 5.857142857142857

Residual: 0.16954980450492957


n: 30.857142857142858

epsilon: 3.5

m: 6.142857142857142

Residual: 0.2738918606326685


n: 30.857142857142858

epsilon: 3.5

m: 6.428571428571429

Residual: 0.3761041440838839


n: 30.857142857142858

epsilon: 3.5

m: 6.714285714285714

Residual: 0.4618180305991205


n: 30.857142857142858

epsilon: 3.5

m: 7.0

Residual: 0.5270841304756879


n: 30.857142857142858

epsilon: 4.0

m: 5.0

Residual: 0.37257611376983724


n: 30.857142857142858

epsilon: 4.0

m: 5.285714285714286

Residual: 0.21080825159599692


n: 30.857142857142858

epsilon: 4.0

m: 5.571428571428571

Residual: 0.130892941337188


n: 30.857142857142858

epsilon: 4.0

m: 5.857142857142857

Residual: 0.15491507649912434


n: 30.857142857142858

epsilon: 4.0

m: 6.142857142857142

Residual: 0.2249858563395172


n: 30.857142857142858

epsilon: 4.0

m: 6.428571428571429

Residual: 0.31354207583187843


n: 30.857142857142858

epsilon: 4.0

m: 6.714285714285714

Residual: 0.4057720926090643


n: 30.857142857142858

epsilon: 4.0

m: 7.0

Residual: 0.4769149138454718


n: 35.57142857142857

epsilon: 0.5

m: 5.0

Residual: 0.5887100213816339


n: 35.57142857142857

epsilon: 0.5

m: 5.285714285714286

Residual: 0.6933466083709985


n: 35.57142857142857

epsilon: 0.5

m: 5.571428571428571

Residual: 0.7673596949548946


n: 35.57142857142857

epsilon: 0.5

m: 5.857142857142857

Residual: 0.8200385451056563


n: 35.57142857142857

epsilon: 0.5

m: 6.142857142857142

Residual: 0.8571488491669323


n: 35.57142857142857

epsilon: 0.5

m: 6.428571428571429

Residual: 0.885555227371993


n: 35.57142857142857

epsilon: 0.5

m: 6.714285714285714

Residual: 0.9058435267099094


n: 35.57142857142857

epsilon: 0.5

m: 7.0

Residual: 0.9221688805618613


n: 35.57142857142857

epsilon: 1.0

m: 5.0

Residual: 0.31818130456136423


n: 35.57142857142857

epsilon: 1.0

m: 5.285714285714286

Residual: 0.468263752620272


n: 35.57142857142857

epsilon: 1.0

m: 5.571428571428571

Residual: 0.5839277102481958


n: 35.57142857142857

epsilon: 1.0

m: 5.857142857142857

Residual: 0.6703211528849534


n: 35.57142857142857

epsilon: 1.0

m: 6.142857142857142

Residual: 0.7355196680098005


n: 35.57142857142857

epsilon: 1.0

m: 6.428571428571429

Residual: 0.7828243638956647


n: 35.57142857142857

epsilon: 1.0

m: 6.714285714285714

Residual: 0.8200316923081508


n: 35.57142857142857

epsilon: 1.0

m: 7.0

Residual: 0.8495209333950833


n: 35.57142857142857

epsilon: 1.5

m: 5.0

Residual: 0.12577797271547522


n: 35.57142857142857

epsilon: 1.5

m: 5.285714285714286

Residual: 0.29643701669124745


n: 35.57142857142857

epsilon: 1.5

m: 5.571428571428571

Residual: 0.4330833796225697


n: 35.57142857142857

epsilon: 1.5

m: 5.857142857142857

Residual: 0.5438269466513607


n: 35.57142857142857

epsilon: 1.5

m: 6.142857142857142

Residual: 0.6255591749429825


n: 35.57142857142857

epsilon: 1.5

m: 6.428571428571429

Residual: 0.6922456168395755


n: 35.57142857142857

epsilon: 1.5

m: 6.714285714285714

Residual: 0.7417945047956924


n: 35.57142857142857

epsilon: 1.5

m: 7.0

Residual: 0.7817487645975548


n: 35.57142857142857

epsilon: 2.0

m: 5.0

Residual: 0.017773678080747164


n: 35.57142857142857

epsilon: 2.0

m: 5.285714285714286

Residual: 0.1606762003067409


n: 35.57142857142857

epsilon: 2.0

m: 5.571428571428571

Residual: 0.31068125675249797


n: 35.57142857142857

epsilon: 2.0

m: 5.857142857142857

Residual: 0.43345000203325335


n: 35.57142857142857

epsilon: 2.0

m: 6.142857142857142

Residual: 0.5316820336807346


n: 35.57142857142857

epsilon: 2.0

m: 6.428571428571429

Residual: 0.6093664893164208


n: 35.57142857142857

epsilon: 2.0

m: 6.714285714285714

Residual: 0.6717675024353961


n: 35.57142857142857

epsilon: 2.0

m: 7.0

Residual: 0.7199090256822145


n: 35.57142857142857

epsilon: 2.5

m: 5.0

Residual: 0.12775472694989418


n: 35.57142857142857

epsilon: 2.5

m: 5.285714285714286

Residual: 0.057670226213217456


n: 35.57142857142857

epsilon: 2.5

m: 5.571428571428571

Residual: 0.20493031939985853


n: 35.57142857142857

epsilon: 2.5

m: 5.857142857142857

Residual: 0.3380823504087288


n: 35.57142857142857

epsilon: 2.5

m: 6.142857142857142

Residual: 0.44586299337351887


n: 35.57142857142857

epsilon: 2.5

m: 6.428571428571429

Residual: 0.5339549189321606


n: 35.57142857142857

epsilon: 2.5

m: 6.714285714285714

Residual: 0.6063549169230202


n: 35.57142857142857

epsilon: 2.5

m: 7.0

Residual: 0.6626381474399514


n: 35.57142857142857

epsilon: 3.0

m: 5.0

Residual: 0.21699082341258583


n: 35.57142857142857

epsilon: 3.0

m: 5.285714285714286

Residual: 0.07429680257349688


n: 35.57142857142857

epsilon: 3.0

m: 5.571428571428571

Residual: 0.12308775489650792


n: 35.57142857142857

epsilon: 3.0

m: 5.857142857142857

Residual: 0.25573235407845163


n: 35.57142857142857

epsilon: 3.0

m: 6.142857142857142

Residual: 0.3722206629337431


n: 35.57142857142857

epsilon: 3.0

m: 6.428571428571429

Residual: 0.46374037500800147


n: 35.57142857142857

epsilon: 3.0

m: 6.714285714285714

Residual: 0.545800186684474


n: 35.57142857142857

epsilon: 3.0

m: 7.0

Residual: 0.6060433353925738


n: 35.57142857142857

epsilon: 3.5

m: 5.0

Residual: 0.2883758922833258


n: 35.57142857142857

epsilon: 3.5

m: 5.285714285714286

Residual: 0.12404753608944828


n: 35.57142857142857

epsilon: 3.5

m: 5.571428571428571

Residual: 0.10689992599478107


n: 35.57142857142857

epsilon: 3.5

m: 5.857142857142857

Residual: 0.18609373227542897


n: 35.57142857142857

epsilon: 3.5

m: 6.142857142857142

Residual: 0.3025627113630741


n: 35.57142857142857

epsilon: 3.5

m: 6.428571428571429

Residual: 0.4038064205703625


n: 35.57142857142857

epsilon: 3.5

m: 6.714285714285714

Residual: 0.485420106030732


n: 35.57142857142857

epsilon: 3.5

m: 7.0

Residual: 0.5592790226496609


n: 35.57142857142857

epsilon: 4.0

m: 5.0

Residual: 0.34835441345497115


n: 35.57142857142857

epsilon: 4.0

m: 5.285714285714286

Residual: 0.18314257534322573


n: 35.57142857142857

epsilon: 4.0

m: 5.571428571428571

Residual: 0.11938403823787501


n: 35.57142857142857

epsilon: 4.0

m: 5.857142857142857

Residual: 0.15906631410297944


n: 35.57142857142857

epsilon: 4.0

m: 6.142857142857142

Residual: 0.24389096029648757


n: 35.57142857142857

epsilon: 4.0

m: 6.428571428571429

Residual: 0.34686395012946375


n: 35.57142857142857

epsilon: 4.0

m: 6.714285714285714

Residual: 0.42930619047538765


n: 35.57142857142857

epsilon: 4.0

m: 7.0

Residual: 0.5092953002534385


n: 40.285714285714285

epsilon: 0.5

m: 5.0

Residual: 0.6033262630614845


n: 40.285714285714285

epsilon: 0.5

m: 5.285714285714286

Residual: 0.7049613866580663


n: 40.285714285714285

epsilon: 0.5

m: 5.571428571428571

Residual: 0.7774386469456894


n: 40.285714285714285

epsilon: 0.5

m: 5.857142857142857

Residual: 0.8284848618400883


n: 40.285714285714285

epsilon: 0.5

m: 6.142857142857142

Residual: 0.8646967682126887


n: 40.285714285714285

epsilon: 0.5

m: 6.428571428571429

Residual: 0.8910806747189542


n: 40.285714285714285

epsilon: 0.5

m: 6.714285714285714

Residual: 0.910596386068651


n: 40.285714285714285

epsilon: 0.5

m: 7.0

Residual: 0.9260707984862824


n: 40.285714285714285

epsilon: 1.0

m: 5.0

Residual: 0.33743886115015104


n: 40.285714285714285

epsilon: 1.0

m: 5.285714285714286

Residual: 0.4858783942948389


n: 40.285714285714285

epsilon: 1.0

m: 5.571428571428571

Residual: 0.5991095130121662


n: 40.285714285714285

epsilon: 1.0

m: 5.857142857142857

Residual: 0.6822617915946121


n: 40.285714285714285

epsilon: 1.0

m: 6.142857142857142

Residual: 0.7457498831064231


n: 40.285714285714285

epsilon: 1.0

m: 6.428571428571429

Residual: 0.7936997857414928


n: 40.285714285714285

epsilon: 1.0

m: 6.714285714285714

Residual: 0.8300610276187428


n: 40.285714285714285

epsilon: 1.0

m: 7.0

Residual: 0.8572250780803807


n: 40.285714285714285

epsilon: 1.5

m: 5.0

Residual: 0.14735023440676842


n: 40.285714285714285

epsilon: 1.5

m: 5.285714285714286

Residual: 0.3168480897591849


n: 40.285714285714285

epsilon: 1.5

m: 5.571428571428571

Residual: 0.45296759146590276


n: 40.285714285714285

epsilon: 1.5

m: 5.857142857142857

Residual: 0.559279629291265


n: 40.285714285714285

epsilon: 1.5

m: 6.142857142857142

Residual: 0.642164147291889


n: 40.285714285714285

epsilon: 1.5

m: 6.428571428571429

Residual: 0.7027713230751554


n: 40.285714285714285

epsilon: 1.5

m: 6.714285714285714

Residual: 0.7557074389985138


n: 40.285714285714285

epsilon: 1.5

m: 7.0

Residual: 0.7935696359610221


n: 40.285714285714285

epsilon: 2.0

m: 5.0

Residual: 0.007649030033252802


n: 40.285714285714285

epsilon: 2.0

m: 5.285714285714286

Residual: 0.18263806270753158


n: 40.285714285714285

epsilon: 2.0

m: 5.571428571428571

Residual: 0.33106812683576015


n: 40.285714285714285

epsilon: 2.0

m: 5.857142857142857

Residual: 0.4519968687319902


n: 40.285714285714285

epsilon: 2.0

m: 6.142857142857142

Residual: 0.5489726973168517


n: 40.285714285714285

epsilon: 2.0

m: 6.428571428571429

Residual: 0.6260361144362087


n: 40.285714285714285

epsilon: 2.0

m: 6.714285714285714

Residual: 0.6861051139890383


n: 40.285714285714285

epsilon: 2.0

m: 7.0

Residual: 0.7326579429294534


n: 40.285714285714285

epsilon: 2.5

m: 5.0

Residual: 0.10661270913440613


n: 40.285714285714285

epsilon: 2.5

m: 5.285714285714286

Residual: 0.07239815833950301


n: 40.285714285714285

epsilon: 2.5

m: 5.571428571428571

Residual: 0.22823125058388027


n: 40.285714285714285

epsilon: 2.5

m: 5.857142857142857

Residual: 0.3590858491962


n: 40.285714285714285

epsilon: 2.5

m: 6.142857142857142

Residual: 0.46742291955242116


n: 40.285714285714285

epsilon: 2.5

m: 6.428571428571429

Residual: 0.553021495514495


n: 40.285714285714285

epsilon: 2.5

m: 6.714285714285714

Residual: 0.6215440419235867


n: 40.285714285714285

epsilon: 2.5

m: 7.0

Residual: 0.6767666677666075


n: 40.285714285714285

epsilon: 3.0

m: 5.0

Residual: 0.19485420998776806


n: 40.285714285714285

epsilon: 3.0

m: 5.285714285714286

Residual: 0.06419024364462643


n: 40.285714285714285

epsilon: 3.0

m: 5.571428571428571

Residual: 0.14069421512070238


n: 40.285714285714285

epsilon: 3.0

m: 5.857142857142857

Residual: 0.2794334167231076


n: 40.285714285714285

epsilon: 3.0

m: 6.142857142857142

Residual: 0.39084637132360234


n: 40.285714285714285

epsilon: 3.0

m: 6.428571428571429

Residual: 0.48871185908212156


n: 40.285714285714285

epsilon: 3.0

m: 6.714285714285714

Residual: 0.5623691273634658


n: 40.285714285714285

epsilon: 3.0

m: 7.0

Residual: 0.6244647416941794


n: 40.285714285714285

epsilon: 3.5

m: 5.0

Residual: 0.2681560317202069


n: 40.285714285714285

epsilon: 3.5

m: 5.285714285714286

Residual: 0.10674380523454166


n: 40.285714285714285

epsilon: 3.5

m: 5.571428571428571

Residual: 0.10787260473059773


n: 40.285714285714285

epsilon: 3.5

m: 5.857142857142857

Residual: 0.206571163192795


n: 40.285714285714285

epsilon: 3.5

m: 6.142857142857142

Residual: 0.32642603353825145


n: 40.285714285714285

epsilon: 3.5

m: 6.428571428571429

Residual: 0.42567221905964775


n: 40.285714285714285

epsilon: 3.5

m: 6.714285714285714

Residual: 0.5062657690900259


n: 40.285714285714285

epsilon: 3.5

m: 7.0

Residual: 0.569827407322188


n: 40.285714285714285

epsilon: 4.0

m: 5.0

Residual: 0.3293483076238231


n: 40.285714285714285

epsilon: 4.0

m: 5.285714285714286

Residual: 0.16109572357985194


n: 40.285714285714285

epsilon: 4.0

m: 5.571428571428571

Residual: 0.11244367147439989


n: 40.285714285714285

epsilon: 4.0

m: 5.857142857142857

Residual: 0.1664380976805341


n: 40.285714285714285

epsilon: 4.0

m: 6.142857142857142

Residual: 0.26599142863791086


n: 40.285714285714285

epsilon: 4.0

m: 6.428571428571429

Residual: 0.3677689782731962


n: 40.285714285714285

epsilon: 4.0

m: 6.714285714285714

Residual: 0.45515503449526784


n: 40.285714285714285

epsilon: 4.0

m: 7.0

Residual: 0.5277490982325896


n: 45.0

epsilon: 0.5

m: 5.0

Residual: 0.6142078534372567


n: 45.0

epsilon: 0.5

m: 5.285714285714286

Residual: 0.7149597758402946


n: 45.0

epsilon: 0.5

m: 5.571428571428571

Residual: 0.7848557666114659


n: 45.0

epsilon: 0.5

m: 5.857142857142857

Residual: 0.8344262450789653


n: 45.0

epsilon: 0.5

m: 6.142857142857142

Residual: 0.8695311567880024


n: 45.0

epsilon: 0.5

m: 6.428571428571429

Residual: 0.8953975535429763


n: 45.0

epsilon: 0.5

m: 6.714285714285714

Residual: 0.9145216378990917


n: 45.0

epsilon: 0.5

m: 7.0

Residual: 0.9292374188543557


n: 45.0

epsilon: 1.0

m: 5.0

Residual: 0.3528940084734145


n: 45.0

epsilon: 1.0

m: 5.285714285714286

Residual: 0.5005565742169549


n: 45.0

epsilon: 1.0

m: 5.571428571428571

Residual: 0.6114155003084583


n: 45.0

epsilon: 1.0

m: 5.857142857142857

Residual: 0.6939739199145196


n: 45.0

epsilon: 1.0

m: 6.142857142857142

Residual: 0.75444584351085


n: 45.0

epsilon: 1.0

m: 6.428571428571429

Residual: 0.80200070455309


n: 45.0

epsilon: 1.0

m: 6.714285714285714

Residual: 0.8367152115452923


n: 45.0

epsilon: 1.0

m: 7.0

Residual: 0.8634162776428774


n: 45.0

epsilon: 1.5

m: 5.0

Residual: 0.164696377644545


n: 45.0

epsilon: 1.5

m: 5.285714285714286

Residual: 0.3337512992431915


n: 45.0

epsilon: 1.5

m: 5.571428571428571

Residual: 0.4683949717061896


n: 45.0

epsilon: 1.5

m: 5.857142857142857

Residual: 0.5721345352111862


n: 45.0

epsilon: 1.5

m: 6.142857142857142

Residual: 0.6521174264534129


n: 45.0

epsilon: 1.5

m: 6.428571428571429

Residual: 0.7167754517991705


n: 45.0

epsilon: 1.5

m: 6.714285714285714

Residual: 0.7632376422983455


n: 45.0

epsilon: 1.5

m: 7.0

Residual: 0.8028411408201995


n: 45.0

epsilon: 2.0

m: 5.0

Residual: 0.022727939257334198


n: 45.0

epsilon: 2.0

m: 5.285714285714286

Residual: 0.1992280678231833


n: 45.0

epsilon: 2.0

m: 5.571428571428571

Residual: 0.349436956327863


n: 45.0

epsilon: 2.0

m: 5.857142857142857

Residual: 0.46844725675372056


n: 45.0

epsilon: 2.0

m: 6.142857142857142

Residual: 0.5631704144788532


n: 45.0

epsilon: 2.0

m: 6.428571428571429

Residual: 0.6393996282897193


n: 45.0

epsilon: 2.0

m: 6.714285714285714

Residual: 0.6964847238125276


n: 45.0

epsilon: 2.0

m: 7.0

Residual: 0.7432775046305633


n: 45.0

epsilon: 2.5

m: 5.0

Residual: 0.08848081864710178


n: 45.0

epsilon: 2.5

m: 5.285714285714286

Residual: 0.09126916607934261


n: 45.0

epsilon: 2.5

m: 5.571428571428571

Residual: 0.2471672728460904


n: 45.0

epsilon: 2.5

m: 5.857142857142857

Residual: 0.3788007383930231


n: 45.0

epsilon: 2.5

m: 6.142857142857142

Residual: 0.48270766618280636


n: 45.0

epsilon: 2.5

m: 6.428571428571429

Residual: 0.5660796151260408


n: 45.0

epsilon: 2.5

m: 6.714285714285714

Residual: 0.63647879770732


n: 45.0

epsilon: 2.5

m: 7.0

Residual: 0.6879074644879835


n: 45.0

epsilon: 3.0

m: 5.0

Residual: 0.17798138061107077


n: 45.0

epsilon: 3.0

m: 5.285714285714286

Residual: 0.058025243020262775


n: 45.0

epsilon: 3.0

m: 5.571428571428571

Residual: 0.1593963889628003


n: 45.0

epsilon: 3.0

m: 5.857142857142857

Residual: 0.2975007993562502


n: 45.0

epsilon: 3.0

m: 6.142857142857142

Residual: 0.40927214924913546


n: 45.0

epsilon: 3.0

m: 6.428571428571429

Residual: 0.5006823474022153


n: 45.0

epsilon: 3.0

m: 6.714285714285714

Residual: 0.5781649335921526


n: 45.0

epsilon: 3.0

m: 7.0

Residual: 0.6406781441729715


n: 45.0

epsilon: 3.5

m: 5.0

Residual: 0.2511693893139839


n: 45.0

epsilon: 3.5

m: 5.285714285714286

Residual: 0.09404371752497369


n: 45.0

epsilon: 3.5

m: 5.571428571428571

Residual: 0.11061936310546149


n: 45.0

epsilon: 3.5

m: 5.857142857142857

Residual: 0.2233785097501834


n: 45.0

epsilon: 3.5

m: 6.142857142857142

Residual: 0.34645313282494933


n: 45.0

epsilon: 3.5

m: 6.428571428571429

Residual: 0.4435213967970617


n: 45.0

epsilon: 3.5

m: 6.714285714285714

Residual: 0.5229425281965953


n: 45.0

epsilon: 3.5

m: 7.0

Residual: 0.5910787171799984


n: 45.0

epsilon: 4.0

m: 5.0

Residual: 0.3131704941628804


n: 45.0

epsilon: 4.0

m: 5.285714285714286

Residual: 0.14445016361726282


n: 45.0

epsilon: 4.0

m: 5.571428571428571

Residual: 0.1086222340952193


n: 45.0

epsilon: 4.0

m: 5.857142857142857

Residual: 0.17537128099619284


n: 45.0

epsilon: 4.0

m: 6.142857142857142

Residual: 0.2820640397002109


n: 45.0

epsilon: 4.0

m: 6.428571428571429

Residual: 0.38806637884670003


n: 45.0

epsilon: 4.0

m: 6.714285714285714

Residual: 0.4722683242196981


n: 45.0

epsilon: 4.0

m: 7.0

Residual: 0.54525032169421


