epsilon: 0.5

m: 5.0

n: 12.0

Residual: 0.398506613342756


epsilon: 0.5

m: 5.0

n: 12.0

Residual: 0.3987340772920471


epsilon: 0.5

m: 5.0

n: 16.714285714285715

Residual: 0.5108552006762757


epsilon: 0.5

m: 5.0

n: 21.42857142857143

Residual: 0.5673407777619044


epsilon: 0.5

m: 5.0

n: 26.142857142857142

Residual: 0.6014816338221841


epsilon: 0.5

m: 5.0

n: 30.857142857142858

Residual: 0.6254744401350234


epsilon: 0.5

m: 5.0

n: 35.57142857142857

Residual: 0.6415269438057232


epsilon: 0.5

m: 5.0

n: 40.285714285714285

Residual: 0.654551861650383


epsilon: 0.5

m: 5.0

n: 45.0

Residual: 0.6644919510646394


epsilon: 0.5

m: 5.285714285714286

n: 12.0

Residual: 0.5190652891837535


epsilon: 0.5

m: 5.285714285714286

n: 16.714285714285715

Residual: 0.6203832939298491


epsilon: 0.5

m: 5.285714285714286

n: 21.42857142857143

Residual: 0.6685694958126567


epsilon: 0.5

m: 5.285714285714286

n: 26.142857142857142

Residual: 0.6975761362243602


epsilon: 0.5

m: 5.285714285714286

n: 30.857142857142858

Residual: 0.7170506891592724


epsilon: 0.5

m: 5.285714285714286

n: 35.57142857142857

Residual: 0.7312898497941025


epsilon: 0.5

m: 5.285714285714286

n: 40.285714285714285

Residual: 0.7414697413936447


epsilon: 0.5

m: 5.285714285714286

n: 45.0

Residual: 0.7491807732175559


epsilon: 0.5

m: 5.571428571428571

n: 12.0

Residual: 0.6121211522570273


epsilon: 0.5

m: 5.571428571428571

n: 16.714285714285715

Residual: 0.7011076823629318


epsilon: 0.5

m: 5.571428571428571

n: 21.42857142857143

Residual: 0.7433366788023166


epsilon: 0.5

m: 5.571428571428571

n: 26.142857142857142

Residual: 0.7677243220303366


epsilon: 0.5

m: 5.571428571428571

n: 30.857142857142858

Residual: 0.7835318702063842


epsilon: 0.5

m: 5.571428571428571

n: 35.57142857142857

Residual: 0.7950014615173513


epsilon: 0.5

m: 5.571428571428571

n: 40.285714285714285

Residual: 0.8038303165876743


epsilon: 0.5

m: 5.571428571428571

n: 45.0

Residual: 0.8100932765535861


epsilon: 0.5

m: 5.857142857142857

n: 12.0

Residual: 0.6834686301107622


epsilon: 0.5

m: 5.857142857142857

n: 16.714285714285715

Residual: 0.761801885880671


epsilon: 0.5

m: 5.857142857142857

n: 21.42857142857143

Residual: 0.7972915205028643


epsilon: 0.5

m: 5.857142857142857

n: 26.142857142857142

Residual: 0.8178368224875178


epsilon: 0.5

m: 5.857142857142857

n: 30.857142857142858

Residual: 0.8320759874129777


epsilon: 0.5

m: 5.857142857142857

n: 35.57142857142857

Residual: 0.8411873527972623


epsilon: 0.5

m: 5.857142857142857

n: 40.285714285714285

Residual: 0.8478906459895057


epsilon: 0.5

m: 5.857142857142857

n: 45.0

Residual: 0.8538346307285203


epsilon: 0.5

m: 6.142857142857142

n: 12.0

Residual: 0.7377695378548454


epsilon: 0.5

m: 6.142857142857142

n: 16.714285714285715

Residual: 0.8068889004123424


epsilon: 0.5

m: 6.142857142857142

n: 21.42857142857143

Residual: 0.8378335239783126


epsilon: 0.5

m: 6.142857142857142

n: 26.142857142857142

Residual: 0.8556097944130631


epsilon: 0.5

m: 6.142857142857142

n: 30.857142857142858

Residual: 0.8670619712921473


epsilon: 0.5

m: 6.142857142857142

n: 35.57142857142857

Residual: 0.8751107918623051


epsilon: 0.5

m: 6.142857142857142

n: 40.285714285714285

Residual: 0.8808654592952133


epsilon: 0.5

m: 6.142857142857142

n: 45.0

Residual: 0.8851201322089803


epsilon: 0.5

m: 6.428571428571429

n: 12.0

Residual: 0.7807544213884504


epsilon: 0.5

m: 6.428571428571429

n: 16.714285714285715

Residual: 0.8418590724221269


epsilon: 0.5

m: 6.428571428571429

n: 21.42857142857143

Residual: 0.8679315403076853


epsilon: 0.5

m: 6.428571428571429

n: 26.142857142857142

Residual: 0.8830447458253472


epsilon: 0.5

m: 6.428571428571429

n: 30.857142857142858

Residual: 0.8928289973687998


epsilon: 0.5

m: 6.428571428571429

n: 35.57142857142857

Residual: 0.8995331503993547


epsilon: 0.5

m: 6.428571428571429

n: 40.285714285714285

Residual: 0.9045166515889183


epsilon: 0.5

m: 6.428571428571429

n: 45.0

Residual: 0.9084638955393028


epsilon: 0.5

m: 6.714285714285714

n: 12.0

Residual: 0.8132180778030923


epsilon: 0.5

m: 6.714285714285714

n: 16.714285714285715

Residual: 0.8671656492664328


epsilon: 0.5

m: 6.714285714285714

n: 21.42857142857143

Residual: 0.8905995930347123


epsilon: 0.5

m: 6.714285714285714

n: 26.142857142857142

Residual: 0.9042731935114566


epsilon: 0.5

m: 6.714285714285714

n: 30.857142857142858

Residual: 0.9120390386745238


epsilon: 0.5

m: 6.714285714285714

n: 35.57142857142857

Residual: 0.91708235354471


epsilon: 0.5

m: 6.714285714285714

n: 40.285714285714285

Residual: 0.922027621949844


epsilon: 0.5

m: 6.714285714285714

n: 45.0

Residual: 0.9255823782838687


epsilon: 0.5

m: 7.0

n: 12.0

Residual: 0.839308561745246


epsilon: 0.5

m: 7.0

n: 16.714285714285715

Residual: 0.8878262311655963


epsilon: 0.5

m: 7.0

n: 21.42857142857143

Residual: 0.9083107861412595


epsilon: 0.5

m: 7.0

n: 26.142857142857142

Residual: 0.9198520606581945


epsilon: 0.5

m: 7.0

n: 30.857142857142858

Residual: 0.9273588267006668


epsilon: 0.5

m: 7.0

n: 35.57142857142857

Residual: 0.9319794993970827


epsilon: 0.5

m: 7.0

n: 40.285714285714285

Residual: 0.9351961937512475


epsilon: 0.5

m: 7.0

n: 45.0

Residual: 0.9382407278052713


epsilon: 1.0

m: 5.0

n: 12.0

Residual: 0.10808446056817256


epsilon: 1.0

m: 5.0

n: 16.714285714285715

Residual: 0.21398905768277848


epsilon: 1.0

m: 5.0

n: 21.42857142857143

Residual: 0.28888804867253215


epsilon: 1.0

m: 5.0

n: 26.142857142857142

Residual: 0.3360908177780654


epsilon: 1.0

m: 5.0

n: 30.857142857142858

Residual: 0.368437888588027


epsilon: 1.0

m: 5.0

n: 35.57142857142857

Residual: 0.3924581923628719


epsilon: 1.0

m: 5.0

n: 40.285714285714285

Residual: 0.4106408899971187


epsilon: 1.0

m: 5.0

n: 45.0

Residual: 0.42537388979683866


epsilon: 1.0

m: 5.285714285714286

n: 12.0

Residual: 0.22436174907392795


epsilon: 1.0

m: 5.285714285714286

n: 16.714285714285715

Residual: 0.3610767179002854


epsilon: 1.0

m: 5.285714285714286

n: 21.42857142857143

Residual: 0.431356807528277


epsilon: 1.0

m: 5.285714285714286

n: 26.142857142857142

Residual: 0.47472755952299944


epsilon: 1.0

m: 5.285714285714286

n: 30.857142857142858

Residual: 0.5045438185512973


epsilon: 1.0

m: 5.285714285714286

n: 35.57142857142857

Residual: 0.5265692243290332


epsilon: 1.0

m: 5.285714285714286

n: 40.285714285714285

Residual: 0.5417576601577089


epsilon: 1.0

m: 5.285714285714286

n: 45.0

Residual: 0.5551809532263152


epsilon: 1.0

m: 5.571428571428571

n: 12.0

Residual: 0.35091494875732787


epsilon: 1.0

m: 5.571428571428571

n: 16.714285714285715

Residual: 0.48043245272411506


epsilon: 1.0

m: 5.571428571428571

n: 21.42857142857143

Residual: 0.5449078071710026


epsilon: 1.0

m: 5.571428571428571

n: 26.142857142857142

Residual: 0.5829339095591911


epsilon: 1.0

m: 5.571428571428571

n: 30.857142857142858

Residual: 0.6100443064517419


epsilon: 1.0

m: 5.571428571428571

n: 35.57142857142857

Residual: 0.6286508717845953


epsilon: 1.0

m: 5.571428571428571

n: 40.285714285714285

Residual: 0.6429341264275961


epsilon: 1.0

m: 5.571428571428571

n: 45.0

Residual: 0.6553600348534042


epsilon: 1.0

m: 5.857142857142857

n: 12.0

Residual: 0.4534565937297882


epsilon: 1.0

m: 5.857142857142857

n: 16.714285714285715

Residual: 0.5747244705281127


epsilon: 1.0

m: 5.857142857142857

n: 21.42857142857143

Residual: 0.6324008168328974


epsilon: 1.0

m: 5.857142857142857

n: 26.142857142857142

Residual: 0.6672669329978111


epsilon: 1.0

m: 5.857142857142857

n: 30.857142857142858

Residual: 0.6880581506654897


epsilon: 1.0

m: 5.857142857142857

n: 35.57142857142857

Residual: 0.7058478478341709


epsilon: 1.0

m: 5.857142857142857

n: 40.285714285714285

Residual: 0.7173091537693573


epsilon: 1.0

m: 5.857142857142857

n: 45.0

Residual: 0.7277975235280374


epsilon: 1.0

m: 6.142857142857142

n: 12.0

Residual: 0.5378076341306675


epsilon: 1.0

m: 6.142857142857142

n: 16.714285714285715

Residual: 0.6484587472958385


epsilon: 1.0

m: 6.142857142857142

n: 21.42857142857143

Residual: 0.6994104261859506


epsilon: 1.0

m: 6.142857142857142

n: 26.142857142857142

Residual: 0.7301729603833506


epsilon: 1.0

m: 6.142857142857142

n: 30.857142857142858

Residual: 0.7507471010730264


epsilon: 1.0

m: 6.142857142857142

n: 35.57142857142857

Residual: 0.7633653129835789


epsilon: 1.0

m: 6.142857142857142

n: 40.285714285714285

Residual: 0.7747985409773936


epsilon: 1.0

m: 6.142857142857142

n: 45.0

Residual: 0.7832847071446849


epsilon: 1.0

m: 6.428571428571429

n: 12.0

Residual: 0.603696170044356


epsilon: 1.0

m: 6.428571428571429

n: 16.714285714285715

Residual: 0.705626970060491


epsilon: 1.0

m: 6.428571428571429

n: 21.42857142857143

Residual: 0.7540035994022424


epsilon: 1.0

m: 6.428571428571429

n: 26.142857142857142

Residual: 0.7796025209552301


epsilon: 1.0

m: 6.428571428571429

n: 30.857142857142858

Residual: 0.7967508423174591


epsilon: 1.0

m: 6.428571428571429

n: 35.57142857142857

Residual: 0.8082277987427452


epsilon: 1.0

m: 6.428571428571429

n: 40.285714285714285

Residual: 0.8173410661954362


epsilon: 1.0

m: 6.428571428571429

n: 45.0

Residual: 0.8257839182490847


epsilon: 1.0

m: 6.714285714285714

n: 12.0

Residual: 0.6585884366303295


epsilon: 1.0

m: 6.714285714285714

n: 16.714285714285715

Residual: 0.751767294198766


epsilon: 1.0

m: 6.714285714285714

n: 21.42857142857143

Residual: 0.7926894709182866


epsilon: 1.0

m: 6.714285714285714

n: 26.142857142857142

Residual: 0.8179293050026162


epsilon: 1.0

m: 6.714285714285714

n: 30.857142857142858

Residual: 0.8303537478757749


epsilon: 1.0

m: 6.714285714285714

n: 35.57142857142857

Residual: 0.842595310072004


epsilon: 1.0

m: 6.714285714285714

n: 40.285714285714285

Residual: 0.8487579316581049


epsilon: 1.0

m: 6.714285714285714

n: 45.0

Residual: 0.8567546423831581


epsilon: 1.0

m: 7.0

n: 12.0

Residual: 0.7035319273282528


epsilon: 1.0

m: 7.0

n: 16.714285714285715

Residual: 0.7884346647826185


epsilon: 1.0

m: 7.0

n: 21.42857142857143

Residual: 0.8232355152817492


epsilon: 1.0

m: 7.0

n: 26.142857142857142

Residual: 0.8465477207272502


epsilon: 1.0

m: 7.0

n: 30.857142857142858

Residual: 0.8606790999466848


epsilon: 1.0

m: 7.0

n: 35.57142857142857

Residual: 0.8701535607271239


epsilon: 1.0

m: 7.0

n: 40.285714285714285

Residual: 0.8742581006022615


epsilon: 1.0

m: 7.0

n: 45.0

Residual: 0.8802302645455595


epsilon: 1.5

m: 5.0

n: 12.0

Residual: 0.1437109328582118


epsilon: 1.5

m: 5.0

n: 16.714285714285715

Residual: 0.09174398700110822


epsilon: 1.5

m: 5.0

n: 21.42857142857143

Residual: 0.11402223970291975


epsilon: 1.5

m: 5.0

n: 26.142857142857142

Residual: 0.15083550604510704


epsilon: 1.5

m: 5.0

n: 30.857142857142858

Residual: 0.1830012429003571


epsilon: 1.5

m: 5.0

n: 35.57142857142857

Residual: 0.20827789158426147


epsilon: 1.5

m: 5.0

n: 40.285714285714285

Residual: 0.230656011501968


epsilon: 1.5

m: 5.0

n: 45.0

Residual: 0.24607458960665946


epsilon: 1.5

m: 5.285714285714286

n: 12.0

Residual: 0.05180491254183166


epsilon: 1.5

m: 5.285714285714286

n: 16.714285714285715

Residual: 0.1736754960027421


epsilon: 1.5

m: 5.285714285714286

n: 21.42857142857143

Residual: 0.25403867609578584


epsilon: 1.5

m: 5.285714285714286

n: 26.142857142857142

Residual: 0.30358201451728317


epsilon: 1.5

m: 5.285714285714286

n: 30.857142857142858

Residual: 0.3391186790853088


epsilon: 1.5

m: 5.285714285714286

n: 35.57142857142857

Residual: 0.3638924764660144


epsilon: 1.5

m: 5.285714285714286

n: 40.285714285714285

Residual: 0.3842300613801414


epsilon: 1.5

m: 5.285714285714286

n: 45.0

Residual: 0.3997244176468917


epsilon: 1.5

m: 5.571428571428571

n: 12.0

Residual: 0.16149960060620971


epsilon: 1.5

m: 5.571428571428571

n: 16.714285714285715

Residual: 0.3095449114503022


epsilon: 1.5

m: 5.571428571428571

n: 21.42857142857143

Residual: 0.3860288949916198


epsilon: 1.5

m: 5.571428571428571

n: 26.142857142857142

Residual: 0.43374485035121974


epsilon: 1.5

m: 5.571428571428571

n: 30.857142857142858

Residual: 0.46740589360814355


epsilon: 1.5

m: 5.571428571428571

n: 35.57142857142857

Residual: 0.49047321183216974


epsilon: 1.5

m: 5.571428571428571

n: 40.285714285714285

Residual: 0.5073071673725141


epsilon: 1.5

m: 5.571428571428571

n: 45.0

Residual: 0.5230829210843287


epsilon: 1.5

m: 5.857142857142857

n: 12.0

Residual: 0.2789665242187723


epsilon: 1.5

m: 5.857142857142857

n: 16.714285714285715

Residual: 0.423369273927712


epsilon: 1.5

m: 5.857142857142857

n: 21.42857142857143

Residual: 0.4954672827766274


epsilon: 1.5

m: 5.857142857142857

n: 26.142857142857142

Residual: 0.5396141351746359


epsilon: 1.5

m: 5.857142857142857

n: 30.857142857142858

Residual: 0.5684093800543178


epsilon: 1.5

m: 5.857142857142857

n: 35.57142857142857

Residual: 0.5888297026929152


epsilon: 1.5

m: 5.857142857142857

n: 40.285714285714285

Residual: 0.6047171629536725


epsilon: 1.5

m: 5.857142857142857

n: 45.0

Residual: 0.619035684457458


epsilon: 1.5

m: 6.142857142857142

n: 12.0

Residual: 0.3764911440674088


epsilon: 1.5

m: 6.142857142857142

n: 16.714285714285715

Residual: 0.5148893161450979


epsilon: 1.5

m: 6.142857142857142

n: 21.42857142857143

Residual: 0.5812692169825149


epsilon: 1.5

m: 6.142857142857142

n: 26.142857142857142

Residual: 0.621201295160856


epsilon: 1.5

m: 6.142857142857142

n: 30.857142857142858

Residual: 0.6483702608820732


epsilon: 1.5

m: 6.142857142857142

n: 35.57142857142857

Residual: 0.6649438646332959


epsilon: 1.5

m: 6.142857142857142

n: 40.285714285714285

Residual: 0.680443539924931


epsilon: 1.5

m: 6.142857142857142

n: 45.0

Residual: 0.691378723587293


epsilon: 1.5

m: 6.428571428571429

n: 12.0

Residual: 0.4598189836252394


epsilon: 1.5

m: 6.428571428571429

n: 16.714285714285715

Residual: 0.5902138443439117


epsilon: 1.5

m: 6.428571428571429

n: 21.42857142857143

Residual: 0.6504701437079923


epsilon: 1.5

m: 6.428571428571429

n: 26.142857142857142

Residual: 0.6864275995539892


epsilon: 1.5

m: 6.428571428571429

n: 30.857142857142858

Residual: 0.7075937174865746


epsilon: 1.5

m: 6.428571428571429

n: 35.57142857142857

Residual: 0.7254511020006831


epsilon: 1.5

m: 6.428571428571429

n: 40.285714285714285

Residual: 0.7360023578703679


epsilon: 1.5

m: 6.428571428571429

n: 45.0

Residual: 0.7475033407968383


epsilon: 1.5

m: 6.714285714285714

n: 12.0

Residual: 0.5264199657347829


epsilon: 1.5

m: 6.714285714285714

n: 16.714285714285715

Residual: 0.6502779862018025


epsilon: 1.5

m: 6.714285714285714

n: 21.42857142857143

Residual: 0.7055486882125965


epsilon: 1.5

m: 6.714285714285714

n: 26.142857142857142

Residual: 0.7367612892905598


epsilon: 1.5

m: 6.714285714285714

n: 30.857142857142858

Residual: 0.7581704252966934


epsilon: 1.5

m: 6.714285714285714

n: 35.57142857142857

Residual: 0.7734742929517917


epsilon: 1.5

m: 6.714285714285714

n: 40.285714285714285

Residual: 0.7831439816634372


epsilon: 1.5

m: 6.714285714285714

n: 45.0

Residual: 0.7926262646385136


epsilon: 1.5

m: 7.0

n: 12.0

Residual: 0.5852597584643936


epsilon: 1.5

m: 7.0

n: 16.714285714285715

Residual: 0.6976080064764283


epsilon: 1.5

m: 7.0

n: 21.42857142857143

Residual: 0.7480418400217684


epsilon: 1.5

m: 7.0

n: 26.142857142857142

Residual: 0.7776085880799569


epsilon: 1.5

m: 7.0

n: 30.857142857142858

Residual: 0.7958853954833965


epsilon: 1.5

m: 7.0

n: 35.57142857142857

Residual: 0.8098145198690238


epsilon: 1.5

m: 7.0

n: 40.285714285714285

Residual: 0.8188681990851073


epsilon: 1.5

m: 7.0

n: 45.0

Residual: 0.8248583401305641


epsilon: 2.0

m: 5.0

n: 12.0

Residual: 0.2639053508352097


epsilon: 2.0

m: 5.0

n: 16.714285714285715

Residual: 0.14066389780179966


epsilon: 2.0

m: 5.0

n: 21.42857142857143

Residual: 0.09942644400235727


epsilon: 2.0

m: 5.0

n: 26.142857142857142

Residual: 0.08981782408409632


epsilon: 2.0

m: 5.0

n: 30.857142857142858

Residual: 0.0926575215512285


epsilon: 2.0

m: 5.0

n: 35.57142857142857

Residual: 0.1010851199952377


epsilon: 2.0

m: 5.0

n: 40.285714285714285

Residual: 0.11109149168116636


epsilon: 2.0

m: 5.0

n: 45.0

Residual: 0.1212538910729028


epsilon: 2.0

m: 5.285714285714286

n: 12.0

Residual: 0.12048335367932753


epsilon: 2.0

m: 5.285714285714286

n: 16.714285714285715

Residual: 0.04592002257620866


epsilon: 2.0

m: 5.285714285714286

n: 21.42857142857143

Residual: 0.1152461342488268


epsilon: 2.0

m: 5.285714285714286

n: 26.142857142857142

Residual: 0.1677574669413107


epsilon: 2.0

m: 5.285714285714286

n: 30.857142857142858

Residual: 0.20517180859118359


epsilon: 2.0

m: 5.285714285714286

n: 35.57142857142857

Residual: 0.23340773803654521


epsilon: 2.0

m: 5.285714285714286

n: 40.285714285714285

Residual: 0.2558964554201974


epsilon: 2.0

m: 5.285714285714286

n: 45.0

Residual: 0.27309516199044986


epsilon: 2.0

m: 5.571428571428571

n: 12.0

Residual: 0.03656934707722724


epsilon: 2.0

m: 5.571428571428571

n: 16.714285714285715

Residual: 0.17524676556503171


epsilon: 2.0

m: 5.571428571428571

n: 21.42857142857143

Residual: 0.25833504008904673


epsilon: 2.0

m: 5.571428571428571

n: 26.142857142857142

Residual: 0.3104058173180079


epsilon: 2.0

m: 5.571428571428571

n: 30.857142857142858

Residual: 0.34677046999563


epsilon: 2.0

m: 5.571428571428571

n: 35.57142857142857

Residual: 0.3739473195929018


epsilon: 2.0

m: 5.571428571428571

n: 40.285714285714285

Residual: 0.3925992970839902


epsilon: 2.0

m: 5.571428571428571

n: 45.0

Residual: 0.41018500891976833


epsilon: 2.0

m: 5.857142857142857

n: 12.0

Residual: 0.14166803206175976


epsilon: 2.0

m: 5.857142857142857

n: 16.714285714285715

Residual: 0.2970779537848895


epsilon: 2.0

m: 5.857142857142857

n: 21.42857142857143

Residual: 0.3785054136913639


epsilon: 2.0

m: 5.857142857142857

n: 26.142857142857142

Residual: 0.42719802562367803


epsilon: 2.0

m: 5.857142857142857

n: 30.857142857142858

Residual: 0.46072515598504976


epsilon: 2.0

m: 5.857142857142857

n: 35.57142857142857

Residual: 0.4858689548179419


epsilon: 2.0

m: 5.857142857142857

n: 40.285714285714285

Residual: 0.5067652867546291


epsilon: 2.0

m: 5.857142857142857

n: 45.0

Residual: 0.5218275187835139


epsilon: 2.0

m: 6.142857142857142

n: 12.0

Residual: 0.24743941187858426


epsilon: 2.0

m: 6.142857142857142

n: 16.714285714285715

Residual: 0.40240393639861016


epsilon: 2.0

m: 6.142857142857142

n: 21.42857142857143

Residual: 0.47860431339763737


epsilon: 2.0

m: 6.142857142857142

n: 26.142857142857142

Residual: 0.5254282865826236


epsilon: 2.0

m: 6.142857142857142

n: 30.857142857142858

Residual: 0.55517214715547


epsilon: 2.0

m: 6.142857142857142

n: 35.57142857142857

Residual: 0.5795090585833104


epsilon: 2.0

m: 6.142857142857142

n: 40.285714285714285

Residual: 0.5924136018399238


epsilon: 2.0

m: 6.142857142857142

n: 45.0

Residual: 0.6103952267529477


epsilon: 2.0

m: 6.428571428571429

n: 12.0

Residual: 0.3389688611312078


epsilon: 2.0

m: 6.428571428571429

n: 16.714285714285715

Residual: 0.48772076718491975


epsilon: 2.0

m: 6.428571428571429

n: 21.42857142857143

Residual: 0.55795120677481


epsilon: 2.0

m: 6.428571428571429

n: 26.142857142857142

Residual: 0.6006271341428794


epsilon: 2.0

m: 6.428571428571429

n: 30.857142857142858

Residual: 0.6303897253161659


epsilon: 2.0

m: 6.428571428571429

n: 35.57142857142857

Residual: 0.6510119180883391


epsilon: 2.0

m: 6.428571428571429

n: 40.285714285714285

Residual: 0.6652262539773778


epsilon: 2.0

m: 6.428571428571429

n: 45.0

Residual: 0.6764495064196411


epsilon: 2.0

m: 6.714285714285714

n: 12.0

Residual: 0.41568044072277904


epsilon: 2.0

m: 6.714285714285714

n: 16.714285714285715

Residual: 0.5573007016893368


epsilon: 2.0

m: 6.714285714285714

n: 21.42857142857143

Residual: 0.6236644174055027


epsilon: 2.0

m: 6.714285714285714

n: 26.142857142857142

Residual: 0.6632157758099665


epsilon: 2.0

m: 6.714285714285714

n: 30.857142857142858

Residual: 0.6892163653189715


epsilon: 2.0

m: 6.714285714285714

n: 35.57142857142857

Residual: 0.7062907813473936


epsilon: 2.0

m: 6.714285714285714

n: 40.285714285714285

Residual: 0.7196171066972311


epsilon: 2.0

m: 6.714285714285714

n: 45.0

Residual: 0.7341562883994921


epsilon: 2.0

m: 7.0

n: 12.0

Residual: 0.4814045596404457


epsilon: 2.0

m: 7.0

n: 16.714285714285715

Residual: 0.6156808071773402


epsilon: 2.0

m: 7.0

n: 21.42857142857143

Residual: 0.6798450926581722


epsilon: 2.0

m: 7.0

n: 26.142857142857142

Residual: 0.7111987137650576


epsilon: 2.0

m: 7.0

n: 30.857142857142858

Residual: 0.7363932414046953


epsilon: 2.0

m: 7.0

n: 35.57142857142857

Residual: 0.7535515713673716


epsilon: 2.0

m: 7.0

n: 40.285714285714285

Residual: 0.7662270760958878


epsilon: 2.0

m: 7.0

n: 45.0

Residual: 0.7747009907824942


epsilon: 2.5

m: 5.0

n: 12.0

Residual: 0.36518687839964037


epsilon: 2.5

m: 5.0

n: 16.714285714285715

Residual: 0.23671814480429396


epsilon: 2.5

m: 5.0

n: 21.42857142857143

Residual: 0.16331362783207487


epsilon: 2.5

m: 5.0

n: 26.142857142857142

Residual: 0.1255127185765165


epsilon: 2.5

m: 5.0

n: 30.857142857142858

Residual: 0.10613404950020215


epsilon: 2.5

m: 5.0

n: 35.57142857142857

Residual: 0.09633617175575779


epsilon: 2.5

m: 5.0

n: 40.285714285714285

Residual: 0.09190855258744593


epsilon: 2.5

m: 5.0

n: 45.0

Residual: 0.08935002563503101


epsilon: 2.5

m: 5.285714285714286

n: 12.0

Residual: 0.22553361567849736


epsilon: 2.5

m: 5.285714285714286

n: 16.714285714285715

Residual: 0.08784870272930466


epsilon: 2.5

m: 5.285714285714286

n: 21.42857142857143

Residual: 0.04531695580221504


epsilon: 2.5

m: 5.285714285714286

n: 26.142857142857142

Residual: 0.05749396080592531


epsilon: 2.5

m: 5.285714285714286

n: 30.857142857142858

Residual: 0.09712006292963607


epsilon: 2.5

m: 5.285714285714286

n: 35.57142857142857

Residual: 0.1267534099734622


epsilon: 2.5

m: 5.285714285714286

n: 40.285714285714285

Residual: 0.14870075201720018


epsilon: 2.5

m: 5.285714285714286

n: 45.0

Residual: 0.16657346864991007


epsilon: 2.5

m: 5.571428571428571

n: 12.0

Residual: 0.09245304782053813


epsilon: 2.5

m: 5.571428571428571

n: 16.714285714285715

Residual: 0.06472653983649748


epsilon: 2.5

m: 5.571428571428571

n: 21.42857142857143

Residual: 0.1519984752763358


epsilon: 2.5

m: 5.571428571428571

n: 26.142857142857142

Residual: 0.20564473548970863


epsilon: 2.5

m: 5.571428571428571

n: 30.857142857142858

Residual: 0.24360574249061448


epsilon: 2.5

m: 5.571428571428571

n: 35.57142857142857

Residual: 0.27212007623412726


epsilon: 2.5

m: 5.571428571428571

n: 40.285714285714285

Residual: 0.29530160512922055


epsilon: 2.5

m: 5.571428571428571

n: 45.0

Residual: 0.3125375371009422


epsilon: 2.5

m: 5.857142857142857

n: 12.0

Residual: 0.05020017931218122


epsilon: 2.5

m: 5.857142857142857

n: 16.714285714285715

Residual: 0.1943297217909252


epsilon: 2.5

m: 5.857142857142857

n: 21.42857142857143

Residual: 0.2804069563672839


epsilon: 2.5

m: 5.857142857142857

n: 26.142857142857142

Residual: 0.33352937643080266


epsilon: 2.5

m: 5.857142857142857

n: 30.857142857142858

Residual: 0.3690838190247347


epsilon: 2.5

m: 5.857142857142857

n: 35.57142857142857

Residual: 0.3969359128170269


epsilon: 2.5

m: 5.857142857142857

n: 40.285714285714285

Residual: 0.4187538234965343


epsilon: 2.5

m: 5.857142857142857

n: 45.0

Residual: 0.4333574268605464


epsilon: 2.5

m: 6.142857142857142

n: 12.0

Residual: 0.13974697114152917


epsilon: 2.5

m: 6.142857142857142

n: 16.714285714285715

Residual: 0.3030766266664129


epsilon: 2.5

m: 6.142857142857142

n: 21.42857142857143

Residual: 0.3888494646622592


epsilon: 2.5

m: 6.142857142857142

n: 26.142857142857142

Residual: 0.4406652378047064


epsilon: 2.5

m: 6.142857142857142

n: 30.857142857142858

Residual: 0.47421262060539965


epsilon: 2.5

m: 6.142857142857142

n: 35.57142857142857

Residual: 0.4998087505773397


epsilon: 2.5

m: 6.142857142857142

n: 40.285714285714285

Residual: 0.5184595069446578


epsilon: 2.5

m: 6.142857142857142

n: 45.0

Residual: 0.5346811453695947


epsilon: 2.5

m: 6.428571428571429

n: 12.0

Residual: 0.2373691429299449


epsilon: 2.5

m: 6.428571428571429

n: 16.714285714285715

Residual: 0.39659559402761463


epsilon: 2.5

m: 6.428571428571429

n: 21.42857142857143

Residual: 0.47814364400116777


epsilon: 2.5

m: 6.428571428571429

n: 26.142857142857142

Residual: 0.5276618247376578


epsilon: 2.5

m: 6.428571428571429

n: 30.857142857142858

Residual: 0.5614195273787295


epsilon: 2.5

m: 6.428571428571429

n: 35.57142857142857

Residual: 0.5819915924643013


epsilon: 2.5

m: 6.428571428571429

n: 40.285714285714285

Residual: 0.5983635485412329


epsilon: 2.5

m: 6.428571428571429

n: 45.0

Residual: 0.6144628879851343


epsilon: 2.5

m: 6.714285714285714

n: 12.0

Residual: 0.31874694313805507


epsilon: 2.5

m: 6.714285714285714

n: 16.714285714285715

Residual: 0.4755752125231105


epsilon: 2.5

m: 6.714285714285714

n: 21.42857142857143

Residual: 0.5505559991330323


epsilon: 2.5

m: 6.714285714285714

n: 26.142857142857142

Residual: 0.5994346521300782


epsilon: 2.5

m: 6.714285714285714

n: 30.857142857142858

Residual: 0.6276650335096128


epsilon: 2.5

m: 6.714285714285714

n: 35.57142857142857

Residual: 0.6466005628572657


epsilon: 2.5

m: 6.714285714285714

n: 40.285714285714285

Residual: 0.663835381793242


epsilon: 2.5

m: 6.714285714285714

n: 45.0

Residual: 0.6731355546794212


epsilon: 2.5

m: 7.0

n: 12.0

Residual: 0.389159747207345


epsilon: 2.5

m: 7.0

n: 16.714285714285715

Residual: 0.5413716255657711


epsilon: 2.5

m: 7.0

n: 21.42857142857143

Residual: 0.6140458624596195


epsilon: 2.5

m: 7.0

n: 26.142857142857142

Residual: 0.6535593655567272


epsilon: 2.5

m: 7.0

n: 30.857142857142858

Residual: 0.6837629003603698


epsilon: 2.5

m: 7.0

n: 35.57142857142857

Residual: 0.7002966477742928


epsilon: 2.5

m: 7.0

n: 40.285714285714285

Residual: 0.7127570132146926


epsilon: 2.5

m: 7.0

n: 45.0

Residual: 0.7256351610215156


epsilon: 3.0

m: 5.0

n: 12.0

Residual: 0.44153092628833684


epsilon: 3.0

m: 5.0

n: 16.714285714285715

Residual: 0.32009841728602645


epsilon: 3.0

m: 5.0

n: 21.42857142857143

Residual: 0.24624982291564687


epsilon: 3.0

m: 5.0

n: 26.142857142857142

Residual: 0.19775978951620793


epsilon: 3.0

m: 5.0

n: 30.857142857142858

Residual: 0.16437333105396126


epsilon: 3.0

m: 5.0

n: 35.57142857142857

Residual: 0.14263092552872664


epsilon: 3.0

m: 5.0

n: 40.285714285714285

Residual: 0.12792046809500432


epsilon: 3.0

m: 5.0

n: 45.0

Residual: 0.11664652971740362


epsilon: 3.0

m: 5.285714285714286

n: 12.0

Residual: 0.31075215469374046


epsilon: 3.0

m: 5.285714285714286

n: 16.714285714285715

Residual: 0.16918240547912522


epsilon: 3.0

m: 5.285714285714286

n: 21.42857142857143

Residual: 0.09167868899343318


epsilon: 3.0

m: 5.285714285714286

n: 26.142857142857142

Residual: 0.05582150490719863


epsilon: 3.0

m: 5.285714285714286

n: 30.857142857142858

Residual: 0.04398978333775635


epsilon: 3.0

m: 5.285714285714286

n: 35.57142857142857

Residual: 0.04352414369719979


epsilon: 3.0

m: 5.285714285714286

n: 40.285714285714285

Residual: 0.05822078291683173


epsilon: 3.0

m: 5.285714285714286

n: 45.0

Residual: 0.07638279361486233


epsilon: 3.0

m: 5.571428571428571

n: 12.0

Residual: 0.18206468034521878


epsilon: 3.0

m: 5.571428571428571

n: 16.714285714285715

Residual: 0.040797549000041566


epsilon: 3.0

m: 5.571428571428571

n: 21.42857142857143

Residual: 0.06184457104516973


epsilon: 3.0

m: 5.571428571428571

n: 26.142857142857142

Residual: 0.11730616808698016


epsilon: 3.0

m: 5.571428571428571

n: 30.857142857142858

Residual: 0.15858509938211807


epsilon: 3.0

m: 5.571428571428571

n: 35.57142857142857

Residual: 0.18636501473987016


epsilon: 3.0

m: 5.571428571428571

n: 40.285714285714285

Residual: 0.20972847648162105


epsilon: 3.0

m: 5.571428571428571

n: 45.0

Residual: 0.2281100785524912


epsilon: 3.0

m: 5.857142857142857

n: 12.0

Residual: 0.08672748720847082


epsilon: 3.0

m: 5.857142857142857

n: 16.714285714285715

Residual: 0.10411942728633534


epsilon: 3.0

m: 5.857142857142857

n: 21.42857142857143

Residual: 0.19509542821664938


epsilon: 3.0

m: 5.857142857142857

n: 26.142857142857142

Residual: 0.2511039336231313


epsilon: 3.0

m: 5.857142857142857

n: 30.857142857142858

Residual: 0.2882556090117712


epsilon: 3.0

m: 5.857142857142857

n: 35.57142857142857

Residual: 0.3195539336990431


epsilon: 3.0

m: 5.857142857142857

n: 40.285714285714285

Residual: 0.3404317604415225


epsilon: 3.0

m: 5.857142857142857

n: 45.0

Residual: 0.35620947116102564


epsilon: 3.0

m: 6.142857142857142

n: 12.0

Residual: 0.07274443655635593


epsilon: 3.0

m: 6.142857142857142

n: 16.714285714285715

Residual: 0.2191283405602


epsilon: 3.0

m: 6.142857142857142

n: 21.42857142857143

Residual: 0.30822309977033346


epsilon: 3.0

m: 6.142857142857142

n: 26.142857142857142

Residual: 0.36410347284964956


epsilon: 3.0

m: 6.142857142857142

n: 30.857142857142858

Residual: 0.40145579627375194


epsilon: 3.0

m: 6.142857142857142

n: 35.57142857142857

Residual: 0.4265545096733612


epsilon: 3.0

m: 6.142857142857142

n: 40.285714285714285

Residual: 0.4499352200026832


epsilon: 3.0

m: 6.142857142857142

n: 45.0

Residual: 0.46452329614921756


epsilon: 3.0

m: 6.428571428571429

n: 12.0

Residual: 0.14786801762765797


epsilon: 3.0

m: 6.428571428571429

n: 16.714285714285715

Residual: 0.3189733932602395


epsilon: 3.0

m: 6.428571428571429

n: 21.42857142857143

Residual: 0.4023227268879186


epsilon: 3.0

m: 6.428571428571429

n: 26.142857142857142

Residual: 0.45966753330401655


epsilon: 3.0

m: 6.428571428571429

n: 30.857142857142858

Residual: 0.4916442417139371


epsilon: 3.0

m: 6.428571428571429

n: 35.57142857142857

Residual: 0.5168310522217978


epsilon: 3.0

m: 6.428571428571429

n: 40.285714285714285

Residual: 0.5387758028392462


epsilon: 3.0

m: 6.428571428571429

n: 45.0

Residual: 0.5515132459186521


epsilon: 3.0

m: 6.714285714285714

n: 12.0

Residual: 0.23649796879995363


epsilon: 3.0

m: 6.714285714285714

n: 16.714285714285715

Residual: 0.40491198179613874


epsilon: 3.0

m: 6.714285714285714

n: 21.42857142857143

Residual: 0.48664222384928657


epsilon: 3.0

m: 6.714285714285714

n: 26.142857142857142

Residual: 0.5354658456192317


epsilon: 3.0

m: 6.714285714285714

n: 30.857142857142858

Residual: 0.5659605670693246


epsilon: 3.0

m: 6.714285714285714

n: 35.57142857142857

Residual: 0.5899870014669191


epsilon: 3.0

m: 6.714285714285714

n: 40.285714285714285

Residual: 0.6096224949861265


epsilon: 3.0

m: 6.714285714285714

n: 45.0

Residual: 0.6239645411703241


epsilon: 3.0

m: 7.0

n: 12.0

Residual: 0.31124262420439364


epsilon: 3.0

m: 7.0

n: 16.714285714285715

Residual: 0.4742810287426734


epsilon: 3.0

m: 7.0

n: 21.42857142857143

Residual: 0.5542020814487202


epsilon: 3.0

m: 7.0

n: 26.142857142857142

Residual: 0.597119718108587


epsilon: 3.0

m: 7.0

n: 30.857142857142858

Residual: 0.6342875870709608


epsilon: 3.0

m: 7.0

n: 35.57142857142857

Residual: 0.6486879288560419


epsilon: 3.0

m: 7.0

n: 40.285714285714285

Residual: 0.6725414964217908


epsilon: 3.0

m: 7.0

n: 45.0

Residual: 0.6807984005077288


epsilon: 3.5

m: 5.0

n: 12.0

Residual: 0.501324799436257


epsilon: 3.5

m: 5.0

n: 16.714285714285715

Residual: 0.38752105355950456


epsilon: 3.5

m: 5.0

n: 21.42857142857143

Residual: 0.31729709156178465


epsilon: 3.5

m: 5.0

n: 26.142857142857142

Residual: 0.26991677929178265


epsilon: 3.5

m: 5.0

n: 30.857142857142858

Residual: 0.23542629701254372


epsilon: 3.5

m: 5.0

n: 35.57142857142857

Residual: 0.20842417675766128


epsilon: 3.5

m: 5.0

n: 40.285714285714285

Residual: 0.18756075286793472


epsilon: 3.5

m: 5.0

n: 45.0

Residual: 0.17062774947349724


epsilon: 3.5

m: 5.285714285714286

n: 12.0

Residual: 0.3786684928962429


epsilon: 3.5

m: 5.285714285714286

n: 16.714285714285715

Residual: 0.2441776032371599


epsilon: 3.5

m: 5.285714285714286

n: 21.42857142857143

Residual: 0.16301233734955164


epsilon: 3.5

m: 5.285714285714286

n: 26.142857142857142

Residual: 0.11016801044790647


epsilon: 3.5

m: 5.285714285714286

n: 30.857142857142858

Residual: 0.07939235889508271


epsilon: 3.5

m: 5.285714285714286

n: 35.57142857142857

Residual: 0.060619454359447905


epsilon: 3.5

m: 5.285714285714286

n: 40.285714285714285

Residual: 0.049732980370525995


epsilon: 3.5

m: 5.285714285714286

n: 45.0

Residual: 0.0438669117974224


epsilon: 3.5

m: 5.571428571428571

n: 12.0

Residual: 0.2550067683220326


epsilon: 3.5

m: 5.571428571428571

n: 16.714285714285715

Residual: 0.10208527325340082


epsilon: 3.5

m: 5.571428571428571

n: 21.42857142857143

Residual: 0.03639117248659714


epsilon: 3.5

m: 5.571428571428571

n: 26.142857142857142

Residual: 0.04103472273901877


epsilon: 3.5

m: 5.571428571428571

n: 30.857142857142858

Residual: 0.08092914059917397


epsilon: 3.5

m: 5.571428571428571

n: 35.57142857142857

Residual: 0.11055246403339791


epsilon: 3.5

m: 5.571428571428571

n: 40.285714285714285

Residual: 0.13471519524423312


epsilon: 3.5

m: 5.571428571428571

n: 45.0

Residual: 0.15424778829772462


epsilon: 3.5

m: 5.857142857142857

n: 12.0

Residual: 0.14559919995092022


epsilon: 3.5

m: 5.857142857142857

n: 16.714285714285715

Residual: 0.05109100183498632


epsilon: 3.5

m: 5.857142857142857

n: 21.42857142857143

Residual: 0.11872572607462673


epsilon: 3.5

m: 5.857142857142857

n: 26.142857142857142

Residual: 0.17567939182392994


epsilon: 3.5

m: 5.857142857142857

n: 30.857142857142858

Residual: 0.21760339556837285


epsilon: 3.5

m: 5.857142857142857

n: 35.57142857142857

Residual: 0.24848414763596777


epsilon: 3.5

m: 5.857142857142857

n: 40.285714285714285

Residual: 0.270994302384723


epsilon: 3.5

m: 5.857142857142857

n: 45.0

Residual: 0.2890128812503982


epsilon: 3.5

m: 6.142857142857142

n: 12.0

Residual: 0.09626196790326286


epsilon: 3.5

m: 6.142857142857142

n: 16.714285714285715

Residual: 0.14324853689022365


epsilon: 3.5

m: 6.142857142857142

n: 21.42857142857143

Residual: 0.23543480942539294


epsilon: 3.5

m: 6.142857142857142

n: 26.142857142857142

Residual: 0.29295000180813446


epsilon: 3.5

m: 6.142857142857142

n: 30.857142857142858

Residual: 0.33456219136785736


epsilon: 3.5

m: 6.142857142857142

n: 35.57142857142857

Residual: 0.363368210865576


epsilon: 3.5

m: 6.142857142857142

n: 40.285714285714285

Residual: 0.3865252843235875


epsilon: 3.5

m: 6.142857142857142

n: 45.0

Residual: 0.40042548725652755


epsilon: 3.5

m: 6.428571428571429

n: 12.0

Residual: 0.09530140654425316


epsilon: 3.5

m: 6.428571428571429

n: 16.714285714285715

Residual: 0.2484167186327466


epsilon: 3.5

m: 6.428571428571429

n: 21.42857142857143

Residual: 0.3395161777755051


epsilon: 3.5

m: 6.428571428571429

n: 26.142857142857142

Residual: 0.3957162971006832


epsilon: 3.5

m: 6.428571428571429

n: 30.857142857142858

Residual: 0.43211913323274065


epsilon: 3.5

m: 6.428571428571429

n: 35.57142857142857

Residual: 0.4562094595294151


epsilon: 3.5

m: 6.428571428571429

n: 40.285714285714285

Residual: 0.4812455181197581


epsilon: 3.5

m: 6.428571428571429

n: 45.0

Residual: 0.4975135210957611


epsilon: 3.5

m: 6.714285714285714

n: 12.0

Residual: 0.16070883859346302


epsilon: 3.5

m: 6.714285714285714

n: 16.714285714285715

Residual: 0.33605865906975324


epsilon: 3.5

m: 6.714285714285714

n: 21.42857142857143

Residual: 0.42398873566122647


epsilon: 3.5

m: 6.714285714285714

n: 26.142857142857142

Residual: 0.48014757960800647


epsilon: 3.5

m: 6.714285714285714

n: 30.857142857142858

Residual: 0.5147787836290069


epsilon: 3.5

m: 6.714285714285714

n: 35.57142857142857

Residual: 0.5394243291237701


epsilon: 3.5

m: 6.714285714285714

n: 40.285714285714285

Residual: 0.5565213415155001


epsilon: 3.5

m: 6.714285714285714

n: 45.0

Residual: 0.573176794756543


epsilon: 3.5

m: 7.0

n: 12.0

Residual: 0.24269098948650475


epsilon: 3.5

m: 7.0

n: 16.714285714285715

Residual: 0.4126361352842307


epsilon: 3.5

m: 7.0

n: 21.42857142857143

Residual: 0.4984643062469249


epsilon: 3.5

m: 7.0

n: 26.142857142857142

Residual: 0.5448537574750697


epsilon: 3.5

m: 7.0

n: 30.857142857142858

Residual: 0.5836763279033435


epsilon: 3.5

m: 7.0

n: 35.57142857142857

Residual: 0.6019256139972943


epsilon: 3.5

m: 7.0

n: 40.285714285714285

Residual: 0.6215478314422771


epsilon: 3.5

m: 7.0

n: 45.0

Residual: 0.6372390198002896


epsilon: 4.0

m: 5.0

n: 12.0

Residual: 0.5494545268269005


epsilon: 4.0

m: 5.0

n: 16.714285714285715

Residual: 0.4422124500105459


epsilon: 4.0

m: 5.0

n: 21.42857142857143

Residual: 0.37653066121681655


epsilon: 4.0

m: 5.0

n: 26.142857142857142

Residual: 0.330578310892813


epsilon: 4.0

m: 5.0

n: 30.857142857142858

Residual: 0.29691528198976863


epsilon: 4.0

m: 5.0

n: 35.57142857142857

Residual: 0.2711033450955934


epsilon: 4.0

m: 5.0

n: 40.285714285714285

Residual: 0.25079949755737024


epsilon: 4.0

m: 5.0

n: 45.0

Residual: 0.23470361910085105


epsilon: 4.0

m: 5.285714285714286

n: 12.0

Residual: 0.43450643077643597


epsilon: 4.0

m: 5.285714285714286

n: 16.714285714285715

Residual: 0.30504448933970574


epsilon: 4.0

m: 5.285714285714286

n: 21.42857142857143

Residual: 0.22788571442641484


epsilon: 4.0

m: 5.285714285714286

n: 26.142857142857142

Residual: 0.1752863592426925


epsilon: 4.0

m: 5.285714285714286

n: 30.857142857142858

Residual: 0.13662089151407628


epsilon: 4.0

m: 5.285714285714286

n: 35.57142857142857

Residual: 0.10875543673447512


epsilon: 4.0

m: 5.285714285714286

n: 40.285714285714285

Residual: 0.0894413206115258


epsilon: 4.0

m: 5.285714285714286

n: 45.0

Residual: 0.07513867819642968


epsilon: 4.0

m: 5.571428571428571

n: 12.0

Residual: 0.3165618454884496


epsilon: 4.0

m: 5.571428571428571

n: 16.714285714285715

Residual: 0.16943550295525253


epsilon: 4.0

m: 5.571428571428571

n: 21.42857142857143

Residual: 0.08373384666882


epsilon: 4.0

m: 5.571428571428571

n: 26.142857142857142

Residual: 0.04036849460055678


epsilon: 4.0

m: 5.571428571428571

n: 30.857142857142858

Residual: 0.02873824617428602


epsilon: 4.0

m: 5.571428571428571

n: 35.57142857142857

Residual: 0.04483345358683347


epsilon: 4.0

m: 5.571428571428571

n: 40.285714285714285

Residual: 0.06789978895254123


epsilon: 4.0

m: 5.571428571428571

n: 45.0

Residual: 0.08929542000493941


epsilon: 4.0

m: 5.857142857142857

n: 12.0

Residual: 0.20470734209016203


epsilon: 4.0

m: 5.857142857142857

n: 16.714285714285715

Residual: 0.07437006275750477


epsilon: 4.0

m: 5.857142857142857

n: 21.42857142857143

Residual: 0.05492016058431054


epsilon: 4.0

m: 5.857142857142857

n: 26.142857142857142

Residual: 0.11076950147627816


epsilon: 4.0

m: 5.857142857142857

n: 30.857142857142858

Residual: 0.1537627152218989


epsilon: 4.0

m: 5.857142857142857

n: 35.57142857142857

Residual: 0.1834448281906493


epsilon: 4.0

m: 5.857142857142857

n: 40.285714285714285

Residual: 0.20578852359714583


epsilon: 4.0

m: 5.857142857142857

n: 45.0

Residual: 0.22574991470030364


epsilon: 4.0

m: 6.142857142857142

n: 12.0

Residual: 0.13695772723822033


epsilon: 4.0

m: 6.142857142857142

n: 16.714285714285715

Residual: 0.08355643986779213


epsilon: 4.0

m: 6.142857142857142

n: 21.42857142857143

Residual: 0.17296628946484607


epsilon: 4.0

m: 6.142857142857142

n: 26.142857142857142

Residual: 0.2302888318151287


epsilon: 4.0

m: 6.142857142857142

n: 30.857142857142858

Residual: 0.27107405892004793


epsilon: 4.0

m: 6.142857142857142

n: 35.57142857142857

Residual: 0.30258666835804343


epsilon: 4.0

m: 6.142857142857142

n: 40.285714285714285

Residual: 0.32615893866280754


epsilon: 4.0

m: 6.142857142857142

n: 45.0

Residual: 0.3464472053007288


epsilon: 4.0

m: 6.428571428571429

n: 12.0

Residual: 0.11403490188858045


epsilon: 4.0

m: 6.428571428571429

n: 16.714285714285715

Residual: 0.18397874675343306


epsilon: 4.0

m: 6.428571428571429

n: 21.42857142857143

Residual: 0.278027475558514


epsilon: 4.0

m: 6.428571428571429

n: 26.142857142857142

Residual: 0.33210324692421256


epsilon: 4.0

m: 6.428571428571429

n: 30.857142857142858

Residual: 0.375845593621293


epsilon: 4.0

m: 6.428571428571429

n: 35.57142857142857

Residual: 0.4052382356184913


epsilon: 4.0

m: 6.428571428571429

n: 40.285714285714285

Residual: 0.4273482268740243


epsilon: 4.0

m: 6.428571428571429

n: 45.0

Residual: 0.4375118301503356


epsilon: 4.0

m: 6.714285714285714

n: 12.0

Residual: 0.12519713270103486


epsilon: 4.0

m: 6.714285714285714

n: 16.714285714285715

Residual: 0.277417615162271


epsilon: 4.0

m: 6.714285714285714

n: 21.42857142857143

Residual: 0.36642784576427606


epsilon: 4.0

m: 6.714285714285714

n: 26.142857142857142

Residual: 0.4248442025081251


epsilon: 4.0

m: 6.714285714285714

n: 30.857142857142858

Residual: 0.4621933079652038


epsilon: 4.0

m: 6.714285714285714

n: 35.57142857142857

Residual: 0.4898126996920875


epsilon: 4.0

m: 6.714285714285714

n: 40.285714285714285

Residual: 0.5120669682123241


epsilon: 4.0

m: 6.714285714285714

n: 45.0

Residual: 0.5271084396316361


epsilon: 4.0

m: 7.0

n: 12.0

Residual: 0.17817595718772505


epsilon: 4.0

m: 7.0

n: 16.714285714285715

Residual: 0.356424494708989


epsilon: 4.0

m: 7.0

n: 21.42857142857143

Residual: 0.44477085709694236


epsilon: 4.0

m: 7.0

n: 26.142857142857142

Residual: 0.49996245276609325


epsilon: 4.0

m: 7.0

n: 30.857142857142858

Residual: 0.5347396127096664


epsilon: 4.0

m: 7.0

n: 35.57142857142857

Residual: 0.5593032293367624


epsilon: 4.0

m: 7.0

n: 40.285714285714285

Residual: 0.574546660897684


epsilon: 4.0

m: 7.0

n: 45.0

Residual: 0.593314642138084


