epsilon: 0.5

m: 5.0

n: 12.0

Residual: 0.2805223707601348


epsilon: 0.5

m: 5.0

n: 12.0

Residual: 0.28021905120220975


epsilon: 0.5

m: 5.0

n: 16.714285714285715

Residual: 0.40557323213613006


epsilon: 0.5

m: 5.0

n: 21.42857142857143

Residual: 0.46934346134965516


epsilon: 0.5

m: 5.0

n: 26.142857142857142

Residual: 0.5088043742408223


epsilon: 0.5

m: 5.0

n: 30.857142857142858

Residual: 0.5357560701107323


epsilon: 0.5

m: 5.0

n: 35.57142857142857

Residual: 0.5553980642834441


epsilon: 0.5

m: 5.0

n: 40.285714285714285

Residual: 0.5709572967430006


epsilon: 0.5

m: 5.0

n: 45.0

Residual: 0.5818808023593545


epsilon: 0.5

m: 5.285714285714286

n: 12.0

Residual: 0.4261628916526325


epsilon: 0.5

m: 5.285714285714286

n: 16.714285714285715

Residual: 0.5400133666018222


epsilon: 0.5

m: 5.285714285714286

n: 21.42857142857143

Residual: 0.5958352893262201


epsilon: 0.5

m: 5.285714285714286

n: 26.142857142857142

Residual: 0.6297067377643253


epsilon: 0.5

m: 5.285714285714286

n: 30.857142857142858

Residual: 0.6523189792650071


epsilon: 0.5

m: 5.285714285714286

n: 35.57142857142857

Residual: 0.6693073164917996


epsilon: 0.5

m: 5.285714285714286

n: 40.285714285714285

Residual: 0.6818291504367526


epsilon: 0.5

m: 5.285714285714286

n: 45.0

Residual: 0.6908529816449575


epsilon: 0.5

m: 5.571428571428571

n: 12.0

Residual: 0.5370569375569636


epsilon: 0.5

m: 5.571428571428571

n: 16.714285714285715

Residual: 0.6389918056853842


epsilon: 0.5

m: 5.571428571428571

n: 21.42857142857143

Residual: 0.6864717038384908


epsilon: 0.5

m: 5.571428571428571

n: 26.142857142857142

Residual: 0.7165530790502164


epsilon: 0.5

m: 5.571428571428571

n: 30.857142857142858

Residual: 0.7351264886006881


epsilon: 0.5

m: 5.571428571428571

n: 35.57142857142857

Residual: 0.7492968748089778


epsilon: 0.5

m: 5.571428571428571

n: 40.285714285714285

Residual: 0.7589728205480728


epsilon: 0.5

m: 5.571428571428571

n: 45.0

Residual: 0.7667458227504789


epsilon: 0.5

m: 5.857142857142857

n: 12.0

Residual: 0.6213723187599468


epsilon: 0.5

m: 5.857142857142857

n: 16.714285714285715

Residual: 0.7115598916938466


epsilon: 0.5

m: 5.857142857142857

n: 21.42857142857143

Residual: 0.7527473164162476


epsilon: 0.5

m: 5.857142857142857

n: 26.142857142857142

Residual: 0.7777993347164334


epsilon: 0.5

m: 5.857142857142857

n: 30.857142857142858

Residual: 0.794130042817191


epsilon: 0.5

m: 5.857142857142857

n: 35.57142857142857

Residual: 0.8056174422596175


epsilon: 0.5

m: 5.857142857142857

n: 40.285714285714285

Residual: 0.8140315840175949


epsilon: 0.5

m: 5.857142857142857

n: 45.0

Residual: 0.8208960710735665


epsilon: 0.5

m: 6.142857142857142

n: 12.0

Residual: 0.6853121309898312


epsilon: 0.5

m: 6.142857142857142

n: 16.714285714285715

Residual: 0.7649522261840733


epsilon: 0.5

m: 6.142857142857142

n: 21.42857142857143

Residual: 0.8004005505853989


epsilon: 0.5

m: 6.142857142857142

n: 26.142857142857142

Residual: 0.8228396319153197


epsilon: 0.5

m: 6.142857142857142

n: 30.857142857142858

Residual: 0.8363118916281965


epsilon: 0.5

m: 6.142857142857142

n: 35.57142857142857

Residual: 0.8466229670180972


epsilon: 0.5

m: 6.142857142857142

n: 40.285714285714285

Residual: 0.852777781579474


epsilon: 0.5

m: 6.142857142857142

n: 45.0

Residual: 0.8571142120817143


epsilon: 0.5

m: 6.428571428571429

n: 12.0

Residual: 0.7344190703897596


epsilon: 0.5

m: 6.428571428571429

n: 16.714285714285715

Residual: 0.8060654252876849


epsilon: 0.5

m: 6.428571428571429

n: 21.42857142857143

Residual: 0.8374505443499207


epsilon: 0.5

m: 6.428571428571429

n: 26.142857142857142

Residual: 0.8551152104197252


epsilon: 0.5

m: 6.428571428571429

n: 30.857142857142858

Residual: 0.8669806285365527


epsilon: 0.5

m: 6.428571428571429

n: 35.57142857142857

Residual: 0.8750184021760509


epsilon: 0.5

m: 6.428571428571429

n: 40.285714285714285

Residual: 0.8805361471763828


epsilon: 0.5

m: 6.428571428571429

n: 45.0

Residual: 0.8859624307534072


epsilon: 0.5

m: 6.714285714285714

n: 12.0

Residual: 0.7726724053520797


epsilon: 0.5

m: 6.714285714285714

n: 16.714285714285715

Residual: 0.8360457042613666


epsilon: 0.5

m: 6.714285714285714

n: 21.42857142857143

Residual: 0.8642655622778704


epsilon: 0.5

m: 6.714285714285714

n: 26.142857142857142

Residual: 0.8804447177679411


epsilon: 0.5

m: 6.714285714285714

n: 30.857142857142858

Residual: 0.8904248632534264


epsilon: 0.5

m: 6.714285714285714

n: 35.57142857142857

Residual: 0.8972693309954619


epsilon: 0.5

m: 6.714285714285714

n: 40.285714285714285

Residual: 0.9022701069477514


epsilon: 0.5

m: 6.714285714285714

n: 45.0

Residual: 0.9066727365557763


epsilon: 0.5

m: 7.0

n: 12.0

Residual: 0.8032313624213844


epsilon: 0.5

m: 7.0

n: 16.714285714285715

Residual: 0.8604776729946682


epsilon: 0.5

m: 7.0

n: 21.42857142857143

Residual: 0.8855776613881028


epsilon: 0.5

m: 7.0

n: 26.142857142857142

Residual: 0.8991150844787514


epsilon: 0.5

m: 7.0

n: 30.857142857142858

Residual: 0.9070374200812404


epsilon: 0.5

m: 7.0

n: 35.57142857142857

Residual: 0.913641835233565


epsilon: 0.5

m: 7.0

n: 40.285714285714285

Residual: 0.9176373955177775


epsilon: 0.5

m: 7.0

n: 45.0

Residual: 0.9220438650209555


epsilon: 1.0

m: 5.0

n: 12.0

Residual: 0.07813707548784116


epsilon: 1.0

m: 5.0

n: 16.714285714285715

Residual: 0.0842129618678439


epsilon: 1.0

m: 5.0

n: 21.42857142857143

Residual: 0.16091073325188746


epsilon: 1.0

m: 5.0

n: 26.142857142857142

Residual: 0.21136056025266045


epsilon: 1.0

m: 5.0

n: 30.857142857142858

Residual: 0.24623519837032712


epsilon: 1.0

m: 5.0

n: 35.57142857142857

Residual: 0.2737966065005584


epsilon: 1.0

m: 5.0

n: 40.285714285714285

Residual: 0.2922732226739843


epsilon: 1.0

m: 5.0

n: 45.0

Residual: 0.30919745601491117


epsilon: 1.0

m: 5.285714285714286

n: 12.0

Residual: 0.1277524109723908


epsilon: 1.0

m: 5.285714285714286

n: 16.714285714285715

Residual: 0.2519651172750722


epsilon: 1.0

m: 5.285714285714286

n: 21.42857142857143

Residual: 0.32737705047337745


epsilon: 1.0

m: 5.285714285714286

n: 26.142857142857142

Residual: 0.37556468833148865


epsilon: 1.0

m: 5.285714285714286

n: 30.857142857142858

Residual: 0.40807120398734253


epsilon: 1.0

m: 5.285714285714286

n: 35.57142857142857

Residual: 0.4318409335015188


epsilon: 1.0

m: 5.285714285714286

n: 40.285714285714285

Residual: 0.4513374277376043


epsilon: 1.0

m: 5.285714285714286

n: 45.0

Residual: 0.4662922214771601


epsilon: 1.0

m: 5.571428571428571

n: 12.0

Residual: 0.24766383670304679


epsilon: 1.0

m: 5.571428571428571

n: 16.714285714285715

Residual: 0.3888871304945372


epsilon: 1.0

m: 5.571428571428571

n: 21.42857142857143

Residual: 0.4593301030469624


epsilon: 1.0

m: 5.571428571428571

n: 26.142857142857142

Residual: 0.5027358175744804


epsilon: 1.0

m: 5.571428571428571

n: 30.857142857142858

Residual: 0.532044603189913


epsilon: 1.0

m: 5.571428571428571

n: 35.57142857142857

Residual: 0.5541118890935117


epsilon: 1.0

m: 5.571428571428571

n: 40.285714285714285

Residual: 0.5705853427634632


epsilon: 1.0

m: 5.571428571428571

n: 45.0

Residual: 0.5836222784728692


epsilon: 1.0

m: 5.857142857142857

n: 12.0

Residual: 0.3626485035530635


epsilon: 1.0

m: 5.857142857142857

n: 16.714285714285715

Residual: 0.49570984627026077


epsilon: 1.0

m: 5.857142857142857

n: 21.42857142857143

Residual: 0.5596337758456531


epsilon: 1.0

m: 5.857142857142857

n: 26.142857142857142

Residual: 0.6002437618086113


epsilon: 1.0

m: 5.857142857142857

n: 30.857142857142858

Residual: 0.6265788734626865


epsilon: 1.0

m: 5.857142857142857

n: 35.57142857142857

Residual: 0.6439155353100803


epsilon: 1.0

m: 5.857142857142857

n: 40.285714285714285

Residual: 0.6600499014987512


epsilon: 1.0

m: 5.857142857142857

n: 45.0

Residual: 0.6702758444771729


epsilon: 1.0

m: 6.142857142857142

n: 12.0

Residual: 0.455995779536859


epsilon: 1.0

m: 6.142857142857142

n: 16.714285714285715

Residual: 0.5801127312366361


epsilon: 1.0

m: 6.142857142857142

n: 21.42857142857143

Residual: 0.6390065557223754


epsilon: 1.0

m: 6.142857142857142

n: 26.142857142857142

Residual: 0.6748008789138158


epsilon: 1.0

m: 6.142857142857142

n: 30.857142857142858

Residual: 0.6970988989199248


epsilon: 1.0

m: 6.142857142857142

n: 35.57142857142857

Residual: 0.7149072980877282


epsilon: 1.0

m: 6.142857142857142

n: 40.285714285714285

Residual: 0.72526414045169


epsilon: 1.0

m: 6.142857142857142

n: 45.0

Residual: 0.7357810389000131


epsilon: 1.0

m: 6.428571428571429

n: 12.0

Residual: 0.5315154638402303


epsilon: 1.0

m: 6.428571428571429

n: 16.714285714285715

Residual: 0.6463294616150521


epsilon: 1.0

m: 6.428571428571429

n: 21.42857142857143

Residual: 0.6982504030982551


epsilon: 1.0

m: 6.428571428571429

n: 26.142857142857142

Residual: 0.7314493051805239


epsilon: 1.0

m: 6.428571428571429

n: 30.857142857142858

Residual: 0.7512417093083029


epsilon: 1.0

m: 6.428571428571429

n: 35.57142857142857

Residual: 0.7643299279814801


epsilon: 1.0

m: 6.428571428571429

n: 40.285714285714285

Residual: 0.7742411033819022


epsilon: 1.0

m: 6.428571428571429

n: 45.0

Residual: 0.7847373243151763


epsilon: 1.0

m: 6.714285714285714

n: 12.0

Residual: 0.5916150140184211


epsilon: 1.0

m: 6.714285714285714

n: 16.714285714285715

Residual: 0.698070092668095


epsilon: 1.0

m: 6.714285714285714

n: 21.42857142857143

Residual: 0.7449041763789006


epsilon: 1.0

m: 6.714285714285714

n: 26.142857142857142

Residual: 0.7733266964898324


epsilon: 1.0

m: 6.714285714285714

n: 30.857142857142858

Residual: 0.7919186965397126


epsilon: 1.0

m: 6.714285714285714

n: 35.57142857142857

Residual: 0.8031980868346161


epsilon: 1.0

m: 6.714285714285714

n: 40.285714285714285

Residual: 0.8148552340386858


epsilon: 1.0

m: 6.714285714285714

n: 45.0

Residual: 0.819923999026169


epsilon: 1.0

m: 7.0

n: 12.0

Residual: 0.6409107087405744


epsilon: 1.0

m: 7.0

n: 16.714285714285715

Residual: 0.7402580334410497


epsilon: 1.0

m: 7.0

n: 21.42857142857143

Residual: 0.7829324854695913


epsilon: 1.0

m: 7.0

n: 26.142857142857142

Residual: 0.8084374920784881


epsilon: 1.0

m: 7.0

n: 30.857142857142858

Residual: 0.8248046731463703


epsilon: 1.0

m: 7.0

n: 35.57142857142857

Residual: 0.8354164371377375


epsilon: 1.0

m: 7.0

n: 40.285714285714285

Residual: 0.8419760283741958


epsilon: 1.0

m: 7.0

n: 45.0

Residual: 0.8511516904725273


epsilon: 1.5

m: 5.0

n: 12.0

Residual: 0.25547970541978327


epsilon: 1.5

m: 5.0

n: 16.714285714285715

Residual: 0.11987643776707174


epsilon: 1.5

m: 5.0

n: 21.42857142857143

Residual: 0.0744572944974414


epsilon: 1.5

m: 5.0

n: 26.142857142857142

Residual: 0.06584758315912906


epsilon: 1.5

m: 5.0

n: 30.857142857142858

Residual: 0.07135790236002294


epsilon: 1.5

m: 5.0

n: 35.57142857142857

Residual: 0.0837042535800368


epsilon: 1.5

m: 5.0

n: 40.285714285714285

Residual: 0.09924562763030007


epsilon: 1.5

m: 5.0

n: 45.0

Residual: 0.11588978521752208


epsilon: 1.5

m: 5.285714285714286

n: 12.0

Residual: 0.15248839194915165


epsilon: 1.5

m: 5.285714285714286

n: 16.714285714285715

Residual: 0.12442261639709601


epsilon: 1.5

m: 5.285714285714286

n: 21.42857142857143

Residual: 0.1506016288494132


epsilon: 1.5

m: 5.285714285714286

n: 26.142857142857142

Residual: 0.18975779393078016


epsilon: 1.5

m: 5.285714285714286

n: 30.857142857142858

Residual: 0.22658742440400534


epsilon: 1.5

m: 5.285714285714286

n: 35.57142857142857

Residual: 0.25526383625481275


epsilon: 1.5

m: 5.285714285714286

n: 40.285714285714285

Residual: 0.2753845960674842


epsilon: 1.5

m: 5.285714285714286

n: 45.0

Residual: 0.29240501796506835


epsilon: 1.5

m: 5.571428571428571

n: 12.0

Residual: 0.17030320765404727


epsilon: 1.5

m: 5.571428571428571

n: 16.714285714285715

Residual: 0.21427587719081945


epsilon: 1.5

m: 5.571428571428571

n: 21.42857142857143

Residual: 0.28520411606883944


epsilon: 1.5

m: 5.571428571428571

n: 26.142857142857142

Residual: 0.3356455388135246


epsilon: 1.5

m: 5.571428571428571

n: 30.857142857142858

Residual: 0.3727649922877577


epsilon: 1.5

m: 5.571428571428571

n: 35.57142857142857

Residual: 0.39684457004125895


epsilon: 1.5

m: 5.571428571428571

n: 40.285714285714285

Residual: 0.4200186437889287


epsilon: 1.5

m: 5.571428571428571

n: 45.0

Residual: 0.4337449659875741


epsilon: 1.5

m: 5.857142857142857

n: 12.0

Residual: 0.225871306685457


epsilon: 1.5

m: 5.857142857142857

n: 16.714285714285715

Residual: 0.32849560533722466


epsilon: 1.5

m: 5.857142857142857

n: 21.42857142857143

Residual: 0.4065986772615829


epsilon: 1.5

m: 5.857142857142857

n: 26.142857142857142

Residual: 0.4540899687681539


epsilon: 1.5

m: 5.857142857142857

n: 30.857142857142858

Residual: 0.4869774565131304


epsilon: 1.5

m: 5.857142857142857

n: 35.57142857142857

Residual: 0.5105056988409817


epsilon: 1.5

m: 5.857142857142857

n: 40.285714285714285

Residual: 0.5291494135581676


epsilon: 1.5

m: 5.857142857142857

n: 45.0

Residual: 0.5430943160299376


epsilon: 1.5

m: 6.142857142857142

n: 12.0

Residual: 0.2945970199172323


epsilon: 1.5

m: 6.142857142857142

n: 16.714285714285715

Residual: 0.4292925806801432


epsilon: 1.5

m: 6.142857142857142

n: 21.42857142857143

Residual: 0.5042688738939108


epsilon: 1.5

m: 6.142857142857142

n: 26.142857142857142

Residual: 0.5487059850141419


epsilon: 1.5

m: 6.142857142857142

n: 30.857142857142858

Residual: 0.5772891662509708


epsilon: 1.5

m: 6.142857142857142

n: 35.57142857142857

Residual: 0.5993525280895016


epsilon: 1.5

m: 6.142857142857142

n: 40.285714285714285

Residual: 0.6144998819206896


epsilon: 1.5

m: 6.142857142857142

n: 45.0

Residual: 0.6274176885213352


epsilon: 1.5

m: 6.428571428571429

n: 12.0

Residual: 0.370369508176256


epsilon: 1.5

m: 6.428571428571429

n: 16.714285714285715

Residual: 0.5124488788704166


epsilon: 1.5

m: 6.428571428571429

n: 21.42857142857143

Residual: 0.5797534186947187


epsilon: 1.5

m: 6.428571428571429

n: 26.142857142857142

Residual: 0.6220547400561964


epsilon: 1.5

m: 6.428571428571429

n: 30.857142857142858

Residual: 0.6486415662932685


epsilon: 1.5

m: 6.428571428571429

n: 35.57142857142857

Residual: 0.6654510055435405


epsilon: 1.5

m: 6.428571428571429

n: 40.285714285714285

Residual: 0.6803535925808222


epsilon: 1.5

m: 6.428571428571429

n: 45.0

Residual: 0.6936835111750843


epsilon: 1.5

m: 6.714285714285714

n: 12.0

Residual: 0.4437216016281478


epsilon: 1.5

m: 6.714285714285714

n: 16.714285714285715

Residual: 0.5798607762897521


epsilon: 1.5

m: 6.714285714285714

n: 21.42857142857143

Residual: 0.6419607848631239


epsilon: 1.5

m: 6.714285714285714

n: 26.142857142857142

Residual: 0.6772094445978001


epsilon: 1.5

m: 6.714285714285714

n: 30.857142857142858

Residual: 0.7039134445043399


epsilon: 1.5

m: 6.714285714285714

n: 35.57142857142857

Residual: 0.7201571106463817


epsilon: 1.5

m: 6.714285714285714

n: 40.285714285714285

Residual: 0.7351234350201942


epsilon: 1.5

m: 6.714285714285714

n: 45.0

Residual: 0.7430527906235984


epsilon: 1.5

m: 7.0

n: 12.0

Residual: 0.5063345855892982


epsilon: 1.5

m: 7.0

n: 16.714285714285715

Residual: 0.6328241526916961


epsilon: 1.5

m: 7.0

n: 21.42857142857143

Residual: 0.6908469093917375


epsilon: 1.5

m: 7.0

n: 26.142857142857142

Residual: 0.7246790272058728


epsilon: 1.5

m: 7.0

n: 30.857142857142858

Residual: 0.7473785529363521


epsilon: 1.5

m: 7.0

n: 35.57142857142857

Residual: 0.7609049388256636


epsilon: 1.5

m: 7.0

n: 40.285714285714285

Residual: 0.7740229041419555


epsilon: 1.5

m: 7.0

n: 45.0

Residual: 0.782265465478684


epsilon: 2.0

m: 5.0

n: 12.0

Residual: 0.38404573934760344


epsilon: 2.0

m: 5.0

n: 16.714285714285715

Residual: 0.2569468634792176


epsilon: 2.0

m: 5.0

n: 21.42857142857143

Residual: 0.18194663521348342


epsilon: 2.0

m: 5.0

n: 26.142857142857142

Residual: 0.13088892244645772


epsilon: 2.0

m: 5.0

n: 30.857142857142858

Residual: 0.10248275099314556


epsilon: 2.0

m: 5.0

n: 35.57142857142857

Residual: 0.08698180820295946


epsilon: 2.0

m: 5.0

n: 40.285714285714285

Residual: 0.07772257861650596


epsilon: 2.0

m: 5.0

n: 45.0

Residual: 0.0707016733952798


epsilon: 2.0

m: 5.285714285714286

n: 12.0

Residual: 0.24318781708661907


epsilon: 2.0

m: 5.285714285714286

n: 16.714285714285715

Residual: 0.1536031799649498


epsilon: 2.0

m: 5.285714285714286

n: 21.42857142857143

Residual: 0.12934972309860795


epsilon: 2.0

m: 5.285714285714286

n: 26.142857142857142

Residual: 0.12722166392523404


epsilon: 2.0

m: 5.285714285714286

n: 30.857142857142858

Residual: 0.13218171662816686


epsilon: 2.0

m: 5.285714285714286

n: 35.57142857142857

Residual: 0.14267810323079358


epsilon: 2.0

m: 5.285714285714286

n: 40.285714285714285

Residual: 0.15357009222922408


epsilon: 2.0

m: 5.285714285714286

n: 45.0

Residual: 0.1634847433996857


epsilon: 2.0

m: 5.571428571428571

n: 12.0

Residual: 0.20473653080124843


epsilon: 2.0

m: 5.571428571428571

n: 16.714285714285715

Residual: 0.1781332694820171


epsilon: 2.0

m: 5.571428571428571

n: 21.42857142857143

Residual: 0.19447501077269552


epsilon: 2.0

m: 5.571428571428571

n: 26.142857142857142

Residual: 0.21823866081313986


epsilon: 2.0

m: 5.571428571428571

n: 30.857142857142858

Residual: 0.24430594658052304


epsilon: 2.0

m: 5.571428571428571

n: 35.57142857142857

Residual: 0.26987142514164336


epsilon: 2.0

m: 5.571428571428571

n: 40.285714285714285

Residual: 0.29412503232043774


epsilon: 2.0

m: 5.571428571428571

n: 45.0

Residual: 0.31084615973412066


epsilon: 2.0

m: 5.857142857142857

n: 12.0

Residual: 0.21923186049852952


epsilon: 2.0

m: 5.857142857142857

n: 16.714285714285715

Residual: 0.242490558377807


epsilon: 2.0

m: 5.857142857142857

n: 21.42857142857143

Residual: 0.28672021170797424


epsilon: 2.0

m: 5.857142857142857

n: 26.142857142857142

Residual: 0.33556673128691106


epsilon: 2.0

m: 5.857142857142857

n: 30.857142857142858

Residual: 0.3693012027567443


epsilon: 2.0

m: 5.857142857142857

n: 35.57142857142857

Residual: 0.3974736975091947


epsilon: 2.0

m: 5.857142857142857

n: 40.285714285714285

Residual: 0.4172102648748641


epsilon: 2.0

m: 5.857142857142857

n: 45.0

Residual: 0.43285493583933843


epsilon: 2.0

m: 6.142857142857142

n: 12.0

Residual: 0.25601661843307855


epsilon: 2.0

m: 6.142857142857142

n: 16.714285714285715

Residual: 0.31846894812061827


epsilon: 2.0

m: 6.142857142857142

n: 21.42857142857143

Residual: 0.3903688116872836


epsilon: 2.0

m: 6.142857142857142

n: 26.142857142857142

Residual: 0.4395605754981963


epsilon: 2.0

m: 6.142857142857142

n: 30.857142857142858

Residual: 0.4726725095709493


epsilon: 2.0

m: 6.142857142857142

n: 35.57142857142857

Residual: 0.49782141264620305


epsilon: 2.0

m: 6.142857142857142

n: 40.285714285714285

Residual: 0.5177204137447251


epsilon: 2.0

m: 6.142857142857142

n: 45.0

Residual: 0.5310801610009157


epsilon: 2.0

m: 6.428571428571429

n: 12.0

Residual: 0.3031473454839311


epsilon: 2.0

m: 6.428571428571429

n: 16.714285714285715

Residual: 0.39915287351591183


epsilon: 2.0

m: 6.428571428571429

n: 21.42857142857143

Residual: 0.47546315370469583


epsilon: 2.0

m: 6.428571428571429

n: 26.142857142857142

Residual: 0.5236129934151887


epsilon: 2.0

m: 6.428571428571429

n: 30.857142857142858

Residual: 0.5581479244091532


epsilon: 2.0

m: 6.428571428571429

n: 35.57142857142857

Residual: 0.5805695188105543


epsilon: 2.0

m: 6.428571428571429

n: 40.285714285714285

Residual: 0.5982881181609647


epsilon: 2.0

m: 6.428571428571429

n: 45.0

Residual: 0.6111420372241907


epsilon: 2.0

m: 6.714285714285714

n: 12.0

Residual: 0.35139737624263817


epsilon: 2.0

m: 6.714285714285714

n: 16.714285714285715

Residual: 0.473851154942656


epsilon: 2.0

m: 6.714285714285714

n: 21.42857142857143

Residual: 0.5512764610648152


epsilon: 2.0

m: 6.714285714285714

n: 26.142857142857142

Residual: 0.5942138823322928


epsilon: 2.0

m: 6.714285714285714

n: 30.857142857142858

Residual: 0.6217496566845496


epsilon: 2.0

m: 6.714285714285714

n: 35.57142857142857

Residual: 0.6443798423597181


epsilon: 2.0

m: 6.714285714285714

n: 40.285714285714285

Residual: 0.6579799857358646


epsilon: 2.0

m: 6.714285714285714

n: 45.0

Residual: 0.6709251997258528


epsilon: 2.0

m: 7.0

n: 12.0

Residual: 0.4033794685837479


epsilon: 2.0

m: 7.0

n: 16.714285714285715

Residual: 0.5381134750807229


epsilon: 2.0

m: 7.0

n: 21.42857142857143

Residual: 0.6087235689525897


epsilon: 2.0

m: 7.0

n: 26.142857142857142

Residual: 0.6473360384939448


epsilon: 2.0

m: 7.0

n: 30.857142857142858

Residual: 0.6757263565360014


epsilon: 2.0

m: 7.0

n: 35.57142857142857

Residual: 0.6934479858019401


epsilon: 2.0

m: 7.0

n: 40.285714285714285

Residual: 0.7126044130535268


epsilon: 2.0

m: 7.0

n: 45.0

Residual: 0.7217011263684632


epsilon: 2.5

m: 5.0

n: 12.0

Residual: 0.4751872277299075


epsilon: 2.5

m: 5.0

n: 16.714285714285715

Residual: 0.3583713418386766


epsilon: 2.5

m: 5.0

n: 21.42857142857143

Residual: 0.287024494112947


epsilon: 2.5

m: 5.0

n: 26.142857142857142

Residual: 0.23838140663981663


epsilon: 2.5

m: 5.0

n: 30.857142857142858

Residual: 0.2035233390552956


epsilon: 2.5

m: 5.0

n: 35.57142857142857

Residual: 0.17677172291588147


epsilon: 2.5

m: 5.0

n: 40.285714285714285

Residual: 0.1553401136925146


epsilon: 2.5

m: 5.0

n: 45.0

Residual: 0.13833384806928972


epsilon: 2.5

m: 5.285714285714286

n: 12.0

Residual: 0.3360664517294009


epsilon: 2.5

m: 5.285714285714286

n: 16.714285714285715

Residual: 0.21764154792200038


epsilon: 2.5

m: 5.285714285714286

n: 21.42857142857143

Residual: 0.16820085799217468


epsilon: 2.5

m: 5.285714285714286

n: 26.142857142857142

Residual: 0.14514673978430093


epsilon: 2.5

m: 5.285714285714286

n: 30.857142857142858

Residual: 0.1339817131194407


epsilon: 2.5

m: 5.285714285714286

n: 35.57142857142857

Residual: 0.12956451955328227


epsilon: 2.5

m: 5.285714285714286

n: 40.285714285714285

Residual: 0.12791173593852084


epsilon: 2.5

m: 5.285714285714286

n: 45.0

Residual: 0.12854232878786306


epsilon: 2.5

m: 5.571428571428571

n: 12.0

Residual: 0.2602021045505585


epsilon: 2.5

m: 5.571428571428571

n: 16.714285714285715

Residual: 0.19489063195678963


epsilon: 2.5

m: 5.571428571428571

n: 21.42857142857143

Residual: 0.18177037152481962


epsilon: 2.5

m: 5.571428571428571

n: 26.142857142857142

Residual: 0.1829114583927385


epsilon: 2.5

m: 5.571428571428571

n: 30.857142857142858

Residual: 0.19015680577986172


epsilon: 2.5

m: 5.571428571428571

n: 35.57142857142857

Residual: 0.20182423481680356


epsilon: 2.5

m: 5.571428571428571

n: 40.285714285714285

Residual: 0.21180026879135647


epsilon: 2.5

m: 5.571428571428571

n: 45.0

Residual: 0.22262469411261016


epsilon: 2.5

m: 5.857142857142857

n: 12.0

Residual: 0.2471595101265396


epsilon: 2.5

m: 5.857142857142857

n: 16.714285714285715

Residual: 0.22614295031392947


epsilon: 2.5

m: 5.857142857142857

n: 21.42857142857143

Residual: 0.2403255178989343


epsilon: 2.5

m: 5.857142857142857

n: 26.142857142857142

Residual: 0.2622138447042907


epsilon: 2.5

m: 5.857142857142857

n: 30.857142857142858

Residual: 0.28178337423920824


epsilon: 2.5

m: 5.857142857142857

n: 35.57142857142857

Residual: 0.3029770780166065


epsilon: 2.5

m: 5.857142857142857

n: 40.285714285714285

Residual: 0.32172848215623534


epsilon: 2.5

m: 5.857142857142857

n: 45.0

Residual: 0.3405524956754374


epsilon: 2.5

m: 6.142857142857142

n: 12.0

Residual: 0.262450259147386


epsilon: 2.5

m: 6.142857142857142

n: 16.714285714285715

Residual: 0.27797164095889265


epsilon: 2.5

m: 6.142857142857142

n: 21.42857142857143

Residual: 0.3130702012359039


epsilon: 2.5

m: 6.142857142857142

n: 26.142857142857142

Residual: 0.3498252238568261


epsilon: 2.5

m: 6.142857142857142

n: 30.857142857142858

Residual: 0.3825201575269079


epsilon: 2.5

m: 6.142857142857142

n: 35.57142857142857

Residual: 0.4090821131101056


epsilon: 2.5

m: 6.142857142857142

n: 40.285714285714285

Residual: 0.43092677128175977


epsilon: 2.5

m: 6.142857142857142

n: 45.0

Residual: 0.44723619648240737


epsilon: 2.5

m: 6.428571428571429

n: 12.0

Residual: 0.2885979754920669


epsilon: 2.5

m: 6.428571428571429

n: 16.714285714285715

Residual: 0.33682490038506996


epsilon: 2.5

m: 6.428571428571429

n: 21.42857142857143

Residual: 0.38965246882714827


epsilon: 2.5

m: 6.428571428571429

n: 26.142857142857142

Residual: 0.43786882358224455


epsilon: 2.5

m: 6.428571428571429

n: 30.857142857142858

Residual: 0.4747069167615461


epsilon: 2.5

m: 6.428571428571429

n: 35.57142857142857

Residual: 0.5006361472731359


epsilon: 2.5

m: 6.428571428571429

n: 40.285714285714285

Residual: 0.5188237176434871


epsilon: 2.5

m: 6.428571428571429

n: 45.0

Residual: 0.5349830932782539


epsilon: 2.5

m: 6.714285714285714

n: 12.0

Residual: 0.3230656885219192


epsilon: 2.5

m: 6.714285714285714

n: 16.714285714285715

Residual: 0.39734487865633095


epsilon: 2.5

m: 6.714285714285714

n: 21.42857142857143

Residual: 0.46721139623797353


epsilon: 2.5

m: 6.714285714285714

n: 26.142857142857142

Residual: 0.5166689158206208


epsilon: 2.5

m: 6.714285714285714

n: 30.857142857142858

Residual: 0.5499987435346448


epsilon: 2.5

m: 6.714285714285714

n: 35.57142857142857

Residual: 0.5733298581036875


epsilon: 2.5

m: 6.714285714285714

n: 40.285714285714285

Residual: 0.5922216980893673


epsilon: 2.5

m: 6.714285714285714

n: 45.0

Residual: 0.6078487016970836


epsilon: 2.5

m: 7.0

n: 12.0

Residual: 0.36052087677024464


epsilon: 2.5

m: 7.0

n: 16.714285714285715

Residual: 0.45454015224083916


epsilon: 2.5

m: 7.0

n: 21.42857142857143

Residual: 0.5344646128444052


epsilon: 2.5

m: 7.0

n: 26.142857142857142

Residual: 0.5795909783658916


epsilon: 2.5

m: 7.0

n: 30.857142857142858

Residual: 0.6086036134033048


epsilon: 2.5

m: 7.0

n: 35.57142857142857

Residual: 0.6328696751209946


epsilon: 2.5

m: 7.0

n: 40.285714285714285

Residual: 0.6534979395162118


epsilon: 2.5

m: 7.0

n: 45.0

Residual: 0.6617406517468102


epsilon: 3.0

m: 5.0

n: 12.0

Residual: 0.5424578510664168


epsilon: 3.0

m: 5.0

n: 16.714285714285715

Residual: 0.434796051072519


epsilon: 3.0

m: 5.0

n: 21.42857142857143

Residual: 0.3681205440065461


epsilon: 3.0

m: 5.0

n: 26.142857142857142

Residual: 0.3221776005787561


epsilon: 3.0

m: 5.0

n: 30.857142857142858

Residual: 0.28871509494793546


epsilon: 3.0

m: 5.0

n: 35.57142857142857

Residual: 0.26384776904885243


epsilon: 3.0

m: 5.0

n: 40.285714285714285

Residual: 0.2423563074736617


epsilon: 3.0

m: 5.0

n: 45.0

Residual: 0.22652731829681583


epsilon: 3.0

m: 5.285714285714286

n: 12.0

Residual: 0.4149140405596195


epsilon: 3.0

m: 5.285714285714286

n: 16.714285714285715

Residual: 0.2873910471590625


epsilon: 3.0

m: 5.285714285714286

n: 21.42857142857143

Residual: 0.22328573031962182


epsilon: 3.0

m: 5.285714285714286

n: 26.142857142857142

Residual: 0.18907831152544305


epsilon: 3.0

m: 5.285714285714286

n: 30.857142857142858

Residual: 0.16718350007850385


epsilon: 3.0

m: 5.285714285714286

n: 35.57142857142857

Residual: 0.15452253471502575


epsilon: 3.0

m: 5.285714285714286

n: 40.285714285714285

Residual: 0.1451602129018973


epsilon: 3.0

m: 5.285714285714286

n: 45.0

Residual: 0.1391433860279261


epsilon: 3.0

m: 5.571428571428571

n: 12.0

Residual: 0.3182793066946878


epsilon: 3.0

m: 5.571428571428571

n: 16.714285714285715

Residual: 0.23005108546422656


epsilon: 3.0

m: 5.571428571428571

n: 21.42857142857143

Residual: 0.19820373475816916


epsilon: 3.0

m: 5.571428571428571

n: 26.142857142857142

Residual: 0.18618593848693687


epsilon: 3.0

m: 5.571428571428571

n: 30.857142857142858

Residual: 0.18306588797470263


epsilon: 3.0

m: 5.571428571428571

n: 35.57142857142857

Residual: 0.18376336787067676


epsilon: 3.0

m: 5.571428571428571

n: 40.285714285714285

Residual: 0.18490912662027942


epsilon: 3.0

m: 5.571428571428571

n: 45.0

Residual: 0.1890749433040364


epsilon: 3.0

m: 5.857142857142857

n: 12.0

Residual: 0.28487344039425794


epsilon: 3.0

m: 5.857142857142857

n: 16.714285714285715

Residual: 0.23473625157551128


epsilon: 3.0

m: 5.857142857142857

n: 21.42857142857143

Residual: 0.23008630409814612


epsilon: 3.0

m: 5.857142857142857

n: 26.142857142857142

Residual: 0.2346613158257257


epsilon: 3.0

m: 5.857142857142857

n: 30.857142857142858

Residual: 0.24660195862730486


epsilon: 3.0

m: 5.857142857142857

n: 35.57142857142857

Residual: 0.2555460420193027


epsilon: 3.0

m: 5.857142857142857

n: 40.285714285714285

Residual: 0.26640569150046056


epsilon: 3.0

m: 5.857142857142857

n: 45.0

Residual: 0.2749178253462458


epsilon: 3.0

m: 6.142857142857142

n: 12.0

Residual: 0.2830002491742517


epsilon: 3.0

m: 6.142857142857142

n: 16.714285714285715

Residual: 0.26740664670784453


epsilon: 3.0

m: 6.142857142857142

n: 21.42857142857143

Residual: 0.282104017886169


epsilon: 3.0

m: 6.142857142857142

n: 26.142857142857142

Residual: 0.302171698983258


epsilon: 3.0

m: 6.142857142857142

n: 30.857142857142858

Residual: 0.3214448893161079


epsilon: 3.0

m: 6.142857142857142

n: 35.57142857142857

Residual: 0.3414410325641841


epsilon: 3.0

m: 6.142857142857142

n: 40.285714285714285

Residual: 0.3581421616789277


epsilon: 3.0

m: 6.142857142857142

n: 45.0

Residual: 0.3745700702921461


epsilon: 3.0

m: 6.428571428571429

n: 12.0

Residual: 0.2969362290283207


epsilon: 3.0

m: 6.428571428571429

n: 16.714285714285715

Residual: 0.31263482463859815


epsilon: 3.0

m: 6.428571428571429

n: 21.42857142857143

Residual: 0.34455148838494776


epsilon: 3.0

m: 6.428571428571429

n: 26.142857142857142

Residual: 0.37590371547770307


epsilon: 3.0

m: 6.428571428571429

n: 30.857142857142858

Residual: 0.4017754086892462


epsilon: 3.0

m: 6.428571428571429

n: 35.57142857142857

Residual: 0.42964354899692503


epsilon: 3.0

m: 6.428571428571429

n: 40.285714285714285

Residual: 0.45308070613936086


epsilon: 3.0

m: 6.428571428571429

n: 45.0

Residual: 0.46670693632598376


epsilon: 3.0

m: 6.714285714285714

n: 12.0

Residual: 0.31866043135766103


epsilon: 3.0

m: 6.714285714285714

n: 16.714285714285715

Residual: 0.35946158982170606


epsilon: 3.0

m: 6.714285714285714

n: 21.42857142857143

Residual: 0.40615015600004384


epsilon: 3.0

m: 6.714285714285714

n: 26.142857142857142

Residual: 0.4464711936238057


epsilon: 3.0

m: 6.714285714285714

n: 30.857142857142858

Residual: 0.48017240122083965


epsilon: 3.0

m: 6.714285714285714

n: 35.57142857142857

Residual: 0.5091728011642779


epsilon: 3.0

m: 6.714285714285714

n: 40.285714285714285

Residual: 0.5321693571246554


epsilon: 3.0

m: 6.714285714285714

n: 45.0

Residual: 0.5425507740374088


epsilon: 3.0

m: 7.0

n: 12.0

Residual: 0.3478802807347163


epsilon: 3.0

m: 7.0

n: 16.714285714285715

Residual: 0.40761882347331724


epsilon: 3.0

m: 7.0

n: 21.42857142857143

Residual: 0.46306089863687944


epsilon: 3.0

m: 7.0

n: 26.142857142857142

Residual: 0.5175059295324553


epsilon: 3.0

m: 7.0

n: 30.857142857142858

Residual: 0.5509348642244168


epsilon: 3.0

m: 7.0

n: 35.57142857142857

Residual: 0.5776507003702988


epsilon: 3.0

m: 7.0

n: 40.285714285714285

Residual: 0.5926551318664988


epsilon: 3.0

m: 7.0

n: 45.0

Residual: 0.6107672784442905


epsilon: 3.5

m: 5.0

n: 12.0

Residual: 0.5948763368829272


epsilon: 3.5

m: 5.0

n: 16.714285714285715

Residual: 0.49528470359021554


epsilon: 3.5

m: 5.0

n: 21.42857142857143

Residual: 0.4328521190299462


epsilon: 3.5

m: 5.0

n: 26.142857142857142

Residual: 0.38986723727583505


epsilon: 3.5

m: 5.0

n: 30.857142857142858

Residual: 0.35840470811324365


epsilon: 3.5

m: 5.0

n: 35.57142857142857

Residual: 0.3341272067609963


epsilon: 3.5

m: 5.0

n: 40.285714285714285

Residual: 0.31418503100343637


epsilon: 3.5

m: 5.0

n: 45.0

Residual: 0.2980888918954208


epsilon: 3.5

m: 5.285714285714286

n: 12.0

Residual: 0.4764285627900202


epsilon: 3.5

m: 5.285714285714286

n: 16.714285714285715

Residual: 0.35368674257505034


epsilon: 3.5

m: 5.285714285714286

n: 21.42857142857143

Residual: 0.2827789487675846


epsilon: 3.5

m: 5.285714285714286

n: 26.142857142857142

Residual: 0.24070956552589787


epsilon: 3.5

m: 5.285714285714286

n: 30.857142857142858

Residual: 0.21368839900278117


epsilon: 3.5

m: 5.285714285714286

n: 35.57142857142857

Residual: 0.19512563412568548


epsilon: 3.5

m: 5.285714285714286

n: 40.285714285714285

Residual: 0.18154611743858917


epsilon: 3.5

m: 5.285714285714286

n: 45.0

Residual: 0.17034257191912733


epsilon: 3.5

m: 5.571428571428571

n: 12.0

Residual: 0.3714099331047882


epsilon: 3.5

m: 5.571428571428571

n: 16.714285714285715

Residual: 0.2704390208475394


epsilon: 3.5

m: 5.571428571428571

n: 21.42857142857143

Residual: 0.22627152476724796


epsilon: 3.5

m: 5.571428571428571

n: 26.142857142857142

Residual: 0.20490816427041514


epsilon: 3.5

m: 5.571428571428571

n: 30.857142857142858

Residual: 0.1940073246809374


epsilon: 3.5

m: 5.571428571428571

n: 35.57142857142857

Residual: 0.18628447308027074


epsilon: 3.5

m: 5.571428571428571

n: 40.285714285714285

Residual: 0.18440484836257948


epsilon: 3.5

m: 5.571428571428571

n: 45.0

Residual: 0.18384410561034678


epsilon: 3.5

m: 5.857142857142857

n: 12.0

Residual: 0.3243310676582344


epsilon: 3.5

m: 5.857142857142857

n: 16.714285714285715

Residual: 0.2562030737497012


epsilon: 3.5

m: 5.857142857142857

n: 21.42857142857143

Residual: 0.23400011934097203


epsilon: 3.5

m: 5.857142857142857

n: 26.142857142857142

Residual: 0.23015612176361078


epsilon: 3.5

m: 5.857142857142857

n: 30.857142857142858

Residual: 0.23131127431124474


epsilon: 3.5

m: 5.857142857142857

n: 35.57142857142857

Residual: 0.23547369409848715


epsilon: 3.5

m: 5.857142857142857

n: 40.285714285714285

Residual: 0.2413611636041149


epsilon: 3.5

m: 5.857142857142857

n: 45.0

Residual: 0.24608115881914203


epsilon: 3.5

m: 6.142857142857142

n: 12.0

Residual: 0.3100633032754675


epsilon: 3.5

m: 6.142857142857142

n: 16.714285714285715

Residual: 0.2728518475374996


epsilon: 3.5

m: 6.142857142857142

n: 21.42857142857143

Residual: 0.27153701695203103


epsilon: 3.5

m: 6.142857142857142

n: 26.142857142857142

Residual: 0.2815563286074683


epsilon: 3.5

m: 6.142857142857142

n: 30.857142857142858

Residual: 0.2915891329192852


epsilon: 3.5

m: 6.142857142857142

n: 35.57142857142857

Residual: 0.3051660581327609


epsilon: 3.5

m: 6.142857142857142

n: 40.285714285714285

Residual: 0.31569616463427613


epsilon: 3.5

m: 6.142857142857142

n: 45.0

Residual: 0.32440867395467443


epsilon: 3.5

m: 6.428571428571429

n: 12.0

Residual: 0.3141703800962754


epsilon: 3.5

m: 6.428571428571429

n: 16.714285714285715

Residual: 0.30504674948911153


epsilon: 3.5

m: 6.428571428571429

n: 21.42857142857143

Residual: 0.31996454277276415


epsilon: 3.5

m: 6.428571428571429

n: 26.142857142857142

Residual: 0.3412689129862529


epsilon: 3.5

m: 6.428571428571429

n: 30.857142857142858

Residual: 0.35832407783908954


epsilon: 3.5

m: 6.428571428571429

n: 35.57142857142857

Residual: 0.3763735021763458


epsilon: 3.5

m: 6.428571428571429

n: 40.285714285714285

Residual: 0.3929234776049961


epsilon: 3.5

m: 6.428571428571429

n: 45.0

Residual: 0.40550500327081274


epsilon: 3.5

m: 6.714285714285714

n: 12.0

Residual: 0.32826089151934845


epsilon: 3.5

m: 6.714285714285714

n: 16.714285714285715

Residual: 0.3429358633784052


epsilon: 3.5

m: 6.714285714285714

n: 21.42857142857143

Residual: 0.3727941678764859


epsilon: 3.5

m: 6.714285714285714

n: 26.142857142857142

Residual: 0.40388332407851396


epsilon: 3.5

m: 6.714285714285714

n: 30.857142857142858

Residual: 0.42853455402722573


epsilon: 3.5

m: 6.714285714285714

n: 35.57142857142857

Residual: 0.45115727785297527


epsilon: 3.5

m: 6.714285714285714

n: 40.285714285714285

Residual: 0.46963805258652114


epsilon: 3.5

m: 6.714285714285714

n: 45.0

Residual: 0.48986954412304995


epsilon: 3.5

m: 7.0

n: 12.0

Residual: 0.3469107869559758


epsilon: 3.5

m: 7.0

n: 16.714285714285715

Residual: 0.38335227305590797


epsilon: 3.5

m: 7.0

n: 21.42857142857143

Residual: 0.42543074061245884


epsilon: 3.5

m: 7.0

n: 26.142857142857142

Residual: 0.45982273531665513


epsilon: 3.5

m: 7.0

n: 30.857142857142858

Residual: 0.49718831567351884


epsilon: 3.5

m: 7.0

n: 35.57142857142857

Residual: 0.5199915466485937


epsilon: 3.5

m: 7.0

n: 40.285714285714285

Residual: 0.5433384075955945


epsilon: 3.5

m: 7.0

n: 45.0

Residual: 0.5586852146501546


epsilon: 4.0

m: 5.0

n: 12.0

Residual: 0.6362002833028333


epsilon: 4.0

m: 5.0

n: 16.714285714285715

Residual: 0.5438195836029519


epsilon: 4.0

m: 5.0

n: 21.42857142857143

Residual: 0.4859157383155227


epsilon: 4.0

m: 5.0

n: 26.142857142857142

Residual: 0.4446650603838028


epsilon: 4.0

m: 5.0

n: 30.857142857142858

Residual: 0.414770261733939


epsilon: 4.0

m: 5.0

n: 35.57142857142857

Residual: 0.39184081790868713


epsilon: 4.0

m: 5.0

n: 40.285714285714285

Residual: 0.3725804250982723


epsilon: 4.0

m: 5.0

n: 45.0

Residual: 0.3568986899598171


epsilon: 4.0

m: 5.285714285714286

n: 12.0

Residual: 0.5265406320777607


epsilon: 4.0

m: 5.285714285714286

n: 16.714285714285715

Residual: 0.4103752075105827


epsilon: 4.0

m: 5.285714285714286

n: 21.42857142857143

Residual: 0.3390718725214652


epsilon: 4.0

m: 5.285714285714286

n: 26.142857142857142

Residual: 0.29187846842354515


epsilon: 4.0

m: 5.285714285714286

n: 30.857142857142858

Residual: 0.2612025172300918


epsilon: 4.0

m: 5.285714285714286

n: 35.57142857142857

Residual: 0.24008673624847288


epsilon: 4.0

m: 5.285714285714286

n: 40.285714285714285

Residual: 0.22435484542021875


epsilon: 4.0

m: 5.285714285714286

n: 45.0

Residual: 0.21053935642131494


epsilon: 4.0

m: 5.571428571428571

n: 12.0

Residual: 0.42025925633814937


epsilon: 4.0

m: 5.571428571428571

n: 16.714285714285715

Residual: 0.3124359542997715


epsilon: 4.0

m: 5.571428571428571

n: 21.42857142857143

Residual: 0.2618109723951217


epsilon: 4.0

m: 5.571428571428571

n: 26.142857142857142

Residual: 0.23257753212454504


epsilon: 4.0

m: 5.571428571428571

n: 30.857142857142858

Residual: 0.2154744326566329


epsilon: 4.0

m: 5.571428571428571

n: 35.57142857142857

Residual: 0.20370180786593553


epsilon: 4.0

m: 5.571428571428571

n: 40.285714285714285

Residual: 0.1975272294511424


epsilon: 4.0

m: 5.571428571428571

n: 45.0

Residual: 0.19268370890994813


epsilon: 4.0

m: 5.857142857142857

n: 12.0

Residual: 0.3626797697387542


epsilon: 4.0

m: 5.857142857142857

n: 16.714285714285715

Residual: 0.28163512726657797


epsilon: 4.0

m: 5.857142857142857

n: 21.42857142857143

Residual: 0.2499186292448343


epsilon: 4.0

m: 5.857142857142857

n: 26.142857142857142

Residual: 0.23844634770590648


epsilon: 4.0

m: 5.857142857142857

n: 30.857142857142858

Residual: 0.2334025033029871


epsilon: 4.0

m: 5.857142857142857

n: 35.57142857142857

Residual: 0.2312182026411611


epsilon: 4.0

m: 5.857142857142857

n: 40.285714285714285

Residual: 0.23081577107176202


epsilon: 4.0

m: 5.857142857142857

n: 45.0

Residual: 0.23378007552527014


epsilon: 4.0

m: 6.142857142857142

n: 12.0

Residual: 0.338738129970656


epsilon: 4.0

m: 6.142857142857142

n: 16.714285714285715

Residual: 0.2849909760814809


epsilon: 4.0

m: 6.142857142857142

n: 21.42857142857143

Residual: 0.2732284609447661


epsilon: 4.0

m: 6.142857142857142

n: 26.142857142857142

Residual: 0.27223691575943976


epsilon: 4.0

m: 6.142857142857142

n: 30.857142857142858

Residual: 0.2774279847601819


epsilon: 4.0

m: 6.142857142857142

n: 35.57142857142857

Residual: 0.28518769055975635


epsilon: 4.0

m: 6.142857142857142

n: 40.285714285714285

Residual: 0.29107722773817757


epsilon: 4.0

m: 6.142857142857142

n: 45.0

Residual: 0.29584278214671583


epsilon: 4.0

m: 6.428571428571429

n: 12.0

Residual: 0.3344023005155204


epsilon: 4.0

m: 6.428571428571429

n: 16.714285714285715

Residual: 0.307640824105086


epsilon: 4.0

m: 6.428571428571429

n: 21.42857142857143

Residual: 0.3108559204992514


epsilon: 4.0

m: 6.428571428571429

n: 26.142857142857142

Residual: 0.32182895631388314


epsilon: 4.0

m: 6.428571428571429

n: 30.857142857142858

Residual: 0.3350711856318575


epsilon: 4.0

m: 6.428571428571429

n: 35.57142857142857

Residual: 0.34776337619842945


epsilon: 4.0

m: 6.428571428571429

n: 40.285714285714285

Residual: 0.35671378400839


epsilon: 4.0

m: 6.428571428571429

n: 45.0

Residual: 0.3685252325327118


epsilon: 4.0

m: 6.714285714285714

n: 12.0

Residual: 0.3411179691017594


epsilon: 4.0

m: 6.714285714285714

n: 16.714285714285715

Residual: 0.3373181270592218


epsilon: 4.0

m: 6.714285714285714

n: 21.42857142857143

Residual: 0.3536435370047806


epsilon: 4.0

m: 6.714285714285714

n: 26.142857142857142

Residual: 0.3778646811592486


epsilon: 4.0

m: 6.714285714285714

n: 30.857142857142858

Residual: 0.3924030455790107


epsilon: 4.0

m: 6.714285714285714

n: 35.57142857142857

Residual: 0.4158822213476217


epsilon: 4.0

m: 6.714285714285714

n: 40.285714285714285

Residual: 0.4277956795364777


epsilon: 4.0

m: 6.714285714285714

n: 45.0

Residual: 0.4403579566071894


epsilon: 4.0

m: 7.0

n: 12.0

Residual: 0.35574578970420456


epsilon: 4.0

m: 7.0

n: 16.714285714285715

Residual: 0.37090875636197845


epsilon: 4.0

m: 7.0

n: 21.42857142857143

Residual: 0.40165643318962196


epsilon: 4.0

m: 7.0

n: 26.142857142857142

Residual: 0.42785727645664595


epsilon: 4.0

m: 7.0

n: 30.857142857142858

Residual: 0.4513046968361076


epsilon: 4.0

m: 7.0

n: 35.57142857142857

Residual: 0.47262468451173745


epsilon: 4.0

m: 7.0

n: 40.285714285714285

Residual: 0.49288612408451393


epsilon: 4.0

m: 7.0

n: 45.0

Residual: 0.5145921483086087


