epsilon: 2.0

m: 5.0

n: 40.285714285714285

Residual: 0.07106183284767781


epsilon: 2.1

m: 5.0

n: 40.285714285714285

Residual: 0.08405980879086648


epsilon: 2.0

m: 5.25

n: 40.285714285714285

Residual: 0.48326844939419195


epsilon: 2.0

m: 5.0

n: 42.300000000000004

Residual: 0.08510928212599647


epsilon: 2.0666666666666664

m: 4.75

n: 41.628571428571426

Residual: 0.5233710615858819


epsilon: 2.0166666666666666

m: 5.125

n: 40.62142857142857

Residual: 0.25212347566346144


epsilon: 2.05

m: 4.875

n: 41.292857142857144

Residual: 0.2588595856802501


epsilon: 2.025

m: 5.0625

n: 40.78928571428571

Residual: 0.13170906274040162


epsilon: 2.0416666666666665

m: 4.9375

n: 41.125

Residual: 0.13327854528763253


epsilon: 2.029166666666667

m: 5.03125

n: 40.87321428571428

Residual: 0.08755328003666281


epsilon: 2.0374999999999996

m: 4.96875

n: 41.04107142857143

Residual: 0.0830234611649017


epsilon: 2.091666666666666

m: 4.979166666666666

n: 38.774999999999984

Residual: 0.11919135932715913


epsilon: 2.0229166666666663

m: 4.994791666666666

n: 41.41875

Residual: 0.06737334959510537


epsilon: 1.9402777777777769

m: 4.975694444444445

n: 41.54464285714287

Residual: 0.07727660629239745


epsilon: 1.9379629629629629

m: 5.011574074074074

n: 41.125000000000014

Residual: 0.11035625600068594


epsilon: 2.0126157407407406

m: 4.979456018518519

n: 41.06205357142858

Residual: 0.07037840780708392


epsilon: 2.0834104938271616

m: 5.007137345679013

n: 40.299702380952375

Residual: 0.07475738451621478


epsilon: 2.0476273148148154

m: 4.999276620370371

n: 40.610937500000006

Residual: 0.0715919240988181


epsilon: 1.976060956790123

m: 4.983555169753086

n: 41.23340773809524

Residual: 0.07658570825493968


epsilon: 2.029735725308642

m: 4.99534625771605

n: 40.76655505952381

Residual: 0.06734822584113682


epsilon: 2.0435120884773665

m: 4.979729295267489

n: 41.87919146825397

Residual: 0.07480988377579764


epsilon: 2.010878022119342

m: 4.994932323816872

n: 40.684083581349206

Residual: 0.06943917744114664


epsilon: 2.0297378686556926

m: 5.01059081361454

n: 40.850872189153435

Residual: 0.07194683749371761


epsilon: 2.0168962727194786

m: 4.987239717292525

n: 41.009258225859796

Residual: 0.07154206853840492


epsilon: 2.026326195987654

m: 4.9950689621913575

n: 41.09265252976191

Residual: 0.06665615916539372


epsilon: 2.020306873713992

m: 4.995139290766462

n: 40.72531932043651

Residual: 0.06794225906889709


epsilon: 2.021175733024691

m: 4.987401138117285

n: 40.914304315476194

Residual: 0.071954708235548


epsilon: 2.029736796982167

m: 5.002968535665294

n: 40.80871362433863

Residual: 0.06636705388330863


epsilon: 2.034017328960905

m: 5.010752234439298

n: 40.75591827876984

Residual: 0.069528441616275


epsilon: 2.0368922718049833

m: 5.0004498796153385

n: 41.05329482197972

Residual: 0.06845583910283229


epsilon: 2.0244532232367396

m: 4.996466937978681

n: 40.80731319582232

Residual: 0.06685335551526146


epsilon: 2.023941752162398

m: 5.000990032840838

n: 41.0392311737581

Residual: 0.06840803528185496


epsilon: 2.0282872320220813

m: 4.996757201497247

n: 40.83472408808238

Residual: 0.0690516890019521


epsilon: 2.0280314964849104

m: 4.999018748928326

n: 40.95068307705027

Residual: 0.06873153919138472


epsilon: 2.0270950101094534

m: 4.999717736821988

n: 40.80801341008048

Residual: 0.07242388594037491


epsilon: 2.0297362611454046

m: 4.999157396690672

n: 40.78763434193122

Residual: 0.06761942611891059


epsilon: 2.0312413596322014

m: 5.001045384034206

n: 40.89000728546628

Residual: 0.07007063688399605


epsilon: 2.0302047722515146

m: 5.000713472231151

n: 40.869508816619835

Residual: 0.06940367690050335


epsilon: 2.02813159749014

m: 5.000049648625042

n: 40.828511878926925

Residual: 0.06907146683525653


epsilon: 2.0286498911804838

m: 5.00021560452657

n: 40.83876111335016

Residual: 0.07406528019303177


epsilon: 2.029736529063786

m: 5.001062966177983

n: 40.79817398313493

Residual: 0.0665268554048399


epsilon: 2.028884146733539

m: 5.000993642296811

n: 40.879698350694454

Residual: 0.06750655926176719


epsilon: 2.029970784616841

m: 5.001841003948223

n: 40.83911122047923

Residual: 0.0677480640830534


epsilon: 2.0289341972361536

m: 5.001509092145169

n: 40.81861275163278

Residual: 0.06661052230656563


epsilon: 2.0300542021211996

m: 5.0027000870288205

n: 40.737301888709766

Residual: 0.06761099541417422


epsilon: 2.029176660580454

m: 5.001420253479813

n: 40.844099235198286

Residual: 0.06848272613582694


epsilon: 2.0297366630229767

m: 5.002015750921639

n: 40.80344380373678

Residual: 0.06700070915584279


epsilon: 2.0293354971091606

m: 5.002238813905231

n: 40.8136631879857

Residual: 0.06970527468209035


epsilon: 2.029310471857853

m: 5.0019810889810525

n: 40.844205987516546

Residual: 0.06711396678017702


epsilon: 2.0298537907995042

m: 5.002404769806759

n: 40.823912422408945

Residual: 0.06631177368854027


epsilon: 2.0301129376446756

m: 5.002487747757524

n: 40.82903703962056

Residual: 0.07156026365536748


epsilon: 2.030241028678579

m: 5.002944948614742

n: 40.77984057947303

Residual: 0.07071036572561713


epsilon: 2.0295431110630346

m: 5.002222053889475

n: 40.82811463550567

Residual: 0.06785469477139512


epsilon: 2.0297952938908357

m: 5.002686652736027

n: 40.81631302337379

Residual: 0.06883393508225324


epsilon: 2.0297952269112405

m: 5.002210260364199

n: 40.81367811307287

Residual: 0.06813266160846412


epsilon: 2.0295821313286786

m: 5.002192929393906

n: 40.83405920496274

Residual: 0.06868628299643036


epsilon: 2.029692138802114

m: 5.001851986973882

n: 40.831453470255916

Residual: 0.06814356614777341


epsilon: 2.0299786396798942

m: 5.00211841536932

n: 40.81197013219575

Residual: 0.06668037842527604


epsilon: 2.030059632791645

m: 5.002636976719638

n: 40.80158697486247

Residual: 0.0724583990377782


epsilon: 2.029784012299497

m: 5.002048234410321

n: 40.82398684640755

Residual: 0.06724446432907001


epsilon: 2.0299490682746897

m: 5.002170686026734

n: 40.8262348209353

Residual: 0.06888529356751823


epsilon: 2.029833687252103

m: 5.002200366779833

n: 40.81681729003847

Residual: 0.06684643788326561


epsilon: 2.029993399521503

m: 5.002434133560287

n: 40.81114638335457

Residual: 0.07236146723122483


epsilon: 2.0298363591049986

m: 5.002144709197813

n: 40.820776730644305

Residual: 0.07198529047504891


epsilon: 2.029916215239699

m: 5.00226159258804

n: 40.81794127730235

Residual: 0.06664339065213094


epsilon: 2.0298437390258037

m: 5.002302568293296

n: 40.820364856223705

Residual: 0.06881820156590424


epsilon: 2.0298189015495005

m: 5.00222650210854

n: 40.82394963440825

Residual: 0.06769179824308033


epsilon: 2.029882199366665

m: 5.00229267470893

n: 40.82350403318934

Residual: 0.06792257803420183


epsilon: 2.02987258428145

m: 5.002295148105022

n: 40.822719238947926

Residual: 0.06756472866932271


epsilon: 2.0299428253309353

m: 5.002414504891341

n: 40.81909899136457

Residual: 0.06967372646478014


epsilon: 2.029849882494859

m: 5.00227350280424

n: 40.82273697364733

Residual: 0.0715933374175331


epsilon: 2.0298850030196016

m: 5.0023331811973994

n: 40.82092684985565

Residual: 0.07155061020224332


epsilon: 2.029863187540477

m: 5.00234995895589

n: 40.82331583067844

Residual: 0.06850907884345214


epsilon: 2.0298363461745024

m: 5.0023156359576495

n: 40.823931028408595

Residual: 0.06892941475811733


epsilon: 2.029817213323387

m: 5.0023803952828

n: 40.82651267114166

Residual: 0.06820233040889333


epsilon: 2.02985311493441

m: 5.002441113405982

n: 40.825229587744104

Residual: 0.06680533968335524


epsilon: 2.0298195584977243

m: 5.002467560041137

n: 40.82712062351803

Residual: 0.06700462302707547


epsilon: 2.0298670961643728

m: 5.002495233553119

n: 40.82432908463906

Residual: 0.06706323623209855


epsilon: 2.029854625454126

m: 5.0024665239855395

n: 40.824874981264706

Residual: 0.07002997911236605


epsilon: 2.0298534528669574

m: 5.002422941606371

n: 40.82457100507652

Residual: 0.06790473031600222


epsilon: 2.0298366746486143

m: 5.002436164923948

n: 40.82551652296348

Residual: 0.07397667034063758


epsilon: 2.0298355020614456

m: 5.002392582544779

n: 40.825212546775305

Residual: 0.071367018658399


epsilon: 2.029858489169991

m: 5.002377364381324

n: 40.8236141265437

Residual: 0.0681702607645014


epsilon: 2.0298749864961896

m: 5.00241080131819

n: 40.82285248924414

Residual: 0.06976938239729942


epsilon: 2.029865115387504

m: 5.002406246624837

n: 40.823442503626936

Residual: 0.073914157651251


epsilon: 2.029853621833231

m: 5.002413855706565

n: 40.82424171374274

Residual: 0.0695812773472279


epsilon: 2.029856139984748

m: 5.002391067094042

n: 40.82376327447632

Residual: 0.06833843880041032


epsilon: 2.029844646430475

m: 5.002398676175769

n: 40.82456248459212

Residual: 0.06683658035107247


epsilon: 2.0298494296432543

m: 5.002382486344481

n: 40.823917073908845

Residual: 0.06938089738876607


epsilon: 2.029850477690748

m: 5.002390328685003

n: 40.823998233867314

Residual: 0.07293475823458032


epsilon: 2.0298492186149897

m: 5.002401722991264

n: 40.82423745350053

Residual: 0.07009007283690033


epsilon: 2.029854965392126

m: 5.0023979184504

n: 40.823837848442636

Residual: 0.07365866671410659


epsilon: 2.0298537063163673

m: 5.002409312756662

n: 40.82407706807584

Residual: 0.07137880803495969


epsilon: 2.0298495117617814

m: 5.002412618586057

n: 40.82431344754757

Residual: 0.0696202578413805


epsilon: 2.029847974467816

m: 5.002403428166058

n: 40.82423181422887

Residual: 0.0702484481443107


epsilon: 2.029849407429954

m: 5.002404899313709

n: 40.824193127690606

Residual: 0.07252102657596195


epsilon: 2.0298516512806426

m: 5.002408694196408

n: 40.82411293497826

Residual: 0.07044359521353351


epsilon: 2.029851504707247

m: 5.002403246399012

n: 40.824074937954734

Residual: 0.0688493488141038


epsilon: 2.0298537485579358

m: 5.00240704128171

n: 40.82399474524239

Residual: 0.06980609747682395


epsilon: 2.0298543780958154

m: 5.002401344128581

n: 40.823875135425794

Residual: 0.06977778778837837


epsilon: 2.0298527005104416

m: 5.002399198941191

n: 40.82391358528393

Residual: 0.07217607839127252


epsilon: 2.0298534865460622

m: 5.0024050806965805

n: 40.823974455252774

Residual: 0.06859281710563662


epsilon: 2.0298514766060602

m: 5.0024073871396535

n: 40.8240994083185

Residual: 0.06697211912760553


epsilon: 2.029854331260504

m: 5.002408245362985

n: 40.82391591936542

Residual: 0.07192313839717654


epsilon: 2.0298522113455615

m: 5.002404496140005

n: 40.8240351833074

Residual: 0.06740619966514702


epsilon: 2.0298514992880214

m: 5.00240602136103

n: 40.82405688743713

Residual: 0.06752514880043038


epsilon: 2.0298519961025314

m: 5.0024057861949185

n: 40.82403627939104

Residual: 0.06628867101585978


epsilon: 2.0298526309931697

m: 5.002407465954216

n: 40.82399689010492

Residual: 0.07105928046296478


epsilon: 2.0298523162574638

m: 5.002405238593558

n: 40.824025610006785

Residual: 0.06661723560061283


epsilon: 2.029853925500273

m: 5.002403142590504

n: 40.82388346621934

Residual: 0.06686124450720352


epsilon: 2.02985331327672

m: 5.002404203727791

n: 40.823937451744136

Residual: 0.06689436504533808


epsilon: 2.029852893451018

m: 5.002405278000839

n: 40.82397435089999

Residual: 0.07134028921422568


epsilon: 2.029852156179998

m: 5.002405512394239

n: 40.82403094469891

Residual: 0.0716892229412761


epsilon: 2.0298517363542956

m: 5.002406586667286

n: 40.82406784385477

Residual: 0.06807426748669773


epsilon: 2.0298522610918983

m: 5.0024062548477914

n: 40.824021371398295

Residual: 0.06729663044643093


epsilon: 2.0298511022481316

m: 5.002407140472491

n: 40.824109312196086

Residual: 0.06731570109184878


epsilon: 2.0298518366074116

m: 5.002406201009514

n: 40.824043464802166

Residual: 0.0664593786392342


epsilon: 2.029852960286429

m: 5.002405020895657

n: 40.82395809819825

Residual: 0.06840140825983636


epsilon: 2.029851566757706

m: 5.002406610578283

n: 40.824071508696626

Residual: 0.06881544238634488


epsilon: 2.0298519163549713

m: 5.002405993602216

n: 40.824039872096606

Residual: 0.07405060549433769


epsilon: 2.0298521285972146

m: 5.002406020521355

n: 40.82402882539466

Residual: 0.0671791001934871


epsilon: 2.0298515491753317

m: 5.002406463333704

n: 40.82407279579356

Residual: 0.06903874224575889


epsilon: 2.0298518662284133

m: 5.002406186431101

n: 40.82405206162291

Residual: 0.06887407224938932


epsilon: 2.0298524447767745

m: 5.002405532097878

n: 40.824005315145506

Residual: 0.06817593081717904


Warning: Maximum number of iterations has been exceeded.
m: 5.002405532097878

epsilon: 2.0298524447767745

sigma: 0.8

n: 40.824005315145506

Residual: 0.06876173752096004
