n: 12.0

epsilon: 0.1

m: 5.0

Residual: 0.189430361764394


n: 12.0

epsilon: 0.1

m: 5.0

Residual: 0.18857669376284444


n: 12.0

epsilon: 0.1

m: 5.285714285714286

Residual: 0.2233986217217109


n: 12.0

epsilon: 0.1

m: 5.571428571428571

Residual: 0.2733891388190464


n: 12.0

epsilon: 0.1

m: 5.857142857142857

Residual: 0.31837565493241216


n: 12.0

epsilon: 0.1

m: 6.142857142857142

Residual: 0.3605760856387667


n: 12.0

epsilon: 0.1

m: 6.428571428571429

Residual: 0.3973289350981852


n: 12.0

epsilon: 0.1

m: 6.714285714285714

Residual: 0.4268582172577915


n: 12.0

epsilon: 0.1

m: 7.0

Residual: 0.4625547496942118


n: 12.0

epsilon: 0.2285714285714286

m: 5.0

Residual: 0.24308593160270386


n: 12.0

epsilon: 0.2285714285714286

m: 5.285714285714286

Residual: 0.19466031386266083


n: 12.0

epsilon: 0.2285714285714286

m: 5.571428571428571

Residual: 0.15352097768280187


n: 12.0

epsilon: 0.2285714285714286

m: 5.857142857142857

Residual: 0.11699586832070066


n: 12.0

epsilon: 0.2285714285714286

m: 6.142857142857142

Residual: 0.08865183723674507


n: 12.0

epsilon: 0.2285714285714286

m: 6.428571428571429

Residual: 0.06953319705478042


n: 12.0

epsilon: 0.2285714285714286

m: 6.714285714285714

Residual: 0.05768526515494777


n: 12.0

epsilon: 0.2285714285714286

m: 7.0

Residual: 0.08338578760775708


n: 12.0

epsilon: 0.3571428571428572

m: 5.0

Residual: 0.4357099904006471


n: 12.0

epsilon: 0.3571428571428572

m: 5.285714285714286

Residual: 0.3884494532158571


n: 12.0

epsilon: 0.3571428571428572

m: 5.571428571428571

Residual: 0.3423241272604864


n: 12.0

epsilon: 0.3571428571428572

m: 5.857142857142857

Residual: 0.3001989848160981


n: 12.0

epsilon: 0.3571428571428572

m: 6.142857142857142

Residual: 0.2527682862394418


n: 12.0

epsilon: 0.3571428571428572

m: 6.428571428571429

Residual: 0.21394501606287625


n: 12.0

epsilon: 0.3571428571428572

m: 6.714285714285714

Residual: 0.17698764994109126


n: 12.0

epsilon: 0.3571428571428572

m: 7.0

Residual: 0.137246453596908


n: 12.0

epsilon: 0.48571428571428577

m: 5.0

Residual: 0.5527874736611784


n: 12.0

epsilon: 0.48571428571428577

m: 5.285714285714286

Residual: 0.5108120467862232


n: 12.0

epsilon: 0.48571428571428577

m: 5.571428571428571

Residual: 0.46969782512456554


n: 12.0

epsilon: 0.48571428571428577

m: 5.857142857142857

Residual: 0.4293409209525487


n: 12.0

epsilon: 0.48571428571428577

m: 6.142857142857142

Residual: 0.390351560624751


n: 12.0

epsilon: 0.48571428571428577

m: 6.428571428571429

Residual: 0.35413756947643693


n: 12.0

epsilon: 0.48571428571428577

m: 6.714285714285714

Residual: 0.3191512553802648


n: 12.0

epsilon: 0.48571428571428577

m: 7.0

Residual: 0.2846914862148355


n: 12.0

epsilon: 0.6142857142857143

m: 5.0

Residual: 0.6285490687331797


n: 12.0

epsilon: 0.6142857142857143

m: 5.285714285714286

Residual: 0.5916648123672946


n: 12.0

epsilon: 0.6142857142857143

m: 5.571428571428571

Residual: 0.556104476508148


n: 12.0

epsilon: 0.6142857142857143

m: 5.857142857142857

Residual: 0.521480559741657


n: 12.0

epsilon: 0.6142857142857143

m: 6.142857142857142

Residual: 0.4877636597289492


n: 12.0

epsilon: 0.6142857142857143

m: 6.428571428571429

Residual: 0.45160096554665224


n: 12.0

epsilon: 0.6142857142857143

m: 6.714285714285714

Residual: 0.4215495039803977


n: 12.0

epsilon: 0.6142857142857143

m: 7.0

Residual: 0.3881728053205013


n: 12.0

epsilon: 0.7428571428571429

m: 5.0

Residual: 0.6825255901674023


n: 12.0

epsilon: 0.7428571428571429

m: 5.285714285714286

Residual: 0.6508587343454915


n: 12.0

epsilon: 0.7428571428571429

m: 5.571428571428571

Residual: 0.6178125751676625


n: 12.0

epsilon: 0.7428571428571429

m: 5.857142857142857

Residual: 0.5872040324655772


n: 12.0

epsilon: 0.7428571428571429

m: 6.142857142857142

Residual: 0.5544856015587756


n: 12.0

epsilon: 0.7428571428571429

m: 6.428571428571429

Residual: 0.5250532306080896


n: 12.0

epsilon: 0.7428571428571429

m: 6.714285714285714

Residual: 0.49714903030334123


n: 12.0

epsilon: 0.7428571428571429

m: 7.0

Residual: 0.46372504055447955


n: 12.0

epsilon: 0.8714285714285716

m: 5.0

Residual: 0.7226007997159174


n: 12.0

epsilon: 0.8714285714285716

m: 5.285714285714286

Residual: 0.6943056604449349


n: 12.0

epsilon: 0.8714285714285716

m: 5.571428571428571

Residual: 0.6652019894327621


n: 12.0

epsilon: 0.8714285714285716

m: 5.857142857142857

Residual: 0.6378916959940995


n: 12.0

epsilon: 0.8714285714285716

m: 6.142857142857142

Residual: 0.609280542661014


n: 12.0

epsilon: 0.8714285714285716

m: 6.428571428571429

Residual: 0.5812757310073667


n: 12.0

epsilon: 0.8714285714285716

m: 6.714285714285714

Residual: 0.5526503641931437


n: 12.0

epsilon: 0.8714285714285716

m: 7.0

Residual: 0.5278165803457427


n: 12.0

epsilon: 1.0000000000000002

m: 5.0

Residual: 0.7544724482003461


n: 12.0

epsilon: 1.0000000000000002

m: 5.285714285714286

Residual: 0.7283540132245483


n: 12.0

epsilon: 1.0000000000000002

m: 5.571428571428571

Residual: 0.7019318683429635


n: 12.0

epsilon: 1.0000000000000002

m: 5.857142857142857

Residual: 0.6751665198524605


n: 12.0

epsilon: 1.0000000000000002

m: 6.142857142857142

Residual: 0.6498826667195367


n: 12.0

epsilon: 1.0000000000000002

m: 6.428571428571429

Residual: 0.6249317821887879


n: 12.0

epsilon: 1.0000000000000002

m: 6.714285714285714

Residual: 0.5987471404927235


n: 12.0

epsilon: 1.0000000000000002

m: 7.0

Residual: 0.5739640717557214


n: 16.714285714285715

epsilon: 0.1

m: 5.0

Residual: 0.28016987560006246


n: 16.714285714285715

epsilon: 0.1

m: 5.285714285714286

Residual: 0.3370927373831882


n: 16.714285714285715

epsilon: 0.1

m: 5.571428571428571

Residual: 0.3866533091338832


n: 16.714285714285715

epsilon: 0.1

m: 5.857142857142857

Residual: 0.43210612618749267


n: 16.714285714285715

epsilon: 0.1

m: 6.142857142857142

Residual: 0.4695588380611561


n: 16.714285714285715

epsilon: 0.1

m: 6.428571428571429

Residual: 0.5052512956743148


n: 16.714285714285715

epsilon: 0.1

m: 6.714285714285714

Residual: 0.5392670723644256


n: 16.714285714285715

epsilon: 0.1

m: 7.0

Residual: 0.5673406306982358


n: 16.714285714285715

epsilon: 0.2285714285714286

m: 5.0

Residual: 0.15208286221063713


n: 16.714285714285715

epsilon: 0.2285714285714286

m: 5.285714285714286

Residual: 0.11461956916538481


n: 16.714285714285715

epsilon: 0.2285714285714286

m: 5.571428571428571

Residual: 0.0857154406020203


n: 16.714285714285715

epsilon: 0.2285714285714286

m: 5.857142857142857

Residual: 0.07746235118616478


n: 16.714285714285715

epsilon: 0.2285714285714286

m: 6.142857142857142

Residual: 0.09841915502456329


n: 16.714285714285715

epsilon: 0.2285714285714286

m: 6.428571428571429

Residual: 0.1430951582598295


n: 16.714285714285715

epsilon: 0.2285714285714286

m: 6.714285714285714

Residual: 0.18951073214063419


n: 16.714285714285715

epsilon: 0.2285714285714286

m: 7.0

Residual: 0.22739234507105238


n: 16.714285714285715

epsilon: 0.3571428571428572

m: 5.0

Residual: 0.33639655140134517


n: 16.714285714285715

epsilon: 0.3571428571428572

m: 5.285714285714286

Residual: 0.28021775116822684


n: 16.714285714285715

epsilon: 0.3571428571428572

m: 5.571428571428571

Residual: 0.22364754919846436


n: 16.714285714285715

epsilon: 0.3571428571428572

m: 5.857142857142857

Residual: 0.17194106824764513


n: 16.714285714285715

epsilon: 0.3571428571428572

m: 6.142857142857142

Residual: 0.12426075025406098


n: 16.714285714285715

epsilon: 0.3571428571428572

m: 6.428571428571429

Residual: 0.08232596338427846


n: 16.714285714285715

epsilon: 0.3571428571428572

m: 6.714285714285714

Residual: 0.04765951199700438


n: 16.714285714285715

epsilon: 0.3571428571428572

m: 7.0

Residual: 0.030470306311117714


n: 16.714285714285715

epsilon: 0.48571428571428577

m: 5.0

Residual: 0.46436389611593565


n: 16.714285714285715

epsilon: 0.48571428571428577

m: 5.285714285714286

Residual: 0.41323623820414773


n: 16.714285714285715

epsilon: 0.48571428571428577

m: 5.571428571428571

Residual: 0.36260707877228326


n: 16.714285714285715

epsilon: 0.48571428571428577

m: 5.857142857142857

Residual: 0.3173925261268652


n: 16.714285714285715

epsilon: 0.48571428571428577

m: 6.142857142857142

Residual: 0.2752036741987961


n: 16.714285714285715

epsilon: 0.48571428571428577

m: 6.428571428571429

Residual: 0.22362582092998032


n: 16.714285714285715

epsilon: 0.48571428571428577

m: 6.714285714285714

Residual: 0.18699718198913517


n: 16.714285714285715

epsilon: 0.48571428571428577

m: 7.0

Residual: 0.13983235544834144


n: 16.714285714285715

epsilon: 0.6142857142857143

m: 5.0

Residual: 0.5514351281499869


n: 16.714285714285715

epsilon: 0.6142857142857143

m: 5.285714285714286

Residual: 0.5081230874272591


n: 16.714285714285715

epsilon: 0.6142857142857143

m: 5.571428571428571

Residual: 0.46227368262633917


n: 16.714285714285715

epsilon: 0.6142857142857143

m: 5.857142857142857

Residual: 0.42162838599722857


n: 16.714285714285715

epsilon: 0.6142857142857143

m: 6.142857142857142

Residual: 0.3753906590114854


n: 16.714285714285715

epsilon: 0.6142857142857143

m: 6.428571428571429

Residual: 0.32990173579364346


n: 16.714285714285715

epsilon: 0.6142857142857143

m: 6.714285714285714

Residual: 0.29791955282582655


n: 16.714285714285715

epsilon: 0.6142857142857143

m: 7.0

Residual: 0.2585321760301769


n: 16.714285714285715

epsilon: 0.7428571428571429

m: 5.0

Residual: 0.6148466905461935


n: 16.714285714285715

epsilon: 0.7428571428571429

m: 5.285714285714286

Residual: 0.5742780682366426


n: 16.714285714285715

epsilon: 0.7428571428571429

m: 5.571428571428571

Residual: 0.5329778827899285


n: 16.714285714285715

epsilon: 0.7428571428571429

m: 5.857142857142857

Residual: 0.49457240373674355


n: 16.714285714285715

epsilon: 0.7428571428571429

m: 6.142857142857142

Residual: 0.45427863781607075


n: 16.714285714285715

epsilon: 0.7428571428571429

m: 6.428571428571429

Residual: 0.41396390900514823


n: 16.714285714285715

epsilon: 0.7428571428571429

m: 6.714285714285714

Residual: 0.3779710343994513


n: 16.714285714285715

epsilon: 0.7428571428571429

m: 7.0

Residual: 0.33768475678217896


n: 16.714285714285715

epsilon: 0.8714285714285716

m: 5.0

Residual: 0.6608926671233507


n: 16.714285714285715

epsilon: 0.8714285714285716

m: 5.285714285714286

Residual: 0.6229343461079573


n: 16.714285714285715

epsilon: 0.8714285714285716

m: 5.571428571428571

Residual: 0.5875536200400111


n: 16.714285714285715

epsilon: 0.8714285714285716

m: 5.857142857142857

Residual: 0.551455110036153


n: 16.714285714285715

epsilon: 0.8714285714285716

m: 6.142857142857142

Residual: 0.5121157332866046


n: 16.714285714285715

epsilon: 0.8714285714285716

m: 6.428571428571429

Residual: 0.4815822017502036


n: 16.714285714285715

epsilon: 0.8714285714285716

m: 6.714285714285714

Residual: 0.4472020515734716


n: 16.714285714285715

epsilon: 0.8714285714285716

m: 7.0

Residual: 0.4092515672088218


n: 16.714285714285715

epsilon: 1.0000000000000002

m: 5.0

Residual: 0.6984431659703165


n: 16.714285714285715

epsilon: 1.0000000000000002

m: 5.285714285714286

Residual: 0.6647875144392997


n: 16.714285714285715

epsilon: 1.0000000000000002

m: 5.571428571428571

Residual: 0.6298601517765734


n: 16.714285714285715

epsilon: 1.0000000000000002

m: 5.857142857142857

Residual: 0.5968470316344302


n: 16.714285714285715

epsilon: 1.0000000000000002

m: 6.142857142857142

Residual: 0.5622644356730822


n: 16.714285714285715

epsilon: 1.0000000000000002

m: 6.428571428571429

Residual: 0.5326824161057733


n: 16.714285714285715

epsilon: 1.0000000000000002

m: 6.714285714285714

Residual: 0.49879290388525643


n: 16.714285714285715

epsilon: 1.0000000000000002

m: 7.0

Residual: 0.4649281924589046


n: 21.42857142857143

epsilon: 0.1

m: 5.0

Residual: 0.3434197526612825


n: 21.42857142857143

epsilon: 0.1

m: 5.285714285714286

Residual: 0.4002634723396092


n: 21.42857142857143

epsilon: 0.1

m: 5.571428571428571

Residual: 0.4487523833818877


n: 21.42857142857143

epsilon: 0.1

m: 5.857142857142857

Residual: 0.4935087327335931


n: 21.42857142857143

epsilon: 0.1

m: 6.142857142857142

Residual: 0.5341653580188388


n: 21.42857142857143

epsilon: 0.1

m: 6.428571428571429

Residual: 0.5652152664791531


n: 21.42857142857143

epsilon: 0.1

m: 6.714285714285714

Residual: 0.5991502625851782


n: 21.42857142857143

epsilon: 0.1

m: 7.0

Residual: 0.6313352083615237


n: 21.42857142857143

epsilon: 0.2285714285714286

m: 5.0

Residual: 0.11416077676697127


n: 21.42857142857143

epsilon: 0.2285714285714286

m: 5.285714285714286

Residual: 0.09390483410302901


n: 21.42857142857143

epsilon: 0.2285714285714286

m: 5.571428571428571

Residual: 0.09565508984144191


n: 21.42857142857143

epsilon: 0.2285714285714286

m: 5.857142857142857

Residual: 0.1262327332468293


n: 21.42857142857143

epsilon: 0.2285714285714286

m: 6.142857142857142

Residual: 0.1778108296591409


n: 21.42857142857143

epsilon: 0.2285714285714286

m: 6.428571428571429

Residual: 0.22178697393378888


n: 21.42857142857143

epsilon: 0.2285714285714286

m: 6.714285714285714

Residual: 0.270703388863495


n: 21.42857142857143

epsilon: 0.2285714285714286

m: 7.0

Residual: 0.3111330870697515


n: 21.42857142857143

epsilon: 0.3571428571428572

m: 5.0

Residual: 0.27186374836780397


n: 21.42857142857143

epsilon: 0.3571428571428572

m: 5.285714285714286

Residual: 0.20933115877340247


n: 21.42857142857143

epsilon: 0.3571428571428572

m: 5.571428571428571

Residual: 0.15186165378847857


n: 21.42857142857143

epsilon: 0.3571428571428572

m: 5.857142857142857

Residual: 0.10055515455078767


n: 21.42857142857143

epsilon: 0.3571428571428572

m: 6.142857142857142

Residual: 0.054091872568736786


n: 21.42857142857143

epsilon: 0.3571428571428572

m: 6.428571428571429

Residual: 0.027253405590043828


n: 21.42857142857143

epsilon: 0.3571428571428572

m: 6.714285714285714

Residual: 0.05811441893247145


n: 21.42857142857143

epsilon: 0.3571428571428572

m: 7.0

Residual: 0.09692128375624696


n: 21.42857142857143

epsilon: 0.48571428571428577

m: 5.0

Residual: 0.40740056028674615


n: 21.42857142857143

epsilon: 0.48571428571428577

m: 5.285714285714286

Residual: 0.3494063622351528


n: 21.42857142857143

epsilon: 0.48571428571428577

m: 5.571428571428571

Residual: 0.2977909363891262


n: 21.42857142857143

epsilon: 0.48571428571428577

m: 5.857142857142857

Residual: 0.24486487124925319


n: 21.42857142857143

epsilon: 0.48571428571428577

m: 6.142857142857142

Residual: 0.1935917736934078


n: 21.42857142857143

epsilon: 0.48571428571428577

m: 6.428571428571429

Residual: 0.14371478882613897


n: 21.42857142857143

epsilon: 0.48571428571428577

m: 6.714285714285714

Residual: 0.09901359185140678


n: 21.42857142857143

epsilon: 0.48571428571428577

m: 7.0

Residual: 0.059632162607051446


n: 21.42857142857143

epsilon: 0.6142857142857143

m: 5.0

Residual: 0.5006650538370234


n: 21.42857142857143

epsilon: 0.6142857142857143

m: 5.285714285714286

Residual: 0.44494212444231884


n: 21.42857142857143

epsilon: 0.6142857142857143

m: 5.571428571428571

Residual: 0.39909202780228215


n: 21.42857142857143

epsilon: 0.6142857142857143

m: 5.857142857142857

Residual: 0.35204040624852123


n: 21.42857142857143

epsilon: 0.6142857142857143

m: 6.142857142857142

Residual: 0.3014953856684482


n: 21.42857142857143

epsilon: 0.6142857142857143

m: 6.428571428571429

Residual: 0.2575061365376731


n: 21.42857142857143

epsilon: 0.6142857142857143

m: 6.714285714285714

Residual: 0.2194606505800264


n: 21.42857142857143

epsilon: 0.6142857142857143

m: 7.0

Residual: 0.16676945293653203


n: 21.42857142857143

epsilon: 0.7428571428571429

m: 5.0

Residual: 0.5683472380728152


n: 21.42857142857143

epsilon: 0.7428571428571429

m: 5.285714285714286

Residual: 0.5209517513165967


n: 21.42857142857143

epsilon: 0.7428571428571429

m: 5.571428571428571

Residual: 0.47586576293177113


n: 21.42857142857143

epsilon: 0.7428571428571429

m: 5.857142857142857

Residual: 0.4313540017593684


n: 21.42857142857143

epsilon: 0.7428571428571429

m: 6.142857142857142

Residual: 0.3872340070431278


n: 21.42857142857143

epsilon: 0.7428571428571429

m: 6.428571428571429

Residual: 0.3496662921083336


n: 21.42857142857143

epsilon: 0.7428571428571429

m: 6.714285714285714

Residual: 0.3043158399316117


n: 21.42857142857143

epsilon: 0.7428571428571429

m: 7.0

Residual: 0.2653005382370844


n: 21.42857142857143

epsilon: 0.8714285714285716

m: 5.0

Residual: 0.6177438920089848


n: 21.42857142857143

epsilon: 0.8714285714285716

m: 5.285714285714286

Residual: 0.5777534966853427


n: 21.42857142857143

epsilon: 0.8714285714285716

m: 5.571428571428571

Residual: 0.5358787188060552


n: 21.42857142857143

epsilon: 0.8714285714285716

m: 5.857142857142857

Residual: 0.4981196431913976


n: 21.42857142857143

epsilon: 0.8714285714285716

m: 6.142857142857142

Residual: 0.4536746305817358


n: 21.42857142857143

epsilon: 0.8714285714285716

m: 6.428571428571429

Residual: 0.4096596439520229


n: 21.42857142857143

epsilon: 0.8714285714285716

m: 6.714285714285714

Residual: 0.36657719060324623


n: 21.42857142857143

epsilon: 0.8714285714285716

m: 7.0

Residual: 0.3305883580398422


n: 21.42857142857143

epsilon: 1.0000000000000002

m: 5.0

Residual: 0.6597094421009078


n: 21.42857142857143

epsilon: 1.0000000000000002

m: 5.285714285714286

Residual: 0.6207029088488426


n: 21.42857142857143

epsilon: 1.0000000000000002

m: 5.571428571428571

Residual: 0.5832246220103982


n: 21.42857142857143

epsilon: 1.0000000000000002

m: 5.857142857142857

Residual: 0.5460487787976505


n: 21.42857142857143

epsilon: 1.0000000000000002

m: 6.142857142857142

Residual: 0.5062227720303432


n: 21.42857142857143

epsilon: 1.0000000000000002

m: 6.428571428571429

Residual: 0.4673556967751381


n: 21.42857142857143

epsilon: 1.0000000000000002

m: 6.714285714285714

Residual: 0.4296106010607557


n: 21.42857142857143

epsilon: 1.0000000000000002

m: 7.0

Residual: 0.39112428336938226


n: 26.142857142857142

epsilon: 0.1

m: 5.0

Residual: 0.38576093291938074


n: 26.142857142857142

epsilon: 0.1

m: 5.285714285714286

Residual: 0.44062844139388324


n: 26.142857142857142

epsilon: 0.1

m: 5.571428571428571

Residual: 0.49173059269200325


n: 26.142857142857142

epsilon: 0.1

m: 5.857142857142857

Residual: 0.5335810229789802


n: 26.142857142857142

epsilon: 0.1

m: 6.142857142857142

Residual: 0.5724657897896905


n: 26.142857142857142

epsilon: 0.1

m: 6.428571428571429

Residual: 0.6058459576970849


n: 26.142857142857142

epsilon: 0.1

m: 6.714285714285714

Residual: 0.6398174798044061


n: 26.142857142857142

epsilon: 0.1

m: 7.0

Residual: 0.6602210827211182


n: 26.142857142857142

epsilon: 0.2285714285714286

m: 5.0

Residual: 0.10587969083677844


n: 26.142857142857142

epsilon: 0.2285714285714286

m: 5.285714285714286

Residual: 0.10256770721516664


n: 26.142857142857142

epsilon: 0.2285714285714286

m: 5.571428571428571

Residual: 0.12429581786668363


n: 26.142857142857142

epsilon: 0.2285714285714286

m: 5.857142857142857

Residual: 0.17927959307026872


n: 26.142857142857142

epsilon: 0.2285714285714286

m: 6.142857142857142

Residual: 0.23608410386325124


n: 26.142857142857142

epsilon: 0.2285714285714286

m: 6.428571428571429

Residual: 0.2803782271363247


n: 26.142857142857142

epsilon: 0.2285714285714286

m: 6.714285714285714

Residual: 0.32767767312045026


n: 26.142857142857142

epsilon: 0.2285714285714286

m: 7.0

Residual: 0.36291885023445275


n: 26.142857142857142

epsilon: 0.3571428571428572

m: 5.0

Residual: 0.22519441094744613


n: 26.142857142857142

epsilon: 0.3571428571428572

m: 5.285714285714286

Residual: 0.15860380683352074


n: 26.142857142857142

epsilon: 0.3571428571428572

m: 5.571428571428571

Residual: 0.10489502753213185


n: 26.142857142857142

epsilon: 0.3571428571428572

m: 5.857142857142857

Residual: 0.06649614686957128


n: 26.142857142857142

epsilon: 0.3571428571428572

m: 6.142857142857142

Residual: 0.033783830090183986


n: 26.142857142857142

epsilon: 0.3571428571428572

m: 6.428571428571429

Residual: 0.06791844676945552


n: 26.142857142857142

epsilon: 0.3571428571428572

m: 6.714285714285714

Residual: 0.11690010058031106


n: 26.142857142857142

epsilon: 0.3571428571428572

m: 7.0

Residual: 0.15673833476074825


n: 26.142857142857142

epsilon: 0.48571428571428577

m: 5.0

Residual: 0.36716950461498155


n: 26.142857142857142

epsilon: 0.48571428571428577

m: 5.285714285714286

Residual: 0.3080995209993992


n: 26.142857142857142

epsilon: 0.48571428571428577

m: 5.571428571428571

Residual: 0.24889873192301812


n: 26.142857142857142

epsilon: 0.48571428571428577

m: 5.857142857142857

Residual: 0.194847656316922


n: 26.142857142857142

epsilon: 0.48571428571428577

m: 6.142857142857142

Residual: 0.1394754304086207


n: 26.142857142857142

epsilon: 0.48571428571428577

m: 6.428571428571429

Residual: 0.08284578181507879


n: 26.142857142857142

epsilon: 0.48571428571428577

m: 6.714285714285714

Residual: 0.04675074691115477


n: 26.142857142857142

epsilon: 0.48571428571428577

m: 7.0

Residual: 0.030724653217918795


n: 26.142857142857142

epsilon: 0.6142857142857143

m: 5.0

Residual: 0.46389348905844835


n: 26.142857142857142

epsilon: 0.6142857142857143

m: 5.285714285714286

Residual: 0.407439236807354


n: 26.142857142857142

epsilon: 0.6142857142857143

m: 5.571428571428571

Residual: 0.3553115693320988


n: 26.142857142857142

epsilon: 0.6142857142857143

m: 5.857142857142857

Residual: 0.3038826401724989


n: 26.142857142857142

epsilon: 0.6142857142857143

m: 6.142857142857142

Residual: 0.25543371059775144


n: 26.142857142857142

epsilon: 0.6142857142857143

m: 6.428571428571429

Residual: 0.2045087451573976


n: 26.142857142857142

epsilon: 0.6142857142857143

m: 6.714285714285714

Residual: 0.15485955355094388


n: 26.142857142857142

epsilon: 0.6142857142857143

m: 7.0

Residual: 0.10601130763616057


n: 26.142857142857142

epsilon: 0.7428571428571429

m: 5.0

Residual: 0.531882070344912


n: 26.142857142857142

epsilon: 0.7428571428571429

m: 5.285714285714286

Residual: 0.4841968236373862


n: 26.142857142857142

epsilon: 0.7428571428571429

m: 5.571428571428571

Residual: 0.43377563986917544


n: 26.142857142857142

epsilon: 0.7428571428571429

m: 5.857142857142857

Residual: 0.3825842546412615


n: 26.142857142857142

epsilon: 0.7428571428571429

m: 6.142857142857142

Residual: 0.33741445740704207


n: 26.142857142857142

epsilon: 0.7428571428571429

m: 6.428571428571429

Residual: 0.28671432588668494


n: 26.142857142857142

epsilon: 0.7428571428571429

m: 6.714285714285714

Residual: 0.24230188384739473


n: 26.142857142857142

epsilon: 0.7428571428571429

m: 7.0

Residual: 0.20952558618403153


n: 26.142857142857142

epsilon: 0.8714285714285716

m: 5.0

Residual: 0.5887437800083425


n: 26.142857142857142

epsilon: 0.8714285714285716

m: 5.285714285714286

Residual: 0.543851567587344


n: 26.142857142857142

epsilon: 0.8714285714285716

m: 5.571428571428571

Residual: 0.49726114979466035


n: 26.142857142857142

epsilon: 0.8714285714285716

m: 5.857142857142857

Residual: 0.45290517051692636


n: 26.142857142857142

epsilon: 0.8714285714285716

m: 6.142857142857142

Residual: 0.4086076758485237


n: 26.142857142857142

epsilon: 0.8714285714285716

m: 6.428571428571429

Residual: 0.36259830166511964


n: 26.142857142857142

epsilon: 0.8714285714285716

m: 6.714285714285714

Residual: 0.3163511833986921


n: 26.142857142857142

epsilon: 0.8714285714285716

m: 7.0

Residual: 0.277119925064514


n: 26.142857142857142

epsilon: 1.0000000000000002

m: 5.0

Residual: 0.6317496277893041


n: 26.142857142857142

epsilon: 1.0000000000000002

m: 5.285714285714286

Residual: 0.590813901860575


n: 26.142857142857142

epsilon: 1.0000000000000002

m: 5.571428571428571

Residual: 0.5482851113327677


n: 26.142857142857142

epsilon: 1.0000000000000002

m: 5.857142857142857

Residual: 0.5053359801792051


n: 26.142857142857142

epsilon: 1.0000000000000002

m: 6.142857142857142

Residual: 0.4602954525432647


n: 26.142857142857142

epsilon: 1.0000000000000002

m: 6.428571428571429

Residual: 0.42312693513412464


n: 26.142857142857142

epsilon: 1.0000000000000002

m: 6.714285714285714

Residual: 0.3823011212593333


n: 26.142857142857142

epsilon: 1.0000000000000002

m: 7.0

Residual: 0.33832017338808157


n: 30.857142857142858

epsilon: 0.1

m: 5.0

Residual: 0.41372333872123523


n: 30.857142857142858

epsilon: 0.1

m: 5.285714285714286

Residual: 0.4692499138958463


n: 30.857142857142858

epsilon: 0.1

m: 5.571428571428571

Residual: 0.5145490662488466


n: 30.857142857142858

epsilon: 0.1

m: 5.857142857142857

Residual: 0.56003762448585


n: 30.857142857142858

epsilon: 0.1

m: 6.142857142857142

Residual: 0.6006103639084773


n: 30.857142857142858

epsilon: 0.1

m: 6.428571428571429

Residual: 0.6300362400233717


n: 30.857142857142858

epsilon: 0.1

m: 6.714285714285714

Residual: 0.6605034623332665


n: 30.857142857142858

epsilon: 0.1

m: 7.0

Residual: 0.6862678162122133


n: 30.857142857142858

epsilon: 0.2285714285714286

m: 5.0

Residual: 0.1101602751883796


n: 30.857142857142858

epsilon: 0.2285714285714286

m: 5.285714285714286

Residual: 0.11668705607805241


n: 30.857142857142858

epsilon: 0.2285714285714286

m: 5.571428571428571

Residual: 0.15939306454066648


n: 30.857142857142858

epsilon: 0.2285714285714286

m: 5.857142857142857

Residual: 0.2187544548001307


n: 30.857142857142858

epsilon: 0.2285714285714286

m: 6.142857142857142

Residual: 0.2706028229277524


n: 30.857142857142858

epsilon: 0.2285714285714286

m: 6.428571428571429

Residual: 0.31922182087698386


n: 30.857142857142858

epsilon: 0.2285714285714286

m: 6.714285714285714

Residual: 0.36617992173033836


n: 30.857142857142858

epsilon: 0.2285714285714286

m: 7.0

Residual: 0.4027334714213748


n: 30.857142857142858

epsilon: 0.3571428571428572

m: 5.0

Residual: 0.19217443314888866


n: 30.857142857142858

epsilon: 0.3571428571428572

m: 5.285714285714286

Residual: 0.12819279057951


n: 30.857142857142858

epsilon: 0.3571428571428572

m: 5.571428571428571

Residual: 0.07773970636498158


n: 30.857142857142858

epsilon: 0.3571428571428572

m: 5.857142857142857

Residual: 0.04840724630958476


n: 30.857142857142858

epsilon: 0.3571428571428572

m: 6.142857142857142

Residual: 0.053791574011684114


n: 30.857142857142858

epsilon: 0.3571428571428572

m: 6.428571428571429

Residual: 0.10995813491688296


n: 30.857142857142858

epsilon: 0.3571428571428572

m: 6.714285714285714

Residual: 0.1515742267917462


n: 30.857142857142858

epsilon: 0.3571428571428572

m: 7.0

Residual: 0.20138923071461104


n: 30.857142857142858

epsilon: 0.48571428571428577

m: 5.0

Residual: 0.33328284905281574


n: 30.857142857142858

epsilon: 0.48571428571428577

m: 5.285714285714286

Residual: 0.26992792899192164


n: 30.857142857142858

epsilon: 0.48571428571428577

m: 5.571428571428571

Residual: 0.21131053319271279


n: 30.857142857142858

epsilon: 0.48571428571428577

m: 5.857142857142857

Residual: 0.15677861041486335


n: 30.857142857142858

epsilon: 0.48571428571428577

m: 6.142857142857142

Residual: 0.09786542899920304


n: 30.857142857142858

epsilon: 0.48571428571428577

m: 6.428571428571429

Residual: 0.048825754576302116


n: 30.857142857142858

epsilon: 0.48571428571428577

m: 6.714285714285714

Residual: 0.01870810498692765


n: 30.857142857142858

epsilon: 0.48571428571428577

m: 7.0

Residual: 0.047797038126804615


n: 30.857142857142858

epsilon: 0.6142857142857143

m: 5.0

Residual: 0.4346366968588255


n: 30.857142857142858

epsilon: 0.6142857142857143

m: 5.285714285714286

Residual: 0.3778327171243778


n: 30.857142857142858

epsilon: 0.6142857142857143

m: 5.571428571428571

Residual: 0.32079440899371714


n: 30.857142857142858

epsilon: 0.6142857142857143

m: 5.857142857142857

Residual: 0.26521412792250976


n: 30.857142857142858

epsilon: 0.6142857142857143

m: 6.142857142857142

Residual: 0.20850013714789528


n: 30.857142857142858

epsilon: 0.6142857142857143

m: 6.428571428571429

Residual: 0.16549540172114435


n: 30.857142857142858

epsilon: 0.6142857142857143

m: 6.714285714285714

Residual: 0.10276801838813263


n: 30.857142857142858

epsilon: 0.6142857142857143

m: 7.0

Residual: 0.06803740717714563


n: 30.857142857142858

epsilon: 0.7428571428571429

m: 5.0

Residual: 0.5073839497558759


n: 30.857142857142858

epsilon: 0.7428571428571429

m: 5.285714285714286

Residual: 0.4556497364394457


n: 30.857142857142858

epsilon: 0.7428571428571429

m: 5.571428571428571

Residual: 0.40543864813909225


n: 30.857142857142858

epsilon: 0.7428571428571429

m: 5.857142857142857

Residual: 0.35020576791038427


n: 30.857142857142858

epsilon: 0.7428571428571429

m: 6.142857142857142

Residual: 0.3032797334354214


n: 30.857142857142858

epsilon: 0.7428571428571429

m: 6.428571428571429

Residual: 0.25461798924530515


n: 30.857142857142858

epsilon: 0.7428571428571429

m: 6.714285714285714

Residual: 0.20425174772060936


n: 30.857142857142858

epsilon: 0.7428571428571429

m: 7.0

Residual: 0.16041625548335411


n: 30.857142857142858

epsilon: 0.8714285714285716

m: 5.0

Residual: 0.5666673114524347


n: 30.857142857142858

epsilon: 0.8714285714285716

m: 5.285714285714286

Residual: 0.5177116823260186


n: 30.857142857142858

epsilon: 0.8714285714285716

m: 5.571428571428571

Residual: 0.4682364459379288


n: 30.857142857142858

epsilon: 0.8714285714285716

m: 5.857142857142857

Residual: 0.41916406659787


n: 30.857142857142858

epsilon: 0.8714285714285716

m: 6.142857142857142

Residual: 0.37764140437407956


n: 30.857142857142858

epsilon: 0.8714285714285716

m: 6.428571428571429

Residual: 0.3275117982873362


n: 30.857142857142858

epsilon: 0.8714285714285716

m: 6.714285714285714

Residual: 0.2885241311309843


n: 30.857142857142858

epsilon: 0.8714285714285716

m: 7.0

Residual: 0.2397621200663471


n: 30.857142857142858

epsilon: 1.0000000000000002

m: 5.0

Residual: 0.611722124196923


n: 30.857142857142858

epsilon: 1.0000000000000002

m: 5.285714285714286

Residual: 0.5622912183987245


n: 30.857142857142858

epsilon: 1.0000000000000002

m: 5.571428571428571

Residual: 0.5225332329247041


n: 30.857142857142858

epsilon: 1.0000000000000002

m: 5.857142857142857

Residual: 0.4763949018149327


n: 30.857142857142858

epsilon: 1.0000000000000002

m: 6.142857142857142

Residual: 0.42756120259864683


n: 30.857142857142858

epsilon: 1.0000000000000002

m: 6.428571428571429

Residual: 0.38940620971641277


n: 30.857142857142858

epsilon: 1.0000000000000002

m: 6.714285714285714

Residual: 0.35060715889628385


n: 30.857142857142858

epsilon: 1.0000000000000002

m: 7.0

Residual: 0.3061337597343928


n: 35.57142857142857

epsilon: 0.1

m: 5.0

Residual: 0.4371773124904094


n: 35.57142857142857

epsilon: 0.1

m: 5.285714285714286

Residual: 0.49057637866190085


n: 35.57142857142857

epsilon: 0.1

m: 5.571428571428571

Residual: 0.5410318537377156


n: 35.57142857142857

epsilon: 0.1

m: 5.857142857142857

Residual: 0.5818033770756161


n: 35.57142857142857

epsilon: 0.1

m: 6.142857142857142

Residual: 0.6165946203886937


n: 35.57142857142857

epsilon: 0.1

m: 6.428571428571429

Residual: 0.6448493355891074


n: 35.57142857142857

epsilon: 0.1

m: 6.714285714285714

Residual: 0.6777340248487459


n: 35.57142857142857

epsilon: 0.1

m: 7.0

Residual: 0.7027860005380185


n: 35.57142857142857

epsilon: 0.2285714285714286

m: 5.0

Residual: 0.11963561777519142


n: 35.57142857142857

epsilon: 0.2285714285714286

m: 5.285714285714286

Residual: 0.133752300677966


n: 35.57142857142857

epsilon: 0.2285714285714286

m: 5.571428571428571

Residual: 0.18712157175960634


n: 35.57142857142857

epsilon: 0.2285714285714286

m: 5.857142857142857

Residual: 0.2481646471531174


n: 35.57142857142857

epsilon: 0.2285714285714286

m: 6.142857142857142

Residual: 0.2980844885682105


n: 35.57142857142857

epsilon: 0.2285714285714286

m: 6.428571428571429

Residual: 0.3470733596857787


n: 35.57142857142857

epsilon: 0.2285714285714286

m: 6.714285714285714

Residual: 0.391631315557112


n: 35.57142857142857

epsilon: 0.2285714285714286

m: 7.0

Residual: 0.43625478041949556


n: 35.57142857142857

epsilon: 0.3571428571428572

m: 5.0

Residual: 0.16687713490079822


n: 35.57142857142857

epsilon: 0.3571428571428572

m: 5.285714285714286

Residual: 0.1142214119372858


n: 35.57142857142857

epsilon: 0.3571428571428572

m: 5.571428571428571

Residual: 0.07039243892166253


n: 35.57142857142857

epsilon: 0.3571428571428572

m: 5.857142857142857

Residual: 0.054988393095676776


n: 35.57142857142857

epsilon: 0.3571428571428572

m: 6.142857142857142

Residual: 0.0810203130421178


n: 35.57142857142857

epsilon: 0.3571428571428572

m: 6.428571428571429

Residual: 0.13872659427400338


n: 35.57142857142857

epsilon: 0.3571428571428572

m: 6.714285714285714

Residual: 0.18953731390706757


n: 35.57142857142857

epsilon: 0.3571428571428572

m: 7.0

Residual: 0.24111432211236686


n: 35.57142857142857

epsilon: 0.48571428571428577

m: 5.0

Residual: 0.31113159411756713


n: 35.57142857142857

epsilon: 0.48571428571428577

m: 5.285714285714286

Residual: 0.24379202120593788


n: 35.57142857142857

epsilon: 0.48571428571428577

m: 5.571428571428571

Residual: 0.18674707763772172


n: 35.57142857142857

epsilon: 0.48571428571428577

m: 5.857142857142857

Residual: 0.12143934209363562


n: 35.57142857142857

epsilon: 0.48571428571428577

m: 6.142857142857142

Residual: 0.06848212070238108


n: 35.57142857142857

epsilon: 0.48571428571428577

m: 6.428571428571429

Residual: 0.023990709876638927


n: 35.57142857142857

epsilon: 0.48571428571428577

m: 6.714285714285714

Residual: 0.037243433739547346


n: 35.57142857142857

epsilon: 0.48571428571428577

m: 7.0

Residual: 0.08122055615257777


n: 35.57142857142857

epsilon: 0.6142857142857143

m: 5.0

Residual: 0.41255680138084533


n: 35.57142857142857

epsilon: 0.6142857142857143

m: 5.285714285714286

Residual: 0.35442389663804663


n: 35.57142857142857

epsilon: 0.6142857142857143

m: 5.571428571428571

Residual: 0.2955703863121757


n: 35.57142857142857

epsilon: 0.6142857142857143

m: 5.857142857142857

Residual: 0.24219874546192274


n: 35.57142857142857

epsilon: 0.6142857142857143

m: 6.142857142857142

Residual: 0.18328972495422965


n: 35.57142857142857

epsilon: 0.6142857142857143

m: 6.428571428571429

Residual: 0.13128762577386444


n: 35.57142857142857

epsilon: 0.6142857142857143

m: 6.714285714285714

Residual: 0.08112628939922169


n: 35.57142857142857

epsilon: 0.6142857142857143

m: 7.0

Residual: 0.04753794436008477


n: 35.57142857142857

epsilon: 0.7428571428571429

m: 5.0

Residual: 0.4898777596525903


n: 35.57142857142857

epsilon: 0.7428571428571429

m: 5.285714285714286

Residual: 0.4334721537515088


n: 35.57142857142857

epsilon: 0.7428571428571429

m: 5.571428571428571

Residual: 0.37826421658498116


n: 35.57142857142857

epsilon: 0.7428571428571429

m: 5.857142857142857

Residual: 0.3254416694880525


n: 35.57142857142857

epsilon: 0.7428571428571429

m: 6.142857142857142

Residual: 0.2749219233352024


n: 35.57142857142857

epsilon: 0.7428571428571429

m: 6.428571428571429

Residual: 0.22012832639653668


n: 35.57142857142857

epsilon: 0.7428571428571429

m: 6.714285714285714

Residual: 0.16975457677698164


n: 35.57142857142857

epsilon: 0.7428571428571429

m: 7.0

Residual: 0.12285121672878967


n: 35.57142857142857

epsilon: 0.8714285714285716

m: 5.0

Residual: 0.5467891155658328


n: 35.57142857142857

epsilon: 0.8714285714285716

m: 5.285714285714286

Residual: 0.4961177343332125


n: 35.57142857142857

epsilon: 0.8714285714285716

m: 5.571428571428571

Residual: 0.44607905560725125


n: 35.57142857142857

epsilon: 0.8714285714285716

m: 5.857142857142857

Residual: 0.397393173468743


n: 35.57142857142857

epsilon: 0.8714285714285716

m: 6.142857142857142

Residual: 0.34078761827964177


n: 35.57142857142857

epsilon: 0.8714285714285716

m: 6.428571428571429

Residual: 0.29964740851610633


n: 35.57142857142857

epsilon: 0.8714285714285716

m: 6.714285714285714

Residual: 0.2566095453013299


n: 35.57142857142857

epsilon: 0.8714285714285716

m: 7.0

Residual: 0.20206580791692272


n: 35.57142857142857

epsilon: 1.0000000000000002

m: 5.0

Residual: 0.592681976928026


n: 35.57142857142857

epsilon: 1.0000000000000002

m: 5.285714285714286

Residual: 0.5442729357530377


n: 35.57142857142857

epsilon: 1.0000000000000002

m: 5.571428571428571

Residual: 0.4981505449974185


n: 35.57142857142857

epsilon: 1.0000000000000002

m: 5.857142857142857

Residual: 0.453244690398508


n: 35.57142857142857

epsilon: 1.0000000000000002

m: 6.142857142857142

Residual: 0.4033069036500025


n: 35.57142857142857

epsilon: 1.0000000000000002

m: 6.428571428571429

Residual: 0.3590861975541514


n: 35.57142857142857

epsilon: 1.0000000000000002

m: 6.714285714285714

Residual: 0.3164662342427478


n: 35.57142857142857

epsilon: 1.0000000000000002

m: 7.0

Residual: 0.2669342075686917


n: 40.285714285714285

epsilon: 0.1

m: 5.0

Residual: 0.45455924211372056


n: 40.285714285714285

epsilon: 0.1

m: 5.285714285714286

Residual: 0.5072859906372487


n: 40.285714285714285

epsilon: 0.1

m: 5.571428571428571

Residual: 0.5564064722025561


n: 40.285714285714285

epsilon: 0.1

m: 5.857142857142857

Residual: 0.5973709464561758


n: 40.285714285714285

epsilon: 0.1

m: 6.142857142857142

Residual: 0.6329588958149321


n: 40.285714285714285

epsilon: 0.1

m: 6.428571428571429

Residual: 0.666131579049221


n: 40.285714285714285

epsilon: 0.1

m: 6.714285714285714

Residual: 0.68851696880331


n: 40.285714285714285

epsilon: 0.1

m: 7.0

Residual: 0.7181789209462155


n: 40.285714285714285

epsilon: 0.2285714285714286

m: 5.0

Residual: 0.12390756934256873


n: 40.285714285714285

epsilon: 0.2285714285714286

m: 5.285714285714286

Residual: 0.15034629219677506


n: 40.285714285714285

epsilon: 0.2285714285714286

m: 5.571428571428571

Residual: 0.2077410670675447


n: 40.285714285714285

epsilon: 0.2285714285714286

m: 5.857142857142857

Residual: 0.267048412759383


n: 40.285714285714285

epsilon: 0.2285714285714286

m: 6.142857142857142

Residual: 0.31911222910347764


n: 40.285714285714285

epsilon: 0.2285714285714286

m: 6.428571428571429

Residual: 0.3672521324185661


n: 40.285714285714285

epsilon: 0.2285714285714286

m: 6.714285714285714

Residual: 0.41210611224859733


n: 40.285714285714285

epsilon: 0.2285714285714286

m: 7.0

Residual: 0.4507570937083736


n: 40.285714285714285

epsilon: 0.3571428571428572

m: 5.0

Residual: 0.14986720678450294


n: 40.285714285714285

epsilon: 0.3571428571428572

m: 5.285714285714286

Residual: 0.09591152572457332


n: 40.285714285714285

epsilon: 0.3571428571428572

m: 5.571428571428571

Residual: 0.05991662182164626


n: 40.285714285714285

epsilon: 0.3571428571428572

m: 5.857142857142857

Residual: 0.06242092787367574


n: 40.285714285714285

epsilon: 0.3571428571428572

m: 6.142857142857142

Residual: 0.11274612019656037


n: 40.285714285714285

epsilon: 0.3571428571428572

m: 6.428571428571429

Residual: 0.16389459843075527


n: 40.285714285714285

epsilon: 0.3571428571428572

m: 6.714285714285714

Residual: 0.21182923723774608


n: 40.285714285714285

epsilon: 0.3571428571428572

m: 7.0

Residual: 0.2531991698601354


n: 40.285714285714285

epsilon: 0.48571428571428577

m: 5.0

Residual: 0.29232511264979244


n: 40.285714285714285

epsilon: 0.48571428571428577

m: 5.285714285714286

Residual: 0.22486361871806318


n: 40.285714285714285

epsilon: 0.48571428571428577

m: 5.571428571428571

Residual: 0.16498900139934441


n: 40.285714285714285

epsilon: 0.48571428571428577

m: 5.857142857142857

Residual: 0.1029788130534657


n: 40.285714285714285

epsilon: 0.48571428571428577

m: 6.142857142857142

Residual: 0.04575090114170817


n: 40.285714285714285

epsilon: 0.48571428571428577

m: 6.428571428571429

Residual: 0.018063892333920743


n: 40.285714285714285

epsilon: 0.48571428571428577

m: 6.714285714285714

Residual: 0.06220770733162473


n: 40.285714285714285

epsilon: 0.48571428571428577

m: 7.0

Residual: 0.11410104529007908


n: 40.285714285714285

epsilon: 0.6142857142857143

m: 5.0

Residual: 0.39420048188275847


n: 40.285714285714285

epsilon: 0.6142857142857143

m: 5.285714285714286

Residual: 0.3319412307004483


n: 40.285714285714285

epsilon: 0.6142857142857143

m: 5.571428571428571

Residual: 0.2715512112560632


n: 40.285714285714285

epsilon: 0.6142857142857143

m: 5.857142857142857

Residual: 0.21295363406805018


n: 40.285714285714285

epsilon: 0.6142857142857143

m: 6.142857142857142

Residual: 0.15668256238077502


n: 40.285714285714285

epsilon: 0.6142857142857143

m: 6.428571428571429

Residual: 0.10259952994220987


n: 40.285714285714285

epsilon: 0.6142857142857143

m: 6.714285714285714

Residual: 0.05996213498526093


n: 40.285714285714285

epsilon: 0.6142857142857143

m: 7.0

Residual: 0.03373691193216717


n: 40.285714285714285

epsilon: 0.7428571428571429

m: 5.0

Residual: 0.4705443884254699


n: 40.285714285714285

epsilon: 0.7428571428571429

m: 5.285714285714286

Residual: 0.41364438050852237


n: 40.285714285714285

epsilon: 0.7428571428571429

m: 5.571428571428571

Residual: 0.3564354650420576


n: 40.285714285714285

epsilon: 0.7428571428571429

m: 5.857142857142857

Residual: 0.30484073812382617


n: 40.285714285714285

epsilon: 0.7428571428571429

m: 6.142857142857142

Residual: 0.2506623576169309


n: 40.285714285714285

epsilon: 0.7428571428571429

m: 6.428571428571429

Residual: 0.1981196649112666


n: 40.285714285714285

epsilon: 0.7428571428571429

m: 6.714285714285714

Residual: 0.14718521894235037


n: 40.285714285714285

epsilon: 0.7428571428571429

m: 7.0

Residual: 0.09709129426967397


n: 40.285714285714285

epsilon: 0.8714285714285716

m: 5.0

Residual: 0.5329740280111205


n: 40.285714285714285

epsilon: 0.8714285714285716

m: 5.285714285714286

Residual: 0.47846292254841055


n: 40.285714285714285

epsilon: 0.8714285714285716

m: 5.571428571428571

Residual: 0.4305867192301173


n: 40.285714285714285

epsilon: 0.8714285714285716

m: 5.857142857142857

Residual: 0.38269465483368664


n: 40.285714285714285

epsilon: 0.8714285714285716

m: 6.142857142857142

Residual: 0.3246562046317623


n: 40.285714285714285

epsilon: 0.8714285714285716

m: 6.428571428571429

Residual: 0.27480155827068614


n: 40.285714285714285

epsilon: 0.8714285714285716

m: 6.714285714285714

Residual: 0.22434516696876491


n: 40.285714285714285

epsilon: 0.8714285714285716

m: 7.0

Residual: 0.18489959806056497


n: 40.285714285714285

epsilon: 1.0000000000000002

m: 5.0

Residual: 0.5787826984916781


n: 40.285714285714285

epsilon: 1.0000000000000002

m: 5.285714285714286

Residual: 0.529004066818483


n: 40.285714285714285

epsilon: 1.0000000000000002

m: 5.571428571428571

Residual: 0.4818666413454351


n: 40.285714285714285

epsilon: 1.0000000000000002

m: 5.857142857142857

Residual: 0.4344423251425305


n: 40.285714285714285

epsilon: 1.0000000000000002

m: 6.142857142857142

Residual: 0.38414687190166075


n: 40.285714285714285

epsilon: 1.0000000000000002

m: 6.428571428571429

Residual: 0.3375557329512251


n: 40.285714285714285

epsilon: 1.0000000000000002

m: 6.714285714285714

Residual: 0.29029045007422943


n: 40.285714285714285

epsilon: 1.0000000000000002

m: 7.0

Residual: 0.24932952510205897


n: 45.0

epsilon: 0.1

m: 5.0

Residual: 0.4674837098117475


n: 45.0

epsilon: 0.1

m: 5.285714285714286

Residual: 0.5207534117197183


n: 45.0

epsilon: 0.1

m: 5.571428571428571

Residual: 0.5667696872895408


n: 45.0

epsilon: 0.1

m: 5.857142857142857

Residual: 0.606100237648005


n: 45.0

epsilon: 0.1

m: 6.142857142857142

Residual: 0.6453041931072396


n: 45.0

epsilon: 0.1

m: 6.428571428571429

Residual: 0.6758049791538387


n: 45.0

epsilon: 0.1

m: 6.714285714285714

Residual: 0.7000752184643668


n: 45.0

epsilon: 0.1

m: 7.0

Residual: 0.7284449605616353


n: 45.0

epsilon: 0.2285714285714286

m: 5.0

Residual: 0.13015886858263304


n: 45.0

epsilon: 0.2285714285714286

m: 5.285714285714286

Residual: 0.16303266390399454


n: 45.0

epsilon: 0.2285714285714286

m: 5.571428571428571

Residual: 0.23185326288584862


n: 45.0

epsilon: 0.2285714285714286

m: 5.857142857142857

Residual: 0.2931619918211675


n: 45.0

epsilon: 0.2285714285714286

m: 6.142857142857142

Residual: 0.3387510448520168


n: 45.0

epsilon: 0.2285714285714286

m: 6.428571428571429

Residual: 0.38569474982909613


n: 45.0

epsilon: 0.2285714285714286

m: 6.714285714285714

Residual: 0.4338957488972179


n: 45.0

epsilon: 0.2285714285714286

m: 7.0

Residual: 0.47120702757159566


n: 45.0

epsilon: 0.3571428571428572

m: 5.0

Residual: 0.1389395799257944


n: 45.0

epsilon: 0.3571428571428572

m: 5.285714285714286

Residual: 0.08830742567637268


n: 45.0

epsilon: 0.3571428571428572

m: 5.571428571428571

Residual: 0.0612749618392844


n: 45.0

epsilon: 0.3571428571428572

m: 5.857142857142857

Residual: 0.07284203070265889


n: 45.0

epsilon: 0.3571428571428572

m: 6.142857142857142

Residual: 0.1304430328000599


n: 45.0

epsilon: 0.3571428571428572

m: 6.428571428571429

Residual: 0.1832854562599167


n: 45.0

epsilon: 0.3571428571428572

m: 6.714285714285714

Residual: 0.23319044625254254


n: 45.0

epsilon: 0.3571428571428572

m: 7.0

Residual: 0.2760061747083705


n: 45.0

epsilon: 0.48571428571428577

m: 5.0

Residual: 0.27724906575461344


n: 45.0

epsilon: 0.48571428571428577

m: 5.285714285714286

Residual: 0.20847624676273738


n: 45.0

epsilon: 0.48571428571428577

m: 5.571428571428571

Residual: 0.14262917252818955


n: 45.0

epsilon: 0.48571428571428577

m: 5.857142857142857

Residual: 0.08291551872683389


n: 45.0

epsilon: 0.48571428571428577

m: 6.142857142857142

Residual: 0.030409826921354247


n: 45.0

epsilon: 0.48571428571428577

m: 6.428571428571429

Residual: 0.03774257489248854


n: 45.0

epsilon: 0.48571428571428577

m: 6.714285714285714

Residual: 0.08325101771430556


n: 45.0

epsilon: 0.48571428571428577

m: 7.0

Residual: 0.13300107195824


n: 45.0

epsilon: 0.6142857142857143

m: 5.0

Residual: 0.38025556636893454


n: 45.0

epsilon: 0.6142857142857143

m: 5.285714285714286

Residual: 0.3178211931345857


n: 45.0

epsilon: 0.6142857142857143

m: 5.571428571428571

Residual: 0.25533420216498065


n: 45.0

epsilon: 0.6142857142857143

m: 5.857142857142857

Residual: 0.19887786692667436


n: 45.0

epsilon: 0.6142857142857143

m: 6.142857142857142

Residual: 0.14327400657450448


n: 45.0

epsilon: 0.6142857142857143

m: 6.428571428571429

Residual: 0.08975648712023444


n: 45.0

epsilon: 0.6142857142857143

m: 6.714285714285714

Residual: 0.04193819829968729


n: 45.0

epsilon: 0.6142857142857143

m: 7.0

Residual: 0.03260964801424168


n: 45.0

epsilon: 0.7428571428571429

m: 5.0

Residual: 0.459779830878609


n: 45.0

epsilon: 0.7428571428571429

m: 5.285714285714286

Residual: 0.4007546250664731


n: 45.0

epsilon: 0.7428571428571429

m: 5.571428571428571

Residual: 0.3444590400833386


n: 45.0

epsilon: 0.7428571428571429

m: 5.857142857142857

Residual: 0.2859856209782393


n: 45.0

epsilon: 0.7428571428571429

m: 6.142857142857142

Residual: 0.23569676793856828


n: 45.0

epsilon: 0.7428571428571429

m: 6.428571428571429

Residual: 0.17798641768852858


n: 45.0

epsilon: 0.7428571428571429

m: 6.714285714285714

Residual: 0.13648426990910745


n: 45.0

epsilon: 0.7428571428571429

m: 7.0

Residual: 0.0830712850503674


n: 45.0

epsilon: 0.8714285714285716

m: 5.0

Residual: 0.5192753585326232


n: 45.0

epsilon: 0.8714285714285716

m: 5.285714285714286

Residual: 0.46541880804038516


n: 45.0

epsilon: 0.8714285714285716

m: 5.571428571428571

Residual: 0.41148012825301544


n: 45.0

epsilon: 0.8714285714285716

m: 5.857142857142857

Residual: 0.35813543949826154


n: 45.0

epsilon: 0.8714285714285716

m: 6.142857142857142

Residual: 0.30765421757774136


n: 45.0

epsilon: 0.8714285714285716

m: 6.428571428571429

Residual: 0.25650325764936815


n: 45.0

epsilon: 0.8714285714285716

m: 6.714285714285714

Residual: 0.20594131330802434


n: 45.0

epsilon: 0.8714285714285716

m: 7.0

Residual: 0.16442473539539737


n: 45.0

epsilon: 1.0000000000000002

m: 5.0

Residual: 0.5667150577788264


n: 45.0

epsilon: 1.0000000000000002

m: 5.285714285714286

Residual: 0.5186536286958819


n: 45.0

epsilon: 1.0000000000000002

m: 5.571428571428571

Residual: 0.4669730409640959


n: 45.0

epsilon: 1.0000000000000002

m: 5.857142857142857

Residual: 0.4146052739672318


n: 45.0

epsilon: 1.0000000000000002

m: 6.142857142857142

Residual: 0.3702553120514351


n: 45.0

epsilon: 1.0000000000000002

m: 6.428571428571429

Residual: 0.32006300678072713


n: 45.0

epsilon: 1.0000000000000002

m: 6.714285714285714

Residual: 0.27090540903530663


n: 45.0

epsilon: 1.0000000000000002

m: 7.0

Residual: 0.2249144424390806


