epsilon: 0.01

m: 3.0

Residual: 0.7390188028905936


epsilon: 0.01

m: 3.0

Residual: 0.7390135476464178


epsilon: 0.01

m: 3.1666666666666665

Residual: 0.8112563033949868


epsilon: 0.01

m: 3.3333333333333335

Residual: 0.8637051790099817


epsilon: 0.01

m: 3.5

Residual: 0.9012677792421989


epsilon: 0.01

m: 3.6666666666666665

Residual: 0.9280119938878432


epsilon: 0.01

m: 3.833333333333333

Residual: 0.9470368452352343


epsilon: 0.01

m: 4.0

Residual: 0.9606069899671942


epsilon: 0.01

m: 4.166666666666666

Residual: 0.9703823952872924


epsilon: 0.01

m: 4.333333333333333

Residual: 0.977416658929483


epsilon: 0.01

m: 4.5

Residual: 0.9825703977536135


epsilon: 0.01

m: 4.666666666666666

Residual: 0.9863550841589431


epsilon: 0.01

m: 4.833333333333333

Residual: 0.9891892989895076


epsilon: 0.01

m: 5.0

Residual: 0.991313567656949


epsilon: 0.01

m: 5.166666666666666

Residual: 0.992944311298697


epsilon: 0.01

m: 5.333333333333333

Residual: 0.9941881051007179


epsilon: 0.01

m: 5.5

Residual: 0.9951638085581076


epsilon: 0.01

m: 5.666666666666666

Residual: 0.9959309981698576


epsilon: 0.01

m: 5.833333333333333

Residual: 0.9965346670878978


epsilon: 0.01

m: 6.0

Residual: 0.997032575045999


epsilon: 0.01

m: 6.166666666666666

Residual: 0.9974511039788537


epsilon: 0.01

m: 6.333333333333333

Residual: 0.9977615628033445


epsilon: 0.01

m: 6.5

Residual: 0.9980334115068628


epsilon: 0.01

m: 6.666666666666666

Residual: 0.9982569135722588


epsilon: 0.01

m: 6.833333333333333

Residual: 0.9984552609936562


epsilon: 0.01

m: 7.0

Residual: 0.998628877421603


epsilon: 0.3429166666666667

m: 3.0

Residual: 0.6747243913422495


epsilon: 0.3429166666666667

m: 3.1666666666666665

Residual: 0.5693519161529895


epsilon: 0.3429166666666667

m: 3.3333333333333335

Residual: 0.4633224133566633


epsilon: 0.3429166666666667

m: 3.5

Residual: 0.3706479219063405


epsilon: 0.3429166666666667

m: 3.6666666666666665

Residual: 0.3036649832502938


epsilon: 0.3429166666666667

m: 3.833333333333333

Residual: 0.27296431441485325


epsilon: 0.3429166666666667

m: 4.0

Residual: 0.2866055433798373


epsilon: 0.3429166666666667

m: 4.166666666666666

Residual: 0.3447514856567445


epsilon: 0.3429166666666667

m: 4.333333333333333

Residual: 0.43746584002451155


epsilon: 0.3429166666666667

m: 4.5

Residual: 0.5365290339442741


epsilon: 0.3429166666666667

m: 4.666666666666666

Residual: 0.619177099390297


epsilon: 0.3429166666666667

m: 4.833333333333333

Residual: 0.6857639621878925


epsilon: 0.3429166666666667

m: 5.0

Residual: 0.7399706641197714


epsilon: 0.3429166666666667

m: 5.166666666666666

Residual: 0.783302046800917


epsilon: 0.3429166666666667

m: 5.333333333333333

Residual: 0.8183129277563264


epsilon: 0.3429166666666667

m: 5.5

Residual: 0.8470181346672117


epsilon: 0.3429166666666667

m: 5.666666666666666

Residual: 0.8699542205267422


epsilon: 0.3429166666666667

m: 5.833333333333333

Residual: 0.8879071588233768


epsilon: 0.3429166666666667

m: 6.0

Residual: 0.9030159363564252


epsilon: 0.3429166666666667

m: 6.166666666666666

Residual: 0.9161094720352869


epsilon: 0.3429166666666667

m: 6.333333333333333

Residual: 0.926571148232948


epsilon: 0.3429166666666667

m: 6.5

Residual: 0.9348590340111583


epsilon: 0.3429166666666667

m: 6.666666666666666

Residual: 0.942552076068719


epsilon: 0.3429166666666667

m: 6.833333333333333

Residual: 0.9484198175067791


epsilon: 0.3429166666666667

m: 7.0

Residual: 0.9538396857997682


epsilon: 0.6758333333333334

m: 3.0

Residual: 0.8205773714878526


epsilon: 0.6758333333333334

m: 3.1666666666666665

Residual: 0.7513119697207044


epsilon: 0.6758333333333334

m: 3.3333333333333335

Residual: 0.6634127868941453


epsilon: 0.6758333333333334

m: 3.5

Residual: 0.5564943836355777


epsilon: 0.6758333333333334

m: 3.6666666666666665

Residual: 0.44532624878007426


epsilon: 0.6758333333333334

m: 3.833333333333333

Residual: 0.34227257093907315


epsilon: 0.6758333333333334

m: 4.0

Residual: 0.2610248102516109


epsilon: 0.6758333333333334

m: 4.166666666666666

Residual: 0.2143452824516653


epsilon: 0.6758333333333334

m: 4.333333333333333

Residual: 0.21359437731390243


epsilon: 0.6758333333333334

m: 4.5

Residual: 0.2681585686675891


epsilon: 0.6758333333333334

m: 4.666666666666666

Residual: 0.3658108737508561


epsilon: 0.6758333333333334

m: 4.833333333333333

Residual: 0.4626658455576884


epsilon: 0.6758333333333334

m: 5.0

Residual: 0.544876529222333


epsilon: 0.6758333333333334

m: 5.166666666666666

Residual: 0.6133800195018756


epsilon: 0.6758333333333334

m: 5.333333333333333

Residual: 0.67080621578266


epsilon: 0.6758333333333334

m: 5.5

Residual: 0.7185460126999323


epsilon: 0.6758333333333334

m: 5.666666666666666

Residual: 0.7574062846756044


epsilon: 0.6758333333333334

m: 5.833333333333333

Residual: 0.7904393529076893


epsilon: 0.6758333333333334

m: 6.0

Residual: 0.8175102798177588


epsilon: 0.6758333333333334

m: 6.166666666666666

Residual: 0.8411087373329651


epsilon: 0.6758333333333334

m: 6.333333333333333

Residual: 0.8592841560394916


epsilon: 0.6758333333333334

m: 6.5

Residual: 0.8755926116555299


epsilon: 0.6758333333333334

m: 6.666666666666666

Residual: 0.8891821693558559


epsilon: 0.6758333333333334

m: 6.833333333333333

Residual: 0.9005258810860766


epsilon: 0.6758333333333334

m: 7.0

Residual: 0.9118000310284383


epsilon: 1.00875

m: 3.0

Residual: 0.8761286044201612


epsilon: 1.00875

m: 3.1666666666666665

Residual: 0.8262512865278513


epsilon: 1.00875

m: 3.3333333333333335

Residual: 0.7612462992407608


epsilon: 1.00875

m: 3.5

Residual: 0.679434459644092


epsilon: 1.00875

m: 3.6666666666666665

Residual: 0.5803589510845494


epsilon: 1.00875

m: 3.833333333333333

Residual: 0.46703151927989783


epsilon: 1.00875

m: 4.0

Residual: 0.35585869981875334


epsilon: 1.00875

m: 4.166666666666666

Residual: 0.25842432119570197


epsilon: 1.00875

m: 4.333333333333333

Residual: 0.18981519305761596


epsilon: 1.00875

m: 4.5

Residual: 0.16307415355134133


epsilon: 1.00875

m: 4.666666666666666

Residual: 0.19685810236678936


epsilon: 1.00875

m: 4.833333333333333

Residual: 0.2923538389873002


epsilon: 1.00875

m: 5.0

Residual: 0.3895871072182835


epsilon: 1.00875

m: 5.166666666666666

Residual: 0.47319237034180534


epsilon: 1.00875

m: 5.333333333333333

Residual: 0.5454160523315692


epsilon: 1.00875

m: 5.5

Residual: 0.6074189856835552


epsilon: 1.00875

m: 5.666666666666666

Residual: 0.6592428080973969


epsilon: 1.00875

m: 5.833333333333333

Residual: 0.7024598775961391


epsilon: 1.00875

m: 6.0

Residual: 0.7388770754541134


epsilon: 1.00875

m: 6.166666666666666

Residual: 0.7716650444881403


epsilon: 1.00875

m: 6.333333333333333

Residual: 0.7969726188670492


epsilon: 1.00875

m: 6.5

Residual: 0.8202079870238589


epsilon: 1.00875

m: 6.666666666666666

Residual: 0.838805410432363


epsilon: 1.00875

m: 6.833333333333333

Residual: 0.856185347453454


epsilon: 1.00875

m: 7.0

Residual: 0.8700202062819365


epsilon: 1.3416666666666668

m: 3.0

Residual: 0.9054125338193411


epsilon: 1.3416666666666668

m: 3.1666666666666665

Residual: 0.8664970858642858


epsilon: 1.3416666666666668

m: 3.3333333333333335

Residual: 0.8150244455401483


epsilon: 1.3416666666666668

m: 3.5

Residual: 0.7489799105555531


epsilon: 1.3416666666666668

m: 3.6666666666666665

Residual: 0.667205327215547


epsilon: 1.3416666666666668

m: 3.833333333333333

Residual: 0.5698683897327779


epsilon: 1.3416666666666668

m: 4.0

Residual: 0.4587302081686236


epsilon: 1.3416666666666668

m: 4.166666666666666

Residual: 0.3451610970543337


epsilon: 1.3416666666666668

m: 4.333333333333333

Residual: 0.2422832822660751


epsilon: 1.3416666666666668

m: 4.5

Residual: 0.16408504025874937


epsilon: 1.3416666666666668

m: 4.666666666666666

Residual: 0.12796650271244908


epsilon: 1.3416666666666668

m: 4.833333333333333

Residual: 0.16169715973950696


epsilon: 1.3416666666666668

m: 5.0

Residual: 0.2612488819639511


epsilon: 1.3416666666666668

m: 5.166666666666666

Residual: 0.3554484712051387


epsilon: 1.3416666666666668

m: 5.333333333333333

Residual: 0.4374405379137995


epsilon: 1.3416666666666668

m: 5.5

Residual: 0.5086994229736842


epsilon: 1.3416666666666668

m: 5.666666666666666

Residual: 0.5706547640628438


epsilon: 1.3416666666666668

m: 5.833333333333333

Residual: 0.6232534089765978


epsilon: 1.3416666666666668

m: 6.0

Residual: 0.6693897091946699


epsilon: 1.3416666666666668

m: 6.166666666666666

Residual: 0.7058177829659766


epsilon: 1.3416666666666668

m: 6.333333333333333

Residual: 0.739326234258323


epsilon: 1.3416666666666668

m: 6.5

Residual: 0.7696329826212849


epsilon: 1.3416666666666668

m: 6.666666666666666

Residual: 0.7914112205097117


epsilon: 1.3416666666666668

m: 6.833333333333333

Residual: 0.8121516147502009


epsilon: 1.3416666666666668

m: 7.0

Residual: 0.8302676141859755


epsilon: 1.6745833333333335

m: 3.0

Residual: 0.923496683769704


epsilon: 1.6745833333333335

m: 3.1666666666666665

Residual: 0.8915993102340464


epsilon: 1.6745833333333335

m: 3.3333333333333335

Residual: 0.8490030364752766


epsilon: 1.6745833333333335

m: 3.5

Residual: 0.7937454314805586


epsilon: 1.6745833333333335

m: 3.6666666666666665

Residual: 0.7242752641642345


epsilon: 1.6745833333333335

m: 3.833333333333333

Residual: 0.6400228364802718


epsilon: 1.6745833333333335

m: 4.0

Residual: 0.5415977938293998


epsilon: 1.6745833333333335

m: 4.166666666666666

Residual: 0.4316584175839166


epsilon: 1.6745833333333335

m: 4.333333333333333

Residual: 0.31796900934044714


epsilon: 1.6745833333333335

m: 4.5

Residual: 0.2140696338377627


epsilon: 1.6745833333333335

m: 4.666666666666666

Residual: 0.1349612729982618


epsilon: 1.6745833333333335

m: 4.833333333333333

Residual: 0.09862195322136509


epsilon: 1.6745833333333335

m: 5.0

Residual: 0.15610580206466448


epsilon: 1.6745833333333335

m: 5.166666666666666

Residual: 0.2555256552992625


epsilon: 1.6745833333333335

m: 5.333333333333333

Residual: 0.34426042401336077


epsilon: 1.6745833333333335

m: 5.5

Residual: 0.42271845131658226


epsilon: 1.6745833333333335

m: 5.666666666666666

Residual: 0.49132884652094777


epsilon: 1.6745833333333335

m: 5.833333333333333

Residual: 0.5501383907824205


epsilon: 1.6745833333333335

m: 6.0

Residual: 0.6024221838640936


epsilon: 1.6745833333333335

m: 6.166666666666666

Residual: 0.6471766493464358


epsilon: 1.6745833333333335

m: 6.333333333333333

Residual: 0.6861097305764144


epsilon: 1.6745833333333335

m: 6.5

Residual: 0.718933923163342


epsilon: 1.6745833333333335

m: 6.666666666666666

Residual: 0.7464752281011992


epsilon: 1.6745833333333335

m: 6.833333333333333

Residual: 0.769282231412527


epsilon: 1.6745833333333335

m: 7.0

Residual: 0.7941521261453692


epsilon: 2.0075

m: 3.0

Residual: 0.9357749612207374


epsilon: 2.0075

m: 3.1666666666666665

Residual: 0.908751704389722


epsilon: 2.0075

m: 3.3333333333333335

Residual: 0.8724526882621902


epsilon: 2.0075

m: 3.5

Residual: 0.8249369472530141


epsilon: 2.0075

m: 3.6666666666666665

Residual: 0.7645758776750724


epsilon: 2.0075

m: 3.833333333333333

Residual: 0.6904773328570862


epsilon: 2.0075

m: 4.0

Residual: 0.6025728249098293


epsilon: 2.0075

m: 4.166666666666666

Residual: 0.5024121607112866


epsilon: 2.0075

m: 4.333333333333333

Residual: 0.39256450279453103


epsilon: 2.0075

m: 4.5

Residual: 0.27993164091633393


epsilon: 2.0075

m: 4.666666666666666

Residual: 0.17821839381872423


epsilon: 2.0075

m: 4.833333333333333

Residual: 0.10143374095404957


epsilon: 2.0075

m: 5.0

Residual: 0.07820456524825826


epsilon: 2.0075

m: 5.166666666666666

Residual: 0.16818101101440017


epsilon: 2.0075

m: 5.333333333333333

Residual: 0.2624369620112306


epsilon: 2.0075

m: 5.5

Residual: 0.34505032717933937


epsilon: 2.0075

m: 5.666666666666666

Residual: 0.42063264928641564


epsilon: 2.0075

m: 5.833333333333333

Residual: 0.48425906250636735


epsilon: 2.0075

m: 6.0

Residual: 0.5411725956345977


epsilon: 2.0075

m: 6.166666666666666

Residual: 0.5904351639409693


epsilon: 2.0075

m: 6.333333333333333

Residual: 0.6338819040263842


epsilon: 2.0075

m: 6.5

Residual: 0.6699657424559138


epsilon: 2.0075

m: 6.666666666666666

Residual: 0.7028227818661045


epsilon: 2.0075

m: 6.833333333333333

Residual: 0.7325030685977151


epsilon: 2.0075

m: 7.0

Residual: 0.7561040196585801


epsilon: 2.3404166666666666

m: 3.0

Residual: 0.9446588744472451


epsilon: 2.3404166666666666

m: 3.1666666666666665

Residual: 0.9212256423578244


epsilon: 2.3404166666666666

m: 3.3333333333333335

Residual: 0.8895969315526614


epsilon: 2.3404166666666666

m: 3.5

Residual: 0.8479438733098723


epsilon: 2.3404166666666666

m: 3.6666666666666665

Residual: 0.7946470304599715


epsilon: 2.3404166666666666

m: 3.833333333333333

Residual: 0.7285095931664443


epsilon: 2.3404166666666666

m: 4.0

Residual: 0.6491863279739931


epsilon: 2.3404166666666666

m: 4.166666666666666

Residual: 0.5574882294132871


epsilon: 2.3404166666666666

m: 4.333333333333333

Residual: 0.45537460797584045


epsilon: 2.3404166666666666

m: 4.5

Residual: 0.34569484882584633


epsilon: 2.3404166666666666

m: 4.666666666666666

Residual: 0.23629407373509823


epsilon: 2.3404166666666666

m: 4.833333333333333

Residual: 0.13827535138793137


epsilon: 2.3404166666666666

m: 5.0

Residual: 0.06692664445062631


epsilon: 2.3404166666666666

m: 5.166666666666666

Residual: 0.09283314523200065


epsilon: 2.3404166666666666

m: 5.333333333333333

Residual: 0.19041138344973443


epsilon: 2.3404166666666666

m: 5.5

Residual: 0.2758698742774538


epsilon: 2.3404166666666666

m: 5.666666666666666

Residual: 0.3554194471657818


epsilon: 2.3404166666666666

m: 5.833333333333333

Residual: 0.42373859421631477


epsilon: 2.3404166666666666

m: 6.0

Residual: 0.4861108352342718


epsilon: 2.3404166666666666

m: 6.166666666666666

Residual: 0.5395059304686042


epsilon: 2.3404166666666666

m: 6.333333333333333

Residual: 0.5853876354999547


epsilon: 2.3404166666666666

m: 6.5

Residual: 0.6272166227311599


epsilon: 2.3404166666666666

m: 6.666666666666666

Residual: 0.661311733166412


epsilon: 2.3404166666666666

m: 6.833333333333333

Residual: 0.6932344135596046


epsilon: 2.3404166666666666

m: 7.0

Residual: 0.7212451579623204


epsilon: 2.6733333333333333

m: 3.0

Residual: 0.9513839353976616


epsilon: 2.6733333333333333

m: 3.1666666666666665

Residual: 0.9306914737113596


epsilon: 2.6733333333333333

m: 3.3333333333333335

Residual: 0.9026796798638946


epsilon: 2.6733333333333333

m: 3.5

Residual: 0.8656223236750593


epsilon: 2.6733333333333333

m: 3.6666666666666665

Residual: 0.8178658189480266


epsilon: 2.6733333333333333

m: 3.833333333333333

Residual: 0.7582488985336605


epsilon: 2.6733333333333333

m: 4.0

Residual: 0.6860701992898599


epsilon: 2.6733333333333333

m: 4.166666666666666

Residual: 0.6017098679035755


epsilon: 2.6733333333333333

m: 4.333333333333333

Residual: 0.5064745855760348


epsilon: 2.6733333333333333

m: 4.5

Residual: 0.40275127360761936


epsilon: 2.6733333333333333

m: 4.666666666666666

Residual: 0.2945042499706454


epsilon: 2.6733333333333333

m: 4.833333333333333

Residual: 0.1884083053962598


epsilon: 2.6733333333333333

m: 5.0

Residual: 0.09525797136291654


epsilon: 2.6733333333333333

m: 5.166666666666666

Residual: 0.03651868067596367


epsilon: 2.6733333333333333

m: 5.333333333333333

Residual: 0.12391552702160047


epsilon: 2.6733333333333333

m: 5.5

Residual: 0.2131565248964556


epsilon: 2.6733333333333333

m: 5.666666666666666

Residual: 0.2932045391680076


epsilon: 2.6733333333333333

m: 5.833333333333333

Residual: 0.36873335927258005


epsilon: 2.6733333333333333

m: 6.0

Residual: 0.43209263937872544


epsilon: 2.6733333333333333

m: 6.166666666666666

Residual: 0.48970394346239154


epsilon: 2.6733333333333333

m: 6.333333333333333

Residual: 0.5409025052591098


epsilon: 2.6733333333333333

m: 6.5

Residual: 0.5859357308191949


epsilon: 2.6733333333333333

m: 6.666666666666666

Residual: 0.6225390243831962


epsilon: 2.6733333333333333

m: 6.833333333333333

Residual: 0.6590865113422751


epsilon: 2.6733333333333333

m: 7.0

Residual: 0.6884179087773805


epsilon: 3.00625

m: 3.0

Residual: 0.9566507283742965


epsilon: 3.00625

m: 3.1666666666666665

Residual: 0.9381334823694558


epsilon: 3.00625

m: 3.3333333333333335

Residual: 0.9129840809623869


epsilon: 3.00625

m: 3.5

Residual: 0.8795956810519773


epsilon: 3.00625

m: 3.6666666666666665

Residual: 0.83641621176272


epsilon: 3.00625

m: 3.833333333333333

Residual: 0.7821047056650023


epsilon: 3.00625

m: 4.0

Residual: 0.7158482873464694


epsilon: 3.00625

m: 4.166666666666666

Residual: 0.6378134747923235


epsilon: 3.00625

m: 4.333333333333333

Residual: 0.548822621581982


epsilon: 3.00625

m: 4.5

Residual: 0.4511532331323715


epsilon: 3.00625

m: 4.666666666666666

Residual: 0.3471479464559356


epsilon: 3.00625

m: 4.833333333333333

Residual: 0.24087418142539052


epsilon: 3.00625

m: 5.0

Residual: 0.13846606378325044


epsilon: 3.00625

m: 5.166666666666666

Residual: 0.051765318467074835


epsilon: 3.00625

m: 5.333333333333333

Residual: 0.06681402876898702


epsilon: 3.00625

m: 5.5

Residual: 0.15683152453922816


epsilon: 3.00625

m: 5.666666666666666

Residual: 0.2390372105912022


epsilon: 3.00625

m: 5.833333333333333

Residual: 0.3159800472724113


epsilon: 3.00625

m: 6.0

Residual: 0.383376309416194


epsilon: 3.00625

m: 6.166666666666666

Residual: 0.4422564855575637


epsilon: 3.00625

m: 6.333333333333333

Residual: 0.4972349919672828


epsilon: 3.00625

m: 6.5

Residual: 0.5445152429883567


epsilon: 3.00625

m: 6.666666666666666

Residual: 0.5853208752374747


epsilon: 3.00625

m: 6.833333333333333

Residual: 0.623917880106673


epsilon: 3.00625

m: 7.0

Residual: 0.6598432422009058


epsilon: 3.339166666666667

m: 3.0

Residual: 0.9608875629156144


epsilon: 3.339166666666667

m: 3.1666666666666665

Residual: 0.9441292558286181


epsilon: 3.339166666666667

m: 3.3333333333333335

Residual: 0.9213156147006222


epsilon: 3.339166666666667

m: 3.5

Residual: 0.8909506015622707


epsilon: 3.339166666666667

m: 3.6666666666666665

Residual: 0.8515116932029637


epsilon: 3.339166666666667

m: 3.833333333333333

Residual: 0.8016390907486496


epsilon: 3.339166666666667

m: 4.0

Residual: 0.740493114572039


epsilon: 3.339166666666667

m: 4.166666666666666

Residual: 0.6678488522148942


epsilon: 3.339166666666667

m: 4.333333333333333

Residual: 0.5844555254936051


epsilon: 3.339166666666667

m: 4.5

Residual: 0.49194830285061036


epsilon: 3.339166666666667

m: 4.666666666666666

Residual: 0.39229244492407667


epsilon: 3.339166666666667

m: 4.833333333333333

Residual: 0.2895545789959806


epsilon: 3.339166666666667

m: 5.0

Residual: 0.1852896616170992


epsilon: 3.339166666666667

m: 5.166666666666666

Residual: 0.08959087461012818


epsilon: 3.339166666666667

m: 5.333333333333333

Residual: 0.02625153712915446


epsilon: 3.339166666666667

m: 5.5

Residual: 0.10606301537792713


epsilon: 3.339166666666667

m: 5.666666666666666

Residual: 0.1904740610018408


epsilon: 3.339166666666667

m: 5.833333333333333

Residual: 0.26932709451677883


epsilon: 3.339166666666667

m: 6.0

Residual: 0.3383804542245975


epsilon: 3.339166666666667

m: 6.166666666666666

Residual: 0.39982802419751295


epsilon: 3.339166666666667

m: 6.333333333333333

Residual: 0.4574914521970365


epsilon: 3.339166666666667

m: 6.5

Residual: 0.5087005219104219


epsilon: 3.339166666666667

m: 6.666666666666666

Residual: 0.549870714697409


epsilon: 3.339166666666667

m: 6.833333333333333

Residual: 0.591035432309973


epsilon: 3.339166666666667

m: 7.0

Residual: 0.627802097175442


epsilon: 3.6720833333333336

m: 3.0

Residual: 0.9643715197813257


epsilon: 3.6720833333333336

m: 3.1666666666666665

Residual: 0.9490663806212618


epsilon: 3.6720833333333336

m: 3.3333333333333335

Residual: 0.9281992992807457


epsilon: 3.6720833333333336

m: 3.5

Residual: 0.9003413382505175


epsilon: 3.6720833333333336

m: 3.6666666666666665

Residual: 0.8640372684873338


epsilon: 3.6720833333333336

m: 3.833333333333333

Residual: 0.817986780076873


epsilon: 3.6720833333333336

m: 4.0

Residual: 0.7612038075608956


epsilon: 3.6720833333333336

m: 4.166666666666666

Residual: 0.6933506153326262


epsilon: 3.6720833333333336

m: 4.333333333333333

Residual: 0.6148603588718999


epsilon: 3.6720833333333336

m: 4.5

Residual: 0.5268311143373825


epsilon: 3.6720833333333336

m: 4.666666666666666

Residual: 0.43213176478285414


epsilon: 3.6720833333333336

m: 4.833333333333333

Residual: 0.3322131619396281


epsilon: 3.6720833333333336

m: 5.0

Residual: 0.23047548802640952


epsilon: 3.6720833333333336

m: 5.166666666666666

Residual: 0.1310241899687387


epsilon: 3.6720833333333336

m: 5.333333333333333

Residual: 0.043851816309212144


epsilon: 3.6720833333333336

m: 5.5

Residual: 0.057939913813706445


epsilon: 3.6720833333333336

m: 5.666666666666666

Residual: 0.14438631755309966


epsilon: 3.6720833333333336

m: 5.833333333333333

Residual: 0.2224626484047799


epsilon: 3.6720833333333336

m: 6.0

Residual: 0.29452046022245676


epsilon: 3.6720833333333336

m: 6.166666666666666

Residual: 0.35812456772251383


epsilon: 3.6720833333333336

m: 6.333333333333333

Residual: 0.417092067625261


epsilon: 3.6720833333333336

m: 6.5

Residual: 0.46759376158815646


epsilon: 3.6720833333333336

m: 6.666666666666666

Residual: 0.5164938210329661


epsilon: 3.6720833333333336

m: 6.833333333333333

Residual: 0.558090701331367


epsilon: 3.6720833333333336

m: 7.0

Residual: 0.5931226009680424


epsilon: 4.005

m: 3.0

Residual: 0.9672823078973461


epsilon: 4.005

m: 3.1666666666666665

Residual: 0.9531957553398617


epsilon: 4.005

m: 3.3333333333333335

Residual: 0.9339628793625601


epsilon: 4.005

m: 3.5

Residual: 0.9082460530920774


epsilon: 4.005

m: 3.6666666666666665

Residual: 0.8746361163986495


epsilon: 4.005

m: 3.833333333333333

Residual: 0.8318226849291724


epsilon: 4.005

m: 4.0

Residual: 0.7788414202051389


epsilon: 4.005

m: 4.166666666666666

Residual: 0.7151783244760637


epsilon: 4.005

m: 4.333333333333333

Residual: 0.6410478840585153


epsilon: 4.005

m: 4.5

Residual: 0.5576319284131813


epsilon: 4.005

m: 4.666666666666666

Residual: 0.4666082003539841


epsilon: 4.005

m: 4.833333333333333

Residual: 0.37069110626472346


epsilon: 4.005

m: 5.0

Residual: 0.2716622821622517


epsilon: 4.005

m: 5.166666666666666

Residual: 0.17376103311966362


epsilon: 4.005

m: 5.333333333333333

Residual: 0.07689148767419168


epsilon: 4.005

m: 5.5

Residual: 0.03858709718303283


epsilon: 4.005

m: 5.666666666666666

Residual: 0.1008734398642889


epsilon: 4.005

m: 5.833333333333333

Residual: 0.18272670281117573


epsilon: 4.005

m: 6.0

Residual: 0.25492857750454423


epsilon: 4.005

m: 6.166666666666666

Residual: 0.32070452576153674


epsilon: 4.005

m: 6.333333333333333

Residual: 0.381131461571728


epsilon: 4.005

m: 6.5

Residual: 0.4351755506658239


epsilon: 4.005

m: 6.666666666666666

Residual: 0.48590991219399293


epsilon: 4.005

m: 6.833333333333333

Residual: 0.5244439541652512


epsilon: 4.005

m: 7.0

Residual: 0.5682069231763399


epsilon: 4.337916666666667

m: 3.0

Residual: 0.9697567165701222


epsilon: 4.337916666666667

m: 3.1666666666666665

Residual: 0.9567132314518493


epsilon: 4.337916666666667

m: 3.3333333333333335

Residual: 0.9388815202900089


epsilon: 4.337916666666667

m: 3.5

Residual: 0.9149930672763518


epsilon: 4.337916666666667

m: 3.6666666666666665

Residual: 0.8836978972626466


epsilon: 4.337916666666667

m: 3.833333333333333

Residual: 0.8437445884103599


epsilon: 4.337916666666667

m: 4.0

Residual: 0.7940937574728782


epsilon: 4.337916666666667

m: 4.166666666666666

Residual: 0.7341908985831646


epsilon: 4.337916666666667

m: 4.333333333333333

Residual: 0.6640720366896279


epsilon: 4.337916666666667

m: 4.5

Residual: 0.5845756818440164


epsilon: 4.337916666666667

m: 4.666666666666666

Residual: 0.4971953572483558


epsilon: 4.337916666666667

m: 4.833333333333333

Residual: 0.40430249124317214


epsilon: 4.337916666666667

m: 5.0

Residual: 0.30891592584748107


epsilon: 4.337916666666667

m: 5.166666666666666

Residual: 0.21286801522245963


epsilon: 4.337916666666667

m: 5.333333333333333

Residual: 0.11680006240495433


epsilon: 4.337916666666667

m: 5.5

Residual: 0.05010427757229729


epsilon: 4.337916666666667

m: 5.666666666666666

Residual: 0.0633787897410945


epsilon: 4.337916666666667

m: 5.833333333333333

Residual: 0.1416223575501675


epsilon: 4.337916666666667

m: 6.0

Residual: 0.2175745841622363


epsilon: 4.337916666666667

m: 6.166666666666666

Residual: 0.2852639616133758


epsilon: 4.337916666666667

m: 6.333333333333333

Residual: 0.3457962642677146


epsilon: 4.337916666666667

m: 6.5

Residual: 0.4047792348336984


epsilon: 4.337916666666667

m: 6.666666666666666

Residual: 0.4544215059329054


epsilon: 4.337916666666667

m: 6.833333333333333

Residual: 0.4979398122744327


epsilon: 4.337916666666667

m: 7.0

Residual: 0.5389491365049371


epsilon: 4.670833333333333

m: 3.0

Residual: 0.971881093237384


epsilon: 4.670833333333333

m: 3.1666666666666665

Residual: 0.9597360541231137


epsilon: 4.670833333333333

m: 3.3333333333333335

Residual: 0.9431104922609975


epsilon: 4.670833333333333

m: 3.5

Residual: 0.9208038908647088


epsilon: 4.670833333333333

m: 3.6666666666666665

Residual: 0.8915461056627033


epsilon: 4.670833333333333

m: 3.833333333333333

Residual: 0.8540747474135246


epsilon: 4.670833333333333

m: 4.0

Residual: 0.8073466552025016


epsilon: 4.670833333333333

m: 4.166666666666666

Residual: 0.7507651723698207


epsilon: 4.670833333333333

m: 4.333333333333333

Residual: 0.6842038072918707


epsilon: 4.670833333333333

m: 4.5

Residual: 0.6083674929030523


epsilon: 4.670833333333333

m: 4.666666666666666

Residual: 0.5244812893120596


epsilon: 4.670833333333333

m: 4.833333333333333

Residual: 0.43521789916560844


epsilon: 4.670833333333333

m: 5.0

Residual: 0.3419335881002197


epsilon: 4.670833333333333

m: 5.166666666666666

Residual: 0.24636927492581598


epsilon: 4.670833333333333

m: 5.333333333333333

Residual: 0.152146790590914


epsilon: 4.670833333333333

m: 5.5

Residual: 0.07408346394869521


epsilon: 4.670833333333333

m: 5.666666666666666

Residual: 0.056642436062506275


epsilon: 4.670833333333333

m: 5.833333333333333

Residual: 0.10658677486514788


epsilon: 4.670833333333333

m: 6.0

Residual: 0.18159971622846513


epsilon: 4.670833333333333

m: 6.166666666666666

Residual: 0.25216392119037095


epsilon: 4.670833333333333

m: 6.333333333333333

Residual: 0.3145598022625429


epsilon: 4.670833333333333

m: 6.5

Residual: 0.3737182430665837


epsilon: 4.670833333333333

m: 6.666666666666666

Residual: 0.42717861177819644


epsilon: 4.670833333333333

m: 6.833333333333333

Residual: 0.47362014731760266


epsilon: 4.670833333333333

m: 7.0

Residual: 0.509967892208775


epsilon: 5.00375

m: 3.0

Residual: 0.9737280630325666


epsilon: 5.00375

m: 3.1666666666666665

Residual: 0.9623641579641425


epsilon: 5.00375

m: 3.3333333333333335

Residual: 0.9467978098286622


epsilon: 5.00375

m: 3.5

Residual: 0.9258798579234869


epsilon: 5.00375

m: 3.6666666666666665

Residual: 0.8984034903031503


epsilon: 5.00375

m: 3.833333333333333

Residual: 0.8631229335508297


epsilon: 5.00375

m: 4.0

Residual: 0.8189958424541055


epsilon: 5.00375

m: 4.166666666666666

Residual: 0.7653852839926716


epsilon: 5.00375

m: 4.333333333333333

Residual: 0.7020826587694343


epsilon: 5.00375

m: 4.5

Residual: 0.6295405310353729


epsilon: 5.00375

m: 4.666666666666666

Residual: 0.549295792005028


epsilon: 5.00375

m: 4.833333333333333

Residual: 0.46213035707205663


epsilon: 5.00375

m: 5.0

Residual: 0.37112464698719555


epsilon: 5.00375

m: 5.166666666666666

Residual: 0.2789217885266124


epsilon: 5.00375

m: 5.333333333333333

Residual: 0.1864875428119591


epsilon: 5.00375

m: 5.5

Residual: 0.10183569636978124


epsilon: 5.00375

m: 5.666666666666666

Residual: 0.06440629896210254


epsilon: 5.00375

m: 5.833333333333333

Residual: 0.08006971074801512


epsilon: 5.00375

m: 6.0

Residual: 0.14965350820627119


epsilon: 5.00375

m: 6.166666666666666

Residual: 0.21852279391563437


epsilon: 5.00375

m: 6.333333333333333

Residual: 0.27972539503045896


epsilon: 5.00375

m: 6.5

Residual: 0.3403183777706069


epsilon: 5.00375

m: 6.666666666666666

Residual: 0.39693319054695225


epsilon: 5.00375

m: 6.833333333333333

Residual: 0.44381903107481097


epsilon: 5.00375

m: 7.0

Residual: 0.4852422961528533


epsilon: 5.336666666666667

m: 3.0

Residual: 0.9753465525403747


epsilon: 5.336666666666667

m: 3.1666666666666665

Residual: 0.9646687587775614


epsilon: 5.336666666666667

m: 3.3333333333333335

Residual: 0.9500339043700025


epsilon: 5.336666666666667

m: 3.5

Residual: 0.9303410179929276


epsilon: 5.336666666666667

m: 3.6666666666666665

Residual: 0.9044369617483716


epsilon: 5.336666666666667

m: 3.833333333333333

Residual: 0.8711076584074625


epsilon: 5.336666666666667

m: 4.0

Residual: 0.8293440472070175


epsilon: 5.336666666666667

m: 4.166666666666666

Residual: 0.7783365514428923


epsilon: 5.336666666666667

m: 4.333333333333333

Residual: 0.7179161422858087


epsilon: 5.336666666666667

m: 4.5

Residual: 0.6486793934340581


epsilon: 5.336666666666667

m: 4.666666666666666

Residual: 0.5712180898889545


epsilon: 5.336666666666667

m: 4.833333333333333

Residual: 0.4871517635739208


epsilon: 5.336666666666667

m: 5.0

Residual: 0.39884883157514517


epsilon: 5.336666666666667

m: 5.166666666666666

Residual: 0.3088086676315517


epsilon: 5.336666666666667

m: 5.333333333333333

Residual: 0.2156356713154393


epsilon: 5.336666666666667

m: 5.5

Residual: 0.12881644924153127


epsilon: 5.336666666666667

m: 5.666666666666666

Residual: 0.0783947727760421


epsilon: 5.336666666666667

m: 5.833333333333333

Residual: 0.07324729837115458


epsilon: 5.336666666666667

m: 6.0

Residual: 0.11577463318104154


epsilon: 5.336666666666667

m: 6.166666666666666

Residual: 0.1861620838651109


epsilon: 5.336666666666667

m: 6.333333333333333

Residual: 0.2554397911066673


epsilon: 5.336666666666667

m: 6.5

Residual: 0.31216933489647597


epsilon: 5.336666666666667

m: 6.666666666666666

Residual: 0.36634564467461117


epsilon: 5.336666666666667

m: 6.833333333333333

Residual: 0.4150398077302844


epsilon: 5.336666666666667

m: 7.0

Residual: 0.45976330825471823


epsilon: 5.669583333333334

m: 3.0

Residual: 0.9767779816856538


epsilon: 5.669583333333334

m: 3.1666666666666665

Residual: 0.9667108943979816


epsilon: 5.669583333333334

m: 3.3333333333333335

Residual: 0.9528941743630368


epsilon: 5.669583333333334

m: 3.5

Residual: 0.9343040106846195


epsilon: 5.669583333333334

m: 3.6666666666666665

Residual: 0.9097978256930702


epsilon: 5.669583333333334

m: 3.833333333333333

Residual: 0.8782339822748885


epsilon: 5.669583333333334

m: 4.0

Residual: 0.8385693182412385


epsilon: 5.669583333333334

m: 4.166666666666666

Residual: 0.7900051585421008


epsilon: 5.669583333333334

m: 4.333333333333333

Residual: 0.7324325803106361


epsilon: 5.669583333333334

m: 4.5

Residual: 0.6656066023579897


epsilon: 5.669583333333334

m: 4.666666666666666

Residual: 0.5909551188688017


epsilon: 5.669583333333334

m: 4.833333333333333

Residual: 0.5095810783695766


epsilon: 5.669583333333334

m: 5.0

Residual: 0.42462607850279205


epsilon: 5.669583333333334

m: 5.166666666666666

Residual: 0.33448332373135264


epsilon: 5.669583333333334

m: 5.333333333333333

Residual: 0.2463685160367547


epsilon: 5.669583333333334

m: 5.5

Residual: 0.15664235777827545


epsilon: 5.669583333333334

m: 5.666666666666666

Residual: 0.09910993759182209


epsilon: 5.669583333333334

m: 5.833333333333333

Residual: 0.08100885338719413


epsilon: 5.669583333333334

m: 6.0

Residual: 0.10096416475941032


epsilon: 5.669583333333334

m: 6.166666666666666

Residual: 0.1615436895708308


epsilon: 5.669583333333334

m: 6.333333333333333

Residual: 0.22466339493542917


epsilon: 5.669583333333334

m: 6.5

Residual: 0.28157775779346333


epsilon: 5.669583333333334

m: 6.666666666666666

Residual: 0.3411241437036958


epsilon: 5.669583333333334

m: 6.833333333333333

Residual: 0.390652078576223


epsilon: 5.669583333333334

m: 7.0

Residual: 0.43871775026090143


epsilon: 6.0025

m: 3.0

Residual: 0.9780520765146659


epsilon: 6.0025

m: 3.1666666666666665

Residual: 0.9685280018677688


epsilon: 6.0025

m: 3.3333333333333335

Residual: 0.9554494112302595


epsilon: 6.0025

m: 3.5

Residual: 0.9378200641076734


epsilon: 6.0025

m: 3.6666666666666665

Residual: 0.914579537503452


epsilon: 6.0025

m: 3.833333333333333

Residual: 0.884568250043634


epsilon: 6.0025

m: 4.0

Residual: 0.846840871117982


epsilon: 6.0025

m: 4.166666666666666

Residual: 0.8004507295773847


epsilon: 6.0025

m: 4.333333333333333

Residual: 0.7453472550767476


epsilon: 6.0025

m: 4.5

Residual: 0.6814058391530811


epsilon: 6.0025

m: 4.666666666666666

Residual: 0.6094071825780412


epsilon: 6.0025

m: 4.833333333333333

Residual: 0.530512655940067


epsilon: 6.0025

m: 5.0

Residual: 0.4471068192389079


epsilon: 6.0025

m: 5.166666666666666

Residual: 0.36071467587174755


epsilon: 6.0025

m: 5.333333333333333

Residual: 0.2715719471671108


epsilon: 6.0025

m: 5.5

Residual: 0.18461967256157377


epsilon: 6.0025

m: 5.666666666666666

Residual: 0.12064240037156718


epsilon: 6.0025

m: 5.833333333333333

Residual: 0.09458690654421428


epsilon: 6.0025

m: 6.0

Residual: 0.09522369495272011


epsilon: 6.0025

m: 6.166666666666666

Residual: 0.1313979838439285


epsilon: 6.0025

m: 6.333333333333333

Residual: 0.19919775237400403


epsilon: 6.0025

m: 6.5

Residual: 0.255795848126762


epsilon: 6.0025

m: 6.666666666666666

Residual: 0.31647437025683406


epsilon: 6.0025

m: 6.833333333333333

Residual: 0.368602996978833


epsilon: 6.0025

m: 7.0

Residual: 0.40623152571819143


epsilon: 6.335416666666667

m: 3.0

Residual: 0.9791930116746077


epsilon: 6.335416666666667

m: 3.1666666666666665

Residual: 0.9701563706673338


epsilon: 6.335416666666667

m: 3.3333333333333335

Residual: 0.9577441826427322


epsilon: 6.335416666666667

m: 3.5

Residual: 0.9410055534773148


epsilon: 6.335416666666667

m: 3.6666666666666665

Residual: 0.9188886504796229


epsilon: 6.335416666666667

m: 3.833333333333333

Residual: 0.8903143365167179


epsilon: 6.335416666666667

m: 4.0

Residual: 0.8543089056142251


epsilon: 6.335416666666667

m: 4.166666666666666

Residual: 0.8099995152786102


epsilon: 6.335416666666667

m: 4.333333333333333

Residual: 0.756996535989386


epsilon: 6.335416666666667

m: 4.5

Residual: 0.6957662912405477


epsilon: 6.335416666666667

m: 4.666666666666666

Residual: 0.625971392604242


epsilon: 6.335416666666667

m: 4.833333333333333

Residual: 0.550073076420785


epsilon: 6.335416666666667

m: 5.0

Residual: 0.46786664459574934


epsilon: 6.335416666666667

m: 5.166666666666666

Residual: 0.3835767293405594


epsilon: 6.335416666666667

m: 5.333333333333333

Residual: 0.297289811317323


epsilon: 6.335416666666667

m: 5.5

Residual: 0.21097710572045955


epsilon: 6.335416666666667

m: 5.666666666666666

Residual: 0.14041790265793308


epsilon: 6.335416666666667

m: 5.833333333333333

Residual: 0.10465778746419795


epsilon: 6.335416666666667

m: 6.0

Residual: 0.10057969621174166


epsilon: 6.335416666666667

m: 6.166666666666666

Residual: 0.12101899439772232


epsilon: 6.335416666666667

m: 6.333333333333333

Residual: 0.17069757307332686


epsilon: 6.335416666666667

m: 6.5

Residual: 0.23324012515917558


epsilon: 6.335416666666667

m: 6.666666666666666

Residual: 0.2901996410077257


epsilon: 6.335416666666667

m: 6.833333333333333

Residual: 0.3440664955109096


epsilon: 6.335416666666667

m: 7.0

Residual: 0.3903212369473702


epsilon: 6.668333333333334

m: 3.0

Residual: 0.9802205679033605


epsilon: 6.668333333333334

m: 3.1666666666666665

Residual: 0.9716252280779435


epsilon: 6.668333333333334

m: 3.3333333333333335

Residual: 0.9598103241645952


epsilon: 6.668333333333334

m: 3.5

Residual: 0.9438682320567215


epsilon: 6.668333333333334

m: 3.6666666666666665

Residual: 0.9227779263744147


epsilon: 6.668333333333334

m: 3.833333333333333

Residual: 0.8954983873710969


epsilon: 6.668333333333334

m: 4.0

Residual: 0.8610797630503333


epsilon: 6.668333333333334

m: 4.166666666666666

Residual: 0.818646801356448


epsilon: 6.668333333333334

m: 4.333333333333333

Residual: 0.767852844597989


epsilon: 6.668333333333334

m: 4.5

Residual: 0.7086679973834568


epsilon: 6.668333333333334

m: 4.666666666666666

Residual: 0.6416602453269793


epsilon: 6.668333333333334

m: 4.833333333333333

Residual: 0.5675525015750501


epsilon: 6.668333333333334

m: 5.0

Residual: 0.4875626882298272


epsilon: 6.668333333333334

m: 5.166666666666666

Residual: 0.40586319964298806


epsilon: 6.668333333333334

m: 5.333333333333333

Residual: 0.3211311738153898


epsilon: 6.668333333333334

m: 5.5

Residual: 0.2358641772803253


epsilon: 6.668333333333334

m: 5.666666666666666

Residual: 0.15994854897065472


epsilon: 6.668333333333334

m: 5.833333333333333

Residual: 0.11954830298612257


epsilon: 6.668333333333334

m: 6.0

Residual: 0.10824959533027988


epsilon: 6.668333333333334

m: 6.166666666666666

Residual: 0.11860581375650954


epsilon: 6.668333333333334

m: 6.333333333333333

Residual: 0.15170377723852563


epsilon: 6.668333333333334

m: 6.5

Residual: 0.20532675995565863


epsilon: 6.668333333333334

m: 6.666666666666666

Residual: 0.27208764339318237


epsilon: 6.668333333333334

m: 6.833333333333333

Residual: 0.3248009959848241


epsilon: 6.668333333333334

m: 7.0

Residual: 0.36854415605638796


epsilon: 7.001250000000001

m: 3.0

Residual: 0.9811526434585144


epsilon: 7.001250000000001

m: 3.1666666666666665

Residual: 0.9729558549807249


epsilon: 7.001250000000001

m: 3.3333333333333335

Residual: 0.9616839148691146


epsilon: 7.001250000000001

m: 3.5

Residual: 0.9464586377886236


epsilon: 7.001250000000001

m: 3.6666666666666665

Residual: 0.9263159481214871


epsilon: 7.001250000000001

m: 3.833333333333333

Residual: 0.9002211552394201


epsilon: 7.001250000000001

m: 4.0

Residual: 0.8671935952615034


epsilon: 7.001250000000001

m: 4.166666666666666

Residual: 0.8265431422640244


epsilon: 7.001250000000001

m: 4.333333333333333

Residual: 0.7776334491989303


epsilon: 7.001250000000001

m: 4.5

Residual: 0.7205827879511448


epsilon: 7.001250000000001

m: 4.666666666666666

Residual: 0.6555645724794845


epsilon: 7.001250000000001

m: 4.833333333333333

Residual: 0.5838737503727167


epsilon: 7.001250000000001

m: 5.0

Residual: 0.5062975927257113


epsilon: 7.001250000000001

m: 5.166666666666666

Residual: 0.4255383298226327


epsilon: 7.001250000000001

m: 5.333333333333333

Residual: 0.34195961577812123


epsilon: 7.001250000000001

m: 5.5

Residual: 0.2574377524471065


epsilon: 7.001250000000001

m: 5.666666666666666

Residual: 0.1813498488143202


epsilon: 7.001250000000001

m: 5.833333333333333

Residual: 0.13491497314481893


epsilon: 7.001250000000001

m: 6.0

Residual: 0.1178227206015483


epsilon: 7.001250000000001

m: 6.166666666666666

Residual: 0.11971632514142012


epsilon: 7.001250000000001

m: 6.333333333333333

Residual: 0.1420717034114681


epsilon: 7.001250000000001

m: 6.5

Residual: 0.18782359431682275


epsilon: 7.001250000000001

m: 6.666666666666666

Residual: 0.24613920726286415


epsilon: 7.001250000000001

m: 6.833333333333333

Residual: 0.30147854299314636


epsilon: 7.001250000000001

m: 7.0

Residual: 0.35029687771548845


epsilon: 7.334166666666667

m: 3.0

Residual: 0.9820006511184579


epsilon: 7.334166666666667

m: 3.1666666666666665

Residual: 0.9741687619240413


epsilon: 7.334166666666667

m: 3.3333333333333335

Residual: 0.9633939854916365


epsilon: 7.334166666666667

m: 3.5

Residual: 0.9488277782231427


epsilon: 7.334166666666667

m: 3.6666666666666665

Residual: 0.929545307944203


epsilon: 7.334166666666667

m: 3.833333333333333

Residual: 0.9045387775236374


epsilon: 7.334166666666667

m: 4.0

Residual: 0.8728623095975456


epsilon: 7.334166666666667

m: 4.166666666666666

Residual: 0.8337631913289076


epsilon: 7.334166666666667

m: 4.333333333333333

Residual: 0.7866880796093675


epsilon: 7.334166666666667

m: 4.5

Residual: 0.7315599875007472


epsilon: 7.334166666666667

m: 4.666666666666666

Residual: 0.6685218728077219


epsilon: 7.334166666666667

m: 4.833333333333333

Residual: 0.5991964602885215


epsilon: 7.334166666666667

m: 5.0

Residual: 0.5233104986402566


epsilon: 7.334166666666667

m: 5.166666666666666

Residual: 0.44440193068026984


epsilon: 7.334166666666667

m: 5.333333333333333

Residual: 0.3623333542769998


epsilon: 7.334166666666667

m: 5.5

Residual: 0.28000408931114273


epsilon: 7.334166666666667

m: 5.666666666666666

Residual: 0.2022512552433729


epsilon: 7.334166666666667

m: 5.833333333333333

Residual: 0.15068400189756734


epsilon: 7.334166666666667

m: 6.0

Residual: 0.12538385490087905


epsilon: 7.334166666666667

m: 6.166666666666666

Residual: 0.12347832075114137


epsilon: 7.334166666666667

m: 6.333333333333333

Residual: 0.14013198983640435


epsilon: 7.334166666666667

m: 6.5

Residual: 0.16935599763677678


epsilon: 7.334166666666667

m: 6.666666666666666

Residual: 0.21860986215413097


epsilon: 7.334166666666667

m: 6.833333333333333

Residual: 0.2805352408964974


epsilon: 7.334166666666667

m: 7.0

Residual: 0.32760276095954766


epsilon: 7.667083333333334

m: 3.0

Residual: 0.9827759929298794


epsilon: 7.667083333333334

m: 3.1666666666666665

Residual: 0.9752762330655133


epsilon: 7.667083333333334

m: 3.3333333333333335

Residual: 0.9649512513712375


epsilon: 7.667083333333334

m: 3.5

Residual: 0.9510022344832034


epsilon: 7.667083333333334

m: 3.6666666666666665

Residual: 0.9324958535180391


epsilon: 7.667083333333334

m: 3.833333333333333

Residual: 0.9084993971032947


epsilon: 7.667083333333334

m: 4.0

Residual: 0.8780483640521781


epsilon: 7.667083333333334

m: 4.166666666666666

Residual: 0.8403737351201167


epsilon: 7.667083333333334

m: 4.333333333333333

Residual: 0.794925199612753


epsilon: 7.667083333333334

m: 4.5

Residual: 0.7416371988788697


epsilon: 7.667083333333334

m: 4.666666666666666

Residual: 0.6805150702861504


epsilon: 7.667083333333334

m: 4.833333333333333

Residual: 0.6131290609115325


epsilon: 7.667083333333334

m: 5.0

Residual: 0.5396758145092405


epsilon: 7.667083333333334

m: 5.166666666666666

Residual: 0.4622878968805292


epsilon: 7.667083333333334

m: 5.333333333333333

Residual: 0.3806240600860235


epsilon: 7.667083333333334

m: 5.5

Residual: 0.3002638203905388


epsilon: 7.667083333333334

m: 5.666666666666666

Residual: 0.2209509489174528


epsilon: 7.667083333333334

m: 5.833333333333333

Residual: 0.1631806865038335


epsilon: 7.667083333333334

m: 6.0

Residual: 0.13661249719932725


epsilon: 7.667083333333334

m: 6.166666666666666

Residual: 0.12976963080639775


epsilon: 7.667083333333334

m: 6.333333333333333

Residual: 0.13936810732224303


epsilon: 7.667083333333334

m: 6.5

Residual: 0.16516342402410658


epsilon: 7.667083333333334

m: 6.666666666666666

Residual: 0.20674876262317418


epsilon: 7.667083333333334

m: 6.833333333333333

Residual: 0.25890253382355627


epsilon: 7.667083333333334

m: 7.0

Residual: 0.30795049013660997


epsilon: 8.0

m: 3.0

Residual: 0.9834864890393721


epsilon: 8.0

m: 3.1666666666666665

Residual: 0.9762927441302028


epsilon: 8.0

m: 3.3333333333333335

Residual: 0.9663878929789723


epsilon: 8.0

m: 3.5

Residual: 0.952991767395392


epsilon: 8.0

m: 3.6666666666666665

Residual: 0.9352070727289525


epsilon: 8.0

m: 3.833333333333333

Residual: 0.9121377200363829


epsilon: 8.0

m: 4.0

Residual: 0.8828377065342793


epsilon: 8.0

m: 4.166666666666666

Residual: 0.8465190263581197


epsilon: 8.0

m: 4.333333333333333

Residual: 0.802644124641115


epsilon: 8.0

m: 4.5

Residual: 0.7510863794029247


epsilon: 8.0

m: 4.666666666666666

Residual: 0.6915987853346489


epsilon: 8.0

m: 4.833333333333333

Residual: 0.6261911291471726


epsilon: 8.0

m: 5.0

Residual: 0.5543505931867908


epsilon: 8.0

m: 5.166666666666666

Residual: 0.47878777449406285


epsilon: 8.0

m: 5.333333333333333

Residual: 0.3988123304282275


epsilon: 8.0

m: 5.5

Residual: 0.31841799865665454


epsilon: 8.0

m: 5.666666666666666

Residual: 0.24111213810347648


epsilon: 8.0

m: 5.833333333333333

Residual: 0.18350160274453997


epsilon: 8.0

m: 6.0

Residual: 0.14925377357956912


epsilon: 8.0

m: 6.166666666666666

Residual: 0.13800411409879867


epsilon: 8.0

m: 6.333333333333333

Residual: 0.13978325841186748


epsilon: 8.0

m: 6.5

Residual: 0.15974950019900697


epsilon: 8.0

m: 6.666666666666666

Residual: 0.19133387593829018


epsilon: 8.0

m: 6.833333333333333

Residual: 0.23823069126153135


epsilon: 8.0

m: 7.0

Residual: 0.289939522054202


