epsilon: 0.01

m: 3.0

Residual: 0.708367507365715


epsilon: 0.01

m: 3.0

Residual: 0.7083762145980491


epsilon: 0.01

m: 3.1666666666666665

Residual: 0.7894413758087571


epsilon: 0.01

m: 3.3333333333333335

Residual: 0.849095281440499


epsilon: 0.01

m: 3.5

Residual: 0.8916082373242052


epsilon: 0.01

m: 3.6666666666666665

Residual: 0.9216294257948391


epsilon: 0.01

m: 3.833333333333333

Residual: 0.9428298535957589


epsilon: 0.01

m: 4.0

Residual: 0.9578197296959424


epsilon: 0.01

m: 4.166666666666666

Residual: 0.9684924560074424


epsilon: 0.01

m: 4.333333333333333

Residual: 0.976147247695353


epsilon: 0.01

m: 4.5

Residual: 0.9816924055184871


epsilon: 0.01

m: 4.666666666666666

Residual: 0.9857477076879232


epsilon: 0.01

m: 4.833333333333333

Residual: 0.9887302819493278


epsilon: 0.01

m: 5.0

Residual: 0.9909812664991342


epsilon: 0.01

m: 5.166666666666666

Residual: 0.9926866741108751


epsilon: 0.01

m: 5.333333333333333

Residual: 0.9939948956885749


epsilon: 0.01

m: 5.5

Residual: 0.9950108365615215


epsilon: 0.01

m: 5.666666666666666

Residual: 0.9958052251272334


epsilon: 0.01

m: 5.833333333333333

Residual: 0.9964345740138861


epsilon: 0.01

m: 6.0

Residual: 0.9969482330152865


epsilon: 0.01

m: 6.166666666666666

Residual: 0.9973603483071383


epsilon: 0.01

m: 6.333333333333333

Residual: 0.9976952821664083


epsilon: 0.01

m: 6.5

Residual: 0.9979767899451704


epsilon: 0.01

m: 6.666666666666666

Residual: 0.9982220187798145


epsilon: 0.01

m: 6.833333333333333

Residual: 0.9984152859656513


epsilon: 0.01

m: 7.0

Residual: 0.9985751885517306


epsilon: 0.3429166666666667

m: 3.0

Residual: 0.7096058071647164


epsilon: 0.3429166666666667

m: 3.1666666666666665

Residual: 0.6031319799374328


epsilon: 0.3429166666666667

m: 3.3333333333333335

Residual: 0.49083654733060483


epsilon: 0.3429166666666667

m: 3.5

Residual: 0.38568422662493446


epsilon: 0.3429166666666667

m: 3.6666666666666665

Residual: 0.30509441177159907


epsilon: 0.3429166666666667

m: 3.833333333333333

Residual: 0.2610263347983528


epsilon: 0.3429166666666667

m: 4.0

Residual: 0.2650421547629961


epsilon: 0.3429166666666667

m: 4.166666666666666

Residual: 0.31963817743268386


epsilon: 0.3429166666666667

m: 4.333333333333333

Residual: 0.4152059212100276


epsilon: 0.3429166666666667

m: 4.5

Residual: 0.5187324028610091


epsilon: 0.3429166666666667

m: 4.666666666666666

Residual: 0.6049043265403148


epsilon: 0.3429166666666667

m: 4.833333333333333

Residual: 0.6749846172483296


epsilon: 0.3429166666666667

m: 5.0

Residual: 0.731238059879761


epsilon: 0.3429166666666667

m: 5.166666666666666

Residual: 0.77650902767545


epsilon: 0.3429166666666667

m: 5.333333333333333

Residual: 0.8129245566349127


epsilon: 0.3429166666666667

m: 5.5

Residual: 0.8415067781428276


epsilon: 0.3429166666666667

m: 5.666666666666666

Residual: 0.8653826311617654


epsilon: 0.3429166666666667

m: 5.833333333333333

Residual: 0.8844881427398696


epsilon: 0.3429166666666667

m: 6.0

Residual: 0.9003567900124011


epsilon: 0.3429166666666667

m: 6.166666666666666

Residual: 0.9131134435102326


epsilon: 0.3429166666666667

m: 6.333333333333333

Residual: 0.9240472245285126


epsilon: 0.3429166666666667

m: 6.5

Residual: 0.9329921086699701


epsilon: 0.3429166666666667

m: 6.666666666666666

Residual: 0.9410127080476973


epsilon: 0.3429166666666667

m: 6.833333333333333

Residual: 0.9465758431508956


epsilon: 0.3429166666666667

m: 7.0

Residual: 0.9522364870576628


epsilon: 0.6758333333333334

m: 3.0

Residual: 0.8413124927581263


epsilon: 0.6758333333333334

m: 3.1666666666666665

Residual: 0.7766057518776527


epsilon: 0.6758333333333334

m: 3.3333333333333335

Residual: 0.6930177803576432


epsilon: 0.6758333333333334

m: 3.5

Residual: 0.5895625594811874


epsilon: 0.6758333333333334

m: 3.6666666666666665

Residual: 0.4720408256557795


epsilon: 0.6758333333333334

m: 3.833333333333333

Residual: 0.35723815994744434


epsilon: 0.6758333333333334

m: 4.0

Residual: 0.26226850431816506


epsilon: 0.6758333333333334

m: 4.166666666666666

Residual: 0.20243195513473794


epsilon: 0.6758333333333334

m: 4.333333333333333

Residual: 0.19207157921549417


epsilon: 0.6758333333333334

m: 4.5

Residual: 0.24435015335767263


epsilon: 0.6758333333333334

m: 4.666666666666666

Residual: 0.3465610123474551


epsilon: 0.6758333333333334

m: 4.833333333333333

Residual: 0.4466468500987612


epsilon: 0.6758333333333334

m: 5.0

Residual: 0.5314459211197381


epsilon: 0.6758333333333334

m: 5.166666666666666

Residual: 0.6026007152193926


epsilon: 0.6758333333333334

m: 5.333333333333333

Residual: 0.6619072435959664


epsilon: 0.6758333333333334

m: 5.5

Residual: 0.7106696168922243


epsilon: 0.6758333333333334

m: 5.666666666666666

Residual: 0.7508515803648117


epsilon: 0.6758333333333334

m: 5.833333333333333

Residual: 0.7853663618325687


epsilon: 0.6758333333333334

m: 6.0

Residual: 0.8133701446982055


epsilon: 0.6758333333333334

m: 6.166666666666666

Residual: 0.8363716829525322


epsilon: 0.6758333333333334

m: 6.333333333333333

Residual: 0.8551821037328787


epsilon: 0.6758333333333334

m: 6.5

Residual: 0.8715820985659264


epsilon: 0.6758333333333334

m: 6.666666666666666

Residual: 0.8862321173227263


epsilon: 0.6758333333333334

m: 6.833333333333333

Residual: 0.8984499584474381


epsilon: 0.6758333333333334

m: 7.0

Residual: 0.9083545697191342


epsilon: 1.00875

m: 3.0

Residual: 0.8908210626029864


epsilon: 1.00875

m: 3.1666666666666665

Residual: 0.8445942990326563


epsilon: 1.00875

m: 3.3333333333333335

Residual: 0.7833557161019227


epsilon: 1.00875

m: 3.5

Residual: 0.705049822714307


epsilon: 1.00875

m: 3.6666666666666665

Residual: 0.6088604632075841


epsilon: 1.00875

m: 3.833333333333333

Residual: 0.4960209394830092


epsilon: 1.00875

m: 4.0

Residual: 0.37608812711227885


epsilon: 1.00875

m: 4.166666666666666

Residual: 0.2651442085657931


epsilon: 1.00875

m: 4.333333333333333

Residual: 0.1817382835097144


epsilon: 1.00875

m: 4.5

Residual: 0.14254497146180403


epsilon: 1.00875

m: 4.666666666666666

Residual: 0.17285248403199702


epsilon: 1.00875

m: 4.833333333333333

Residual: 0.2726268770236843


epsilon: 1.00875

m: 5.0

Residual: 0.3726980351259637


epsilon: 1.00875

m: 5.166666666666666

Residual: 0.45987482240961963


epsilon: 1.00875

m: 5.333333333333333

Residual: 0.5340573779424378


epsilon: 1.00875

m: 5.5

Residual: 0.5971667872598618


epsilon: 1.00875

m: 5.666666666666666

Residual: 0.6503928850925146


epsilon: 1.00875

m: 5.833333333333333

Residual: 0.69521051695767


epsilon: 1.00875

m: 6.0

Residual: 0.7323368962365071


epsilon: 1.00875

m: 6.166666666666666

Residual: 0.764852518758107


epsilon: 1.00875

m: 6.333333333333333

Residual: 0.7914536517227754


epsilon: 1.00875

m: 6.5

Residual: 0.8144569814765368


epsilon: 1.00875

m: 6.666666666666666

Residual: 0.8343981707952205


epsilon: 1.00875

m: 6.833333333333333

Residual: 0.8506886402347485


epsilon: 1.00875

m: 7.0

Residual: 0.8669062318944439


epsilon: 1.3416666666666668

m: 3.0

Residual: 0.9167875200479503


epsilon: 1.3416666666666668

m: 3.1666666666666665

Residual: 0.8808614218364456


epsilon: 1.3416666666666668

m: 3.3333333333333335

Residual: 0.8326213624988902


epsilon: 1.3416666666666668

m: 3.5

Residual: 0.7698140603391876


epsilon: 1.3416666666666668

m: 3.6666666666666665

Residual: 0.6909288425915161


epsilon: 1.3416666666666668

m: 3.833333333333333

Residual: 0.5957614299898606


epsilon: 1.3416666666666668

m: 4.0

Residual: 0.48594041452534564


epsilon: 1.3416666666666668

m: 4.166666666666666

Residual: 0.36446881526033315


epsilon: 1.3416666666666668

m: 4.333333333333333

Residual: 0.2509331569640052


epsilon: 1.3416666666666668

m: 4.5

Residual: 0.15782767933687442


epsilon: 1.3416666666666668

m: 4.666666666666666

Residual: 0.10806386695754681


epsilon: 1.3416666666666668

m: 4.833333333333333

Residual: 0.13992730120893562


epsilon: 1.3416666666666668

m: 5.0

Residual: 0.24404436536869514


epsilon: 1.3416666666666668

m: 5.166666666666666

Residual: 0.3401555247371398


epsilon: 1.3416666666666668

m: 5.333333333333333

Residual: 0.42538563708358584


epsilon: 1.3416666666666668

m: 5.5

Residual: 0.49883127318927295


epsilon: 1.3416666666666668

m: 5.666666666666666

Residual: 0.5603071489240283


epsilon: 1.3416666666666668

m: 5.833333333333333

Residual: 0.6142341214000152


epsilon: 1.3416666666666668

m: 6.0

Residual: 0.6604828790267115


epsilon: 1.3416666666666668

m: 6.166666666666666

Residual: 0.6996700965630659


epsilon: 1.3416666666666668

m: 6.333333333333333

Residual: 0.7329284279344126


epsilon: 1.3416666666666668

m: 6.5

Residual: 0.7607005398381921


epsilon: 1.3416666666666668

m: 6.666666666666666

Residual: 0.7863566255626607


epsilon: 1.3416666666666668

m: 6.833333333333333

Residual: 0.8075783232674024


epsilon: 1.3416666666666668

m: 7.0

Residual: 0.8236080172292481


epsilon: 1.6745833333333335

m: 3.0

Residual: 0.9327726597996802


epsilon: 1.6745833333333335

m: 3.1666666666666665

Residual: 0.9034067374155046


epsilon: 1.6745833333333335

m: 3.3333333333333335

Residual: 0.8636262625180949


epsilon: 1.6745833333333335

m: 3.5

Residual: 0.8112731367784657


epsilon: 1.6745833333333335

m: 3.6666666666666665

Residual: 0.7445501665810625


epsilon: 1.6745833333333335

m: 3.833333333333333

Residual: 0.6625937206134767


epsilon: 1.6745833333333335

m: 4.0

Residual: 0.5658747453549826


epsilon: 1.6745833333333335

m: 4.166666666666666

Residual: 0.45645569360641935


epsilon: 1.6745833333333335

m: 4.333333333333333

Residual: 0.33818870075713814


epsilon: 1.6745833333333335

m: 4.5

Residual: 0.22339236042586944


epsilon: 1.6745833333333335

m: 4.666666666666666

Residual: 0.12781940463042818


epsilon: 1.6745833333333335

m: 4.833333333333333

Residual: 0.07690156001723118


epsilon: 1.6745833333333335

m: 5.0

Residual: 0.1375469388625265


epsilon: 1.6745833333333335

m: 5.166666666666666

Residual: 0.23882873896305556


epsilon: 1.6745833333333335

m: 5.333333333333333

Residual: 0.33083428717136665


epsilon: 1.6745833333333335

m: 5.5

Residual: 0.4105652469394275


epsilon: 1.6745833333333335

m: 5.666666666666666

Residual: 0.4792181296360689


epsilon: 1.6745833333333335

m: 5.833333333333333

Residual: 0.5403022008296667


epsilon: 1.6745833333333335

m: 6.0

Residual: 0.591728628484251


epsilon: 1.6745833333333335

m: 6.166666666666666

Residual: 0.6383781084384732


epsilon: 1.6745833333333335

m: 6.333333333333333

Residual: 0.6768332973905546


epsilon: 1.6745833333333335

m: 6.5

Residual: 0.7092684966024805


epsilon: 1.6745833333333335

m: 6.666666666666666

Residual: 0.7406310499082379


epsilon: 1.6745833333333335

m: 6.833333333333333

Residual: 0.7656910083392011


epsilon: 1.6745833333333335

m: 7.0

Residual: 0.7869683003513733


epsilon: 2.0075

m: 3.0

Residual: 0.9436079652383811


epsilon: 2.0075

m: 3.1666666666666665

Residual: 0.9187744029942654


epsilon: 2.0075

m: 3.3333333333333335

Residual: 0.884938400393134


epsilon: 2.0075

m: 3.5

Residual: 0.8400442592203144


epsilon: 2.0075

m: 3.6666666666666665

Residual: 0.7822960232979246


epsilon: 2.0075

m: 3.833333333333333

Residual: 0.7104359133337134


epsilon: 2.0075

m: 4.0

Residual: 0.6243774912072194


epsilon: 2.0075

m: 4.166666666666666

Residual: 0.5252382642247986


epsilon: 2.0075

m: 4.333333333333333

Residual: 0.41571537354368565


epsilon: 2.0075

m: 4.5

Residual: 0.29917469194700885


epsilon: 2.0075

m: 4.666666666666666

Residual: 0.18657796743829527


epsilon: 2.0075

m: 4.833333333333333

Residual: 0.0930575259656327


epsilon: 2.0075

m: 5.0

Residual: 0.0522848307541825


epsilon: 2.0075

m: 5.166666666666666

Residual: 0.15153813798366983


epsilon: 2.0075

m: 5.333333333333333

Residual: 0.24581118931347645


epsilon: 2.0075

m: 5.5

Residual: 0.3311910441746771


epsilon: 2.0075

m: 5.666666666666666

Residual: 0.40751713302416503


epsilon: 2.0075

m: 5.833333333333333

Residual: 0.47346528538781535


epsilon: 2.0075

m: 6.0

Residual: 0.5300840586177538


epsilon: 2.0075

m: 6.166666666666666

Residual: 0.5816041762958277


epsilon: 2.0075

m: 6.333333333333333

Residual: 0.624335295205221


epsilon: 2.0075

m: 6.5

Residual: 0.6633699363375981


epsilon: 2.0075

m: 6.666666666666666

Residual: 0.695082932693668


epsilon: 2.0075

m: 6.833333333333333

Residual: 0.7235533328002012


epsilon: 2.0075

m: 7.0

Residual: 0.7517889574023549


epsilon: 2.3404166666666666

m: 3.0

Residual: 0.9514340131629089


epsilon: 2.3404166666666666

m: 3.1666666666666665

Residual: 0.929924677549583


epsilon: 2.3404166666666666

m: 3.3333333333333335

Residual: 0.9004954128532737


epsilon: 2.3404166666666666

m: 3.5

Residual: 0.8612249033243401


epsilon: 2.3404166666666666

m: 3.6666666666666665

Residual: 0.8103262859608945


epsilon: 2.3404166666666666

m: 3.833333333333333

Residual: 0.7464251708233467


epsilon: 2.3404166666666666

m: 4.0

Residual: 0.6689198096659886


epsilon: 2.3404166666666666

m: 4.166666666666666

Residual: 0.5785532311632877


epsilon: 2.3404166666666666

m: 4.333333333333333

Residual: 0.4770095315412262


epsilon: 2.3404166666666666

m: 4.5

Residual: 0.3675264595450271


epsilon: 2.3404166666666666

m: 4.666666666666666

Residual: 0.25434131558708317


epsilon: 2.3404166666666666

m: 4.833333333333333

Residual: 0.1441094197982618


epsilon: 2.3404166666666666

m: 5.0

Residual: 0.05439778596599518


epsilon: 2.3404166666666666

m: 5.166666666666666

Residual: 0.07629472520402251


epsilon: 2.3404166666666666

m: 5.333333333333333

Residual: 0.17363806144313518


epsilon: 2.3404166666666666

m: 5.5

Residual: 0.261763388715896


epsilon: 2.3404166666666666

m: 5.666666666666666

Residual: 0.3408477541235083


epsilon: 2.3404166666666666

m: 5.833333333333333

Residual: 0.41177334157502193


epsilon: 2.3404166666666666

m: 6.0

Residual: 0.47258702006835057


epsilon: 2.3404166666666666

m: 6.166666666666666

Residual: 0.5272564019304056


epsilon: 2.3404166666666666

m: 6.333333333333333

Residual: 0.5759459271949476


epsilon: 2.3404166666666666

m: 6.5

Residual: 0.6167641777385396


epsilon: 2.3404166666666666

m: 6.666666666666666

Residual: 0.6538169994854398


epsilon: 2.3404166666666666

m: 6.833333333333333

Residual: 0.6840374840129718


epsilon: 2.3404166666666666

m: 7.0

Residual: 0.7151596957781899


epsilon: 2.6733333333333333

m: 3.0

Residual: 0.9573525940009955


epsilon: 2.6733333333333333

m: 3.1666666666666665

Residual: 0.9383808980647858


epsilon: 2.6733333333333333

m: 3.3333333333333335

Residual: 0.9123462128556397


epsilon: 2.6733333333333333

m: 3.5

Residual: 0.8774453736123423


epsilon: 2.6733333333333333

m: 3.6666666666666665

Residual: 0.8319563401711207


epsilon: 2.6733333333333333

m: 3.833333333333333

Residual: 0.7744312755719459


epsilon: 2.6733333333333333

m: 4.0

Residual: 0.7041365846251052


epsilon: 2.6733333333333333

m: 4.166666666666666

Residual: 0.6211531126060793


epsilon: 2.6733333333333333

m: 4.333333333333333

Residual: 0.5269024490770164


epsilon: 2.6733333333333333

m: 4.5

Residual: 0.42350343776115473


epsilon: 2.6733333333333333

m: 4.666666666666666

Residual: 0.31472907393283694


epsilon: 2.6733333333333333

m: 4.833333333333333

Residual: 0.20433402816395896


epsilon: 2.6733333333333333

m: 5.0

Residual: 0.0994779329107029


epsilon: 2.6733333333333333

m: 5.166666666666666

Residual: 0.02211110801605599


epsilon: 2.6733333333333333

m: 5.333333333333333

Residual: 0.10835440111682083


epsilon: 2.6733333333333333

m: 5.5

Residual: 0.1987548570460458


epsilon: 2.6733333333333333

m: 5.666666666666666

Residual: 0.28070113413236636


epsilon: 2.6733333333333333

m: 5.833333333333333

Residual: 0.35354882929868053


epsilon: 2.6733333333333333

m: 6.0

Residual: 0.41863574266307435


epsilon: 2.6733333333333333

m: 6.166666666666666

Residual: 0.47896097545394367


epsilon: 2.6733333333333333

m: 6.333333333333333

Residual: 0.528193985655072


epsilon: 2.6733333333333333

m: 6.5

Residual: 0.5722677647798718


epsilon: 2.6733333333333333

m: 6.666666666666666

Residual: 0.6157719020341312


epsilon: 2.6733333333333333

m: 6.833333333333333

Residual: 0.647730990696092


epsilon: 2.6733333333333333

m: 7.0

Residual: 0.6803284015283352


epsilon: 3.00625

m: 3.0

Residual: 0.9619857084497723


epsilon: 3.00625

m: 3.1666666666666665

Residual: 0.9450160329003676


epsilon: 3.00625

m: 3.3333333333333335

Residual: 0.9216707543889996


epsilon: 3.00625

m: 3.5

Residual: 0.8902737968931611


epsilon: 3.00625

m: 3.6666666666666665

Residual: 0.8491860996809882


epsilon: 3.00625

m: 3.833333333333333

Residual: 0.7968679393872355


epsilon: 3.00625

m: 4.0

Residual: 0.7324956824937181


epsilon: 3.00625

m: 4.166666666666666

Residual: 0.6558837854284322


epsilon: 3.00625

m: 4.333333333333333

Residual: 0.5679184531067022


epsilon: 3.00625

m: 4.5

Residual: 0.4705998027253165


epsilon: 3.00625

m: 4.666666666666666

Residual: 0.36676987035552866


epsilon: 3.00625

m: 4.833333333333333

Residual: 0.25938489807378745


epsilon: 3.00625

m: 5.0

Residual: 0.153567957959469


epsilon: 3.00625

m: 5.166666666666666

Residual: 0.054175408237641415


epsilon: 3.00625

m: 5.333333333333333

Residual: 0.04996696738052104


epsilon: 3.00625

m: 5.5

Residual: 0.14128002429797287


epsilon: 3.00625

m: 5.666666666666666

Residual: 0.22572882912165426


epsilon: 3.00625

m: 5.833333333333333

Residual: 0.3012560772577183


epsilon: 3.00625

m: 6.0

Residual: 0.3694607675617958


epsilon: 3.00625

m: 6.166666666666666

Residual: 0.4310701451082322


epsilon: 3.00625

m: 6.333333333333333

Residual: 0.48738000444104645


epsilon: 3.00625

m: 6.5

Residual: 0.5329946071069367


epsilon: 3.00625

m: 6.666666666666666

Residual: 0.5746337371675434


epsilon: 3.00625

m: 6.833333333333333

Residual: 0.6143772825834299


epsilon: 3.00625

m: 7.0

Residual: 0.649833327571069


epsilon: 3.339166666666667

m: 3.0

Residual: 0.9657103010839977


epsilon: 3.339166666666667

m: 3.1666666666666665

Residual: 0.9503656175428823


epsilon: 3.339166666666667

m: 3.3333333333333335

Residual: 0.929205568813627


epsilon: 3.339166666666667

m: 3.5

Residual: 0.9006736113202349


epsilon: 3.339166666666667

m: 3.6666666666666665

Residual: 0.8631750778653066


epsilon: 3.339166666666667

m: 3.833333333333333

Residual: 0.8152602395970436


epsilon: 3.339166666666667

m: 4.0

Residual: 0.7558856250859756


epsilon: 3.339166666666667

m: 4.166666666666666

Residual: 0.6848019087710279


epsilon: 3.339166666666667

m: 4.333333333333333

Residual: 0.6022930337980877


epsilon: 3.339166666666667

m: 4.5

Residual: 0.5104245111838259


epsilon: 3.339166666666667

m: 4.666666666666666

Residual: 0.4112673571292625


epsilon: 3.339166666666667

m: 4.833333333333333

Residual: 0.3082265678202689


epsilon: 3.339166666666667

m: 5.0

Residual: 0.20371963893698028


epsilon: 3.339166666666667

m: 5.166666666666666

Residual: 0.10113837474360882


epsilon: 3.339166666666667

m: 5.333333333333333

Residual: 0.03348118697010053


epsilon: 3.339166666666667

m: 5.5

Residual: 0.0894623422893851


epsilon: 3.339166666666667

m: 5.666666666666666

Residual: 0.1737072386569908


epsilon: 3.339166666666667

m: 5.833333333333333

Residual: 0.25371395306461464


epsilon: 3.339166666666667

m: 6.0

Residual: 0.32397218324552307


epsilon: 3.339166666666667

m: 6.166666666666666

Residual: 0.3873227232508353


epsilon: 3.339166666666667

m: 6.333333333333333

Residual: 0.4453353685042313


epsilon: 3.339166666666667

m: 6.5

Residual: 0.49379008009846287


epsilon: 3.339166666666667

m: 6.666666666666666

Residual: 0.5399073513300561


epsilon: 3.339166666666667

m: 6.833333333333333

Residual: 0.5796141087579062


epsilon: 3.339166666666667

m: 7.0

Residual: 0.6157767406318746


epsilon: 3.6720833333333336

m: 3.0

Residual: 0.9687713074710963


epsilon: 3.6720833333333336

m: 3.1666666666666665

Residual: 0.9547631859381324


epsilon: 3.6720833333333336

m: 3.3333333333333335

Residual: 0.9354143249211065


epsilon: 3.6720833333333336

m: 3.5

Residual: 0.9092720014892106


epsilon: 3.6720833333333336

m: 3.6666666666666665

Residual: 0.8748042176357268


epsilon: 3.6720833333333336

m: 3.833333333333333

Residual: 0.8305919285337888


epsilon: 3.6720833333333336

m: 4.0

Residual: 0.7755132872753948


epsilon: 3.6720833333333336

m: 4.166666666666666

Residual: 0.7091980738551715


epsilon: 3.6720833333333336

m: 4.333333333333333

Residual: 0.6317673112850359


epsilon: 3.6720833333333336

m: 4.5

Residual: 0.5447391553494151


epsilon: 3.6720833333333336

m: 4.666666666666666

Residual: 0.4500284341463007


epsilon: 3.6720833333333336

m: 4.833333333333333

Residual: 0.35048100399443866


epsilon: 3.6720833333333336

m: 5.0

Residual: 0.24843704676024364


epsilon: 3.6720833333333336

m: 5.166666666666666

Residual: 0.14714012818291247


epsilon: 3.6720833333333336

m: 5.333333333333333

Residual: 0.05712771561313218


epsilon: 3.6720833333333336

m: 5.5

Residual: 0.050516323034314005


epsilon: 3.6720833333333336

m: 5.666666666666666

Residual: 0.12975055381186773


epsilon: 3.6720833333333336

m: 5.833333333333333

Residual: 0.20924902963453235


epsilon: 3.6720833333333336

m: 6.0

Residual: 0.28183684745800275


epsilon: 3.6720833333333336

m: 6.166666666666666

Residual: 0.34625404042252517


epsilon: 3.6720833333333336

m: 6.333333333333333

Residual: 0.405110744702825


epsilon: 3.6720833333333336

m: 6.5

Residual: 0.4584961844055653


epsilon: 3.6720833333333336

m: 6.666666666666666

Residual: 0.5044878634196228


epsilon: 3.6720833333333336

m: 6.833333333333333

Residual: 0.5470243307431085


epsilon: 3.6720833333333336

m: 7.0

Residual: 0.5871267973513146


epsilon: 4.005

m: 3.0

Residual: 0.9713309396320532


epsilon: 4.005

m: 3.1666666666666665

Residual: 0.958443430671749


epsilon: 4.005

m: 3.3333333333333335

Residual: 0.9406218491126928


epsilon: 4.005

m: 3.5

Residual: 0.9164997705020834


epsilon: 4.005

m: 3.6666666666666665

Residual: 0.8846142695626654


epsilon: 4.005

m: 3.833333333333333

Residual: 0.8435821715770854


epsilon: 4.005

m: 4.0

Residual: 0.7923044907814745


epsilon: 4.005

m: 4.166666666666666

Residual: 0.730101427556167


epsilon: 4.005

m: 4.333333333333333

Residual: 0.6572959570374141


epsilon: 4.005

m: 4.5

Residual: 0.5747322454311572


epsilon: 4.005

m: 4.666666666666666

Residual: 0.48409462560624617


epsilon: 4.005

m: 4.833333333333333

Residual: 0.3879522635771096


epsilon: 4.005

m: 5.0

Residual: 0.28911199315200176


epsilon: 4.005

m: 5.166666666666666

Residual: 0.19042628194071895


epsilon: 4.005

m: 5.333333333333333

Residual: 0.09485183257429566


epsilon: 4.005

m: 5.5

Residual: 0.05380689717686245


epsilon: 4.005

m: 5.666666666666666

Residual: 0.08715870226819558


epsilon: 4.005

m: 5.833333333333333

Residual: 0.166775029691654


epsilon: 4.005

m: 6.0

Residual: 0.24125073143569753


epsilon: 4.005

m: 6.166666666666666

Residual: 0.3069311862738859


epsilon: 4.005

m: 6.333333333333333

Residual: 0.368682970172659


epsilon: 4.005

m: 6.5

Residual: 0.42250876197489334


epsilon: 4.005

m: 6.666666666666666

Residual: 0.4723888800747751


epsilon: 4.005

m: 6.833333333333333

Residual: 0.5155450911936313


epsilon: 4.005

m: 7.0

Residual: 0.5573194563139525


epsilon: 4.337916666666667

m: 3.0

Residual: 0.9735007251769806


epsilon: 4.337916666666667

m: 3.1666666666666665

Residual: 0.9615723105491537


epsilon: 4.337916666666667

m: 3.3333333333333335

Residual: 0.9450540139110325


epsilon: 4.337916666666667

m: 3.5

Residual: 0.9226555540106468


epsilon: 4.337916666666667

m: 3.6666666666666665

Residual: 0.8929831399593376


epsilon: 4.337916666666667

m: 3.833333333333333

Residual: 0.8547045755146941


epsilon: 4.337916666666667

m: 4.0

Residual: 0.8066038872365414


epsilon: 4.337916666666667

m: 4.166666666666666

Residual: 0.7481940874168945


epsilon: 4.337916666666667

m: 4.333333333333333

Residual: 0.6793729833655947


epsilon: 4.337916666666667

m: 4.5

Residual: 0.6007132502457465


epsilon: 4.337916666666667

m: 4.666666666666666

Residual: 0.5139711882223291


epsilon: 4.337916666666667

m: 4.833333333333333

Residual: 0.42148947662343167


epsilon: 4.337916666666667

m: 5.0

Residual: 0.32453750177461943


epsilon: 4.337916666666667

m: 5.166666666666666

Residual: 0.22840177696073877


epsilon: 4.337916666666667

m: 5.333333333333333

Residual: 0.13374447774924608


epsilon: 4.337916666666667

m: 5.5

Residual: 0.07393534329500928


epsilon: 4.337916666666667

m: 5.666666666666666

Residual: 0.07099412786890025


epsilon: 4.337916666666667

m: 5.833333333333333

Residual: 0.1288983645792626


epsilon: 4.337916666666667

m: 6.0

Residual: 0.20284268350967297


epsilon: 4.337916666666667

m: 6.166666666666666

Residual: 0.27282817980412805


epsilon: 4.337916666666667

m: 6.333333333333333

Residual: 0.33560268409081095


epsilon: 4.337916666666667

m: 6.5

Residual: 0.3891608423671204


epsilon: 4.337916666666667

m: 6.666666666666666

Residual: 0.4408306793086036


epsilon: 4.337916666666667

m: 6.833333333333333

Residual: 0.4873438617646589


epsilon: 4.337916666666667

m: 7.0

Residual: 0.5281522167768633


epsilon: 4.670833333333333

m: 3.0

Residual: 0.9753664017098954


epsilon: 4.670833333333333

m: 3.1666666666666665

Residual: 0.9642610047355994


epsilon: 4.670833333333333

m: 3.3333333333333335

Residual: 0.9488714590698889


epsilon: 4.670833333333333

m: 3.5

Residual: 0.9279758379612746


epsilon: 4.670833333333333

m: 3.6666666666666665

Residual: 0.9002416602478857


epsilon: 4.670833333333333

m: 3.833333333333333

Residual: 0.8643553336444475


epsilon: 4.670833333333333

m: 4.0

Residual: 0.8192088672212553


epsilon: 4.670833333333333

m: 4.166666666666666

Residual: 0.7640447379295878


epsilon: 4.670833333333333

m: 4.333333333333333

Residual: 0.6986635531023837


epsilon: 4.670833333333333

m: 4.5

Residual: 0.6235695620843443


epsilon: 4.670833333333333

m: 4.666666666666666

Residual: 0.5407482160581555


epsilon: 4.670833333333333

m: 4.833333333333333

Residual: 0.4514110836267551


epsilon: 4.670833333333333

m: 5.0

Residual: 0.3574864983250526


epsilon: 4.670833333333333

m: 5.166666666666666

Residual: 0.26326554436257416


epsilon: 4.670833333333333

m: 5.333333333333333

Residual: 0.1685243516197603


epsilon: 4.670833333333333

m: 5.5

Residual: 0.09666463710141512


epsilon: 4.670833333333333

m: 5.666666666666666

Residual: 0.0778042827809046


epsilon: 4.670833333333333

m: 5.833333333333333

Residual: 0.10289605536007129


epsilon: 4.670833333333333

m: 6.0

Residual: 0.1675277765774226


epsilon: 4.670833333333333

m: 6.166666666666666

Residual: 0.2371819408188454


epsilon: 4.670833333333333

m: 6.333333333333333

Residual: 0.3014198207112182


epsilon: 4.670833333333333

m: 6.5

Residual: 0.360815726330621


epsilon: 4.670833333333333

m: 6.666666666666666

Residual: 0.40822968752131383


epsilon: 4.670833333333333

m: 6.833333333333333

Residual: 0.4573090444886758


epsilon: 4.670833333333333

m: 7.0

Residual: 0.5050027853248353


epsilon: 5.00375

m: 3.0

Residual: 0.9769870734782913


epsilon: 5.00375

m: 3.1666666666666665

Residual: 0.9666002824137436


epsilon: 5.00375

m: 3.3333333333333335

Residual: 0.9521916287184292


epsilon: 5.00375

m: 3.5

Residual: 0.9325960662793906


epsilon: 5.00375

m: 3.6666666666666665

Residual: 0.9065774574381581


epsilon: 5.00375

m: 3.833333333333333

Residual: 0.8727964207043716


epsilon: 5.00375

m: 4.0

Residual: 0.8302227668165347


epsilon: 5.00375

m: 4.166666666666666

Residual: 0.7780344907878616


epsilon: 5.00375

m: 4.333333333333333

Residual: 0.7158792124674067


epsilon: 5.00375

m: 4.5

Residual: 0.6443636014007239


epsilon: 5.00375

m: 4.666666666666666

Residual: 0.5645729837797073


epsilon: 5.00375

m: 4.833333333333333

Residual: 0.4781423193013062


epsilon: 5.00375

m: 5.0

Residual: 0.3871811849611833


epsilon: 5.00375

m: 5.166666666666666

Residual: 0.29542157261412094


epsilon: 5.00375

m: 5.333333333333333

Residual: 0.20193841522363315


epsilon: 5.00375

m: 5.5

Residual: 0.12260606038656743


epsilon: 5.00375

m: 5.666666666666666

Residual: 0.091208192180397


epsilon: 5.00375

m: 5.833333333333333

Residual: 0.09591163786806421


epsilon: 5.00375

m: 6.0

Residual: 0.1359476438378155


epsilon: 5.00375

m: 6.166666666666666

Residual: 0.20355026337620183


epsilon: 5.00375

m: 6.333333333333333

Residual: 0.26872280801633935


epsilon: 5.00375

m: 6.5

Residual: 0.3282114077989126


epsilon: 5.00375

m: 6.666666666666666

Residual: 0.38075594470102786


epsilon: 5.00375

m: 6.833333333333333

Residual: 0.4319913983915033


epsilon: 5.00375

m: 7.0

Residual: 0.4759653602874718


epsilon: 5.336666666666667

m: 3.0

Residual: 0.9784071441628842


epsilon: 5.336666666666667

m: 3.1666666666666665

Residual: 0.9686507168578177


epsilon: 5.336666666666667

m: 3.3333333333333335

Residual: 0.9551063553981827


epsilon: 5.336666666666667

m: 3.5

Residual: 0.9366706996967038


epsilon: 5.336666666666667

m: 3.6666666666666665

Residual: 0.9121413365072395


epsilon: 5.336666666666667

m: 3.833333333333333

Residual: 0.8802761180847261


epsilon: 5.336666666666667

m: 4.0

Residual: 0.8399461606274927


epsilon: 5.336666666666667

m: 4.166666666666666

Residual: 0.7904115432203884


epsilon: 5.336666666666667

m: 4.333333333333333

Residual: 0.7312577921182791


epsilon: 5.336666666666667

m: 4.5

Residual: 0.6627960552774345


epsilon: 5.336666666666667

m: 4.666666666666666

Residual: 0.5858561865124181


epsilon: 5.336666666666667

m: 4.833333333333333

Residual: 0.5026403926575397


epsilon: 5.336666666666667

m: 5.0

Residual: 0.41394013658214696


epsilon: 5.336666666666667

m: 5.166666666666666

Residual: 0.32338927247820615


epsilon: 5.336666666666667

m: 5.333333333333333

Residual: 0.23287835106840293


epsilon: 5.336666666666667

m: 5.5

Residual: 0.14918234393167612


epsilon: 5.336666666666667

m: 5.666666666666666

Residual: 0.10743610974990664


epsilon: 5.336666666666667

m: 5.833333333333333

Residual: 0.10112792906790373


epsilon: 5.336666666666667

m: 6.0

Residual: 0.1232010954221332


epsilon: 5.336666666666667

m: 6.166666666666666

Residual: 0.1735997120228663


epsilon: 5.336666666666667

m: 6.333333333333333

Residual: 0.24080439376460808


epsilon: 5.336666666666667

m: 6.5

Residual: 0.30007873672484964


epsilon: 5.336666666666667

m: 6.666666666666666

Residual: 0.35331539267742046


epsilon: 5.336666666666667

m: 6.833333333333333

Residual: 0.40598996112453206


epsilon: 5.336666666666667

m: 7.0

Residual: 0.44807866846793426


epsilon: 5.669583333333334

m: 3.0

Residual: 0.9796621514457832


epsilon: 5.669583333333334

m: 3.1666666666666665

Residual: 0.9704638596245282


epsilon: 5.669583333333334

m: 3.3333333333333335

Residual: 0.9576860679499857


epsilon: 5.669583333333334

m: 3.5

Residual: 0.9402807537919492


epsilon: 5.669583333333334

m: 3.6666666666666665

Residual: 0.9170780570083554


epsilon: 5.669583333333334

m: 3.833333333333333

Residual: 0.8869040638226284


epsilon: 5.669583333333334

m: 4.0

Residual: 0.8486334186831148


epsilon: 5.669583333333334

m: 4.166666666666666

Residual: 0.8014561531164559


epsilon: 5.669583333333334

m: 4.333333333333333

Residual: 0.7451043072480374


epsilon: 5.669583333333334

m: 4.5

Residual: 0.6795532847868113


epsilon: 5.669583333333334

m: 4.666666666666666

Residual: 0.605741458482509


epsilon: 5.669583333333334

m: 4.833333333333333

Residual: 0.524873489048072


epsilon: 5.669583333333334

m: 5.0

Residual: 0.4392197471764834


epsilon: 5.669583333333334

m: 5.166666666666666

Residual: 0.3510478851124182


epsilon: 5.669583333333334

m: 5.333333333333333

Residual: 0.26080834406707715


epsilon: 5.669583333333334

m: 5.5

Residual: 0.17573771235315733


epsilon: 5.669583333333334

m: 5.666666666666666

Residual: 0.12575277862225742


epsilon: 5.669583333333334

m: 5.833333333333333

Residual: 0.11005763230169499


epsilon: 5.669583333333334

m: 6.0

Residual: 0.12188206104829069


epsilon: 5.669583333333334

m: 6.166666666666666

Residual: 0.15446700611431793


epsilon: 5.669583333333334

m: 6.333333333333333

Residual: 0.20937394277713797


epsilon: 5.669583333333334

m: 6.5

Residual: 0.2722635581566344


epsilon: 5.669583333333334

m: 6.666666666666666

Residual: 0.32744101847542645


epsilon: 5.669583333333334

m: 6.833333333333333

Residual: 0.3793719147047024


epsilon: 5.669583333333334

m: 7.0

Residual: 0.42401570194090854


epsilon: 6.0025

m: 3.0

Residual: 0.980779866440767


epsilon: 6.0025

m: 3.1666666666666665

Residual: 0.9720795946667674


epsilon: 6.0025

m: 3.3333333333333335

Residual: 0.9599868510431823


epsilon: 6.0025

m: 3.5

Residual: 0.9434952092698073


epsilon: 6.0025

m: 3.6666666666666665

Residual: 0.9214974246111189


epsilon: 6.0025

m: 3.833333333333333

Residual: 0.8928290507007292


epsilon: 6.0025

m: 4.0

Residual: 0.8564558709193288


epsilon: 6.0025

m: 4.166666666666666

Residual: 0.8114714747944334


epsilon: 6.0025

m: 4.333333333333333

Residual: 0.7575375709572063


epsilon: 6.0025

m: 4.5

Residual: 0.6945669415986326


epsilon: 6.0025

m: 4.666666666666666

Residual: 0.6233835930708177


epsilon: 6.0025

m: 4.833333333333333

Residual: 0.5455188911352877


epsilon: 6.0025

m: 5.0

Residual: 0.461464813440278


epsilon: 6.0025

m: 5.166666666666666

Residual: 0.3752035485765065


epsilon: 6.0025

m: 5.333333333333333

Residual: 0.2872510848686294


epsilon: 6.0025

m: 5.5

Residual: 0.2015666992903649


epsilon: 6.0025

m: 5.666666666666666

Residual: 0.1450154405752153


epsilon: 6.0025

m: 5.833333333333333

Residual: 0.12232277695333629


epsilon: 6.0025

m: 6.0

Residual: 0.12493699850888083


epsilon: 6.0025

m: 6.166666666666666

Residual: 0.1464436259734945


epsilon: 6.0025

m: 6.333333333333333

Residual: 0.18551441550331585


epsilon: 6.0025

m: 6.5

Residual: 0.24687765982581125


epsilon: 6.0025

m: 6.666666666666666

Residual: 0.3012311523753883


epsilon: 6.0025

m: 6.833333333333333

Residual: 0.3569124647568667


epsilon: 6.0025

m: 7.0

Residual: 0.40035983330560343


epsilon: 6.335416666666667

m: 3.0

Residual: 0.981780121517682


epsilon: 6.335416666666667

m: 3.1666666666666665

Residual: 0.97352791568704


epsilon: 6.335416666666667

m: 3.3333333333333335

Residual: 0.9620498361406961


epsilon: 6.335416666666667

m: 3.5

Residual: 0.946387104629897


epsilon: 6.335416666666667

m: 3.6666666666666665

Residual: 0.9254704932706851


epsilon: 6.335416666666667

m: 3.833333333333333

Residual: 0.8981870876263601


epsilon: 6.335416666666667

m: 4.0

Residual: 0.8634852614908529


epsilon: 6.335416666666667

m: 4.166666666666666

Residual: 0.820469712300836


epsilon: 6.335416666666667

m: 4.333333333333333

Residual: 0.768759187019789


epsilon: 6.335416666666667

m: 4.5

Residual: 0.7082267197821772


epsilon: 6.335416666666667

m: 4.666666666666666

Residual: 0.6396896135419247


epsilon: 6.335416666666667

m: 4.833333333333333

Residual: 0.5642207524924339


epsilon: 6.335416666666667

m: 5.0

Residual: 0.4829021106944593


epsilon: 6.335416666666667

m: 5.166666666666666

Residual: 0.3984094380794474


epsilon: 6.335416666666667

m: 5.333333333333333

Residual: 0.3132053858171228


epsilon: 6.335416666666667

m: 5.5

Residual: 0.22665637038731248


epsilon: 6.335416666666667

m: 5.666666666666666

Residual: 0.1631584801964579


epsilon: 6.335416666666667

m: 5.833333333333333

Residual: 0.13344007714159034


epsilon: 6.335416666666667

m: 6.0

Residual: 0.12910411513150033


epsilon: 6.335416666666667

m: 6.166666666666666

Residual: 0.1439943393073828


epsilon: 6.335416666666667

m: 6.333333333333333

Residual: 0.17556265477454694


epsilon: 6.335416666666667

m: 6.5

Residual: 0.21983327802700015


epsilon: 6.335416666666667

m: 6.666666666666666

Residual: 0.27625801476119344


epsilon: 6.335416666666667

m: 6.833333333333333

Residual: 0.33047547342575456


epsilon: 6.335416666666667

m: 7.0

Residual: 0.3731743131573741


epsilon: 6.668333333333334

m: 3.0

Residual: 0.9826815849326627


epsilon: 6.668333333333334

m: 3.1666666666666665

Residual: 0.9748328687581173


epsilon: 6.668333333333334

m: 3.3333333333333335

Residual: 0.9639100480793976


epsilon: 6.668333333333334

m: 3.5

Residual: 0.9489997458363241


epsilon: 6.668333333333334

m: 3.6666666666666665

Residual: 0.9290643330715306


epsilon: 6.668333333333334

m: 3.833333333333333

Residual: 0.9030157838191715


epsilon: 6.668333333333334

m: 4.0

Residual: 0.8698454145503021


epsilon: 6.668333333333334

m: 4.166666666666666

Residual: 0.8286379696083543


epsilon: 6.668333333333334

m: 4.333333333333333

Residual: 0.7788878131336657


epsilon: 6.668333333333334

m: 4.5

Residual: 0.7207982447967964


epsilon: 6.668333333333334

m: 4.666666666666666

Residual: 0.6545339333665002


epsilon: 6.668333333333334

m: 4.833333333333333

Residual: 0.5812885900359464


epsilon: 6.668333333333334

m: 5.0

Residual: 0.5023532377847639


epsilon: 6.668333333333334

m: 5.166666666666666

Residual: 0.42000347085254225


epsilon: 6.668333333333334

m: 5.333333333333333

Residual: 0.3349093977895868


epsilon: 6.668333333333334

m: 5.5

Residual: 0.25104957345047985


epsilon: 6.668333333333334

m: 5.666666666666666

Residual: 0.1832517970202468


epsilon: 6.668333333333334

m: 5.833333333333333

Residual: 0.147139050253393


epsilon: 6.668333333333334

m: 6.0

Residual: 0.13794738272245619


epsilon: 6.668333333333334

m: 6.166666666666666

Residual: 0.1433758115903458


epsilon: 6.668333333333334

m: 6.333333333333333

Residual: 0.16837967446265786


epsilon: 6.668333333333334

m: 6.5

Residual: 0.202136546639288


epsilon: 6.668333333333334

m: 6.666666666666666

Residual: 0.2522301551876757


epsilon: 6.668333333333334

m: 6.833333333333333

Residual: 0.30570864391923386


epsilon: 6.668333333333334

m: 7.0

Residual: 0.35838605443976496


epsilon: 7.001250000000001

m: 3.0

Residual: 0.9834980281626243


epsilon: 7.001250000000001

m: 3.1666666666666665

Residual: 0.9760155387369253


epsilon: 7.001250000000001

m: 3.3333333333333335

Residual: 0.9655971037096446


epsilon: 7.001250000000001

m: 3.5

Residual: 0.95136289982693


epsilon: 7.001250000000001

m: 3.6666666666666665

Residual: 0.9323247309586752


epsilon: 7.001250000000001

m: 3.833333333333333

Residual: 0.9074084183771576


epsilon: 7.001250000000001

m: 4.0

Residual: 0.8756371607626656


epsilon: 7.001250000000001

m: 4.166666666666666

Residual: 0.8362027135721953


epsilon: 7.001250000000001

m: 4.333333333333333

Residual: 0.788325436691928


epsilon: 7.001250000000001

m: 4.5

Residual: 0.7322496095966817


epsilon: 7.001250000000001

m: 4.666666666666666

Residual: 0.6681743000728292


epsilon: 7.001250000000001

m: 4.833333333333333

Residual: 0.5970929876667548


epsilon: 7.001250000000001

m: 5.0

Residual: 0.5201930207970887


epsilon: 7.001250000000001

m: 5.166666666666666

Residual: 0.439552873024791


epsilon: 7.001250000000001

m: 5.333333333333333

Residual: 0.3564562293634875


epsilon: 7.001250000000001

m: 5.5

Residual: 0.2736805333157616


epsilon: 7.001250000000001

m: 5.666666666666666

Residual: 0.20277452534607646


epsilon: 7.001250000000001

m: 5.833333333333333

Residual: 0.16274886721701037


epsilon: 7.001250000000001

m: 6.0

Residual: 0.14547453952435285


epsilon: 7.001250000000001

m: 6.166666666666666

Residual: 0.1489861758761356


epsilon: 7.001250000000001

m: 6.333333333333333

Residual: 0.164556327760221


epsilon: 7.001250000000001

m: 6.5

Residual: 0.19325280891484148


epsilon: 7.001250000000001

m: 6.666666666666666

Residual: 0.23139401939503418


epsilon: 7.001250000000001

m: 6.833333333333333

Residual: 0.2800468184805272


epsilon: 7.001250000000001

m: 7.0

Residual: 0.3359522081747689


epsilon: 7.334166666666667

m: 3.0

Residual: 0.9842413947632715


epsilon: 7.334166666666667

m: 3.1666666666666665

Residual: 0.9770899796996384


epsilon: 7.334166666666667

m: 3.3333333333333335

Residual: 0.9671337066322855


epsilon: 7.334166666666667

m: 3.5

Residual: 0.9535197277500574


epsilon: 7.334166666666667

m: 3.6666666666666665

Residual: 0.9352928303370923


epsilon: 7.334166666666667

m: 3.833333333333333

Residual: 0.9114311833681534


epsilon: 7.334166666666667

m: 4.0

Residual: 0.880944822592006


epsilon: 7.334166666666667

m: 4.166666666666666

Residual: 0.8429858875289571


epsilon: 7.334166666666667

m: 4.333333333333333

Residual: 0.7970237514864096


epsilon: 7.334166666666667

m: 4.5

Residual: 0.7426909598862256


epsilon: 7.334166666666667

m: 4.666666666666666

Residual: 0.6808086769492525


epsilon: 7.334166666666667

m: 4.833333333333333

Residual: 0.6119137355198218


epsilon: 7.334166666666667

m: 5.0

Residual: 0.5371947243643969


epsilon: 7.334166666666667

m: 5.166666666666666

Residual: 0.4577307848398119


epsilon: 7.334166666666667

m: 5.333333333333333

Residual: 0.375980854491414


epsilon: 7.334166666666667

m: 5.5

Residual: 0.2942319984631498


epsilon: 7.334166666666667

m: 5.666666666666666

Residual: 0.22180244476271696


epsilon: 7.334166666666667

m: 5.833333333333333

Residual: 0.17705485299873136


epsilon: 7.334166666666667

m: 6.0

Residual: 0.1570334293733486


epsilon: 7.334166666666667

m: 6.166666666666666

Residual: 0.15246930236724693


epsilon: 7.334166666666667

m: 6.333333333333333

Residual: 0.16265464774774235


epsilon: 7.334166666666667

m: 6.5

Residual: 0.18995719432131192


epsilon: 7.334166666666667

m: 6.666666666666666

Residual: 0.2230324135396113


epsilon: 7.334166666666667

m: 6.833333333333333

Residual: 0.2627105750391076


epsilon: 7.334166666666667

m: 7.0

Residual: 0.3149242608112152


epsilon: 7.667083333333334

m: 3.0

Residual: 0.9849207251921396


epsilon: 7.667083333333334

m: 3.1666666666666665

Residual: 0.9780757242507628


epsilon: 7.667083333333334

m: 3.3333333333333335

Residual: 0.9685372168462268


epsilon: 7.667083333333334

m: 3.5

Residual: 0.955494120269486


epsilon: 7.667083333333334

m: 3.6666666666666665

Residual: 0.9380213065969413


epsilon: 7.667083333333334

m: 3.833333333333333

Residual: 0.9151205786555782


epsilon: 7.667083333333334

m: 4.0

Residual: 0.8858385445769786


epsilon: 7.667083333333334

m: 4.166666666666666

Residual: 0.8492848325306642


epsilon: 7.667083333333334

m: 4.333333333333333

Residual: 0.804989501849603


epsilon: 7.667083333333334

m: 4.5

Residual: 0.7524298425439718


epsilon: 7.667083333333334

m: 4.666666666666666

Residual: 0.6926231001239728


epsilon: 7.667083333333334

m: 4.833333333333333

Residual: 0.6256842761140595


epsilon: 7.667083333333334

m: 5.0

Residual: 0.5526226766481653


epsilon: 7.667083333333334

m: 5.166666666666666

Residual: 0.47513113811242197


epsilon: 7.667083333333334

m: 5.333333333333333

Residual: 0.39640753699887626


epsilon: 7.667083333333334

m: 5.5

Residual: 0.31417499652514275


epsilon: 7.667083333333334

m: 5.666666666666666

Residual: 0.24079741481357822


epsilon: 7.667083333333334

m: 5.833333333333333

Residual: 0.19060882538986756


epsilon: 7.667083333333334

m: 6.0

Residual: 0.16762851914140156


epsilon: 7.667083333333334

m: 6.166666666666666

Residual: 0.15827009068584086


epsilon: 7.667083333333334

m: 6.333333333333333

Residual: 0.1673631800872198


epsilon: 7.667083333333334

m: 6.5

Residual: 0.18649834868634554


epsilon: 7.667083333333334

m: 6.666666666666666

Residual: 0.2145544457633523


epsilon: 7.667083333333334

m: 6.833333333333333

Residual: 0.24891420175058807


epsilon: 7.667083333333334

m: 7.0

Residual: 0.2950762850617216


epsilon: 8.0

m: 3.0

Residual: 0.9855428802648459


epsilon: 8.0

m: 3.1666666666666665

Residual: 0.9789760912675842


epsilon: 8.0

m: 3.3333333333333335

Residual: 0.9698265584555243


epsilon: 8.0

m: 3.5

Residual: 0.9573080665985292


epsilon: 8.0

m: 3.6666666666666665

Residual: 0.940520791212622


epsilon: 8.0

m: 3.833333333333333

Residual: 0.9185127011467132


epsilon: 8.0

m: 4.0

Residual: 0.8903300249450619


epsilon: 8.0

m: 4.166666666666666

Residual: 0.8551260251783883


epsilon: 8.0

m: 4.333333333333333

Residual: 0.812330779275288


epsilon: 8.0

m: 4.5

Residual: 0.7618334326343631


epsilon: 8.0

m: 4.666666666666666

Residual: 0.7035302166362782


epsilon: 8.0

m: 4.833333333333333

Residual: 0.6382242871036582


epsilon: 8.0

m: 5.0

Residual: 0.5674100611655405


epsilon: 8.0

m: 5.166666666666666

Residual: 0.491758692646467


epsilon: 8.0

m: 5.333333333333333

Residual: 0.41278280109403626


epsilon: 8.0

m: 5.5

Residual: 0.33422571858653854


epsilon: 8.0

m: 5.666666666666666

Residual: 0.2579230199759528


epsilon: 8.0

m: 5.833333333333333

Residual: 0.20585131563951647


epsilon: 8.0

m: 6.0

Residual: 0.1783451789548438


epsilon: 8.0

m: 6.166666666666666

Residual: 0.16714859283316863


epsilon: 8.0

m: 6.333333333333333

Residual: 0.1693831035204946


epsilon: 8.0

m: 6.5

Residual: 0.18670282339485667


epsilon: 8.0

m: 6.666666666666666

Residual: 0.21025253679948663


epsilon: 8.0

m: 6.833333333333333

Residual: 0.2413403288107935


epsilon: 8.0

m: 7.0

Residual: 0.2744779842020205


