epsilon: 0.01

m: 3.0

Residual: 0.8437620759530963


epsilon: 0.01

m: 3.0

Residual: 0.8437641664135579


epsilon: 0.01

m: 3.1666666666666665

Residual: 0.8837142033162174


epsilon: 0.01

m: 3.3333333333333335

Residual: 0.913206698939158


epsilon: 0.01

m: 3.5

Residual: 0.9348806919701493


epsilon: 0.01

m: 3.6666666666666665

Residual: 0.9508289438534738


epsilon: 0.01

m: 3.833333333333333

Residual: 0.9625764236820372


epsilon: 0.01

m: 4.0

Residual: 0.971261454394799


epsilon: 0.01

m: 4.166666666666666

Residual: 0.9777282345705227


epsilon: 0.01

m: 4.333333333333333

Residual: 0.9825687965661354


epsilon: 0.01

m: 4.5

Residual: 0.9862334732234105


epsilon: 0.01

m: 4.666666666666666

Residual: 0.9889907746080311


epsilon: 0.01

m: 4.833333333333333

Residual: 0.991112013346838


epsilon: 0.01

m: 5.0

Residual: 0.9927454819233169


epsilon: 0.01

m: 5.166666666666666

Residual: 0.9940223547988388


epsilon: 0.01

m: 5.333333333333333

Residual: 0.9950349775571304


epsilon: 0.01

m: 5.5

Residual: 0.9958329540738795


epsilon: 0.01

m: 5.666666666666666

Residual: 0.9964673449103233


epsilon: 0.01

m: 5.833333333333333

Residual: 0.9969878196677547


epsilon: 0.01

m: 6.0

Residual: 0.9974145446206301


epsilon: 0.01

m: 6.166666666666666

Residual: 0.9977431973197647


epsilon: 0.01

m: 6.333333333333333

Residual: 0.9980173734639672


epsilon: 0.01

m: 6.5

Residual: 0.9982861690263892


epsilon: 0.01

m: 6.666666666666666

Residual: 0.9984687885059487


epsilon: 0.01

m: 6.833333333333333

Residual: 0.998646006645881


epsilon: 0.01

m: 7.0

Residual: 0.9987821935769285


epsilon: 0.3429166666666667

m: 3.0

Residual: 0.5270106774330449


epsilon: 0.3429166666666667

m: 3.1666666666666665

Residual: 0.44910010199910066


epsilon: 0.3429166666666667

m: 3.3333333333333335

Residual: 0.3862053679698585


epsilon: 0.3429166666666667

m: 3.5

Residual: 0.3445887627271266


epsilon: 0.3429166666666667

m: 3.6666666666666665

Residual: 0.32995259223633117


epsilon: 0.3429166666666667

m: 3.833333333333333

Residual: 0.34498259396876224


epsilon: 0.3429166666666667

m: 4.0

Residual: 0.3877366852120855


epsilon: 0.3429166666666667

m: 4.166666666666666

Residual: 0.45473957311904434


epsilon: 0.3429166666666667

m: 4.333333333333333

Residual: 0.5367082124680499


epsilon: 0.3429166666666667

m: 4.5

Residual: 0.6156479463774608


epsilon: 0.3429166666666667

m: 4.666666666666666

Residual: 0.680940648349162


epsilon: 0.3429166666666667

m: 4.833333333333333

Residual: 0.7344661820378103


epsilon: 0.3429166666666667

m: 5.0

Residual: 0.7782431835331103


epsilon: 0.3429166666666667

m: 5.166666666666666

Residual: 0.8136704456479854


epsilon: 0.3429166666666667

m: 5.333333333333333

Residual: 0.8428036058441409


epsilon: 0.3429166666666667

m: 5.5

Residual: 0.8663752728598574


epsilon: 0.3429166666666667

m: 5.666666666666666

Residual: 0.8860254969888547


epsilon: 0.3429166666666667

m: 5.833333333333333

Residual: 0.9012930128631517


epsilon: 0.3429166666666667

m: 6.0

Residual: 0.9144414228895311


epsilon: 0.3429166666666667

m: 6.166666666666666

Residual: 0.9257310649703994


epsilon: 0.3429166666666667

m: 6.333333333333333

Residual: 0.9349126340563048


epsilon: 0.3429166666666667

m: 6.5

Residual: 0.9425322196974992


epsilon: 0.3429166666666667

m: 6.666666666666666

Residual: 0.9491862475193065


epsilon: 0.3429166666666667

m: 6.833333333333333

Residual: 0.9543298715428122


epsilon: 0.3429166666666667

m: 7.0

Residual: 0.9590956986171822


epsilon: 0.6758333333333334

m: 3.0

Residual: 0.70268768272722


epsilon: 0.6758333333333334

m: 3.1666666666666665

Residual: 0.6164682275480237


epsilon: 0.6758333333333334

m: 3.3333333333333335

Residual: 0.5266033651476874


epsilon: 0.6758333333333334

m: 3.5

Residual: 0.441260174359262


epsilon: 0.6758333333333334

m: 3.6666666666666665

Residual: 0.3673801719455754


epsilon: 0.6758333333333334

m: 3.833333333333333

Residual: 0.31276707452261115


epsilon: 0.6758333333333334

m: 4.0

Residual: 0.2819682837250054


epsilon: 0.6758333333333334

m: 4.166666666666666

Residual: 0.28116731529202477


epsilon: 0.6758333333333334

m: 4.333333333333333

Residual: 0.3110266188400311


epsilon: 0.6758333333333334

m: 4.5

Residual: 0.37183646325135244


epsilon: 0.6758333333333334

m: 4.666666666666666

Residual: 0.45578942764045866


epsilon: 0.6758333333333334

m: 4.833333333333333

Residual: 0.5363508695028444


epsilon: 0.6758333333333334

m: 5.0

Residual: 0.6058175966139085


epsilon: 0.6758333333333334

m: 5.166666666666666

Residual: 0.6636510912833126


epsilon: 0.6758333333333334

m: 5.333333333333333

Residual: 0.711888676870507


epsilon: 0.6758333333333334

m: 5.5

Residual: 0.7528173099186635


epsilon: 0.6758333333333334

m: 5.666666666666666

Residual: 0.7863679502099794


epsilon: 0.6758333333333334

m: 5.833333333333333

Residual: 0.8149341897713888


epsilon: 0.6758333333333334

m: 6.0

Residual: 0.8384685659038579


epsilon: 0.6758333333333334

m: 6.166666666666666

Residual: 0.8584282651564985


epsilon: 0.6758333333333334

m: 6.333333333333333

Residual: 0.8754056901638149


epsilon: 0.6758333333333334

m: 6.5

Residual: 0.8902958019550516


epsilon: 0.6758333333333334

m: 6.666666666666666

Residual: 0.9019892699927714


epsilon: 0.6758333333333334

m: 6.833333333333333

Residual: 0.9122223846844871


epsilon: 0.6758333333333334

m: 7.0

Residual: 0.9205912374484536


epsilon: 1.00875

m: 3.0

Residual: 0.790509117806021


epsilon: 1.00875

m: 3.1666666666666665

Residual: 0.7232446195973393


epsilon: 1.00875

m: 3.3333333333333335

Residual: 0.6413869371473707


epsilon: 1.00875

m: 3.5

Residual: 0.5510121207702461


epsilon: 1.00875

m: 3.6666666666666665

Residual: 0.45955702155687933


epsilon: 1.00875

m: 3.833333333333333

Residual: 0.37668016740594484


epsilon: 1.00875

m: 4.0

Residual: 0.3091359749824693


epsilon: 1.00875

m: 4.166666666666666

Residual: 0.26150824313988347


epsilon: 1.00875

m: 4.333333333333333

Residual: 0.2413231032398172


epsilon: 1.00875

m: 4.5

Residual: 0.2526814166176794


epsilon: 1.00875

m: 4.666666666666666

Residual: 0.299642512172119


epsilon: 1.00875

m: 4.833333333333333

Residual: 0.3789684404569139


epsilon: 1.00875

m: 5.0

Residual: 0.4629307708065578


epsilon: 1.00875

m: 5.166666666666666

Residual: 0.5355475742825231


epsilon: 1.00875

m: 5.333333333333333

Residual: 0.5985915931484316


epsilon: 1.00875

m: 5.5

Residual: 0.6526286929369818


epsilon: 1.00875

m: 5.666666666666666

Residual: 0.6974269861468549


epsilon: 1.00875

m: 5.833333333333333

Residual: 0.7367154843964646


epsilon: 1.00875

m: 6.0

Residual: 0.7688388540050591


epsilon: 1.00875

m: 6.166666666666666

Residual: 0.7965420225695689


epsilon: 1.00875

m: 6.333333333333333

Residual: 0.8188000321551411


epsilon: 1.00875

m: 6.5

Residual: 0.8396641411964169


epsilon: 1.00875

m: 6.666666666666666

Residual: 0.8569809911371585


epsilon: 1.00875

m: 6.833333333333333

Residual: 0.8729265474157529


epsilon: 1.00875

m: 7.0

Residual: 0.8851462833449696


epsilon: 1.3416666666666668

m: 3.0

Residual: 0.8382965236108925


epsilon: 1.3416666666666668

m: 3.1666666666666665

Residual: 0.7845379969479556


epsilon: 1.3416666666666668

m: 3.3333333333333335

Residual: 0.7178200523105991


epsilon: 1.3416666666666668

m: 3.5

Residual: 0.6374118276270482


epsilon: 1.3416666666666668

m: 3.6666666666666665

Residual: 0.546126387542636


epsilon: 1.3416666666666668

m: 3.833333333333333

Residual: 0.45398054780698904


epsilon: 1.3416666666666668

m: 4.0

Residual: 0.36723526674233764


epsilon: 1.3416666666666668

m: 4.166666666666666

Residual: 0.2947361927209997


epsilon: 1.3416666666666668

m: 4.333333333333333

Residual: 0.24186897854709877


epsilon: 1.3416666666666668

m: 4.5

Residual: 0.21483044625369402


epsilon: 1.3416666666666668

m: 4.666666666666666

Residual: 0.21885965737110638


epsilon: 1.3416666666666668

m: 4.833333333333333

Residual: 0.26249327991384014


epsilon: 1.3416666666666668

m: 5.0

Residual: 0.34416976387343884


epsilon: 1.3416666666666668

m: 5.166666666666666

Residual: 0.4271401853467584


epsilon: 1.3416666666666668

m: 5.333333333333333

Residual: 0.4999842400462637


epsilon: 1.3416666666666668

m: 5.5

Residual: 0.563224254973093


epsilon: 1.3416666666666668

m: 5.666666666666666

Residual: 0.61739094963217


epsilon: 1.3416666666666668

m: 5.833333333333333

Residual: 0.6623007895143139


epsilon: 1.3416666666666668

m: 6.0

Residual: 0.70249585548416


epsilon: 1.3416666666666668

m: 6.166666666666666

Residual: 0.7378518544919377


epsilon: 1.3416666666666668

m: 6.333333333333333

Residual: 0.7665151802194194


epsilon: 1.3416666666666668

m: 6.5

Residual: 0.7929483835276943


epsilon: 1.3416666666666668

m: 6.666666666666666

Residual: 0.813925888432681


epsilon: 1.3416666666666668

m: 6.833333333333333

Residual: 0.8319639177321988


epsilon: 1.3416666666666668

m: 7.0

Residual: 0.8484083819714109


epsilon: 1.6745833333333335

m: 3.0

Residual: 0.8683221863368249


epsilon: 1.6745833333333335

m: 3.1666666666666665

Residual: 0.8236032293896896


epsilon: 1.6745833333333335

m: 3.3333333333333335

Residual: 0.767355960054705


epsilon: 1.6745833333333335

m: 3.5

Residual: 0.6985988897829954


epsilon: 1.6745833333333335

m: 3.6666666666666665

Residual: 0.6169193619791982


epsilon: 1.6745833333333335

m: 3.833333333333333

Residual: 0.5244561849118481


epsilon: 1.6745833333333335

m: 4.0

Residual: 0.43180847980537684


epsilon: 1.6745833333333335

m: 4.166666666666666

Residual: 0.34513378724826166


epsilon: 1.6745833333333335

m: 4.333333333333333

Residual: 0.2712376431848558


epsilon: 1.6745833333333335

m: 4.5

Residual: 0.21822760555459242


epsilon: 1.6745833333333335

m: 4.666666666666666

Residual: 0.1894778439289367


epsilon: 1.6745833333333335

m: 4.833333333333333

Residual: 0.19560605482609136


epsilon: 1.6745833333333335

m: 5.0

Residual: 0.24545451025754003


epsilon: 1.6745833333333335

m: 5.166666666666666

Residual: 0.33204814501541235


epsilon: 1.6745833333333335

m: 5.333333333333333

Residual: 0.4117873982857208


epsilon: 1.6745833333333335

m: 5.5

Residual: 0.48194995897019777


epsilon: 1.6745833333333335

m: 5.666666666666666

Residual: 0.5429445554986112


epsilon: 1.6745833333333335

m: 5.833333333333333

Residual: 0.5968420520579582


epsilon: 1.6745833333333335

m: 6.0

Residual: 0.6435840983685353


epsilon: 1.6745833333333335

m: 6.166666666666666

Residual: 0.6822256591496617


epsilon: 1.6745833333333335

m: 6.333333333333333

Residual: 0.7169210293862216


epsilon: 1.6745833333333335

m: 6.5

Residual: 0.7478885620988804


epsilon: 1.6745833333333335

m: 6.666666666666666

Residual: 0.7730560539601955


epsilon: 1.6745833333333335

m: 6.833333333333333

Residual: 0.7972990094641748


epsilon: 1.6745833333333335

m: 7.0

Residual: 0.8154510220718252


epsilon: 2.0075

m: 3.0

Residual: 0.8889626480534224


epsilon: 2.0075

m: 3.1666666666666665

Residual: 0.8506465354974208


epsilon: 2.0075

m: 3.3333333333333335

Residual: 0.8021534587057971


epsilon: 2.0075

m: 3.5

Residual: 0.7421761850851318


epsilon: 2.0075

m: 3.6666666666666665

Residual: 0.6700360763127301


epsilon: 2.0075

m: 3.833333333333333

Residual: 0.5858135927070264


epsilon: 2.0075

m: 4.0

Residual: 0.4920938764659517


epsilon: 2.0075

m: 4.166666666666666

Residual: 0.39965685709485455


epsilon: 2.0075

m: 4.333333333333333

Residual: 0.31417153507854917


epsilon: 2.0075

m: 4.5

Residual: 0.24266338559890216


epsilon: 2.0075

m: 4.666666666666666

Residual: 0.19199448177213224


epsilon: 2.0075

m: 4.833333333333333

Residual: 0.1677961636438901


epsilon: 2.0075

m: 5.0

Residual: 0.18096423057035801


epsilon: 2.0075

m: 5.166666666666666

Residual: 0.24869200317944007


epsilon: 2.0075

m: 5.333333333333333

Residual: 0.33327097459097427


epsilon: 2.0075

m: 5.5

Residual: 0.40882556413584004


epsilon: 2.0075

m: 5.666666666666666

Residual: 0.4741379671725249


epsilon: 2.0075

m: 5.833333333333333

Residual: 0.5355517231935586


epsilon: 2.0075

m: 6.0

Residual: 0.5851833338381403


epsilon: 2.0075

m: 6.166666666666666

Residual: 0.6298473919832429


epsilon: 2.0075

m: 6.333333333333333

Residual: 0.668545309171608


epsilon: 2.0075

m: 6.5

Residual: 0.704468817047824


epsilon: 2.0075

m: 6.666666666666666

Residual: 0.7331396411553053


epsilon: 2.0075

m: 6.833333333333333

Residual: 0.7595229645577456


epsilon: 2.0075

m: 7.0

Residual: 0.7818651501677197


epsilon: 2.3404166666666666

m: 3.0

Residual: 0.9039850615827844


epsilon: 2.3404166666666666

m: 3.1666666666666665

Residual: 0.8705308924793418


epsilon: 2.3404166666666666

m: 3.3333333333333335

Residual: 0.8278608497633485


epsilon: 2.3404166666666666

m: 3.5

Residual: 0.7747108799815268


epsilon: 2.3404166666666666

m: 3.6666666666666665

Residual: 0.7101162120183804


epsilon: 2.3404166666666666

m: 3.833333333333333

Residual: 0.6338947764449144


epsilon: 2.3404166666666666

m: 4.0

Residual: 0.54667817226593


epsilon: 2.3404166666666666

m: 4.166666666666666

Residual: 0.4523652728724


epsilon: 2.3404166666666666

m: 4.333333333333333

Residual: 0.3608227691163482


epsilon: 2.3404166666666666

m: 4.5

Residual: 0.2774661786121404


epsilon: 2.3404166666666666

m: 4.666666666666666

Residual: 0.2097761755810505


epsilon: 2.3404166666666666

m: 4.833333333333333

Residual: 0.16507046514195908


epsilon: 2.3404166666666666

m: 5.0

Residual: 0.14901752139112104


epsilon: 2.3404166666666666

m: 5.166666666666666

Residual: 0.1792082324941283


epsilon: 2.3404166666666666

m: 5.333333333333333

Residual: 0.2634048766536014


epsilon: 2.3404166666666666

m: 5.5

Residual: 0.34333276135838603


epsilon: 2.3404166666666666

m: 5.666666666666666

Residual: 0.4151774565770441


epsilon: 2.3404166666666666

m: 5.833333333333333

Residual: 0.4787417928208894


epsilon: 2.3404166666666666

m: 6.0

Residual: 0.5334292736515238


epsilon: 2.3404166666666666

m: 6.166666666666666

Residual: 0.5821715692043976


epsilon: 2.3404166666666666

m: 6.333333333333333

Residual: 0.626284610680705


epsilon: 2.3404166666666666

m: 6.5

Residual: 0.6650999383285663


epsilon: 2.3404166666666666

m: 6.666666666666666

Residual: 0.6971930084652256


epsilon: 2.3404166666666666

m: 6.833333333333333

Residual: 0.7262933127682014


epsilon: 2.3404166666666666

m: 7.0

Residual: 0.7525107029019791


epsilon: 2.6733333333333333

m: 3.0

Residual: 0.9154399042945772


epsilon: 2.6733333333333333

m: 3.1666666666666665

Residual: 0.8857339517024594


epsilon: 2.6733333333333333

m: 3.3333333333333335

Residual: 0.847662638445699


epsilon: 2.6733333333333333

m: 3.5

Residual: 0.7999545017785737


epsilon: 2.6733333333333333

m: 3.6666666666666665

Residual: 0.741563246007753


epsilon: 2.6733333333333333

m: 3.833333333333333

Residual: 0.6720375656523011


epsilon: 2.6733333333333333

m: 4.0

Residual: 0.5915916483166827


epsilon: 2.6733333333333333

m: 4.166666666666666

Residual: 0.5012051621643815


epsilon: 2.6733333333333333

m: 4.333333333333333

Residual: 0.4077762540046218


epsilon: 2.6733333333333333

m: 4.5

Residual: 0.3177090922329268


epsilon: 2.6733333333333333

m: 4.666666666666666

Residual: 0.23871408090503737


epsilon: 2.6733333333333333

m: 4.833333333333333

Residual: 0.1763659654515838


epsilon: 2.6733333333333333

m: 5.0

Residual: 0.13874252940615164


epsilon: 2.6733333333333333

m: 5.166666666666666

Residual: 0.13598242466020247


epsilon: 2.6733333333333333

m: 5.333333333333333

Residual: 0.20164780517547623


epsilon: 2.6733333333333333

m: 5.5

Residual: 0.2841124339523933


epsilon: 2.6733333333333333

m: 5.666666666666666

Residual: 0.3606186005568165


epsilon: 2.6733333333333333

m: 5.833333333333333

Residual: 0.42389423979209834


epsilon: 2.6733333333333333

m: 6.0

Residual: 0.48515892065169214


epsilon: 2.6733333333333333

m: 6.166666666666666

Residual: 0.5383594465377447


epsilon: 2.6733333333333333

m: 6.333333333333333

Residual: 0.5810531245091298


epsilon: 2.6733333333333333

m: 6.5

Residual: 0.6239347087985664


epsilon: 2.6733333333333333

m: 6.666666666666666

Residual: 0.6616689826512521


epsilon: 2.6733333333333333

m: 6.833333333333333

Residual: 0.6905894972516738


epsilon: 2.6733333333333333

m: 7.0

Residual: 0.7207217827491176


epsilon: 3.00625

m: 3.0

Residual: 0.9244498758822649


epsilon: 3.00625

m: 3.1666666666666665

Residual: 0.8977343227232885


epsilon: 3.00625

m: 3.3333333333333335

Residual: 0.8633745359358462


epsilon: 3.00625

m: 3.5

Residual: 0.8201025131667351


epsilon: 3.00625

m: 3.6666666666666665

Residual: 0.7668652788630136


epsilon: 3.00625

m: 3.833333333333333

Residual: 0.7030002839899943


epsilon: 3.00625

m: 4.0

Residual: 0.6284119988280347


epsilon: 3.00625

m: 4.166666666666666

Residual: 0.5438848106134692


epsilon: 3.00625

m: 4.333333333333333

Residual: 0.45073174571178426


epsilon: 3.00625

m: 4.5

Residual: 0.35889112081653035


epsilon: 3.00625

m: 4.666666666666666

Residual: 0.2720702069999566


epsilon: 3.00625

m: 4.833333333333333

Residual: 0.19935710585328814


epsilon: 3.00625

m: 5.0

Residual: 0.14445273605534


epsilon: 3.00625

m: 5.166666666666666

Residual: 0.11712135967187033


epsilon: 3.00625

m: 5.333333333333333

Residual: 0.1452243613345882


epsilon: 3.00625

m: 5.5

Residual: 0.22957265402446989


epsilon: 3.00625

m: 5.666666666666666

Residual: 0.3059360199834967


epsilon: 3.00625

m: 5.833333333333333

Residual: 0.3750929512361199


epsilon: 3.00625

m: 6.0

Residual: 0.43862208119122187


epsilon: 3.00625

m: 6.166666666666666

Residual: 0.493400568994123


epsilon: 3.00625

m: 6.333333333333333

Residual: 0.5421739904927007


epsilon: 3.00625

m: 6.5

Residual: 0.5862013256846187


epsilon: 3.00625

m: 6.666666666666666

Residual: 0.6266224955191324


epsilon: 3.00625

m: 6.833333333333333

Residual: 0.6582328863151009


epsilon: 3.00625

m: 7.0

Residual: 0.6906002281554076


epsilon: 3.339166666666667

m: 3.0

Residual: 0.9317295086511024


epsilon: 3.339166666666667

m: 3.1666666666666665

Residual: 0.9074553571638166


epsilon: 3.339166666666667

m: 3.3333333333333335

Residual: 0.8761871018662494


epsilon: 3.339166666666667

m: 3.5

Residual: 0.836575069811947


epsilon: 3.339166666666667

m: 3.6666666666666665

Residual: 0.7876422976130376


epsilon: 3.339166666666667

m: 3.833333333333333

Residual: 0.7285256479170159


epsilon: 3.339166666666667

m: 4.0

Residual: 0.6591997293020031


epsilon: 3.339166666666667

m: 4.166666666666666

Residual: 0.5799395022840794


epsilon: 3.339166666666667

m: 4.333333333333333

Residual: 0.4918106884708168


epsilon: 3.339166666666667

m: 4.5

Residual: 0.39706538028796634


epsilon: 3.339166666666667

m: 4.666666666666666

Residual: 0.30772501706842853


epsilon: 3.339166666666667

m: 4.833333333333333

Residual: 0.22690433853064787


epsilon: 3.339166666666667

m: 5.0

Residual: 0.15993430672430928


epsilon: 3.339166666666667

m: 5.166666666666666

Residual: 0.11673666654849849


epsilon: 3.339166666666667

m: 5.333333333333333

Residual: 0.10491987142187931


epsilon: 3.339166666666667

m: 5.5

Residual: 0.17718651055596782


epsilon: 3.339166666666667

m: 5.666666666666666

Residual: 0.2570357903315639


epsilon: 3.339166666666667

m: 5.833333333333333

Residual: 0.32882332428439187


epsilon: 3.339166666666667

m: 6.0

Residual: 0.3931044435055504


epsilon: 3.339166666666667

m: 6.166666666666666

Residual: 0.4506596643865444


epsilon: 3.339166666666667

m: 6.333333333333333

Residual: 0.5062213099153279


epsilon: 3.339166666666667

m: 6.5

Residual: 0.5519710440247738


epsilon: 3.339166666666667

m: 6.666666666666666

Residual: 0.5927671048796366


epsilon: 3.339166666666667

m: 6.833333333333333

Residual: 0.6309376728281383


epsilon: 3.339166666666667

m: 7.0

Residual: 0.6643863014395145


epsilon: 3.6720833333333336

m: 3.0

Residual: 0.9377225829011225


epsilon: 3.6720833333333336

m: 3.1666666666666665

Residual: 0.9155034472615319


epsilon: 3.6720833333333336

m: 3.3333333333333335

Residual: 0.8867342563084316


epsilon: 3.6720833333333336

m: 3.5

Residual: 0.8502814964461637


epsilon: 3.6720833333333336

m: 3.6666666666666665

Residual: 0.8049978127555445


epsilon: 3.6720833333333336

m: 3.833333333333333

Residual: 0.7500720119976824


epsilon: 3.6720833333333336

m: 4.0

Residual: 0.6852253533952718


epsilon: 3.6720833333333336

m: 4.166666666666666

Residual: 0.6104593588304283


epsilon: 3.6720833333333336

m: 4.333333333333333

Residual: 0.5269264773062935


epsilon: 3.6720833333333336

m: 4.5

Residual: 0.4364604768021161


epsilon: 3.6720833333333336

m: 4.666666666666666

Residual: 0.34378124999994436


epsilon: 3.6720833333333336

m: 4.833333333333333

Residual: 0.2566625866843522


epsilon: 3.6720833333333336

m: 5.0

Residual: 0.1814017323614223


epsilon: 3.6720833333333336

m: 5.166666666666666

Residual: 0.1238106599374299


epsilon: 3.6720833333333336

m: 5.333333333333333

Residual: 0.0933443645756827


epsilon: 3.6720833333333336

m: 5.5

Residual: 0.13141951080803793


epsilon: 3.6720833333333336

m: 5.666666666666666

Residual: 0.2124272871654369


epsilon: 3.6720833333333336

m: 5.833333333333333

Residual: 0.2864109155349692


epsilon: 3.6720833333333336

m: 6.0

Residual: 0.3548468911902101


epsilon: 3.6720833333333336

m: 6.166666666666666

Residual: 0.4152502567246368


epsilon: 3.6720833333333336

m: 6.333333333333333

Residual: 0.46872937091831945


epsilon: 3.6720833333333336

m: 6.5

Residual: 0.5182021080150695


epsilon: 3.6720833333333336

m: 6.666666666666666

Residual: 0.5555436858458244


epsilon: 3.6720833333333336

m: 6.833333333333333

Residual: 0.598653900220582


epsilon: 3.6720833333333336

m: 7.0

Residual: 0.6274342342245491


epsilon: 4.005

m: 3.0

Residual: 0.9427548407356856


epsilon: 4.005

m: 3.1666666666666665

Residual: 0.9222558948352177


epsilon: 4.005

m: 3.3333333333333335

Residual: 0.8956815706375499


epsilon: 4.005

m: 3.5

Residual: 0.8618697419852226


epsilon: 4.005

m: 3.6666666666666665

Residual: 0.8197458333391886


epsilon: 4.005

m: 3.833333333333333

Residual: 0.7684188203216044


epsilon: 4.005

m: 4.0

Residual: 0.7075438223948067


epsilon: 4.005

m: 4.166666666666666

Residual: 0.6369753656286992


epsilon: 4.005

m: 4.333333333333333

Residual: 0.557634622452754


epsilon: 4.005

m: 4.5

Residual: 0.47081928946455776


epsilon: 4.005

m: 4.666666666666666

Residual: 0.3782063671431798


epsilon: 4.005

m: 4.833333333333333

Residual: 0.2891314727288895


epsilon: 4.005

m: 5.0

Residual: 0.20698272392744743


epsilon: 4.005

m: 5.166666666666666

Residual: 0.13973704230396358


epsilon: 4.005

m: 5.333333333333333

Residual: 0.09254376681470362


epsilon: 4.005

m: 5.5

Residual: 0.08884332494257749


epsilon: 4.005

m: 5.666666666666666

Residual: 0.1710458906059235


epsilon: 4.005

m: 5.833333333333333

Residual: 0.24723607880707457


epsilon: 4.005

m: 6.0

Residual: 0.31471476280982325


epsilon: 4.005

m: 6.166666666666666

Residual: 0.38011135056924145


epsilon: 4.005

m: 6.333333333333333

Residual: 0.4352960798493246


epsilon: 4.005

m: 6.5

Residual: 0.48677694521476556


epsilon: 4.005

m: 6.666666666666666

Residual: 0.5327014500967968


epsilon: 4.005

m: 6.833333333333333

Residual: 0.5740501785292818


epsilon: 4.005

m: 7.0

Residual: 0.603495882288633


epsilon: 4.337916666666667

m: 3.0

Residual: 0.9470293190956491


epsilon: 4.337916666666667

m: 3.1666666666666665

Residual: 0.9280018009103431


epsilon: 4.337916666666667

m: 3.3333333333333335

Residual: 0.9032942994912294


epsilon: 4.337916666666667

m: 3.5

Residual: 0.8717822726858797


epsilon: 4.337916666666667

m: 3.6666666666666665

Residual: 0.8324190413759485


epsilon: 4.337916666666667

m: 3.833333333333333

Residual: 0.784316924425642


epsilon: 4.337916666666667

m: 4.0

Residual: 0.7269070806526897


epsilon: 4.337916666666667

m: 4.166666666666666

Residual: 0.660018832939977


epsilon: 4.337916666666667

m: 4.333333333333333

Residual: 0.5845442625410214


epsilon: 4.337916666666667

m: 4.5

Residual: 0.5012323991968749


epsilon: 4.337916666666667

m: 4.666666666666666

Residual: 0.412241716083943


epsilon: 4.337916666666667

m: 4.833333333333333

Residual: 0.3198680410035517


epsilon: 4.337916666666667

m: 5.0

Residual: 0.2345838072488443


epsilon: 4.337916666666667

m: 5.166666666666666

Residual: 0.15866444713745392


epsilon: 4.337916666666667

m: 5.333333333333333

Residual: 0.10090735432527445


epsilon: 4.337916666666667

m: 5.5

Residual: 0.06950558621863544


epsilon: 4.337916666666667

m: 5.666666666666666

Residual: 0.13182196019886258


epsilon: 4.337916666666667

m: 5.833333333333333

Residual: 0.20959226056086608


epsilon: 4.337916666666667

m: 6.0

Residual: 0.28066395020329593


epsilon: 4.337916666666667

m: 6.166666666666666

Residual: 0.34455016194009536


epsilon: 4.337916666666667

m: 6.333333333333333

Residual: 0.40136598361314907


epsilon: 4.337916666666667

m: 6.5

Residual: 0.4545052946328181


epsilon: 4.337916666666667

m: 6.666666666666666

Residual: 0.49653347210659654


epsilon: 4.337916666666667

m: 6.833333333333333

Residual: 0.5455636231709032


epsilon: 4.337916666666667

m: 7.0

Residual: 0.5825501656943007


epsilon: 4.670833333333333

m: 3.0

Residual: 0.950709625677814


epsilon: 4.670833333333333

m: 3.1666666666666665

Residual: 0.9329694596480722


epsilon: 4.670833333333333

m: 3.3333333333333335

Residual: 0.9098811708542909


epsilon: 4.670833333333333

m: 3.5

Residual: 0.8803846469553107


epsilon: 4.670833333333333

m: 3.6666666666666665

Residual: 0.8434434220232524


epsilon: 4.670833333333333

m: 3.833333333333333

Residual: 0.7981371419280684


epsilon: 4.670833333333333

m: 4.0

Residual: 0.7438430545382749


epsilon: 4.670833333333333

m: 4.166666666666666

Residual: 0.6804738030721634


epsilon: 4.670833333333333

m: 4.333333333333333

Residual: 0.6083320660151231


epsilon: 4.670833333333333

m: 4.5

Residual: 0.528224329990659


epsilon: 4.670833333333333

m: 4.666666666666666

Residual: 0.44214041749266053


epsilon: 4.670833333333333

m: 4.833333333333333

Residual: 0.35145926331449584


epsilon: 4.670833333333333

m: 5.0

Residual: 0.2628271713328481


epsilon: 4.670833333333333

m: 5.166666666666666

Residual: 0.18160210588375866


epsilon: 4.670833333333333

m: 5.333333333333333

Residual: 0.11519611651314447


epsilon: 4.670833333333333

m: 5.5

Residual: 0.06886654462306623


epsilon: 4.670833333333333

m: 5.666666666666666

Residual: 0.09658270974423698


epsilon: 4.670833333333333

m: 5.833333333333333

Residual: 0.1715581405350404


epsilon: 4.670833333333333

m: 6.0

Residual: 0.2434107786393981


epsilon: 4.670833333333333

m: 6.166666666666666

Residual: 0.310348594717403


epsilon: 4.670833333333333

m: 6.333333333333333

Residual: 0.36904105864106734


epsilon: 4.670833333333333

m: 6.5

Residual: 0.42537391507710876


epsilon: 4.670833333333333

m: 6.666666666666666

Residual: 0.4752559840949557


epsilon: 4.670833333333333

m: 6.833333333333333

Residual: 0.5183091465199877


epsilon: 4.670833333333333

m: 7.0

Residual: 0.5583603124904848


epsilon: 5.00375

m: 3.0

Residual: 0.9539184258531869


epsilon: 5.00375

m: 3.1666666666666665

Residual: 0.937281979025418


epsilon: 5.00375

m: 3.3333333333333335

Residual: 0.9156173412212564


epsilon: 5.00375

m: 3.5

Residual: 0.8878947828201859


epsilon: 5.00375

m: 3.6666666666666665

Residual: 0.8530845678466901


epsilon: 5.00375

m: 3.833333333333333

Residual: 0.8102461882971226


epsilon: 5.00375

m: 4.0

Residual: 0.7588441376451267


epsilon: 5.00375

m: 4.166666666666666

Residual: 0.6986066260988719


epsilon: 5.00375

m: 4.333333333333333

Residual: 0.6296152577705082


epsilon: 5.00375

m: 4.5

Residual: 0.5528880845952755


epsilon: 5.00375

m: 4.666666666666666

Residual: 0.4695463407727241


epsilon: 5.00375

m: 4.833333333333333

Residual: 0.3812755851342609


epsilon: 5.00375

m: 5.0

Residual: 0.29069106709772224


epsilon: 5.00375

m: 5.166666666666666

Residual: 0.20748580363985822


epsilon: 5.00375

m: 5.333333333333333

Residual: 0.13285524095817233


epsilon: 5.00375

m: 5.5

Residual: 0.07729780933467398


epsilon: 5.00375

m: 5.666666666666666

Residual: 0.06186329745423322


epsilon: 5.00375

m: 5.833333333333333

Residual: 0.13811150174463938


epsilon: 5.00375

m: 6.0

Residual: 0.21249574086529918


epsilon: 5.00375

m: 6.166666666666666

Residual: 0.2779015423457375


epsilon: 5.00375

m: 6.333333333333333

Residual: 0.339784410006853


epsilon: 5.00375

m: 6.5

Residual: 0.3975633363282074


epsilon: 5.00375

m: 6.666666666666666

Residual: 0.4477686237050831


epsilon: 5.00375

m: 6.833333333333333

Residual: 0.4931591358446421


epsilon: 5.00375

m: 7.0

Residual: 0.5319463982831099


epsilon: 5.336666666666667

m: 3.0

Residual: 0.9567269604068606


epsilon: 5.336666666666667

m: 3.1666666666666665

Residual: 0.9410698678091648


epsilon: 5.336666666666667

m: 3.3333333333333335

Residual: 0.920661842105157


epsilon: 5.336666666666667

m: 3.5

Residual: 0.8945142810605395


epsilon: 5.336666666666667

m: 3.6666666666666665

Residual: 0.8616320624208786


epsilon: 5.336666666666667

m: 3.833333333333333

Residual: 0.8210329609505291


epsilon: 5.336666666666667

m: 4.0

Residual: 0.772177032192966


epsilon: 5.336666666666667

m: 4.166666666666666

Residual: 0.7146182117477702


epsilon: 5.336666666666667

m: 4.333333333333333

Residual: 0.648754868780035


epsilon: 5.336666666666667

m: 4.5

Residual: 0.5749171305306431


epsilon: 5.336666666666667

m: 4.666666666666666

Residual: 0.4934159645370561


epsilon: 5.336666666666667

m: 4.833333333333333

Residual: 0.4091566895428758


epsilon: 5.336666666666667

m: 5.0

Residual: 0.31991879865456835


epsilon: 5.336666666666667

m: 5.166666666666666

Residual: 0.23329565540429184


epsilon: 5.336666666666667

m: 5.333333333333333

Residual: 0.15388617913563457


epsilon: 5.336666666666667

m: 5.5

Residual: 0.08983227416319396


epsilon: 5.336666666666667

m: 5.666666666666666

Residual: 0.04923501323077093


epsilon: 5.336666666666667

m: 5.833333333333333

Residual: 0.10525464204956647


epsilon: 5.336666666666667

m: 6.0

Residual: 0.18319468158115337


epsilon: 5.336666666666667

m: 6.166666666666666

Residual: 0.2474771905425647


epsilon: 5.336666666666667

m: 6.333333333333333

Residual: 0.3105008651820338


epsilon: 5.336666666666667

m: 6.5

Residual: 0.3678472451519176


epsilon: 5.336666666666667

m: 6.666666666666666

Residual: 0.4193427037095175


epsilon: 5.336666666666667

m: 6.833333333333333

Residual: 0.4660227089085166


epsilon: 5.336666666666667

m: 7.0

Residual: 0.507605502930613


epsilon: 5.669583333333334

m: 3.0

Residual: 0.9592152327652248


epsilon: 5.669583333333334

m: 3.1666666666666665

Residual: 0.944444567424644


epsilon: 5.669583333333334

m: 3.3333333333333335

Residual: 0.9251686756667028


epsilon: 5.669583333333334

m: 3.5

Residual: 0.9004132467704163


epsilon: 5.669583333333334

m: 3.6666666666666665

Residual: 0.8692100662770421


epsilon: 5.669583333333334

m: 3.833333333333333

Residual: 0.8307201913872393


epsilon: 5.669583333333334

m: 4.0

Residual: 0.7840659514544339


epsilon: 5.669583333333334

m: 4.166666666666666

Residual: 0.729217032849631


epsilon: 5.669583333333334

m: 4.333333333333333

Residual: 0.6659560752815388


epsilon: 5.669583333333334

m: 4.5

Residual: 0.5947141431345373


epsilon: 5.669583333333334

m: 4.666666666666666

Residual: 0.5167755526915736


epsilon: 5.669583333333334

m: 4.833333333333333

Residual: 0.433258993890167


epsilon: 5.669583333333334

m: 5.0

Residual: 0.34693583357341384


epsilon: 5.669583333333334

m: 5.166666666666666

Residual: 0.2584416591336947


epsilon: 5.669583333333334

m: 5.333333333333333

Residual: 0.17812189342642443


epsilon: 5.669583333333334

m: 5.5

Residual: 0.10484186998713606


epsilon: 5.669583333333334

m: 5.666666666666666

Residual: 0.052502104991190915


epsilon: 5.669583333333334

m: 5.833333333333333

Residual: 0.07820025522765299


epsilon: 5.669583333333334

m: 6.0

Residual: 0.15135588572820355


epsilon: 5.669583333333334

m: 6.166666666666666

Residual: 0.21929504324621885


epsilon: 5.669583333333334

m: 6.333333333333333

Residual: 0.28634095747717614


epsilon: 5.669583333333334

m: 6.5

Residual: 0.3439588161488023


epsilon: 5.669583333333334

m: 6.666666666666666

Residual: 0.3946141498137076


epsilon: 5.669583333333334

m: 6.833333333333333

Residual: 0.44417268674901456


epsilon: 5.669583333333334

m: 7.0

Residual: 0.4912218534739162


epsilon: 6.0025

m: 3.0

Residual: 0.9614380986457048


epsilon: 6.0025

m: 3.1666666666666665

Residual: 0.94744481728063


epsilon: 6.0025

m: 3.3333333333333335

Residual: 0.9291664437555636


epsilon: 6.0025

m: 3.5

Residual: 0.9056578079975441


epsilon: 6.0025

m: 3.6666666666666665

Residual: 0.87603016268274


epsilon: 6.0025

m: 3.833333333333333

Residual: 0.8393444551586137


epsilon: 6.0025

m: 4.0

Residual: 0.794898334064237


epsilon: 6.0025

m: 4.166666666666666

Residual: 0.7422580105847116


epsilon: 6.0025

m: 4.333333333333333

Residual: 0.6814474559697946


epsilon: 6.0025

m: 4.5

Residual: 0.6127179193038539


epsilon: 6.0025

m: 4.666666666666666

Residual: 0.5373313547556252


epsilon: 6.0025

m: 4.833333333333333

Residual: 0.45680919659893426


epsilon: 6.0025

m: 5.0

Residual: 0.3717026265090435


epsilon: 6.0025

m: 5.166666666666666

Residual: 0.2851396080079588


epsilon: 6.0025

m: 5.333333333333333

Residual: 0.2007653705609096


epsilon: 6.0025

m: 5.5

Residual: 0.12664348958745292


epsilon: 6.0025

m: 5.666666666666666

Residual: 0.06432010282827764


epsilon: 6.0025

m: 5.833333333333333

Residual: 0.052610230264031534


epsilon: 6.0025

m: 6.0

Residual: 0.12305848218911158


epsilon: 6.0025

m: 6.166666666666666

Residual: 0.19314813682374699


epsilon: 6.0025

m: 6.333333333333333

Residual: 0.2604248011602075


epsilon: 6.0025

m: 6.5

Residual: 0.31630882965890733


epsilon: 6.0025

m: 6.666666666666666

Residual: 0.37093283124148496


epsilon: 6.0025

m: 6.833333333333333

Residual: 0.42003113608839143


epsilon: 6.0025

m: 7.0

Residual: 0.4646488507650087


epsilon: 6.335416666666667

m: 3.0

Residual: 0.9634229181386291


epsilon: 6.335416666666667

m: 3.1666666666666665

Residual: 0.950131428569443


epsilon: 6.335416666666667

m: 3.3333333333333335

Residual: 0.9327622745483191


epsilon: 6.335416666666667

m: 3.5

Residual: 0.9103938756987318


epsilon: 6.335416666666667

m: 3.6666666666666665

Residual: 0.8821565590193355


epsilon: 6.335416666666667

m: 3.833333333333333

Residual: 0.8471612140572645


epsilon: 6.335416666666667

m: 4.0

Residual: 0.804653428806182


epsilon: 6.335416666666667

m: 4.166666666666666

Residual: 0.7541848009600143


epsilon: 6.335416666666667

m: 4.333333333333333

Residual: 0.6954981689595243


epsilon: 6.335416666666667

m: 4.5

Residual: 0.6293740623014833


epsilon: 6.335416666666667

m: 4.666666666666666

Residual: 0.5563031069178932


epsilon: 6.335416666666667

m: 4.833333333333333

Residual: 0.47789030039837105


epsilon: 6.335416666666667

m: 5.0

Residual: 0.39420905084073915


epsilon: 6.335416666666667

m: 5.166666666666666

Residual: 0.31092342238836373


epsilon: 6.335416666666667

m: 5.333333333333333

Residual: 0.2250346511687542


epsilon: 6.335416666666667

m: 5.5

Residual: 0.1455868200240093


epsilon: 6.335416666666667

m: 5.666666666666666

Residual: 0.07659194291804326


epsilon: 6.335416666666667

m: 5.833333333333333

Residual: 0.04331730340162615


epsilon: 6.335416666666667

m: 6.0

Residual: 0.09710950708223184


epsilon: 6.335416666666667

m: 6.166666666666666

Residual: 0.16916155451869574


epsilon: 6.335416666666667

m: 6.333333333333333

Residual: 0.23369407460735417


epsilon: 6.335416666666667

m: 6.5

Residual: 0.29258670685812416


epsilon: 6.335416666666667

m: 6.666666666666666

Residual: 0.3491266233143945


epsilon: 6.335416666666667

m: 6.833333333333333

Residual: 0.40040338293841243


epsilon: 6.335416666666667

m: 7.0

Residual: 0.4477963640164738


epsilon: 6.668333333333334

m: 3.0

Residual: 0.9652178190965481


epsilon: 6.668333333333334

m: 3.1666666666666665

Residual: 0.9525683253707867


epsilon: 6.668333333333334

m: 3.3333333333333335

Residual: 0.936012955493524


epsilon: 6.668333333333334

m: 3.5

Residual: 0.9146957989477691


epsilon: 6.668333333333334

m: 3.6666666666666665

Residual: 0.8876849479806819


epsilon: 6.668333333333334

m: 3.833333333333333

Residual: 0.854183745325944


epsilon: 6.668333333333334

m: 4.0

Residual: 0.8134102547591499


epsilon: 6.668333333333334

m: 4.166666666666666

Residual: 0.7649236195288327


epsilon: 6.668333333333334

m: 4.333333333333333

Residual: 0.7084734964688053


epsilon: 6.668333333333334

m: 4.5

Residual: 0.6447769644328107


epsilon: 6.668333333333334

m: 4.666666666666666

Residual: 0.5737130620971296


epsilon: 6.668333333333334

m: 4.833333333333333

Residual: 0.4971332305631474


epsilon: 6.668333333333334

m: 5.0

Residual: 0.41578201870370096


epsilon: 6.668333333333334

m: 5.166666666666666

Residual: 0.33263192953050236


epsilon: 6.668333333333334

m: 5.333333333333333

Residual: 0.24786811585337254


epsilon: 6.668333333333334

m: 5.5

Residual: 0.16595732747496353


epsilon: 6.668333333333334

m: 5.666666666666666

Residual: 0.09436799406688663


epsilon: 6.668333333333334

m: 5.833333333333333

Residual: 0.04554744527172555


epsilon: 6.668333333333334

m: 6.0

Residual: 0.07026246396136812


epsilon: 6.668333333333334

m: 6.166666666666666

Residual: 0.14267060612763005


epsilon: 6.668333333333334

m: 6.333333333333333

Residual: 0.20887311360146704


epsilon: 6.668333333333334

m: 6.5

Residual: 0.26639781114678207


epsilon: 6.668333333333334

m: 6.666666666666666

Residual: 0.32512845394497825


epsilon: 6.668333333333334

m: 6.833333333333333

Residual: 0.3747450528220557


epsilon: 6.668333333333334

m: 7.0

Residual: 0.4282413823328567


epsilon: 7.001250000000001

m: 3.0

Residual: 0.9668436545216438


epsilon: 7.001250000000001

m: 3.1666666666666665

Residual: 0.9547679009278065


epsilon: 7.001250000000001

m: 3.3333333333333335

Residual: 0.9389611515865618


epsilon: 7.001250000000001

m: 3.5

Residual: 0.9185763429913794


epsilon: 7.001250000000001

m: 3.6666666666666665

Residual: 0.8927568974652764


epsilon: 7.001250000000001

m: 3.833333333333333

Residual: 0.8606126475046599


epsilon: 7.001250000000001

m: 4.0

Residual: 0.8215126551723356


epsilon: 7.001250000000001

m: 4.166666666666666

Residual: 0.7748424857789578


epsilon: 7.001250000000001

m: 4.333333333333333

Residual: 0.7205830770016278


epsilon: 7.001250000000001

m: 4.5

Residual: 0.6587757573172148


epsilon: 7.001250000000001

m: 4.666666666666666

Residual: 0.5901749358774695


epsilon: 7.001250000000001

m: 4.833333333333333

Residual: 0.5148501410811906


epsilon: 7.001250000000001

m: 5.0

Residual: 0.43520212386897333


epsilon: 7.001250000000001

m: 5.166666666666666

Residual: 0.353755460660372


epsilon: 7.001250000000001

m: 5.333333333333333

Residual: 0.2699136565922279


epsilon: 7.001250000000001

m: 5.5

Residual: 0.1887634238688754


epsilon: 7.001250000000001

m: 5.666666666666666

Residual: 0.11490880309278936


epsilon: 7.001250000000001

m: 5.833333333333333

Residual: 0.05442762537959378


epsilon: 7.001250000000001

m: 6.0

Residual: 0.05208533747406742


epsilon: 7.001250000000001

m: 6.166666666666666

Residual: 0.11829055379138942


epsilon: 7.001250000000001

m: 6.333333333333333

Residual: 0.18339029413413127


epsilon: 7.001250000000001

m: 6.5

Residual: 0.2441214447918722


epsilon: 7.001250000000001

m: 6.666666666666666

Residual: 0.3035203571659813


epsilon: 7.001250000000001

m: 6.833333333333333

Residual: 0.35505294320457725


epsilon: 7.001250000000001

m: 7.0

Residual: 0.4014080673300789


epsilon: 7.334166666666667

m: 3.0

Residual: 0.9683275748731327


epsilon: 7.334166666666667

m: 3.1666666666666665

Residual: 0.9567828494199879


epsilon: 7.334166666666667

m: 3.3333333333333335

Residual: 0.9416522077381786


epsilon: 7.334166666666667

m: 3.5

Residual: 0.92213071102023


epsilon: 7.334166666666667

m: 3.6666666666666665

Residual: 0.8973366415069367


epsilon: 7.334166666666667

m: 3.833333333333333

Residual: 0.8665438728981351


epsilon: 7.334166666666667

m: 4.0

Residual: 0.8289220164794582


epsilon: 7.334166666666667

m: 4.166666666666666

Residual: 0.7839976307983041


epsilon: 7.334166666666667

m: 4.333333333333333

Residual: 0.7315188848267851


epsilon: 7.334166666666667

m: 4.5

Residual: 0.6715431032711723


epsilon: 7.334166666666667

m: 4.666666666666666

Residual: 0.6047384028963545


epsilon: 7.334166666666667

m: 4.833333333333333

Residual: 0.5318232823799265


epsilon: 7.334166666666667

m: 5.0

Residual: 0.4545376929353349


epsilon: 7.334166666666667

m: 5.166666666666666

Residual: 0.3741493691435494


epsilon: 7.334166666666667

m: 5.333333333333333

Residual: 0.2925514600373572


epsilon: 7.334166666666667

m: 5.5

Residual: 0.21057670741042447


epsilon: 7.334166666666667

m: 5.666666666666666

Residual: 0.13130069580908793


epsilon: 7.334166666666667

m: 5.833333333333333

Residual: 0.06881745169443187


epsilon: 7.334166666666667

m: 6.0

Residual: 0.04381332649623876


epsilon: 7.334166666666667

m: 6.166666666666666

Residual: 0.09749434986298042


epsilon: 7.334166666666667

m: 6.333333333333333

Residual: 0.16348374797914708


epsilon: 7.334166666666667

m: 6.5

Residual: 0.226667417484138


epsilon: 7.334166666666667

m: 6.666666666666666

Residual: 0.28271987257276365


epsilon: 7.334166666666667

m: 6.833333333333333

Residual: 0.3360911845664123


epsilon: 7.334166666666667

m: 7.0

Residual: 0.37925273880064037


epsilon: 7.667083333333334

m: 3.0

Residual: 0.9696806298529588


epsilon: 7.667083333333334

m: 3.1666666666666665

Residual: 0.9586197327963276


epsilon: 7.667083333333334

m: 3.3333333333333335

Residual: 0.9441115580995606


epsilon: 7.667083333333334

m: 3.5

Residual: 0.9253998752851094


epsilon: 7.667083333333334

m: 3.6666666666666665

Residual: 0.9016021991280474


epsilon: 7.667083333333334

m: 3.833333333333333

Residual: 0.8719637986970822


epsilon: 7.667083333333334

m: 4.0

Residual: 0.8357513071479191


epsilon: 7.667083333333334

m: 4.166666666666666

Residual: 0.7924736366879417


epsilon: 7.667083333333334

m: 4.333333333333333

Residual: 0.7415598592645518


epsilon: 7.667083333333334

m: 4.5

Residual: 0.6835008803461816


epsilon: 7.667083333333334

m: 4.666666666666666

Residual: 0.6186526565417859


epsilon: 7.667083333333334

m: 4.833333333333333

Residual: 0.5478596493304246


epsilon: 7.667083333333334

m: 5.0

Residual: 0.472156478147267


epsilon: 7.667083333333334

m: 5.166666666666666

Residual: 0.3926160032276432


epsilon: 7.667083333333334

m: 5.333333333333333

Residual: 0.31235253968597354


epsilon: 7.667083333333334

m: 5.5

Residual: 0.23102794803318308


epsilon: 7.667083333333334

m: 5.666666666666666

Residual: 0.15206705742790438


epsilon: 7.667083333333334

m: 5.833333333333333

Residual: 0.07884582346224304


epsilon: 7.667083333333334

m: 6.0

Residual: 0.0471852105406085


epsilon: 7.667083333333334

m: 6.166666666666666

Residual: 0.07399100582371544


epsilon: 7.667083333333334

m: 6.333333333333333

Residual: 0.1431091480799991


epsilon: 7.667083333333334

m: 6.5

Residual: 0.2039302906445381


epsilon: 7.667083333333334

m: 6.666666666666666

Residual: 0.26153606608908025


epsilon: 7.667083333333334

m: 6.833333333333333

Residual: 0.31461863427915154


epsilon: 7.667083333333334

m: 7.0

Residual: 0.3656941960692019


epsilon: 8.0

m: 3.0

Residual: 0.9709217767964926


epsilon: 8.0

m: 3.1666666666666665

Residual: 0.9603070413070283


epsilon: 8.0

m: 3.3333333333333335

Residual: 0.9463730062563118


epsilon: 8.0

m: 3.5

Residual: 0.9283876646930503


epsilon: 8.0

m: 3.6666666666666665

Residual: 0.9055001321194236


epsilon: 8.0

m: 3.833333333333333

Residual: 0.8769640395569218


epsilon: 8.0

m: 4.0

Residual: 0.8420792139368285


epsilon: 8.0

m: 4.166666666666666

Residual: 0.8001835763933588


epsilon: 8.0

m: 4.333333333333333

Residual: 0.7510671854451806


epsilon: 8.0

m: 4.5

Residual: 0.6947125049670001


epsilon: 8.0

m: 4.666666666666666

Residual: 0.6316010657280294


epsilon: 8.0

m: 4.833333333333333

Residual: 0.5622979023090953


epsilon: 8.0

m: 5.0

Residual: 0.48855296241095164


epsilon: 8.0

m: 5.166666666666666

Residual: 0.4116596678595583


epsilon: 8.0

m: 5.333333333333333

Residual: 0.33100315753614606


epsilon: 8.0

m: 5.5

Residual: 0.24943754836629384


epsilon: 8.0

m: 5.666666666666666

Residual: 0.17086555431944678


epsilon: 8.0

m: 5.833333333333333

Residual: 0.09631752435338589


epsilon: 8.0

m: 6.0

Residual: 0.05154733917663783


epsilon: 8.0

m: 6.166666666666666

Residual: 0.05181061203717184


epsilon: 8.0

m: 6.333333333333333

Residual: 0.11917868044163596


epsilon: 8.0

m: 6.5

Residual: 0.17810412747822174


epsilon: 8.0

m: 6.666666666666666

Residual: 0.24039687888821604


epsilon: 8.0

m: 6.833333333333333

Residual: 0.2938028426082932


epsilon: 8.0

m: 7.0

Residual: 0.3441909210207018


