epsilon: 0.5

m: 4.25

Residual: 0.1668610463869046


epsilon: 0.5

m: 4.25

Residual: 0.16707894922157035


epsilon: 0.5

m: 4.291666666666667

Residual: 0.1724887104047117


epsilon: 0.5

m: 4.333333333333333

Residual: 0.18203125006516943


epsilon: 0.5

m: 4.375

Residual: 0.2001823168948302


epsilon: 0.5

m: 4.416666666666667

Residual: 0.21837167976160962


epsilon: 0.5

m: 4.458333333333333

Residual: 0.24126561760612406


epsilon: 0.5

m: 4.5

Residual: 0.26590355400461707


epsilon: 0.5

m: 4.541666666666667

Residual: 0.29725805796862165


epsilon: 0.5

m: 4.583333333333333

Residual: 0.32359240600223105


epsilon: 0.5

m: 4.625

Residual: 0.3508336430534429


epsilon: 0.5

m: 4.666666666666667

Residual: 0.37840896972134835


epsilon: 0.5

m: 4.708333333333333

Residual: 0.4020842212608106


epsilon: 0.5

m: 4.75

Residual: 0.4271541149046332


epsilon: 0.5

m: 4.791666666666667

Residual: 0.4471529367710852


epsilon: 0.5

m: 4.833333333333333

Residual: 0.46959196967337


epsilon: 0.5

m: 4.875

Residual: 0.495205080558489


epsilon: 0.5

m: 4.916666666666667

Residual: 0.5190809181573272


epsilon: 0.5

m: 4.958333333333333

Residual: 0.5358280477799765


epsilon: 0.5

m: 5.0

Residual: 0.5527903969921472


epsilon: 0.5

m: 5.041666666666667

Residual: 0.5704035768708638


epsilon: 0.5

m: 5.083333333333333

Residual: 0.5868141944534127


epsilon: 0.5

m: 5.125

Residual: 0.6107535815335139


epsilon: 0.5

m: 5.166666666666667

Residual: 0.6198510812465906


epsilon: 0.5

m: 5.208333333333333

Residual: 0.6365327337965832


epsilon: 0.5

m: 5.25

Residual: 0.6491878933540199


epsilon: 0.5833333333333334

m: 4.25

Residual: 0.15195631525618034


epsilon: 0.5833333333333334

m: 4.291666666666667

Residual: 0.14873421114451973


epsilon: 0.5833333333333334

m: 4.333333333333333

Residual: 0.14573700272661275


epsilon: 0.5833333333333334

m: 4.375

Residual: 0.1534433523637574


epsilon: 0.5833333333333334

m: 4.416666666666667

Residual: 0.16357338095857044


epsilon: 0.5833333333333334

m: 4.458333333333333

Residual: 0.18100586048230768


epsilon: 0.5833333333333334

m: 4.5

Residual: 0.20091753538763332


epsilon: 0.5833333333333334

m: 4.541666666666667

Residual: 0.22561063530944725


epsilon: 0.5833333333333334

m: 4.583333333333333

Residual: 0.2545381746529081


epsilon: 0.5833333333333334

m: 4.625

Residual: 0.2827717929809403


epsilon: 0.5833333333333334

m: 4.666666666666667

Residual: 0.3122827144679188


epsilon: 0.5833333333333334

m: 4.708333333333333

Residual: 0.33716178563296156


epsilon: 0.5833333333333334

m: 4.75

Residual: 0.3633619640799723


epsilon: 0.5833333333333334

m: 4.791666666666667

Residual: 0.38512488568266395


epsilon: 0.5833333333333334

m: 4.833333333333333

Residual: 0.4081330878997295


epsilon: 0.5833333333333334

m: 4.875

Residual: 0.43652796962459894


epsilon: 0.5833333333333334

m: 4.916666666666667

Residual: 0.45255832028903803


epsilon: 0.5833333333333334

m: 4.958333333333333

Residual: 0.4855553825362515


epsilon: 0.5833333333333334

m: 5.0

Residual: 0.4983888388577393


epsilon: 0.5833333333333334

m: 5.041666666666667

Residual: 0.5165960644352204


epsilon: 0.5833333333333334

m: 5.083333333333333

Residual: 0.5342944542587323


epsilon: 0.5833333333333334

m: 5.125

Residual: 0.5559473460184406


epsilon: 0.5833333333333334

m: 5.166666666666667

Residual: 0.5693983076522381


epsilon: 0.5833333333333334

m: 5.208333333333333

Residual: 0.5874638500643077


epsilon: 0.5833333333333334

m: 5.25

Residual: 0.6008947423381793


epsilon: 0.6666666666666666

m: 4.25

Residual: 0.1550214798227889


epsilon: 0.6666666666666666

m: 4.291666666666667

Residual: 0.14302128087306953


epsilon: 0.6666666666666666

m: 4.333333333333333

Residual: 0.13359952924728313


epsilon: 0.6666666666666666

m: 4.375

Residual: 0.1273057032047841


epsilon: 0.6666666666666666

m: 4.416666666666667

Residual: 0.13050567791283393


epsilon: 0.6666666666666666

m: 4.458333333333333

Residual: 0.13898627890434478


epsilon: 0.6666666666666666

m: 4.5

Residual: 0.15212835975044375


epsilon: 0.6666666666666666

m: 4.541666666666667

Residual: 0.17249737001105378


epsilon: 0.6666666666666666

m: 4.583333333333333

Residual: 0.1935253851349675


epsilon: 0.6666666666666666

m: 4.625

Residual: 0.22065995140014064


epsilon: 0.6666666666666666

m: 4.666666666666667

Residual: 0.2471528969870984


epsilon: 0.6666666666666666

m: 4.708333333333333

Residual: 0.2724928603300806


epsilon: 0.6666666666666666

m: 4.75

Residual: 0.2988145679710318


epsilon: 0.6666666666666666

m: 4.791666666666667

Residual: 0.3298755298082152


epsilon: 0.6666666666666666

m: 4.833333333333333

Residual: 0.35291618765470745


epsilon: 0.6666666666666666

m: 4.875

Residual: 0.3811363034798376


epsilon: 0.6666666666666666

m: 4.916666666666667

Residual: 0.4013223780039432


epsilon: 0.6666666666666666

m: 4.958333333333333

Residual: 0.42695486151071016


epsilon: 0.6666666666666666

m: 5.0

Residual: 0.44668504535537323


epsilon: 0.6666666666666666

m: 5.041666666666667

Residual: 0.4676071910527388


epsilon: 0.6666666666666666

m: 5.083333333333333

Residual: 0.48285457274163823


epsilon: 0.6666666666666666

m: 5.125

Residual: 0.5075444334546362


epsilon: 0.6666666666666666

m: 5.166666666666667

Residual: 0.5270517109581991


epsilon: 0.6666666666666666

m: 5.208333333333333

Residual: 0.5384037327303443


epsilon: 0.6666666666666666

m: 5.25

Residual: 0.5604292782399496


epsilon: 0.75

m: 4.25

Residual: 0.17227676794907118


epsilon: 0.75

m: 4.291666666666667

Residual: 0.1537105285850253


epsilon: 0.75

m: 4.333333333333333

Residual: 0.13831855593283301


epsilon: 0.75

m: 4.375

Residual: 0.12288806141513799


epsilon: 0.75

m: 4.416666666666667

Residual: 0.11550165045498277


epsilon: 0.75

m: 4.458333333333333

Residual: 0.11486420720629217


epsilon: 0.75

m: 4.5

Residual: 0.11815193280001998


epsilon: 0.75

m: 4.541666666666667

Residual: 0.12788971279424563


epsilon: 0.75

m: 4.583333333333333

Residual: 0.14654312796965133


epsilon: 0.75

m: 4.625

Residual: 0.16675468675728747


epsilon: 0.75

m: 4.666666666666667

Residual: 0.19118774198108887


epsilon: 0.75

m: 4.708333333333333

Residual: 0.2177806762190327


epsilon: 0.75

m: 4.75

Residual: 0.2461238052473565


epsilon: 0.75

m: 4.791666666666667

Residual: 0.2764625265276844


epsilon: 0.75

m: 4.833333333333333

Residual: 0.297888444103823


epsilon: 0.75

m: 4.875

Residual: 0.3245650227814052


epsilon: 0.75

m: 4.916666666666667

Residual: 0.351589796145267


epsilon: 0.75

m: 4.958333333333333

Residual: 0.37330669113862136


epsilon: 0.75

m: 5.0

Residual: 0.3942088705514246


epsilon: 0.75

m: 5.041666666666667

Residual: 0.4200835666971189


epsilon: 0.75

m: 5.083333333333333

Residual: 0.4386144385677425


epsilon: 0.75

m: 5.125

Residual: 0.45425671913835036


epsilon: 0.75

m: 5.166666666666667

Residual: 0.4808163315013618


epsilon: 0.75

m: 5.208333333333333

Residual: 0.4934829111838751


epsilon: 0.75

m: 5.25

Residual: 0.5133987500161725


epsilon: 0.8333333333333333

m: 4.25

Residual: 0.20092994678554932


epsilon: 0.8333333333333333

m: 4.291666666666667

Residual: 0.17616265723316601


epsilon: 0.8333333333333333

m: 4.333333333333333

Residual: 0.1518101668483397


epsilon: 0.8333333333333333

m: 4.375

Residual: 0.1313687113589935


epsilon: 0.8333333333333333

m: 4.416666666666667

Residual: 0.11735739253764416


epsilon: 0.8333333333333333

m: 4.458333333333333

Residual: 0.10633913521273886


epsilon: 0.8333333333333333

m: 4.5

Residual: 0.09769475586089961


epsilon: 0.8333333333333333

m: 4.541666666666667

Residual: 0.1006301823386475


epsilon: 0.8333333333333333

m: 4.583333333333333

Residual: 0.10713170383626436


epsilon: 0.8333333333333333

m: 4.625

Residual: 0.12470691248581167


epsilon: 0.8333333333333333

m: 4.666666666666667

Residual: 0.1457270356646184


epsilon: 0.8333333333333333

m: 4.708333333333333

Residual: 0.17199225904841903


epsilon: 0.8333333333333333

m: 4.75

Residual: 0.19429223219566935


epsilon: 0.8333333333333333

m: 4.791666666666667

Residual: 0.22287194932940227


epsilon: 0.8333333333333333

m: 4.833333333333333

Residual: 0.2516223129550993


epsilon: 0.8333333333333333

m: 4.875

Residual: 0.2795176071736747


epsilon: 0.8333333333333333

m: 4.916666666666667

Residual: 0.30104079892735947


epsilon: 0.8333333333333333

m: 4.958333333333333

Residual: 0.33159920093652173


epsilon: 0.8333333333333333

m: 5.0

Residual: 0.3534881052292296


epsilon: 0.8333333333333333

m: 5.041666666666667

Residual: 0.3772443780680313


epsilon: 0.8333333333333333

m: 5.083333333333333

Residual: 0.3963279988132428


epsilon: 0.8333333333333333

m: 5.125

Residual: 0.4230428980966991


epsilon: 0.8333333333333333

m: 5.166666666666667

Residual: 0.43385268156621937


epsilon: 0.8333333333333333

m: 5.208333333333333

Residual: 0.4568774698601785


epsilon: 0.8333333333333333

m: 5.25

Residual: 0.47274512252032325


epsilon: 0.9166666666666666

m: 4.25

Residual: 0.23613354111686624


epsilon: 0.9166666666666666

m: 4.291666666666667

Residual: 0.20452136893088657


epsilon: 0.9166666666666666

m: 4.333333333333333

Residual: 0.18003912386619486


epsilon: 0.9166666666666666

m: 4.375

Residual: 0.1535483316237614


epsilon: 0.9166666666666666

m: 4.416666666666667

Residual: 0.13059884246378228


epsilon: 0.9166666666666666

m: 4.458333333333333

Residual: 0.11145331239183547


epsilon: 0.9166666666666666

m: 4.5

Residual: 0.09843422093128193


epsilon: 0.9166666666666666

m: 4.541666666666667

Residual: 0.08750274921456819


epsilon: 0.9166666666666666

m: 4.583333333333333

Residual: 0.08283535869284386


epsilon: 0.9166666666666666

m: 4.625

Residual: 0.0938182570017649


epsilon: 0.9166666666666666

m: 4.666666666666667

Residual: 0.10276302631806919


epsilon: 0.9166666666666666

m: 4.708333333333333

Residual: 0.12842449677524856


epsilon: 0.9166666666666666

m: 4.75

Residual: 0.15799861280290192


epsilon: 0.9166666666666666

m: 4.791666666666667

Residual: 0.17787510867655246


epsilon: 0.9166666666666666

m: 4.833333333333333

Residual: 0.20469487409930873


epsilon: 0.9166666666666666

m: 4.875

Residual: 0.23065892174062141


epsilon: 0.9166666666666666

m: 4.916666666666667

Residual: 0.2558874798860618


epsilon: 0.9166666666666666

m: 4.958333333333333

Residual: 0.28445295279016136


epsilon: 0.9166666666666666

m: 5.0

Residual: 0.30935640649002843


epsilon: 0.9166666666666666

m: 5.041666666666667

Residual: 0.33116427290364736


epsilon: 0.9166666666666666

m: 5.083333333333333

Residual: 0.35998659513174985


epsilon: 0.9166666666666666

m: 5.125

Residual: 0.38210756332546914


epsilon: 0.9166666666666666

m: 5.166666666666667

Residual: 0.3928284280357124


epsilon: 0.9166666666666666

m: 5.208333333333333

Residual: 0.4156022273562184


epsilon: 0.9166666666666666

m: 5.25

Residual: 0.43771051688158386


epsilon: 1.0

m: 4.25

Residual: 0.2721156836877371


epsilon: 1.0

m: 4.291666666666667

Residual: 0.23947275602826038


epsilon: 1.0

m: 4.333333333333333

Residual: 0.21149969964729964


epsilon: 1.0

m: 4.375

Residual: 0.17905592624441496


epsilon: 1.0

m: 4.416666666666667

Residual: 0.1552937415972546


epsilon: 1.0

m: 4.458333333333333

Residual: 0.12822704332353255


epsilon: 1.0

m: 4.5

Residual: 0.10697994662536484


epsilon: 1.0

m: 4.541666666666667

Residual: 0.09334193669710623


epsilon: 1.0

m: 4.583333333333333

Residual: 0.07852369857873166


epsilon: 1.0

m: 4.625

Residual: 0.07404065475404444


epsilon: 1.0

m: 4.666666666666667

Residual: 0.0765881600682089


epsilon: 1.0

m: 4.708333333333333

Residual: 0.0898664337254109


epsilon: 1.0

m: 4.75

Residual: 0.11551582318635038


epsilon: 1.0

m: 4.791666666666667

Residual: 0.13525207263268046


epsilon: 1.0

m: 4.833333333333333

Residual: 0.16640448642185898


epsilon: 1.0

m: 4.875

Residual: 0.19834167453819998


epsilon: 1.0

m: 4.916666666666667

Residual: 0.2171167052520092


epsilon: 1.0

m: 4.958333333333333

Residual: 0.24417430939606685


epsilon: 1.0

m: 5.0

Residual: 0.26977621238789745


epsilon: 1.0

m: 5.041666666666667

Residual: 0.29200963129976015


epsilon: 1.0

m: 5.083333333333333

Residual: 0.3181582944645107


epsilon: 1.0

m: 5.125

Residual: 0.3388881363936626


epsilon: 1.0

m: 5.166666666666667

Residual: 0.3686082680650029


epsilon: 1.0

m: 5.208333333333333

Residual: 0.3810373540208725


epsilon: 1.0

m: 5.25

Residual: 0.3969440327274058


epsilon: 1.0833333333333333

m: 4.25

Residual: 0.30657389975721067


epsilon: 1.0833333333333333

m: 4.291666666666667

Residual: 0.27662139095572125


epsilon: 1.0833333333333333

m: 4.333333333333333

Residual: 0.2487069682571794


epsilon: 1.0833333333333333

m: 4.375

Residual: 0.21412275608166664


epsilon: 1.0833333333333333

m: 4.416666666666667

Residual: 0.18473842413888603


epsilon: 1.0833333333333333

m: 4.458333333333333

Residual: 0.15434561684773565


epsilon: 1.0833333333333333

m: 4.5

Residual: 0.13288143529620475


epsilon: 1.0833333333333333

m: 4.541666666666667

Residual: 0.10777165791702274


epsilon: 1.0833333333333333

m: 4.583333333333333

Residual: 0.08466407284100888


epsilon: 1.0833333333333333

m: 4.625

Residual: 0.0689588132728964


epsilon: 1.0833333333333333

m: 4.666666666666667

Residual: 0.06484260688022563


epsilon: 1.0833333333333333

m: 4.708333333333333

Residual: 0.06278810448991172


epsilon: 1.0833333333333333

m: 4.75

Residual: 0.07973511332803342


epsilon: 1.0833333333333333

m: 4.791666666666667

Residual: 0.10718036774646085


epsilon: 1.0833333333333333

m: 4.833333333333333

Residual: 0.12401174389331276


epsilon: 1.0833333333333333

m: 4.875

Residual: 0.15419171221618166


epsilon: 1.0833333333333333

m: 4.916666666666667

Residual: 0.17779623236316397


epsilon: 1.0833333333333333

m: 4.958333333333333

Residual: 0.20374228145709083


epsilon: 1.0833333333333333

m: 5.0

Residual: 0.22889790816648076


epsilon: 1.0833333333333333

m: 5.041666666666667

Residual: 0.2531577248904559


epsilon: 1.0833333333333333

m: 5.083333333333333

Residual: 0.27900776791831955


epsilon: 1.0833333333333333

m: 5.125

Residual: 0.3007488971381624


epsilon: 1.0833333333333333

m: 5.166666666666667

Residual: 0.32258891167692205


epsilon: 1.0833333333333333

m: 5.208333333333333

Residual: 0.3514614198813977


epsilon: 1.0833333333333333

m: 5.25

Residual: 0.36906534181208434


epsilon: 1.1666666666666665

m: 4.25

Residual: 0.3390121233704806


epsilon: 1.1666666666666665

m: 4.291666666666667

Residual: 0.3085687249598862


epsilon: 1.1666666666666665

m: 4.333333333333333

Residual: 0.2760547410083983


epsilon: 1.1666666666666665

m: 4.375

Residual: 0.24678348022047705


epsilon: 1.1666666666666665

m: 4.416666666666667

Residual: 0.21632692685648175


epsilon: 1.1666666666666665

m: 4.458333333333333

Residual: 0.1866900464986311


epsilon: 1.1666666666666665

m: 4.5

Residual: 0.1599800441519372


epsilon: 1.1666666666666665

m: 4.541666666666667

Residual: 0.13061030309018734


epsilon: 1.1666666666666665

m: 4.583333333333333

Residual: 0.10594727351752671


epsilon: 1.1666666666666665

m: 4.625

Residual: 0.0818175920744926


epsilon: 1.1666666666666665

m: 4.666666666666667

Residual: 0.06251707160679713


epsilon: 1.1666666666666665

m: 4.708333333333333

Residual: 0.04960251707319362


epsilon: 1.1666666666666665

m: 4.75

Residual: 0.050958792998995764


epsilon: 1.1666666666666665

m: 4.791666666666667

Residual: 0.06651782568394496


epsilon: 1.1666666666666665

m: 4.833333333333333

Residual: 0.08826650277572654


epsilon: 1.1666666666666665

m: 4.875

Residual: 0.12018200607061144


epsilon: 1.1666666666666665

m: 4.916666666666667

Residual: 0.14434268967528996


epsilon: 1.1666666666666665

m: 4.958333333333333

Residual: 0.1689228035081353


epsilon: 1.1666666666666665

m: 5.0

Residual: 0.19395049330270717


epsilon: 1.1666666666666665

m: 5.041666666666667

Residual: 0.21655621756399926


epsilon: 1.1666666666666665

m: 5.083333333333333

Residual: 0.24157327628546343


epsilon: 1.1666666666666665

m: 5.125

Residual: 0.26847865299785934


epsilon: 1.1666666666666665

m: 5.166666666666667

Residual: 0.2926529185801448


epsilon: 1.1666666666666665

m: 5.208333333333333

Residual: 0.3138516101664373


epsilon: 1.1666666666666665

m: 5.25

Residual: 0.3291781273477015


epsilon: 1.25

m: 4.25

Residual: 0.3703540014590338


epsilon: 1.25

m: 4.291666666666667

Residual: 0.33822097698700654


epsilon: 1.25

m: 4.333333333333333

Residual: 0.3074789559761905


epsilon: 1.25

m: 4.375

Residual: 0.27923889958259374


epsilon: 1.25

m: 4.416666666666667

Residual: 0.2474752686198919


epsilon: 1.25

m: 4.458333333333333

Residual: 0.21501932370473326


epsilon: 1.25

m: 4.5

Residual: 0.18540955176691737


epsilon: 1.25

m: 4.541666666666667

Residual: 0.16077514898310796


epsilon: 1.25

m: 4.583333333333333

Residual: 0.1271515222040223


epsilon: 1.25

m: 4.625

Residual: 0.10741885449943549


epsilon: 1.25

m: 4.666666666666667

Residual: 0.08559009297469025


epsilon: 1.25

m: 4.708333333333333

Residual: 0.06312973457999553


epsilon: 1.25

m: 4.75

Residual: 0.04214858772852842


epsilon: 1.25

m: 4.791666666666667

Residual: 0.040158622280684626


epsilon: 1.25

m: 4.833333333333333

Residual: 0.05476944724587488


epsilon: 1.25

m: 4.875

Residual: 0.08183410832249824


epsilon: 1.25

m: 4.916666666666667

Residual: 0.11117640186805668


epsilon: 1.25

m: 4.958333333333333

Residual: 0.13603424695132912


epsilon: 1.25

m: 5.0

Residual: 0.16566024230081428


epsilon: 1.25

m: 5.041666666666667

Residual: 0.18471799934102223


epsilon: 1.25

m: 5.083333333333333

Residual: 0.2204115224594887


epsilon: 1.25

m: 5.125

Residual: 0.24573536830946388


epsilon: 1.25

m: 5.166666666666667

Residual: 0.25453118961542665


epsilon: 1.25

m: 5.208333333333333

Residual: 0.2831035038701775


epsilon: 1.25

m: 5.25

Residual: 0.3134926422865612


epsilon: 1.3333333333333333

m: 4.25

Residual: 0.39681232081679413


epsilon: 1.3333333333333333

m: 4.291666666666667

Residual: 0.3684508012404035


epsilon: 1.3333333333333333

m: 4.333333333333333

Residual: 0.3378204762238943


epsilon: 1.3333333333333333

m: 4.375

Residual: 0.3079485097082297


epsilon: 1.3333333333333333

m: 4.416666666666667

Residual: 0.27755322385581704


epsilon: 1.3333333333333333

m: 4.458333333333333

Residual: 0.2460775734205883


epsilon: 1.3333333333333333

m: 4.5

Residual: 0.2170369441491873


epsilon: 1.3333333333333333

m: 4.541666666666667

Residual: 0.1867970360964039


epsilon: 1.3333333333333333

m: 4.583333333333333

Residual: 0.1551078202516927


epsilon: 1.3333333333333333

m: 4.625

Residual: 0.12673138795487954


epsilon: 1.3333333333333333

m: 4.666666666666667

Residual: 0.10039225505193164


epsilon: 1.3333333333333333

m: 4.708333333333333

Residual: 0.07346960444993066


epsilon: 1.3333333333333333

m: 4.75

Residual: 0.05703504518021346


epsilon: 1.3333333333333333

m: 4.791666666666667

Residual: 0.03418483104495851


epsilon: 1.3333333333333333

m: 4.833333333333333

Residual: 0.03298353856037722


epsilon: 1.3333333333333333

m: 4.875

Residual: 0.050233578333457624


epsilon: 1.3333333333333333

m: 4.916666666666667

Residual: 0.0787680241266373


epsilon: 1.3333333333333333

m: 4.958333333333333

Residual: 0.10368559104058003


epsilon: 1.3333333333333333

m: 5.0

Residual: 0.1362715295057103


epsilon: 1.3333333333333333

m: 5.041666666666667

Residual: 0.16266241067888043


epsilon: 1.3333333333333333

m: 5.083333333333333

Residual: 0.18311622240959316


epsilon: 1.3333333333333333

m: 5.125

Residual: 0.20545351235655981


epsilon: 1.3333333333333333

m: 5.166666666666667

Residual: 0.23484330776956985


epsilon: 1.3333333333333333

m: 5.208333333333333

Residual: 0.26537827996772473


epsilon: 1.3333333333333333

m: 5.25

Residual: 0.28223270415500995


epsilon: 1.4166666666666665

m: 4.25

Residual: 0.4221101500327866


epsilon: 1.4166666666666665

m: 4.291666666666667

Residual: 0.3958896267366015


epsilon: 1.4166666666666665

m: 4.333333333333333

Residual: 0.366418426168431


epsilon: 1.4166666666666665

m: 4.375

Residual: 0.3342935353057337


epsilon: 1.4166666666666665

m: 4.416666666666667

Residual: 0.30376139297445004


epsilon: 1.4166666666666665

m: 4.458333333333333

Residual: 0.27377117047241967


epsilon: 1.4166666666666665

m: 4.5

Residual: 0.2448034456975828


epsilon: 1.4166666666666665

m: 4.541666666666667

Residual: 0.2147160163315445


epsilon: 1.4166666666666665

m: 4.583333333333333

Residual: 0.18592065209658984


epsilon: 1.4166666666666665

m: 4.625

Residual: 0.15376742198816817


epsilon: 1.4166666666666665

m: 4.666666666666667

Residual: 0.13382648109901588


epsilon: 1.4166666666666665

m: 4.708333333333333

Residual: 0.09741746594352393


epsilon: 1.4166666666666665

m: 4.75

Residual: 0.08093183178731123


epsilon: 1.4166666666666665

m: 4.791666666666667

Residual: 0.0468268817613624


epsilon: 1.4166666666666665

m: 4.833333333333333

Residual: 0.02981741258524941


epsilon: 1.4166666666666665

m: 4.875

Residual: 0.027606739313373166


epsilon: 1.4166666666666665

m: 4.916666666666667

Residual: 0.05312574908937505


epsilon: 1.4166666666666665

m: 4.958333333333333

Residual: 0.07356614457751236


epsilon: 1.4166666666666665

m: 5.0

Residual: 0.10087701654527126


epsilon: 1.4166666666666665

m: 5.041666666666667

Residual: 0.12707091923845898


epsilon: 1.4166666666666665

m: 5.083333333333333

Residual: 0.14822964193066543


epsilon: 1.4166666666666665

m: 5.125

Residual: 0.18044811358195575


epsilon: 1.4166666666666665

m: 5.166666666666667

Residual: 0.2021713507794767


epsilon: 1.4166666666666665

m: 5.208333333333333

Residual: 0.22019816869209596


epsilon: 1.4166666666666665

m: 5.25

Residual: 0.2474491201186122


epsilon: 1.5

m: 4.25

Residual: 0.4473114388728111


epsilon: 1.5

m: 4.291666666666667

Residual: 0.4162797030184379


epsilon: 1.5

m: 4.333333333333333

Residual: 0.38923022052879214


epsilon: 1.5

m: 4.375

Residual: 0.35955267514374567


epsilon: 1.5

m: 4.416666666666667

Residual: 0.3300538838234071


epsilon: 1.5

m: 4.458333333333333

Residual: 0.29947636690552426


epsilon: 1.5

m: 4.5

Residual: 0.273268736682969


epsilon: 1.5

m: 4.541666666666667

Residual: 0.24297877294920883


epsilon: 1.5

m: 4.583333333333333

Residual: 0.21021547060451493


epsilon: 1.5

m: 4.625

Residual: 0.18196225775848882


epsilon: 1.5

m: 4.666666666666667

Residual: 0.15208157414308074


epsilon: 1.5

m: 4.708333333333333

Residual: 0.1314107156374022


epsilon: 1.5

m: 4.75

Residual: 0.09832642333407593


epsilon: 1.5

m: 4.791666666666667

Residual: 0.07607723131640816


epsilon: 1.5

m: 4.833333333333333

Residual: 0.04631173732599547


epsilon: 1.5

m: 4.875

Residual: 0.019992489868074528


epsilon: 1.5

m: 4.916666666666667

Residual: 0.022274963124890867


epsilon: 1.5

m: 4.958333333333333

Residual: 0.04545164306893633


epsilon: 1.5

m: 5.0

Residual: 0.07231463862737295


epsilon: 1.5

m: 5.041666666666667

Residual: 0.10695278623625502


epsilon: 1.5

m: 5.083333333333333

Residual: 0.1280371332359674


epsilon: 1.5

m: 5.125

Residual: 0.14999371421087776


epsilon: 1.5

m: 5.166666666666667

Residual: 0.1762899458685513


epsilon: 1.5

m: 5.208333333333333

Residual: 0.19420494273088193


epsilon: 1.5

m: 5.25

Residual: 0.2156859025261732


epsilon: 1.5833333333333333

m: 4.25

Residual: 0.4681142539190812


epsilon: 1.5833333333333333

m: 4.291666666666667

Residual: 0.4406111542504129


epsilon: 1.5833333333333333

m: 4.333333333333333

Residual: 0.41214864605039003


epsilon: 1.5833333333333333

m: 4.375

Residual: 0.38330169406926023


epsilon: 1.5833333333333333

m: 4.416666666666667

Residual: 0.3558257879723306


epsilon: 1.5833333333333333

m: 4.458333333333333

Residual: 0.3250607427217442


epsilon: 1.5833333333333333

m: 4.5

Residual: 0.29680265666363154


epsilon: 1.5833333333333333

m: 4.541666666666667

Residual: 0.26582564297715044


epsilon: 1.5833333333333333

m: 4.583333333333333

Residual: 0.2378023576953627


epsilon: 1.5833333333333333

m: 4.625

Residual: 0.21010672203314462


epsilon: 1.5833333333333333

m: 4.666666666666667

Residual: 0.1779229818513264


epsilon: 1.5833333333333333

m: 4.708333333333333

Residual: 0.14892429187135384


epsilon: 1.5833333333333333

m: 4.75

Residual: 0.12088695004081272


epsilon: 1.5833333333333333

m: 4.791666666666667

Residual: 0.09417155852417011


epsilon: 1.5833333333333333

m: 4.833333333333333

Residual: 0.06787904347407106


epsilon: 1.5833333333333333

m: 4.875

Residual: 0.04410471582421671


epsilon: 1.5833333333333333

m: 4.916666666666667

Residual: 0.01744808665566357


epsilon: 1.5833333333333333

m: 4.958333333333333

Residual: 0.0166391581788967


epsilon: 1.5833333333333333

m: 5.0

Residual: 0.04363135482636146


epsilon: 1.5833333333333333

m: 5.041666666666667

Residual: 0.07195286780635904


epsilon: 1.5833333333333333

m: 5.083333333333333

Residual: 0.10191876147357164


epsilon: 1.5833333333333333

m: 5.125

Residual: 0.12198518818273311


epsilon: 1.5833333333333333

m: 5.166666666666667

Residual: 0.15087242001905218


epsilon: 1.5833333333333333

m: 5.208333333333333

Residual: 0.1729694764776837


epsilon: 1.5833333333333333

m: 5.25

Residual: 0.19435856559090006


epsilon: 1.6666666666666665

m: 4.25

Residual: 0.48810402880850534


epsilon: 1.6666666666666665

m: 4.291666666666667

Residual: 0.45640902939340755


epsilon: 1.6666666666666665

m: 4.333333333333333

Residual: 0.43441633781390815


epsilon: 1.6666666666666665

m: 4.375

Residual: 0.4064519962114709


epsilon: 1.6666666666666665

m: 4.416666666666667

Residual: 0.3777517783874783


epsilon: 1.6666666666666665

m: 4.458333333333333

Residual: 0.34746747707373654


epsilon: 1.6666666666666665

m: 4.5

Residual: 0.3183467055720558


epsilon: 1.6666666666666665

m: 4.541666666666667

Residual: 0.28897468799231263


epsilon: 1.6666666666666665

m: 4.583333333333333

Residual: 0.2568396503331839


epsilon: 1.6666666666666665

m: 4.625

Residual: 0.23423675640391098


epsilon: 1.6666666666666665

m: 4.666666666666667

Residual: 0.2024022430509956


epsilon: 1.6666666666666665

m: 4.708333333333333

Residual: 0.17176023548666886


epsilon: 1.6666666666666665

m: 4.75

Residual: 0.14716402864256667


epsilon: 1.6666666666666665

m: 4.791666666666667

Residual: 0.1173573393754053


epsilon: 1.6666666666666665

m: 4.833333333333333

Residual: 0.09076296457983209


epsilon: 1.6666666666666665

m: 4.875

Residual: 0.06543595054128205


epsilon: 1.6666666666666665

m: 4.916666666666667

Residual: 0.04199664358888552


epsilon: 1.6666666666666665

m: 4.958333333333333

Residual: 0.022808257466202617


epsilon: 1.6666666666666665

m: 5.0

Residual: 0.029108910494231446


epsilon: 1.6666666666666665

m: 5.041666666666667

Residual: 0.04465263414657761


epsilon: 1.6666666666666665

m: 5.083333333333333

Residual: 0.06995756703845292


epsilon: 1.6666666666666665

m: 5.125

Residual: 0.09709069310556066


epsilon: 1.6666666666666665

m: 5.166666666666667

Residual: 0.12830874327149758


epsilon: 1.6666666666666665

m: 5.208333333333333

Residual: 0.143019164396308


epsilon: 1.6666666666666665

m: 5.25

Residual: 0.1681306054978872


epsilon: 1.75

m: 4.25

Residual: 0.5062787213208332


epsilon: 1.75

m: 4.291666666666667

Residual: 0.48105388478619143


epsilon: 1.75

m: 4.333333333333333

Residual: 0.45383134821851984


epsilon: 1.75

m: 4.375

Residual: 0.4249534965402542


epsilon: 1.75

m: 4.416666666666667

Residual: 0.3979338151774169


epsilon: 1.75

m: 4.458333333333333

Residual: 0.3694702435240152


epsilon: 1.75

m: 4.5

Residual: 0.34186427119959806


epsilon: 1.75

m: 4.541666666666667

Residual: 0.3085287521033733


epsilon: 1.75

m: 4.583333333333333

Residual: 0.286034897928503


epsilon: 1.75

m: 4.625

Residual: 0.252262583317087


epsilon: 1.75

m: 4.666666666666667

Residual: 0.22541193851738214


epsilon: 1.75

m: 4.708333333333333

Residual: 0.19412747852148696


epsilon: 1.75

m: 4.75

Residual: 0.17201804056153577


epsilon: 1.75

m: 4.791666666666667

Residual: 0.1402161470193656


epsilon: 1.75

m: 4.833333333333333

Residual: 0.11125603875406036


epsilon: 1.75

m: 4.875

Residual: 0.08703480385105317


epsilon: 1.75

m: 4.916666666666667

Residual: 0.0584687345278219


epsilon: 1.75

m: 4.958333333333333

Residual: 0.03330176037156249


epsilon: 1.75

m: 5.0

Residual: 0.02072475268465255


epsilon: 1.75

m: 5.041666666666667

Residual: 0.03737065391689476


epsilon: 1.75

m: 5.083333333333333

Residual: 0.0497687790028458


epsilon: 1.75

m: 5.125

Residual: 0.08081279931106077


epsilon: 1.75

m: 5.166666666666667

Residual: 0.092903841617722


epsilon: 1.75

m: 5.208333333333333

Residual: 0.12521638737409396


epsilon: 1.75

m: 5.25

Residual: 0.14261665558297001


epsilon: 1.8333333333333333

m: 4.25

Residual: 0.5223402927053242


epsilon: 1.8333333333333333

m: 4.291666666666667

Residual: 0.4977922656496333


epsilon: 1.8333333333333333

m: 4.333333333333333

Residual: 0.47168926315705345


epsilon: 1.8333333333333333

m: 4.375

Residual: 0.44264957732617793


epsilon: 1.8333333333333333

m: 4.416666666666667

Residual: 0.4175489400537534


epsilon: 1.8333333333333333

m: 4.458333333333333

Residual: 0.39001144485155465


epsilon: 1.8333333333333333

m: 4.5

Residual: 0.36169204253180315


epsilon: 1.8333333333333333

m: 4.541666666666667

Residual: 0.3330197109778199


epsilon: 1.8333333333333333

m: 4.583333333333333

Residual: 0.30537408095518165


epsilon: 1.8333333333333333

m: 4.625

Residual: 0.27849513028206013


epsilon: 1.8333333333333333

m: 4.666666666666667

Residual: 0.24668600474636512


epsilon: 1.8333333333333333

m: 4.708333333333333

Residual: 0.22139259284110416


epsilon: 1.8333333333333333

m: 4.75

Residual: 0.1890090532406692


epsilon: 1.8333333333333333

m: 4.791666666666667

Residual: 0.16208842624890174


epsilon: 1.8333333333333333

m: 4.833333333333333

Residual: 0.1332921604410836


epsilon: 1.8333333333333333

m: 4.875

Residual: 0.11524202879979596


epsilon: 1.8333333333333333

m: 4.916666666666667

Residual: 0.08189701873674969


epsilon: 1.8333333333333333

m: 4.958333333333333

Residual: 0.059722512782035955


epsilon: 1.8333333333333333

m: 5.0

Residual: 0.029844353051197477


epsilon: 1.8333333333333333

m: 5.041666666666667

Residual: 0.024744861513408503


epsilon: 1.8333333333333333

m: 5.083333333333333

Residual: 0.034405578235114864


epsilon: 1.8333333333333333

m: 5.125

Residual: 0.05584645176174034


epsilon: 1.8333333333333333

m: 5.166666666666667

Residual: 0.07065425492514621


epsilon: 1.8333333333333333

m: 5.208333333333333

Residual: 0.09794448058630793


epsilon: 1.8333333333333333

m: 5.25

Residual: 0.12223197102469092


epsilon: 1.9166666666666665

m: 4.25

Residual: 0.5400261261483363


epsilon: 1.9166666666666665

m: 4.291666666666667

Residual: 0.5146732509703951


epsilon: 1.9166666666666665

m: 4.333333333333333

Residual: 0.48894472817268475


epsilon: 1.9166666666666665

m: 4.375

Residual: 0.46253884155398506


epsilon: 1.9166666666666665

m: 4.416666666666667

Residual: 0.4340537545251073


epsilon: 1.9166666666666665

m: 4.458333333333333

Residual: 0.40749640603878745


epsilon: 1.9166666666666665

m: 4.5

Residual: 0.37759246854487444


epsilon: 1.9166666666666665

m: 4.541666666666667

Residual: 0.35310095714579876


epsilon: 1.9166666666666665

m: 4.583333333333333

Residual: 0.32487403782848046


epsilon: 1.9166666666666665

m: 4.625

Residual: 0.2965930040936047


epsilon: 1.9166666666666665

m: 4.666666666666667

Residual: 0.26989184430608826


epsilon: 1.9166666666666665

m: 4.708333333333333

Residual: 0.24187341521222486


epsilon: 1.9166666666666665

m: 4.75

Residual: 0.21553017496392304


epsilon: 1.9166666666666665

m: 4.791666666666667

Residual: 0.17943517191625397


epsilon: 1.9166666666666665

m: 4.833333333333333

Residual: 0.15709210562707118


epsilon: 1.9166666666666665

m: 4.875

Residual: 0.1291286432765618


epsilon: 1.9166666666666665

m: 4.916666666666667

Residual: 0.10055829450442412


epsilon: 1.9166666666666665

m: 4.958333333333333

Residual: 0.0758033491754506


epsilon: 1.9166666666666665

m: 5.0

Residual: 0.05363082539871401


epsilon: 1.9166666666666665

m: 5.041666666666667

Residual: 0.032362722362687675


epsilon: 1.9166666666666665

m: 5.083333333333333

Residual: 0.029858010781317612


epsilon: 1.9166666666666665

m: 5.125

Residual: 0.043098575733035493


epsilon: 1.9166666666666665

m: 5.166666666666667

Residual: 0.05375419495481983


epsilon: 1.9166666666666665

m: 5.208333333333333

Residual: 0.0713370873470958


epsilon: 1.9166666666666665

m: 5.25

Residual: 0.10317128820994892


epsilon: 2.0

m: 4.25

Residual: 0.5550478706519806


epsilon: 2.0

m: 4.291666666666667

Residual: 0.529691341774862


epsilon: 2.0

m: 4.333333333333333

Residual: 0.5044796477055696


epsilon: 2.0

m: 4.375

Residual: 0.4780157914847403


epsilon: 2.0

m: 4.416666666666667

Residual: 0.4520447146568229


epsilon: 2.0

m: 4.458333333333333

Residual: 0.42497935905382284


epsilon: 2.0

m: 4.5

Residual: 0.39909076461052484


epsilon: 2.0

m: 4.541666666666667

Residual: 0.3716016233039981


epsilon: 2.0

m: 4.583333333333333

Residual: 0.34428234293067256


epsilon: 2.0

m: 4.625

Residual: 0.31302215769368613


epsilon: 2.0

m: 4.666666666666667

Residual: 0.28840885333770466


epsilon: 2.0

m: 4.708333333333333

Residual: 0.2588503884008336


epsilon: 2.0

m: 4.75

Residual: 0.2324935045656021


epsilon: 2.0

m: 4.791666666666667

Residual: 0.2078651571422312


epsilon: 2.0

m: 4.833333333333333

Residual: 0.17587289522705227


epsilon: 2.0

m: 4.875

Residual: 0.15482741306384504


epsilon: 2.0

m: 4.916666666666667

Residual: 0.1282672080362432


epsilon: 2.0

m: 4.958333333333333

Residual: 0.0945979659796736


epsilon: 2.0

m: 5.0

Residual: 0.07117451839474322


epsilon: 2.0

m: 5.041666666666667

Residual: 0.04763124981408653


epsilon: 2.0

m: 5.083333333333333

Residual: 0.037812659089909675


epsilon: 2.0

m: 5.125

Residual: 0.038536066701581766


epsilon: 2.0

m: 5.166666666666667

Residual: 0.04761927851923332


epsilon: 2.0

m: 5.208333333333333

Residual: 0.0636852947476187


epsilon: 2.0

m: 5.25

Residual: 0.08194627728177671


epsilon: 2.083333333333333

m: 4.25

Residual: 0.567336194907773


epsilon: 2.083333333333333

m: 4.291666666666667

Residual: 0.5439520384139663


epsilon: 2.083333333333333

m: 4.333333333333333

Residual: 0.5202416822302316


epsilon: 2.083333333333333

m: 4.375

Residual: 0.4930386816585908


epsilon: 2.083333333333333

m: 4.416666666666667

Residual: 0.46691064023560813


epsilon: 2.083333333333333

m: 4.458333333333333

Residual: 0.441902434479812


epsilon: 2.083333333333333

m: 4.5

Residual: 0.4154717364413797


epsilon: 2.083333333333333

m: 4.541666666666667

Residual: 0.3900141892190423


epsilon: 2.083333333333333

m: 4.583333333333333

Residual: 0.361240529646428


epsilon: 2.083333333333333

m: 4.625

Residual: 0.3345606540833946


epsilon: 2.083333333333333

m: 4.666666666666667

Residual: 0.3069366531086511


epsilon: 2.083333333333333

m: 4.708333333333333

Residual: 0.28278477024181303


epsilon: 2.083333333333333

m: 4.75

Residual: 0.24919669849859946


epsilon: 2.083333333333333

m: 4.791666666666667

Residual: 0.22141822509885425


epsilon: 2.083333333333333

m: 4.833333333333333

Residual: 0.1973546452841501


epsilon: 2.083333333333333

m: 4.875

Residual: 0.17179194294062133


epsilon: 2.083333333333333

m: 4.916666666666667

Residual: 0.14552562847205708


epsilon: 2.083333333333333

m: 4.958333333333333

Residual: 0.1165962066849083


epsilon: 2.083333333333333

m: 5.0

Residual: 0.08900677552660123


epsilon: 2.083333333333333

m: 5.041666666666667

Residual: 0.06486661738473497


epsilon: 2.083333333333333

m: 5.083333333333333

Residual: 0.052564746445152466


epsilon: 2.083333333333333

m: 5.125

Residual: 0.04689183618235467


epsilon: 2.083333333333333

m: 5.166666666666667

Residual: 0.04415962268727281


epsilon: 2.083333333333333

m: 5.208333333333333

Residual: 0.051322220771735816


epsilon: 2.083333333333333

m: 5.25

Residual: 0.0635294174949702


epsilon: 2.1666666666666665

m: 4.25

Residual: 0.5812560448307247


epsilon: 2.1666666666666665

m: 4.291666666666667

Residual: 0.5564490085700525


epsilon: 2.1666666666666665

m: 4.333333333333333

Residual: 0.5343445369034903


epsilon: 2.1666666666666665

m: 4.375

Residual: 0.5090443678453523


epsilon: 2.1666666666666665

m: 4.416666666666667

Residual: 0.4841610121437425


epsilon: 2.1666666666666665

m: 4.458333333333333

Residual: 0.4586137706372838


epsilon: 2.1666666666666665

m: 4.5

Residual: 0.42692644928441387


epsilon: 2.1666666666666665

m: 4.541666666666667

Residual: 0.4058573277965299


epsilon: 2.1666666666666665

m: 4.583333333333333

Residual: 0.37842656982281814


epsilon: 2.1666666666666665

m: 4.625

Residual: 0.3527100034053317


epsilon: 2.1666666666666665

m: 4.666666666666667

Residual: 0.32118599422605143


epsilon: 2.1666666666666665

m: 4.708333333333333

Residual: 0.2945488972391836


epsilon: 2.1666666666666665

m: 4.75

Residual: 0.27198551527012066


epsilon: 2.1666666666666665

m: 4.791666666666667

Residual: 0.24092647958810398


epsilon: 2.1666666666666665

m: 4.833333333333333

Residual: 0.21926943793127748


epsilon: 2.1666666666666665

m: 4.875

Residual: 0.1881559820049632


epsilon: 2.1666666666666665

m: 4.916666666666667

Residual: 0.16491660210964965


epsilon: 2.1666666666666665

m: 4.958333333333333

Residual: 0.13737503197871934


epsilon: 2.1666666666666665

m: 5.0

Residual: 0.11291578035254796


epsilon: 2.1666666666666665

m: 5.041666666666667

Residual: 0.08344543387576767


epsilon: 2.1666666666666665

m: 5.083333333333333

Residual: 0.06538618106415359


epsilon: 2.1666666666666665

m: 5.125

Residual: 0.0517051934475843


epsilon: 2.1666666666666665

m: 5.166666666666667

Residual: 0.05081248278591476


epsilon: 2.1666666666666665

m: 5.208333333333333

Residual: 0.05092853230117681


epsilon: 2.1666666666666665

m: 5.25

Residual: 0.05954987335059092


epsilon: 2.25

m: 4.25

Residual: 0.5922562060965717


epsilon: 2.25

m: 4.291666666666667

Residual: 0.5698371675700871


epsilon: 2.25

m: 4.333333333333333

Residual: 0.5469070347848143


epsilon: 2.25

m: 4.375

Residual: 0.5222538026855944


epsilon: 2.25

m: 4.416666666666667

Residual: 0.49809412623791705


epsilon: 2.25

m: 4.458333333333333

Residual: 0.4717548025033254


epsilon: 2.25

m: 4.5

Residual: 0.4481694479537216


epsilon: 2.25

m: 4.541666666666667

Residual: 0.4209512944828207


epsilon: 2.25

m: 4.583333333333333

Residual: 0.3960976994197383


epsilon: 2.25

m: 4.625

Residual: 0.3691063403140062


epsilon: 2.25

m: 4.666666666666667

Residual: 0.3429418136763162


epsilon: 2.25

m: 4.708333333333333

Residual: 0.3135734176305129


epsilon: 2.25

m: 4.75

Residual: 0.2856825832615991


epsilon: 2.25

m: 4.791666666666667

Residual: 0.25952211662565533


epsilon: 2.25

m: 4.833333333333333

Residual: 0.23497117261608866


epsilon: 2.25

m: 4.875

Residual: 0.20592580822425688


epsilon: 2.25

m: 4.916666666666667

Residual: 0.17796024386235315


epsilon: 2.25

m: 4.958333333333333

Residual: 0.15525489850617172


epsilon: 2.25

m: 5.0

Residual: 0.12707668308144998


epsilon: 2.25

m: 5.041666666666667

Residual: 0.10474761189551547


epsilon: 2.25

m: 5.083333333333333

Residual: 0.08261794855504713


epsilon: 2.25

m: 5.125

Residual: 0.060921100883971804


epsilon: 2.25

m: 5.166666666666667

Residual: 0.05997002809551603


epsilon: 2.25

m: 5.208333333333333

Residual: 0.05478875510251692


epsilon: 2.25

m: 5.25

Residual: 0.06317233594015499


epsilon: 2.333333333333333

m: 4.25

Residual: 0.6058161435636796


epsilon: 2.333333333333333

m: 4.291666666666667

Residual: 0.5824047144810169


epsilon: 2.333333333333333

m: 4.333333333333333

Residual: 0.5565736890977739


epsilon: 2.333333333333333

m: 4.375

Residual: 0.53511703701374


epsilon: 2.333333333333333

m: 4.416666666666667

Residual: 0.511307018193906


epsilon: 2.333333333333333

m: 4.458333333333333

Residual: 0.4859947386890363


epsilon: 2.333333333333333

m: 4.5

Residual: 0.45954852195512824


epsilon: 2.333333333333333

m: 4.541666666666667

Residual: 0.43473929656390725


epsilon: 2.333333333333333

m: 4.583333333333333

Residual: 0.4107040603947486


epsilon: 2.333333333333333

m: 4.625

Residual: 0.3853838757723703


epsilon: 2.333333333333333

m: 4.666666666666667

Residual: 0.3566117665848607


epsilon: 2.333333333333333

m: 4.708333333333333

Residual: 0.3337642794479122


epsilon: 2.333333333333333

m: 4.75

Residual: 0.3010113561320298


epsilon: 2.333333333333333

m: 4.791666666666667

Residual: 0.27658227160912885


epsilon: 2.333333333333333

m: 4.833333333333333

Residual: 0.25440447567618757


epsilon: 2.333333333333333

m: 4.875

Residual: 0.22167843431926157


epsilon: 2.333333333333333

m: 4.916666666666667

Residual: 0.19706399610687894


epsilon: 2.333333333333333

m: 4.958333333333333

Residual: 0.17038088200812807


epsilon: 2.333333333333333

m: 5.0

Residual: 0.14397359251191058


epsilon: 2.333333333333333

m: 5.041666666666667

Residual: 0.1187817922188276


epsilon: 2.333333333333333

m: 5.083333333333333

Residual: 0.09051373955387991


epsilon: 2.333333333333333

m: 5.125

Residual: 0.0773697390026246


epsilon: 2.333333333333333

m: 5.166666666666667

Residual: 0.064124113500909


epsilon: 2.333333333333333

m: 5.208333333333333

Residual: 0.06618416027274523


epsilon: 2.333333333333333

m: 5.25

Residual: 0.05922893368229647


epsilon: 2.4166666666666665

m: 4.25

Residual: 0.6159816092502464


epsilon: 2.4166666666666665

m: 4.291666666666667

Residual: 0.5943620276847911


epsilon: 2.4166666666666665

m: 4.333333333333333

Residual: 0.5710543829163511


epsilon: 2.4166666666666665

m: 4.375

Residual: 0.5481308026061483


epsilon: 2.4166666666666665

m: 4.416666666666667

Residual: 0.5235474789675767


epsilon: 2.4166666666666665

m: 4.458333333333333

Residual: 0.4983674788607224


epsilon: 2.4166666666666665

m: 4.5

Residual: 0.4764311118096366


epsilon: 2.4166666666666665

m: 4.541666666666667

Residual: 0.45011906881839264


epsilon: 2.4166666666666665

m: 4.583333333333333

Residual: 0.4235268905845799


epsilon: 2.4166666666666665

m: 4.625

Residual: 0.3988822264498745


epsilon: 2.4166666666666665

m: 4.666666666666667

Residual: 0.3742103441433107


epsilon: 2.4166666666666665

m: 4.708333333333333

Residual: 0.34296290742324154


epsilon: 2.4166666666666665

m: 4.75

Residual: 0.3198583158718245


epsilon: 2.4166666666666665

m: 4.791666666666667

Residual: 0.29070234420731805


epsilon: 2.4166666666666665

m: 4.833333333333333

Residual: 0.2692279094824355


epsilon: 2.4166666666666665

m: 4.875

Residual: 0.24338008938532524


epsilon: 2.4166666666666665

m: 4.916666666666667

Residual: 0.21756537422062933


epsilon: 2.4166666666666665

m: 4.958333333333333

Residual: 0.18381473610745977


epsilon: 2.4166666666666665

m: 5.0

Residual: 0.16791532080039073


epsilon: 2.4166666666666665

m: 5.041666666666667

Residual: 0.1411444797852276


epsilon: 2.4166666666666665

m: 5.083333333333333

Residual: 0.1080625741857954


epsilon: 2.4166666666666665

m: 5.125

Residual: 0.09318019017320629


epsilon: 2.4166666666666665

m: 5.166666666666667

Residual: 0.07969976380661459


epsilon: 2.4166666666666665

m: 5.208333333333333

Residual: 0.06944979508525317


epsilon: 2.4166666666666665

m: 5.25

Residual: 0.06785977453878644


epsilon: 2.5

m: 4.25

Residual: 0.6267452357853016


epsilon: 2.5

m: 4.291666666666667

Residual: 0.6055545094789717


epsilon: 2.5

m: 4.333333333333333

Residual: 0.5800419500508976


epsilon: 2.5

m: 4.375

Residual: 0.5582701787475481


epsilon: 2.5

m: 4.416666666666667

Residual: 0.5374965591868902


epsilon: 2.5

m: 4.458333333333333

Residual: 0.5062676601308627


epsilon: 2.5

m: 4.5

Residual: 0.48896782666580724


epsilon: 2.5

m: 4.541666666666667

Residual: 0.4612734038959249


epsilon: 2.5

m: 4.583333333333333

Residual: 0.4389479786262128


epsilon: 2.5

m: 4.625

Residual: 0.41228192261632707


epsilon: 2.5

m: 4.666666666666667

Residual: 0.38826210411701145


epsilon: 2.5

m: 4.708333333333333

Residual: 0.36276576408577105


epsilon: 2.5

m: 4.75

Residual: 0.3336360572313847


epsilon: 2.5

m: 4.791666666666667

Residual: 0.30498456486420306


epsilon: 2.5

m: 4.833333333333333

Residual: 0.2868291878089879


epsilon: 2.5

m: 4.875

Residual: 0.25770792142340854


epsilon: 2.5

m: 4.916666666666667

Residual: 0.23225642255414114


epsilon: 2.5

m: 4.958333333333333

Residual: 0.20919861626380043


epsilon: 2.5

m: 5.0

Residual: 0.18468232700315868


epsilon: 2.5

m: 5.041666666666667

Residual: 0.15635604075438625


epsilon: 2.5

m: 5.083333333333333

Residual: 0.1329673082951357


epsilon: 2.5

m: 5.125

Residual: 0.10851221467630097


epsilon: 2.5

m: 5.166666666666667

Residual: 0.085761638254312


epsilon: 2.5

m: 5.208333333333333

Residual: 0.07353681131935909


epsilon: 2.5

m: 5.25

Residual: 0.07530677956740592


