epsilon: 0.01

m: 3.0

Residual: 0.6619514781188132


epsilon: 0.01

m: 3.0

Residual: 0.661946767283072


epsilon: 0.01

m: 3.1666666666666665

Residual: 0.7535234703794644


epsilon: 0.01

m: 3.3333333333333335

Residual: 0.8268010764606705


epsilon: 0.01

m: 3.5

Residual: 0.8781311785038467


epsilon: 0.01

m: 3.6666666666666665

Residual: 0.9137047334944163


epsilon: 0.01

m: 3.833333333333333

Residual: 0.9382642843067511


epsilon: 0.01

m: 4.0

Residual: 0.9552578718178948


epsilon: 0.01

m: 4.166666666666666

Residual: 0.9670839013801081


epsilon: 0.01

m: 4.333333333333333

Residual: 0.9754073604081666


epsilon: 0.01

m: 4.5

Residual: 0.9813462537423858


epsilon: 0.01

m: 4.666666666666666

Residual: 0.9855721950705083


epsilon: 0.01

m: 4.833333333333333

Residual: 0.9886792764456848


epsilon: 0.01

m: 5.0

Residual: 0.9909865125879447


epsilon: 0.01

m: 5.166666666666666

Residual: 0.9927049677840452


epsilon: 0.01

m: 5.333333333333333

Residual: 0.9940156657569882


epsilon: 0.01

m: 5.5

Residual: 0.9950250672027008


epsilon: 0.01

m: 5.666666666666666

Residual: 0.9958069503655153


epsilon: 0.01

m: 5.833333333333333

Residual: 0.9964210697459353


epsilon: 0.01

m: 6.0

Residual: 0.9969263038565513


epsilon: 0.01

m: 6.166666666666666

Residual: 0.9973338109570369


epsilon: 0.01

m: 6.333333333333333

Residual: 0.9976788221973666


epsilon: 0.01

m: 6.5

Residual: 0.9979376713362437


epsilon: 0.01

m: 6.666666666666666

Residual: 0.9981691654863115


epsilon: 0.01

m: 6.833333333333333

Residual: 0.9983794599668632


epsilon: 0.01

m: 7.0

Residual: 0.998535608456734


epsilon: 0.3429166666666667

m: 3.0

Residual: 0.7573429843880162


epsilon: 0.3429166666666667

m: 3.1666666666666665

Residual: 0.6563347354781947


epsilon: 0.3429166666666667

m: 3.3333333333333335

Residual: 0.5356675362865738


epsilon: 0.3429166666666667

m: 3.5

Residual: 0.4184746909875155


epsilon: 0.3429166666666667

m: 3.6666666666666665

Residual: 0.31912537221319137


epsilon: 0.3429166666666667

m: 3.833333333333333

Residual: 0.2575801038634659


epsilon: 0.3429166666666667

m: 4.0

Residual: 0.24920078488277303


epsilon: 0.3429166666666667

m: 4.166666666666666

Residual: 0.30140631657483463


epsilon: 0.3429166666666667

m: 4.333333333333333

Residual: 0.40216626888475193


epsilon: 0.3429166666666667

m: 4.5

Residual: 0.5115374571547825


epsilon: 0.3429166666666667

m: 4.666666666666666

Residual: 0.6018462374281446


epsilon: 0.3429166666666667

m: 4.833333333333333

Residual: 0.673924682322573


epsilon: 0.3429166666666667

m: 5.0

Residual: 0.7313061746082453


epsilon: 0.3429166666666667

m: 5.166666666666666

Residual: 0.7767402305044243


epsilon: 0.3429166666666667

m: 5.333333333333333

Residual: 0.8128490738084039


epsilon: 0.3429166666666667

m: 5.5

Residual: 0.8425360432983826


epsilon: 0.3429166666666667

m: 5.666666666666666

Residual: 0.8649104598982833


epsilon: 0.3429166666666667

m: 5.833333333333333

Residual: 0.8845835158433385


epsilon: 0.3429166666666667

m: 6.0

Residual: 0.9003639758519958


epsilon: 0.3429166666666667

m: 6.166666666666666

Residual: 0.9122677433923785


epsilon: 0.3429166666666667

m: 6.333333333333333

Residual: 0.923180703455971


epsilon: 0.3429166666666667

m: 6.5

Residual: 0.9318465641514371


epsilon: 0.3429166666666667

m: 6.666666666666666

Residual: 0.9391812950488865


epsilon: 0.3429166666666667

m: 6.833333333333333

Residual: 0.945636093339357


epsilon: 0.3429166666666667

m: 7.0

Residual: 0.9512217203408695


epsilon: 0.6758333333333334

m: 3.0

Residual: 0.8690495303917574


epsilon: 0.6758333333333334

m: 3.1666666666666665

Residual: 0.8095079674612947


epsilon: 0.6758333333333334

m: 3.3333333333333335

Residual: 0.7299963934909528


epsilon: 0.6758333333333334

m: 3.5

Residual: 0.6285976635983623


epsilon: 0.6758333333333334

m: 3.6666666666666665

Residual: 0.5058922082276318


epsilon: 0.6758333333333334

m: 3.833333333333333

Residual: 0.3788551287178938


epsilon: 0.6758333333333334

m: 4.0

Residual: 0.2690045321768869


epsilon: 0.6758333333333334

m: 4.166666666666666

Residual: 0.1920124260304172


epsilon: 0.6758333333333334

m: 4.333333333333333

Residual: 0.1727621913112567


epsilon: 0.6758333333333334

m: 4.5

Residual: 0.23032935589668094


epsilon: 0.6758333333333334

m: 4.666666666666666

Residual: 0.3418098935428298


epsilon: 0.6758333333333334

m: 4.833333333333333

Residual: 0.44412997121833814


epsilon: 0.6758333333333334

m: 5.0

Residual: 0.5317671906115351


epsilon: 0.6758333333333334

m: 5.166666666666666

Residual: 0.6028854730721547


epsilon: 0.6758333333333334

m: 5.333333333333333

Residual: 0.6627357969948567


epsilon: 0.6758333333333334

m: 5.5

Residual: 0.7116009052663127


epsilon: 0.6758333333333334

m: 5.666666666666666

Residual: 0.7509390697175323


epsilon: 0.6758333333333334

m: 5.833333333333333

Residual: 0.784241625787063


epsilon: 0.6758333333333334

m: 6.0

Residual: 0.812686692039326


epsilon: 0.6758333333333334

m: 6.166666666666666

Residual: 0.8346196132100762


epsilon: 0.6758333333333334

m: 6.333333333333333

Residual: 0.8532425044825226


epsilon: 0.6758333333333334

m: 6.5

Residual: 0.8704032791866537


epsilon: 0.6758333333333334

m: 6.666666666666666

Residual: 0.8837907196159529


epsilon: 0.6758333333333334

m: 6.833333333333333

Residual: 0.8956877370697529


epsilon: 0.6758333333333334

m: 7.0

Residual: 0.9058911458905878


epsilon: 1.00875

m: 3.0

Residual: 0.9103229372208675


epsilon: 1.00875

m: 3.1666666666666665

Residual: 0.8682393750960582


epsilon: 1.00875

m: 3.3333333333333335

Residual: 0.8106579333311448


epsilon: 1.00875

m: 3.5

Residual: 0.7349453398591131


epsilon: 1.00875

m: 3.6666666666666665

Residual: 0.6395384332463873


epsilon: 1.00875

m: 3.833333333333333

Residual: 0.5252416340449579


epsilon: 1.00875

m: 4.0

Residual: 0.3955511728486246


epsilon: 1.00875

m: 4.166666666666666

Residual: 0.2719237386688536


epsilon: 1.00875

m: 4.333333333333333

Residual: 0.17204567085078168


epsilon: 1.00875

m: 4.5

Residual: 0.12034767931341808


epsilon: 1.00875

m: 4.666666666666666

Residual: 0.16013823636616806


epsilon: 1.00875

m: 4.833333333333333

Residual: 0.271281601031136


epsilon: 1.00875

m: 5.0

Residual: 0.37284866031405645


epsilon: 1.00875

m: 5.166666666666666

Residual: 0.46072903239842855


epsilon: 1.00875

m: 5.333333333333333

Residual: 0.5357924160045334


epsilon: 1.00875

m: 5.5

Residual: 0.5974875838104496


epsilon: 1.00875

m: 5.666666666666666

Residual: 0.65101969010889


epsilon: 1.00875

m: 5.833333333333333

Residual: 0.6944254912555432


epsilon: 1.00875

m: 6.0

Residual: 0.7318521815642454


epsilon: 1.00875

m: 6.166666666666666

Residual: 0.7609814521936032


epsilon: 1.00875

m: 6.333333333333333

Residual: 0.7892157433672228


epsilon: 1.00875

m: 6.5

Residual: 0.8117525853659192


epsilon: 1.00875

m: 6.666666666666666

Residual: 0.8304822537189726


epsilon: 1.00875

m: 6.833333333333333

Residual: 0.8482767028164189


epsilon: 1.00875

m: 7.0

Residual: 0.8643385411436657


epsilon: 1.3416666666666668

m: 3.0

Residual: 0.9318216302432166


epsilon: 1.3416666666666668

m: 3.1666666666666665

Residual: 0.8992814721640496


epsilon: 1.3416666666666668

m: 3.3333333333333335

Residual: 0.854229282204487


epsilon: 1.3416666666666668

m: 3.5

Residual: 0.7939185856512068


epsilon: 1.3416666666666668

m: 3.6666666666666665

Residual: 0.7163000240781648


epsilon: 1.3416666666666668

m: 3.833333333333333

Residual: 0.6206742426039606


epsilon: 1.3416666666666668

m: 4.0

Residual: 0.5086008067489638


epsilon: 1.3416666666666668

m: 4.166666666666666

Residual: 0.3834397677586184


epsilon: 1.3416666666666668

m: 4.333333333333333

Residual: 0.25462277345125933


epsilon: 1.3416666666666668

m: 4.5

Residual: 0.1465385887436154


epsilon: 1.3416666666666668

m: 4.666666666666666

Residual: 0.08289847809208989


epsilon: 1.3416666666666668

m: 4.833333333333333

Residual: 0.13452072817323496


epsilon: 1.3416666666666668

m: 5.0

Residual: 0.2450088261444973


epsilon: 1.3416666666666668

m: 5.166666666666666

Residual: 0.3407253457392858


epsilon: 1.3416666666666668

m: 5.333333333333333

Residual: 0.4251909981768291


epsilon: 1.3416666666666668

m: 5.5

Residual: 0.4990722077198126


epsilon: 1.3416666666666668

m: 5.666666666666666

Residual: 0.560488324565637


epsilon: 1.3416666666666668

m: 5.833333333333333

Residual: 0.6145772414087619


epsilon: 1.3416666666666668

m: 6.0

Residual: 0.6573115011677644


epsilon: 1.3416666666666668

m: 6.166666666666666

Residual: 0.694963569263325


epsilon: 1.3416666666666668

m: 6.333333333333333

Residual: 0.7291702381854885


epsilon: 1.3416666666666668

m: 6.5

Residual: 0.7575066866205915


epsilon: 1.3416666666666668

m: 6.666666666666666

Residual: 0.7830339974855114


epsilon: 1.3416666666666668

m: 6.833333333333333

Residual: 0.8017476319581607


epsilon: 1.3416666666666668

m: 7.0

Residual: 0.8210911826025322


epsilon: 1.6745833333333335

m: 3.0

Residual: 0.9450015900294438


epsilon: 1.6745833333333335

m: 3.1666666666666665

Residual: 0.9184894906136075


epsilon: 1.6745833333333335

m: 3.3333333333333335

Residual: 0.881497730491984


epsilon: 1.6745833333333335

m: 3.5

Residual: 0.8314328330942253


epsilon: 1.6745833333333335

m: 3.6666666666666665

Residual: 0.7660323392864985


epsilon: 1.6745833333333335

m: 3.833333333333333

Residual: 0.6841921745798701


epsilon: 1.6745833333333335

m: 4.0

Residual: 0.5859852476107401


epsilon: 1.6745833333333335

m: 4.166666666666666

Residual: 0.47373838686298225


epsilon: 1.6745833333333335

m: 4.333333333333333

Residual: 0.3511258360030654


epsilon: 1.6745833333333335

m: 4.5

Residual: 0.22403977776243297


epsilon: 1.6745833333333335

m: 4.666666666666666

Residual: 0.11403201557019328


epsilon: 1.6745833333333335

m: 4.833333333333333

Residual: 0.047030750527365155


epsilon: 1.6745833333333335

m: 5.0

Residual: 0.13674967148362527


epsilon: 1.6745833333333335

m: 5.166666666666666

Residual: 0.23905281465807737


epsilon: 1.6745833333333335

m: 5.333333333333333

Residual: 0.3305444415747612


epsilon: 1.6745833333333335

m: 5.5

Residual: 0.41088615298012454


epsilon: 1.6745833333333335

m: 5.666666666666666

Residual: 0.48096560753630685


epsilon: 1.6745833333333335

m: 5.833333333333333

Residual: 0.5373955989517506


epsilon: 1.6745833333333335

m: 6.0

Residual: 0.5901702072882686


epsilon: 1.6745833333333335

m: 6.166666666666666

Residual: 0.6337159479792119


epsilon: 1.6745833333333335

m: 6.333333333333333

Residual: 0.6729899179930228


epsilon: 1.6745833333333335

m: 6.5

Residual: 0.7066310300120843


epsilon: 1.6745833333333335

m: 6.666666666666666

Residual: 0.7352028184417826


epsilon: 1.6745833333333335

m: 6.833333333333333

Residual: 0.7578744481195234


epsilon: 1.6745833333333335

m: 7.0

Residual: 0.7844199247376874


epsilon: 2.0075

m: 3.0

Residual: 0.9539136416602303


epsilon: 2.0075

m: 3.1666666666666665

Residual: 0.9315513461913444


epsilon: 2.0075

m: 3.3333333333333335

Residual: 0.9001675537436963


epsilon: 2.0075

m: 3.5

Residual: 0.8573959032494183


epsilon: 2.0075

m: 3.6666666666666665

Residual: 0.8010220757532527


epsilon: 2.0075

m: 3.833333333333333

Residual: 0.7295440348381472


epsilon: 2.0075

m: 4.0

Residual: 0.6423962101900478


epsilon: 2.0075

m: 4.166666666666666

Residual: 0.540989810505501


epsilon: 2.0075

m: 4.333333333333333

Residual: 0.42825366594199965


epsilon: 2.0075

m: 4.5

Residual: 0.3077544752369913


epsilon: 2.0075

m: 4.666666666666666

Residual: 0.18611558560296163


epsilon: 2.0075

m: 4.833333333333333

Residual: 0.07522694294924802


epsilon: 2.0075

m: 5.0

Residual: 0.04748898956934847


epsilon: 2.0075

m: 5.166666666666666

Residual: 0.15147726236117626


epsilon: 2.0075

m: 5.333333333333333

Residual: 0.24728689383642669


epsilon: 2.0075

m: 5.5

Residual: 0.33157058416230206


epsilon: 2.0075

m: 5.666666666666666

Residual: 0.4080078643213319


epsilon: 2.0075

m: 5.833333333333333

Residual: 0.47123337337290533


epsilon: 2.0075

m: 6.0

Residual: 0.5296763178096712


epsilon: 2.0075

m: 6.166666666666666

Residual: 0.5772919730454114


epsilon: 2.0075

m: 6.333333333333333

Residual: 0.6218094631863114


epsilon: 2.0075

m: 6.5

Residual: 0.6584034994595206


epsilon: 2.0075

m: 6.666666666666666

Residual: 0.6927814816196108


epsilon: 2.0075

m: 6.833333333333333

Residual: 0.7169714272447768


epsilon: 2.0075

m: 7.0

Residual: 0.7417445375691649


epsilon: 2.3404166666666666

m: 3.0

Residual: 0.9603380419453561


epsilon: 2.3404166666666666

m: 3.1666666666666665

Residual: 0.9409991889595649


epsilon: 2.3404166666666666

m: 3.3333333333333335

Residual: 0.9137577850108975


epsilon: 2.3404166666666666

m: 3.5

Residual: 0.8764082693398765


epsilon: 2.3404166666666666

m: 3.6666666666666665

Residual: 0.8269022940519474


epsilon: 2.3404166666666666

m: 3.833333333333333

Residual: 0.7634481845687514


epsilon: 2.3404166666666666

m: 4.0

Residual: 0.6853724610296118


epsilon: 2.3404166666666666

m: 4.166666666666666

Residual: 0.5930113640259238


epsilon: 2.3404166666666666

m: 4.333333333333333

Residual: 0.4888778659704932


epsilon: 2.3404166666666666

m: 4.5

Residual: 0.37587873695733964


epsilon: 2.3404166666666666

m: 4.666666666666666

Residual: 0.25884096250840405


epsilon: 2.3404166666666666

m: 4.833333333333333

Residual: 0.14241235560895932


epsilon: 2.3404166666666666

m: 5.0

Residual: 0.03391475631769152


epsilon: 2.3404166666666666

m: 5.166666666666666

Residual: 0.07828255648128023


epsilon: 2.3404166666666666

m: 5.333333333333333

Residual: 0.17603023546542826


epsilon: 2.3404166666666666

m: 5.5

Residual: 0.26186607367919923


epsilon: 2.3404166666666666

m: 5.666666666666666

Residual: 0.33905531284702317


epsilon: 2.3404166666666666

m: 5.833333333333333

Residual: 0.4118796429823315


epsilon: 2.3404166666666666

m: 6.0

Residual: 0.4727329317085665


epsilon: 2.3404166666666666

m: 6.166666666666666

Residual: 0.5240073431435259


epsilon: 2.3404166666666666

m: 6.333333333333333

Residual: 0.5703450288102763


epsilon: 2.3404166666666666

m: 6.5

Residual: 0.6117129091380336


epsilon: 2.3404166666666666

m: 6.666666666666666

Residual: 0.6451624223495979


epsilon: 2.3404166666666666

m: 6.833333333333333

Residual: 0.6751930905569113


epsilon: 2.3404166666666666

m: 7.0

Residual: 0.7067108241389236


epsilon: 2.6733333333333333

m: 3.0

Residual: 0.965191233310213


epsilon: 2.6733333333333333

m: 3.1666666666666665

Residual: 0.9481551654855733


epsilon: 2.6733333333333333

m: 3.3333333333333335

Residual: 0.9240834717126015


epsilon: 2.6733333333333333

m: 3.5

Residual: 0.8909886703057228


epsilon: 2.6733333333333333

m: 3.6666666666666665

Residual: 0.8467998893604778


epsilon: 2.6733333333333333

m: 3.833333333333333

Residual: 0.7898106787249011


epsilon: 2.6733333333333333

m: 4.0

Residual: 0.7189919825038886


epsilon: 2.6733333333333333

m: 4.166666666666666

Residual: 0.634425694925505


epsilon: 2.6733333333333333

m: 4.333333333333333

Residual: 0.5377502195945734


epsilon: 2.6733333333333333

m: 4.5

Residual: 0.4317546801090223


epsilon: 2.6733333333333333

m: 4.666666666666666

Residual: 0.3203870906483349


epsilon: 2.6733333333333333

m: 4.833333333333333

Residual: 0.2067940534545831


epsilon: 2.6733333333333333

m: 5.0

Residual: 0.0952141993639643


epsilon: 2.6733333333333333

m: 5.166666666666666

Residual: 0.03009521167889857


epsilon: 2.6733333333333333

m: 5.333333333333333

Residual: 0.10935567968014967


epsilon: 2.6733333333333333

m: 5.5

Residual: 0.19888348903191871


epsilon: 2.6733333333333333

m: 5.666666666666666

Residual: 0.2789134023150163


epsilon: 2.6733333333333333

m: 5.833333333333333

Residual: 0.35635810888488506


epsilon: 2.6733333333333333

m: 6.0

Residual: 0.41943596684238926


epsilon: 2.6733333333333333

m: 6.166666666666666

Residual: 0.47419400894086977


epsilon: 2.6733333333333333

m: 6.333333333333333

Residual: 0.5231763208872108


epsilon: 2.6733333333333333

m: 6.5

Residual: 0.5703338429595469


epsilon: 2.6733333333333333

m: 6.666666666666666

Residual: 0.6074398385917749


epsilon: 2.6733333333333333

m: 6.833333333333333

Residual: 0.6384503815680667


epsilon: 2.6733333333333333

m: 7.0

Residual: 0.6715767173248448


epsilon: 3.00625

m: 3.0

Residual: 0.96898641270786


epsilon: 3.00625

m: 3.1666666666666665

Residual: 0.95376272027297


epsilon: 3.00625

m: 3.3333333333333335

Residual: 0.9322040145528621


epsilon: 3.00625

m: 3.5

Residual: 0.9024675852968097


epsilon: 3.00625

m: 3.6666666666666665

Residual: 0.8625929517189188


epsilon: 3.00625

m: 3.833333333333333

Residual: 0.8108594308350633


epsilon: 3.00625

m: 4.0

Residual: 0.7461402510824581


epsilon: 3.00625

m: 4.166666666666666

Residual: 0.6682659470956478


epsilon: 3.00625

m: 4.333333333333333

Residual: 0.5781780295489172


epsilon: 3.00625

m: 4.5

Residual: 0.47799007811325855


epsilon: 3.00625

m: 4.666666666666666

Residual: 0.3716490782636823


epsilon: 3.00625

m: 4.833333333333333

Residual: 0.2623654432559773


epsilon: 3.00625

m: 5.0

Residual: 0.15308163347661385


epsilon: 3.00625

m: 5.166666666666666

Residual: 0.05667472729233374


epsilon: 3.00625

m: 5.333333333333333

Residual: 0.05541802104528226


epsilon: 3.00625

m: 5.5

Residual: 0.14085578305504165


epsilon: 3.00625

m: 5.666666666666666

Residual: 0.22728565887006594


epsilon: 3.00625

m: 5.833333333333333

Residual: 0.3010962063765599


epsilon: 3.00625

m: 6.0

Residual: 0.36276607077428785


epsilon: 3.00625

m: 6.166666666666666

Residual: 0.4259179754852106


epsilon: 3.00625

m: 6.333333333333333

Residual: 0.4819868286964434


epsilon: 3.00625

m: 6.5

Residual: 0.5238524505459221


epsilon: 3.00625

m: 6.666666666666666

Residual: 0.5705430691018605


epsilon: 3.00625

m: 6.833333333333333

Residual: 0.6049534580372578


epsilon: 3.00625

m: 7.0

Residual: 0.6368521831345006


epsilon: 3.339166666666667

m: 3.0

Residual: 0.9720351587247339


epsilon: 3.339166666666667

m: 3.1666666666666665

Residual: 0.9582757410184183


epsilon: 3.339166666666667

m: 3.3333333333333335

Residual: 0.9387648406885076


epsilon: 3.339166666666667

m: 3.5

Residual: 0.911758704717212


epsilon: 3.339166666666667

m: 3.6666666666666665

Residual: 0.8754418750352877


epsilon: 3.339166666666667

m: 3.833333333333333

Residual: 0.828057801258138


epsilon: 3.339166666666667

m: 4.0

Residual: 0.7685334617213211


epsilon: 3.339166666666667

m: 4.166666666666666

Residual: 0.6961879034620945


epsilon: 3.339166666666667

m: 4.333333333333333

Residual: 0.6119218936891799


epsilon: 3.339166666666667

m: 4.5

Residual: 0.5178996215944535


epsilon: 3.339166666666667

m: 4.666666666666666

Residual: 0.41643149183481265


epsilon: 3.339166666666667

m: 4.833333333333333

Residual: 0.3106552767345867


epsilon: 3.339166666666667

m: 5.0

Residual: 0.20450283565138652


epsilon: 3.339166666666667

m: 5.166666666666666

Residual: 0.10073617505166756


epsilon: 3.339166666666667

m: 5.333333333333333

Residual: 0.0613865605090234


epsilon: 3.339166666666667

m: 5.5

Residual: 0.09079277266604058


epsilon: 3.339166666666667

m: 5.666666666666666

Residual: 0.17697307340440827


epsilon: 3.339166666666667

m: 5.833333333333333

Residual: 0.25296440456131297


epsilon: 3.339166666666667

m: 6.0

Residual: 0.3198005562261685


epsilon: 3.339166666666667

m: 6.166666666666666

Residual: 0.3838141856903751


epsilon: 3.339166666666667

m: 6.333333333333333

Residual: 0.4394817011058069


epsilon: 3.339166666666667

m: 6.5

Residual: 0.48864401433022653


epsilon: 3.339166666666667

m: 6.666666666666666

Residual: 0.5326256535675842


epsilon: 3.339166666666667

m: 6.833333333333333

Residual: 0.5722263221378758


epsilon: 3.339166666666667

m: 7.0

Residual: 0.6043212937736788


epsilon: 3.6720833333333336

m: 3.0

Residual: 0.9745392516075997


epsilon: 3.6720833333333336

m: 3.1666666666666665

Residual: 0.9619883972255526


epsilon: 3.6720833333333336

m: 3.3333333333333335

Residual: 0.9441596677220581


epsilon: 3.6720833333333336

m: 3.5

Residual: 0.9194383475787501


epsilon: 3.6720833333333336

m: 3.6666666666666665

Residual: 0.8860883866251856


epsilon: 3.6720833333333336

m: 3.833333333333333

Residual: 0.8424322939702212


epsilon: 3.6720833333333336

m: 4.0

Residual: 0.7872575607978206


epsilon: 3.6720833333333336

m: 4.166666666666666

Residual: 0.7200256043096321


epsilon: 3.6720833333333336

m: 4.333333333333333

Residual: 0.6406766422117479


epsilon: 3.6720833333333336

m: 4.5

Residual: 0.5511560986339521


epsilon: 3.6720833333333336

m: 4.666666666666666

Residual: 0.4544089506338234


epsilon: 3.6720833333333336

m: 4.833333333333333

Residual: 0.3526240127968965


epsilon: 3.6720833333333336

m: 5.0

Residual: 0.24947400732945327


epsilon: 3.6720833333333336

m: 5.166666666666666

Residual: 0.1461118902559927


epsilon: 3.6720833333333336

m: 5.333333333333333

Residual: 0.08334814454293132


epsilon: 3.6720833333333336

m: 5.5

Residual: 0.08513651558905945


epsilon: 3.6720833333333336

m: 5.666666666666666

Residual: 0.12860596688262071


epsilon: 3.6720833333333336

m: 5.833333333333333

Residual: 0.20918541777861255


epsilon: 3.6720833333333336

m: 6.0

Residual: 0.280736633432202


epsilon: 3.6720833333333336

m: 6.166666666666666

Residual: 0.34388502476828103


epsilon: 3.6720833333333336

m: 6.333333333333333

Residual: 0.39687855621354734


epsilon: 3.6720833333333336

m: 6.5

Residual: 0.4581187114613896


epsilon: 3.6720833333333336

m: 6.666666666666666

Residual: 0.4981616402390249


epsilon: 3.6720833333333336

m: 6.833333333333333

Residual: 0.5384712437209696


epsilon: 3.6720833333333336

m: 7.0

Residual: 0.5757711388432202


epsilon: 4.005

m: 3.0

Residual: 0.9766302329519677


epsilon: 4.005

m: 3.1666666666666665

Residual: 0.9650913282303735


epsilon: 4.005

m: 3.3333333333333335

Residual: 0.9486828859896549


epsilon: 4.005

m: 3.5

Residual: 0.9258875918845


epsilon: 4.005

m: 3.6666666666666665

Residual: 0.8950697009284079


epsilon: 4.005

m: 3.833333333333333

Residual: 0.854590611085048


epsilon: 4.005

m: 4.0

Residual: 0.8032371325054921


epsilon: 4.005

m: 4.166666666666666

Residual: 0.7401559038299391


epsilon: 4.005

m: 4.333333333333333

Residual: 0.6657886875648783


epsilon: 4.005

m: 4.5

Residual: 0.5812191283004229


epsilon: 4.005

m: 4.666666666666666

Residual: 0.4885538820420568


epsilon: 4.005

m: 4.833333333333333

Residual: 0.3890455401361877


epsilon: 4.005

m: 5.0

Residual: 0.28950608778033904


epsilon: 4.005

m: 5.166666666666666

Residual: 0.18891427144681178


epsilon: 4.005

m: 5.333333333333333

Residual: 0.11213827046196183


epsilon: 4.005

m: 5.5

Residual: 0.09273541834551922


epsilon: 4.005

m: 5.666666666666666

Residual: 0.11130275397762411


epsilon: 4.005

m: 5.833333333333333

Residual: 0.1666477989671415


epsilon: 4.005

m: 6.0

Residual: 0.23783569941162103


epsilon: 4.005

m: 6.166666666666666

Residual: 0.30536418861148246


epsilon: 4.005

m: 6.333333333333333

Residual: 0.36294439923168736


epsilon: 4.005

m: 6.5

Residual: 0.4173933030778613


epsilon: 4.005

m: 6.666666666666666

Residual: 0.462679562064588


epsilon: 4.005

m: 6.833333333333333

Residual: 0.5069175976686815


epsilon: 4.005

m: 7.0

Residual: 0.5419769416891743


epsilon: 4.337916666666667

m: 3.0

Residual: 0.9784041701892118


epsilon: 4.337916666666667

m: 3.1666666666666665

Residual: 0.9677263531736421


epsilon: 4.337916666666667

m: 3.3333333333333335

Residual: 0.9525303744060339


epsilon: 4.337916666666667

m: 3.5

Residual: 0.9313677917280091


epsilon: 4.337916666666667

m: 3.6666666666666665

Residual: 0.9027133570318496


epsilon: 4.337916666666667

m: 3.833333333333333

Residual: 0.8650345134750874


epsilon: 4.337916666666667

m: 4.0

Residual: 0.8169436195347464


epsilon: 4.337916666666667

m: 4.166666666666666

Residual: 0.7577063988698899


epsilon: 4.337916666666667

m: 4.333333333333333

Residual: 0.6875008315587636


epsilon: 4.337916666666667

m: 4.5

Residual: 0.6069214726027711


epsilon: 4.337916666666667

m: 4.666666666666666

Residual: 0.5178795921434957


epsilon: 4.337916666666667

m: 4.833333333333333

Residual: 0.4233390893600998


epsilon: 4.337916666666667

m: 5.0

Residual: 0.32520113721747773


epsilon: 4.337916666666667

m: 5.166666666666666

Residual: 0.2263531367363544


epsilon: 4.337916666666667

m: 5.333333333333333

Residual: 0.14120704073952406


epsilon: 4.337916666666667

m: 5.5

Residual: 0.10752758267611928


epsilon: 4.337916666666667

m: 5.666666666666666

Residual: 0.11347707231733221


epsilon: 4.337916666666667

m: 5.833333333333333

Residual: 0.14493810297754983


epsilon: 4.337916666666667

m: 6.0

Residual: 0.20060279587148608


epsilon: 4.337916666666667

m: 6.166666666666666

Residual: 0.2682704503095492


epsilon: 4.337916666666667

m: 6.333333333333333

Residual: 0.32685163469065254


epsilon: 4.337916666666667

m: 6.5

Residual: 0.3794920499941807


epsilon: 4.337916666666667

m: 6.666666666666666

Residual: 0.42906973560269485


epsilon: 4.337916666666667

m: 6.833333333333333

Residual: 0.4746248248576851


epsilon: 4.337916666666667

m: 7.0

Residual: 0.5178362686224512


epsilon: 4.670833333333333

m: 3.0

Residual: 0.9799284025234692


epsilon: 4.670833333333333

m: 3.1666666666666665

Residual: 0.9699936714317765


epsilon: 4.670833333333333

m: 3.3333333333333335

Residual: 0.9558324092792954


epsilon: 4.670833333333333

m: 3.5

Residual: 0.9361116054574218


epsilon: 4.670833333333333

m: 3.6666666666666665

Residual: 0.9093344772571192


epsilon: 4.670833333333333

m: 3.833333333333333

Residual: 0.8739967495617549


epsilon: 4.670833333333333

m: 4.0

Residual: 0.8289081103377234


epsilon: 4.670833333333333

m: 4.166666666666666

Residual: 0.772991987619611


epsilon: 4.670833333333333

m: 4.333333333333333

Residual: 0.7064906440967156


epsilon: 4.670833333333333

m: 4.5

Residual: 0.6298215893471819


epsilon: 4.670833333333333

m: 4.666666666666666

Residual: 0.5448091296729808


epsilon: 4.670833333333333

m: 4.833333333333333

Residual: 0.4531853096089653


epsilon: 4.670833333333333

m: 5.0

Residual: 0.3582580112862625


epsilon: 4.670833333333333

m: 5.166666666666666

Residual: 0.2627505053974765


epsilon: 4.670833333333333

m: 5.333333333333333

Residual: 0.17193390755759724


epsilon: 4.670833333333333

m: 5.5

Residual: 0.1253433968374813


epsilon: 4.670833333333333

m: 5.666666666666666

Residual: 0.11811728242961943


epsilon: 4.670833333333333

m: 5.833333333333333

Residual: 0.1384787217840398


epsilon: 4.670833333333333

m: 6.0

Residual: 0.17460518007121806


epsilon: 4.670833333333333

m: 6.166666666666666

Residual: 0.2302561514149319


epsilon: 4.670833333333333

m: 6.333333333333333

Residual: 0.2937645394903732


epsilon: 4.670833333333333

m: 6.5

Residual: 0.3512991279202729


epsilon: 4.670833333333333

m: 6.666666666666666

Residual: 0.4053880174896039


epsilon: 4.670833333333333

m: 6.833333333333333

Residual: 0.4566903291110236


epsilon: 4.670833333333333

m: 7.0

Residual: 0.49020220097179273


epsilon: 5.00375

m: 3.0

Residual: 0.9812515105129052


epsilon: 5.00375

m: 3.1666666666666665

Residual: 0.9719613265851657


epsilon: 5.00375

m: 3.3333333333333335

Residual: 0.958712859631791


epsilon: 5.00375

m: 3.5

Residual: 0.9402354825045399


epsilon: 5.00375

m: 3.6666666666666665

Residual: 0.9151194266071755


epsilon: 5.00375

m: 3.833333333333333

Residual: 0.8819064078444914


epsilon: 5.00375

m: 4.0

Residual: 0.8393704759647732


epsilon: 5.00375

m: 4.166666666666666

Residual: 0.7864630608850124


epsilon: 5.00375

m: 4.333333333333333

Residual: 0.7233434111790193


epsilon: 5.00375

m: 4.5

Residual: 0.650004752573701


epsilon: 5.00375

m: 4.666666666666666

Residual: 0.5684536575357482


epsilon: 5.00375

m: 4.833333333333333

Residual: 0.4802141177700601


epsilon: 5.00375

m: 5.0

Residual: 0.38806177913720774


epsilon: 5.00375

m: 5.166666666666666

Residual: 0.29467536747218714


epsilon: 5.00375

m: 5.333333333333333

Residual: 0.200951516649525


epsilon: 5.00375

m: 5.5

Residual: 0.14787339395592305


epsilon: 5.00375

m: 5.666666666666666

Residual: 0.13132145172829307


epsilon: 5.00375

m: 5.833333333333333

Residual: 0.1370857698621413


epsilon: 5.00375

m: 6.0

Residual: 0.1676218380305397


epsilon: 5.00375

m: 6.166666666666666

Residual: 0.2068751508482676


epsilon: 5.00375

m: 6.333333333333333

Residual: 0.2599394479850244


epsilon: 5.00375

m: 6.5

Residual: 0.31907356331630454


epsilon: 5.00375

m: 6.666666666666666

Residual: 0.369950148614661


epsilon: 5.00375

m: 6.833333333333333

Residual: 0.4170392919899186


epsilon: 5.00375

m: 7.0

Residual: 0.460522513168469


epsilon: 5.336666666666667

m: 3.0

Residual: 0.9824095721255073


epsilon: 5.336666666666667

m: 3.1666666666666665

Residual: 0.9736878108570794


epsilon: 5.336666666666667

m: 3.3333333333333335

Residual: 0.961236465588596


epsilon: 5.336666666666667

m: 3.5

Residual: 0.9438589693171244


epsilon: 5.336666666666667

m: 3.6666666666666665

Residual: 0.9202128995545538


epsilon: 5.336666666666667

m: 3.833333333333333

Residual: 0.8888893508799262


epsilon: 5.336666666666667

m: 4.0

Residual: 0.8485933833824896


epsilon: 5.336666666666667

m: 4.166666666666666

Residual: 0.7985602746843813


epsilon: 5.336666666666667

m: 4.333333333333333

Residual: 0.738159768792712


epsilon: 5.336666666666667

m: 4.5

Residual: 0.6682920404361575


epsilon: 5.336666666666667

m: 4.666666666666666

Residual: 0.5894487162499078


epsilon: 5.336666666666667

m: 4.833333333333333

Residual: 0.5040247202614971


epsilon: 5.336666666666667

m: 5.0

Residual: 0.41514422852474175


epsilon: 5.336666666666667

m: 5.166666666666666

Residual: 0.32306371861548083


epsilon: 5.336666666666667

m: 5.333333333333333

Residual: 0.23245889615482257


epsilon: 5.336666666666667

m: 5.5

Residual: 0.1692322048016235


epsilon: 5.336666666666667

m: 5.666666666666666

Residual: 0.1456325129621416


epsilon: 5.336666666666667

m: 5.833333333333333

Residual: 0.14560290244244167


epsilon: 5.336666666666667

m: 6.0

Residual: 0.16408867637028365


epsilon: 5.336666666666667

m: 6.166666666666666

Residual: 0.19608989723505013


epsilon: 5.336666666666667

m: 6.333333333333333

Residual: 0.23709707214381226


epsilon: 5.336666666666667

m: 6.5

Residual: 0.2901281230110841


epsilon: 5.336666666666667

m: 6.666666666666666

Residual: 0.34381001712102366


epsilon: 5.336666666666667

m: 6.833333333333333

Residual: 0.39690478712430954


epsilon: 5.336666666666667

m: 7.0

Residual: 0.43775649248740806


epsilon: 5.669583333333334

m: 3.0

Residual: 0.9834350812788183


epsilon: 5.669583333333334

m: 3.1666666666666665

Residual: 0.975214556273685


epsilon: 5.669583333333334

m: 3.3333333333333335

Residual: 0.9634744996064251


epsilon: 5.669583333333334

m: 3.5

Residual: 0.9470655642370427


epsilon: 5.669583333333334

m: 3.6666666666666665

Residual: 0.9247134700367


epsilon: 5.669583333333334

m: 3.833333333333333

Residual: 0.8950451260951634


epsilon: 5.669583333333334

m: 4.0

Residual: 0.8568595672907359


epsilon: 5.669583333333334

m: 4.166666666666666

Residual: 0.8092008457790701


epsilon: 5.669583333333334

m: 4.333333333333333

Residual: 0.7518598627226982


epsilon: 5.669583333333334

m: 4.5

Residual: 0.6844545676989816


epsilon: 5.669583333333334

m: 4.666666666666666

Residual: 0.6092729397619415


epsilon: 5.669583333333334

m: 4.833333333333333

Residual: 0.5269254826067927


epsilon: 5.669583333333334

m: 5.0

Residual: 0.43918002160086317


epsilon: 5.669583333333334

m: 5.166666666666666

Residual: 0.35014999976374006


epsilon: 5.669583333333334

m: 5.333333333333333

Residual: 0.26043064716600883


epsilon: 5.669583333333334

m: 5.5

Residual: 0.19088906890230747


epsilon: 5.669583333333334

m: 5.666666666666666

Residual: 0.15764527326602876


epsilon: 5.669583333333334

m: 5.833333333333333

Residual: 0.15191894746086573


epsilon: 5.669583333333334

m: 6.0

Residual: 0.1646167732528474


epsilon: 5.669583333333334

m: 6.166666666666666

Residual: 0.18932019889672588


epsilon: 5.669583333333334

m: 6.333333333333333

Residual: 0.22030355616976766


epsilon: 5.669583333333334

m: 6.5

Residual: 0.2675216436460692


epsilon: 5.669583333333334

m: 6.666666666666666

Residual: 0.31384191933238054


epsilon: 5.669583333333334

m: 6.833333333333333

Residual: 0.3684306217460338


epsilon: 5.669583333333334

m: 7.0

Residual: 0.40964992094976327


epsilon: 6.0025

m: 3.0

Residual: 0.98434624422008


epsilon: 6.0025

m: 3.1666666666666665

Residual: 0.9765707558160776


epsilon: 6.0025

m: 3.3333333333333335

Residual: 0.9654645869209135


epsilon: 6.0025

m: 3.5

Residual: 0.9499276742479208


epsilon: 6.0025

m: 3.6666666666666665

Residual: 0.9287330357598083


epsilon: 6.0025

m: 3.833333333333333

Residual: 0.9005685595480512


epsilon: 6.0025

m: 4.0

Residual: 0.864220982177867


epsilon: 6.0025

m: 4.166666666666666

Residual: 0.8188863572730428


epsilon: 6.0025

m: 4.333333333333333

Residual: 0.7638769857484574


epsilon: 6.0025

m: 4.5

Residual: 0.6996746258562376


epsilon: 6.0025

m: 4.666666666666666

Residual: 0.6271520304177273


epsilon: 6.0025

m: 4.833333333333333

Residual: 0.547118339515861


epsilon: 6.0025

m: 5.0

Residual: 0.46173643314385887


epsilon: 6.0025

m: 5.166666666666666

Residual: 0.37405541734981257


epsilon: 6.0025

m: 5.333333333333333

Residual: 0.28742408230679833


epsilon: 6.0025

m: 5.5

Residual: 0.21217961863168333


epsilon: 6.0025

m: 5.666666666666666

Residual: 0.17536785112647832


epsilon: 6.0025

m: 5.833333333333333

Residual: 0.16376244461463196


epsilon: 6.0025

m: 6.0

Residual: 0.17091635239651176


epsilon: 6.0025

m: 6.166666666666666

Residual: 0.18415430290646026


epsilon: 6.0025

m: 6.333333333333333

Residual: 0.21463935243391744


epsilon: 6.0025

m: 6.5

Residual: 0.2507476231433309


epsilon: 6.0025

m: 6.666666666666666

Residual: 0.29494537250905906


epsilon: 6.0025

m: 6.833333333333333

Residual: 0.343433696602798


epsilon: 6.0025

m: 7.0

Residual: 0.38301393797197514


epsilon: 6.335416666666667

m: 3.0

Residual: 0.9851621441918933


epsilon: 6.335416666666667

m: 3.1666666666666665

Residual: 0.9777898722197093


epsilon: 6.335416666666667

m: 3.3333333333333335

Residual: 0.9672464038993094


epsilon: 6.335416666666667

m: 3.5

Residual: 0.9525029936876573


epsilon: 6.335416666666667

m: 3.6666666666666665

Residual: 0.9323577769358943


epsilon: 6.335416666666667

m: 3.833333333333333

Residual: 0.9055731738074331


epsilon: 6.335416666666667

m: 4.0

Residual: 0.8709641359929854


epsilon: 6.335416666666667

m: 4.166666666666666

Residual: 0.8275375226455867


epsilon: 6.335416666666667

m: 4.333333333333333

Residual: 0.7747951270872309


epsilon: 6.335416666666667

m: 4.5

Residual: 0.7130775607704973


epsilon: 6.335416666666667

m: 4.666666666666666

Residual: 0.6425904964453197


epsilon: 6.335416666666667

m: 4.833333333333333

Residual: 0.5658860696453475


epsilon: 6.335416666666667

m: 5.0

Residual: 0.48342543254334247


epsilon: 6.335416666666667

m: 5.166666666666666

Residual: 0.3982007307844628


epsilon: 6.335416666666667

m: 5.333333333333333

Residual: 0.3101518063485593


epsilon: 6.335416666666667

m: 5.5

Residual: 0.23376407927795756


epsilon: 6.335416666666667

m: 5.666666666666666

Residual: 0.18893215270827646


epsilon: 6.335416666666667

m: 5.833333333333333

Residual: 0.17372863970481328


epsilon: 6.335416666666667

m: 6.0

Residual: 0.17320909482155053


epsilon: 6.335416666666667

m: 6.166666666666666

Residual: 0.18576663564134555


epsilon: 6.335416666666667

m: 6.333333333333333

Residual: 0.21074319833331184


epsilon: 6.335416666666667

m: 6.5

Residual: 0.24191842586404763


epsilon: 6.335416666666667

m: 6.666666666666666

Residual: 0.2754752921633005


epsilon: 6.335416666666667

m: 6.833333333333333

Residual: 0.32349819954583764


epsilon: 6.335416666666667

m: 7.0

Residual: 0.3637943305625567


epsilon: 6.668333333333334

m: 3.0

Residual: 0.9858982230696755


epsilon: 6.668333333333334

m: 3.1666666666666665

Residual: 0.9788872193893117


epsilon: 6.668333333333334

m: 3.3333333333333335

Residual: 0.9688603544443936


epsilon: 6.668333333333334

m: 3.5

Residual: 0.9548160153794689


epsilon: 6.668333333333334

m: 3.6666666666666665

Residual: 0.9356300685265249


epsilon: 6.668333333333334

m: 3.833333333333333

Residual: 0.9100219424673015


epsilon: 6.668333333333334

m: 4.0

Residual: 0.8769743506943657


epsilon: 6.668333333333334

m: 4.166666666666666

Residual: 0.835361815135315


epsilon: 6.668333333333334

m: 4.333333333333333

Residual: 0.7848124438953858


epsilon: 6.668333333333334

m: 4.5

Residual: 0.7251696267796149


epsilon: 6.668333333333334

m: 4.666666666666666

Residual: 0.6576590624081323


epsilon: 6.668333333333334

m: 4.833333333333333

Residual: 0.5830177351823753


epsilon: 6.668333333333334

m: 5.0

Residual: 0.5021685913483314


epsilon: 6.668333333333334

m: 5.166666666666666

Residual: 0.41932214864312295


epsilon: 6.668333333333334

m: 5.333333333333333

Residual: 0.3341218762168816


epsilon: 6.668333333333334

m: 5.5

Residual: 0.25440290420989115


epsilon: 6.668333333333334

m: 5.666666666666666

Residual: 0.20772938537896557


epsilon: 6.668333333333334

m: 5.833333333333333

Residual: 0.18634077695790097


epsilon: 6.668333333333334

m: 6.0

Residual: 0.18124066769768332


epsilon: 6.668333333333334

m: 6.166666666666666

Residual: 0.1883729781006892


epsilon: 6.668333333333334

m: 6.333333333333333

Residual: 0.2113898371744368


epsilon: 6.668333333333334

m: 6.5

Residual: 0.23587532817928153


epsilon: 6.668333333333334

m: 6.666666666666666

Residual: 0.2650494649918266


epsilon: 6.668333333333334

m: 6.833333333333333

Residual: 0.3023769443613847


epsilon: 6.668333333333334

m: 7.0

Residual: 0.3361806965405659


epsilon: 7.001250000000001

m: 3.0

Residual: 0.9865640796919496


epsilon: 7.001250000000001

m: 3.1666666666666665

Residual: 0.9798813609511917


epsilon: 7.001250000000001

m: 3.3333333333333335

Residual: 0.9703159663774212


epsilon: 7.001250000000001

m: 3.5

Residual: 0.9569251881220561


epsilon: 7.001250000000001

m: 3.6666666666666665

Residual: 0.9385943009754513


epsilon: 7.001250000000001

m: 3.833333333333333

Residual: 0.9141422597946389


epsilon: 7.001250000000001

m: 4.0

Residual: 0.8824684380467522


epsilon: 7.001250000000001

m: 4.166666666666666

Residual: 0.8425774449216421


epsilon: 7.001250000000001

m: 4.333333333333333

Residual: 0.7940987947060497


epsilon: 7.001250000000001

m: 4.5

Residual: 0.7367348163409289


epsilon: 7.001250000000001

m: 4.666666666666666

Residual: 0.671344151000988


epsilon: 7.001250000000001

m: 4.833333333333333

Residual: 0.5984210755601806


epsilon: 7.001250000000001

m: 5.0

Residual: 0.5207771225953186


epsilon: 7.001250000000001

m: 5.166666666666666

Residual: 0.4387788447117369


epsilon: 7.001250000000001

m: 5.333333333333333

Residual: 0.35453297493546626


epsilon: 7.001250000000001

m: 5.5

Residual: 0.27562693173121067


epsilon: 7.001250000000001

m: 5.666666666666666

Residual: 0.2234805214583538


epsilon: 7.001250000000001

m: 5.833333333333333

Residual: 0.19684818942887208


epsilon: 7.001250000000001

m: 6.0

Residual: 0.18706182841094743


epsilon: 7.001250000000001

m: 6.166666666666666

Residual: 0.19329088638309103


epsilon: 7.001250000000001

m: 6.333333333333333

Residual: 0.2083565431797051


epsilon: 7.001250000000001

m: 6.5

Residual: 0.2309306047036131


epsilon: 7.001250000000001

m: 6.666666666666666

Residual: 0.25917453967823934


epsilon: 7.001250000000001

m: 6.833333333333333

Residual: 0.28926429200228193


epsilon: 7.001250000000001

m: 7.0

Residual: 0.32110683786962796


epsilon: 7.334166666666667

m: 3.0

Residual: 0.9871705622894767


epsilon: 7.334166666666667

m: 3.1666666666666665

Residual: 0.9807853079986679


epsilon: 7.334166666666667

m: 3.3333333333333335

Residual: 0.9716471011270734


epsilon: 7.334166666666667

m: 3.5

Residual: 0.9588347571551128


epsilon: 7.334166666666667

m: 3.6666666666666665

Residual: 0.941293175443238


epsilon: 7.334166666666667

m: 3.833333333333333

Residual: 0.9178893061969079


epsilon: 7.334166666666667

m: 4.0

Residual: 0.8874931802341299


epsilon: 7.334166666666667

m: 4.166666666666666

Residual: 0.8492169127270088


epsilon: 7.334166666666667

m: 4.333333333333333

Residual: 0.8025738355971286


epsilon: 7.334166666666667

m: 4.5

Residual: 0.7471372270885179


epsilon: 7.334166666666667

m: 4.666666666666666

Residual: 0.6839382100276816


epsilon: 7.334166666666667

m: 4.833333333333333

Residual: 0.6134172872510685


epsilon: 7.334166666666667

m: 5.0

Residual: 0.5370238614992011


epsilon: 7.334166666666667

m: 5.166666666666666

Residual: 0.45724376905808306


epsilon: 7.334166666666667

m: 5.333333333333333

Residual: 0.373568686797373


epsilon: 7.334166666666667

m: 5.5

Residual: 0.2958032902095694


epsilon: 7.334166666666667

m: 5.666666666666666

Residual: 0.24020000764634708


epsilon: 7.334166666666667

m: 5.833333333333333

Residual: 0.2099014530646013


epsilon: 7.334166666666667

m: 6.0

Residual: 0.19794339852911982


epsilon: 7.334166666666667

m: 6.166666666666666

Residual: 0.2007056209177793


epsilon: 7.334166666666667

m: 6.333333333333333

Residual: 0.20942939915255154


epsilon: 7.334166666666667

m: 6.5

Residual: 0.22762815470531045


epsilon: 7.334166666666667

m: 6.666666666666666

Residual: 0.25445244540345957


epsilon: 7.334166666666667

m: 6.833333333333333

Residual: 0.28018147934740134


epsilon: 7.334166666666667

m: 7.0

Residual: 0.3142864690000886


epsilon: 7.667083333333334

m: 3.0

Residual: 0.9877237915143948


epsilon: 7.667083333333334

m: 3.1666666666666665

Residual: 0.9816118450559064


epsilon: 7.667083333333334

m: 3.3333333333333335

Residual: 0.9728615545564661


epsilon: 7.667083333333334

m: 3.5

Residual: 0.9605856277762234


epsilon: 7.667083333333334

m: 3.6666666666666665

Residual: 0.943776893967521


epsilon: 7.667083333333334

m: 3.833333333333333

Residual: 0.9213332512662342


epsilon: 7.667083333333334

m: 4.0

Residual: 0.8920974253045016


epsilon: 7.667083333333334

m: 4.166666666666666

Residual: 0.8553344366836175


epsilon: 7.667083333333334

m: 4.333333333333333

Residual: 0.810327549714564


epsilon: 7.667083333333334

m: 4.5

Residual: 0.7568046462315087


epsilon: 7.667083333333334

m: 4.666666666666666

Residual: 0.6953063776949246


epsilon: 7.667083333333334

m: 4.833333333333333

Residual: 0.6272156334210198


epsilon: 7.667083333333334

m: 5.0

Residual: 0.5531195969257741


epsilon: 7.667083333333334

m: 5.166666666666666

Residual: 0.4752492085470378


epsilon: 7.667083333333334

m: 5.333333333333333

Residual: 0.3942585949606393


epsilon: 7.667083333333334

m: 5.5

Residual: 0.31260734693686787


epsilon: 7.667083333333334

m: 5.666666666666666

Residual: 0.25303666346157483


epsilon: 7.667083333333334

m: 5.833333333333333

Residual: 0.22047958945902815


epsilon: 7.667083333333334

m: 6.0

Residual: 0.2069644533852752


epsilon: 7.667083333333334

m: 6.166666666666666

Residual: 0.20227393706513488


epsilon: 7.667083333333334

m: 6.333333333333333

Residual: 0.21263901100214966


epsilon: 7.667083333333334

m: 6.5

Residual: 0.22680515619106267


epsilon: 7.667083333333334

m: 6.666666666666666

Residual: 0.2498745529308955


epsilon: 7.667083333333334

m: 6.833333333333333

Residual: 0.27621814064495814


epsilon: 7.667083333333334

m: 7.0

Residual: 0.308381020139778


epsilon: 8.0

m: 3.0

Residual: 0.9882319146309901


epsilon: 8.0

m: 3.1666666666666665

Residual: 0.9823701548181949


epsilon: 8.0

m: 3.3333333333333335

Residual: 0.973975573791608


epsilon: 8.0

m: 3.5

Residual: 0.962197469329328


epsilon: 8.0

m: 3.6666666666666665

Residual: 0.9460552484106521


epsilon: 8.0

m: 3.833333333333333

Residual: 0.9244630848529207


epsilon: 8.0

m: 4.0

Residual: 0.8964006974197124


epsilon: 8.0

m: 4.166666666666666

Residual: 0.8609844553084475


epsilon: 8.0

m: 4.333333333333333

Residual: 0.8173632608984173


epsilon: 8.0

m: 4.5

Residual: 0.7656968308889361


epsilon: 8.0

m: 4.666666666666666

Residual: 0.7061755372504367


epsilon: 8.0

m: 4.833333333333333

Residual: 0.6396792974203515


epsilon: 8.0

m: 5.0

Residual: 0.5681131112455982


epsilon: 8.0

m: 5.166666666666666

Residual: 0.4910561424807597


epsilon: 8.0

m: 5.333333333333333

Residual: 0.4121994152203338


epsilon: 8.0

m: 5.5

Residual: 0.33286852991141286


epsilon: 8.0

m: 5.666666666666666

Residual: 0.2712117508151691


epsilon: 8.0

m: 5.833333333333333

Residual: 0.2352177198926392


epsilon: 8.0

m: 6.0

Residual: 0.21762190226269681


epsilon: 8.0

m: 6.166666666666666

Residual: 0.21335178140866062


epsilon: 8.0

m: 6.333333333333333

Residual: 0.21487919135018155


epsilon: 8.0

m: 6.5

Residual: 0.23124113188839673


epsilon: 8.0

m: 6.666666666666666

Residual: 0.25025536753743477


epsilon: 8.0

m: 6.833333333333333

Residual: 0.2738384012275907


epsilon: 8.0

m: 7.0

Residual: 0.29165673702999967


