epsilon: 0.01

m: 3.0

Residual: 0.7513659618475969


epsilon: 0.01

m: 3.0

Residual: 0.7513659802816604


epsilon: 0.01

m: 3.1666666666666665

Residual: 0.8209445381874849


epsilon: 0.01

m: 3.3333333333333335

Residual: 0.871341306558398


epsilon: 0.01

m: 3.5

Residual: 0.9071900353668695


epsilon: 0.01

m: 3.6666666666666665

Residual: 0.9325873376352013


epsilon: 0.01

m: 3.833333333333333

Residual: 0.9505461908854879


epsilon: 0.01

m: 4.0

Residual: 0.9633088337769922


epsilon: 0.01

m: 4.166666666666666

Residual: 0.9724394410882656


epsilon: 0.01

m: 4.333333333333333

Residual: 0.9790325422390008


epsilon: 0.01

m: 4.5

Residual: 0.9838346527089327


epsilon: 0.01

m: 4.666666666666666

Residual: 0.9873515530324319


epsilon: 0.01

m: 4.833333333333333

Residual: 0.9899671668588533


epsilon: 0.01

m: 5.0

Residual: 0.9919446787705848


epsilon: 0.01

m: 5.166666666666666

Residual: 0.9934361415611898


epsilon: 0.01

m: 5.333333333333333

Residual: 0.9945942689587731


epsilon: 0.01

m: 5.5

Residual: 0.9954877400065721


epsilon: 0.01

m: 5.666666666666666

Residual: 0.9961983782930209


epsilon: 0.01

m: 5.833333333333333

Residual: 0.9967433278449983


epsilon: 0.01

m: 6.0

Residual: 0.997218338850325


epsilon: 0.01

m: 6.166666666666666

Residual: 0.9975813665686445


epsilon: 0.01

m: 6.333333333333333

Residual: 0.9978926251510456


epsilon: 0.01

m: 6.5

Residual: 0.998136230886868


epsilon: 0.01

m: 6.666666666666666

Residual: 0.9983587964087529


epsilon: 0.01

m: 6.833333333333333

Residual: 0.9985236703566798


epsilon: 0.01

m: 7.0

Residual: 0.9986625518891595


epsilon: 0.3429166666666667

m: 3.0

Residual: 0.6597170996311809


epsilon: 0.3429166666666667

m: 3.1666666666666665

Residual: 0.5582825463587395


epsilon: 0.3429166666666667

m: 3.3333333333333335

Residual: 0.45961159842442645


epsilon: 0.3429166666666667

m: 3.5

Residual: 0.37372651157305903


epsilon: 0.3429166666666667

m: 3.6666666666666665

Residual: 0.3152743693774615


epsilon: 0.3429166666666667

m: 3.833333333333333

Residual: 0.2931979802930705


epsilon: 0.3429166666666667

m: 4.0

Residual: 0.313515312402641


epsilon: 0.3429166666666667

m: 4.166666666666666

Residual: 0.37550212309012376


epsilon: 0.3429166666666667

m: 4.333333333333333

Residual: 0.46726020787488753


epsilon: 0.3429166666666667

m: 4.5

Residual: 0.5628755347010594


epsilon: 0.3429166666666667

m: 4.666666666666666

Residual: 0.6415043059002697


epsilon: 0.3429166666666667

m: 4.833333333333333

Residual: 0.7047932744819474


epsilon: 0.3429166666666667

m: 5.0

Residual: 0.7559460630026988


epsilon: 0.3429166666666667

m: 5.166666666666666

Residual: 0.7969130109748279


epsilon: 0.3429166666666667

m: 5.333333333333333

Residual: 0.8294830932472582


epsilon: 0.3429166666666667

m: 5.5

Residual: 0.8557664613807667


epsilon: 0.3429166666666667

m: 5.666666666666666

Residual: 0.8772175500895686


epsilon: 0.3429166666666667

m: 5.833333333333333

Residual: 0.8946900391411674


epsilon: 0.3429166666666667

m: 6.0

Residual: 0.9085631147412702


epsilon: 0.3429166666666667

m: 6.166666666666666

Residual: 0.9197017236179367


epsilon: 0.3429166666666667

m: 6.333333333333333

Residual: 0.9305351710919143


epsilon: 0.3429166666666667

m: 6.5

Residual: 0.9384048905199994


epsilon: 0.3429166666666667

m: 6.666666666666666

Residual: 0.9450645803410511


epsilon: 0.3429166666666667

m: 6.833333333333333

Residual: 0.9503444199318596


epsilon: 0.3429166666666667

m: 7.0

Residual: 0.9560950557695794


epsilon: 0.6758333333333334

m: 3.0

Residual: 0.8115479088387338


epsilon: 0.6758333333333334

m: 3.1666666666666665

Residual: 0.7383854289409063


epsilon: 0.6758333333333334

m: 3.3333333333333335

Residual: 0.645787123023833


epsilon: 0.6758333333333334

m: 3.5

Residual: 0.5383068129163849


epsilon: 0.6758333333333334

m: 3.6666666666666665

Residual: 0.432153666460464


epsilon: 0.6758333333333334

m: 3.833333333333333

Residual: 0.3379944958140389


epsilon: 0.6758333333333334

m: 4.0

Residual: 0.2672660383388484


epsilon: 0.6758333333333334

m: 4.166666666666666

Residual: 0.23084650252045508


epsilon: 0.6758333333333334

m: 4.333333333333333

Residual: 0.2401008101857923


epsilon: 0.6758333333333334

m: 4.5

Residual: 0.30040447102593154


epsilon: 0.6758333333333334

m: 4.666666666666666

Residual: 0.3982616047484304


epsilon: 0.6758333333333334

m: 4.833333333333333

Residual: 0.4915233742456406


epsilon: 0.6758333333333334

m: 5.0

Residual: 0.5696757756090989


epsilon: 0.6758333333333334

m: 5.166666666666666

Residual: 0.6351255351697049


epsilon: 0.6758333333333334

m: 5.333333333333333

Residual: 0.6897254613789316


epsilon: 0.6758333333333334

m: 5.5

Residual: 0.7341777584063702


epsilon: 0.6758333333333334

m: 5.666666666666666

Residual: 0.7713798408742406


epsilon: 0.6758333333333334

m: 5.833333333333333

Residual: 0.8025160724279155


epsilon: 0.6758333333333334

m: 6.0

Residual: 0.8270964295233915


epsilon: 0.6758333333333334

m: 6.166666666666666

Residual: 0.8489569660403745


epsilon: 0.6758333333333334

m: 6.333333333333333

Residual: 0.8662660268559939


epsilon: 0.6758333333333334

m: 6.5

Residual: 0.8804362800295269


epsilon: 0.6758333333333334

m: 6.666666666666666

Residual: 0.8935088457610288


epsilon: 0.6758333333333334

m: 6.833333333333333

Residual: 0.9050171365180391


epsilon: 0.6758333333333334

m: 7.0

Residual: 0.9145528904615621


epsilon: 1.00875

m: 3.0

Residual: 0.8696893183804874


epsilon: 1.00875

m: 3.1666666666666665

Residual: 0.8168243904613113


epsilon: 1.00875

m: 3.3333333333333335

Residual: 0.7479703867133329


epsilon: 1.00875

m: 3.5

Residual: 0.6615524259209188


epsilon: 1.00875

m: 3.6666666666666665

Residual: 0.5574689043992195


epsilon: 1.00875

m: 3.833333333333333

Residual: 0.4457941053895702


epsilon: 1.00875

m: 4.0

Residual: 0.34273748082183725


epsilon: 1.00875

m: 4.166666666666666

Residual: 0.2563613792720525


epsilon: 1.00875

m: 4.333333333333333

Residual: 0.19943864129726485


epsilon: 1.00875

m: 4.5

Residual: 0.18490705306687488


epsilon: 1.00875

m: 4.666666666666666

Residual: 0.22893785771337652


epsilon: 1.00875

m: 4.833333333333333

Residual: 0.3253330789501769


epsilon: 1.00875

m: 5.0

Residual: 0.41967625017704346


epsilon: 1.00875

m: 5.166666666666666

Residual: 0.5017225639101304


epsilon: 1.00875

m: 5.333333333333333

Residual: 0.5709114486711689


epsilon: 1.00875

m: 5.5

Residual: 0.6285715166708891


epsilon: 1.00875

m: 5.666666666666666

Residual: 0.6766934064791139


epsilon: 1.00875

m: 5.833333333333333

Residual: 0.7181120096385658


epsilon: 1.00875

m: 6.0

Residual: 0.7529596121793191


epsilon: 1.00875

m: 6.166666666666666

Residual: 0.7830212562022058


epsilon: 1.00875

m: 6.333333333333333

Residual: 0.8073340385490254


epsilon: 1.00875

m: 6.5

Residual: 0.8287247358085922


epsilon: 1.00875

m: 6.666666666666666

Residual: 0.846650993819268


epsilon: 1.00875

m: 6.833333333333333

Residual: 0.8612733077215974


epsilon: 1.00875

m: 7.0

Residual: 0.8751897406421805


epsilon: 1.3416666666666668

m: 3.0

Residual: 0.9004128363128469


epsilon: 1.3416666666666668

m: 3.1666666666666665

Residual: 0.8590837770951892


epsilon: 1.3416666666666668

m: 3.3333333333333335

Residual: 0.8043870517964861


epsilon: 1.3416666666666668

m: 3.5

Residual: 0.7343620425506256


epsilon: 1.3416666666666668

m: 3.6666666666666665

Residual: 0.6479502891211967


epsilon: 1.3416666666666668

m: 3.833333333333333

Residual: 0.5456436721551503


epsilon: 1.3416666666666668

m: 4.0

Residual: 0.4321573602065478


epsilon: 1.3416666666666668

m: 4.166666666666666

Residual: 0.32550953699878876


epsilon: 1.3416666666666668

m: 4.333333333333333

Residual: 0.23538565694105268


epsilon: 1.3416666666666668

m: 4.5

Residual: 0.17048492985740432


epsilon: 1.3416666666666668

m: 4.666666666666666

Residual: 0.14914419541767163


epsilon: 1.3416666666666668

m: 4.833333333333333

Residual: 0.19623600547176012


epsilon: 1.3416666666666668

m: 5.0

Residual: 0.29550702690337244


epsilon: 1.3416666666666668

m: 5.166666666666666

Residual: 0.38674232234794387


epsilon: 1.3416666666666668

m: 5.333333333333333

Residual: 0.4660647399709492


epsilon: 1.3416666666666668

m: 5.5

Residual: 0.5346933378650126


epsilon: 1.3416666666666668

m: 5.666666666666666

Residual: 0.5912766521517292


epsilon: 1.3416666666666668

m: 5.833333333333333

Residual: 0.641816462629893


epsilon: 1.3416666666666668

m: 6.0

Residual: 0.6847655388737315


epsilon: 1.3416666666666668

m: 6.166666666666666

Residual: 0.7208236391559386


epsilon: 1.3416666666666668

m: 6.333333333333333

Residual: 0.7520003075816533


epsilon: 1.3416666666666668

m: 6.5

Residual: 0.7780744474039972


epsilon: 1.3416666666666668

m: 6.666666666666666

Residual: 0.80122710353511


epsilon: 1.3416666666666668

m: 6.833333333333333

Residual: 0.8215940103837134


epsilon: 1.3416666666666668

m: 7.0

Residual: 0.8367177171594682


epsilon: 1.6745833333333335

m: 3.0

Residual: 0.9194128734701884


epsilon: 1.6745833333333335

m: 3.1666666666666665

Residual: 0.885490712612567


epsilon: 1.6745833333333335

m: 3.3333333333333335

Residual: 0.8401597685339925


epsilon: 1.6745833333333335

m: 3.5

Residual: 0.7813913395464198


epsilon: 1.6745833333333335

m: 3.6666666666666665

Residual: 0.7077198664706384


epsilon: 1.6745833333333335

m: 3.833333333333333

Residual: 0.6187981943458332


epsilon: 1.6745833333333335

m: 4.0

Residual: 0.5155629486388119


epsilon: 1.6745833333333335

m: 4.166666666666666

Residual: 0.40116785874919747


epsilon: 1.6745833333333335

m: 4.333333333333333

Residual: 0.2946055177123765


epsilon: 1.6745833333333335

m: 4.5

Residual: 0.2041617544165051


epsilon: 1.6745833333333335

m: 4.666666666666666

Residual: 0.13947685508043267


epsilon: 1.6745833333333335

m: 4.833333333333333

Residual: 0.12106701561805167


epsilon: 1.6745833333333335

m: 5.0

Residual: 0.19127005609612036


epsilon: 1.6745833333333335

m: 5.166666666666666

Residual: 0.2890857333542772


epsilon: 1.6745833333333335

m: 5.333333333333333

Residual: 0.3752796237817328


epsilon: 1.6745833333333335

m: 5.5

Residual: 0.4505947230136138


epsilon: 1.6745833333333335

m: 5.666666666666666

Residual: 0.516412439955782


epsilon: 1.6745833333333335

m: 5.833333333333333

Residual: 0.5739321649024081


epsilon: 1.6745833333333335

m: 6.0

Residual: 0.620205540772213


epsilon: 1.6745833333333335

m: 6.166666666666666

Residual: 0.6625701581816994


epsilon: 1.6745833333333335

m: 6.333333333333333

Residual: 0.6999351045102225


epsilon: 1.6745833333333335

m: 6.5

Residual: 0.7284697816221279


epsilon: 1.6745833333333335

m: 6.666666666666666

Residual: 0.7569860843919588


epsilon: 1.6745833333333335

m: 6.833333333333333

Residual: 0.7819078245278106


epsilon: 1.6745833333333335

m: 7.0

Residual: 0.8001852659917966


epsilon: 2.0075

m: 3.0

Residual: 0.9323272302924256


epsilon: 2.0075

m: 3.1666666666666665

Residual: 0.9035684166464901


epsilon: 2.0075

m: 3.3333333333333335

Residual: 0.8648845214140435


epsilon: 2.0075

m: 3.5

Residual: 0.8142904259200066


epsilon: 2.0075

m: 3.6666666666666665

Residual: 0.7501519580515051


epsilon: 2.0075

m: 3.833333333333333

Residual: 0.6716049176635537


epsilon: 2.0075

m: 4.0

Residual: 0.5790608956011437


epsilon: 2.0075

m: 4.166666666666666

Residual: 0.47425237337144227


epsilon: 2.0075

m: 4.333333333333333

Residual: 0.3603308876351899


epsilon: 2.0075

m: 4.5

Residual: 0.25486523481917744


epsilon: 2.0075

m: 4.666666666666666

Residual: 0.16705130764395937


epsilon: 2.0075

m: 4.833333333333333

Residual: 0.10657866332749517


epsilon: 2.0075

m: 5.0

Residual: 0.10812062264807686


epsilon: 2.0075

m: 5.166666666666666

Residual: 0.2033436233509659


epsilon: 2.0075

m: 5.333333333333333

Residual: 0.29483157106425667


epsilon: 2.0075

m: 5.5

Residual: 0.37443341829051596


epsilon: 2.0075

m: 5.666666666666666

Residual: 0.44456620450963125


epsilon: 2.0075

m: 5.833333333333333

Residual: 0.5074824603737849


epsilon: 2.0075

m: 6.0

Residual: 0.5624608975475613


epsilon: 2.0075

m: 6.166666666666666

Residual: 0.6085852677694678


epsilon: 2.0075

m: 6.333333333333333

Residual: 0.6503597713631495


epsilon: 2.0075

m: 6.5

Residual: 0.6852431278613584


epsilon: 2.0075

m: 6.666666666666666

Residual: 0.7156720673966611


epsilon: 2.0075

m: 6.833333333333333

Residual: 0.7426456668492383


epsilon: 2.0075

m: 7.0

Residual: 0.7651252423739565


epsilon: 2.3404166666666666

m: 3.0

Residual: 0.941670823765388


epsilon: 2.3404166666666666

m: 3.1666666666666665

Residual: 0.9167099237286099


epsilon: 2.3404166666666666

m: 3.3333333333333335

Residual: 0.8829764178753713


epsilon: 2.3404166666666666

m: 3.5

Residual: 0.838556341659754


epsilon: 2.3404166666666666

m: 3.6666666666666665

Residual: 0.7817562788116169


epsilon: 2.3404166666666666

m: 3.833333333333333

Residual: 0.7115677620112161


epsilon: 2.3404166666666666

m: 4.0

Residual: 0.627770507959042


epsilon: 2.3404166666666666

m: 4.166666666666666

Residual: 0.5315111197446302


epsilon: 2.3404166666666666

m: 4.333333333333333

Residual: 0.4254289136347971


epsilon: 2.3404166666666666

m: 4.5

Residual: 0.3122895581592644


epsilon: 2.3404166666666666

m: 4.666666666666666

Residual: 0.21057645400851382


epsilon: 2.3404166666666666

m: 4.833333333333333

Residual: 0.1278901307317006


epsilon: 2.3404166666666666

m: 5.0

Residual: 0.07674888800518763


epsilon: 2.3404166666666666

m: 5.166666666666666

Residual: 0.12896565804799948


epsilon: 2.3404166666666666

m: 5.333333333333333

Residual: 0.2219695210458803


epsilon: 2.3404166666666666

m: 5.5

Residual: 0.3071369167631786


epsilon: 2.3404166666666666

m: 5.666666666666666

Residual: 0.38058699653947375


epsilon: 2.3404166666666666

m: 5.833333333333333

Residual: 0.4484108657917934


epsilon: 2.3404166666666666

m: 6.0

Residual: 0.5071030396848909


epsilon: 2.3404166666666666

m: 6.166666666666666

Residual: 0.5609607891420569


epsilon: 2.3404166666666666

m: 6.333333333333333

Residual: 0.6016445431858888


epsilon: 2.3404166666666666

m: 6.5

Residual: 0.6432064709427466


epsilon: 2.3404166666666666

m: 6.666666666666666

Residual: 0.6773634324095089


epsilon: 2.3404166666666666

m: 6.833333333333333

Residual: 0.7066149884372308


epsilon: 2.3404166666666666

m: 7.0

Residual: 0.7320047145431254


epsilon: 2.6733333333333333

m: 3.0

Residual: 0.948748405869942


epsilon: 2.6733333333333333

m: 3.1666666666666665

Residual: 0.926703461703776


epsilon: 2.6733333333333333

m: 3.3333333333333335

Residual: 0.8967970519527955


epsilon: 2.6733333333333333

m: 3.5

Residual: 0.8572554847930868


epsilon: 2.6733333333333333

m: 3.6666666666666665

Residual: 0.8063537114552668


epsilon: 2.6733333333333333

m: 3.833333333333333

Residual: 0.7428966726583656


epsilon: 2.6733333333333333

m: 4.0

Residual: 0.6663555951291227


epsilon: 2.6733333333333333

m: 4.166666666666666

Residual: 0.5774269067049467


epsilon: 2.6733333333333333

m: 4.333333333333333

Residual: 0.47834406477600117


epsilon: 2.6733333333333333

m: 4.5

Residual: 0.371132948546174


epsilon: 2.6733333333333333

m: 4.666666666666666

Residual: 0.26033936427899035


epsilon: 2.6733333333333333

m: 4.833333333333333

Residual: 0.16341001275259365


epsilon: 2.6733333333333333

m: 5.0

Residual: 0.0875258737645286


epsilon: 2.6733333333333333

m: 5.166666666666666

Residual: 0.06313946005158544


epsilon: 2.6733333333333333

m: 5.333333333333333

Residual: 0.1586891721716815


epsilon: 2.6733333333333333

m: 5.5

Residual: 0.24592305434445969


epsilon: 2.6733333333333333

m: 5.666666666666666

Residual: 0.32374987924374654


epsilon: 2.6733333333333333

m: 5.833333333333333

Residual: 0.3946761137556937


epsilon: 2.6733333333333333

m: 6.0

Residual: 0.4549894966497488


epsilon: 2.6733333333333333

m: 6.166666666666666

Residual: 0.5097678715537065


epsilon: 2.6733333333333333

m: 6.333333333333333

Residual: 0.5598774728234558


epsilon: 2.6733333333333333

m: 6.5

Residual: 0.602700462994752


epsilon: 2.6733333333333333

m: 6.666666666666666

Residual: 0.6377970128154674


epsilon: 2.6733333333333333

m: 6.833333333333333

Residual: 0.6716879300679156


epsilon: 2.6733333333333333

m: 7.0

Residual: 0.6997769472712966


epsilon: 3.00625

m: 3.0

Residual: 0.9542949272024851


epsilon: 3.00625

m: 3.1666666666666665

Residual: 0.9345551826123407


epsilon: 3.00625

m: 3.3333333333333335

Residual: 0.907698666359905


epsilon: 3.00625

m: 3.5

Residual: 0.8720413585409216


epsilon: 3.00625

m: 3.6666666666666665

Residual: 0.8258995635437747


epsilon: 3.00625

m: 3.833333333333333

Residual: 0.7680296707736277


epsilon: 3.00625

m: 4.0

Residual: 0.6977875915389125


epsilon: 3.00625

m: 4.166666666666666

Residual: 0.6153019457714505


epsilon: 3.00625

m: 4.333333333333333

Residual: 0.5220453510124127


epsilon: 3.00625

m: 4.5

Residual: 0.420583345234065


epsilon: 3.00625

m: 4.666666666666666

Residual: 0.31405833003607114


epsilon: 3.00625

m: 4.833333333333333

Residual: 0.20774046986725492


epsilon: 3.00625

m: 5.0

Residual: 0.11536757050280323


epsilon: 3.00625

m: 5.166666666666666

Residual: 0.049999333254954995


epsilon: 3.00625

m: 5.333333333333333

Residual: 0.1007270998221459


epsilon: 3.00625

m: 5.5

Residual: 0.1901063950600443


epsilon: 3.00625

m: 5.666666666666666

Residual: 0.27213143821844


epsilon: 3.00625

m: 5.833333333333333

Residual: 0.34400824727332385


epsilon: 3.00625

m: 6.0

Residual: 0.40677004663565314


epsilon: 3.00625

m: 6.166666666666666

Residual: 0.46669981896141577


epsilon: 3.00625

m: 6.333333333333333

Residual: 0.5184051578397803


epsilon: 3.00625

m: 6.5

Residual: 0.5633563536937033


epsilon: 3.00625

m: 6.666666666666666

Residual: 0.6034685499624457


epsilon: 3.00625

m: 6.833333333333333

Residual: 0.6376505738399056


epsilon: 3.00625

m: 7.0

Residual: 0.669938174374269


epsilon: 3.339166666666667

m: 3.0

Residual: 0.9587569622078288


epsilon: 3.339166666666667

m: 3.1666666666666665

Residual: 0.940886679732521


epsilon: 3.339166666666667

m: 3.3333333333333335

Residual: 0.9165223741369456


epsilon: 3.339166666666667

m: 3.5

Residual: 0.884071797089455


epsilon: 3.339166666666667

m: 3.6666666666666665

Residual: 0.8418749113340498


epsilon: 3.339166666666667

m: 3.833333333333333

Residual: 0.7887135679949441


epsilon: 3.339166666666667

m: 4.0

Residual: 0.7236806213384707


epsilon: 3.339166666666667

m: 4.166666666666666

Residual: 0.6468991708020144


epsilon: 3.339166666666667

m: 4.333333333333333

Residual: 0.5593905505486458


epsilon: 3.339166666666667

m: 4.5

Residual: 0.46273753254250394


epsilon: 3.339166666666667

m: 4.666666666666666

Residual: 0.3603823993773676


epsilon: 3.339166666666667

m: 4.833333333333333

Residual: 0.25431012815216525


epsilon: 3.339166666666667

m: 5.0

Residual: 0.15257037443630558


epsilon: 3.339166666666667

m: 5.166666666666666

Residual: 0.06870034098153263


epsilon: 3.339166666666667

m: 5.333333333333333

Residual: 0.04772625333538682


epsilon: 3.339166666666667

m: 5.5

Residual: 0.13999949861646777


epsilon: 3.339166666666667

m: 5.666666666666666

Residual: 0.22048720268593464


epsilon: 3.339166666666667

m: 5.833333333333333

Residual: 0.2954810424631082


epsilon: 3.339166666666667

m: 6.0

Residual: 0.3644848811769045


epsilon: 3.339166666666667

m: 6.166666666666666

Residual: 0.4240501097530484


epsilon: 3.339166666666667

m: 6.333333333333333

Residual: 0.4756488291959557


epsilon: 3.339166666666667

m: 6.5

Residual: 0.5277521766859915


epsilon: 3.339166666666667

m: 6.666666666666666

Residual: 0.5682987888281434


epsilon: 3.339166666666667

m: 6.833333333333333

Residual: 0.6038025815699388


epsilon: 3.339166666666667

m: 7.0

Residual: 0.637980926291315


epsilon: 3.6720833333333336

m: 3.0

Residual: 0.9624273741998455


epsilon: 3.6720833333333336

m: 3.1666666666666665

Residual: 0.9461044474306279


epsilon: 3.6720833333333336

m: 3.3333333333333335

Residual: 0.9237981966359073


epsilon: 3.6720833333333336

m: 3.5

Residual: 0.8940120388136491


epsilon: 3.6720833333333336

m: 3.6666666666666665

Residual: 0.8552038849591673


epsilon: 3.6720833333333336

m: 3.833333333333333

Residual: 0.8060110229724835


epsilon: 3.6720833333333336

m: 4.0

Residual: 0.7455202200002489


epsilon: 3.6720833333333336

m: 4.166666666666666

Residual: 0.6736978274698762


epsilon: 3.6720833333333336

m: 4.333333333333333

Residual: 0.5909880453509452


epsilon: 3.6720833333333336

m: 4.5

Residual: 0.49925423462940927


epsilon: 3.6720833333333336

m: 4.666666666666666

Residual: 0.4008299675521343


epsilon: 3.6720833333333336

m: 4.833333333333333

Residual: 0.29926243881731557


epsilon: 3.6720833333333336

m: 5.0

Residual: 0.19569182848254085


epsilon: 3.6720833333333336

m: 5.166666666666666

Residual: 0.10064700531135373


epsilon: 3.6720833333333336

m: 5.333333333333333

Residual: 0.034366240697613994


epsilon: 3.6720833333333336

m: 5.5

Residual: 0.09165444145310782


epsilon: 3.6720833333333336

m: 5.666666666666666

Residual: 0.1763597151825433


epsilon: 3.6720833333333336

m: 5.833333333333333

Residual: 0.25211511461443487


epsilon: 3.6720833333333336

m: 6.0

Residual: 0.3229805767738534


epsilon: 3.6720833333333336

m: 6.166666666666666

Residual: 0.3830988628865388


epsilon: 3.6720833333333336

m: 6.333333333333333

Residual: 0.4398515325025617


epsilon: 3.6720833333333336

m: 6.5

Residual: 0.48699931651909867


epsilon: 3.6720833333333336

m: 6.666666666666666

Residual: 0.5362850271699883


epsilon: 3.6720833333333336

m: 6.833333333333333

Residual: 0.5685237678832776


epsilon: 3.6720833333333336

m: 7.0

Residual: 0.6084533666143315


epsilon: 4.005

m: 3.0

Residual: 0.9654937636792684


epsilon: 4.005

m: 3.1666666666666665

Residual: 0.9504692452297487


epsilon: 4.005

m: 3.3333333333333335

Residual: 0.9299071723698102


epsilon: 4.005

m: 3.5

Residual: 0.9023899982157535


epsilon: 4.005

m: 3.6666666666666665

Residual: 0.8664128465029548


epsilon: 4.005

m: 3.833333333333333

Residual: 0.8207193581907813


epsilon: 4.005

m: 4.0

Residual: 0.7642863757287901


epsilon: 4.005

m: 4.166666666666666

Residual: 0.6967485483185394


epsilon: 4.005

m: 4.333333333333333

Residual: 0.6184794489861878


epsilon: 4.005

m: 4.5

Residual: 0.531299906381032


epsilon: 4.005

m: 4.666666666666666

Residual: 0.4367744661489296


epsilon: 4.005

m: 4.833333333333333

Residual: 0.3382225838721948


epsilon: 4.005

m: 5.0

Residual: 0.23729226840912604


epsilon: 4.005

m: 5.166666666666666

Residual: 0.1367297868135541


epsilon: 4.005

m: 5.333333333333333

Residual: 0.04951389425245794


epsilon: 4.005

m: 5.5

Residual: 0.04827163631844598


epsilon: 4.005

m: 5.666666666666666

Residual: 0.13560841348943592


epsilon: 4.005

m: 5.833333333333333

Residual: 0.21106007526459558


epsilon: 4.005

m: 6.0

Residual: 0.28146094859441834


epsilon: 4.005

m: 6.166666666666666

Residual: 0.3467019880708112


epsilon: 4.005

m: 6.333333333333333

Residual: 0.4034537261655146


epsilon: 4.005

m: 6.5

Residual: 0.46080491988072


epsilon: 4.005

m: 6.666666666666666

Residual: 0.502462289841613


epsilon: 4.005

m: 6.833333333333333

Residual: 0.5438014498260592


epsilon: 4.005

m: 7.0

Residual: 0.5810002950676412


epsilon: 4.337916666666667

m: 3.0

Residual: 0.9681018406190163


epsilon: 4.337916666666667

m: 3.1666666666666665

Residual: 0.9541849609760399


epsilon: 4.337916666666667

m: 3.3333333333333335

Residual: 0.935115521462599


epsilon: 4.337916666666667

m: 3.5

Residual: 0.9095399956712343


epsilon: 4.337916666666667

m: 3.6666666666666665

Residual: 0.8760415846516867


epsilon: 4.337916666666667

m: 3.833333333333333

Residual: 0.8333257175370052


epsilon: 4.337916666666667

m: 4.0

Residual: 0.7803435672915213


epsilon: 4.337916666666667

m: 4.166666666666666

Residual: 0.716669869333519


epsilon: 4.337916666666667

m: 4.333333333333333

Residual: 0.6426421834284949


epsilon: 4.337916666666667

m: 4.5

Residual: 0.5590556772472121


epsilon: 4.337916666666667

m: 4.666666666666666

Residual: 0.46834035768803123


epsilon: 4.337916666666667

m: 4.833333333333333

Residual: 0.3731098251072865


epsilon: 4.337916666666667

m: 5.0

Residual: 0.2748951076886402


epsilon: 4.337916666666667

m: 5.166666666666666

Residual: 0.17702012191310326


epsilon: 4.337916666666667

m: 5.333333333333333

Residual: 0.08166998976630391


epsilon: 4.337916666666667

m: 5.5

Residual: 0.03672761243021709


epsilon: 4.337916666666667

m: 5.666666666666666

Residual: 0.09458715754563136


epsilon: 4.337916666666667

m: 5.833333333333333

Residual: 0.173104967988619


epsilon: 4.337916666666667

m: 6.0

Residual: 0.24726059728593838


epsilon: 4.337916666666667

m: 6.166666666666666

Residual: 0.3121507373699167


epsilon: 4.337916666666667

m: 6.333333333333333

Residual: 0.3698929944314895


epsilon: 4.337916666666667

m: 6.5

Residual: 0.4253689363784397


epsilon: 4.337916666666667

m: 6.666666666666666

Residual: 0.4705656560519293


epsilon: 4.337916666666667

m: 6.833333333333333

Residual: 0.5154502089364714


epsilon: 4.337916666666667

m: 7.0

Residual: 0.5538146291186217


epsilon: 4.670833333333333

m: 3.0

Residual: 0.9703423329023352


epsilon: 4.670833333333333

m: 3.1666666666666665

Residual: 0.9573794212586433


epsilon: 4.670833333333333

m: 3.3333333333333335

Residual: 0.9396038716321026


epsilon: 4.670833333333333

m: 3.5

Residual: 0.9157207085771814


epsilon: 4.670833333333333

m: 3.6666666666666665

Residual: 0.8843782980124774


epsilon: 4.670833333333333

m: 3.833333333333333

Residual: 0.8442912960610005


epsilon: 4.670833333333333

m: 4.0

Residual: 0.7943950933927796


epsilon: 4.670833333333333

m: 4.166666666666666

Residual: 0.7341694413794286


epsilon: 4.670833333333333

m: 4.333333333333333

Residual: 0.6637773751929796


epsilon: 4.670833333333333

m: 4.5

Residual: 0.5839787313397338


epsilon: 4.670833333333333

m: 4.666666666666666

Residual: 0.4968988103164345


epsilon: 4.670833333333333

m: 4.833333333333333

Residual: 0.4038518612463426


epsilon: 4.670833333333333

m: 5.0

Residual: 0.3083412530053528


epsilon: 4.670833333333333

m: 5.166666666666666

Residual: 0.2125442006433708


epsilon: 4.670833333333333

m: 5.333333333333333

Residual: 0.11901363146749468


epsilon: 4.670833333333333

m: 5.5

Residual: 0.05017007191885814


epsilon: 4.670833333333333

m: 5.666666666666666

Residual: 0.062463425140515456


epsilon: 4.670833333333333

m: 5.833333333333333

Residual: 0.14088659794944458


epsilon: 4.670833333333333

m: 6.0

Residual: 0.2117871548461181


epsilon: 4.670833333333333

m: 6.166666666666666

Residual: 0.2774263225229238


epsilon: 4.670833333333333

m: 6.333333333333333

Residual: 0.3417771101058466


epsilon: 4.670833333333333

m: 6.5

Residual: 0.39424818745155954


epsilon: 4.670833333333333

m: 6.666666666666666

Residual: 0.44542861862774935


epsilon: 4.670833333333333

m: 6.833333333333333

Residual: 0.4867363917693997


epsilon: 4.670833333333333

m: 7.0

Residual: 0.5305938567487447


epsilon: 5.00375

m: 3.0

Residual: 0.9722871008957024


epsilon: 5.00375

m: 3.1666666666666665

Residual: 0.9601601872543492


epsilon: 5.00375

m: 3.3333333333333335

Residual: 0.9435046081443779


epsilon: 5.00375

m: 3.5

Residual: 0.9211041365413388


epsilon: 5.00375

m: 3.6666666666666665

Residual: 0.8916523945659269


epsilon: 5.00375

m: 3.833333333333333

Residual: 0.8538907246713974


epsilon: 5.00375

m: 4.0

Residual: 0.8067553581591821


epsilon: 5.00375

m: 4.166666666666666

Residual: 0.7496323053255716


epsilon: 5.00375

m: 4.333333333333333

Residual: 0.6826822076676892


epsilon: 5.00375

m: 4.5

Residual: 0.6064442429557416


epsilon: 5.00375

m: 4.666666666666666

Residual: 0.5223374833761071


epsilon: 5.00375

m: 4.833333333333333

Residual: 0.43231808959938295


epsilon: 5.00375

m: 5.0

Residual: 0.3394227391194385


epsilon: 5.00375

m: 5.166666666666666

Residual: 0.2451528296390649


epsilon: 5.00375

m: 5.333333333333333

Residual: 0.1522438958947388


epsilon: 5.00375

m: 5.5

Residual: 0.06973113581924792


epsilon: 5.00375

m: 5.666666666666666

Residual: 0.05021484205289413


epsilon: 5.00375

m: 5.833333333333333

Residual: 0.1045432353642778


epsilon: 5.00375

m: 6.0

Residual: 0.178086138254328


epsilon: 5.00375

m: 6.166666666666666

Residual: 0.2442199584286576


epsilon: 5.00375

m: 6.333333333333333

Residual: 0.3067173562499852


epsilon: 5.00375

m: 6.5

Residual: 0.36504435815654857


epsilon: 5.00375

m: 6.666666666666666

Residual: 0.4155664546964665


epsilon: 5.00375

m: 6.833333333333333

Residual: 0.46208820375377757


epsilon: 5.00375

m: 7.0

Residual: 0.5046502207865001


epsilon: 5.336666666666667

m: 3.0

Residual: 0.9739944078841811


epsilon: 5.336666666666667

m: 3.1666666666666665

Residual: 0.9625966891385819


epsilon: 5.336666666666667

m: 3.3333333333333335

Residual: 0.9469398088551073


epsilon: 5.336666666666667

m: 3.5

Residual: 0.9258474717233814


epsilon: 5.336666666666667

m: 3.6666666666666665

Residual: 0.8980523156467589


epsilon: 5.336666666666667

m: 3.833333333333333

Residual: 0.8623444436466716


epsilon: 5.336666666666667

m: 4.0

Residual: 0.8176832271168915


epsilon: 5.336666666666667

m: 4.166666666666666

Residual: 0.7634558547295784


epsilon: 5.336666666666667

m: 4.333333333333333

Residual: 0.6995999249874217


epsilon: 5.336666666666667

m: 4.5

Residual: 0.6264416273707959


epsilon: 5.336666666666667

m: 4.666666666666666

Residual: 0.545193666571912


epsilon: 5.336666666666667

m: 4.833333333333333

Residual: 0.45792167445840326


epsilon: 5.336666666666667

m: 5.0

Residual: 0.3676243329994119


epsilon: 5.336666666666667

m: 5.166666666666666

Residual: 0.2743328375873213


epsilon: 5.336666666666667

m: 5.333333333333333

Residual: 0.18302369561378243


epsilon: 5.336666666666667

m: 5.5

Residual: 0.09867339357605252


epsilon: 5.336666666666667

m: 5.666666666666666

Residual: 0.05704383025627115


epsilon: 5.336666666666667

m: 5.833333333333333

Residual: 0.07397129243833923


epsilon: 5.336666666666667

m: 6.0

Residual: 0.14667168657418733


epsilon: 5.336666666666667

m: 6.166666666666666

Residual: 0.21658717443678788


epsilon: 5.336666666666667

m: 6.333333333333333

Residual: 0.28134950479253246


epsilon: 5.336666666666667

m: 6.5

Residual: 0.335891586034381


epsilon: 5.336666666666667

m: 6.666666666666666

Residual: 0.3881797576708915


epsilon: 5.336666666666667

m: 6.833333333333333

Residual: 0.43365615416404607


epsilon: 5.336666666666667

m: 7.0

Residual: 0.4809820004128689


epsilon: 5.669583333333334

m: 3.0

Residual: 0.9755030853695258


epsilon: 5.669583333333334

m: 3.1666666666666665

Residual: 0.9647567778180518


epsilon: 5.669583333333334

m: 3.3333333333333335

Residual: 0.9499756808047388


epsilon: 5.669583333333334

m: 3.5

Residual: 0.9300420369094716


epsilon: 5.669583333333334

m: 3.6666666666666665

Residual: 0.9037523710713302


epsilon: 5.669583333333334

m: 3.833333333333333

Residual: 0.8699063811666663


epsilon: 5.669583333333334

m: 4.0

Residual: 0.8275295591748949


epsilon: 5.669583333333334

m: 4.166666666666666

Residual: 0.7757882726808862


epsilon: 5.669583333333334

m: 4.333333333333333

Residual: 0.7146111074529898


epsilon: 5.669583333333334

m: 4.5

Residual: 0.6443635089318993


epsilon: 5.669583333333334

m: 4.666666666666666

Residual: 0.5666180055440911


epsilon: 5.669583333333334

m: 4.833333333333333

Residual: 0.4820994958666473


epsilon: 5.669583333333334

m: 5.0

Residual: 0.3933114648181799


epsilon: 5.669583333333334

m: 5.166666666666666

Residual: 0.3019974302161382


epsilon: 5.669583333333334

m: 5.333333333333333

Residual: 0.21333833897525226


epsilon: 5.669583333333334

m: 5.5

Residual: 0.12626367367221383


epsilon: 5.669583333333334

m: 5.666666666666666

Residual: 0.07283802769852266


epsilon: 5.669583333333334

m: 5.833333333333333

Residual: 0.06535227797363423


epsilon: 5.669583333333334

m: 6.0

Residual: 0.11701445274194419


epsilon: 5.669583333333334

m: 6.166666666666666

Residual: 0.1919267952734276


epsilon: 5.669583333333334

m: 6.333333333333333

Residual: 0.2512795320018594


epsilon: 5.669583333333334

m: 6.5

Residual: 0.3080269159035539


epsilon: 5.669583333333334

m: 6.666666666666666

Residual: 0.3657381491703126


epsilon: 5.669583333333334

m: 6.833333333333333

Residual: 0.40646815402341674


epsilon: 5.669583333333334

m: 7.0

Residual: 0.45161978942616365


epsilon: 6.0025

m: 3.0

Residual: 0.9768446313397529


epsilon: 6.0025

m: 3.1666666666666665

Residual: 0.9666773392709772


epsilon: 6.0025

m: 3.3333333333333335

Residual: 0.9526811256395306


epsilon: 6.0025

m: 3.5

Residual: 0.9337943780854192


epsilon: 6.0025

m: 3.6666666666666665

Residual: 0.908852396158846


epsilon: 6.0025

m: 3.833333333333333

Residual: 0.8767114802031796


epsilon: 6.0025

m: 4.0

Residual: 0.8363222260142584


epsilon: 6.0025

m: 4.166666666666666

Residual: 0.7868889085414692


epsilon: 6.0025

m: 4.333333333333333

Residual: 0.7280917328588062


epsilon: 6.0025

m: 4.5

Residual: 0.6608169159776707


epsilon: 6.0025

m: 4.666666666666666

Residual: 0.5853042730841752


epsilon: 6.0025

m: 4.833333333333333

Residual: 0.5037800682898519


epsilon: 6.0025

m: 5.0

Residual: 0.4172871986995557


epsilon: 6.0025

m: 5.166666666666666

Residual: 0.3289006348708361


epsilon: 6.0025

m: 5.333333333333333

Residual: 0.23897267466459965


epsilon: 6.0025

m: 5.5

Residual: 0.15233927460235933


epsilon: 6.0025

m: 5.666666666666666

Residual: 0.09338725048322012


epsilon: 6.0025

m: 5.833333333333333

Residual: 0.07276472812217186


epsilon: 6.0025

m: 6.0

Residual: 0.09233215567044885


epsilon: 6.0025

m: 6.166666666666666

Residual: 0.1596834204653779


epsilon: 6.0025

m: 6.333333333333333

Residual: 0.22530352716420407


epsilon: 6.0025

m: 6.5

Residual: 0.28238561835122017


epsilon: 6.0025

m: 6.666666666666666

Residual: 0.3429800996326117


epsilon: 6.0025

m: 6.833333333333333

Residual: 0.38682192594419385


epsilon: 6.0025

m: 7.0

Residual: 0.4268363011093542


epsilon: 6.335416666666667

m: 3.0

Residual: 0.9780483711688209


epsilon: 6.335416666666667

m: 3.1666666666666665

Residual: 0.9684015352530104


epsilon: 6.335416666666667

m: 3.3333333333333335

Residual: 0.9551160057589553


epsilon: 6.335416666666667

m: 3.5

Residual: 0.937168139147132


epsilon: 6.335416666666667

m: 3.6666666666666665

Residual: 0.9134350842982487


epsilon: 6.335416666666667

m: 3.833333333333333

Residual: 0.8827596758641935


epsilon: 6.335416666666667

m: 4.0

Residual: 0.8442249517135516


epsilon: 6.335416666666667

m: 4.166666666666666

Residual: 0.7970335633744734


epsilon: 6.335416666666667

m: 4.333333333333333

Residual: 0.7408275564003056


epsilon: 6.335416666666667

m: 4.5

Residual: 0.6757928368236251


epsilon: 6.335416666666667

m: 4.666666666666666

Residual: 0.6030806305329386


epsilon: 6.335416666666667

m: 4.833333333333333

Residual: 0.5231289096822445


epsilon: 6.335416666666667

m: 5.0

Residual: 0.4393291213776167


epsilon: 6.335416666666667

m: 5.166666666666666

Residual: 0.35245489112170786


epsilon: 6.335416666666667

m: 5.333333333333333

Residual: 0.26520364769937765


epsilon: 6.335416666666667

m: 5.5

Residual: 0.17939828903351027


epsilon: 6.335416666666667

m: 5.666666666666666

Residual: 0.11120633785956219


epsilon: 6.335416666666667

m: 5.833333333333333

Residual: 0.0833452264542204


epsilon: 6.335416666666667

m: 6.0

Residual: 0.08605580978732316


epsilon: 6.335416666666667

m: 6.166666666666666

Residual: 0.13144365024439833


epsilon: 6.335416666666667

m: 6.333333333333333

Residual: 0.19638624442614377


epsilon: 6.335416666666667

m: 6.5

Residual: 0.2532606269399255


epsilon: 6.335416666666667

m: 6.666666666666666

Residual: 0.3140350218155601


epsilon: 6.335416666666667

m: 6.833333333333333

Residual: 0.3621579103921869


epsilon: 6.335416666666667

m: 7.0

Residual: 0.41175090681001597


epsilon: 6.668333333333334

m: 3.0

Residual: 0.979133565514845


epsilon: 6.668333333333334

m: 3.1666666666666665

Residual: 0.9699540212983634


epsilon: 6.668333333333334

m: 3.3333333333333335

Residual: 0.9573053782114962


epsilon: 6.668333333333334

m: 3.5

Residual: 0.9402127060240267


epsilon: 6.668333333333334

m: 3.6666666666666665

Residual: 0.9175827541249341


epsilon: 6.668333333333334

m: 3.833333333333333

Residual: 0.8883196935723267


epsilon: 6.668333333333334

m: 4.0

Residual: 0.8513934564388009


epsilon: 6.668333333333334

m: 4.166666666666666

Residual: 0.8060893940131264


epsilon: 6.668333333333334

m: 4.333333333333333

Residual: 0.7520889147254937


epsilon: 6.668333333333334

m: 4.5

Residual: 0.6894371722086168


epsilon: 6.668333333333334

m: 4.666666666666666

Residual: 0.6187569004021564


epsilon: 6.668333333333334

m: 4.833333333333333

Residual: 0.5419185460144872


epsilon: 6.668333333333334

m: 5.0

Residual: 0.4595115231440668


epsilon: 6.668333333333334

m: 5.166666666666666

Residual: 0.3755186391429079


epsilon: 6.668333333333334

m: 5.333333333333333

Residual: 0.2874314096385474


epsilon: 6.668333333333334

m: 5.5

Residual: 0.20524965739994075


epsilon: 6.668333333333334

m: 5.666666666666666

Residual: 0.13161579092608908


epsilon: 6.668333333333334

m: 5.833333333333333

Residual: 0.09844805597307704


epsilon: 6.668333333333334

m: 6.0

Residual: 0.09015712802229255


epsilon: 6.668333333333334

m: 6.166666666666666

Residual: 0.11459660573505265


epsilon: 6.668333333333334

m: 6.333333333333333

Residual: 0.17295155688356437


epsilon: 6.668333333333334

m: 6.5

Residual: 0.23302467997284382


epsilon: 6.668333333333334

m: 6.666666666666666

Residual: 0.2871031545400434


epsilon: 6.668333333333334

m: 6.833333333333333

Residual: 0.34005285431308446


epsilon: 6.668333333333334

m: 7.0

Residual: 0.3881931975604488


epsilon: 7.001250000000001

m: 3.0

Residual: 0.9801155542413704


epsilon: 7.001250000000001

m: 3.1666666666666665

Residual: 0.971362370951453


epsilon: 7.001250000000001

m: 3.3333333333333335

Residual: 0.9592939250753121


epsilon: 7.001250000000001

m: 3.5

Residual: 0.9429702409240899


epsilon: 7.001250000000001

m: 3.6666666666666665

Residual: 0.921349191606167


epsilon: 7.001250000000001

m: 3.833333333333333

Residual: 0.8933360986002988


epsilon: 7.001250000000001

m: 4.0

Residual: 0.8579854640943347


epsilon: 7.001250000000001

m: 4.166666666666666

Residual: 0.814462407849062


epsilon: 7.001250000000001

m: 4.333333333333333

Residual: 0.7623245519808514


epsilon: 7.001250000000001

m: 4.5

Residual: 0.7021139020886679


epsilon: 7.001250000000001

m: 4.666666666666666

Residual: 0.6333769946709704


epsilon: 7.001250000000001

m: 4.833333333333333

Residual: 0.5589552375997338


epsilon: 7.001250000000001

m: 5.0

Residual: 0.47903442129327306


epsilon: 7.001250000000001

m: 5.166666666666666

Residual: 0.39571632935634193


epsilon: 7.001250000000001

m: 5.333333333333333

Residual: 0.31029618106364526


epsilon: 7.001250000000001

m: 5.5

Residual: 0.2251780384416651


epsilon: 7.001250000000001

m: 5.666666666666666

Residual: 0.15291294834219257


epsilon: 7.001250000000001

m: 5.833333333333333

Residual: 0.10912640928108286


epsilon: 7.001250000000001

m: 6.0

Residual: 0.0979541444960617


epsilon: 7.001250000000001

m: 6.166666666666666

Residual: 0.10865690297641173


epsilon: 7.001250000000001

m: 6.333333333333333

Residual: 0.14989703722372838


epsilon: 7.001250000000001

m: 6.5

Residual: 0.20751755462124902


epsilon: 7.001250000000001

m: 6.666666666666666

Residual: 0.2663898538726766


epsilon: 7.001250000000001

m: 6.833333333333333

Residual: 0.32089425615944783


epsilon: 7.001250000000001

m: 7.0

Residual: 0.3678103468297299


epsilon: 7.334166666666667

m: 3.0

Residual: 0.9810096459980759


epsilon: 7.334166666666667

m: 3.1666666666666665

Residual: 0.9726458223520096


epsilon: 7.334166666666667

m: 3.3333333333333335

Residual: 0.9611083659106662


epsilon: 7.334166666666667

m: 3.5

Residual: 0.9454945400197877


epsilon: 7.334166666666667

m: 3.6666666666666665

Residual: 0.9247808408258584


epsilon: 7.334166666666667

m: 3.833333333333333

Residual: 0.8979343405136988


epsilon: 7.334166666666667

m: 4.0

Residual: 0.8639895402853366


epsilon: 7.334166666666667

m: 4.166666666666666

Residual: 0.8221080262734702


epsilon: 7.334166666666667

m: 4.333333333333333

Residual: 0.7720429305381318


epsilon: 7.334166666666667

m: 4.5

Residual: 0.7135301186315708


epsilon: 7.334166666666667

m: 4.666666666666666

Residual: 0.6472743541101125


epsilon: 7.334166666666667

m: 4.833333333333333

Residual: 0.5746370683190007


epsilon: 7.334166666666667

m: 5.0

Residual: 0.4966569319498298


epsilon: 7.334166666666667

m: 5.166666666666666

Residual: 0.4154110731658212


epsilon: 7.334166666666667

m: 5.333333333333333

Residual: 0.33138907560634207


epsilon: 7.334166666666667

m: 5.5

Residual: 0.24786122387911308


epsilon: 7.334166666666667

m: 5.666666666666666

Residual: 0.17262543207246484


epsilon: 7.334166666666667

m: 5.833333333333333

Residual: 0.12502709543310922


epsilon: 7.334166666666667

m: 6.0

Residual: 0.10923294368036858


epsilon: 7.334166666666667

m: 6.166666666666666

Residual: 0.10774219526616029


epsilon: 7.334166666666667

m: 6.333333333333333

Residual: 0.1327997739152464


epsilon: 7.334166666666667

m: 6.5

Residual: 0.18806296916593102


epsilon: 7.334166666666667

m: 6.666666666666666

Residual: 0.24799486805137738


epsilon: 7.334166666666667

m: 6.833333333333333

Residual: 0.29545753077268916


epsilon: 7.334166666666667

m: 7.0

Residual: 0.3413088011081123


epsilon: 7.667083333333334

m: 3.0

Residual: 0.9818270042187318


epsilon: 7.667083333333334

m: 3.1666666666666665

Residual: 0.9738181481252762


epsilon: 7.667083333333334

m: 3.3333333333333335

Residual: 0.9627673620536371


epsilon: 7.667083333333334

m: 3.5

Residual: 0.9477900584485124


epsilon: 7.667083333333334

m: 3.6666666666666665

Residual: 0.9279254354999844


epsilon: 7.667083333333334

m: 3.833333333333333

Residual: 0.9021400285770959


epsilon: 7.667083333333334

m: 4.0

Residual: 0.8694909551111161


epsilon: 7.667083333333334

m: 4.166666666666666

Residual: 0.8292236376838228


epsilon: 7.667083333333334

m: 4.333333333333333

Residual: 0.780862585281143


epsilon: 7.667083333333334

m: 4.5

Residual: 0.7241049277954301


epsilon: 7.667083333333334

m: 4.666666666666666

Residual: 0.6601683468564158


epsilon: 7.667083333333334

m: 4.833333333333333

Residual: 0.5893791597421192


epsilon: 7.667083333333334

m: 5.0

Residual: 0.5129416116821998


epsilon: 7.667083333333334

m: 5.166666666666666

Residual: 0.432689801969215


epsilon: 7.667083333333334

m: 5.333333333333333

Residual: 0.34890800151834533


epsilon: 7.667083333333334

m: 5.5

Residual: 0.2693418303674744


epsilon: 7.667083333333334

m: 5.666666666666666

Residual: 0.1914781520057922


epsilon: 7.667083333333334

m: 5.833333333333333

Residual: 0.14135505397030423


epsilon: 7.667083333333334

m: 6.0

Residual: 0.11665354359123449


epsilon: 7.667083333333334

m: 6.166666666666666

Residual: 0.1139382712277547


epsilon: 7.667083333333334

m: 6.333333333333333

Residual: 0.12876042294897272


epsilon: 7.667083333333334

m: 6.5

Residual: 0.17367558733080687


epsilon: 7.667083333333334

m: 6.666666666666666

Residual: 0.2278111813482999


epsilon: 7.667083333333334

m: 6.833333333333333

Residual: 0.27763049565657066


epsilon: 7.667083333333334

m: 7.0

Residual: 0.32782084643944137


epsilon: 8.0

m: 3.0

Residual: 0.9825762962736098


epsilon: 8.0

m: 3.1666666666666665

Residual: 0.9748931333464798


epsilon: 8.0

m: 3.3333333333333335

Residual: 0.9642874769407115


epsilon: 8.0

m: 3.5

Residual: 0.9499127699662525


epsilon: 8.0

m: 3.6666666666666665

Residual: 0.9308201240264573


epsilon: 8.0

m: 3.833333333333333

Residual: 0.9060238995802317


epsilon: 8.0

m: 4.0

Residual: 0.8745877227284935


epsilon: 8.0

m: 4.166666666666666

Residual: 0.8357727895260314


epsilon: 8.0

m: 4.333333333333333

Residual: 0.789064335556437


epsilon: 8.0

m: 4.5

Residual: 0.7341747259007942


epsilon: 8.0

m: 4.666666666666666

Residual: 0.6718035269722212


epsilon: 8.0

m: 4.833333333333333

Residual: 0.6029035909460192


epsilon: 8.0

m: 5.0

Residual: 0.528627535713817


epsilon: 8.0

m: 5.166666666666666

Residual: 0.45037907676307737


epsilon: 8.0

m: 5.333333333333333

Residual: 0.36937096891487436


epsilon: 8.0

m: 5.5

Residual: 0.2884572117499252


epsilon: 8.0

m: 5.666666666666666

Residual: 0.2102052857687247


epsilon: 8.0

m: 5.833333333333333

Residual: 0.15449065235204001


epsilon: 8.0

m: 6.0

Residual: 0.12710431080168175


epsilon: 8.0

m: 6.166666666666666

Residual: 0.11929822852227225


epsilon: 8.0

m: 6.333333333333333

Residual: 0.12955143975777525


epsilon: 8.0

m: 6.5

Residual: 0.15468530159126365


epsilon: 8.0

m: 6.666666666666666

Residual: 0.20230660272587186


epsilon: 8.0

m: 6.833333333333333

Residual: 0.26234529939789236


epsilon: 8.0

m: 7.0

Residual: 0.3052831296193434


