epsilon: 0.01

m: 3.0

Residual: 0.8145960402534501


epsilon: 0.01

m: 3.0

Residual: 0.8145944656121632


epsilon: 0.01

m: 3.1666666666666665

Residual: 0.8644290663146463


epsilon: 0.01

m: 3.3333333333333335

Residual: 0.9006780752101998


epsilon: 0.01

m: 3.5

Residual: 0.9268455762863798


epsilon: 0.01

m: 3.6666666666666665

Residual: 0.9457550414168967


epsilon: 0.01

m: 3.833333333333333

Residual: 0.9594091470952466


epsilon: 0.01

m: 4.0

Residual: 0.9693191991359899


epsilon: 0.01

m: 4.166666666666666

Residual: 0.9765614949812574


epsilon: 0.01

m: 4.333333333333333

Residual: 0.9818848777539916


epsilon: 0.01

m: 4.5

Residual: 0.9858401355552244


epsilon: 0.01

m: 4.666666666666666

Residual: 0.9887927821304406


epsilon: 0.01

m: 4.833333333333333

Residual: 0.9910355600441763


epsilon: 0.01

m: 5.0

Residual: 0.9927425105543682


epsilon: 0.01

m: 5.166666666666666

Residual: 0.9940412036205254


epsilon: 0.01

m: 5.333333333333333

Residual: 0.9950739561251221


epsilon: 0.01

m: 5.5

Residual: 0.9958678096930514


epsilon: 0.01

m: 5.666666666666666

Residual: 0.9965120587009726


epsilon: 0.01

m: 5.833333333333333

Residual: 0.9970372393180231


epsilon: 0.01

m: 6.0

Residual: 0.9974404817205476


epsilon: 0.01

m: 6.166666666666666

Residual: 0.9977759423174463


epsilon: 0.01

m: 6.333333333333333

Residual: 0.998051568797032


epsilon: 0.01

m: 6.5

Residual: 0.9982839012590041


epsilon: 0.01

m: 6.666666666666666

Residual: 0.9984946640199417


epsilon: 0.01

m: 6.833333333333333

Residual: 0.9986180712382868


epsilon: 0.01

m: 7.0

Residual: 0.9987803326593717


epsilon: 0.3429166666666667

m: 3.0

Residual: 0.5778420158871971


epsilon: 0.3429166666666667

m: 3.1666666666666665

Residual: 0.49137172966011555


epsilon: 0.3429166666666667

m: 3.3333333333333335

Residual: 0.4148005141906467


epsilon: 0.3429166666666667

m: 3.5

Residual: 0.3590710075151253


epsilon: 0.3429166666666667

m: 3.6666666666666665

Residual: 0.3307626633494659


epsilon: 0.3429166666666667

m: 3.833333333333333

Residual: 0.3349364274485191


epsilon: 0.3429166666666667

m: 4.0

Residual: 0.3718781212545807


epsilon: 0.3429166666666667

m: 4.166666666666666

Residual: 0.43786644544255626


epsilon: 0.3429166666666667

m: 4.333333333333333

Residual: 0.5227975622455242


epsilon: 0.3429166666666667

m: 4.5

Residual: 0.6068868076186033


epsilon: 0.3429166666666667

m: 4.666666666666666

Residual: 0.6761779216862086


epsilon: 0.3429166666666667

m: 4.833333333333333

Residual: 0.7320907710150699


epsilon: 0.3429166666666667

m: 5.0

Residual: 0.7776496590308919


epsilon: 0.3429166666666667

m: 5.166666666666666

Residual: 0.8144025532335596


epsilon: 0.3429166666666667

m: 5.333333333333333

Residual: 0.8438981433418828


epsilon: 0.3429166666666667

m: 5.5

Residual: 0.867461515524193


epsilon: 0.3429166666666667

m: 5.666666666666666

Residual: 0.8870689337083281


epsilon: 0.3429166666666667

m: 5.833333333333333

Residual: 0.9028300422916323


epsilon: 0.3429166666666667

m: 6.0

Residual: 0.9152818064296295


epsilon: 0.3429166666666667

m: 6.166666666666666

Residual: 0.9259564276146325


epsilon: 0.3429166666666667

m: 6.333333333333333

Residual: 0.9356693740060791


epsilon: 0.3429166666666667

m: 6.5

Residual: 0.9432865426420731


epsilon: 0.3429166666666667

m: 6.666666666666666

Residual: 0.949273917671078


epsilon: 0.3429166666666667

m: 6.833333333333333

Residual: 0.9552324608423246


epsilon: 0.3429166666666667

m: 7.0

Residual: 0.9595662380037716


epsilon: 0.6758333333333334

m: 3.0

Residual: 0.7470118351726347


epsilon: 0.6758333333333334

m: 3.1666666666666665

Residual: 0.6618084466747437


epsilon: 0.6758333333333334

m: 3.3333333333333335

Residual: 0.5675172401877776


epsilon: 0.6758333333333334

m: 3.5

Residual: 0.47570034626447855


epsilon: 0.6758333333333334

m: 3.6666666666666665

Residual: 0.39136866504363904


epsilon: 0.6758333333333334

m: 3.833333333333333

Residual: 0.3241270085291374


epsilon: 0.6758333333333334

m: 4.0

Residual: 0.28224112662409717


epsilon: 0.6758333333333334

m: 4.166666666666666

Residual: 0.2723689303862571


epsilon: 0.6758333333333334

m: 4.333333333333333

Residual: 0.29802323658876934


epsilon: 0.6758333333333334

m: 4.5

Residual: 0.3599898419063318


epsilon: 0.6758333333333334

m: 4.666666666666666

Residual: 0.44850380716414506


epsilon: 0.6758333333333334

m: 4.833333333333333

Residual: 0.5330374333626064


epsilon: 0.6758333333333334

m: 5.0

Residual: 0.6048818025231889


epsilon: 0.6758333333333334

m: 5.166666666666666

Residual: 0.6638778992804423


epsilon: 0.6758333333333334

m: 5.333333333333333

Residual: 0.7138104132942611


epsilon: 0.6758333333333334

m: 5.5

Residual: 0.7550501607245949


epsilon: 0.6758333333333334

m: 5.666666666666666

Residual: 0.7882003993713049


epsilon: 0.6758333333333334

m: 5.833333333333333

Residual: 0.8175524743034024


epsilon: 0.6758333333333334

m: 6.0

Residual: 0.8400113595095282


epsilon: 0.6758333333333334

m: 6.166666666666666

Residual: 0.8603339736307831


epsilon: 0.6758333333333334

m: 6.333333333333333

Residual: 0.8776067636455382


epsilon: 0.6758333333333334

m: 6.5

Residual: 0.8904395631464489


epsilon: 0.6758333333333334

m: 6.666666666666666

Residual: 0.9022652418676109


epsilon: 0.6758333333333334

m: 6.833333333333333

Residual: 0.9123546753536353


epsilon: 0.6758333333333334

m: 7.0

Residual: 0.9227512526208694


epsilon: 1.00875

m: 3.0

Residual: 0.8231074770731055


epsilon: 1.00875

m: 3.1666666666666665

Residual: 0.7600279670318179


epsilon: 1.00875

m: 3.3333333333333335

Residual: 0.6811136730733656


epsilon: 1.00875

m: 3.5

Residual: 0.5865027339570389


epsilon: 1.00875

m: 3.6666666666666665

Residual: 0.49097563186612


epsilon: 1.00875

m: 3.833333333333333

Residual: 0.39941479406658825


epsilon: 1.00875

m: 4.0

Residual: 0.32036455746889525


epsilon: 1.00875

m: 4.166666666666666

Residual: 0.2628320082854858


epsilon: 1.00875

m: 4.333333333333333

Residual: 0.23320715516374893


epsilon: 1.00875

m: 4.5

Residual: 0.2403041809604144


epsilon: 1.00875

m: 4.666666666666666

Residual: 0.2886754976683955


epsilon: 1.00875

m: 4.833333333333333

Residual: 0.3743754562782583


epsilon: 1.00875

m: 5.0

Residual: 0.4617875526437017


epsilon: 1.00875

m: 5.166666666666666

Residual: 0.5370515087317961


epsilon: 1.00875

m: 5.333333333333333

Residual: 0.6007321023575094


epsilon: 1.00875

m: 5.5

Residual: 0.654647606506974


epsilon: 1.00875

m: 5.666666666666666

Residual: 0.7001642856669787


epsilon: 1.00875

m: 5.833333333333333

Residual: 0.7387918371445191


epsilon: 1.00875

m: 6.0

Residual: 0.7716841314391973


epsilon: 1.00875

m: 6.166666666666666

Residual: 0.797748175289783


epsilon: 1.00875

m: 6.333333333333333

Residual: 0.8211670780231969


epsilon: 1.00875

m: 6.5

Residual: 0.8400425221221699


epsilon: 1.00875

m: 6.666666666666666

Residual: 0.8597595647796801


epsilon: 1.00875

m: 6.833333333333333

Residual: 0.8729637014695966


epsilon: 1.00875

m: 7.0

Residual: 0.8837687643559866


epsilon: 1.3416666666666668

m: 3.0

Residual: 0.8640175036010209


epsilon: 1.3416666666666668

m: 3.1666666666666665

Residual: 0.814047224001621


epsilon: 1.3416666666666668

m: 3.3333333333333335

Residual: 0.7503877681239732


epsilon: 1.3416666666666668

m: 3.5

Residual: 0.6717571294440697


epsilon: 1.3416666666666668

m: 3.6666666666666665

Residual: 0.5781873443282379


epsilon: 1.3416666666666668

m: 3.833333333333333

Residual: 0.4791332710448381


epsilon: 1.3416666666666668

m: 4.0

Residual: 0.385951907057498


epsilon: 1.3416666666666668

m: 4.166666666666666

Residual: 0.30383011896636075


epsilon: 1.3416666666666668

m: 4.333333333333333

Residual: 0.24085534983461465


epsilon: 1.3416666666666668

m: 4.5

Residual: 0.20523656712697275


epsilon: 1.3416666666666668

m: 4.666666666666666

Residual: 0.20559978772419962


epsilon: 1.3416666666666668

m: 4.833333333333333

Residual: 0.25345019255138074


epsilon: 1.3416666666666668

m: 5.0

Residual: 0.3421123900111238


epsilon: 1.3416666666666668

m: 5.166666666666666

Residual: 0.42793631776211416


epsilon: 1.3416666666666668

m: 5.333333333333333

Residual: 0.5019824782580979


epsilon: 1.3416666666666668

m: 5.5

Residual: 0.5652294139898494


epsilon: 1.3416666666666668

m: 5.666666666666666

Residual: 0.6192854549252109


epsilon: 1.3416666666666668

m: 5.833333333333333

Residual: 0.6655746332112128


epsilon: 1.3416666666666668

m: 6.0

Residual: 0.7052634489492661


epsilon: 1.3416666666666668

m: 6.166666666666666

Residual: 0.7393992741874844


epsilon: 1.3416666666666668

m: 6.333333333333333

Residual: 0.7682843008040652


epsilon: 1.3416666666666668

m: 6.5

Residual: 0.7937745328379232


epsilon: 1.3416666666666668

m: 6.666666666666666

Residual: 0.8155818700542599


epsilon: 1.3416666666666668

m: 6.833333333333333

Residual: 0.8342655497727378


epsilon: 1.3416666666666668

m: 7.0

Residual: 0.8499720299130171


epsilon: 1.6745833333333335

m: 3.0

Residual: 0.8895606502634552


epsilon: 1.6745833333333335

m: 3.1666666666666665

Residual: 0.848206471304138


epsilon: 1.6745833333333335

m: 3.3333333333333335

Residual: 0.794906512958763


epsilon: 1.6745833333333335

m: 3.5

Residual: 0.7281574920199497


epsilon: 1.6745833333333335

m: 3.6666666666666665

Residual: 0.6472080387974145


epsilon: 1.6745833333333335

m: 3.833333333333333

Residual: 0.5525117773121426


epsilon: 1.6745833333333335

m: 4.0

Residual: 0.4528420750582753


epsilon: 1.6745833333333335

m: 4.166666666666666

Residual: 0.3581336114906627


epsilon: 1.6745833333333335

m: 4.333333333333333

Residual: 0.2771055583375318


epsilon: 1.6745833333333335

m: 4.5

Residual: 0.213808671510445


epsilon: 1.6745833333333335

m: 4.666666666666666

Residual: 0.17808749281660827


epsilon: 1.6745833333333335

m: 4.833333333333333

Residual: 0.18131326529606784


epsilon: 1.6745833333333335

m: 5.0

Residual: 0.24149418095416822


epsilon: 1.6745833333333335

m: 5.166666666666666

Residual: 0.33385542647179645


epsilon: 1.6745833333333335

m: 5.333333333333333

Residual: 0.413658725720881


epsilon: 1.6745833333333335

m: 5.5

Residual: 0.4852557982038847


epsilon: 1.6745833333333335

m: 5.666666666666666

Residual: 0.5479144711621826


epsilon: 1.6745833333333335

m: 5.833333333333333

Residual: 0.6002078604627172


epsilon: 1.6745833333333335

m: 6.0

Residual: 0.6454427894021104


epsilon: 1.6745833333333335

m: 6.166666666666666

Residual: 0.68575345058798


epsilon: 1.6745833333333335

m: 6.333333333333333

Residual: 0.7204109065624202


epsilon: 1.6745833333333335

m: 6.5

Residual: 0.7483160349747826


epsilon: 1.6745833333333335

m: 6.666666666666666

Residual: 0.7747862795741063


epsilon: 1.6745833333333335

m: 6.833333333333333

Residual: 0.7968752163247317


epsilon: 1.6745833333333335

m: 7.0

Residual: 0.8149362562293256


epsilon: 2.0075

m: 3.0

Residual: 0.9070249931535351


epsilon: 2.0075

m: 3.1666666666666665

Residual: 0.8717704976668669


epsilon: 2.0075

m: 3.3333333333333335

Residual: 0.8259648548086571


epsilon: 2.0075

m: 3.5

Residual: 0.7680378294447334


epsilon: 2.0075

m: 3.6666666666666665

Residual: 0.6968786911587928


epsilon: 2.0075

m: 3.833333333333333

Residual: 0.612382078973762


epsilon: 2.0075

m: 4.0

Residual: 0.5152779096832744


epsilon: 2.0075

m: 4.166666666666666

Residual: 0.4154309375351199


epsilon: 2.0075

m: 4.333333333333333

Residual: 0.3225873896907614


epsilon: 2.0075

m: 4.5

Residual: 0.24334171215128655


epsilon: 2.0075

m: 4.666666666666666

Residual: 0.18367730985331154


epsilon: 2.0075

m: 4.833333333333333

Residual: 0.1525376980649032


epsilon: 2.0075

m: 5.0

Residual: 0.16833469624733358


epsilon: 2.0075

m: 5.166666666666666

Residual: 0.25029380011336627


epsilon: 2.0075

m: 5.333333333333333

Residual: 0.33630322782945327


epsilon: 2.0075

m: 5.5

Residual: 0.4133333075845226


epsilon: 2.0075

m: 5.666666666666666

Residual: 0.4800679221268111


epsilon: 2.0075

m: 5.833333333333333

Residual: 0.5391231565939819


epsilon: 2.0075

m: 6.0

Residual: 0.5919984349831717


epsilon: 2.0075

m: 6.166666666666666

Residual: 0.6332283991037455


epsilon: 2.0075

m: 6.333333333333333

Residual: 0.6737027697320447


epsilon: 2.0075

m: 6.5

Residual: 0.7059240763213755


epsilon: 2.0075

m: 6.666666666666666

Residual: 0.7355469380587522


epsilon: 2.0075

m: 6.833333333333333

Residual: 0.759515186576657


epsilon: 2.0075

m: 7.0

Residual: 0.7837089467533721


epsilon: 2.3404166666666666

m: 3.0

Residual: 0.919722303876406


epsilon: 2.3404166666666666

m: 3.1666666666666665

Residual: 0.8890021188071696


epsilon: 2.3404166666666666

m: 3.3333333333333335

Residual: 0.8488389596821638


epsilon: 2.3404166666666666

m: 3.5

Residual: 0.7976654096704923


epsilon: 2.3404166666666666

m: 3.6666666666666665

Residual: 0.7341787144239343


epsilon: 2.3404166666666666

m: 3.833333333333333

Residual: 0.6580299990049515


epsilon: 2.3404166666666666

m: 4.0

Residual: 0.569507009423995


epsilon: 2.3404166666666666

m: 4.166666666666666

Residual: 0.47018729103009954


epsilon: 2.3404166666666666

m: 4.333333333333333

Residual: 0.37117479188156866


epsilon: 2.3404166666666666

m: 4.5

Residual: 0.2806867724938091


epsilon: 2.3404166666666666

m: 4.666666666666666

Residual: 0.20650154972829926


epsilon: 2.3404166666666666

m: 4.833333333333333

Residual: 0.15214392491691478


epsilon: 2.3404166666666666

m: 5.0

Residual: 0.13113346570399656


epsilon: 2.3404166666666666

m: 5.166666666666666

Residual: 0.1776188229630371


epsilon: 2.3404166666666666

m: 5.333333333333333

Residual: 0.26695306317988726


epsilon: 2.3404166666666666

m: 5.5

Residual: 0.347417001675857


epsilon: 2.3404166666666666

m: 5.666666666666666

Residual: 0.4201119576303383


epsilon: 2.3404166666666666

m: 5.833333333333333

Residual: 0.48187077381313725


epsilon: 2.3404166666666666

m: 6.0

Residual: 0.5362791343107447


epsilon: 2.3404166666666666

m: 6.166666666666666

Residual: 0.5857835084904427


epsilon: 2.3404166666666666

m: 6.333333333333333

Residual: 0.6301869222329766


epsilon: 2.3404166666666666

m: 6.5

Residual: 0.6650004402683735


epsilon: 2.3404166666666666

m: 6.666666666666666

Residual: 0.6978908947011059


epsilon: 2.3404166666666666

m: 6.833333333333333

Residual: 0.7292191290351296


epsilon: 2.3404166666666666

m: 7.0

Residual: 0.752185524944398


epsilon: 2.6733333333333333

m: 3.0

Residual: 0.9293616144528459


epsilon: 2.6733333333333333

m: 3.1666666666666665

Residual: 0.9021376081037236


epsilon: 2.6733333333333333

m: 3.3333333333333335

Residual: 0.8664102788691185


epsilon: 2.6733333333333333

m: 3.5

Residual: 0.8206237023630749


epsilon: 2.6733333333333333

m: 3.6666666666666665

Residual: 0.7634546226872928


epsilon: 2.6733333333333333

m: 3.833333333333333

Residual: 0.6941070704734099


epsilon: 2.6733333333333333

m: 4.0

Residual: 0.6126834155814749


epsilon: 2.6733333333333333

m: 4.166666666666666

Residual: 0.5202614538167932


epsilon: 2.6733333333333333

m: 4.333333333333333

Residual: 0.41910044288338916


epsilon: 2.6733333333333333

m: 4.5

Residual: 0.3228448830938429


epsilon: 2.6733333333333333

m: 4.666666666666666

Residual: 0.23684298464910922


epsilon: 2.6733333333333333

m: 4.833333333333333

Residual: 0.16846754220409413


epsilon: 2.6733333333333333

m: 5.0

Residual: 0.12290109882687844


epsilon: 2.6733333333333333

m: 5.166666666666666

Residual: 0.12069196278089693


epsilon: 2.6733333333333333

m: 5.333333333333333

Residual: 0.20348214106053106


epsilon: 2.6733333333333333

m: 5.5

Residual: 0.2864640231763875


epsilon: 2.6733333333333333

m: 5.666666666666666

Residual: 0.36278495346837686


epsilon: 2.6733333333333333

m: 5.833333333333333

Residual: 0.42989511520705825


epsilon: 2.6733333333333333

m: 6.0

Residual: 0.488895538487824


epsilon: 2.6733333333333333

m: 6.166666666666666

Residual: 0.5431340378683085


epsilon: 2.6733333333333333

m: 6.333333333333333

Residual: 0.589058062564628


epsilon: 2.6733333333333333

m: 6.5

Residual: 0.6292787414562317


epsilon: 2.6733333333333333

m: 6.666666666666666

Residual: 0.6610384849204514


epsilon: 2.6733333333333333

m: 6.833333333333333

Residual: 0.6951103880839532


epsilon: 2.6733333333333333

m: 7.0

Residual: 0.7233775494801218


epsilon: 3.00625

m: 3.0

Residual: 0.9369378964042496


epsilon: 3.00625

m: 3.1666666666666665

Residual: 0.9125057209300356


epsilon: 3.00625

m: 3.3333333333333335

Residual: 0.8803041081038484


epsilon: 3.00625

m: 3.5

Residual: 0.8388942225329611


epsilon: 3.00625

m: 3.6666666666666665

Residual: 0.7867774192841683


epsilon: 3.00625

m: 3.833333333333333

Residual: 0.7232382560153807


epsilon: 3.00625

m: 4.0

Residual: 0.6480488004109909


epsilon: 3.00625

m: 4.166666666666666

Residual: 0.5616486697437384


epsilon: 3.00625

m: 4.333333333333333

Residual: 0.4664163904956795


epsilon: 3.00625

m: 4.5

Residual: 0.3660859494906134


epsilon: 3.00625

m: 4.666666666666666

Residual: 0.2729119632344627


epsilon: 3.00625

m: 4.833333333333333

Residual: 0.19277756672275176


epsilon: 3.00625

m: 5.0

Residual: 0.13167561609937806


epsilon: 3.00625

m: 5.166666666666666

Residual: 0.09858989268105008


epsilon: 3.00625

m: 5.333333333333333

Residual: 0.14722791388404996


epsilon: 3.00625

m: 5.5

Residual: 0.23278666369741083


epsilon: 3.00625

m: 5.666666666666666

Residual: 0.3120415284590455


epsilon: 3.00625

m: 5.833333333333333

Residual: 0.3793474976674759


epsilon: 3.00625

m: 6.0

Residual: 0.44340688047798


epsilon: 3.00625

m: 6.166666666666666

Residual: 0.49872547023931524


epsilon: 3.00625

m: 6.333333333333333

Residual: 0.546610184635814


epsilon: 3.00625

m: 6.5

Residual: 0.5853597140594643


epsilon: 3.00625

m: 6.666666666666666

Residual: 0.6288937660198126


epsilon: 3.00625

m: 6.833333333333333

Residual: 0.6605160432851337


epsilon: 3.00625

m: 7.0

Residual: 0.6930494212906234


epsilon: 3.339166666666667

m: 3.0

Residual: 0.9430455392661605


epsilon: 3.339166666666667

m: 3.1666666666666665

Residual: 0.9208831022893977


epsilon: 3.339166666666667

m: 3.3333333333333335

Residual: 0.8916159622969191


epsilon: 3.339166666666667

m: 3.5

Residual: 0.853780580392539


epsilon: 3.339166666666667

m: 3.6666666666666665

Residual: 0.8060059535731252


epsilon: 3.339166666666667

m: 3.833333333333333

Residual: 0.7473836306417857


epsilon: 3.339166666666667

m: 4.0

Residual: 0.6774870160441336


epsilon: 3.339166666666667

m: 4.166666666666666

Residual: 0.5966248024293079


epsilon: 3.339166666666667

m: 4.333333333333333

Residual: 0.50673619812665


epsilon: 3.339166666666667

m: 4.5

Residual: 0.4089205468597723


epsilon: 3.339166666666667

m: 4.666666666666666

Residual: 0.31143743336113433


epsilon: 3.339166666666667

m: 4.833333333333333

Residual: 0.22285641461635938


epsilon: 3.339166666666667

m: 5.0

Residual: 0.15004541972911445


epsilon: 3.339166666666667

m: 5.166666666666666

Residual: 0.09789426846998726


epsilon: 3.339166666666667

m: 5.333333333333333

Residual: 0.09515372791456878


epsilon: 3.339166666666667

m: 5.5

Residual: 0.1828904762500423


epsilon: 3.339166666666667

m: 5.666666666666666

Residual: 0.26288089745166393


epsilon: 3.339166666666667

m: 5.833333333333333

Residual: 0.334958338393605


epsilon: 3.339166666666667

m: 6.0

Residual: 0.4010610481102617


epsilon: 3.339166666666667

m: 6.166666666666666

Residual: 0.45600422379943806


epsilon: 3.339166666666667

m: 6.333333333333333

Residual: 0.510134461526562


epsilon: 3.339166666666667

m: 6.5

Residual: 0.556319936954302


epsilon: 3.339166666666667

m: 6.666666666666666

Residual: 0.5994785834632321


epsilon: 3.339166666666667

m: 6.833333333333333

Residual: 0.6300118864165781


epsilon: 3.339166666666667

m: 7.0

Residual: 0.6657127712730915


epsilon: 3.6720833333333336

m: 3.0

Residual: 0.9480756595436599


epsilon: 3.6720833333333336

m: 3.1666666666666665

Residual: 0.9278022320898996


epsilon: 3.6720833333333336

m: 3.3333333333333335

Residual: 0.900937632037157


epsilon: 3.6720833333333336

m: 3.5

Residual: 0.8661417971044432


epsilon: 3.6720833333333336

m: 3.6666666666666665

Residual: 0.8220306662924294


epsilon: 3.6720833333333336

m: 3.833333333333333

Residual: 0.7676283622273965


epsilon: 3.6720833333333336

m: 4.0

Residual: 0.7024108315664882


epsilon: 3.6720833333333336

m: 4.166666666666666

Residual: 0.6264660983192747


epsilon: 3.6720833333333336

m: 4.333333333333333

Residual: 0.5410219312291685


epsilon: 3.6720833333333336

m: 4.5

Residual: 0.44740551732012296


epsilon: 3.6720833333333336

m: 4.666666666666666

Residual: 0.3482429968034812


epsilon: 3.6720833333333336

m: 4.833333333333333

Residual: 0.25488588805886253


epsilon: 3.6720833333333336

m: 5.0

Residual: 0.17307161605689075


epsilon: 3.6720833333333336

m: 5.166666666666666

Residual: 0.1112830046832682


epsilon: 3.6720833333333336

m: 5.333333333333333

Residual: 0.07248762696688864


epsilon: 3.6720833333333336

m: 5.5

Residual: 0.13620417077727417


epsilon: 3.6720833333333336

m: 5.666666666666666

Residual: 0.21831316364052777


epsilon: 3.6720833333333336

m: 5.833333333333333

Residual: 0.2923113679090083


epsilon: 3.6720833333333336

m: 6.0

Residual: 0.35873040684924795


epsilon: 3.6720833333333336

m: 6.166666666666666

Residual: 0.4199103854402363


epsilon: 3.6720833333333336

m: 6.333333333333333

Residual: 0.4720211362814804


epsilon: 3.6720833333333336

m: 6.5

Residual: 0.520538502453666


epsilon: 3.6720833333333336

m: 6.666666666666666

Residual: 0.564785273529007


epsilon: 3.6720833333333336

m: 6.833333333333333

Residual: 0.6061714329733044


epsilon: 3.6720833333333336

m: 7.0

Residual: 0.6354258708125204


epsilon: 4.005

m: 3.0

Residual: 0.9522889588484987


epsilon: 4.005

m: 3.1666666666666665

Residual: 0.9335917228011172


epsilon: 4.005

m: 3.3333333333333335

Residual: 0.9088085556199894


epsilon: 4.005

m: 3.5

Residual: 0.8765609539604138


epsilon: 4.005

m: 3.6666666666666665

Residual: 0.8355883695891136


epsilon: 4.005

m: 3.833333333333333

Residual: 0.7849041453799581


epsilon: 4.005

m: 4.0

Residual: 0.7237688967373224


epsilon: 4.005

m: 4.166666666666666

Residual: 0.6522221589154037


epsilon: 4.005

m: 4.333333333333333

Residual: 0.5708471366339872


epsilon: 4.005

m: 4.5

Residual: 0.48155856465925956


epsilon: 4.005

m: 4.666666666666666

Residual: 0.3860679090719326


epsilon: 4.005

m: 4.833333333333333

Residual: 0.28791800420453606


epsilon: 4.005

m: 5.0

Residual: 0.20046211123254118


epsilon: 4.005

m: 5.166666666666666

Residual: 0.12804221118618678


epsilon: 4.005

m: 5.333333333333333

Residual: 0.07230861072938884


epsilon: 4.005

m: 5.5

Residual: 0.09431556199354368


epsilon: 4.005

m: 5.666666666666666

Residual: 0.17648039691363518


epsilon: 4.005

m: 5.833333333333333

Residual: 0.2517016763180767


epsilon: 4.005

m: 6.0

Residual: 0.32097087308670613


epsilon: 4.005

m: 6.166666666666666

Residual: 0.38331514891505736


epsilon: 4.005

m: 6.333333333333333

Residual: 0.4360392204275948


epsilon: 4.005

m: 6.5

Residual: 0.4871335437758029


epsilon: 4.005

m: 6.666666666666666

Residual: 0.5351588337604584


epsilon: 4.005

m: 6.833333333333333

Residual: 0.5766404927203981


epsilon: 4.005

m: 7.0

Residual: 0.6081872136026887


epsilon: 4.337916666666667

m: 3.0

Residual: 0.9558724719320969


epsilon: 4.337916666666667

m: 3.1666666666666665

Residual: 0.9385410014496274


epsilon: 4.337916666666667

m: 3.3333333333333335

Residual: 0.9155149456138456


epsilon: 4.337916666666667

m: 3.5

Residual: 0.8855091557047446


epsilon: 4.337916666666667

m: 3.6666666666666665

Residual: 0.847253034513598


epsilon: 4.337916666666667

m: 3.833333333333333

Residual: 0.7997379493504947


epsilon: 4.337916666666667

m: 4.0

Residual: 0.7421453516164598


epsilon: 4.337916666666667

m: 4.166666666666666

Residual: 0.6745295284285872


epsilon: 4.337916666666667

m: 4.333333333333333

Residual: 0.5971374482545599


epsilon: 4.337916666666667

m: 4.5

Residual: 0.5110599734953533


epsilon: 4.337916666666667

m: 4.666666666666666

Residual: 0.4195509050941776


epsilon: 4.337916666666667

m: 4.833333333333333

Residual: 0.3236632035471628


epsilon: 4.337916666666667

m: 5.0

Residual: 0.2296989588545701


epsilon: 4.337916666666667

m: 5.166666666666666

Residual: 0.15052497039193308


epsilon: 4.337916666666667

m: 5.333333333333333

Residual: 0.08592157577492544


epsilon: 4.337916666666667

m: 5.5

Residual: 0.05668450075345191


epsilon: 4.337916666666667

m: 5.666666666666666

Residual: 0.13638583369250293


epsilon: 4.337916666666667

m: 5.833333333333333

Residual: 0.2140735364710029


epsilon: 4.337916666666667

m: 6.0

Residual: 0.2845897144163846


epsilon: 4.337916666666667

m: 6.166666666666666

Residual: 0.34998151257421845


epsilon: 4.337916666666667

m: 6.333333333333333

Residual: 0.4066994319152838


epsilon: 4.337916666666667

m: 6.5

Residual: 0.46047983957082256


epsilon: 4.337916666666667

m: 6.666666666666666

Residual: 0.5054056647814738


epsilon: 4.337916666666667

m: 6.833333333333333

Residual: 0.5501013249011574


epsilon: 4.337916666666667

m: 7.0

Residual: 0.5867311005348975


epsilon: 4.670833333333333

m: 3.0

Residual: 0.9589523740248285


epsilon: 4.670833333333333

m: 3.1666666666666665

Residual: 0.9427947800122973


epsilon: 4.670833333333333

m: 3.3333333333333335

Residual: 0.9212896242588592


epsilon: 4.670833333333333

m: 3.5

Residual: 0.8932111739954267


epsilon: 4.670833333333333

m: 3.6666666666666665

Residual: 0.8573712790671352


epsilon: 4.670833333333333

m: 3.833333333333333

Residual: 0.8126603856928928


epsilon: 4.670833333333333

m: 4.0

Residual: 0.7583546196075692


epsilon: 4.670833333333333

m: 4.166666666666666

Residual: 0.6940434068651145


epsilon: 4.670833333333333

m: 4.333333333333333

Residual: 0.6204259094208319


epsilon: 4.670833333333333

m: 4.5

Residual: 0.5383639990934298


epsilon: 4.670833333333333

m: 4.666666666666666

Residual: 0.4486227182133302


epsilon: 4.670833333333333

m: 4.833333333333333

Residual: 0.3556044425376708


epsilon: 4.670833333333333

m: 5.0

Residual: 0.25999321923964386


epsilon: 4.670833333333333

m: 5.166666666666666

Residual: 0.17415404711691465


epsilon: 4.670833333333333

m: 5.333333333333333

Residual: 0.10094647795366743


epsilon: 4.670833333333333

m: 5.5

Residual: 0.04931941162427495


epsilon: 4.670833333333333

m: 5.666666666666666

Residual: 0.10083301391537633


epsilon: 4.670833333333333

m: 5.833333333333333

Residual: 0.18125046509217804


epsilon: 4.670833333333333

m: 6.0

Residual: 0.25191790739934977


epsilon: 4.670833333333333

m: 6.166666666666666

Residual: 0.31574853817701226


epsilon: 4.670833333333333

m: 6.333333333333333

Residual: 0.37749780281016876


epsilon: 4.670833333333333

m: 6.5

Residual: 0.4350908882824916


epsilon: 4.670833333333333

m: 6.666666666666666

Residual: 0.47619605160434886


epsilon: 4.670833333333333

m: 6.833333333333333

Residual: 0.5203947658946961


epsilon: 4.670833333333333

m: 7.0

Residual: 0.5608408658779275


epsilon: 5.00375

m: 3.0

Residual: 0.9616299489048102


epsilon: 5.00375

m: 3.1666666666666665

Residual: 0.9464983939962178


epsilon: 5.00375

m: 3.3333333333333335

Residual: 0.9263417016573771


epsilon: 5.00375

m: 3.5

Residual: 0.8999641703102024


epsilon: 5.00375

m: 3.6666666666666665

Residual: 0.8662317142569717


epsilon: 5.00375

m: 3.833333333333333

Residual: 0.8240384166703199


epsilon: 5.00375

m: 4.0

Residual: 0.7726137665813162


epsilon: 5.00375

m: 4.166666666666666

Residual: 0.7116239311678674


epsilon: 5.00375

m: 4.333333333333333

Residual: 0.6411698018996598


epsilon: 5.00375

m: 4.5

Residual: 0.5622557912920154


epsilon: 5.00375

m: 4.666666666666666

Residual: 0.47626756117073354


epsilon: 5.00375

m: 4.833333333333333

Residual: 0.3855548608732636


epsilon: 5.00375

m: 5.0

Residual: 0.2925988994253357


epsilon: 5.00375

m: 5.166666666666666

Residual: 0.2005673212146691


epsilon: 5.00375

m: 5.333333333333333

Residual: 0.1204782272887318


epsilon: 5.00375

m: 5.5

Residual: 0.05991322680931741


epsilon: 5.00375

m: 5.666666666666666

Residual: 0.06802333652168852


epsilon: 5.00375

m: 5.833333333333333

Residual: 0.14759972764763588


epsilon: 5.00375

m: 6.0

Residual: 0.21960155987143273


epsilon: 5.00375

m: 6.166666666666666

Residual: 0.2838460799688734


epsilon: 5.00375

m: 6.333333333333333

Residual: 0.3458006325856604


epsilon: 5.00375

m: 6.5

Residual: 0.40049794687864565


epsilon: 5.00375

m: 6.666666666666666

Residual: 0.45093175109336675


epsilon: 5.00375

m: 6.833333333333333

Residual: 0.49321861230285546


epsilon: 5.00375

m: 7.0

Residual: 0.5335337480588945


epsilon: 5.336666666666667

m: 3.0

Residual: 0.9639817107309911


epsilon: 5.336666666666667

m: 3.1666666666666665

Residual: 0.9497517315831051


epsilon: 5.336666666666667

m: 3.3333333333333335

Residual: 0.9307685216818632


epsilon: 5.336666666666667

m: 3.5

Residual: 0.9059131648901192


epsilon: 5.336666666666667

m: 3.6666666666666665

Residual: 0.874028310859587


epsilon: 5.336666666666667

m: 3.833333333333333

Residual: 0.8341058825989565


epsilon: 5.336666666666667

m: 4.0

Residual: 0.7852230951031745


epsilon: 5.336666666666667

m: 4.166666666666666

Residual: 0.7271640039110983


epsilon: 5.336666666666667

m: 4.333333333333333

Residual: 0.65948352625354


epsilon: 5.336666666666667

m: 4.5

Residual: 0.5838679546961936


epsilon: 5.336666666666667

m: 4.666666666666666

Residual: 0.5012025381315356


epsilon: 5.336666666666667

m: 4.833333333333333

Residual: 0.4127123039474849


epsilon: 5.336666666666667

m: 5.0

Residual: 0.32155589483865304


epsilon: 5.336666666666667

m: 5.166666666666666

Residual: 0.22922990408440785


epsilon: 5.336666666666667

m: 5.333333333333333

Residual: 0.1439341132693847


epsilon: 5.336666666666667

m: 5.5

Residual: 0.07469326144213126


epsilon: 5.336666666666667

m: 5.666666666666666

Residual: 0.046273098344095494


epsilon: 5.336666666666667

m: 5.833333333333333

Residual: 0.1148733970506721


epsilon: 5.336666666666667

m: 6.0

Residual: 0.1877263194036607


epsilon: 5.336666666666667

m: 6.166666666666666

Residual: 0.2559463085860219


epsilon: 5.336666666666667

m: 6.333333333333333

Residual: 0.3181154130698398


epsilon: 5.336666666666667

m: 6.5

Residual: 0.3701930561209658


epsilon: 5.336666666666667

m: 6.666666666666666

Residual: 0.42561900489142424


epsilon: 5.336666666666667

m: 6.833333333333333

Residual: 0.46714452042214205


epsilon: 5.336666666666667

m: 7.0

Residual: 0.512063111577338


epsilon: 5.669583333333334

m: 3.0

Residual: 0.966059201871711


epsilon: 5.669583333333334

m: 3.1666666666666665

Residual: 0.9526333185350999


epsilon: 5.669583333333334

m: 3.3333333333333335

Residual: 0.9347074159963847


epsilon: 5.669583333333334

m: 3.5

Residual: 0.9111854243880717


epsilon: 5.669583333333334

m: 3.6666666666666665

Residual: 0.8810198531671372


epsilon: 5.669583333333334

m: 3.833333333333333

Residual: 0.8430970093057685


epsilon: 5.669583333333334

m: 4.0

Residual: 0.7965815257958435


epsilon: 5.669583333333334

m: 4.166666666666666

Residual: 0.7410152015641226


epsilon: 5.669583333333334

m: 4.333333333333333

Residual: 0.676525388464022


epsilon: 5.669583333333334

m: 4.5

Residual: 0.603417610462923


epsilon: 5.669583333333334

m: 4.666666666666666

Residual: 0.5237491800751731


epsilon: 5.669583333333334

m: 4.833333333333333

Residual: 0.4376024148539983


epsilon: 5.669583333333334

m: 5.0

Residual: 0.3484614065665701


epsilon: 5.669583333333334

m: 5.166666666666666

Residual: 0.25699788230692483


epsilon: 5.669583333333334

m: 5.333333333333333

Residual: 0.16811124825650858


epsilon: 5.669583333333334

m: 5.5

Residual: 0.09267236487747771


epsilon: 5.669583333333334

m: 5.666666666666666

Residual: 0.04514235889368656


epsilon: 5.669583333333334

m: 5.833333333333333

Residual: 0.08280408665488011


epsilon: 5.669583333333334

m: 6.0

Residual: 0.15695947857410392


epsilon: 5.669583333333334

m: 6.166666666666666

Residual: 0.224675213603804


epsilon: 5.669583333333334

m: 6.333333333333333

Residual: 0.2886000296287158


epsilon: 5.669583333333334

m: 6.5

Residual: 0.34519302134083313


epsilon: 5.669583333333334

m: 6.666666666666666

Residual: 0.3963343003947526


epsilon: 5.669583333333334

m: 6.833333333333333

Residual: 0.4420712656232023


epsilon: 5.669583333333334

m: 7.0

Residual: 0.48746857841695296


epsilon: 6.0025

m: 3.0

Residual: 0.9679102658183618


epsilon: 6.0025

m: 3.1666666666666665

Residual: 0.9552014858803239


epsilon: 6.0025

m: 3.3333333333333335

Residual: 0.9382069932311154


epsilon: 6.0025

m: 3.5

Residual: 0.9159198348308573


epsilon: 6.0025

m: 3.6666666666666665

Residual: 0.887225616607423


epsilon: 6.0025

m: 3.833333333333333

Residual: 0.851139710039885


epsilon: 6.0025

m: 4.0

Residual: 0.8068091886734227


epsilon: 6.0025

m: 4.166666666666666

Residual: 0.7536376014629824


epsilon: 6.0025

m: 4.333333333333333

Residual: 0.6917196844862897


epsilon: 6.0025

m: 4.5

Residual: 0.621417594568583


epsilon: 6.0025

m: 4.666666666666666

Residual: 0.5438590496773288


epsilon: 6.0025

m: 4.833333333333333

Residual: 0.45988555931659186


epsilon: 6.0025

m: 5.0

Residual: 0.3732437131171639


epsilon: 6.0025

m: 5.166666666666666

Residual: 0.28405149040234573


epsilon: 6.0025

m: 5.333333333333333

Residual: 0.19456197021716684


epsilon: 6.0025

m: 5.5

Residual: 0.11515273933832117


epsilon: 6.0025

m: 5.666666666666666

Residual: 0.05199158376000516


epsilon: 6.0025

m: 5.833333333333333

Residual: 0.05860255592341403


epsilon: 6.0025

m: 6.0

Residual: 0.1285212496486452


epsilon: 6.0025

m: 6.166666666666666

Residual: 0.19781248869868712


epsilon: 6.0025

m: 6.333333333333333

Residual: 0.26454173939612147


epsilon: 6.0025

m: 6.5

Residual: 0.32393493818464186


epsilon: 6.0025

m: 6.666666666666666

Residual: 0.37080328577041544


epsilon: 6.0025

m: 6.833333333333333

Residual: 0.4235593670806567


epsilon: 6.0025

m: 7.0

Residual: 0.4697633790410032


epsilon: 6.335416666666667

m: 3.0

Residual: 0.9695710796796861


epsilon: 6.335416666666667

m: 3.1666666666666665

Residual: 0.9575070509806648


epsilon: 6.335416666666667

m: 3.3333333333333335

Residual: 0.9413724648643214


epsilon: 6.335416666666667

m: 3.5

Residual: 0.9201595550564605


epsilon: 6.335416666666667

m: 3.6666666666666665

Residual: 0.892846207555898


epsilon: 6.335416666666667

m: 3.833333333333333

Residual: 0.8583941687261515


epsilon: 6.335416666666667

m: 4.0

Residual: 0.8160410186404934


epsilon: 6.335416666666667

m: 4.166666666666666

Residual: 0.765051923183065


epsilon: 6.335416666666667

m: 4.333333333333333

Residual: 0.7055067570357952


epsilon: 6.335416666666667

m: 4.5

Residual: 0.6376698815174501


epsilon: 6.335416666666667

m: 4.666666666666666

Residual: 0.5622618061161181


epsilon: 6.335416666666667

m: 4.833333333333333

Residual: 0.48127581184572904


epsilon: 6.335416666666667

m: 5.0

Residual: 0.3953224318610128


epsilon: 6.335416666666667

m: 5.166666666666666

Residual: 0.30847351397114103


epsilon: 6.335416666666667

m: 5.333333333333333

Residual: 0.22175393959101503


epsilon: 6.335416666666667

m: 5.5

Residual: 0.13401666387490085


epsilon: 6.335416666666667

m: 5.666666666666666

Residual: 0.0676328356507104


epsilon: 6.335416666666667

m: 5.833333333333333

Residual: 0.046832095837766125


epsilon: 6.335416666666667

m: 6.0

Residual: 0.10494121405688966


epsilon: 6.335416666666667

m: 6.166666666666666

Residual: 0.1724043418580668


epsilon: 6.335416666666667

m: 6.333333333333333

Residual: 0.23320221171903083


epsilon: 6.335416666666667

m: 6.5

Residual: 0.2966741030260069


epsilon: 6.335416666666667

m: 6.666666666666666

Residual: 0.35005963390634653


epsilon: 6.335416666666667

m: 6.833333333333333

Residual: 0.3995137917381992


epsilon: 6.335416666666667

m: 7.0

Residual: 0.44236181110954087


epsilon: 6.668333333333334

m: 3.0

Residual: 0.97106902357718


epsilon: 6.668333333333334

m: 3.1666666666666665

Residual: 0.9595878376868742


epsilon: 6.668333333333334

m: 3.3333333333333335

Residual: 0.9442098815315416


epsilon: 6.668333333333334

m: 3.5

Residual: 0.9239978054059077


epsilon: 6.668333333333334

m: 3.6666666666666665

Residual: 0.8979084751803355


epsilon: 6.668333333333334

m: 3.833333333333333

Residual: 0.8650022118300055


epsilon: 6.668333333333334

m: 4.0

Residual: 0.8243649439113889


epsilon: 6.668333333333334

m: 4.166666666666666

Residual: 0.7754423062478621


epsilon: 6.668333333333334

m: 4.333333333333333

Residual: 0.7181265954579694


epsilon: 6.668333333333334

m: 4.5

Residual: 0.6523773000495194


epsilon: 6.668333333333334

m: 4.666666666666666

Residual: 0.5795872283377147


epsilon: 6.668333333333334

m: 4.833333333333333

Residual: 0.5008303851910352


epsilon: 6.668333333333334

m: 5.0

Residual: 0.4169475701665633


epsilon: 6.668333333333334

m: 5.166666666666666

Residual: 0.3307361220254199


epsilon: 6.668333333333334

m: 5.333333333333333

Residual: 0.24511365326327714


epsilon: 6.668333333333334

m: 5.5

Residual: 0.16033662296131906


epsilon: 6.668333333333334

m: 5.666666666666666

Residual: 0.08400105956860826


epsilon: 6.668333333333334

m: 5.833333333333333

Residual: 0.047912514472703206


epsilon: 6.668333333333334

m: 6.0

Residual: 0.07628004780150709


epsilon: 6.668333333333334

m: 6.166666666666666

Residual: 0.14930483668772435


epsilon: 6.668333333333334

m: 6.333333333333333

Residual: 0.21428352765588743


epsilon: 6.668333333333334

m: 6.5

Residual: 0.27785396249370314


epsilon: 6.668333333333334

m: 6.666666666666666

Residual: 0.32633445897116287


epsilon: 6.668333333333334

m: 6.833333333333333

Residual: 0.37843790072945266


epsilon: 6.668333333333334

m: 7.0

Residual: 0.4226352690633652


epsilon: 7.001250000000001

m: 3.0

Residual: 0.9724258369763727


epsilon: 7.001250000000001

m: 3.1666666666666665

Residual: 0.9614690369012415


epsilon: 7.001250000000001

m: 3.3333333333333335

Residual: 0.9467962783982895


epsilon: 7.001250000000001

m: 3.5

Residual: 0.9274822773731095


epsilon: 7.001250000000001

m: 3.6666666666666665

Residual: 0.9025565553247618


epsilon: 7.001250000000001

m: 3.833333333333333

Residual: 0.8710268668050788


epsilon: 7.001250000000001

m: 4.0

Residual: 0.8320245369235318


epsilon: 7.001250000000001

m: 4.166666666666666

Residual: 0.7849888650308882


epsilon: 7.001250000000001

m: 4.333333333333333

Residual: 0.7296205463240129


epsilon: 7.001250000000001

m: 4.5

Residual: 0.6661999674403207


epsilon: 7.001250000000001

m: 4.666666666666666

Residual: 0.5953464911766687


epsilon: 7.001250000000001

m: 4.833333333333333

Residual: 0.5182963919247908


epsilon: 7.001250000000001

m: 5.0

Residual: 0.4367416174796722


epsilon: 7.001250000000001

m: 5.166666666666666

Residual: 0.35388120154446623


epsilon: 7.001250000000001

m: 5.333333333333333

Residual: 0.2672091421901819


epsilon: 7.001250000000001

m: 5.5

Residual: 0.18273437006379273


epsilon: 7.001250000000001

m: 5.666666666666666

Residual: 0.09984951444439351


epsilon: 7.001250000000001

m: 5.833333333333333

Residual: 0.05305149203284424


epsilon: 7.001250000000001

m: 6.0

Residual: 0.05986983562629028


epsilon: 7.001250000000001

m: 6.166666666666666

Residual: 0.12156770849605633


epsilon: 7.001250000000001

m: 6.333333333333333

Residual: 0.19549183220659352


epsilon: 7.001250000000001

m: 6.5

Residual: 0.2460942992608442


epsilon: 7.001250000000001

m: 6.666666666666666

Residual: 0.3075535653252312


epsilon: 7.001250000000001

m: 6.833333333333333

Residual: 0.3584827556980006


epsilon: 7.001250000000001

m: 7.0

Residual: 0.40613594023870886


epsilon: 7.334166666666667

m: 3.0

Residual: 0.973661684249691


epsilon: 7.334166666666667

m: 3.1666666666666665

Residual: 0.9631861988160865


epsilon: 7.334166666666667

m: 3.3333333333333335

Residual: 0.9491460383012256


epsilon: 7.334166666666667

m: 3.5

Residual: 0.9306690657854042


epsilon: 7.334166666666667

m: 3.6666666666666665

Residual: 0.9067407561934068


epsilon: 7.334166666666667

m: 3.833333333333333

Residual: 0.8765085648061186


epsilon: 7.334166666666667

m: 4.0

Residual: 0.8389868115148014


epsilon: 7.334166666666667

m: 4.166666666666666

Residual: 0.7938216511065604


epsilon: 7.334166666666667

m: 4.333333333333333

Residual: 0.7402863875075784


epsilon: 7.334166666666667

m: 4.5

Residual: 0.6790821368378098


epsilon: 7.334166666666667

m: 4.666666666666666

Residual: 0.6105363704781845


epsilon: 7.334166666666667

m: 4.833333333333333

Residual: 0.5351891602998778


epsilon: 7.334166666666667

m: 5.0

Residual: 0.45544456392007476


epsilon: 7.334166666666667

m: 5.166666666666666

Residual: 0.37216486452535247


epsilon: 7.334166666666667

m: 5.333333333333333

Residual: 0.28937456548043466


epsilon: 7.334166666666667

m: 5.5

Residual: 0.2066813759989256


epsilon: 7.334166666666667

m: 5.666666666666666

Residual: 0.12441948052905427


epsilon: 7.334166666666667

m: 5.833333333333333

Residual: 0.06762856809597376


epsilon: 7.334166666666667

m: 6.0

Residual: 0.05677363074032733


epsilon: 7.334166666666667

m: 6.166666666666666

Residual: 0.10217559230834941


epsilon: 7.334166666666667

m: 6.333333333333333

Residual: 0.16677644903257816


epsilon: 7.334166666666667

m: 6.5

Residual: 0.2303613243979441


epsilon: 7.334166666666667

m: 6.666666666666666

Residual: 0.28264571128250926


epsilon: 7.334166666666667

m: 6.833333333333333

Residual: 0.33717214806404094


epsilon: 7.334166666666667

m: 7.0

Residual: 0.38567971765137465


epsilon: 7.667083333333334

m: 3.0

Residual: 0.9747902723073476


epsilon: 7.667083333333334

m: 3.1666666666666665

Residual: 0.9647547566810183


epsilon: 7.667083333333334

m: 3.3333333333333335

Residual: 0.9512962029329026


epsilon: 7.667083333333334

m: 3.5

Residual: 0.9335615674787254


epsilon: 7.667083333333334

m: 3.6666666666666665

Residual: 0.9106319860825205


epsilon: 7.667083333333334

m: 3.833333333333333

Residual: 0.8815704543347235


epsilon: 7.667083333333334

m: 4.0

Residual: 0.8454225844948408


epsilon: 7.667083333333334

m: 4.166666666666666

Residual: 0.8018804919809953


epsilon: 7.667083333333334

m: 4.333333333333333

Residual: 0.7503380868556225


epsilon: 7.667083333333334

m: 4.5

Residual: 0.6907954422750114


epsilon: 7.667083333333334

m: 4.666666666666666

Residual: 0.6240408539151643


epsilon: 7.667083333333334

m: 4.833333333333333

Residual: 0.5513563114027764


epsilon: 7.667083333333334

m: 5.0

Residual: 0.4733068647062972


epsilon: 7.667083333333334

m: 5.166666666666666

Residual: 0.39259499038006385


epsilon: 7.667083333333334

m: 5.333333333333333

Residual: 0.30953378297878886


epsilon: 7.667083333333334

m: 5.5

Residual: 0.22734713221298733


epsilon: 7.667083333333334

m: 5.666666666666666

Residual: 0.14583796502283267


epsilon: 7.667083333333334

m: 5.833333333333333

Residual: 0.07982002767712623


epsilon: 7.667083333333334

m: 6.0

Residual: 0.05543374029879304


epsilon: 7.667083333333334

m: 6.166666666666666

Residual: 0.07916239341647839


epsilon: 7.667083333333334

m: 6.333333333333333

Residual: 0.14167765455562806


epsilon: 7.667083333333334

m: 6.5

Residual: 0.2052025492362824


epsilon: 7.667083333333334

m: 6.666666666666666

Residual: 0.2654049003881725


epsilon: 7.667083333333334

m: 6.833333333333333

Residual: 0.3191870088316402


epsilon: 7.667083333333334

m: 7.0

Residual: 0.36870742885613506


epsilon: 8.0

m: 3.0

Residual: 0.9758284102743382


epsilon: 8.0

m: 3.1666666666666665

Residual: 0.9661979460405327


epsilon: 8.0

m: 3.3333333333333335

Residual: 0.953283804499489


epsilon: 8.0

m: 3.5

Residual: 0.9362407833953353


epsilon: 8.0

m: 3.6666666666666665

Residual: 0.9141697779102449


epsilon: 8.0

m: 3.833333333333333

Residual: 0.8862136640314413


epsilon: 8.0

m: 4.0

Residual: 0.8514595569997503


epsilon: 8.0

m: 4.166666666666666

Residual: 0.8093287102358


epsilon: 8.0

m: 4.333333333333333

Residual: 0.7593672556998653


epsilon: 8.0

m: 4.5

Residual: 0.7016213387544988


epsilon: 8.0

m: 4.666666666666666

Residual: 0.6368422677997152


epsilon: 8.0

m: 4.833333333333333

Residual: 0.5654460870595631


epsilon: 8.0

m: 5.0

Residual: 0.48972714403455603


epsilon: 8.0

m: 5.166666666666666

Residual: 0.4105205886876428


epsilon: 8.0

m: 5.333333333333333

Residual: 0.32821900942805665


epsilon: 8.0

m: 5.5

Residual: 0.246682868410063


epsilon: 8.0

m: 5.666666666666666

Residual: 0.1655867427740098


epsilon: 8.0

m: 5.833333333333333

Residual: 0.09672448599898475


epsilon: 8.0

m: 6.0

Residual: 0.06251671136972901


epsilon: 8.0

m: 6.166666666666666

Residual: 0.06846818260120259


epsilon: 8.0

m: 6.333333333333333

Residual: 0.12421215337938676


epsilon: 8.0

m: 6.5

Residual: 0.19253745020277968


epsilon: 8.0

m: 6.666666666666666

Residual: 0.24685963508652764


epsilon: 8.0

m: 6.833333333333333

Residual: 0.29980247960595535


epsilon: 8.0

m: 7.0

Residual: 0.3442620669088714


