n: 12.0

epsilon: 0.1

m: 5.0

Residual: 0.3246033488421288


n: 12.0

epsilon: 0.1

m: 5.0

Residual: 0.32425695451300246


n: 12.0

epsilon: 0.1

m: 5.285714285714286

Residual: 0.3783385361331134


n: 12.0

epsilon: 0.1

m: 5.571428571428571

Residual: 0.4265113027406816


n: 12.0

epsilon: 0.1

m: 5.857142857142857

Residual: 0.4666406975129531


n: 12.0

epsilon: 0.1

m: 6.142857142857142

Residual: 0.5028888125604339


n: 12.0

epsilon: 0.1

m: 6.428571428571429

Residual: 0.5364134053135637


n: 12.0

epsilon: 0.1

m: 6.714285714285714

Residual: 0.5660646096785994


n: 12.0

epsilon: 0.1

m: 7.0

Residual: 0.5900105934736212


n: 12.0

epsilon: 0.2285714285714286

m: 5.0

Residual: 0.13214636228606047


n: 12.0

epsilon: 0.2285714285714286

m: 5.285714285714286

Residual: 0.1026821697765741


n: 12.0

epsilon: 0.2285714285714286

m: 5.571428571428571

Residual: 0.08621819193267613


n: 12.0

epsilon: 0.2285714285714286

m: 5.857142857142857

Residual: 0.08986922059905064


n: 12.0

epsilon: 0.2285714285714286

m: 6.142857142857142

Residual: 0.13680663215531497


n: 12.0

epsilon: 0.2285714285714286

m: 6.428571428571429

Residual: 0.18241952229265196


n: 12.0

epsilon: 0.2285714285714286

m: 6.714285714285714

Residual: 0.2180548452509719


n: 12.0

epsilon: 0.2285714285714286

m: 7.0

Residual: 0.2594309905067708


n: 12.0

epsilon: 0.3571428571428572

m: 5.0

Residual: 0.29005411600893816


n: 12.0

epsilon: 0.3571428571428572

m: 5.285714285714286

Residual: 0.23485616470654094


n: 12.0

epsilon: 0.3571428571428572

m: 5.571428571428571

Residual: 0.18086496339108724


n: 12.0

epsilon: 0.3571428571428572

m: 5.857142857142857

Residual: 0.1354096746426067


n: 12.0

epsilon: 0.3571428571428572

m: 6.142857142857142

Residual: 0.09579110491643039


n: 12.0

epsilon: 0.3571428571428572

m: 6.428571428571429

Residual: 0.059112738146557445


n: 12.0

epsilon: 0.3571428571428572

m: 6.714285714285714

Residual: 0.04243234187853656


n: 12.0

epsilon: 0.3571428571428572

m: 7.0

Residual: 0.045734339850250494


n: 12.0

epsilon: 0.48571428571428577

m: 5.0

Residual: 0.4239548207080548


n: 12.0

epsilon: 0.48571428571428577

m: 5.285714285714286

Residual: 0.3744816761055277


n: 12.0

epsilon: 0.48571428571428577

m: 5.571428571428571

Residual: 0.32386508447948475


n: 12.0

epsilon: 0.48571428571428577

m: 5.857142857142857

Residual: 0.2778535970246613


n: 12.0

epsilon: 0.48571428571428577

m: 6.142857142857142

Residual: 0.23164826315326037


n: 12.0

epsilon: 0.48571428571428577

m: 6.428571428571429

Residual: 0.18936638287892582


n: 12.0

epsilon: 0.48571428571428577

m: 6.714285714285714

Residual: 0.15087169781253384


n: 12.0

epsilon: 0.48571428571428577

m: 7.0

Residual: 0.11519522361397555


n: 12.0

epsilon: 0.6142857142857143

m: 5.0

Residual: 0.5155019613065995


n: 12.0

epsilon: 0.6142857142857143

m: 5.285714285714286

Residual: 0.4682109382546749


n: 12.0

epsilon: 0.6142857142857143

m: 5.571428571428571

Residual: 0.4253359004062654


n: 12.0

epsilon: 0.6142857142857143

m: 5.857142857142857

Residual: 0.38232264682744616


n: 12.0

epsilon: 0.6142857142857143

m: 6.142857142857142

Residual: 0.3404984144073134


n: 12.0

epsilon: 0.6142857142857143

m: 6.428571428571429

Residual: 0.2981880285806721


n: 12.0

epsilon: 0.6142857142857143

m: 6.714285714285714

Residual: 0.2621229845299402


n: 12.0

epsilon: 0.6142857142857143

m: 7.0

Residual: 0.22913823504890113


n: 12.0

epsilon: 0.7428571428571429

m: 5.0

Residual: 0.5806712268991819


n: 12.0

epsilon: 0.7428571428571429

m: 5.285714285714286

Residual: 0.5413105529426462


n: 12.0

epsilon: 0.7428571428571429

m: 5.571428571428571

Residual: 0.5010779624281152


n: 12.0

epsilon: 0.7428571428571429

m: 5.857142857142857

Residual: 0.4595723645392131


n: 12.0

epsilon: 0.7428571428571429

m: 6.142857142857142

Residual: 0.42248544022877044


n: 12.0

epsilon: 0.7428571428571429

m: 6.428571428571429

Residual: 0.3826222711468615


n: 12.0

epsilon: 0.7428571428571429

m: 6.714285714285714

Residual: 0.3498796529074405


n: 12.0

epsilon: 0.7428571428571429

m: 7.0

Residual: 0.3129632986513604


n: 12.0

epsilon: 0.8714285714285716

m: 5.0

Residual: 0.633209445901045


n: 12.0

epsilon: 0.8714285714285716

m: 5.285714285714286

Residual: 0.5937807947395092


n: 12.0

epsilon: 0.8714285714285716

m: 5.571428571428571

Residual: 0.5583862461109806


n: 12.0

epsilon: 0.8714285714285716

m: 5.857142857142857

Residual: 0.5209897035037981


n: 12.0

epsilon: 0.8714285714285716

m: 6.142857142857142

Residual: 0.48610416637555903


n: 12.0

epsilon: 0.8714285714285716

m: 6.428571428571429

Residual: 0.4506788567991179


n: 12.0

epsilon: 0.8714285714285716

m: 6.714285714285714

Residual: 0.41747559014292507


n: 12.0

epsilon: 0.8714285714285716

m: 7.0

Residual: 0.38299829535567714


n: 12.0

epsilon: 1.0000000000000002

m: 5.0

Residual: 0.6715887085489365


n: 12.0

epsilon: 1.0000000000000002

m: 5.285714285714286

Residual: 0.6362651091249653


n: 12.0

epsilon: 1.0000000000000002

m: 5.571428571428571

Residual: 0.6032107909182984


n: 12.0

epsilon: 1.0000000000000002

m: 5.857142857142857

Residual: 0.5692122005443829


n: 12.0

epsilon: 1.0000000000000002

m: 6.142857142857142

Residual: 0.536540819225153


n: 12.0

epsilon: 1.0000000000000002

m: 6.428571428571429

Residual: 0.5042268394133586


n: 12.0

epsilon: 1.0000000000000002

m: 6.714285714285714

Residual: 0.4708588023806949


n: 12.0

epsilon: 1.0000000000000002

m: 7.0

Residual: 0.44095233156978314


n: 16.714285714285715

epsilon: 0.1

m: 5.0

Residual: 0.4273071001716538


n: 16.714285714285715

epsilon: 0.1

m: 5.285714285714286

Residual: 0.4799861140531669


n: 16.714285714285715

epsilon: 0.1

m: 5.571428571428571

Residual: 0.52514134155785


n: 16.714285714285715

epsilon: 0.1

m: 5.857142857142857

Residual: 0.5639545225860092


n: 16.714285714285715

epsilon: 0.1

m: 6.142857142857142

Residual: 0.6006346962430759


n: 16.714285714285715

epsilon: 0.1

m: 6.428571428571429

Residual: 0.6251560174132744


n: 16.714285714285715

epsilon: 0.1

m: 6.714285714285714

Residual: 0.6553562204390039


n: 16.714285714285715

epsilon: 0.1

m: 7.0

Residual: 0.6753932721201898


n: 16.714285714285715

epsilon: 0.2285714285714286

m: 5.0

Residual: 0.10493871242471375


n: 16.714285714285715

epsilon: 0.2285714285714286

m: 5.285714285714286

Residual: 0.11460342244856289


n: 16.714285714285715

epsilon: 0.2285714285714286

m: 5.571428571428571

Residual: 0.1650173545981089


n: 16.714285714285715

epsilon: 0.2285714285714286

m: 5.857142857142857

Residual: 0.2214917658909532


n: 16.714285714285715

epsilon: 0.2285714285714286

m: 6.142857142857142

Residual: 0.2696281220295096


n: 16.714285714285715

epsilon: 0.2285714285714286

m: 6.428571428571429

Residual: 0.31538891451702616


n: 16.714285714285715

epsilon: 0.2285714285714286

m: 6.714285714285714

Residual: 0.3508011331059035


n: 16.714285714285715

epsilon: 0.2285714285714286

m: 7.0

Residual: 0.3904211782406971


n: 16.714285714285715

epsilon: 0.3571428571428572

m: 5.0

Residual: 0.18027711252064613


n: 16.714285714285715

epsilon: 0.3571428571428572

m: 5.285714285714286

Residual: 0.12656587547565634


n: 16.714285714285715

epsilon: 0.3571428571428572

m: 5.571428571428571

Residual: 0.07996055987880642


n: 16.714285714285715

epsilon: 0.3571428571428572

m: 5.857142857142857

Residual: 0.0471344176193812


n: 16.714285714285715

epsilon: 0.3571428571428572

m: 6.142857142857142

Residual: 0.04885766506427477


n: 16.714285714285715

epsilon: 0.3571428571428572

m: 6.428571428571429

Residual: 0.09900272383329044


n: 16.714285714285715

epsilon: 0.3571428571428572

m: 6.714285714285714

Residual: 0.14532869969460974


n: 16.714285714285715

epsilon: 0.3571428571428572

m: 7.0

Residual: 0.18554434601055608


n: 16.714285714285715

epsilon: 0.48571428571428577

m: 5.0

Residual: 0.3224261780209314


n: 16.714285714285715

epsilon: 0.48571428571428577

m: 5.285714285714286

Residual: 0.26230431478682986


n: 16.714285714285715

epsilon: 0.48571428571428577

m: 5.571428571428571

Residual: 0.20679117083165144


n: 16.714285714285715

epsilon: 0.48571428571428577

m: 5.857142857142857

Residual: 0.15025772504181395


n: 16.714285714285715

epsilon: 0.48571428571428577

m: 6.142857142857142

Residual: 0.09872715580681868


n: 16.714285714285715

epsilon: 0.48571428571428577

m: 6.428571428571429

Residual: 0.056745237849325225


n: 16.714285714285715

epsilon: 0.48571428571428577

m: 6.714285714285714

Residual: 0.03785655346035094


n: 16.714285714285715

epsilon: 0.48571428571428577

m: 7.0

Residual: 0.04823927482913289


n: 16.714285714285715

epsilon: 0.6142857142857143

m: 5.0

Residual: 0.4220845964401682


n: 16.714285714285715

epsilon: 0.6142857142857143

m: 5.285714285714286

Residual: 0.36568984798321513


n: 16.714285714285715

epsilon: 0.6142857142857143

m: 5.571428571428571

Residual: 0.31403514306323344


n: 16.714285714285715

epsilon: 0.6142857142857143

m: 5.857142857142857

Residual: 0.2631641424530759


n: 16.714285714285715

epsilon: 0.6142857142857143

m: 6.142857142857142

Residual: 0.21557377521509843


n: 16.714285714285715

epsilon: 0.6142857142857143

m: 6.428571428571429

Residual: 0.16752088949409075


n: 16.714285714285715

epsilon: 0.6142857142857143

m: 6.714285714285714

Residual: 0.12292373574168534


n: 16.714285714285715

epsilon: 0.6142857142857143

m: 7.0

Residual: 0.0950479688427152


n: 16.714285714285715

epsilon: 0.7428571428571429

m: 5.0

Residual: 0.4978894280090329


n: 16.714285714285715

epsilon: 0.7428571428571429

m: 5.285714285714286

Residual: 0.4475730261694682


n: 16.714285714285715

epsilon: 0.7428571428571429

m: 5.571428571428571

Residual: 0.39706000987706036


n: 16.714285714285715

epsilon: 0.7428571428571429

m: 5.857142857142857

Residual: 0.34786544166209504


n: 16.714285714285715

epsilon: 0.7428571428571429

m: 6.142857142857142

Residual: 0.30633719122118813


n: 16.714285714285715

epsilon: 0.7428571428571429

m: 6.428571428571429

Residual: 0.26058293899228757


n: 16.714285714285715

epsilon: 0.7428571428571429

m: 6.714285714285714

Residual: 0.2120876525905777


n: 16.714285714285715

epsilon: 0.7428571428571429

m: 7.0

Residual: 0.17568363049231922


n: 16.714285714285715

epsilon: 0.8714285714285716

m: 5.0

Residual: 0.5542642855723822


n: 16.714285714285715

epsilon: 0.8714285714285716

m: 5.285714285714286

Residual: 0.5073378144001637


n: 16.714285714285715

epsilon: 0.8714285714285716

m: 5.571428571428571

Residual: 0.46369853107016346


n: 16.714285714285715

epsilon: 0.8714285714285716

m: 5.857142857142857

Residual: 0.4198559693255865


n: 16.714285714285715

epsilon: 0.8714285714285716

m: 6.142857142857142

Residual: 0.3740227001869679


n: 16.714285714285715

epsilon: 0.8714285714285716

m: 6.428571428571429

Residual: 0.3330567570152947


n: 16.714285714285715

epsilon: 0.8714285714285716

m: 6.714285714285714

Residual: 0.287311649675876


n: 16.714285714285715

epsilon: 0.8714285714285716

m: 7.0

Residual: 0.25127185430842525


n: 16.714285714285715

epsilon: 1.0000000000000002

m: 5.0

Residual: 0.600688622074305


n: 16.714285714285715

epsilon: 1.0000000000000002

m: 5.285714285714286

Residual: 0.5569279139647821


n: 16.714285714285715

epsilon: 1.0000000000000002

m: 5.571428571428571

Residual: 0.5148974824724964


n: 16.714285714285715

epsilon: 1.0000000000000002

m: 5.857142857142857

Residual: 0.47326433252733274


n: 16.714285714285715

epsilon: 1.0000000000000002

m: 6.142857142857142

Residual: 0.4322749062301265


n: 16.714285714285715

epsilon: 1.0000000000000002

m: 6.428571428571429

Residual: 0.39177265916952025


n: 16.714285714285715

epsilon: 1.0000000000000002

m: 6.714285714285714

Residual: 0.3538464026518113


n: 16.714285714285715

epsilon: 1.0000000000000002

m: 7.0

Residual: 0.3148066921386251


n: 21.42857142857143

epsilon: 0.1

m: 5.0

Residual: 0.48263228529684854


n: 21.42857142857143

epsilon: 0.1

m: 5.285714285714286

Residual: 0.5332056683007619


n: 21.42857142857143

epsilon: 0.1

m: 5.571428571428571

Residual: 0.5781557868929283


n: 21.42857142857143

epsilon: 0.1

m: 5.857142857142857

Residual: 0.615258481974502


n: 21.42857142857143

epsilon: 0.1

m: 6.142857142857142

Residual: 0.6483327602811243


n: 21.42857142857143

epsilon: 0.1

m: 6.428571428571429

Residual: 0.6740073798929813


n: 21.42857142857143

epsilon: 0.1

m: 6.714285714285714

Residual: 0.700803451041628


n: 21.42857142857143

epsilon: 0.1

m: 7.0

Residual: 0.724140155572342


n: 21.42857142857143

epsilon: 0.2285714285714286

m: 5.0

Residual: 0.13212825942402792


n: 21.42857142857143

epsilon: 0.2285714285714286

m: 5.285714285714286

Residual: 0.18143796942313306


n: 21.42857142857143

epsilon: 0.2285714285714286

m: 5.571428571428571

Residual: 0.24006000334938704


n: 21.42857142857143

epsilon: 0.2285714285714286

m: 5.857142857142857

Residual: 0.2932581690855899


n: 21.42857142857143

epsilon: 0.2285714285714286

m: 6.142857142857142

Residual: 0.33998523903015526


n: 21.42857142857143

epsilon: 0.2285714285714286

m: 6.428571428571429

Residual: 0.38640689034354403


n: 21.42857142857143

epsilon: 0.2285714285714286

m: 6.714285714285714

Residual: 0.42453594499206515


n: 21.42857142857143

epsilon: 0.2285714285714286

m: 7.0

Residual: 0.46430992921671266


n: 21.42857142857143

epsilon: 0.3571428571428572

m: 5.0

Residual: 0.12690717829801854


n: 21.42857142857143

epsilon: 0.3571428571428572

m: 5.285714285714286

Residual: 0.07660868330845694


n: 21.42857142857143

epsilon: 0.3571428571428572

m: 5.571428571428571

Residual: 0.05359070690343072


n: 21.42857142857143

epsilon: 0.3571428571428572

m: 5.857142857142857

Residual: 0.07845238710150933


n: 21.42857142857143

epsilon: 0.3571428571428572

m: 6.142857142857142

Residual: 0.13530272057700954


n: 21.42857142857143

epsilon: 0.3571428571428572

m: 6.428571428571429

Residual: 0.18480278463059246


n: 21.42857142857143

epsilon: 0.3571428571428572

m: 6.714285714285714

Residual: 0.23447956635052067


n: 21.42857142857143

epsilon: 0.3571428571428572

m: 7.0

Residual: 0.269913910206174


n: 21.42857142857143

epsilon: 0.48571428571428577

m: 5.0

Residual: 0.2580869985401335


n: 21.42857142857143

epsilon: 0.48571428571428577

m: 5.285714285714286

Residual: 0.1922957999790288


n: 21.42857142857143

epsilon: 0.48571428571428577

m: 5.571428571428571

Residual: 0.12990407910479476


n: 21.42857142857143

epsilon: 0.48571428571428577

m: 5.857142857142857

Residual: 0.07554601174277034


n: 21.42857142857143

epsilon: 0.48571428571428577

m: 6.142857142857142

Residual: 0.030447312278580583


n: 21.42857142857143

epsilon: 0.48571428571428577

m: 6.428571428571429

Residual: 0.03237362893612631


n: 21.42857142857143

epsilon: 0.48571428571428577

m: 6.714285714285714

Residual: 0.07772383067390382


n: 21.42857142857143

epsilon: 0.48571428571428577

m: 7.0

Residual: 0.11800073497443056


n: 21.42857142857143

epsilon: 0.6142857142857143

m: 5.0

Residual: 0.36128323768704557


n: 21.42857142857143

epsilon: 0.6142857142857143

m: 5.285714285714286

Residual: 0.3011726623002517


n: 21.42857142857143

epsilon: 0.6142857142857143

m: 5.571428571428571

Residual: 0.24662644145719126


n: 21.42857142857143

epsilon: 0.6142857142857143

m: 5.857142857142857

Residual: 0.192825726673174


n: 21.42857142857143

epsilon: 0.6142857142857143

m: 6.142857142857142

Residual: 0.13292996976216495


n: 21.42857142857143

epsilon: 0.6142857142857143

m: 6.428571428571429

Residual: 0.08486407871133908


n: 21.42857142857143

epsilon: 0.6142857142857143

m: 6.714285714285714

Residual: 0.05232869001288224


n: 21.42857142857143

epsilon: 0.6142857142857143

m: 7.0

Residual: 0.05035147650179552


n: 21.42857142857143

epsilon: 0.7428571428571429

m: 5.0

Residual: 0.43997725737437365


n: 21.42857142857143

epsilon: 0.7428571428571429

m: 5.285714285714286

Residual: 0.3863355245577146


n: 21.42857142857143

epsilon: 0.7428571428571429

m: 5.571428571428571

Residual: 0.330093851575844


n: 21.42857142857143

epsilon: 0.7428571428571429

m: 5.857142857142857

Residual: 0.2795480461177909


n: 21.42857142857143

epsilon: 0.7428571428571429

m: 6.142857142857142

Residual: 0.22490411585597073


n: 21.42857142857143

epsilon: 0.7428571428571429

m: 6.428571428571429

Residual: 0.17521545266713046


n: 21.42857142857143

epsilon: 0.7428571428571429

m: 6.714285714285714

Residual: 0.13088022784273326


n: 21.42857142857143

epsilon: 0.7428571428571429

m: 7.0

Residual: 0.10425265683108718


n: 21.42857142857143

epsilon: 0.8714285714285716

m: 5.0

Residual: 0.5031922786207214


n: 21.42857142857143

epsilon: 0.8714285714285716

m: 5.285714285714286

Residual: 0.4542877728278614


n: 21.42857142857143

epsilon: 0.8714285714285716

m: 5.571428571428571

Residual: 0.4003853606785895


n: 21.42857142857143

epsilon: 0.8714285714285716

m: 5.857142857142857

Residual: 0.35160781214303244


n: 21.42857142857143

epsilon: 0.8714285714285716

m: 6.142857142857142

Residual: 0.30068852218270614


n: 21.42857142857143

epsilon: 0.8714285714285716

m: 6.428571428571429

Residual: 0.2521083594926843


n: 21.42857142857143

epsilon: 0.8714285714285716

m: 6.714285714285714

Residual: 0.2099610871872537


n: 21.42857142857143

epsilon: 0.8714285714285716

m: 7.0

Residual: 0.16763620226225057


n: 21.42857142857143

epsilon: 1.0000000000000002

m: 5.0

Residual: 0.5538129143702316


n: 21.42857142857143

epsilon: 1.0000000000000002

m: 5.285714285714286

Residual: 0.5051430819495489


n: 21.42857142857143

epsilon: 1.0000000000000002

m: 5.571428571428571

Residual: 0.45919680268482393


n: 21.42857142857143

epsilon: 1.0000000000000002

m: 5.857142857142857

Residual: 0.41096032300175955


n: 21.42857142857143

epsilon: 1.0000000000000002

m: 6.142857142857142

Residual: 0.3661011618172802


n: 21.42857142857143

epsilon: 1.0000000000000002

m: 6.428571428571429

Residual: 0.31655534578837885


n: 21.42857142857143

epsilon: 1.0000000000000002

m: 6.714285714285714

Residual: 0.2720254447349772


n: 21.42857142857143

epsilon: 1.0000000000000002

m: 7.0

Residual: 0.22905102641914088


n: 26.142857142857142

epsilon: 0.1

m: 5.0

Residual: 0.5188589694410839


n: 26.142857142857142

epsilon: 0.1

m: 5.285714285714286

Residual: 0.5691657736496908


n: 26.142857142857142

epsilon: 0.1

m: 5.571428571428571

Residual: 0.6113842016631901


n: 26.142857142857142

epsilon: 0.1

m: 5.857142857142857

Residual: 0.6476374903773622


n: 26.142857142857142

epsilon: 0.1

m: 6.142857142857142

Residual: 0.677177076679582


n: 26.142857142857142

epsilon: 0.1

m: 6.428571428571429

Residual: 0.7052856193472891


n: 26.142857142857142

epsilon: 0.1

m: 6.714285714285714

Residual: 0.7306974157864865


n: 26.142857142857142

epsilon: 0.1

m: 7.0

Residual: 0.7528058387753065


n: 26.142857142857142

epsilon: 0.2285714285714286

m: 5.0

Residual: 0.16327739661697474


n: 26.142857142857142

epsilon: 0.2285714285714286

m: 5.285714285714286

Residual: 0.22591584719665303


n: 26.142857142857142

epsilon: 0.2285714285714286

m: 5.571428571428571

Residual: 0.2925138282019875


n: 26.142857142857142

epsilon: 0.2285714285714286

m: 5.857142857142857

Residual: 0.3419589137931471


n: 26.142857142857142

epsilon: 0.2285714285714286

m: 6.142857142857142

Residual: 0.3904460606295288


n: 26.142857142857142

epsilon: 0.2285714285714286

m: 6.428571428571429

Residual: 0.4352503839336838


n: 26.142857142857142

epsilon: 0.2285714285714286

m: 6.714285714285714

Residual: 0.4763765328206351


n: 26.142857142857142

epsilon: 0.2285714285714286

m: 7.0

Residual: 0.5116580965763169


n: 26.142857142857142

epsilon: 0.3571428571428572

m: 5.0

Residual: 0.09671533037871828


n: 26.142857142857142

epsilon: 0.3571428571428572

m: 5.285714285714286

Residual: 0.0645318599768912


n: 26.142857142857142

epsilon: 0.3571428571428572

m: 5.571428571428571

Residual: 0.07550299740621201


n: 26.142857142857142

epsilon: 0.3571428571428572

m: 5.857142857142857

Residual: 0.13160542310767923


n: 26.142857142857142

epsilon: 0.3571428571428572

m: 6.142857142857142

Residual: 0.1852691623610336


n: 26.142857142857142

epsilon: 0.3571428571428572

m: 6.428571428571429

Residual: 0.23892663564362815


n: 26.142857142857142

epsilon: 0.3571428571428572

m: 6.714285714285714

Residual: 0.28896223260084747


n: 26.142857142857142

epsilon: 0.3571428571428572

m: 7.0

Residual: 0.32607698080845465


n: 26.142857142857142

epsilon: 0.48571428571428577

m: 5.0

Residual: 0.21112732147272706


n: 26.142857142857142

epsilon: 0.48571428571428577

m: 5.285714285714286

Residual: 0.14533714613863172


n: 26.142857142857142

epsilon: 0.48571428571428577

m: 5.571428571428571

Residual: 0.08304186293856185


n: 26.142857142857142

epsilon: 0.48571428571428577

m: 5.857142857142857

Residual: 0.03343139399462176


n: 26.142857142857142

epsilon: 0.48571428571428577

m: 6.142857142857142

Residual: 0.03756594548243864


n: 26.142857142857142

epsilon: 0.48571428571428577

m: 6.428571428571429

Residual: 0.08798888058400887


n: 26.142857142857142

epsilon: 0.48571428571428577

m: 6.714285714285714

Residual: 0.13619698975012212


n: 26.142857142857142

epsilon: 0.48571428571428577

m: 7.0

Residual: 0.18278397661955526


n: 26.142857142857142

epsilon: 0.6142857142857143

m: 5.0

Residual: 0.3197218377191003


n: 26.142857142857142

epsilon: 0.6142857142857143

m: 5.285714285714286

Residual: 0.25665836850714047


n: 26.142857142857142

epsilon: 0.6142857142857143

m: 5.571428571428571

Residual: 0.19333870217445265


n: 26.142857142857142

epsilon: 0.6142857142857143

m: 5.857142857142857

Residual: 0.13752044013676445


n: 26.142857142857142

epsilon: 0.6142857142857143

m: 6.142857142857142

Residual: 0.0805363949337631


n: 26.142857142857142

epsilon: 0.6142857142857143

m: 6.428571428571429

Residual: 0.04338384402314264


n: 26.142857142857142

epsilon: 0.6142857142857143

m: 6.714285714285714

Residual: 0.04059145848507248


n: 26.142857142857142

epsilon: 0.6142857142857143

m: 7.0

Residual: 0.06616742253872598


n: 26.142857142857142

epsilon: 0.7428571428571429

m: 5.0

Residual: 0.40171160557514224


n: 26.142857142857142

epsilon: 0.7428571428571429

m: 5.285714285714286

Residual: 0.34418344203432216


n: 26.142857142857142

epsilon: 0.7428571428571429

m: 5.571428571428571

Residual: 0.2837118464732738


n: 26.142857142857142

epsilon: 0.7428571428571429

m: 5.857142857142857

Residual: 0.22825294635044918


n: 26.142857142857142

epsilon: 0.7428571428571429

m: 6.142857142857142

Residual: 0.17606199977202697


n: 26.142857142857142

epsilon: 0.7428571428571429

m: 6.428571428571429

Residual: 0.12447260653703528


n: 26.142857142857142

epsilon: 0.7428571428571429

m: 6.714285714285714

Residual: 0.08347448087650496


n: 26.142857142857142

epsilon: 0.7428571428571429

m: 7.0

Residual: 0.07488616041101305


n: 26.142857142857142

epsilon: 0.8714285714285716

m: 5.0

Residual: 0.4684889350989686


n: 26.142857142857142

epsilon: 0.8714285714285716

m: 5.285714285714286

Residual: 0.410240327484464


n: 26.142857142857142

epsilon: 0.8714285714285716

m: 5.571428571428571

Residual: 0.3535383575002814


n: 26.142857142857142

epsilon: 0.8714285714285716

m: 5.857142857142857

Residual: 0.30193738807381404


n: 26.142857142857142

epsilon: 0.8714285714285716

m: 6.142857142857142

Residual: 0.25318839190227566


n: 26.142857142857142

epsilon: 0.8714285714285716

m: 6.428571428571429

Residual: 0.201873339029741


n: 26.142857142857142

epsilon: 0.8714285714285716

m: 6.714285714285714

Residual: 0.15889319066759017


n: 26.142857142857142

epsilon: 0.8714285714285716

m: 7.0

Residual: 0.11962306884304529


n: 26.142857142857142

epsilon: 1.0000000000000002

m: 5.0

Residual: 0.5196969533709274


n: 26.142857142857142

epsilon: 1.0000000000000002

m: 5.285714285714286

Residual: 0.4644502133307508


n: 26.142857142857142

epsilon: 1.0000000000000002

m: 5.571428571428571

Residual: 0.4147711963353911


n: 26.142857142857142

epsilon: 1.0000000000000002

m: 5.857142857142857

Residual: 0.3657697891833687


n: 26.142857142857142

epsilon: 1.0000000000000002

m: 6.142857142857142

Residual: 0.3135221360418367


n: 26.142857142857142

epsilon: 1.0000000000000002

m: 6.428571428571429

Residual: 0.2692339571455195


n: 26.142857142857142

epsilon: 1.0000000000000002

m: 6.714285714285714

Residual: 0.2238938875066813


n: 26.142857142857142

epsilon: 1.0000000000000002

m: 7.0

Residual: 0.17847877848518381


n: 30.857142857142858

epsilon: 0.1

m: 5.0

Residual: 0.5459731389836898


n: 30.857142857142858

epsilon: 0.1

m: 5.285714285714286

Residual: 0.5926389615659694


n: 30.857142857142858

epsilon: 0.1

m: 5.571428571428571

Residual: 0.633071027597324


n: 30.857142857142858

epsilon: 0.1

m: 5.857142857142857

Residual: 0.6699917865472285


n: 30.857142857142858

epsilon: 0.1

m: 6.142857142857142

Residual: 0.697840539135775


n: 30.857142857142858

epsilon: 0.1

m: 6.428571428571429

Residual: 0.7277767592210045


n: 30.857142857142858

epsilon: 0.1

m: 6.714285714285714

Residual: 0.7499116297308378


n: 30.857142857142858

epsilon: 0.1

m: 7.0

Residual: 0.7700421713680959


n: 30.857142857142858

epsilon: 0.2285714285714286

m: 5.0

Residual: 0.19624310841390225


n: 30.857142857142858

epsilon: 0.2285714285714286

m: 5.285714285714286

Residual: 0.2616842894366722


n: 30.857142857142858

epsilon: 0.2285714285714286

m: 5.571428571428571

Residual: 0.3226396853277876


n: 30.857142857142858

epsilon: 0.2285714285714286

m: 5.857142857142857

Residual: 0.3749309651808845


n: 30.857142857142858

epsilon: 0.2285714285714286

m: 6.142857142857142

Residual: 0.4245885772826908


n: 30.857142857142858

epsilon: 0.2285714285714286

m: 6.428571428571429

Residual: 0.46758435759419853


n: 30.857142857142858

epsilon: 0.2285714285714286

m: 6.714285714285714

Residual: 0.5025529672232641


n: 30.857142857142858

epsilon: 0.2285714285714286

m: 7.0

Residual: 0.5368175390156853


n: 30.857142857142858

epsilon: 0.3571428571428572

m: 5.0

Residual: 0.08522821688765377


n: 30.857142857142858

epsilon: 0.3571428571428572

m: 5.285714285714286

Residual: 0.07217511255792336


n: 30.857142857142858

epsilon: 0.3571428571428572

m: 5.571428571428571

Residual: 0.10887562421760708


n: 30.857142857142858

epsilon: 0.3571428571428572

m: 5.857142857142857

Residual: 0.17174831502264606


n: 30.857142857142858

epsilon: 0.3571428571428572

m: 6.142857142857142

Residual: 0.22320986203456725


n: 30.857142857142858

epsilon: 0.3571428571428572

m: 6.428571428571429

Residual: 0.2748204955500466


n: 30.857142857142858

epsilon: 0.3571428571428572

m: 6.714285714285714

Residual: 0.33010423040939285


n: 30.857142857142858

epsilon: 0.3571428571428572

m: 7.0

Residual: 0.3592955880978496


n: 30.857142857142858

epsilon: 0.48571428571428577

m: 5.0

Residual: 0.17843231252321776


n: 30.857142857142858

epsilon: 0.48571428571428577

m: 5.285714285714286

Residual: 0.11119814062589088


n: 30.857142857142858

epsilon: 0.48571428571428577

m: 5.571428571428571

Residual: 0.05368147305470769


n: 30.857142857142858

epsilon: 0.48571428571428577

m: 5.857142857142857

Residual: 0.02341681824630176


n: 30.857142857142858

epsilon: 0.48571428571428577

m: 6.142857142857142

Residual: 0.07757062984902091


n: 30.857142857142858

epsilon: 0.48571428571428577

m: 6.428571428571429

Residual: 0.13141515211997318


n: 30.857142857142858

epsilon: 0.48571428571428577

m: 6.714285714285714

Residual: 0.1769445136787969


n: 30.857142857142858

epsilon: 0.48571428571428577

m: 7.0

Residual: 0.21965034523064894


n: 30.857142857142858

epsilon: 0.6142857142857143

m: 5.0

Residual: 0.28706034005923325


n: 30.857142857142858

epsilon: 0.6142857142857143

m: 5.285714285714286

Residual: 0.22199434718527525


n: 30.857142857142858

epsilon: 0.6142857142857143

m: 5.571428571428571

Residual: 0.16103891853684807


n: 30.857142857142858

epsilon: 0.6142857142857143

m: 5.857142857142857

Residual: 0.09740159609463672


n: 30.857142857142858

epsilon: 0.6142857142857143

m: 6.142857142857142

Residual: 0.046478026182131794


n: 30.857142857142858

epsilon: 0.6142857142857143

m: 6.428571428571429

Residual: 0.026551106021748115


n: 30.857142857142858

epsilon: 0.6142857142857143

m: 6.714285714285714

Residual: 0.06442544369011106


n: 30.857142857142858

epsilon: 0.6142857142857143

m: 7.0

Residual: 0.11090152620014283


n: 30.857142857142858

epsilon: 0.7428571428571429

m: 5.0

Residual: 0.37383694017570807


n: 30.857142857142858

epsilon: 0.7428571428571429

m: 5.285714285714286

Residual: 0.31063108310159937


n: 30.857142857142858

epsilon: 0.7428571428571429

m: 5.571428571428571

Residual: 0.2507349985817128


n: 30.857142857142858

epsilon: 0.7428571428571429

m: 5.857142857142857

Residual: 0.1927927360366079


n: 30.857142857142858

epsilon: 0.7428571428571429

m: 6.142857142857142

Residual: 0.13498255021074587


n: 30.857142857142858

epsilon: 0.7428571428571429

m: 6.428571428571429

Residual: 0.08970123255391425


n: 30.857142857142858

epsilon: 0.7428571428571429

m: 6.714285714285714

Residual: 0.063129595917678


n: 30.857142857142858

epsilon: 0.7428571428571429

m: 7.0

Residual: 0.05912859113946888


n: 30.857142857142858

epsilon: 0.8714285714285716

m: 5.0

Residual: 0.4385862680444014


n: 30.857142857142858

epsilon: 0.8714285714285716

m: 5.285714285714286

Residual: 0.38003883461415733


n: 30.857142857142858

epsilon: 0.8714285714285716

m: 5.571428571428571

Residual: 0.3232791943122642


n: 30.857142857142858

epsilon: 0.8714285714285716

m: 5.857142857142857

Residual: 0.2683970696317737


n: 30.857142857142858

epsilon: 0.8714285714285716

m: 6.142857142857142

Residual: 0.2137833121692052


n: 30.857142857142858

epsilon: 0.8714285714285716

m: 6.428571428571429

Residual: 0.15776851155424018


n: 30.857142857142858

epsilon: 0.8714285714285716

m: 6.714285714285714

Residual: 0.12351562245699353


n: 30.857142857142858

epsilon: 0.8714285714285716

m: 7.0

Residual: 0.09196275195393208


n: 30.857142857142858

epsilon: 1.0000000000000002

m: 5.0

Residual: 0.4912284280016476


n: 30.857142857142858

epsilon: 1.0000000000000002

m: 5.285714285714286

Residual: 0.43750115703465586


n: 30.857142857142858

epsilon: 1.0000000000000002

m: 5.571428571428571

Residual: 0.3849524538895078


n: 30.857142857142858

epsilon: 1.0000000000000002

m: 5.857142857142857

Residual: 0.3305177736347942


n: 30.857142857142858

epsilon: 1.0000000000000002

m: 6.142857142857142

Residual: 0.2774340629591149


n: 30.857142857142858

epsilon: 1.0000000000000002

m: 6.428571428571429

Residual: 0.22374035153297023


n: 30.857142857142858

epsilon: 1.0000000000000002

m: 6.714285714285714

Residual: 0.17604748674030798


n: 30.857142857142858

epsilon: 1.0000000000000002

m: 7.0

Residual: 0.14733806115048043


n: 35.57142857142857

epsilon: 0.1

m: 5.0

Residual: 0.563109836995219


n: 35.57142857142857

epsilon: 0.1

m: 5.285714285714286

Residual: 0.6094023794521793


n: 35.57142857142857

epsilon: 0.1

m: 5.571428571428571

Residual: 0.6526000725319506


n: 35.57142857142857

epsilon: 0.1

m: 5.857142857142857

Residual: 0.6859052465128823


n: 35.57142857142857

epsilon: 0.1

m: 6.142857142857142

Residual: 0.715158647800695


n: 35.57142857142857

epsilon: 0.1

m: 6.428571428571429

Residual: 0.739496452458392


n: 35.57142857142857

epsilon: 0.1

m: 6.714285714285714

Residual: 0.7652001668833044


n: 35.57142857142857

epsilon: 0.1

m: 7.0

Residual: 0.7826607592707449


n: 35.57142857142857

epsilon: 0.2285714285714286

m: 5.0

Residual: 0.21928612952977447


n: 35.57142857142857

epsilon: 0.2285714285714286

m: 5.285714285714286

Residual: 0.286540116285454


n: 35.57142857142857

epsilon: 0.2285714285714286

m: 5.571428571428571

Residual: 0.3470375465467637


n: 35.57142857142857

epsilon: 0.2285714285714286

m: 5.857142857142857

Residual: 0.40082630667138713


n: 35.57142857142857

epsilon: 0.2285714285714286

m: 6.142857142857142

Residual: 0.44979773651517985


n: 35.57142857142857

epsilon: 0.2285714285714286

m: 6.428571428571429

Residual: 0.49329178154149594


n: 35.57142857142857

epsilon: 0.2285714285714286

m: 6.714285714285714

Residual: 0.530208704805229


n: 35.57142857142857

epsilon: 0.2285714285714286

m: 7.0

Residual: 0.5662364265251838


n: 35.57142857142857

epsilon: 0.3571428571428572

m: 5.0

Residual: 0.08264928752794352


n: 35.57142857142857

epsilon: 0.3571428571428572

m: 5.285714285714286

Residual: 0.08623273020897397


n: 35.57142857142857

epsilon: 0.3571428571428572

m: 5.571428571428571

Residual: 0.13870654392235973


n: 35.57142857142857

epsilon: 0.3571428571428572

m: 5.857142857142857

Residual: 0.1999100145029597


n: 35.57142857142857

epsilon: 0.3571428571428572

m: 6.142857142857142

Residual: 0.25645295828471165


n: 35.57142857142857

epsilon: 0.3571428571428572

m: 6.428571428571429

Residual: 0.3039367703000888


n: 35.57142857142857

epsilon: 0.3571428571428572

m: 6.714285714285714

Residual: 0.3524836451030388


n: 35.57142857142857

epsilon: 0.3571428571428572

m: 7.0

Residual: 0.39495141727859734


n: 35.57142857142857

epsilon: 0.48571428571428577

m: 5.0

Residual: 0.15093962588679316


n: 35.57142857142857

epsilon: 0.48571428571428577

m: 5.285714285714286

Residual: 0.08732830614388475


n: 35.57142857142857

epsilon: 0.48571428571428577

m: 5.571428571428571

Residual: 0.04062628419111807


n: 35.57142857142857

epsilon: 0.48571428571428577

m: 5.857142857142857

Residual: 0.04515807485178556


n: 35.57142857142857

epsilon: 0.48571428571428577

m: 6.142857142857142

Residual: 0.1068525670642025


n: 35.57142857142857

epsilon: 0.48571428571428577

m: 6.428571428571429

Residual: 0.16282381337801693


n: 35.57142857142857

epsilon: 0.48571428571428577

m: 6.714285714285714

Residual: 0.21195101934496358


n: 35.57142857142857

epsilon: 0.48571428571428577

m: 7.0

Residual: 0.26110511018279975


n: 35.57142857142857

epsilon: 0.6142857142857143

m: 5.0

Residual: 0.26325791322092473


n: 35.57142857142857

epsilon: 0.6142857142857143

m: 5.285714285714286

Residual: 0.19728829951733828


n: 35.57142857142857

epsilon: 0.6142857142857143

m: 5.571428571428571

Residual: 0.13044352940246373


n: 35.57142857142857

epsilon: 0.6142857142857143

m: 5.857142857142857

Residual: 0.0709456801831869


n: 35.57142857142857

epsilon: 0.6142857142857143

m: 6.142857142857142

Residual: 0.016962208140316185


n: 35.57142857142857

epsilon: 0.6142857142857143

m: 6.428571428571429

Residual: 0.044660136634698235


n: 35.57142857142857

epsilon: 0.6142857142857143

m: 6.714285714285714

Residual: 0.09590110881136689


n: 35.57142857142857

epsilon: 0.6142857142857143

m: 7.0

Residual: 0.14786126620268236


n: 35.57142857142857

epsilon: 0.7428571428571429

m: 5.0

Residual: 0.3483485051667454


n: 35.57142857142857

epsilon: 0.7428571428571429

m: 5.285714285714286

Residual: 0.28634031351190276


n: 35.57142857142857

epsilon: 0.7428571428571429

m: 5.571428571428571

Residual: 0.2191317051232704


n: 35.57142857142857

epsilon: 0.7428571428571429

m: 5.857142857142857

Residual: 0.16138883614713878


n: 35.57142857142857

epsilon: 0.7428571428571429

m: 6.142857142857142

Residual: 0.10868132680722606


n: 35.57142857142857

epsilon: 0.7428571428571429

m: 6.428571428571429

Residual: 0.06310002984553685


n: 35.57142857142857

epsilon: 0.7428571428571429

m: 6.714285714285714

Residual: 0.04849403481693213


n: 35.57142857142857

epsilon: 0.7428571428571429

m: 7.0

Residual: 0.06608478464276073


n: 35.57142857142857

epsilon: 0.8714285714285716

m: 5.0

Residual: 0.4172847954600633


n: 35.57142857142857

epsilon: 0.8714285714285716

m: 5.285714285714286

Residual: 0.3571145719803333


n: 35.57142857142857

epsilon: 0.8714285714285716

m: 5.571428571428571

Residual: 0.2970937180174639


n: 35.57142857142857

epsilon: 0.8714285714285716

m: 5.857142857142857

Residual: 0.24148685568333894


n: 35.57142857142857

epsilon: 0.8714285714285716

m: 6.142857142857142

Residual: 0.18497558905696265


n: 35.57142857142857

epsilon: 0.8714285714285716

m: 6.428571428571429

Residual: 0.13367141390115084


n: 35.57142857142857

epsilon: 0.8714285714285716

m: 6.714285714285714

Residual: 0.0957323963553275


n: 35.57142857142857

epsilon: 0.8714285714285716

m: 7.0

Residual: 0.07617282935025206


n: 35.57142857142857

epsilon: 1.0000000000000002

m: 5.0

Residual: 0.4744851182630835


n: 35.57142857142857

epsilon: 1.0000000000000002

m: 5.285714285714286

Residual: 0.4163608044225016


n: 35.57142857142857

epsilon: 1.0000000000000002

m: 5.571428571428571

Residual: 0.35796413680468214


n: 35.57142857142857

epsilon: 1.0000000000000002

m: 5.857142857142857

Residual: 0.300201625793967


n: 35.57142857142857

epsilon: 1.0000000000000002

m: 6.142857142857142

Residual: 0.24541356874848574


n: 35.57142857142857

epsilon: 1.0000000000000002

m: 6.428571428571429

Residual: 0.19912218677983007


n: 35.57142857142857

epsilon: 1.0000000000000002

m: 6.714285714285714

Residual: 0.14723779097887646


n: 35.57142857142857

epsilon: 1.0000000000000002

m: 7.0

Residual: 0.1226484203999883


n: 40.285714285714285

epsilon: 0.1

m: 5.0

Residual: 0.5771893705380562


n: 40.285714285714285

epsilon: 0.1

m: 5.285714285714286

Residual: 0.6226919883897529


n: 40.285714285714285

epsilon: 0.1

m: 5.571428571428571

Residual: 0.6642807349050877


n: 40.285714285714285

epsilon: 0.1

m: 5.857142857142857

Residual: 0.6958483029263902


n: 40.285714285714285

epsilon: 0.1

m: 6.142857142857142

Residual: 0.7257755753312893


n: 40.285714285714285

epsilon: 0.1

m: 6.428571428571429

Residual: 0.7552050497661144


n: 40.285714285714285

epsilon: 0.1

m: 6.714285714285714

Residual: 0.7741337401049463


n: 40.285714285714285

epsilon: 0.1

m: 7.0

Residual: 0.7947296463929502


n: 40.285714285714285

epsilon: 0.2285714285714286

m: 5.0

Residual: 0.23884031135245062


n: 40.285714285714285

epsilon: 0.2285714285714286

m: 5.285714285714286

Residual: 0.30685190687926683


n: 40.285714285714285

epsilon: 0.2285714285714286

m: 5.571428571428571

Residual: 0.3703491391779241


n: 40.285714285714285

epsilon: 0.2285714285714286

m: 5.857142857142857

Residual: 0.4197228040689521


n: 40.285714285714285

epsilon: 0.2285714285714286

m: 6.142857142857142

Residual: 0.47064453266907874


n: 40.285714285714285

epsilon: 0.2285714285714286

m: 6.428571428571429

Residual: 0.5094947902730818


n: 40.285714285714285

epsilon: 0.2285714285714286

m: 6.714285714285714

Residual: 0.5458121034578006


n: 40.285714285714285

epsilon: 0.2285714285714286

m: 7.0

Residual: 0.5921857581331825


n: 40.285714285714285

epsilon: 0.3571428571428572

m: 5.0

Residual: 0.08383245579200443


n: 40.285714285714285

epsilon: 0.3571428571428572

m: 5.285714285714286

Residual: 0.10064865504342316


n: 40.285714285714285

epsilon: 0.3571428571428572

m: 5.571428571428571

Residual: 0.1623602520150556


n: 40.285714285714285

epsilon: 0.3571428571428572

m: 5.857142857142857

Residual: 0.2240350504786319


n: 40.285714285714285

epsilon: 0.3571428571428572

m: 6.142857142857142

Residual: 0.2746338162722835


n: 40.285714285714285

epsilon: 0.3571428571428572

m: 6.428571428571429

Residual: 0.32557978964973167


n: 40.285714285714285

epsilon: 0.3571428571428572

m: 6.714285714285714

Residual: 0.3722722587934741


n: 40.285714285714285

epsilon: 0.3571428571428572

m: 7.0

Residual: 0.4129029141556694


n: 40.285714285714285

epsilon: 0.48571428571428577

m: 5.0

Residual: 0.13406795445972314


n: 40.285714285714285

epsilon: 0.48571428571428577

m: 5.285714285714286

Residual: 0.07468136939363691


n: 40.285714285714285

epsilon: 0.48571428571428577

m: 5.571428571428571

Residual: 0.036026731013172546


n: 40.285714285714285

epsilon: 0.48571428571428577

m: 5.857142857142857

Residual: 0.06958067738640478


n: 40.285714285714285

epsilon: 0.48571428571428577

m: 6.142857142857142

Residual: 0.1340603646586557


n: 40.285714285714285

epsilon: 0.48571428571428577

m: 6.428571428571429

Residual: 0.18099536209105901


n: 40.285714285714285

epsilon: 0.48571428571428577

m: 6.714285714285714

Residual: 0.23566845552816795


n: 40.285714285714285

epsilon: 0.48571428571428577

m: 7.0

Residual: 0.2792634999470803


n: 40.285714285714285

epsilon: 0.6142857142857143

m: 5.0

Residual: 0.24338960182586672


n: 40.285714285714285

epsilon: 0.6142857142857143

m: 5.285714285714286

Residual: 0.17537924387944043


n: 40.285714285714285

epsilon: 0.6142857142857143

m: 5.571428571428571

Residual: 0.10775617075841246


n: 40.285714285714285

epsilon: 0.6142857142857143

m: 5.857142857142857

Residual: 0.04358510628178109


n: 40.285714285714285

epsilon: 0.6142857142857143

m: 6.142857142857142

Residual: 0.016688684878211815


n: 40.285714285714285

epsilon: 0.6142857142857143

m: 6.428571428571429

Residual: 0.07099805154702755


n: 40.285714285714285

epsilon: 0.6142857142857143

m: 6.714285714285714

Residual: 0.12105386899503803


n: 40.285714285714285

epsilon: 0.6142857142857143

m: 7.0

Residual: 0.1709813614796941


n: 40.285714285714285

epsilon: 0.7428571428571429

m: 5.0

Residual: 0.32941081604768985


n: 40.285714285714285

epsilon: 0.7428571428571429

m: 5.285714285714286

Residual: 0.26530968252242965


n: 40.285714285714285

epsilon: 0.7428571428571429

m: 5.571428571428571

Residual: 0.20504321502263392


n: 40.285714285714285

epsilon: 0.7428571428571429

m: 5.857142857142857

Residual: 0.14069216003508517


n: 40.285714285714285

epsilon: 0.7428571428571429

m: 6.142857142857142

Residual: 0.07772639972993725


n: 40.285714285714285

epsilon: 0.7428571428571429

m: 6.428571428571429

Residual: 0.0360885128507019


n: 40.285714285714285

epsilon: 0.7428571428571429

m: 6.714285714285714

Residual: 0.04434147588797179


n: 40.285714285714285

epsilon: 0.7428571428571429

m: 7.0

Residual: 0.07837424649913562


n: 40.285714285714285

epsilon: 0.8714285714285716

m: 5.0

Residual: 0.40020452629133096


n: 40.285714285714285

epsilon: 0.8714285714285716

m: 5.285714285714286

Residual: 0.3370044308418229


n: 40.285714285714285

epsilon: 0.8714285714285716

m: 5.571428571428571

Residual: 0.2732620217134523


n: 40.285714285714285

epsilon: 0.8714285714285716

m: 5.857142857142857

Residual: 0.22006271783378914


n: 40.285714285714285

epsilon: 0.8714285714285716

m: 6.142857142857142

Residual: 0.16114480592699726


n: 40.285714285714285

epsilon: 0.8714285714285716

m: 6.428571428571429

Residual: 0.09921337625489543


n: 40.285714285714285

epsilon: 0.8714285714285716

m: 6.714285714285714

Residual: 0.08013182410040899


n: 40.285714285714285

epsilon: 0.8714285714285716

m: 7.0

Residual: 0.07152213266031161


n: 40.285714285714285

epsilon: 1.0000000000000002

m: 5.0

Residual: 0.4578586713288719


n: 40.285714285714285

epsilon: 1.0000000000000002

m: 5.285714285714286

Residual: 0.39511339239462046


n: 40.285714285714285

epsilon: 1.0000000000000002

m: 5.571428571428571

Residual: 0.33727991027851306


n: 40.285714285714285

epsilon: 1.0000000000000002

m: 5.857142857142857

Residual: 0.28483266968056625


n: 40.285714285714285

epsilon: 1.0000000000000002

m: 6.142857142857142

Residual: 0.22759912152432968


n: 40.285714285714285

epsilon: 1.0000000000000002

m: 6.428571428571429

Residual: 0.17116812495237416


n: 40.285714285714285

epsilon: 1.0000000000000002

m: 6.714285714285714

Residual: 0.1233889871102844


n: 40.285714285714285

epsilon: 1.0000000000000002

m: 7.0

Residual: 0.09966479128164704


n: 45.0

epsilon: 0.1

m: 5.0

Residual: 0.5878869455423614


n: 45.0

epsilon: 0.1

m: 5.285714285714286

Residual: 0.6338135297090628


n: 45.0

epsilon: 0.1

m: 5.571428571428571

Residual: 0.6737116422618515


n: 45.0

epsilon: 0.1

m: 5.857142857142857

Residual: 0.7076826675600967


n: 45.0

epsilon: 0.1

m: 6.142857142857142

Residual: 0.7376783204420946


n: 45.0

epsilon: 0.1

m: 6.428571428571429

Residual: 0.7615780026059337


n: 45.0

epsilon: 0.1

m: 6.714285714285714

Residual: 0.7786425779277382


n: 45.0

epsilon: 0.1

m: 7.0

Residual: 0.8009536909178718


n: 45.0

epsilon: 0.2285714285714286

m: 5.0

Residual: 0.25816655147531326


n: 45.0

epsilon: 0.2285714285714286

m: 5.285714285714286

Residual: 0.3212327671609745


n: 45.0

epsilon: 0.2285714285714286

m: 5.571428571428571

Residual: 0.3831510001595617


n: 45.0

epsilon: 0.2285714285714286

m: 5.857142857142857

Residual: 0.4358877480396612


n: 45.0

epsilon: 0.2285714285714286

m: 6.142857142857142

Residual: 0.48652249586633933


n: 45.0

epsilon: 0.2285714285714286

m: 6.428571428571429

Residual: 0.5279626764650303


n: 45.0

epsilon: 0.2285714285714286

m: 6.714285714285714

Residual: 0.5629903436270777


n: 45.0

epsilon: 0.2285714285714286

m: 7.0

Residual: 0.5974271980524477


n: 45.0

epsilon: 0.3571428571428572

m: 5.0

Residual: 0.09071291778280896


n: 45.0

epsilon: 0.3571428571428572

m: 5.285714285714286

Residual: 0.11597882097595216


n: 45.0

epsilon: 0.3571428571428572

m: 5.571428571428571

Residual: 0.1767849260752062


n: 45.0

epsilon: 0.3571428571428572

m: 5.857142857142857

Residual: 0.23885995209532956


n: 45.0

epsilon: 0.3571428571428572

m: 6.142857142857142

Residual: 0.2988965701261324


n: 45.0

epsilon: 0.3571428571428572

m: 6.428571428571429

Residual: 0.35049120636794995


n: 45.0

epsilon: 0.3571428571428572

m: 6.714285714285714

Residual: 0.39455693915072904


n: 45.0

epsilon: 0.3571428571428572

m: 7.0

Residual: 0.4370054734483369


n: 45.0

epsilon: 0.48571428571428577

m: 5.0

Residual: 0.11848320578711678


n: 45.0

epsilon: 0.48571428571428577

m: 5.285714285714286

Residual: 0.06408286809017201


n: 45.0

epsilon: 0.48571428571428577

m: 5.571428571428571

Residual: 0.04056660615199969


n: 45.0

epsilon: 0.48571428571428577

m: 5.857142857142857

Residual: 0.08846998636110953


n: 45.0

epsilon: 0.48571428571428577

m: 6.142857142857142

Residual: 0.1446871315973699


n: 45.0

epsilon: 0.48571428571428577

m: 6.428571428571429

Residual: 0.20471350824990292


n: 45.0

epsilon: 0.48571428571428577

m: 6.714285714285714

Residual: 0.25330050912710406


n: 45.0

epsilon: 0.48571428571428577

m: 7.0

Residual: 0.30475152985545684


n: 45.0

epsilon: 0.6142857142857143

m: 5.0

Residual: 0.23044019681628714


n: 45.0

epsilon: 0.6142857142857143

m: 5.285714285714286

Residual: 0.15702378267983919


n: 45.0

epsilon: 0.6142857142857143

m: 5.571428571428571

Residual: 0.0906072562541454


n: 45.0

epsilon: 0.6142857142857143

m: 5.857142857142857

Residual: 0.031075455365514624


n: 45.0

epsilon: 0.6142857142857143

m: 6.142857142857142

Residual: 0.037060152096567316


n: 45.0

epsilon: 0.6142857142857143

m: 6.428571428571429

Residual: 0.09562936408626178


n: 45.0

epsilon: 0.6142857142857143

m: 6.714285714285714

Residual: 0.13890857284666508


n: 45.0

epsilon: 0.6142857142857143

m: 7.0

Residual: 0.18300281860187725


n: 45.0

epsilon: 0.7428571428571429

m: 5.0

Residual: 0.3140488531659111


n: 45.0

epsilon: 0.7428571428571429

m: 5.285714285714286

Residual: 0.24655115894874222


n: 45.0

epsilon: 0.7428571428571429

m: 5.571428571428571

Residual: 0.18289265391174678


n: 45.0

epsilon: 0.7428571428571429

m: 5.857142857142857

Residual: 0.11616888950442737


n: 45.0

epsilon: 0.7428571428571429

m: 6.142857142857142

Residual: 0.05936501920079218


n: 45.0

epsilon: 0.7428571428571429

m: 6.428571428571429

Residual: 0.030739750531655077


n: 45.0

epsilon: 0.7428571428571429

m: 6.714285714285714

Residual: 0.05561388746521117


n: 45.0

epsilon: 0.7428571428571429

m: 7.0

Residual: 0.09651775422933234


n: 45.0

epsilon: 0.8714285714285716

m: 5.0

Residual: 0.38334297974822024


n: 45.0

epsilon: 0.8714285714285716

m: 5.285714285714286

Residual: 0.32132791197361216


n: 45.0

epsilon: 0.8714285714285716

m: 5.571428571428571

Residual: 0.2608644791475769


n: 45.0

epsilon: 0.8714285714285716

m: 5.857142857142857

Residual: 0.20204527241584402


n: 45.0

epsilon: 0.8714285714285716

m: 6.142857142857142

Residual: 0.13861621854629474


n: 45.0

epsilon: 0.8714285714285716

m: 6.428571428571429

Residual: 0.08757467500600818


n: 45.0

epsilon: 0.8714285714285716

m: 6.714285714285714

Residual: 0.05885760957514678


n: 45.0

epsilon: 0.8714285714285716

m: 7.0

Residual: 0.07159995195697248


n: 45.0

epsilon: 1.0000000000000002

m: 5.0

Residual: 0.4437372510496749


n: 45.0

epsilon: 1.0000000000000002

m: 5.285714285714286

Residual: 0.38252476988485656


n: 45.0

epsilon: 1.0000000000000002

m: 5.571428571428571

Residual: 0.3232739450336003


n: 45.0

epsilon: 1.0000000000000002

m: 5.857142857142857

Residual: 0.2651135179234655


n: 45.0

epsilon: 1.0000000000000002

m: 6.142857142857142

Residual: 0.2095013675178031


n: 45.0

epsilon: 1.0000000000000002

m: 6.428571428571429

Residual: 0.1562715329133917


n: 45.0

epsilon: 1.0000000000000002

m: 6.714285714285714

Residual: 0.10968486398703135


n: 45.0

epsilon: 1.0000000000000002

m: 7.0

Residual: 0.08890446143712884


