m: 5.0

n: 12.0

epsilon: 0.1

Residual: 0.5289407689110467


m: 5.0

n: 12.0

epsilon: 0.1

Residual: 0.5297927845983468


m: 5.0

n: 12.0

epsilon: 0.3

Residual: 0.1760935307558932


m: 5.0

n: 12.0

epsilon: 0.5

Residual: 0.23569244331138176


m: 5.0

n: 12.0

epsilon: 0.7

Residual: 0.36683656473926163


m: 5.0

n: 12.0

epsilon: 0.8999999999999999

Residual: 0.470548055753354


m: 5.0

n: 12.0

epsilon: 1.0999999999999999

Residual: 0.5449320751159591


m: 5.0

n: 12.0

epsilon: 1.3

Residual: 0.6003559632395826


m: 5.0

n: 12.0

epsilon: 1.5

Residual: 0.6447681075779603


m: 5.0

n: 16.714285714285715

epsilon: 0.1

Residual: 0.6109855189149653


m: 5.0

n: 16.714285714285715

epsilon: 0.3

Residual: 0.20284769415317788


m: 5.0

n: 16.714285714285715

epsilon: 0.5

Residual: 0.1606259200559447


m: 5.0

n: 16.714285714285715

epsilon: 0.7

Residual: 0.25926595655665635


m: 5.0

n: 16.714285714285715

epsilon: 0.8999999999999999

Residual: 0.3711775875435721


m: 5.0

n: 16.714285714285715

epsilon: 1.0999999999999999

Residual: 0.454115885073005


m: 5.0

n: 16.714285714285715

epsilon: 1.3

Residual: 0.5185671397057305


m: 5.0

n: 16.714285714285715

epsilon: 1.5

Residual: 0.5676331310283459


m: 5.0

n: 21.42857142857143

epsilon: 0.1

Residual: 0.6535023966439522


m: 5.0

n: 21.42857142857143

epsilon: 0.3

Residual: 0.24480430807510994


m: 5.0

n: 21.42857142857143

epsilon: 0.5

Residual: 0.14491391201146647


m: 5.0

n: 21.42857142857143

epsilon: 0.7

Residual: 0.1992057405656143


m: 5.0

n: 21.42857142857143

epsilon: 0.8999999999999999

Residual: 0.3062811280400446


m: 5.0

n: 21.42857142857143

epsilon: 1.0999999999999999

Residual: 0.39498696535992106


m: 5.0

n: 21.42857142857143

epsilon: 1.3

Residual: 0.4618909780718263


m: 5.0

n: 21.42857142857143

epsilon: 1.5

Residual: 0.5180076600316196


m: 5.0

n: 26.142857142857142

epsilon: 0.1

Residual: 0.6818170154100137


m: 5.0

n: 26.142857142857142

epsilon: 0.3

Residual: 0.27971328265654494


m: 5.0

n: 26.142857142857142

epsilon: 0.5

Residual: 0.14154544156590243


m: 5.0

n: 26.142857142857142

epsilon: 0.7

Residual: 0.17158660122566166


m: 5.0

n: 26.142857142857142

epsilon: 0.8999999999999999

Residual: 0.26082919800711146


m: 5.0

n: 26.142857142857142

epsilon: 1.0999999999999999

Residual: 0.35448025661241794


m: 5.0

n: 26.142857142857142

epsilon: 1.3

Residual: 0.4219421063966115


m: 5.0

n: 26.142857142857142

epsilon: 1.5

Residual: 0.48015261071941295


m: 5.0

n: 30.857142857142858

epsilon: 0.1

Residual: 0.6992089119151695


m: 5.0

n: 30.857142857142858

epsilon: 0.3

Residual: 0.30938881936552104


m: 5.0

n: 30.857142857142858

epsilon: 0.5

Residual: 0.15207294644652647


m: 5.0

n: 30.857142857142858

epsilon: 0.7

Residual: 0.1499867309551708


m: 5.0

n: 30.857142857142858

epsilon: 0.8999999999999999

Residual: 0.22869388215258663


m: 5.0

n: 30.857142857142858

epsilon: 1.0999999999999999

Residual: 0.3211815847590413


m: 5.0

n: 30.857142857142858

epsilon: 1.3

Residual: 0.39442975505037514


m: 5.0

n: 30.857142857142858

epsilon: 1.5

Residual: 0.45212818640662045


m: 5.0

n: 35.57142857142857

epsilon: 0.1

Residual: 0.7131031955675909


m: 5.0

n: 35.57142857142857

epsilon: 0.3

Residual: 0.3282842222231075


m: 5.0

n: 35.57142857142857

epsilon: 0.5

Residual: 0.15797518293882015


m: 5.0

n: 35.57142857142857

epsilon: 0.7

Residual: 0.14262173680803705


m: 5.0

n: 35.57142857142857

epsilon: 0.8999999999999999

Residual: 0.20612249810077


m: 5.0

n: 35.57142857142857

epsilon: 1.0999999999999999

Residual: 0.29872402047526947


m: 5.0

n: 35.57142857142857

epsilon: 1.3

Residual: 0.3704996200264338


m: 5.0

n: 35.57142857142857

epsilon: 1.5

Residual: 0.43070100783415055


m: 5.0

n: 40.285714285714285

epsilon: 0.1

Residual: 0.7218382023837865


m: 5.0

n: 40.285714285714285

epsilon: 0.3

Residual: 0.34718712430993387


m: 5.0

n: 40.285714285714285

epsilon: 0.5

Residual: 0.16549688136690402


m: 5.0

n: 40.285714285714285

epsilon: 0.7

Residual: 0.13727692905388458


m: 5.0

n: 40.285714285714285

epsilon: 0.8999999999999999

Residual: 0.19060918551082853


m: 5.0

n: 40.285714285714285

epsilon: 1.0999999999999999

Residual: 0.27788255871805945


m: 5.0

n: 40.285714285714285

epsilon: 1.3

Residual: 0.3535954574927821


m: 5.0

n: 40.285714285714285

epsilon: 1.5

Residual: 0.41520483972797684


m: 5.0

n: 45.0

epsilon: 0.1

Residual: 0.7308041831544866


m: 5.0

n: 45.0

epsilon: 0.3

Residual: 0.361217843438893


m: 5.0

n: 45.0

epsilon: 0.5

Residual: 0.17436345238019732


m: 5.0

n: 45.0

epsilon: 0.7

Residual: 0.13412917493130327


m: 5.0

n: 45.0

epsilon: 0.8999999999999999

Residual: 0.17801780190301036


m: 5.0

n: 45.0

epsilon: 1.0999999999999999

Residual: 0.2632818451331409


m: 5.0

n: 45.0

epsilon: 1.3

Residual: 0.33620098983910074


m: 5.0

n: 45.0

epsilon: 1.5

Residual: 0.3994738056301033


m: 5.285714285714286

n: 12.0

epsilon: 0.1

Residual: 0.5740213172271413


m: 5.285714285714286

n: 12.0

epsilon: 0.3

Residual: 0.17058098068986877


m: 5.285714285714286

n: 12.0

epsilon: 0.5

Residual: 0.18648150481900225


m: 5.285714285714286

n: 12.0

epsilon: 0.7

Residual: 0.3088501251665819


m: 5.285714285714286

n: 12.0

epsilon: 0.8999999999999999

Residual: 0.41749905567369283


m: 5.285714285714286

n: 12.0

epsilon: 1.0999999999999999

Residual: 0.4972518806161777


m: 5.285714285714286

n: 12.0

epsilon: 1.3

Residual: 0.5570996165672287


m: 5.285714285714286

n: 12.0

epsilon: 1.5

Residual: 0.6043098493898463


m: 5.285714285714286

n: 16.714285714285715

epsilon: 0.1

Residual: 0.6516982841627309


m: 5.285714285714286

n: 16.714285714285715

epsilon: 0.3

Residual: 0.2329517170873514


m: 5.285714285714286

n: 16.714285714285715

epsilon: 0.5

Residual: 0.13086887686594356


m: 5.285714285714286

n: 16.714285714285715

epsilon: 0.7

Residual: 0.19817379620927203


m: 5.285714285714286

n: 16.714285714285715

epsilon: 0.8999999999999999

Residual: 0.3093150450849303


m: 5.285714285714286

n: 16.714285714285715

epsilon: 1.0999999999999999

Residual: 0.39528368470963415


m: 5.285714285714286

n: 16.714285714285715

epsilon: 1.3

Residual: 0.4639270079656384


m: 5.285714285714286

n: 16.714285714285715

epsilon: 1.5

Residual: 0.520161757825197


m: 5.285714285714286

n: 21.42857142857143

epsilon: 0.1

Residual: 0.6941352010177103


m: 5.285714285714286

n: 21.42857142857143

epsilon: 0.3

Residual: 0.29564110589664305


m: 5.285714285714286

n: 21.42857142857143

epsilon: 0.5

Residual: 0.12905015379731832


m: 5.285714285714286

n: 21.42857142857143

epsilon: 0.7

Residual: 0.1456344122164447


m: 5.285714285714286

n: 21.42857142857143

epsilon: 0.8999999999999999

Residual: 0.23826236653763053


m: 5.285714285714286

n: 21.42857142857143

epsilon: 1.0999999999999999

Residual: 0.33191359248369506


m: 5.285714285714286

n: 21.42857142857143

epsilon: 1.3

Residual: 0.4026697122042375


m: 5.285714285714286

n: 21.42857142857143

epsilon: 1.5

Residual: 0.46320203570179547


m: 5.285714285714286

n: 26.142857142857142

epsilon: 0.1

Residual: 0.7186650510221844


m: 5.285714285714286

n: 26.142857142857142

epsilon: 0.3

Residual: 0.34181214670907173


m: 5.285714285714286

n: 26.142857142857142

epsilon: 0.5

Residual: 0.14446968929582962


m: 5.285714285714286

n: 26.142857142857142

epsilon: 0.7

Residual: 0.12088500607244772


m: 5.285714285714286

n: 26.142857142857142

epsilon: 0.8999999999999999

Residual: 0.19282562938344344


m: 5.285714285714286

n: 26.142857142857142

epsilon: 1.0999999999999999

Residual: 0.2847602953706994


m: 5.285714285714286

n: 26.142857142857142

epsilon: 1.3

Residual: 0.36224467154356654


m: 5.285714285714286

n: 26.142857142857142

epsilon: 1.5

Residual: 0.4231400259888302


m: 5.285714285714286

n: 30.857142857142858

epsilon: 0.1

Residual: 0.7359942924266596


m: 5.285714285714286

n: 30.857142857142858

epsilon: 0.3

Residual: 0.374560952854187


m: 5.285714285714286

n: 30.857142857142858

epsilon: 0.5

Residual: 0.15926381077111548


m: 5.285714285714286

n: 30.857142857142858

epsilon: 0.7

Residual: 0.11298071442480154


m: 5.285714285714286

n: 30.857142857142858

epsilon: 0.8999999999999999

Residual: 0.1608547004362829


m: 5.285714285714286

n: 30.857142857142858

epsilon: 1.0999999999999999

Residual: 0.2519564706910418


m: 5.285714285714286

n: 30.857142857142858

epsilon: 1.3

Residual: 0.32936414261549585


m: 5.285714285714286

n: 30.857142857142858

epsilon: 1.5

Residual: 0.3898184685185923


m: 5.285714285714286

n: 35.57142857142857

epsilon: 0.1

Residual: 0.7474420733864412


m: 5.285714285714286

n: 35.57142857142857

epsilon: 0.3

Residual: 0.3974973382760552


m: 5.285714285714286

n: 35.57142857142857

epsilon: 0.5

Residual: 0.17900158104322783


m: 5.285714285714286

n: 35.57142857142857

epsilon: 0.7

Residual: 0.1078973788717679


m: 5.285714285714286

n: 35.57142857142857

epsilon: 0.8999999999999999

Residual: 0.14096763851551836


m: 5.285714285714286

n: 35.57142857142857

epsilon: 1.0999999999999999

Residual: 0.21988456945652227


m: 5.285714285714286

n: 35.57142857142857

epsilon: 1.3

Residual: 0.30263981398916795


m: 5.285714285714286

n: 35.57142857142857

epsilon: 1.5

Residual: 0.36720748576487405


m: 5.285714285714286

n: 40.285714285714285

epsilon: 0.1

Residual: 0.7583923375864485


m: 5.285714285714286

n: 40.285714285714285

epsilon: 0.3

Residual: 0.4148695849484143


m: 5.285714285714286

n: 40.285714285714285

epsilon: 0.5

Residual: 0.19283782974367078


m: 5.285714285714286

n: 40.285714285714285

epsilon: 0.7

Residual: 0.11259681266683473


m: 5.285714285714286

n: 40.285714285714285

epsilon: 0.8999999999999999

Residual: 0.12554628005315188


m: 5.285714285714286

n: 40.285714285714285

epsilon: 1.0999999999999999

Residual: 0.20394139235994047


m: 5.285714285714286

n: 40.285714285714285

epsilon: 1.3

Residual: 0.2818675521778794


m: 5.285714285714286

n: 40.285714285714285

epsilon: 1.5

Residual: 0.34525583656616204


m: 5.285714285714286

n: 45.0

epsilon: 0.1

Residual: 0.7656520021070377


m: 5.285714285714286

n: 45.0

epsilon: 0.3

Residual: 0.4308282347192309


m: 5.285714285714286

n: 45.0

epsilon: 0.5

Residual: 0.20823150791486272


m: 5.285714285714286

n: 45.0

epsilon: 0.7

Residual: 0.11406689909711684


m: 5.285714285714286

n: 45.0

epsilon: 0.8999999999999999

Residual: 0.11619233327051627


m: 5.285714285714286

n: 45.0

epsilon: 1.0999999999999999

Residual: 0.18731158698649844


m: 5.285714285714286

n: 45.0

epsilon: 1.3

Residual: 0.2605211605319201


m: 5.285714285714286

n: 45.0

epsilon: 1.5

Residual: 0.32898127722212916


m: 5.571428571428571

n: 12.0

epsilon: 0.1

Residual: 0.6127666120525209


m: 5.571428571428571

n: 12.0

epsilon: 0.3

Residual: 0.1811456125313376


m: 5.571428571428571

n: 12.0

epsilon: 0.5

Residual: 0.14933770833011867


m: 5.571428571428571

n: 12.0

epsilon: 0.7

Residual: 0.2534261421507939


m: 5.571428571428571

n: 12.0

epsilon: 0.8999999999999999

Residual: 0.36309857555230907


m: 5.571428571428571

n: 12.0

epsilon: 1.0999999999999999

Residual: 0.4498522703310424


m: 5.571428571428571

n: 12.0

epsilon: 1.3

Residual: 0.512935190783492


m: 5.571428571428571

n: 12.0

epsilon: 1.5

Residual: 0.5643939943450268


m: 5.571428571428571

n: 16.714285714285715

epsilon: 0.1

Residual: 0.6890618900437592


m: 5.571428571428571

n: 16.714285714285715

epsilon: 0.3

Residual: 0.2865441665668355


m: 5.571428571428571

n: 16.714285714285715

epsilon: 0.5

Residual: 0.11080474919560718


m: 5.571428571428571

n: 16.714285714285715

epsilon: 0.7

Residual: 0.1464098625049167


m: 5.571428571428571

n: 16.714285714285715

epsilon: 0.8999999999999999

Residual: 0.24823106117977237


m: 5.571428571428571

n: 16.714285714285715

epsilon: 1.0999999999999999

Residual: 0.33845783308357574


m: 5.571428571428571

n: 16.714285714285715

epsilon: 1.3

Residual: 0.4090872451500325


m: 5.571428571428571

n: 16.714285714285715

epsilon: 1.5

Residual: 0.4681817466719498


m: 5.571428571428571

n: 21.42857142857143

epsilon: 0.1

Residual: 0.7278059749377558


m: 5.571428571428571

n: 21.42857142857143

epsilon: 0.3

Residual: 0.35621394163661785


m: 5.571428571428571

n: 21.42857142857143

epsilon: 0.5

Residual: 0.13363963425043787


m: 5.571428571428571

n: 21.42857142857143

epsilon: 0.7

Residual: 0.103280409495939


m: 5.571428571428571

n: 21.42857142857143

epsilon: 0.8999999999999999

Residual: 0.17400352680421702


m: 5.571428571428571

n: 21.42857142857143

epsilon: 1.0999999999999999

Residual: 0.26747096887997723


m: 5.571428571428571

n: 21.42857142857143

epsilon: 1.3

Residual: 0.34457610856066856


m: 5.571428571428571

n: 21.42857142857143

epsilon: 1.5

Residual: 0.40695511117684763


m: 5.571428571428571

n: 26.142857142857142

epsilon: 0.1

Residual: 0.7518193011004212


m: 5.571428571428571

n: 26.142857142857142

epsilon: 0.3

Residual: 0.40312020207112403


m: 5.571428571428571

n: 26.142857142857142

epsilon: 0.5

Residual: 0.17113886672659812


m: 5.571428571428571

n: 26.142857142857142

epsilon: 0.7

Residual: 0.08861776499255734


m: 5.571428571428571

n: 26.142857142857142

epsilon: 0.8999999999999999

Residual: 0.13287933598261767


m: 5.571428571428571

n: 26.142857142857142

epsilon: 1.0999999999999999

Residual: 0.21864404762245865


m: 5.571428571428571

n: 26.142857142857142

epsilon: 1.3

Residual: 0.29747618571589923


m: 5.571428571428571

n: 26.142857142857142

epsilon: 1.5

Residual: 0.36185962644022707


m: 5.571428571428571

n: 30.857142857142858

epsilon: 0.1

Residual: 0.7643985409926954


m: 5.571428571428571

n: 30.857142857142858

epsilon: 0.3

Residual: 0.43310762333996344


m: 5.571428571428571

n: 30.857142857142858

epsilon: 0.5

Residual: 0.2046593900298396


m: 5.571428571428571

n: 30.857142857142858

epsilon: 0.7

Residual: 0.09437757473178886


m: 5.571428571428571

n: 30.857142857142858

epsilon: 0.8999999999999999

Residual: 0.10355946751603573


m: 5.571428571428571

n: 30.857142857142858

epsilon: 1.0999999999999999

Residual: 0.18513533354489597


m: 5.571428571428571

n: 30.857142857142858

epsilon: 1.3

Residual: 0.2604879360420078


m: 5.571428571428571

n: 30.857142857142858

epsilon: 1.5

Residual: 0.3288772084834457


m: 5.571428571428571

n: 35.57142857142857

epsilon: 0.1

Residual: 0.779070478011335


m: 5.571428571428571

n: 35.57142857142857

epsilon: 0.3

Residual: 0.4558434073224864


m: 5.571428571428571

n: 35.57142857142857

epsilon: 0.5

Residual: 0.2321028762713408


m: 5.571428571428571

n: 35.57142857142857

epsilon: 0.7

Residual: 0.10152329558702973


m: 5.571428571428571

n: 35.57142857142857

epsilon: 0.8999999999999999

Residual: 0.09356419668398543


m: 5.571428571428571

n: 35.57142857142857

epsilon: 1.0999999999999999

Residual: 0.15330487700726128


m: 5.571428571428571

n: 35.57142857142857

epsilon: 1.3

Residual: 0.23604021568509165


m: 5.571428571428571

n: 35.57142857142857

epsilon: 1.5

Residual: 0.30045066860755815


m: 5.571428571428571

n: 40.285714285714285

epsilon: 0.1

Residual: 0.7877569025808081


m: 5.571428571428571

n: 40.285714285714285

epsilon: 0.3

Residual: 0.47248959665258206


m: 5.571428571428571

n: 40.285714285714285

epsilon: 0.5

Residual: 0.2521060376137192


m: 5.571428571428571

n: 40.285714285714285

epsilon: 0.7

Residual: 0.110852879392149


m: 5.571428571428571

n: 40.285714285714285

epsilon: 0.8999999999999999

Residual: 0.08076001971088344


m: 5.571428571428571

n: 40.285714285714285

epsilon: 1.0999999999999999

Residual: 0.13245249871808287


m: 5.571428571428571

n: 40.285714285714285

epsilon: 1.3

Residual: 0.21474966132193737


m: 5.571428571428571

n: 40.285714285714285

epsilon: 1.5

Residual: 0.2836004534482814


m: 5.571428571428571

n: 45.0

epsilon: 0.1

Residual: 0.7938895918995892


m: 5.571428571428571

n: 45.0

epsilon: 0.3

Residual: 0.48927304050793796


m: 5.571428571428571

n: 45.0

epsilon: 0.5

Residual: 0.27455236099654745


m: 5.571428571428571

n: 45.0

epsilon: 0.7

Residual: 0.1233902838565131


m: 5.571428571428571

n: 45.0

epsilon: 0.8999999999999999

Residual: 0.08424095731217955


m: 5.571428571428571

n: 45.0

epsilon: 1.0999999999999999

Residual: 0.11792446397484627


m: 5.571428571428571

n: 45.0

epsilon: 1.3

Residual: 0.19633948446023802


m: 5.571428571428571

n: 45.0

epsilon: 1.5

Residual: 0.262434583026602


m: 5.857142857142857

n: 12.0

epsilon: 0.1

Residual: 0.6489009586175415


m: 5.857142857142857

n: 12.0

epsilon: 0.3

Residual: 0.2187269598033636


m: 5.857142857142857

n: 12.0

epsilon: 0.5

Residual: 0.11700626254609883


m: 5.857142857142857

n: 12.0

epsilon: 0.7

Residual: 0.20325974000164654


m: 5.857142857142857

n: 12.0

epsilon: 0.8999999999999999

Residual: 0.31754127077256344


m: 5.857142857142857

n: 12.0

epsilon: 1.0999999999999999

Residual: 0.4039324278059248


m: 5.857142857142857

n: 12.0

epsilon: 1.3

Residual: 0.47058937241606463


m: 5.857142857142857

n: 12.0

epsilon: 1.5

Residual: 0.5248651532574418


m: 5.857142857142857

n: 16.714285714285715

epsilon: 0.1

Residual: 0.7191530800977758


m: 5.857142857142857

n: 16.714285714285715

epsilon: 0.3

Residual: 0.33865373270037386


m: 5.857142857142857

n: 16.714285714285715

epsilon: 0.5

Residual: 0.10939223750140878


m: 5.857142857142857

n: 16.714285714285715

epsilon: 0.7

Residual: 0.10446910243981096


m: 5.857142857142857

n: 16.714285714285715

epsilon: 0.8999999999999999

Residual: 0.19131546254740195


m: 5.857142857142857

n: 16.714285714285715

epsilon: 1.0999999999999999

Residual: 0.2855578048976536


m: 5.857142857142857

n: 16.714285714285715

epsilon: 1.3

Residual: 0.35997658972000945


m: 5.857142857142857

n: 16.714285714285715

epsilon: 1.5

Residual: 0.42202947415462333


m: 5.857142857142857

n: 21.42857142857143

epsilon: 0.1

Residual: 0.7550375802668093


m: 5.857142857142857

n: 21.42857142857143

epsilon: 0.3

Residual: 0.4130600242912738


m: 5.857142857142857

n: 21.42857142857143

epsilon: 0.5

Residual: 0.17532309804415358


m: 5.857142857142857

n: 21.42857142857143

epsilon: 0.7

Residual: 0.07350323460621594


m: 5.857142857142857

n: 21.42857142857143

epsilon: 0.8999999999999999

Residual: 0.12061588990916307


m: 5.857142857142857

n: 21.42857142857143

epsilon: 1.0999999999999999

Residual: 0.2095639366062686


m: 5.857142857142857

n: 21.42857142857143

epsilon: 1.3

Residual: 0.2895073272200705


m: 5.857142857142857

n: 21.42857142857143

epsilon: 1.5

Residual: 0.35076435385457944


m: 5.857142857142857

n: 26.142857142857142

epsilon: 0.1

Residual: 0.7786402227808159


m: 5.857142857142857

n: 26.142857142857142

epsilon: 0.3

Residual: 0.45316439123124247


m: 5.857142857142857

n: 26.142857142857142

epsilon: 0.5

Residual: 0.23340948963759398


m: 5.857142857142857

n: 26.142857142857142

epsilon: 0.7

Residual: 0.07930387742825352


m: 5.857142857142857

n: 26.142857142857142

epsilon: 0.8999999999999999

Residual: 0.07895455879882052


m: 5.857142857142857

n: 26.142857142857142

epsilon: 1.0999999999999999

Residual: 0.15887897351272326


m: 5.857142857142857

n: 26.142857142857142

epsilon: 1.3

Residual: 0.23657632988111482


m: 5.857142857142857

n: 26.142857142857142

epsilon: 1.5

Residual: 0.3038323680866893


m: 5.857142857142857

n: 30.857142857142858

epsilon: 0.1

Residual: 0.792370917987939


m: 5.857142857142857

n: 30.857142857142858

epsilon: 0.3

Residual: 0.4885461352478412


m: 5.857142857142857

n: 30.857142857142858

epsilon: 0.5

Residual: 0.26667856902772463


m: 5.857142857142857

n: 30.857142857142858

epsilon: 0.7

Residual: 0.10883479673259694


m: 5.857142857142857

n: 30.857142857142858

epsilon: 0.8999999999999999

Residual: 0.06212385927488813


m: 5.857142857142857

n: 30.857142857142858

epsilon: 1.0999999999999999

Residual: 0.11623165330298599


m: 5.857142857142857

n: 30.857142857142858

epsilon: 1.3

Residual: 0.19575653317232514


m: 5.857142857142857

n: 30.857142857142858

epsilon: 1.5

Residual: 0.2693686905196686


m: 5.857142857142857

n: 35.57142857142857

epsilon: 0.1

Residual: 0.8054821892658656


m: 5.857142857142857

n: 35.57142857142857

epsilon: 0.3

Residual: 0.5055743228267503


m: 5.857142857142857

n: 35.57142857142857

epsilon: 0.5

Residual: 0.29255948334453785


m: 5.857142857142857

n: 35.57142857142857

epsilon: 0.7

Residual: 0.1336597561021578


m: 5.857142857142857

n: 35.57142857142857

epsilon: 0.8999999999999999

Residual: 0.057604915606080574


m: 5.857142857142857

n: 35.57142857142857

epsilon: 1.0999999999999999

Residual: 0.0960962237854508


m: 5.857142857142857

n: 35.57142857142857

epsilon: 1.3

Residual: 0.1715907145424012


m: 5.857142857142857

n: 35.57142857142857

epsilon: 1.5

Residual: 0.24088321576155353


m: 5.857142857142857

n: 40.285714285714285

epsilon: 0.1

Residual: 0.8127236983280377


m: 5.857142857142857

n: 40.285714285714285

epsilon: 0.3

Residual: 0.5248621051015272


m: 5.857142857142857

n: 40.285714285714285

epsilon: 0.5

Residual: 0.3143014119852141


m: 5.857142857142857

n: 40.285714285714285

epsilon: 0.7

Residual: 0.15813892439260957


m: 5.857142857142857

n: 40.285714285714285

epsilon: 0.8999999999999999

Residual: 0.05595129416204626


m: 5.857142857142857

n: 40.285714285714285

epsilon: 1.0999999999999999

Residual: 0.07827217139238694


m: 5.857142857142857

n: 40.285714285714285

epsilon: 1.3

Residual: 0.14814632795888868


m: 5.857142857142857

n: 40.285714285714285

epsilon: 1.5

Residual: 0.21559316389588262


m: 5.857142857142857

n: 45.0

epsilon: 0.1

Residual: 0.8181305027047693


m: 5.857142857142857

n: 45.0

epsilon: 0.3

Residual: 0.5362246428059148


m: 5.857142857142857

n: 45.0

epsilon: 0.5

Residual: 0.33474546185195925


m: 5.857142857142857

n: 45.0

epsilon: 0.7

Residual: 0.17956682964428466


m: 5.857142857142857

n: 45.0

epsilon: 0.8999999999999999

Residual: 0.07106157453041079


m: 5.857142857142857

n: 45.0

epsilon: 1.0999999999999999

Residual: 0.06098335921749007


m: 5.857142857142857

n: 45.0

epsilon: 1.3

Residual: 0.13117236594655998


m: 5.857142857142857

n: 45.0

epsilon: 1.5

Residual: 0.20424169501495226


m: 6.142857142857142

n: 12.0

epsilon: 0.1

Residual: 0.675787677887039


m: 6.142857142857142

n: 12.0

epsilon: 0.3

Residual: 0.26710171914958897


m: 6.142857142857142

n: 12.0

epsilon: 0.5

Residual: 0.09302143474691305


m: 6.142857142857142

n: 12.0

epsilon: 0.7

Residual: 0.16019014045632277


m: 6.142857142857142

n: 12.0

epsilon: 0.8999999999999999

Residual: 0.26881694126786543


m: 6.142857142857142

n: 12.0

epsilon: 1.0999999999999999

Residual: 0.35972805847484185


m: 6.142857142857142

n: 12.0

epsilon: 1.3

Residual: 0.4298822206742378


m: 6.142857142857142

n: 12.0

epsilon: 1.5

Residual: 0.48515433930523755


m: 6.142857142857142

n: 16.714285714285715

epsilon: 0.1

Residual: 0.7452900588449753


m: 6.142857142857142

n: 16.714285714285715

epsilon: 0.3

Residual: 0.3913826250755844


m: 6.142857142857142

n: 16.714285714285715

epsilon: 0.5

Residual: 0.15438439334444382


m: 6.142857142857142

n: 16.714285714285715

epsilon: 0.7

Residual: 0.0703468808114651


m: 6.142857142857142

n: 16.714285714285715

epsilon: 0.8999999999999999

Residual: 0.13738499367947463


m: 6.142857142857142

n: 16.714285714285715

epsilon: 1.0999999999999999

Residual: 0.23295512386226233


m: 6.142857142857142

n: 16.714285714285715

epsilon: 1.3

Residual: 0.30941223043624444


m: 6.142857142857142

n: 16.714285714285715

epsilon: 1.5

Residual: 0.37514632055569735


m: 6.142857142857142

n: 21.42857142857143

epsilon: 0.1

Residual: 0.7795035834050783


m: 6.142857142857142

n: 21.42857142857143

epsilon: 0.3

Residual: 0.45696525484206374


m: 6.142857142857142

n: 21.42857142857143

epsilon: 0.5

Residual: 0.23927338269871604


m: 6.142857142857142

n: 21.42857142857143

epsilon: 0.7

Residual: 0.07143222625269616


m: 6.142857142857142

n: 21.42857142857143

epsilon: 0.8999999999999999

Residual: 0.06871477261651146


m: 6.142857142857142

n: 21.42857142857143

epsilon: 1.0999999999999999

Residual: 0.15137994925696222


m: 6.142857142857142

n: 21.42857142857143

epsilon: 1.3

Residual: 0.23515182930530026


m: 6.142857142857142

n: 21.42857142857143

epsilon: 1.5

Residual: 0.29976809215530204


m: 6.142857142857142

n: 26.142857142857142

epsilon: 0.1

Residual: 0.7997168950683538


m: 6.142857142857142

n: 26.142857142857142

epsilon: 0.3

Residual: 0.5013816677805679


m: 6.142857142857142

n: 26.142857142857142

epsilon: 0.5

Residual: 0.2919401773754959


m: 6.142857142857142

n: 26.142857142857142

epsilon: 0.7

Residual: 0.12708166574114269


m: 6.142857142857142

n: 26.142857142857142

epsilon: 0.8999999999999999

Residual: 0.04516828022606117


m: 6.142857142857142

n: 26.142857142857142

epsilon: 1.0999999999999999

Residual: 0.10316899425577772


m: 6.142857142857142

n: 26.142857142857142

epsilon: 1.3

Residual: 0.17951115016938948


m: 6.142857142857142

n: 26.142857142857142

epsilon: 1.5

Residual: 0.249246398139682


m: 6.142857142857142

n: 30.857142857142858

epsilon: 0.1

Residual: 0.8144103225481365


m: 6.142857142857142

n: 30.857142857142858

epsilon: 0.3

Residual: 0.5303572373078931


m: 6.142857142857142

n: 30.857142857142858

epsilon: 0.5

Residual: 0.31895311627234435


m: 6.142857142857142

n: 30.857142857142858

epsilon: 0.7

Residual: 0.16535343305823977


m: 6.142857142857142

n: 30.857142857142858

epsilon: 0.8999999999999999

Residual: 0.046646496569368257


m: 6.142857142857142

n: 30.857142857142858

epsilon: 1.0999999999999999

Residual: 0.05794875492724703


m: 6.142857142857142

n: 30.857142857142858

epsilon: 1.3

Residual: 0.1460038846013745


m: 6.142857142857142

n: 30.857142857142858

epsilon: 1.5

Residual: 0.21235704080488196


m: 6.142857142857142

n: 35.57142857142857

epsilon: 0.1

Residual: 0.8251222287331704


m: 6.142857142857142

n: 35.57142857142857

epsilon: 0.3

Residual: 0.5549391205657194


m: 6.142857142857142

n: 35.57142857142857

epsilon: 0.5

Residual: 0.3512356579284238


m: 6.142857142857142

n: 35.57142857142857

epsilon: 0.7

Residual: 0.19803236760743084


m: 6.142857142857142

n: 35.57142857142857

epsilon: 0.8999999999999999

Residual: 0.06749592432970801


m: 6.142857142857142

n: 35.57142857142857

epsilon: 1.0999999999999999

Residual: 0.04712181397772964


m: 6.142857142857142

n: 35.57142857142857

epsilon: 1.3

Residual: 0.11267088753643444


m: 6.142857142857142

n: 35.57142857142857

epsilon: 1.5

Residual: 0.18056798641535932


m: 6.142857142857142

n: 40.285714285714285

epsilon: 0.1

Residual: 0.8316708142310261


m: 6.142857142857142

n: 40.285714285714285

epsilon: 0.3

Residual: 0.5716230158609675


m: 6.142857142857142

n: 40.285714285714285

epsilon: 0.5

Residual: 0.37021208070757855


m: 6.142857142857142

n: 40.285714285714285

epsilon: 0.7

Residual: 0.21918375227429646


m: 6.142857142857142

n: 40.285714285714285

epsilon: 0.8999999999999999

Residual: 0.09656291597521585


m: 6.142857142857142

n: 40.285714285714285

epsilon: 1.0999999999999999

Residual: 0.038128789121877


m: 6.142857142857142

n: 40.285714285714285

epsilon: 1.3

Residual: 0.09058652285651372


m: 6.142857142857142

n: 40.285714285714285

epsilon: 1.5

Residual: 0.15456031379035798


m: 6.142857142857142

n: 45.0

epsilon: 0.1

Residual: 0.8381125186631357


m: 6.142857142857142

n: 45.0

epsilon: 0.3

Residual: 0.584908753753873


m: 6.142857142857142

n: 45.0

epsilon: 0.5

Residual: 0.3847031900492647


m: 6.142857142857142

n: 45.0

epsilon: 0.7

Residual: 0.23822991978550495


m: 6.142857142857142

n: 45.0

epsilon: 0.8999999999999999

Residual: 0.10812997884748575


m: 6.142857142857142

n: 45.0

epsilon: 1.0999999999999999

Residual: 0.032870486398258444


m: 6.142857142857142

n: 45.0

epsilon: 1.3

Residual: 0.07037138412388572


m: 6.142857142857142

n: 45.0

epsilon: 1.5

Residual: 0.13583307274678594


m: 6.428571428571429

n: 12.0

epsilon: 0.1

Residual: 0.7008492640035635


m: 6.428571428571429

n: 12.0

epsilon: 0.3

Residual: 0.3105894848352438


m: 6.428571428571429

n: 12.0

epsilon: 0.5

Residual: 0.08088958543593908


m: 6.428571428571429

n: 12.0

epsilon: 0.7

Residual: 0.11747384303502348


m: 6.428571428571429

n: 12.0

epsilon: 0.8999999999999999

Residual: 0.2221876326714006


m: 6.428571428571429

n: 12.0

epsilon: 1.0999999999999999

Residual: 0.31562958486178117


m: 6.428571428571429

n: 12.0

epsilon: 1.3

Residual: 0.39067472174152534


m: 6.428571428571429

n: 12.0

epsilon: 1.5

Residual: 0.44951979398983505


m: 6.428571428571429

n: 16.714285714285715

epsilon: 0.1

Residual: 0.7676289514161927


m: 6.428571428571429

n: 16.714285714285715

epsilon: 0.3

Residual: 0.43777778871663325


m: 6.428571428571429

n: 16.714285714285715

epsilon: 0.5

Residual: 0.2071254862357499


m: 6.428571428571429

n: 16.714285714285715

epsilon: 0.7

Residual: 0.05229783916137575


m: 6.428571428571429

n: 16.714285714285715

epsilon: 0.8999999999999999

Residual: 0.09581567993412277


m: 6.428571428571429

n: 16.714285714285715

epsilon: 1.0999999999999999

Residual: 0.18085723638477752


m: 6.428571428571429

n: 16.714285714285715

epsilon: 1.3

Residual: 0.26285021387997975


m: 6.428571428571429

n: 16.714285714285715

epsilon: 1.5

Residual: 0.32597081452975346


m: 6.428571428571429

n: 21.42857142857143

epsilon: 0.1

Residual: 0.7991789307263346


m: 6.428571428571429

n: 21.42857142857143

epsilon: 0.3

Residual: 0.500688030107912


m: 6.428571428571429

n: 21.42857142857143

epsilon: 0.5

Residual: 0.28411968551060246


m: 6.428571428571429

n: 21.42857142857143

epsilon: 0.7

Residual: 0.1226598908902262


m: 6.428571428571429

n: 21.42857142857143

epsilon: 0.8999999999999999

Residual: 0.034566384149686054


m: 6.428571428571429

n: 21.42857142857143

epsilon: 1.0999999999999999

Residual: 0.09990201406839623


m: 6.428571428571429

n: 21.42857142857143

epsilon: 1.3

Residual: 0.1789615864951792


m: 6.428571428571429

n: 21.42857142857143

epsilon: 1.5

Residual: 0.24593868799140572


m: 6.428571428571429

n: 26.142857142857142

epsilon: 0.1

Residual: 0.8213051782368649


m: 6.428571428571429

n: 26.142857142857142

epsilon: 0.3

Residual: 0.5404938593323187


m: 6.428571428571429

n: 26.142857142857142

epsilon: 0.5

Residual: 0.3399996184946064


m: 6.428571428571429

n: 26.142857142857142

epsilon: 0.7

Residual: 0.18050821632149344


m: 6.428571428571429

n: 26.142857142857142

epsilon: 0.8999999999999999

Residual: 0.058486691041353484


m: 6.428571428571429

n: 26.142857142857142

epsilon: 1.0999999999999999

Residual: 0.04724953847861001


m: 6.428571428571429

n: 26.142857142857142

epsilon: 1.3

Residual: 0.121903112451266


m: 6.428571428571429

n: 26.142857142857142

epsilon: 1.5

Residual: 0.1980562350516749


m: 6.428571428571429

n: 30.857142857142858

epsilon: 0.1

Residual: 0.8322060132088551


m: 6.428571428571429

n: 30.857142857142858

epsilon: 0.3

Residual: 0.5712742031094276


m: 6.428571428571429

n: 30.857142857142858

epsilon: 0.5

Residual: 0.37082955173772664


m: 6.428571428571429

n: 30.857142857142858

epsilon: 0.7

Residual: 0.21869650315190667


m: 6.428571428571429

n: 30.857142857142858

epsilon: 0.8999999999999999

Residual: 0.09930747721656875


m: 6.428571428571429

n: 30.857142857142858

epsilon: 1.0999999999999999

Residual: 0.0245608016845903


m: 6.428571428571429

n: 30.857142857142858

epsilon: 1.3

Residual: 0.08888333946799269


m: 6.428571428571429

n: 30.857142857142858

epsilon: 1.5

Residual: 0.15363446922439955


m: 6.428571428571429

n: 35.57142857142857

epsilon: 0.1

Residual: 0.8418816850200226


m: 6.428571428571429

n: 35.57142857142857

epsilon: 0.3

Residual: 0.5924747527860167


m: 6.428571428571429

n: 35.57142857142857

epsilon: 0.5

Residual: 0.4005850822257787


m: 6.428571428571429

n: 35.57142857142857

epsilon: 0.7

Residual: 0.24863201769479285


m: 6.428571428571429

n: 35.57142857142857

epsilon: 0.8999999999999999

Residual: 0.12691796809779127


m: 6.428571428571429

n: 35.57142857142857

epsilon: 1.0999999999999999

Residual: 0.0314837171453815


m: 6.428571428571429

n: 35.57142857142857

epsilon: 1.3

Residual: 0.05509273531247929


m: 6.428571428571429

n: 35.57142857142857

epsilon: 1.5

Residual: 0.12099416966018771


m: 6.428571428571429

n: 40.285714285714285

epsilon: 0.1

Residual: 0.8497447768322108


m: 6.428571428571429

n: 40.285714285714285

epsilon: 0.3

Residual: 0.6093576133439169


m: 6.428571428571429

n: 40.285714285714285

epsilon: 0.5

Residual: 0.422579612268407


m: 6.428571428571429

n: 40.285714285714285

epsilon: 0.7

Residual: 0.27122246166634756


m: 6.428571428571429

n: 40.285714285714285

epsilon: 0.8999999999999999

Residual: 0.1556517046329649


m: 6.428571428571429

n: 40.285714285714285

epsilon: 1.0999999999999999

Residual: 0.05640253777463731


m: 6.428571428571429

n: 40.285714285714285

epsilon: 1.3

Residual: 0.03486519848620868


m: 6.428571428571429

n: 40.285714285714285

epsilon: 1.5

Residual: 0.10108245100314912


m: 6.428571428571429

n: 45.0

epsilon: 0.1

Residual: 0.8531443779312463


m: 6.428571428571429

n: 45.0

epsilon: 0.3

Residual: 0.6189076329234818


m: 6.428571428571429

n: 45.0

epsilon: 0.5

Residual: 0.4396642769196319


m: 6.428571428571429

n: 45.0

epsilon: 0.7

Residual: 0.2937248584881251


m: 6.428571428571429

n: 45.0

epsilon: 0.8999999999999999

Residual: 0.17768595673301518


m: 6.428571428571429

n: 45.0

epsilon: 1.0999999999999999

Residual: 0.073519095660545


m: 6.428571428571429

n: 45.0

epsilon: 1.3

Residual: 0.0236843875470418


m: 6.428571428571429

n: 45.0

epsilon: 1.5

Residual: 0.07456124240847609


m: 6.714285714285714

n: 12.0

epsilon: 0.1

Residual: 0.7234839420674285


m: 6.714285714285714

n: 12.0

epsilon: 0.3

Residual: 0.34991109893622385


m: 6.714285714285714

n: 12.0

epsilon: 0.5

Residual: 0.10987291223341418


m: 6.714285714285714

n: 12.0

epsilon: 0.7

Residual: 0.0860399926524103


m: 6.714285714285714

n: 12.0

epsilon: 0.8999999999999999

Residual: 0.18188909308521053


m: 6.714285714285714

n: 12.0

epsilon: 1.0999999999999999

Residual: 0.2766825625677301


m: 6.714285714285714

n: 12.0

epsilon: 1.3

Residual: 0.35252382204544136


m: 6.714285714285714

n: 12.0

epsilon: 1.5

Residual: 0.41259579712633637


m: 6.714285714285714

n: 16.714285714285715

epsilon: 0.1

Residual: 0.785268837963108


m: 6.714285714285714

n: 16.714285714285715

epsilon: 0.3

Residual: 0.4719912985211519


m: 6.714285714285714

n: 16.714285714285715

epsilon: 0.5

Residual: 0.24897496403022243


m: 6.714285714285714

n: 16.714285714285715

epsilon: 0.7

Residual: 0.09313797466185848


m: 6.714285714285714

n: 16.714285714285715

epsilon: 0.8999999999999999

Residual: 0.058336912111172784


m: 6.714285714285714

n: 16.714285714285715

epsilon: 1.0999999999999999

Residual: 0.13694729932932598


m: 6.714285714285714

n: 16.714285714285715

epsilon: 1.3

Residual: 0.21726855661298414


m: 6.714285714285714

n: 16.714285714285715

epsilon: 1.5

Residual: 0.2862454554298477


m: 6.714285714285714

n: 21.42857142857143

epsilon: 0.1

Residual: 0.8190847794126268


m: 6.714285714285714

n: 21.42857142857143

epsilon: 0.3

Residual: 0.5414515823154328


m: 6.714285714285714

n: 21.42857142857143

epsilon: 0.5

Residual: 0.32756851331857173


m: 6.714285714285714

n: 21.42857142857143

epsilon: 0.7

Residual: 0.17279241263103687


m: 6.714285714285714

n: 21.42857142857143

epsilon: 0.8999999999999999

Residual: 0.04840814977790304


m: 6.714285714285714

n: 21.42857142857143

epsilon: 1.0999999999999999

Residual: 0.062025258596921616


m: 6.714285714285714

n: 21.42857142857143

epsilon: 1.3

Residual: 0.13342261211899853


m: 6.714285714285714

n: 21.42857142857143

epsilon: 1.5

Residual: 0.19467841015030385


m: 6.714285714285714

n: 26.142857142857142

epsilon: 0.1

Residual: 0.8367476618481471


m: 6.714285714285714

n: 26.142857142857142

epsilon: 0.3

Residual: 0.5829210385844305


m: 6.714285714285714

n: 26.142857142857142

epsilon: 0.5

Residual: 0.374022128863628


m: 6.714285714285714

n: 26.142857142857142

epsilon: 0.7

Residual: 0.2314668249430945


m: 6.714285714285714

n: 26.142857142857142

epsilon: 0.8999999999999999

Residual: 0.11131443713478807


m: 6.714285714285714

n: 26.142857142857142

epsilon: 1.0999999999999999

Residual: 0.03048935869878237


m: 6.714285714285714

n: 26.142857142857142

epsilon: 1.3

Residual: 0.08061133544306569


m: 6.714285714285714

n: 26.142857142857142

epsilon: 1.5

Residual: 0.1417500689117572


m: 6.714285714285714

n: 30.857142857142858

epsilon: 0.1

Residual: 0.8492567173004878


m: 6.714285714285714

n: 30.857142857142858

epsilon: 0.3

Residual: 0.6079642491439449


m: 6.714285714285714

n: 30.857142857142858

epsilon: 0.5

Residual: 0.4177797128216173


m: 6.714285714285714

n: 30.857142857142858

epsilon: 0.7

Residual: 0.2772947787727087


m: 6.714285714285714

n: 30.857142857142858

epsilon: 0.8999999999999999

Residual: 0.1499425212882413


m: 6.714285714285714

n: 30.857142857142858

epsilon: 1.0999999999999999

Residual: 0.058476303963336154


m: 6.714285714285714

n: 30.857142857142858

epsilon: 1.3

Residual: 0.04687322694703622


m: 6.714285714285714

n: 30.857142857142858

epsilon: 1.5

Residual: 0.10006936244761812


m: 6.714285714285714

n: 35.57142857142857

epsilon: 0.1

Residual: 0.8549235197662095


m: 6.714285714285714

n: 35.57142857142857

epsilon: 0.3

Residual: 0.6244263326874214


m: 6.714285714285714

n: 35.57142857142857

epsilon: 0.5

Residual: 0.4464633934790128


m: 6.714285714285714

n: 35.57142857142857

epsilon: 0.7

Residual: 0.30634098604964505


m: 6.714285714285714

n: 35.57142857142857

epsilon: 0.8999999999999999

Residual: 0.18574434763534678


m: 6.714285714285714

n: 35.57142857142857

epsilon: 1.0999999999999999

Residual: 0.0839035120182801


m: 6.714285714285714

n: 35.57142857142857

epsilon: 1.3

Residual: 0.025284076858185543


m: 6.714285714285714

n: 35.57142857142857

epsilon: 1.5

Residual: 0.07007808080352858


m: 6.714285714285714

n: 40.285714285714285

epsilon: 0.1

Residual: 0.8635548623445894


m: 6.714285714285714

n: 40.285714285714285

epsilon: 0.3

Residual: 0.6410257474138177


m: 6.714285714285714

n: 40.285714285714285

epsilon: 0.5

Residual: 0.46443529096008657


m: 6.714285714285714

n: 40.285714285714285

epsilon: 0.7

Residual: 0.32401640749612654


m: 6.714285714285714

n: 40.285714285714285

epsilon: 0.8999999999999999

Residual: 0.2025549181411366


m: 6.714285714285714

n: 40.285714285714285

epsilon: 1.0999999999999999

Residual: 0.10680006583456585


m: 6.714285714285714

n: 40.285714285714285

epsilon: 1.3

Residual: 0.0289391722529691


m: 6.714285714285714

n: 40.285714285714285

epsilon: 1.5

Residual: 0.05036307606423907


m: 6.714285714285714

n: 45.0

epsilon: 0.1

Residual: 0.8700523535405424


m: 6.714285714285714

n: 45.0

epsilon: 0.3

Residual: 0.6558917674933927


m: 6.714285714285714

n: 45.0

epsilon: 0.5

Residual: 0.485254965923901


m: 6.714285714285714

n: 45.0

epsilon: 0.7

Residual: 0.3418858274604318


m: 6.714285714285714

n: 45.0

epsilon: 0.8999999999999999

Residual: 0.2242746306180287


m: 6.714285714285714

n: 45.0

epsilon: 1.0999999999999999

Residual: 0.12951829585361085


m: 6.714285714285714

n: 45.0

epsilon: 1.3

Residual: 0.04679267445797329


m: 6.714285714285714

n: 45.0

epsilon: 1.5

Residual: 0.04006058881080453


m: 7.0

n: 12.0

epsilon: 0.1

Residual: 0.742369089982679


m: 7.0

n: 12.0

epsilon: 0.3

Residual: 0.3834635590291367


m: 7.0

n: 12.0

epsilon: 0.5

Residual: 0.15393870177645105


m: 7.0

n: 12.0

epsilon: 0.7

Residual: 0.06465974389734028


m: 7.0

n: 12.0

epsilon: 0.8999999999999999

Residual: 0.1406348785096351


m: 7.0

n: 12.0

epsilon: 1.0999999999999999

Residual: 0.23773407993976944


m: 7.0

n: 12.0

epsilon: 1.3

Residual: 0.3167884290909517


m: 7.0

n: 12.0

epsilon: 1.5

Residual: 0.3787872248249483


m: 7.0

n: 16.714285714285715

epsilon: 0.1

Residual: 0.8033063907259999


m: 7.0

n: 16.714285714285715

epsilon: 0.3

Residual: 0.5062224657722961


m: 7.0

n: 16.714285714285715

epsilon: 0.5

Residual: 0.29477268481504854


m: 7.0

n: 16.714285714285715

epsilon: 0.7

Residual: 0.13357223844730592


m: 7.0

n: 16.714285714285715

epsilon: 0.8999999999999999

Residual: 0.04352662865714399


m: 7.0

n: 16.714285714285715

epsilon: 1.0999999999999999

Residual: 0.09955610212888649


m: 7.0

n: 16.714285714285715

epsilon: 1.3

Residual: 0.1732434626401063


m: 7.0

n: 16.714285714285715

epsilon: 1.5

Residual: 0.24400045931105901


m: 7.0

n: 21.42857142857143

epsilon: 0.1

Residual: 0.8326436029628126


m: 7.0

n: 21.42857142857143

epsilon: 0.3

Residual: 0.5697094534483891


m: 7.0

n: 21.42857142857143

epsilon: 0.5

Residual: 0.37887900770055893


m: 7.0

n: 21.42857142857143

epsilon: 0.7

Residual: 0.22217251147001335


m: 7.0

n: 21.42857142857143

epsilon: 0.8999999999999999

Residual: 0.09783340541071092


m: 7.0

n: 21.42857142857143

epsilon: 1.0999999999999999

Residual: 0.037332129235994424


m: 7.0

n: 21.42857142857143

epsilon: 1.3

Residual: 0.1000208369460111


m: 7.0

n: 21.42857142857143

epsilon: 1.5

Residual: 0.15833019124031436


m: 7.0

n: 26.142857142857142

epsilon: 0.1

Residual: 0.8504624339623426


m: 7.0

n: 26.142857142857142

epsilon: 0.3

Residual: 0.6048457922531543


m: 7.0

n: 26.142857142857142

epsilon: 0.5

Residual: 0.4224178135217971


m: 7.0

n: 26.142857142857142

epsilon: 0.7

Residual: 0.27455015326423904


m: 7.0

n: 26.142857142857142

epsilon: 0.8999999999999999

Residual: 0.1571816385160422


m: 7.0

n: 26.142857142857142

epsilon: 1.0999999999999999

Residual: 0.05575653663969671


m: 7.0

n: 26.142857142857142

epsilon: 1.3

Residual: 0.047286328078026296


m: 7.0

n: 26.142857142857142

epsilon: 1.5

Residual: 0.10872126705876918


m: 7.0

n: 30.857142857142858

epsilon: 0.1

Residual: 0.8636073334800833


m: 7.0

n: 30.857142857142858

epsilon: 0.3

Residual: 0.6358722840265417


m: 7.0

n: 30.857142857142858

epsilon: 0.5

Residual: 0.4545161822986505


m: 7.0

n: 30.857142857142858

epsilon: 0.7

Residual: 0.31346846942908807


m: 7.0

n: 30.857142857142858

epsilon: 0.8999999999999999

Residual: 0.2101740588048371


m: 7.0

n: 30.857142857142858

epsilon: 1.0999999999999999

Residual: 0.10227750094417148


m: 7.0

n: 30.857142857142858

epsilon: 1.3

Residual: 0.03928862539767194


m: 7.0

n: 30.857142857142858

epsilon: 1.5

Residual: 0.06997863063493866


m: 7.0

n: 35.57142857142857

epsilon: 0.1

Residual: 0.8692313220943013


m: 7.0

n: 35.57142857142857

epsilon: 0.3

Residual: 0.6581602871413086


m: 7.0

n: 35.57142857142857

epsilon: 0.5

Residual: 0.48968493185615847


m: 7.0

n: 35.57142857142857

epsilon: 0.7

Residual: 0.34725905850627387


m: 7.0

n: 35.57142857142857

epsilon: 0.8999999999999999

Residual: 0.22055710729797945


m: 7.0

n: 35.57142857142857

epsilon: 1.0999999999999999

Residual: 0.13566421861142863


m: 7.0

n: 35.57142857142857

epsilon: 1.3

Residual: 0.05316272880800935


m: 7.0

n: 35.57142857142857

epsilon: 1.5

Residual: 0.05118104772638863


m: 7.0

n: 40.285714285714285

epsilon: 0.1

Residual: 0.8771440589248047


m: 7.0

n: 40.285714285714285

epsilon: 0.3

Residual: 0.6721825860545215


m: 7.0

n: 40.285714285714285

epsilon: 0.5

Residual: 0.5093294250672735


m: 7.0

n: 40.285714285714285

epsilon: 0.7

Residual: 0.36701033681837697


m: 7.0

n: 40.285714285714285

epsilon: 0.8999999999999999

Residual: 0.2593183813094578


m: 7.0

n: 40.285714285714285

epsilon: 1.0999999999999999

Residual: 0.16437431177851136


m: 7.0

n: 40.285714285714285

epsilon: 1.3

Residual: 0.0789271941524731


m: 7.0

n: 40.285714285714285

epsilon: 1.5

Residual: 0.04205611398212261


m: 7.0

n: 45.0

epsilon: 0.1

Residual: 0.8826229404620775


m: 7.0

n: 45.0

epsilon: 0.3

Residual: 0.6822800924529656


m: 7.0

n: 45.0

epsilon: 0.5

Residual: 0.5188822034750397


m: 7.0

n: 45.0

epsilon: 0.7

Residual: 0.3824276401574044


m: 7.0

n: 45.0

epsilon: 0.8999999999999999

Residual: 0.27678656747396846


m: 7.0

n: 45.0

epsilon: 1.0999999999999999

Residual: 0.18419161236484585


m: 7.0

n: 45.0

epsilon: 1.3

Residual: 0.09876103832206942


m: 7.0

n: 45.0

epsilon: 1.5

Residual: 0.03887371349178595


