epsilon: 0.01

m: 3.0

Residual: 0.5846895481943759


epsilon: 0.01

m: 3.0

Residual: 0.5844649114714285


epsilon: 0.01

m: 3.1666666666666665

Residual: 0.6676888608395946


epsilon: 0.01

m: 3.3333333333333335

Residual: 0.7468725544930487


epsilon: 0.01

m: 3.5

Residual: 0.8118137174604046


epsilon: 0.01

m: 3.6666666666666665

Residual: 0.8604194224488894


epsilon: 0.01

m: 3.833333333333333

Residual: 0.8952964362985193


epsilon: 0.01

m: 4.0

Residual: 0.9211508746654549


epsilon: 0.01

m: 4.166666666666666

Residual: 0.9402356634118434


epsilon: 0.01

m: 4.333333333333333

Residual: 0.9539450373088133


epsilon: 0.01

m: 4.5

Residual: 0.9638310994927534


epsilon: 0.01

m: 4.666666666666666

Residual: 0.9708162537781674


epsilon: 0.01

m: 4.833333333333333

Residual: 0.9764887012398683


epsilon: 0.01

m: 5.0

Residual: 0.981382247936116


epsilon: 0.01

m: 5.166666666666666

Residual: 0.9840745072389923


epsilon: 0.01

m: 5.333333333333333

Residual: 0.9869741652977488


epsilon: 0.01

m: 5.5

Residual: 0.9892508499283548


epsilon: 0.01

m: 5.666666666666666

Residual: 0.9910669680831704


epsilon: 0.01

m: 5.833333333333333

Residual: 0.9926834684323811


epsilon: 0.01

m: 6.0

Residual: 0.9934403667113693


epsilon: 0.01

m: 6.166666666666666

Residual: 0.9946861630385784


epsilon: 0.01

m: 6.333333333333333

Residual: 0.9953393432066023


epsilon: 0.01

m: 6.5

Residual: 0.9952198849578243


epsilon: 0.01

m: 6.666666666666666

Residual: 0.9953980842798296


epsilon: 0.01

m: 6.833333333333333

Residual: 0.9966092197592986


epsilon: 0.01

m: 7.0

Residual: 0.9960864436212474


epsilon: 0.3429166666666667

m: 3.0

Residual: 0.8198953713444641


epsilon: 0.3429166666666667

m: 3.1666666666666665

Residual: 0.7519302543720722


epsilon: 0.3429166666666667

m: 3.3333333333333335

Residual: 0.6657368816061736


epsilon: 0.3429166666666667

m: 3.5

Residual: 0.5596084862341756


epsilon: 0.3429166666666667

m: 3.6666666666666665

Residual: 0.43949221412671974


epsilon: 0.3429166666666667

m: 3.833333333333333

Residual: 0.31789847246502023


epsilon: 0.3429166666666667

m: 4.0

Residual: 0.20006818176864682


epsilon: 0.3429166666666667

m: 4.166666666666666

Residual: 0.14549534191752173


epsilon: 0.3429166666666667

m: 4.333333333333333

Residual: 0.1599510954433801


epsilon: 0.3429166666666667

m: 4.5

Residual: 0.23087770975052013


epsilon: 0.3429166666666667

m: 4.666666666666666

Residual: 0.3263660433770131


epsilon: 0.3429166666666667

m: 4.833333333333333

Residual: 0.4282405965234868


epsilon: 0.3429166666666667

m: 5.0

Residual: 0.5238040021828816


epsilon: 0.3429166666666667

m: 5.166666666666666

Residual: 0.5745239584821981


epsilon: 0.3429166666666667

m: 5.333333333333333

Residual: 0.6330852458799456


epsilon: 0.3429166666666667

m: 5.5

Residual: 0.7165488370847245


epsilon: 0.3429166666666667

m: 5.666666666666666

Residual: 0.7542528659735482


epsilon: 0.3429166666666667

m: 5.833333333333333

Residual: 0.7775353912309239


epsilon: 0.3429166666666667

m: 6.0

Residual: 0.8077083962135971


epsilon: 0.3429166666666667

m: 6.166666666666666

Residual: 0.8330814131042072


epsilon: 0.3429166666666667

m: 6.333333333333333

Residual: 0.832276080145951


epsilon: 0.3429166666666667

m: 6.5

Residual: 0.8332569645103932


epsilon: 0.3429166666666667

m: 6.666666666666666

Residual: 0.8639625268561211


epsilon: 0.3429166666666667

m: 6.833333333333333

Residual: 0.8932083597989195


epsilon: 0.3429166666666667

m: 7.0

Residual: 0.902116446130534


epsilon: 0.6758333333333334

m: 3.0

Residual: 0.9043330248909753


epsilon: 0.6758333333333334

m: 3.1666666666666665

Residual: 0.8655522511318388


epsilon: 0.6758333333333334

m: 3.3333333333333335

Residual: 0.8152143981832664


epsilon: 0.6758333333333334

m: 3.5

Residual: 0.7500103683832708


epsilon: 0.6758333333333334

m: 3.6666666666666665

Residual: 0.6707712748129857


epsilon: 0.6758333333333334

m: 3.833333333333333

Residual: 0.5769898050620915


epsilon: 0.6758333333333334

m: 4.0

Residual: 0.4669374775526184


epsilon: 0.6758333333333334

m: 4.166666666666666

Residual: 0.3499917564050162


epsilon: 0.6758333333333334

m: 4.333333333333333

Residual: 0.23439571049078226


epsilon: 0.6758333333333334

m: 4.5

Residual: 0.12562027845097334


epsilon: 0.6758333333333334

m: 4.666666666666666

Residual: 0.035978158873317796


epsilon: 0.6758333333333334

m: 4.833333333333333

Residual: 0.12886592497421684


epsilon: 0.6758333333333334

m: 5.0

Residual: 0.2284447928547592


epsilon: 0.6758333333333334

m: 5.166666666666666

Residual: 0.29106647127212776


epsilon: 0.6758333333333334

m: 5.333333333333333

Residual: 0.39111648329364823


epsilon: 0.6758333333333334

m: 5.5

Residual: 0.44357424183709016


epsilon: 0.6758333333333334

m: 5.666666666666666

Residual: 0.535338929746051


epsilon: 0.6758333333333334

m: 5.833333333333333

Residual: 0.5602541903165016


epsilon: 0.6758333333333334

m: 6.0

Residual: 0.6335611784044841


epsilon: 0.6758333333333334

m: 6.166666666666666

Residual: 0.7013503645934972


epsilon: 0.6758333333333334

m: 6.333333333333333

Residual: 0.6873878326634797


epsilon: 0.6758333333333334

m: 6.5

Residual: 0.7424024827360514


epsilon: 0.6758333333333334

m: 6.666666666666666

Residual: 0.7468559160472675


epsilon: 0.6758333333333334

m: 6.833333333333333

Residual: 0.804885560018135


epsilon: 0.6758333333333334

m: 7.0

Residual: 0.7934430818615916


epsilon: 1.00875

m: 3.0

Residual: 0.9349567383676349


epsilon: 1.00875

m: 3.1666666666666665

Residual: 0.907979284311337


epsilon: 1.00875

m: 3.3333333333333335

Residual: 0.8722937326127449


epsilon: 1.00875

m: 3.5

Residual: 0.82532867683855


epsilon: 1.00875

m: 3.6666666666666665

Residual: 0.7664389066807863


epsilon: 1.00875

m: 3.833333333333333

Residual: 0.6944471910180771


epsilon: 1.00875

m: 4.0

Residual: 0.6092386976068878


epsilon: 1.00875

m: 4.166666666666666

Residual: 0.5182015103798072


epsilon: 1.00875

m: 4.333333333333333

Residual: 0.40378695999573117


epsilon: 1.00875

m: 4.5

Residual: 0.2986778708106666


epsilon: 1.00875

m: 4.666666666666666

Residual: 0.1930018052051976


epsilon: 1.00875

m: 4.833333333333333

Residual: 0.11599160304152441


epsilon: 1.00875

m: 5.0

Residual: 0.06519998030684898


epsilon: 1.00875

m: 5.166666666666666

Residual: 0.12564227443317583


epsilon: 1.00875

m: 5.333333333333333

Residual: 0.22719301575728298


epsilon: 1.00875

m: 5.5

Residual: 0.3063690396259177


epsilon: 1.00875

m: 5.666666666666666

Residual: 0.42159963268961503


epsilon: 1.00875

m: 5.833333333333333

Residual: 0.49855720004072446


epsilon: 1.00875

m: 6.0

Residual: 0.5328592907637726


epsilon: 1.00875

m: 6.166666666666666

Residual: 0.5540779108304957


epsilon: 1.00875

m: 6.333333333333333

Residual: 0.62676195869506


epsilon: 1.00875

m: 6.5

Residual: 0.6336342932167524


epsilon: 1.00875

m: 6.666666666666666

Residual: 0.6889828690918618


epsilon: 1.00875

m: 6.833333333333333

Residual: 0.6919983005738616


epsilon: 1.00875

m: 7.0

Residual: 0.7522154211415464


epsilon: 1.3416666666666668

m: 3.0

Residual: 0.950691275884689


epsilon: 1.3416666666666668

m: 3.1666666666666665

Residual: 0.9300330915168676


epsilon: 1.3416666666666668

m: 3.3333333333333335

Residual: 0.9021646523839771


epsilon: 1.3416666666666668

m: 3.5

Residual: 0.8660606675003623


epsilon: 1.3416666666666668

m: 3.6666666666666665

Residual: 0.8192945020456368


epsilon: 1.3416666666666668

m: 3.833333333333333

Residual: 0.7608816051148882


epsilon: 1.3416666666666668

m: 4.0

Residual: 0.6907554833838662


epsilon: 1.3416666666666668

m: 4.166666666666666

Residual: 0.6122511462562892


epsilon: 1.3416666666666668

m: 4.333333333333333

Residual: 0.5149038833487355


epsilon: 1.3416666666666668

m: 4.5

Residual: 0.42171571151554815


epsilon: 1.3416666666666668

m: 4.666666666666666

Residual: 0.31473479255161046


epsilon: 1.3416666666666668

m: 4.833333333333333

Residual: 0.21921804616481158


epsilon: 1.3416666666666668

m: 5.0

Residual: 0.13339149620656085


epsilon: 1.3416666666666668

m: 5.166666666666666

Residual: 0.07536041429746909


epsilon: 1.3416666666666668

m: 5.333333333333333

Residual: 0.0983815344330028


epsilon: 1.3416666666666668

m: 5.5

Residual: 0.1525667778133543


epsilon: 1.3416666666666668

m: 5.666666666666666

Residual: 0.2273039147678482


epsilon: 1.3416666666666668

m: 5.833333333333333

Residual: 0.30667914014280195


epsilon: 1.3416666666666668

m: 6.0

Residual: 0.4199569976212918


epsilon: 1.3416666666666668

m: 6.166666666666666

Residual: 0.4226749368605031


epsilon: 1.3416666666666668

m: 6.333333333333333

Residual: 0.45073560569641574


epsilon: 1.3416666666666668

m: 6.5

Residual: 0.5697017673865535


epsilon: 1.3416666666666668

m: 6.666666666666666

Residual: 0.5121283811820567


epsilon: 1.3416666666666668

m: 6.833333333333333

Residual: 0.6622675090196488


epsilon: 1.3416666666666668

m: 7.0

Residual: 0.6042633950044662


epsilon: 1.6745833333333335

m: 3.0

Residual: 0.9602755929881859


epsilon: 1.6745833333333335

m: 3.1666666666666665

Residual: 0.94337008786857


epsilon: 1.6745833333333335

m: 3.3333333333333335

Residual: 0.9206929385130824


epsilon: 1.6745833333333335

m: 3.5

Residual: 0.8910848401930388


epsilon: 1.6745833333333335

m: 3.6666666666666665

Residual: 0.8527272330811112


epsilon: 1.6745833333333335

m: 3.833333333333333

Residual: 0.8038916547173518


epsilon: 1.6745833333333335

m: 4.0

Residual: 0.741440007340332


epsilon: 1.6745833333333335

m: 4.166666666666666

Residual: 0.6743609753554406


epsilon: 1.6745833333333335

m: 4.333333333333333

Residual: 0.5985761208632966


epsilon: 1.6745833333333335

m: 4.5

Residual: 0.5094084215055973


epsilon: 1.6745833333333335

m: 4.666666666666666

Residual: 0.42154262615303756


epsilon: 1.6745833333333335

m: 4.833333333333333

Residual: 0.3293764813726973


epsilon: 1.6745833333333335

m: 5.0

Residual: 0.21911858386905247


epsilon: 1.6745833333333335

m: 5.166666666666666

Residual: 0.13811255625135682


epsilon: 1.6745833333333335

m: 5.333333333333333

Residual: 0.10831352590900796


epsilon: 1.6745833333333335

m: 5.5

Residual: 0.1292075072327172


epsilon: 1.6745833333333335

m: 5.666666666666666

Residual: 0.16930971795887664


epsilon: 1.6745833333333335

m: 5.833333333333333

Residual: 0.2900336116401575


epsilon: 1.6745833333333335

m: 6.0

Residual: 0.23815394421711178


epsilon: 1.6745833333333335

m: 6.166666666666666

Residual: 0.3430593882793296


epsilon: 1.6745833333333335

m: 6.333333333333333

Residual: 0.4520455188135557


epsilon: 1.6745833333333335

m: 6.5

Residual: 0.4880859908550733


epsilon: 1.6745833333333335

m: 6.666666666666666

Residual: 0.4709137668556577


epsilon: 1.6745833333333335

m: 6.833333333333333

Residual: 0.5594333747562374


epsilon: 1.6745833333333335

m: 7.0

Residual: 0.627174114763254


epsilon: 2.0075

m: 3.0

Residual: 0.9667574735101312


epsilon: 2.0075

m: 3.1666666666666665

Residual: 0.952695998209863


epsilon: 2.0075

m: 3.3333333333333335

Residual: 0.9333903482473812


epsilon: 2.0075

m: 3.5

Residual: 0.9080913559340883


epsilon: 2.0075

m: 3.6666666666666665

Residual: 0.8756799456819421


epsilon: 2.0075

m: 3.833333333333333

Residual: 0.8344838805095295


epsilon: 2.0075

m: 4.0

Residual: 0.7816030695091846


epsilon: 2.0075

m: 4.166666666666666

Residual: 0.722238203870479


epsilon: 2.0075

m: 4.333333333333333

Residual: 0.6508695987682475


epsilon: 2.0075

m: 4.5

Residual: 0.5702882828034607


epsilon: 2.0075

m: 4.666666666666666

Residual: 0.49451313517186574


epsilon: 2.0075

m: 4.833333333333333

Residual: 0.40204357416008824


epsilon: 2.0075

m: 5.0

Residual: 0.29519104661206647


epsilon: 2.0075

m: 5.166666666666666

Residual: 0.22978669250986075


epsilon: 2.0075

m: 5.333333333333333

Residual: 0.15708904858730333


epsilon: 2.0075

m: 5.5

Residual: 0.13365046780176193


epsilon: 2.0075

m: 5.666666666666666

Residual: 0.1589699234243308


epsilon: 2.0075

m: 5.833333333333333

Residual: 0.25615586240745325


epsilon: 2.0075

m: 6.0

Residual: 0.23850761484163477


epsilon: 2.0075

m: 6.166666666666666

Residual: 0.3427008702011195


epsilon: 2.0075

m: 6.333333333333333

Residual: 0.2851720166471423


epsilon: 2.0075

m: 6.5

Residual: 0.41228705534418614


epsilon: 2.0075

m: 6.666666666666666

Residual: 0.48235079988568796


epsilon: 2.0075

m: 6.833333333333333

Residual: 0.5251759446072022


epsilon: 2.0075

m: 7.0

Residual: 0.4910741827554825


epsilon: 2.3404166666666666

m: 3.0

Residual: 0.9713933640870318


epsilon: 2.3404166666666666

m: 3.1666666666666665

Residual: 0.9592811085360825


epsilon: 2.3404166666666666

m: 3.3333333333333335

Residual: 0.9428671534559111


epsilon: 2.3404166666666666

m: 3.5

Residual: 0.9207571460650361


epsilon: 2.3404166666666666

m: 3.6666666666666665

Residual: 0.8920885135051946


epsilon: 2.3404166666666666

m: 3.833333333333333

Residual: 0.8553860427789055


epsilon: 2.3404166666666666

m: 4.0

Residual: 0.8097194013671497


epsilon: 2.3404166666666666

m: 4.166666666666666

Residual: 0.7563905698526243


epsilon: 2.3404166666666666

m: 4.333333333333333

Residual: 0.6962633183850199


epsilon: 2.3404166666666666

m: 4.5

Residual: 0.6213416654238357


epsilon: 2.3404166666666666

m: 4.666666666666666

Residual: 0.5478358340653854


epsilon: 2.3404166666666666

m: 4.833333333333333

Residual: 0.4729751844837412


epsilon: 2.3404166666666666

m: 5.0

Residual: 0.38361024702445073


epsilon: 2.3404166666666666

m: 5.166666666666666

Residual: 0.28687330134938216


epsilon: 2.3404166666666666

m: 5.333333333333333

Residual: 0.19788463009433763


epsilon: 2.3404166666666666

m: 5.5

Residual: 0.18612155036467382


epsilon: 2.3404166666666666

m: 5.666666666666666

Residual: 0.17308246385560477


epsilon: 2.3404166666666666

m: 5.833333333333333

Residual: 0.19190764733360077


epsilon: 2.3404166666666666

m: 6.0

Residual: 0.18925683496194398


epsilon: 2.3404166666666666

m: 6.166666666666666

Residual: 0.31535911580918363


epsilon: 2.3404166666666666

m: 6.333333333333333

Residual: 0.25720342210675634


epsilon: 2.3404166666666666

m: 6.5

Residual: 0.3028810593252403


epsilon: 2.3404166666666666

m: 6.666666666666666

Residual: 0.423591759032953


epsilon: 2.3404166666666666

m: 6.833333333333333

Residual: 0.45009462728610944


epsilon: 2.3404166666666666

m: 7.0

Residual: 0.4946077249055964


epsilon: 2.6733333333333333

m: 3.0

Residual: 0.9749167337708883


epsilon: 2.6733333333333333

m: 3.1666666666666665

Residual: 0.9641587664189379


epsilon: 2.6733333333333333

m: 3.3333333333333335

Residual: 0.9497891853414572


epsilon: 2.6733333333333333

m: 3.5

Residual: 0.9301883279718856


epsilon: 2.6733333333333333

m: 3.6666666666666665

Residual: 0.9047973041975484


epsilon: 2.6733333333333333

m: 3.833333333333333

Residual: 0.873368384339504


epsilon: 2.6733333333333333

m: 4.0

Residual: 0.8327933326998488


epsilon: 2.6733333333333333

m: 4.166666666666666

Residual: 0.7857484875924383


epsilon: 2.6733333333333333

m: 4.333333333333333

Residual: 0.7238405000919627


epsilon: 2.6733333333333333

m: 4.5

Residual: 0.6617479063884307


epsilon: 2.6733333333333333

m: 4.666666666666666

Residual: 0.5861329560329134


epsilon: 2.6733333333333333

m: 4.833333333333333

Residual: 0.5215674091328556


epsilon: 2.6733333333333333

m: 5.0

Residual: 0.4440052698163507


epsilon: 2.6733333333333333

m: 5.166666666666666

Residual: 0.35052867280700845


epsilon: 2.6733333333333333

m: 5.333333333333333

Residual: 0.2827147391008835


epsilon: 2.6733333333333333

m: 5.5

Residual: 0.20682209569293467


epsilon: 2.6733333333333333

m: 5.666666666666666

Residual: 0.2603277673783901


epsilon: 2.6733333333333333

m: 5.833333333333333

Residual: 0.19280657637928467


epsilon: 2.6733333333333333

m: 6.0

Residual: 0.22073534895093497


epsilon: 2.6733333333333333

m: 6.166666666666666

Residual: 0.31451454743714546


epsilon: 2.6733333333333333

m: 6.333333333333333

Residual: 0.27911204330957395


epsilon: 2.6733333333333333

m: 6.5

Residual: 0.2607443299818521


epsilon: 2.6733333333333333

m: 6.666666666666666

Residual: 0.3171012265976279


epsilon: 2.6733333333333333

m: 6.833333333333333

Residual: 0.44727267572008644


epsilon: 2.6733333333333333

m: 7.0

Residual: 0.511882906858298


epsilon: 3.00625

m: 3.0

Residual: 0.9776961992012739


epsilon: 3.00625

m: 3.1666666666666665

Residual: 0.9681615610210447


epsilon: 3.00625

m: 3.3333333333333335

Residual: 0.9551359140719923


epsilon: 3.00625

m: 3.5

Residual: 0.9378379093405952


epsilon: 3.00625

m: 3.6666666666666665

Residual: 0.9151746475967321


epsilon: 3.00625

m: 3.833333333333333

Residual: 0.8864410804754341


epsilon: 3.00625

m: 4.0

Residual: 0.8500342432973236


epsilon: 3.00625

m: 4.166666666666666

Residual: 0.8053064199604077


epsilon: 3.00625

m: 4.333333333333333

Residual: 0.7543656698763542


epsilon: 3.00625

m: 4.5

Residual: 0.6943596472945164


epsilon: 3.00625

m: 4.666666666666666

Residual: 0.6283298986049001


epsilon: 3.00625

m: 4.833333333333333

Residual: 0.5623862066697644


epsilon: 3.00625

m: 5.0

Residual: 0.48449824290375676


epsilon: 3.00625

m: 5.166666666666666

Residual: 0.3997102423793467


epsilon: 3.00625

m: 5.333333333333333

Residual: 0.3124030212784503


epsilon: 3.00625

m: 5.5

Residual: 0.2542913550001035


epsilon: 3.00625

m: 5.666666666666666

Residual: 0.20624532620370642


epsilon: 3.00625

m: 5.833333333333333

Residual: 0.20735885164089904


epsilon: 3.00625

m: 6.0

Residual: 0.26482259174782236


epsilon: 3.00625

m: 6.166666666666666

Residual: 0.2650376997267061


epsilon: 3.00625

m: 6.333333333333333

Residual: 0.264205820457209


epsilon: 3.00625

m: 6.5

Residual: 0.2539668148392206


epsilon: 3.00625

m: 6.666666666666666

Residual: 0.3366731468692737


epsilon: 3.00625

m: 6.833333333333333

Residual: 0.4091188612502983


epsilon: 3.00625

m: 7.0

Residual: 0.38926336665816463


epsilon: 3.339166666666667

m: 3.0

Residual: 0.9798762545109302


epsilon: 3.339166666666667

m: 3.1666666666666665

Residual: 0.9712236700076702


epsilon: 3.339166666666667

m: 3.3333333333333335

Residual: 0.9594486405589989


epsilon: 3.339166666666667

m: 3.5

Residual: 0.9435946178694332


epsilon: 3.339166666666667

m: 3.6666666666666665

Residual: 0.9231562596981868


epsilon: 3.339166666666667

m: 3.833333333333333

Residual: 0.8971407772526351


epsilon: 3.339166666666667

m: 4.0

Residual: 0.8636833064971704


epsilon: 3.339166666666667

m: 4.166666666666666

Residual: 0.8237991641492992


epsilon: 3.339166666666667

m: 4.333333333333333

Residual: 0.7774664927958443


epsilon: 3.339166666666667

m: 4.5

Residual: 0.7192983566402136


epsilon: 3.339166666666667

m: 4.666666666666666

Residual: 0.6577101760966276


epsilon: 3.339166666666667

m: 4.833333333333333

Residual: 0.5822173545985759


epsilon: 3.339166666666667

m: 5.0

Residual: 0.5077757738091652


epsilon: 3.339166666666667

m: 5.166666666666666

Residual: 0.4400472254159734


epsilon: 3.339166666666667

m: 5.333333333333333

Residual: 0.3558372214570403


epsilon: 3.339166666666667

m: 5.5

Residual: 0.3093496531707425


epsilon: 3.339166666666667

m: 5.666666666666666

Residual: 0.2574420605341635


epsilon: 3.339166666666667

m: 5.833333333333333

Residual: 0.2817662100459217


epsilon: 3.339166666666667

m: 6.0

Residual: 0.23457735202655786


epsilon: 3.339166666666667

m: 6.166666666666666

Residual: 0.30431936409607613


epsilon: 3.339166666666667

m: 6.333333333333333

Residual: 0.27971053085238545


epsilon: 3.339166666666667

m: 6.5

Residual: 0.2557674605070058


epsilon: 3.339166666666667

m: 6.666666666666666

Residual: 0.3273445162096958


epsilon: 3.339166666666667

m: 6.833333333333333

Residual: 0.2886613552297904


epsilon: 3.339166666666667

m: 7.0

Residual: 0.4512711543672045


epsilon: 3.6720833333333336

m: 3.0

Residual: 0.9816792211461415


epsilon: 3.6720833333333336

m: 3.1666666666666665

Residual: 0.9737795976169571


epsilon: 3.6720833333333336

m: 3.3333333333333335

Residual: 0.9632298895064806


epsilon: 3.6720833333333336

m: 3.5

Residual: 0.9487851992790604


epsilon: 3.6720833333333336

m: 3.6666666666666665

Residual: 0.9302673264839572


epsilon: 3.6720833333333336

m: 3.833333333333333

Residual: 0.9041700658465327


epsilon: 3.6720833333333336

m: 4.0

Residual: 0.8753414870483262


epsilon: 3.6720833333333336

m: 4.166666666666666

Residual: 0.8383904397616331


epsilon: 3.6720833333333336

m: 4.333333333333333

Residual: 0.7886721672325538


epsilon: 3.6720833333333336

m: 4.5

Residual: 0.7410122495891283


epsilon: 3.6720833333333336

m: 4.666666666666666

Residual: 0.6861620214957425


epsilon: 3.6720833333333336

m: 4.833333333333333

Residual: 0.6304681724508011


epsilon: 3.6720833333333336

m: 5.0

Residual: 0.5418478791605964


epsilon: 3.6720833333333336

m: 5.166666666666666

Residual: 0.49134543621024807


epsilon: 3.6720833333333336

m: 5.333333333333333

Residual: 0.4192452354588973


epsilon: 3.6720833333333336

m: 5.5

Residual: 0.352768470376119


epsilon: 3.6720833333333336

m: 5.666666666666666

Residual: 0.2975915790004213


epsilon: 3.6720833333333336

m: 5.833333333333333

Residual: 0.2760966662119043


epsilon: 3.6720833333333336

m: 6.0

Residual: 0.2585668131593482


epsilon: 3.6720833333333336

m: 6.166666666666666

Residual: 0.25463819475429855


epsilon: 3.6720833333333336

m: 6.333333333333333

Residual: 0.3944103959729194


epsilon: 3.6720833333333336

m: 6.5

Residual: 0.33278182576315046


epsilon: 3.6720833333333336

m: 6.666666666666666

Residual: 0.2674845675950973


epsilon: 3.6720833333333336

m: 6.833333333333333

Residual: 0.2914027442676802


epsilon: 3.6720833333333336

m: 7.0

Residual: 0.4409005287549821


epsilon: 4.005

m: 3.0

Residual: 0.9831772022942831


epsilon: 4.005

m: 3.1666666666666665

Residual: 0.9759427974817122


epsilon: 4.005

m: 3.3333333333333335

Residual: 0.9662124146043192


epsilon: 4.005

m: 3.5

Residual: 0.9526794358230048


epsilon: 4.005

m: 3.6666666666666665

Residual: 0.9356191417403482


epsilon: 4.005

m: 3.833333333333333

Residual: 0.9134101956507521


epsilon: 4.005

m: 4.0

Residual: 0.8854875069658799


epsilon: 4.005

m: 4.166666666666666

Residual: 0.8502014077725109


epsilon: 4.005

m: 4.333333333333333

Residual: 0.8099133419942307


epsilon: 4.005

m: 4.5

Residual: 0.7592596208681276


epsilon: 4.005

m: 4.666666666666666

Residual: 0.7007537869154609


epsilon: 4.005

m: 4.833333333333333

Residual: 0.6494142145134674


epsilon: 4.005

m: 5.0

Residual: 0.5768489698805808


epsilon: 4.005

m: 5.166666666666666

Residual: 0.513343165752737


epsilon: 4.005

m: 5.333333333333333

Residual: 0.42475039208491916


epsilon: 4.005

m: 5.5

Residual: 0.3704265180653251


epsilon: 4.005

m: 5.666666666666666

Residual: 0.3139129283059275


epsilon: 4.005

m: 5.833333333333333

Residual: 0.28370538862032185


epsilon: 4.005

m: 6.0

Residual: 0.3032606310506438


epsilon: 4.005

m: 6.166666666666666

Residual: 0.2582542657824146


epsilon: 4.005

m: 6.333333333333333

Residual: 0.25609922401967133


epsilon: 4.005

m: 6.5

Residual: 0.3487230430926935


epsilon: 4.005

m: 6.666666666666666

Residual: 0.38155855774249786


epsilon: 4.005

m: 6.833333333333333

Residual: 0.31036627089812235


epsilon: 4.005

m: 7.0

Residual: 0.41593901707484554


epsilon: 4.337916666666667

m: 3.0

Residual: 0.9844936751221964


epsilon: 4.337916666666667

m: 3.1666666666666665

Residual: 0.9778241196844888


epsilon: 4.337916666666667

m: 3.3333333333333335

Residual: 0.9686753487407439


epsilon: 4.337916666666667

m: 3.5

Residual: 0.9565126361844559


epsilon: 4.337916666666667

m: 3.6666666666666665

Residual: 0.9404123805771982


epsilon: 4.337916666666667

m: 3.833333333333333

Residual: 0.9194515202480708


epsilon: 4.337916666666667

m: 4.0

Residual: 0.8932540314728108


epsilon: 4.337916666666667

m: 4.166666666666666

Residual: 0.8609599587146362


epsilon: 4.337916666666667

m: 4.333333333333333

Residual: 0.8218975330403818


epsilon: 4.337916666666667

m: 4.5

Residual: 0.7778699309374008


epsilon: 4.337916666666667

m: 4.666666666666666

Residual: 0.723468493081376


epsilon: 4.337916666666667

m: 4.833333333333333

Residual: 0.666688078042319


epsilon: 4.337916666666667

m: 5.0

Residual: 0.6012466067882265


epsilon: 4.337916666666667

m: 5.166666666666666

Residual: 0.541021428384612


epsilon: 4.337916666666667

m: 5.333333333333333

Residual: 0.4611428901745445


epsilon: 4.337916666666667

m: 5.5

Residual: 0.40570265279026996


epsilon: 4.337916666666667

m: 5.666666666666666

Residual: 0.3350946331097295


epsilon: 4.337916666666667

m: 5.833333333333333

Residual: 0.3248457458383454


epsilon: 4.337916666666667

m: 6.0

Residual: 0.29442548455601775


epsilon: 4.337916666666667

m: 6.166666666666666

Residual: 0.2883001707908398


epsilon: 4.337916666666667

m: 6.333333333333333

Residual: 0.3061924033223857


epsilon: 4.337916666666667

m: 6.5

Residual: 0.37111767289904096


epsilon: 4.337916666666667

m: 6.666666666666666

Residual: 0.31153798333874694


epsilon: 4.337916666666667

m: 6.833333333333333

Residual: 0.3933999976234641


epsilon: 4.337916666666667

m: 7.0

Residual: 0.3747962198293797


epsilon: 4.670833333333333

m: 3.0

Residual: 0.9855707315920642


epsilon: 4.670833333333333

m: 3.1666666666666665

Residual: 0.9794133299144059


epsilon: 4.670833333333333

m: 3.3333333333333335

Residual: 0.9709295765325353


epsilon: 4.670833333333333

m: 3.5

Residual: 0.9592299540889854


epsilon: 4.670833333333333

m: 3.6666666666666665

Residual: 0.9446213574569087


epsilon: 4.670833333333333

m: 3.833333333333333

Residual: 0.9252505121336451


epsilon: 4.670833333333333

m: 4.0

Residual: 0.9000454267994985


epsilon: 4.670833333333333

m: 4.166666666666666

Residual: 0.8705284375189501


epsilon: 4.670833333333333

m: 4.333333333333333

Residual: 0.8343867018925225


epsilon: 4.670833333333333

m: 4.5

Residual: 0.7909807863564629


epsilon: 4.670833333333333

m: 4.666666666666666

Residual: 0.7430077548228124


epsilon: 4.670833333333333

m: 4.833333333333333

Residual: 0.6847506789985822


epsilon: 4.670833333333333

m: 5.0

Residual: 0.6279949287234805


epsilon: 4.670833333333333

m: 5.166666666666666

Residual: 0.5576961102970518


epsilon: 4.670833333333333

m: 5.333333333333333

Residual: 0.49367319086931255


epsilon: 4.670833333333333

m: 5.5

Residual: 0.42906030481792595


epsilon: 4.670833333333333

m: 5.666666666666666

Residual: 0.3603618956640556


epsilon: 4.670833333333333

m: 5.833333333333333

Residual: 0.30764536122261466


epsilon: 4.670833333333333

m: 6.0

Residual: 0.27913233875139604


epsilon: 4.670833333333333

m: 6.166666666666666

Residual: 0.27762529281855386


epsilon: 4.670833333333333

m: 6.333333333333333

Residual: 0.3128243190667722


epsilon: 4.670833333333333

m: 6.5

Residual: 0.29673348845651043


epsilon: 4.670833333333333

m: 6.666666666666666

Residual: 0.28433082505406576


epsilon: 4.670833333333333

m: 6.833333333333333

Residual: 0.30038394340267943


epsilon: 4.670833333333333

m: 7.0

Residual: 0.41649651399672427


epsilon: 5.00375

m: 3.0

Residual: 0.9865401107804908


epsilon: 5.00375

m: 3.1666666666666665

Residual: 0.9807337153432355


epsilon: 5.00375

m: 3.3333333333333335

Residual: 0.9728386341984986


epsilon: 5.00375

m: 3.5

Residual: 0.9622974353180485


epsilon: 5.00375

m: 3.6666666666666665

Residual: 0.9481430601544215


epsilon: 5.00375

m: 3.833333333333333

Residual: 0.9290756312754928


epsilon: 5.00375

m: 4.0

Residual: 0.9073571683199492


epsilon: 5.00375

m: 4.166666666666666

Residual: 0.8786911316702601


epsilon: 5.00375

m: 4.333333333333333

Residual: 0.846532341489606


epsilon: 5.00375

m: 4.5

Residual: 0.8017877550940311


epsilon: 5.00375

m: 4.666666666666666

Residual: 0.7582922265451992


epsilon: 5.00375

m: 4.833333333333333

Residual: 0.7005650203187851


epsilon: 5.00375

m: 5.0

Residual: 0.6482734976523095


epsilon: 5.00375

m: 5.166666666666666

Residual: 0.5928084032090007


epsilon: 5.00375

m: 5.333333333333333

Residual: 0.5219921928821546


epsilon: 5.00375

m: 5.5

Residual: 0.4809178569684281


epsilon: 5.00375

m: 5.666666666666666

Residual: 0.3741549631876918


epsilon: 5.00375

m: 5.833333333333333

Residual: 0.33136010576270103


epsilon: 5.00375

m: 6.0

Residual: 0.34385996456698537


epsilon: 5.00375

m: 6.166666666666666

Residual: 0.32647432374372554


epsilon: 5.00375

m: 6.333333333333333

Residual: 0.31069337194130064


epsilon: 5.00375

m: 6.5

Residual: 0.32343081782588823


epsilon: 5.00375

m: 6.666666666666666

Residual: 0.29940335549294733


epsilon: 5.00375

m: 6.833333333333333

Residual: 0.4015561889236348


epsilon: 5.00375

m: 7.0

Residual: 0.4195336418997522


epsilon: 5.336666666666667

m: 3.0

Residual: 0.9873738411969383


epsilon: 5.336666666666667

m: 3.1666666666666665

Residual: 0.9819659166806765


epsilon: 5.336666666666667

m: 3.3333333333333335

Residual: 0.9745289728587427


epsilon: 5.336666666666667

m: 3.5

Residual: 0.964560503781602


epsilon: 5.336666666666667

m: 3.6666666666666665

Residual: 0.9507618434274735


epsilon: 5.336666666666667

m: 3.833333333333333

Residual: 0.933465491699108


epsilon: 5.336666666666667

m: 4.0

Residual: 0.9116451593396427


epsilon: 5.336666666666667

m: 4.166666666666666

Residual: 0.8856920124003704


epsilon: 5.336666666666667

m: 4.333333333333333

Residual: 0.8533781618237644


epsilon: 5.336666666666667

m: 4.5

Residual: 0.8112043129456474


epsilon: 5.336666666666667

m: 4.666666666666666

Residual: 0.7751733208635436


epsilon: 5.336666666666667

m: 4.833333333333333

Residual: 0.7080855361850715


epsilon: 5.336666666666667

m: 5.0

Residual: 0.6602226644588094


epsilon: 5.336666666666667

m: 5.166666666666666

Residual: 0.6144468667761532


epsilon: 5.336666666666667

m: 5.333333333333333

Residual: 0.5619543827574642


epsilon: 5.336666666666667

m: 5.5

Residual: 0.46330878682004734


epsilon: 5.336666666666667

m: 5.666666666666666

Residual: 0.4461867700480738


epsilon: 5.336666666666667

m: 5.833333333333333

Residual: 0.44555828312882917


epsilon: 5.336666666666667

m: 6.0

Residual: 0.3267963585058347


epsilon: 5.336666666666667

m: 6.166666666666666

Residual: 0.334193079272133


epsilon: 5.336666666666667

m: 6.333333333333333

Residual: 0.3303254569601862


epsilon: 5.336666666666667

m: 6.5

Residual: 0.410662507050986


epsilon: 5.336666666666667

m: 6.666666666666666

Residual: 0.40822667640140226


epsilon: 5.336666666666667

m: 6.833333333333333

Residual: 0.3163129632203873


epsilon: 5.336666666666667

m: 7.0

Residual: 0.3948025872817633


epsilon: 5.669583333333334

m: 3.0

Residual: 0.9880780797364817


epsilon: 5.669583333333334

m: 3.1666666666666665

Residual: 0.9829552236640685


epsilon: 5.669583333333334

m: 3.3333333333333335

Residual: 0.9760017070448197


epsilon: 5.669583333333334

m: 3.5

Residual: 0.9663488904812332


epsilon: 5.669583333333334

m: 3.6666666666666665

Residual: 0.9542088816960148


epsilon: 5.669583333333334

m: 3.833333333333333

Residual: 0.9379769893082319


epsilon: 5.669583333333334

m: 4.0

Residual: 0.9164773522411968


epsilon: 5.669583333333334

m: 4.166666666666666

Residual: 0.8914298789342268


epsilon: 5.669583333333334

m: 4.333333333333333

Residual: 0.8613266612945527


epsilon: 5.669583333333334

m: 4.5

Residual: 0.8271731048594396


epsilon: 5.669583333333334

m: 4.666666666666666

Residual: 0.786769000736121


epsilon: 5.669583333333334

m: 4.833333333333333

Residual: 0.7274048974899232


epsilon: 5.669583333333334

m: 5.0

Residual: 0.6858790884966622


epsilon: 5.669583333333334

m: 5.166666666666666

Residual: 0.6513882078353166


epsilon: 5.669583333333334

m: 5.333333333333333

Residual: 0.568701194005753


epsilon: 5.669583333333334

m: 5.5

Residual: 0.523367219242277


epsilon: 5.669583333333334

m: 5.666666666666666

Residual: 0.4326882621514444


epsilon: 5.669583333333334

m: 5.833333333333333

Residual: 0.4432736485359878


epsilon: 5.669583333333334

m: 6.0

Residual: 0.34991095368428343


epsilon: 5.669583333333334

m: 6.166666666666666

Residual: 0.3269965376964428


epsilon: 5.669583333333334

m: 6.333333333333333

Residual: 0.33226113176255123


epsilon: 5.669583333333334

m: 6.5

Residual: 0.3168737965600399


epsilon: 5.669583333333334

m: 6.666666666666666

Residual: 0.3600799203893336


epsilon: 5.669583333333334

m: 6.833333333333333

Residual: 0.301909433149003


epsilon: 5.669583333333334

m: 7.0

Residual: 0.32636797107926646


epsilon: 6.0025

m: 3.0

Residual: 0.9887624446910886


epsilon: 6.0025

m: 3.1666666666666665

Residual: 0.983946092678733


epsilon: 6.0025

m: 3.3333333333333335

Residual: 0.977302087132499


epsilon: 6.0025

m: 3.5

Residual: 0.9684400599028151


epsilon: 6.0025

m: 3.6666666666666665

Residual: 0.9565601040530962


epsilon: 6.0025

m: 3.833333333333333

Residual: 0.9408968486684542


epsilon: 6.0025

m: 4.0

Residual: 0.9219894865546169


epsilon: 6.0025

m: 4.166666666666666

Residual: 0.8985267015027615


epsilon: 6.0025

m: 4.333333333333333

Residual: 0.8671199937721592


epsilon: 6.0025

m: 4.5

Residual: 0.833378863285911


epsilon: 6.0025

m: 4.666666666666666

Residual: 0.7964805783497153


epsilon: 6.0025

m: 4.833333333333333

Residual: 0.7459768886555853


epsilon: 6.0025

m: 5.0

Residual: 0.6953267976251379


epsilon: 6.0025

m: 5.166666666666666

Residual: 0.6451288781819043


epsilon: 6.0025

m: 5.333333333333333

Residual: 0.5650569381716292


epsilon: 6.0025

m: 5.5

Residual: 0.5071033237243935


epsilon: 6.0025

m: 5.666666666666666

Residual: 0.49560556386786464


epsilon: 6.0025

m: 5.833333333333333

Residual: 0.43482743352633185


epsilon: 6.0025

m: 6.0

Residual: 0.4166533062481236


epsilon: 6.0025

m: 6.166666666666666

Residual: 0.33284427826417473


epsilon: 6.0025

m: 6.333333333333333

Residual: 0.4118256197867786


epsilon: 6.0025

m: 6.5

Residual: 0.3129331782009893


epsilon: 6.0025

m: 6.666666666666666

Residual: 0.3765796113730461


epsilon: 6.0025

m: 6.833333333333333

Residual: 0.3527251580979002


epsilon: 6.0025

m: 7.0

Residual: 0.3352565145128438


epsilon: 6.335416666666667

m: 3.0

Residual: 0.98932934247143


epsilon: 6.335416666666667

m: 3.1666666666666665

Residual: 0.9847189446867187


epsilon: 6.335416666666667

m: 3.3333333333333335

Residual: 0.9784693438064122


epsilon: 6.335416666666667

m: 3.5

Residual: 0.9700404866053461


epsilon: 6.335416666666667

m: 3.6666666666666665

Residual: 0.958785230903304


epsilon: 6.335416666666667

m: 3.833333333333333

Residual: 0.9443670668453464


epsilon: 6.335416666666667

m: 4.0

Residual: 0.9254578085303995


epsilon: 6.335416666666667

m: 4.166666666666666

Residual: 0.9022464544863024


epsilon: 6.335416666666667

m: 4.333333333333333

Residual: 0.8761796404401634


epsilon: 6.335416666666667

m: 4.5

Residual: 0.844148454544247


epsilon: 6.335416666666667

m: 4.666666666666666

Residual: 0.8074953814373993


epsilon: 6.335416666666667

m: 4.833333333333333

Residual: 0.765870705584926


epsilon: 6.335416666666667

m: 5.0

Residual: 0.7080504324128643


epsilon: 6.335416666666667

m: 5.166666666666666

Residual: 0.657990645081153


epsilon: 6.335416666666667

m: 5.333333333333333

Residual: 0.6094533119325861


epsilon: 6.335416666666667

m: 5.5

Residual: 0.5424271608442259


epsilon: 6.335416666666667

m: 5.666666666666666

Residual: 0.4828451790413806


epsilon: 6.335416666666667

m: 5.833333333333333

Residual: 0.4861546205436664


epsilon: 6.335416666666667

m: 6.0

Residual: 0.378542831029956


epsilon: 6.335416666666667

m: 6.166666666666666

Residual: 0.3610945679221556


epsilon: 6.335416666666667

m: 6.333333333333333

Residual: 0.3686215735634575


epsilon: 6.335416666666667

m: 6.5

Residual: 0.3674089534871073


epsilon: 6.335416666666667

m: 6.666666666666666

Residual: 0.35418154903511984


epsilon: 6.335416666666667

m: 6.833333333333333

Residual: 0.4180163323801782


epsilon: 6.335416666666667

m: 7.0

Residual: 0.4264963744850811


epsilon: 6.668333333333334

m: 3.0

Residual: 0.9898818803429782


epsilon: 6.668333333333334

m: 3.1666666666666665

Residual: 0.9855080797170345


epsilon: 6.668333333333334

m: 3.3333333333333335

Residual: 0.9795416179853713


epsilon: 6.668333333333334

m: 3.5

Residual: 0.9714926959679832


epsilon: 6.668333333333334

m: 3.6666666666666665

Residual: 0.9608802834590778


epsilon: 6.668333333333334

m: 3.833333333333333

Residual: 0.9468853826656219


epsilon: 6.668333333333334

m: 4.0

Residual: 0.9291665988452583


epsilon: 6.668333333333334

m: 4.166666666666666

Residual: 0.908085663408193


epsilon: 6.668333333333334

m: 4.333333333333333

Residual: 0.8807432603518394


epsilon: 6.668333333333334

m: 4.5

Residual: 0.8511185030624404


epsilon: 6.668333333333334

m: 4.666666666666666

Residual: 0.8146996144870509


epsilon: 6.668333333333334

m: 4.833333333333333

Residual: 0.7564481385971167


epsilon: 6.668333333333334

m: 5.0

Residual: 0.7325572253962601


epsilon: 6.668333333333334

m: 5.166666666666666

Residual: 0.666318920615715


epsilon: 6.668333333333334

m: 5.333333333333333

Residual: 0.6281046801702881


epsilon: 6.668333333333334

m: 5.5

Residual: 0.6155519510654757


epsilon: 6.668333333333334

m: 5.666666666666666

Residual: 0.4820515890867295


epsilon: 6.668333333333334

m: 5.833333333333333

Residual: 0.4846922225209157


epsilon: 6.668333333333334

m: 6.0

Residual: 0.4130617181131144


epsilon: 6.668333333333334

m: 6.166666666666666

Residual: 0.3918774457562723


epsilon: 6.668333333333334

m: 6.333333333333333

Residual: 0.4056069627123644


epsilon: 6.668333333333334

m: 6.5

Residual: 0.35277396926929905


epsilon: 6.668333333333334

m: 6.666666666666666

Residual: 0.41142445148684326


epsilon: 6.668333333333334

m: 6.833333333333333

Residual: 0.3328544510850803


epsilon: 6.668333333333334

m: 7.0

Residual: 0.3293264761863627


epsilon: 7.001250000000001

m: 3.0

Residual: 0.990346854273763


epsilon: 7.001250000000001

m: 3.1666666666666665

Residual: 0.9861750615148557


epsilon: 7.001250000000001

m: 3.3333333333333335

Residual: 0.9805143252265471


epsilon: 7.001250000000001

m: 3.5

Residual: 0.9728963233978015


epsilon: 7.001250000000001

m: 3.6666666666666665

Residual: 0.9627317282060529


epsilon: 7.001250000000001

m: 3.833333333333333

Residual: 0.9488838861579048


epsilon: 7.001250000000001

m: 4.0

Residual: 0.932681581331487


epsilon: 7.001250000000001

m: 4.166666666666666

Residual: 0.9124670912185606


epsilon: 7.001250000000001

m: 4.333333333333333

Residual: 0.8860306684493235


epsilon: 7.001250000000001

m: 4.5

Residual: 0.8508013150322112


epsilon: 7.001250000000001

m: 4.666666666666666

Residual: 0.8220851682678161


epsilon: 7.001250000000001

m: 4.833333333333333

Residual: 0.7814204603681908


epsilon: 7.001250000000001

m: 5.0

Residual: 0.7329738152123649


epsilon: 7.001250000000001

m: 5.166666666666666

Residual: 0.6836260069167278


epsilon: 7.001250000000001

m: 5.333333333333333

Residual: 0.6398148702108354


epsilon: 7.001250000000001

m: 5.5

Residual: 0.5862570181679019


epsilon: 7.001250000000001

m: 5.666666666666666

Residual: 0.5369479291194162


epsilon: 7.001250000000001

m: 5.833333333333333

Residual: 0.46939056888634356


epsilon: 7.001250000000001

m: 6.0

Residual: 0.447269163616488


epsilon: 7.001250000000001

m: 6.166666666666666

Residual: 0.4029359821324158


epsilon: 7.001250000000001

m: 6.333333333333333

Residual: 0.41924833055051736


epsilon: 7.001250000000001

m: 6.5

Residual: 0.4313845635938027


epsilon: 7.001250000000001

m: 6.666666666666666

Residual: 0.40740274119046826


epsilon: 7.001250000000001

m: 6.833333333333333

Residual: 0.4026483795382891


epsilon: 7.001250000000001

m: 7.0

Residual: 0.3968499348802934


epsilon: 7.334166666666667

m: 3.0

Residual: 0.9907826306461833


epsilon: 7.334166666666667

m: 3.1666666666666665

Residual: 0.9868220372618245


epsilon: 7.334166666666667

m: 3.3333333333333335

Residual: 0.9813433241094582


epsilon: 7.334166666666667

m: 3.5

Residual: 0.9740163635157674


epsilon: 7.334166666666667

m: 3.6666666666666665

Residual: 0.9642878145449721


epsilon: 7.334166666666667

m: 3.833333333333333

Residual: 0.9515646360583268


epsilon: 7.334166666666667

m: 4.0

Residual: 0.9357050455114414


epsilon: 7.334166666666667

m: 4.166666666666666

Residual: 0.9150623320507995


epsilon: 7.334166666666667

m: 4.333333333333333

Residual: 0.8901698685288253


epsilon: 7.334166666666667

m: 4.5

Residual: 0.8621257335597993


epsilon: 7.334166666666667

m: 4.666666666666666

Residual: 0.8224598230088169


epsilon: 7.334166666666667

m: 4.833333333333333

Residual: 0.7868621377683266


epsilon: 7.334166666666667

m: 5.0

Residual: 0.7495763470730629


epsilon: 7.334166666666667

m: 5.166666666666666

Residual: 0.7025099184412152


epsilon: 7.334166666666667

m: 5.333333333333333

Residual: 0.6445970969436302


epsilon: 7.334166666666667

m: 5.5

Residual: 0.6112054214650537


epsilon: 7.334166666666667

m: 5.666666666666666

Residual: 0.5355098853486514


epsilon: 7.334166666666667

m: 5.833333333333333

Residual: 0.5099141096106632


epsilon: 7.334166666666667

m: 6.0

Residual: 0.4416623208038864


epsilon: 7.334166666666667

m: 6.166666666666666

Residual: 0.5160142263937019


epsilon: 7.334166666666667

m: 6.333333333333333

Residual: 0.4644242357109266


epsilon: 7.334166666666667

m: 6.5

Residual: 0.41645146041069153


epsilon: 7.334166666666667

m: 6.666666666666666

Residual: 0.36371534134262967


epsilon: 7.334166666666667

m: 6.833333333333333

Residual: 0.3626910207950657


epsilon: 7.334166666666667

m: 7.0

Residual: 0.36911785565368815


epsilon: 7.667083333333334

m: 3.0

Residual: 0.99118014033118


epsilon: 7.667083333333334

m: 3.1666666666666665

Residual: 0.9873439421768386


epsilon: 7.667083333333334

m: 3.3333333333333335

Residual: 0.9822102402979015


epsilon: 7.667083333333334

m: 3.5

Residual: 0.975128428033365


epsilon: 7.667083333333334

m: 3.6666666666666665

Residual: 0.9658254384931602


epsilon: 7.667083333333334

m: 3.833333333333333

Residual: 0.953835084843625


epsilon: 7.667083333333334

m: 4.0

Residual: 0.9382253612088042


epsilon: 7.667083333333334

m: 4.166666666666666

Residual: 0.919151146691844


epsilon: 7.667083333333334

m: 4.333333333333333

Residual: 0.8951522084572182


epsilon: 7.667083333333334

m: 4.5

Residual: 0.866070519260222


epsilon: 7.667083333333334

m: 4.666666666666666

Residual: 0.8378409640377413


epsilon: 7.667083333333334

m: 4.833333333333333

Residual: 0.7956827877073018


epsilon: 7.667083333333334

m: 5.0

Residual: 0.757814037074617


epsilon: 7.667083333333334

m: 5.166666666666666

Residual: 0.7184522611746742


epsilon: 7.667083333333334

m: 5.333333333333333

Residual: 0.6453260011369516


epsilon: 7.667083333333334

m: 5.5

Residual: 0.6207566454071978


epsilon: 7.667083333333334

m: 5.666666666666666

Residual: 0.556768169608038


epsilon: 7.667083333333334

m: 5.833333333333333

Residual: 0.4900334902037855


epsilon: 7.667083333333334

m: 6.0

Residual: 0.43988138823978923


epsilon: 7.667083333333334

m: 6.166666666666666

Residual: 0.4068788535963078


epsilon: 7.667083333333334

m: 6.333333333333333

Residual: 0.43915116426888134


epsilon: 7.667083333333334

m: 6.5

Residual: 0.3716644945992606


epsilon: 7.667083333333334

m: 6.666666666666666

Residual: 0.49516849982988803


epsilon: 7.667083333333334

m: 6.833333333333333

Residual: 0.45555150138630846


epsilon: 7.667083333333334

m: 7.0

Residual: 0.34453097477914274


epsilon: 8.0

m: 3.0

Residual: 0.9915498465558389


epsilon: 8.0

m: 3.1666666666666665

Residual: 0.9879104548591654


epsilon: 8.0

m: 3.3333333333333335

Residual: 0.9829364755923855


epsilon: 8.0

m: 3.5

Residual: 0.9760826761945505


epsilon: 8.0

m: 3.6666666666666665

Residual: 0.9673327248104717


epsilon: 8.0

m: 3.833333333333333

Residual: 0.9555704340720605


epsilon: 8.0

m: 4.0

Residual: 0.9407985021994436


epsilon: 8.0

m: 4.166666666666666

Residual: 0.9226730299270539


epsilon: 8.0

m: 4.333333333333333

Residual: 0.8987289710760821


epsilon: 8.0

m: 4.5

Residual: 0.8722976930851789


epsilon: 8.0

m: 4.666666666666666

Residual: 0.8425630227587886


epsilon: 8.0

m: 4.833333333333333

Residual: 0.8036717126982145


epsilon: 8.0

m: 5.0

Residual: 0.7610415095771524


epsilon: 8.0

m: 5.166666666666666

Residual: 0.7103363668816651


epsilon: 8.0

m: 5.333333333333333

Residual: 0.6599487684367551


epsilon: 8.0

m: 5.5

Residual: 0.6125846182467102


epsilon: 8.0

m: 5.666666666666666

Residual: 0.5558402491837802


epsilon: 8.0

m: 5.833333333333333

Residual: 0.5222994000797073


epsilon: 8.0

m: 6.0

Residual: 0.4499581409732476


epsilon: 8.0

m: 6.166666666666666

Residual: 0.4201343549043407


epsilon: 8.0

m: 6.333333333333333

Residual: 0.411387466081013


epsilon: 8.0

m: 6.5

Residual: 0.37466241910631326


epsilon: 8.0

m: 6.666666666666666

Residual: 0.3638302558556109


epsilon: 8.0

m: 6.833333333333333

Residual: 0.4863867464086201


epsilon: 8.0

m: 7.0

Residual: 0.3937327072511447


