m: 5.0

n: 12.0

epsilon: 0.1

Residual: 0.09699300357095608


m: 5.0

n: 12.0

epsilon: 0.1

Residual: 0.09695714209414578


m: 5.0

n: 12.0

epsilon: 0.2285714285714286

Residual: 0.31806687848755943


m: 5.0

n: 12.0

epsilon: 0.3571428571428572

Residual: 0.5021116491552038


m: 5.0

n: 12.0

epsilon: 0.48571428571428577

Residual: 0.6089525143315735


m: 5.0

n: 12.0

epsilon: 0.6142857142857143

Residual: 0.6771716561519208


m: 5.0

n: 12.0

epsilon: 0.7428571428571429

Residual: 0.7250672562286304


m: 5.0

n: 12.0

epsilon: 0.8714285714285716

Residual: 0.7606101936936148


m: 5.0

n: 12.0

epsilon: 1.0000000000000002

Residual: 0.7884017261579244


m: 5.0

n: 16.714285714285715

epsilon: 0.1

Residual: 0.20318641740353938


m: 5.0

n: 16.714285714285715

epsilon: 0.2285714285714286

Residual: 0.20336760406252222


m: 5.0

n: 16.714285714285715

epsilon: 0.3571428571428572

Residual: 0.4057437667833666


m: 5.0

n: 16.714285714285715

epsilon: 0.48571428571428577

Residual: 0.5247729031235222


m: 5.0

n: 16.714285714285715

epsilon: 0.6142857142857143

Residual: 0.605530692663997


m: 5.0

n: 16.714285714285715

epsilon: 0.7428571428571429

Residual: 0.6621983870944846


m: 5.0

n: 16.714285714285715

epsilon: 0.8714285714285716

Residual: 0.7048709597259967


m: 5.0

n: 16.714285714285715

epsilon: 1.0000000000000002

Residual: 0.7375141006883137


m: 5.0

n: 21.42857142857143

epsilon: 0.1

Residual: 0.27224646706588995


m: 5.0

n: 21.42857142857143

epsilon: 0.2285714285714286

Residual: 0.1343786722782539


m: 5.0

n: 21.42857142857143

epsilon: 0.3571428571428572

Residual: 0.3426391076901151


m: 5.0

n: 21.42857142857143

epsilon: 0.48571428571428577

Residual: 0.47108443675793177


m: 5.0

n: 21.42857142857143

epsilon: 0.6142857142857143

Residual: 0.5570863527942141


m: 5.0

n: 21.42857142857143

epsilon: 0.7428571428571429

Residual: 0.6200378217904252


m: 5.0

n: 21.42857142857143

epsilon: 0.8714285714285716

Residual: 0.6653213137089914


m: 5.0

n: 21.42857142857143

epsilon: 1.0000000000000002

Residual: 0.7029252230919709


m: 5.0

n: 26.142857142857142

epsilon: 0.1

Residual: 0.3157079094856281


m: 5.0

n: 26.142857142857142

epsilon: 0.2285714285714286

Residual: 0.08609564741258569


m: 5.0

n: 26.142857142857142

epsilon: 0.3571428571428572

Residual: 0.30029419244771105


m: 5.0

n: 26.142857142857142

epsilon: 0.48571428571428577

Residual: 0.432404673127968


m: 5.0

n: 26.142857142857142

epsilon: 0.6142857142857143

Residual: 0.5227386582825029


m: 5.0

n: 26.142857142857142

epsilon: 0.7428571428571429

Residual: 0.5871029007825881


m: 5.0

n: 26.142857142857142

epsilon: 0.8714285714285716

Residual: 0.6379775547654309


m: 5.0

n: 26.142857142857142

epsilon: 1.0000000000000002

Residual: 0.6774512510709244


m: 5.0

n: 30.857142857142858

epsilon: 0.1

Residual: 0.34835441166507275


m: 5.0

n: 30.857142857142858

epsilon: 0.2285714285714286

Residual: 0.056704033229026646


m: 5.0

n: 30.857142857142858

epsilon: 0.3571428571428572

Residual: 0.2670117460630533


m: 5.0

n: 30.857142857142858

epsilon: 0.48571428571428577

Residual: 0.4036812887911879


m: 5.0

n: 30.857142857142858

epsilon: 0.6142857142857143

Residual: 0.49746938584302297


m: 5.0

n: 30.857142857142858

epsilon: 0.7428571428571429

Residual: 0.5644067133159254


m: 5.0

n: 30.857142857142858

epsilon: 0.8714285714285716

Residual: 0.6162730668955884


m: 5.0

n: 30.857142857142858

epsilon: 1.0000000000000002

Residual: 0.6575948052352627


m: 5.0

n: 35.57142857142857

epsilon: 0.1

Residual: 0.3717431354539479


m: 5.0

n: 35.57142857142857

epsilon: 0.2285714285714286

Residual: 0.04256436675831952


m: 5.0

n: 35.57142857142857

epsilon: 0.3571428571428572

Residual: 0.2409170986509825


m: 5.0

n: 35.57142857142857

epsilon: 0.48571428571428577

Residual: 0.3814312118341316


m: 5.0

n: 35.57142857142857

epsilon: 0.6142857142857143

Residual: 0.4759706479886622


m: 5.0

n: 35.57142857142857

epsilon: 0.7428571428571429

Residual: 0.5456625153482909


m: 5.0

n: 35.57142857142857

epsilon: 0.8714285714285716

Residual: 0.5995221783865686


m: 5.0

n: 35.57142857142857

epsilon: 1.0000000000000002

Residual: 0.642151620322325


m: 5.0

n: 40.285714285714285

epsilon: 0.1

Residual: 0.39086313601259376


m: 5.0

n: 40.285714285714285

epsilon: 0.2285714285714286

Residual: 0.03927467306090833


m: 5.0

n: 40.285714285714285

epsilon: 0.3571428571428572

Residual: 0.2212964005279354


m: 5.0

n: 40.285714285714285

epsilon: 0.48571428571428577

Residual: 0.36188291402695494


m: 5.0

n: 40.285714285714285

epsilon: 0.6142857142857143

Residual: 0.45916726066777275


m: 5.0

n: 40.285714285714285

epsilon: 0.7428571428571429

Residual: 0.5319414205256021


m: 5.0

n: 40.285714285714285

epsilon: 0.8714285714285716

Residual: 0.5854518277925238


m: 5.0

n: 40.285714285714285

epsilon: 1.0000000000000002

Residual: 0.6291808669226557


m: 5.0

n: 45.0

epsilon: 0.1

Residual: 0.4039449524920011


m: 5.0

n: 45.0

epsilon: 0.2285714285714286

Residual: 0.04185143460179766


m: 5.0

n: 45.0

epsilon: 0.3571428571428572

Residual: 0.20434201282821118


m: 5.0

n: 45.0

epsilon: 0.48571428571428577

Residual: 0.34675913289938465


m: 5.0

n: 45.0

epsilon: 0.6142857142857143

Residual: 0.44457586164902146


m: 5.0

n: 45.0

epsilon: 0.7428571428571429

Residual: 0.5176639803908499


m: 5.0

n: 45.0

epsilon: 0.8714285714285716

Residual: 0.5760619234930529


m: 5.0

n: 45.0

epsilon: 1.0000000000000002

Residual: 0.620000014094849


m: 5.285714285714286

n: 12.0

epsilon: 0.1

Residual: 0.14753949816248224


m: 5.285714285714286

n: 12.0

epsilon: 0.2285714285714286

Residual: 0.25840493375044987


m: 5.285714285714286

n: 12.0

epsilon: 0.3571428571428572

Residual: 0.4532257351769801


m: 5.285714285714286

n: 12.0

epsilon: 0.48571428571428577

Residual: 0.5655665839833556


m: 5.285714285714286

n: 12.0

epsilon: 0.6142857142857143

Residual: 0.6407145028784224


m: 5.285714285714286

n: 12.0

epsilon: 0.7428571428571429

Residual: 0.6932616176891878


m: 5.285714285714286

n: 12.0

epsilon: 0.8714285714285716

Residual: 0.7326423437399819


m: 5.285714285714286

n: 12.0

epsilon: 1.0000000000000002

Residual: 0.7627820076301625


m: 5.285714285714286

n: 16.714285714285715

epsilon: 0.1

Residual: 0.2689818386272957


m: 5.285714285714286

n: 16.714285714285715

epsilon: 0.2285714285714286

Residual: 0.1368795424627394


m: 5.285714285714286

n: 16.714285714285715

epsilon: 0.3571428571428572

Residual: 0.3468012046910589


m: 5.285714285714286

n: 16.714285714285715

epsilon: 0.48571428571428577

Residual: 0.4736371210064905


m: 5.285714285714286

n: 16.714285714285715

epsilon: 0.6142857142857143

Residual: 0.5596446025026032


m: 5.285714285714286

n: 16.714285714285715

epsilon: 0.7428571428571429

Residual: 0.6215408036236197


m: 5.285714285714286

n: 16.714285714285715

epsilon: 0.8714285714285716

Residual: 0.6682786021594797


m: 5.285714285714286

n: 16.714285714285715

epsilon: 1.0000000000000002

Residual: 0.7044154942708359


m: 5.285714285714286

n: 21.42857142857143

epsilon: 0.1

Residual: 0.33720823478442136


m: 5.285714285714286

n: 21.42857142857143

epsilon: 0.2285714285714286

Residual: 0.06247774917730374


m: 5.285714285714286

n: 21.42857142857143

epsilon: 0.3571428571428572

Residual: 0.2784115249804072


m: 5.285714285714286

n: 21.42857142857143

epsilon: 0.48571428571428577

Residual: 0.4138671772504063


m: 5.285714285714286

n: 21.42857142857143

epsilon: 0.6142857142857143

Residual: 0.5050097991066659


m: 5.285714285714286

n: 21.42857142857143

epsilon: 0.7428571428571429

Residual: 0.573461843790655


m: 5.285714285714286

n: 21.42857142857143

epsilon: 0.8714285714285716

Residual: 0.6241879409836959


m: 5.285714285714286

n: 21.42857142857143

epsilon: 1.0000000000000002

Residual: 0.6645940074546076


m: 5.285714285714286

n: 26.142857142857142

epsilon: 0.1

Residual: 0.38144951929163484


m: 5.285714285714286

n: 26.142857142857142

epsilon: 0.2285714285714286

Residual: 0.023592283002479838


m: 5.285714285714286

n: 26.142857142857142

epsilon: 0.3571428571428572

Residual: 0.2331439109149198


m: 5.285714285714286

n: 26.142857142857142

epsilon: 0.48571428571428577

Residual: 0.3709797851204804


m: 5.285714285714286

n: 26.142857142857142

epsilon: 0.6142857142857143

Residual: 0.4669148888891805


m: 5.285714285714286

n: 26.142857142857142

epsilon: 0.7428571428571429

Residual: 0.537438263380358


m: 5.285714285714286

n: 26.142857142857142

epsilon: 0.8714285714285716

Residual: 0.5922413798348166


m: 5.285714285714286

n: 26.142857142857142

epsilon: 1.0000000000000002

Residual: 0.6355814979737322


m: 5.285714285714286

n: 30.857142857142858

epsilon: 0.1

Residual: 0.4132403028172175


m: 5.285714285714286

n: 30.857142857142858

epsilon: 0.2285714285714286

Residual: 0.026416373536816324


m: 5.285714285714286

n: 30.857142857142858

epsilon: 0.3571428571428572

Residual: 0.19717019882244852


m: 5.285714285714286

n: 30.857142857142858

epsilon: 0.48571428571428577

Residual: 0.3373859997987544


m: 5.285714285714286

n: 30.857142857142858

epsilon: 0.6142857142857143

Residual: 0.43919838763959496


m: 5.285714285714286

n: 30.857142857142858

epsilon: 0.7428571428571429

Residual: 0.5102675682093128


m: 5.285714285714286

n: 30.857142857142858

epsilon: 0.8714285714285716

Residual: 0.5666076260543889


m: 5.285714285714286

n: 30.857142857142858

epsilon: 1.0000000000000002

Residual: 0.6127298923499359


m: 5.285714285714286

n: 35.57142857142857

epsilon: 0.1

Residual: 0.4334673442201826


m: 5.285714285714286

n: 35.57142857142857

epsilon: 0.2285714285714286

Residual: 0.05362421634729587


m: 5.285714285714286

n: 35.57142857142857

epsilon: 0.3571428571428572

Residual: 0.16874371856528328


m: 5.285714285714286

n: 35.57142857142857

epsilon: 0.48571428571428577

Residual: 0.31422927308766513


m: 5.285714285714286

n: 35.57142857142857

epsilon: 0.6142857142857143

Residual: 0.41535458197890646


m: 5.285714285714286

n: 35.57142857142857

epsilon: 0.7428571428571429

Residual: 0.4912263016544988


m: 5.285714285714286

n: 35.57142857142857

epsilon: 0.8714285714285716

Residual: 0.5487670056139966


m: 5.285714285714286

n: 35.57142857142857

epsilon: 1.0000000000000002

Residual: 0.5948518753180986


m: 5.285714285714286

n: 40.285714285714285

epsilon: 0.1

Residual: 0.453550419020255


m: 5.285714285714286

n: 40.285714285714285

epsilon: 0.2285714285714286

Residual: 0.0763977700692414


m: 5.285714285714286

n: 40.285714285714285

epsilon: 0.3571428571428572

Residual: 0.14712256312457028


m: 5.285714285714286

n: 40.285714285714285

epsilon: 0.48571428571428577

Residual: 0.2923379453408614


m: 5.285714285714286

n: 40.285714285714285

epsilon: 0.6142857142857143

Residual: 0.39700643963065885


m: 5.285714285714286

n: 40.285714285714285

epsilon: 0.7428571428571429

Residual: 0.4724122590835643


m: 5.285714285714286

n: 40.285714285714285

epsilon: 0.8714285714285716

Residual: 0.5337071169755955


m: 5.285714285714286

n: 40.285714285714285

epsilon: 1.0000000000000002

Residual: 0.5806398941467357


m: 5.285714285714286

n: 45.0

epsilon: 0.1

Residual: 0.4651489378045502


m: 5.285714285714286

n: 45.0

epsilon: 0.2285714285714286

Residual: 0.09243975805233505


m: 5.285714285714286

n: 45.0

epsilon: 0.3571428571428572

Residual: 0.1280306004814933


m: 5.285714285714286

n: 45.0

epsilon: 0.48571428571428577

Residual: 0.27580422162040164


m: 5.285714285714286

n: 45.0

epsilon: 0.6142857142857143

Residual: 0.38228472802764574


m: 5.285714285714286

n: 45.0

epsilon: 0.7428571428571429

Residual: 0.4591868583992479


m: 5.285714285714286

n: 45.0

epsilon: 0.8714285714285716

Residual: 0.5198232127757036


m: 5.285714285714286

n: 45.0

epsilon: 1.0000000000000002

Residual: 0.5689649737648339


m: 5.571428571428571

n: 12.0

epsilon: 0.1

Residual: 0.2051814795974259


m: 5.571428571428571

n: 12.0

epsilon: 0.2285714285714286

Residual: 0.20259534065100207


m: 5.571428571428571

n: 12.0

epsilon: 0.3571428571428572

Residual: 0.40398019163139354


m: 5.571428571428571

n: 12.0

epsilon: 0.48571428571428577

Residual: 0.5240780863315173


m: 5.571428571428571

n: 12.0

epsilon: 0.6142857142857143

Residual: 0.6045487739014861


m: 5.571428571428571

n: 12.0

epsilon: 0.7428571428571429

Residual: 0.6612059525640592


m: 5.571428571428571

n: 12.0

epsilon: 0.8714285714285716

Residual: 0.703986353910292


m: 5.571428571428571

n: 12.0

epsilon: 1.0000000000000002

Residual: 0.7373393483995871


m: 5.571428571428571

n: 16.714285714285715

epsilon: 0.1

Residual: 0.3257416618269214


m: 5.571428571428571

n: 16.714285714285715

epsilon: 0.2285714285714286

Residual: 0.07238046596726135


m: 5.571428571428571

n: 16.714285714285715

epsilon: 0.3571428571428572

Residual: 0.2884014146225413


m: 5.571428571428571

n: 16.714285714285715

epsilon: 0.48571428571428577

Residual: 0.422710210449539


m: 5.571428571428571

n: 16.714285714285715

epsilon: 0.6142857142857143

Residual: 0.5141566603132958


m: 5.571428571428571

n: 16.714285714285715

epsilon: 0.7428571428571429

Residual: 0.5809250364823837


m: 5.571428571428571

n: 16.714285714285715

epsilon: 0.8714285714285716

Residual: 0.6314379693716179


m: 5.571428571428571

n: 16.714285714285715

epsilon: 1.0000000000000002

Residual: 0.6707581036227356


m: 5.571428571428571

n: 21.42857142857143

epsilon: 0.1

Residual: 0.39551289359061037


m: 5.571428571428571

n: 21.42857142857143

epsilon: 0.2285714285714286

Residual: 0.011714561245895719


m: 5.571428571428571

n: 21.42857142857143

epsilon: 0.3571428571428572

Residual: 0.21497123997530032


m: 5.571428571428571

n: 21.42857142857143

epsilon: 0.48571428571428577

Residual: 0.35594990534168364


m: 5.571428571428571

n: 21.42857142857143

epsilon: 0.6142857142857143

Residual: 0.45436026142845215


m: 5.571428571428571

n: 21.42857142857143

epsilon: 0.7428571428571429

Residual: 0.5276965870318792


m: 5.571428571428571

n: 21.42857142857143

epsilon: 0.8714285714285716

Residual: 0.5821584879851265


m: 5.571428571428571

n: 21.42857142857143

epsilon: 1.0000000000000002

Residual: 0.6254197982696117


m: 5.571428571428571

n: 26.142857142857142

epsilon: 0.1

Residual: 0.438087955485866


m: 5.571428571428571

n: 26.142857142857142

epsilon: 0.2285714285714286

Residual: 0.057831245728902754


m: 5.571428571428571

n: 26.142857142857142

epsilon: 0.3571428571428572

Residual: 0.16570652216436127


m: 5.571428571428571

n: 26.142857142857142

epsilon: 0.48571428571428577

Residual: 0.31083340393410563


m: 5.571428571428571

n: 26.142857142857142

epsilon: 0.6142857142857143

Residual: 0.41359985386811676


m: 5.571428571428571

n: 26.142857142857142

epsilon: 0.7428571428571429

Residual: 0.48732208096038404


m: 5.571428571428571

n: 26.142857142857142

epsilon: 0.8714285714285716

Residual: 0.546752402176216


m: 5.571428571428571

n: 26.142857142857142

epsilon: 1.0000000000000002

Residual: 0.5929507769187328


m: 5.571428571428571

n: 30.857142857142858

epsilon: 0.1

Residual: 0.4677273266454377


m: 5.571428571428571

n: 30.857142857142858

epsilon: 0.2285714285714286

Residual: 0.09378997334051659


m: 5.571428571428571

n: 30.857142857142858

epsilon: 0.3571428571428572

Residual: 0.1278458818365944


m: 5.571428571428571

n: 30.857142857142858

epsilon: 0.48571428571428577

Residual: 0.27471135375536376


m: 5.571428571428571

n: 30.857142857142858

epsilon: 0.6142857142857143

Residual: 0.3796707774012396


m: 5.571428571428571

n: 30.857142857142858

epsilon: 0.7428571428571429

Residual: 0.4581501985358891


m: 5.571428571428571

n: 30.857142857142858

epsilon: 0.8714285714285716

Residual: 0.5190207355029653


m: 5.571428571428571

n: 30.857142857142858

epsilon: 1.0000000000000002

Residual: 0.567223548253738


m: 5.571428571428571

n: 35.57142857142857

epsilon: 0.1

Residual: 0.4895952826994284


m: 5.571428571428571

n: 35.57142857142857

epsilon: 0.2285714285714286

Residual: 0.12171513831592286


m: 5.571428571428571

n: 35.57142857142857

epsilon: 0.3571428571428572

Residual: 0.09768898346555899


m: 5.571428571428571

n: 35.57142857142857

epsilon: 0.48571428571428577

Residual: 0.2483586069180276


m: 5.571428571428571

n: 35.57142857142857

epsilon: 0.6142857142857143

Residual: 0.3557887347323205


m: 5.571428571428571

n: 35.57142857142857

epsilon: 0.7428571428571429

Residual: 0.43275189147713616


m: 5.571428571428571

n: 35.57142857142857

epsilon: 0.8714285714285716

Residual: 0.49743493451696635


m: 5.571428571428571

n: 35.57142857142857

epsilon: 1.0000000000000002

Residual: 0.547922007922525


m: 5.571428571428571

n: 40.285714285714285

epsilon: 0.1

Residual: 0.5085065110490277


m: 5.571428571428571

n: 40.285714285714285

epsilon: 0.2285714285714286

Residual: 0.14376391835354355


m: 5.571428571428571

n: 40.285714285714285

epsilon: 0.3571428571428572

Residual: 0.07731855044883233


m: 5.571428571428571

n: 40.285714285714285

epsilon: 0.48571428571428577

Residual: 0.2243312048109585


m: 5.571428571428571

n: 40.285714285714285

epsilon: 0.6142857142857143

Residual: 0.33360919385678267


m: 5.571428571428571

n: 40.285714285714285

epsilon: 0.7428571428571429

Residual: 0.41558392166762975


m: 5.571428571428571

n: 40.285714285714285

epsilon: 0.8714285714285716

Residual: 0.4803868787379768


m: 5.571428571428571

n: 40.285714285714285

epsilon: 1.0000000000000002

Residual: 0.5316254544413607


m: 5.571428571428571

n: 45.0

epsilon: 0.1

Residual: 0.5219547673740871


m: 5.571428571428571

n: 45.0

epsilon: 0.2285714285714286

Residual: 0.16342109574812919


m: 5.571428571428571

n: 45.0

epsilon: 0.3571428571428572

Residual: 0.05660513974466695


m: 5.571428571428571

n: 45.0

epsilon: 0.48571428571428577

Residual: 0.20938131208927713


m: 5.571428571428571

n: 45.0

epsilon: 0.6142857142857143

Residual: 0.3201672802253672


m: 5.571428571428571

n: 45.0

epsilon: 0.7428571428571429

Residual: 0.39942299947561255


m: 5.571428571428571

n: 45.0

epsilon: 0.8714285714285716

Residual: 0.46421035554903667


m: 5.571428571428571

n: 45.0

epsilon: 1.0000000000000002

Residual: 0.5193750560160229


m: 5.857142857142857

n: 12.0

epsilon: 0.1

Residual: 0.25795068702683055


m: 5.857142857142857

n: 12.0

epsilon: 0.2285714285714286

Residual: 0.1493197991874924


m: 5.857142857142857

n: 12.0

epsilon: 0.3571428571428572

Residual: 0.35792191997439965


m: 5.857142857142857

n: 12.0

epsilon: 0.48571428571428577

Residual: 0.4838519718306507


m: 5.857142857142857

n: 12.0

epsilon: 0.6142857142857143

Residual: 0.5689067359536397


m: 5.857142857142857

n: 12.0

epsilon: 0.7428571428571429

Residual: 0.629935622297172


m: 5.857142857142857

n: 12.0

epsilon: 0.8714285714285716

Residual: 0.6754834963476581


m: 5.857142857142857

n: 12.0

epsilon: 1.0000000000000002

Residual: 0.7109960366301631


m: 5.857142857142857

n: 16.714285714285715

epsilon: 0.1

Residual: 0.37862494457657037


m: 5.857142857142857

n: 16.714285714285715

epsilon: 0.2285714285714286

Residual: 0.0282453407706865


m: 5.857142857142857

n: 16.714285714285715

epsilon: 0.3571428571428572

Residual: 0.23587913882091585


m: 5.857142857142857

n: 16.714285714285715

epsilon: 0.48571428571428577

Residual: 0.3732648868180047


m: 5.857142857142857

n: 16.714285714285715

epsilon: 0.6142857142857143

Residual: 0.4694229441798627


m: 5.857142857142857

n: 16.714285714285715

epsilon: 0.7428571428571429

Residual: 0.5387959290843334


m: 5.857142857142857

n: 16.714285714285715

epsilon: 0.8714285714285716

Residual: 0.5948232322508651


m: 5.857142857142857

n: 16.714285714285715

epsilon: 1.0000000000000002

Residual: 0.6380444789115762


m: 5.857142857142857

n: 21.42857142857143

epsilon: 0.1

Residual: 0.444809151815771


m: 5.857142857142857

n: 21.42857142857143

epsilon: 0.2285714285714286

Residual: 0.0644495769635394


m: 5.857142857142857

n: 21.42857142857143

epsilon: 0.3571428571428572

Residual: 0.1559469300400999


m: 5.857142857142857

n: 21.42857142857143

epsilon: 0.48571428571428577

Residual: 0.30122949245609854


m: 5.857142857142857

n: 21.42857142857143

epsilon: 0.6142857142857143

Residual: 0.4045542535113369


m: 5.857142857142857

n: 21.42857142857143

epsilon: 0.7428571428571429

Residual: 0.48145477005457055


m: 5.857142857142857

n: 21.42857142857143

epsilon: 0.8714285714285716

Residual: 0.5388656193961935


m: 5.857142857142857

n: 21.42857142857143

epsilon: 1.0000000000000002

Residual: 0.5856667642373004


m: 5.857142857142857

n: 26.142857142857142

epsilon: 0.1

Residual: 0.48816615581850487


m: 5.857142857142857

n: 26.142857142857142

epsilon: 0.2285714285714286

Residual: 0.11845363673083774


m: 5.857142857142857

n: 26.142857142857142

epsilon: 0.3571428571428572

Residual: 0.10219363151398973


m: 5.857142857142857

n: 26.142857142857142

epsilon: 0.48571428571428577

Residual: 0.2534147580273256


m: 5.857142857142857

n: 26.142857142857142

epsilon: 0.6142857142857143

Residual: 0.3586547567898475


m: 5.857142857142857

n: 26.142857142857142

epsilon: 0.7428571428571429

Residual: 0.4364213649728849


m: 5.857142857142857

n: 26.142857142857142

epsilon: 0.8714285714285716

Residual: 0.49908805009243107


m: 5.857142857142857

n: 26.142857142857142

epsilon: 1.0000000000000002

Residual: 0.5491963104994699


m: 5.857142857142857

n: 30.857142857142858

epsilon: 0.1

Residual: 0.517698636172049


m: 5.857142857142857

n: 30.857142857142858

epsilon: 0.2285714285714286

Residual: 0.15726696444705174


m: 5.857142857142857

n: 30.857142857142858

epsilon: 0.3571428571428572

Residual: 0.06722631655585916


m: 5.857142857142857

n: 30.857142857142858

epsilon: 0.48571428571428577

Residual: 0.2134406821930984


m: 5.857142857142857

n: 30.857142857142858

epsilon: 0.6142857142857143

Residual: 0.32208895088569506


m: 5.857142857142857

n: 30.857142857142858

epsilon: 0.7428571428571429

Residual: 0.40287377336512437


m: 5.857142857142857

n: 30.857142857142858

epsilon: 0.8714285714285716

Residual: 0.4703930069740834


m: 5.857142857142857

n: 30.857142857142858

epsilon: 1.0000000000000002

Residual: 0.5222362669086281


m: 5.857142857142857

n: 35.57142857142857

epsilon: 0.1

Residual: 0.5390512646042362


m: 5.857142857142857

n: 35.57142857142857

epsilon: 0.2285714285714286

Residual: 0.18821079012895975


m: 5.857142857142857

n: 35.57142857142857

epsilon: 0.3571428571428572

Residual: 0.04688099120572615


m: 5.857142857142857

n: 35.57142857142857

epsilon: 0.48571428571428577

Residual: 0.184560724832758


m: 5.857142857142857

n: 35.57142857142857

epsilon: 0.6142857142857143

Residual: 0.29733974181407596


m: 5.857142857142857

n: 35.57142857142857

epsilon: 0.7428571428571429

Residual: 0.37993095529337095


m: 5.857142857142857

n: 35.57142857142857

epsilon: 0.8714285714285716

Residual: 0.44440861777645607


m: 5.857142857142857

n: 35.57142857142857

epsilon: 1.0000000000000002

Residual: 0.49981855948247944


m: 5.857142857142857

n: 40.285714285714285

epsilon: 0.1

Residual: 0.5550195343242328


m: 5.857142857142857

n: 40.285714285714285

epsilon: 0.2285714285714286

Residual: 0.2101581802655933


m: 5.857142857142857

n: 40.285714285714285

epsilon: 0.3571428571428572

Residual: 0.0415265839661007


m: 5.857142857142857

n: 40.285714285714285

epsilon: 0.48571428571428577

Residual: 0.16259744406746782


m: 5.857142857142857

n: 40.285714285714285

epsilon: 0.6142857142857143

Residual: 0.2703062453528697


m: 5.857142857142857

n: 40.285714285714285

epsilon: 0.7428571428571429

Residual: 0.36127062767300333


m: 5.857142857142857

n: 40.285714285714285

epsilon: 0.8714285714285716

Residual: 0.42706981951088147


m: 5.857142857142857

n: 40.285714285714285

epsilon: 1.0000000000000002

Residual: 0.48159504551117266


m: 5.857142857142857

n: 45.0

epsilon: 0.1

Residual: 0.5698635130856324


m: 5.857142857142857

n: 45.0

epsilon: 0.2285714285714286

Residual: 0.23087851688041733


m: 5.857142857142857

n: 45.0

epsilon: 0.3571428571428572

Residual: 0.031253737917973735


m: 5.857142857142857

n: 45.0

epsilon: 0.48571428571428577

Residual: 0.14257565425270316


m: 5.857142857142857

n: 45.0

epsilon: 0.6142857142857143

Residual: 0.2529779891115166


m: 5.857142857142857

n: 45.0

epsilon: 0.7428571428571429

Residual: 0.3407402817599095


m: 5.857142857142857

n: 45.0

epsilon: 0.8714285714285716

Residual: 0.41150679682331476


m: 5.857142857142857

n: 45.0

epsilon: 1.0000000000000002

Residual: 0.4659947038008221


m: 6.142857142857142

n: 12.0

epsilon: 0.1

Residual: 0.3038128109962768


m: 6.142857142857142

n: 12.0

epsilon: 0.2285714285714286

Residual: 0.10182442245335964


m: 6.142857142857142

n: 12.0

epsilon: 0.3571428571428572

Residual: 0.3120272715279651


m: 6.142857142857142

n: 12.0

epsilon: 0.48571428571428577

Residual: 0.44460825077282895


m: 6.142857142857142

n: 12.0

epsilon: 0.6142857142857143

Residual: 0.5337992482180534


m: 6.142857142857142

n: 12.0

epsilon: 0.7428571428571429

Residual: 0.5977249656305951


m: 6.142857142857142

n: 12.0

epsilon: 0.8714285714285716

Residual: 0.6469504190255512


m: 6.142857142857142

n: 12.0

epsilon: 1.0000000000000002

Residual: 0.6850819963675651


m: 6.142857142857142

n: 16.714285714285715

epsilon: 0.1

Residual: 0.4254007690630832


m: 6.142857142857142

n: 16.714285714285715

epsilon: 0.2285714285714286

Residual: 0.040433080897435476


m: 6.142857142857142

n: 16.714285714285715

epsilon: 0.3571428571428572

Residual: 0.18247160071765947


m: 6.142857142857142

n: 16.714285714285715

epsilon: 0.48571428571428577

Residual: 0.3247551148884283


m: 6.142857142857142

n: 16.714285714285715

epsilon: 0.6142857142857143

Residual: 0.4255264190327145


m: 6.142857142857142

n: 16.714285714285715

epsilon: 0.7428571428571429

Residual: 0.500224257564458


m: 6.142857142857142

n: 16.714285714285715

epsilon: 0.8714285714285716

Residual: 0.5585385682343879


m: 6.142857142857142

n: 16.714285714285715

epsilon: 1.0000000000000002

Residual: 0.6022006783230629


m: 6.142857142857142

n: 21.42857142857143

epsilon: 0.1

Residual: 0.49036149513340815


m: 6.142857142857142

n: 21.42857142857143

epsilon: 0.2285714285714286

Residual: 0.12206303356440075


m: 6.142857142857142

n: 21.42857142857143

epsilon: 0.3571428571428572

Residual: 0.106552432135581


m: 6.142857142857142

n: 21.42857142857143

epsilon: 0.48571428571428577

Residual: 0.2516541665722245


m: 6.142857142857142

n: 21.42857142857143

epsilon: 0.6142857142857143

Residual: 0.3545056740336343


m: 6.142857142857142

n: 21.42857142857143

epsilon: 0.7428571428571429

Residual: 0.43483315099016845


m: 6.142857142857142

n: 21.42857142857143

epsilon: 0.8714285714285716

Residual: 0.49659324437537894


m: 6.142857142857142

n: 21.42857142857143

epsilon: 1.0000000000000002

Residual: 0.5486609518023331


m: 6.142857142857142

n: 26.142857142857142

epsilon: 0.1

Residual: 0.5302381727201387


m: 6.142857142857142

n: 26.142857142857142

epsilon: 0.2285714285714286

Residual: 0.17674129090754861


m: 6.142857142857142

n: 26.142857142857142

epsilon: 0.3571428571428572

Residual: 0.06692827607762422


m: 6.142857142857142

n: 26.142857142857142

epsilon: 0.48571428571428577

Residual: 0.1927401013204811


m: 6.142857142857142

n: 26.142857142857142

epsilon: 0.6142857142857143

Residual: 0.3039718222420977


m: 6.142857142857142

n: 26.142857142857142

epsilon: 0.7428571428571429

Residual: 0.38792474002159055


m: 6.142857142857142

n: 26.142857142857142

epsilon: 0.8714285714285716

Residual: 0.4570225310178406


m: 6.142857142857142

n: 26.142857142857142

epsilon: 1.0000000000000002

Residual: 0.5072959561393332


m: 6.142857142857142

n: 30.857142857142858

epsilon: 0.1

Residual: 0.5624837344202204


m: 6.142857142857142

n: 30.857142857142858

epsilon: 0.2285714285714286

Residual: 0.21772569566419941


m: 6.142857142857142

n: 30.857142857142858

epsilon: 0.3571428571428572

Residual: 0.05355662374770959


m: 6.142857142857142

n: 30.857142857142858

epsilon: 0.48571428571428577

Residual: 0.15371424359128133


m: 6.142857142857142

n: 30.857142857142858

epsilon: 0.6142857142857143

Residual: 0.26565386041317307


m: 6.142857142857142

n: 30.857142857142858

epsilon: 0.7428571428571429

Residual: 0.35681354833753776


m: 6.142857142857142

n: 30.857142857142858

epsilon: 0.8714285714285716

Residual: 0.42162740555961


m: 6.142857142857142

n: 30.857142857142858

epsilon: 1.0000000000000002

Residual: 0.4744855366592783


m: 6.142857142857142

n: 35.57142857142857

epsilon: 0.1

Residual: 0.5831371962736492


m: 6.142857142857142

n: 35.57142857142857

epsilon: 0.2285714285714286

Residual: 0.24479731805332108


m: 6.142857142857142

n: 35.57142857142857

epsilon: 0.3571428571428572

Residual: 0.05360615252753702


m: 6.142857142857142

n: 35.57142857142857

epsilon: 0.48571428571428577

Residual: 0.12945028944072356


m: 6.142857142857142

n: 35.57142857142857

epsilon: 0.6142857142857143

Residual: 0.23787558245287094


m: 6.142857142857142

n: 35.57142857142857

epsilon: 0.7428571428571429

Residual: 0.32696592562866533


m: 6.142857142857142

n: 35.57142857142857

epsilon: 0.8714285714285716

Residual: 0.3959488512417901


m: 6.142857142857142

n: 35.57142857142857

epsilon: 1.0000000000000002

Residual: 0.4543817973041778


m: 6.142857142857142

n: 40.285714285714285

epsilon: 0.1

Residual: 0.5952777082333283


m: 6.142857142857142

n: 40.285714285714285

epsilon: 0.2285714285714286

Residual: 0.26980133561907105


m: 6.142857142857142

n: 40.285714285714285

epsilon: 0.3571428571428572

Residual: 0.059825774798342536


m: 6.142857142857142

n: 40.285714285714285

epsilon: 0.48571428571428577

Residual: 0.10718563421104475


m: 6.142857142857142

n: 40.285714285714285

epsilon: 0.6142857142857143

Residual: 0.21569899482936944


m: 6.142857142857142

n: 40.285714285714285

epsilon: 0.7428571428571429

Residual: 0.29790441939624274


m: 6.142857142857142

n: 40.285714285714285

epsilon: 0.8714285714285716

Residual: 0.37549486295739287


m: 6.142857142857142

n: 40.285714285714285

epsilon: 1.0000000000000002

Residual: 0.4332248964780575


m: 6.142857142857142

n: 45.0

epsilon: 0.1

Residual: 0.6098568287454427


m: 6.142857142857142

n: 45.0

epsilon: 0.2285714285714286

Residual: 0.2867743817211912


m: 6.142857142857142

n: 45.0

epsilon: 0.3571428571428572

Residual: 0.07530116723576469


m: 6.142857142857142

n: 45.0

epsilon: 0.48571428571428577

Residual: 0.09574220156213399


m: 6.142857142857142

n: 45.0

epsilon: 0.6142857142857143

Residual: 0.19655280663202807


m: 6.142857142857142

n: 45.0

epsilon: 0.7428571428571429

Residual: 0.28647347027271575


m: 6.142857142857142

n: 45.0

epsilon: 0.8714285714285716

Residual: 0.35912735977729493


m: 6.142857142857142

n: 45.0

epsilon: 1.0000000000000002

Residual: 0.41542986541131816


m: 6.428571428571429

n: 12.0

epsilon: 0.1

Residual: 0.3448529465611971


m: 6.428571428571429

n: 12.0

epsilon: 0.2285714285714286

Residual: 0.0658677598415317


m: 6.428571428571429

n: 12.0

epsilon: 0.3571428571428572

Residual: 0.26943388978718746


m: 6.428571428571429

n: 12.0

epsilon: 0.48571428571428577

Residual: 0.40600087893912074


m: 6.428571428571429

n: 12.0

epsilon: 0.6142857142857143

Residual: 0.4973481447264234


m: 6.428571428571429

n: 12.0

epsilon: 0.7428571428571429

Residual: 0.5666517827987514


m: 6.428571428571429

n: 12.0

epsilon: 0.8714285714285716

Residual: 0.6190475093378307


m: 6.428571428571429

n: 12.0

epsilon: 1.0000000000000002

Residual: 0.6595219515823391


m: 6.428571428571429

n: 16.714285714285715

epsilon: 0.1

Residual: 0.46459136765638137


m: 6.428571428571429

n: 16.714285714285715

epsilon: 0.2285714285714286

Residual: 0.09124437440304563


m: 6.428571428571429

n: 16.714285714285715

epsilon: 0.3571428571428572

Residual: 0.1384092961086762


m: 6.428571428571429

n: 16.714285714285715

epsilon: 0.48571428571428577

Residual: 0.27933038405973964


m: 6.428571428571429

n: 16.714285714285715

epsilon: 0.6142857142857143

Residual: 0.3819603683056668


m: 6.428571428571429

n: 16.714285714285715

epsilon: 0.7428571428571429

Residual: 0.4592535833873365


m: 6.428571428571429

n: 16.714285714285715

epsilon: 0.8714285714285716

Residual: 0.5206645468883833


m: 6.428571428571429

n: 16.714285714285715

epsilon: 1.0000000000000002

Residual: 0.569213582458254


m: 6.428571428571429

n: 21.42857142857143

epsilon: 0.1

Residual: 0.5310956777644316


m: 6.428571428571429

n: 21.42857142857143

epsilon: 0.2285714285714286

Residual: 0.17505666996685018


m: 6.428571428571429

n: 21.42857142857143

epsilon: 0.3571428571428572

Residual: 0.08376866338505783


m: 6.428571428571429

n: 21.42857142857143

epsilon: 0.48571428571428577

Residual: 0.1999508246337683


m: 6.428571428571429

n: 21.42857142857143

epsilon: 0.6142857142857143

Residual: 0.30755286782430863


m: 6.428571428571429

n: 21.42857142857143

epsilon: 0.7428571428571429

Residual: 0.39270780276272266


m: 6.428571428571429

n: 21.42857142857143

epsilon: 0.8714285714285716

Residual: 0.4567867545181086


m: 6.428571428571429

n: 21.42857142857143

epsilon: 1.0000000000000002

Residual: 0.5081479014486822


m: 6.428571428571429

n: 26.142857142857142

epsilon: 0.1

Residual: 0.5699644691048135


m: 6.428571428571429

n: 26.142857142857142

epsilon: 0.2285714285714286

Residual: 0.23017042258329476


m: 6.428571428571429

n: 26.142857142857142

epsilon: 0.3571428571428572

Residual: 0.07006492215022347


m: 6.428571428571429

n: 26.142857142857142

epsilon: 0.48571428571428577

Residual: 0.14981569782037887


m: 6.428571428571429

n: 26.142857142857142

epsilon: 0.6142857142857143

Residual: 0.2529531830087348


m: 6.428571428571429

n: 26.142857142857142

epsilon: 0.7428571428571429

Residual: 0.33869719453008906


m: 6.428571428571429

n: 26.142857142857142

epsilon: 0.8714285714285716

Residual: 0.40750856291126375


m: 6.428571428571429

n: 26.142857142857142

epsilon: 1.0000000000000002

Residual: 0.46430016425378634


m: 6.428571428571429

n: 30.857142857142858

epsilon: 0.1

Residual: 0.6000777820561994


m: 6.428571428571429

n: 30.857142857142858

epsilon: 0.2285714285714286

Residual: 0.26835650230534164


m: 6.428571428571429

n: 30.857142857142858

epsilon: 0.3571428571428572

Residual: 0.0737824694127084


m: 6.428571428571429

n: 30.857142857142858

epsilon: 0.48571428571428577

Residual: 0.12186280220309739


m: 6.428571428571429

n: 30.857142857142858

epsilon: 0.6142857142857143

Residual: 0.21500162622964542


m: 6.428571428571429

n: 30.857142857142858

epsilon: 0.7428571428571429

Residual: 0.30477583477583325


m: 6.428571428571429

n: 30.857142857142858

epsilon: 0.8714285714285716

Residual: 0.3716789508251741


m: 6.428571428571429

n: 30.857142857142858

epsilon: 1.0000000000000002

Residual: 0.43009836423248693


m: 6.428571428571429

n: 35.57142857142857

epsilon: 0.1

Residual: 0.6198563225614073


m: 6.428571428571429

n: 35.57142857142857

epsilon: 0.2285714285714286

Residual: 0.3021966213545047


m: 6.428571428571429

n: 35.57142857142857

epsilon: 0.3571428571428572

Residual: 0.08960111370704386


m: 6.428571428571429

n: 35.57142857142857

epsilon: 0.48571428571428577

Residual: 0.10548093836210046


m: 6.428571428571429

n: 35.57142857142857

epsilon: 0.6142857142857143

Residual: 0.18695917355590672


m: 6.428571428571429

n: 35.57142857142857

epsilon: 0.7428571428571429

Residual: 0.27360617809100335


m: 6.428571428571429

n: 35.57142857142857

epsilon: 0.8714285714285716

Residual: 0.34545716508670193


m: 6.428571428571429

n: 35.57142857142857

epsilon: 1.0000000000000002

Residual: 0.40266537947080644


m: 6.428571428571429

n: 40.285714285714285

epsilon: 0.1

Residual: 0.6336891765992758


m: 6.428571428571429

n: 40.285714285714285

epsilon: 0.2285714285714286

Residual: 0.32244185663900393


m: 6.428571428571429

n: 40.285714285714285

epsilon: 0.3571428571428572

Residual: 0.11329194663466682


m: 6.428571428571429

n: 40.285714285714285

epsilon: 0.48571428571428577

Residual: 0.09538374332900784


m: 6.428571428571429

n: 40.285714285714285

epsilon: 0.6142857142857143

Residual: 0.16415520051362967


m: 6.428571428571429

n: 40.285714285714285

epsilon: 0.7428571428571429

Residual: 0.25276517864288217


m: 6.428571428571429

n: 40.285714285714285

epsilon: 0.8714285714285716

Residual: 0.3216643672258908


m: 6.428571428571429

n: 40.285714285714285

epsilon: 1.0000000000000002

Residual: 0.38322008061594154


m: 6.428571428571429

n: 45.0

epsilon: 0.1

Residual: 0.6457525372940405


m: 6.428571428571429

n: 45.0

epsilon: 0.2285714285714286

Residual: 0.3457973871485853


m: 6.428571428571429

n: 45.0

epsilon: 0.3571428571428572

Residual: 0.12917529474656964


m: 6.428571428571429

n: 45.0

epsilon: 0.48571428571428577

Residual: 0.08665112098676632


m: 6.428571428571429

n: 45.0

epsilon: 0.6142857142857143

Residual: 0.1462211342999884


m: 6.428571428571429

n: 45.0

epsilon: 0.7428571428571429

Residual: 0.23195653362593305


m: 6.428571428571429

n: 45.0

epsilon: 0.8714285714285716

Residual: 0.3053199078086311


m: 6.428571428571429

n: 45.0

epsilon: 1.0000000000000002

Residual: 0.367027346010693


m: 6.714285714285714

n: 12.0

epsilon: 0.1

Residual: 0.3832603450078835


m: 6.714285714285714

n: 12.0

epsilon: 0.2285714285714286

Residual: 0.0521673615405324


m: 6.714285714285714

n: 12.0

epsilon: 0.3571428571428572

Residual: 0.2280921302856018


m: 6.714285714285714

n: 12.0

epsilon: 0.48571428571428577

Residual: 0.36839703590519185


m: 6.714285714285714

n: 12.0

epsilon: 0.6142857142857143

Residual: 0.46450047074439227


m: 6.714285714285714

n: 12.0

epsilon: 0.7428571428571429

Residual: 0.5362934523257434


m: 6.714285714285714

n: 12.0

epsilon: 0.8714285714285716

Residual: 0.5898733519795031


m: 6.714285714285714

n: 12.0

epsilon: 1.0000000000000002

Residual: 0.634005361511046


m: 6.714285714285714

n: 16.714285714285715

epsilon: 0.1

Residual: 0.5036427462688008


m: 6.714285714285714

n: 16.714285714285715

epsilon: 0.2285714285714286

Residual: 0.13846413285211054


m: 6.714285714285714

n: 16.714285714285715

epsilon: 0.3571428571428572

Residual: 0.11493081027381184


m: 6.714285714285714

n: 16.714285714285715

epsilon: 0.48571428571428577

Residual: 0.23538808438503667


m: 6.714285714285714

n: 16.714285714285715

epsilon: 0.6142857142857143

Residual: 0.34354728305812504


m: 6.714285714285714

n: 16.714285714285715

epsilon: 0.7428571428571429

Residual: 0.4217294237484221


m: 6.714285714285714

n: 16.714285714285715

epsilon: 0.8714285714285716

Residual: 0.4842682902725905


m: 6.714285714285714

n: 16.714285714285715

epsilon: 1.0000000000000002

Residual: 0.5373772644640618


m: 6.714285714285714

n: 21.42857142857143

epsilon: 0.1

Residual: 0.5680454062546593


m: 6.714285714285714

n: 21.42857142857143

epsilon: 0.2285714285714286

Residual: 0.2237824541166193


m: 6.714285714285714

n: 21.42857142857143

epsilon: 0.3571428571428572

Residual: 0.08957389526006615


m: 6.714285714285714

n: 21.42857142857143

epsilon: 0.48571428571428577

Residual: 0.16783899786798426


m: 6.714285714285714

n: 21.42857142857143

epsilon: 0.6142857142857143

Residual: 0.2608421038872218


m: 6.714285714285714

n: 21.42857142857143

epsilon: 0.7428571428571429

Residual: 0.3478660956929908


m: 6.714285714285714

n: 21.42857142857143

epsilon: 0.8714285714285716

Residual: 0.4125518170791688


m: 6.714285714285714

n: 21.42857142857143

epsilon: 1.0000000000000002

Residual: 0.47043025150295265


m: 6.714285714285714

n: 26.142857142857142

epsilon: 0.1

Residual: 0.604835897358127


m: 6.714285714285714

n: 26.142857142857142

epsilon: 0.2285714285714286

Residual: 0.2826818815289398


m: 6.714285714285714

n: 26.142857142857142

epsilon: 0.3571428571428572

Residual: 0.08858796453545303


m: 6.714285714285714

n: 26.142857142857142

epsilon: 0.48571428571428577

Residual: 0.1334081792701442


m: 6.714285714285714

n: 26.142857142857142

epsilon: 0.6142857142857143

Residual: 0.21014215528511415


m: 6.714285714285714

n: 26.142857142857142

epsilon: 0.7428571428571429

Residual: 0.2943327708256417


m: 6.714285714285714

n: 26.142857142857142

epsilon: 0.8714285714285716

Residual: 0.36320193384559923


m: 6.714285714285714

n: 26.142857142857142

epsilon: 1.0000000000000002

Residual: 0.42287815179411625


m: 6.714285714285714

n: 30.857142857142858

epsilon: 0.1

Residual: 0.6314458134231964


m: 6.714285714285714

n: 30.857142857142858

epsilon: 0.2285714285714286

Residual: 0.32170622418917555


m: 6.714285714285714

n: 30.857142857142858

epsilon: 0.3571428571428572

Residual: 0.10958361412241223


m: 6.714285714285714

n: 30.857142857142858

epsilon: 0.48571428571428577

Residual: 0.11076613938362619


m: 6.714285714285714

n: 30.857142857142858

epsilon: 0.6142857142857143

Residual: 0.17805145384194304


m: 6.714285714285714

n: 30.857142857142858

epsilon: 0.7428571428571429

Residual: 0.2568068345666409


m: 6.714285714285714

n: 30.857142857142858

epsilon: 0.8714285714285716

Residual: 0.3250652727287579


m: 6.714285714285714

n: 30.857142857142858

epsilon: 1.0000000000000002

Residual: 0.3868733331318833


m: 6.714285714285714

n: 35.57142857142857

epsilon: 0.1

Residual: 0.6506019108775573


m: 6.714285714285714

n: 35.57142857142857

epsilon: 0.2285714285714286

Residual: 0.34897664909281517


m: 6.714285714285714

n: 35.57142857142857

epsilon: 0.3571428571428572

Residual: 0.14384363301007375


m: 6.714285714285714

n: 35.57142857142857

epsilon: 0.48571428571428577

Residual: 0.10034633888725596


m: 6.714285714285714

n: 35.57142857142857

epsilon: 0.6142857142857143

Residual: 0.15830540984368102


m: 6.714285714285714

n: 35.57142857142857

epsilon: 0.7428571428571429

Residual: 0.2269439762122735


m: 6.714285714285714

n: 35.57142857142857

epsilon: 0.8714285714285716

Residual: 0.29322726997937454


m: 6.714285714285714

n: 35.57142857142857

epsilon: 1.0000000000000002

Residual: 0.3569323061994216


m: 6.714285714285714

n: 40.285714285714285

epsilon: 0.1

Residual: 0.6643184613490217


m: 6.714285714285714

n: 40.285714285714285

epsilon: 0.2285714285714286

Residual: 0.3746443581750434


m: 6.714285714285714

n: 40.285714285714285

epsilon: 0.3571428571428572

Residual: 0.16485505027901495


m: 6.714285714285714

n: 40.285714285714285

epsilon: 0.48571428571428577

Residual: 0.09885003525345315


m: 6.714285714285714

n: 40.285714285714285

epsilon: 0.6142857142857143

Residual: 0.1440638949396293


m: 6.714285714285714

n: 40.285714285714285

epsilon: 0.7428571428571429

Residual: 0.20233239573694503


m: 6.714285714285714

n: 40.285714285714285

epsilon: 0.8714285714285716

Residual: 0.27629076601142055


m: 6.714285714285714

n: 40.285714285714285

epsilon: 1.0000000000000002

Residual: 0.33405564471861005


m: 6.714285714285714

n: 45.0

epsilon: 0.1

Residual: 0.6801300256954219


m: 6.714285714285714

n: 45.0

epsilon: 0.2285714285714286

Residual: 0.3945448866943965


m: 6.714285714285714

n: 45.0

epsilon: 0.3571428571428572

Residual: 0.18560571538608225


m: 6.714285714285714

n: 45.0

epsilon: 0.48571428571428577

Residual: 0.09547078881984884


m: 6.714285714285714

n: 45.0

epsilon: 0.6142857142857143

Residual: 0.1295352940546244


m: 6.714285714285714

n: 45.0

epsilon: 0.7428571428571429

Residual: 0.19473616597572194


m: 6.714285714285714

n: 45.0

epsilon: 0.8714285714285716

Residual: 0.2510875569580521


m: 6.714285714285714

n: 45.0

epsilon: 1.0000000000000002

Residual: 0.3197166633237444


m: 7.0

n: 12.0

epsilon: 0.1

Residual: 0.41756151392831153


m: 7.0

n: 12.0

epsilon: 0.2285714285714286

Residual: 0.05747867280347124


m: 7.0

n: 12.0

epsilon: 0.3571428571428572

Residual: 0.19493227343219904


m: 7.0

n: 12.0

epsilon: 0.48571428571428577

Residual: 0.33093876052950977


m: 7.0

n: 12.0

epsilon: 0.6142857142857143

Residual: 0.43090668442744157


m: 7.0

n: 12.0

epsilon: 0.7428571428571429

Residual: 0.5056673600301007


m: 7.0

n: 12.0

epsilon: 0.8714285714285716

Residual: 0.5625753152482807


m: 7.0

n: 12.0

epsilon: 1.0000000000000002

Residual: 0.6094212918211708


m: 7.0

n: 16.714285714285715

epsilon: 0.1

Residual: 0.5376169182852242


m: 7.0

n: 16.714285714285715

epsilon: 0.2285714285714286

Residual: 0.18360268588533057


m: 7.0

n: 16.714285714285715

epsilon: 0.3571428571428572

Residual: 0.10669584140916902


m: 7.0

n: 16.714285714285715

epsilon: 0.48571428571428577

Residual: 0.203935104997884


m: 7.0

n: 16.714285714285715

epsilon: 0.6142857142857143

Residual: 0.30026177648838115


m: 7.0

n: 16.714285714285715

epsilon: 0.7428571428571429

Residual: 0.38515105384015735


m: 7.0

n: 16.714285714285715

epsilon: 0.8714285714285716

Residual: 0.4500389448923588


m: 7.0

n: 16.714285714285715

epsilon: 1.0000000000000002

Residual: 0.5027049323642593


m: 7.0

n: 21.42857142857143

epsilon: 0.1

Residual: 0.5995200053785363


m: 7.0

n: 21.42857142857143

epsilon: 0.2285714285714286

Residual: 0.26749026436271145


m: 7.0

n: 21.42857142857143

epsilon: 0.3571428571428572

Residual: 0.09888901525057035


m: 7.0

n: 21.42857142857143

epsilon: 0.48571428571428577

Residual: 0.15171294190813203


m: 7.0

n: 21.42857142857143

epsilon: 0.6142857142857143

Residual: 0.2320891650097032


m: 7.0

n: 21.42857142857143

epsilon: 0.7428571428571429

Residual: 0.3092108844836038


m: 7.0

n: 21.42857142857143

epsilon: 0.8714285714285716

Residual: 0.3751904469110354


m: 7.0

n: 21.42857142857143

epsilon: 1.0000000000000002

Residual: 0.43286760161253174


m: 7.0

n: 26.142857142857142

epsilon: 0.1

Residual: 0.6352918043183424


m: 7.0

n: 26.142857142857142

epsilon: 0.2285714285714286

Residual: 0.32121380586876036


m: 7.0

n: 26.142857142857142

epsilon: 0.3571428571428572

Residual: 0.12129509443241437


m: 7.0

n: 26.142857142857142

epsilon: 0.48571428571428577

Residual: 0.12614303749717878


m: 7.0

n: 26.142857142857142

epsilon: 0.6142857142857143

Residual: 0.1909671085349159


m: 7.0

n: 26.142857142857142

epsilon: 0.7428571428571429

Residual: 0.25599964727026736


m: 7.0

n: 26.142857142857142

epsilon: 0.8714285714285716

Residual: 0.322245240191737


m: 7.0

n: 26.142857142857142

epsilon: 1.0000000000000002

Residual: 0.38073214673194317


m: 7.0

n: 30.857142857142858

epsilon: 0.1

Residual: 0.6621695552910163


m: 7.0

n: 30.857142857142858

epsilon: 0.2285714285714286

Residual: 0.36307464091527136


m: 7.0

n: 30.857142857142858

epsilon: 0.3571428571428572

Residual: 0.1591186590712187


m: 7.0

n: 30.857142857142858

epsilon: 0.48571428571428577

Residual: 0.12091607316351748


m: 7.0

n: 30.857142857142858

epsilon: 0.6142857142857143

Residual: 0.16442840157273095


m: 7.0

n: 30.857142857142858

epsilon: 0.7428571428571429

Residual: 0.22589646527201576


m: 7.0

n: 30.857142857142858

epsilon: 0.8714285714285716

Residual: 0.28379645229590317


m: 7.0

n: 30.857142857142858

epsilon: 1.0000000000000002

Residual: 0.33867448605024775


m: 7.0

n: 35.57142857142857

epsilon: 0.1

Residual: 0.6787034421787248


m: 7.0

n: 35.57142857142857

epsilon: 0.2285714285714286

Residual: 0.39598731526330716


m: 7.0

n: 35.57142857142857

epsilon: 0.3571428571428572

Residual: 0.18751772156648663


m: 7.0

n: 35.57142857142857

epsilon: 0.48571428571428577

Residual: 0.11467821078838285


m: 7.0

n: 35.57142857142857

epsilon: 0.6142857142857143

Residual: 0.14627550873740508


m: 7.0

n: 35.57142857142857

epsilon: 0.7428571428571429

Residual: 0.201577597041939


m: 7.0

n: 35.57142857142857

epsilon: 0.8714285714285716

Residual: 0.26110003349772815


m: 7.0

n: 35.57142857142857

epsilon: 1.0000000000000002

Residual: 0.31316795697912725


m: 7.0

n: 40.285714285714285

epsilon: 0.1

Residual: 0.6922198434738317


m: 7.0

n: 40.285714285714285

epsilon: 0.2285714285714286

Residual: 0.4155088420789546


m: 7.0

n: 40.285714285714285

epsilon: 0.3571428571428572

Residual: 0.21343523782529555


m: 7.0

n: 40.285714285714285

epsilon: 0.48571428571428577

Residual: 0.11291417087570106


m: 7.0

n: 40.285714285714285

epsilon: 0.6142857142857143

Residual: 0.1376548707356322


m: 7.0

n: 40.285714285714285

epsilon: 0.7428571428571429

Residual: 0.18632241470179292


m: 7.0

n: 40.285714285714285

epsilon: 0.8714285714285716

Residual: 0.24286285920742026


m: 7.0

n: 40.285714285714285

epsilon: 1.0000000000000002

Residual: 0.2876782933944535


m: 7.0

n: 45.0

epsilon: 0.1

Residual: 0.7070532292376399


m: 7.0

n: 45.0

epsilon: 0.2285714285714286

Residual: 0.4357144040577325


m: 7.0

n: 45.0

epsilon: 0.3571428571428572

Residual: 0.23824527443064986


m: 7.0

n: 45.0

epsilon: 0.48571428571428577

Residual: 0.12248185406650555


m: 7.0

n: 45.0

epsilon: 0.6142857142857143

Residual: 0.12870287927024565


m: 7.0

n: 45.0

epsilon: 0.7428571428571429

Residual: 0.1666155119502015


m: 7.0

n: 45.0

epsilon: 0.8714285714285716

Residual: 0.2227637480281776


m: 7.0

n: 45.0

epsilon: 1.0000000000000002

Residual: 0.27745891122335803


