m: 5.0

n: 12.0

epsilon: 0.1

Residual: 0.46454130647825015


m: 5.0

n: 12.0

epsilon: 0.1

Residual: 0.46416938844220934


m: 5.0

n: 12.0

epsilon: 0.3

Residual: 0.10543323484710093


m: 5.0

n: 12.0

epsilon: 0.5

Residual: 0.2943791870162512


m: 5.0

n: 12.0

epsilon: 0.7

Residual: 0.43862310815601163


m: 5.0

n: 12.0

epsilon: 0.8999999999999999

Residual: 0.5345517666129334


m: 5.0

n: 12.0

epsilon: 1.0999999999999999

Residual: 0.6021757066983984


m: 5.0

n: 12.0

epsilon: 1.3

Residual: 0.6533341461241537


m: 5.0

n: 12.0

epsilon: 1.5

Residual: 0.6918354207913731


m: 5.0

n: 16.714285714285715

epsilon: 0.1

Residual: 0.5546963622178094


m: 5.0

n: 16.714285714285715

epsilon: 0.3

Residual: 0.09962505391792885


m: 5.0

n: 16.714285714285715

epsilon: 0.5

Residual: 0.17737839540309408


m: 5.0

n: 16.714285714285715

epsilon: 0.7

Residual: 0.3343796364331588


m: 5.0

n: 16.714285714285715

epsilon: 0.8999999999999999

Residual: 0.44091641387943303


m: 5.0

n: 16.714285714285715

epsilon: 1.0999999999999999

Residual: 0.5184584882350483


m: 5.0

n: 16.714285714285715

epsilon: 1.3

Residual: 0.5767099883197714


m: 5.0

n: 16.714285714285715

epsilon: 1.5

Residual: 0.6222746669425654


m: 5.0

n: 21.42857142857143

epsilon: 0.1

Residual: 0.603805708168968


m: 5.0

n: 21.42857142857143

epsilon: 0.3

Residual: 0.15073852892360096


m: 5.0

n: 21.42857142857143

epsilon: 0.5

Residual: 0.1100976661068278


m: 5.0

n: 21.42857142857143

epsilon: 0.7

Residual: 0.26768268560773045


m: 5.0

n: 21.42857142857143

epsilon: 0.8999999999999999

Residual: 0.3803067353870449


m: 5.0

n: 21.42857142857143

epsilon: 1.0999999999999999

Residual: 0.46346580152992334


m: 5.0

n: 21.42857142857143

epsilon: 1.3

Residual: 0.5269099561704775


m: 5.0

n: 21.42857142857143

epsilon: 1.5

Residual: 0.5756258493829625


m: 5.0

n: 26.142857142857142

epsilon: 0.1

Residual: 0.633278110861108


m: 5.0

n: 26.142857142857142

epsilon: 0.3

Residual: 0.19413690340462353


m: 5.0

n: 26.142857142857142

epsilon: 0.5

Residual: 0.07514763289662743


m: 5.0

n: 26.142857142857142

epsilon: 0.7

Residual: 0.2231280178645774


m: 5.0

n: 26.142857142857142

epsilon: 0.8999999999999999

Residual: 0.338047215237016


m: 5.0

n: 26.142857142857142

epsilon: 1.0999999999999999

Residual: 0.4242251208227301


m: 5.0

n: 26.142857142857142

epsilon: 1.3

Residual: 0.4897041798385511


m: 5.0

n: 26.142857142857142

epsilon: 1.5

Residual: 0.5432293062879459


m: 5.0

n: 30.857142857142858

epsilon: 0.1

Residual: 0.6537088380342657


m: 5.0

n: 30.857142857142858

epsilon: 0.3

Residual: 0.22813501427786437


m: 5.0

n: 30.857142857142858

epsilon: 0.5

Residual: 0.06383124128458591


m: 5.0

n: 30.857142857142858

epsilon: 0.7

Residual: 0.19138284765631297


m: 5.0

n: 30.857142857142858

epsilon: 0.8999999999999999

Residual: 0.3083474932314238


m: 5.0

n: 30.857142857142858

epsilon: 1.0999999999999999

Residual: 0.3949488264888289


m: 5.0

n: 30.857142857142858

epsilon: 1.3

Residual: 0.4634015688402031


m: 5.0

n: 30.857142857142858

epsilon: 1.5

Residual: 0.516957639435023


m: 5.0

n: 35.57142857142857

epsilon: 0.1

Residual: 0.6685903003174514


m: 5.0

n: 35.57142857142857

epsilon: 0.3

Residual: 0.25242437262922807


m: 5.0

n: 35.57142857142857

epsilon: 0.5

Residual: 0.06241750546761619


m: 5.0

n: 35.57142857142857

epsilon: 0.7

Residual: 0.16392921265826293


m: 5.0

n: 35.57142857142857

epsilon: 0.8999999999999999

Residual: 0.28195079716154553


m: 5.0

n: 35.57142857142857

epsilon: 1.0999999999999999

Residual: 0.370794484654033


m: 5.0

n: 35.57142857142857

epsilon: 1.3

Residual: 0.4415330808049385


m: 5.0

n: 35.57142857142857

epsilon: 1.5

Residual: 0.497817807396576


m: 5.0

n: 40.285714285714285

epsilon: 0.1

Residual: 0.6795750450900051


m: 5.0

n: 40.285714285714285

epsilon: 0.3

Residual: 0.2730535577115484


m: 5.0

n: 40.285714285714285

epsilon: 0.5

Residual: 0.06818156120049537


m: 5.0

n: 40.285714285714285

epsilon: 0.7

Residual: 0.14388665808494847


m: 5.0

n: 40.285714285714285

epsilon: 0.8999999999999999

Residual: 0.2638004117397018


m: 5.0

n: 40.285714285714285

epsilon: 1.0999999999999999

Residual: 0.3533918640422817


m: 5.0

n: 40.285714285714285

epsilon: 1.3

Residual: 0.4246432054530267


m: 5.0

n: 40.285714285714285

epsilon: 1.5

Residual: 0.48159857046426346


m: 5.0

n: 45.0

epsilon: 0.1

Residual: 0.689115805890098


m: 5.0

n: 45.0

epsilon: 0.3

Residual: 0.2873400061591097


m: 5.0

n: 45.0

epsilon: 0.5

Residual: 0.07307029884485171


m: 5.0

n: 45.0

epsilon: 0.7

Residual: 0.12583743919587578


m: 5.0

n: 45.0

epsilon: 0.8999999999999999

Residual: 0.24665809854938622


m: 5.0

n: 45.0

epsilon: 1.0999999999999999

Residual: 0.33891203382290663


m: 5.0

n: 45.0

epsilon: 1.3

Residual: 0.4111931180287886


m: 5.0

n: 45.0

epsilon: 1.5

Residual: 0.46939315648099644


m: 5.285714285714286

n: 12.0

epsilon: 0.1

Residual: 0.5173224385497741


m: 5.285714285714286

n: 12.0

epsilon: 0.3

Residual: 0.07345507260612213


m: 5.285714285714286

n: 12.0

epsilon: 0.5

Residual: 0.22833882948144857


m: 5.285714285714286

n: 12.0

epsilon: 0.7

Residual: 0.3799352845191021


m: 5.285714285714286

n: 12.0

epsilon: 0.8999999999999999

Residual: 0.4819467630723652


m: 5.285714285714286

n: 12.0

epsilon: 1.0999999999999999

Residual: 0.5556214393962462


m: 5.285714285714286

n: 12.0

epsilon: 1.3

Residual: 0.6096039602978156


m: 5.285714285714286

n: 12.0

epsilon: 1.5

Residual: 0.6532272107576422


m: 5.285714285714286

n: 16.714285714285715

epsilon: 0.1

Residual: 0.6047485753093416


m: 5.285714285714286

n: 16.714285714285715

epsilon: 0.3

Residual: 0.1520313658824157


m: 5.285714285714286

n: 16.714285714285715

epsilon: 0.5

Residual: 0.10341835191043924


m: 5.285714285714286

n: 16.714285714285715

epsilon: 0.7

Residual: 0.2651061763429443


m: 5.285714285714286

n: 16.714285714285715

epsilon: 0.8999999999999999

Residual: 0.3789180697544446


m: 5.285714285714286

n: 16.714285714285715

epsilon: 1.0999999999999999

Residual: 0.46101690636772963


m: 5.285714285714286

n: 16.714285714285715

epsilon: 1.3

Residual: 0.5241418015423994


m: 5.285714285714286

n: 16.714285714285715

epsilon: 1.5

Residual: 0.5741897941131673


m: 5.285714285714286

n: 21.42857142857143

epsilon: 0.1

Residual: 0.6507317299476237


m: 5.285714285714286

n: 21.42857142857143

epsilon: 0.3

Residual: 0.22290683781911072


m: 5.285714285714286

n: 21.42857142857143

epsilon: 0.5

Residual: 0.046113174630952575


m: 5.285714285714286

n: 21.42857142857143

epsilon: 0.7

Residual: 0.1945559185908659


m: 5.285714285714286

n: 21.42857142857143

epsilon: 0.8999999999999999

Residual: 0.31310449501147086


m: 5.285714285714286

n: 21.42857142857143

epsilon: 1.0999999999999999

Residual: 0.400152844918673


m: 5.285714285714286

n: 21.42857142857143

epsilon: 1.3

Residual: 0.467753292846397


m: 5.285714285714286

n: 21.42857142857143

epsilon: 1.5

Residual: 0.5206564475805157


m: 5.285714285714286

n: 26.142857142857142

epsilon: 0.1

Residual: 0.6789556882339556


m: 5.285714285714286

n: 26.142857142857142

epsilon: 0.3

Residual: 0.26954693344945274


m: 5.285714285714286

n: 26.142857142857142

epsilon: 0.5

Residual: 0.038553004507940004


m: 5.285714285714286

n: 26.142857142857142

epsilon: 0.7

Residual: 0.14558751492997754


m: 5.285714285714286

n: 26.142857142857142

epsilon: 0.8999999999999999

Residual: 0.26662945255186404


m: 5.285714285714286

n: 26.142857142857142

epsilon: 1.0999999999999999

Residual: 0.35625210874503643


m: 5.285714285714286

n: 26.142857142857142

epsilon: 1.3

Residual: 0.4273604234595567


m: 5.285714285714286

n: 26.142857142857142

epsilon: 1.5

Residual: 0.4836891382314861


m: 5.285714285714286

n: 30.857142857142858

epsilon: 0.1

Residual: 0.6967320908457371


m: 5.285714285714286

n: 30.857142857142858

epsilon: 0.3

Residual: 0.30336983192625344


m: 5.285714285714286

n: 30.857142857142858

epsilon: 0.5

Residual: 0.05985458173460726


m: 5.285714285714286

n: 30.857142857142858

epsilon: 0.7

Residual: 0.10943822814939907


m: 5.285714285714286

n: 30.857142857142858

epsilon: 0.8999999999999999

Residual: 0.2307116646758583


m: 5.285714285714286

n: 30.857142857142858

epsilon: 1.0999999999999999

Residual: 0.32396973599070045


m: 5.285714285714286

n: 30.857142857142858

epsilon: 1.3

Residual: 0.3962068551000778


m: 5.285714285714286

n: 30.857142857142858

epsilon: 1.5

Residual: 0.45456954267585986


m: 5.285714285714286

n: 35.57142857142857

epsilon: 0.1

Residual: 0.7119256191983049


m: 5.285714285714286

n: 35.57142857142857

epsilon: 0.3

Residual: 0.32726987729930757


m: 5.285714285714286

n: 35.57142857142857

epsilon: 0.5

Residual: 0.08448357045760498


m: 5.285714285714286

n: 35.57142857142857

epsilon: 0.7

Residual: 0.08145913061783797


m: 5.285714285714286

n: 35.57142857142857

epsilon: 0.8999999999999999

Residual: 0.2040294679204766


m: 5.285714285714286

n: 35.57142857142857

epsilon: 1.0999999999999999

Residual: 0.2989549651463817


m: 5.285714285714286

n: 35.57142857142857

epsilon: 1.3

Residual: 0.37262907475642615


m: 5.285714285714286

n: 35.57142857142857

epsilon: 1.5

Residual: 0.4330214016684284


m: 5.285714285714286

n: 40.285714285714285

epsilon: 0.1

Residual: 0.7230966147353967


m: 5.285714285714286

n: 40.285714285714285

epsilon: 0.3

Residual: 0.3480198629745328


m: 5.285714285714286

n: 40.285714285714285

epsilon: 0.5

Residual: 0.10732885639695498


m: 5.285714285714286

n: 40.285714285714285

epsilon: 0.7

Residual: 0.060274777435446195


m: 5.285714285714286

n: 40.285714285714285

epsilon: 0.8999999999999999

Residual: 0.18344148986172717


m: 5.285714285714286

n: 40.285714285714285

epsilon: 1.0999999999999999

Residual: 0.27629051902672935


m: 5.285714285714286

n: 40.285714285714285

epsilon: 1.3

Residual: 0.3539628613791017


m: 5.285714285714286

n: 40.285714285714285

epsilon: 1.5

Residual: 0.41486297323568355


m: 5.285714285714286

n: 45.0

epsilon: 0.1

Residual: 0.7308234027887025


m: 5.285714285714286

n: 45.0

epsilon: 0.3

Residual: 0.3633973445922512


m: 5.285714285714286

n: 45.0

epsilon: 0.5

Residual: 0.12468398248210184


m: 5.285714285714286

n: 45.0

epsilon: 0.7

Residual: 0.042611000636084966


m: 5.285714285714286

n: 45.0

epsilon: 0.8999999999999999

Residual: 0.167766853943086


m: 5.285714285714286

n: 45.0

epsilon: 1.0999999999999999

Residual: 0.2621789821272335


m: 5.285714285714286

n: 45.0

epsilon: 1.3

Residual: 0.3391962946291783


m: 5.285714285714286

n: 45.0

epsilon: 1.5

Residual: 0.39969437163964666


m: 5.571428571428571

n: 12.0

epsilon: 0.1

Residual: 0.5628547035436169


m: 5.571428571428571

n: 12.0

epsilon: 0.3

Residual: 0.08886407388332507


m: 5.571428571428571

n: 12.0

epsilon: 0.5

Residual: 0.16389835739437777


m: 5.571428571428571

n: 12.0

epsilon: 0.7

Residual: 0.3223490961080637


m: 5.571428571428571

n: 12.0

epsilon: 0.8999999999999999

Residual: 0.43009893974915075


m: 5.571428571428571

n: 12.0

epsilon: 1.0999999999999999

Residual: 0.5081203607948069


m: 5.571428571428571

n: 12.0

epsilon: 1.3

Residual: 0.56828942203034


m: 5.571428571428571

n: 12.0

epsilon: 1.5

Residual: 0.6142115153464333


m: 5.571428571428571

n: 16.714285714285715

epsilon: 0.1

Residual: 0.6482790754731489


m: 5.571428571428571

n: 16.714285714285715

epsilon: 0.3

Residual: 0.21703182723791


m: 5.571428571428571

n: 16.714285714285715

epsilon: 0.5

Residual: 0.04387393467560181


m: 5.571428571428571

n: 16.714285714285715

epsilon: 0.7

Residual: 0.19901413963774403


m: 5.571428571428571

n: 16.714285714285715

epsilon: 0.8999999999999999

Residual: 0.31758162470641743


m: 5.571428571428571

n: 16.714285714285715

epsilon: 1.0999999999999999

Residual: 0.40372145724520947


m: 5.571428571428571

n: 16.714285714285715

epsilon: 1.3

Residual: 0.4714277324573716


m: 5.571428571428571

n: 16.714285714285715

epsilon: 1.5

Residual: 0.5255976146980712


m: 5.571428571428571

n: 21.42857142857143

epsilon: 0.1

Residual: 0.6904367939302206


m: 5.571428571428571

n: 21.42857142857143

epsilon: 0.3

Residual: 0.28979418954312836


m: 5.571428571428571

n: 21.42857142857143

epsilon: 0.5

Residual: 0.04270762393996508


m: 5.571428571428571

n: 21.42857142857143

epsilon: 0.7

Residual: 0.12454511790530272


m: 5.571428571428571

n: 21.42857142857143

epsilon: 0.8999999999999999

Residual: 0.24656339639911


m: 5.571428571428571

n: 21.42857142857143

epsilon: 1.0999999999999999

Residual: 0.33759981804352557


m: 5.571428571428571

n: 21.42857142857143

epsilon: 1.3

Residual: 0.40975524873147134


m: 5.571428571428571

n: 21.42857142857143

epsilon: 1.5

Residual: 0.46719350796430364


m: 5.571428571428571

n: 26.142857142857142

epsilon: 0.1

Residual: 0.7172163650371299


m: 5.571428571428571

n: 26.142857142857142

epsilon: 0.3

Residual: 0.3359477715287403


m: 5.571428571428571

n: 26.142857142857142

epsilon: 0.5

Residual: 0.09710558166883293


m: 5.571428571428571

n: 26.142857142857142

epsilon: 0.7

Residual: 0.07395382369129015


m: 5.571428571428571

n: 26.142857142857142

epsilon: 0.8999999999999999

Residual: 0.19708727666164516


m: 5.571428571428571

n: 26.142857142857142

epsilon: 1.0999999999999999

Residual: 0.29028117594488595


m: 5.571428571428571

n: 26.142857142857142

epsilon: 1.3

Residual: 0.3644498596212052


m: 5.571428571428571

n: 26.142857142857142

epsilon: 1.5

Residual: 0.423658297528109


m: 5.571428571428571

n: 30.857142857142858

epsilon: 0.1

Residual: 0.7342227134227067


m: 5.571428571428571

n: 30.857142857142858

epsilon: 0.3

Residual: 0.36947423420139025


m: 5.571428571428571

n: 30.857142857142858

epsilon: 0.5

Residual: 0.13257824668769058


m: 5.571428571428571

n: 30.857142857142858

epsilon: 0.7

Residual: 0.03463573595256078


m: 5.571428571428571

n: 30.857142857142858

epsilon: 0.8999999999999999

Residual: 0.15885789379659765


m: 5.571428571428571

n: 30.857142857142858

epsilon: 1.0999999999999999

Residual: 0.2563681883486961


m: 5.571428571428571

n: 30.857142857142858

epsilon: 1.3

Residual: 0.33269995532642865


m: 5.571428571428571

n: 30.857142857142858

epsilon: 1.5

Residual: 0.39375790724516246


m: 5.571428571428571

n: 35.57142857142857

epsilon: 0.1

Residual: 0.7479431550887449


m: 5.571428571428571

n: 35.57142857142857

epsilon: 0.3

Residual: 0.39510922006504734


m: 5.571428571428571

n: 35.57142857142857

epsilon: 0.5

Residual: 0.1609471356325694


m: 5.571428571428571

n: 35.57142857142857

epsilon: 0.7

Residual: 0.010594996130748033


m: 5.571428571428571

n: 35.57142857142857

epsilon: 0.8999999999999999

Residual: 0.13345167942094316


m: 5.571428571428571

n: 35.57142857142857

epsilon: 1.0999999999999999

Residual: 0.22755046449884514


m: 5.571428571428571

n: 35.57142857142857

epsilon: 1.3

Residual: 0.3068006150804179


m: 5.571428571428571

n: 35.57142857142857

epsilon: 1.5

Residual: 0.36833942889292476


m: 5.571428571428571

n: 40.285714285714285

epsilon: 0.1

Residual: 0.7576970274420552


m: 5.571428571428571

n: 40.285714285714285

epsilon: 0.3

Residual: 0.4143646914449121


m: 5.571428571428571

n: 40.285714285714285

epsilon: 0.5

Residual: 0.18249866006229926


m: 5.571428571428571

n: 40.285714285714285

epsilon: 0.7

Residual: 0.015270251009024701


m: 5.571428571428571

n: 40.285714285714285

epsilon: 0.8999999999999999

Residual: 0.10931848569825015


m: 5.571428571428571

n: 40.285714285714285

epsilon: 1.0999999999999999

Residual: 0.2074326786147893


m: 5.571428571428571

n: 40.285714285714285

epsilon: 1.3

Residual: 0.28306324106975106


m: 5.571428571428571

n: 40.285714285714285

epsilon: 1.5

Residual: 0.34863885813412754


m: 5.571428571428571

n: 45.0

epsilon: 0.1

Residual: 0.7648163866084167


m: 5.571428571428571

n: 45.0

epsilon: 0.3

Residual: 0.4282433268064406


m: 5.571428571428571

n: 45.0

epsilon: 0.5

Residual: 0.20037049345831462


m: 5.571428571428571

n: 45.0

epsilon: 0.7

Residual: 0.034547823373768174


m: 5.571428571428571

n: 45.0

epsilon: 0.8999999999999999

Residual: 0.09163305166496126


m: 5.571428571428571

n: 45.0

epsilon: 1.0999999999999999

Residual: 0.18927654058224938


m: 5.571428571428571

n: 45.0

epsilon: 1.3

Residual: 0.2699782880517044


m: 5.571428571428571

n: 45.0

epsilon: 1.5

Residual: 0.33253506764685586


m: 5.857142857142857

n: 12.0

epsilon: 0.1

Residual: 0.6036116233564001


m: 5.857142857142857

n: 12.0

epsilon: 0.3

Residual: 0.14620108807525856


m: 5.857142857142857

n: 12.0

epsilon: 0.5

Residual: 0.10666375187161602


m: 5.857142857142857

n: 12.0

epsilon: 0.7

Residual: 0.26812514910476304


m: 5.857142857142857

n: 12.0

epsilon: 0.8999999999999999

Residual: 0.37933130879599725


m: 5.857142857142857

n: 12.0

epsilon: 1.0999999999999999

Residual: 0.4620832223180366


m: 5.857142857142857

n: 12.0

epsilon: 1.3

Residual: 0.5265290659205378


m: 5.857142857142857

n: 12.0

epsilon: 1.5

Residual: 0.5760498328644567


m: 5.857142857142857

n: 16.714285714285715

epsilon: 0.1

Residual: 0.6828025895884552


m: 5.857142857142857

n: 16.714285714285715

epsilon: 0.3

Residual: 0.27648277826548456


m: 5.857142857142857

n: 16.714285714285715

epsilon: 0.5

Residual: 0.029991200268321604


m: 5.857142857142857

n: 16.714285714285715

epsilon: 0.7

Residual: 0.13728374918211855


m: 5.857142857142857

n: 16.714285714285715

epsilon: 0.8999999999999999

Residual: 0.2583576375867146


m: 5.857142857142857

n: 16.714285714285715

epsilon: 1.0999999999999999

Residual: 0.3494787531980519


m: 5.857142857142857

n: 16.714285714285715

epsilon: 1.3

Residual: 0.4210914440973171


m: 5.857142857142857

n: 16.714285714285715

epsilon: 1.5

Residual: 0.47825256440602426


m: 5.857142857142857

n: 21.42857142857143

epsilon: 0.1

Residual: 0.7226005806363428


m: 5.857142857142857

n: 21.42857142857143

epsilon: 0.3

Residual: 0.3495142674717159


m: 5.857142857142857

n: 21.42857142857143

epsilon: 0.5

Residual: 0.10955328249593281


m: 5.857142857142857

n: 21.42857142857143

epsilon: 0.7

Residual: 0.06198464812877061


m: 5.857142857142857

n: 21.42857142857143

epsilon: 0.8999999999999999

Residual: 0.1826779164371787


m: 5.857142857142857

n: 21.42857142857143

epsilon: 1.0999999999999999

Residual: 0.2773118676658455


m: 5.857142857142857

n: 21.42857142857143

epsilon: 1.3

Residual: 0.3536337664744837


m: 5.857142857142857

n: 21.42857142857143

epsilon: 1.5

Residual: 0.41482995505449355


m: 5.857142857142857

n: 26.142857142857142

epsilon: 0.1

Residual: 0.747994489702116


m: 5.857142857142857

n: 26.142857142857142

epsilon: 0.3

Residual: 0.39753767521368966


m: 5.857142857142857

n: 26.142857142857142

epsilon: 0.5

Residual: 0.16198998293303982


m: 5.857142857142857

n: 26.142857142857142

epsilon: 0.7

Residual: 0.02854321386524267


m: 5.857142857142857

n: 26.142857142857142

epsilon: 0.8999999999999999

Residual: 0.13191718423975574


m: 5.857142857142857

n: 26.142857142857142

epsilon: 1.0999999999999999

Residual: 0.22744240877902686


m: 5.857142857142857

n: 26.142857142857142

epsilon: 1.3

Residual: 0.3051633652583521


m: 5.857142857142857

n: 26.142857142857142

epsilon: 1.5

Residual: 0.3676161052116629


m: 5.857142857142857

n: 30.857142857142858

epsilon: 0.1

Residual: 0.7642685042385813


m: 5.857142857142857

n: 30.857142857142858

epsilon: 0.3

Residual: 0.42928289863366503


m: 5.857142857142857

n: 30.857142857142858

epsilon: 0.5

Residual: 0.19877759353309601


m: 5.857142857142857

n: 30.857142857142858

epsilon: 0.7

Residual: 0.03323905580794519


m: 5.857142857142857

n: 30.857142857142858

epsilon: 0.8999999999999999

Residual: 0.09503301274433455


m: 5.857142857142857

n: 30.857142857142858

epsilon: 1.0999999999999999

Residual: 0.19104627770039959


m: 5.857142857142857

n: 30.857142857142858

epsilon: 1.3

Residual: 0.2694636242677268


m: 5.857142857142857

n: 30.857142857142858

epsilon: 1.5

Residual: 0.3336949493927698


m: 5.857142857142857

n: 35.57142857142857

epsilon: 0.1

Residual: 0.7771363270988448


m: 5.857142857142857

n: 35.57142857142857

epsilon: 0.3

Residual: 0.45208289326270706


m: 5.857142857142857

n: 35.57142857142857

epsilon: 0.5

Residual: 0.22776629185326555


m: 5.857142857142857

n: 35.57142857142857

epsilon: 0.7

Residual: 0.06245705303563397


m: 5.857142857142857

n: 35.57142857142857

epsilon: 0.8999999999999999

Residual: 0.06708711391266804


m: 5.857142857142857

n: 35.57142857142857

epsilon: 1.0999999999999999

Residual: 0.1605673903772077


m: 5.857142857142857

n: 35.57142857142857

epsilon: 1.3

Residual: 0.23786554776150703


m: 5.857142857142857

n: 35.57142857142857

epsilon: 1.5

Residual: 0.30764020859558766


m: 5.857142857142857

n: 40.285714285714285

epsilon: 0.1

Residual: 0.7854408387583037


m: 5.857142857142857

n: 40.285714285714285

epsilon: 0.3

Residual: 0.4708214392142019


m: 5.857142857142857

n: 40.285714285714285

epsilon: 0.5

Residual: 0.24940743205309268


m: 5.857142857142857

n: 40.285714285714285

epsilon: 0.7

Residual: 0.08641755377800865


m: 5.857142857142857

n: 40.285714285714285

epsilon: 0.8999999999999999

Residual: 0.04927126046935447


m: 5.857142857142857

n: 40.285714285714285

epsilon: 1.0999999999999999

Residual: 0.1380575192875698


m: 5.857142857142857

n: 40.285714285714285

epsilon: 1.3

Residual: 0.21754906707106178


m: 5.857142857142857

n: 40.285714285714285

epsilon: 1.5

Residual: 0.2849583643345932


m: 5.857142857142857

n: 45.0

epsilon: 0.1

Residual: 0.7925220822934219


m: 5.857142857142857

n: 45.0

epsilon: 0.3

Residual: 0.485077501244813


m: 5.857142857142857

n: 45.0

epsilon: 0.5

Residual: 0.26723184683699935


m: 5.857142857142857

n: 45.0

epsilon: 0.7

Residual: 0.10808933389740519


m: 5.857142857142857

n: 45.0

epsilon: 0.8999999999999999

Residual: 0.03856777391741272


m: 5.857142857142857

n: 45.0

epsilon: 1.0999999999999999

Residual: 0.11826756646037015


m: 5.857142857142857

n: 45.0

epsilon: 1.3

Residual: 0.19845734413532165


m: 5.857142857142857

n: 45.0

epsilon: 1.5

Residual: 0.2686542184708018


m: 6.142857142857142

n: 12.0

epsilon: 0.1

Residual: 0.6373133336125392


m: 6.142857142857142

n: 12.0

epsilon: 0.3

Residual: 0.19942834542741603


m: 6.142857142857142

n: 12.0

epsilon: 0.5

Residual: 0.06256666863003407


m: 6.142857142857142

n: 12.0

epsilon: 0.7

Residual: 0.21776366143022235


m: 6.142857142857142

n: 12.0

epsilon: 0.8999999999999999

Residual: 0.3326121127676331


m: 6.142857142857142

n: 12.0

epsilon: 1.0999999999999999

Residual: 0.41830497314820864


m: 6.142857142857142

n: 12.0

epsilon: 1.3

Residual: 0.4848901778170892


m: 6.142857142857142

n: 12.0

epsilon: 1.5

Residual: 0.5378543299698408


m: 6.142857142857142

n: 16.714285714285715

epsilon: 0.1

Residual: 0.7132645130714126


m: 6.142857142857142

n: 16.714285714285715

epsilon: 0.3

Residual: 0.3301069102196861


m: 6.142857142857142

n: 16.714285714285715

epsilon: 0.5

Residual: 0.0883130301504708


m: 6.142857142857142

n: 16.714285714285715

epsilon: 0.7

Residual: 0.09052656589889752


m: 6.142857142857142

n: 16.714285714285715

epsilon: 0.8999999999999999

Residual: 0.20335370670279973


m: 6.142857142857142

n: 16.714285714285715

epsilon: 1.0999999999999999

Residual: 0.29825036049484455


m: 6.142857142857142

n: 16.714285714285715

epsilon: 1.3

Residual: 0.3717644283761765


m: 6.142857142857142

n: 16.714285714285715

epsilon: 1.5

Residual: 0.43013899969825686


m: 6.142857142857142

n: 21.42857142857143

epsilon: 0.1

Residual: 0.7507518279987342


m: 6.142857142857142

n: 21.42857142857143

epsilon: 0.3

Residual: 0.4018133100895183


m: 6.142857142857142

n: 21.42857142857143

epsilon: 0.5

Residual: 0.17077408323952453


m: 6.142857142857142

n: 21.42857142857143

epsilon: 0.7

Residual: 0.04589203684494197


m: 6.142857142857142

n: 21.42857142857143

epsilon: 0.8999999999999999

Residual: 0.13076617585079406


m: 6.142857142857142

n: 21.42857142857143

epsilon: 1.0999999999999999

Residual: 0.22037984006835562


m: 6.142857142857142

n: 21.42857142857143

epsilon: 1.3

Residual: 0.2973779284227285


m: 6.142857142857142

n: 21.42857142857143

epsilon: 1.5

Residual: 0.3613910286380654


m: 6.142857142857142

n: 26.142857142857142

epsilon: 0.1

Residual: 0.773827583589199


m: 6.142857142857142

n: 26.142857142857142

epsilon: 0.3

Residual: 0.4480807318292177


m: 6.142857142857142

n: 26.142857142857142

epsilon: 0.5

Residual: 0.22192790797670284


m: 6.142857142857142

n: 26.142857142857142

epsilon: 0.7

Residual: 0.055086391729680655


m: 6.142857142857142

n: 26.142857142857142

epsilon: 0.8999999999999999

Residual: 0.08953423199297675


m: 6.142857142857142

n: 26.142857142857142

epsilon: 1.0999999999999999

Residual: 0.17211220699444466


m: 6.142857142857142

n: 26.142857142857142

epsilon: 1.3

Residual: 0.24631002248515582


m: 6.142857142857142

n: 26.142857142857142

epsilon: 1.5

Residual: 0.3119627186605846


m: 6.142857142857142

n: 30.857142857142858

epsilon: 0.1

Residual: 0.789663707527733


m: 6.142857142857142

n: 30.857142857142858

epsilon: 0.3

Residual: 0.47909002982030413


m: 6.142857142857142

n: 30.857142857142858

epsilon: 0.5

Residual: 0.26128555469003023


m: 6.142857142857142

n: 30.857142857142858

epsilon: 0.7

Residual: 0.09762984432631967


m: 6.142857142857142

n: 30.857142857142858

epsilon: 0.8999999999999999

Residual: 0.06706922342165925


m: 6.142857142857142

n: 30.857142857142858

epsilon: 1.0999999999999999

Residual: 0.13698467224962346


m: 6.142857142857142

n: 30.857142857142858

epsilon: 1.3

Residual: 0.21078614941440438


m: 6.142857142857142

n: 30.857142857142858

epsilon: 1.5

Residual: 0.2771177902574365


m: 6.142857142857142

n: 35.57142857142857

epsilon: 0.1

Residual: 0.7999371827167464


m: 6.142857142857142

n: 35.57142857142857

epsilon: 0.3

Residual: 0.502000103286831


m: 6.142857142857142

n: 35.57142857142857

epsilon: 0.5

Residual: 0.29228198896276364


m: 6.142857142857142

n: 35.57142857142857

epsilon: 0.7

Residual: 0.12767474939052115


m: 6.142857142857142

n: 35.57142857142857

epsilon: 0.8999999999999999

Residual: 0.05442502461129557


m: 6.142857142857142

n: 35.57142857142857

epsilon: 1.0999999999999999

Residual: 0.1099459027735158


m: 6.142857142857142

n: 35.57142857142857

epsilon: 1.3

Residual: 0.1842749675941006


m: 6.142857142857142

n: 35.57142857142857

epsilon: 1.5

Residual: 0.2494825954440532


m: 6.142857142857142

n: 40.285714285714285

epsilon: 0.1

Residual: 0.8100990133653149


m: 6.142857142857142

n: 40.285714285714285

epsilon: 0.3

Residual: 0.5210976528868801


m: 6.142857142857142

n: 40.285714285714285

epsilon: 0.5

Residual: 0.30747368673415854


m: 6.142857142857142

n: 40.285714285714285

epsilon: 0.7

Residual: 0.1511676339492914


m: 6.142857142857142

n: 40.285714285714285

epsilon: 0.8999999999999999

Residual: 0.056323626522216286


m: 6.142857142857142

n: 40.285714285714285

epsilon: 1.0999999999999999

Residual: 0.0948481911484016


m: 6.142857142857142

n: 40.285714285714285

epsilon: 1.3

Residual: 0.16306270985831797


m: 6.142857142857142

n: 40.285714285714285

epsilon: 1.5

Residual: 0.22464882488840032


m: 6.142857142857142

n: 45.0

epsilon: 0.1

Residual: 0.8170387092476726


m: 6.142857142857142

n: 45.0

epsilon: 0.3

Residual: 0.5336244207402185


m: 6.142857142857142

n: 45.0

epsilon: 0.5

Residual: 0.3277909000770984


m: 6.142857142857142

n: 45.0

epsilon: 0.7

Residual: 0.17327987277853027


m: 6.142857142857142

n: 45.0

epsilon: 0.8999999999999999

Residual: 0.0629884214640288


m: 6.142857142857142

n: 45.0

epsilon: 1.0999999999999999

Residual: 0.08155630784046385


m: 6.142857142857142

n: 45.0

epsilon: 1.3

Residual: 0.1429914672383594


m: 6.142857142857142

n: 45.0

epsilon: 1.5

Residual: 0.20697294332146446


m: 6.428571428571429

n: 12.0

epsilon: 0.1

Residual: 0.6662109079477625


m: 6.428571428571429

n: 12.0

epsilon: 0.3

Residual: 0.24841318884661737


m: 6.428571428571429

n: 12.0

epsilon: 0.5

Residual: 0.04864980029089027


m: 6.428571428571429

n: 12.0

epsilon: 0.7

Residual: 0.17298214652330982


m: 6.428571428571429

n: 12.0

epsilon: 0.8999999999999999

Residual: 0.28798308475750833


m: 6.428571428571429

n: 12.0

epsilon: 1.0999999999999999

Residual: 0.3767982234706762


m: 6.428571428571429

n: 12.0

epsilon: 1.3

Residual: 0.4460741197131881


m: 6.428571428571429

n: 12.0

epsilon: 1.5

Residual: 0.5026770700617766


m: 6.428571428571429

n: 16.714285714285715

epsilon: 0.1

Residual: 0.7389728490620804


m: 6.428571428571429

n: 16.714285714285715

epsilon: 0.3

Residual: 0.37633501782719114


m: 6.428571428571429

n: 16.714285714285715

epsilon: 0.5

Residual: 0.14316286558510072


m: 6.428571428571429

n: 16.714285714285715

epsilon: 0.7

Residual: 0.07428679367970653


m: 6.428571428571429

n: 16.714285714285715

epsilon: 0.8999999999999999

Residual: 0.16275062588665565


m: 6.428571428571429

n: 16.714285714285715

epsilon: 1.0999999999999999

Residual: 0.24802647035285072


m: 6.428571428571429

n: 16.714285714285715

epsilon: 1.3

Residual: 0.3249345823479836


m: 6.428571428571429

n: 16.714285714285715

epsilon: 1.5

Residual: 0.38637736291524427


m: 6.428571428571429

n: 21.42857142857143

epsilon: 0.1

Residual: 0.7746749168976286


m: 6.428571428571429

n: 21.42857142857143

epsilon: 0.3

Residual: 0.4478877419292876


m: 6.428571428571429

n: 21.42857142857143

epsilon: 0.5

Residual: 0.22313801857568089


m: 6.428571428571429

n: 21.42857142857143

epsilon: 0.7

Residual: 0.06715757462588655


m: 6.428571428571429

n: 21.42857142857143

epsilon: 0.8999999999999999

Residual: 0.10674441112856399


m: 6.428571428571429

n: 21.42857142857143

epsilon: 1.0999999999999999

Residual: 0.17845220491177297


m: 6.428571428571429

n: 21.42857142857143

epsilon: 1.3

Residual: 0.24825641728659512


m: 6.428571428571429

n: 21.42857142857143

epsilon: 1.5

Residual: 0.310199421331239


m: 6.428571428571429

n: 26.142857142857142

epsilon: 0.1

Residual: 0.7972703882305372


m: 6.428571428571429

n: 26.142857142857142

epsilon: 0.3

Residual: 0.49362733482308263


m: 6.428571428571429

n: 26.142857142857142

epsilon: 0.5

Residual: 0.2771782833004433


m: 6.428571428571429

n: 26.142857142857142

epsilon: 0.7

Residual: 0.11742253528347384


m: 6.428571428571429

n: 26.142857142857142

epsilon: 0.8999999999999999

Residual: 0.07941189418431277


m: 6.428571428571429

n: 26.142857142857142

epsilon: 1.0999999999999999

Residual: 0.13638341762097467


m: 6.428571428571429

n: 26.142857142857142

epsilon: 1.3

Residual: 0.2013400732596444


m: 6.428571428571429

n: 26.142857142857142

epsilon: 1.5

Residual: 0.2615842294137049


m: 6.428571428571429

n: 30.857142857142858

epsilon: 0.1

Residual: 0.8114581736467674


m: 6.428571428571429

n: 30.857142857142858

epsilon: 0.3

Residual: 0.5255060164019398


m: 6.428571428571429

n: 30.857142857142858

epsilon: 0.5

Residual: 0.31651496897514253


m: 6.428571428571429

n: 30.857142857142858

epsilon: 0.7

Residual: 0.15345308828175208


m: 6.428571428571429

n: 30.857142857142858

epsilon: 0.8999999999999999

Residual: 0.07659875116425825


m: 6.428571428571429

n: 30.857142857142858

epsilon: 1.0999999999999999

Residual: 0.11341421404422675


m: 6.428571428571429

n: 30.857142857142858

epsilon: 1.3

Residual: 0.16882119620351163


m: 6.428571428571429

n: 30.857142857142858

epsilon: 1.5

Residual: 0.22753180670857526


m: 6.428571428571429

n: 35.57142857142857

epsilon: 0.1

Residual: 0.8220809409786203


m: 6.428571428571429

n: 35.57142857142857

epsilon: 0.3

Residual: 0.5468883961264246


m: 6.428571428571429

n: 35.57142857142857

epsilon: 0.5

Residual: 0.3428004567653452


m: 6.428571428571429

n: 35.57142857142857

epsilon: 0.7

Residual: 0.18751610502189084


m: 6.428571428571429

n: 35.57142857142857

epsilon: 0.8999999999999999

Residual: 0.08156373838055647


m: 6.428571428571429

n: 35.57142857142857

epsilon: 1.0999999999999999

Residual: 0.0974530761261699


m: 6.428571428571429

n: 35.57142857142857

epsilon: 1.3

Residual: 0.14798163938324946


m: 6.428571428571429

n: 35.57142857142857

epsilon: 1.5

Residual: 0.1995383160977365


m: 6.428571428571429

n: 40.285714285714285

epsilon: 0.1

Residual: 0.8292405533354568


m: 6.428571428571429

n: 40.285714285714285

epsilon: 0.3

Residual: 0.5634939985477064


m: 6.428571428571429

n: 40.285714285714285

epsilon: 0.5

Residual: 0.3650597010573535


m: 6.428571428571429

n: 40.285714285714285

epsilon: 0.7

Residual: 0.21077116633782833


m: 6.428571428571429

n: 40.285714285714285

epsilon: 0.8999999999999999

Residual: 0.09228585693356026


m: 6.428571428571429

n: 40.285714285714285

epsilon: 1.0999999999999999

Residual: 0.08842310078920526


m: 6.428571428571429

n: 40.285714285714285

epsilon: 1.3

Residual: 0.12984425259173632


m: 6.428571428571429

n: 40.285714285714285

epsilon: 1.5

Residual: 0.18018557921241934


m: 6.428571428571429

n: 45.0

epsilon: 0.1

Residual: 0.8365365228054604


m: 6.428571428571429

n: 45.0

epsilon: 0.3

Residual: 0.5769670464330274


m: 6.428571428571429

n: 45.0

epsilon: 0.5

Residual: 0.3837971332294007


m: 6.428571428571429

n: 45.0

epsilon: 0.7

Residual: 0.23114846514421397


m: 6.428571428571429

n: 45.0

epsilon: 0.8999999999999999

Residual: 0.10668889536145108


m: 6.428571428571429

n: 45.0

epsilon: 1.0999999999999999

Residual: 0.08416424939764264


m: 6.428571428571429

n: 45.0

epsilon: 1.3

Residual: 0.11800769074001548


m: 6.428571428571429

n: 45.0

epsilon: 1.5

Residual: 0.16591898923538675


m: 6.714285714285714

n: 12.0

epsilon: 0.1

Residual: 0.6907433934960807


m: 6.714285714285714

n: 12.0

epsilon: 0.3

Residual: 0.29198149113237126


m: 6.714285714285714

n: 12.0

epsilon: 0.5

Residual: 0.05637759579322405


m: 6.714285714285714

n: 12.0

epsilon: 0.7

Residual: 0.14208181992079683


m: 6.714285714285714

n: 12.0

epsilon: 0.8999999999999999

Residual: 0.24820149492482926


m: 6.714285714285714

n: 12.0

epsilon: 1.0999999999999999

Residual: 0.33591382759388927


m: 6.714285714285714

n: 12.0

epsilon: 1.3

Residual: 0.4092611087765284


m: 6.714285714285714

n: 12.0

epsilon: 1.5

Residual: 0.46601872003684636


m: 6.714285714285714

n: 16.714285714285715

epsilon: 0.1

Residual: 0.7602939355475938


m: 6.714285714285714

n: 16.714285714285715

epsilon: 0.3

Residual: 0.41992215912515257


m: 6.714285714285714

n: 16.714285714285715

epsilon: 0.5

Residual: 0.1877988512758513


m: 6.714285714285714

n: 16.714285714285715

epsilon: 0.7

Residual: 0.07690201372411266


m: 6.714285714285714

n: 16.714285714285715

epsilon: 0.8999999999999999

Residual: 0.13814885836316054


m: 6.714285714285714

n: 16.714285714285715

epsilon: 1.0999999999999999

Residual: 0.2146590573571886


m: 6.714285714285714

n: 16.714285714285715

epsilon: 1.3

Residual: 0.2842032977816673


m: 6.714285714285714

n: 16.714285714285715

epsilon: 1.5

Residual: 0.3419693645664938


m: 6.714285714285714

n: 21.42857142857143

epsilon: 0.1

Residual: 0.7949589778194185


m: 6.714285714285714

n: 21.42857142857143

epsilon: 0.3

Residual: 0.487883431638748


m: 6.714285714285714

n: 21.42857142857143

epsilon: 0.5

Residual: 0.2696306039486001


m: 6.714285714285714

n: 21.42857142857143

epsilon: 0.7

Residual: 0.107329765073744


m: 6.714285714285714

n: 21.42857142857143

epsilon: 0.8999999999999999

Residual: 0.10180574817688519


m: 6.714285714285714

n: 21.42857142857143

epsilon: 1.0999999999999999

Residual: 0.15200119794395525


m: 6.714285714285714

n: 21.42857142857143

epsilon: 1.3

Residual: 0.21724218459887873


m: 6.714285714285714

n: 21.42857142857143

epsilon: 1.5

Residual: 0.27361473281975146


m: 6.714285714285714

n: 26.142857142857142

epsilon: 0.1

Residual: 0.8159335534030044


m: 6.714285714285714

n: 26.142857142857142

epsilon: 0.3

Residual: 0.5321908025508412


m: 6.714285714285714

n: 26.142857142857142

epsilon: 0.5

Residual: 0.3252217666431862


m: 6.714285714285714

n: 26.142857142857142

epsilon: 0.7

Residual: 0.16691119495020493


m: 6.714285714285714

n: 26.142857142857142

epsilon: 0.8999999999999999

Residual: 0.09216109016876918


m: 6.714285714285714

n: 26.142857142857142

epsilon: 1.0999999999999999

Residual: 0.1250696017636749


m: 6.714285714285714

n: 26.142857142857142

epsilon: 1.3

Residual: 0.1747958219054919


m: 6.714285714285714

n: 26.142857142857142

epsilon: 1.5

Residual: 0.22770402397121992


m: 6.714285714285714

n: 30.857142857142858

epsilon: 0.1

Residual: 0.8288627714656975


m: 6.714285714285714

n: 30.857142857142858

epsilon: 0.3

Residual: 0.5644738654358166


m: 6.714285714285714

n: 30.857142857142858

epsilon: 0.5

Residual: 0.3620121704994259


m: 6.714285714285714

n: 30.857142857142858

epsilon: 0.7

Residual: 0.20598579147169474


m: 6.714285714285714

n: 30.857142857142858

epsilon: 0.8999999999999999

Residual: 0.1040009490192823


m: 6.714285714285714

n: 30.857142857142858

epsilon: 1.0999999999999999

Residual: 0.1083665372078228


m: 6.714285714285714

n: 30.857142857142858

epsilon: 1.3

Residual: 0.14690317326359187


m: 6.714285714285714

n: 30.857142857142858

epsilon: 1.5

Residual: 0.19839184589758


m: 6.714285714285714

n: 35.57142857142857

epsilon: 0.1

Residual: 0.8397152993825975


m: 6.714285714285714

n: 35.57142857142857

epsilon: 0.3

Residual: 0.5856045990610034


m: 6.714285714285714

n: 35.57142857142857

epsilon: 0.5

Residual: 0.39260064528211625


m: 6.714285714285714

n: 35.57142857142857

epsilon: 0.7

Residual: 0.23696055268745175


m: 6.714285714285714

n: 35.57142857142857

epsilon: 0.8999999999999999

Residual: 0.12184192564730129


m: 6.714285714285714

n: 35.57142857142857

epsilon: 1.0999999999999999

Residual: 0.10199741227448392


m: 6.714285714285714

n: 35.57142857142857

epsilon: 1.3

Residual: 0.13385153992255455


m: 6.714285714285714

n: 35.57142857142857

epsilon: 1.5

Residual: 0.17535976542774226


m: 6.714285714285714

n: 40.285714285714285

epsilon: 0.1

Residual: 0.8457740938273103


m: 6.714285714285714

n: 40.285714285714285

epsilon: 0.3

Residual: 0.6022223555116059


m: 6.714285714285714

n: 40.285714285714285

epsilon: 0.5

Residual: 0.41440813011877353


m: 6.714285714285714

n: 40.285714285714285

epsilon: 0.7

Residual: 0.2633665952557708


m: 6.714285714285714

n: 40.285714285714285

epsilon: 0.8999999999999999

Residual: 0.14530129349447427


m: 6.714285714285714

n: 40.285714285714285

epsilon: 1.0999999999999999

Residual: 0.10192868278949196


m: 6.714285714285714

n: 40.285714285714285

epsilon: 1.3

Residual: 0.12499862483903179


m: 6.714285714285714

n: 40.285714285714285

epsilon: 1.5

Residual: 0.1583716299581314


m: 6.714285714285714

n: 45.0

epsilon: 0.1

Residual: 0.8518334132984198


m: 6.714285714285714

n: 45.0

epsilon: 0.3

Residual: 0.6145877442606844


m: 6.714285714285714

n: 45.0

epsilon: 0.5

Residual: 0.4296780709792761


m: 6.714285714285714

n: 45.0

epsilon: 0.7

Residual: 0.2856685848920037


m: 6.714285714285714

n: 45.0

epsilon: 0.8999999999999999

Residual: 0.16129616694201213


m: 6.714285714285714

n: 45.0

epsilon: 1.0999999999999999

Residual: 0.10938592560073217


m: 6.714285714285714

n: 45.0

epsilon: 1.3

Residual: 0.11781786250840971


m: 6.714285714285714

n: 45.0

epsilon: 1.5

Residual: 0.1433044989891186


m: 7.0

n: 12.0

epsilon: 0.1

Residual: 0.7121384372382419


m: 7.0

n: 12.0

epsilon: 0.3

Residual: 0.33023001502155275


m: 7.0

n: 12.0

epsilon: 0.5

Residual: 0.09090445628225687


m: 7.0

n: 12.0

epsilon: 0.7

Residual: 0.12147919270214377


m: 7.0

n: 12.0

epsilon: 0.8999999999999999

Residual: 0.2206594739458044


m: 7.0

n: 12.0

epsilon: 1.0999999999999999

Residual: 0.3002853428595568


m: 7.0

n: 12.0

epsilon: 1.3

Residual: 0.37312078836960266


m: 7.0

n: 12.0

epsilon: 1.5

Residual: 0.4314400376216611


m: 7.0

n: 16.714285714285715

epsilon: 0.1

Residual: 0.7791765254476459


m: 7.0

n: 16.714285714285715

epsilon: 0.3

Residual: 0.45769013329759994


m: 7.0

n: 16.714285714285715

epsilon: 0.5

Residual: 0.23277154379728174


m: 7.0

n: 16.714285714285715

epsilon: 0.7

Residual: 0.08974774285333652


m: 7.0

n: 16.714285714285715

epsilon: 0.8999999999999999

Residual: 0.12857414880908313


m: 7.0

n: 16.714285714285715

epsilon: 1.0999999999999999

Residual: 0.19626472454324367


m: 7.0

n: 16.714285714285715

epsilon: 1.3

Residual: 0.25601163631749085


m: 7.0

n: 16.714285714285715

epsilon: 1.5

Residual: 0.31033497118054226


m: 7.0

n: 21.42857142857143

epsilon: 0.1

Residual: 0.8117814240316719


m: 7.0

n: 21.42857142857143

epsilon: 0.3

Residual: 0.5254517745415871


m: 7.0

n: 21.42857142857143

epsilon: 0.5

Residual: 0.3163161403815908


m: 7.0

n: 21.42857142857143

epsilon: 0.7

Residual: 0.1623378400856563


m: 7.0

n: 21.42857142857143

epsilon: 0.8999999999999999

Residual: 0.10961464320772865


m: 7.0

n: 21.42857142857143

epsilon: 1.0999999999999999

Residual: 0.1482968912474779


m: 7.0

n: 21.42857142857143

epsilon: 1.3

Residual: 0.19092792288876856


m: 7.0

n: 21.42857142857143

epsilon: 1.5

Residual: 0.2472743285793874


m: 7.0

n: 26.142857142857142

epsilon: 0.1

Residual: 0.8322321177039069


m: 7.0

n: 26.142857142857142

epsilon: 0.3

Residual: 0.5693668439527968


m: 7.0

n: 26.142857142857142

epsilon: 0.5

Residual: 0.36860253962140427


m: 7.0

n: 26.142857142857142

epsilon: 0.7

Residual: 0.21755837450238197


m: 7.0

n: 26.142857142857142

epsilon: 0.8999999999999999

Residual: 0.11912197708030747


m: 7.0

n: 26.142857142857142

epsilon: 1.0999999999999999

Residual: 0.1269219035180633


m: 7.0

n: 26.142857142857142

epsilon: 1.3

Residual: 0.1614921654512035


m: 7.0

n: 26.142857142857142

epsilon: 1.5

Residual: 0.2085797229205595


m: 7.0

n: 30.857142857142858

epsilon: 0.1

Residual: 0.8446580123189128


m: 7.0

n: 30.857142857142858

epsilon: 0.3

Residual: 0.5943080861843885


m: 7.0

n: 30.857142857142858

epsilon: 0.5

Residual: 0.4062288294535026


m: 7.0

n: 30.857142857142858

epsilon: 0.7

Residual: 0.25897991649737306


m: 7.0

n: 30.857142857142858

epsilon: 0.8999999999999999

Residual: 0.14153014025109478


m: 7.0

n: 30.857142857142858

epsilon: 1.0999999999999999

Residual: 0.12103109556167159


m: 7.0

n: 30.857142857142858

epsilon: 1.3

Residual: 0.14798270907118666


m: 7.0

n: 30.857142857142858

epsilon: 1.5

Residual: 0.17975130176390322


m: 7.0

n: 35.57142857142857

epsilon: 0.1

Residual: 0.8537985880281616


m: 7.0

n: 35.57142857142857

epsilon: 0.3

Residual: 0.6170722056170779


m: 7.0

n: 35.57142857142857

epsilon: 0.5

Residual: 0.43380819581681607


m: 7.0

n: 35.57142857142857

epsilon: 0.7

Residual: 0.29196675324552285


m: 7.0

n: 35.57142857142857

epsilon: 0.8999999999999999

Residual: 0.1714515348833527


m: 7.0

n: 35.57142857142857

epsilon: 1.0999999999999999

Residual: 0.1231651405661322


m: 7.0

n: 35.57142857142857

epsilon: 1.3

Residual: 0.13705220312491947


m: 7.0

n: 35.57142857142857

epsilon: 1.5

Residual: 0.16573764890307296


m: 7.0

n: 40.285714285714285

epsilon: 0.1

Residual: 0.8608581553661891


m: 7.0

n: 40.285714285714285

epsilon: 0.3

Residual: 0.6326607164948285


m: 7.0

n: 40.285714285714285

epsilon: 0.5

Residual: 0.45378305538959746


m: 7.0

n: 40.285714285714285

epsilon: 0.7

Residual: 0.31208569006834924


m: 7.0

n: 40.285714285714285

epsilon: 0.8999999999999999

Residual: 0.19601137846707242


m: 7.0

n: 40.285714285714285

epsilon: 1.0999999999999999

Residual: 0.12966336918860996


m: 7.0

n: 40.285714285714285

epsilon: 1.3

Residual: 0.1291192825302956


m: 7.0

n: 40.285714285714285

epsilon: 1.5

Residual: 0.15212914709525796


m: 7.0

n: 45.0

epsilon: 0.1

Residual: 0.8661306096515777


m: 7.0

n: 45.0

epsilon: 0.3

Residual: 0.64506240194402


m: 7.0

n: 45.0

epsilon: 0.5

Residual: 0.4759217848959371


m: 7.0

n: 45.0

epsilon: 0.7

Residual: 0.33394050534749825


m: 7.0

n: 45.0

epsilon: 0.8999999999999999

Residual: 0.22074617243166375


m: 7.0

n: 45.0

epsilon: 1.0999999999999999

Residual: 0.14047977954698218


m: 7.0

n: 45.0

epsilon: 1.3

Residual: 0.12734208774885641


m: 7.0

n: 45.0

epsilon: 1.5

Residual: 0.14749625268785527


