epsilon: 0.1

m: 3.0

Residual: 0.39995209209331745


epsilon: 0.1

m: 3.0

Residual: 0.3999371206455306


epsilon: 0.1

m: 3.1666666666666665

Residual: 0.3625931546826556


epsilon: 0.1

m: 3.3333333333333335

Residual: 0.36530688725008736


epsilon: 0.1

m: 3.5

Residual: 0.407123953810925


epsilon: 0.1

m: 3.6666666666666665

Residual: 0.48095104251118265


epsilon: 0.1

m: 3.833333333333333

Residual: 0.5734386215489445


epsilon: 0.1

m: 4.0

Residual: 0.6653863708907076


epsilon: 0.1

m: 4.166666666666666

Residual: 0.738655715568855


epsilon: 0.1

m: 4.333333333333333

Residual: 0.7949997471302775


epsilon: 0.1

m: 4.5

Residual: 0.8383803272839744


epsilon: 0.1

m: 4.666666666666666

Residual: 0.8714444265050025


epsilon: 0.1

m: 4.833333333333333

Residual: 0.8969082149850341


epsilon: 0.1

m: 5.0

Residual: 0.9164033802851554


epsilon: 0.1

m: 5.166666666666666

Residual: 0.9316143968602949


epsilon: 0.1

m: 5.333333333333333

Residual: 0.9433623259473809


epsilon: 0.1

m: 5.5

Residual: 0.9526681618194006


epsilon: 0.1

m: 5.666666666666666

Residual: 0.9600416395860282


epsilon: 0.1

m: 5.833333333333333

Residual: 0.9658787574703184


epsilon: 0.1

m: 6.0

Residual: 0.9707167813518597


epsilon: 0.1

m: 6.166666666666666

Residual: 0.9748000836380041


epsilon: 0.1

m: 6.333333333333333

Residual: 0.9778388565090426


epsilon: 0.1

m: 6.5

Residual: 0.9805066245836584


epsilon: 0.1

m: 6.666666666666666

Residual: 0.9827047973709415


epsilon: 0.1

m: 6.833333333333333

Residual: 0.9846592484941302


epsilon: 0.1

m: 7.0

Residual: 0.9863728544075391


epsilon: 0.3458333333333333

m: 3.0

Residual: 0.6770246723948585


epsilon: 0.3458333333333333

m: 3.1666666666666665

Residual: 0.5718511038321163


epsilon: 0.3458333333333333

m: 3.3333333333333335

Residual: 0.4655714084126682


epsilon: 0.3458333333333333

m: 3.5

Residual: 0.372230172416843


epsilon: 0.3458333333333333

m: 3.6666666666666665

Residual: 0.30431189232779815


epsilon: 0.3458333333333333

m: 3.833333333333333

Residual: 0.27246214119715867


epsilon: 0.3458333333333333

m: 4.0

Residual: 0.28489083437710133


epsilon: 0.3458333333333333

m: 4.166666666666666

Residual: 0.34198321079114735


epsilon: 0.3458333333333333

m: 4.333333333333333

Residual: 0.43414557361837297


epsilon: 0.3458333333333333

m: 4.5

Residual: 0.5335064640436652


epsilon: 0.3458333333333333

m: 4.666666666666666

Residual: 0.6165590198856086


epsilon: 0.3458333333333333

m: 4.833333333333333

Residual: 0.6835141773926735


epsilon: 0.3458333333333333

m: 5.0

Residual: 0.7380486680771141


epsilon: 0.3458333333333333

m: 5.166666666666666

Residual: 0.7816601423398059


epsilon: 0.3458333333333333

m: 5.333333333333333

Residual: 0.816909062497099


epsilon: 0.3458333333333333

m: 5.5

Residual: 0.8458172622644707


epsilon: 0.3458333333333333

m: 5.666666666666666

Residual: 0.8689206138037993


epsilon: 0.3458333333333333

m: 5.833333333333333

Residual: 0.8870076203553247


epsilon: 0.3458333333333333

m: 6.0

Residual: 0.9022313659463281


epsilon: 0.3458333333333333

m: 6.166666666666666

Residual: 0.9154261167755707


epsilon: 0.3458333333333333

m: 6.333333333333333

Residual: 0.9259697191836619


epsilon: 0.3458333333333333

m: 6.5

Residual: 0.9343231738893021


epsilon: 0.3458333333333333

m: 6.666666666666666

Residual: 0.9420776056641568


epsilon: 0.3458333333333333

m: 6.833333333333333

Residual: 0.9479925121210597


epsilon: 0.3458333333333333

m: 7.0

Residual: 0.9534562076307271


epsilon: 0.5916666666666667

m: 3.0

Residual: 0.7976363847474951


epsilon: 0.5916666666666667

m: 3.1666666666666665

Residual: 0.7208725327809554


epsilon: 0.5916666666666667

m: 3.3333333333333335

Residual: 0.6245211683578122


epsilon: 0.5916666666666667

m: 3.5

Residual: 0.5146429561589331


epsilon: 0.5916666666666667

m: 3.6666666666666665

Residual: 0.4057706480408161


epsilon: 0.5916666666666667

m: 3.833333333333333

Residual: 0.31207789092793675


epsilon: 0.5916666666666667

m: 4.0

Residual: 0.24713986717717712


epsilon: 0.5916666666666667

m: 4.166666666666666

Residual: 0.2211545055445518


epsilon: 0.5916666666666667

m: 4.333333333333333

Residual: 0.24472300645072173


epsilon: 0.5916666666666667

m: 4.5

Residual: 0.3199901031080853


epsilon: 0.5916666666666667

m: 4.666666666666666

Residual: 0.4219645353214449


epsilon: 0.5916666666666667

m: 4.833333333333333

Residual: 0.5132995706288223


epsilon: 0.5916666666666667

m: 5.0

Residual: 0.5899352859618793


epsilon: 0.5916666666666667

m: 5.166666666666666

Residual: 0.6531792583394397


epsilon: 0.5916666666666667

m: 5.333333333333333

Residual: 0.7057719883608988


epsilon: 0.5916666666666667

m: 5.5

Residual: 0.7492021858879903


epsilon: 0.5916666666666667

m: 5.666666666666666

Residual: 0.784360876654185


epsilon: 0.5916666666666667

m: 5.833333333333333

Residual: 0.8141118634229023


epsilon: 0.5916666666666667

m: 6.0

Residual: 0.8384007939319459


epsilon: 0.5916666666666667

m: 6.166666666666666

Residual: 0.859506638149866


epsilon: 0.5916666666666667

m: 6.333333333333333

Residual: 0.875719600010775


epsilon: 0.5916666666666667

m: 6.5

Residual: 0.8902356991744389


epsilon: 0.5916666666666667

m: 6.666666666666666

Residual: 0.9023090410423239


epsilon: 0.5916666666666667

m: 6.833333333333333

Residual: 0.912371366367998


epsilon: 0.5916666666666667

m: 7.0

Residual: 0.9223578250808198


epsilon: 0.8375

m: 3.0

Residual: 0.8526655885518466


epsilon: 0.8375

m: 3.1666666666666665

Residual: 0.7943762364738153


epsilon: 0.8375

m: 3.3333333333333335

Residual: 0.7192788851249909


epsilon: 0.8375

m: 3.5

Residual: 0.626138993130179


epsilon: 0.8375

m: 3.6666666666666665

Residual: 0.5153451876301924


epsilon: 0.8375

m: 3.833333333333333

Residual: 0.40381760927964905


epsilon: 0.8375

m: 4.0

Residual: 0.3026302319172272


epsilon: 0.8375

m: 4.166666666666666

Residual: 0.22581250747620513


epsilon: 0.8375

m: 4.333333333333333

Residual: 0.1866142053662773


epsilon: 0.8375

m: 4.5

Residual: 0.19906580139246316


epsilon: 0.8375

m: 4.666666666666666

Residual: 0.27178645186500144


epsilon: 0.8375

m: 4.833333333333333

Residual: 0.37494195435219213


epsilon: 0.8375

m: 5.0

Residual: 0.46552046819327636


epsilon: 0.8375

m: 5.166666666666666

Residual: 0.5421522250378895


epsilon: 0.8375

m: 5.333333333333333

Residual: 0.607440965455324


epsilon: 0.8375

m: 5.5

Residual: 0.6628297466724251


epsilon: 0.8375

m: 5.666666666666666

Residual: 0.7086646470588608


epsilon: 0.8375

m: 5.833333333333333

Residual: 0.7465710740324383


epsilon: 0.8375

m: 6.0

Residual: 0.7782924096008973


epsilon: 0.8375

m: 6.166666666666666

Residual: 0.8066814057152413


epsilon: 0.8375

m: 6.333333333333333

Residual: 0.828483658559687


epsilon: 0.8375

m: 6.5

Residual: 0.8484169666985163


epsilon: 0.8375

m: 6.666666666666666

Residual: 0.86431400669344


epsilon: 0.8375

m: 6.833333333333333

Residual: 0.8791244122290426


epsilon: 0.8375

m: 7.0

Residual: 0.8908822749698339


epsilon: 1.0833333333333335

m: 3.0

Residual: 0.8841634353507944


epsilon: 1.0833333333333335

m: 3.1666666666666665

Residual: 0.8372523367499708


epsilon: 1.0833333333333335

m: 3.3333333333333335

Residual: 0.775858285911544


epsilon: 1.0833333333333335

m: 3.5

Residual: 0.6981552805447836


epsilon: 1.0833333333333335

m: 3.6666666666666665

Residual: 0.6035764328985787


epsilon: 1.0833333333333335

m: 3.833333333333333

Residual: 0.49328536512002935


epsilon: 1.0833333333333335

m: 4.0

Residual: 0.379572320899091


epsilon: 1.0833333333333335

m: 4.166666666666666

Residual: 0.27635347202982335


epsilon: 1.0833333333333335

m: 4.333333333333333

Residual: 0.1975664077602648


epsilon: 1.0833333333333335

m: 4.5

Residual: 0.1560439770237014


epsilon: 1.0833333333333335

m: 4.666666666666666

Residual: 0.17239809255831037


epsilon: 1.0833333333333335

m: 4.833333333333333

Residual: 0.25831322183388244


epsilon: 1.0833333333333335

m: 5.0

Residual: 0.3578197403139462


epsilon: 1.0833333333333335

m: 5.166666666666666

Residual: 0.4451228183405062


epsilon: 1.0833333333333335

m: 5.333333333333333

Residual: 0.5197493276410394


epsilon: 1.0833333333333335

m: 5.5

Residual: 0.583602430503124


epsilon: 1.0833333333333335

m: 5.666666666666666

Residual: 0.6383761906983265


epsilon: 1.0833333333333335

m: 5.833333333333333

Residual: 0.6843456961602462


epsilon: 1.0833333333333335

m: 6.0

Residual: 0.7242714433009039


epsilon: 1.0833333333333335

m: 6.166666666666666

Residual: 0.7555379360899277


epsilon: 1.0833333333333335

m: 6.333333333333333

Residual: 0.7840998644887672


epsilon: 1.0833333333333335

m: 6.5

Residual: 0.809770416797676


epsilon: 1.0833333333333335

m: 6.666666666666666

Residual: 0.828122718918492


epsilon: 1.0833333333333335

m: 6.833333333333333

Residual: 0.845527579495575


epsilon: 1.0833333333333335

m: 7.0

Residual: 0.8606722936145796


epsilon: 1.3291666666666668

m: 3.0

Residual: 0.9045641077805101


epsilon: 1.3291666666666668

m: 3.1666666666666665

Residual: 0.8653256511729575


epsilon: 1.3291666666666668

m: 3.3333333333333335

Residual: 0.8134234180997341


epsilon: 1.3291666666666668

m: 3.5

Residual: 0.7469274907026963


epsilon: 1.3291666666666668

m: 3.6666666666666665

Residual: 0.6646364524360794


epsilon: 1.3291666666666668

m: 3.833333333333333

Residual: 0.5667394417530477


epsilon: 1.3291666666666668

m: 4.0

Residual: 0.45493660895527804


epsilon: 1.3291666666666668

m: 4.166666666666666

Residual: 0.3415144633741182


epsilon: 1.3291666666666668

m: 4.333333333333333

Residual: 0.23942053611075545


epsilon: 1.3291666666666668

m: 4.5

Residual: 0.1635416823813413


epsilon: 1.3291666666666668

m: 4.666666666666666

Residual: 0.12942618909092096


epsilon: 1.3291666666666668

m: 4.833333333333333

Residual: 0.16559498587419538


epsilon: 1.3291666666666668

m: 5.0

Residual: 0.2663201254359328


epsilon: 1.3291666666666668

m: 5.166666666666666

Residual: 0.3599441265367618


epsilon: 1.3291666666666668

m: 5.333333333333333

Residual: 0.4417667830346955


epsilon: 1.3291666666666668

m: 5.5

Residual: 0.5127867407314528


epsilon: 1.3291666666666668

m: 5.666666666666666

Residual: 0.57389847950408


epsilon: 1.3291666666666668

m: 5.833333333333333

Residual: 0.6255586652662982


epsilon: 1.3291666666666668

m: 6.0

Residual: 0.6709376994447681


epsilon: 1.3291666666666668

m: 6.166666666666666

Residual: 0.7093783186327203


epsilon: 1.3291666666666668

m: 6.333333333333333

Residual: 0.7425205341225105


epsilon: 1.3291666666666668

m: 6.5

Residual: 0.7702495274637169


epsilon: 1.3291666666666668

m: 6.666666666666666

Residual: 0.7933669400843644


epsilon: 1.3291666666666668

m: 6.833333333333333

Residual: 0.8124086809041441


epsilon: 1.3291666666666668

m: 7.0

Residual: 0.8330684305977004


epsilon: 1.5750000000000002

m: 3.0

Residual: 0.9188541222434196


epsilon: 1.5750000000000002

m: 3.1666666666666665

Residual: 0.8851337388065537


epsilon: 1.5750000000000002

m: 3.3333333333333335

Residual: 0.8402258284746115


epsilon: 1.5750000000000002

m: 3.5

Residual: 0.7821015784632028


epsilon: 1.5750000000000002

m: 3.6666666666666665

Residual: 0.7093235234542827


epsilon: 1.5750000000000002

m: 3.833333333333333

Residual: 0.6215641739863803


epsilon: 1.5750000000000002

m: 4.0

Residual: 0.5196495286114282


epsilon: 1.5750000000000002

m: 4.166666666666666

Residual: 0.4063321130600433


epsilon: 1.5750000000000002

m: 4.333333333333333

Residual: 0.2945565282035163


epsilon: 1.5750000000000002

m: 4.5

Residual: 0.19623780890539702


epsilon: 1.5750000000000002

m: 4.666666666666666

Residual: 0.12741807151990736


epsilon: 1.5750000000000002

m: 4.833333333333333

Residual: 0.11000870079947384


epsilon: 1.5750000000000002

m: 5.0

Residual: 0.18623205599618428


epsilon: 1.5750000000000002

m: 5.166666666666666

Residual: 0.28315759209610536


epsilon: 1.5750000000000002

m: 5.333333333333333

Residual: 0.3713958160161252


epsilon: 1.5750000000000002

m: 5.5

Residual: 0.4471494157816279


epsilon: 1.5750000000000002

m: 5.666666666666666

Residual: 0.5151961260002936


epsilon: 1.5750000000000002

m: 5.833333333333333

Residual: 0.5715694137660324


epsilon: 1.5750000000000002

m: 6.0

Residual: 0.6213062538169071


epsilon: 1.5750000000000002

m: 6.166666666666666

Residual: 0.6638417881177426


epsilon: 1.5750000000000002

m: 6.333333333333333

Residual: 0.700965649188246


epsilon: 1.5750000000000002

m: 6.5

Residual: 0.7315242618087675


epsilon: 1.5750000000000002

m: 6.666666666666666

Residual: 0.7591366891735849


epsilon: 1.5750000000000002

m: 6.833333333333333

Residual: 0.7839064199882938


epsilon: 1.5750000000000002

m: 7.0

Residual: 0.8034865346891017


epsilon: 1.8208333333333335

m: 3.0

Residual: 0.9294242852046565


epsilon: 1.8208333333333335

m: 3.1666666666666665

Residual: 0.8998723759002694


epsilon: 1.8208333333333335

m: 3.3333333333333335

Residual: 0.8602935563026285


epsilon: 1.8208333333333335

m: 3.5

Residual: 0.8087041019742642


epsilon: 1.8208333333333335

m: 3.6666666666666665

Residual: 0.7435620289322322


epsilon: 1.8208333333333335

m: 3.833333333333333

Residual: 0.664051668851019


epsilon: 1.8208333333333335

m: 4.0

Residual: 0.5705741245254978


epsilon: 1.8208333333333335

m: 4.166666666666666

Residual: 0.4649937885547027


epsilon: 1.8208333333333335

m: 4.333333333333333

Residual: 0.3504378801103199


epsilon: 1.8208333333333335

m: 4.5

Residual: 0.24184635663568604


epsilon: 1.8208333333333335

m: 4.666666666666666

Residual: 0.1510598419895541


epsilon: 1.8208333333333335

m: 4.833333333333333

Residual: 0.09513154942386146


epsilon: 1.8208333333333335

m: 5.0

Residual: 0.11583519347896354


epsilon: 1.8208333333333335

m: 5.166666666666666

Residual: 0.21520099363344106


epsilon: 1.8208333333333335

m: 5.333333333333333

Residual: 0.30795207993262513


epsilon: 1.8208333333333335

m: 5.5

Residual: 0.3873883132196029


epsilon: 1.8208333333333335

m: 5.666666666666666

Residual: 0.45987328302252817


epsilon: 1.8208333333333335

m: 5.833333333333333

Residual: 0.521033558809917


epsilon: 1.8208333333333335

m: 6.0

Residual: 0.5760110551918193


epsilon: 1.8208333333333335

m: 6.166666666666666

Residual: 0.6224383384813085


epsilon: 1.8208333333333335

m: 6.333333333333333

Residual: 0.6618718507451326


epsilon: 1.8208333333333335

m: 6.5

Residual: 0.697457087475699


epsilon: 1.8208333333333335

m: 6.666666666666666

Residual: 0.7262088688629492


epsilon: 1.8208333333333335

m: 6.833333333333333

Residual: 0.7529244537829511


epsilon: 1.8208333333333335

m: 7.0

Residual: 0.7762052698385102


epsilon: 2.066666666666667

m: 3.0

Residual: 0.9375583258374766


epsilon: 2.066666666666667

m: 3.1666666666666665

Residual: 0.9112489061307509


epsilon: 2.066666666666667

m: 3.3333333333333335

Residual: 0.875884338800151


epsilon: 2.066666666666667

m: 3.5

Residual: 0.8295380249062094


epsilon: 2.066666666666667

m: 3.6666666666666665

Residual: 0.7705348240631367


epsilon: 2.066666666666667

m: 3.833333333333333

Residual: 0.6979990971867708


epsilon: 2.066666666666667

m: 4.0

Residual: 0.611803464182103


epsilon: 2.066666666666667

m: 4.166666666666666

Residual: 0.513247374061071


epsilon: 2.066666666666667

m: 4.333333333333333

Residual: 0.40472109221193053


epsilon: 2.066666666666667

m: 4.5

Residual: 0.2913830739513013


epsilon: 2.066666666666667

m: 4.666666666666666

Residual: 0.18824885957045354


epsilon: 2.066666666666667

m: 4.833333333333333

Residual: 0.1056249468518096


epsilon: 2.066666666666667

m: 5.0

Residual: 0.07101218856799241


epsilon: 2.066666666666667

m: 5.166666666666666

Residual: 0.15530145877396614


epsilon: 2.066666666666667

m: 5.333333333333333

Residual: 0.24797149857874218


epsilon: 2.066666666666667

m: 5.5

Residual: 0.33208543880982844


epsilon: 2.066666666666667

m: 5.666666666666666

Residual: 0.4059589151266543


epsilon: 2.066666666666667

m: 5.833333333333333

Residual: 0.47433640740154087


epsilon: 2.066666666666667

m: 6.0

Residual: 0.5307304060758464


epsilon: 2.066666666666667

m: 6.166666666666666

Residual: 0.5812612179151023


epsilon: 2.066666666666667

m: 6.333333333333333

Residual: 0.6255825287587888


epsilon: 2.066666666666667

m: 6.5

Residual: 0.6641200073205734


epsilon: 2.066666666666667

m: 6.666666666666666

Residual: 0.6951403837579079


epsilon: 2.066666666666667

m: 6.833333333333333

Residual: 0.725846039617776


epsilon: 2.066666666666667

m: 7.0

Residual: 0.7502980831773273


epsilon: 2.3125000000000004

m: 3.0

Residual: 0.9440100156426187


epsilon: 2.3125000000000004

m: 3.1666666666666665

Residual: 0.9203130204689058


epsilon: 2.3125000000000004

m: 3.3333333333333335

Residual: 0.8883367769475937


epsilon: 2.3125000000000004

m: 3.5

Residual: 0.8462511885080841


epsilon: 2.3125000000000004

m: 3.6666666666666665

Residual: 0.7924342344276392


epsilon: 2.3125000000000004

m: 3.833333333333333

Residual: 0.7257013743308817


epsilon: 2.3125000000000004

m: 4.0

Residual: 0.6457038521309384


epsilon: 2.3125000000000004

m: 4.166666666666666

Residual: 0.5534193417552148


epsilon: 2.3125000000000004

m: 4.333333333333333

Residual: 0.4506477071537197


epsilon: 2.3125000000000004

m: 4.5

Residual: 0.34077151635354286


epsilon: 2.3125000000000004

m: 4.666666666666666

Residual: 0.23101620176603055


epsilon: 2.3125000000000004

m: 4.833333333333333

Residual: 0.13407838706950367


epsilon: 2.3125000000000004

m: 5.0

Residual: 0.0662315198361269


epsilon: 2.3125000000000004

m: 5.166666666666666

Residual: 0.09892883251566363


epsilon: 2.3125000000000004

m: 5.333333333333333

Residual: 0.19554466439948615


epsilon: 2.3125000000000004

m: 5.5

Residual: 0.28150770507532885


epsilon: 2.3125000000000004

m: 5.666666666666666

Residual: 0.3583006217423728


epsilon: 2.3125000000000004

m: 5.833333333333333

Residual: 0.4287442271219054


epsilon: 2.3125000000000004

m: 6.0

Residual: 0.4893412847477335


epsilon: 2.3125000000000004

m: 6.166666666666666

Residual: 0.5414569818357552


epsilon: 2.3125000000000004

m: 6.333333333333333

Residual: 0.5894405811866492


epsilon: 2.3125000000000004

m: 6.5

Residual: 0.6301914778950675


epsilon: 2.3125000000000004

m: 6.666666666666666

Residual: 0.6649864672748965


epsilon: 2.3125000000000004

m: 6.833333333333333

Residual: 0.6975829486477166


epsilon: 2.3125000000000004

m: 7.0

Residual: 0.7276515919057893


epsilon: 2.5583333333333336

m: 3.0

Residual: 0.9492528871885331


epsilon: 2.5583333333333336

m: 3.1666666666666665

Residual: 0.9276933507258817


epsilon: 2.5583333333333336

m: 3.3333333333333335

Residual: 0.898518773597846


epsilon: 2.5583333333333336

m: 3.5

Residual: 0.8599973119975999


epsilon: 2.5583333333333336

m: 3.6666666666666665

Residual: 0.810485748959869


epsilon: 2.5583333333333336

m: 3.833333333333333

Residual: 0.7487040057254895


epsilon: 2.5583333333333336

m: 4.0

Residual: 0.6741913335728429


epsilon: 2.5583333333333336

m: 4.166666666666666

Residual: 0.5873870404038118


epsilon: 2.5583333333333336

m: 4.333333333333333

Residual: 0.48996980094440096


epsilon: 2.5583333333333336

m: 4.5

Residual: 0.38459810272763556


epsilon: 2.5583333333333336

m: 4.666666666666666

Residual: 0.27412996804423245


epsilon: 2.5583333333333336

m: 4.833333333333333

Residual: 0.17084223224053885


epsilon: 2.5583333333333336

m: 5.0

Residual: 0.08304296912505181


epsilon: 2.5583333333333336

m: 5.166666666666666

Residual: 0.049749904306944405


epsilon: 2.5583333333333336

m: 5.333333333333333

Residual: 0.14537783737600943


epsilon: 2.5583333333333336

m: 5.5

Residual: 0.23516142038044036


epsilon: 2.5583333333333336

m: 5.666666666666666

Residual: 0.31493254172617297


epsilon: 2.5583333333333336

m: 5.833333333333333

Residual: 0.3878958117308552


epsilon: 2.5583333333333336

m: 6.0

Residual: 0.450593767774097


epsilon: 2.5583333333333336

m: 6.166666666666666

Residual: 0.5054704070718432


epsilon: 2.5583333333333336

m: 6.333333333333333

Residual: 0.5562018168221097


epsilon: 2.5583333333333336

m: 6.5

Residual: 0.6006463310581884


epsilon: 2.5583333333333336

m: 6.666666666666666

Residual: 0.6359706928174067


epsilon: 2.5583333333333336

m: 6.833333333333333

Residual: 0.6709332730803055


epsilon: 2.5583333333333336

m: 7.0

Residual: 0.7018629588233289


epsilon: 2.8041666666666667

m: 3.0

Residual: 0.9535999957908862


epsilon: 2.8041666666666667

m: 3.1666666666666665

Residual: 0.9338235510592775


epsilon: 2.8041666666666667

m: 3.3333333333333335

Residual: 0.9070095527744361


epsilon: 2.8041666666666667

m: 3.5

Residual: 0.871478168317028


epsilon: 2.8041666666666667

m: 3.6666666666666665

Residual: 0.8256245053980473


epsilon: 2.8041666666666667

m: 3.833333333333333

Residual: 0.7681816563324139


epsilon: 2.8041666666666667

m: 4.0

Residual: 0.698438252983846


epsilon: 2.8041666666666667

m: 4.166666666666666

Residual: 0.6166325526761481


epsilon: 2.8041666666666667

m: 4.333333333333333

Residual: 0.5240250816578917


epsilon: 2.8041666666666667

m: 4.5

Residual: 0.42265682631189333


epsilon: 2.8041666666666667

m: 4.666666666666666

Residual: 0.31644234822105227


epsilon: 2.8041666666666667

m: 4.833333333333333

Residual: 0.2074450542075877


epsilon: 2.8041666666666667

m: 5.0

Residual: 0.11086405443310866


epsilon: 2.8041666666666667

m: 5.166666666666666

Residual: 0.03757532921069715


epsilon: 2.8041666666666667

m: 5.333333333333333

Residual: 0.09984046377621232


epsilon: 2.8041666666666667

m: 5.5

Residual: 0.1904762097097632


epsilon: 2.8041666666666667

m: 5.666666666666666

Residual: 0.2731168254984964


epsilon: 2.8041666666666667

m: 5.833333333333333

Residual: 0.34615781879427715


epsilon: 2.8041666666666667

m: 6.0

Residual: 0.4122636236818851


epsilon: 2.8041666666666667

m: 6.166666666666666

Residual: 0.469601731997087


epsilon: 2.8041666666666667

m: 6.333333333333333

Residual: 0.5219330334127004


epsilon: 2.8041666666666667

m: 6.5

Residual: 0.5661325348916953


epsilon: 2.8041666666666667

m: 6.666666666666666

Residual: 0.6083970567832613


epsilon: 2.8041666666666667

m: 6.833333333333333

Residual: 0.6439437241313497


epsilon: 2.8041666666666667

m: 7.0

Residual: 0.6735954850453583


epsilon: 3.0500000000000003

m: 3.0

Residual: 0.9572568545511112


epsilon: 3.0500000000000003

m: 3.1666666666666665

Residual: 0.938987726255323


epsilon: 3.0500000000000003

m: 3.3333333333333335

Residual: 0.9141730133195359


epsilon: 3.0500000000000003

m: 3.5

Residual: 0.8812227450046831


epsilon: 3.0500000000000003

m: 3.6666666666666665

Residual: 0.8385515260174815


epsilon: 3.0500000000000003

m: 3.833333333333333

Residual: 0.7848292040849333


epsilon: 3.0500000000000003

m: 4.0

Residual: 0.7193119508990178


epsilon: 3.0500000000000003

m: 4.166666666666666

Residual: 0.6419617171811172


epsilon: 3.0500000000000003

m: 4.333333333333333

Residual: 0.5537333497636435


epsilon: 3.0500000000000003

m: 4.5

Residual: 0.45674370805165093


epsilon: 3.0500000000000003

m: 4.666666666666666

Residual: 0.35357591962927126


epsilon: 3.0500000000000003

m: 4.833333333333333

Residual: 0.24775827994128757


epsilon: 3.0500000000000003

m: 5.0

Residual: 0.14582222986229593


epsilon: 3.0500000000000003

m: 5.166666666666666

Residual: 0.05651309255337987


epsilon: 3.0500000000000003

m: 5.333333333333333

Residual: 0.0590885195526037


epsilon: 3.0500000000000003

m: 5.5

Residual: 0.14928452515353471


epsilon: 3.0500000000000003

m: 5.666666666666666

Residual: 0.23305611047723435


epsilon: 3.0500000000000003

m: 5.833333333333333

Residual: 0.3104136726344168


epsilon: 3.0500000000000003

m: 6.0

Residual: 0.37727442841000386


epsilon: 3.0500000000000003

m: 6.166666666666666

Residual: 0.4370943051569643


epsilon: 3.0500000000000003

m: 6.333333333333333

Residual: 0.4911567618884027


epsilon: 3.0500000000000003

m: 6.5

Residual: 0.5388010962517313


epsilon: 3.0500000000000003

m: 6.666666666666666

Residual: 0.5829324113894899


epsilon: 3.0500000000000003

m: 6.833333333333333

Residual: 0.616073083467736


epsilon: 3.0500000000000003

m: 7.0

Residual: 0.6533214792199197


epsilon: 3.295833333333334

m: 3.0

Residual: 0.9603837461776645


epsilon: 3.295833333333334

m: 3.1666666666666665

Residual: 0.9434139646808984


epsilon: 3.295833333333334

m: 3.3333333333333335

Residual: 0.9203267794105405


epsilon: 3.295833333333334

m: 3.5

Residual: 0.8895990609774771


epsilon: 3.295833333333334

m: 3.6666666666666665

Residual: 0.8496889274837232


epsilon: 3.295833333333334

m: 3.833333333333333

Residual: 0.7992973063076877


epsilon: 3.295833333333334

m: 4.0

Residual: 0.7375336847938128


epsilon: 3.295833333333334

m: 4.166666666666666

Residual: 0.664255499021467


epsilon: 3.295833333333334

m: 4.333333333333333

Residual: 0.5801544642917603


epsilon: 3.295833333333334

m: 4.5

Residual: 0.4869222757113736


epsilon: 3.295833333333334

m: 4.666666666666666

Residual: 0.38694835682227696


epsilon: 3.295833333333334

m: 4.833333333333333

Residual: 0.2834356696801892


epsilon: 3.295833333333334

m: 5.0

Residual: 0.17999637852762868


epsilon: 3.295833333333334

m: 5.166666666666666

Residual: 0.08526135405432453


epsilon: 3.295833333333334

m: 5.333333333333333

Residual: 0.027251041441422742


epsilon: 3.295833333333334

m: 5.5

Residual: 0.11130414807568488


epsilon: 3.295833333333334

m: 5.666666666666666

Residual: 0.19769400554382388


epsilon: 3.295833333333334

m: 5.833333333333333

Residual: 0.27285725938091826


epsilon: 3.295833333333334

m: 6.0

Residual: 0.34387124241894623


epsilon: 3.295833333333334

m: 6.166666666666666

Residual: 0.405965131766053


epsilon: 3.295833333333334

m: 6.333333333333333

Residual: 0.46056544771887886


epsilon: 3.295833333333334

m: 6.5

Residual: 0.5129457073462449


epsilon: 3.295833333333334

m: 6.666666666666666

Residual: 0.5564153593828773


epsilon: 3.295833333333334

m: 6.833333333333333

Residual: 0.5940687355269719


epsilon: 3.295833333333334

m: 7.0

Residual: 0.6291698931685573


epsilon: 3.541666666666667

m: 3.0

Residual: 0.9630816102517338


epsilon: 3.541666666666667

m: 3.1666666666666665

Residual: 0.9472376185978527


epsilon: 3.541666666666667

m: 3.3333333333333335

Residual: 0.9256470746514276


epsilon: 3.541666666666667

m: 3.5

Residual: 0.8968564733545467


epsilon: 3.541666666666667

m: 3.6666666666666665

Residual: 0.8593992738774303


epsilon: 3.541666666666667

m: 3.833333333333333

Residual: 0.8119253733162279


epsilon: 3.541666666666667

m: 4.0

Residual: 0.7534947114623873


epsilon: 3.541666666666667

m: 4.166666666666666

Residual: 0.6838636469397124


epsilon: 3.541666666666667

m: 4.333333333333333

Residual: 0.603481916555426


epsilon: 3.541666666666667

m: 4.5

Residual: 0.5138561955201679


epsilon: 3.541666666666667

m: 4.666666666666666

Residual: 0.4170632513932166


epsilon: 3.541666666666667

m: 4.833333333333333

Residual: 0.3166739134178942


epsilon: 3.541666666666667

m: 5.0

Residual: 0.2145255708537187


epsilon: 3.541666666666667

m: 5.166666666666666

Residual: 0.11295642396761855


epsilon: 3.541666666666667

m: 5.333333333333333

Residual: 0.0337710380289774


epsilon: 3.541666666666667

m: 5.5

Residual: 0.07580175560540044


epsilon: 3.541666666666667

m: 5.666666666666666

Residual: 0.16104934472591995


epsilon: 3.541666666666667

m: 5.833333333333333

Residual: 0.24055509662461122


epsilon: 3.541666666666667

m: 6.0

Residual: 0.3113200825038663


epsilon: 3.541666666666667

m: 6.166666666666666

Residual: 0.3766004863832211


epsilon: 3.541666666666667

m: 6.333333333333333

Residual: 0.43331269579337467


epsilon: 3.541666666666667

m: 6.5

Residual: 0.48622763463394897


epsilon: 3.541666666666667

m: 6.666666666666666

Residual: 0.5333465092877635


epsilon: 3.541666666666667

m: 6.833333333333333

Residual: 0.5737512574038632


epsilon: 3.541666666666667

m: 7.0

Residual: 0.6050378957553417


epsilon: 3.7875

m: 3.0

Residual: 0.9654373570086164


epsilon: 3.7875

m: 3.1666666666666665

Residual: 0.9505771120004097


epsilon: 3.7875

m: 3.3333333333333335

Residual: 0.9303087269283351


epsilon: 3.7875

m: 3.5

Residual: 0.9032298839419398


epsilon: 3.7875

m: 3.6666666666666665

Residual: 0.8679329408760903


epsilon: 3.7875

m: 3.833333333333333

Residual: 0.8230573713648537


epsilon: 3.7875

m: 4.0

Residual: 0.7676247455287215


epsilon: 3.7875

m: 4.166666666666666

Residual: 0.701297432540203


epsilon: 3.7875

m: 4.333333333333333

Residual: 0.6243820910030239


epsilon: 3.7875

m: 4.5

Residual: 0.5380549267305316


epsilon: 3.7875

m: 4.666666666666666

Residual: 0.44474596485546963


epsilon: 3.7875

m: 4.833333333333333

Residual: 0.3458974204239427


epsilon: 3.7875

m: 5.0

Residual: 0.2453754841710321


epsilon: 3.7875

m: 5.166666666666666

Residual: 0.14621622222176092


epsilon: 3.7875

m: 5.333333333333333

Residual: 0.053814230782009205


epsilon: 3.7875

m: 5.5

Residual: 0.04284729938379513


epsilon: 3.7875

m: 5.666666666666666

Residual: 0.12807166076911908


epsilon: 3.7875

m: 5.833333333333333

Residual: 0.20756254193603565


epsilon: 3.7875

m: 6.0

Residual: 0.28215940345770585


epsilon: 3.7875

m: 6.166666666666666

Residual: 0.34639822151698113


epsilon: 3.7875

m: 6.333333333333333

Residual: 0.40249680328984483


epsilon: 3.7875

m: 6.5

Residual: 0.4571428329909654


epsilon: 3.7875

m: 6.666666666666666

Residual: 0.5074163000453072


epsilon: 3.7875

m: 6.833333333333333

Residual: 0.5484888470348358


epsilon: 3.7875

m: 7.0

Residual: 0.5843606685742866


epsilon: 4.033333333333333

m: 3.0

Residual: 0.9675094437540592


epsilon: 4.033333333333333

m: 3.1666666666666665

Residual: 0.9535171502667015


epsilon: 4.033333333333333

m: 3.3333333333333335

Residual: 0.9344172869538994


epsilon: 4.033333333333333

m: 3.5

Residual: 0.9088571759923002


epsilon: 4.033333333333333

m: 3.6666666666666665

Residual: 0.8754792918194566


epsilon: 4.033333333333333

m: 3.833333333333333

Residual: 0.8329364496652416


epsilon: 4.033333333333333

m: 4.0

Residual: 0.7802571510063123


epsilon: 4.033333333333333

m: 4.166666666666666

Residual: 0.7168489483478149


epsilon: 4.033333333333333

m: 4.333333333333333

Residual: 0.6430326946276318


epsilon: 4.033333333333333

m: 4.5

Residual: 0.5601222409642562


epsilon: 4.033333333333333

m: 4.666666666666666

Residual: 0.46941908728836


epsilon: 4.033333333333333

m: 4.833333333333333

Residual: 0.3733542353290746


epsilon: 4.033333333333333

m: 5.0

Residual: 0.27500952380251426


epsilon: 4.033333333333333

m: 5.166666666666666

Residual: 0.17732929439999995


epsilon: 4.033333333333333

m: 5.333333333333333

Residual: 0.07890598197281813


epsilon: 4.033333333333333

m: 5.5

Residual: 0.037634205730470105


epsilon: 4.033333333333333

m: 5.666666666666666

Residual: 0.0999540294976209


epsilon: 4.033333333333333

m: 5.833333333333333

Residual: 0.17761939314457767


epsilon: 4.033333333333333

m: 6.0

Residual: 0.2508316879147652


epsilon: 4.033333333333333

m: 6.166666666666666

Residual: 0.31704868106429807


epsilon: 4.033333333333333

m: 6.333333333333333

Residual: 0.3809990146199022


epsilon: 4.033333333333333

m: 6.5

Residual: 0.4324864730243392


epsilon: 4.033333333333333

m: 6.666666666666666

Residual: 0.4809348785188337


epsilon: 4.033333333333333

m: 6.833333333333333

Residual: 0.5238916629527197


epsilon: 4.033333333333333

m: 7.0

Residual: 0.562863775155257


epsilon: 4.279166666666667

m: 3.0

Residual: 0.9693481627040478


epsilon: 4.279166666666667

m: 3.1666666666666665

Residual: 0.9561316179196344


epsilon: 4.279166666666667

m: 3.3333333333333335

Residual: 0.9380622293978951


epsilon: 4.279166666666667

m: 3.5

Residual: 0.9138768216774422


epsilon: 4.279166666666667

m: 3.6666666666666665

Residual: 0.8822147966402442


epsilon: 4.279166666666667

m: 3.833333333333333

Residual: 0.841798544186748


epsilon: 4.279166666666667

m: 4.0

Residual: 0.7915822235087442


epsilon: 4.279166666666667

m: 4.166666666666666

Residual: 0.7309511732928408


epsilon: 4.279166666666667

m: 4.333333333333333

Residual: 0.6602611354875662


epsilon: 4.279166666666667

m: 4.5

Residual: 0.5797822206759091


epsilon: 4.279166666666667

m: 4.666666666666666

Residual: 0.4918166559256062


epsilon: 4.279166666666667

m: 4.833333333333333

Residual: 0.39818078968591086


epsilon: 4.279166666666667

m: 5.0

Residual: 0.3028401593460751


epsilon: 4.279166666666667

m: 5.166666666666666

Residual: 0.20427455829295169


epsilon: 4.279166666666667

m: 5.333333333333333

Residual: 0.1104123011453624


epsilon: 4.279166666666667

m: 5.5

Residual: 0.046722819144476645


epsilon: 4.279166666666667

m: 5.666666666666666

Residual: 0.06903618944485744


epsilon: 4.279166666666667

m: 5.833333333333333

Residual: 0.1493781011938541


epsilon: 4.279166666666667

m: 6.0

Residual: 0.22271766795872244


epsilon: 4.279166666666667

m: 6.166666666666666

Residual: 0.2946493147819493


epsilon: 4.279166666666667

m: 6.333333333333333

Residual: 0.35332737487928034


epsilon: 4.279166666666667

m: 6.5

Residual: 0.40538276787645894


epsilon: 4.279166666666667

m: 6.666666666666666

Residual: 0.4589993654856449


epsilon: 4.279166666666667

m: 6.833333333333333

Residual: 0.5029505519883695


epsilon: 4.279166666666667

m: 7.0

Residual: 0.5450559609186051


epsilon: 4.525

m: 3.0

Residual: 0.9709896054458893


epsilon: 4.525

m: 3.1666666666666665

Residual: 0.9584651962099451


epsilon: 4.525

m: 3.3333333333333335

Residual: 0.9413295114281754


epsilon: 4.525

m: 3.5

Residual: 0.9183460210492712


epsilon: 4.525

m: 3.6666666666666665

Residual: 0.8882465861368927


epsilon: 4.525

m: 3.833333333333333

Residual: 0.8497098224592939


epsilon: 4.525

m: 4.0

Residual: 0.8017876948311137


epsilon: 4.525

m: 4.166666666666666

Residual: 0.7436456357210667


epsilon: 4.525

m: 4.333333333333333

Residual: 0.675681592630929


epsilon: 4.525

m: 4.5

Residual: 0.598273896622501


epsilon: 4.525

m: 4.666666666666666

Residual: 0.5129305459838265


epsilon: 4.525

m: 4.833333333333333

Residual: 0.42155296904103307


epsilon: 4.525

m: 5.0

Residual: 0.32729805167263804


epsilon: 4.525

m: 5.166666666666666

Residual: 0.23211901761874634


epsilon: 4.525

m: 5.333333333333333

Residual: 0.13642496875200721


epsilon: 4.525

m: 5.5

Residual: 0.061398076592097006


epsilon: 4.525

m: 5.666666666666666

Residual: 0.05515500221739967


epsilon: 4.525

m: 5.833333333333333

Residual: 0.11951448869889454


epsilon: 4.525

m: 6.0

Residual: 0.19689160587399399


epsilon: 4.525

m: 6.166666666666666

Residual: 0.2664406744812591


epsilon: 4.525

m: 6.333333333333333

Residual: 0.3303100675905888


epsilon: 4.525

m: 6.5

Residual: 0.38241386098757124


epsilon: 4.525

m: 6.666666666666666

Residual: 0.43739374094017724


epsilon: 4.525

m: 6.833333333333333

Residual: 0.4839156765606581


epsilon: 4.525

m: 7.0

Residual: 0.5170968597591062


epsilon: 4.770833333333333

m: 3.0

Residual: 0.9724633593623868


epsilon: 4.770833333333333

m: 3.1666666666666665

Residual: 0.9605622157916046


epsilon: 4.770833333333333

m: 3.3333333333333335

Residual: 0.9442726153450045


epsilon: 4.770833333333333

m: 3.5

Residual: 0.9224090459014375


epsilon: 4.770833333333333

m: 3.6666666666666665

Residual: 0.8937021540353232


epsilon: 4.770833333333333

m: 3.833333333333333

Residual: 0.8569166234085002


epsilon: 4.770833333333333

m: 4.0

Residual: 0.8110439313294212


epsilon: 4.770833333333333

m: 4.166666666666666

Residual: 0.7553125741890818


epsilon: 4.770833333333333

m: 4.333333333333333

Residual: 0.6896696203444754


epsilon: 4.770833333333333

m: 4.5

Residual: 0.6151903297506655


epsilon: 4.770833333333333

m: 4.666666666666666

Residual: 0.5320117460668226


epsilon: 4.770833333333333

m: 4.833333333333333

Residual: 0.4435717959298553


epsilon: 4.770833333333333

m: 5.0

Residual: 0.3500654325183327


epsilon: 4.770833333333333

m: 5.166666666666666

Residual: 0.25656643054630707


epsilon: 4.770833333333333

m: 5.333333333333333

Residual: 0.16325277774131342


epsilon: 4.770833333333333

m: 5.5

Residual: 0.08164166132462679


epsilon: 4.770833333333333

m: 5.666666666666666

Residual: 0.055683986380581224


epsilon: 4.770833333333333

m: 5.833333333333333

Residual: 0.09672886764835131


epsilon: 4.770833333333333

m: 6.0

Residual: 0.1702945382938525


epsilon: 4.770833333333333

m: 6.166666666666666

Residual: 0.23857157491546963


epsilon: 4.770833333333333

m: 6.333333333333333

Residual: 0.3042553166936708


epsilon: 4.770833333333333

m: 6.5

Residual: 0.36221284881075083


epsilon: 4.770833333333333

m: 6.666666666666666

Residual: 0.4141429381175404


epsilon: 4.770833333333333

m: 6.833333333333333

Residual: 0.4625221475146504


epsilon: 4.770833333333333

m: 7.0

Residual: 0.5035093223858321


epsilon: 5.016666666666667

m: 3.0

Residual: 0.9737937978512361


epsilon: 5.016666666666667

m: 3.1666666666666665

Residual: 0.962458590854079


epsilon: 5.016666666666667

m: 3.3333333333333335

Residual: 0.9469295518464868


epsilon: 5.016666666666667

m: 3.5

Residual: 0.926070768007619


epsilon: 5.016666666666667

m: 3.6666666666666665

Residual: 0.8986421243514795


epsilon: 5.016666666666667

m: 3.833333333333333

Residual: 0.8634418942086055


epsilon: 5.016666666666667

m: 4.0

Residual: 0.8194707179455748


epsilon: 5.016666666666667

m: 4.166666666666666

Residual: 0.7659268391435706


epsilon: 5.016666666666667

m: 4.333333333333333

Residual: 0.7027801041596653


epsilon: 5.016666666666667

m: 4.5

Residual: 0.6304730000990574


epsilon: 5.016666666666667

m: 4.666666666666666

Residual: 0.5502144113114721


epsilon: 5.016666666666667

m: 4.833333333333333

Residual: 0.46337673638830557


epsilon: 5.016666666666667

m: 5.0

Residual: 0.3718392982932228


epsilon: 5.016666666666667

m: 5.166666666666666

Residual: 0.2806121867388414


epsilon: 5.016666666666667

m: 5.333333333333333

Residual: 0.1883305014193081


epsilon: 5.016666666666667

m: 5.5

Residual: 0.1027318460337461


epsilon: 5.016666666666667

m: 5.666666666666666

Residual: 0.06330461539067236


epsilon: 5.016666666666667

m: 5.833333333333333

Residual: 0.07905175486430671


epsilon: 5.016666666666667

m: 6.0

Residual: 0.1454241007292454


epsilon: 5.016666666666667

m: 6.166666666666666

Residual: 0.215663558941737


epsilon: 5.016666666666667

m: 6.333333333333333

Residual: 0.2816171654518339


epsilon: 5.016666666666667

m: 6.5

Residual: 0.33689833666278335


epsilon: 5.016666666666667

m: 6.666666666666666

Residual: 0.3981252917108557


epsilon: 5.016666666666667

m: 6.833333333333333

Residual: 0.4456885656316411


epsilon: 5.016666666666667

m: 7.0

Residual: 0.48464654799213946


epsilon: 5.2625

m: 3.0

Residual: 0.975003235631653


epsilon: 5.2625

m: 3.1666666666666665

Residual: 0.9641803994962749


epsilon: 5.2625

m: 3.3333333333333335

Residual: 0.9493447767175602


epsilon: 5.2625

m: 3.5

Residual: 0.9293928975687052


epsilon: 5.2625

m: 3.6666666666666665

Residual: 0.9031493951004953


epsilon: 5.2625

m: 3.833333333333333

Residual: 0.8694065038280465


epsilon: 5.2625

m: 4.0

Residual: 0.8271071021842191


epsilon: 5.2625

m: 4.166666666666666

Residual: 0.7756608654482965


epsilon: 5.2625

m: 4.333333333333333

Residual: 0.7146453078373074


epsilon: 5.2625

m: 4.5

Residual: 0.6446646493515886


epsilon: 5.2625

m: 4.666666666666666

Residual: 0.5664323962772896


epsilon: 5.2625

m: 4.833333333333333

Residual: 0.48199428007177103


epsilon: 5.2625

m: 5.0

Residual: 0.3927075620011573


epsilon: 5.2625

m: 5.166666666666666

Residual: 0.3019778227842367


epsilon: 5.2625

m: 5.333333333333333

Residual: 0.21037980576782242


epsilon: 5.2625

m: 5.5

Residual: 0.12217683075934219


epsilon: 5.2625

m: 5.666666666666666

Residual: 0.07652573796349524


epsilon: 5.2625

m: 5.833333333333333

Residual: 0.07153717492380078


epsilon: 5.2625

m: 6.0

Residual: 0.12144165016566973


epsilon: 5.2625

m: 6.166666666666666

Residual: 0.19369575148906149


epsilon: 5.2625

m: 6.333333333333333

Residual: 0.25709913313115024


epsilon: 5.2625

m: 6.5

Residual: 0.3188279758819011


epsilon: 5.2625

m: 6.666666666666666

Residual: 0.3748379257358815


epsilon: 5.2625

m: 6.833333333333333

Residual: 0.42508840431298683


epsilon: 5.2625

m: 7.0

Residual: 0.46879388179056597


epsilon: 5.508333333333333

m: 3.0

Residual: 0.9761057313967239


epsilon: 5.508333333333333

m: 3.1666666666666665

Residual: 0.9657531611036511


epsilon: 5.508333333333333

m: 3.3333333333333335

Residual: 0.9515541958498174


epsilon: 5.508333333333333

m: 3.5

Residual: 0.9324388349333207


epsilon: 5.508333333333333

m: 3.6666666666666665

Residual: 0.9072745976734894


epsilon: 5.508333333333333

m: 3.833333333333333

Residual: 0.8748760908146127


epsilon: 5.508333333333333

m: 4.0

Residual: 0.8342135868302637


epsilon: 5.508333333333333

m: 4.166666666666666

Residual: 0.7845957101701824


epsilon: 5.508333333333333

m: 4.333333333333333

Residual: 0.7256801412217257


epsilon: 5.508333333333333

m: 4.5

Residual: 0.6578049635495896


epsilon: 5.508333333333333

m: 4.666666666666666

Residual: 0.5816316054176972


epsilon: 5.508333333333333

m: 4.833333333333333

Residual: 0.49958408558163


epsilon: 5.508333333333333

m: 5.0

Residual: 0.4117752657793773


epsilon: 5.508333333333333

m: 5.166666666666666

Residual: 0.3226138679100114


epsilon: 5.508333333333333

m: 5.333333333333333

Residual: 0.23211942939728955


epsilon: 5.508333333333333

m: 5.5

Residual: 0.14415237645933074


epsilon: 5.508333333333333

m: 5.666666666666666

Residual: 0.09101818680901907


epsilon: 5.508333333333333

m: 5.833333333333333

Residual: 0.07658626762489114


epsilon: 5.508333333333333

m: 6.0

Residual: 0.10427015213554018


epsilon: 5.508333333333333

m: 6.166666666666666

Residual: 0.17184751611468696


epsilon: 5.508333333333333

m: 6.333333333333333

Residual: 0.23660194495779852


epsilon: 5.508333333333333

m: 6.5

Residual: 0.2981612184312272


epsilon: 5.508333333333333

m: 6.666666666666666

Residual: 0.3499059540867762


epsilon: 5.508333333333333

m: 6.833333333333333

Residual: 0.4064938080338474


epsilon: 5.508333333333333

m: 7.0

Residual: 0.44886762695738996


epsilon: 5.754166666666666

m: 3.0

Residual: 0.9771155571561815


epsilon: 5.754166666666666

m: 3.1666666666666665

Residual: 0.9671918853672055


epsilon: 5.754166666666666

m: 3.3333333333333335

Residual: 0.9535701277416215


epsilon: 5.754166666666666

m: 3.5

Residual: 0.9352408300948877


epsilon: 5.754166666666666

m: 3.6666666666666665

Residual: 0.911052793862857


epsilon: 5.754166666666666

m: 3.833333333333333

Residual: 0.8799074298031788


epsilon: 5.754166666666666

m: 4.0

Residual: 0.840735158828888


epsilon: 5.754166666666666

m: 4.166666666666666

Residual: 0.7928050617290149


epsilon: 5.754166666666666

m: 4.333333333333333

Residual: 0.7357574628652963


epsilon: 5.754166666666666

m: 4.5

Residual: 0.6699222244981166


epsilon: 5.754166666666666

m: 4.666666666666666

Residual: 0.5957718811506499


epsilon: 5.754166666666666

m: 4.833333333333333

Residual: 0.515663219164676


epsilon: 5.754166666666666

m: 5.0

Residual: 0.4302407356471767


epsilon: 5.754166666666666

m: 5.166666666666666

Residual: 0.34231380098324987


epsilon: 5.754166666666666

m: 5.333333333333333

Residual: 0.2517526800302753


epsilon: 5.754166666666666

m: 5.5

Residual: 0.16481718753377797


epsilon: 5.754166666666666

m: 5.666666666666666

Residual: 0.10455047313984933


epsilon: 5.754166666666666

m: 5.833333333333333

Residual: 0.080551339842893


epsilon: 5.754166666666666

m: 6.0

Residual: 0.09758545188121531


epsilon: 5.754166666666666

m: 6.166666666666666

Residual: 0.1504407556088873


epsilon: 5.754166666666666

m: 6.333333333333333

Residual: 0.21627182087627553


epsilon: 5.754166666666666

m: 6.5

Residual: 0.2766119035081548


epsilon: 5.754166666666666

m: 6.666666666666666

Residual: 0.3380461013283607


epsilon: 5.754166666666666

m: 6.833333333333333

Residual: 0.3871453903840972


epsilon: 5.754166666666666

m: 7.0

Residual: 0.43153841615764155


epsilon: 6.0

m: 3.0

Residual: 0.9780424181805033


epsilon: 6.0

m: 3.1666666666666665

Residual: 0.9685147303973705


epsilon: 6.0

m: 3.3333333333333335

Residual: 0.955433519523849


epsilon: 6.0

m: 3.5

Residual: 0.9378095999920819


epsilon: 6.0

m: 3.6666666666666665

Residual: 0.9145323798546193


epsilon: 6.0

m: 3.833333333333333

Residual: 0.8845410412744862


epsilon: 6.0

m: 4.0

Residual: 0.8467756285088288


epsilon: 6.0

m: 4.166666666666666

Residual: 0.8004628933778339


epsilon: 6.0

m: 4.333333333333333

Residual: 0.7452386090738032


epsilon: 6.0

m: 4.5

Residual: 0.6813351750913915


epsilon: 6.0

m: 4.666666666666666

Residual: 0.6089009507532314


epsilon: 6.0

m: 4.833333333333333

Residual: 0.5308188514252498


epsilon: 6.0

m: 5.0

Residual: 0.44688346674003865


epsilon: 6.0

m: 5.166666666666666

Residual: 0.36059467782097054


epsilon: 6.0

m: 5.333333333333333

Residual: 0.2714187813893491


epsilon: 6.0

m: 5.5

Residual: 0.1839273977853644


epsilon: 6.0

m: 5.666666666666666

Residual: 0.12047480255281078


epsilon: 6.0

m: 5.833333333333333

Residual: 0.09354833076720277


epsilon: 6.0

m: 6.0

Residual: 0.09532895213631214


epsilon: 6.0

m: 6.166666666666666

Residual: 0.13174947166921708


epsilon: 6.0

m: 6.333333333333333

Residual: 0.1986930530394722


epsilon: 6.0

m: 6.5

Residual: 0.260900791898628


epsilon: 6.0

m: 6.666666666666666

Residual: 0.31646313295212647


epsilon: 6.0

m: 6.833333333333333

Residual: 0.3685451531755721


epsilon: 6.0

m: 7.0

Residual: 0.41558323566527183


