epsilon: 0.1

m: 3.0

Residual: 0.5527946902080394


epsilon: 0.1

m: 3.0

Residual: 0.5527748681838943


epsilon: 0.1

m: 3.1666666666666665

Residual: 0.42252844786011234


epsilon: 0.1

m: 3.3333333333333335

Residual: 0.32493892751971604


epsilon: 0.1

m: 3.5

Residual: 0.2846506248604161


epsilon: 0.1

m: 3.6666666666666665

Residual: 0.31651460497612033


epsilon: 0.1

m: 3.833333333333333

Residual: 0.4112530486527946


epsilon: 0.1

m: 4.0

Residual: 0.5369965763131278


epsilon: 0.1

m: 4.166666666666666

Residual: 0.6459861809416251


epsilon: 0.1

m: 4.333333333333333

Residual: 0.7289681920802886


epsilon: 0.1

m: 4.5

Residual: 0.7911711478196792


epsilon: 0.1

m: 4.666666666666666

Residual: 0.8373759698381268


epsilon: 0.1

m: 4.833333333333333

Residual: 0.8717417349813036


epsilon: 0.1

m: 5.0

Residual: 0.8975584990434096


epsilon: 0.1

m: 5.166666666666666

Residual: 0.9169203841002732


epsilon: 0.1

m: 5.333333333333333

Residual: 0.931763672438101


epsilon: 0.1

m: 5.5

Residual: 0.9431991398090489


epsilon: 0.1

m: 5.666666666666666

Residual: 0.9522964345206208


epsilon: 0.1

m: 5.833333333333333

Residual: 0.9593349357601675


epsilon: 0.1

m: 6.0

Residual: 0.964775447001382


epsilon: 0.1

m: 6.166666666666666

Residual: 0.9696665031122195


epsilon: 0.1

m: 6.333333333333333

Residual: 0.9732928830242736


epsilon: 0.1

m: 6.5

Residual: 0.9766916153764325


epsilon: 0.1

m: 6.666666666666666

Residual: 0.9791846955697173


epsilon: 0.1

m: 6.833333333333333

Residual: 0.981310483471983


epsilon: 0.1

m: 7.0

Residual: 0.9832257471249131


epsilon: 0.3458333333333333

m: 3.0

Residual: 0.842994237547167


epsilon: 0.3458333333333333

m: 3.1666666666666665

Residual: 0.7650963072793489


epsilon: 0.3458333333333333

m: 3.3333333333333335

Residual: 0.6601151381141674


epsilon: 0.3458333333333333

m: 3.5

Residual: 0.5269430541268961


epsilon: 0.3458333333333333

m: 3.6666666666666665

Residual: 0.3762875544680606


epsilon: 0.3458333333333333

m: 3.833333333333333

Residual: 0.24414600580110302


epsilon: 0.3458333333333333

m: 4.0

Residual: 0.1715844794475012


epsilon: 0.3458333333333333

m: 4.166666666666666

Residual: 0.19100185361086597


epsilon: 0.3458333333333333

m: 4.333333333333333

Residual: 0.2974537199740664


epsilon: 0.3458333333333333

m: 4.5

Residual: 0.4252771781796837


epsilon: 0.3458333333333333

m: 4.666666666666666

Residual: 0.5313557080856804


epsilon: 0.3458333333333333

m: 4.833333333333333

Residual: 0.6170922184301685


epsilon: 0.3458333333333333

m: 5.0

Residual: 0.6852875303770477


epsilon: 0.3458333333333333

m: 5.166666666666666

Residual: 0.7396163635022671


epsilon: 0.3458333333333333

m: 5.333333333333333

Residual: 0.7823776106315716


epsilon: 0.3458333333333333

m: 5.5

Residual: 0.8165389197386732


epsilon: 0.3458333333333333

m: 5.666666666666666

Residual: 0.8446217560580225


epsilon: 0.3458333333333333

m: 5.833333333333333

Residual: 0.8661164932107558


epsilon: 0.3458333333333333

m: 6.0

Residual: 0.883883108700169


epsilon: 0.3458333333333333

m: 6.166666666666666

Residual: 0.8989425960310499


epsilon: 0.3458333333333333

m: 6.333333333333333

Residual: 0.9108970935545718


epsilon: 0.3458333333333333

m: 6.5

Residual: 0.9210307177357734


epsilon: 0.3458333333333333

m: 6.666666666666666

Residual: 0.9296484139433479


epsilon: 0.3458333333333333

m: 6.833333333333333

Residual: 0.936951469800578


epsilon: 0.3458333333333333

m: 7.0

Residual: 0.9435541171690162


epsilon: 0.5916666666666667

m: 3.0

Residual: 0.9051369641928301


epsilon: 0.5916666666666667

m: 3.1666666666666665

Residual: 0.8556523405502516


epsilon: 0.5916666666666667

m: 3.3333333333333335

Residual: 0.78624549533979


epsilon: 0.5916666666666667

m: 3.5

Residual: 0.6933698739732699


epsilon: 0.5916666666666667

m: 3.6666666666666665

Residual: 0.5759393009551059


epsilon: 0.5916666666666667

m: 3.833333333333333

Residual: 0.4363261343479068


epsilon: 0.5916666666666667

m: 4.0

Residual: 0.2824478168194387


epsilon: 0.5916666666666667

m: 4.166666666666666

Residual: 0.15025198944758206


epsilon: 0.5916666666666667

m: 4.333333333333333

Residual: 0.10189791833631741


epsilon: 0.5916666666666667

m: 4.5

Residual: 0.1843971373610156


epsilon: 0.5916666666666667

m: 4.666666666666666

Residual: 0.3120017738798959


epsilon: 0.5916666666666667

m: 4.833333333333333

Residual: 0.4232389357516322


epsilon: 0.5916666666666667

m: 5.0

Residual: 0.5153606450343752


epsilon: 0.5916666666666667

m: 5.166666666666666

Residual: 0.592115731244311


epsilon: 0.5916666666666667

m: 5.333333333333333

Residual: 0.6541298768997732


epsilon: 0.5916666666666667

m: 5.5

Residual: 0.7054889039670873


epsilon: 0.5916666666666667

m: 5.666666666666666

Residual: 0.7469048493271325


epsilon: 0.5916666666666667

m: 5.833333333333333

Residual: 0.7819564108462937


epsilon: 0.5916666666666667

m: 6.0

Residual: 0.8089120335165773


epsilon: 0.5916666666666667

m: 6.166666666666666

Residual: 0.834336039284435


epsilon: 0.5916666666666667

m: 6.333333333333333

Residual: 0.8518700726281802


epsilon: 0.5916666666666667

m: 6.5

Residual: 0.8696800240048393


epsilon: 0.5916666666666667

m: 6.666666666666666

Residual: 0.8834122697472867


epsilon: 0.5916666666666667

m: 6.833333333333333

Residual: 0.8946817003067339


epsilon: 0.5916666666666667

m: 7.0

Residual: 0.9047918363983377


epsilon: 0.8375

m: 3.0

Residual: 0.9320324056885514


epsilon: 0.8375

m: 3.1666666666666665

Residual: 0.895818019789031


epsilon: 0.8375

m: 3.3333333333333335

Residual: 0.8440980557292379


epsilon: 0.8375

m: 3.5

Residual: 0.7731658495207102


epsilon: 0.8375

m: 3.6666666666666665

Residual: 0.6805007526184502


epsilon: 0.8375

m: 3.833333333333333

Residual: 0.5658685178020479


epsilon: 0.8375

m: 4.0

Residual: 0.4322767721176743


epsilon: 0.8375

m: 4.166666666666666

Residual: 0.2860522730049743


epsilon: 0.8375

m: 4.333333333333333

Residual: 0.1388981930018485


epsilon: 0.8375

m: 4.5

Residual: 0.053307777161728444


epsilon: 0.8375

m: 4.666666666666666

Residual: 0.14853784232246509


epsilon: 0.8375

m: 4.833333333333333

Residual: 0.2707513257623407


epsilon: 0.8375

m: 5.0

Residual: 0.3769501188620623


epsilon: 0.8375

m: 5.166666666666666

Residual: 0.46710459731335313


epsilon: 0.8375

m: 5.333333333333333

Residual: 0.5434429227875011


epsilon: 0.8375

m: 5.5

Residual: 0.6069488859281551


epsilon: 0.8375

m: 5.666666666666666

Residual: 0.6593034836768057


epsilon: 0.8375

m: 5.833333333333333

Residual: 0.7049359784805493


epsilon: 0.8375

m: 6.0

Residual: 0.74022999972061


epsilon: 0.8375

m: 6.166666666666666

Residual: 0.7720798500322953


epsilon: 0.8375

m: 6.333333333333333

Residual: 0.7968306478085507


epsilon: 0.8375

m: 6.5

Residual: 0.8191317959082492


epsilon: 0.8375

m: 6.666666666666666

Residual: 0.83832450414001


epsilon: 0.8375

m: 6.833333333333333

Residual: 0.8541318076467331


epsilon: 0.8375

m: 7.0

Residual: 0.8683782280777008


epsilon: 1.0833333333333335

m: 3.0

Residual: 0.947050254454668


epsilon: 1.0833333333333335

m: 3.1666666666666665

Residual: 0.9184902806624087


epsilon: 1.0833333333333335

m: 3.3333333333333335

Residual: 0.877305544811001


epsilon: 1.0833333333333335

m: 3.5

Residual: 0.8200221972849685


epsilon: 1.0833333333333335

m: 3.6666666666666665

Residual: 0.7437187875848842


epsilon: 1.0833333333333335

m: 3.833333333333333

Residual: 0.6469619675270868


epsilon: 1.0833333333333335

m: 4.0

Residual: 0.5309071005181779


epsilon: 1.0833333333333335

m: 4.166666666666666

Residual: 0.3991944734473098


epsilon: 1.0833333333333335

m: 4.333333333333333

Residual: 0.25881552832307275


epsilon: 1.0833333333333335

m: 4.5

Residual: 0.11599891147761777


epsilon: 1.0833333333333335

m: 4.666666666666666

Residual: 0.026376728443575793


epsilon: 1.0833333333333335

m: 4.833333333333333

Residual: 0.1478995046190255


epsilon: 1.0833333333333335

m: 5.0

Residual: 0.2616987804381309


epsilon: 1.0833333333333335

m: 5.166666666666666

Residual: 0.35992826334828354


epsilon: 1.0833333333333335

m: 5.333333333333333

Residual: 0.4469214430467102


epsilon: 1.0833333333333335

m: 5.5

Residual: 0.5210018274057268


epsilon: 1.0833333333333335

m: 5.666666666666666

Residual: 0.5807974722492223


epsilon: 1.0833333333333335

m: 5.833333333333333

Residual: 0.6332955063109418


epsilon: 1.0833333333333335

m: 6.0

Residual: 0.6763662045036429


epsilon: 1.0833333333333335

m: 6.166666666666666

Residual: 0.7139615713642957


epsilon: 1.0833333333333335

m: 6.333333333333333

Residual: 0.7457332142378236


epsilon: 1.0833333333333335

m: 6.5

Residual: 0.7714154916120738


epsilon: 1.0833333333333335

m: 6.666666666666666

Residual: 0.795285964023653


epsilon: 1.0833333333333335

m: 6.833333333333333

Residual: 0.8149168030699199


epsilon: 1.0833333333333335

m: 7.0

Residual: 0.8338041640576622


epsilon: 1.3291666666666668

m: 3.0

Residual: 0.9566300228286112


epsilon: 1.3291666666666668

m: 3.1666666666666665

Residual: 0.9330644818532102


epsilon: 1.3291666666666668

m: 3.3333333333333335

Residual: 0.898852093888698


epsilon: 1.3291666666666668

m: 3.5

Residual: 0.8508333571293543


epsilon: 1.3291666666666668

m: 3.6666666666666665

Residual: 0.7860370354263435


epsilon: 1.3291666666666668

m: 3.833333333333333

Residual: 0.7025363256026919


epsilon: 1.3291666666666668

m: 4.0

Residual: 0.6002753077973053


epsilon: 1.3291666666666668

m: 4.166666666666666

Residual: 0.4816751652864088


epsilon: 1.3291666666666668

m: 4.333333333333333

Residual: 0.3512194594671435


epsilon: 1.3291666666666668

m: 4.5

Residual: 0.21577452765775249


epsilon: 1.3291666666666668

m: 4.666666666666666

Residual: 0.08071297132435423


epsilon: 1.3291666666666668

m: 4.833333333333333

Residual: 0.04731962114157901


epsilon: 1.3291666666666668

m: 5.0

Residual: 0.16374163380038032


epsilon: 1.3291666666666668

m: 5.166666666666666

Residual: 0.2695105716311587


epsilon: 1.3291666666666668

m: 5.333333333333333

Residual: 0.3616873323315115


epsilon: 1.3291666666666668

m: 5.5

Residual: 0.4415450732110973


epsilon: 1.3291666666666668

m: 5.666666666666666

Residual: 0.5105513340073087


epsilon: 1.3291666666666668

m: 5.833333333333333

Residual: 0.5681031303416175


epsilon: 1.3291666666666668

m: 6.0

Residual: 0.6197146876556192


epsilon: 1.3291666666666668

m: 6.166666666666666

Residual: 0.6594748359372138


epsilon: 1.3291666666666668

m: 6.333333333333333

Residual: 0.6967565288733503


epsilon: 1.3291666666666668

m: 6.5

Residual: 0.7289129080193746


epsilon: 1.3291666666666668

m: 6.666666666666666

Residual: 0.7535438440785033


epsilon: 1.3291666666666668

m: 6.833333333333333

Residual: 0.778358406848168


epsilon: 1.3291666666666668

m: 7.0

Residual: 0.8002250219194579


epsilon: 1.5750000000000002

m: 3.0

Residual: 0.9632752472944761


epsilon: 1.5750000000000002

m: 3.1666666666666665

Residual: 0.9432169722489471


epsilon: 1.5750000000000002

m: 3.3333333333333335

Residual: 0.9139581951067444


epsilon: 1.5750000000000002

m: 3.5

Residual: 0.8726182341188401


epsilon: 1.5750000000000002

m: 3.6666666666666665

Residual: 0.8163681533980899


epsilon: 1.5750000000000002

m: 3.833333333333333

Residual: 0.7430361761597265


epsilon: 1.5750000000000002

m: 4.0

Residual: 0.6518948944444448


epsilon: 1.5750000000000002

m: 4.166666666666666

Residual: 0.5440168809230417


epsilon: 1.5750000000000002

m: 4.333333333333333

Residual: 0.4233287891395063


epsilon: 1.5750000000000002

m: 4.5

Residual: 0.295339932111039


epsilon: 1.5750000000000002

m: 4.666666666666666

Residual: 0.16457400279395537


epsilon: 1.5750000000000002

m: 4.833333333333333

Residual: 0.0454738865378906


epsilon: 1.5750000000000002

m: 5.0

Residual: 0.08598119001756735


epsilon: 1.5750000000000002

m: 5.166666666666666

Residual: 0.1894071286708392


epsilon: 1.5750000000000002

m: 5.333333333333333

Residual: 0.28505668286875213


epsilon: 1.5750000000000002

m: 5.5

Residual: 0.36975369757319576


epsilon: 1.5750000000000002

m: 5.666666666666666

Residual: 0.4436572242233708


epsilon: 1.5750000000000002

m: 5.833333333333333

Residual: 0.5084218125470606


epsilon: 1.5750000000000002

m: 6.0

Residual: 0.5635006202710791


epsilon: 1.5750000000000002

m: 6.166666666666666

Residual: 0.6097840873061219


epsilon: 1.5750000000000002

m: 6.333333333333333

Residual: 0.6486319899660962


epsilon: 1.5750000000000002

m: 6.5

Residual: 0.6845243629258816


epsilon: 1.5750000000000002

m: 6.666666666666666

Residual: 0.7158377895523607


epsilon: 1.5750000000000002

m: 6.833333333333333

Residual: 0.7418095991392678


epsilon: 1.5750000000000002

m: 7.0

Residual: 0.7663297425274788


epsilon: 1.8208333333333335

m: 3.0

Residual: 0.968154718724713


epsilon: 1.8208333333333335

m: 3.1666666666666665

Residual: 0.9506937233578733


epsilon: 1.8208333333333335

m: 3.3333333333333335

Residual: 0.925137506975841


epsilon: 1.8208333333333335

m: 3.5

Residual: 0.8888669854093725


epsilon: 1.8208333333333335

m: 3.6666666666666665

Residual: 0.8391817985920832


epsilon: 1.8208333333333335

m: 3.833333333333333

Residual: 0.7738064539725038


epsilon: 1.8208333333333335

m: 4.0

Residual: 0.6915869029360107


epsilon: 1.8208333333333335

m: 4.166666666666666

Residual: 0.5932428417883228


epsilon: 1.8208333333333335

m: 4.333333333333333

Residual: 0.4809611124329604


epsilon: 1.8208333333333335

m: 4.5

Residual: 0.35950796646745425


epsilon: 1.8208333333333335

m: 4.666666666666666

Residual: 0.23419148176039492


epsilon: 1.8208333333333335

m: 4.833333333333333

Residual: 0.11022921637696385


epsilon: 1.8208333333333335

m: 5.0

Residual: 0.07250143708475


epsilon: 1.8208333333333335

m: 5.166666666666666

Residual: 0.12749375967851767


epsilon: 1.8208333333333335

m: 5.333333333333333

Residual: 0.21840789588257237


epsilon: 1.8208333333333335

m: 5.5

Residual: 0.305510615593302


epsilon: 1.8208333333333335

m: 5.666666666666666

Residual: 0.38432561590188086


epsilon: 1.8208333333333335

m: 5.833333333333333

Residual: 0.45218644871764135


epsilon: 1.8208333333333335

m: 6.0

Residual: 0.5096504269875787


epsilon: 1.8208333333333335

m: 6.166666666666666

Residual: 0.5609644200576637


epsilon: 1.8208333333333335

m: 6.333333333333333

Residual: 0.6074443235715937


epsilon: 1.8208333333333335

m: 6.5

Residual: 0.6460659001004536


epsilon: 1.8208333333333335

m: 6.666666666666666

Residual: 0.678228650665084


epsilon: 1.8208333333333335

m: 6.833333333333333

Residual: 0.7057076258074895


epsilon: 1.8208333333333335

m: 7.0

Residual: 0.7334486347665509


epsilon: 2.066666666666667

m: 3.0

Residual: 0.9718896184087978


epsilon: 2.066666666666667

m: 3.1666666666666665

Residual: 0.9564298655671748


epsilon: 2.066666666666667

m: 3.3333333333333335

Residual: 0.9337491660082167


epsilon: 2.066666666666667

m: 3.5

Residual: 0.9014271251420345


epsilon: 2.066666666666667

m: 3.6666666666666665

Residual: 0.8569328053607955


epsilon: 2.066666666666667

m: 3.833333333333333

Residual: 0.7979977245360148


epsilon: 2.066666666666667

m: 4.0

Residual: 0.7232226851246879


epsilon: 2.066666666666667

m: 4.166666666666666

Residual: 0.6326616420029646


epsilon: 2.066666666666667

m: 4.333333333333333

Residual: 0.5282614044090982


epsilon: 2.066666666666667

m: 4.5

Residual: 0.41362705793227655


epsilon: 2.066666666666667

m: 4.666666666666666

Residual: 0.2932949355022935


epsilon: 2.066666666666667

m: 4.833333333333333

Residual: 0.17155936942933317


epsilon: 2.066666666666667

m: 5.0

Residual: 0.0891592525936796


epsilon: 2.066666666666667

m: 5.166666666666666

Residual: 0.11040178089848801


epsilon: 2.066666666666667

m: 5.333333333333333

Residual: 0.1683456842039071


epsilon: 2.066666666666667

m: 5.5

Residual: 0.24779776513047258


epsilon: 2.066666666666667

m: 5.666666666666666

Residual: 0.32773056522610794


epsilon: 2.066666666666667

m: 5.833333333333333

Residual: 0.4000580963827983


epsilon: 2.066666666666667

m: 6.0

Residual: 0.46124240861126


epsilon: 2.066666666666667

m: 6.166666666666666

Residual: 0.5179523393658523


epsilon: 2.066666666666667

m: 6.333333333333333

Residual: 0.5634337599541556


epsilon: 2.066666666666667

m: 6.5

Residual: 0.6041789727154503


epsilon: 2.066666666666667

m: 6.666666666666666

Residual: 0.6431854514226337


epsilon: 2.066666666666667

m: 6.833333333333333

Residual: 0.6746874408322382


epsilon: 2.066666666666667

m: 7.0

Residual: 0.702975555376786


epsilon: 2.3125000000000004

m: 3.0

Residual: 0.974840264025798


epsilon: 2.3125000000000004

m: 3.1666666666666665

Residual: 0.9609728983964088


epsilon: 2.3125000000000004

m: 3.3333333333333335

Residual: 0.9405796715885434


epsilon: 2.3125000000000004

m: 3.5

Residual: 0.911451000950881


epsilon: 2.3125000000000004

m: 3.6666666666666665

Residual: 0.8711599786370267


epsilon: 2.3125000000000004

m: 3.833333333333333

Residual: 0.8175056345132855


epsilon: 2.3125000000000004

m: 4.0

Residual: 0.7490105980082354


epsilon: 2.3125000000000004

m: 4.166666666666666

Residual: 0.6651944817647008


epsilon: 2.3125000000000004

m: 4.333333333333333

Residual: 0.5675653575318593


epsilon: 2.3125000000000004

m: 4.5

Residual: 0.4591243276686451


epsilon: 2.3125000000000004

m: 4.666666666666666

Residual: 0.34348570241322746


epsilon: 2.3125000000000004

m: 4.833333333333333

Residual: 0.22643966147001662


epsilon: 2.3125000000000004

m: 5.0

Residual: 0.12020142580315689


epsilon: 2.3125000000000004

m: 5.166666666666666

Residual: 0.11171463936643229


epsilon: 2.3125000000000004

m: 5.333333333333333

Residual: 0.14994491602468782


epsilon: 2.3125000000000004

m: 5.5

Residual: 0.2071886557471321


epsilon: 2.3125000000000004

m: 5.666666666666666

Residual: 0.27766091173343344


epsilon: 2.3125000000000004

m: 5.833333333333333

Residual: 0.35149135867916803


epsilon: 2.3125000000000004

m: 6.0

Residual: 0.41906735276474844


epsilon: 2.3125000000000004

m: 6.166666666666666

Residual: 0.4749343682024664


epsilon: 2.3125000000000004

m: 6.333333333333333

Residual: 0.5251378205045542


epsilon: 2.3125000000000004

m: 6.5

Residual: 0.5684690587228539


epsilon: 2.3125000000000004

m: 6.666666666666666

Residual: 0.6068166311367612


epsilon: 2.3125000000000004

m: 6.833333333333333

Residual: 0.6422448491572215


epsilon: 2.3125000000000004

m: 7.0

Residual: 0.6731025517187952


epsilon: 2.5583333333333336

m: 3.0

Residual: 0.9772295814184558


epsilon: 2.5583333333333336

m: 3.1666666666666665

Residual: 0.9646549869661807


epsilon: 2.5583333333333336

m: 3.3333333333333335

Residual: 0.9461370139653028


epsilon: 2.5583333333333336

m: 3.5

Residual: 0.9196121622532388


epsilon: 2.5583333333333336

m: 3.6666666666666665

Residual: 0.8828135989775006


epsilon: 2.5583333333333336

m: 3.833333333333333

Residual: 0.8335533614388115


epsilon: 2.5583333333333336

m: 4.0

Residual: 0.7702470039767362


epsilon: 2.5583333333333336

m: 4.166666666666666

Residual: 0.6924141276874597


epsilon: 2.5583333333333336

m: 4.333333333333333

Residual: 0.6007472236398095


epsilon: 2.5583333333333336

m: 4.5

Residual: 0.4979730967239957


epsilon: 2.5583333333333336

m: 4.666666666666666

Residual: 0.3869825532322031


epsilon: 2.5583333333333336

m: 4.833333333333333

Residual: 0.27334909326740664


epsilon: 2.5583333333333336

m: 5.0

Residual: 0.16008214652345898


epsilon: 2.5583333333333336

m: 5.166666666666666

Residual: 0.12471529265374572


epsilon: 2.5583333333333336

m: 5.333333333333333

Residual: 0.14344573132230373


epsilon: 2.5583333333333336

m: 5.5

Residual: 0.18798384187354703


epsilon: 2.5583333333333336

m: 5.666666666666666

Residual: 0.24431885143709933


epsilon: 2.5583333333333336

m: 5.833333333333333

Residual: 0.30580364017993117


epsilon: 2.5583333333333336

m: 6.0

Residual: 0.3734041678978451


epsilon: 2.5583333333333336

m: 6.166666666666666

Residual: 0.4346514882203116


epsilon: 2.5583333333333336

m: 6.333333333333333

Residual: 0.4885957712962979


epsilon: 2.5583333333333336

m: 6.5

Residual: 0.537433053361734


epsilon: 2.5583333333333336

m: 6.666666666666666

Residual: 0.5742515871940108


epsilon: 2.5583333333333336

m: 6.833333333333333

Residual: 0.6135537608481667


epsilon: 2.5583333333333336

m: 7.0

Residual: 0.6468263479760916


epsilon: 2.8041666666666667

m: 3.0

Residual: 0.97920575644029


epsilon: 2.8041666666666667

m: 3.1666666666666665

Residual: 0.967704477309295


epsilon: 2.8041666666666667

m: 3.3333333333333335

Residual: 0.9507437992084949


epsilon: 2.8041666666666667

m: 3.5

Residual: 0.9264040186007383


epsilon: 2.8041666666666667

m: 3.6666666666666665

Residual: 0.8925339955750509


epsilon: 2.8041666666666667

m: 3.833333333333333

Residual: 0.8470392304540916


epsilon: 2.8041666666666667

m: 4.0

Residual: 0.7882891490000172


epsilon: 2.8041666666666667

m: 4.166666666666666

Residual: 0.7155348815235337


epsilon: 2.8041666666666667

m: 4.333333333333333

Residual: 0.6291728378452366


epsilon: 2.8041666666666667

m: 4.5

Residual: 0.5314927532131076


epsilon: 2.8041666666666667

m: 4.666666666666666

Residual: 0.4258200748816979


epsilon: 2.8041666666666667

m: 4.833333333333333

Residual: 0.31482356144784335


epsilon: 2.8041666666666667

m: 5.0

Residual: 0.20491391887693935


epsilon: 2.8041666666666667

m: 5.166666666666666

Residual: 0.1442261349989367


epsilon: 2.8041666666666667

m: 5.333333333333333

Residual: 0.14648387010502337


epsilon: 2.8041666666666667

m: 5.5

Residual: 0.177261424606753


epsilon: 2.8041666666666667

m: 5.666666666666666

Residual: 0.22442185780371482


epsilon: 2.8041666666666667

m: 5.833333333333333

Residual: 0.2773792150712074


epsilon: 2.8041666666666667

m: 6.0

Residual: 0.33493760395203087


epsilon: 2.8041666666666667

m: 6.166666666666666

Residual: 0.3970221269556336


epsilon: 2.8041666666666667

m: 6.333333333333333

Residual: 0.4526439475850219


epsilon: 2.8041666666666667

m: 6.5

Residual: 0.49983701172811384


epsilon: 2.8041666666666667

m: 6.666666666666666

Residual: 0.539371233558132


epsilon: 2.8041666666666667

m: 6.833333333333333

Residual: 0.5816519624043275


epsilon: 2.8041666666666667

m: 7.0

Residual: 0.6221642932151573


epsilon: 3.0500000000000003

m: 3.0

Residual: 0.9808657610938374


epsilon: 3.0500000000000003

m: 3.1666666666666665

Residual: 0.9702692467811344


epsilon: 3.0500000000000003

m: 3.3333333333333335

Residual: 0.9546242794914704


epsilon: 3.0500000000000003

m: 3.5

Residual: 0.9321380501887792


epsilon: 3.0500000000000003

m: 3.6666666666666665

Residual: 0.900754477912046


epsilon: 3.0500000000000003

m: 3.833333333333333

Residual: 0.8585012206030926


epsilon: 3.0500000000000003

m: 4.0

Residual: 0.8036810551132404


epsilon: 3.0500000000000003

m: 4.166666666666666

Residual: 0.7353720779440645


epsilon: 3.0500000000000003

m: 4.333333333333333

Residual: 0.65405207843236


epsilon: 3.0500000000000003

m: 4.5

Residual: 0.5611886424384481


epsilon: 3.0500000000000003

m: 4.666666666666666

Residual: 0.45934730264874474


epsilon: 3.0500000000000003

m: 4.833333333333333

Residual: 0.3525550697431546


epsilon: 3.0500000000000003

m: 5.0

Residual: 0.24461686487834866


epsilon: 3.0500000000000003

m: 5.166666666666666

Residual: 0.16662787222453815


epsilon: 3.0500000000000003

m: 5.333333333333333

Residual: 0.1552255027855682


epsilon: 3.0500000000000003

m: 5.5

Residual: 0.17646482124794538


epsilon: 3.0500000000000003

m: 5.666666666666666

Residual: 0.2121806153012446


epsilon: 3.0500000000000003

m: 5.833333333333333

Residual: 0.2591832507991297


epsilon: 3.0500000000000003

m: 6.0

Residual: 0.30977477857381636


epsilon: 3.0500000000000003

m: 6.166666666666666

Residual: 0.3599247854485967


epsilon: 3.0500000000000003

m: 6.333333333333333

Residual: 0.41705290842170006


epsilon: 3.0500000000000003

m: 6.5

Residual: 0.4645276423019204


epsilon: 3.0500000000000003

m: 6.666666666666666

Residual: 0.5174439728433243


epsilon: 3.0500000000000003

m: 6.833333333333333

Residual: 0.5558151256568639


epsilon: 3.0500000000000003

m: 7.0

Residual: 0.5897222800463521


epsilon: 3.295833333333334

m: 3.0

Residual: 0.9822801596509334


epsilon: 3.295833333333334

m: 3.1666666666666665

Residual: 0.9724556518751516


epsilon: 3.295833333333334

m: 3.3333333333333335

Residual: 0.9579366414736367


epsilon: 3.295833333333334

m: 3.5

Residual: 0.9370398271972422


epsilon: 3.295833333333334

m: 3.6666666666666665

Residual: 0.9078242574711477


epsilon: 3.295833333333334

m: 3.833333333333333

Residual: 0.8683604644665868


epsilon: 3.295833333333334

m: 4.0

Residual: 0.8170064306605345


epsilon: 3.295833333333334

m: 4.166666666666666

Residual: 0.7526356448430523


epsilon: 3.295833333333334

m: 4.333333333333333

Residual: 0.6756379479220844


epsilon: 3.295833333333334

m: 4.5

Residual: 0.5868406328213882


epsilon: 3.295833333333334

m: 4.666666666666666

Residual: 0.48947866510658994


epsilon: 3.295833333333334

m: 4.833333333333333

Residual: 0.38570605335227326


epsilon: 3.295833333333334

m: 5.0

Residual: 0.28116185988800013


epsilon: 3.295833333333334

m: 5.166666666666666

Residual: 0.1923647282066359


epsilon: 3.295833333333334

m: 5.333333333333333

Residual: 0.1677789523848538


epsilon: 3.295833333333334

m: 5.5

Residual: 0.17813325313567083


epsilon: 3.295833333333334

m: 5.666666666666666

Residual: 0.20790476941651365


epsilon: 3.295833333333334

m: 5.833333333333333

Residual: 0.24569551537352416


epsilon: 3.295833333333334

m: 6.0

Residual: 0.29237365028781476


epsilon: 3.295833333333334

m: 6.166666666666666

Residual: 0.3380936640321024


epsilon: 3.295833333333334

m: 6.333333333333333

Residual: 0.38589659892716743


epsilon: 3.295833333333334

m: 6.5

Residual: 0.4377119498355659


epsilon: 3.295833333333334

m: 6.666666666666666

Residual: 0.4848944162100157


epsilon: 3.295833333333334

m: 6.833333333333333

Residual: 0.5284393586317925


epsilon: 3.295833333333334

m: 7.0

Residual: 0.5636249899794465


epsilon: 3.541666666666667

m: 3.0

Residual: 0.9835001355567442


epsilon: 3.541666666666667

m: 3.1666666666666665

Residual: 0.9743430845175909


epsilon: 3.541666666666667

m: 3.3333333333333335

Residual: 0.9607982858531927


epsilon: 3.541666666666667

m: 3.5

Residual: 0.9412790576378927


epsilon: 3.541666666666667

m: 3.6666666666666665

Residual: 0.9139548919764545


epsilon: 3.541666666666667

m: 3.833333333333333

Residual: 0.8769300086233673


epsilon: 3.541666666666667

m: 4.0

Residual: 0.8286039388924434


epsilon: 3.541666666666667

m: 4.166666666666666

Residual: 0.7678545050750383


epsilon: 3.541666666666667

m: 4.333333333333333

Residual: 0.6947771665594346


epsilon: 3.541666666666667

m: 4.5

Residual: 0.6100485891484544


epsilon: 3.541666666666667

m: 4.666666666666666

Residual: 0.5166183622237569


epsilon: 3.541666666666667

m: 4.833333333333333

Residual: 0.41627975273666085


epsilon: 3.541666666666667

m: 5.0

Residual: 0.3138808106130033


epsilon: 3.541666666666667

m: 5.166666666666666

Residual: 0.21868185438172247


epsilon: 3.541666666666667

m: 5.333333333333333

Residual: 0.18342337949186047


epsilon: 3.541666666666667

m: 5.5

Residual: 0.18425973920718


epsilon: 3.541666666666667

m: 5.666666666666666

Residual: 0.20544829101535036


epsilon: 3.541666666666667

m: 5.833333333333333

Residual: 0.23959885604155312


epsilon: 3.541666666666667

m: 6.0

Residual: 0.2785631140520291


epsilon: 3.541666666666667

m: 6.166666666666666

Residual: 0.3221081915027632


epsilon: 3.541666666666667

m: 6.333333333333333

Residual: 0.365453332731356


epsilon: 3.541666666666667

m: 6.5

Residual: 0.40871693610938165


epsilon: 3.541666666666667

m: 6.666666666666666

Residual: 0.4579313649810039


epsilon: 3.541666666666667

m: 6.833333333333333

Residual: 0.49626889554747466


epsilon: 3.541666666666667

m: 7.0

Residual: 0.5414488269498866


epsilon: 3.7875

m: 3.0

Residual: 0.9845628285682868


epsilon: 3.7875

m: 3.1666666666666665

Residual: 0.9759881060808046


epsilon: 3.7875

m: 3.3333333333333335

Residual: 0.9632975002978165


epsilon: 3.7875

m: 3.5

Residual: 0.9449849560247507


epsilon: 3.7875

m: 3.6666666666666665

Residual: 0.919318716060057


epsilon: 3.7875

m: 3.833333333333333

Residual: 0.8844739024453465


epsilon: 3.7875

m: 4.0

Residual: 0.8388213000499204


epsilon: 3.7875

m: 4.166666666666666

Residual: 0.7813846953666553


epsilon: 3.7875

m: 4.333333333333333

Residual: 0.7116375633965657


epsilon: 3.7875

m: 4.5

Residual: 0.6306508595292589


epsilon: 3.7875

m: 4.666666666666666

Residual: 0.5402898748494872


epsilon: 3.7875

m: 4.833333333333333

Residual: 0.4428264358292472


epsilon: 3.7875

m: 5.0

Residual: 0.3432981423141292


epsilon: 3.7875

m: 5.166666666666666

Residual: 0.24523032473913275


epsilon: 3.7875

m: 5.333333333333333

Residual: 0.20092247778923958


epsilon: 3.7875

m: 5.5

Residual: 0.19365562758374938


epsilon: 3.7875

m: 5.666666666666666

Residual: 0.20850344009501015


epsilon: 3.7875

m: 5.833333333333333

Residual: 0.23596069353521643


epsilon: 3.7875

m: 6.0

Residual: 0.2716243302497325


epsilon: 3.7875

m: 6.166666666666666

Residual: 0.30803371827923626


epsilon: 3.7875

m: 6.333333333333333

Residual: 0.3472581461703309


epsilon: 3.7875

m: 6.5

Residual: 0.39134732513126985


epsilon: 3.7875

m: 6.666666666666666

Residual: 0.430991702778869


epsilon: 3.7875

m: 6.833333333333333

Residual: 0.47700163203511436


epsilon: 3.7875

m: 7.0

Residual: 0.5125453052462324


epsilon: 4.033333333333333

m: 3.0

Residual: 0.9854967521651975


epsilon: 4.033333333333333

m: 3.1666666666666665

Residual: 0.9774356458062442


epsilon: 4.033333333333333

m: 3.3333333333333335

Residual: 0.9654960548188537


epsilon: 4.033333333333333

m: 3.5

Residual: 0.9482530160570232


epsilon: 4.033333333333333

m: 3.6666666666666665

Residual: 0.9240498411204617


epsilon: 4.033333333333333

m: 3.833333333333333

Residual: 0.8911452073418317


epsilon: 4.033333333333333

m: 4.0

Residual: 0.8478592983886469


epsilon: 4.033333333333333

m: 4.166666666666666

Residual: 0.793219841232382


epsilon: 4.033333333333333

m: 4.333333333333333

Residual: 0.7268063358472322


epsilon: 4.033333333333333

m: 4.5

Residual: 0.6494090752913756


epsilon: 4.033333333333333

m: 4.666666666666666

Residual: 0.5624598745509449


epsilon: 4.033333333333333

m: 4.833333333333333

Residual: 0.4682442534911001


epsilon: 4.033333333333333

m: 5.0

Residual: 0.3710897788886635


epsilon: 4.033333333333333

m: 5.166666666666666

Residual: 0.2718428900708434


epsilon: 4.033333333333333

m: 5.333333333333333

Residual: 0.21844875952003096


epsilon: 4.033333333333333

m: 5.5

Residual: 0.2040062484773819


epsilon: 4.033333333333333

m: 5.666666666666666

Residual: 0.21203863202749273


epsilon: 4.033333333333333

m: 5.833333333333333

Residual: 0.23516717538694829


epsilon: 4.033333333333333

m: 6.0

Residual: 0.262948686090489


epsilon: 4.033333333333333

m: 6.166666666666666

Residual: 0.2998455416173889


epsilon: 4.033333333333333

m: 6.333333333333333

Residual: 0.33726186233749705


epsilon: 4.033333333333333

m: 6.5

Residual: 0.3734178265393277


epsilon: 4.033333333333333

m: 6.666666666666666

Residual: 0.4131539684337284


epsilon: 4.033333333333333

m: 6.833333333333333

Residual: 0.4519765901034597


epsilon: 4.033333333333333

m: 7.0

Residual: 0.49642184704246184


epsilon: 4.279166666666667

m: 3.0

Residual: 0.9863243439652255


epsilon: 4.279166666666667

m: 3.1666666666666665

Residual: 0.9787184498949499


epsilon: 4.279166666666667

m: 3.3333333333333335

Residual: 0.967446530834631


epsilon: 4.279166666666667

m: 3.5

Residual: 0.9511483473865199


epsilon: 4.279166666666667

m: 3.6666666666666665

Residual: 0.9282600891886179


epsilon: 4.279166666666667

m: 3.833333333333333

Residual: 0.8970613937520351


epsilon: 4.279166666666667

m: 4.0

Residual: 0.8560413476137888


epsilon: 4.279166666666667

m: 4.166666666666666

Residual: 0.8039426141435994


epsilon: 4.279166666666667

m: 4.333333333333333

Residual: 0.7405059251468924


epsilon: 4.279166666666667

m: 4.5

Residual: 0.6661950916360583


epsilon: 4.279166666666667

m: 4.666666666666666

Residual: 0.5825923615008499


epsilon: 4.279166666666667

m: 4.833333333333333

Residual: 0.4914557840590129


epsilon: 4.279166666666667

m: 5.0

Residual: 0.3959611958281685


epsilon: 4.279166666666667

m: 5.166666666666666

Residual: 0.2995066951992532


epsilon: 4.279166666666667

m: 5.333333333333333

Residual: 0.23672455852706573


epsilon: 4.279166666666667

m: 5.5

Residual: 0.21574034391236027


epsilon: 4.279166666666667

m: 5.666666666666666

Residual: 0.21719902453462586


epsilon: 4.279166666666667

m: 5.833333333333333

Residual: 0.23443333818433884


epsilon: 4.279166666666667

m: 6.0

Residual: 0.2604507355603194


epsilon: 4.279166666666667

m: 6.166666666666666

Residual: 0.29270219147961213


epsilon: 4.279166666666667

m: 6.333333333333333

Residual: 0.327248945935099


epsilon: 4.279166666666667

m: 6.5

Residual: 0.3632010386552825


epsilon: 4.279166666666667

m: 6.666666666666666

Residual: 0.398869194743372


epsilon: 4.279166666666667

m: 6.833333333333333

Residual: 0.4359142238458943


epsilon: 4.279166666666667

m: 7.0

Residual: 0.47500480471677775


epsilon: 4.525

m: 3.0

Residual: 0.9870625427617044


epsilon: 4.525

m: 3.1666666666666665

Residual: 0.9798625263215609


epsilon: 4.525

m: 3.3333333333333335

Residual: 0.9691876913354512


epsilon: 4.525

m: 3.5

Residual: 0.9537466400395324


epsilon: 4.525

m: 3.6666666666666665

Residual: 0.9320168266296773


epsilon: 4.525

m: 3.833333333333333

Residual: 0.9023929154478151


epsilon: 4.525

m: 4.0

Residual: 0.8633065685368547


epsilon: 4.525

m: 4.166666666666666

Residual: 0.813615853684131


epsilon: 4.525

m: 4.333333333333333

Residual: 0.7528618628670753


epsilon: 4.525

m: 4.5

Residual: 0.6813742367442194


epsilon: 4.525

m: 4.666666666666666

Residual: 0.6005847740574549


epsilon: 4.525

m: 4.833333333333333

Residual: 0.5121621034119324


epsilon: 4.525

m: 5.0

Residual: 0.41945070936247236


epsilon: 4.525

m: 5.166666666666666

Residual: 0.32452728893397637


epsilon: 4.525

m: 5.333333333333333

Residual: 0.2544202416316026


epsilon: 4.525

m: 5.5

Residual: 0.22671565610605754


epsilon: 4.525

m: 5.666666666666666

Residual: 0.22358189701400527


epsilon: 4.525

m: 5.833333333333333

Residual: 0.23772358851177225


epsilon: 4.525

m: 6.0

Residual: 0.2590068355120462


epsilon: 4.525

m: 6.166666666666666

Residual: 0.28851824726847697


epsilon: 4.525

m: 6.333333333333333

Residual: 0.32040335612437587


epsilon: 4.525

m: 6.5

Residual: 0.3535624723068777


epsilon: 4.525

m: 6.666666666666666

Residual: 0.3875911327696431


epsilon: 4.525

m: 6.833333333333333

Residual: 0.4195676041051606


epsilon: 4.525

m: 7.0

Residual: 0.45545264250702683


epsilon: 4.770833333333333

m: 3.0

Residual: 0.9877250634439615


epsilon: 4.770833333333333

m: 3.1666666666666665

Residual: 0.9808901727249125


epsilon: 4.770833333333333

m: 3.3333333333333335

Residual: 0.9707522276501568


epsilon: 4.770833333333333

m: 3.5

Residual: 0.956075903564615


epsilon: 4.770833333333333

m: 3.6666666666666665

Residual: 0.935405980811788


epsilon: 4.770833333333333

m: 3.833333333333333

Residual: 0.9071689644588259


epsilon: 4.770833333333333

m: 4.0

Residual: 0.86990563752077


epsilon: 4.770833333333333

m: 4.166666666666666

Residual: 0.8223769071327741


epsilon: 4.770833333333333

m: 4.333333333333333

Residual: 0.7640624880292384


epsilon: 4.770833333333333

m: 4.5

Residual: 0.6953745474123412


epsilon: 4.770833333333333

m: 4.666666666666666

Residual: 0.6172080557590508


epsilon: 4.770833333333333

m: 4.833333333333333

Residual: 0.5317036444474514


epsilon: 4.770833333333333

m: 5.0

Residual: 0.44055513716492367


epsilon: 4.770833333333333

m: 5.166666666666666

Residual: 0.34732860709169394


epsilon: 4.770833333333333

m: 5.333333333333333

Residual: 0.27299478215554585


epsilon: 4.770833333333333

m: 5.5

Residual: 0.24106341248646979


epsilon: 4.770833333333333

m: 5.666666666666666

Residual: 0.2322273044083664


epsilon: 4.770833333333333

m: 5.833333333333333

Residual: 0.24102806805628307


epsilon: 4.770833333333333

m: 6.0

Residual: 0.2612798646610107


epsilon: 4.770833333333333

m: 6.166666666666666

Residual: 0.2853003488031365


epsilon: 4.770833333333333

m: 6.333333333333333

Residual: 0.31526202424045724


epsilon: 4.770833333333333

m: 6.5

Residual: 0.3450690545568262


epsilon: 4.770833333333333

m: 6.666666666666666

Residual: 0.3733926578270771


epsilon: 4.770833333333333

m: 6.833333333333333

Residual: 0.4098528062514721


epsilon: 4.770833333333333

m: 7.0

Residual: 0.4422878375540363


epsilon: 5.016666666666667

m: 3.0

Residual: 0.9883230104810374


epsilon: 5.016666666666667

m: 3.1666666666666665

Residual: 0.9818181792967885


epsilon: 5.016666666666667

m: 3.3333333333333335

Residual: 0.9721658195411035


epsilon: 5.016666666666667

m: 3.5

Residual: 0.958183849756826


epsilon: 5.016666666666667

m: 3.6666666666666665

Residual: 0.9384769252895447


epsilon: 5.016666666666667

m: 3.833333333333333

Residual: 0.9115316430597649


epsilon: 5.016666666666667

m: 4.0

Residual: 0.8758620960539437


epsilon: 5.016666666666667

m: 4.166666666666666

Residual: 0.830341084237238


epsilon: 5.016666666666667

m: 4.333333333333333

Residual: 0.7743184760294024


epsilon: 5.016666666666667

m: 4.5

Residual: 0.7081630025857565


epsilon: 5.016666666666667

m: 4.666666666666666

Residual: 0.6326235659499305


epsilon: 5.016666666666667

m: 4.833333333333333

Residual: 0.5494728048760232


epsilon: 5.016666666666667

m: 5.0

Residual: 0.46065431564092574


epsilon: 5.016666666666667

m: 5.166666666666666

Residual: 0.3696844566954072


epsilon: 5.016666666666667

m: 5.333333333333333

Residual: 0.29129593931473424


epsilon: 5.016666666666667

m: 5.5

Residual: 0.2529294791705196


epsilon: 5.016666666666667

m: 5.666666666666666

Residual: 0.24151930077974512


epsilon: 5.016666666666667

m: 5.833333333333333

Residual: 0.24766711163557228


epsilon: 5.016666666666667

m: 6.0

Residual: 0.26074210959384314


epsilon: 5.016666666666667

m: 6.166666666666666

Residual: 0.2836840365997027


epsilon: 5.016666666666667

m: 6.333333333333333

Residual: 0.3110414252317602


epsilon: 5.016666666666667

m: 6.5

Residual: 0.3388936498511816


epsilon: 5.016666666666667

m: 6.666666666666666

Residual: 0.37036368488318777


epsilon: 5.016666666666667

m: 6.833333333333333

Residual: 0.40050925258417597


epsilon: 5.016666666666667

m: 7.0

Residual: 0.4352378483925739


epsilon: 5.2625

m: 3.0

Residual: 0.988865562060491


epsilon: 5.2625

m: 3.1666666666666665

Residual: 0.9826600598233445


epsilon: 5.2625

m: 3.3333333333333335

Residual: 0.9734490965192322


epsilon: 5.2625

m: 3.5

Residual: 0.9600979647981837


epsilon: 5.2625

m: 3.6666666666666665

Residual: 0.9412691747995385


epsilon: 5.2625

m: 3.833333333333333

Residual: 0.9154862919408068


epsilon: 5.2625

m: 4.0

Residual: 0.8813364241600015


epsilon: 5.2625

m: 4.166666666666666

Residual: 0.8375971214968717


epsilon: 5.2625

m: 4.333333333333333

Residual: 0.7837607915050855


epsilon: 5.2625

m: 4.5

Residual: 0.7197481203169932


epsilon: 5.2625

m: 4.666666666666666

Residual: 0.6466000060108745


epsilon: 5.2625

m: 4.833333333333333

Residual: 0.5658783891449513


epsilon: 5.2625

m: 5.0

Residual: 0.4792051647403264


epsilon: 5.2625

m: 5.166666666666666

Residual: 0.3903737520633005


epsilon: 5.2625

m: 5.333333333333333

Residual: 0.3099291933937041


epsilon: 5.2625

m: 5.5

Residual: 0.2686424874989512


epsilon: 5.2625

m: 5.666666666666666

Residual: 0.2537595479206765


epsilon: 5.2625

m: 5.833333333333333

Residual: 0.25292859426543457


epsilon: 5.2625

m: 6.0

Residual: 0.26606477111590304


epsilon: 5.2625

m: 6.166666666666666

Residual: 0.28275360851390974


epsilon: 5.2625

m: 6.333333333333333

Residual: 0.3052361879753818


epsilon: 5.2625

m: 6.5

Residual: 0.33647717143667044


epsilon: 5.2625

m: 6.666666666666666

Residual: 0.3605282110737419


epsilon: 5.2625

m: 6.833333333333333

Residual: 0.39069713784798293


epsilon: 5.2625

m: 7.0

Residual: 0.4199608538129611


epsilon: 5.508333333333333

m: 3.0

Residual: 0.9893597164733888


epsilon: 5.508333333333333

m: 3.1666666666666665

Residual: 0.9834280246829894


epsilon: 5.508333333333333

m: 3.3333333333333335

Residual: 0.9746172465735607


epsilon: 5.508333333333333

m: 3.5

Residual: 0.9618451774273643


epsilon: 5.508333333333333

m: 3.6666666666666665

Residual: 0.9438143668495281


epsilon: 5.508333333333333

m: 3.833333333333333

Residual: 0.9191157814216053


epsilon: 5.508333333333333

m: 4.0

Residual: 0.8863116364600165


epsilon: 5.508333333333333

m: 4.166666666666666

Residual: 0.8443220063103984


epsilon: 5.508333333333333

m: 4.333333333333333

Residual: 0.7924023728349503


epsilon: 5.508333333333333

m: 4.5

Residual: 0.7305456788062328


epsilon: 5.508333333333333

m: 4.666666666666666

Residual: 0.6595029072446955


epsilon: 5.508333333333333

m: 4.833333333333333

Residual: 0.5813261557779695


epsilon: 5.508333333333333

m: 5.0

Residual: 0.4968507335861068


epsilon: 5.508333333333333

m: 5.166666666666666

Residual: 0.4095659843219675


epsilon: 5.508333333333333

m: 5.333333333333333

Residual: 0.3258152229167152


epsilon: 5.508333333333333

m: 5.5

Residual: 0.28054948720295836


epsilon: 5.508333333333333

m: 5.666666666666666

Residual: 0.26034567028879363


epsilon: 5.508333333333333

m: 5.833333333333333

Residual: 0.2597353061090234


epsilon: 5.508333333333333

m: 6.0

Residual: 0.2684822343583347


epsilon: 5.508333333333333

m: 6.166666666666666

Residual: 0.2858700799254624


epsilon: 5.508333333333333

m: 6.333333333333333

Residual: 0.3073464421080093


epsilon: 5.508333333333333

m: 6.5

Residual: 0.33173818281369505


epsilon: 5.508333333333333

m: 6.666666666666666

Residual: 0.3596357913449506


epsilon: 5.508333333333333

m: 6.833333333333333

Residual: 0.3866706662435907


epsilon: 5.508333333333333

m: 7.0

Residual: 0.414382210099657


epsilon: 5.754166666666666

m: 3.0

Residual: 0.9898121880983767


epsilon: 5.754166666666666

m: 3.1666666666666665

Residual: 0.9841305986902593


epsilon: 5.754166666666666

m: 3.3333333333333335

Residual: 0.975689117986433


epsilon: 5.754166666666666

m: 3.5

Residual: 0.9634460506558498


epsilon: 5.754166666666666

m: 3.6666666666666665

Residual: 0.9461495738675886


epsilon: 5.754166666666666

m: 3.833333333333333

Residual: 0.9224218562576557


epsilon: 5.754166666666666

m: 4.0

Residual: 0.8909288880392582


epsilon: 5.754166666666666

m: 4.166666666666666

Residual: 0.8504293527900173


epsilon: 5.754166666666666

m: 4.333333333333333

Residual: 0.8004379401600115


epsilon: 5.754166666666666

m: 4.5

Residual: 0.7406382742012171


epsilon: 5.754166666666666

m: 4.666666666666666

Residual: 0.6718092223744043


epsilon: 5.754166666666666

m: 4.833333333333333

Residual: 0.5954727953481861


epsilon: 5.754166666666666

m: 5.0

Residual: 0.5128880315266172


epsilon: 5.754166666666666

m: 5.166666666666666

Residual: 0.4269715086591276


epsilon: 5.754166666666666

m: 5.333333333333333

Residual: 0.34342085929098637


epsilon: 5.754166666666666

m: 5.5

Residual: 0.2959398731240807


epsilon: 5.754166666666666

m: 5.666666666666666

Residual: 0.27206020157392363


epsilon: 5.754166666666666

m: 5.833333333333333

Residual: 0.26665825695037704


epsilon: 5.754166666666666

m: 6.0

Residual: 0.2714224729075501


epsilon: 5.754166666666666

m: 6.166666666666666

Residual: 0.28682044565154535


epsilon: 5.754166666666666

m: 6.333333333333333

Residual: 0.3034233633728764


epsilon: 5.754166666666666

m: 6.5

Residual: 0.3265573993956339


epsilon: 5.754166666666666

m: 6.666666666666666

Residual: 0.3556301350264058


epsilon: 5.754166666666666

m: 6.833333333333333

Residual: 0.3810425238795321


epsilon: 5.754166666666666

m: 7.0

Residual: 0.40908787954386255


epsilon: 6.0

m: 3.0

Residual: 0.9902273938763649


epsilon: 6.0

m: 3.1666666666666665

Residual: 0.9847750053834347


epsilon: 6.0

m: 3.3333333333333335

Residual: 0.9766738767356056


epsilon: 6.0

m: 3.5

Residual: 0.9649186844755551


epsilon: 6.0

m: 3.6666666666666665

Residual: 0.9482985434304324


epsilon: 6.0

m: 3.833333333333333

Residual: 0.9254805599928484


epsilon: 6.0

m: 4.0

Residual: 0.8951516006929714


epsilon: 6.0

m: 4.166666666666666

Residual: 0.8561279567475943


epsilon: 6.0

m: 4.333333333333333

Residual: 0.8076866181844278


epsilon: 6.0

m: 4.5

Residual: 0.7500454499154513


epsilon: 6.0

m: 4.666666666666666

Residual: 0.6831942283478433


epsilon: 6.0

m: 4.833333333333333

Residual: 0.6084779180157892


epsilon: 6.0

m: 5.0

Residual: 0.5285654684665748


epsilon: 6.0

m: 5.166666666666666

Residual: 0.44447885988855346


epsilon: 6.0

m: 5.333333333333333

Residual: 0.36133883303270503


epsilon: 6.0

m: 5.5

Residual: 0.3091976733294245


epsilon: 6.0

m: 5.666666666666666

Residual: 0.2832316471706237


epsilon: 6.0

m: 5.833333333333333

Residual: 0.2731569913090457


epsilon: 6.0

m: 6.0

Residual: 0.279093659159245


epsilon: 6.0

m: 6.166666666666666

Residual: 0.28838197255800185


epsilon: 6.0

m: 6.333333333333333

Residual: 0.30628321486367915


epsilon: 6.0

m: 6.5

Residual: 0.32859226808974806


epsilon: 6.0

m: 6.666666666666666

Residual: 0.35283772068316877


epsilon: 6.0

m: 6.833333333333333

Residual: 0.37420429830773144


epsilon: 6.0

m: 7.0

Residual: 0.403248270089973


