epsilon: 0.1

m: 3.0

Residual: 0.4338571927132278


epsilon: 0.1

m: 3.0

Residual: 0.4338443447287483


epsilon: 0.1

m: 3.1666666666666665

Residual: 0.3638362613197036


epsilon: 0.1

m: 3.3333333333333335

Residual: 0.33522226880560824


epsilon: 0.1

m: 3.5

Residual: 0.35583206530352385


epsilon: 0.1

m: 3.6666666666666665

Residual: 0.4212421534766151


epsilon: 0.1

m: 3.833333333333333

Residual: 0.5177212979423724


epsilon: 0.1

m: 4.0

Residual: 0.6221397532774443


epsilon: 0.1

m: 4.166666666666666

Residual: 0.7070650249692123


epsilon: 0.1

m: 4.333333333333333

Residual: 0.7723435432518126


epsilon: 0.1

m: 4.5

Residual: 0.8219595943429813


epsilon: 0.1

m: 4.666666666666666

Residual: 0.8596192775092604


epsilon: 0.1

m: 4.833333333333333

Residual: 0.8880061006137528


epsilon: 0.1

m: 5.0

Residual: 0.9097637352651434


epsilon: 0.1

m: 5.166666666666666

Residual: 0.9263108628372599


epsilon: 0.1

m: 5.333333333333333

Residual: 0.9393332119261976


epsilon: 0.1

m: 5.5

Residual: 0.9494434004540109


epsilon: 0.1

m: 5.666666666666666

Residual: 0.9573642295336307


epsilon: 0.1

m: 5.833333333333333

Residual: 0.963757449048785


epsilon: 0.1

m: 6.0

Residual: 0.9687887479900404


epsilon: 0.1

m: 6.166666666666666

Residual: 0.973060378820344


epsilon: 0.1

m: 6.333333333333333

Residual: 0.9762896003272505


epsilon: 0.1

m: 6.5

Residual: 0.9793129612483182


epsilon: 0.1

m: 6.666666666666666

Residual: 0.981430153949353


epsilon: 0.1

m: 6.833333333333333

Residual: 0.9836680763610237


epsilon: 0.1

m: 7.0

Residual: 0.9851359970189514


epsilon: 0.3458333333333333

m: 3.0

Residual: 0.7465863145248455


epsilon: 0.3458333333333333

m: 3.1666666666666665

Residual: 0.6465651259201931


epsilon: 0.3458333333333333

m: 3.3333333333333335

Residual: 0.5281440856384664


epsilon: 0.3458333333333333

m: 3.5

Residual: 0.4103815369088518


epsilon: 0.3458333333333333

m: 3.6666666666666665

Residual: 0.3123939282422677


epsilon: 0.3458333333333333

m: 3.833333333333333

Residual: 0.2513593137682506


epsilon: 0.3458333333333333

m: 4.0

Residual: 0.24088719283757468


epsilon: 0.3458333333333333

m: 4.166666666666666

Residual: 0.28848880667750393


epsilon: 0.3458333333333333

m: 4.333333333333333

Residual: 0.3855591732225753


epsilon: 0.3458333333333333

m: 4.5

Residual: 0.49470139633959576


epsilon: 0.3458333333333333

m: 4.666666666666666

Residual: 0.5856464615038831


epsilon: 0.3458333333333333

m: 4.833333333333333

Residual: 0.6594543351075173


epsilon: 0.3458333333333333

m: 5.0

Residual: 0.7190137691649727


epsilon: 0.3458333333333333

m: 5.166666666666666

Residual: 0.7665016996899368


epsilon: 0.3458333333333333

m: 5.333333333333333

Residual: 0.8046289410806713


epsilon: 0.3458333333333333

m: 5.5

Residual: 0.8353703407553499


epsilon: 0.3458333333333333

m: 5.666666666666666

Residual: 0.8593476723320543


epsilon: 0.3458333333333333

m: 5.833333333333333

Residual: 0.8798756626749842


epsilon: 0.3458333333333333

m: 6.0

Residual: 0.8960241237868691


epsilon: 0.3458333333333333

m: 6.166666666666666

Residual: 0.90937477766947


epsilon: 0.3458333333333333

m: 6.333333333333333

Residual: 0.9205833849780197


epsilon: 0.3458333333333333

m: 6.5

Residual: 0.9302274374827932


epsilon: 0.3458333333333333

m: 6.666666666666666

Residual: 0.9377320364430903


epsilon: 0.3458333333333333

m: 6.833333333333333

Residual: 0.9443599768116661


epsilon: 0.3458333333333333

m: 7.0

Residual: 0.9500838433423909


epsilon: 0.5916666666666667

m: 3.0

Residual: 0.8436520505648357


epsilon: 0.5916666666666667

m: 3.1666666666666665

Residual: 0.7770395202666855


epsilon: 0.5916666666666667

m: 3.3333333333333335

Residual: 0.6901599248998167


epsilon: 0.5916666666666667

m: 3.5

Residual: 0.5819053549248235


epsilon: 0.5916666666666667

m: 3.6666666666666665

Residual: 0.4580222638490558


epsilon: 0.5916666666666667

m: 3.833333333333333

Residual: 0.33804788359463017


epsilon: 0.5916666666666667

m: 4.0

Residual: 0.242011883219457


epsilon: 0.5916666666666667

m: 4.166666666666666

Residual: 0.18813875208028907


epsilon: 0.5916666666666667

m: 4.333333333333333

Residual: 0.19457111635964802


epsilon: 0.5916666666666667

m: 4.5

Residual: 0.2705068979783827


epsilon: 0.5916666666666667

m: 4.666666666666666

Residual: 0.38206558266434953


epsilon: 0.5916666666666667

m: 4.833333333333333

Residual: 0.48046710637255735


epsilon: 0.5916666666666667

m: 5.0

Residual: 0.5628617611033107


epsilon: 0.5916666666666667

m: 5.166666666666666

Residual: 0.6314555658845411


epsilon: 0.5916666666666667

m: 5.333333333333333

Residual: 0.6874949735025375


epsilon: 0.5916666666666667

m: 5.5

Residual: 0.7339706055631809


epsilon: 0.5916666666666667

m: 5.666666666666666

Residual: 0.7718785682735919


epsilon: 0.5916666666666667

m: 5.833333333333333

Residual: 0.8029300166162867


epsilon: 0.5916666666666667

m: 6.0

Residual: 0.8285826865550094


epsilon: 0.5916666666666667

m: 6.166666666666666

Residual: 0.8502051540399728


epsilon: 0.5916666666666667

m: 6.333333333333333

Residual: 0.868136011070222


epsilon: 0.5916666666666667

m: 6.5

Residual: 0.882971039901784


epsilon: 0.5916666666666667

m: 6.666666666666666

Residual: 0.8959684317834227


epsilon: 0.5916666666666667

m: 6.833333333333333

Residual: 0.9063583262067427


epsilon: 0.5916666666666667

m: 7.0

Residual: 0.9167854916393263


epsilon: 0.8375

m: 3.0

Residual: 0.8869486029825764


epsilon: 0.8375

m: 3.1666666666666665

Residual: 0.8371610618384308


epsilon: 0.8375

m: 3.3333333333333335

Residual: 0.7706858267756833


epsilon: 0.8375

m: 3.5

Residual: 0.685328378817456


epsilon: 0.8375

m: 3.6666666666666665

Residual: 0.5804883746574979


epsilon: 0.8375

m: 3.833333333333333

Residual: 0.4580227670081789


epsilon: 0.8375

m: 4.0

Residual: 0.33243869524773445


epsilon: 0.8375

m: 4.166666666666666

Residual: 0.22495773893162532


epsilon: 0.8375

m: 4.333333333333333

Residual: 0.155757987259924


epsilon: 0.8375

m: 4.5

Residual: 0.14826116567004194


epsilon: 0.8375

m: 4.666666666666666

Residual: 0.22555862035760618


epsilon: 0.8375

m: 4.833333333333333

Residual: 0.33639491044857467


epsilon: 0.8375

m: 5.0

Residual: 0.4327628665418517


epsilon: 0.8375

m: 5.166666666666666

Residual: 0.5153024221740632


epsilon: 0.8375

m: 5.333333333333333

Residual: 0.5844786297461148


epsilon: 0.8375

m: 5.5

Residual: 0.6428977889872614


epsilon: 0.8375

m: 5.666666666666666

Residual: 0.6916497377306354


epsilon: 0.8375

m: 5.833333333333333

Residual: 0.7328439366705598


epsilon: 0.8375

m: 6.0

Residual: 0.766184303282489


epsilon: 0.8375

m: 6.166666666666666

Residual: 0.793969112493758


epsilon: 0.8375

m: 6.333333333333333

Residual: 0.8168842867785889


epsilon: 0.8375

m: 6.5

Residual: 0.8389412657161673


epsilon: 0.8375

m: 6.666666666666666

Residual: 0.8565207416292151


epsilon: 0.8375

m: 6.833333333333333

Residual: 0.8690264165156957


epsilon: 0.8375

m: 7.0

Residual: 0.8829246867877791


epsilon: 1.0833333333333335

m: 3.0

Residual: 0.9114661245049996


epsilon: 1.0833333333333335

m: 3.1666666666666665

Residual: 0.8717462271927158


epsilon: 1.0833333333333335

m: 3.3333333333333335

Residual: 0.8179840644381273


epsilon: 1.0833333333333335

m: 3.5

Residual: 0.7477218317909226


epsilon: 1.0833333333333335

m: 3.6666666666666665

Residual: 0.6594840796559713


epsilon: 1.0833333333333335

m: 3.833333333333333

Residual: 0.5535561281533554


epsilon: 1.0833333333333335

m: 4.0

Residual: 0.43236869940102


epsilon: 1.0833333333333335

m: 4.166666666666666

Residual: 0.3062559554547364


epsilon: 1.0833333333333335

m: 4.333333333333333

Residual: 0.19457470757247827


epsilon: 1.0833333333333335

m: 4.5

Residual: 0.12199776134325825


epsilon: 1.0833333333333335

m: 4.666666666666666

Residual: 0.12122461948026114


epsilon: 1.0833333333333335

m: 4.833333333333333

Residual: 0.21771630734954128


epsilon: 1.0833333333333335

m: 5.0

Residual: 0.3225978517994593


epsilon: 1.0833333333333335

m: 5.166666666666666

Residual: 0.4143765362518953


epsilon: 1.0833333333333335

m: 5.333333333333333

Residual: 0.49361766876965885


epsilon: 1.0833333333333335

m: 5.5

Residual: 0.5604708150532345


epsilon: 1.0833333333333335

m: 5.666666666666666

Residual: 0.618030034929816


epsilon: 1.0833333333333335

m: 5.833333333333333

Residual: 0.6668620336361089


epsilon: 1.0833333333333335

m: 6.0

Residual: 0.7070614821423657


epsilon: 1.0833333333333335

m: 6.166666666666666

Residual: 0.7402410549113612


epsilon: 1.0833333333333335

m: 6.333333333333333

Residual: 0.7707176787012844


epsilon: 1.0833333333333335

m: 6.5

Residual: 0.795502856051464


epsilon: 1.0833333333333335

m: 6.666666666666666

Residual: 0.8172353292724689


epsilon: 1.0833333333333335

m: 6.833333333333333

Residual: 0.8360591907773111


epsilon: 1.0833333333333335

m: 7.0

Residual: 0.8504040094065495


epsilon: 1.3291666666666668

m: 3.0

Residual: 0.9272472223087543


epsilon: 1.3291666666666668

m: 3.1666666666666665

Residual: 0.8942106217715504


epsilon: 1.3291666666666668

m: 3.3333333333333335

Residual: 0.8491068526729219


epsilon: 1.3291666666666668

m: 3.5

Residual: 0.7894694988032744


epsilon: 1.3291666666666668

m: 3.6666666666666665

Residual: 0.7134388300510345


epsilon: 1.3291666666666668

m: 3.833333333333333

Residual: 0.6204338262171637


epsilon: 1.3291666666666668

m: 4.0

Residual: 0.5116936592968174


epsilon: 1.3291666666666668

m: 4.166666666666666

Residual: 0.39036617479773317


epsilon: 1.3291666666666668

m: 4.333333333333333

Residual: 0.26508943998231255


epsilon: 1.3291666666666668

m: 4.5

Residual: 0.1551520200176097


epsilon: 1.3291666666666668

m: 4.666666666666666

Residual: 0.08751091534137036


epsilon: 1.3291666666666668

m: 4.833333333333333

Residual: 0.11976855304246069


epsilon: 1.3291666666666668

m: 5.0

Residual: 0.22833899804468497


epsilon: 1.3291666666666668

m: 5.166666666666666

Residual: 0.3270716204562805


epsilon: 1.3291666666666668

m: 5.333333333333333

Residual: 0.4131088403512504


epsilon: 1.3291666666666668

m: 5.5

Residual: 0.4872804308763751


epsilon: 1.3291666666666668

m: 5.666666666666666

Residual: 0.5509281037299278


epsilon: 1.3291666666666668

m: 5.833333333333333

Residual: 0.6053913084589813


epsilon: 1.3291666666666668

m: 6.0

Residual: 0.652042449327009


epsilon: 1.3291666666666668

m: 6.166666666666666

Residual: 0.6923077843251525


epsilon: 1.3291666666666668

m: 6.333333333333333

Residual: 0.7265659019139888


epsilon: 1.3291666666666668

m: 6.5

Residual: 0.756351159988002


epsilon: 1.3291666666666668

m: 6.666666666666666

Residual: 0.7806093456784999


epsilon: 1.3291666666666668

m: 6.833333333333333

Residual: 0.8020770442167986


epsilon: 1.3291666666666668

m: 7.0

Residual: 0.8200430209676587


epsilon: 1.5750000000000002

m: 3.0

Residual: 0.9382537776902234


epsilon: 1.5750000000000002

m: 3.1666666666666665

Residual: 0.9099782382590571


epsilon: 1.5750000000000002

m: 3.3333333333333335

Residual: 0.8711404511361375


epsilon: 1.5750000000000002

m: 3.5

Residual: 0.8193590204235153


epsilon: 1.5750000000000002

m: 3.6666666666666665

Residual: 0.7526292312693904


epsilon: 1.5750000000000002

m: 3.833333333333333

Residual: 0.6699378919382135


epsilon: 1.5750000000000002

m: 4.0

Residual: 0.5715809169232342


epsilon: 1.5750000000000002

m: 4.166666666666666

Residual: 0.45978346623594013


epsilon: 1.5750000000000002

m: 4.333333333333333

Residual: 0.33844296405692886


epsilon: 1.5750000000000002

m: 4.5

Residual: 0.21556634930882296


epsilon: 1.5750000000000002

m: 4.666666666666666

Residual: 0.11028515971132807


epsilon: 1.5750000000000002

m: 4.833333333333333

Residual: 0.05829368871312374


epsilon: 1.5750000000000002

m: 5.0

Residual: 0.14612031800357092


epsilon: 1.5750000000000002

m: 5.166666666666666

Residual: 0.24858579137130893


epsilon: 1.5750000000000002

m: 5.333333333333333

Residual: 0.33978721468059525


epsilon: 1.5750000000000002

m: 5.5

Residual: 0.4183994243453409


epsilon: 1.5750000000000002

m: 5.666666666666666

Residual: 0.48961529625984407


epsilon: 1.5750000000000002

m: 5.833333333333333

Residual: 0.549342993142527


epsilon: 1.5750000000000002

m: 6.0

Residual: 0.6011309498321527


epsilon: 1.5750000000000002

m: 6.166666666666666

Residual: 0.6451323606677989


epsilon: 1.5750000000000002

m: 6.333333333333333

Residual: 0.6839708430814829


epsilon: 1.5750000000000002

m: 6.5

Residual: 0.7167168369214949


epsilon: 1.5750000000000002

m: 6.666666666666666

Residual: 0.7444842734914132


epsilon: 1.5750000000000002

m: 6.833333333333333

Residual: 0.7706805433039133


epsilon: 1.5750000000000002

m: 7.0

Residual: 0.7909262969175909


epsilon: 1.8208333333333335

m: 3.0

Residual: 0.9463648854746097


epsilon: 1.8208333333333335

m: 3.1666666666666665

Residual: 0.9216570195419919


epsilon: 1.8208333333333335

m: 3.3333333333333335

Residual: 0.8875596512444


epsilon: 1.8208333333333335

m: 3.5

Residual: 0.8418257011606397


epsilon: 1.8208333333333335

m: 3.6666666666666665

Residual: 0.7824044384911436


epsilon: 1.8208333333333335

m: 3.833333333333333

Residual: 0.7079532380879422


epsilon: 1.8208333333333335

m: 4.0

Residual: 0.6183676383297446


epsilon: 1.8208333333333335

m: 4.166666666666666

Residual: 0.5150180929149073


epsilon: 1.8208333333333335

m: 4.333333333333333

Residual: 0.4009728628425751


epsilon: 1.8208333333333335

m: 4.5

Residual: 0.2809282712586071


epsilon: 1.8208333333333335

m: 4.666666666666666

Residual: 0.16131939315675747


epsilon: 1.8208333333333335

m: 4.833333333333333

Residual: 0.06406750346485


epsilon: 1.8208333333333335

m: 5.0

Residual: 0.07467155604037555


epsilon: 1.8208333333333335

m: 5.166666666666666

Residual: 0.17959058181817972


epsilon: 1.8208333333333335

m: 5.333333333333333

Residual: 0.2742195871495853


epsilon: 1.8208333333333335

m: 5.5

Residual: 0.3574360170506191


epsilon: 1.8208333333333335

m: 5.666666666666666

Residual: 0.4317248927937654


epsilon: 1.8208333333333335

m: 5.833333333333333

Residual: 0.49585285527162776


epsilon: 1.8208333333333335

m: 6.0

Residual: 0.5523725570126664


epsilon: 1.8208333333333335

m: 6.166666666666666

Residual: 0.6012035955471011


epsilon: 1.8208333333333335

m: 6.333333333333333

Residual: 0.6422126548756468


epsilon: 1.8208333333333335

m: 6.5

Residual: 0.6801282862650224


epsilon: 1.8208333333333335

m: 6.666666666666666

Residual: 0.7092535651292198


epsilon: 1.8208333333333335

m: 6.833333333333333

Residual: 0.7390838418078418


epsilon: 1.8208333333333335

m: 7.0

Residual: 0.763670932326468


epsilon: 2.066666666666667

m: 3.0

Residual: 0.9525943216201613


epsilon: 2.066666666666667

m: 3.1666666666666665

Residual: 0.9306512604628282


epsilon: 2.066666666666667

m: 3.3333333333333335

Residual: 0.900268460410903


epsilon: 2.066666666666667

m: 3.5

Residual: 0.8593094328694107


epsilon: 2.066666666666667

m: 3.6666666666666665

Residual: 0.8057688258171156


epsilon: 2.066666666666667

m: 3.833333333333333

Residual: 0.7381209424989477


epsilon: 2.066666666666667

m: 4.0

Residual: 0.6559594762511847


epsilon: 2.066666666666667

m: 4.166666666666666

Residual: 0.5600632077719205


epsilon: 2.066666666666667

m: 4.333333333333333

Residual: 0.4527689718362697


epsilon: 2.066666666666667

m: 4.5

Residual: 0.3375367142337985


epsilon: 2.066666666666667

m: 4.666666666666666

Residual: 0.21894119912186397


epsilon: 2.066666666666667

m: 4.833333333333333

Residual: 0.10588870908558068


epsilon: 2.066666666666667

m: 5.0

Residual: 0.021575019114727038


epsilon: 2.066666666666667

m: 5.166666666666666

Residual: 0.11834442008446382


epsilon: 2.066666666666667

m: 5.333333333333333

Residual: 0.21444215095589683


epsilon: 2.066666666666667

m: 5.5

Residual: 0.30196478908876834


epsilon: 2.066666666666667

m: 5.666666666666666

Residual: 0.3786110951669106


epsilon: 2.066666666666667

m: 5.833333333333333

Residual: 0.44691073447760976


epsilon: 2.066666666666667

m: 6.0

Residual: 0.5059914810237157


epsilon: 2.066666666666667

m: 6.166666666666666

Residual: 0.5585959305615257


epsilon: 2.066666666666667

m: 6.333333333333333

Residual: 0.6051783797725322


epsilon: 2.066666666666667

m: 6.5

Residual: 0.6428704814484674


epsilon: 2.066666666666667

m: 6.666666666666666

Residual: 0.6763228991877794


epsilon: 2.066666666666667

m: 6.833333333333333

Residual: 0.7073097487197806


epsilon: 2.066666666666667

m: 7.0

Residual: 0.7325162443808647


epsilon: 2.3125000000000004

m: 3.0

Residual: 0.9575262053335659


epsilon: 2.3125000000000004

m: 3.1666666666666665

Residual: 0.9377967413222337


epsilon: 2.3125000000000004

m: 3.3333333333333335

Residual: 0.9103966562271842


epsilon: 2.3125000000000004

m: 3.5

Residual: 0.8733152272247187


epsilon: 2.3125000000000004

m: 3.6666666666666665

Residual: 0.8246116001793664


epsilon: 2.3125000000000004

m: 3.833333333333333

Residual: 0.762712146137849


epsilon: 2.3125000000000004

m: 4.0

Residual: 0.6868157637400566


epsilon: 2.3125000000000004

m: 4.166666666666666

Residual: 0.5974135778380536


epsilon: 2.3125000000000004

m: 4.333333333333333

Residual: 0.4962513372804135


epsilon: 2.3125000000000004

m: 4.5

Residual: 0.3861821943369982


epsilon: 2.3125000000000004

m: 4.666666666666666

Residual: 0.272037016085201


epsilon: 2.3125000000000004

m: 4.833333333333333

Residual: 0.1566244766312755


epsilon: 2.3125000000000004

m: 5.0

Residual: 0.0509204111532143


epsilon: 2.3125000000000004

m: 5.166666666666666

Residual: 0.061516670984987906


epsilon: 2.3125000000000004

m: 5.333333333333333

Residual: 0.1609786336637818


epsilon: 2.3125000000000004

m: 5.5

Residual: 0.2498951078003081


epsilon: 2.3125000000000004

m: 5.666666666666666

Residual: 0.32920305868665983


epsilon: 2.3125000000000004

m: 5.833333333333333

Residual: 0.4010755511600443


epsilon: 2.3125000000000004

m: 6.0

Residual: 0.46465307234166225


epsilon: 2.3125000000000004

m: 6.166666666666666

Residual: 0.5195656414209866


epsilon: 2.3125000000000004

m: 6.333333333333333

Residual: 0.5675443934541803


epsilon: 2.3125000000000004

m: 6.5

Residual: 0.6089313661190455


epsilon: 2.3125000000000004

m: 6.666666666666666

Residual: 0.6483560767031743


epsilon: 2.3125000000000004

m: 6.833333333333333

Residual: 0.6775698686057029


epsilon: 2.3125000000000004

m: 7.0

Residual: 0.7063509201435898


epsilon: 2.5583333333333336

m: 3.0

Residual: 0.9615300255779469


epsilon: 2.5583333333333336

m: 3.1666666666666665

Residual: 0.9436040307928799


epsilon: 2.5583333333333336

m: 3.3333333333333335

Residual: 0.9186555581994319


epsilon: 2.5583333333333336

m: 3.5

Residual: 0.8847946057252476


epsilon: 2.5583333333333336

m: 3.6666666666666665

Residual: 0.8401275098872221


epsilon: 2.5583333333333336

m: 3.833333333333333

Residual: 0.7830187867543577


epsilon: 2.5583333333333336

m: 4.0

Residual: 0.7126003854274738


epsilon: 2.5583333333333336

m: 4.166666666666666

Residual: 0.6288613624163707


epsilon: 2.5583333333333336

m: 4.333333333333333

Residual: 0.5335598439401628


epsilon: 2.5583333333333336

m: 4.5

Residual: 0.42875981151647585


epsilon: 2.5583333333333336

m: 4.666666666666666

Residual: 0.3179644039377188


epsilon: 2.5583333333333336

m: 4.833333333333333

Residual: 0.20561008149532933


epsilon: 2.5583333333333336

m: 5.0

Residual: 0.09500195467386262


epsilon: 2.5583333333333336

m: 5.166666666666666

Residual: 0.02326761446454343


epsilon: 2.5583333333333336

m: 5.333333333333333

Residual: 0.1104240042682883


epsilon: 2.5583333333333336

m: 5.5

Residual: 0.2019865383930408


epsilon: 2.5583333333333336

m: 5.666666666666666

Residual: 0.2838077291249263


epsilon: 2.5583333333333336

m: 5.833333333333333

Residual: 0.3575140912510959


epsilon: 2.5583333333333336

m: 6.0

Residual: 0.4226902089366641


epsilon: 2.5583333333333336

m: 6.166666666666666

Residual: 0.4812634199593376


epsilon: 2.5583333333333336

m: 6.333333333333333

Residual: 0.5312735789400368


epsilon: 2.5583333333333336

m: 6.5

Residual: 0.5764048484589982


epsilon: 2.5583333333333336

m: 6.666666666666666

Residual: 0.6162527043960835


epsilon: 2.5583333333333336

m: 6.833333333333333

Residual: 0.6496057368499143


epsilon: 2.5583333333333336

m: 7.0

Residual: 0.681092113545854


epsilon: 2.8041666666666667

m: 3.0

Residual: 0.9648427921510292


epsilon: 2.8041666666666667

m: 3.1666666666666665

Residual: 0.948420626982276


epsilon: 2.8041666666666667

m: 3.3333333333333335

Residual: 0.9255172964178979


epsilon: 2.8041666666666667

m: 3.5

Residual: 0.8943579047166906


epsilon: 2.8041666666666667

m: 3.6666666666666665

Residual: 0.8530971480471


epsilon: 2.8041666666666667

m: 3.833333333333333

Residual: 0.8001536271330069


epsilon: 2.8041666666666667

m: 4.0

Residual: 0.7344455804345607


epsilon: 2.8041666666666667

m: 4.166666666666666

Residual: 0.6558549623652788


epsilon: 2.8041666666666667

m: 4.333333333333333

Residual: 0.5653106805198246


epsilon: 2.8041666666666667

m: 4.5

Residual: 0.46539963832626524


epsilon: 2.8041666666666667

m: 4.666666666666666

Residual: 0.3585625013362942


epsilon: 2.8041666666666667

m: 4.833333333333333

Residual: 0.24889337718293486


epsilon: 2.8041666666666667

m: 5.0

Residual: 0.13946428690245025


epsilon: 2.8041666666666667

m: 5.166666666666666

Residual: 0.039569325267727815


epsilon: 2.8041666666666667

m: 5.333333333333333

Residual: 0.06525196553684373


epsilon: 2.8041666666666667

m: 5.5

Residual: 0.15662331204930427


epsilon: 2.8041666666666667

m: 5.666666666666666

Residual: 0.24209724542820507


epsilon: 2.8041666666666667

m: 5.833333333333333

Residual: 0.31764292412961226


epsilon: 2.8041666666666667

m: 6.0

Residual: 0.3863145027739963


epsilon: 2.8041666666666667

m: 6.166666666666666

Residual: 0.4458384666978979


epsilon: 2.8041666666666667

m: 6.333333333333333

Residual: 0.49704720655223467


epsilon: 2.8041666666666667

m: 6.5

Residual: 0.5443125438901693


epsilon: 2.8041666666666667

m: 6.666666666666666

Residual: 0.5892117761645718


epsilon: 2.8041666666666667

m: 6.833333333333333

Residual: 0.6242542689874124


epsilon: 2.8041666666666667

m: 7.0

Residual: 0.6540988152022491


epsilon: 3.0500000000000003

m: 3.0

Residual: 0.9676306942817342


epsilon: 3.0500000000000003

m: 3.1666666666666665

Residual: 0.9524802826782747


epsilon: 3.0500000000000003

m: 3.3333333333333335

Residual: 0.9313192304842999


epsilon: 3.0500000000000003

m: 3.5

Residual: 0.9024544030939398


epsilon: 3.0500000000000003

m: 3.6666666666666665

Residual: 0.8641218771344406


epsilon: 3.0500000000000003

m: 3.833333333333333

Residual: 0.8147402777168674


epsilon: 3.0500000000000003

m: 4.0

Residual: 0.7531834831162812


epsilon: 3.0500000000000003

m: 4.166666666666666

Residual: 0.6790594514830768


epsilon: 3.0500000000000003

m: 4.333333333333333

Residual: 0.5932317686535016


epsilon: 3.0500000000000003

m: 4.5

Residual: 0.4976182668565929


epsilon: 3.0500000000000003

m: 4.666666666666666

Residual: 0.3946173495477762


epsilon: 3.0500000000000003

m: 4.833333333333333

Residual: 0.287979714204016


epsilon: 3.0500000000000003

m: 5.0

Residual: 0.18121167226138066


epsilon: 3.0500000000000003

m: 5.166666666666666

Residual: 0.07592892477637579


epsilon: 3.0500000000000003

m: 5.333333333333333

Residual: 0.043876132499817984


epsilon: 3.0500000000000003

m: 5.5

Residual: 0.11633722283162874


epsilon: 3.0500000000000003

m: 5.666666666666666

Residual: 0.20156871313578917


epsilon: 3.0500000000000003

m: 5.833333333333333

Residual: 0.28023957528698984


epsilon: 3.0500000000000003

m: 6.0

Residual: 0.34912540882945


epsilon: 3.0500000000000003

m: 6.166666666666666

Residual: 0.4116633180089045


epsilon: 3.0500000000000003

m: 6.333333333333333

Residual: 0.4654083006792988


epsilon: 3.0500000000000003

m: 6.5

Residual: 0.5156567930892354


epsilon: 3.0500000000000003

m: 6.666666666666666

Residual: 0.5573829236169767


epsilon: 3.0500000000000003

m: 6.833333333333333

Residual: 0.5953382181641214


epsilon: 3.0500000000000003

m: 7.0

Residual: 0.6286102029532982


epsilon: 3.295833333333334

m: 3.0

Residual: 0.9700091400657628


epsilon: 3.295833333333334

m: 3.1666666666666665

Residual: 0.9559454929008312


epsilon: 3.295833333333334

m: 3.3333333333333335

Residual: 0.936278235794064


epsilon: 3.295833333333334

m: 3.5

Residual: 0.9094095690594455


epsilon: 3.295833333333334

m: 3.6666666666666665

Residual: 0.87362835567498


epsilon: 3.295833333333334

m: 3.833333333333333

Residual: 0.8273862316623376


epsilon: 3.295833333333334

m: 4.0

Residual: 0.7694806316144036


epsilon: 3.295833333333334

m: 4.166666666666666

Residual: 0.6994585597643141


epsilon: 3.295833333333334

m: 4.333333333333333

Residual: 0.6179495697980135


epsilon: 3.295833333333334

m: 4.5

Residual: 0.52626028506853


epsilon: 3.295833333333334

m: 4.666666666666666

Residual: 0.4269515561680724


epsilon: 3.295833333333334

m: 4.833333333333333

Residual: 0.3231579813854321


epsilon: 3.295833333333334

m: 5.0

Residual: 0.2176370007773307


epsilon: 3.295833333333334

m: 5.166666666666666

Residual: 0.11484692492599152


epsilon: 3.295833333333334

m: 5.333333333333333

Residual: 0.05466931911228476


epsilon: 3.295833333333334

m: 5.5

Residual: 0.08104306370649621


epsilon: 3.295833333333334

m: 5.666666666666666

Residual: 0.1642199017479612


epsilon: 3.295833333333334

m: 5.833333333333333

Residual: 0.24337211752758947


epsilon: 3.295833333333334

m: 6.0

Residual: 0.3143454122211014


epsilon: 3.295833333333334

m: 6.166666666666666

Residual: 0.37947500899424236


epsilon: 3.295833333333334

m: 6.333333333333333

Residual: 0.43632508165183953


epsilon: 3.295833333333334

m: 6.5

Residual: 0.48644083552146317


epsilon: 3.295833333333334

m: 6.666666666666666

Residual: 0.5332459815558204


epsilon: 3.295833333333334

m: 6.833333333333333

Residual: 0.570913096579818


epsilon: 3.295833333333334

m: 7.0

Residual: 0.6061971291337206


epsilon: 3.541666666666667

m: 3.0

Residual: 0.9720611187116842


epsilon: 3.541666666666667

m: 3.1666666666666665

Residual: 0.9589425536504105


epsilon: 3.541666666666667

m: 3.3333333333333335

Residual: 0.9405706739642307


epsilon: 3.541666666666667

m: 3.5

Residual: 0.9154271608110575


epsilon: 3.541666666666667

m: 3.6666666666666665

Residual: 0.8818816026180538


epsilon: 3.541666666666667

m: 3.833333333333333

Residual: 0.8384037525623541


epsilon: 3.541666666666667

m: 4.0

Residual: 0.7837393760911894


epsilon: 3.541666666666667

m: 4.166666666666666

Residual: 0.7173887862495606


epsilon: 3.541666666666667

m: 4.333333333333333

Residual: 0.6395459536011835


epsilon: 3.541666666666667

m: 4.5

Residual: 0.5518599381357404


epsilon: 3.541666666666667

m: 4.666666666666666

Residual: 0.455630653585978


epsilon: 3.541666666666667

m: 4.833333333333333

Residual: 0.35520700893248924


epsilon: 3.541666666666667

m: 5.0

Residual: 0.2530312567814268


epsilon: 3.541666666666667

m: 5.166666666666666

Residual: 0.14996262639872918


epsilon: 3.541666666666667

m: 5.333333333333333

Residual: 0.07417132752814991


epsilon: 3.541666666666667

m: 5.5

Residual: 0.07049960211069192


epsilon: 3.541666666666667

m: 5.666666666666666

Residual: 0.13017362024186774


epsilon: 3.541666666666667

m: 5.833333333333333

Residual: 0.2073016650985362


epsilon: 3.541666666666667

m: 6.0

Residual: 0.28128742086417696


epsilon: 3.541666666666667

m: 6.166666666666666

Residual: 0.3464637754634247


epsilon: 3.541666666666667

m: 6.333333333333333

Residual: 0.40656037333875167


epsilon: 3.541666666666667

m: 6.5

Residual: 0.45742873598927214


epsilon: 3.541666666666667

m: 6.666666666666666

Residual: 0.5047813926753113


epsilon: 3.541666666666667

m: 6.833333333333333

Residual: 0.5482276368421334


epsilon: 3.541666666666667

m: 7.0

Residual: 0.5867899490263427


epsilon: 3.7875

m: 3.0

Residual: 0.9738514048127858


epsilon: 3.7875

m: 3.1666666666666665

Residual: 0.9615558409399606


epsilon: 3.7875

m: 3.3333333333333335

Residual: 0.9443199538529782


epsilon: 3.7875

m: 3.5

Residual: 0.9207005324825758


epsilon: 3.7875

m: 3.6666666666666665

Residual: 0.8891154651170441


epsilon: 3.7875

m: 3.833333333333333

Residual: 0.8480815131468351


epsilon: 3.7875

m: 4.0

Residual: 0.796340228812688


epsilon: 3.7875

m: 4.166666666666666

Residual: 0.7333239719034242


epsilon: 3.7875

m: 4.333333333333333

Residual: 0.6589892868036742


epsilon: 3.7875

m: 4.5

Residual: 0.5746808278066303


epsilon: 3.7875

m: 4.666666666666666

Residual: 0.48216592416958737


epsilon: 3.7875

m: 4.833333333333333

Residual: 0.38368428699452123


epsilon: 3.7875

m: 5.0

Residual: 0.28298273075950325


epsilon: 3.7875

m: 5.166666666666666

Residual: 0.1824339765545418


epsilon: 3.7875

m: 5.333333333333333

Residual: 0.09716870443407583


epsilon: 3.7875

m: 5.5

Residual: 0.07727470284065208


epsilon: 3.7875

m: 5.666666666666666

Residual: 0.10484373185574103


epsilon: 3.7875

m: 5.833333333333333

Residual: 0.1748443516121985


epsilon: 3.7875

m: 6.0

Residual: 0.24905789992605068


epsilon: 3.7875

m: 6.166666666666666

Residual: 0.3172134314528576


epsilon: 3.7875

m: 6.333333333333333

Residual: 0.3753178167427579


epsilon: 3.7875

m: 6.5

Residual: 0.4287141676551897


epsilon: 3.7875

m: 6.666666666666666

Residual: 0.47915224389025657


epsilon: 3.7875

m: 6.833333333333333

Residual: 0.5231154718639895


epsilon: 3.7875

m: 7.0

Residual: 0.5621368396073221


epsilon: 4.033333333333333

m: 3.0

Residual: 0.9754248676986231


epsilon: 4.033333333333333

m: 3.1666666666666665

Residual: 0.9638551785196873


epsilon: 4.033333333333333

m: 3.3333333333333335

Residual: 0.9476250800197927


epsilon: 4.033333333333333

m: 3.5

Residual: 0.9253500778391693


epsilon: 4.033333333333333

m: 3.6666666666666665

Residual: 0.8955303989486397


epsilon: 4.033333333333333

m: 3.833333333333333

Residual: 0.85667385466006


epsilon: 4.033333333333333

m: 4.0

Residual: 0.8075841038788044


epsilon: 4.033333333333333

m: 4.166666666666666

Residual: 0.7474575713820669


epsilon: 4.033333333333333

m: 4.333333333333333

Residual: 0.6763915784836715


epsilon: 4.033333333333333

m: 4.5

Residual: 0.5953130201837091


epsilon: 4.033333333333333

m: 4.666666666666666

Residual: 0.505962078668869


epsilon: 4.033333333333333

m: 4.833333333333333

Residual: 0.4103620683737552


epsilon: 4.033333333333333

m: 5.0

Residual: 0.31178170319389764


epsilon: 4.033333333333333

m: 5.166666666666666

Residual: 0.2131503277923986


epsilon: 4.033333333333333

m: 5.333333333333333

Residual: 0.12171419725914324


epsilon: 4.033333333333333

m: 5.5

Residual: 0.08722223263093436


epsilon: 4.033333333333333

m: 5.666666666666666

Residual: 0.09962511775561148


epsilon: 4.033333333333333

m: 5.833333333333333

Residual: 0.1475562426958517


epsilon: 4.033333333333333

m: 6.0

Residual: 0.2222838225217086


epsilon: 4.033333333333333

m: 6.166666666666666

Residual: 0.2881473036687399


epsilon: 4.033333333333333

m: 6.333333333333333

Residual: 0.3500157271716566


epsilon: 4.033333333333333

m: 6.5

Residual: 0.40748206655254865


epsilon: 4.033333333333333

m: 6.666666666666666

Residual: 0.4544948448936509


epsilon: 4.033333333333333

m: 6.833333333333333

Residual: 0.5008560120972214


epsilon: 4.033333333333333

m: 7.0

Residual: 0.5394207295595648


epsilon: 4.279166666666667

m: 3.0

Residual: 0.9768206787050977


epsilon: 4.279166666666667

m: 3.1666666666666665

Residual: 0.9658967887628618


epsilon: 4.279166666666667

m: 3.3333333333333335

Residual: 0.9505594070046874


epsilon: 4.279166666666667

m: 3.5

Residual: 0.9294884542315895


epsilon: 4.279166666666667

m: 3.6666666666666665

Residual: 0.9012310453120888


epsilon: 4.279166666666667

m: 3.833333333333333

Residual: 0.8643497163823138


epsilon: 4.279166666666667

m: 4.0

Residual: 0.8176163951421854


epsilon: 4.279166666666667

m: 4.166666666666666

Residual: 0.7602196962715622


epsilon: 4.279166666666667

m: 4.333333333333333

Residual: 0.692231177695062


epsilon: 4.279166666666667

m: 4.5

Residual: 0.6140493581539077


epsilon: 4.279166666666667

m: 4.666666666666666

Residual: 0.5274044654874108


epsilon: 4.279166666666667

m: 4.833333333333333

Residual: 0.4346144526103511


epsilon: 4.279166666666667

m: 5.0

Residual: 0.3381345808383242


epsilon: 4.279166666666667

m: 5.166666666666666

Residual: 0.2414182613462344


epsilon: 4.279166666666667

m: 5.333333333333333

Residual: 0.14787054214527043


epsilon: 4.279166666666667

m: 5.5

Residual: 0.10102629481689704


epsilon: 4.279166666666667

m: 5.666666666666666

Residual: 0.10125097470442306


epsilon: 4.279166666666667

m: 5.833333333333333

Residual: 0.1309614396011065


epsilon: 4.279166666666667

m: 6.0

Residual: 0.1919096709109844


epsilon: 4.279166666666667

m: 6.166666666666666

Residual: 0.2619774067886233


epsilon: 4.279166666666667

m: 6.333333333333333

Residual: 0.32404220513900195


epsilon: 4.279166666666667

m: 6.5

Residual: 0.3810443136243197


epsilon: 4.279166666666667

m: 6.666666666666666

Residual: 0.4321913720479905


epsilon: 4.279166666666667

m: 6.833333333333333

Residual: 0.4756242412703321


epsilon: 4.279166666666667

m: 7.0

Residual: 0.5194378034552872


epsilon: 4.525

m: 3.0

Residual: 0.9780661906345921


epsilon: 4.525

m: 3.1666666666666665

Residual: 0.9677198743964859


epsilon: 4.525

m: 3.3333333333333335

Residual: 0.9531831369410273


epsilon: 4.525

m: 3.5

Residual: 0.9331883211591263


epsilon: 4.525

m: 3.6666666666666665

Residual: 0.9063508693136278


epsilon: 4.525

m: 3.833333333333333

Residual: 0.8712519312579698


epsilon: 4.525

m: 4.0

Residual: 0.8266747404392782


epsilon: 4.525

m: 4.166666666666666

Residual: 0.7717961833819549


epsilon: 4.525

m: 4.333333333333333

Residual: 0.7064059379568656


epsilon: 4.525

m: 4.5

Residual: 0.6311891232850021


epsilon: 4.525

m: 4.666666666666666

Residual: 0.5473889505107152


epsilon: 4.525

m: 4.833333333333333

Residual: 0.45735929947135356


epsilon: 4.525

m: 5.0

Residual: 0.36315147022044236


epsilon: 4.525

m: 5.166666666666666

Residual: 0.26672702118358854


epsilon: 4.525

m: 5.333333333333333

Residual: 0.1717316824672455


epsilon: 4.525

m: 5.5

Residual: 0.11716761514619345


epsilon: 4.525

m: 5.666666666666666

Residual: 0.1060917315590419


epsilon: 4.525

m: 5.833333333333333

Residual: 0.12628551158330245


epsilon: 4.525

m: 6.0

Residual: 0.17146416897215597


epsilon: 4.525

m: 6.166666666666666

Residual: 0.23469753837483298


epsilon: 4.525

m: 6.333333333333333

Residual: 0.29780538556461694


epsilon: 4.525

m: 6.5

Residual: 0.359728221243448


epsilon: 4.525

m: 6.666666666666666

Residual: 0.40752532246765


epsilon: 4.525

m: 6.833333333333333

Residual: 0.4561107206533021


epsilon: 4.525

m: 7.0

Residual: 0.49774698674535006


epsilon: 4.770833333333333

m: 3.0

Residual: 0.9791842647553752


epsilon: 4.770833333333333

m: 3.1666666666666665

Residual: 0.9693561755987272


epsilon: 4.770833333333333

m: 3.3333333333333335

Residual: 0.9555416040490751


epsilon: 4.770833333333333

m: 3.5

Residual: 0.9365243634707408


epsilon: 4.770833333333333

m: 3.6666666666666665

Residual: 0.9109536652441443


epsilon: 4.770833333333333

m: 3.833333333333333

Residual: 0.8774782786590194


epsilon: 4.770833333333333

m: 4.0

Residual: 0.8348697057779012


epsilon: 4.770833333333333

m: 4.166666666666666

Residual: 0.7822808361937136


epsilon: 4.770833333333333

m: 4.333333333333333

Residual: 0.7194690091669134


epsilon: 4.770833333333333

m: 4.5

Residual: 0.6468505417400816


epsilon: 4.770833333333333

m: 4.666666666666666

Residual: 0.5657177409518251


epsilon: 4.770833333333333

m: 4.833333333333333

Residual: 0.47762087973460976


epsilon: 4.770833333333333

m: 5.0

Residual: 0.3852398413906212


epsilon: 4.770833333333333

m: 5.166666666666666

Residual: 0.2914450520590649


epsilon: 4.770833333333333

m: 5.333333333333333

Residual: 0.19799720116694122


epsilon: 4.770833333333333

m: 5.5

Residual: 0.13335773422841665


epsilon: 4.770833333333333

m: 5.666666666666666

Residual: 0.11499765475994565


epsilon: 4.770833333333333

m: 5.833333333333333

Residual: 0.12501863576318992


epsilon: 4.770833333333333

m: 6.0

Residual: 0.15784860227303787


epsilon: 4.770833333333333

m: 6.166666666666666

Residual: 0.20953245929024586


epsilon: 4.770833333333333

m: 6.333333333333333

Residual: 0.27411766902156887


epsilon: 4.770833333333333

m: 6.5

Residual: 0.33563018288182883


epsilon: 4.770833333333333

m: 6.666666666666666

Residual: 0.3857586708068233


epsilon: 4.770833333333333

m: 6.833333333333333

Residual: 0.4307973531468356


epsilon: 4.770833333333333

m: 7.0

Residual: 0.47193056465362543


epsilon: 5.016666666666667

m: 3.0

Residual: 0.9801944044331263


epsilon: 5.016666666666667

m: 3.1666666666666665

Residual: 0.9708375884057141


epsilon: 5.016666666666667

m: 3.3333333333333335

Residual: 0.9576744535636964


epsilon: 5.016666666666667

m: 3.5

Residual: 0.9395390102354999


epsilon: 5.016666666666667

m: 3.6666666666666665

Residual: 0.9151333564652719


epsilon: 5.016666666666667

m: 3.833333333333333

Residual: 0.8831254277310296


epsilon: 5.016666666666667

m: 4.0

Residual: 0.8423198046131581


epsilon: 5.016666666666667

m: 4.166666666666666

Residual: 0.7918163039253414


epsilon: 5.016666666666667

m: 4.333333333333333

Residual: 0.7312410672002243


epsilon: 5.016666666666667

m: 4.5

Residual: 0.6611779085404482


epsilon: 5.016666666666667

m: 4.666666666666666

Residual: 0.5826544381844178


epsilon: 5.016666666666667

m: 4.833333333333333

Residual: 0.49688068684527786


epsilon: 5.016666666666667

m: 5.0

Residual: 0.40643345769588846


epsilon: 5.016666666666667

m: 5.166666666666666

Residual: 0.3145315855017056


epsilon: 5.016666666666667

m: 5.333333333333333

Residual: 0.2215914134129889


epsilon: 5.016666666666667

m: 5.5

Residual: 0.15034706978750698


epsilon: 5.016666666666667

m: 5.666666666666666

Residual: 0.12327389062210099


epsilon: 5.016666666666667

m: 5.833333333333333

Residual: 0.12762936390628976


epsilon: 5.016666666666667

m: 6.0

Residual: 0.1518310267668414


epsilon: 5.016666666666667

m: 6.166666666666666

Residual: 0.19265161422201862


epsilon: 5.016666666666667

m: 6.333333333333333

Residual: 0.2508739174121215


epsilon: 5.016666666666667

m: 6.5

Residual: 0.30620571899495924


epsilon: 5.016666666666667

m: 6.666666666666666

Residual: 0.3658757843090026


epsilon: 5.016666666666667

m: 6.833333333333333

Residual: 0.41859201401884927


epsilon: 5.016666666666667

m: 7.0

Residual: 0.4588478449631953


epsilon: 5.2625

m: 3.0

Residual: 0.9811104375832449


epsilon: 5.2625

m: 3.1666666666666665

Residual: 0.9721799669720005


epsilon: 5.2625

m: 3.3333333333333335

Residual: 0.9596109059171967


epsilon: 5.2625

m: 3.5

Residual: 0.9422854591083394


epsilon: 5.2625

m: 3.6666666666666665

Residual: 0.9189491125708364


epsilon: 5.2625

m: 3.833333333333333

Residual: 0.8882826307669424


epsilon: 5.2625

m: 4.0

Residual: 0.8491384717430828


epsilon: 5.2625

m: 4.166666666666666

Residual: 0.8005754903070361


epsilon: 5.2625

m: 4.333333333333333

Residual: 0.7423071674194


epsilon: 5.2625

m: 4.5

Residual: 0.6744435509266631


epsilon: 5.2625

m: 4.666666666666666

Residual: 0.5981450343596608


epsilon: 5.2625

m: 4.833333333333333

Residual: 0.5146277425469353


epsilon: 5.2625

m: 5.0

Residual: 0.4266242999313444


epsilon: 5.2625

m: 5.166666666666666

Residual: 0.33567337367777633


epsilon: 5.2625

m: 5.333333333333333

Residual: 0.24450571964031428


epsilon: 5.2625

m: 5.5

Residual: 0.16844576549639648


epsilon: 5.2625

m: 5.666666666666666

Residual: 0.13565666604977217


epsilon: 5.2625

m: 5.833333333333333

Residual: 0.1324858310582559


epsilon: 5.2625

m: 6.0

Residual: 0.1503946310195284


epsilon: 5.2625

m: 6.166666666666666

Residual: 0.18348517032723033


epsilon: 5.2625

m: 6.333333333333333

Residual: 0.22863407579003284


epsilon: 5.2625

m: 6.5

Residual: 0.2882865228563185


epsilon: 5.2625

m: 6.666666666666666

Residual: 0.3419623523235336


epsilon: 5.2625

m: 6.833333333333333

Residual: 0.39637584409630655


epsilon: 5.2625

m: 7.0

Residual: 0.43797213713547817


epsilon: 5.508333333333333

m: 3.0

Residual: 0.9819465851502943


epsilon: 5.508333333333333

m: 3.1666666666666665

Residual: 0.9734062504717076


epsilon: 5.508333333333333

m: 3.3333333333333335

Residual: 0.9613786441502241


epsilon: 5.508333333333333

m: 3.5

Residual: 0.9447892483080811


epsilon: 5.508333333333333

m: 3.6666666666666665

Residual: 0.9224205254335004


epsilon: 5.508333333333333

m: 3.833333333333333

Residual: 0.8930049213999731


epsilon: 5.508333333333333

m: 4.0

Residual: 0.8553964589415998


epsilon: 5.508333333333333

m: 4.166666666666666

Residual: 0.8086674537612223


epsilon: 5.508333333333333

m: 4.333333333333333

Residual: 0.7522956664176554


epsilon: 5.508333333333333

m: 4.5

Residual: 0.6867156586797395


epsilon: 5.508333333333333

m: 4.666666666666666

Residual: 0.6126523382275864


epsilon: 5.508333333333333

m: 4.833333333333333

Residual: 0.5313404622072498


epsilon: 5.508333333333333

m: 5.0

Residual: 0.4450815797671077


epsilon: 5.508333333333333

m: 5.166666666666666

Residual: 0.35598174398888915


epsilon: 5.508333333333333

m: 5.333333333333333

Residual: 0.2652438955028476


epsilon: 5.508333333333333

m: 5.5

Residual: 0.18630226993791213


epsilon: 5.508333333333333

m: 5.666666666666666

Residual: 0.14849867974648578


epsilon: 5.508333333333333

m: 5.833333333333333

Residual: 0.13744830319525975


epsilon: 5.508333333333333

m: 6.0

Residual: 0.14973983188870787


epsilon: 5.508333333333333

m: 6.166666666666666

Residual: 0.17786582022304864


epsilon: 5.508333333333333

m: 6.333333333333333

Residual: 0.21859404545403277


epsilon: 5.508333333333333

m: 6.5

Residual: 0.26421153451293156


epsilon: 5.508333333333333

m: 6.666666666666666

Residual: 0.3232067524636801


epsilon: 5.508333333333333

m: 6.833333333333333

Residual: 0.3734370249088535


epsilon: 5.508333333333333

m: 7.0

Residual: 0.4212928082609057


epsilon: 5.754166666666666

m: 3.0

Residual: 0.9827107130335471


epsilon: 5.754166666666666

m: 3.1666666666666665

Residual: 0.9745274586686303


epsilon: 5.754166666666666

m: 3.3333333333333335

Residual: 0.9629986370296669


epsilon: 5.754166666666666

m: 3.5

Residual: 0.947085828708997


epsilon: 5.754166666666666

m: 3.6666666666666665

Residual: 0.925612919598227


epsilon: 5.754166666666666

m: 3.833333333333333

Residual: 0.8973417374753149


epsilon: 5.754166666666666

m: 4.0

Residual: 0.8611219523974338


epsilon: 5.754166666666666

m: 4.166666666666666

Residual: 0.8161112372371111


epsilon: 5.754166666666666

m: 4.333333333333333

Residual: 0.7616550081963777


epsilon: 5.754166666666666

m: 4.5

Residual: 0.6981431060555056


epsilon: 5.754166666666666

m: 4.666666666666666

Residual: 0.6260101316627756


epsilon: 5.754166666666666

m: 4.833333333333333

Residual: 0.546755516557617


epsilon: 5.754166666666666

m: 5.0

Residual: 0.4621174301527845


epsilon: 5.754166666666666

m: 5.166666666666666

Residual: 0.375554238931763


epsilon: 5.754166666666666

m: 5.333333333333333

Residual: 0.28489819009934475


epsilon: 5.754166666666666

m: 5.5

Residual: 0.2039745617190371


epsilon: 5.754166666666666

m: 5.666666666666666

Residual: 0.15871926100886702


epsilon: 5.754166666666666

m: 5.833333333333333

Residual: 0.1460151994396142


epsilon: 5.754166666666666

m: 6.0

Residual: 0.15104481144105167


epsilon: 5.754166666666666

m: 6.166666666666666

Residual: 0.17617917722181206


epsilon: 5.754166666666666

m: 6.333333333333333

Residual: 0.21001703317659837


epsilon: 5.754166666666666

m: 6.5

Residual: 0.24922511805582834


epsilon: 5.754166666666666

m: 6.666666666666666

Residual: 0.3029998412690456


epsilon: 5.754166666666666

m: 6.833333333333333

Residual: 0.3577121143616384


epsilon: 5.754166666666666

m: 7.0

Residual: 0.4029317882981153


epsilon: 6.0

m: 3.0

Residual: 0.9834134968239439


epsilon: 6.0

m: 3.1666666666666665

Residual: 0.9755584508253359


epsilon: 6.0

m: 3.3333333333333335

Residual: 0.964488599805516


epsilon: 6.0

m: 3.5

Residual: 0.9491986579617449


epsilon: 6.0

m: 3.6666666666666665

Residual: 0.9285428106847936


epsilon: 6.0

m: 3.833333333333333

Residual: 0.9013481032580961


epsilon: 6.0

m: 4.0

Residual: 0.8664429489022649


epsilon: 6.0

m: 4.166666666666666

Residual: 0.8229246836715858


epsilon: 6.0

m: 4.333333333333333

Residual: 0.7703723955642603


epsilon: 6.0

m: 4.5

Residual: 0.7085057497822123


epsilon: 6.0

m: 4.666666666666666

Residual: 0.6385167747364251


epsilon: 6.0

m: 4.833333333333333

Residual: 0.56101616759876


epsilon: 6.0

m: 5.0

Residual: 0.47818743014546555


epsilon: 6.0

m: 5.166666666666666

Residual: 0.3927294514276961


epsilon: 6.0

m: 5.333333333333333

Residual: 0.3050048285546501


epsilon: 6.0

m: 5.5

Residual: 0.22209076272569553


epsilon: 6.0

m: 5.666666666666666

Residual: 0.17336337594806442


epsilon: 6.0

m: 5.833333333333333

Residual: 0.1536801764319129


epsilon: 6.0

m: 6.0

Residual: 0.1564958254303107


epsilon: 6.0

m: 6.166666666666666

Residual: 0.17354458216467297


epsilon: 6.0

m: 6.333333333333333

Residual: 0.20185787779473113


epsilon: 6.0

m: 6.5

Residual: 0.24035639449285093


epsilon: 6.0

m: 6.666666666666666

Residual: 0.2880479061422426


epsilon: 6.0

m: 6.833333333333333

Residual: 0.33933156398704806


epsilon: 6.0

m: 7.0

Residual: 0.38259164615955465


