epsilon: 0.01

m: 3.0

Residual: 0.9101733261602735


epsilon: 0.01

m: 3.0

Residual: 0.9101757849171098


epsilon: 0.01

m: 3.1666666666666665

Residual: 0.9329653638579528


epsilon: 0.01

m: 3.3333333333333335

Residual: 0.9495692618289416


epsilon: 0.01

m: 3.5

Residual: 0.9617170091328852


epsilon: 0.01

m: 3.6666666666666665

Residual: 0.9706456733319906


epsilon: 0.01

m: 3.833333333333333

Residual: 0.9772662973264449


epsilon: 0.01

m: 4.0

Residual: 0.9821947227315557


epsilon: 0.01

m: 4.166666666666666

Residual: 0.9859149811312395


epsilon: 0.01

m: 4.333333333333333

Residual: 0.9887321458243854


epsilon: 0.01

m: 4.5

Residual: 0.9908885910855121


epsilon: 0.01

m: 4.666666666666666

Residual: 0.9925597723919395


epsilon: 0.01

m: 4.833333333333333

Residual: 0.9938585349127378


epsilon: 0.01

m: 5.0

Residual: 0.9949030428027374


epsilon: 0.01

m: 5.166666666666666

Residual: 0.9957199865764625


epsilon: 0.01

m: 5.333333333333333

Residual: 0.9963705235428244


epsilon: 0.01

m: 5.5

Residual: 0.9969176123642877


epsilon: 0.01

m: 5.666666666666666

Residual: 0.9973474884407014


epsilon: 0.01

m: 5.833333333333333

Residual: 0.9976981016484106


epsilon: 0.01

m: 6.0

Residual: 0.9979875457010368


epsilon: 0.01

m: 6.166666666666666

Residual: 0.9982439553668981


epsilon: 0.01

m: 6.333333333333333

Residual: 0.9984567122351328


epsilon: 0.01

m: 6.5

Residual: 0.9986265278598335


epsilon: 0.01

m: 6.666666666666666

Residual: 0.9987847345373491


epsilon: 0.01

m: 6.833333333333333

Residual: 0.9989096323705098


epsilon: 0.01

m: 7.0

Residual: 0.999031060002914


epsilon: 0.3429166666666667

m: 3.0

Residual: 0.46142247811770915


epsilon: 0.3429166666666667

m: 3.1666666666666665

Residual: 0.43350295887932827


epsilon: 0.3429166666666667

m: 3.3333333333333335

Residual: 0.42670398028471884


epsilon: 0.3429166666666667

m: 3.5

Residual: 0.4389368596334087


epsilon: 0.3429166666666667

m: 3.6666666666666665

Residual: 0.46957654964500023


epsilon: 0.3429166666666667

m: 3.833333333333333

Residual: 0.5122570445176836


epsilon: 0.3429166666666667

m: 4.0

Residual: 0.5633206958400826


epsilon: 0.3429166666666667

m: 4.166666666666666

Residual: 0.618887028800935


epsilon: 0.3429166666666667

m: 4.333333333333333

Residual: 0.675236970069092


epsilon: 0.3429166666666667

m: 4.5

Residual: 0.7287799898698383


epsilon: 0.3429166666666667

m: 4.666666666666666

Residual: 0.7731517532346562


epsilon: 0.3429166666666667

m: 4.833333333333333

Residual: 0.8091218660637038


epsilon: 0.3429166666666667

m: 5.0

Residual: 0.8386318775398978


epsilon: 0.3429166666666667

m: 5.166666666666666

Residual: 0.863072155996127


epsilon: 0.3429166666666667

m: 5.333333333333333

Residual: 0.882862993171909


epsilon: 0.3429166666666667

m: 5.5

Residual: 0.8990920964922723


epsilon: 0.3429166666666667

m: 5.666666666666666

Residual: 0.9126936644716


epsilon: 0.3429166666666667

m: 5.833333333333333

Residual: 0.9241223236090914


epsilon: 0.3429166666666667

m: 6.0

Residual: 0.9335561093658269


epsilon: 0.3429166666666667

m: 6.166666666666666

Residual: 0.9417307357838034


epsilon: 0.3429166666666667

m: 6.333333333333333

Residual: 0.9488037396458503


epsilon: 0.3429166666666667

m: 6.5

Residual: 0.9547102283602275


epsilon: 0.3429166666666667

m: 6.666666666666666

Residual: 0.959183297330386


epsilon: 0.3429166666666667

m: 6.833333333333333

Residual: 0.9632084956208693


epsilon: 0.3429166666666667

m: 7.0

Residual: 0.9665834422794304


epsilon: 0.6758333333333334

m: 3.0

Residual: 0.5703984513103014


epsilon: 0.6758333333333334

m: 3.1666666666666665

Residual: 0.5056397851948798


epsilon: 0.6758333333333334

m: 3.3333333333333335

Residual: 0.4516167400781846


epsilon: 0.6758333333333334

m: 3.5

Residual: 0.41837462356532107


epsilon: 0.6758333333333334

m: 3.6666666666666665

Residual: 0.4015279967916132


epsilon: 0.6758333333333334

m: 3.833333333333333

Residual: 0.40232192725814603


epsilon: 0.6758333333333334

m: 4.0

Residual: 0.4212785741691523


epsilon: 0.6758333333333334

m: 4.166666666666666

Residual: 0.4532113875242024


epsilon: 0.6758333333333334

m: 4.333333333333333

Residual: 0.496215260699577


epsilon: 0.6758333333333334

m: 4.5

Residual: 0.5466430859688602


epsilon: 0.6758333333333334

m: 4.666666666666666

Residual: 0.6002439108233347


epsilon: 0.6758333333333334

m: 4.833333333333333

Residual: 0.655557242466462


epsilon: 0.6758333333333334

m: 5.0

Residual: 0.7054325595117007


epsilon: 0.6758333333333334

m: 5.166666666666666

Residual: 0.7466538324450769


epsilon: 0.6758333333333334

m: 5.333333333333333

Residual: 0.7811341789911306


epsilon: 0.6758333333333334

m: 5.5

Residual: 0.810118632307991


epsilon: 0.6758333333333334

m: 5.666666666666666

Residual: 0.8343791688616248


epsilon: 0.6758333333333334

m: 5.833333333333333

Residual: 0.8557969235549086


epsilon: 0.6758333333333334

m: 6.0

Residual: 0.8727195714817987


epsilon: 0.6758333333333334

m: 6.166666666666666

Residual: 0.8882122629927232


epsilon: 0.6758333333333334

m: 6.333333333333333

Residual: 0.9003740069587177


epsilon: 0.6758333333333334

m: 6.5

Residual: 0.9112586115074917


epsilon: 0.6758333333333334

m: 6.666666666666666

Residual: 0.9212202940710125


epsilon: 0.6758333333333334

m: 6.833333333333333

Residual: 0.9293644424602812


epsilon: 0.6758333333333334

m: 7.0

Residual: 0.9355719766981464


epsilon: 1.00875

m: 3.0

Residual: 0.6517730022128936


epsilon: 1.00875

m: 3.1666666666666665

Residual: 0.5872628077987252


epsilon: 1.00875

m: 3.3333333333333335

Residual: 0.5159905837815083


epsilon: 1.00875

m: 3.5

Residual: 0.4630378014359907


epsilon: 1.00875

m: 3.6666666666666665

Residual: 0.4186652078642833


epsilon: 1.00875

m: 3.833333333333333

Residual: 0.3905139760714951


epsilon: 1.00875

m: 4.0

Residual: 0.3804895631813944


epsilon: 1.00875

m: 4.166666666666666

Residual: 0.38733889178228464


epsilon: 1.00875

m: 4.333333333333333

Residual: 0.40817373925088274


epsilon: 1.00875

m: 4.5

Residual: 0.442626123378905


epsilon: 1.00875

m: 4.666666666666666

Residual: 0.4859506650706821


epsilon: 1.00875

m: 4.833333333333333

Residual: 0.5361151671759307


epsilon: 1.00875

m: 5.0

Residual: 0.5905881435659059


epsilon: 1.00875

m: 5.166666666666666

Residual: 0.6442331789273612


epsilon: 1.00875

m: 5.333333333333333

Residual: 0.6904332210963942


epsilon: 1.00875

m: 5.5

Residual: 0.7291969086240622


epsilon: 1.00875

m: 5.666666666666666

Residual: 0.7638906590470756


epsilon: 1.00875

m: 5.833333333333333

Residual: 0.7923864479402914


epsilon: 1.00875

m: 6.0

Residual: 0.8166859002721429


epsilon: 1.00875

m: 6.166666666666666

Residual: 0.8382455487752279


epsilon: 1.00875

m: 6.333333333333333

Residual: 0.8554120828753656


epsilon: 1.00875

m: 6.5

Residual: 0.8709583255001069


epsilon: 1.00875

m: 6.666666666666666

Residual: 0.8848914758747529


epsilon: 1.00875

m: 6.833333333333333

Residual: 0.8964770618550748


epsilon: 1.00875

m: 7.0

Residual: 0.9064537124248546


epsilon: 1.3416666666666668

m: 3.0

Residual: 0.7263847478193698


epsilon: 1.3416666666666668

m: 3.1666666666666665

Residual: 0.6462634747032093


epsilon: 1.3416666666666668

m: 3.3333333333333335

Residual: 0.5810744246187743


epsilon: 1.3416666666666668

m: 3.5

Residual: 0.512076904773292


epsilon: 1.3416666666666668

m: 3.6666666666666665

Residual: 0.4565147465698654


epsilon: 1.3416666666666668

m: 3.833333333333333

Residual: 0.409320157020797


epsilon: 1.3416666666666668

m: 4.0

Residual: 0.3795745163841611


epsilon: 1.3416666666666668

m: 4.166666666666666

Residual: 0.36549624899233385


epsilon: 1.3416666666666668

m: 4.333333333333333

Residual: 0.3668832884113539


epsilon: 1.3416666666666668

m: 4.5

Residual: 0.38412134142114884


epsilon: 1.3416666666666668

m: 4.666666666666666

Residual: 0.41328477131714886


epsilon: 1.3416666666666668

m: 4.833333333333333

Residual: 0.45315726068288703


epsilon: 1.3416666666666668

m: 5.0

Residual: 0.5009025629856682


epsilon: 1.3416666666666668

m: 5.166666666666666

Residual: 0.5538997356812299


epsilon: 1.3416666666666668

m: 5.333333333333333

Residual: 0.607604638514279


epsilon: 1.3416666666666668

m: 5.5

Residual: 0.6554583741320558


epsilon: 1.3416666666666668

m: 5.666666666666666

Residual: 0.6962028374425071


epsilon: 1.3416666666666668

m: 5.833333333333333

Residual: 0.7331121031647836


epsilon: 1.3416666666666668

m: 6.0

Residual: 0.7626253095353597


epsilon: 1.3416666666666668

m: 6.166666666666666

Residual: 0.7882768925621295


epsilon: 1.3416666666666668

m: 6.333333333333333

Residual: 0.8125064798252856


epsilon: 1.3416666666666668

m: 6.5

Residual: 0.8316699813389018


epsilon: 1.3416666666666668

m: 6.666666666666666

Residual: 0.8495581169303998


epsilon: 1.3416666666666668

m: 6.833333333333333

Residual: 0.8624089665919454


epsilon: 1.3416666666666668

m: 7.0

Residual: 0.8778445505802532


epsilon: 1.6745833333333335

m: 3.0

Residual: 0.7746345643462513


epsilon: 1.6745833333333335

m: 3.1666666666666665

Residual: 0.7062120838757633


epsilon: 1.6745833333333335

m: 3.3333333333333335

Residual: 0.6250970795744026


epsilon: 1.6745833333333335

m: 3.5

Residual: 0.5631210681910195


epsilon: 1.6745833333333335

m: 3.6666666666666665

Residual: 0.49491437425844426


epsilon: 1.6745833333333335

m: 3.833333333333333

Residual: 0.4414874503873421


epsilon: 1.6745833333333335

m: 4.0

Residual: 0.39482852022058745


epsilon: 1.6745833333333335

m: 4.166666666666666

Residual: 0.3666502597951816


epsilon: 1.6745833333333335

m: 4.333333333333333

Residual: 0.35236605578084373


epsilon: 1.6745833333333335

m: 4.5

Residual: 0.35267449195155903


epsilon: 1.6745833333333335

m: 4.666666666666666

Residual: 0.36786607652501113


epsilon: 1.6745833333333335

m: 4.833333333333333

Residual: 0.39578185038682384


epsilon: 1.6745833333333335

m: 5.0

Residual: 0.43518758360802107


epsilon: 1.6745833333333335

m: 5.166666666666666

Residual: 0.48101418773820936


epsilon: 1.6745833333333335

m: 5.333333333333333

Residual: 0.5347861972096423


epsilon: 1.6745833333333335

m: 5.5

Residual: 0.5881617165348715


epsilon: 1.6745833333333335

m: 5.666666666666666

Residual: 0.6361823405185683


epsilon: 1.6745833333333335

m: 5.833333333333333

Residual: 0.6774194003876496


epsilon: 1.6745833333333335

m: 6.0

Residual: 0.7120135683683808


epsilon: 1.6745833333333335

m: 6.166666666666666

Residual: 0.7441405027176423


epsilon: 1.6745833333333335

m: 6.333333333333333

Residual: 0.7691558904137251


epsilon: 1.6745833333333335

m: 6.5

Residual: 0.7924121554110454


epsilon: 1.6745833333333335

m: 6.666666666666666

Residual: 0.8156628935894954


epsilon: 1.6745833333333335

m: 6.833333333333333

Residual: 0.8333790638567962


epsilon: 1.6745833333333335

m: 7.0

Residual: 0.8505136246884127


epsilon: 2.0075

m: 3.0

Residual: 0.8084393597247522


epsilon: 2.0075

m: 3.1666666666666665

Residual: 0.7487971061437766


epsilon: 2.0075

m: 3.3333333333333335

Residual: 0.6769846524309538


epsilon: 2.0075

m: 3.5

Residual: 0.6005222437194387


epsilon: 2.0075

m: 3.6666666666666665

Residual: 0.5377278685600786


epsilon: 2.0075

m: 3.833333333333333

Residual: 0.46976053533701134


epsilon: 2.0075

m: 4.0

Residual: 0.42155717403091075


epsilon: 2.0075

m: 4.166666666666666

Residual: 0.37783463839343034


epsilon: 2.0075

m: 4.333333333333333

Residual: 0.3512897321940703


epsilon: 2.0075

m: 4.5

Residual: 0.3389507035032762


epsilon: 2.0075

m: 4.666666666666666

Residual: 0.3402204794016114


epsilon: 2.0075

m: 4.833333333333333

Residual: 0.3574253252896595


epsilon: 2.0075

m: 5.0

Residual: 0.38528104565161075


epsilon: 2.0075

m: 5.166666666666666

Residual: 0.42366515149249223


epsilon: 2.0075

m: 5.333333333333333

Residual: 0.4718853942623599


epsilon: 2.0075

m: 5.5

Residual: 0.5249819715973457


epsilon: 2.0075

m: 5.666666666666666

Residual: 0.5794118828371698


epsilon: 2.0075

m: 5.833333333333333

Residual: 0.6253665976297286


epsilon: 2.0075

m: 6.0

Residual: 0.6651168737519195


epsilon: 2.0075

m: 6.166666666666666

Residual: 0.7008548347924548


epsilon: 2.0075

m: 6.333333333333333

Residual: 0.7310784004973955


epsilon: 2.0075

m: 6.5

Residual: 0.7587979863931653


epsilon: 2.0075

m: 6.666666666666666

Residual: 0.7813998071648232


epsilon: 2.0075

m: 6.833333333333333

Residual: 0.8041102760864423


epsilon: 2.0075

m: 7.0

Residual: 0.8204004768871515


epsilon: 2.3404166666666666

m: 3.0

Residual: 0.8333990343326425


epsilon: 2.3404166666666666

m: 3.1666666666666665

Residual: 0.780640233441452


epsilon: 2.3404166666666666

m: 3.3333333333333335

Residual: 0.7165003895927224


epsilon: 2.3404166666666666

m: 3.5

Residual: 0.6407634769600241


epsilon: 2.3404166666666666

m: 3.6666666666666665

Residual: 0.5712426899618108


epsilon: 2.3404166666666666

m: 3.833333333333333

Residual: 0.5073781684568153


epsilon: 2.3404166666666666

m: 4.0

Residual: 0.4438953069104224


epsilon: 2.3404166666666666

m: 4.166666666666666

Residual: 0.39776612211354195


epsilon: 2.3404166666666666

m: 4.333333333333333

Residual: 0.3598413638397293


epsilon: 2.3404166666666666

m: 4.5

Residual: 0.33537366052113843


epsilon: 2.3404166666666666

m: 4.666666666666666

Residual: 0.32665620002590623


epsilon: 2.3404166666666666

m: 4.833333333333333

Residual: 0.33253257407419523


epsilon: 2.3404166666666666

m: 5.0

Residual: 0.35049238844501096


epsilon: 2.3404166666666666

m: 5.166666666666666

Residual: 0.3818714968184554


epsilon: 2.3404166666666666

m: 5.333333333333333

Residual: 0.4217100655688661


epsilon: 2.3404166666666666

m: 5.5

Residual: 0.4719525111584234


epsilon: 2.3404166666666666

m: 5.666666666666666

Residual: 0.524022569491811


epsilon: 2.3404166666666666

m: 5.833333333333333

Residual: 0.5772076238622184


epsilon: 2.3404166666666666

m: 6.0

Residual: 0.6205832011308084


epsilon: 2.3404166666666666

m: 6.166666666666666

Residual: 0.6615387664625757


epsilon: 2.3404166666666666

m: 6.333333333333333

Residual: 0.6923989350388235


epsilon: 2.3404166666666666

m: 6.5

Residual: 0.7244004955703708


epsilon: 2.3404166666666666

m: 6.666666666666666

Residual: 0.7522089580143433


epsilon: 2.3404166666666666

m: 6.833333333333333

Residual: 0.7731874336227224


epsilon: 2.3404166666666666

m: 7.0

Residual: 0.7963234857350246


epsilon: 2.6733333333333333

m: 3.0

Residual: 0.8526326715341471


epsilon: 2.6733333333333333

m: 3.1666666666666665

Residual: 0.8052870319021874


epsilon: 2.6733333333333333

m: 3.3333333333333335

Residual: 0.7473043011405642


epsilon: 2.6733333333333333

m: 3.5

Residual: 0.6782879024273123


epsilon: 2.6733333333333333

m: 3.6666666666666665

Residual: 0.59838656249575


epsilon: 2.6733333333333333

m: 3.833333333333333

Residual: 0.5377516608722684


epsilon: 2.6733333333333333

m: 4.0

Residual: 0.4735220427875489


epsilon: 2.6733333333333333

m: 4.166666666666666

Residual: 0.4175921580302348


epsilon: 2.6733333333333333

m: 4.333333333333333

Residual: 0.37240295253034233


epsilon: 2.6733333333333333

m: 4.5

Residual: 0.3416254240297261


epsilon: 2.6733333333333333

m: 4.666666666666666

Residual: 0.3222617803463582


epsilon: 2.6733333333333333

m: 4.833333333333333

Residual: 0.3174454832462224


epsilon: 2.6733333333333333

m: 5.0

Residual: 0.327118826683333


epsilon: 2.6733333333333333

m: 5.166666666666666

Residual: 0.3475227391651267


epsilon: 2.6733333333333333

m: 5.333333333333333

Residual: 0.38132154476507224


epsilon: 2.6733333333333333

m: 5.5

Residual: 0.4230612853664943


epsilon: 2.6733333333333333

m: 5.666666666666666

Residual: 0.475974654099306


epsilon: 2.6733333333333333

m: 5.833333333333333

Residual: 0.5297651747500106


epsilon: 2.6733333333333333

m: 6.0

Residual: 0.5762393642524575


epsilon: 2.6733333333333333

m: 6.166666666666666

Residual: 0.6194051148081112


epsilon: 2.6733333333333333

m: 6.333333333333333

Residual: 0.6576186234804424


epsilon: 2.6733333333333333

m: 6.5

Residual: 0.6902473600764929


epsilon: 2.6733333333333333

m: 6.666666666666666

Residual: 0.7194210742605244


epsilon: 2.6733333333333333

m: 6.833333333333333

Residual: 0.7463713579552982


epsilon: 2.6733333333333333

m: 7.0

Residual: 0.7698361502056652


epsilon: 3.00625

m: 3.0

Residual: 0.867855081970133


epsilon: 3.00625

m: 3.1666666666666665

Residual: 0.8249674440887202


epsilon: 3.00625

m: 3.3333333333333335

Residual: 0.7720995018082317


epsilon: 3.00625

m: 3.5

Residual: 0.7087368766540596


epsilon: 3.00625

m: 3.6666666666666665

Residual: 0.63488274369376


epsilon: 3.00625

m: 3.833333333333333

Residual: 0.5630979430223665


epsilon: 3.00625

m: 4.0

Residual: 0.5018046835670872


epsilon: 3.00625

m: 4.166666666666666

Residual: 0.43717997935545755


epsilon: 3.00625

m: 4.333333333333333

Residual: 0.39052638875281315


epsilon: 3.00625

m: 4.5

Residual: 0.347503817992324


epsilon: 3.00625

m: 4.666666666666666

Residual: 0.3234247833478873


epsilon: 3.00625

m: 4.833333333333333

Residual: 0.30983164689722636


epsilon: 3.00625

m: 5.0

Residual: 0.30962078949899124


epsilon: 3.00625

m: 5.166666666666666

Residual: 0.3223506712016245


epsilon: 3.00625

m: 5.333333333333333

Residual: 0.34728503280992046


epsilon: 3.00625

m: 5.5

Residual: 0.38596671372478186


epsilon: 3.00625

m: 5.666666666666666

Residual: 0.4311213091445785


epsilon: 3.00625

m: 5.833333333333333

Residual: 0.48439381337621507


epsilon: 3.00625

m: 6.0

Residual: 0.5378061193588694


epsilon: 3.00625

m: 6.166666666666666

Residual: 0.5819325991782746


epsilon: 3.00625

m: 6.333333333333333

Residual: 0.6221739221878041


epsilon: 3.00625

m: 6.5

Residual: 0.6595611947258446


epsilon: 3.00625

m: 6.666666666666666

Residual: 0.691990306973331


epsilon: 3.00625

m: 6.833333333333333

Residual: 0.7166040491786864


epsilon: 3.00625

m: 7.0

Residual: 0.744269192002872


epsilon: 3.339166666666667

m: 3.0

Residual: 0.8802556054903911


epsilon: 3.339166666666667

m: 3.1666666666666665

Residual: 0.8410351561341118


epsilon: 3.339166666666667

m: 3.3333333333333335

Residual: 0.7924891749028007


epsilon: 3.339166666666667

m: 3.5

Residual: 0.7339003392877969


epsilon: 3.339166666666667

m: 3.6666666666666665

Residual: 0.6651301779335236


epsilon: 3.339166666666667

m: 3.833333333333333

Residual: 0.5867619966100077


epsilon: 3.339166666666667

m: 4.0

Residual: 0.5256096975340345


epsilon: 3.339166666666667

m: 4.166666666666666

Residual: 0.4631846374458334


epsilon: 3.339166666666667

m: 4.333333333333333

Residual: 0.4056169777179906


epsilon: 3.339166666666667

m: 4.5

Residual: 0.3625032745216247


epsilon: 3.339166666666667

m: 4.666666666666666

Residual: 0.32829405726283056


epsilon: 3.339166666666667

m: 4.833333333333333

Residual: 0.3060520128999771


epsilon: 3.339166666666667

m: 5.0

Residual: 0.2980333983548723


epsilon: 3.339166666666667

m: 5.166666666666666

Residual: 0.3050591215328952


epsilon: 3.339166666666667

m: 5.333333333333333

Residual: 0.32133560805955


epsilon: 3.339166666666667

m: 5.5

Residual: 0.35374223146226846


epsilon: 3.339166666666667

m: 5.666666666666666

Residual: 0.3961028042547936


epsilon: 3.339166666666667

m: 5.833333333333333

Residual: 0.4443145266058867


epsilon: 3.339166666666667

m: 6.0

Residual: 0.4976236692209925


epsilon: 3.339166666666667

m: 6.166666666666666

Residual: 0.5461140771646001


epsilon: 3.339166666666667

m: 6.333333333333333

Residual: 0.5899347602252799


epsilon: 3.339166666666667

m: 6.5

Residual: 0.6268513090104122


epsilon: 3.339166666666667

m: 6.666666666666666

Residual: 0.6629753380028418


epsilon: 3.339166666666667

m: 6.833333333333333

Residual: 0.6925839818149808


epsilon: 3.339166666666667

m: 7.0

Residual: 0.7194344324429776


epsilon: 3.6720833333333336

m: 3.0

Residual: 0.8905090669394488


epsilon: 3.6720833333333336

m: 3.1666666666666665

Residual: 0.8543858026370824


epsilon: 3.6720833333333336

m: 3.3333333333333335

Residual: 0.8095111478449543


epsilon: 3.6720833333333336

m: 3.5

Residual: 0.755083582248255


epsilon: 3.6720833333333336

m: 3.6666666666666665

Residual: 0.6908262788117653


epsilon: 3.6720833333333336

m: 3.833333333333333

Residual: 0.6170336337583255


epsilon: 3.6720833333333336

m: 4.0

Residual: 0.5461620491631617


epsilon: 3.6720833333333336

m: 4.166666666666666

Residual: 0.48605902411142254


epsilon: 3.6720833333333336

m: 4.333333333333333

Residual: 0.4236815206377578


epsilon: 3.6720833333333336

m: 4.5

Residual: 0.37592864782707974


epsilon: 3.6720833333333336

m: 4.666666666666666

Residual: 0.33487748060518907


epsilon: 3.6720833333333336

m: 4.833333333333333

Residual: 0.30817167360944386


epsilon: 3.6720833333333336

m: 5.0

Residual: 0.29478818630744263


epsilon: 3.6720833333333336

m: 5.166666666666666

Residual: 0.29164084435611476


epsilon: 3.6720833333333336

m: 5.333333333333333

Residual: 0.30277419716286763


epsilon: 3.6720833333333336

m: 5.5

Residual: 0.3247079767192459


epsilon: 3.6720833333333336

m: 5.666666666666666

Residual: 0.3605413656664965


epsilon: 3.6720833333333336

m: 5.833333333333333

Residual: 0.4064640047255722


epsilon: 3.6720833333333336

m: 6.0

Residual: 0.46167485964677824


epsilon: 3.6720833333333336

m: 6.166666666666666

Residual: 0.5120437387541881


epsilon: 3.6720833333333336

m: 6.333333333333333

Residual: 0.5557789658513309


epsilon: 3.6720833333333336

m: 6.5

Residual: 0.5961070993276233


epsilon: 3.6720833333333336

m: 6.666666666666666

Residual: 0.6327926647152782


epsilon: 3.6720833333333336

m: 6.833333333333333

Residual: 0.666650149157407


epsilon: 3.6720833333333336

m: 7.0

Residual: 0.6961447261750281


epsilon: 4.005

m: 3.0

Residual: 0.899157638577734


epsilon: 4.005

m: 3.1666666666666665

Residual: 0.8657078560578544


epsilon: 4.005

m: 3.3333333333333335

Residual: 0.823955700232029


epsilon: 4.005

m: 3.5

Residual: 0.7731320134806753


epsilon: 4.005

m: 3.6666666666666665

Residual: 0.712837145171273


epsilon: 4.005

m: 3.833333333333333

Residual: 0.6431554366799197


epsilon: 4.005

m: 4.0

Residual: 0.5647730130099016


epsilon: 4.005

m: 4.166666666666666

Residual: 0.5064073747370651


epsilon: 4.005

m: 4.333333333333333

Residual: 0.445584302252171


epsilon: 4.005

m: 4.5

Residual: 0.3887825153775796


epsilon: 4.005

m: 4.666666666666666

Residual: 0.3475401298098342


epsilon: 4.005

m: 4.833333333333333

Residual: 0.3129665677358834


epsilon: 4.005

m: 5.0

Residual: 0.29177071576044433


epsilon: 4.005

m: 5.166666666666666

Residual: 0.2833707261741416


epsilon: 4.005

m: 5.333333333333333

Residual: 0.2871780300623321


epsilon: 4.005

m: 5.5

Residual: 0.30287795015703983


epsilon: 4.005

m: 5.666666666666666

Residual: 0.33427816586919196


epsilon: 4.005

m: 5.833333333333333

Residual: 0.37548519390820984


epsilon: 4.005

m: 6.0

Residual: 0.4254157488134308


epsilon: 4.005

m: 6.166666666666666

Residual: 0.48058806935132126


epsilon: 4.005

m: 6.333333333333333

Residual: 0.5258621730300332


epsilon: 4.005

m: 6.5

Residual: 0.5707695838393467


epsilon: 4.005

m: 6.666666666666666

Residual: 0.6064982541366769


epsilon: 4.005

m: 6.833333333333333

Residual: 0.6415302443711564


epsilon: 4.005

m: 7.0

Residual: 0.6724621731621863


epsilon: 4.337916666666667

m: 3.0

Residual: 0.9065258489255824


epsilon: 4.337916666666667

m: 3.1666666666666665

Residual: 0.8753694322872864


epsilon: 4.337916666666667

m: 3.3333333333333335

Residual: 0.8363662782786314


epsilon: 4.337916666666667

m: 3.5

Residual: 0.7887118235636474


epsilon: 4.337916666666667

m: 3.6666666666666665

Residual: 0.7319064296003012


epsilon: 4.337916666666667

m: 3.833333333333333

Residual: 0.6660431275683246


epsilon: 4.337916666666667

m: 4.0

Residual: 0.5913428379363103


epsilon: 4.337916666666667

m: 4.166666666666666

Residual: 0.5241870096086715


epsilon: 4.337916666666667

m: 4.333333333333333

Residual: 0.46487986327728426


epsilon: 4.337916666666667

m: 4.5

Residual: 0.40383988803141246


epsilon: 4.337916666666667

m: 4.666666666666666

Residual: 0.35843404906011583


epsilon: 4.337916666666667

m: 4.833333333333333

Residual: 0.3185642748599951


epsilon: 4.337916666666667

m: 5.0

Residual: 0.29480496642492143


epsilon: 4.337916666666667

m: 5.166666666666666

Residual: 0.2796562793759507


epsilon: 4.337916666666667

m: 5.333333333333333

Residual: 0.2770604790674746


epsilon: 4.337916666666667

m: 5.5

Residual: 0.2872482987008579


epsilon: 4.337916666666667

m: 5.666666666666666

Residual: 0.31135108091572045


epsilon: 4.337916666666667

m: 5.833333333333333

Residual: 0.34840122233967774


epsilon: 4.337916666666667

m: 6.0

Residual: 0.39418771078304504


epsilon: 4.337916666666667

m: 6.166666666666666

Residual: 0.44826319576261237


epsilon: 4.337916666666667

m: 6.333333333333333

Residual: 0.49594196979607624


epsilon: 4.337916666666667

m: 6.5

Residual: 0.5415871038848086


epsilon: 4.337916666666667

m: 6.666666666666666

Residual: 0.5834189322639125


epsilon: 4.337916666666667

m: 6.833333333333333

Residual: 0.6189615043125931


epsilon: 4.337916666666667

m: 7.0

Residual: 0.6435403251708293


epsilon: 4.670833333333333

m: 3.0

Residual: 0.9129074280236634


epsilon: 4.670833333333333

m: 3.1666666666666665

Residual: 0.8837250959624208


epsilon: 4.670833333333333

m: 3.3333333333333335

Residual: 0.8471420069656


epsilon: 4.670833333333333

m: 3.5

Residual: 0.802279857588853


epsilon: 4.670833333333333

m: 3.6666666666666665

Residual: 0.7486432984702288


epsilon: 4.670833333333333

m: 3.833333333333333

Residual: 0.6860407319856224


epsilon: 4.670833333333333

m: 4.0

Residual: 0.6149126110267238


epsilon: 4.670833333333333

m: 4.166666666666666

Residual: 0.5399550290436546


epsilon: 4.670833333333333

m: 4.333333333333333

Residual: 0.48237044380147076


epsilon: 4.670833333333333

m: 4.5

Residual: 0.42323998100489185


epsilon: 4.670833333333333

m: 4.666666666666666

Residual: 0.368686039521043


epsilon: 4.670833333333333

m: 4.833333333333333

Residual: 0.3279812975780455


epsilon: 4.670833333333333

m: 5.0

Residual: 0.2961466187243194


epsilon: 4.670833333333333

m: 5.166666666666666

Residual: 0.27611413583244


epsilon: 4.670833333333333

m: 5.333333333333333

Residual: 0.2676181984934082


epsilon: 4.670833333333333

m: 5.5

Residual: 0.2745842980742181


epsilon: 4.670833333333333

m: 5.666666666666666

Residual: 0.29226443658529033


epsilon: 4.670833333333333

m: 5.833333333333333

Residual: 0.32119813711528883


epsilon: 4.670833333333333

m: 6.0

Residual: 0.36681040571599816


epsilon: 4.670833333333333

m: 6.166666666666666

Residual: 0.4174160677230449


epsilon: 4.670833333333333

m: 6.333333333333333

Residual: 0.468547393839578


epsilon: 4.670833333333333

m: 6.5

Residual: 0.5116306507964898


epsilon: 4.670833333333333

m: 6.666666666666666

Residual: 0.5564709388246896


epsilon: 4.670833333333333

m: 6.833333333333333

Residual: 0.5944813115863514


epsilon: 4.670833333333333

m: 7.0

Residual: 0.6275921218519078


epsilon: 5.00375

m: 3.0

Residual: 0.918458159600714


epsilon: 5.00375

m: 3.1666666666666665

Residual: 0.891028068489839


epsilon: 5.00375

m: 3.3333333333333335

Residual: 0.8565499036677083


epsilon: 5.00375

m: 3.5

Residual: 0.8142702404332511


epsilon: 5.00375

m: 3.6666666666666665

Residual: 0.7633990765200319


epsilon: 5.00375

m: 3.833333333333333

Residual: 0.7038680306883724


epsilon: 5.00375

m: 4.0

Residual: 0.6360547295577481


epsilon: 5.00375

m: 4.166666666666666

Residual: 0.5605422643547384


epsilon: 5.00375

m: 4.333333333333333

Residual: 0.49856021980680393


epsilon: 5.00375

m: 4.5

Residual: 0.43984281173454476


epsilon: 5.00375

m: 4.666666666666666

Residual: 0.3801898645936621


epsilon: 5.00375

m: 4.833333333333333

Residual: 0.3382928779094426


epsilon: 5.00375

m: 5.0

Residual: 0.3007205276898019


epsilon: 5.00375

m: 5.166666666666666

Residual: 0.2783237823001348


epsilon: 5.00375

m: 5.333333333333333

Residual: 0.264660272336502


epsilon: 5.00375

m: 5.5

Residual: 0.26509642311774057


epsilon: 5.00375

m: 5.666666666666666

Residual: 0.27548051609877283


epsilon: 5.00375

m: 5.833333333333333

Residual: 0.3021394747439144


epsilon: 5.00375

m: 6.0

Residual: 0.33823329476111264


epsilon: 5.00375

m: 6.166666666666666

Residual: 0.3901759031274608


epsilon: 5.00375

m: 6.333333333333333

Residual: 0.44278699521554693


epsilon: 5.00375

m: 6.5

Residual: 0.4903673138191745


epsilon: 5.00375

m: 6.666666666666666

Residual: 0.5346194619478253


epsilon: 5.00375

m: 6.833333333333333

Residual: 0.5719332699716898


epsilon: 5.00375

m: 7.0

Residual: 0.6097914005280388


epsilon: 5.336666666666667

m: 3.0

Residual: 0.9233593664511461


epsilon: 5.336666666666667

m: 3.1666666666666665

Residual: 0.897470547663916


epsilon: 5.336666666666667

m: 3.3333333333333335

Residual: 0.8649331979809097


epsilon: 5.336666666666667

m: 3.5

Residual: 0.8247883279003694


epsilon: 5.336666666666667

m: 3.6666666666666665

Residual: 0.7764748645952085


epsilon: 5.336666666666667

m: 3.833333333333333

Residual: 0.7197825877091328


epsilon: 5.336666666666667

m: 4.0

Residual: 0.6546957146357009


epsilon: 5.336666666666667

m: 4.166666666666666

Residual: 0.582237898823744


epsilon: 5.336666666666667

m: 4.333333333333333

Residual: 0.5126850996451684


epsilon: 5.336666666666667

m: 4.5

Residual: 0.4555086931381367


epsilon: 5.336666666666667

m: 4.666666666666666

Residual: 0.3969677845047295


epsilon: 5.336666666666667

m: 4.833333333333333

Residual: 0.34707540133871817


epsilon: 5.336666666666667

m: 5.0

Residual: 0.30909186498326585


epsilon: 5.336666666666667

m: 5.166666666666666

Residual: 0.2800799156556618


epsilon: 5.336666666666667

m: 5.333333333333333

Residual: 0.26247490474685214


epsilon: 5.336666666666667

m: 5.5

Residual: 0.25720291390660305


epsilon: 5.336666666666667

m: 5.666666666666666

Residual: 0.2637795546480683


epsilon: 5.336666666666667

m: 5.833333333333333

Residual: 0.2826385947056508


epsilon: 5.336666666666667

m: 6.0

Residual: 0.31384517706363907


epsilon: 5.336666666666667

m: 6.166666666666666

Residual: 0.3628822177972008


epsilon: 5.336666666666667

m: 6.333333333333333

Residual: 0.4154684025381622


epsilon: 5.336666666666667

m: 6.5

Residual: 0.46589223594539286


epsilon: 5.336666666666667

m: 6.666666666666666

Residual: 0.5073946623464348


epsilon: 5.336666666666667

m: 6.833333333333333

Residual: 0.5489081909259788


epsilon: 5.336666666666667

m: 7.0

Residual: 0.588324693479915


epsilon: 5.669583333333334

m: 3.0

Residual: 0.9276952982384533


epsilon: 5.669583333333334

m: 3.1666666666666665

Residual: 0.9032151039452166


epsilon: 5.669583333333334

m: 3.3333333333333335

Residual: 0.8723506508980913


epsilon: 5.669583333333334

m: 3.5

Residual: 0.8342358883134915


epsilon: 5.669583333333334

m: 3.6666666666666665

Residual: 0.78820091187358


epsilon: 5.669583333333334

m: 3.833333333333333

Residual: 0.7340035760517445


epsilon: 5.669583333333334

m: 4.0

Residual: 0.6715381206724349


epsilon: 5.669583333333334

m: 4.166666666666666

Residual: 0.6017766848555484


epsilon: 5.669583333333334

m: 4.333333333333333

Residual: 0.5253131412896623


epsilon: 5.669583333333334

m: 4.5

Residual: 0.4692953066038943


epsilon: 5.669583333333334

m: 4.666666666666666

Residual: 0.4121572490256505


epsilon: 5.669583333333334

m: 4.833333333333333

Residual: 0.35503310537590965


epsilon: 5.669583333333334

m: 5.0

Residual: 0.3185490194542881


epsilon: 5.669583333333334

m: 5.166666666666666

Residual: 0.2801516787142372


epsilon: 5.669583333333334

m: 5.333333333333333

Residual: 0.2619414172157065


epsilon: 5.669583333333334

m: 5.5

Residual: 0.25147987299656605


epsilon: 5.669583333333334

m: 5.666666666666666

Residual: 0.25381897174025125


epsilon: 5.669583333333334

m: 5.833333333333333

Residual: 0.26748972961426193


epsilon: 5.669583333333334

m: 6.0

Residual: 0.29584913297726506


epsilon: 5.669583333333334

m: 6.166666666666666

Residual: 0.3351938351740206


epsilon: 5.669583333333334

m: 6.333333333333333

Residual: 0.3914580507332155


epsilon: 5.669583333333334

m: 6.5

Residual: 0.4444784786907749


epsilon: 5.669583333333334

m: 6.666666666666666

Residual: 0.48206252453149334


epsilon: 5.669583333333334

m: 6.833333333333333

Residual: 0.5298837200595548


epsilon: 5.669583333333334

m: 7.0

Residual: 0.5628413803443232


epsilon: 6.0025

m: 3.0

Residual: 0.931561845093425


epsilon: 6.0025

m: 3.1666666666666665

Residual: 0.9083387574903627


epsilon: 6.0025

m: 3.3333333333333335

Residual: 0.8789910972944323


epsilon: 6.0025

m: 3.5

Residual: 0.8426513664590326


epsilon: 6.0025

m: 3.6666666666666665

Residual: 0.7988076840884459


epsilon: 6.0025

m: 3.833333333333333

Residual: 0.7468728621165651


epsilon: 6.0025

m: 4.0

Residual: 0.6870973726957083


epsilon: 6.0025

m: 4.166666666666666

Residual: 0.6194691507916776


epsilon: 6.0025

m: 4.333333333333333

Residual: 0.5456174787131728


epsilon: 6.0025

m: 4.5

Residual: 0.4825889849423105


epsilon: 6.0025

m: 4.666666666666666

Residual: 0.42664636879579126


epsilon: 6.0025

m: 4.833333333333333

Residual: 0.36925562815249197


epsilon: 6.0025

m: 5.0

Residual: 0.3234831396634056


epsilon: 6.0025

m: 5.166666666666666

Residual: 0.28686998647290873


epsilon: 6.0025

m: 5.333333333333333

Residual: 0.26304285980322545


epsilon: 6.0025

m: 5.5

Residual: 0.24717269892910426


epsilon: 6.0025

m: 5.666666666666666

Residual: 0.2468323046933309


epsilon: 6.0025

m: 5.833333333333333

Residual: 0.2555242479230459


epsilon: 6.0025

m: 6.0

Residual: 0.27503780983758824


epsilon: 6.0025

m: 6.166666666666666

Residual: 0.3129818994303786


epsilon: 6.0025

m: 6.333333333333333

Residual: 0.367000023515976


epsilon: 6.0025

m: 6.5

Residual: 0.4159390936195913


epsilon: 6.0025

m: 6.666666666666666

Residual: 0.4650878627760956


epsilon: 6.0025

m: 6.833333333333333

Residual: 0.5087810042243337


epsilon: 6.0025

m: 7.0

Residual: 0.5461666411425581


epsilon: 6.335416666666667

m: 3.0

Residual: 0.9350507997706092


epsilon: 6.335416666666667

m: 3.1666666666666665

Residual: 0.9129467260951798


epsilon: 6.335416666666667

m: 3.3333333333333335

Residual: 0.8849908242754807


epsilon: 6.335416666666667

m: 3.5

Residual: 0.8503294571837351


epsilon: 6.335416666666667

m: 3.6666666666666665

Residual: 0.808359207826843


epsilon: 6.335416666666667

m: 3.833333333333333

Residual: 0.7585274921241101


epsilon: 6.335416666666667

m: 4.0

Residual: 0.7011084925835968


epsilon: 6.335416666666667

m: 4.166666666666666

Residual: 0.63609222066749


epsilon: 6.335416666666667

m: 4.333333333333333

Residual: 0.5642910878003958


epsilon: 6.335416666666667

m: 4.5

Residual: 0.4950905837339223


epsilon: 6.335416666666667

m: 4.666666666666666

Residual: 0.4393775557151989


epsilon: 6.335416666666667

m: 4.833333333333333

Residual: 0.3832537101548415


epsilon: 6.335416666666667

m: 5.0

Residual: 0.3313378537527373


epsilon: 6.335416666666667

m: 5.166666666666666

Residual: 0.2954522229799551


epsilon: 6.335416666666667

m: 5.333333333333333

Residual: 0.26435173727492156


epsilon: 6.335416666666667

m: 5.5

Residual: 0.24630192536777262


epsilon: 6.335416666666667

m: 5.666666666666666

Residual: 0.2390452697157506


epsilon: 6.335416666666667

m: 5.833333333333333

Residual: 0.2412802165357935


epsilon: 6.335416666666667

m: 6.0

Residual: 0.2617615141707978


epsilon: 6.335416666666667

m: 6.166666666666666

Residual: 0.29397060062516794


epsilon: 6.335416666666667

m: 6.333333333333333

Residual: 0.341123532353641


epsilon: 6.335416666666667

m: 6.5

Residual: 0.3946332001325646


epsilon: 6.335416666666667

m: 6.666666666666666

Residual: 0.4430365805445146


epsilon: 6.335416666666667

m: 6.833333333333333

Residual: 0.48673965852685885


epsilon: 6.335416666666667

m: 7.0

Residual: 0.5257083362663459


epsilon: 6.668333333333334

m: 3.0

Residual: 0.9381876510510425


epsilon: 6.668333333333334

m: 3.1666666666666665

Residual: 0.9171152634525821


epsilon: 6.668333333333334

m: 3.3333333333333335

Residual: 0.8904271477725635


epsilon: 6.668333333333334

m: 3.5

Residual: 0.8572717379809954


epsilon: 6.668333333333334

m: 3.6666666666666665

Residual: 0.8170528170490797


epsilon: 6.668333333333334

m: 3.833333333333333

Residual: 0.7692603469312008


epsilon: 6.668333333333334

m: 4.0

Residual: 0.7138579329778448


epsilon: 6.668333333333334

m: 4.166666666666666

Residual: 0.6509397351210663


epsilon: 6.668333333333334

m: 4.333333333333333

Residual: 0.5816157699120854


epsilon: 6.668333333333334

m: 4.5

Residual: 0.506580456755163


epsilon: 6.668333333333334

m: 4.666666666666666

Residual: 0.45233339110230103


epsilon: 6.668333333333334

m: 4.833333333333333

Residual: 0.39677700274086686


epsilon: 6.668333333333334

m: 5.0

Residual: 0.34113408072115053


epsilon: 6.668333333333334

m: 5.166666666666666

Residual: 0.30288878211068654


epsilon: 6.668333333333334

m: 5.333333333333333

Residual: 0.26790153988396037


epsilon: 6.668333333333334

m: 5.5

Residual: 0.2471610667109208


epsilon: 6.668333333333334

m: 5.666666666666666

Residual: 0.23573394490535027


epsilon: 6.668333333333334

m: 5.833333333333333

Residual: 0.23616940853794108


epsilon: 6.668333333333334

m: 6.0

Residual: 0.24762123512776377


epsilon: 6.668333333333334

m: 6.166666666666666

Residual: 0.27608000564713536


epsilon: 6.668333333333334

m: 6.333333333333333

Residual: 0.3204400236691452


epsilon: 6.668333333333334

m: 6.5

Residual: 0.36973711730455255


epsilon: 6.668333333333334

m: 6.666666666666666

Residual: 0.4220006265024725


epsilon: 6.668333333333334

m: 6.833333333333333

Residual: 0.4629713428357678


epsilon: 6.668333333333334

m: 7.0

Residual: 0.5089449609365282


epsilon: 7.001250000000001

m: 3.0

Residual: 0.9410402813116834


epsilon: 7.001250000000001

m: 3.1666666666666665

Residual: 0.9208804771220868


epsilon: 7.001250000000001

m: 3.3333333333333335

Residual: 0.8953506395194757


epsilon: 7.001250000000001

m: 3.5

Residual: 0.8635938722397234


epsilon: 7.001250000000001

m: 3.6666666666666665

Residual: 0.825013801748009


epsilon: 7.001250000000001

m: 3.833333333333333

Residual: 0.7790202465082838


epsilon: 7.001250000000001

m: 4.0

Residual: 0.7255439105822487


epsilon: 7.001250000000001

m: 4.166666666666666

Residual: 0.6646970857613609


epsilon: 7.001250000000001

m: 4.333333333333333

Residual: 0.5974543875722709


epsilon: 7.001250000000001

m: 4.5

Residual: 0.5239695671001301


epsilon: 7.001250000000001

m: 4.666666666666666

Residual: 0.4637010969053127


epsilon: 7.001250000000001

m: 4.833333333333333

Residual: 0.40882200676525726


epsilon: 7.001250000000001

m: 5.0

Residual: 0.35318974541418807


epsilon: 7.001250000000001

m: 5.166666666666666

Residual: 0.3080984455662262


epsilon: 7.001250000000001

m: 5.333333333333333

Residual: 0.27436415864148217


epsilon: 7.001250000000001

m: 5.5

Residual: 0.24619656410383475


epsilon: 7.001250000000001

m: 5.666666666666666

Residual: 0.23207202407373118


epsilon: 7.001250000000001

m: 5.833333333333333

Residual: 0.229747869345212


epsilon: 7.001250000000001

m: 6.0

Residual: 0.23600553033519336


epsilon: 7.001250000000001

m: 6.166666666666666

Residual: 0.26060652463738054


epsilon: 7.001250000000001

m: 6.333333333333333

Residual: 0.29593291842704517


epsilon: 7.001250000000001

m: 6.5

Residual: 0.3512342848777475


epsilon: 7.001250000000001

m: 6.666666666666666

Residual: 0.40136205466538927


epsilon: 7.001250000000001

m: 6.833333333333333

Residual: 0.4442151285712025


epsilon: 7.001250000000001

m: 7.0

Residual: 0.4898529170038471


epsilon: 7.334166666666667

m: 3.0

Residual: 0.9436487781525644


epsilon: 7.334166666666667

m: 3.1666666666666665

Residual: 0.9243512821658304


epsilon: 7.334166666666667

m: 3.3333333333333335

Residual: 0.8998650007402986


epsilon: 7.334166666666667

m: 3.5

Residual: 0.8693825996420979


epsilon: 7.334166666666667

m: 3.6666666666666665

Residual: 0.832284259986764


epsilon: 7.334166666666667

m: 3.833333333333333

Residual: 0.7879913250158488


epsilon: 7.334166666666667

m: 4.0

Residual: 0.7362944253459104


epsilon: 7.334166666666667

m: 4.166666666666666

Residual: 0.677778385105456


epsilon: 7.334166666666667

m: 4.333333333333333

Residual: 0.6121199362692925


epsilon: 7.334166666666667

m: 4.5

Residual: 0.540593455170443


epsilon: 7.334166666666667

m: 4.666666666666666

Residual: 0.4737954159397794


epsilon: 7.334166666666667

m: 4.833333333333333

Residual: 0.41992250197552566


epsilon: 7.334166666666667

m: 5.0

Residual: 0.3649220114272546


epsilon: 7.334166666666667

m: 5.166666666666666

Residual: 0.31476565092913905


epsilon: 7.334166666666667

m: 5.333333333333333

Residual: 0.2802729278861955


epsilon: 7.334166666666667

m: 5.5

Residual: 0.24783952172726706


epsilon: 7.334166666666667

m: 5.666666666666666

Residual: 0.23100530399497807


epsilon: 7.334166666666667

m: 5.833333333333333

Residual: 0.22456829681547538


epsilon: 7.334166666666667

m: 6.0

Residual: 0.22821449617753067


epsilon: 7.334166666666667

m: 6.166666666666666

Residual: 0.24780390761742074


epsilon: 7.334166666666667

m: 6.333333333333333

Residual: 0.27526751947670686


epsilon: 7.334166666666667

m: 6.5

Residual: 0.3341933069994213


epsilon: 7.334166666666667

m: 6.666666666666666

Residual: 0.38119011608357184


epsilon: 7.334166666666667

m: 6.833333333333333

Residual: 0.42714032821557874


epsilon: 7.334166666666667

m: 7.0

Residual: 0.47367731510399624


epsilon: 7.667083333333334

m: 3.0

Residual: 0.946020659294378


epsilon: 7.667083333333334

m: 3.1666666666666665

Residual: 0.9275211775106342


epsilon: 7.667083333333334

m: 3.3333333333333335

Residual: 0.9039958907496696


epsilon: 7.667083333333334

m: 3.5

Residual: 0.8746929448264984


epsilon: 7.667083333333334

m: 3.6666666666666665

Residual: 0.8389634216816544


epsilon: 7.667083333333334

m: 3.833333333333333

Residual: 0.7963224884190633


epsilon: 7.667083333333334

m: 4.0

Residual: 0.7464799588537305


epsilon: 7.667083333333334

m: 4.166666666666666

Residual: 0.6892658485958586


epsilon: 7.667083333333334

m: 4.333333333333333

Residual: 0.625937383149249


epsilon: 7.667083333333334

m: 4.5

Residual: 0.5562023382116973


epsilon: 7.667083333333334

m: 4.666666666666666

Residual: 0.48314583649242804


epsilon: 7.667083333333334

m: 4.833333333333333

Residual: 0.4304849423067216


epsilon: 7.667083333333334

m: 5.0

Residual: 0.3762102834563225


epsilon: 7.667083333333334

m: 5.166666666666666

Residual: 0.32225699167169874


epsilon: 7.667083333333334

m: 5.333333333333333

Residual: 0.28579565348706


epsilon: 7.667083333333334

m: 5.5

Residual: 0.2523176279320205


epsilon: 7.667083333333334

m: 5.666666666666666

Residual: 0.23207271484977615


epsilon: 7.667083333333334

m: 5.833333333333333

Residual: 0.22034907510252363


epsilon: 7.667083333333334

m: 6.0

Residual: 0.21986341421514


epsilon: 7.667083333333334

m: 6.166666666666666

Residual: 0.23438502314803455


epsilon: 7.667083333333334

m: 6.333333333333333

Residual: 0.26374086225332427


epsilon: 7.667083333333334

m: 6.5

Residual: 0.31568522471393173


epsilon: 7.667083333333334

m: 6.666666666666666

Residual: 0.36639193806466586


epsilon: 7.667083333333334

m: 6.833333333333333

Residual: 0.4078836214084219


epsilon: 7.667083333333334

m: 7.0

Residual: 0.4518117663225863


epsilon: 8.0

m: 3.0

Residual: 0.9482185588222339


epsilon: 8.0

m: 3.1666666666666665

Residual: 0.9304186890861346


epsilon: 8.0

m: 3.3333333333333335

Residual: 0.9078171448764141


epsilon: 8.0

m: 3.5

Residual: 0.8796006741618757


epsilon: 8.0

m: 3.6666666666666665

Residual: 0.8451307205744366


epsilon: 8.0

m: 3.833333333333333

Residual: 0.8038201043638566


epsilon: 8.0

m: 4.0

Residual: 0.7555884596393667


epsilon: 8.0

m: 4.166666666666666

Residual: 0.7004511174989708


epsilon: 8.0

m: 4.333333333333333

Residual: 0.6385412830998055


epsilon: 8.0

m: 4.5

Residual: 0.57073482078612


epsilon: 8.0

m: 4.666666666666666

Residual: 0.4985544157975431


epsilon: 8.0

m: 4.833333333333333

Residual: 0.43921447870717256


epsilon: 8.0

m: 5.0

Residual: 0.3864714653934552


epsilon: 8.0

m: 5.166666666666666

Residual: 0.3336771590175924


epsilon: 8.0

m: 5.333333333333333

Residual: 0.2899402487538274


epsilon: 8.0

m: 5.5

Residual: 0.25811191316983634


epsilon: 8.0

m: 5.666666666666666

Residual: 0.23350356397832733


epsilon: 8.0

m: 5.833333333333333

Residual: 0.2154779996661294


epsilon: 8.0

m: 6.0

Residual: 0.21151487820889028


epsilon: 8.0

m: 6.166666666666666

Residual: 0.2241650073233744


epsilon: 8.0

m: 6.333333333333333

Residual: 0.2476740189552902


epsilon: 8.0

m: 6.5

Residual: 0.29062786915681926


epsilon: 8.0

m: 6.666666666666666

Residual: 0.34046357567166224


epsilon: 8.0

m: 6.833333333333333

Residual: 0.39584562890862285


epsilon: 8.0

m: 7.0

Residual: 0.4361718429162898


