epsilon: 0.01

m: 3.0

Residual: 0.8643553170700865


epsilon: 0.01

m: 3.0

Residual: 0.8643556453164788


epsilon: 0.01

m: 3.1666666666666665

Residual: 0.9013810247542375


epsilon: 0.01

m: 3.3333333333333335

Residual: 0.9277714115142549


epsilon: 0.01

m: 3.5

Residual: 0.9465935094473611


epsilon: 0.01

m: 3.6666666666666665

Residual: 0.9600740385045703


epsilon: 0.01

m: 3.833333333333333

Residual: 0.9698005637287349


epsilon: 0.01

m: 4.0

Residual: 0.9768731325200952


epsilon: 0.01

m: 4.166666666666666

Residual: 0.9820626656573596


epsilon: 0.01

m: 4.333333333333333

Residual: 0.9859197031046196


epsilon: 0.01

m: 4.5

Residual: 0.9888112485024486


epsilon: 0.01

m: 4.666666666666666

Residual: 0.9909992677499337


epsilon: 0.01

m: 4.833333333333333

Residual: 0.9926768848257878


epsilon: 0.01

m: 5.0

Residual: 0.9939837544371037


epsilon: 0.01

m: 5.166666666666666

Residual: 0.9950045875635002


epsilon: 0.01

m: 5.333333333333333

Residual: 0.9958201993054383


epsilon: 0.01

m: 5.5

Residual: 0.9964698681227779


epsilon: 0.01

m: 5.666666666666666

Residual: 0.9969866870488775


epsilon: 0.01

m: 5.833333333333333

Residual: 0.9974180398969046


epsilon: 0.01

m: 6.0

Residual: 0.9977600297945167


epsilon: 0.01

m: 6.166666666666666

Residual: 0.9980464030550646


epsilon: 0.01

m: 6.333333333333333

Residual: 0.9982865441533991


epsilon: 0.01

m: 6.5

Residual: 0.9984956380016277


epsilon: 0.01

m: 6.666666666666666

Residual: 0.9986607073989614


epsilon: 0.01

m: 6.833333333333333

Residual: 0.99880477292446


epsilon: 0.01

m: 7.0

Residual: 0.9989324802081126


epsilon: 0.3429166666666667

m: 3.0

Residual: 0.5166110685396217


epsilon: 0.3429166666666667

m: 3.1666666666666665

Residual: 0.4548028245475827


epsilon: 0.3429166666666667

m: 3.3333333333333335

Residual: 0.41576343180968406


epsilon: 0.3429166666666667

m: 3.5

Residual: 0.4014631537062213


epsilon: 0.3429166666666667

m: 3.6666666666666665

Residual: 0.41134280086054203


epsilon: 0.3429166666666667

m: 3.833333333333333

Residual: 0.44212398745331755


epsilon: 0.3429166666666667

m: 4.0

Residual: 0.4893331890529082


epsilon: 0.3429166666666667

m: 4.166666666666666

Residual: 0.547776590710539


epsilon: 0.3429166666666667

m: 4.333333333333333

Residual: 0.6119766188772178


epsilon: 0.3429166666666667

m: 4.5

Residual: 0.6764318318793316


epsilon: 0.3429166666666667

m: 4.666666666666666

Residual: 0.7315693330631386


epsilon: 0.3429166666666667

m: 4.833333333333333

Residual: 0.7764505836747423


epsilon: 0.3429166666666667

m: 5.0

Residual: 0.8124862303853344


epsilon: 0.3429166666666667

m: 5.166666666666666

Residual: 0.8421621294323944


epsilon: 0.3429166666666667

m: 5.333333333333333

Residual: 0.865842457020317


epsilon: 0.3429166666666667

m: 5.5

Residual: 0.8851430070375627


epsilon: 0.3429166666666667

m: 5.666666666666666

Residual: 0.9013626705128924


epsilon: 0.3429166666666667

m: 5.833333333333333

Residual: 0.9148694469744764


epsilon: 0.3429166666666667

m: 6.0

Residual: 0.9256867658596954


epsilon: 0.3429166666666667

m: 6.166666666666666

Residual: 0.9347591920760567


epsilon: 0.3429166666666667

m: 6.333333333333333

Residual: 0.943192237111888


epsilon: 0.3429166666666667

m: 6.5

Residual: 0.9496128929049515


epsilon: 0.3429166666666667

m: 6.666666666666666

Residual: 0.9549748416523067


epsilon: 0.3429166666666667

m: 6.833333333333333

Residual: 0.9597870320258078


epsilon: 0.3429166666666667

m: 7.0

Residual: 0.9640300754582641


epsilon: 0.6758333333333334

m: 3.0

Residual: 0.6619909015511826


epsilon: 0.6758333333333334

m: 3.1666666666666665

Residual: 0.5834193963563928


epsilon: 0.6758333333333334

m: 3.3333333333333335

Residual: 0.5034573245165369


epsilon: 0.6758333333333334

m: 3.5

Residual: 0.44319712989555227


epsilon: 0.6758333333333334

m: 3.6666666666666665

Residual: 0.39704458936275566


epsilon: 0.6758333333333334

m: 3.833333333333333

Residual: 0.37231260183958437


epsilon: 0.6758333333333334

m: 4.0

Residual: 0.3697789132036503


epsilon: 0.6758333333333334

m: 4.166666666666666

Residual: 0.3887586126154435


epsilon: 0.6758333333333334

m: 4.333333333333333

Residual: 0.4260747800268973


epsilon: 0.6758333333333334

m: 4.5

Residual: 0.4771181712639898


epsilon: 0.6758333333333334

m: 4.666666666666666

Residual: 0.5371866061374082


epsilon: 0.6758333333333334

m: 4.833333333333333

Residual: 0.6024066308618912


epsilon: 0.6758333333333334

m: 5.0

Residual: 0.6616196193019356


epsilon: 0.6758333333333334

m: 5.166666666666666

Residual: 0.710812818326593


epsilon: 0.6758333333333334

m: 5.333333333333333

Residual: 0.7514097697561132


epsilon: 0.6758333333333334

m: 5.5

Residual: 0.7857275486636826


epsilon: 0.6758333333333334

m: 5.666666666666666

Residual: 0.8150656812066943


epsilon: 0.6758333333333334

m: 5.833333333333333

Residual: 0.8390569923086911


epsilon: 0.6758333333333334

m: 6.0

Residual: 0.8595420607313233


epsilon: 0.6758333333333334

m: 6.166666666666666

Residual: 0.8761922949555224


epsilon: 0.6758333333333334

m: 6.333333333333333

Residual: 0.8901058409808577


epsilon: 0.6758333333333334

m: 6.5

Residual: 0.9027379933051108


epsilon: 0.6758333333333334

m: 6.666666666666666

Residual: 0.913181496471237


epsilon: 0.6758333333333334

m: 6.833333333333333

Residual: 0.9224585830965296


epsilon: 0.6758333333333334

m: 7.0

Residual: 0.9306461818069617


epsilon: 1.00875

m: 3.0

Residual: 0.7601739570153941


epsilon: 1.00875

m: 3.1666666666666665

Residual: 0.6790806497001435


epsilon: 1.00875

m: 3.3333333333333335

Residual: 0.5929877122545026


epsilon: 1.00875

m: 3.5

Residual: 0.5185516318989621


epsilon: 1.00875

m: 3.6666666666666665

Residual: 0.4477217805947518


epsilon: 1.00875

m: 3.833333333333333

Residual: 0.3919441410728382


epsilon: 1.00875

m: 4.0

Residual: 0.35798694194560576


epsilon: 1.00875

m: 4.166666666666666

Residual: 0.3428380122349996


epsilon: 1.00875

m: 4.333333333333333

Residual: 0.3492121569831662


epsilon: 1.00875

m: 4.5

Residual: 0.37428288878413046


epsilon: 1.00875

m: 4.666666666666666

Residual: 0.41645139389962066


epsilon: 1.00875

m: 4.833333333333333

Residual: 0.47064219927353995


epsilon: 1.00875

m: 5.0

Residual: 0.534374233337246


epsilon: 1.00875

m: 5.166666666666666

Residual: 0.5966272448704851


epsilon: 1.00875

m: 5.333333333333333

Residual: 0.6501899651168708


epsilon: 1.00875

m: 5.5

Residual: 0.6968429189536159


epsilon: 1.00875

m: 5.666666666666666

Residual: 0.7354331703209762


epsilon: 1.00875

m: 5.833333333333333

Residual: 0.7684193339033658


epsilon: 1.00875

m: 6.0

Residual: 0.7965866280440053


epsilon: 1.00875

m: 6.166666666666666

Residual: 0.820293928710316


epsilon: 1.00875

m: 6.333333333333333

Residual: 0.841761728471498


epsilon: 1.00875

m: 6.5

Residual: 0.859029969309068


epsilon: 1.00875

m: 6.666666666666666

Residual: 0.8728707671996505


epsilon: 1.00875

m: 6.833333333333333

Residual: 0.8863390404639285


epsilon: 1.00875

m: 7.0

Residual: 0.8984158157025544


epsilon: 1.3416666666666668

m: 3.0

Residual: 0.8141584984804952


epsilon: 1.3416666666666668

m: 3.1666666666666665

Residual: 0.7487167248229423


epsilon: 1.3416666666666668

m: 3.3333333333333335

Residual: 0.6681466608912734


epsilon: 1.3416666666666668

m: 3.5

Residual: 0.5809599500637795


epsilon: 1.3416666666666668

m: 3.6666666666666665

Residual: 0.5085548267457572


epsilon: 1.3416666666666668

m: 3.833333333333333

Residual: 0.43547042027326044


epsilon: 1.3416666666666668

m: 4.0

Residual: 0.3817210118583604


epsilon: 1.3416666666666668

m: 4.166666666666666

Residual: 0.34391090932145624


epsilon: 1.3416666666666668

m: 4.333333333333333

Residual: 0.3245274397992785


epsilon: 1.3416666666666668

m: 4.5

Residual: 0.32540765434496444


epsilon: 1.3416666666666668

m: 4.666666666666666

Residual: 0.3457808100480467


epsilon: 1.3416666666666668

m: 4.833333333333333

Residual: 0.38355137263850797


epsilon: 1.3416666666666668

m: 5.0

Residual: 0.4352387409466109


epsilon: 1.3416666666666668

m: 5.166666666666666

Residual: 0.49692562526195844


epsilon: 1.3416666666666668

m: 5.333333333333333

Residual: 0.5600084284469393


epsilon: 1.3416666666666668

m: 5.5

Residual: 0.6153553969255189


epsilon: 1.3416666666666668

m: 5.666666666666666

Residual: 0.66242868657677


epsilon: 1.3416666666666668

m: 5.833333333333333

Residual: 0.7033283391473362


epsilon: 1.3416666666666668

m: 6.0

Residual: 0.7375430418008184


epsilon: 1.3416666666666668

m: 6.166666666666666

Residual: 0.7672749190876651


epsilon: 1.3416666666666668

m: 6.333333333333333

Residual: 0.7945105909664255


epsilon: 1.3416666666666668

m: 6.5

Residual: 0.8158410633794152


epsilon: 1.3416666666666668

m: 6.666666666666666

Residual: 0.8348133843967991


epsilon: 1.3416666666666668

m: 6.833333333333333

Residual: 0.8510290198874232


epsilon: 1.3416666666666668

m: 7.0

Residual: 0.8671333694787065


epsilon: 1.6745833333333335

m: 3.0

Residual: 0.8482968046488173


epsilon: 1.6745833333333335

m: 3.1666666666666665

Residual: 0.7935072863620123


epsilon: 1.6745833333333335

m: 3.3333333333333335

Residual: 0.7250598078177742


epsilon: 1.6745833333333335

m: 3.5

Residual: 0.6424951043742778


epsilon: 1.6745833333333335

m: 3.6666666666666665

Residual: 0.5577094805153486


epsilon: 1.6745833333333335

m: 3.833333333333333

Residual: 0.4859969289490988


epsilon: 1.6745833333333335

m: 4.0

Residual: 0.41446977104061555


epsilon: 1.6745833333333335

m: 4.166666666666666

Residual: 0.36289955445113037


epsilon: 1.6745833333333335

m: 4.333333333333333

Residual: 0.32601684127272657


epsilon: 1.6745833333333335

m: 4.5

Residual: 0.307437853529824


epsilon: 1.6745833333333335

m: 4.666666666666666

Residual: 0.30767037736807773


epsilon: 1.6745833333333335

m: 4.833333333333333

Residual: 0.32805157690587633


epsilon: 1.6745833333333335

m: 5.0

Residual: 0.36513723171352735


epsilon: 1.6745833333333335

m: 5.166666666666666

Residual: 0.4164657542496897


epsilon: 1.6745833333333335

m: 5.333333333333333

Residual: 0.47938682935745736


epsilon: 1.6745833333333335

m: 5.5

Residual: 0.541651204573914


epsilon: 1.6745833333333335

m: 5.666666666666666

Residual: 0.5963352574450569


epsilon: 1.6745833333333335

m: 5.833333333333333

Residual: 0.6423832676057283


epsilon: 1.6745833333333335

m: 6.0

Residual: 0.6834875462166269


epsilon: 1.6745833333333335

m: 6.166666666666666

Residual: 0.7192617211119157


epsilon: 1.6745833333333335

m: 6.333333333333333

Residual: 0.7489580655319434


epsilon: 1.6745833333333335

m: 6.5

Residual: 0.7770262342806818


epsilon: 1.6745833333333335

m: 6.666666666666666

Residual: 0.7984351133119504


epsilon: 1.6745833333333335

m: 6.833333333333333

Residual: 0.8179853310194121


epsilon: 1.6745833333333335

m: 7.0

Residual: 0.8359492961840544


epsilon: 2.0075

m: 3.0

Residual: 0.8718433081279865


epsilon: 2.0075

m: 3.1666666666666665

Residual: 0.8247433717664321


epsilon: 2.0075

m: 3.3333333333333335

Residual: 0.7652875059149642


epsilon: 2.0075

m: 3.5

Residual: 0.6927003714515794


epsilon: 2.0075

m: 3.6666666666666665

Residual: 0.6069760933726388


epsilon: 2.0075

m: 3.833333333333333

Residual: 0.5274824735862959


epsilon: 2.0075

m: 4.0

Residual: 0.45601325819575617


epsilon: 2.0075

m: 4.166666666666666

Residual: 0.38934874234177475


epsilon: 2.0075

m: 4.333333333333333

Residual: 0.3398063755754176


epsilon: 2.0075

m: 4.5

Residual: 0.3065062674770397


epsilon: 2.0075

m: 4.666666666666666

Residual: 0.29053022378516763


epsilon: 2.0075

m: 4.833333333333333

Residual: 0.2929750316462947


epsilon: 2.0075

m: 5.0

Residual: 0.3159870717862715


epsilon: 2.0075

m: 5.166666666666666

Residual: 0.3554074638909831


epsilon: 2.0075

m: 5.333333333333333

Residual: 0.4100773073941459


epsilon: 2.0075

m: 5.5

Residual: 0.4754057030158183


epsilon: 2.0075

m: 5.666666666666666

Residual: 0.5344199680864713


epsilon: 2.0075

m: 5.833333333333333

Residual: 0.586148378641809


epsilon: 2.0075

m: 6.0

Residual: 0.6324170162451812


epsilon: 2.0075

m: 6.166666666666666

Residual: 0.6716032126144182


epsilon: 2.0075

m: 6.333333333333333

Residual: 0.7062085031716103


epsilon: 2.0075

m: 6.5

Residual: 0.7366349452809322


epsilon: 2.0075

m: 6.666666666666666

Residual: 0.7631514597414706


epsilon: 2.0075

m: 6.833333333333333

Residual: 0.7857174782027646


epsilon: 2.0075

m: 7.0

Residual: 0.8043670479335369


epsilon: 2.3404166666666666

m: 3.0

Residual: 0.8890556781497573


epsilon: 2.3404166666666666

m: 3.1666666666666665

Residual: 0.8477912222305048


epsilon: 2.3404166666666666

m: 3.3333333333333335

Residual: 0.7952879281684506


epsilon: 2.3404166666666666

m: 3.5

Residual: 0.7304919029342428


epsilon: 2.3404166666666666

m: 3.6666666666666665

Residual: 0.6531934405316172


epsilon: 2.3404166666666666

m: 3.833333333333333

Residual: 0.5640854932480037


epsilon: 2.3404166666666666

m: 4.0

Residual: 0.4925788786618775


epsilon: 2.3404166666666666

m: 4.166666666666666

Residual: 0.42124635894806933


epsilon: 2.3404166666666666

m: 4.333333333333333

Residual: 0.36173214087058203


epsilon: 2.3404166666666666

m: 4.5

Residual: 0.31388315042645765


epsilon: 2.3404166666666666

m: 4.666666666666666

Residual: 0.2866153548422969


epsilon: 2.3404166666666666

m: 4.833333333333333

Residual: 0.27580857071808834


epsilon: 2.3404166666666666

m: 5.0

Residual: 0.28388801991390455


epsilon: 2.3404166666666666

m: 5.166666666666666

Residual: 0.3099376203264842


epsilon: 2.3404166666666666

m: 5.333333333333333

Residual: 0.3551485470691624


epsilon: 2.3404166666666666

m: 5.5

Residual: 0.4146976272666276


epsilon: 2.3404166666666666

m: 5.666666666666666

Residual: 0.47791615912963276


epsilon: 2.3404166666666666

m: 5.833333333333333

Residual: 0.5347871834883564


epsilon: 2.3404166666666666

m: 6.0

Residual: 0.5842270006608385


epsilon: 2.3404166666666666

m: 6.166666666666666

Residual: 0.6269918211301644


epsilon: 2.3404166666666666

m: 6.333333333333333

Residual: 0.6654579107757771


epsilon: 2.3404166666666666

m: 6.5

Residual: 0.6995830434934313


epsilon: 2.3404166666666666

m: 6.666666666666666

Residual: 0.7289352409551068


epsilon: 2.3404166666666666

m: 6.833333333333333

Residual: 0.7557201641347807


epsilon: 2.3404166666666666

m: 7.0

Residual: 0.7755483517369532


epsilon: 2.6733333333333333

m: 3.0

Residual: 0.902203813345765


epsilon: 2.6733333333333333

m: 3.1666666666666665

Residual: 0.8654610590372511


epsilon: 2.6733333333333333

m: 3.3333333333333335

Residual: 0.8184364122974827


epsilon: 2.6733333333333333

m: 3.5

Residual: 0.7600224540383105


epsilon: 2.6733333333333333

m: 3.6666666666666665

Residual: 0.6896222505155774


epsilon: 2.6733333333333333

m: 3.833333333333333

Residual: 0.6077010528897603


epsilon: 2.6733333333333333

m: 4.0

Residual: 0.521904849088149


epsilon: 2.6733333333333333

m: 4.166666666666666

Residual: 0.4541147813526863


epsilon: 2.6733333333333333

m: 4.333333333333333

Residual: 0.3836339680865928


epsilon: 2.6733333333333333

m: 4.5

Residual: 0.3323654639277884


epsilon: 2.6733333333333333

m: 4.666666666666666

Residual: 0.2908963809207899


epsilon: 2.6733333333333333

m: 4.833333333333333

Residual: 0.2675623351708736


epsilon: 2.6733333333333333

m: 5.0

Residual: 0.2642793929498876


epsilon: 2.6733333333333333

m: 5.166666666666666

Residual: 0.27759943992599195


epsilon: 2.6733333333333333

m: 5.333333333333333

Residual: 0.3103572779774687


epsilon: 2.6733333333333333

m: 5.5

Residual: 0.3604426557591932


epsilon: 2.6733333333333333

m: 5.666666666666666

Residual: 0.42464558039790135


epsilon: 2.6733333333333333

m: 5.833333333333333

Residual: 0.48547979184840384


epsilon: 2.6733333333333333

m: 6.0

Residual: 0.5389822782939369


epsilon: 2.6733333333333333

m: 6.166666666666666

Residual: 0.5841309650767231


epsilon: 2.6733333333333333

m: 6.333333333333333

Residual: 0.6287659387610126


epsilon: 2.6733333333333333

m: 6.5

Residual: 0.6626130961612431


epsilon: 2.6733333333333333

m: 6.666666666666666

Residual: 0.6950983094489525


epsilon: 2.6733333333333333

m: 6.833333333333333

Residual: 0.7249349072921699


epsilon: 2.6733333333333333

m: 7.0

Residual: 0.7505116411596199


epsilon: 3.00625

m: 3.0

Residual: 0.9125551726002679


epsilon: 3.00625

m: 3.1666666666666665

Residual: 0.8794655394030445


epsilon: 3.00625

m: 3.3333333333333335

Residual: 0.8369112508091736


epsilon: 3.00625

m: 3.5

Residual: 0.7837132056358349


epsilon: 3.00625

m: 3.6666666666666665

Residual: 0.7191979257787655


epsilon: 3.00625

m: 3.833333333333333

Residual: 0.6433663325194378


epsilon: 3.00625

m: 4.0

Residual: 0.55729149638536


epsilon: 3.00625

m: 4.166666666666666

Residual: 0.4814398687516582


epsilon: 3.00625

m: 4.333333333333333

Residual: 0.4133011849324061


epsilon: 3.00625

m: 4.5

Residual: 0.3479620984136206


epsilon: 3.00625

m: 4.666666666666666

Residual: 0.30376354612885453


epsilon: 3.00625

m: 4.833333333333333

Residual: 0.27010322189298824


epsilon: 3.00625

m: 5.0

Residual: 0.25409772288874627


epsilon: 3.00625

m: 5.166666666666666

Residual: 0.25535284631728583


epsilon: 3.00625

m: 5.333333333333333

Residual: 0.27646470697659264


epsilon: 3.00625

m: 5.5

Residual: 0.31677334835356075


epsilon: 3.00625

m: 5.666666666666666

Residual: 0.37496230624000965


epsilon: 3.00625

m: 5.833333333333333

Residual: 0.4382229023560989


epsilon: 3.00625

m: 6.0

Residual: 0.49591893290325056


epsilon: 3.00625

m: 6.166666666666666

Residual: 0.5466241307313332


epsilon: 3.00625

m: 6.333333333333333

Residual: 0.5906164550481277


epsilon: 3.00625

m: 6.5

Residual: 0.6310689646574509


epsilon: 3.00625

m: 6.666666666666666

Residual: 0.6648452789847058


epsilon: 3.00625

m: 6.833333333333333

Residual: 0.694014783609547


epsilon: 3.00625

m: 7.0

Residual: 0.721109687877983


epsilon: 3.339166666666667

m: 3.0

Residual: 0.9209346530591929


epsilon: 3.339166666666667

m: 3.1666666666666665

Residual: 0.8908272164941664


epsilon: 3.339166666666667

m: 3.3333333333333335

Residual: 0.8519775432892407


epsilon: 3.339166666666667

m: 3.5

Residual: 0.8031705709469233


epsilon: 3.339166666666667

m: 3.6666666666666665

Residual: 0.7436082592120334


epsilon: 3.339166666666667

m: 3.833333333333333

Residual: 0.6731736188110691


epsilon: 3.339166666666667

m: 4.0

Residual: 0.5923938984054373


epsilon: 3.339166666666667

m: 4.166666666666666

Residual: 0.5046025835984946


epsilon: 3.339166666666667

m: 4.333333333333333

Residual: 0.4389961185985708


epsilon: 3.339166666666667

m: 4.5

Residual: 0.37177538695111534


epsilon: 3.339166666666667

m: 4.666666666666666

Residual: 0.316418313256054


epsilon: 3.339166666666667

m: 4.833333333333333

Residual: 0.27377792881578167


epsilon: 3.339166666666667

m: 5.0

Residual: 0.24986340872938156


epsilon: 3.339166666666667

m: 5.166666666666666

Residual: 0.24129567771754193


epsilon: 3.339166666666667

m: 5.333333333333333

Residual: 0.252167104984691


epsilon: 3.339166666666667

m: 5.5

Residual: 0.2820405412468328


epsilon: 3.339166666666667

m: 5.666666666666666

Residual: 0.3316124267088585


epsilon: 3.339166666666667

m: 5.833333333333333

Residual: 0.39601210623429267


epsilon: 3.339166666666667

m: 6.0

Residual: 0.45415238940221186


epsilon: 3.339166666666667

m: 6.166666666666666

Residual: 0.5084929055113256


epsilon: 3.339166666666667

m: 6.333333333333333

Residual: 0.5561097151128526


epsilon: 3.339166666666667

m: 6.5

Residual: 0.5960505415619272


epsilon: 3.339166666666667

m: 6.666666666666666

Residual: 0.6343088878960297


epsilon: 3.339166666666667

m: 6.833333333333333

Residual: 0.6676501663187658


epsilon: 3.339166666666667

m: 7.0

Residual: 0.6976508170353456


epsilon: 3.6720833333333336

m: 3.0

Residual: 0.9278402723708311


epsilon: 3.6720833333333336

m: 3.1666666666666665

Residual: 0.9002267255745505


epsilon: 3.6720833333333336

m: 3.3333333333333335

Residual: 0.8644857734514833


epsilon: 3.6720833333333336

m: 3.5

Residual: 0.8193958593576781


epsilon: 3.6720833333333336

m: 3.6666666666666665

Residual: 0.764116727248357


epsilon: 3.6720833333333336

m: 3.833333333333333

Residual: 0.6983251996769542


epsilon: 3.6720833333333336

m: 4.0

Residual: 0.6223054062563949


epsilon: 3.6720833333333336

m: 4.166666666666666

Residual: 0.5372471763734323


epsilon: 3.6720833333333336

m: 4.333333333333333

Residual: 0.46135269506244747


epsilon: 3.6720833333333336

m: 4.5

Residual: 0.39533663630697197


epsilon: 3.6720833333333336

m: 4.666666666666666

Residual: 0.3294781970651489


epsilon: 3.6720833333333336

m: 4.833333333333333

Residual: 0.28590436134407043


epsilon: 3.6720833333333336

m: 5.0

Residual: 0.2515300350386347


epsilon: 3.6720833333333336

m: 5.166666666666666

Residual: 0.23388184404541362


epsilon: 3.6720833333333336

m: 5.333333333333333

Residual: 0.23471041067351284


epsilon: 3.6720833333333336

m: 5.5

Residual: 0.2530123173081982


epsilon: 3.6720833333333336

m: 5.666666666666666

Residual: 0.29480571399742683


epsilon: 3.6720833333333336

m: 5.833333333333333

Residual: 0.3552491052505075


epsilon: 3.6720833333333336

m: 6.0

Residual: 0.4164161531872244


epsilon: 3.6720833333333336

m: 6.166666666666666

Residual: 0.4717218686440226


epsilon: 3.6720833333333336

m: 6.333333333333333

Residual: 0.5219090899740441


epsilon: 3.6720833333333336

m: 6.5

Residual: 0.5653581145559624


epsilon: 3.6720833333333336

m: 6.666666666666666

Residual: 0.6050914984084856


epsilon: 3.6720833333333336

m: 6.833333333333333

Residual: 0.6429437331811542


epsilon: 3.6720833333333336

m: 7.0

Residual: 0.6714456865120635


epsilon: 4.005

m: 3.0

Residual: 0.9336394612732557


epsilon: 4.005

m: 3.1666666666666665

Residual: 0.9081481860195525


epsilon: 4.005

m: 3.3333333333333335

Residual: 0.8750556889006521


epsilon: 4.005

m: 3.5

Residual: 0.8331656494530201


epsilon: 4.005

m: 3.6666666666666665

Residual: 0.7815749594163844


epsilon: 4.005

m: 3.833333333333333

Residual: 0.7198508393300057


epsilon: 4.005

m: 4.0

Residual: 0.6482396906777639


epsilon: 4.005

m: 4.166666666666666

Residual: 0.567436890433627


epsilon: 4.005

m: 4.333333333333333

Residual: 0.4809366400152011


epsilon: 4.005

m: 4.5

Residual: 0.4166472238938802


epsilon: 4.005

m: 4.666666666666666

Residual: 0.35146940412205296


epsilon: 4.005

m: 4.833333333333333

Residual: 0.2965614262812732


epsilon: 4.005

m: 5.0

Residual: 0.25595074168774257


epsilon: 4.005

m: 5.166666666666666

Residual: 0.23140278442601805


epsilon: 4.005

m: 5.333333333333333

Residual: 0.22098524877909978


epsilon: 4.005

m: 5.5

Residual: 0.23272153158645226


epsilon: 4.005

m: 5.666666666666666

Residual: 0.2622482055146791


epsilon: 4.005

m: 5.833333333333333

Residual: 0.3160780579761913


epsilon: 4.005

m: 6.0

Residual: 0.37891154673088356


epsilon: 4.005

m: 6.166666666666666

Residual: 0.43778834608573874


epsilon: 4.005

m: 6.333333333333333

Residual: 0.4867821790215517


epsilon: 4.005

m: 6.5

Residual: 0.5368548793276773


epsilon: 4.005

m: 6.666666666666666

Residual: 0.5769165240620177


epsilon: 4.005

m: 6.833333333333333

Residual: 0.6137023903307687


epsilon: 4.005

m: 7.0

Residual: 0.6500931377184359


epsilon: 4.337916666666667

m: 3.0

Residual: 0.9385750155895038


epsilon: 4.337916666666667

m: 3.1666666666666665

Residual: 0.9148949241278254


epsilon: 4.337916666666667

m: 3.3333333333333335

Residual: 0.8840881131396607


epsilon: 4.337916666666667

m: 3.5

Residual: 0.844963761204538


epsilon: 4.337916666666667

m: 3.6666666666666665

Residual: 0.7966376167960797


epsilon: 4.337916666666667

m: 3.833333333333333

Residual: 0.7386325456556618


epsilon: 4.337916666666667

m: 4.0

Residual: 0.6706679137057137


epsilon: 4.337916666666667

m: 4.166666666666666

Residual: 0.5939469082251714


epsilon: 4.337916666666667

m: 4.333333333333333

Residual: 0.5092485604557722


epsilon: 4.337916666666667

m: 4.5

Residual: 0.43528131458907565


epsilon: 4.337916666666667

m: 4.666666666666666

Residual: 0.37141787347868255


epsilon: 4.337916666666667

m: 4.833333333333333

Residual: 0.3085633687653665


epsilon: 4.337916666666667

m: 5.0

Residual: 0.2661229785843872


epsilon: 4.337916666666667

m: 5.166666666666666

Residual: 0.2321283547549577


epsilon: 4.337916666666667

m: 5.333333333333333

Residual: 0.21511535048528052


epsilon: 4.337916666666667

m: 5.5

Residual: 0.21649567719805715


epsilon: 4.337916666666667

m: 5.666666666666666

Residual: 0.23704072557712308


epsilon: 4.337916666666667

m: 5.833333333333333

Residual: 0.282410380681019


epsilon: 4.337916666666667

m: 6.0

Residual: 0.34562479206398306


epsilon: 4.337916666666667

m: 6.166666666666666

Residual: 0.4050374773848709


epsilon: 4.337916666666667

m: 6.333333333333333

Residual: 0.45815269754969007


epsilon: 4.337916666666667

m: 6.5

Residual: 0.5063512877998737


epsilon: 4.337916666666667

m: 6.666666666666666

Residual: 0.5506053400779284


epsilon: 4.337916666666667

m: 6.833333333333333

Residual: 0.5879738664967289


epsilon: 4.337916666666667

m: 7.0

Residual: 0.6225435053262698


epsilon: 4.670833333333333

m: 3.0

Residual: 0.9428305194623626


epsilon: 4.670833333333333

m: 3.1666666666666665

Residual: 0.9207161764663947


epsilon: 4.670833333333333

m: 3.3333333333333335

Residual: 0.8918995330618055


epsilon: 4.670833333333333

m: 3.5

Residual: 0.8552293163179066


epsilon: 4.670833333333333

m: 3.6666666666666665

Residual: 0.8097399361529368


epsilon: 4.670833333333333

m: 3.833333333333333

Residual: 0.7549151240264399


epsilon: 4.670833333333333

m: 4.0

Residual: 0.6906145732110821


epsilon: 4.670833333333333

m: 4.166666666666666

Residual: 0.6172893914107281


epsilon: 4.670833333333333

m: 4.333333333333333

Residual: 0.5361859325039258


epsilon: 4.670833333333333

m: 4.5

Residual: 0.45226510453926666


epsilon: 4.670833333333333

m: 4.666666666666666

Residual: 0.3900869237856624


epsilon: 4.670833333333333

m: 4.833333333333333

Residual: 0.32700466943638606


epsilon: 4.670833333333333

m: 5.0

Residual: 0.27474815225725063


epsilon: 4.670833333333333

m: 5.166666666666666

Residual: 0.23624837580622465


epsilon: 4.670833333333333

m: 5.333333333333333

Residual: 0.21290257257363757


epsilon: 4.670833333333333

m: 5.5

Residual: 0.20528586968781642


epsilon: 4.670833333333333

m: 5.666666666666666

Residual: 0.21740142852301017


epsilon: 4.670833333333333

m: 5.833333333333333

Residual: 0.25289630059639595


epsilon: 4.670833333333333

m: 6.0

Residual: 0.3112065062294352


epsilon: 4.670833333333333

m: 6.166666666666666

Residual: 0.37268755443932094


epsilon: 4.670833333333333

m: 6.333333333333333

Residual: 0.4299117660054605


epsilon: 4.670833333333333

m: 6.5

Residual: 0.47763859179230245


epsilon: 4.670833333333333

m: 6.666666666666666

Residual: 0.5246150639754915


epsilon: 4.670833333333333

m: 6.833333333333333

Residual: 0.5630124575761394


epsilon: 4.670833333333333

m: 7.0

Residual: 0.6010518976914369


epsilon: 5.00375

m: 3.0

Residual: 0.9465303131307424


epsilon: 5.00375

m: 3.1666666666666665

Residual: 0.9257971211273505


epsilon: 5.00375

m: 3.3333333333333335

Residual: 0.8987238895819252


epsilon: 5.00375

m: 3.5

Residual: 0.8642310911726078


epsilon: 5.00375

m: 3.6666666666666665

Residual: 0.821304981052309


epsilon: 5.00375

m: 3.833333333333333

Residual: 0.7693577424599919


epsilon: 5.00375

m: 4.0

Residual: 0.7081847343795006


epsilon: 5.00375

m: 4.166666666666666

Residual: 0.6383122561368096


epsilon: 5.00375

m: 4.333333333333333

Residual: 0.5603603742202856


epsilon: 5.00375

m: 4.5

Residual: 0.4759009221001393


epsilon: 5.00375

m: 4.666666666666666

Residual: 0.4066848251600424


epsilon: 5.00375

m: 4.833333333333333

Residual: 0.34462596798409956


epsilon: 5.00375

m: 5.0

Residual: 0.2834327295163173


epsilon: 5.00375

m: 5.166666666666666

Residual: 0.24401045607309407


epsilon: 5.00375

m: 5.333333333333333

Residual: 0.2129070812493298


epsilon: 5.00375

m: 5.5

Residual: 0.19821257238568604


epsilon: 5.00375

m: 5.666666666666666

Residual: 0.2032609576965419


epsilon: 5.00375

m: 5.833333333333333

Residual: 0.22848933719552417


epsilon: 5.00375

m: 6.0

Residual: 0.28071124200737085


epsilon: 5.00375

m: 6.166666666666666

Residual: 0.34294021408856473


epsilon: 5.00375

m: 6.333333333333333

Residual: 0.40082007585193186


epsilon: 5.00375

m: 6.5

Residual: 0.4497057599979499


epsilon: 5.00375

m: 6.666666666666666

Residual: 0.5003336691220814


epsilon: 5.00375

m: 6.833333333333333

Residual: 0.539455693597666


epsilon: 5.00375

m: 7.0

Residual: 0.5794566732928369


epsilon: 5.336666666666667

m: 3.0

Residual: 0.949784849090576


epsilon: 5.336666666666667

m: 3.1666666666666665

Residual: 0.930260324667475


epsilon: 5.336666666666667

m: 3.3333333333333335

Residual: 0.904747096906312


epsilon: 5.336666666666667

m: 3.5

Residual: 0.8721319916330366


epsilon: 5.336666666666667

m: 3.6666666666666665

Residual: 0.8314970541434467


epsilon: 5.336666666666667

m: 3.833333333333333

Residual: 0.7821882284471295


epsilon: 5.336666666666667

m: 4.0

Residual: 0.7239026925169866


epsilon: 5.336666666666667

m: 4.166666666666666

Residual: 0.6568724102787696


epsilon: 5.336666666666667

m: 4.333333333333333

Residual: 0.5821503912580839


epsilon: 5.336666666666667

m: 4.5

Residual: 0.5002949531593781


epsilon: 5.336666666666667

m: 4.666666666666666

Residual: 0.42147309280692613


epsilon: 5.336666666666667

m: 4.833333333333333

Residual: 0.3605758699852788


epsilon: 5.336666666666667

m: 5.0

Residual: 0.299889247744602


epsilon: 5.336666666666667

m: 5.166666666666666

Residual: 0.25078895428577636


epsilon: 5.336666666666667

m: 5.333333333333333

Residual: 0.21615520264464957


epsilon: 5.336666666666667

m: 5.5

Residual: 0.19517012120589758


epsilon: 5.336666666666667

m: 5.666666666666666

Residual: 0.1908388048479415


epsilon: 5.336666666666667

m: 5.833333333333333

Residual: 0.20832959868009868


epsilon: 5.336666666666667

m: 6.0

Residual: 0.25052198994086755


epsilon: 5.336666666666667

m: 6.166666666666666

Residual: 0.31651594609616757


epsilon: 5.336666666666667

m: 6.333333333333333

Residual: 0.3707543536227689


epsilon: 5.336666666666667

m: 6.5

Residual: 0.4262250640037173


epsilon: 5.336666666666667

m: 6.666666666666666

Residual: 0.4763848949247548


epsilon: 5.336666666666667

m: 6.833333333333333

Residual: 0.5179916102396916


epsilon: 5.336666666666667

m: 7.0

Residual: 0.5575294625229752


epsilon: 5.669583333333334

m: 3.0

Residual: 0.9526614674581302


epsilon: 5.669583333333334

m: 3.1666666666666665

Residual: 0.9342259435111289


epsilon: 5.669583333333334

m: 3.3333333333333335

Residual: 0.9100892062952121


epsilon: 5.669583333333334

m: 3.5

Residual: 0.879202809283389


epsilon: 5.669583333333334

m: 3.6666666666666665

Residual: 0.840590355060666


epsilon: 5.669583333333334

m: 3.833333333333333

Residual: 0.793641579029838


epsilon: 5.669583333333334

m: 4.0

Residual: 0.7379606328295996


epsilon: 5.669583333333334

m: 4.166666666666666

Residual: 0.6736958599738866


epsilon: 5.669583333333334

m: 4.333333333333333

Residual: 0.6017666539363348


epsilon: 5.669583333333334

m: 4.5

Residual: 0.5226631563090955


epsilon: 5.669583333333334

m: 4.666666666666666

Residual: 0.43844008487584374


epsilon: 5.669583333333334

m: 4.833333333333333

Residual: 0.3750657688688261


epsilon: 5.669583333333334

m: 5.0

Residual: 0.3152494448059589


epsilon: 5.669583333333334

m: 5.166666666666666

Residual: 0.257619827997682


epsilon: 5.669583333333334

m: 5.333333333333333

Residual: 0.22135044812641316


epsilon: 5.669583333333334

m: 5.5

Residual: 0.19414567026956736


epsilon: 5.669583333333334

m: 5.666666666666666

Residual: 0.18261866046456304


epsilon: 5.669583333333334

m: 5.833333333333333

Residual: 0.19272298636869906


epsilon: 5.669583333333334

m: 6.0

Residual: 0.22502252168183506


epsilon: 5.669583333333334

m: 6.166666666666666

Residual: 0.28577510874431505


epsilon: 5.669583333333334

m: 6.333333333333333

Residual: 0.3488621269882723


epsilon: 5.669583333333334

m: 6.5

Residual: 0.40089368963519


epsilon: 5.669583333333334

m: 6.666666666666666

Residual: 0.4505961147729033


epsilon: 5.669583333333334

m: 6.833333333333333

Residual: 0.48960376032717157


epsilon: 5.669583333333334

m: 7.0

Residual: 0.5344188833178417


epsilon: 6.0025

m: 3.0

Residual: 0.9552280635308026


epsilon: 6.0025

m: 3.1666666666666665

Residual: 0.9377618320197382


epsilon: 6.0025

m: 3.3333333333333335

Residual: 0.9148582593360942


epsilon: 6.0025

m: 3.5

Residual: 0.8854901251968885


epsilon: 6.0025

m: 3.6666666666666665

Residual: 0.848792980772944


epsilon: 6.0025

m: 3.833333333333333

Residual: 0.8039576637504163


epsilon: 6.0025

m: 4.0

Residual: 0.7506332380938424


epsilon: 6.0025

m: 4.166666666666666

Residual: 0.6889925858646588


epsilon: 6.0025

m: 4.333333333333333

Residual: 0.6195831112124262


epsilon: 6.0025

m: 4.5

Residual: 0.5432533393626985


epsilon: 6.0025

m: 4.666666666666666

Residual: 0.46122601159446297


epsilon: 6.0025

m: 4.833333333333333

Residual: 0.38870286552856026


epsilon: 6.0025

m: 5.0

Residual: 0.3292707929981358


epsilon: 6.0025

m: 5.166666666666666

Residual: 0.2713934334016588


epsilon: 6.0025

m: 5.333333333333333

Residual: 0.2275739590034779


epsilon: 6.0025

m: 5.5

Residual: 0.19428175410340023


epsilon: 6.0025

m: 5.666666666666666

Residual: 0.17623464431242


epsilon: 6.0025

m: 5.833333333333333

Residual: 0.18052207717142726


epsilon: 6.0025

m: 6.0

Residual: 0.20423044163601548


epsilon: 6.0025

m: 6.166666666666666

Residual: 0.26046370040257805


epsilon: 6.0025

m: 6.333333333333333

Residual: 0.31954228636258


epsilon: 6.0025

m: 6.5

Residual: 0.37518783534749384


epsilon: 6.0025

m: 6.666666666666666

Residual: 0.42939922361178284


epsilon: 6.0025

m: 6.833333333333333

Residual: 0.47342843398717527


epsilon: 6.0025

m: 7.0

Residual: 0.5119478125852643


epsilon: 6.335416666666667

m: 3.0

Residual: 0.9575326937262695


epsilon: 6.335416666666667

m: 3.1666666666666665

Residual: 0.9409343853029147


epsilon: 6.335416666666667

m: 3.3333333333333335

Residual: 0.9191630871532206


epsilon: 6.335416666666667

m: 3.5

Residual: 0.8911914605535091


epsilon: 6.335416666666667

m: 3.6666666666666665

Residual: 0.8561671880811369


epsilon: 6.335416666666667

m: 3.833333333333333

Residual: 0.8132678947114312


epsilon: 6.335416666666667

m: 4.0

Residual: 0.7622722514690323


epsilon: 6.335416666666667

m: 4.166666666666666

Residual: 0.7029481194683191


epsilon: 6.335416666666667

m: 4.333333333333333

Residual: 0.6360202830916395


epsilon: 6.335416666666667

m: 4.5

Residual: 0.5619509072994541


epsilon: 6.335416666666667

m: 4.666666666666666

Residual: 0.4823077587048576


epsilon: 6.335416666666667

m: 4.833333333333333

Residual: 0.40107327695838924


epsilon: 6.335416666666667

m: 5.0

Residual: 0.34274207808448753


epsilon: 6.335416666666667

m: 5.166666666666666

Residual: 0.28400463842321627


epsilon: 6.335416666666667

m: 5.333333333333333

Residual: 0.23352833396237427


epsilon: 6.335416666666667

m: 5.5

Residual: 0.19885935826171447


epsilon: 6.335416666666667

m: 5.666666666666666

Residual: 0.17699137687393562


epsilon: 6.335416666666667

m: 5.833333333333333

Residual: 0.17059066911628365


epsilon: 6.335416666666667

m: 6.0

Residual: 0.18605803485724226


epsilon: 6.335416666666667

m: 6.166666666666666

Residual: 0.23429233769912108


epsilon: 6.335416666666667

m: 6.333333333333333

Residual: 0.2963224251992311


epsilon: 6.335416666666667

m: 6.5

Residual: 0.3513007152038716


epsilon: 6.335416666666667

m: 6.666666666666666

Residual: 0.4043608180508743


epsilon: 6.335416666666667

m: 6.833333333333333

Residual: 0.4512033557541886


epsilon: 6.335416666666667

m: 7.0

Residual: 0.494449735928436


epsilon: 6.668333333333334

m: 3.0

Residual: 0.9596088499333806


epsilon: 6.668333333333334

m: 3.1666666666666665

Residual: 0.9438012789088254


epsilon: 6.668333333333334

m: 3.3333333333333335

Residual: 0.923037932350053


epsilon: 6.668333333333334

m: 3.5

Residual: 0.8963401616027363


epsilon: 6.668333333333334

m: 3.6666666666666665

Residual: 0.8628525401891722


epsilon: 6.668333333333334

m: 3.833333333333333

Residual: 0.8217761949231598


epsilon: 6.668333333333334

m: 4.0

Residual: 0.7727821658222483


epsilon: 6.668333333333334

m: 4.166666666666666

Residual: 0.7156956177371797


epsilon: 6.668333333333334

m: 4.333333333333333

Residual: 0.6508810992091021


epsilon: 6.668333333333334

m: 4.5

Residual: 0.5792142170372508


epsilon: 6.668333333333334

m: 4.666666666666666

Residual: 0.50143619825595


epsilon: 6.668333333333334

m: 4.833333333333333

Residual: 0.420051899058487


epsilon: 6.668333333333334

m: 5.0

Residual: 0.35511936231568597


epsilon: 6.668333333333334

m: 5.166666666666666

Residual: 0.2982340520093334


epsilon: 6.668333333333334

m: 5.333333333333333

Residual: 0.24210408005844117


epsilon: 6.668333333333334

m: 5.5

Residual: 0.20423664906009206


epsilon: 6.668333333333334

m: 5.666666666666666

Residual: 0.1752786063297172


epsilon: 6.668333333333334

m: 5.833333333333333

Residual: 0.16503227940049917


epsilon: 6.668333333333334

m: 6.0

Residual: 0.17177432687290975


epsilon: 6.668333333333334

m: 6.166666666666666

Residual: 0.21166139856470137


epsilon: 6.668333333333334

m: 6.333333333333333

Residual: 0.27156913779461606


epsilon: 6.668333333333334

m: 6.5

Residual: 0.3319953324830178


epsilon: 6.668333333333334

m: 6.666666666666666

Residual: 0.3832512272237247


epsilon: 6.668333333333334

m: 6.833333333333333

Residual: 0.4303823646159216


epsilon: 6.668333333333334

m: 7.0

Residual: 0.4745176928773851


epsilon: 7.001250000000001

m: 3.0

Residual: 0.9614939054633241


epsilon: 7.001250000000001

m: 3.1666666666666665

Residual: 0.9463950812023311


epsilon: 7.001250000000001

m: 3.3333333333333335

Residual: 0.9265581814885036


epsilon: 7.001250000000001

m: 3.5

Residual: 0.9010241105863743


epsilon: 7.001250000000001

m: 3.6666666666666665

Residual: 0.8689427238063707


epsilon: 7.001250000000001

m: 3.833333333333333

Residual: 0.8295649437939885


epsilon: 7.001250000000001

m: 4.0

Residual: 0.782375898084516


epsilon: 7.001250000000001

m: 4.166666666666666

Residual: 0.7273286229674931


epsilon: 7.001250000000001

m: 4.333333333333333

Residual: 0.6646450534648204


epsilon: 7.001250000000001

m: 4.5

Residual: 0.5951203829448681


epsilon: 7.001250000000001

m: 4.666666666666666

Residual: 0.5199964128129024


epsilon: 7.001250000000001

m: 4.833333333333333

Residual: 0.44026063979902436


epsilon: 7.001250000000001

m: 5.0

Residual: 0.36619212965590336


epsilon: 7.001250000000001

m: 5.166666666666666

Residual: 0.3094904152510132


epsilon: 7.001250000000001

m: 5.333333333333333

Residual: 0.25469205514960697


epsilon: 7.001250000000001

m: 5.5

Residual: 0.21021282328331028


epsilon: 7.001250000000001

m: 5.666666666666666

Residual: 0.17741181962427535


epsilon: 7.001250000000001

m: 5.833333333333333

Residual: 0.15910293479546506


epsilon: 7.001250000000001

m: 6.0

Residual: 0.16166561661352746


epsilon: 7.001250000000001

m: 6.166666666666666

Residual: 0.1905389969501566


epsilon: 7.001250000000001

m: 6.333333333333333

Residual: 0.24984393674456445


epsilon: 7.001250000000001

m: 6.5

Residual: 0.3089229633606317


epsilon: 7.001250000000001

m: 6.666666666666666

Residual: 0.36281991778270517


epsilon: 7.001250000000001

m: 6.833333333333333

Residual: 0.4120156079991849


epsilon: 7.001250000000001

m: 7.0

Residual: 0.4557129016080327


epsilon: 7.334166666666667

m: 3.0

Residual: 0.963210766286272


epsilon: 7.334166666666667

m: 3.1666666666666665

Residual: 0.948774687952303


epsilon: 7.334166666666667

m: 3.3333333333333335

Residual: 0.9297759842965628


epsilon: 7.334166666666667

m: 3.5

Residual: 0.90530642048931


epsilon: 7.334166666666667

m: 3.6666666666666665

Residual: 0.8745029345548259


epsilon: 7.334166666666667

m: 3.833333333333333

Residual: 0.8366251546502859


epsilon: 7.334166666666667

m: 4.0

Residual: 0.7912060425880826


epsilon: 7.334166666666667

m: 4.166666666666666

Residual: 0.7381961242501454


epsilon: 7.334166666666667

m: 4.333333333333333

Residual: 0.6776056442430328


epsilon: 7.334166666666667

m: 4.5

Residual: 0.6098227025455503


epsilon: 7.334166666666667

m: 4.666666666666666

Residual: 0.5366463652588874


epsilon: 7.334166666666667

m: 4.833333333333333

Residual: 0.4584611490924882


epsilon: 7.334166666666667

m: 5.0

Residual: 0.37744185976537625


epsilon: 7.334166666666667

m: 5.166666666666666

Residual: 0.3204344991749078


epsilon: 7.334166666666667

m: 5.333333333333333

Residual: 0.26647179575118696


epsilon: 7.334166666666667

m: 5.5

Residual: 0.2124087361772855


epsilon: 7.334166666666667

m: 5.666666666666666

Residual: 0.18177948033665675


epsilon: 7.334166666666667

m: 5.833333333333333

Residual: 0.15948327717553806


epsilon: 7.334166666666667

m: 6.0

Residual: 0.15430974211813073


epsilon: 7.334166666666667

m: 6.166666666666666

Residual: 0.16972564709394009


epsilon: 7.334166666666667

m: 6.333333333333333

Residual: 0.2282502569705865


epsilon: 7.334166666666667

m: 6.5

Residual: 0.2868823311690152


epsilon: 7.334166666666667

m: 6.666666666666666

Residual: 0.33678885945180714


epsilon: 7.334166666666667

m: 6.833333333333333

Residual: 0.38963604082495273


epsilon: 7.334166666666667

m: 7.0

Residual: 0.43821185377849686


epsilon: 7.667083333333334

m: 3.0

Residual: 0.9647765514022282


epsilon: 7.667083333333334

m: 3.1666666666666665

Residual: 0.9509430305670344


epsilon: 7.667083333333334

m: 3.3333333333333335

Residual: 0.9327227659367174


epsilon: 7.667083333333334

m: 3.5

Residual: 0.90922950229657


epsilon: 7.667083333333334

m: 3.6666666666666665

Residual: 0.8796360675200353


epsilon: 7.667083333333334

m: 3.833333333333333

Residual: 0.8431716328366393


epsilon: 7.667083333333334

m: 4.0

Residual: 0.7994243234746198


epsilon: 7.667083333333334

m: 4.166666666666666

Residual: 0.7479121499638871


epsilon: 7.667083333333334

m: 4.333333333333333

Residual: 0.689277472505875


epsilon: 7.667083333333334

m: 4.5

Residual: 0.6236205181701053


epsilon: 7.667083333333334

m: 4.666666666666666

Residual: 0.552066710622103


epsilon: 7.667083333333334

m: 4.833333333333333

Residual: 0.47607392106220164


epsilon: 7.667083333333334

m: 5.0

Residual: 0.3963397470375908


epsilon: 7.667083333333334

m: 5.166666666666666

Residual: 0.333034288450868


epsilon: 7.667083333333334

m: 5.333333333333333

Residual: 0.2764008164332153


epsilon: 7.667083333333334

m: 5.5

Residual: 0.22366974991333669


epsilon: 7.667083333333334

m: 5.666666666666666

Residual: 0.18572104514812734


epsilon: 7.667083333333334

m: 5.833333333333333

Residual: 0.15561839126423024


epsilon: 7.667083333333334

m: 6.0

Residual: 0.1478626872633895


epsilon: 7.667083333333334

m: 6.166666666666666

Residual: 0.15458960146281903


epsilon: 7.667083333333334

m: 6.333333333333333

Residual: 0.2061052364960899


epsilon: 7.667083333333334

m: 6.5

Residual: 0.26622277479849993


epsilon: 7.667083333333334

m: 6.666666666666666

Residual: 0.32247900613006


epsilon: 7.667083333333334

m: 6.833333333333333

Residual: 0.3728382734474845


epsilon: 7.667083333333334

m: 7.0

Residual: 0.41464925853873774


epsilon: 8.0

m: 3.0

Residual: 0.9662214335242334


epsilon: 8.0

m: 3.1666666666666665

Residual: 0.9529365698935824


epsilon: 8.0

m: 3.3333333333333335

Residual: 0.9354342040401646


epsilon: 8.0

m: 3.5

Residual: 0.9128490785260963


epsilon: 8.0

m: 3.6666666666666665

Residual: 0.8843568806092722


epsilon: 8.0

m: 3.833333333333333

Residual: 0.8492135967175177


epsilon: 8.0

m: 4.0

Residual: 0.8069467884538688


epsilon: 8.0

m: 4.166666666666666

Residual: 0.7571522726247996


epsilon: 8.0

m: 4.333333333333333

Residual: 0.7002718243781034


epsilon: 8.0

m: 4.5

Residual: 0.6365163166890022


epsilon: 8.0

m: 4.666666666666666

Residual: 0.5667897821263979


epsilon: 8.0

m: 4.833333333333333

Residual: 0.49190565084639654


epsilon: 8.0

m: 5.0

Residual: 0.4138317912051126


epsilon: 8.0

m: 5.166666666666666

Residual: 0.3414442771641809


epsilon: 8.0

m: 5.333333333333333

Residual: 0.2867471899776025


epsilon: 8.0

m: 5.5

Residual: 0.23347481782901264


epsilon: 8.0

m: 5.666666666666666

Residual: 0.18958074938648845


epsilon: 8.0

m: 5.833333333333333

Residual: 0.15851559094181217


epsilon: 8.0

m: 6.0

Residual: 0.14204542958572763


epsilon: 8.0

m: 6.166666666666666

Residual: 0.14477181426340363


epsilon: 8.0

m: 6.333333333333333

Residual: 0.18813352436761377


epsilon: 8.0

m: 6.5

Residual: 0.24840438298275297


epsilon: 8.0

m: 6.666666666666666

Residual: 0.30624194479380623


epsilon: 8.0

m: 6.833333333333333

Residual: 0.35550471450679727


epsilon: 8.0

m: 7.0

Residual: 0.39950769071575176


