epsilon: 0.01

m: 3.0

Residual: 0.8232274748676693


epsilon: 0.01

m: 3.0

Residual: 0.8232233407288383


epsilon: 0.01

m: 3.1666666666666665

Residual: 0.8711020284537582


epsilon: 0.01

m: 3.3333333333333335

Residual: 0.9057528510969756


epsilon: 0.01

m: 3.5

Residual: 0.9307128017180352


epsilon: 0.01

m: 3.6666666666666665

Residual: 0.9486862523364835


epsilon: 0.01

m: 3.833333333333333

Residual: 0.961646279425342


epsilon: 0.01

m: 4.0

Residual: 0.9710280415175725


epsilon: 0.01

m: 4.166666666666666

Residual: 0.9778809189756869


epsilon: 0.01

m: 4.333333333333333

Residual: 0.9829162285087996


epsilon: 0.01

m: 4.5

Residual: 0.9866464224563659


epsilon: 0.01

m: 4.666666666666666

Residual: 0.9894188148542837


epsilon: 0.01

m: 4.833333333333333

Residual: 0.9915366771211344


epsilon: 0.01

m: 5.0

Residual: 0.9931482889915639


epsilon: 0.01

m: 5.166666666666666

Residual: 0.9943930837517941


epsilon: 0.01

m: 5.333333333333333

Residual: 0.9953420362840598


epsilon: 0.01

m: 5.5

Residual: 0.996099959613522


epsilon: 0.01

m: 5.666666666666666

Residual: 0.9967072096202473


epsilon: 0.01

m: 5.833333333333333

Residual: 0.9971880408286906


epsilon: 0.01

m: 6.0

Residual: 0.9975812549440072


epsilon: 0.01

m: 6.166666666666666

Residual: 0.9978992619489426


epsilon: 0.01

m: 6.333333333333333

Residual: 0.9981631042053685


epsilon: 0.01

m: 6.5

Residual: 0.9983649772780574


epsilon: 0.01

m: 6.666666666666666

Residual: 0.9985745247511902


epsilon: 0.01

m: 6.833333333333333

Residual: 0.998721164257817


epsilon: 0.01

m: 7.0

Residual: 0.9988535327908454


epsilon: 0.3429166666666667

m: 3.0

Residual: 0.5662136672612678


epsilon: 0.3429166666666667

m: 3.1666666666666665

Residual: 0.4809679481468146


epsilon: 0.3429166666666667

m: 3.3333333333333335

Residual: 0.40853602371056336


epsilon: 0.3429166666666667

m: 3.5

Residual: 0.3571249288006033


epsilon: 0.3429166666666667

m: 3.6666666666666665

Residual: 0.3341939306416256


epsilon: 0.3429166666666667

m: 3.833333333333333

Residual: 0.3440714797717236


epsilon: 0.3429166666666667

m: 4.0

Residual: 0.386234419972427


epsilon: 0.3429166666666667

m: 4.166666666666666

Residual: 0.456353696870023


epsilon: 0.3429166666666667

m: 4.333333333333333

Residual: 0.5436566693100299


epsilon: 0.3429166666666667

m: 4.5

Residual: 0.6250426916414014


epsilon: 0.3429166666666667

m: 4.666666666666666

Residual: 0.6918228497921435


epsilon: 0.3429166666666667

m: 4.833333333333333

Residual: 0.7456143388572143


epsilon: 0.3429166666666667

m: 5.0

Residual: 0.7890511042321999


epsilon: 0.3429166666666667

m: 5.166666666666666

Residual: 0.8239070915760895


epsilon: 0.3429166666666667

m: 5.333333333333333

Residual: 0.8517252206618134


epsilon: 0.3429166666666667

m: 5.5

Residual: 0.874934355690525


epsilon: 0.3429166666666667

m: 5.666666666666666

Residual: 0.8928808288665007


epsilon: 0.3429166666666667

m: 5.833333333333333

Residual: 0.9078710744161629


epsilon: 0.3429166666666667

m: 6.0

Residual: 0.9205180098171553


epsilon: 0.3429166666666667

m: 6.166666666666666

Residual: 0.9308767668239962


epsilon: 0.3429166666666667

m: 6.333333333333333

Residual: 0.9390909791561084


epsilon: 0.3429166666666667

m: 6.5

Residual: 0.9462614359105448


epsilon: 0.3429166666666667

m: 6.666666666666666

Residual: 0.9519091535740695


epsilon: 0.3429166666666667

m: 6.833333333333333

Residual: 0.9573385265957964


epsilon: 0.3429166666666667

m: 7.0

Residual: 0.961476947912646


epsilon: 0.6758333333333334

m: 3.0

Residual: 0.7351896835215871


epsilon: 0.6758333333333334

m: 3.1666666666666665

Residual: 0.6476282089019388


epsilon: 0.6758333333333334

m: 3.3333333333333335

Residual: 0.5544129789277964


epsilon: 0.6758333333333334

m: 3.5

Residual: 0.4630483471777802


epsilon: 0.6758333333333334

m: 3.6666666666666665

Residual: 0.38264499479648023


epsilon: 0.6758333333333334

m: 3.833333333333333

Residual: 0.32121251060214046


epsilon: 0.6758333333333334

m: 4.0

Residual: 0.28536542945898724


epsilon: 0.6758333333333334

m: 4.166666666666666

Residual: 0.28131997947302106


epsilon: 0.6758333333333334

m: 4.333333333333333

Residual: 0.3137087494649509


epsilon: 0.6758333333333334

m: 4.5

Residual: 0.38092832061453763


epsilon: 0.6758333333333334

m: 4.666666666666666

Residual: 0.47176058256465


epsilon: 0.6758333333333334

m: 4.833333333333333

Residual: 0.553447181053415


epsilon: 0.6758333333333334

m: 5.0

Residual: 0.622737340747909


epsilon: 0.6758333333333334

m: 5.166666666666666

Residual: 0.6799550615863007


epsilon: 0.6758333333333334

m: 5.333333333333333

Residual: 0.7275355807261897


epsilon: 0.6758333333333334

m: 5.5

Residual: 0.7668648774487931


epsilon: 0.6758333333333334

m: 5.666666666666666

Residual: 0.7999703911165782


epsilon: 0.6758333333333334

m: 5.833333333333333

Residual: 0.8266958488105937


epsilon: 0.6758333333333334

m: 6.0

Residual: 0.8491526486576628


epsilon: 0.6758333333333334

m: 6.166666666666666

Residual: 0.8673595995028636


epsilon: 0.6758333333333334

m: 6.333333333333333

Residual: 0.8835721068160401


epsilon: 0.6758333333333334

m: 6.5

Residual: 0.8966152735589953


epsilon: 0.6758333333333334

m: 6.666666666666666

Residual: 0.9073996204386722


epsilon: 0.6758333333333334

m: 6.833333333333333

Residual: 0.9177945757863949


epsilon: 0.6758333333333334

m: 7.0

Residual: 0.9265065420879068


epsilon: 1.00875

m: 3.0

Residual: 0.8144628164733506


epsilon: 1.00875

m: 3.1666666666666665

Residual: 0.7484189137364696


epsilon: 1.00875

m: 3.3333333333333335

Residual: 0.6660264552613674


epsilon: 1.00875

m: 3.5

Residual: 0.5724628840420162


epsilon: 1.00875

m: 3.6666666666666665

Residual: 0.4760314706482401


epsilon: 1.00875

m: 3.833333333333333

Residual: 0.38783180389607574


epsilon: 1.00875

m: 4.0

Residual: 0.3141009793902741


epsilon: 1.00875

m: 4.166666666666666

Residual: 0.26351395563675595


epsilon: 1.00875

m: 4.333333333333333

Residual: 0.2405810516794849


epsilon: 1.00875

m: 4.5

Residual: 0.2548006077374532


epsilon: 1.00875

m: 4.666666666666666

Residual: 0.3103663907051043


epsilon: 1.00875

m: 4.833333333333333

Residual: 0.39940131887117125


epsilon: 1.00875

m: 5.0

Residual: 0.4843868661191082


epsilon: 1.00875

m: 5.166666666666666

Residual: 0.5576758524515453


epsilon: 1.00875

m: 5.333333333333333

Residual: 0.6192423827375504


epsilon: 1.00875

m: 5.5

Residual: 0.6708936146138739


epsilon: 1.00875

m: 5.666666666666666

Residual: 0.7152742281084564


epsilon: 1.00875

m: 5.833333333333333

Residual: 0.7508572572183738


epsilon: 1.00875

m: 6.0

Residual: 0.7825652149379897


epsilon: 1.00875

m: 6.166666666666666

Residual: 0.807553649608951


epsilon: 1.00875

m: 6.333333333333333

Residual: 0.8306347079087171


epsilon: 1.00875

m: 6.5

Residual: 0.8488223931851263


epsilon: 1.00875

m: 6.666666666666666

Residual: 0.8641381460470555


epsilon: 1.00875

m: 6.833333333333333

Residual: 0.8787717004647199


epsilon: 1.00875

m: 7.0

Residual: 0.8912944227820851


epsilon: 1.3416666666666668

m: 3.0

Residual: 0.8572191053768865


epsilon: 1.3416666666666668

m: 3.1666666666666665

Residual: 0.8047488975836582


epsilon: 1.3416666666666668

m: 3.3333333333333335

Residual: 0.7380634201845627


epsilon: 1.3416666666666668

m: 3.5

Residual: 0.6560040673653438


epsilon: 1.3416666666666668

m: 3.6666666666666665

Residual: 0.5611052418878155


epsilon: 1.3416666666666668

m: 3.833333333333333

Residual: 0.4639412955761599


epsilon: 1.3416666666666668

m: 4.0

Residual: 0.37250678292143774


epsilon: 1.3416666666666668

m: 4.166666666666666

Residual: 0.29528789753434065


epsilon: 1.3416666666666668

m: 4.333333333333333

Residual: 0.23960352648871075


epsilon: 1.3416666666666668

m: 4.5

Residual: 0.21214349900316196


epsilon: 1.3416666666666668

m: 4.666666666666666

Residual: 0.2210054812984888


epsilon: 1.3416666666666668

m: 4.833333333333333

Residual: 0.2768728679325902


epsilon: 1.3416666666666668

m: 5.0

Residual: 0.36801615461523074


epsilon: 1.3416666666666668

m: 5.166666666666666

Residual: 0.45150524595385577


epsilon: 1.3416666666666668

m: 5.333333333333333

Residual: 0.5233908399594862


epsilon: 1.3416666666666668

m: 5.5

Residual: 0.583763473376976


epsilon: 1.3416666666666668

m: 5.666666666666666

Residual: 0.6370799093904244


epsilon: 1.3416666666666668

m: 5.833333333333333

Residual: 0.682862245200588


epsilon: 1.3416666666666668

m: 6.0

Residual: 0.7208347062836195


epsilon: 1.3416666666666668

m: 6.166666666666666

Residual: 0.7515276241658732


epsilon: 1.3416666666666668

m: 6.333333333333333

Residual: 0.7794156179524411


epsilon: 1.3416666666666668

m: 6.5

Residual: 0.8048444045715307


epsilon: 1.3416666666666668

m: 6.666666666666666

Residual: 0.8252126459211289


epsilon: 1.3416666666666668

m: 6.833333333333333

Residual: 0.8420836229800048


epsilon: 1.3416666666666668

m: 7.0

Residual: 0.8588660148508949


epsilon: 1.6745833333333335

m: 3.0

Residual: 0.883955058316485


epsilon: 1.6745833333333335

m: 3.1666666666666665

Residual: 0.8404620278110574


epsilon: 1.6745833333333335

m: 3.3333333333333335

Residual: 0.7845021792627683


epsilon: 1.6745833333333335

m: 3.5

Residual: 0.7146224802851517


epsilon: 1.6745833333333335

m: 3.6666666666666665

Residual: 0.6302902186327772


epsilon: 1.6745833333333335

m: 3.833333333333333

Residual: 0.5335532447833583


epsilon: 1.6745833333333335

m: 4.0

Residual: 0.43576063736230863


epsilon: 1.6745833333333335

m: 4.166666666666666

Residual: 0.344570414316955


epsilon: 1.6745833333333335

m: 4.333333333333333

Residual: 0.2683918349616427


epsilon: 1.6745833333333335

m: 4.5

Residual: 0.21309034961882323


epsilon: 1.6745833333333335

m: 4.666666666666666

Residual: 0.18615486381327503


epsilon: 1.6745833333333335

m: 4.833333333333333

Residual: 0.19845446127092572


epsilon: 1.6745833333333335

m: 5.0

Residual: 0.26901637574162973


epsilon: 1.6745833333333335

m: 5.166666666666666

Residual: 0.35884759741808137


epsilon: 1.6745833333333335

m: 5.333333333333333

Residual: 0.4376016885780557


epsilon: 1.6745833333333335

m: 5.5

Residual: 0.5080986001458828


epsilon: 1.6745833333333335

m: 5.666666666666666

Residual: 0.566154461671412


epsilon: 1.6745833333333335

m: 5.833333333333333

Residual: 0.6196033523732827


epsilon: 1.6745833333333335

m: 6.0

Residual: 0.6628508255416032


epsilon: 1.6745833333333335

m: 6.166666666666666

Residual: 0.7006701204936202


epsilon: 1.6745833333333335

m: 6.333333333333333

Residual: 0.7326665482813176


epsilon: 1.6745833333333335

m: 6.5

Residual: 0.7625263963651732


epsilon: 1.6745833333333335

m: 6.666666666666666

Residual: 0.7851969626876993


epsilon: 1.6745833333333335

m: 6.833333333333333

Residual: 0.8067263217453524


epsilon: 1.6745833333333335

m: 7.0

Residual: 0.8240544312943571


epsilon: 2.0075

m: 3.0

Residual: 0.9022647939894115


epsilon: 2.0075

m: 3.1666666666666665

Residual: 0.8651382368853031


epsilon: 2.0075

m: 3.3333333333333335

Residual: 0.8169858900659961


epsilon: 2.0075

m: 3.5

Residual: 0.7562313113894227


epsilon: 2.0075

m: 3.6666666666666665

Residual: 0.6818815411675387


epsilon: 2.0075

m: 3.833333333333333

Residual: 0.5939823796236244


epsilon: 2.0075

m: 4.0

Residual: 0.49578624946417077


epsilon: 2.0075

m: 4.166666666666666

Residual: 0.398193894128783


epsilon: 2.0075

m: 4.333333333333333

Residual: 0.30834675074695583


epsilon: 2.0075

m: 4.5

Residual: 0.23507911297207223


epsilon: 2.0075

m: 4.666666666666666

Residual: 0.18379741129338495


epsilon: 2.0075

m: 4.833333333333333

Residual: 0.16344841054963935


epsilon: 2.0075

m: 5.0

Residual: 0.1899034035066724


epsilon: 2.0075

m: 5.166666666666666

Residual: 0.2770213683450638


epsilon: 2.0075

m: 5.333333333333333

Residual: 0.3631313552453467


epsilon: 2.0075

m: 5.5

Residual: 0.43662709402186844


epsilon: 2.0075

m: 5.666666666666666

Residual: 0.5028409541602099


epsilon: 2.0075

m: 5.833333333333333

Residual: 0.5601888557358783


epsilon: 2.0075

m: 6.0

Residual: 0.6096333644885034


epsilon: 2.0075

m: 6.166666666666666

Residual: 0.6519809982167477


epsilon: 2.0075

m: 6.333333333333333

Residual: 0.688586084844039


epsilon: 2.0075

m: 6.5

Residual: 0.7207124405583262


epsilon: 2.0075

m: 6.666666666666666

Residual: 0.7481294346068328


epsilon: 2.0075

m: 6.833333333333333

Residual: 0.7735375074057723


epsilon: 2.0075

m: 7.0

Residual: 0.7950465530498338


epsilon: 2.3404166666666666

m: 3.0

Residual: 0.9155807484446066


epsilon: 2.3404166666666666

m: 3.1666666666666665

Residual: 0.8832045113295682


epsilon: 2.3404166666666666

m: 3.3333333333333335

Residual: 0.8409437121546206


epsilon: 2.3404166666666666

m: 3.5

Residual: 0.7871952898788347


epsilon: 2.3404166666666666

m: 3.6666666666666665

Residual: 0.7207627156979383


epsilon: 2.3404166666666666

m: 3.833333333333333

Residual: 0.641297795526734


epsilon: 2.3404166666666666

m: 4.0

Residual: 0.5494295969576073


epsilon: 2.3404166666666666

m: 4.166666666666666

Residual: 0.45080974881801783


epsilon: 2.3404166666666666

m: 4.333333333333333

Residual: 0.3544118620380052


epsilon: 2.3404166666666666

m: 4.5

Residual: 0.26783387037410133


epsilon: 2.3404166666666666

m: 4.666666666666666

Residual: 0.20003495223046727


epsilon: 2.3404166666666666

m: 4.833333333333333

Residual: 0.15563903179346858


epsilon: 2.3404166666666666

m: 5.0

Residual: 0.14463610498261661


epsilon: 2.3404166666666666

m: 5.166666666666666

Residual: 0.2053875136434262


epsilon: 2.3404166666666666

m: 5.333333333333333

Residual: 0.29391086261685556


epsilon: 2.3404166666666666

m: 5.5

Residual: 0.3726107014856739


epsilon: 2.3404166666666666

m: 5.666666666666666

Residual: 0.44298460594539724


epsilon: 2.3404166666666666

m: 5.833333333333333

Residual: 0.5042367612216818


epsilon: 2.3404166666666666

m: 6.0

Residual: 0.5591039591859082


epsilon: 2.3404166666666666

m: 6.166666666666666

Residual: 0.6065180156460053


epsilon: 2.3404166666666666

m: 6.333333333333333

Residual: 0.645420778861555


epsilon: 2.3404166666666666

m: 6.5

Residual: 0.680612333301078


epsilon: 2.3404166666666666

m: 6.666666666666666

Residual: 0.7131190595292008


epsilon: 2.3404166666666666

m: 6.833333333333333

Residual: 0.7409654451630843


epsilon: 2.3404166666666666

m: 7.0

Residual: 0.7635651020728877


epsilon: 2.6733333333333333

m: 3.0

Residual: 0.9256986504299759


epsilon: 2.6733333333333333

m: 3.1666666666666665

Residual: 0.8970018399231128


epsilon: 2.6733333333333333

m: 3.3333333333333335

Residual: 0.8593560183732657


epsilon: 2.6733333333333333

m: 3.5

Residual: 0.811212235646577


epsilon: 2.6733333333333333

m: 3.6666666666666665

Residual: 0.7512843176659744


epsilon: 2.6733333333333333

m: 3.833333333333333

Residual: 0.6788404756860678


epsilon: 2.6733333333333333

m: 4.0

Residual: 0.5942656484786237


epsilon: 2.6733333333333333

m: 4.166666666666666

Residual: 0.4987211579743902


epsilon: 2.6733333333333333

m: 4.333333333333333

Residual: 0.4004901660955064


epsilon: 2.6733333333333333

m: 4.5

Residual: 0.3065152629303574


epsilon: 2.6733333333333333

m: 4.666666666666666

Residual: 0.22522229323189508


epsilon: 2.6733333333333333

m: 4.833333333333333

Residual: 0.16411503446152012


epsilon: 2.6733333333333333

m: 5.0

Residual: 0.12982860243743943


epsilon: 2.6733333333333333

m: 5.166666666666666

Residual: 0.14383428397312287


epsilon: 2.6733333333333333

m: 5.333333333333333

Residual: 0.23164416941613739


epsilon: 2.6733333333333333

m: 5.5

Residual: 0.3131763954745441


epsilon: 2.6733333333333333

m: 5.666666666666666

Residual: 0.3871171171227619


epsilon: 2.6733333333333333

m: 5.833333333333333

Residual: 0.4539532764298668


epsilon: 2.6733333333333333

m: 6.0

Residual: 0.5103281109575771


epsilon: 2.6733333333333333

m: 6.166666666666666

Residual: 0.5600317999262558


epsilon: 2.6733333333333333

m: 6.333333333333333

Residual: 0.6043313329546498


epsilon: 2.6733333333333333

m: 6.5

Residual: 0.6453651000204417


epsilon: 2.6733333333333333

m: 6.666666666666666

Residual: 0.6813799673733223


epsilon: 2.6733333333333333

m: 6.833333333333333

Residual: 0.7079311901715534


epsilon: 2.6733333333333333

m: 7.0

Residual: 0.7354844101243411


epsilon: 3.00625

m: 3.0

Residual: 0.9336555741578245


epsilon: 3.00625

m: 3.1666666666666665

Residual: 0.9078759885982848


epsilon: 3.00625

m: 3.3333333333333335

Residual: 0.8739510777777739


epsilon: 3.00625

m: 3.5

Residual: 0.8303411523744285


epsilon: 3.00625

m: 3.6666666666666665

Residual: 0.7756821806928061


epsilon: 3.00625

m: 3.833333333333333

Residual: 0.7092474197238652


epsilon: 3.00625

m: 4.0

Residual: 0.6308924618620078


epsilon: 3.00625

m: 4.166666666666666

Residual: 0.5414419982486195


epsilon: 3.00625

m: 4.333333333333333

Residual: 0.4429249966247791


epsilon: 3.00625

m: 4.5

Residual: 0.3469900858314052


epsilon: 3.00625

m: 4.666666666666666

Residual: 0.25600822659292766


epsilon: 3.00625

m: 4.833333333333333

Residual: 0.18295710137518112


epsilon: 3.00625

m: 5.0

Residual: 0.130907518411362


epsilon: 3.00625

m: 5.166666666666666

Residual: 0.1103585511526943


epsilon: 3.00625

m: 5.333333333333333

Residual: 0.17509756297506007


epsilon: 3.00625

m: 5.5

Residual: 0.2611552751950245


epsilon: 3.00625

m: 5.666666666666666

Residual: 0.3371521389287584


epsilon: 3.00625

m: 5.833333333333333

Residual: 0.4051303388673482


epsilon: 3.00625

m: 6.0

Residual: 0.46418847271337815


epsilon: 3.00625

m: 6.166666666666666

Residual: 0.5218555149029455


epsilon: 3.00625

m: 6.333333333333333

Residual: 0.568347312320916


epsilon: 3.00625

m: 6.5

Residual: 0.6105361506670083


epsilon: 3.00625

m: 6.666666666666666

Residual: 0.6473062693937519


epsilon: 3.00625

m: 6.833333333333333

Residual: 0.6797412390506624


epsilon: 3.00625

m: 7.0

Residual: 0.7032047003069063


epsilon: 3.339166666666667

m: 3.0

Residual: 0.9400714299550763


epsilon: 3.339166666666667

m: 3.1666666666666665

Residual: 0.9166780237527348


epsilon: 3.339166666666667

m: 3.3333333333333335

Residual: 0.8858046875733837


epsilon: 3.339166666666667

m: 3.5

Residual: 0.8459715008019274


epsilon: 3.339166666666667

m: 3.6666666666666665

Residual: 0.7957608820611834


epsilon: 3.339166666666667

m: 3.833333333333333

Residual: 0.7343469925633883


epsilon: 3.339166666666667

m: 4.0

Residual: 0.6614421425562665


epsilon: 3.339166666666667

m: 4.166666666666666

Residual: 0.5775457784725285


epsilon: 3.339166666666667

m: 4.333333333333333

Residual: 0.48413498491085555


epsilon: 3.339166666666667

m: 4.5

Residual: 0.3850518608818606


epsilon: 3.339166666666667

m: 4.666666666666666

Residual: 0.2910478561766593


epsilon: 3.339166666666667

m: 4.833333333333333

Residual: 0.20728567523316663


epsilon: 3.339166666666667

m: 5.0

Residual: 0.14244271932154284


epsilon: 3.339166666666667

m: 5.166666666666666

Residual: 0.10207542115379908


epsilon: 3.339166666666667

m: 5.333333333333333

Residual: 0.1245901976805676


epsilon: 3.339166666666667

m: 5.5

Residual: 0.21079586423686483


epsilon: 3.339166666666667

m: 5.666666666666666

Residual: 0.28851013986828794


epsilon: 3.339166666666667

m: 5.833333333333333

Residual: 0.36169517628735803


epsilon: 3.339166666666667

m: 6.0

Residual: 0.42416851991350973


epsilon: 3.339166666666667

m: 6.166666666666666

Residual: 0.48135773754580413


epsilon: 3.339166666666667

m: 6.333333333333333

Residual: 0.5285200353646774


epsilon: 3.339166666666667

m: 6.5

Residual: 0.5723191939764133


epsilon: 3.339166666666667

m: 6.666666666666666

Residual: 0.6164760197487472


epsilon: 3.339166666666667

m: 6.833333333333333

Residual: 0.6490312798801854


epsilon: 3.339166666666667

m: 7.0

Residual: 0.678651451876591


epsilon: 3.6720833333333336

m: 3.0

Residual: 0.9453551468939283


epsilon: 3.6720833333333336

m: 3.1666666666666665

Residual: 0.923950627146156


epsilon: 3.6720833333333336

m: 3.3333333333333335

Residual: 0.8956119176512202


epsilon: 3.6720833333333336

m: 3.5

Residual: 0.8589283120415276


epsilon: 3.6720833333333336

m: 3.6666666666666665

Residual: 0.8125767877109074


epsilon: 3.6720833333333336

m: 3.833333333333333

Residual: 0.7554846455147426


epsilon: 3.6720833333333336

m: 4.0

Residual: 0.6873303402548597


epsilon: 3.6720833333333336

m: 4.166666666666666

Residual: 0.6084017557363351


epsilon: 3.6720833333333336

m: 4.333333333333333

Residual: 0.5197757129072577


epsilon: 3.6720833333333336

m: 4.5

Residual: 0.4232339987019193


epsilon: 3.6720833333333336

m: 4.666666666666666

Residual: 0.3272008766457544


epsilon: 3.6720833333333336

m: 4.833333333333333

Residual: 0.23729443737922853


epsilon: 3.6720833333333336

m: 5.0

Residual: 0.1613664805886322


epsilon: 3.6720833333333336

m: 5.166666666666666

Residual: 0.10713208777093218


epsilon: 3.6720833333333336

m: 5.333333333333333

Residual: 0.08302926146750352


epsilon: 3.6720833333333336

m: 5.5

Residual: 0.16435324270080373


epsilon: 3.6720833333333336

m: 5.666666666666666

Residual: 0.24572631250272053


epsilon: 3.6720833333333336

m: 5.833333333333333

Residual: 0.318581957249717


epsilon: 3.6720833333333336

m: 6.0

Residual: 0.3848470459788602


epsilon: 3.6720833333333336

m: 6.166666666666666

Residual: 0.4423990208507503


epsilon: 3.6720833333333336

m: 6.333333333333333

Residual: 0.49708939707963523


epsilon: 3.6720833333333336

m: 6.5

Residual: 0.5407401916193254


epsilon: 3.6720833333333336

m: 6.666666666666666

Residual: 0.5836828832033248


epsilon: 3.6720833333333336

m: 6.833333333333333

Residual: 0.6185923693445


epsilon: 3.6720833333333336

m: 7.0

Residual: 0.6502541042685587


epsilon: 4.005

m: 3.0

Residual: 0.9497852879037535


epsilon: 4.005

m: 3.1666666666666665

Residual: 0.9300449450231686


epsilon: 4.005

m: 3.3333333333333335

Residual: 0.903875578412535


epsilon: 4.005

m: 3.5

Residual: 0.8698829991576271


epsilon: 4.005

m: 3.6666666666666665

Residual: 0.8267888534451653


epsilon: 4.005

m: 3.833333333333333

Residual: 0.7735347012624756


epsilon: 4.005

m: 4.0

Residual: 0.709516066118874


epsilon: 4.005

m: 4.166666666666666

Residual: 0.6349335454927039


epsilon: 4.005

m: 4.333333333333333

Residual: 0.5506943724189347


epsilon: 4.005

m: 4.5

Residual: 0.4585267801009186


epsilon: 4.005

m: 4.666666666666666

Residual: 0.3605407324799459


epsilon: 4.005

m: 4.833333333333333

Residual: 0.26921478373180385


epsilon: 4.005

m: 5.0

Residual: 0.18433769291867869


epsilon: 4.005

m: 5.166666666666666

Residual: 0.11784247146472537


epsilon: 4.005

m: 5.333333333333333

Residual: 0.07553465273853331


epsilon: 4.005

m: 5.5

Residual: 0.12136565102574809


epsilon: 4.005

m: 5.666666666666666

Residual: 0.20381853527337657


epsilon: 4.005

m: 5.833333333333333

Residual: 0.2810060471734137


epsilon: 4.005

m: 6.0

Residual: 0.34540781968167383


epsilon: 4.005

m: 6.166666666666666

Residual: 0.4089042176731491


epsilon: 4.005

m: 6.333333333333333

Residual: 0.46251596923136934


epsilon: 4.005

m: 6.5

Residual: 0.5115688305725411


epsilon: 4.005

m: 6.666666666666666

Residual: 0.5508704777936512


epsilon: 4.005

m: 6.833333333333333

Residual: 0.5918890442631406


epsilon: 4.005

m: 7.0

Residual: 0.6267561308955513


epsilon: 4.337916666666667

m: 3.0

Residual: 0.9535496329724663


epsilon: 4.337916666666667

m: 3.1666666666666665

Residual: 0.935244667970707


epsilon: 4.337916666666667

m: 3.3333333333333335

Residual: 0.9109307384497195


epsilon: 4.337916666666667

m: 3.5

Residual: 0.8792800114042059


epsilon: 4.337916666666667

m: 3.6666666666666665

Residual: 0.8390309845047579


epsilon: 4.337916666666667

m: 3.833333333333333

Residual: 0.7891068016946485


epsilon: 4.337916666666667

m: 4.0

Residual: 0.7287834978398288


epsilon: 4.337916666666667

m: 4.166666666666666

Residual: 0.6581449317700597


epsilon: 4.337916666666667

m: 4.333333333333333

Residual: 0.5779583794948124


epsilon: 4.337916666666667

m: 4.5

Residual: 0.4891097542597435


epsilon: 4.337916666666667

m: 4.666666666666666

Residual: 0.394918251743281


epsilon: 4.337916666666667

m: 4.833333333333333

Residual: 0.2990105926709313


epsilon: 4.337916666666667

m: 5.0

Residual: 0.2104231479770763


epsilon: 4.337916666666667

m: 5.166666666666666

Residual: 0.1352881847440975


epsilon: 4.337916666666667

m: 5.333333333333333

Residual: 0.07949389025727528


epsilon: 4.337916666666667

m: 5.5

Residual: 0.08311553158363177


epsilon: 4.337916666666667

m: 5.666666666666666

Residual: 0.16560231657894917


epsilon: 4.337916666666667

m: 5.833333333333333

Residual: 0.24331368228474134


epsilon: 4.337916666666667

m: 6.0

Residual: 0.3112519927108675


epsilon: 4.337916666666667

m: 6.166666666666666

Residual: 0.3758596516126635


epsilon: 4.337916666666667

m: 6.333333333333333

Residual: 0.42921240734305754


epsilon: 4.337916666666667

m: 6.5

Residual: 0.4771961723980574


epsilon: 4.337916666666667

m: 6.666666666666666

Residual: 0.5243066681097968


epsilon: 4.337916666666667

m: 6.833333333333333

Residual: 0.5672513803182129


epsilon: 4.337916666666667

m: 7.0

Residual: 0.6045658313197628


epsilon: 4.670833333333333

m: 3.0

Residual: 0.9567912235467861


epsilon: 4.670833333333333

m: 3.1666666666666665

Residual: 0.9397187909550324


epsilon: 4.670833333333333

m: 3.3333333333333335

Residual: 0.9170062106130246


epsilon: 4.670833333333333

m: 3.5

Residual: 0.8873875372619175


epsilon: 4.670833333333333

m: 3.6666666666666665

Residual: 0.8496144462306583


epsilon: 4.670833333333333

m: 3.833333333333333

Residual: 0.8026550916038098


epsilon: 4.670833333333333

m: 4.0

Residual: 0.7457103186773111


epsilon: 4.670833333333333

m: 4.166666666666666

Residual: 0.6787680469930486


epsilon: 4.670833333333333

m: 4.333333333333333

Residual: 0.6018618761122461


epsilon: 4.670833333333333

m: 4.5

Residual: 0.5171084892783667


epsilon: 4.670833333333333

m: 4.666666666666666

Residual: 0.42563570515207966


epsilon: 4.670833333333333

m: 4.833333333333333

Residual: 0.3301506781436764


epsilon: 4.670833333333333

m: 5.0

Residual: 0.2396771228246442


epsilon: 4.670833333333333

m: 5.166666666666666

Residual: 0.15636067164222178


epsilon: 4.670833333333333

m: 5.333333333333333

Residual: 0.09199416928962315


epsilon: 4.670833333333333

m: 5.5

Residual: 0.05655869897623086


epsilon: 4.670833333333333

m: 5.666666666666666

Residual: 0.13002065584238237


epsilon: 4.670833333333333

m: 5.833333333333333

Residual: 0.2093715405658583


epsilon: 4.670833333333333

m: 6.0

Residual: 0.277611933622135


epsilon: 4.670833333333333

m: 6.166666666666666

Residual: 0.3424037160481463


epsilon: 4.670833333333333

m: 6.333333333333333

Residual: 0.39930382763217276


epsilon: 4.670833333333333

m: 6.5

Residual: 0.45366108594118076


epsilon: 4.670833333333333

m: 6.666666666666666

Residual: 0.49761310044290336


epsilon: 4.670833333333333

m: 6.833333333333333

Residual: 0.5402154524719279


epsilon: 4.670833333333333

m: 7.0

Residual: 0.5807311851197733


epsilon: 5.00375

m: 3.0

Residual: 0.9596044051400805


epsilon: 5.00375

m: 3.1666666666666665

Residual: 0.9436157487065387


epsilon: 5.00375

m: 3.3333333333333335

Residual: 0.9223190357798855


epsilon: 5.00375

m: 3.5

Residual: 0.8944962084485326


epsilon: 5.00375

m: 3.6666666666666665

Residual: 0.8589174265349707


epsilon: 5.00375

m: 3.833333333333333

Residual: 0.8145429195111792


epsilon: 5.00375

m: 4.0

Residual: 0.7606419962102329


epsilon: 5.00375

m: 4.166666666666666

Residual: 0.6968596864078165


epsilon: 5.00375

m: 4.333333333333333

Residual: 0.6235117903939612


epsilon: 5.00375

m: 4.5

Residual: 0.5418506883923311


epsilon: 5.00375

m: 4.666666666666666

Residual: 0.45306777294953987


epsilon: 5.00375

m: 4.833333333333333

Residual: 0.36049200413317456


epsilon: 5.00375

m: 5.0

Residual: 0.2662784121376008


epsilon: 5.00375

m: 5.166666666666666

Residual: 0.18187359475812737


epsilon: 5.00375

m: 5.333333333333333

Residual: 0.1063175943033881


epsilon: 5.00375

m: 5.5

Residual: 0.05506704132588973


epsilon: 5.00375

m: 5.666666666666666

Residual: 0.0965810220007274


epsilon: 5.00375

m: 5.833333333333333

Residual: 0.17354685166967052


epsilon: 5.00375

m: 6.0

Residual: 0.24455782991483582


epsilon: 5.00375

m: 6.166666666666666

Residual: 0.3104417612453229


epsilon: 5.00375

m: 6.333333333333333

Residual: 0.3716869664938975


epsilon: 5.00375

m: 6.5

Residual: 0.4260259275949823


epsilon: 5.00375

m: 6.666666666666666

Residual: 0.4756967344805595


epsilon: 5.00375

m: 6.833333333333333

Residual: 0.5125161414657401


epsilon: 5.00375

m: 7.0

Residual: 0.5531756989063288


epsilon: 5.336666666666667

m: 3.0

Residual: 0.9620788350060634


epsilon: 5.336666666666667

m: 3.1666666666666665

Residual: 0.9470388431497351


epsilon: 5.336666666666667

m: 3.3333333333333335

Residual: 0.9269852090207528


epsilon: 5.336666666666667

m: 3.5

Residual: 0.900748754203926


epsilon: 5.336666666666667

m: 3.6666666666666665

Residual: 0.8671260093451908


epsilon: 5.336666666666667

m: 3.833333333333333

Residual: 0.8250894635023718


epsilon: 5.336666666666667

m: 4.0

Residual: 0.7738190917986422


epsilon: 5.336666666666667

m: 4.166666666666666

Residual: 0.7130285884183688


epsilon: 5.336666666666667

m: 4.333333333333333

Residual: 0.6427181980399055


epsilon: 5.336666666666667

m: 4.5

Residual: 0.564311379474899


epsilon: 5.336666666666667

m: 4.666666666666666

Residual: 0.4787742905279756


epsilon: 5.336666666666667

m: 4.833333333333333

Residual: 0.3884913917544204


epsilon: 5.336666666666667

m: 5.0

Residual: 0.2941274438939068


epsilon: 5.336666666666667

m: 5.166666666666666

Residual: 0.20672720436330225


epsilon: 5.336666666666667

m: 5.333333333333333

Residual: 0.125969357972613


epsilon: 5.336666666666667

m: 5.5

Residual: 0.06388810773463342


epsilon: 5.336666666666667

m: 5.666666666666666

Residual: 0.06422108007494469


epsilon: 5.336666666666667

m: 5.833333333333333

Residual: 0.14275234285002703


epsilon: 5.336666666666667

m: 6.0

Residual: 0.21600457640186618


epsilon: 5.336666666666667

m: 6.166666666666666

Residual: 0.2842779556239908


epsilon: 5.336666666666667

m: 6.333333333333333

Residual: 0.34370602939326694


epsilon: 5.336666666666667

m: 6.5

Residual: 0.39604983610335165


epsilon: 5.336666666666667

m: 6.666666666666666

Residual: 0.4483541307301433


epsilon: 5.336666666666667

m: 6.833333333333333

Residual: 0.4924966808745133


epsilon: 5.336666666666667

m: 7.0

Residual: 0.5342707445241284


epsilon: 5.669583333333334

m: 3.0

Residual: 0.9642648512597788


epsilon: 5.669583333333334

m: 3.1666666666666665

Residual: 0.9500732522024217


epsilon: 5.669583333333334

m: 3.3333333333333335

Residual: 0.9311284353532376


epsilon: 5.669583333333334

m: 3.5

Residual: 0.9063108186731617


epsilon: 5.669583333333334

m: 3.6666666666666665

Residual: 0.8744489374483948


epsilon: 5.669583333333334

m: 3.833333333333333

Residual: 0.8345321772428363


epsilon: 5.669583333333334

m: 4.0

Residual: 0.7857204593124565


epsilon: 5.669583333333334

m: 4.166666666666666

Residual: 0.7275147724031495


epsilon: 5.669583333333334

m: 4.333333333333333

Residual: 0.660288329673034


epsilon: 5.669583333333334

m: 4.5

Residual: 0.5845030119349656


epsilon: 5.669583333333334

m: 4.666666666666666

Residual: 0.5017190622350093


epsilon: 5.669583333333334

m: 4.833333333333333

Residual: 0.4134080703330462


epsilon: 5.669583333333334

m: 5.0

Residual: 0.3219230269668844


epsilon: 5.669583333333334

m: 5.166666666666666

Residual: 0.23005897848792706


epsilon: 5.669583333333334

m: 5.333333333333333

Residual: 0.14827426940795285


epsilon: 5.669583333333334

m: 5.5

Residual: 0.07795423334893825


epsilon: 5.669583333333334

m: 5.666666666666666

Residual: 0.04800322686532923


epsilon: 5.669583333333334

m: 5.833333333333333

Residual: 0.11431619860044918


epsilon: 5.669583333333334

m: 6.0

Residual: 0.18525983580610095


epsilon: 5.669583333333334

m: 6.166666666666666

Residual: 0.2542181743401564


epsilon: 5.669583333333334

m: 6.333333333333333

Residual: 0.31493062151575385


epsilon: 5.669583333333334

m: 6.5

Residual: 0.37041621890741844


epsilon: 5.669583333333334

m: 6.666666666666666

Residual: 0.4236827433095359


epsilon: 5.669583333333334

m: 6.833333333333333

Residual: 0.47273500160300136


epsilon: 5.669583333333334

m: 7.0

Residual: 0.5102480194500891


epsilon: 6.0025

m: 3.0

Residual: 0.9662124993412324


epsilon: 6.0025

m: 3.1666666666666665

Residual: 0.9527770203968712


epsilon: 6.0025

m: 3.3333333333333335

Residual: 0.9348128268612603


epsilon: 6.0025

m: 3.5

Residual: 0.9112652622923756


epsilon: 6.0025

m: 3.6666666666666665

Residual: 0.8809951219817302


epsilon: 6.0025

m: 3.833333333333333

Residual: 0.8429917905893939


epsilon: 6.0025

m: 4.0

Residual: 0.7963893725147042


epsilon: 6.0025

m: 4.166666666666666

Residual: 0.7407941704554138


epsilon: 6.0025

m: 4.333333333333333

Residual: 0.6758935304123757


epsilon: 6.0025

m: 4.5

Residual: 0.602774105635446


epsilon: 6.0025

m: 4.666666666666666

Residual: 0.5225282603892505


epsilon: 6.0025

m: 4.833333333333333

Residual: 0.43649826181913465


epsilon: 6.0025

m: 5.0

Residual: 0.3467914240287409


epsilon: 6.0025

m: 5.166666666666666

Residual: 0.256739333610121


epsilon: 6.0025

m: 5.333333333333333

Residual: 0.17237772703236362


epsilon: 6.0025

m: 5.5

Residual: 0.09415927838763974


epsilon: 6.0025

m: 5.666666666666666

Residual: 0.04670212234132854


epsilon: 6.0025

m: 5.833333333333333

Residual: 0.0828774502477686


epsilon: 6.0025

m: 6.0

Residual: 0.16023393159330715


epsilon: 6.0025

m: 6.166666666666666

Residual: 0.2247987675415396


epsilon: 6.0025

m: 6.333333333333333

Residual: 0.2905653816571995


epsilon: 6.0025

m: 6.5

Residual: 0.34726094352030273


epsilon: 6.0025

m: 6.666666666666666

Residual: 0.3961200069505166


epsilon: 6.0025

m: 6.833333333333333

Residual: 0.4496684354505085


epsilon: 6.0025

m: 7.0

Residual: 0.49084513599280644


epsilon: 6.335416666666667

m: 3.0

Residual: 0.9679601386432051


epsilon: 6.335416666666667

m: 3.1666666666666665

Residual: 0.9552025391883002


epsilon: 6.335416666666667

m: 3.3333333333333335

Residual: 0.9381402812288883


epsilon: 6.335416666666667

m: 3.5

Residual: 0.9157297685616295


epsilon: 6.335416666666667

m: 3.6666666666666665

Residual: 0.8868968874929786


epsilon: 6.335416666666667

m: 3.833333333333333

Residual: 0.850647631891165


epsilon: 6.335416666666667

m: 4.0

Residual: 0.8060175358877815


epsilon: 6.335416666666667

m: 4.166666666666666

Residual: 0.7526914199972622


epsilon: 6.335416666666667

m: 4.333333333333333

Residual: 0.6903042897583146


epsilon: 6.335416666666667

m: 4.5

Residual: 0.6199261705377291


epsilon: 6.335416666666667

m: 4.666666666666666

Residual: 0.5416314122698433


epsilon: 6.335416666666667

m: 4.833333333333333

Residual: 0.4582486479703761


epsilon: 6.335416666666667

m: 5.0

Residual: 0.3719265201736969


epsilon: 6.335416666666667

m: 5.166666666666666

Residual: 0.28188442071205505


epsilon: 6.335416666666667

m: 5.333333333333333

Residual: 0.19241441599565492


epsilon: 6.335416666666667

m: 5.5

Residual: 0.11592673041413357


epsilon: 6.335416666666667

m: 5.666666666666666

Residual: 0.05383341873991057


epsilon: 6.335416666666667

m: 5.833333333333333

Residual: 0.0595360803327996


epsilon: 6.335416666666667

m: 6.0

Residual: 0.13039298475106237


epsilon: 6.335416666666667

m: 6.166666666666666

Residual: 0.20083178153408354


epsilon: 6.335416666666667

m: 6.333333333333333

Residual: 0.2624078563005792


epsilon: 6.335416666666667

m: 6.5

Residual: 0.3252270602341543


epsilon: 6.335416666666667

m: 6.666666666666666

Residual: 0.37431876839141337


epsilon: 6.335416666666667

m: 6.833333333333333

Residual: 0.4254825319371735


epsilon: 6.335416666666667

m: 7.0

Residual: 0.4691687395240914


epsilon: 6.668333333333334

m: 3.0

Residual: 0.9695353231657097


epsilon: 6.668333333333334

m: 3.1666666666666665

Residual: 0.9573951974852308


epsilon: 6.668333333333334

m: 3.3333333333333335

Residual: 0.9411371461251208


epsilon: 6.668333333333334

m: 3.5

Residual: 0.9197718553130436


epsilon: 6.668333333333334

m: 3.6666666666666665

Residual: 0.8922412460524735


epsilon: 6.668333333333334

m: 3.833333333333333

Residual: 0.8575153429798313


epsilon: 6.668333333333334

m: 4.0

Residual: 0.8148666991378275


epsilon: 6.668333333333334

m: 4.166666666666666

Residual: 0.7635032979731164


epsilon: 6.668333333333334

m: 4.333333333333333

Residual: 0.7035881946567301


epsilon: 6.668333333333334

m: 4.5

Residual: 0.6352325785229682


epsilon: 6.668333333333334

m: 4.666666666666666

Residual: 0.5594758353807524


epsilon: 6.668333333333334

m: 4.833333333333333

Residual: 0.4781217309010902


epsilon: 6.668333333333334

m: 5.0

Residual: 0.392741938775349


epsilon: 6.668333333333334

m: 5.166666666666666

Residual: 0.30538125242308184


epsilon: 6.668333333333334

m: 5.333333333333333

Residual: 0.21786722231507694


epsilon: 6.668333333333334

m: 5.5

Residual: 0.1365999072096416


epsilon: 6.668333333333334

m: 5.666666666666666

Residual: 0.06590677505355251


epsilon: 6.668333333333334

m: 5.833333333333333

Residual: 0.04749302891418617


epsilon: 6.668333333333334

m: 6.0

Residual: 0.10576913361781376


epsilon: 6.668333333333334

m: 6.166666666666666

Residual: 0.17533416891178036


epsilon: 6.668333333333334

m: 6.333333333333333

Residual: 0.24181706826619923


epsilon: 6.668333333333334

m: 6.5

Residual: 0.298882518246883


epsilon: 6.668333333333334

m: 6.666666666666666

Residual: 0.354518286536371


epsilon: 6.668333333333334

m: 6.833333333333333

Residual: 0.40452054693115375


epsilon: 6.668333333333334

m: 7.0

Residual: 0.44474886531885477


epsilon: 7.001250000000001

m: 3.0

Residual: 0.9709646549807124


epsilon: 7.001250000000001

m: 3.1666666666666665

Residual: 0.9593746994750716


epsilon: 7.001250000000001

m: 3.3333333333333335

Residual: 0.9438561680089533


epsilon: 7.001250000000001

m: 3.5

Residual: 0.9234479494061859


epsilon: 7.001250000000001

m: 3.6666666666666665

Residual: 0.8971141280195002


epsilon: 7.001250000000001

m: 3.833333333333333

Residual: 0.8638696580440397


epsilon: 7.001250000000001

m: 4.0

Residual: 0.8228217410431304


epsilon: 7.001250000000001

m: 4.166666666666666

Residual: 0.7734764107340316


epsilon: 7.001250000000001

m: 4.333333333333333

Residual: 0.715637302084334


epsilon: 7.001250000000001

m: 4.5

Residual: 0.6497985110574548


epsilon: 7.001250000000001

m: 4.666666666666666

Residual: 0.5763034694557075


epsilon: 7.001250000000001

m: 4.833333333333333

Residual: 0.49680424437018544


epsilon: 7.001250000000001

m: 5.0

Residual: 0.41341492067571456


epsilon: 7.001250000000001

m: 5.166666666666666

Residual: 0.3267461865796507


epsilon: 7.001250000000001

m: 5.333333333333333

Residual: 0.24002065849200152


epsilon: 7.001250000000001

m: 5.5

Residual: 0.1562364742684247


epsilon: 7.001250000000001

m: 5.666666666666666

Residual: 0.08243910650365344


epsilon: 7.001250000000001

m: 5.833333333333333

Residual: 0.04572747491237093


epsilon: 7.001250000000001

m: 6.0

Residual: 0.0816654880987562


epsilon: 7.001250000000001

m: 6.166666666666666

Residual: 0.15468832033486568


epsilon: 7.001250000000001

m: 6.333333333333333

Residual: 0.21558644016145684


epsilon: 7.001250000000001

m: 6.5

Residual: 0.27804981269440865


epsilon: 7.001250000000001

m: 6.666666666666666

Residual: 0.3311314637390972


epsilon: 7.001250000000001

m: 6.833333333333333

Residual: 0.3830979384369881


epsilon: 7.001250000000001

m: 7.0

Residual: 0.4273889011013636


epsilon: 7.334166666666667

m: 3.0

Residual: 0.9722627500693445


epsilon: 7.334166666666667

m: 3.1666666666666665

Residual: 0.9611836060959386


epsilon: 7.334166666666667

m: 3.3333333333333335

Residual: 0.9463379954591414


epsilon: 7.334166666666667

m: 3.5

Residual: 0.9267883907500734


epsilon: 7.334166666666667

m: 3.6666666666666665

Residual: 0.9015372485352099


epsilon: 7.334166666666667

m: 3.833333333333333

Residual: 0.869625095336296


epsilon: 7.334166666666667

m: 4.0

Residual: 0.8301919493036163


epsilon: 7.334166666666667

m: 4.166666666666666

Residual: 0.7826864327698687


epsilon: 7.334166666666667

m: 4.333333333333333

Residual: 0.726650905308971


epsilon: 7.334166666666667

m: 4.5

Residual: 0.6629376277554355


epsilon: 7.334166666666667

m: 4.666666666666666

Residual: 0.5915438854609978


epsilon: 7.334166666666667

m: 4.833333333333333

Residual: 0.5141849473274734


epsilon: 7.334166666666667

m: 5.0

Residual: 0.4324391094831764


epsilon: 7.334166666666667

m: 5.166666666666666

Residual: 0.34734744787250893


epsilon: 7.334166666666667

m: 5.333333333333333

Residual: 0.26314845933602404


epsilon: 7.334166666666667

m: 5.5

Residual: 0.17703690537061992


epsilon: 7.334166666666667

m: 5.666666666666666

Residual: 0.10015323815603475


epsilon: 7.334166666666667

m: 5.833333333333333

Residual: 0.05313215195623022


epsilon: 7.334166666666667

m: 6.0

Residual: 0.061687448677221784


epsilon: 7.334166666666667

m: 6.166666666666666

Residual: 0.13147667327451043


epsilon: 7.334166666666667

m: 6.333333333333333

Residual: 0.19687018263362718


epsilon: 7.334166666666667

m: 6.5

Residual: 0.2535574713424901


epsilon: 7.334166666666667

m: 6.666666666666666

Residual: 0.3162982784246101


epsilon: 7.334166666666667

m: 6.833333333333333

Residual: 0.36397563068117794


epsilon: 7.334166666666667

m: 7.0

Residual: 0.40928325360239076


epsilon: 7.667083333333334

m: 3.0

Residual: 0.9734507483852484


epsilon: 7.667083333333334

m: 3.1666666666666665

Residual: 0.9628373484351092


epsilon: 7.667083333333334

m: 3.3333333333333335

Residual: 0.9486063055391188


epsilon: 7.667083333333334

m: 3.5

Residual: 0.929857703981625


epsilon: 7.667083333333334

m: 3.6666666666666665

Residual: 0.9056139514660823


epsilon: 7.667083333333334

m: 3.833333333333333

Residual: 0.8749371706147647


epsilon: 7.667083333333334

m: 4.0

Residual: 0.8370125244933434


epsilon: 7.667083333333334

m: 4.166666666666666

Residual: 0.7910937135048752


epsilon: 7.667083333333334

m: 4.333333333333333

Residual: 0.7371205488709842


epsilon: 7.667083333333334

m: 4.5

Residual: 0.6750906634454499


epsilon: 7.667083333333334

m: 4.666666666666666

Residual: 0.6056331404782962


epsilon: 7.667083333333334

m: 4.833333333333333

Residual: 0.5303194077327927


epsilon: 7.667083333333334

m: 5.0

Residual: 0.45059735487009733


epsilon: 7.667083333333334

m: 5.166666666666666

Residual: 0.3671975966341119


epsilon: 7.667083333333334

m: 5.333333333333333

Residual: 0.2813168102075631


epsilon: 7.667083333333334

m: 5.5

Residual: 0.19802400149102578


epsilon: 7.667083333333334

m: 5.666666666666666

Residual: 0.11846626644755942


epsilon: 7.667083333333334

m: 5.833333333333333

Residual: 0.06345721280224136


epsilon: 7.667083333333334

m: 6.0

Residual: 0.053930366048705


epsilon: 7.667083333333334

m: 6.166666666666666

Residual: 0.10564716565532764


epsilon: 7.667083333333334

m: 6.333333333333333

Residual: 0.17555879991171874


epsilon: 7.667083333333334

m: 6.5

Residual: 0.2322339630977924


epsilon: 7.667083333333334

m: 6.666666666666666

Residual: 0.2918973491907359


epsilon: 7.667083333333334

m: 6.833333333333333

Residual: 0.3451783171871235


epsilon: 7.667083333333334

m: 7.0

Residual: 0.3920004534592639


epsilon: 8.0

m: 3.0

Residual: 0.9745435891841595


epsilon: 8.0

m: 3.1666666666666665

Residual: 0.9643566885470989


epsilon: 8.0

m: 3.3333333333333335

Residual: 0.9506927190242362


epsilon: 8.0

m: 3.5

Residual: 0.9326722390549541


epsilon: 8.0

m: 3.6666666666666665

Residual: 0.9093602708815053


epsilon: 8.0

m: 3.833333333333333

Residual: 0.8798331044840264


epsilon: 8.0

m: 4.0

Residual: 0.8432676038347806


epsilon: 8.0

m: 4.166666666666666

Residual: 0.7989655257481927


epsilon: 8.0

m: 4.333333333333333

Residual: 0.7466641811339995


epsilon: 8.0

m: 4.5

Residual: 0.6864889558835774


epsilon: 8.0

m: 4.666666666666666

Residual: 0.6191713153692504


epsilon: 8.0

m: 4.833333333333333

Residual: 0.5453861760049413


epsilon: 8.0

m: 5.0

Residual: 0.4668243194070624


epsilon: 8.0

m: 5.166666666666666

Residual: 0.3860673849227237


epsilon: 8.0

m: 5.333333333333333

Residual: 0.3024282520290376


epsilon: 8.0

m: 5.5

Residual: 0.21966697008448474


epsilon: 8.0

m: 5.666666666666666

Residual: 0.13833216918935545


epsilon: 8.0

m: 5.833333333333333

Residual: 0.07516553871586118


epsilon: 8.0

m: 6.0

Residual: 0.05465132445022407


epsilon: 8.0

m: 6.166666666666666

Residual: 0.08865547359627579


epsilon: 8.0

m: 6.333333333333333

Residual: 0.15473416773734675


epsilon: 8.0

m: 6.5

Residual: 0.21519611739815284


epsilon: 8.0

m: 6.666666666666666

Residual: 0.27069762325171076


epsilon: 8.0

m: 6.833333333333333

Residual: 0.32978431897618005


epsilon: 8.0

m: 7.0

Residual: 0.3724300395543878


