epsilon: 0.01

m: 3.0

Residual: 0.8714935512021207


epsilon: 0.01

m: 3.0

Residual: 0.8715035196910281


epsilon: 0.01

m: 3.1666666666666665

Residual: 0.9043953606843549


epsilon: 0.01

m: 3.3333333333333335

Residual: 0.9285812902106558


epsilon: 0.01

m: 3.5

Residual: 0.9463400538399535


epsilon: 0.01

m: 3.6666666666666665

Residual: 0.9593942757277392


epsilon: 0.01

m: 3.833333333333333

Residual: 0.9690265438991391


epsilon: 0.01

m: 4.0

Residual: 0.9761515931072329


epsilon: 0.01

m: 4.166666666666666

Residual: 0.9814619510424885


epsilon: 0.01

m: 4.333333333333333

Residual: 0.9854441331473487


epsilon: 0.01

m: 4.5

Residual: 0.9884641709226134


epsilon: 0.01

m: 4.666666666666666

Residual: 0.9907715182090677


epsilon: 0.01

m: 4.833333333333333

Residual: 0.9925178888303546


epsilon: 0.01

m: 5.0

Residual: 0.9938781218388612


epsilon: 0.01

m: 5.166666666666666

Residual: 0.9949325340243658


epsilon: 0.01

m: 5.333333333333333

Residual: 0.9957822176157296


epsilon: 0.01

m: 5.5

Residual: 0.996450920596328


epsilon: 0.01

m: 5.666666666666666

Residual: 0.9969888330282058


epsilon: 0.01

m: 5.833333333333333

Residual: 0.9974278509610354


epsilon: 0.01

m: 6.0

Residual: 0.9977776939908006


epsilon: 0.01

m: 6.166666666666666

Residual: 0.9980667072059224


epsilon: 0.01

m: 6.333333333333333

Residual: 0.9983044531520281


epsilon: 0.01

m: 6.5

Residual: 0.9985024140042856


epsilon: 0.01

m: 6.666666666666666

Residual: 0.9986912884182987


epsilon: 0.01

m: 6.833333333333333

Residual: 0.99882758606425


epsilon: 0.01

m: 7.0

Residual: 0.9989496213456873


epsilon: 0.3429166666666667

m: 3.0

Residual: 0.4967656643505412


epsilon: 0.3429166666666667

m: 3.1666666666666665

Residual: 0.4342116919185468


epsilon: 0.3429166666666667

m: 3.3333333333333335

Residual: 0.388973889382313


epsilon: 0.3429166666666667

m: 3.5

Residual: 0.3667223112517023


epsilon: 0.3429166666666667

m: 3.6666666666666665

Residual: 0.36991064342845925


epsilon: 0.3429166666666667

m: 3.833333333333333

Residual: 0.3986217630886519


epsilon: 0.3429166666666667

m: 4.0

Residual: 0.45054631895087677


epsilon: 0.3429166666666667

m: 4.166666666666666

Residual: 0.5200866422304399


epsilon: 0.3429166666666667

m: 4.333333333333333

Residual: 0.59828092917257


epsilon: 0.3429166666666667

m: 4.5

Residual: 0.6678487008025084


epsilon: 0.3429166666666667

m: 4.666666666666666

Residual: 0.7252846081484323


epsilon: 0.3429166666666667

m: 4.833333333333333

Residual: 0.7718188467575343


epsilon: 0.3429166666666667

m: 5.0

Residual: 0.8097673040483417


epsilon: 0.3429166666666667

m: 5.166666666666666

Residual: 0.8403369084539274


epsilon: 0.3429166666666667

m: 5.333333333333333

Residual: 0.8651920232141453


epsilon: 0.3429166666666667

m: 5.5

Residual: 0.8855995072376988


epsilon: 0.3429166666666667

m: 5.666666666666666

Residual: 0.9013116078792522


epsilon: 0.3429166666666667

m: 5.833333333333333

Residual: 0.9156022595464701


epsilon: 0.3429166666666667

m: 6.0

Residual: 0.926606152071213


epsilon: 0.3429166666666667

m: 6.166666666666666

Residual: 0.9358200155170369


epsilon: 0.3429166666666667

m: 6.333333333333333

Residual: 0.9438167175179453


epsilon: 0.3429166666666667

m: 6.5

Residual: 0.9504441533306286


epsilon: 0.3429166666666667

m: 6.666666666666666

Residual: 0.9560118931007335


epsilon: 0.3429166666666667

m: 6.833333333333333

Residual: 0.9606582017942275


epsilon: 0.3429166666666667

m: 7.0

Residual: 0.9644983841142216


epsilon: 0.6758333333333334

m: 3.0

Residual: 0.651151403170313


epsilon: 0.6758333333333334

m: 3.1666666666666665

Residual: 0.5678700662789187


epsilon: 0.6758333333333334

m: 3.3333333333333335

Residual: 0.48915159128832886


epsilon: 0.6758333333333334

m: 3.5

Residual: 0.41884527155202034


epsilon: 0.6758333333333334

m: 3.6666666666666665

Residual: 0.3634804734532219


epsilon: 0.6758333333333334

m: 3.833333333333333

Residual: 0.3282402655255572


epsilon: 0.6758333333333334

m: 4.0

Residual: 0.3170657430682208


epsilon: 0.6758333333333334

m: 4.166666666666666

Residual: 0.33280586402395773


epsilon: 0.6758333333333334

m: 4.333333333333333

Residual: 0.37534236133709625


epsilon: 0.6758333333333334

m: 4.5

Residual: 0.44145498494194674


epsilon: 0.6758333333333334

m: 4.666666666666666

Residual: 0.5223760713299743


epsilon: 0.6758333333333334

m: 4.833333333333333

Residual: 0.5953251026253414


epsilon: 0.6758333333333334

m: 5.0

Residual: 0.6560294865130297


epsilon: 0.6758333333333334

m: 5.166666666666666

Residual: 0.7075361757126442


epsilon: 0.6758333333333334

m: 5.333333333333333

Residual: 0.7505553478552314


epsilon: 0.6758333333333334

m: 5.5

Residual: 0.7858387380241881


epsilon: 0.6758333333333334

m: 5.666666666666666

Residual: 0.815057463925622


epsilon: 0.6758333333333334

m: 5.833333333333333

Residual: 0.8400682025286431


epsilon: 0.6758333333333334

m: 6.0

Residual: 0.8598781526579163


epsilon: 0.6758333333333334

m: 6.166666666666666

Residual: 0.8774631811388377


epsilon: 0.6758333333333334

m: 6.333333333333333

Residual: 0.8925051479325535


epsilon: 0.6758333333333334

m: 6.5

Residual: 0.9048775836787678


epsilon: 0.6758333333333334

m: 6.666666666666666

Residual: 0.9141685135600535


epsilon: 0.6758333333333334

m: 6.833333333333333

Residual: 0.923390910513786


epsilon: 0.6758333333333334

m: 7.0

Residual: 0.9314498279116303


epsilon: 1.00875

m: 3.0

Residual: 0.7476450471587212


epsilon: 1.00875

m: 3.1666666666666665

Residual: 0.6702239241869816


epsilon: 1.00875

m: 3.3333333333333335

Residual: 0.5875143945359879


epsilon: 1.00875

m: 3.5

Residual: 0.5045840975657754


epsilon: 1.00875

m: 3.6666666666666665

Residual: 0.42769452996586904


epsilon: 1.00875

m: 3.833333333333333

Residual: 0.3622629156938707


epsilon: 1.00875

m: 4.0

Residual: 0.31405134053772743


epsilon: 1.00875

m: 4.166666666666666

Residual: 0.2874738397661499


epsilon: 1.00875

m: 4.333333333333333

Residual: 0.28639808354907975


epsilon: 1.00875

m: 4.5

Residual: 0.3135379923327521


epsilon: 1.00875

m: 4.666666666666666

Residual: 0.3705765688850229


epsilon: 1.00875

m: 4.833333333333333

Residual: 0.45042942074007125


epsilon: 1.00875

m: 5.0

Residual: 0.5273667585521056


epsilon: 1.00875

m: 5.166666666666666

Residual: 0.5929775008007194


epsilon: 1.00875

m: 5.333333333333333

Residual: 0.6489284819666246


epsilon: 1.00875

m: 5.5

Residual: 0.6964863091089716


epsilon: 1.00875

m: 5.666666666666666

Residual: 0.7366319535558035


epsilon: 1.00875

m: 5.833333333333333

Residual: 0.7702291792983301


epsilon: 1.00875

m: 6.0

Residual: 0.7988251312437044


epsilon: 1.00875

m: 6.166666666666666

Residual: 0.8216375486818399


epsilon: 1.00875

m: 6.333333333333333

Residual: 0.8432899239483692


epsilon: 1.00875

m: 6.5

Residual: 0.8606418737338216


epsilon: 1.00875

m: 6.666666666666666

Residual: 0.8758142206016706


epsilon: 1.00875

m: 6.833333333333333

Residual: 0.888733895858289


epsilon: 1.00875

m: 7.0

Residual: 0.8979932983346796


epsilon: 1.3416666666666668

m: 3.0

Residual: 0.8041347823915813


epsilon: 1.3416666666666668

m: 3.1666666666666665

Residual: 0.7414564524671305


epsilon: 1.3416666666666668

m: 3.3333333333333335

Residual: 0.664902693923418


epsilon: 1.3416666666666668

m: 3.5

Residual: 0.5816285153219608


epsilon: 1.3416666666666668

m: 3.6666666666666665

Residual: 0.49569615803085076


epsilon: 1.3416666666666668

m: 3.833333333333333

Residual: 0.41724286198620936


epsilon: 1.3416666666666668

m: 4.0

Residual: 0.3483688266697394


epsilon: 1.3416666666666668

m: 4.166666666666666

Residual: 0.29606700299035865


epsilon: 1.3416666666666668

m: 4.333333333333333

Residual: 0.2643731845414374


epsilon: 1.3416666666666668

m: 4.5

Residual: 0.2577630962566442


epsilon: 1.3416666666666668

m: 4.666666666666666

Residual: 0.27989275191666213


epsilon: 1.3416666666666668

m: 4.833333333333333

Residual: 0.3356781991968616


epsilon: 1.3416666666666668

m: 5.0

Residual: 0.41696357414635815


epsilon: 1.3416666666666668

m: 5.166666666666666

Residual: 0.49319138801177376


epsilon: 1.3416666666666668

m: 5.333333333333333

Residual: 0.5582343630649873


epsilon: 1.3416666666666668

m: 5.5

Residual: 0.615162862643304


epsilon: 1.3416666666666668

m: 5.666666666666666

Residual: 0.6639859067636029


epsilon: 1.3416666666666668

m: 5.833333333333333

Residual: 0.7044059928107429


epsilon: 1.3416666666666668

m: 6.0

Residual: 0.7409649431550397


epsilon: 1.3416666666666668

m: 6.166666666666666

Residual: 0.7693647970373995


epsilon: 1.3416666666666668

m: 6.333333333333333

Residual: 0.7958699870435734


epsilon: 1.3416666666666668

m: 6.5

Residual: 0.8172128142862061


epsilon: 1.3416666666666668

m: 6.666666666666666

Residual: 0.8375752881445612


epsilon: 1.3416666666666668

m: 6.833333333333333

Residual: 0.8542045624402748


epsilon: 1.3416666666666668

m: 7.0

Residual: 0.8670526475453569


epsilon: 1.6745833333333335

m: 3.0

Residual: 0.8399883416148592


epsilon: 1.6745833333333335

m: 3.1666666666666665

Residual: 0.7873997229204996


epsilon: 1.6745833333333335

m: 3.3333333333333335

Residual: 0.7223079733003325


epsilon: 1.6745833333333335

m: 3.5

Residual: 0.6439687582129707


epsilon: 1.6745833333333335

m: 3.6666666666666665

Residual: 0.559493189647133


epsilon: 1.6745833333333335

m: 3.833333333333333

Residual: 0.4733015709152308


epsilon: 1.6745833333333335

m: 4.0

Residual: 0.3944093414480429


epsilon: 1.6745833333333335

m: 4.166666666666666

Residual: 0.32598486736723825


epsilon: 1.6745833333333335

m: 4.333333333333333

Residual: 0.2738313797919646


epsilon: 1.6745833333333335

m: 4.5

Residual: 0.24186422796474297


epsilon: 1.6745833333333335

m: 4.666666666666666

Residual: 0.23555283149904144


epsilon: 1.6745833333333335

m: 4.833333333333333

Residual: 0.2599169764368454


epsilon: 1.6745833333333335

m: 5.0

Residual: 0.3224537670350639


epsilon: 1.6745833333333335

m: 5.166666666666666

Residual: 0.40462694726074877


epsilon: 1.6745833333333335

m: 5.333333333333333

Residual: 0.47859592358870684


epsilon: 1.6745833333333335

m: 5.5

Residual: 0.5423424364109193


epsilon: 1.6745833333333335

m: 5.666666666666666

Residual: 0.5970104648311033


epsilon: 1.6745833333333335

m: 5.833333333333333

Residual: 0.6442016659445965


epsilon: 1.6745833333333335

m: 6.0

Residual: 0.6866367279317404


epsilon: 1.6745833333333335

m: 6.166666666666666

Residual: 0.7222351140827016


epsilon: 1.6745833333333335

m: 6.333333333333333

Residual: 0.7515916114452467


epsilon: 1.6745833333333335

m: 6.5

Residual: 0.7779042561331941


epsilon: 1.6745833333333335

m: 6.666666666666666

Residual: 0.8029185885258812


epsilon: 1.6745833333333335

m: 6.833333333333333

Residual: 0.8217178017259825


epsilon: 1.6745833333333335

m: 7.0

Residual: 0.8400521550007232


epsilon: 2.0075

m: 3.0

Residual: 0.8647129659879371


epsilon: 2.0075

m: 3.1666666666666665

Residual: 0.8194538846575278


epsilon: 2.0075

m: 3.3333333333333335

Residual: 0.7628372148205261


epsilon: 2.0075

m: 3.5

Residual: 0.6939772753677669


epsilon: 2.0075

m: 3.6666666666666665

Residual: 0.6123966071191973


epsilon: 2.0075

m: 3.833333333333333

Residual: 0.5271610313479542


epsilon: 2.0075

m: 4.0

Residual: 0.44069187401696247


epsilon: 2.0075

m: 4.166666666666666

Residual: 0.3640684225239735


epsilon: 2.0075

m: 4.333333333333333

Residual: 0.297203157054912


epsilon: 2.0075

m: 4.5

Residual: 0.24784878489116965


epsilon: 2.0075

m: 4.666666666666666

Residual: 0.21955525109327256


epsilon: 2.0075

m: 4.833333333333333

Residual: 0.21787816034574178


epsilon: 2.0075

m: 5.0

Residual: 0.2507010250788652


epsilon: 2.0075

m: 5.166666666666666

Residual: 0.32593535084133435


epsilon: 2.0075

m: 5.333333333333333

Residual: 0.4043971125898536


epsilon: 2.0075

m: 5.5

Residual: 0.47511446465895835


epsilon: 2.0075

m: 5.666666666666666

Residual: 0.535474972667267


epsilon: 2.0075

m: 5.833333333333333

Residual: 0.5876959858882842


epsilon: 2.0075

m: 6.0

Residual: 0.635523486331974


epsilon: 2.0075

m: 6.166666666666666

Residual: 0.6739671015521674


epsilon: 2.0075

m: 6.333333333333333

Residual: 0.7100863917868637


epsilon: 2.0075

m: 6.5

Residual: 0.7399684664796878


epsilon: 2.0075

m: 6.666666666666666

Residual: 0.7664590930642883


epsilon: 2.0075

m: 6.833333333333333

Residual: 0.7891381603088929


epsilon: 2.0075

m: 7.0

Residual: 0.8076768886262199


epsilon: 2.3404166666666666

m: 3.0

Residual: 0.8828330653809379


epsilon: 2.3404166666666666

m: 3.1666666666666665

Residual: 0.8431292197227911


epsilon: 2.3404166666666666

m: 3.3333333333333335

Residual: 0.7931146484481866


epsilon: 2.3404166666666666

m: 3.5

Residual: 0.7316376587683365


epsilon: 2.3404166666666666

m: 3.6666666666666665

Residual: 0.6581319173647264


epsilon: 2.3404166666666666

m: 3.833333333333333

Residual: 0.5730359885399472


epsilon: 2.3404166666666666

m: 4.0

Residual: 0.4873089373575606


epsilon: 2.3404166666666666

m: 4.166666666666666

Residual: 0.4023689680533652


epsilon: 2.3404166666666666

m: 4.333333333333333

Residual: 0.32772087669263256


epsilon: 2.3404166666666666

m: 4.5

Residual: 0.2649174905652403


epsilon: 2.3404166666666666

m: 4.666666666666666

Residual: 0.22177196916312375


epsilon: 2.3404166666666666

m: 4.833333333333333

Residual: 0.1990861273248365


epsilon: 2.3404166666666666

m: 5.0

Residual: 0.20627641553389112


epsilon: 2.3404166666666666

m: 5.166666666666666

Residual: 0.2567019294887576


epsilon: 2.3404166666666666

m: 5.333333333333333

Residual: 0.3387006644294896


epsilon: 2.3404166666666666

m: 5.5

Residual: 0.41415614380654014


epsilon: 2.3404166666666666

m: 5.666666666666666

Residual: 0.47851805808635256


epsilon: 2.3404166666666666

m: 5.833333333333333

Residual: 0.5376818834259833


epsilon: 2.3404166666666666

m: 6.0

Residual: 0.5848822876834843


epsilon: 2.3404166666666666

m: 6.166666666666666

Residual: 0.6338791534812334


epsilon: 2.3404166666666666

m: 6.333333333333333

Residual: 0.6708834350934431


epsilon: 2.3404166666666666

m: 6.5

Residual: 0.7032801416772231


epsilon: 2.3404166666666666

m: 6.666666666666666

Residual: 0.7322825808906022


epsilon: 2.3404166666666666

m: 6.833333333333333

Residual: 0.7593049633064749


epsilon: 2.3404166666666666

m: 7.0

Residual: 0.7821609380588344


epsilon: 2.6733333333333333

m: 3.0

Residual: 0.8966795590472547


epsilon: 2.6733333333333333

m: 3.1666666666666665

Residual: 0.8612969153358289


epsilon: 2.6733333333333333

m: 3.3333333333333335

Residual: 0.8164881145661028


epsilon: 2.6733333333333333

m: 3.5

Residual: 0.7610751586502386


epsilon: 2.6733333333333333

m: 3.6666666666666665

Residual: 0.6941963247537896


epsilon: 2.6733333333333333

m: 3.833333333333333

Residual: 0.6157864903396448


epsilon: 2.6733333333333333

m: 4.0

Residual: 0.5295874790875744


epsilon: 2.6733333333333333

m: 4.166666666666666

Residual: 0.44226301384577066


epsilon: 2.6733333333333333

m: 4.333333333333333

Residual: 0.3606848520253922


epsilon: 2.6733333333333333

m: 4.5

Residual: 0.2898355152275278


epsilon: 2.6733333333333333

m: 4.666666666666666

Residual: 0.23259337153544207


epsilon: 2.6733333333333333

m: 4.833333333333333

Residual: 0.19612311541522487


epsilon: 2.6733333333333333

m: 5.0

Residual: 0.18244792650817174


epsilon: 2.6733333333333333

m: 5.166666666666666

Residual: 0.20295217508108188


epsilon: 2.6733333333333333

m: 5.333333333333333

Residual: 0.27949667101383835


epsilon: 2.6733333333333333

m: 5.5

Residual: 0.3561226135317096


epsilon: 2.6733333333333333

m: 5.666666666666666

Residual: 0.42589717312811953


epsilon: 2.6733333333333333

m: 5.833333333333333

Residual: 0.4885320968838028


epsilon: 2.6733333333333333

m: 6.0

Residual: 0.5401077843266735


epsilon: 2.6733333333333333

m: 6.166666666666666

Residual: 0.5900585290755404


epsilon: 2.6733333333333333

m: 6.333333333333333

Residual: 0.6320240612911402


epsilon: 2.6733333333333333

m: 6.5

Residual: 0.6674257947781755


epsilon: 2.6733333333333333

m: 6.666666666666666

Residual: 0.6996086635905213


epsilon: 2.6733333333333333

m: 6.833333333333333

Residual: 0.7282702843961658


epsilon: 2.6733333333333333

m: 7.0

Residual: 0.7530609851632089


epsilon: 3.00625

m: 3.0

Residual: 0.907581530705851


epsilon: 3.00625

m: 3.1666666666666665

Residual: 0.8757178581898647


epsilon: 3.00625

m: 3.3333333333333335

Residual: 0.8351683912748439


epsilon: 3.00625

m: 3.5

Residual: 0.7846737294559633


epsilon: 3.00625

m: 3.6666666666666665

Residual: 0.7233564839511392


epsilon: 3.00625

m: 3.833333333333333

Residual: 0.6509318722307561


epsilon: 3.00625

m: 4.0

Residual: 0.5678928895837242


epsilon: 3.00625

m: 4.166666666666666

Residual: 0.4814882782698901


epsilon: 3.00625

m: 4.333333333333333

Residual: 0.3951065889979738


epsilon: 3.00625

m: 4.5

Residual: 0.31601051912002437


epsilon: 3.00625

m: 4.666666666666666

Residual: 0.2520998835727411


epsilon: 3.00625

m: 4.833333333333333

Residual: 0.20187102270114485


epsilon: 3.00625

m: 5.0

Residual: 0.17280598569487662


epsilon: 3.00625

m: 5.166666666666666

Residual: 0.1707076887919562


epsilon: 3.00625

m: 5.333333333333333

Residual: 0.22342927848401295


epsilon: 3.00625

m: 5.5

Residual: 0.30457527603291845


epsilon: 3.00625

m: 5.666666666666666

Residual: 0.3767683455618399


epsilon: 3.00625

m: 5.833333333333333

Residual: 0.44310789825851743


epsilon: 3.00625

m: 6.0

Residual: 0.49947131500429026


epsilon: 3.00625

m: 6.166666666666666

Residual: 0.5506131665514274


epsilon: 3.00625

m: 6.333333333333333

Residual: 0.5948613707336887


epsilon: 3.00625

m: 6.5

Residual: 0.635594819697583


epsilon: 3.00625

m: 6.666666666666666

Residual: 0.6722458200772921


epsilon: 3.00625

m: 6.833333333333333

Residual: 0.7019315356711167


epsilon: 3.00625

m: 7.0

Residual: 0.7284012812408321


epsilon: 3.339166666666667

m: 3.0

Residual: 0.9164079765422813


epsilon: 3.339166666666667

m: 3.1666666666666665

Residual: 0.8874124197299297


epsilon: 3.339166666666667

m: 3.3333333333333335

Residual: 0.8503489004980203


epsilon: 3.339166666666667

m: 3.5

Residual: 0.8040456106252812


epsilon: 3.339166666666667

m: 3.6666666666666665

Residual: 0.7475031506899997


epsilon: 3.339166666666667

m: 3.833333333333333

Residual: 0.6802272639866587


epsilon: 3.339166666666667

m: 4.0

Residual: 0.6023327808597233


epsilon: 3.339166666666667

m: 4.166666666666666

Residual: 0.515058469485072


epsilon: 3.339166666666667

m: 4.333333333333333

Residual: 0.4293837267236715


epsilon: 3.339166666666667

m: 4.5

Residual: 0.3466362135996868


epsilon: 3.339166666666667

m: 4.666666666666666

Residual: 0.27373697768743893


epsilon: 3.339166666666667

m: 4.833333333333333

Residual: 0.21371766573542342


epsilon: 3.339166666666667

m: 5.0

Residual: 0.1723981915827441


epsilon: 3.339166666666667

m: 5.166666666666666

Residual: 0.15625093235862517


epsilon: 3.339166666666667

m: 5.333333333333333

Residual: 0.17646783948674682


epsilon: 3.339166666666667

m: 5.5

Residual: 0.25598892846223553


epsilon: 3.339166666666667

m: 5.666666666666666

Residual: 0.3295731246109656


epsilon: 3.339166666666667

m: 5.833333333333333

Residual: 0.3987786507647664


epsilon: 3.339166666666667

m: 6.0

Residual: 0.4575522910689359


epsilon: 3.339166666666667

m: 6.166666666666666

Residual: 0.5124144020584164


epsilon: 3.339166666666667

m: 6.333333333333333

Residual: 0.560006298798389


epsilon: 3.339166666666667

m: 6.5

Residual: 0.6025353109170327


epsilon: 3.339166666666667

m: 6.666666666666666

Residual: 0.6392492172353703


epsilon: 3.339166666666667

m: 6.833333333333333

Residual: 0.6723161122258675


epsilon: 3.339166666666667

m: 7.0

Residual: 0.7039204389404403


epsilon: 3.6720833333333336

m: 3.0

Residual: 0.9237088458897793


epsilon: 3.6720833333333336

m: 3.1666666666666665

Residual: 0.897090263396142


epsilon: 3.6720833333333336

m: 3.3333333333333335

Residual: 0.8630011049153805


epsilon: 3.6720833333333336

m: 3.5

Residual: 0.8201833487944246


epsilon: 3.6720833333333336

m: 3.6666666666666665

Residual: 0.7676790367614449


epsilon: 3.6720833333333336

m: 3.833333333333333

Residual: 0.7048812741523278


epsilon: 3.6720833333333336

m: 4.0

Residual: 0.6318264118202848


epsilon: 3.6720833333333336

m: 4.166666666666666

Residual: 0.5491583230898445


epsilon: 3.6720833333333336

m: 4.333333333333333

Residual: 0.46208900631289324


epsilon: 3.6720833333333336

m: 4.5

Residual: 0.3757015958234545


epsilon: 3.6720833333333336

m: 4.666666666666666

Residual: 0.29642083596003943


epsilon: 3.6720833333333336

m: 4.833333333333333

Residual: 0.23140655248616634


epsilon: 3.6720833333333336

m: 5.0

Residual: 0.1792209724923551


epsilon: 3.6720833333333336

m: 5.166666666666666

Residual: 0.14889851860019981


epsilon: 3.6720833333333336

m: 5.333333333333333

Residual: 0.14584730021208714


epsilon: 3.6720833333333336

m: 5.5

Residual: 0.21032559461714553


epsilon: 3.6720833333333336

m: 5.666666666666666

Residual: 0.28853092498681027


epsilon: 3.6720833333333336

m: 5.833333333333333

Residual: 0.35773315886371077


epsilon: 3.6720833333333336

m: 6.0

Residual: 0.41888580243448054


epsilon: 3.6720833333333336

m: 6.166666666666666

Residual: 0.47730703072463143


epsilon: 3.6720833333333336

m: 6.333333333333333

Residual: 0.5293374950761867


epsilon: 3.6720833333333336

m: 6.5

Residual: 0.5703641479698977


epsilon: 3.6720833333333336

m: 6.666666666666666

Residual: 0.6118079268406662


epsilon: 3.6720833333333336

m: 6.833333333333333

Residual: 0.6454577057088405


epsilon: 3.6720833333333336

m: 7.0

Residual: 0.6779382134090026


epsilon: 4.005

m: 3.0

Residual: 0.9298269356907959


epsilon: 4.005

m: 3.1666666666666665

Residual: 0.9052348695954624


epsilon: 4.005

m: 3.3333333333333335

Residual: 0.873670560106384


epsilon: 4.005

m: 3.5

Residual: 0.8339042860043641


epsilon: 4.005

m: 3.6666666666666665

Residual: 0.7848905939740418


epsilon: 4.005

m: 3.833333333333333

Residual: 0.7261082931763212


epsilon: 4.005

m: 4.0

Residual: 0.6570789736956336


epsilon: 4.005

m: 4.166666666666666

Residual: 0.5786478999276372


epsilon: 4.005

m: 4.333333333333333

Residual: 0.49173559122663324


epsilon: 4.005

m: 4.5

Residual: 0.4063000724401524


epsilon: 4.005

m: 4.666666666666666

Residual: 0.32284229775332923


epsilon: 4.005

m: 4.833333333333333

Residual: 0.251164022148054


epsilon: 4.005

m: 5.0

Residual: 0.1912532531745042


epsilon: 4.005

m: 5.166666666666666

Residual: 0.1507341777299293


epsilon: 4.005

m: 5.333333333333333

Residual: 0.13145353568671012


epsilon: 4.005

m: 5.5

Residual: 0.16975106505685547


epsilon: 4.005

m: 5.666666666666666

Residual: 0.248337310598842


epsilon: 4.005

m: 5.833333333333333

Residual: 0.32020339175499996


epsilon: 4.005

m: 6.0

Residual: 0.3845701507715257


epsilon: 4.005

m: 6.166666666666666

Residual: 0.44087983287731525


epsilon: 4.005

m: 6.333333333333333

Residual: 0.4931268783041422


epsilon: 4.005

m: 6.5

Residual: 0.5407937105403873


epsilon: 4.005

m: 6.666666666666666

Residual: 0.5827135847108922


epsilon: 4.005

m: 6.833333333333333

Residual: 0.6183717612039306


epsilon: 4.005

m: 7.0

Residual: 0.6519319588641125


epsilon: 4.337916666666667

m: 3.0

Residual: 0.9350314685657208


epsilon: 4.337916666666667

m: 3.1666666666666665

Residual: 0.9121914159475387


epsilon: 4.337916666666667

m: 3.3333333333333335

Residual: 0.8827954530052127


epsilon: 4.337916666666667

m: 3.5

Residual: 0.8456650158961639


epsilon: 4.337916666666667

m: 3.6666666666666665

Residual: 0.7997828073913492


epsilon: 4.337916666666667

m: 3.833333333333333

Residual: 0.7444664880603684


epsilon: 4.337916666666667

m: 4.0

Residual: 0.6791116613627921


epsilon: 4.337916666666667

m: 4.166666666666666

Residual: 0.6046068899227185


epsilon: 4.337916666666667

m: 4.333333333333333

Residual: 0.521460798950633


epsilon: 4.337916666666667

m: 4.5

Residual: 0.434374143813959


epsilon: 4.337916666666667

m: 4.666666666666666

Residual: 0.34979257626498933


epsilon: 4.337916666666667

m: 4.833333333333333

Residual: 0.2721723212086822


epsilon: 4.337916666666667

m: 5.0

Residual: 0.20622968085505852


epsilon: 4.337916666666667

m: 5.166666666666666

Residual: 0.15698195940809737


epsilon: 4.337916666666667

m: 5.333333333333333

Residual: 0.12676075245116117


epsilon: 4.337916666666667

m: 5.5

Residual: 0.13069020127320455


epsilon: 4.337916666666667

m: 5.666666666666666

Residual: 0.20757619103390312


epsilon: 4.337916666666667

m: 5.833333333333333

Residual: 0.28289226548341073


epsilon: 4.337916666666667

m: 6.0

Residual: 0.34939387399360466


epsilon: 4.337916666666667

m: 6.166666666666666

Residual: 0.4101769072515708


epsilon: 4.337916666666667

m: 6.333333333333333

Residual: 0.4640269844903284


epsilon: 4.337916666666667

m: 6.5

Residual: 0.5130597361202353


epsilon: 4.337916666666667

m: 6.666666666666666

Residual: 0.5554949155535919


epsilon: 4.337916666666667

m: 6.833333333333333

Residual: 0.5933070067405988


epsilon: 4.337916666666667

m: 7.0

Residual: 0.6271047205660072


epsilon: 4.670833333333333

m: 3.0

Residual: 0.9395235323908515


epsilon: 4.670833333333333

m: 3.1666666666666665

Residual: 0.9182027482848281


epsilon: 4.670833333333333

m: 3.3333333333333335

Residual: 0.8906928674061502


epsilon: 4.670833333333333

m: 3.5

Residual: 0.8558510991739193


epsilon: 4.670833333333333

m: 3.6666666666666665

Residual: 0.8127070882963126


epsilon: 4.670833333333333

m: 3.833333333333333

Residual: 0.7603814871193451


epsilon: 4.670833333333333

m: 4.0

Residual: 0.6985877844289553


epsilon: 4.670833333333333

m: 4.166666666666666

Residual: 0.627527617773865


epsilon: 4.670833333333333

m: 4.333333333333333

Residual: 0.5477944000762965


epsilon: 4.670833333333333

m: 4.5

Residual: 0.46122825193960876


epsilon: 4.670833333333333

m: 4.666666666666666

Residual: 0.3760280285507709


epsilon: 4.670833333333333

m: 4.833333333333333

Residual: 0.2953275386661511


epsilon: 4.670833333333333

m: 5.0

Residual: 0.2227931113150328


epsilon: 4.670833333333333

m: 5.166666666666666

Residual: 0.16642582002877337


epsilon: 4.670833333333333

m: 5.333333333333333

Residual: 0.12695315408414262


epsilon: 4.670833333333333

m: 5.5

Residual: 0.1112462675331564


epsilon: 4.670833333333333

m: 5.666666666666666

Residual: 0.17407879647290445


epsilon: 4.670833333333333

m: 5.833333333333333

Residual: 0.24908039940771418


epsilon: 4.670833333333333

m: 6.0

Residual: 0.3151680252235244


epsilon: 4.670833333333333

m: 6.166666666666666

Residual: 0.3786941258718513


epsilon: 4.670833333333333

m: 6.333333333333333

Residual: 0.43551542703216684


epsilon: 4.670833333333333

m: 6.5

Residual: 0.483662332894755


epsilon: 4.670833333333333

m: 6.666666666666666

Residual: 0.5281490220154865


epsilon: 4.670833333333333

m: 6.833333333333333

Residual: 0.5708279216830477


epsilon: 4.670833333333333

m: 7.0

Residual: 0.605906935285013


epsilon: 5.00375

m: 3.0

Residual: 0.9434358302582236


epsilon: 5.00375

m: 3.1666666666666665

Residual: 0.9234329768743849


epsilon: 5.00375

m: 3.3333333333333335

Residual: 0.8976041035921478


epsilon: 5.00375

m: 3.5

Residual: 0.8648184414200035


epsilon: 5.00375

m: 3.6666666666666665

Residual: 0.8240654611099453


epsilon: 5.00375

m: 3.833333333333333

Residual: 0.7745656515042308


epsilon: 5.00375

m: 4.0

Residual: 0.71589705148871


epsilon: 5.00375

m: 4.166666666666666

Residual: 0.6479654807041177


epsilon: 5.00375

m: 4.333333333333333

Residual: 0.5713679639898543


epsilon: 5.00375

m: 4.5

Residual: 0.4875588440327478


epsilon: 5.00375

m: 4.666666666666666

Residual: 0.4006685015848288


epsilon: 5.00375

m: 4.833333333333333

Residual: 0.3179967799470802


epsilon: 5.00375

m: 5.0

Residual: 0.24181476778163807


epsilon: 5.00375

m: 5.166666666666666

Residual: 0.17922277043619586


epsilon: 5.00375

m: 5.333333333333333

Residual: 0.13184193722015733


epsilon: 5.00375

m: 5.5

Residual: 0.10572785940777302


epsilon: 5.00375

m: 5.666666666666666

Residual: 0.13962355226765064


epsilon: 5.00375

m: 5.833333333333333

Residual: 0.21329856721833318


epsilon: 5.00375

m: 6.0

Residual: 0.28696309875902826


epsilon: 5.00375

m: 6.166666666666666

Residual: 0.3511175772642934


epsilon: 5.00375

m: 6.333333333333333

Residual: 0.4069688428908334


epsilon: 5.00375

m: 6.5

Residual: 0.45553348641063224


epsilon: 5.00375

m: 6.666666666666666

Residual: 0.5047441023863369


epsilon: 5.00375

m: 6.833333333333333

Residual: 0.5457883481170993


epsilon: 5.00375

m: 7.0

Residual: 0.5802621810062579


epsilon: 5.336666666666667

m: 3.0

Residual: 0.9468634426618338


epsilon: 5.336666666666667

m: 3.1666666666666665

Residual: 0.928044701602163


epsilon: 5.336666666666667

m: 3.3333333333333335

Residual: 0.9036738042416983


epsilon: 5.336666666666667

m: 3.5

Residual: 0.872711058040075


epsilon: 5.336666666666667

m: 3.6666666666666665

Residual: 0.8341735187352671


epsilon: 5.336666666666667

m: 3.833333333333333

Residual: 0.7871463763555411


epsilon: 5.336666666666667

m: 4.0

Residual: 0.7311263400010724


epsilon: 5.336666666666667

m: 4.166666666666666

Residual: 0.6662147869846117


epsilon: 5.336666666666667

m: 4.333333333333333

Residual: 0.5927361998740904


epsilon: 5.336666666666667

m: 4.5

Residual: 0.511652006962198


epsilon: 5.336666666666667

m: 4.666666666666666

Residual: 0.42506390142464434


epsilon: 5.336666666666667

m: 4.833333333333333

Residual: 0.34201901696638837


epsilon: 5.336666666666667

m: 5.0

Residual: 0.26323667053118377


epsilon: 5.336666666666667

m: 5.166666666666666

Residual: 0.19333667176300134


epsilon: 5.336666666666667

m: 5.333333333333333

Residual: 0.1398846334466681


epsilon: 5.336666666666667

m: 5.5

Residual: 0.10208125049649562


epsilon: 5.336666666666667

m: 5.666666666666666

Residual: 0.1081412693239997


epsilon: 5.336666666666667

m: 5.833333333333333

Residual: 0.18515708104839623


epsilon: 5.336666666666667

m: 6.0

Residual: 0.2545329850594493


epsilon: 5.336666666666667

m: 6.166666666666666

Residual: 0.31829410065221775


epsilon: 5.336666666666667

m: 6.333333333333333

Residual: 0.3782637724110625


epsilon: 5.336666666666667

m: 6.5

Residual: 0.43375023771357407


epsilon: 5.336666666666667

m: 6.666666666666666

Residual: 0.4784875116091683


epsilon: 5.336666666666667

m: 6.833333333333333

Residual: 0.5195921844091484


epsilon: 5.336666666666667

m: 7.0

Residual: 0.5582747216996985


epsilon: 5.669583333333334

m: 3.0

Residual: 0.9499136452049378


epsilon: 5.669583333333334

m: 3.1666666666666665

Residual: 0.9321196686279647


epsilon: 5.669583333333334

m: 3.3333333333333335

Residual: 0.909064433348837


epsilon: 5.669583333333334

m: 3.5

Residual: 0.879724839269261


epsilon: 5.669583333333334

m: 3.6666666666666665

Residual: 0.8431244190313479


epsilon: 5.669583333333334

m: 3.833333333333333

Residual: 0.7984451390853926


epsilon: 5.669583333333334

m: 4.0

Residual: 0.7449425690513904


epsilon: 5.669583333333334

m: 4.166666666666666

Residual: 0.6827207475146192


epsilon: 5.669583333333334

m: 4.333333333333333

Residual: 0.6118391879780403


epsilon: 5.669583333333334

m: 4.5

Residual: 0.533712939020775


epsilon: 5.669583333333334

m: 4.666666666666666

Residual: 0.449259897780039


epsilon: 5.669583333333334

m: 4.833333333333333

Residual: 0.3647637068472791


epsilon: 5.669583333333334

m: 5.0

Residual: 0.2823702212026273


epsilon: 5.669583333333334

m: 5.166666666666666

Residual: 0.20929303736390553


epsilon: 5.669583333333334

m: 5.333333333333333

Residual: 0.1503967748298073


epsilon: 5.669583333333334

m: 5.5

Residual: 0.10734684617580327


epsilon: 5.669583333333334

m: 5.666666666666666

Residual: 0.08789887911769789


epsilon: 5.669583333333334

m: 5.833333333333333

Residual: 0.1562748728014465


epsilon: 5.669583333333334

m: 6.0

Residual: 0.22822924419477952


epsilon: 5.669583333333334

m: 6.166666666666666

Residual: 0.2935527058508116


epsilon: 5.669583333333334

m: 6.333333333333333

Residual: 0.35110030674047166


epsilon: 5.669583333333334

m: 6.5

Residual: 0.4041157862282316


epsilon: 5.669583333333334

m: 6.666666666666666

Residual: 0.45560113549383463


epsilon: 5.669583333333334

m: 6.833333333333333

Residual: 0.4983094791910419


epsilon: 5.669583333333334

m: 7.0

Residual: 0.5399945229435905


epsilon: 6.0025

m: 3.0

Residual: 0.9526180367434396


epsilon: 6.0025

m: 3.1666666666666665

Residual: 0.9357681846975618


epsilon: 6.0025

m: 3.3333333333333335

Residual: 0.9138896981224678


epsilon: 6.0025

m: 3.5

Residual: 0.8860372201612429


epsilon: 6.0025

m: 3.6666666666666665

Residual: 0.8512042049733116


epsilon: 6.0025

m: 3.833333333333333

Residual: 0.8085034246401634


epsilon: 6.0025

m: 4.0

Residual: 0.7574170375836763


epsilon: 6.0025

m: 4.166666666666666

Residual: 0.6976185353081584


epsilon: 6.0025

m: 4.333333333333333

Residual: 0.6295677940590086


epsilon: 6.0025

m: 4.5

Residual: 0.5535894580512275


epsilon: 6.0025

m: 4.666666666666666

Residual: 0.4716265731689462


epsilon: 6.0025

m: 4.833333333333333

Residual: 0.38567361008947276


epsilon: 6.0025

m: 5.0

Residual: 0.30521071030301444


epsilon: 6.0025

m: 5.166666666666666

Residual: 0.22845827323422718


epsilon: 6.0025

m: 5.333333333333333

Residual: 0.16325810729154572


epsilon: 6.0025

m: 5.5

Residual: 0.11318446196066341


epsilon: 6.0025

m: 5.666666666666666

Residual: 0.08179172904155253


epsilon: 6.0025

m: 5.833333333333333

Residual: 0.1283842333227514


epsilon: 6.0025

m: 6.0

Residual: 0.20141266809235073


epsilon: 6.0025

m: 6.166666666666666

Residual: 0.2677751116940777


epsilon: 6.0025

m: 6.333333333333333

Residual: 0.3252004224137623


epsilon: 6.0025

m: 6.5

Residual: 0.38323762256913835


epsilon: 6.0025

m: 6.666666666666666

Residual: 0.43199259048804023


epsilon: 6.0025

m: 6.833333333333333

Residual: 0.4739308423296776


epsilon: 6.0025

m: 7.0

Residual: 0.5220427558837699


epsilon: 6.335416666666667

m: 3.0

Residual: 0.9550581735901976


epsilon: 6.335416666666667

m: 3.1666666666666665

Residual: 0.9390432038127458


epsilon: 6.335416666666667

m: 3.3333333333333335

Residual: 0.9182379939822198


epsilon: 6.335416666666667

m: 3.5

Residual: 0.8916964592297199


epsilon: 6.335416666666667

m: 3.6666666666666665

Residual: 0.8584562016437522


epsilon: 6.335416666666667

m: 3.833333333333333

Residual: 0.8176360003386126


epsilon: 6.335416666666667

m: 4.0

Residual: 0.7685995361562387


epsilon: 6.335416666666667

m: 4.166666666666666

Residual: 0.711358802248171


epsilon: 6.335416666666667

m: 4.333333333333333

Residual: 0.6457259035869587


epsilon: 6.335416666666667

m: 4.5

Residual: 0.5726035854803915


epsilon: 6.335416666666667

m: 4.666666666666666

Residual: 0.49219527521669354


epsilon: 6.335416666666667

m: 4.833333333333333

Residual: 0.4082958879449536


epsilon: 6.335416666666667

m: 5.0

Residual: 0.3245146701287516


epsilon: 6.335416666666667

m: 5.166666666666666

Residual: 0.24559589737756077


epsilon: 6.335416666666667

m: 5.333333333333333

Residual: 0.17567158319946208


epsilon: 6.335416666666667

m: 5.5

Residual: 0.12111640539009297


epsilon: 6.335416666666667

m: 5.666666666666666

Residual: 0.08200024632534114


epsilon: 6.335416666666667

m: 5.833333333333333

Residual: 0.10183625992577011


epsilon: 6.335416666666667

m: 6.0

Residual: 0.17507125875386592


epsilon: 6.335416666666667

m: 6.166666666666666

Residual: 0.24577442514218273


epsilon: 6.335416666666667

m: 6.333333333333333

Residual: 0.3053697179174852


epsilon: 6.335416666666667

m: 6.5

Residual: 0.3619930386551093


epsilon: 6.335416666666667

m: 6.666666666666666

Residual: 0.4109841177377422


epsilon: 6.335416666666667

m: 6.833333333333333

Residual: 0.45626720711155927


epsilon: 6.335416666666667

m: 7.0

Residual: 0.49991576934134263


epsilon: 6.668333333333334

m: 3.0

Residual: 0.9572498194901434


epsilon: 6.668333333333334

m: 3.1666666666666665

Residual: 0.9419945936146107


epsilon: 6.668333333333334

m: 3.3333333333333335

Residual: 0.9221542310242942


epsilon: 6.668333333333334

m: 3.5

Residual: 0.8968168429393216


epsilon: 6.668333333333334

m: 3.6666666666666665

Residual: 0.8650183106120467


epsilon: 6.668333333333334

m: 3.833333333333333

Residual: 0.8259569270993892


epsilon: 6.668333333333334

m: 4.0

Residual: 0.7789624032267921


epsilon: 6.668333333333334

m: 4.166666666666666

Residual: 0.7236556082203316


epsilon: 6.668333333333334

m: 4.333333333333333

Residual: 0.6603129835867929


epsilon: 6.668333333333334

m: 4.5

Residual: 0.5894336430254266


epsilon: 6.668333333333334

m: 4.666666666666666

Residual: 0.5118351338691595


epsilon: 6.668333333333334

m: 4.833333333333333

Residual: 0.4296024765848613


epsilon: 6.668333333333334

m: 5.0

Residual: 0.3434230089856112


epsilon: 6.668333333333334

m: 5.166666666666666

Residual: 0.2657240826496336


epsilon: 6.668333333333334

m: 5.333333333333333

Residual: 0.1920545568291821


epsilon: 6.668333333333334

m: 5.5

Residual: 0.13150739876929793


epsilon: 6.668333333333334

m: 5.666666666666666

Residual: 0.08590003964329808


epsilon: 6.668333333333334

m: 5.833333333333333

Residual: 0.07814445841191744


epsilon: 6.668333333333334

m: 6.0

Residual: 0.14857760780031237


epsilon: 6.668333333333334

m: 6.166666666666666

Residual: 0.21938241520998444


epsilon: 6.668333333333334

m: 6.333333333333333

Residual: 0.2776689798022432


epsilon: 6.668333333333334

m: 6.5

Residual: 0.336687085476912


epsilon: 6.668333333333334

m: 6.666666666666666

Residual: 0.39047677498120203


epsilon: 6.668333333333334

m: 6.833333333333333

Residual: 0.44243174971847465


epsilon: 6.668333333333334

m: 7.0

Residual: 0.4814810573601716


epsilon: 7.001250000000001

m: 3.0

Residual: 0.9592388620990266


epsilon: 7.001250000000001

m: 3.1666666666666665

Residual: 0.9446659083905381


epsilon: 7.001250000000001

m: 3.3333333333333335

Residual: 0.9257147680722503


epsilon: 7.001250000000001

m: 3.5

Residual: 0.9014829684166844


epsilon: 7.001250000000001

m: 3.6666666666666665

Residual: 0.8710360742946829


epsilon: 7.001250000000001

m: 3.833333333333333

Residual: 0.8335605064317301


epsilon: 7.001250000000001

m: 4.0

Residual: 0.7883508376699535


epsilon: 7.001250000000001

m: 4.166666666666666

Residual: 0.7350514504270322


epsilon: 7.001250000000001

m: 4.333333333333333

Residual: 0.673780894537621


epsilon: 7.001250000000001

m: 4.5

Residual: 0.6048291686941284


epsilon: 7.001250000000001

m: 4.666666666666666

Residual: 0.5293146400318152


epsilon: 7.001250000000001

m: 4.833333333333333

Residual: 0.449347391119096


epsilon: 7.001250000000001

m: 5.0

Residual: 0.36541472052935425


epsilon: 7.001250000000001

m: 5.166666666666666

Residual: 0.28453826542542476


epsilon: 7.001250000000001

m: 5.333333333333333

Residual: 0.2078979871021906


epsilon: 7.001250000000001

m: 5.5

Residual: 0.14376046567615977


epsilon: 7.001250000000001

m: 5.666666666666666

Residual: 0.09091167325245188


epsilon: 7.001250000000001

m: 5.833333333333333

Residual: 0.06782986720765218


epsilon: 7.001250000000001

m: 6.0

Residual: 0.124699613657951


epsilon: 7.001250000000001

m: 6.166666666666666

Residual: 0.1937597768489489


epsilon: 7.001250000000001

m: 6.333333333333333

Residual: 0.25734260011087307


epsilon: 7.001250000000001

m: 6.5

Residual: 0.3146828103099614


epsilon: 7.001250000000001

m: 6.666666666666666

Residual: 0.3672854780072847


epsilon: 7.001250000000001

m: 6.833333333333333

Residual: 0.4188438996143662


epsilon: 7.001250000000001

m: 7.0

Residual: 0.46348423744404516


epsilon: 7.334166666666667

m: 3.0

Residual: 0.9610586718506928


epsilon: 7.334166666666667

m: 3.1666666666666665

Residual: 0.9471227304627291


epsilon: 7.334166666666667

m: 3.3333333333333335

Residual: 0.9289787049594161


epsilon: 7.334166666666667

m: 3.5

Residual: 0.9057530158112407


epsilon: 7.334166666666667

m: 3.6666666666666665

Residual: 0.8765330671846931


epsilon: 7.334166666666667

m: 3.833333333333333

Residual: 0.8405189935990267


epsilon: 7.334166666666667

m: 4.0

Residual: 0.7970165578534725


epsilon: 7.334166666666667

m: 4.166666666666666

Residual: 0.7455575462012038


epsilon: 7.334166666666667

m: 4.333333333333333

Residual: 0.6862975696838256


epsilon: 7.334166666666667

m: 4.5

Residual: 0.6197700468689521


epsilon: 7.334166666666667

m: 4.666666666666666

Residual: 0.5461067732040124


epsilon: 7.334166666666667

m: 4.833333333333333

Residual: 0.46717993568032595


epsilon: 7.334166666666667

m: 5.0

Residual: 0.3853285216706761


epsilon: 7.334166666666667

m: 5.166666666666666

Residual: 0.30127138834449146


epsilon: 7.334166666666667

m: 5.333333333333333

Residual: 0.22414755969295314


epsilon: 7.334166666666667

m: 5.5

Residual: 0.156118385692764


epsilon: 7.334166666666667

m: 5.666666666666666

Residual: 0.09988478806898433


epsilon: 7.334166666666667

m: 5.833333333333333

Residual: 0.06320010397628804


epsilon: 7.334166666666667

m: 6.0

Residual: 0.10325821446329618


epsilon: 7.334166666666667

m: 6.166666666666666

Residual: 0.17117835107860987


epsilon: 7.334166666666667

m: 6.333333333333333

Residual: 0.236981124898437


epsilon: 7.334166666666667

m: 6.5

Residual: 0.2915688840534198


epsilon: 7.334166666666667

m: 6.666666666666666

Residual: 0.3518303346078859


epsilon: 7.334166666666667

m: 6.833333333333333

Residual: 0.3959072034030353


epsilon: 7.334166666666667

m: 7.0

Residual: 0.4415031564785625


epsilon: 7.667083333333334

m: 3.0

Residual: 0.9627203429287163


epsilon: 7.667083333333334

m: 3.1666666666666665

Residual: 0.9493530293705049


epsilon: 7.667083333333334

m: 3.3333333333333335

Residual: 0.9319507683258413


epsilon: 7.667083333333334

m: 3.5

Residual: 0.9096522450962988


epsilon: 7.667083333333334

m: 3.6666666666666665

Residual: 0.8815598668425553


epsilon: 7.667083333333334

m: 3.833333333333333

Residual: 0.84690666414757


epsilon: 7.667083333333334

m: 4.0

Residual: 0.8049692359555458


epsilon: 7.667083333333334

m: 4.166666666666666

Residual: 0.7552111168989163


epsilon: 7.667083333333334

m: 4.333333333333333

Residual: 0.6977423056569574


epsilon: 7.667083333333334

m: 4.5

Residual: 0.6331384344949661


epsilon: 7.667083333333334

m: 4.666666666666666

Residual: 0.561614233298046


epsilon: 7.667083333333334

m: 4.833333333333333

Residual: 0.4846067390479574


epsilon: 7.667083333333334

m: 5.0

Residual: 0.40340491925975


epsilon: 7.667083333333334

m: 5.166666666666666

Residual: 0.3198589392729217


epsilon: 7.667083333333334

m: 5.333333333333333

Residual: 0.24293050115437026


epsilon: 7.667083333333334

m: 5.5

Residual: 0.17157761905944366


epsilon: 7.667083333333334

m: 5.666666666666666

Residual: 0.11241905859647262


epsilon: 7.667083333333334

m: 5.833333333333333

Residual: 0.06771830904104761


epsilon: 7.667083333333334

m: 6.0

Residual: 0.07863082177414189


epsilon: 7.667083333333334

m: 6.166666666666666

Residual: 0.14950817622125684


epsilon: 7.667083333333334

m: 6.333333333333333

Residual: 0.21372404813343715


epsilon: 7.667083333333334

m: 6.5

Residual: 0.2713095724730209


epsilon: 7.667083333333334

m: 6.666666666666666

Residual: 0.33148789166771725


epsilon: 7.667083333333334

m: 6.833333333333333

Residual: 0.3795133814518017


epsilon: 7.667083333333334

m: 7.0

Residual: 0.4252670351585066


epsilon: 8.0

m: 3.0

Residual: 0.9642386615927077


epsilon: 8.0

m: 3.1666666666666665

Residual: 0.9514075714973227


epsilon: 8.0

m: 3.3333333333333335

Residual: 0.934698406886707


epsilon: 8.0

m: 3.5

Residual: 0.9132420677775941


epsilon: 8.0

m: 3.6666666666666665

Residual: 0.8862028745658176


epsilon: 8.0

m: 3.833333333333333

Residual: 0.8527490746062226


epsilon: 8.0

m: 4.0

Residual: 0.8122535741728604


epsilon: 8.0

m: 4.166666666666666

Residual: 0.7642798495502832


epsilon: 8.0

m: 4.333333333333333

Residual: 0.7085096193317983


epsilon: 8.0

m: 4.5

Residual: 0.6454572011472712


epsilon: 8.0

m: 4.666666666666666

Residual: 0.5760076246167615


epsilon: 8.0

m: 4.833333333333333

Residual: 0.5001737636215706


epsilon: 8.0

m: 5.0

Residual: 0.4213255511018503


epsilon: 8.0

m: 5.166666666666666

Residual: 0.3382567408698356


epsilon: 8.0

m: 5.333333333333333

Residual: 0.2597209684503244


epsilon: 8.0

m: 5.5

Residual: 0.18644672718777364


epsilon: 8.0

m: 5.666666666666666

Residual: 0.12180863249932002


epsilon: 8.0

m: 5.833333333333333

Residual: 0.07465180248554336


epsilon: 8.0

m: 6.0

Residual: 0.06386803518439202


epsilon: 8.0

m: 6.166666666666666

Residual: 0.13104561426278


epsilon: 8.0

m: 6.333333333333333

Residual: 0.1953645544228492


epsilon: 8.0

m: 6.5

Residual: 0.2522503976766795


epsilon: 8.0

m: 6.666666666666666

Residual: 0.3066095192855771


epsilon: 8.0

m: 6.833333333333333

Residual: 0.3525712800582976


epsilon: 8.0

m: 7.0

Residual: 0.41150564982653676


