epsilon: 0.01

m: 3.0

Residual: 0.716173369333663


epsilon: 0.01

m: 3.0

Residual: 0.7161815544260403


epsilon: 0.01

m: 3.1666666666666665

Residual: 0.7975214615246152


epsilon: 0.01

m: 3.3333333333333335

Residual: 0.8566553620748653


epsilon: 0.01

m: 3.5

Residual: 0.8982020606176581


epsilon: 0.01

m: 3.6666666666666665

Residual: 0.927150544450481


epsilon: 0.01

m: 3.833333333333333

Residual: 0.9473436345951115


epsilon: 0.01

m: 4.0

Residual: 0.9614481064057838


epsilon: 0.01

m: 4.166666666666666

Residual: 0.9713934205372278


epsilon: 0.01

m: 4.333333333333333

Residual: 0.9784471547113941


epsilon: 0.01

m: 4.5

Residual: 0.983519463438101


epsilon: 0.01

m: 4.666666666666666

Residual: 0.9872077752683001


epsilon: 0.01

m: 4.833333333333333

Residual: 0.9899040517839469


epsilon: 0.01

m: 5.0

Residual: 0.9919256147513855


epsilon: 0.01

m: 5.166666666666666

Residual: 0.9934497202867415


epsilon: 0.01

m: 5.333333333333333

Residual: 0.9946211671551277


epsilon: 0.01

m: 5.5

Residual: 0.995517240462891


epsilon: 0.01

m: 5.666666666666666

Residual: 0.9962308537865264


epsilon: 0.01

m: 5.833333333333333

Residual: 0.9967936946390713


epsilon: 0.01

m: 6.0

Residual: 0.997255243932502


epsilon: 0.01

m: 6.166666666666666

Residual: 0.9976237704681439


epsilon: 0.01

m: 6.333333333333333

Residual: 0.9979293978760221


epsilon: 0.01

m: 6.5

Residual: 0.9981457749397796


epsilon: 0.01

m: 6.666666666666666

Residual: 0.9983802441435614


epsilon: 0.01

m: 6.833333333333333

Residual: 0.9985429013095132


epsilon: 0.01

m: 7.0

Residual: 0.9986775025481582


epsilon: 0.3429166666666667

m: 3.0

Residual: 0.7018434385358492


epsilon: 0.3429166666666667

m: 3.1666666666666665

Residual: 0.5946880788612403


epsilon: 0.3429166666666667

m: 3.3333333333333335

Residual: 0.48329258822789756


epsilon: 0.3429166666666667

m: 3.5

Residual: 0.3844334018363491


epsilon: 0.3429166666666667

m: 3.6666666666666665

Residual: 0.311804894490394


epsilon: 0.3429166666666667

m: 3.833333333333333

Residual: 0.27724724100209813


epsilon: 0.3429166666666667

m: 4.0

Residual: 0.29118508940069177


epsilon: 0.3429166666666667

m: 4.166666666666666

Residual: 0.35539018009524587


epsilon: 0.3429166666666667

m: 4.333333333333333

Residual: 0.4558862129726214


epsilon: 0.3429166666666667

m: 4.5

Residual: 0.5565449015486941


epsilon: 0.3429166666666667

m: 4.666666666666666

Residual: 0.6383332146169375


epsilon: 0.3429166666666667

m: 4.833333333333333

Residual: 0.7035671240683313


epsilon: 0.3429166666666667

m: 5.0

Residual: 0.7558773844305392


epsilon: 0.3429166666666667

m: 5.166666666666666

Residual: 0.7980537531117071


epsilon: 0.3429166666666667

m: 5.333333333333333

Residual: 0.8307298055029163


epsilon: 0.3429166666666667

m: 5.5

Residual: 0.8569845120712107


epsilon: 0.3429166666666667

m: 5.666666666666666

Residual: 0.8784069610466133


epsilon: 0.3429166666666667

m: 5.833333333333333

Residual: 0.896726967556663


epsilon: 0.3429166666666667

m: 6.0

Residual: 0.9098891681699075


epsilon: 0.3429166666666667

m: 6.166666666666666

Residual: 0.9214433434396601


epsilon: 0.3429166666666667

m: 6.333333333333333

Residual: 0.930993713468121


epsilon: 0.3429166666666667

m: 6.5

Residual: 0.9390130719630526


epsilon: 0.3429166666666667

m: 6.666666666666666

Residual: 0.9458963818808427


epsilon: 0.3429166666666667

m: 6.833333333333333

Residual: 0.9511443578719345


epsilon: 0.3429166666666667

m: 7.0

Residual: 0.9564804091968958


epsilon: 0.6758333333333334

m: 3.0

Residual: 0.836730930436999


epsilon: 0.6758333333333334

m: 3.1666666666666665

Residual: 0.7677813742007951


epsilon: 0.6758333333333334

m: 3.3333333333333335

Residual: 0.6783174006707172


epsilon: 0.6758333333333334

m: 3.5

Residual: 0.567548924747089


epsilon: 0.6758333333333334

m: 3.6666666666666665

Residual: 0.4515234967352286


epsilon: 0.6758333333333334

m: 3.833333333333333

Residual: 0.34414911733481846


epsilon: 0.6758333333333334

m: 4.0

Residual: 0.26105420649530203


epsilon: 0.6758333333333334

m: 4.166666666666666

Residual: 0.213379554400762


epsilon: 0.6758333333333334

m: 4.333333333333333

Residual: 0.21890630866080096


epsilon: 0.6758333333333334

m: 4.5

Residual: 0.2864771742484535


epsilon: 0.6758333333333334

m: 4.666666666666666

Residual: 0.39358544748627106


epsilon: 0.6758333333333334

m: 4.833333333333333

Residual: 0.4893414759552854


epsilon: 0.6758333333333334

m: 5.0

Residual: 0.5700894387881137


epsilon: 0.6758333333333334

m: 5.166666666666666

Residual: 0.6366298813203222


epsilon: 0.6758333333333334

m: 5.333333333333333

Residual: 0.692168300033218


epsilon: 0.6758333333333334

m: 5.5

Residual: 0.7373963192728299


epsilon: 0.6758333333333334

m: 5.666666666666666

Residual: 0.7737143989858938


epsilon: 0.6758333333333334

m: 5.833333333333333

Residual: 0.8037077462059136


epsilon: 0.6758333333333334

m: 6.0

Residual: 0.8305733165873235


epsilon: 0.6758333333333334

m: 6.166666666666666

Residual: 0.8507754440324595


epsilon: 0.6758333333333334

m: 6.333333333333333

Residual: 0.868301439594008


epsilon: 0.6758333333333334

m: 6.5

Residual: 0.8830449210964577


epsilon: 0.6758333333333334

m: 6.666666666666666

Residual: 0.8960732634136728


epsilon: 0.6758333333333334

m: 6.833333333333333

Residual: 0.9077982897334087


epsilon: 0.6758333333333334

m: 7.0

Residual: 0.9163826464398014


epsilon: 1.00875

m: 3.0

Residual: 0.8875805702540349


epsilon: 1.00875

m: 3.1666666666666665

Residual: 0.8382219118486182


epsilon: 1.00875

m: 3.3333333333333335

Residual: 0.772416891960212


epsilon: 1.00875

m: 3.5

Residual: 0.688009567886287


epsilon: 1.00875

m: 3.6666666666666665

Residual: 0.5845033887530682


epsilon: 1.00875

m: 3.833333333333333

Residual: 0.46618542763228554


epsilon: 1.00875

m: 4.0

Residual: 0.3498474831207268


epsilon: 1.00875

m: 4.166666666666666

Residual: 0.25053289701365944


epsilon: 1.00875

m: 4.333333333333333

Residual: 0.1828849089803922


epsilon: 1.00875

m: 4.5

Residual: 0.1628724692224422


epsilon: 1.00875

m: 4.666666666666666

Residual: 0.21711394224252234


epsilon: 1.00875

m: 4.833333333333333

Residual: 0.32398976358311427


epsilon: 1.00875

m: 5.0

Residual: 0.4199688018076212


epsilon: 1.00875

m: 5.166666666666666

Residual: 0.5020249702793506


epsilon: 1.00875

m: 5.333333333333333

Residual: 0.5722357767996117


epsilon: 1.00875

m: 5.5

Residual: 0.6310275489053421


epsilon: 1.00875

m: 5.666666666666666

Residual: 0.6795979554550503


epsilon: 1.00875

m: 5.833333333333333

Residual: 0.7208583169403172


epsilon: 1.00875

m: 6.0

Residual: 0.7559319042602306


epsilon: 1.00875

m: 6.166666666666666

Residual: 0.7835586261028616


epsilon: 1.00875

m: 6.333333333333333

Residual: 0.8087891507918402


epsilon: 1.00875

m: 6.5

Residual: 0.8304577063523988


epsilon: 1.00875

m: 6.666666666666666

Residual: 0.8493248852469771


epsilon: 1.00875

m: 6.833333333333333

Residual: 0.8636617003351106


epsilon: 1.00875

m: 7.0

Residual: 0.8761742329679579


epsilon: 1.3416666666666668

m: 3.0

Residual: 0.9142794711627857


epsilon: 1.3416666666666668

m: 3.1666666666666665

Residual: 0.8758721552208049


epsilon: 1.3416666666666668

m: 3.3333333333333335

Residual: 0.8239211094478003


epsilon: 1.3416666666666668

m: 3.5

Residual: 0.755975156740895


epsilon: 1.3416666666666668

m: 3.6666666666666665

Residual: 0.670610947047985


epsilon: 1.3416666666666668

m: 3.833333333333333

Residual: 0.5678801699532393


epsilon: 1.3416666666666668

m: 4.0

Residual: 0.4499844889744574


epsilon: 1.3416666666666668

m: 4.166666666666666

Residual: 0.33184691886717055


epsilon: 1.3416666666666668

m: 4.333333333333333

Residual: 0.22637363143450429


epsilon: 1.3416666666666668

m: 4.5

Residual: 0.15263637836026347


epsilon: 1.3416666666666668

m: 4.666666666666666

Residual: 0.1261575736524205


epsilon: 1.3416666666666668

m: 4.833333333333333

Residual: 0.19129289415615794


epsilon: 1.3416666666666668

m: 5.0

Residual: 0.29609153010969985


epsilon: 1.3416666666666668

m: 5.166666666666666

Residual: 0.389286434879391


epsilon: 1.3416666666666668

m: 5.333333333333333

Residual: 0.4687676554627116


epsilon: 1.3416666666666668

m: 5.5

Residual: 0.5359742544947199


epsilon: 1.3416666666666668

m: 5.666666666666666

Residual: 0.5963065522201085


epsilon: 1.3416666666666668

m: 5.833333333333333

Residual: 0.6461181290036802


epsilon: 1.3416666666666668

m: 6.0

Residual: 0.6897178322243118


epsilon: 1.3416666666666668

m: 6.166666666666666

Residual: 0.7250582171358426


epsilon: 1.3416666666666668

m: 6.333333333333333

Residual: 0.7552212301727491


epsilon: 1.3416666666666668

m: 6.5

Residual: 0.7798948057516384


epsilon: 1.3416666666666668

m: 6.666666666666666

Residual: 0.8043073952969841


epsilon: 1.3416666666666668

m: 6.833333333333333

Residual: 0.8245217634426901


epsilon: 1.3416666666666668

m: 7.0

Residual: 0.8382910364832642


epsilon: 1.6745833333333335

m: 3.0

Residual: 0.9307310982089481


epsilon: 1.6745833333333335

m: 3.1666666666666665

Residual: 0.8993077078005977


epsilon: 1.6745833333333335

m: 3.3333333333333335

Residual: 0.8563987239480658


epsilon: 1.6745833333333335

m: 3.5

Residual: 0.7996228000074733


epsilon: 1.6745833333333335

m: 3.6666666666666665

Residual: 0.7271294277515875


epsilon: 1.6745833333333335

m: 3.833333333333333

Residual: 0.6382923675487345


epsilon: 1.6745833333333335

m: 4.0

Residual: 0.5339248276183858


epsilon: 1.6745833333333335

m: 4.166666666666666

Residual: 0.4170170079695914


epsilon: 1.6745833333333335

m: 4.333333333333333

Residual: 0.2995380517837967


epsilon: 1.6745833333333335

m: 4.5

Residual: 0.19359560370702314


epsilon: 1.6745833333333335

m: 4.666666666666666

Residual: 0.11867555409862998


epsilon: 1.6745833333333335

m: 4.833333333333333

Residual: 0.0995350831917693


epsilon: 1.6745833333333335

m: 5.0

Residual: 0.1921315570159616


epsilon: 1.6745833333333335

m: 5.166666666666666

Residual: 0.2913249557562981


epsilon: 1.6745833333333335

m: 5.333333333333333

Residual: 0.37688266433849726


epsilon: 1.6745833333333335

m: 5.5

Residual: 0.4549387852401566


epsilon: 1.6745833333333335

m: 5.666666666666666

Residual: 0.5191946140174226


epsilon: 1.6745833333333335

m: 5.833333333333333

Residual: 0.5758644072791108


epsilon: 1.6745833333333335

m: 6.0

Residual: 0.6245669656358847


epsilon: 1.6745833333333335

m: 6.166666666666666

Residual: 0.6671910315695749


epsilon: 1.6745833333333335

m: 6.333333333333333

Residual: 0.7020406167797815


epsilon: 1.6745833333333335

m: 6.5

Residual: 0.7335126987053876


epsilon: 1.6745833333333335

m: 6.666666666666666

Residual: 0.7606636404883496


epsilon: 1.6745833333333335

m: 6.833333333333333

Residual: 0.7821337118770895


epsilon: 1.6745833333333335

m: 7.0

Residual: 0.8052734863590701


epsilon: 2.0075

m: 3.0

Residual: 0.9418853078201026


epsilon: 2.0075

m: 3.1666666666666665

Residual: 0.9153029924754366


epsilon: 2.0075

m: 3.3333333333333335

Residual: 0.8787769607047989


epsilon: 2.0075

m: 3.5

Residual: 0.830035406441573


epsilon: 2.0075

m: 3.6666666666666665

Residual: 0.7671265924160172


epsilon: 2.0075

m: 3.833333333333333

Residual: 0.6889632559153048


epsilon: 2.0075

m: 4.0

Residual: 0.5956255660487344


epsilon: 2.0075

m: 4.166666666666666

Residual: 0.4889619329631284


epsilon: 2.0075

m: 4.333333333333333

Residual: 0.37255841426125197


epsilon: 2.0075

m: 4.5

Residual: 0.2571782920103461


epsilon: 2.0075

m: 4.666666666666666

Residual: 0.1531650130510422


epsilon: 2.0075

m: 4.833333333333333

Residual: 0.08334192482841168


epsilon: 2.0075

m: 5.0

Residual: 0.10307879075057413


epsilon: 2.0075

m: 5.166666666666666

Residual: 0.20532379687742042


epsilon: 2.0075

m: 5.333333333333333

Residual: 0.2991087978917773


epsilon: 2.0075

m: 5.5

Residual: 0.37879031676320174


epsilon: 2.0075

m: 5.666666666666666

Residual: 0.4506112524010301


epsilon: 2.0075

m: 5.833333333333333

Residual: 0.5121684249064512


epsilon: 2.0075

m: 6.0

Residual: 0.5683808624693235


epsilon: 2.0075

m: 6.166666666666666

Residual: 0.6133582507262412


epsilon: 2.0075

m: 6.333333333333333

Residual: 0.6537041536208504


epsilon: 2.0075

m: 6.5

Residual: 0.6929229344236562


epsilon: 2.0075

m: 6.666666666666666

Residual: 0.7186963500280925


epsilon: 2.0075

m: 6.833333333333333

Residual: 0.7429342215853588


epsilon: 2.0075

m: 7.0

Residual: 0.7688043597161979


epsilon: 2.3404166666666666

m: 3.0

Residual: 0.9499457986489486


epsilon: 2.3404166666666666

m: 3.1666666666666665

Residual: 0.9269095797879485


epsilon: 2.3404166666666666

m: 3.3333333333333335

Residual: 0.8951141191453719


epsilon: 2.3404166666666666

m: 3.5

Residual: 0.8524199680508148


epsilon: 2.3404166666666666

m: 3.6666666666666665

Residual: 0.7968972865787839


epsilon: 2.3404166666666666

m: 3.833333333333333

Residual: 0.7271073362360466


epsilon: 2.3404166666666666

m: 4.0

Residual: 0.6427388352046534


epsilon: 2.3404166666666666

m: 4.166666666666666

Residual: 0.5451492024136922


epsilon: 2.3404166666666666

m: 4.333333333333333

Residual: 0.43658048581542364


epsilon: 2.3404166666666666

m: 4.5

Residual: 0.3208988131979455


epsilon: 2.3404166666666666

m: 4.666666666666666

Residual: 0.20852998233601575


epsilon: 2.3404166666666666

m: 4.833333333333333

Residual: 0.10919552820606347


epsilon: 2.3404166666666666

m: 5.0

Residual: 0.04946632100976768


epsilon: 2.3404166666666666

m: 5.166666666666666

Residual: 0.13063335175194776


epsilon: 2.3404166666666666

m: 5.333333333333333

Residual: 0.22621406846344833


epsilon: 2.3404166666666666

m: 5.5

Residual: 0.31077295242305275


epsilon: 2.3404166666666666

m: 5.666666666666666

Residual: 0.38733201114385196


epsilon: 2.3404166666666666

m: 5.833333333333333

Residual: 0.45489005842096725


epsilon: 2.3404166666666666

m: 6.0

Residual: 0.5153196429328594


epsilon: 2.3404166666666666

m: 6.166666666666666

Residual: 0.5654345469242663


epsilon: 2.3404166666666666

m: 6.333333333333333

Residual: 0.6075991379827242


epsilon: 2.3404166666666666

m: 6.5

Residual: 0.6456730195362409


epsilon: 2.3404166666666666

m: 6.666666666666666

Residual: 0.6831753334209737


epsilon: 2.3404166666666666

m: 6.833333333333333

Residual: 0.7116834445651677


epsilon: 2.3404166666666666

m: 7.0

Residual: 0.7341787123983184


epsilon: 2.6733333333333333

m: 3.0

Residual: 0.9560420235978223


epsilon: 2.6733333333333333

m: 3.1666666666666665

Residual: 0.9357177226676943


epsilon: 2.6733333333333333

m: 3.3333333333333335

Residual: 0.9075734721824703


epsilon: 2.6733333333333333

m: 3.5

Residual: 0.8696155385356533


epsilon: 2.6733333333333333

m: 3.6666666666666665

Residual: 0.8199362846287032


epsilon: 2.6733333333333333

m: 3.833333333333333

Residual: 0.7570088874770626


epsilon: 2.6733333333333333

m: 4.0

Residual: 0.6801316865178918


epsilon: 2.6733333333333333

m: 4.166666666666666

Residual: 0.590175669219006


epsilon: 2.6733333333333333

m: 4.333333333333333

Residual: 0.48884013916906344


epsilon: 2.6733333333333333

m: 4.5

Residual: 0.37916935971711235


epsilon: 2.6733333333333333

m: 4.666666666666666

Residual: 0.2648731101125907


epsilon: 2.6733333333333333

m: 4.833333333333333

Residual: 0.15785403891502417


epsilon: 2.6733333333333333

m: 5.0

Residual: 0.06631577021183375


epsilon: 2.6733333333333333

m: 5.166666666666666

Residual: 0.06582481820114051


epsilon: 2.6733333333333333

m: 5.333333333333333

Residual: 0.1623183949021353


epsilon: 2.6733333333333333

m: 5.5

Residual: 0.2530577783545406


epsilon: 2.6733333333333333

m: 5.666666666666666

Residual: 0.3306246110821183


epsilon: 2.6733333333333333

m: 5.833333333333333

Residual: 0.3996638319093318


epsilon: 2.6733333333333333

m: 6.0

Residual: 0.46214537563405156


epsilon: 2.6733333333333333

m: 6.166666666666666

Residual: 0.5152616504007812


epsilon: 2.6733333333333333

m: 6.333333333333333

Residual: 0.5651541182390508


epsilon: 2.6733333333333333

m: 6.5

Residual: 0.605993223770386


epsilon: 2.6733333333333333

m: 6.666666666666666

Residual: 0.6431306564917773


epsilon: 2.6733333333333333

m: 6.833333333333333

Residual: 0.6755319391658267


epsilon: 2.6733333333333333

m: 7.0

Residual: 0.7031599877464942


epsilon: 3.00625

m: 3.0

Residual: 0.9608151792471846


epsilon: 3.00625

m: 3.1666666666666665

Residual: 0.942634067292135


epsilon: 3.00625

m: 3.3333333333333335

Residual: 0.9173732136607003


epsilon: 3.00625

m: 3.5

Residual: 0.8832061569871589


epsilon: 3.00625

m: 3.6666666666666665

Residual: 0.838221557230452


epsilon: 3.00625

m: 3.833333333333333

Residual: 0.780948029567644


epsilon: 3.00625

m: 4.0

Residual: 0.7104788199611537


epsilon: 3.00625

m: 4.166666666666666

Residual: 0.6269903794863296


epsilon: 3.00625

m: 4.333333333333333

Residual: 0.5320571042921607


epsilon: 3.00625

m: 4.5

Residual: 0.4280559548296061


epsilon: 3.00625

m: 4.666666666666666

Residual: 0.3186978512947988


epsilon: 3.00625

m: 4.833333333333333

Residual: 0.20794047526503265


epsilon: 3.00625

m: 5.0

Residual: 0.10465322699409746


epsilon: 3.00625

m: 5.166666666666666

Residual: 0.028127912477848988


epsilon: 3.00625

m: 5.333333333333333

Residual: 0.10462155548184277


epsilon: 3.00625

m: 5.5

Residual: 0.19410720879479057


epsilon: 3.00625

m: 5.666666666666666

Residual: 0.2769708735200802


epsilon: 3.00625

m: 5.833333333333333

Residual: 0.3506521596271604


epsilon: 3.00625

m: 6.0

Residual: 0.41149537450314294


epsilon: 3.00625

m: 6.166666666666666

Residual: 0.46959096909435977


epsilon: 3.00625

m: 6.333333333333333

Residual: 0.5208911272819825


epsilon: 3.00625

m: 6.5

Residual: 0.5640493778441786


epsilon: 3.00625

m: 6.666666666666666

Residual: 0.6059827745211657


epsilon: 3.00625

m: 6.833333333333333

Residual: 0.6414641653360018


epsilon: 3.00625

m: 7.0

Residual: 0.670984585602849


epsilon: 3.339166666666667

m: 3.0

Residual: 0.9646529858799622


epsilon: 3.339166666666667

m: 3.1666666666666665

Residual: 0.9482034942035703


epsilon: 3.339166666666667

m: 3.3333333333333335

Residual: 0.9253193058230934


epsilon: 3.339166666666667

m: 3.5

Residual: 0.8942298625682452


epsilon: 3.339166666666667

m: 3.6666666666666665

Residual: 0.853184143059002


epsilon: 3.339166666666667

m: 3.833333333333333

Residual: 0.8005823982667678


epsilon: 3.339166666666667

m: 4.0

Residual: 0.7354429159944162


epsilon: 3.339166666666667

m: 4.166666666666666

Residual: 0.657953079443061


epsilon: 3.339166666666667

m: 4.333333333333333

Residual: 0.5688720208365229


epsilon: 3.339166666666667

m: 4.5

Residual: 0.47014069038060713


epsilon: 3.339166666666667

m: 4.666666666666666

Residual: 0.3650896120089902


epsilon: 3.339166666666667

m: 4.833333333333333

Residual: 0.2567071216681603


epsilon: 3.339166666666667

m: 5.0

Residual: 0.14944910174139356


epsilon: 3.339166666666667

m: 5.166666666666666

Residual: 0.054538399757723184


epsilon: 3.339166666666667

m: 5.333333333333333

Residual: 0.05147184755430605


epsilon: 3.339166666666667

m: 5.5

Residual: 0.14215950299786606


epsilon: 3.339166666666667

m: 5.666666666666666

Residual: 0.22666405606623274


epsilon: 3.339166666666667

m: 5.833333333333333

Residual: 0.30240459982524603


epsilon: 3.339166666666667

m: 6.0

Residual: 0.3696585780425901


epsilon: 3.339166666666667

m: 6.166666666666666

Residual: 0.4308985219267759


epsilon: 3.339166666666667

m: 6.333333333333333

Residual: 0.48373865834958946


epsilon: 3.339166666666667

m: 6.5

Residual: 0.5377730903258732


epsilon: 3.339166666666667

m: 6.666666666666666

Residual: 0.5704241634042403


epsilon: 3.339166666666667

m: 6.833333333333333

Residual: 0.6065010188167544


epsilon: 3.339166666666667

m: 7.0

Residual: 0.6407327804564085


epsilon: 3.6720833333333336

m: 3.0

Residual: 0.967806476327672


epsilon: 3.6720833333333336

m: 3.1666666666666665

Residual: 0.9527846806132849


epsilon: 3.6720833333333336

m: 3.3333333333333335

Residual: 0.9318542049286694


epsilon: 3.6720833333333336

m: 3.5

Residual: 0.9033608447092191


epsilon: 3.6720833333333336

m: 3.6666666666666665

Residual: 0.8655843165090144


epsilon: 3.6720833333333336

m: 3.833333333333333

Residual: 0.8170008603106446


epsilon: 3.6720833333333336

m: 4.0

Residual: 0.7566706230322946


epsilon: 3.6720833333333336

m: 4.166666666666666

Residual: 0.6838303285188301


epsilon: 3.6720833333333336

m: 4.333333333333333

Residual: 0.6001300235780486


epsilon: 3.6720833333333336

m: 4.5

Residual: 0.5064121480817549


epsilon: 3.6720833333333336

m: 4.666666666666666

Residual: 0.4053866713909512


epsilon: 3.6720833333333336

m: 4.833333333333333

Residual: 0.3002827866982861


epsilon: 3.6720833333333336

m: 5.0

Residual: 0.19538675869948033


epsilon: 3.6720833333333336

m: 5.166666666666666

Residual: 0.09435500424902556


epsilon: 3.6720833333333336

m: 5.333333333333333

Residual: 0.03503663554199612


epsilon: 3.6720833333333336

m: 5.5

Residual: 0.09612724112427218


epsilon: 3.6720833333333336

m: 5.666666666666666

Residual: 0.18121753961831116


epsilon: 3.6720833333333336

m: 5.833333333333333

Residual: 0.25777855676869366


epsilon: 3.6720833333333336

m: 6.0

Residual: 0.3269682009725161


epsilon: 3.6720833333333336

m: 6.166666666666666

Residual: 0.3896551316730216


epsilon: 3.6720833333333336

m: 6.333333333333333

Residual: 0.4447023028648723


epsilon: 3.6720833333333336

m: 6.5

Residual: 0.49346214960498563


epsilon: 3.6720833333333336

m: 6.666666666666666

Residual: 0.5438837339720779


epsilon: 3.6720833333333336

m: 6.833333333333333

Residual: 0.5838165536167693


epsilon: 3.6720833333333336

m: 7.0

Residual: 0.6130190895046765


epsilon: 4.005

m: 3.0

Residual: 0.9704411263252922


epsilon: 4.005

m: 3.1666666666666665

Residual: 0.9566286092033394


epsilon: 4.005

m: 3.3333333333333335

Residual: 0.9373428460293924


epsilon: 4.005

m: 3.5

Residual: 0.9110370975027668


epsilon: 4.005

m: 3.6666666666666665

Residual: 0.8760666272348597


epsilon: 4.005

m: 3.833333333333333

Residual: 0.8309783687878208


epsilon: 4.005

m: 4.0

Residual: 0.7744847244036821


epsilon: 4.005

m: 4.166666666666666

Residual: 0.7064815859323321


epsilon: 4.005

m: 4.333333333333333

Residual: 0.6271199133899928


epsilon: 4.005

m: 4.5

Residual: 0.537590537030347


epsilon: 4.005

m: 4.666666666666666

Residual: 0.441009522491095


epsilon: 4.005

m: 4.833333333333333

Residual: 0.3404852843884967


epsilon: 4.005

m: 5.0

Residual: 0.23743280792764768


epsilon: 4.005

m: 5.166666666666666

Residual: 0.13657069328314955


epsilon: 4.005

m: 5.333333333333333

Residual: 0.05425813364010223


epsilon: 4.005

m: 5.5

Residual: 0.05427442618260934


epsilon: 4.005

m: 5.666666666666666

Residual: 0.1392596157137291


epsilon: 4.005

m: 5.833333333333333

Residual: 0.21779315291798393


epsilon: 4.005

m: 6.0

Residual: 0.2892928070890567


epsilon: 4.005

m: 6.166666666666666

Residual: 0.3526925541520363


epsilon: 4.005

m: 6.333333333333333

Residual: 0.41128312495111513


epsilon: 4.005

m: 6.5

Residual: 0.4632370312028765


epsilon: 4.005

m: 6.666666666666666

Residual: 0.5104160333048695


epsilon: 4.005

m: 6.833333333333333

Residual: 0.544404142239917


epsilon: 4.005

m: 7.0

Residual: 0.5861377566911998


epsilon: 4.337916666666667

m: 3.0

Residual: 0.972679823601965


epsilon: 4.337916666666667

m: 3.1666666666666665

Residual: 0.9598898684502346


epsilon: 4.337916666666667

m: 3.3333333333333335

Residual: 0.942010812262674


epsilon: 4.337916666666667

m: 3.5

Residual: 0.9175767615442912


epsilon: 4.337916666666667

m: 3.6666666666666665

Residual: 0.885027029602254


epsilon: 4.337916666666667

m: 3.833333333333333

Residual: 0.8429210192089833


epsilon: 4.337916666666667

m: 4.0

Residual: 0.7900678537685711


epsilon: 4.337916666666667

m: 4.166666666666666

Residual: 0.7259188899836724


epsilon: 4.337916666666667

m: 4.333333333333333

Residual: 0.6508145427825047


epsilon: 4.337916666666667

m: 4.5

Residual: 0.5653137412325712


epsilon: 4.337916666666667

m: 4.666666666666666

Residual: 0.47303154248833235


epsilon: 4.337916666666667

m: 4.833333333333333

Residual: 0.37502452469677083


epsilon: 4.337916666666667

m: 5.0

Residual: 0.27421612845671806


epsilon: 4.337916666666667

m: 5.166666666666666

Residual: 0.17458089376677677


epsilon: 4.337916666666667

m: 5.333333333333333

Residual: 0.07959366448363737


epsilon: 4.337916666666667

m: 5.5

Residual: 0.05189255821170746


epsilon: 4.337916666666667

m: 5.666666666666666

Residual: 0.09865271624412034


epsilon: 4.337916666666667

m: 5.833333333333333

Residual: 0.1821808958506127


epsilon: 4.337916666666667

m: 6.0

Residual: 0.2503620536024635


epsilon: 4.337916666666667

m: 6.166666666666666

Residual: 0.3191504304271691


epsilon: 4.337916666666667

m: 6.333333333333333

Residual: 0.3760104484835119


epsilon: 4.337916666666667

m: 6.5

Residual: 0.4260925670021762


epsilon: 4.337916666666667

m: 6.666666666666666

Residual: 0.4731295831972324


epsilon: 4.337916666666667

m: 6.833333333333333

Residual: 0.521377203681775


epsilon: 4.337916666666667

m: 7.0

Residual: 0.5626147107478666


epsilon: 4.670833333333333

m: 3.0

Residual: 0.974602365784829


epsilon: 4.670833333333333

m: 3.1666666666666665

Residual: 0.9626958661730215


epsilon: 4.670833333333333

m: 3.3333333333333335

Residual: 0.946029007260985


epsilon: 4.670833333333333

m: 3.5

Residual: 0.9232322549595898


epsilon: 4.670833333333333

m: 3.6666666666666665

Residual: 0.8927941903757082


epsilon: 4.670833333333333

m: 3.833333333333333

Residual: 0.8532829783325354


epsilon: 4.670833333333333

m: 4.0

Residual: 0.8035175711710157


epsilon: 4.670833333333333

m: 4.166666666666666

Residual: 0.7428813054609955


epsilon: 4.670833333333333

m: 4.333333333333333

Residual: 0.6713803101095792


epsilon: 4.670833333333333

m: 4.5

Residual: 0.5900644963617137


epsilon: 4.670833333333333

m: 4.666666666666666

Residual: 0.5006850078312568


epsilon: 4.670833333333333

m: 4.833333333333333

Residual: 0.4052978845124654


epsilon: 4.670833333333333

m: 5.0

Residual: 0.308750772562827


epsilon: 4.670833333333333

m: 5.166666666666666

Residual: 0.21135381267325656


epsilon: 4.670833333333333

m: 5.333333333333333

Residual: 0.11644379604567057


epsilon: 4.670833333333333

m: 5.5

Residual: 0.06659776741772223


epsilon: 4.670833333333333

m: 5.666666666666666

Residual: 0.07172172853680393


epsilon: 4.670833333333333

m: 5.833333333333333

Residual: 0.14387250527971063


epsilon: 4.670833333333333

m: 6.0

Residual: 0.21589622916379658


epsilon: 4.670833333333333

m: 6.166666666666666

Residual: 0.28110445560602376


epsilon: 4.670833333333333

m: 6.333333333333333

Residual: 0.34436115604029055


epsilon: 4.670833333333333

m: 6.5

Residual: 0.40158114974665965


epsilon: 4.670833333333333

m: 6.666666666666666

Residual: 0.4535368309690282


epsilon: 4.670833333333333

m: 6.833333333333333

Residual: 0.49956649042373924


epsilon: 4.670833333333333

m: 7.0

Residual: 0.5359150399265673


epsilon: 5.00375

m: 3.0

Residual: 0.9762717275027732


epsilon: 5.00375

m: 3.1666666666666665

Residual: 0.9651355707044686


epsilon: 5.00375

m: 3.3333333333333335

Residual: 0.9495290199246333


epsilon: 5.00375

m: 3.5

Residual: 0.9281540697430329


epsilon: 5.00375

m: 3.6666666666666665

Residual: 0.8995744866651683


epsilon: 5.00375

m: 3.833333333333333

Residual: 0.8623494859728068


epsilon: 5.00375

m: 4.0

Residual: 0.8153577732304133


epsilon: 5.00375

m: 4.166666666666666

Residual: 0.7579554718189506


epsilon: 5.00375

m: 4.333333333333333

Residual: 0.6898922801974628


epsilon: 5.00375

m: 4.5

Residual: 0.612045590749514


epsilon: 5.00375

m: 4.666666666666666

Residual: 0.5260972024301523


epsilon: 5.00375

m: 4.833333333333333

Residual: 0.4347404495668557


epsilon: 5.00375

m: 5.0

Residual: 0.33977179852454137


epsilon: 5.00375

m: 5.166666666666666

Residual: 0.2427275526840477


epsilon: 5.00375

m: 5.333333333333333

Residual: 0.14838203391554095


epsilon: 5.00375

m: 5.5

Residual: 0.08201257210342383


epsilon: 5.00375

m: 5.666666666666666

Residual: 0.07209235050990846


epsilon: 5.00375

m: 5.833333333333333

Residual: 0.11093001254768155


epsilon: 5.00375

m: 6.0

Residual: 0.18517022088212898


epsilon: 5.00375

m: 6.166666666666666

Residual: 0.24850662020009437


epsilon: 5.00375

m: 6.333333333333333

Residual: 0.3148670970655785


epsilon: 5.00375

m: 6.5

Residual: 0.36925120401994427


epsilon: 5.00375

m: 6.666666666666666

Residual: 0.41987972399920614


epsilon: 5.00375

m: 6.833333333333333

Residual: 0.46790814659214985


epsilon: 5.00375

m: 7.0

Residual: 0.507150207134049


epsilon: 5.336666666666667

m: 3.0

Residual: 0.9777350675405067


epsilon: 5.336666666666667

m: 3.1666666666666665

Residual: 0.9672733360086282


epsilon: 5.336666666666667

m: 3.3333333333333335

Residual: 0.9526092680065285


epsilon: 5.336666666666667

m: 3.5

Residual: 0.9324827068215126


epsilon: 5.336666666666667

m: 3.6666666666666665

Residual: 0.9055314922857179


epsilon: 5.336666666666667

m: 3.833333333333333

Residual: 0.87043063748384


epsilon: 5.336666666666667

m: 4.0

Residual: 0.8259117187791983


epsilon: 5.336666666666667

m: 4.166666666666666

Residual: 0.7712427681149073


epsilon: 5.336666666666667

m: 4.333333333333333

Residual: 0.706336873025231


epsilon: 5.336666666666667

m: 4.5

Residual: 0.6321040923320472


epsilon: 5.336666666666667

m: 4.666666666666666

Residual: 0.5494192174728366


epsilon: 5.336666666666667

m: 4.833333333333333

Residual: 0.4595194091194605


epsilon: 5.336666666666667

m: 5.0

Residual: 0.3677981258282662


epsilon: 5.336666666666667

m: 5.166666666666666

Residual: 0.27381934310583933


epsilon: 5.336666666666667

m: 5.333333333333333

Residual: 0.17905536320010004


epsilon: 5.336666666666667

m: 5.5

Residual: 0.10873870953845316


epsilon: 5.336666666666667

m: 5.666666666666666

Residual: 0.08401498055668806


epsilon: 5.336666666666667

m: 5.833333333333333

Residual: 0.09535221091263273


epsilon: 5.336666666666667

m: 6.0

Residual: 0.1517728331660891


epsilon: 5.336666666666667

m: 6.166666666666666

Residual: 0.22409726796499344


epsilon: 5.336666666666667

m: 6.333333333333333

Residual: 0.28511228143434103


epsilon: 5.336666666666667

m: 6.5

Residual: 0.3424170877862746


epsilon: 5.336666666666667

m: 6.666666666666666

Residual: 0.3981687741717633


epsilon: 5.336666666666667

m: 6.833333333333333

Residual: 0.4422106346642748


epsilon: 5.336666666666667

m: 7.0

Residual: 0.48334620478047213


epsilon: 5.669583333333334

m: 3.0

Residual: 0.9790299510072098


epsilon: 5.669583333333334

m: 3.1666666666666665

Residual: 0.9691647278307612


epsilon: 5.669583333333334

m: 3.3333333333333335

Residual: 0.9553267023677874


epsilon: 5.669583333333334

m: 3.5

Residual: 0.9363272746504179


epsilon: 5.669583333333334

m: 3.6666666666666665

Residual: 0.9108314112755478


epsilon: 5.669583333333334

m: 3.833333333333333

Residual: 0.8775283573127706


epsilon: 5.669583333333334

m: 4.0

Residual: 0.8353004204716004


epsilon: 5.669583333333334

m: 4.166666666666666

Residual: 0.7833300388895049


epsilon: 5.669583333333334

m: 4.333333333333333

Residual: 0.7211893523205148


epsilon: 5.669583333333334

m: 4.5

Residual: 0.6498846561070555


epsilon: 5.669583333333334

m: 4.666666666666666

Residual: 0.5700402258066934


epsilon: 5.669583333333334

m: 4.833333333333333

Residual: 0.4835717238311878


epsilon: 5.669583333333334

m: 5.0

Residual: 0.39338158250165883


epsilon: 5.669583333333334

m: 5.166666666666666

Residual: 0.3008087876434032


epsilon: 5.669583333333334

m: 5.333333333333333

Residual: 0.2083351102268228


epsilon: 5.669583333333334

m: 5.5

Residual: 0.1297955332422785


epsilon: 5.669583333333334

m: 5.666666666666666

Residual: 0.09675111604783382


epsilon: 5.669583333333334

m: 5.833333333333333

Residual: 0.09277313177395509


epsilon: 5.669583333333334

m: 6.0

Residual: 0.12946879436283198


epsilon: 5.669583333333334

m: 6.166666666666666

Residual: 0.1936259259651539


epsilon: 5.669583333333334

m: 6.333333333333333

Residual: 0.25867559397164447


epsilon: 5.669583333333334

m: 6.5

Residual: 0.3178150757936222


epsilon: 5.669583333333334

m: 6.666666666666666

Residual: 0.36823346706871724


epsilon: 5.669583333333334

m: 6.833333333333333

Residual: 0.4201861186299796


epsilon: 5.669583333333334

m: 7.0

Residual: 0.4620331954862631


epsilon: 6.0025

m: 3.0

Residual: 0.980180164236868


epsilon: 6.0025

m: 3.1666666666666665

Residual: 0.9708506579597174


epsilon: 6.0025

m: 3.3333333333333335

Residual: 0.9577526009037167


epsilon: 6.0025

m: 3.5

Residual: 0.9397485038889589


epsilon: 6.0025

m: 3.6666666666666665

Residual: 0.9155595615040989


epsilon: 6.0025

m: 3.833333333333333

Residual: 0.8839285179917056


epsilon: 6.0025

m: 4.0

Residual: 0.8437462081282116


epsilon: 6.0025

m: 4.166666666666666

Residual: 0.7940963292535349


epsilon: 6.0025

m: 4.333333333333333

Residual: 0.7346384003968885


epsilon: 6.0025

m: 4.5

Residual: 0.6659855953030362


epsilon: 6.0025

m: 4.666666666666666

Residual: 0.5891835231606202


epsilon: 6.0025

m: 4.833333333333333

Residual: 0.5053317399172026


epsilon: 6.0025

m: 5.0

Residual: 0.41691941012876116


epsilon: 6.0025

m: 5.166666666666666

Residual: 0.3255770927191184


epsilon: 6.0025

m: 5.333333333333333

Residual: 0.2361700772054417


epsilon: 6.0025

m: 5.5

Residual: 0.15514092843197622


epsilon: 6.0025

m: 5.666666666666666

Residual: 0.11258065389182073


epsilon: 6.0025

m: 5.833333333333333

Residual: 0.1035949712759151


epsilon: 6.0025

m: 6.0

Residual: 0.11923838071509942


epsilon: 6.0025

m: 6.166666666666666

Residual: 0.1682852178387573


epsilon: 6.0025

m: 6.333333333333333

Residual: 0.22860695359186559


epsilon: 6.0025

m: 6.5

Residual: 0.29610490778113746


epsilon: 6.0025

m: 6.666666666666666

Residual: 0.3421645118431025


epsilon: 6.0025

m: 6.833333333333333

Residual: 0.3934647861738155


epsilon: 6.0025

m: 7.0

Residual: 0.4366369295332844


epsilon: 6.335416666666667

m: 3.0

Residual: 0.9812125543120876


epsilon: 6.335416666666667

m: 3.1666666666666665

Residual: 0.9723625170724323


epsilon: 6.335416666666667

m: 3.3333333333333335

Residual: 0.9599310719196564


epsilon: 6.335416666666667

m: 3.5

Residual: 0.9428236464366173


epsilon: 6.335416666666667

m: 3.6666666666666665

Residual: 0.9198288238447369


epsilon: 6.335416666666667

m: 3.833333333333333

Residual: 0.8897012245229677


epsilon: 6.335416666666667

m: 4.0

Residual: 0.8513310081008479


epsilon: 6.335416666666667

m: 4.166666666666666

Residual: 0.803834615784208


epsilon: 6.335416666666667

m: 4.333333333333333

Residual: 0.7467970463676001


epsilon: 6.335416666666667

m: 4.5

Residual: 0.6807044541551039


epsilon: 6.335416666666667

m: 4.666666666666666

Residual: 0.6060981382964762


epsilon: 6.335416666666667

m: 4.833333333333333

Residual: 0.5254329891632696


epsilon: 6.335416666666667

m: 5.0

Residual: 0.4396182886580798


epsilon: 6.335416666666667

m: 5.166666666666666

Residual: 0.35007110613513054


epsilon: 6.335416666666667

m: 5.333333333333333

Residual: 0.2621622748808968


epsilon: 6.335416666666667

m: 5.5

Residual: 0.17650251705670394


epsilon: 6.335416666666667

m: 5.666666666666666

Residual: 0.12734460883412563


epsilon: 6.335416666666667

m: 5.833333333333333

Residual: 0.110077779893182


epsilon: 6.335416666666667

m: 6.0

Residual: 0.11535373089232456


epsilon: 6.335416666666667

m: 6.166666666666666

Residual: 0.14998213815391107


epsilon: 6.335416666666667

m: 6.333333333333333

Residual: 0.20163777298439178


epsilon: 6.335416666666667

m: 6.5

Residual: 0.2653960303807031


epsilon: 6.335416666666667

m: 6.666666666666666

Residual: 0.31681140306575367


epsilon: 6.335416666666667

m: 6.833333333333333

Residual: 0.3698023456002381


epsilon: 6.335416666666667

m: 7.0

Residual: 0.4141215299315807


epsilon: 6.668333333333334

m: 3.0

Residual: 0.9821424378831688


epsilon: 6.668333333333334

m: 3.1666666666666665

Residual: 0.9737242594118083


epsilon: 6.668333333333334

m: 3.3333333333333335

Residual: 0.9618928003901214


epsilon: 6.668333333333334

m: 3.5

Residual: 0.9456016326918457


epsilon: 6.668333333333334

m: 3.6666666666666665

Residual: 0.9236724948736079


epsilon: 6.668333333333334

m: 3.833333333333333

Residual: 0.8949001310360365


epsilon: 6.668333333333334

m: 4.0

Residual: 0.8582552397198139


epsilon: 6.668333333333334

m: 4.166666666666666

Residual: 0.812696572463511


epsilon: 6.668333333333334

m: 4.333333333333333

Residual: 0.7580573747490458


epsilon: 6.668333333333334

m: 4.5

Residual: 0.6941188113521464


epsilon: 6.668333333333334

m: 4.666666666666666

Residual: 0.6223755732866927


epsilon: 6.668333333333334

m: 4.833333333333333

Residual: 0.543666925001987


epsilon: 6.668333333333334

m: 5.0

Residual: 0.4593581393691885


epsilon: 6.668333333333334

m: 5.166666666666666

Residual: 0.3724280276617902


epsilon: 6.668333333333334

m: 5.333333333333333

Residual: 0.2848416449304706


epsilon: 6.668333333333334

m: 5.5

Residual: 0.19957666598818288


epsilon: 6.668333333333334

m: 5.666666666666666

Residual: 0.14511286102023044


epsilon: 6.668333333333334

m: 5.833333333333333

Residual: 0.12245903104889275


epsilon: 6.668333333333334

m: 6.0

Residual: 0.12212130426193728


epsilon: 6.668333333333334

m: 6.166666666666666

Residual: 0.14081747904305938


epsilon: 6.668333333333334

m: 6.333333333333333

Residual: 0.18397580747510917


epsilon: 6.668333333333334

m: 6.5

Residual: 0.2412058741785612


epsilon: 6.668333333333334

m: 6.666666666666666

Residual: 0.294601093026164


epsilon: 6.668333333333334

m: 6.833333333333333

Residual: 0.3438860657054024


epsilon: 6.668333333333334

m: 7.0

Residual: 0.3913204414104306


epsilon: 7.001250000000001

m: 3.0

Residual: 0.9829839689817751


epsilon: 7.001250000000001

m: 3.1666666666666665

Residual: 0.9749575305181151


epsilon: 7.001250000000001

m: 3.3333333333333335

Residual: 0.9636715380456955


epsilon: 7.001250000000001

m: 3.5

Residual: 0.9481182674708841


epsilon: 7.001250000000001

m: 3.6666666666666665

Residual: 0.927179042703892


epsilon: 7.001250000000001

m: 3.833333333333333

Residual: 0.8996825381775513


epsilon: 7.001250000000001

m: 4.0

Residual: 0.8644580402078385


epsilon: 7.001250000000001

m: 4.166666666666666

Residual: 0.8208087089624679


epsilon: 7.001250000000001

m: 4.333333333333333

Residual: 0.7679190975060635


epsilon: 7.001250000000001

m: 4.5

Residual: 0.7065736345273149


epsilon: 7.001250000000001

m: 4.666666666666666

Residual: 0.6370711040016489


epsilon: 7.001250000000001

m: 4.833333333333333

Residual: 0.5598774753425696


epsilon: 7.001250000000001

m: 5.0

Residual: 0.4777122213536022


epsilon: 7.001250000000001

m: 5.166666666666666

Residual: 0.3940545971440383


epsilon: 7.001250000000001

m: 5.333333333333333

Residual: 0.3083397479342993


epsilon: 7.001250000000001

m: 5.5

Residual: 0.22234082826436344


epsilon: 7.001250000000001

m: 5.666666666666666

Residual: 0.16293748259900687


epsilon: 7.001250000000001

m: 5.833333333333333

Residual: 0.13357297382337702


epsilon: 7.001250000000001

m: 6.0

Residual: 0.12894086855948536


epsilon: 7.001250000000001

m: 6.166666666666666

Residual: 0.13884020306323525


epsilon: 7.001250000000001

m: 6.333333333333333

Residual: 0.1699052309653214


epsilon: 7.001250000000001

m: 6.5

Residual: 0.21929830104378667


epsilon: 7.001250000000001

m: 6.666666666666666

Residual: 0.2799988050987661


epsilon: 7.001250000000001

m: 6.833333333333333

Residual: 0.3273970678643137


epsilon: 7.001250000000001

m: 7.0

Residual: 0.37143242831911716


epsilon: 7.334166666666667

m: 3.0

Residual: 0.9837492674777896


epsilon: 7.334166666666667

m: 3.1666666666666665

Residual: 0.9760791058201811


epsilon: 7.334166666666667

m: 3.3333333333333335

Residual: 0.9652918338640142


epsilon: 7.334166666666667

m: 3.5

Residual: 0.950412161090853


epsilon: 7.334166666666667

m: 3.6666666666666665

Residual: 0.9303704005789395


epsilon: 7.334166666666667

m: 3.833333333333333

Residual: 0.904004767685585


epsilon: 7.334166666666667

m: 4.0

Residual: 0.8702323392766886


epsilon: 7.334166666666667

m: 4.166666666666666

Residual: 0.8281958642052545


epsilon: 7.334166666666667

m: 4.333333333333333

Residual: 0.7774146471539813


epsilon: 7.334166666666667

m: 4.5

Residual: 0.7179530673939243


epsilon: 7.334166666666667

m: 4.666666666666666

Residual: 0.6503186518331785


epsilon: 7.334166666666667

m: 4.833333333333333

Residual: 0.5757201432878215


epsilon: 7.334166666666667

m: 5.0

Residual: 0.49628870133068004


epsilon: 7.334166666666667

m: 5.166666666666666

Residual: 0.41252802041592174


epsilon: 7.334166666666667

m: 5.333333333333333

Residual: 0.32852713232842107


epsilon: 7.334166666666667

m: 5.5

Residual: 0.24464418537833837


epsilon: 7.334166666666667

m: 5.666666666666666

Residual: 0.1805549697691592


epsilon: 7.334166666666667

m: 5.833333333333333

Residual: 0.1444032863185144


epsilon: 7.334166666666667

m: 6.0

Residual: 0.13482499710692375


epsilon: 7.334166666666667

m: 6.166666666666666

Residual: 0.1404984597035384


epsilon: 7.334166666666667

m: 6.333333333333333

Residual: 0.16548019497486885


epsilon: 7.334166666666667

m: 6.5

Residual: 0.2019631373814658


epsilon: 7.334166666666667

m: 6.666666666666666

Residual: 0.24853323139956532


epsilon: 7.334166666666667

m: 6.833333333333333

Residual: 0.30436478648814647


epsilon: 7.334166666666667

m: 7.0

Residual: 0.3591851464069307


epsilon: 7.667083333333334

m: 3.0

Residual: 0.9844504953471004


epsilon: 7.667083333333334

m: 3.1666666666666665

Residual: 0.9771054596972738


epsilon: 7.667083333333334

m: 3.3333333333333335

Residual: 0.9667700397836012


epsilon: 7.667083333333334

m: 3.5

Residual: 0.9525186538047995


epsilon: 7.667083333333334

m: 3.6666666666666665

Residual: 0.9332855112265672


epsilon: 7.667083333333334

m: 3.833333333333333

Residual: 0.9079889225271925


epsilon: 7.667083333333334

m: 4.0

Residual: 0.8755317600955114


epsilon: 7.667083333333334

m: 4.166666666666666

Residual: 0.8351433926103239


epsilon: 7.667083333333334

m: 4.333333333333333

Residual: 0.7860627385090843


epsilon: 7.667083333333334

m: 4.5

Residual: 0.7285880946956522


epsilon: 7.667083333333334

m: 4.666666666666666

Residual: 0.6632252030916654


epsilon: 7.667083333333334

m: 4.833333333333333

Residual: 0.590319913111902


epsilon: 7.667083333333334

m: 5.0

Residual: 0.5123165574417133


epsilon: 7.667083333333334

m: 5.166666666666666

Residual: 0.43219677508759424


epsilon: 7.667083333333334

m: 5.333333333333333

Residual: 0.3473769676587325


epsilon: 7.667083333333334

m: 5.5

Residual: 0.264533390538521


epsilon: 7.667083333333334

m: 5.666666666666666

Residual: 0.19774937438356754


epsilon: 7.667083333333334

m: 5.833333333333333

Residual: 0.15857172599726022


epsilon: 7.667083333333334

m: 6.0

Residual: 0.14365716149265825


epsilon: 7.667083333333334

m: 6.166666666666666

Residual: 0.14465560395005186


epsilon: 7.667083333333334

m: 6.333333333333333

Residual: 0.1617130450189642


epsilon: 7.667083333333334

m: 6.5

Residual: 0.19285622910192596


epsilon: 7.667083333333334

m: 6.666666666666666

Residual: 0.2331057139390999


epsilon: 7.667083333333334

m: 6.833333333333333

Residual: 0.2850746916736804


epsilon: 7.667083333333334

m: 7.0

Residual: 0.34578138011568926


epsilon: 8.0

m: 3.0

Residual: 0.9850920510997515


epsilon: 8.0

m: 3.1666666666666665

Residual: 0.9780497527418288


epsilon: 8.0

m: 3.3333333333333335

Residual: 0.9681330451444616


epsilon: 8.0

m: 3.5

Residual: 0.9544478668373371


epsilon: 8.0

m: 3.6666666666666665

Residual: 0.935969114869783


epsilon: 8.0

m: 3.833333333333333

Residual: 0.9116185616120159


epsilon: 8.0

m: 4.0

Residual: 0.8804242529707312


epsilon: 8.0

m: 4.166666666666666

Residual: 0.8413532518915227


epsilon: 8.0

m: 4.333333333333333

Residual: 0.7941313389418292


epsilon: 8.0

m: 4.5

Residual: 0.738588472897577


epsilon: 8.0

m: 4.666666666666666

Residual: 0.6749736493262481


epsilon: 8.0

m: 4.833333333333333

Residual: 0.6043591143883879


epsilon: 8.0

m: 5.0

Residual: 0.528240823250338


epsilon: 8.0

m: 5.166666666666666

Residual: 0.44864643521367825


epsilon: 8.0

m: 5.333333333333333

Residual: 0.36545622466837907


epsilon: 8.0

m: 5.5

Residual: 0.2838731567135264


epsilon: 8.0

m: 5.666666666666666

Residual: 0.21372938845945333


epsilon: 8.0

m: 5.833333333333333

Residual: 0.1744251672912476


epsilon: 8.0

m: 6.0

Residual: 0.154188376779282


epsilon: 8.0

m: 6.166666666666666

Residual: 0.1494677224471218


epsilon: 8.0

m: 6.333333333333333

Residual: 0.1635000078102117


epsilon: 8.0

m: 6.5

Residual: 0.1848953938511017


epsilon: 8.0

m: 6.666666666666666

Residual: 0.2199035466045682


epsilon: 8.0

m: 6.833333333333333

Residual: 0.262318822136539


epsilon: 8.0

m: 7.0

Residual: 0.3134752048159563


