epsilon: 0.01

m: 3.0

Residual: 0.8615356707762397


epsilon: 0.01

m: 3.0

Residual: 0.8615397931570411


epsilon: 0.01

m: 3.1666666666666665

Residual: 0.8974867901625383


epsilon: 0.01

m: 3.3333333333333335

Residual: 0.9238090111632847


epsilon: 0.01

m: 3.5

Residual: 0.9430455929492828


epsilon: 0.01

m: 3.6666666666666665

Residual: 0.9571284273965872


epsilon: 0.01

m: 3.833333333333333

Residual: 0.9674384711468195


epsilon: 0.01

m: 4.0

Residual: 0.9750394648260461


epsilon: 0.01

m: 4.166666666666666

Residual: 0.9806813765561612


epsilon: 0.01

m: 4.333333333333333

Residual: 0.9849010624547124


epsilon: 0.01

m: 4.5

Residual: 0.9880534428997312


epsilon: 0.01

m: 4.666666666666666

Residual: 0.9904729792766084


epsilon: 0.01

m: 4.833333333333333

Residual: 0.9923021965819221


epsilon: 0.01

m: 5.0

Residual: 0.9937212058232114


epsilon: 0.01

m: 5.166666666666666

Residual: 0.9948070598522804


epsilon: 0.01

m: 5.333333333333333

Residual: 0.9956909818707262


epsilon: 0.01

m: 5.5

Residual: 0.996372532668619


epsilon: 0.01

m: 5.666666666666666

Residual: 0.9969301076230964


epsilon: 0.01

m: 5.833333333333333

Residual: 0.9973757370363524


epsilon: 0.01

m: 6.0

Residual: 0.9977510226739796


epsilon: 0.01

m: 6.166666666666666

Residual: 0.9980380635488719


epsilon: 0.01

m: 6.333333333333333

Residual: 0.9982873689518073


epsilon: 0.01

m: 6.5

Residual: 0.9984908512334335


epsilon: 0.01

m: 6.666666666666666

Residual: 0.9986607851184485


epsilon: 0.01

m: 6.833333333333333

Residual: 0.9988009768240347


epsilon: 0.01

m: 7.0

Residual: 0.9989357305918422


epsilon: 0.3429166666666667

m: 3.0

Residual: 0.5114366014030481


epsilon: 0.3429166666666667

m: 3.1666666666666665

Residual: 0.443071343417078


epsilon: 0.3429166666666667

m: 3.3333333333333335

Residual: 0.39136218502644005


epsilon: 0.3429166666666667

m: 3.5

Residual: 0.3627233013322641


epsilon: 0.3429166666666667

m: 3.6666666666666665

Residual: 0.36016593450810674


epsilon: 0.3429166666666667

m: 3.833333333333333

Residual: 0.38550225292119605


epsilon: 0.3429166666666667

m: 4.0

Residual: 0.43555674414784334


epsilon: 0.3429166666666667

m: 4.166666666666666

Residual: 0.5055493673195603


epsilon: 0.3429166666666667

m: 4.333333333333333

Residual: 0.5861811281941782


epsilon: 0.3429166666666667

m: 4.5

Residual: 0.6583921641942297


epsilon: 0.3429166666666667

m: 4.666666666666666

Residual: 0.717894966297016


epsilon: 0.3429166666666667

m: 4.833333333333333

Residual: 0.7658694517391703


epsilon: 0.3429166666666667

m: 5.0

Residual: 0.8050738215621231


epsilon: 0.3429166666666667

m: 5.166666666666666

Residual: 0.8363900116648443


epsilon: 0.3429166666666667

m: 5.333333333333333

Residual: 0.8621948957923179


epsilon: 0.3429166666666667

m: 5.5

Residual: 0.88309566910304


epsilon: 0.3429166666666667

m: 5.666666666666666

Residual: 0.8998277066195088


epsilon: 0.3429166666666667

m: 5.833333333333333

Residual: 0.9136412488213601


epsilon: 0.3429166666666667

m: 6.0

Residual: 0.9251031865605551


epsilon: 0.3429166666666667

m: 6.166666666666666

Residual: 0.9347068115674348


epsilon: 0.3429166666666667

m: 6.333333333333333

Residual: 0.9429417793330017


epsilon: 0.3429166666666667

m: 6.5

Residual: 0.9491805179383787


epsilon: 0.3429166666666667

m: 6.666666666666666

Residual: 0.9549634140101756


epsilon: 0.3429166666666667

m: 6.833333333333333

Residual: 0.9602952201890804


epsilon: 0.3429166666666667

m: 7.0

Residual: 0.9637482884597398


epsilon: 0.6758333333333334

m: 3.0

Residual: 0.6704760051947071


epsilon: 0.6758333333333334

m: 3.1666666666666665

Residual: 0.5860627282526153


epsilon: 0.6758333333333334

m: 3.3333333333333335

Residual: 0.5029097347054583


epsilon: 0.6758333333333334

m: 3.5

Residual: 0.4271732971807373


epsilon: 0.6758333333333334

m: 3.6666666666666665

Residual: 0.36626398988066666


epsilon: 0.6758333333333334

m: 3.833333333333333

Residual: 0.325059740808792


epsilon: 0.6758333333333334

m: 4.0

Residual: 0.3086512966099394


epsilon: 0.6758333333333334

m: 4.166666666666666

Residual: 0.32079440947540855


epsilon: 0.6758333333333334

m: 4.333333333333333

Residual: 0.3607951799807587


epsilon: 0.6758333333333334

m: 4.5

Residual: 0.4277118754608023


epsilon: 0.6758333333333334

m: 4.666666666666666

Residual: 0.5111449679636749


epsilon: 0.6758333333333334

m: 4.833333333333333

Residual: 0.5860355366043801


epsilon: 0.6758333333333334

m: 5.0

Residual: 0.6487470317466506


epsilon: 0.6758333333333334

m: 5.166666666666666

Residual: 0.7016766110025987


epsilon: 0.6758333333333334

m: 5.333333333333333

Residual: 0.745310703843104


epsilon: 0.6758333333333334

m: 5.5

Residual: 0.7819795930909413


epsilon: 0.6758333333333334

m: 5.666666666666666

Residual: 0.8114438489713313


epsilon: 0.6758333333333334

m: 5.833333333333333

Residual: 0.8373637348060132


epsilon: 0.6758333333333334

m: 6.0

Residual: 0.858224162980433


epsilon: 0.6758333333333334

m: 6.166666666666666

Residual: 0.8751338139926678


epsilon: 0.6758333333333334

m: 6.333333333333333

Residual: 0.8898999190391902


epsilon: 0.6758333333333334

m: 6.5

Residual: 0.9024525785636565


epsilon: 0.6758333333333334

m: 6.666666666666666

Residual: 0.9122870169366474


epsilon: 0.6758333333333334

m: 6.833333333333333

Residual: 0.923056596801513


epsilon: 0.6758333333333334

m: 7.0

Residual: 0.930119359467651


epsilon: 1.00875

m: 3.0

Residual: 0.7647714640783226


epsilon: 1.00875

m: 3.1666666666666665

Residual: 0.6899163496795971


epsilon: 1.00875

m: 3.3333333333333335

Residual: 0.6059187878212491


epsilon: 1.00875

m: 3.5

Residual: 0.5184256774555741


epsilon: 1.00875

m: 3.6666666666666665

Residual: 0.43734120841814494


epsilon: 1.00875

m: 3.833333333333333

Residual: 0.3661400439783351


epsilon: 1.00875

m: 4.0

Residual: 0.3127434076315726


epsilon: 1.00875

m: 4.166666666666666

Residual: 0.2804819226766193


epsilon: 1.00875

m: 4.333333333333333

Residual: 0.2751609688492242


epsilon: 1.00875

m: 4.5

Residual: 0.30052937150148556


epsilon: 1.00875

m: 4.666666666666666

Residual: 0.35690752250943764


epsilon: 1.00875

m: 4.833333333333333

Residual: 0.4390912858539148


epsilon: 1.00875

m: 5.0

Residual: 0.5174912299176586


epsilon: 1.00875

m: 5.166666666666666

Residual: 0.5850393153964333


epsilon: 1.00875

m: 5.333333333333333

Residual: 0.6421410564690534


epsilon: 1.00875

m: 5.5

Residual: 0.690681630670851


epsilon: 1.00875

m: 5.666666666666666

Residual: 0.731630636897852


epsilon: 1.00875

m: 5.833333333333333

Residual: 0.7646305931318649


epsilon: 1.00875

m: 6.0

Residual: 0.7948508908073632


epsilon: 1.00875

m: 6.166666666666666

Residual: 0.8187637394675257


epsilon: 1.00875

m: 6.333333333333333

Residual: 0.841344748746836


epsilon: 1.00875

m: 6.5

Residual: 0.8585065031908876


epsilon: 1.00875

m: 6.666666666666666

Residual: 0.8741892775568396


epsilon: 1.00875

m: 6.833333333333333

Residual: 0.8862328421143363


epsilon: 1.00875

m: 7.0

Residual: 0.8971381984038487


epsilon: 1.3416666666666668

m: 3.0

Residual: 0.8178211643288364


epsilon: 1.3416666666666668

m: 3.1666666666666665

Residual: 0.7575480699086583


epsilon: 1.3416666666666668

m: 3.3333333333333335

Residual: 0.6832334405939766


epsilon: 1.3416666666666668

m: 3.5

Residual: 0.5982745809556855


epsilon: 1.3416666666666668

m: 3.6666666666666665

Residual: 0.5101913674379853


epsilon: 1.3416666666666668

m: 3.833333333333333

Residual: 0.42642343103647046


epsilon: 1.3416666666666668

m: 4.0

Residual: 0.3522672151158527


epsilon: 1.3416666666666668

m: 4.166666666666666

Residual: 0.29546467147597266


epsilon: 1.3416666666666668

m: 4.333333333333333

Residual: 0.2575584340734055


epsilon: 1.3416666666666668

m: 4.5

Residual: 0.24639236129416653


epsilon: 1.3416666666666668

m: 4.666666666666666

Residual: 0.2668241398211092


epsilon: 1.3416666666666668

m: 4.833333333333333

Residual: 0.32193700237041817


epsilon: 1.3416666666666668

m: 5.0

Residual: 0.4055397418087935


epsilon: 1.3416666666666668

m: 5.166666666666666

Residual: 0.48377147005613624


epsilon: 1.3416666666666668

m: 5.333333333333333

Residual: 0.5511759991283941


epsilon: 1.3416666666666668

m: 5.5

Residual: 0.6093770934586047


epsilon: 1.3416666666666668

m: 5.666666666666666

Residual: 0.6586370408683694


epsilon: 1.3416666666666668

m: 5.833333333333333

Residual: 0.7010333875391294


epsilon: 1.3416666666666668

m: 6.0

Residual: 0.7364393429534398


epsilon: 1.3416666666666668

m: 6.166666666666666

Residual: 0.7668882815865323


epsilon: 1.3416666666666668

m: 6.333333333333333

Residual: 0.7926743929048843


epsilon: 1.3416666666666668

m: 6.5

Residual: 0.8139301786089983


epsilon: 1.3416666666666668

m: 6.666666666666666

Residual: 0.8345874757235302


epsilon: 1.3416666666666668

m: 6.833333333333333

Residual: 0.8518553190860216


epsilon: 1.3416666666666668

m: 7.0

Residual: 0.8647348182237956


epsilon: 1.6745833333333335

m: 3.0

Residual: 0.8513674720543062


epsilon: 1.6745833333333335

m: 3.1666666666666665

Residual: 0.8009520974249371


epsilon: 1.6745833333333335

m: 3.3333333333333335

Residual: 0.7379711448994927


epsilon: 1.6745833333333335

m: 3.5

Residual: 0.6615258600674483


epsilon: 1.6745833333333335

m: 3.6666666666666665

Residual: 0.575004193593218


epsilon: 1.6745833333333335

m: 3.833333333333333

Residual: 0.4863150727539733


epsilon: 1.6745833333333335

m: 4.0

Residual: 0.40185770358402984


epsilon: 1.6745833333333335

m: 4.166666666666666

Residual: 0.32906577135639625


epsilon: 1.6745833333333335

m: 4.333333333333333

Residual: 0.2712753596594427


epsilon: 1.6745833333333335

m: 4.5

Residual: 0.2344966551124742


epsilon: 1.6745833333333335

m: 4.666666666666666

Residual: 0.22411464777192402


epsilon: 1.6745833333333335

m: 4.833333333333333

Residual: 0.24605840495198925


epsilon: 1.6745833333333335

m: 5.0

Residual: 0.31021911242795175


epsilon: 1.6745833333333335

m: 5.166666666666666

Residual: 0.39421209239494204


epsilon: 1.6745833333333335

m: 5.333333333333333

Residual: 0.46879096253270747


epsilon: 1.6745833333333335

m: 5.5

Residual: 0.5331373820734098


epsilon: 1.6745833333333335

m: 5.666666666666666

Residual: 0.5904008090791594


epsilon: 1.6745833333333335

m: 5.833333333333333

Residual: 0.6381992391399988


epsilon: 1.6745833333333335

m: 6.0

Residual: 0.6820066846458399


epsilon: 1.6745833333333335

m: 6.166666666666666

Residual: 0.7179575059026874


epsilon: 1.6745833333333335

m: 6.333333333333333

Residual: 0.7482916123518727


epsilon: 1.6745833333333335

m: 6.5

Residual: 0.7750418172218484


epsilon: 1.6745833333333335

m: 6.666666666666666

Residual: 0.7974248043799126


epsilon: 1.6745833333333335

m: 6.833333333333333

Residual: 0.8192885806192094


epsilon: 1.6745833333333335

m: 7.0

Residual: 0.8353790912655515


epsilon: 2.0075

m: 3.0

Residual: 0.8744607845057851


epsilon: 2.0075

m: 3.1666666666666665

Residual: 0.8311627405427637


epsilon: 2.0075

m: 3.3333333333333335

Residual: 0.7765487876489747


epsilon: 2.0075

m: 3.5

Residual: 0.7095372685917146


epsilon: 2.0075

m: 3.6666666666666665

Residual: 0.6296083365349959


epsilon: 2.0075

m: 3.833333333333333

Residual: 0.5416612456336578


epsilon: 2.0075

m: 4.0

Residual: 0.4523819131399579


epsilon: 2.0075

m: 4.166666666666666

Residual: 0.36944285244312597


epsilon: 2.0075

m: 4.333333333333333

Residual: 0.29828980354866086


epsilon: 2.0075

m: 4.5

Residual: 0.24451023366819657


epsilon: 2.0075

m: 4.666666666666666

Residual: 0.21008824840598644


epsilon: 2.0075

m: 4.833333333333333

Residual: 0.20505115919993833


epsilon: 2.0075

m: 5.0

Residual: 0.2376603881287363


epsilon: 2.0075

m: 5.166666666666666

Residual: 0.3148914053257017


epsilon: 2.0075

m: 5.333333333333333

Residual: 0.3944441315530503


epsilon: 2.0075

m: 5.5

Residual: 0.46622535005856464


epsilon: 2.0075

m: 5.666666666666666

Residual: 0.5276764942476309


epsilon: 2.0075

m: 5.833333333333333

Residual: 0.5827095238348317


epsilon: 2.0075

m: 6.0

Residual: 0.6285039726372865


epsilon: 2.0075

m: 6.166666666666666

Residual: 0.6682458288800237


epsilon: 2.0075

m: 6.333333333333333

Residual: 0.7072271439410172


epsilon: 2.0075

m: 6.5

Residual: 0.7371994492989127


epsilon: 2.0075

m: 6.666666666666666

Residual: 0.7635529259514234


epsilon: 2.0075

m: 6.833333333333333

Residual: 0.7882500078261431


epsilon: 2.0075

m: 7.0

Residual: 0.803148698294774


epsilon: 2.3404166666666666

m: 3.0

Residual: 0.891347794900094


epsilon: 2.3404166666666666

m: 3.1666666666666665

Residual: 0.8534159862698307


epsilon: 2.3404166666666666

m: 3.3333333333333335

Residual: 0.8052367098643547


epsilon: 2.3404166666666666

m: 3.5

Residual: 0.7455300241958885


epsilon: 2.3404166666666666

m: 3.6666666666666665

Residual: 0.6735991439577297


epsilon: 2.3404166666666666

m: 3.833333333333333

Residual: 0.5896980712154585


epsilon: 2.3404166666666666

m: 4.0

Residual: 0.500916628606004


epsilon: 2.3404166666666666

m: 4.166666666666666

Residual: 0.4124711790970033


epsilon: 2.3404166666666666

m: 4.333333333333333

Residual: 0.3318005791994988


epsilon: 2.3404166666666666

m: 4.5

Residual: 0.2638818864943015


epsilon: 2.3404166666666666

m: 4.666666666666666

Residual: 0.21576688810171812


epsilon: 2.3404166666666666

m: 4.833333333333333

Residual: 0.188398098697668


epsilon: 2.3404166666666666

m: 5.0

Residual: 0.19318047780986564


epsilon: 2.3404166666666666

m: 5.166666666666666

Residual: 0.24443579940923968


epsilon: 2.3404166666666666

m: 5.333333333333333

Residual: 0.32860198475137065


epsilon: 2.3404166666666666

m: 5.5

Residual: 0.40354090923631614


epsilon: 2.3404166666666666

m: 5.666666666666666

Residual: 0.47050630206053234


epsilon: 2.3404166666666666

m: 5.833333333333333

Residual: 0.5298128344505311


epsilon: 2.3404166666666666

m: 6.0

Residual: 0.580494613102223


epsilon: 2.3404166666666666

m: 6.166666666666666

Residual: 0.6277642859986466


epsilon: 2.3404166666666666

m: 6.333333333333333

Residual: 0.6654993874918744


epsilon: 2.3404166666666666

m: 6.5

Residual: 0.7000776711235356


epsilon: 2.3404166666666666

m: 6.666666666666666

Residual: 0.7267805042336033


epsilon: 2.3404166666666666

m: 6.833333333333333

Residual: 0.7562243340853304


epsilon: 2.3404166666666666

m: 7.0

Residual: 0.7765676638802343


epsilon: 2.6733333333333333

m: 3.0

Residual: 0.9042383671786612


epsilon: 2.6733333333333333

m: 3.1666666666666665

Residual: 0.8704883781347448


epsilon: 2.6733333333333333

m: 3.3333333333333335

Residual: 0.8273851116792973


epsilon: 2.6733333333333333

m: 3.5

Residual: 0.7736721879130706


epsilon: 2.6733333333333333

m: 3.6666666666666665

Residual: 0.7083931415330657


epsilon: 2.6733333333333333

m: 3.833333333333333

Residual: 0.6313690243952006


epsilon: 2.6733333333333333

m: 4.0

Residual: 0.5431692014270443


epsilon: 2.6733333333333333

m: 4.166666666666666

Residual: 0.4544421378433995


epsilon: 2.6733333333333333

m: 4.333333333333333

Residual: 0.36724285828141257


epsilon: 2.6733333333333333

m: 4.5

Residual: 0.292400375396675


epsilon: 2.6733333333333333

m: 4.666666666666666

Residual: 0.22998658751098283


epsilon: 2.6733333333333333

m: 4.833333333333333

Residual: 0.18781643534180517


epsilon: 2.6733333333333333

m: 5.0

Residual: 0.16971348549975776


epsilon: 2.6733333333333333

m: 5.166666666666666

Residual: 0.19013828678058145


epsilon: 2.6733333333333333

m: 5.333333333333333

Residual: 0.26741801060806564


epsilon: 2.6733333333333333

m: 5.5

Residual: 0.34820933189149905


epsilon: 2.6733333333333333

m: 5.666666666666666

Residual: 0.4169343361494167


epsilon: 2.6733333333333333

m: 5.833333333333333

Residual: 0.48012382639272516


epsilon: 2.6733333333333333

m: 6.0

Residual: 0.5360402707258951


epsilon: 2.6733333333333333

m: 6.166666666666666

Residual: 0.5806743482567991


epsilon: 2.6733333333333333

m: 6.333333333333333

Residual: 0.6247483079147402


epsilon: 2.6733333333333333

m: 6.5

Residual: 0.6611817647480644


epsilon: 2.6733333333333333

m: 6.666666666666666

Residual: 0.6963223701467071


epsilon: 2.6733333333333333

m: 6.833333333333333

Residual: 0.7213684946714689


epsilon: 2.6733333333333333

m: 7.0

Residual: 0.7487265256041833


epsilon: 3.00625

m: 3.0

Residual: 0.9143840755155412


epsilon: 3.00625

m: 3.1666666666666665

Residual: 0.8840047425513781


epsilon: 3.00625

m: 3.3333333333333335

Residual: 0.8450392983303716


epsilon: 3.00625

m: 3.5

Residual: 0.7961875330451144


epsilon: 3.00625

m: 3.6666666666666665

Residual: 0.7363906622345089


epsilon: 3.00625

m: 3.833333333333333

Residual: 0.6652951863596771


epsilon: 3.00625

m: 4.0

Residual: 0.5831986421601294


epsilon: 3.00625

m: 4.166666666666666

Residual: 0.4935237414137447


epsilon: 3.00625

m: 4.333333333333333

Residual: 0.40427880760636975


epsilon: 3.00625

m: 4.5

Residual: 0.3213060373930417


epsilon: 3.00625

m: 4.666666666666666

Residual: 0.25053106792711405


epsilon: 3.00625

m: 4.833333333333333

Residual: 0.19628540576724846


epsilon: 3.00625

m: 5.0

Residual: 0.16135322972118288


epsilon: 3.00625

m: 5.166666666666666

Residual: 0.15800519144743494


epsilon: 3.00625

m: 5.333333333333333

Residual: 0.21210365168749926


epsilon: 3.00625

m: 5.5

Residual: 0.2951383884624821


epsilon: 3.00625

m: 5.666666666666666

Residual: 0.36865069326288397


epsilon: 3.00625

m: 5.833333333333333

Residual: 0.43317123841823507


epsilon: 3.00625

m: 6.0

Residual: 0.493496530040333


epsilon: 3.00625

m: 6.166666666666666

Residual: 0.5420509743710415


epsilon: 3.00625

m: 6.333333333333333

Residual: 0.589430100122667


epsilon: 3.00625

m: 6.5

Residual: 0.6298016628647912


epsilon: 3.00625

m: 6.666666666666666

Residual: 0.6634960133367208


epsilon: 3.00625

m: 6.833333333333333

Residual: 0.6949139921081986


epsilon: 3.00625

m: 7.0

Residual: 0.7232629667257812


epsilon: 3.339166666666667

m: 3.0

Residual: 0.9225838012303577


epsilon: 3.339166666666667

m: 3.1666666666666665

Residual: 0.8949713007427039


epsilon: 3.339166666666667

m: 3.3333333333333335

Residual: 0.8593928087308469


epsilon: 3.339166666666667

m: 3.5

Residual: 0.8146245419729039


epsilon: 3.339166666666667

m: 3.6666666666666665

Residual: 0.7594911341735904


epsilon: 3.339166666666667

m: 3.833333333333333

Residual: 0.6936353031312604


epsilon: 3.339166666666667

m: 4.0

Residual: 0.6168032275034262


epsilon: 3.339166666666667

m: 4.166666666666666

Residual: 0.5301473349378384


epsilon: 3.339166666666667

m: 4.333333333333333

Residual: 0.4410346551793015


epsilon: 3.339166666666667

m: 4.5

Residual: 0.35316443387047947


epsilon: 3.339166666666667

m: 4.666666666666666

Residual: 0.27429074472085585


epsilon: 3.339166666666667

m: 4.833333333333333

Residual: 0.21084883227344534


epsilon: 3.339166666666667

m: 5.0

Residual: 0.1646006250732721


epsilon: 3.339166666666667

m: 5.166666666666666

Residual: 0.14250866517389718


epsilon: 3.339166666666667

m: 5.333333333333333

Residual: 0.1632420685447085


epsilon: 3.339166666666667

m: 5.5

Residual: 0.24539405618903698


epsilon: 3.339166666666667

m: 5.666666666666666

Residual: 0.32220801232839213


epsilon: 3.339166666666667

m: 5.833333333333333

Residual: 0.3895489539127717


epsilon: 3.339166666666667

m: 6.0

Residual: 0.4505461541016749


epsilon: 3.339166666666667

m: 6.166666666666666

Residual: 0.5079342399877689


epsilon: 3.339166666666667

m: 6.333333333333333

Residual: 0.5536063865629562


epsilon: 3.339166666666667

m: 6.5

Residual: 0.5967110908142553


epsilon: 3.339166666666667

m: 6.666666666666666

Residual: 0.6351282358160365


epsilon: 3.339166666666667

m: 6.833333333333333

Residual: 0.6659801096771997


epsilon: 3.339166666666667

m: 7.0

Residual: 0.6960062987133958


epsilon: 3.6720833333333336

m: 3.0

Residual: 0.9293648063066299


epsilon: 3.6720833333333336

m: 3.1666666666666665

Residual: 0.9040344157027701


epsilon: 3.6720833333333336

m: 3.3333333333333335

Residual: 0.8713296613022915


epsilon: 3.6720833333333336

m: 3.5

Residual: 0.8299903841368232


epsilon: 3.6720833333333336

m: 3.6666666666666665

Residual: 0.7789266378114631


epsilon: 3.6720833333333336

m: 3.833333333333333

Residual: 0.7173621275143681


epsilon: 3.6720833333333336

m: 4.0

Residual: 0.645353021504506


epsilon: 3.6720833333333336

m: 4.166666666666666

Residual: 0.5634898023660676


epsilon: 3.6720833333333336

m: 4.333333333333333

Residual: 0.47273529815631865


epsilon: 3.6720833333333336

m: 4.5

Residual: 0.3862294775846385


epsilon: 3.6720833333333336

m: 4.666666666666666

Residual: 0.30150590228582075


epsilon: 3.6720833333333336

m: 4.833333333333333

Residual: 0.2311000577333247


epsilon: 3.6720833333333336

m: 5.0

Residual: 0.1734668943862008


epsilon: 3.6720833333333336

m: 5.166666666666666

Residual: 0.1380871966859707


epsilon: 3.6720833333333336

m: 5.333333333333333

Residual: 0.13307351034229337


epsilon: 3.6720833333333336

m: 5.5

Residual: 0.19927154411275924


epsilon: 3.6720833333333336

m: 5.666666666666666

Residual: 0.27944916714428586


epsilon: 3.6720833333333336

m: 5.833333333333333

Residual: 0.3496626534459407


epsilon: 3.6720833333333336

m: 6.0

Residual: 0.411882434278064


epsilon: 3.6720833333333336

m: 6.166666666666666

Residual: 0.4677504522733538


epsilon: 3.6720833333333336

m: 6.333333333333333

Residual: 0.5215646370034717


epsilon: 3.6720833333333336

m: 6.5

Residual: 0.5651432237656469


epsilon: 3.6720833333333336

m: 6.666666666666666

Residual: 0.6047509168127005


epsilon: 3.6720833333333336

m: 6.833333333333333

Residual: 0.640162371410065


epsilon: 3.6720833333333336

m: 7.0

Residual: 0.6715785443063758


epsilon: 4.005

m: 3.0

Residual: 0.9350395504262456


epsilon: 4.005

m: 3.1666666666666665

Residual: 0.911651499893323


epsilon: 4.005

m: 3.3333333333333335

Residual: 0.8813969267015318


epsilon: 4.005

m: 3.5

Residual: 0.8430068061935456


epsilon: 4.005

m: 3.6666666666666665

Residual: 0.7953511988018733


epsilon: 4.005

m: 3.833333333333333

Residual: 0.7378589517520902


epsilon: 4.005

m: 4.0

Residual: 0.6699070345883545


epsilon: 4.005

m: 4.166666666666666

Residual: 0.5923761084212195


epsilon: 4.005

m: 4.333333333333333

Residual: 0.5060769040840679


epsilon: 4.005

m: 4.5

Residual: 0.4164435404092935


epsilon: 4.005

m: 4.666666666666666

Residual: 0.3297759018195967


epsilon: 4.005

m: 4.833333333333333

Residual: 0.2519725653121795


epsilon: 4.005

m: 5.0

Residual: 0.18824542882990467


epsilon: 4.005

m: 5.166666666666666

Residual: 0.14154409869406484


epsilon: 4.005

m: 5.333333333333333

Residual: 0.11918261462829777


epsilon: 4.005

m: 5.5

Residual: 0.15862888646716397


epsilon: 4.005

m: 5.666666666666666

Residual: 0.23877641098835145


epsilon: 4.005

m: 5.833333333333333

Residual: 0.3095774394315334


epsilon: 4.005

m: 6.0

Residual: 0.3766991041613277


epsilon: 4.005

m: 6.166666666666666

Residual: 0.43734668899386864


epsilon: 4.005

m: 6.333333333333333

Residual: 0.4860157432958018


epsilon: 4.005

m: 6.5

Residual: 0.5351796283184423


epsilon: 4.005

m: 6.666666666666666

Residual: 0.5796108818585227


epsilon: 4.005

m: 6.833333333333333

Residual: 0.6162078081064966


epsilon: 4.005

m: 7.0

Residual: 0.648311534219129


epsilon: 4.337916666666667

m: 3.0

Residual: 0.9398772210397177


epsilon: 4.337916666666667

m: 3.1666666666666665

Residual: 0.9181548906214753


epsilon: 4.337916666666667

m: 3.3333333333333335

Residual: 0.8899782254112878


epsilon: 4.337916666666667

m: 3.5

Residual: 0.8541711611887564


epsilon: 4.337916666666667

m: 3.6666666666666665

Residual: 0.8096403836922224


epsilon: 4.337916666666667

m: 3.833333333333333

Residual: 0.7554680463661149


epsilon: 4.337916666666667

m: 4.0

Residual: 0.6913542829890478


epsilon: 4.337916666666667

m: 4.166666666666666

Residual: 0.6176974811299164


epsilon: 4.337916666666667

m: 4.333333333333333

Residual: 0.5351926077385792


epsilon: 4.337916666666667

m: 4.5

Residual: 0.44532178310202924


epsilon: 4.337916666666667

m: 4.666666666666666

Residual: 0.35850008021218704


epsilon: 4.337916666666667

m: 4.833333333333333

Residual: 0.2750991005775145


epsilon: 4.337916666666667

m: 5.0

Residual: 0.20478582342028506


epsilon: 4.337916666666667

m: 5.166666666666666

Residual: 0.14926704714592928


epsilon: 4.337916666666667

m: 5.333333333333333

Residual: 0.11619837396684422


epsilon: 4.337916666666667

m: 5.5

Residual: 0.11857818154056748


epsilon: 4.337916666666667

m: 5.666666666666666

Residual: 0.20132276009815758


epsilon: 4.337916666666667

m: 5.833333333333333

Residual: 0.2718817390088198


epsilon: 4.337916666666667

m: 6.0

Residual: 0.34057610006646394


epsilon: 4.337916666666667

m: 6.166666666666666

Residual: 0.40360344197518744


epsilon: 4.337916666666667

m: 6.333333333333333

Residual: 0.45714448342132785


epsilon: 4.337916666666667

m: 6.5

Residual: 0.5068927515006855


epsilon: 4.337916666666667

m: 6.666666666666666

Residual: 0.5486223467260442


epsilon: 4.337916666666667

m: 6.833333333333333

Residual: 0.5886751903771296


epsilon: 4.337916666666667

m: 7.0

Residual: 0.62385784635745


epsilon: 4.670833333333333

m: 3.0

Residual: 0.9440423109878952


epsilon: 4.670833333333333

m: 3.1666666666666665

Residual: 0.9237745593377076


epsilon: 4.670833333333333

m: 3.3333333333333335

Residual: 0.8974249005244437


epsilon: 4.670833333333333

m: 3.5

Residual: 0.8638419021476319


epsilon: 4.670833333333333

m: 3.6666666666666665

Residual: 0.8219854785480522


epsilon: 4.670833333333333

m: 3.833333333333333

Residual: 0.7709133219343478


epsilon: 4.670833333333333

m: 4.0

Residual: 0.7102183351652072


epsilon: 4.670833333333333

m: 4.166666666666666

Residual: 0.639933385199918


epsilon: 4.670833333333333

m: 4.333333333333333

Residual: 0.5608436831785445


epsilon: 4.670833333333333

m: 4.5

Residual: 0.4744546348857936


epsilon: 4.670833333333333

m: 4.666666666666666

Residual: 0.38555928747682877


epsilon: 4.670833333333333

m: 4.833333333333333

Residual: 0.2997379564943185


epsilon: 4.670833333333333

m: 5.0

Residual: 0.22260252393627478


epsilon: 4.670833333333333

m: 5.166666666666666

Residual: 0.16219216018042384


epsilon: 4.670833333333333

m: 5.333333333333333

Residual: 0.11696081680934944


epsilon: 4.670833333333333

m: 5.5

Residual: 0.09813475241120731


epsilon: 4.670833333333333

m: 5.666666666666666

Residual: 0.16237819535729392


epsilon: 4.670833333333333

m: 5.833333333333333

Residual: 0.2390011928649536


epsilon: 4.670833333333333

m: 6.0

Residual: 0.30728890386489166


epsilon: 4.670833333333333

m: 6.166666666666666

Residual: 0.37213981819057784


epsilon: 4.670833333333333

m: 6.333333333333333

Residual: 0.42515467162581916


epsilon: 4.670833333333333

m: 6.5

Residual: 0.47782076111738


epsilon: 4.670833333333333

m: 6.666666666666666

Residual: 0.5212166375655242


epsilon: 4.670833333333333

m: 6.833333333333333

Residual: 0.5646899273249182


epsilon: 4.670833333333333

m: 7.0

Residual: 0.5970779901916692


epsilon: 5.00375

m: 3.0

Residual: 0.9476670825308012


epsilon: 5.00375

m: 3.1666666666666665

Residual: 0.9286595856332343


epsilon: 5.00375

m: 3.3333333333333335

Residual: 0.9039335288543564


epsilon: 5.00375

m: 3.5

Residual: 0.8723587708205635


epsilon: 5.00375

m: 3.6666666666666665

Residual: 0.8328414743876703


epsilon: 5.00375

m: 3.833333333333333

Residual: 0.7844980462655844


epsilon: 5.00375

m: 4.0

Residual: 0.7268241635098255


epsilon: 5.00375

m: 4.166666666666666

Residual: 0.6599030020584475


epsilon: 5.00375

m: 4.333333333333333

Residual: 0.5841681716959083


epsilon: 5.00375

m: 4.5

Residual: 0.5007356172476608


epsilon: 5.00375

m: 4.666666666666666

Residual: 0.4110475755300738


epsilon: 5.00375

m: 4.833333333333333

Residual: 0.32639448973163715


epsilon: 5.00375

m: 5.0

Residual: 0.2451769808490654


epsilon: 5.00375

m: 5.166666666666666

Residual: 0.17611947887228815


epsilon: 5.00375

m: 5.333333333333333

Residual: 0.1236721171903565


epsilon: 5.00375

m: 5.5

Residual: 0.09262587256004763


epsilon: 5.00375

m: 5.666666666666666

Residual: 0.13101959571140837


epsilon: 5.00375

m: 5.833333333333333

Residual: 0.20816748871335483


epsilon: 5.00375

m: 6.0

Residual: 0.2763805622468534


epsilon: 5.00375

m: 6.166666666666666

Residual: 0.3411870183952581


epsilon: 5.00375

m: 6.333333333333333

Residual: 0.3986683336190777


epsilon: 5.00375

m: 6.5

Residual: 0.4501064296896086


epsilon: 5.00375

m: 6.666666666666666

Residual: 0.49317433363069396


epsilon: 5.00375

m: 6.833333333333333

Residual: 0.5404882239148161


epsilon: 5.00375

m: 7.0

Residual: 0.5773521418247562


epsilon: 5.336666666666667

m: 3.0

Residual: 0.9508531236691351


epsilon: 5.336666666666667

m: 3.1666666666666665

Residual: 0.9329662269901196


epsilon: 5.336666666666667

m: 3.3333333333333335

Residual: 0.9096435987889034


epsilon: 5.336666666666667

m: 3.5

Residual: 0.8798428604394093


epsilon: 5.336666666666667

m: 3.6666666666666665

Residual: 0.842456500675311


epsilon: 5.336666666666667

m: 3.833333333333333

Residual: 0.7966069713244573


epsilon: 5.336666666666667

m: 4.0

Residual: 0.7416966951723142


epsilon: 5.336666666666667

m: 4.166666666666666

Residual: 0.6776174659335138


epsilon: 5.336666666666667

m: 4.333333333333333

Residual: 0.6049021973987058


epsilon: 5.336666666666667

m: 4.5

Residual: 0.524180987165911


epsilon: 5.336666666666667

m: 4.666666666666666

Residual: 0.43777388225439284


epsilon: 5.336666666666667

m: 4.833333333333333

Residual: 0.3498350841717554


epsilon: 5.336666666666667

m: 5.0

Residual: 0.2674247395044719


epsilon: 5.336666666666667

m: 5.166666666666666

Residual: 0.19323710564868438


epsilon: 5.336666666666667

m: 5.333333333333333

Residual: 0.13345487501278372


epsilon: 5.336666666666667

m: 5.5

Residual: 0.09163618344956441


epsilon: 5.336666666666667

m: 5.666666666666666

Residual: 0.10040059719571938


epsilon: 5.336666666666667

m: 5.833333333333333

Residual: 0.17719849681855065


epsilon: 5.336666666666667

m: 6.0

Residual: 0.2453931525528833


epsilon: 5.336666666666667

m: 6.166666666666666

Residual: 0.3097460341550382


epsilon: 5.336666666666667

m: 6.333333333333333

Residual: 0.3678375709394932


epsilon: 5.336666666666667

m: 6.5

Residual: 0.4245881884468193


epsilon: 5.336666666666667

m: 6.666666666666666

Residual: 0.4714090577333263


epsilon: 5.336666666666667

m: 6.833333333333333

Residual: 0.5197838999529693


epsilon: 5.336666666666667

m: 7.0

Residual: 0.5557756836132879


epsilon: 5.669583333333334

m: 3.0

Residual: 0.953674360232993


epsilon: 5.669583333333334

m: 3.1666666666666665

Residual: 0.9367750691469595


epsilon: 5.669583333333334

m: 3.3333333333333335

Residual: 0.9147244064986636


epsilon: 5.669583333333334

m: 3.5

Residual: 0.8864728233560573


epsilon: 5.669583333333334

m: 3.6666666666666665

Residual: 0.8509711539758683


epsilon: 5.669583333333334

m: 3.833333333333333

Residual: 0.8074177203738291


epsilon: 5.669583333333334

m: 4.0

Residual: 0.7549965452890719


epsilon: 5.669583333333334

m: 4.166666666666666

Residual: 0.6936680776112025


epsilon: 5.669583333333334

m: 4.333333333333333

Residual: 0.6236128152501514


epsilon: 5.669583333333334

m: 4.5

Residual: 0.5461258991778684


epsilon: 5.669583333333334

m: 4.666666666666666

Residual: 0.4618303857397344


epsilon: 5.669583333333334

m: 4.833333333333333

Residual: 0.37386223373604366


epsilon: 5.669583333333334

m: 5.0

Residual: 0.2901837256713894


epsilon: 5.669583333333334

m: 5.166666666666666

Residual: 0.21249336711418734


epsilon: 5.669583333333334

m: 5.333333333333333

Residual: 0.1461186266879828


epsilon: 5.669583333333334

m: 5.5

Residual: 0.09696842753855683


epsilon: 5.669583333333334

m: 5.666666666666666

Residual: 0.07618812992015314


epsilon: 5.669583333333334

m: 5.833333333333333

Residual: 0.14608231127547314


epsilon: 5.669583333333334

m: 6.0

Residual: 0.21762465713763127


epsilon: 5.669583333333334

m: 6.166666666666666

Residual: 0.28150999698935125


epsilon: 5.669583333333334

m: 6.333333333333333

Residual: 0.3449388948492147


epsilon: 5.669583333333334

m: 6.5

Residual: 0.39752335540991346


epsilon: 5.669583333333334

m: 6.666666666666666

Residual: 0.449345054500933


epsilon: 5.669583333333334

m: 6.833333333333333

Residual: 0.4896259293124411


epsilon: 5.669583333333334

m: 7.0

Residual: 0.5317671246457952


epsilon: 6.0025

m: 3.0

Residual: 0.9561816586071764


epsilon: 6.0025

m: 3.1666666666666665

Residual: 0.9401748308374501


epsilon: 6.0025

m: 3.3333333333333335

Residual: 0.9192577666952434


epsilon: 6.0025

m: 3.5

Residual: 0.8924389251485939


epsilon: 6.0025

m: 3.6666666666666665

Residual: 0.8586799049759968


epsilon: 6.0025

m: 3.833333333333333

Residual: 0.8171041347161143


epsilon: 6.0025

m: 4.0

Residual: 0.7670806973824755


epsilon: 6.0025

m: 4.166666666666666

Residual: 0.7082209281611528


epsilon: 6.0025

m: 4.333333333333333

Residual: 0.6408913754414006


epsilon: 6.0025

m: 4.5

Residual: 0.5654529997742284


epsilon: 6.0025

m: 4.666666666666666

Residual: 0.48388407447041565


epsilon: 6.0025

m: 4.833333333333333

Residual: 0.39778831306455154


epsilon: 6.0025

m: 5.0

Residual: 0.31203415591555056


epsilon: 6.0025

m: 5.166666666666666

Residual: 0.23135443850818635


epsilon: 6.0025

m: 5.333333333333333

Residual: 0.16066738790312274


epsilon: 6.0025

m: 5.5

Residual: 0.10590980426758043


epsilon: 6.0025

m: 5.666666666666666

Residual: 0.07204776883871689


epsilon: 6.0025

m: 5.833333333333333

Residual: 0.11728483680027323


epsilon: 6.0025

m: 6.0

Residual: 0.1905923943897584


epsilon: 6.0025

m: 6.166666666666666

Residual: 0.2589506808089348


epsilon: 6.0025

m: 6.333333333333333

Residual: 0.3164631394485412


epsilon: 6.0025

m: 6.5

Residual: 0.37461638738298736


epsilon: 6.0025

m: 6.666666666666666

Residual: 0.424000605599816


epsilon: 6.0025

m: 6.833333333333333

Residual: 0.4674372492761618


epsilon: 6.0025

m: 7.0

Residual: 0.512838774610809


epsilon: 6.335416666666667

m: 3.0

Residual: 0.9584415847218737


epsilon: 6.335416666666667

m: 3.1666666666666665

Residual: 0.9432311049136881


epsilon: 6.335416666666667

m: 3.3333333333333335

Residual: 0.9233518938630907


epsilon: 6.335416666666667

m: 3.5

Residual: 0.8978069307844758


epsilon: 6.335416666666667

m: 3.6666666666666665

Residual: 0.865627332295404


epsilon: 6.335416666666667

m: 3.833333333333333

Residual: 0.8258769059089682


epsilon: 6.335416666666667

m: 4.0

Residual: 0.7778714885043417


epsilon: 6.335416666666667

m: 4.166666666666666

Residual: 0.7214138920782593


epsilon: 6.335416666666667

m: 4.333333333333333

Residual: 0.6562895597918227


epsilon: 6.335416666666667

m: 4.5

Residual: 0.5837582401798099


epsilon: 6.335416666666667

m: 4.666666666666666

Residual: 0.5044252839388991


epsilon: 6.335416666666667

m: 4.833333333333333

Residual: 0.41996293363385534


epsilon: 6.335416666666667

m: 5.0

Residual: 0.332501959040388


epsilon: 6.335416666666667

m: 5.166666666666666

Residual: 0.2521829915871204


epsilon: 6.335416666666667

m: 5.333333333333333

Residual: 0.17735228565761868


epsilon: 6.335416666666667

m: 5.5

Residual: 0.11613403878151723


epsilon: 6.335416666666667

m: 5.666666666666666

Residual: 0.07244272602279571


epsilon: 6.335416666666667

m: 5.833333333333333

Residual: 0.09128804187686618


epsilon: 6.335416666666667

m: 6.0

Residual: 0.16629399517644436


epsilon: 6.335416666666667

m: 6.166666666666666

Residual: 0.2335391403743181


epsilon: 6.335416666666667

m: 6.333333333333333

Residual: 0.29383343085648433


epsilon: 6.335416666666667

m: 6.5

Residual: 0.3522984784580941


epsilon: 6.335416666666667

m: 6.666666666666666

Residual: 0.4056299689134859


epsilon: 6.335416666666667

m: 6.833333333333333

Residual: 0.45197719546414517


epsilon: 6.335416666666667

m: 7.0

Residual: 0.4905477617377729


epsilon: 6.668333333333334

m: 3.0

Residual: 0.9604710432141389


epsilon: 6.668333333333334

m: 3.1666666666666665

Residual: 0.9459911430960964


epsilon: 6.668333333333334

m: 3.3333333333333335

Residual: 0.92702359519693


epsilon: 6.668333333333334

m: 3.5

Residual: 0.9026611637482571


epsilon: 6.668333333333334

m: 3.6666666666666665

Residual: 0.8718940363868227


epsilon: 6.668333333333334

m: 3.833333333333333

Residual: 0.8338818148189543


epsilon: 6.668333333333334

m: 4.0

Residual: 0.7878120651442407


epsilon: 6.668333333333334

m: 4.166666666666666

Residual: 0.7336005680541287


epsilon: 6.668333333333334

m: 4.333333333333333

Residual: 0.6708745405655452


epsilon: 6.668333333333334

m: 4.5

Residual: 0.6006571217824791


epsilon: 6.668333333333334

m: 4.666666666666666

Residual: 0.5232560980540176


epsilon: 6.668333333333334

m: 4.833333333333333

Residual: 0.44061864795358796


epsilon: 6.668333333333334

m: 5.0

Residual: 0.35516521478619983


epsilon: 6.668333333333334

m: 5.166666666666666

Residual: 0.27179354658451244


epsilon: 6.668333333333334

m: 5.333333333333333

Residual: 0.19434651934393263


epsilon: 6.668333333333334

m: 5.5

Residual: 0.12798890902603735


epsilon: 6.668333333333334

m: 5.666666666666666

Residual: 0.07714533041406255


epsilon: 6.668333333333334

m: 5.833333333333333

Residual: 0.0691689912114223


epsilon: 6.668333333333334

m: 6.0

Residual: 0.13882603797983137


epsilon: 6.668333333333334

m: 6.166666666666666

Residual: 0.2086997079956244


epsilon: 6.668333333333334

m: 6.333333333333333

Residual: 0.2692907593268718


epsilon: 6.668333333333334

m: 6.5

Residual: 0.3286184547486037


epsilon: 6.668333333333334

m: 6.666666666666666

Residual: 0.38161611352050906


epsilon: 6.668333333333334

m: 6.833333333333333

Residual: 0.4256226555031371


epsilon: 6.668333333333334

m: 7.0

Residual: 0.4732476381670628


epsilon: 7.001250000000001

m: 3.0

Residual: 0.9623164971031731


epsilon: 7.001250000000001

m: 3.1666666666666665

Residual: 0.948483238672181


epsilon: 7.001250000000001

m: 3.3333333333333335

Residual: 0.9303828789017955


epsilon: 7.001250000000001

m: 3.5

Residual: 0.90707640083505


epsilon: 7.001250000000001

m: 3.6666666666666665

Residual: 0.8776101870858957


epsilon: 7.001250000000001

m: 3.833333333333333

Residual: 0.8411565555288323


epsilon: 7.001250000000001

m: 4.0

Residual: 0.7969290987665442


epsilon: 7.001250000000001

m: 4.166666666666666

Residual: 0.744474361660212


epsilon: 7.001250000000001

m: 4.333333333333333

Residual: 0.6840884804526777


epsilon: 7.001250000000001

m: 4.5

Residual: 0.6158255999570911


epsilon: 7.001250000000001

m: 4.666666666666666

Residual: 0.5400706881912629


epsilon: 7.001250000000001

m: 4.833333333333333

Residual: 0.4602402620183996


epsilon: 7.001250000000001

m: 5.0

Residual: 0.3759585465512979


epsilon: 7.001250000000001

m: 5.166666666666666

Residual: 0.29005486756795024


epsilon: 7.001250000000001

m: 5.333333333333333

Residual: 0.21339568703381911


epsilon: 7.001250000000001

m: 5.5

Residual: 0.1417119236447245


epsilon: 7.001250000000001

m: 5.666666666666666

Residual: 0.08481372022226802


epsilon: 7.001250000000001

m: 5.833333333333333

Residual: 0.06277490486269936


epsilon: 7.001250000000001

m: 6.0

Residual: 0.11369210115649281


epsilon: 7.001250000000001

m: 6.166666666666666

Residual: 0.18429374193452175


epsilon: 7.001250000000001

m: 6.333333333333333

Residual: 0.24566956699297088


epsilon: 7.001250000000001

m: 6.5

Residual: 0.3098673935752655


epsilon: 7.001250000000001

m: 6.666666666666666

Residual: 0.36057405650089325


epsilon: 7.001250000000001

m: 6.833333333333333

Residual: 0.4121115110731665


epsilon: 7.001250000000001

m: 7.0

Residual: 0.4515081024622637


epsilon: 7.334166666666667

m: 3.0

Residual: 0.9639981558164853


epsilon: 7.334166666666667

m: 3.1666666666666665

Residual: 0.9507710462813226


epsilon: 7.334166666666667

m: 3.3333333333333335

Residual: 0.9334426081840217


epsilon: 7.334166666666667

m: 3.5

Residual: 0.9111048454970283


epsilon: 7.334166666666667

m: 3.6666666666666665

Residual: 0.8828449014370986


epsilon: 7.334166666666667

m: 3.833333333333333

Residual: 0.8477808988309806


epsilon: 7.334166666666667

m: 4.0

Residual: 0.8052367908286711


epsilon: 7.334166666666667

m: 4.166666666666666

Residual: 0.7546463941601492


epsilon: 7.334166666666667

m: 4.333333333333333

Residual: 0.6960003849672008


epsilon: 7.334166666666667

m: 4.5

Residual: 0.6299919408245159


epsilon: 7.334166666666667

m: 4.666666666666666

Residual: 0.5568155897218926


epsilon: 7.334166666666667

m: 4.833333333333333

Residual: 0.4783800167421243


epsilon: 7.334166666666667

m: 5.0

Residual: 0.396364157135817


epsilon: 7.334166666666667

m: 5.166666666666666

Residual: 0.31082968819202195


epsilon: 7.334166666666667

m: 5.333333333333333

Residual: 0.23048676394198422


epsilon: 7.334166666666667

m: 5.5

Residual: 0.157559658791956


epsilon: 7.334166666666667

m: 5.666666666666666

Residual: 0.09619452181346123


epsilon: 7.334166666666667

m: 5.833333333333333

Residual: 0.056119836236984265


epsilon: 7.334166666666667

m: 6.0

Residual: 0.09492253175862109


epsilon: 7.334166666666667

m: 6.166666666666666

Residual: 0.16370895916710887


epsilon: 7.334166666666667

m: 6.333333333333333

Residual: 0.22435128867478868


epsilon: 7.334166666666667

m: 6.5

Residual: 0.28908980498175435


epsilon: 7.334166666666667

m: 6.666666666666666

Residual: 0.3405071948721544


epsilon: 7.334166666666667

m: 6.833333333333333

Residual: 0.39098038523331413


epsilon: 7.334166666666667

m: 7.0

Residual: 0.43698438394253364


epsilon: 7.667083333333334

m: 3.0

Residual: 0.9655345414507304


epsilon: 7.667083333333334

m: 3.1666666666666665

Residual: 0.9528576407862375


epsilon: 7.667083333333334

m: 3.3333333333333335

Residual: 0.9362388794263361


epsilon: 7.667083333333334

m: 3.5

Residual: 0.9148015063150459


epsilon: 7.667083333333334

m: 3.6666666666666665

Residual: 0.8876468087923367


epsilon: 7.667083333333334

m: 3.833333333333333

Residual: 0.8539108949036754


epsilon: 7.667083333333334

m: 4.0

Residual: 0.8129267615533387


epsilon: 7.667083333333334

m: 4.166666666666666

Residual: 0.7640153658838076


epsilon: 7.667083333333334

m: 4.333333333333333

Residual: 0.707380584205605


epsilon: 7.667083333333334

m: 4.5

Residual: 0.6428920471669909


epsilon: 7.667083333333334

m: 4.666666666666666

Residual: 0.5723278349053005


epsilon: 7.667083333333334

m: 4.833333333333333

Residual: 0.49539383243843266


epsilon: 7.667083333333334

m: 5.0

Residual: 0.41462085524858344


epsilon: 7.667083333333334

m: 5.166666666666666

Residual: 0.3312157226845559


epsilon: 7.667083333333334

m: 5.333333333333333

Residual: 0.24831869612647575


epsilon: 7.667083333333334

m: 5.5

Residual: 0.17405354849157156


epsilon: 7.667083333333334

m: 5.666666666666666

Residual: 0.10824200101729914


epsilon: 7.667083333333334

m: 5.833333333333333

Residual: 0.06126737783505139


epsilon: 7.667083333333334

m: 6.0

Residual: 0.07017102713956867


epsilon: 7.667083333333334

m: 6.166666666666666

Residual: 0.14157422603859932


epsilon: 7.667083333333334

m: 6.333333333333333

Residual: 0.20590009670264608


epsilon: 7.667083333333334

m: 6.5

Residual: 0.2638120088465887


epsilon: 7.667083333333334

m: 6.666666666666666

Residual: 0.31768305571527783


epsilon: 7.667083333333334

m: 6.833333333333333

Residual: 0.367251009053171


epsilon: 7.667083333333334

m: 7.0

Residual: 0.41789258996319184


epsilon: 8.0

m: 3.0

Residual: 0.9669421904073492


epsilon: 8.0

m: 3.1666666666666665

Residual: 0.9547693484690986


epsilon: 8.0

m: 3.3333333333333335

Residual: 0.9388133802611802


epsilon: 8.0

m: 3.5

Residual: 0.9181859065353304


epsilon: 8.0

m: 3.6666666666666665

Residual: 0.8920460687710848


epsilon: 8.0

m: 3.833333333333333

Residual: 0.8595375947964591


epsilon: 8.0

m: 4.0

Residual: 0.8199518018206723


epsilon: 8.0

m: 4.166666666666666

Residual: 0.7727916874768489


epsilon: 8.0

m: 4.333333333333333

Residual: 0.7179276528451878


epsilon: 8.0

m: 4.5

Residual: 0.6554107457972755


epsilon: 8.0

m: 4.666666666666666

Residual: 0.5862492660637557


epsilon: 8.0

m: 4.833333333333333

Residual: 0.5113418393075163


epsilon: 8.0

m: 5.0

Residual: 0.43164804361529857


epsilon: 8.0

m: 5.166666666666666

Residual: 0.3504891595449439


epsilon: 8.0

m: 5.333333333333333

Residual: 0.2672637054376011


epsilon: 8.0

m: 5.5

Residual: 0.1921727933471144


epsilon: 8.0

m: 5.666666666666666

Residual: 0.12119276060399667


epsilon: 8.0

m: 5.833333333333333

Residual: 0.06657904919612158


epsilon: 8.0

m: 6.0

Residual: 0.059919215990736185


epsilon: 8.0

m: 6.166666666666666

Residual: 0.11884744285698845


epsilon: 8.0

m: 6.333333333333333

Residual: 0.18273770601033806


epsilon: 8.0

m: 6.5

Residual: 0.24747939025816088


epsilon: 8.0

m: 6.666666666666666

Residual: 0.30464929368016513


epsilon: 8.0

m: 6.833333333333333

Residual: 0.3548796522046306


epsilon: 8.0

m: 7.0

Residual: 0.40629341948834286


