epsilon: 0.3571428571428572

n: 21.42857142857143

m: 5.571428571428571

Residual: 0.08172460379878332


epsilon: 0.37500000000000006

n: 21.42857142857143

m: 5.571428571428571

Residual: 0.14352898514497434


epsilon: 0.3571428571428572

n: 22.500000000000004

m: 5.571428571428571

Residual: 0.07006467450538229


epsilon: 0.3571428571428572

n: 21.42857142857143

m: 5.85

Residual: 0.21283272510941365


epsilon: 0.36904761904761907

n: 22.142857142857146

m: 5.2928571428571445

Residual: 0.315440565278291


epsilon: 0.36011904761904767

n: 21.60714285714286

m: 5.710714285714285

Residual: 0.10961491594684009


epsilon: 0.34126984126984133

n: 22.261904761904766

m: 5.664285714285715

Residual: 0.19010319974429477


epsilon: 0.36656746031746035

n: 21.636904761904766

m: 5.594642857142857

Residual: 0.08720974260740856


epsilon: 0.3604497354497356

n: 22.103174603174608

m: 5.447619047619046

Residual: 0.1555940181408549


epsilon: 0.36020171957671965

n: 21.731150793650798

m: 5.644940476190476

Residual: 0.07723379496874312


epsilon: 0.3497574955908289

n: 22.136243386243386

m: 5.597222222222221

Residual: 0.08851650749844464


epsilon: 0.3623649691358025

n: 21.76173941798942

m: 5.595287698412697

Residual: 0.0742706058958696


epsilon: 0.362663506760729

n: 22.56668871252206

m: 5.636342592592591

Residual: 0.08315123809136611


epsilon: 0.35852301954732513

n: 21.71310074955909

m: 5.587657076719577

Residual: 0.0708028213886383


epsilon: 0.3584855109739369

n: 22.25207598471487

m: 5.524641754850089

Residual: 0.08831143491757443


epsilon: 0.359772667426024

n: 21.861382091416814

m: 5.614865795855379

Residual: 0.07012912220343091


epsilon: 0.35459406027500173

n: 22.287915809327846

m: 5.587346597589653

Residual: 0.0790971087151948


epsilon: 0.36042224192060235

n: 21.893283515824027

m: 5.593302423206936

Residual: 0.06743169590604785


epsilon: 0.35970215811233053

n: 22.4566763219348

m: 5.5987407836076795

Residual: 0.07208438539243885


epsilon: 0.35881780418857645

n: 21.898994642653015

m: 5.590428003441602

Residual: 0.07274231572691789


epsilon: 0.3587825495317298

n: 22.196641757912015

m: 5.5823654973177534

Residual: 0.06694937019042574


epsilon: 0.36009745467331317

n: 21.87733280362042

m: 5.604084109531158

Residual: 0.06965342503177804


epsilon: 0.35947263073396374

n: 21.803192132691557

m: 5.590479749963256

Residual: 0.07268693102259485


epsilon: 0.3600622000164664

n: 22.174979918879416

m: 5.5960216034073085

Residual: 0.07211045856505147


epsilon: 0.3599148076958407

n: 22.082032972332453

m: 5.594636140046295

Residual: 0.06835627650599357


epsilon: 0.3593156114254687

n: 22.23730602709191

m: 5.576118597516164

Residual: 0.0656257543856064


epsilon: 0.35892468980154646

n: 22.41729263882766

m: 5.562135841508667

Residual: 0.06777001677586604


epsilon: 0.3590987942226932

n: 22.136121228219512

m: 5.573221538647606

Residual: 0.0708833067440115


epsilon: 0.35971080432755387

n: 22.09555503630422

m: 5.589282489696623

Residual: 0.0701155325175436


epsilon: 0.35904908047859924

n: 22.21697389250196

m: 5.579242047416958

Residual: 0.06605975507007486


epsilon: 0.3598689266730355

n: 22.06529477145797

m: 5.58471051036155

Residual: 0.06656790125852755


epsilon: 0.35961520956065474

n: 22.15966949971218

m: 5.585377368781229

Residual: 0.07069563725966063


epsilon: 0.3592072028240808

n: 22.186713627655713

m: 5.574670068081886

Residual: 0.07397780762948794


epsilon: 0.35951320787651125

n: 22.16643053169806

m: 5.582700543606393

Residual: 0.0643761451044064


epsilon: 0.35871633984735063

n: 22.348512196069983

m: 5.573996948664794

Residual: 0.06938450717214449


epsilon: 0.3595807799666143

n: 22.136099127610976

m: 5.582032119937361

Residual: 0.0682940441168847


epsilon: 0.35941440965099

n: 22.201868279394986

m: 5.579409570561278

Residual: 0.07004151775604145


epsilon: 0.35928114417755525

n: 22.19170221210001

m: 5.5809712955116755

Residual: 0.06868137043445147


epsilon: 0.3596910672747734

n: 22.115862651578016

m: 5.583705526983971

Residual: 0.0686018887768659


epsilon: 0.3595758699015699

n: 22.11412865085574

m: 5.585508673506748

Residual: 0.07011780614318372


epsilon: 0.35945477471363496

n: 22.179933372260173

m: 5.580934346297646

Residual: 0.06873696144243083


epsilon: 0.35953550483892494

n: 22.136063557990553

m: 5.583983897770381

Residual: 0.0676435584266119


epsilon: 0.3598787091492511

n: 22.087202282077747

m: 5.585955350062154

Residual: 0.06917366977398284


epsilon: 0.3594305354204792

n: 22.165577229594447

m: 5.582217309149295

Residual: 0.06993830254114841


epsilon: 0.35952435635771807

n: 22.151247044844308

m: 5.583342220688387

Residual: 0.06685620822583466


epsilon: 0.3596021375756423

n: 22.14114659163804

m: 5.583203035295182

Residual: 0.06710564680403572


epsilon: 0.35939717602703325

n: 22.179066371899037

m: 5.581835919559034

Residual: 0.06689956428334942


epsilon: 0.35935435593186615

n: 22.190016040656232

m: 5.582049420607359

Residual: 0.07142917988087213


epsilon: 0.35954019216469824

n: 22.153363953892587

m: 5.582914631623226

Residual: 0.0729062905225533


epsilon: 0.35951878211711463

n: 22.158838788271183

m: 5.58302138214739

Residual: 0.06729844487644943


epsilon: 0.3594551919517722

n: 22.172748451798547

m: 5.582268231582713

Residual: 0.06675798171848332


epsilon: 0.35955767272607675

n: 22.15378856166805

m: 5.582951789450787

Residual: 0.07283663643158607


epsilon: 0.3594337819041886

n: 22.178223286177143

m: 5.582374982106877

Residual: 0.06794692797175406


epsilon: 0.35946475460966065

n: 22.17211460504987

m: 5.582519183942854

Residual: 0.07340806799182148


epsilon: 0.3594841999141417

n: 22.169589491748305

m: 5.582484387594553

Residual: 0.06864134413132816


epsilon: 0.35951599499681297

n: 22.162634659984622

m: 5.582860962876891

Residual: 0.06762609762134467


epsilon: 0.35953544030129403

n: 22.160109546683056

m: 5.58282616652859

Residual: 0.07052033268142491


epsilon: 0.3594734948903501

n: 22.17232690893761

m: 5.582537762856634

Residual: 0.07117487842915121


epsilon: 0.35951995394855807

n: 22.163163887246697

m: 5.582754065610601

Residual: 0.06649058688557091


epsilon: 0.3595485713004465

n: 22.158563227537954

m: 5.5830593271347055

Residual: 0.06610780856485862


epsilon: 0.359538493753531

n: 22.162803771003848

m: 5.582814994690908

Residual: 0.06837993131295589


epsilon: 0.3595216196859925

n: 22.162676937739427

m: 5.5828494708303955

Residual: 0.06636069334812715


epsilon: 0.35953564529340876

n: 22.16194991073693

m: 5.582985495437063

Residual: 0.06781276333846492


epsilon: 0.3595238767847707

n: 22.162860393119253

m: 5.582811923067217

Residual: 0.06933454347820281


epsilon: 0.3595308895884789

n: 22.162496879618008

m: 5.582879935370549

Residual: 0.07146152172765492


epsilon: 0.3595174137812519

n: 22.164553734718744

m: 5.582775007218395

Residual: 0.07169585327277636


epsilon: 0.3595165809125347

n: 22.16479720947238

m: 5.582727304608497

Residual: 0.06962443890105363


epsilon: 0.3595230384704313

n: 22.164596012473552

m: 5.582763515171898

Residual: 0.06864625968550117


epsilon: 0.359504328584506

n: 22.168052289477988

m: 5.582580973553975

Residual: 0.06919066146051599


epsilon: 0.3595104690417643

n: 22.16792201296069

m: 5.58263605027968

Residual: 0.07070915868208053


epsilon: 0.3595150529448421

n: 22.16557841034446

m: 5.582704491026293

Residual: 0.06737597432406538


epsilon: 0.35952987094335054

n: 22.163017680199392

m: 5.582864726315746

Residual: 0.06777103948969618


epsilon: 0.35951571603937127

n: 22.165421735687723

m: 5.582749658793723

Residual: 0.06812444041293761


epsilon: 0.3595175466471363

n: 22.16521530488418

m: 5.582753122888267

Residual: 0.06439428615664468


epsilon: 0.3595006673689759

n: 22.16846515108507

m: 5.58257404536489

Residual: 0.06751358211921671


epsilon: 0.3595079682625696

n: 22.16710328336365

m: 5.582646715602604

Residual: 0.06858456813583978


epsilon: 0.3595153772618238

n: 22.16582291829112

m: 5.58272683324733

Residual: 0.06750146828751324


epsilon: 0.3595141304106767

n: 22.16600447102126

m: 5.582702517316343

Residual: 0.06826606103961852


epsilon: 0.3595215394099309

n: 22.16472410594873

m: 5.582782634961069

Residual: 0.06546708704613725


epsilon: 0.35951928595483396

n: 22.165313899604016

m: 5.582770823893518

Residual: 0.07022894123301598


epsilon: 0.35951541929671604

n: 22.16583182816695

m: 5.582719593960636

Residual: 0.06803071261528247


epsilon: 0.3595179970687946

n: 22.165486542458325

m: 5.582753747249225

Residual: 0.06630432569007291


epsilon: 0.3595197856416673

n: 22.165271201778957

m: 5.582764450630462

Residual: 0.0656269914010552


epsilon: 0.3595183582166118

n: 22.165464017158833

m: 5.5827446722160605

Residual: 0.06843447331883691


epsilon: 0.3595180873557489

n: 22.16548091113345

m: 5.582751478490934

Residual: 0.068848040015605


epsilon: 0.3595173736432211

n: 22.165577318823395

m: 5.5827415892837315

Residual: 0.06554761606641313


epsilon: 0.35951649675908925

n: 22.16585086673851

m: 5.582732497118427

Residual: 0.06542068381081624


epsilon: 0.3595156024726529

n: 22.165958537078193

m: 5.582727145427809

Residual: 0.06789690100877664


epsilon: 0.3595157830465615

n: 22.165947274428444

m: 5.582722607911226

Residual: 0.06745361408743786


epsilon: 0.35951573790308433

n: 22.16595009009088

m: 5.582723742290372

Residual: 0.06507693249055917


epsilon: 0.35951292138256885

n: 22.166577006861573

m: 5.582696266059731

Residual: 0.06929954764845475


epsilon: 0.3595162605780581

n: 22.16582724083294

m: 5.582730258477731

Residual: 0.06719747938849954


epsilon: 0.35951447288979776

n: 22.16619031089447

m: 5.582712142948383

Residual: 0.06875758981083459


epsilon: 0.3595148523178002

n: 22.166140699218285

m: 5.5827165203624105

Residual: 0.070841846602796


epsilon: 0.3595152907598662

n: 22.16600392526073

m: 5.582721066445062

Residual: 0.07079002450171135


epsilon: 0.35951379536631656

n: 22.16627581268389

m: 5.582705981637481

Residual: 0.068659647693051


epsilon: 0.3595123599952176

n: 22.166593844923543

m: 5.582691379016442

Residual: 0.06917215407361024


epsilon: 0.35951309268637976

n: 22.166446365007843

m: 5.5826988008735965

Residual: 0.07159146836652981


epsilon: 0.35951350162141393

n: 22.166353172190973

m: 5.582703262621937

Residual: 0.06993401662818573


epsilon: 0.3595138403831545

n: 22.166310421296266

m: 5.582706343277388

Residual: 0.0715836570185545


epsilon: 0.35951424931818876

n: 22.166217228479397

m: 5.5827108050257275

Residual: 0.06440131951172054


epsilon: 0.3595134654942548

n: 22.166356866949357

m: 5.58270339755865

Residual: 0.07240263382300369


epsilon: 0.35951374666092956

n: 22.166322032709537

m: 5.5827056068477035

Residual: 0.0675708652446063


epsilon: 0.35951396761567234

n: 22.16629335640036

m: 5.582708041031278

Residual: 0.06758951432296689


epsilon: 0.35951385111710776

n: 22.16630831034801

m: 5.582706846428943

Residual: 0.0672397581521817


epsilon: 0.35951379221360885

n: 22.166315347640776

m: 5.5827065231930035

Residual: 0.06979810785945144


epsilon: 0.35951375804909935

n: 22.166320361442345

m: 5.5827058359340285

Residual: 0.06776570153331313


epsilon: 0.35951372859735

n: 22.16632388008873

m: 5.58270567431606

Residual: 0.07010859155348989


epsilon: 0.3595135294968095

n: 22.166369421023035

m: 5.582703695017668

Residual: 0.06821203361919939


epsilon: 0.3595134772687204

n: 22.1663762822038

m: 5.582703075227048

Residual: 0.06889910367458037


epsilon: 0.35951308116401093

n: 22.166460276527875

m: 5.5826992015846795

Residual: 0.07217080180946586


epsilon: 0.35951356673901524

n: 22.166357979198516

m: 5.582704056133215

Residual: 0.0692007295541742


epsilon: 0.35951324302234566

n: 22.16642617741809

m: 5.582700819767524

Residual: 0.06900291817645068


epsilon: 0.35951332395151303

n: 22.166409127863194

m: 5.582701628858946

Residual: 0.07045059389783684


epsilon: 0.3595133686866604

n: 22.166399976360548

m: 5.58270211931203

Residual: 0.06963845302838712


epsilon: 0.3595133425726158

n: 22.16640340695093

m: 5.5827018094167205

Residual: 0.06874166856449311


epsilon: 0.3595133873077633

n: 22.16639425544829

m: 5.582702299869804

Residual: 0.06783995627957344


epsilon: 0.35951325648459975

n: 22.166418819704308

m: 5.582700982616583

Residual: 0.06614995626044466


epsilon: 0.35951322520663365

n: 22.166425664282837

m: 5.5827007413118

Residual: 0.06601597540133486


epsilon: 0.3595130724040665

n: 22.166455755008514

m: 5.582699211820047

Residual: 0.0697484876768151


epsilon: 0.35951330858183905

n: 22.166409630338343

m: 5.582701527857365

Residual: 0.07211837733482747


epsilon: 0.3595132165415724

n: 22.166428097990448

m: 5.582700642459097

Residual: 0.06803630869306435


epsilon: 0.35951323218055553

n: 22.166424675701187

m: 5.582700763111488

Residual: 0.06691579004792952


epsilon: 0.35951329759213724

n: 22.166412393573175

m: 5.582701421738099

Residual: 0.06883863110413824


epsilon: 0.3595131401402889

n: 22.16644314335329

m: 5.582699877713219

Residual: 0.07043037947049882


epsilon: 0.3595132582291751

n: 22.166420081018202

m: 5.582701035731879

Residual: 0.06939379739264771


epsilon: 0.35951322002853336

n: 22.166427603699624

m: 5.58270065335894

Residual: 0.07045205988829184


epsilon: 0.35951321220904187

n: 22.166429314844255

m: 5.582700593032745

Residual: 0.07166924951682337


epsilon: 0.3595132527343242

n: 22.16642146263562

m: 5.582700982672246

Residual: 0.06590446838573522


epsilon: 0.3595132415505373

n: 22.166423750511274

m: 5.582700860058975

Residual: 0.06543967266146174


epsilon: 0.3595132480790485

n: 22.166422892863686

m: 5.582700937532802

Residual: 0.0690065424029005


epsilon: 0.3595132410664197

n: 22.16642407057267

m: 5.582700866489336

Residual: 0.06730806725231903


epsilon: 0.3595132270411622

n: 22.16642642599064

m: 5.582700724402406

Residual: 0.06543613717801718


epsilon: 0.3595131982444829

n: 22.16643234283103

m: 5.582700436039604

Residual: 0.07144974438142875


epsilon: 0.3595132391118639

n: 22.166424182684473

m: 5.5827008460140854

Residual: 0.06667762974254662


epsilon: 0.3595132174588367

n: 22.166428478844352

m: 5.582700634004399

Residual: 0.07188560654828217


epsilon: 0.3595132247135243

n: 22.16642714110467

m: 5.5827007018326835

Residual: 0.06783657770838852


epsilon: 0.3595132303054177

n: 22.16642599716684

m: 5.58270076313932

Residual: 0.06764449192959616


Warning: Maximum number of iterations has been exceeded.
sigma: 0.4875

epsilon: 0.3595132303054177

n: 22.16642599716684

m: 5.58270076313932

Residual: 0.07111906351313997
