m: 6.428571428571429

n: 35.57142857142857

epsilon: 0.7428571428571429

Residual: 0.14630423694892666


m: 6.750000000000001

n: 35.57142857142857

epsilon: 0.7428571428571429

Residual: 0.15857272395443772


m: 6.428571428571429

n: 37.35

epsilon: 0.7428571428571429

Residual: 0.12019789123962275


m: 6.428571428571429

n: 35.57142857142857

epsilon: 0.78

Residual: 0.21510940164137957


m: 6.642857142857142

n: 36.75714285714287

epsilon: 0.7057142857142857

Residual: 0.18950158172533252


m: 6.589285714285714

n: 36.460714285714296

epsilon: 0.7242857142857143

Residual: 0.12416594408336935


m: 6.214285714285713

n: 37.35000000000001

epsilon: 0.7304761904761905

Residual: 0.20347035427321303


m: 6.616071428571429

n: 36.01607142857143

epsilon: 0.7397619047619048

Residual: 0.08955567732462599


m: 6.6607142857142865

n: 37.64642857142859

epsilon: 0.7284126984126986

Residual: 0.1727285084550166


m: 6.486607142857143

n: 36.090178571428574

epsilon: 0.7392460317460319

Residual: 0.11637637939466977


m: 6.4315476190476195

n: 36.51011904761905

epsilon: 0.7569576719576722

Residual: 0.14595528534247332


m: 6.549851190476191

n: 36.473065476190484

epsilon: 0.7324537037037038

Residual: 0.08896655250149407


m: 6.673115079365079

n: 35.03621031746032

epsilon: 0.7314506172839508

Residual: 0.11807672124326257


m: 6.611979166666667

n: 35.61465773809525

epsilon: 0.7343022486772488

Residual: 0.09872962872523741


m: 6.698660714285716

n: 35.97901785714287

epsilon: 0.7317658730158731

Residual: 0.1343465361455838


m: 6.5396205357142865

n: 36.062388392857144

epsilon: 0.7373759920634921

Residual: 0.08926768974628344


m: 6.525049603174604

n: 36.75302579365079

epsilon: 0.7387588183421516

Residual: 0.10182958258574876


m: 6.590246775793651

n: 35.89924975198413

epsilon: 0.7354163910934746

Residual: 0.08832105170704244


m: 6.503740906084655

n: 36.27373098544974

epsilon: 0.7304021531452087

Residual: 0.09185694238109415


m: 6.587988797949736

n: 36.08048631779101

epsilon: 0.7374219668577309

Residual: 0.0879713685046743


m: 6.612437307098764

n: 36.23947930445327

epsilon: 0.7328187157064474

Residual: 0.10989101134533166


m: 6.557824728560406

n: 36.10666112075617

epsilon: 0.7362366729742309

Residual: 0.08911795937985784


m: 6.594233114252645

n: 36.19520657655424

epsilon: 0.7339580347957086

Residual: 0.10241958456504496


m: 6.566926824983465

n: 36.128797484705686

epsilon: 0.7356670134296004

Residual: 0.09512337799189911


m: 6.589117786871693

n: 35.989868034887564

epsilon: 0.7364191789756027

Residual: 0.09230715942952089


m: 6.568919994212964

n: 36.27677589699074

epsilon: 0.7349378352807173

Residual: 0.0998706898808394


m: 6.572906763255071

n: 36.09357371927359

epsilon: 0.7368293199159809

Residual: 0.0946475389734707


m: 6.597755571171369

n: 35.832509484310705

epsilon: 0.7388424752188257

Residual: 0.1031684257539116


m: 6.5761288884525655

n: 36.16570929382073

epsilon: 0.7359139952652445

Residual: 0.09103109707672795


m: 6.59591688559426

n: 36.063802045059276

epsilon: 0.7363407741497378

Residual: 0.09899157332362565


m: 6.578659293839868

n: 36.086130800720014

epsilon: 0.7367071834744201

Residual: 0.09251022045677929


m: 6.590164355009463

n: 36.071244963612855

epsilon: 0.7364629105912985

Residual: 0.10083773057035754


m: 6.581535559132266

n: 36.082409341443224

epsilon: 0.7366461152536397

Residual: 0.09496129584180307


m: 6.582058843201151

n: 36.12309780580587

epsilon: 0.7366679810614877

Residual: 0.09252565854732236


m: 6.588553292410714

n: 36.03517717633929

epsilon: 0.7369205729166668

Residual: 0.09037260733883376


m: 6.583324045894802

n: 36.083308559255514

epsilon: 0.7370645751660755

Residual: 0.10242383171964599


m: 6.589076576479597

n: 36.075865640701934

epsilon: 0.7369424387245148

Residual: 0.09793662640381441


m: 6.587638443833399

n: 36.07772637034033

epsilon: 0.736972972834905

Residual: 0.09052841658569402


m: 6.594061512928081

n: 36.00582877050789

epsilon: 0.7375423606780472

Residual: 0.0841012001800263


m: 6.600062847791547

n: 35.94719425285891

epsilon: 0.7379795504863271

Residual: 0.09925361117668431


m: 6.592763958358956

n: 36.0032684727518

epsilon: 0.737616960800058

Residual: 0.08748078056315557


m: 6.594656220413799

n: 36.02454519769451

epsilon: 0.7381336193072241

Residual: 0.10026720150549863


m: 6.5900790244114855

n: 36.0325191816781

epsilon: 0.7372238345143061

Residual: 0.08243348331045172


m: 6.596614199182614

n: 35.947257965500846

epsilon: 0.7375001371372099

Residual: 0.09235557870321424


m: 6.590145148257955

n: 36.047179229718466

epsilon: 0.7374415094276006

Residual: 0.10785491604221711


m: 6.592070268669783

n: 36.01917397609299

epsilon: 0.7373830975961766

Residual: 0.10634313269381102


m: 6.591421491385221

n: 36.01789382721495

epsilon: 0.737420397657182

Residual: 0.0977667184285165


m: 6.589033911180611

n: 36.05650274973455

epsilon: 0.7373229006860185

Residual: 0.09753310543086127


m: 6.588286015981762

n: 36.0521031963254

epsilon: 0.7372616576421613

Residual: 0.09522973700845186


m: 6.586844476330686

n: 36.076189591277085

epsilon: 0.7371185309044754

Residual: 0.08925256478279839


m: 6.587772433302012

n: 36.05070522978585

epsilon: 0.7370797813546102

Residual: 0.09226445428625793


m: 6.588177940047695

n: 36.054172805501956

epsilon: 0.7370197735400996

Residual: 0.09838186841667446


m: 6.5882589969982455

n: 36.05262059861954

epsilon: 0.7372011866166459

Residual: 0.10630681464628212


m: 6.588461750371086

n: 36.05435438647759

epsilon: 0.7371711827093907

Residual: 0.09503456357002042


m: 6.588925728856749

n: 36.04161220573197

epsilon: 0.7371518079344581

Residual: 0.09916096974934938


m: 6.589182520196624

n: 36.04231118900175

epsilon: 0.7372427460782337

Residual: 0.09402753456420401


m: 6.589556467796047

n: 36.04451096570633

epsilon: 0.7372733676001624

Residual: 0.09092852565079054


m: 6.590750257898352

n: 36.02520650444652

epsilon: 0.7373221160857442

Residual: 0.09399573057079655


m: 6.5910746465406325

n: 36.025846578885535

epsilon: 0.7373034660552414

Residual: 0.10485405386247126


m: 6.589655551782625

n: 36.0381950364727

epsilon: 0.7372579260724856

Residual: 0.09561978047264275


m: 6.589817746103766

n: 36.03851507369221

epsilon: 0.7372486010572342

Residual: 0.09175527223029618


m: 6.5904146411549185

n: 36.02886284306231

epsilon: 0.7372729753000251

Residual: 0.0947404883079245


m: 6.589630772304055

n: 36.037415185339924

epsilon: 0.7372332902962699

Residual: 0.09396802612480482


m: 6.589270387391286

n: 36.04343678407784

epsilon: 0.7371975086118483

Residual: 0.09537877916034651


m: 6.59012857771401

n: 36.032506328316195

epsilon: 0.7372541086279809

Residual: 0.09999153370723199


m: 6.589948385257626

n: 36.035517127685154

epsilon: 0.7372362177857701

Residual: 0.10320036569714819


m: 6.58985489835777

n: 36.03496718350901

epsilon: 0.737228562405288

Residual: 0.09401425616446127


m: 6.590246832783202

n: 36.030691012370205

epsilon: 0.7372484049071656

Residual: 0.10564110463762211


m: 6.589674705901385

n: 36.03797798287797

epsilon: 0.7372106715630772

Residual: 0.09798179307257797


m: 6.5897907005228

n: 36.034792437691564

epsilon: 0.7372058278693441

Residual: 0.09077916476861848


m: 6.590141709626653

n: 36.03020788570782

epsilon: 0.7372281449628816

Residual: 0.1009559467660151


m: 6.589791456832701

n: 36.03603545858543

epsilon: 0.7372150399130283

Residual: 0.09936839362664232


m: 6.5899348624671426

n: 36.03365580968483

epsilon: 0.7372148311918251

Residual: 0.09498570988865626


m: 6.5899669613846275

n: 36.033743182593554

epsilon: 0.737226198459797

Residual: 0.10533785663633774


m: 6.589876865156436

n: 36.03524858227803

epsilon: 0.7372172530386916

Residual: 0.09699926618439149


m: 6.589960206638748

n: 36.033872533167084

epsilon: 0.7372110807034182

Residual: 0.09469993521399524


m: 6.590105863855149

n: 36.031449767408645

epsilon: 0.7372159112343413

Residual: 0.1021748354223034


m: 6.589934114831114

n: 36.03429887856068

epsilon: 0.737216917587604

Residual: 0.0984115621558309


m: 6.590019615525117

n: 36.03319585742259

epsilon: 0.7372174576088621

Residual: 0.10582925069036282


m: 6.590006943439314

n: 36.033087495681464

epsilon: 0.7372193328530656

Residual: 0.08375451908122428


m: 6.589977944783961

n: 36.03388388197806

epsilon: 0.7372205437764988

Residual: 0.09558576918649515


m: 6.5900229928980565

n: 36.033131182135826

epsilon: 0.7372250164870515

Residual: 0.08819607367562549


m: 6.590094695715278

n: 36.03194135768553

epsilon: 0.7372249121264499

Residual: 0.11405802219678554


m: 6.59000713251679

n: 36.03339825090493

epsilon: 0.7372216358639866

Residual: 0.09498202079161097


m: 6.590065507982448

n: 36.032426988758665

epsilon: 0.7372238200389621

Residual: 0.0907114717966939


m: 6.590050914116033

n: 36.03266980429524

epsilon: 0.7372232739952183

Residual: 0.09074121879913763


m: 6.5900429839254

n: 36.032803338679784

epsilon: 0.7372215836836858

Residual: 0.10273964470338588


m: 6.590051008654771

n: 36.03282518190696

epsilon: 0.7372244255006788

Residual: 0.09456947998450091


m: 6.590043078464138

n: 36.03295871629152

epsilon: 0.7372227351891463

Residual: 0.09112646679178898


m: 6.590072423761528

n: 36.0327320479046

epsilon: 0.7372257464524018

Residual: 0.09906420321351114


m: 6.590065063802497

n: 36.0327498705984

epsilon: 0.7372247057602228

Residual: 0.09062750244133883


m: 6.590073769130643

n: 36.032659997138396

epsilon: 0.7372230914751046

Residual: 0.09416214043385644


m: 6.590068079011674

n: 36.03270129333053

epsilon: 0.7372234249814981

Residual: 0.09696735514754584


m: 6.590072044106991

n: 36.03263452613825

epsilon: 0.7372242701372644

Residual: 0.08588990207323831


m: 6.590061051437812

n: 36.03273894898481

epsilon: 0.7372232848517262

Residual: 0.10116041342976155


m: 6.590065016533128

n: 36.03267218179253

epsilon: 0.7372241300074924

Residual: 0.09514283172346796


m: 6.590083005263257

n: 36.03247831075445

epsilon: 0.737224871587649

Residual: 0.09923094716153784


m: 6.590077516806897

n: 36.032543470312035

epsilon: 0.7372244749036684

Residual: 0.0936328381507164


m: 6.590087373683788

n: 36.03245927029307

epsilon: 0.737224256362667

Residual: 0.10069782193479422


m: 6.590070605820793

n: 36.03261895391766

epsilon: 0.737224161596286

Residual: 0.0915980665985661


m: 6.590070266085949

n: 36.03263830417731

epsilon: 0.7372237025949028

Residual: 0.08757334955839946


m: 6.590076950582157

n: 36.032575720744774

epsilon: 0.7372237099013628

Residual: 0.09814997266493175


m: 6.590072192011134

n: 36.03260814562444

epsilon: 0.7372240486725552

Residual: 0.09248422768165003


m: 6.590075534259238

n: 36.032576853908175

epsilon: 0.7372240523257853

Residual: 0.0986064510455037


m: 6.590074645248717

n: 36.032578742927704

epsilon: 0.7372237685546044

Residual: 0.10315754648005199


m: 6.5900748151161395

n: 36.03256906779788

epsilon: 0.737223998055296

Residual: 0.10422858826500889


m: 6.590077987496821

n: 36.03254745121144

epsilon: 0.7372237722078344

Residual: 0.09210023791023897


m: 6.590080385529647

n: 36.03251691493744

epsilon: 0.737224004144013

Residual: 0.10188010389961015


m: 6.590078950459414

n: 36.032532371935005

epsilon: 0.7372239452466608

Residual: 0.09527077344023487


m: 6.59008177398591

n: 36.032489149308184

epsilon: 0.7372236489867489

Residual: 0.0956528225882487


m: 6.590080214054241

n: 36.032511075458174

epsilon: 0.737223749821508

Residual: 0.10162200574912718


m: 6.590078505954153

n: 36.03253331644477

epsilon: 0.7372238033610703

Residual: 0.10032842782451025


m: 6.59007898743545

n: 36.03252577680655

epsilon: 0.7372238898804835

Residual: 0.09207541433097344


m: 6.590077279335362

n: 36.03254801779313

epsilon: 0.7372239434200456

Residual: 0.09624844259922119


m: 6.590078354834043

n: 36.03252866774042

epsilon: 0.7372239751821532

Residual: 0.11119605936084742


m: 6.590078468174125

n: 36.03253215426868

epsilon: 0.737223846316341

Residual: 0.09367455569826416


m: 6.590080374012012

n: 36.03250339070908

epsilon: 0.737223770387375

Residual: 0.10384175923621099


m: 6.590078053004524

n: 36.03253686102212

epsilon: 0.7372239001618779

Residual: 0.09766728569327406


m: 6.590079005923467

n: 36.032522479242324

epsilon: 0.7372238621973948

Residual: 0.08821127988688507


m: 6.590078746292805

n: 36.03252566797339

epsilon: 0.7372238404153235

Residual: 0.10571101652131877


m: 6.590078151873424

n: 36.032533599735615

epsilon: 0.7372238889671758

Residual: 0.09722960533910076


m: 6.590078708512781

n: 36.03252450579731

epsilon: 0.7372238833705944

Residual: 0.11315576741975203


m: 6.590078736847799

n: 36.032525377429366

epsilon: 0.7372238511541412

Residual: 0.09821887426151168


m: 6.5900787179577875

n: 36.032524796341335

epsilon: 0.7372238726317767

Residual: 0.10431711790419006


m: 6.590078732125296

n: 36.032525232157354

epsilon: 0.73722385652355

Residual: 0.08716639209731236


m: 6.590079689766743

n: 36.032510995649574

epsilon: 0.737223813189658

Residual: 0.09169280315963961


m: 6.590079305293413

n: 36.032516646671084

epsilon: 0.7372238321340375

Residual: 0.09712766308856384


m: 6.590078878268391

n: 36.032522206917726

epsilon: 0.7372238455189281

Residual: 0.09217380842728307


m: 6.590079015167476

n: 36.032520830460214

epsilon: 0.7372238483558504

Residual: 0.09486017711703448


m: 6.590078588142455

n: 36.032526390706856

epsilon: 0.737223861740741

Residual: 0.09719122398366986


m: 6.590079357089114

n: 36.032515088663835

epsilon: 0.7372238238519819

Residual: 0.0973987471135084


m: 6.59007878037912

n: 36.0325235651961

epsilon: 0.7372238522685512

Residual: 0.10384349205239025


m: 6.5900789513399385

n: 36.032520694297915

epsilon: 0.7372238400166171

Residual: 0.08549422871197021


m: 6.590079019789481

n: 36.032520006069156

epsilon: 0.7372238414350782

Residual: 0.0809351083979139


m: 6.590078806276971

n: 36.03252278619247

epsilon: 0.7372238481275235

Residual: 0.09706074006256092


Warning: Maximum number of iterations has been exceeded.
m: 6.590078806276971

n: 36.03252278619247

sigma: 0.6875

epsilon: 0.7372238481275235

Residual: 0.0941303946106913
