epsilon: 0.01

m: 3.0

Residual: 0.5350583634962959


epsilon: 0.01

m: 3.0

Residual: 0.5352198265962089


epsilon: 0.01

m: 3.1666666666666665

Residual: 0.6357467276628123


epsilon: 0.01

m: 3.3333333333333335

Residual: 0.7195861762616307


epsilon: 0.01

m: 3.5

Residual: 0.7847075501846087


epsilon: 0.01

m: 3.6666666666666665

Residual: 0.8346969811678736


epsilon: 0.01

m: 3.833333333333333

Residual: 0.8708899002580834


epsilon: 0.01

m: 4.0

Residual: 0.899523563621706


epsilon: 0.01

m: 4.166666666666666

Residual: 0.921212947967556


epsilon: 0.01

m: 4.333333333333333

Residual: 0.9386772035894012


epsilon: 0.01

m: 4.5

Residual: 0.951619805628763


epsilon: 0.01

m: 4.666666666666666

Residual: 0.9618695595251198


epsilon: 0.01

m: 4.833333333333333

Residual: 0.9666356965834073


epsilon: 0.01

m: 5.0

Residual: 0.9741377687670548


epsilon: 0.01

m: 5.166666666666666

Residual: 0.9782106680706595


epsilon: 0.01

m: 5.333333333333333

Residual: 0.9810592846162581


epsilon: 0.01

m: 5.5

Residual: 0.9834175120721215


epsilon: 0.01

m: 5.666666666666666

Residual: 0.9875602460926017


epsilon: 0.01

m: 5.833333333333333

Residual: 0.9876099875216247


epsilon: 0.01

m: 6.0

Residual: 0.9897143508173911


epsilon: 0.01

m: 6.166666666666666

Residual: 0.9918546433982429


epsilon: 0.01

m: 6.333333333333333

Residual: 0.9927450635834504


epsilon: 0.01

m: 6.5

Residual: 0.9936922507166632


epsilon: 0.01

m: 6.666666666666666

Residual: 0.9943136690851954


epsilon: 0.01

m: 6.833333333333333

Residual: 0.9948681927991525


epsilon: 0.01

m: 7.0

Residual: 0.9938508286596262


epsilon: 0.3429166666666667

m: 3.0

Residual: 0.8261741632175849


epsilon: 0.3429166666666667

m: 3.1666666666666665

Residual: 0.7677263209604616


epsilon: 0.3429166666666667

m: 3.3333333333333335

Residual: 0.6974076183331627


epsilon: 0.3429166666666667

m: 3.5

Residual: 0.611671379132269


epsilon: 0.3429166666666667

m: 3.6666666666666665

Residual: 0.5111795943724659


epsilon: 0.3429166666666667

m: 3.833333333333333

Residual: 0.4087371398096874


epsilon: 0.3429166666666667

m: 4.0

Residual: 0.2895869816863761


epsilon: 0.3429166666666667

m: 4.166666666666666

Residual: 0.17530625231891903


epsilon: 0.3429166666666667

m: 4.333333333333333

Residual: 0.08008276555965754


epsilon: 0.3429166666666667

m: 4.5

Residual: 0.08164150731712679


epsilon: 0.3429166666666667

m: 4.666666666666666

Residual: 0.16651589674327222


epsilon: 0.3429166666666667

m: 4.833333333333333

Residual: 0.27739627982688225


epsilon: 0.3429166666666667

m: 5.0

Residual: 0.3605181915506043


epsilon: 0.3429166666666667

m: 5.166666666666666

Residual: 0.4755199579247152


epsilon: 0.3429166666666667

m: 5.333333333333333

Residual: 0.5070400740025476


epsilon: 0.3429166666666667

m: 5.5

Residual: 0.5452939630163276


epsilon: 0.3429166666666667

m: 5.666666666666666

Residual: 0.6221874640137793


epsilon: 0.3429166666666667

m: 5.833333333333333

Residual: 0.6550106081372785


epsilon: 0.3429166666666667

m: 6.0

Residual: 0.7143084661308091


epsilon: 0.3429166666666667

m: 6.166666666666666

Residual: 0.7154613335088719


epsilon: 0.3429166666666667

m: 6.333333333333333

Residual: 0.7868927574270482


epsilon: 0.3429166666666667

m: 6.5

Residual: 0.8035821249769857


epsilon: 0.3429166666666667

m: 6.666666666666666

Residual: 0.7865809539480778


epsilon: 0.3429166666666667

m: 6.833333333333333

Residual: 0.8421876141360077


epsilon: 0.3429166666666667

m: 7.0

Residual: 0.856324443929124


epsilon: 0.6758333333333334

m: 3.0

Residual: 0.9078633106668818


epsilon: 0.6758333333333334

m: 3.1666666666666665

Residual: 0.8751227226658688


epsilon: 0.6758333333333334

m: 3.3333333333333335

Residual: 0.8340643573499406


epsilon: 0.6758333333333334

m: 3.5

Residual: 0.7818622663690666


epsilon: 0.6758333333333334

m: 3.6666666666666665

Residual: 0.721267294040025


epsilon: 0.6758333333333334

m: 3.833333333333333

Residual: 0.6459580146650769


epsilon: 0.6758333333333334

m: 4.0

Residual: 0.5593640298707359


epsilon: 0.6758333333333334

m: 4.166666666666666

Residual: 0.47175300957809735


epsilon: 0.6758333333333334

m: 4.333333333333333

Residual: 0.37588212755934136


epsilon: 0.6758333333333334

m: 4.5

Residual: 0.2718821369257599


epsilon: 0.6758333333333334

m: 4.666666666666666

Residual: 0.17242842181148382


epsilon: 0.6758333333333334

m: 4.833333333333333

Residual: 0.07696420424333197


epsilon: 0.6758333333333334

m: 5.0

Residual: 0.06903586752763131


epsilon: 0.6758333333333334

m: 5.166666666666666

Residual: 0.16025938547333168


epsilon: 0.6758333333333334

m: 5.333333333333333

Residual: 0.19714380241165447


epsilon: 0.6758333333333334

m: 5.5

Residual: 0.26706504198475284


epsilon: 0.6758333333333334

m: 5.666666666666666

Residual: 0.3781449058468826


epsilon: 0.6758333333333334

m: 5.833333333333333

Residual: 0.4156044822171407


epsilon: 0.6758333333333334

m: 6.0

Residual: 0.4643878479287711


epsilon: 0.6758333333333334

m: 6.166666666666666

Residual: 0.5719465182173258


epsilon: 0.6758333333333334

m: 6.333333333333333

Residual: 0.5379051536092301


epsilon: 0.6758333333333334

m: 6.5

Residual: 0.6330987192651276


epsilon: 0.6758333333333334

m: 6.666666666666666

Residual: 0.6736944798629693


epsilon: 0.6758333333333334

m: 6.833333333333333

Residual: 0.7065626140192293


epsilon: 0.6758333333333334

m: 7.0

Residual: 0.7315053778614422


epsilon: 1.00875

m: 3.0

Residual: 0.9372508768053891


epsilon: 1.00875

m: 3.1666666666666665

Residual: 0.9145711666835171


epsilon: 1.00875

m: 3.3333333333333335

Residual: 0.8855442845890126


epsilon: 1.00875

m: 3.5

Residual: 0.8486582039966989


epsilon: 1.00875

m: 3.6666666666666665

Residual: 0.8040934996131476


epsilon: 1.00875

m: 3.833333333333333

Residual: 0.7488451050256114


epsilon: 1.00875

m: 4.0

Residual: 0.6842830625518296


epsilon: 1.00875

m: 4.166666666666666

Residual: 0.6101309263186647


epsilon: 1.00875

m: 4.333333333333333

Residual: 0.5302778555533544


epsilon: 1.00875

m: 4.5

Residual: 0.43661924011546416


epsilon: 1.00875

m: 4.666666666666666

Residual: 0.3614503442043966


epsilon: 1.00875

m: 4.833333333333333

Residual: 0.25102317287803144


epsilon: 1.00875

m: 5.0

Residual: 0.1578738981346351


epsilon: 1.00875

m: 5.166666666666666

Residual: 0.10925718902359416


epsilon: 1.00875

m: 5.333333333333333

Residual: 0.14798976155984456


epsilon: 1.00875

m: 5.5

Residual: 0.13364884511879388


epsilon: 1.00875

m: 5.666666666666666

Residual: 0.22775933966007456


epsilon: 1.00875

m: 5.833333333333333

Residual: 0.298562839115162


epsilon: 1.00875

m: 6.0

Residual: 0.34887469150753053


epsilon: 1.00875

m: 6.166666666666666

Residual: 0.3615857145248555


epsilon: 1.00875

m: 6.333333333333333

Residual: 0.4284543686036975


epsilon: 1.00875

m: 6.5

Residual: 0.5040668984105087


epsilon: 1.00875

m: 6.666666666666666

Residual: 0.44253802536850384


epsilon: 1.00875

m: 6.833333333333333

Residual: 0.5972113742962727


epsilon: 1.00875

m: 7.0

Residual: 0.6444956827504049


epsilon: 1.3416666666666668

m: 3.0

Residual: 0.9525289292395082


epsilon: 1.3416666666666668

m: 3.1666666666666665

Residual: 0.9352489474562944


epsilon: 1.3416666666666668

m: 3.3333333333333335

Residual: 0.9125002908406791


epsilon: 1.3416666666666668

m: 3.5

Residual: 0.8838397818180281


epsilon: 1.3416666666666668

m: 3.6666666666666665

Residual: 0.8489727115421396


epsilon: 1.3416666666666668

m: 3.833333333333333

Residual: 0.8040392130756161


epsilon: 1.3416666666666668

m: 4.0

Residual: 0.7523919234947767


epsilon: 1.3416666666666668

m: 4.166666666666666

Residual: 0.6927715133371255


epsilon: 1.3416666666666668

m: 4.333333333333333

Residual: 0.6222932153523053


epsilon: 1.3416666666666668

m: 4.5

Residual: 0.5526711423348694


epsilon: 1.3416666666666668

m: 4.666666666666666

Residual: 0.4734064090042901


epsilon: 1.3416666666666668

m: 4.833333333333333

Residual: 0.3887293481580787


epsilon: 1.3416666666666668

m: 5.0

Residual: 0.286656045298302


epsilon: 1.3416666666666668

m: 5.166666666666666

Residual: 0.2066924761234477


epsilon: 1.3416666666666668

m: 5.333333333333333

Residual: 0.14558230638037276


epsilon: 1.3416666666666668

m: 5.5

Residual: 0.13481305252829218


epsilon: 1.3416666666666668

m: 5.666666666666666

Residual: 0.14902588421771004


epsilon: 1.3416666666666668

m: 5.833333333333333

Residual: 0.23745918051363366


epsilon: 1.3416666666666668

m: 6.0

Residual: 0.20203244058099037


epsilon: 1.3416666666666668

m: 6.166666666666666

Residual: 0.25957241850513757


epsilon: 1.3416666666666668

m: 6.333333333333333

Residual: 0.2910433416374083


epsilon: 1.3416666666666668

m: 6.5

Residual: 0.4182312866232344


epsilon: 1.3416666666666668

m: 6.666666666666666

Residual: 0.36391215341262084


epsilon: 1.3416666666666668

m: 6.833333333333333

Residual: 0.4523417737555889


epsilon: 1.3416666666666668

m: 7.0

Residual: 0.4183596199256206


epsilon: 1.6745833333333335

m: 3.0

Residual: 0.9617818760875477


epsilon: 1.6745833333333335

m: 3.1666666666666665

Residual: 0.9476680801556177


epsilon: 1.6745833333333335

m: 3.3333333333333335

Residual: 0.929303383600363


epsilon: 1.6745833333333335

m: 3.5

Residual: 0.9063099715723417


epsilon: 1.6745833333333335

m: 3.6666666666666665

Residual: 0.8755587358742468


epsilon: 1.6745833333333335

m: 3.833333333333333

Residual: 0.8412610805149623


epsilon: 1.6745833333333335

m: 4.0

Residual: 0.7968318650087503


epsilon: 1.6745833333333335

m: 4.166666666666666

Residual: 0.7456624698547186


epsilon: 1.6745833333333335

m: 4.333333333333333

Residual: 0.6868641887197191


epsilon: 1.6745833333333335

m: 4.5

Residual: 0.6186786036117266


epsilon: 1.6745833333333335

m: 4.666666666666666

Residual: 0.5596566523438484


epsilon: 1.6745833333333335

m: 4.833333333333333

Residual: 0.4793385411915226


epsilon: 1.6745833333333335

m: 5.0

Residual: 0.38728198901198796


epsilon: 1.6745833333333335

m: 5.166666666666666

Residual: 0.33720849254756513


epsilon: 1.6745833333333335

m: 5.333333333333333

Residual: 0.27759005058335295


epsilon: 1.6745833333333335

m: 5.5

Residual: 0.1906797196543655


epsilon: 1.6745833333333335

m: 5.666666666666666

Residual: 0.17532831388059011


epsilon: 1.6745833333333335

m: 5.833333333333333

Residual: 0.23529405437457587


epsilon: 1.6745833333333335

m: 6.0

Residual: 0.2514030127906705


epsilon: 1.6745833333333335

m: 6.166666666666666

Residual: 0.27799779133405556


epsilon: 1.6745833333333335

m: 6.333333333333333

Residual: 0.3085514861802615


epsilon: 1.6745833333333335

m: 6.5

Residual: 0.3347158552471631


epsilon: 1.6745833333333335

m: 6.666666666666666

Residual: 0.3592424210312509


epsilon: 1.6745833333333335

m: 6.833333333333333

Residual: 0.368611484970465


epsilon: 1.6745833333333335

m: 7.0

Residual: 0.4623041151797157


epsilon: 2.0075

m: 3.0

Residual: 0.9680274379712771


epsilon: 2.0075

m: 3.1666666666666665

Residual: 0.9562655511384907


epsilon: 2.0075

m: 3.3333333333333335

Residual: 0.9408857553034804


epsilon: 2.0075

m: 3.5

Residual: 0.9211340888403299


epsilon: 2.0075

m: 3.6666666666666665

Residual: 0.8960842677018382


epsilon: 2.0075

m: 3.833333333333333

Residual: 0.8636793465397946


epsilon: 2.0075

m: 4.0

Residual: 0.8281896513388808


epsilon: 2.0075

m: 4.166666666666666

Residual: 0.782958925651682


epsilon: 2.0075

m: 4.333333333333333

Residual: 0.7358651059057622


epsilon: 2.0075

m: 4.5

Residual: 0.6698252781309751


epsilon: 2.0075

m: 4.666666666666666

Residual: 0.6156871202048676


epsilon: 2.0075

m: 4.833333333333333

Residual: 0.5219233583544137


epsilon: 2.0075

m: 5.0

Residual: 0.45858515704953484


epsilon: 2.0075

m: 5.166666666666666

Residual: 0.38118723247849823


epsilon: 2.0075

m: 5.333333333333333

Residual: 0.3291222336501669


epsilon: 2.0075

m: 5.5

Residual: 0.24777785929507895


epsilon: 2.0075

m: 5.666666666666666

Residual: 0.21121025292868942


epsilon: 2.0075

m: 5.833333333333333

Residual: 0.24624685046770597


epsilon: 2.0075

m: 6.0

Residual: 0.19716733357563462


epsilon: 2.0075

m: 6.166666666666666

Residual: 0.28347796865592945


epsilon: 2.0075

m: 6.333333333333333

Residual: 0.2573051901813068


epsilon: 2.0075

m: 6.5

Residual: 0.2486482668183292


epsilon: 2.0075

m: 6.666666666666666

Residual: 0.3077818919895618


epsilon: 2.0075

m: 6.833333333333333

Residual: 0.3461373760308753


epsilon: 2.0075

m: 7.0

Residual: 0.353174319547129


epsilon: 2.3404166666666666

m: 3.0

Residual: 0.972469290004776


epsilon: 2.3404166666666666

m: 3.1666666666666665

Residual: 0.9622638751636031


epsilon: 2.3404166666666666

m: 3.3333333333333335

Residual: 0.9490788142047064


epsilon: 2.3404166666666666

m: 3.5

Residual: 0.9317840073211568


epsilon: 2.3404166666666666

m: 3.6666666666666665

Residual: 0.9100886970671908


epsilon: 2.3404166666666666

m: 3.833333333333333

Residual: 0.8839115797832033


epsilon: 2.3404166666666666

m: 4.0

Residual: 0.8512254631485177


epsilon: 2.3404166666666666

m: 4.166666666666666

Residual: 0.8124331642721356


epsilon: 2.3404166666666666

m: 4.333333333333333

Residual: 0.7611503916408351


epsilon: 2.3404166666666666

m: 4.5

Residual: 0.7129791660818441


epsilon: 2.3404166666666666

m: 4.666666666666666

Residual: 0.6521703595928312


epsilon: 2.3404166666666666

m: 4.833333333333333

Residual: 0.5869860025256833


epsilon: 2.3404166666666666

m: 5.0

Residual: 0.5135181403383564


epsilon: 2.3404166666666666

m: 5.166666666666666

Residual: 0.4521682110710429


epsilon: 2.3404166666666666

m: 5.333333333333333

Residual: 0.3696288472822783


epsilon: 2.3404166666666666

m: 5.5

Residual: 0.29819589903963567


epsilon: 2.3404166666666666

m: 5.666666666666666

Residual: 0.2734331054691073


epsilon: 2.3404166666666666

m: 5.833333333333333

Residual: 0.2503534286299852


epsilon: 2.3404166666666666

m: 6.0

Residual: 0.2294654172376245


epsilon: 2.3404166666666666

m: 6.166666666666666

Residual: 0.2527865815757349


epsilon: 2.3404166666666666

m: 6.333333333333333

Residual: 0.23321227496650157


epsilon: 2.3404166666666666

m: 6.5

Residual: 0.3387644230098927


epsilon: 2.3404166666666666

m: 6.666666666666666

Residual: 0.32077095800960426


epsilon: 2.3404166666666666

m: 6.833333333333333

Residual: 0.31629994288583857


epsilon: 2.3404166666666666

m: 7.0

Residual: 0.4178122102569048


epsilon: 2.6733333333333333

m: 3.0

Residual: 0.9758846715694673


epsilon: 2.6733333333333333

m: 3.1666666666666665

Residual: 0.9668720731864446


epsilon: 2.6733333333333333

m: 3.3333333333333335

Residual: 0.9552967057038534


epsilon: 2.6733333333333333

m: 3.5

Residual: 0.9401926332907015


epsilon: 2.6733333333333333

m: 3.6666666666666665

Residual: 0.9209625871021837


epsilon: 2.6733333333333333

m: 3.833333333333333

Residual: 0.8975207009446549


epsilon: 2.6733333333333333

m: 4.0

Residual: 0.8683292176678689


epsilon: 2.6733333333333333

m: 4.166666666666666

Residual: 0.832562893813067


epsilon: 2.6733333333333333

m: 4.333333333333333

Residual: 0.7911669161501358


epsilon: 2.6733333333333333

m: 4.5

Residual: 0.7465252210159288


epsilon: 2.6733333333333333

m: 4.666666666666666

Residual: 0.6801041434133686


epsilon: 2.6733333333333333

m: 4.833333333333333

Residual: 0.6422122710688135


epsilon: 2.6733333333333333

m: 5.0

Residual: 0.5796599398182719


epsilon: 2.6733333333333333

m: 5.166666666666666

Residual: 0.4911472159075449


epsilon: 2.6733333333333333

m: 5.333333333333333

Residual: 0.43521870748382174


epsilon: 2.6733333333333333

m: 5.5

Residual: 0.35233043029950556


epsilon: 2.6733333333333333

m: 5.666666666666666

Residual: 0.30802182263375144


epsilon: 2.6733333333333333

m: 5.833333333333333

Residual: 0.27135797668659717


epsilon: 2.6733333333333333

m: 6.0

Residual: 0.30927761388297237


epsilon: 2.6733333333333333

m: 6.166666666666666

Residual: 0.2985371727816253


epsilon: 2.6733333333333333

m: 6.333333333333333

Residual: 0.3497132252047604


epsilon: 2.6733333333333333

m: 6.5

Residual: 0.37087825523667156


epsilon: 2.6733333333333333

m: 6.666666666666666

Residual: 0.2886734098464675


epsilon: 2.6733333333333333

m: 6.833333333333333

Residual: 0.3936839325864516


epsilon: 2.6733333333333333

m: 7.0

Residual: 0.3454682538716506


epsilon: 3.00625

m: 3.0

Residual: 0.9785482229804995


epsilon: 3.00625

m: 3.1666666666666665

Residual: 0.9705428907158697


epsilon: 3.00625

m: 3.3333333333333335

Residual: 0.960072339435569


epsilon: 3.00625

m: 3.5

Residual: 0.9465985105785388


epsilon: 3.00625

m: 3.6666666666666665

Residual: 0.9297038044374079


epsilon: 3.00625

m: 3.833333333333333

Residual: 0.9075352465538028


epsilon: 3.00625

m: 4.0

Residual: 0.882677391327726


epsilon: 3.00625

m: 4.166666666666666

Residual: 0.8510383829195833


epsilon: 3.00625

m: 4.333333333333333

Residual: 0.8114873620040655


epsilon: 3.00625

m: 4.5

Residual: 0.7652294169311998


epsilon: 3.00625

m: 4.666666666666666

Residual: 0.717047941645916


epsilon: 3.00625

m: 4.833333333333333

Residual: 0.6682259718721775


epsilon: 3.00625

m: 5.0

Residual: 0.6252769785129548


epsilon: 3.00625

m: 5.166666666666666

Residual: 0.5379381281874124


epsilon: 3.00625

m: 5.333333333333333

Residual: 0.47488555390310694


epsilon: 3.00625

m: 5.5

Residual: 0.4170440646174628


epsilon: 3.00625

m: 5.666666666666666

Residual: 0.37612387528710917


epsilon: 3.00625

m: 5.833333333333333

Residual: 0.29270513360748135


epsilon: 3.00625

m: 6.0

Residual: 0.3011862367910128


epsilon: 3.00625

m: 6.166666666666666

Residual: 0.28268028152741453


epsilon: 3.00625

m: 6.333333333333333

Residual: 0.3188435131339529


epsilon: 3.00625

m: 6.5

Residual: 0.33688530675648937


epsilon: 3.00625

m: 6.666666666666666

Residual: 0.26904632659482375


epsilon: 3.00625

m: 6.833333333333333

Residual: 0.30273206334023944


epsilon: 3.00625

m: 7.0

Residual: 0.41117962318834594


epsilon: 3.339166666666667

m: 3.0

Residual: 0.980633383734474


epsilon: 3.339166666666667

m: 3.1666666666666665

Residual: 0.9733961193781939


epsilon: 3.339166666666667

m: 3.3333333333333335

Residual: 0.9639808846621136


epsilon: 3.339166666666667

m: 3.5

Residual: 0.9517563542577936


epsilon: 3.339166666666667

m: 3.6666666666666665

Residual: 0.9360350312009714


epsilon: 3.339166666666667

m: 3.833333333333333

Residual: 0.9172824858478998


epsilon: 3.339166666666667

m: 4.0

Residual: 0.8918315572324558


epsilon: 3.339166666666667

m: 4.166666666666666

Residual: 0.8650019826384014


epsilon: 3.339166666666667

m: 4.333333333333333

Residual: 0.8280852286882849


epsilon: 3.339166666666667

m: 4.5

Residual: 0.7914156253625845


epsilon: 3.339166666666667

m: 4.666666666666666

Residual: 0.7491611266023218


epsilon: 3.339166666666667

m: 4.833333333333333

Residual: 0.698330179175006


epsilon: 3.339166666666667

m: 5.0

Residual: 0.6394220434575165


epsilon: 3.339166666666667

m: 5.166666666666666

Residual: 0.5832549223738371


epsilon: 3.339166666666667

m: 5.333333333333333

Residual: 0.5210226924998664


epsilon: 3.339166666666667

m: 5.5

Residual: 0.46822689566030584


epsilon: 3.339166666666667

m: 5.666666666666666

Residual: 0.384855968147014


epsilon: 3.339166666666667

m: 5.833333333333333

Residual: 0.39242836150541666


epsilon: 3.339166666666667

m: 6.0

Residual: 0.30747090713598196


epsilon: 3.339166666666667

m: 6.166666666666666

Residual: 0.3408656650458787


epsilon: 3.339166666666667

m: 6.333333333333333

Residual: 0.28623805235613714


epsilon: 3.339166666666667

m: 6.5

Residual: 0.39499054763027863


epsilon: 3.339166666666667

m: 6.666666666666666

Residual: 0.34522750918127604


epsilon: 3.339166666666667

m: 6.833333333333333

Residual: 0.3714734144620836


epsilon: 3.339166666666667

m: 7.0

Residual: 0.3277039653859034


epsilon: 3.6720833333333336

m: 3.0

Residual: 0.9823570196155337


epsilon: 3.6720833333333336

m: 3.1666666666666665

Residual: 0.9758288771509777


epsilon: 3.6720833333333336

m: 3.3333333333333335

Residual: 0.9671719192659171


epsilon: 3.6720833333333336

m: 3.5

Residual: 0.9558805777869882


epsilon: 3.6720833333333336

m: 3.6666666666666665

Residual: 0.9419125479728118


epsilon: 3.6720833333333336

m: 3.833333333333333

Residual: 0.9238755715658171


epsilon: 3.6720833333333336

m: 4.0

Residual: 0.9015385669827776


epsilon: 3.6720833333333336

m: 4.166666666666666

Residual: 0.8741471191758747


epsilon: 3.6720833333333336

m: 4.333333333333333

Residual: 0.8454444706347359


epsilon: 3.6720833333333336

m: 4.5

Residual: 0.8082351573457321


epsilon: 3.6720833333333336

m: 4.666666666666666

Residual: 0.7664952150782787


epsilon: 3.6720833333333336

m: 4.833333333333333

Residual: 0.721900939768923


epsilon: 3.6720833333333336

m: 5.0

Residual: 0.6667892896219251


epsilon: 3.6720833333333336

m: 5.166666666666666

Residual: 0.6041461696316425


epsilon: 3.6720833333333336

m: 5.333333333333333

Residual: 0.5585899211686234


epsilon: 3.6720833333333336

m: 5.5

Residual: 0.4792316001170375


epsilon: 3.6720833333333336

m: 5.666666666666666

Residual: 0.43829060689430543


epsilon: 3.6720833333333336

m: 5.833333333333333

Residual: 0.44003237573513304


epsilon: 3.6720833333333336

m: 6.0

Residual: 0.3788866030337966


epsilon: 3.6720833333333336

m: 6.166666666666666

Residual: 0.31605082928187905


epsilon: 3.6720833333333336

m: 6.333333333333333

Residual: 0.29787389287966876


epsilon: 3.6720833333333336

m: 6.5

Residual: 0.30947896976611683


epsilon: 3.6720833333333336

m: 6.666666666666666

Residual: 0.35643487272301816


epsilon: 3.6720833333333336

m: 6.833333333333333

Residual: 0.3453276685690283


epsilon: 3.6720833333333336

m: 7.0

Residual: 0.3831476922294565


epsilon: 4.005

m: 3.0

Residual: 0.9838316271728136


epsilon: 4.005

m: 3.1666666666666665

Residual: 0.9777831071628911


epsilon: 4.005

m: 3.3333333333333335

Residual: 0.969910425433877


epsilon: 4.005

m: 3.5

Residual: 0.9593358988158747


epsilon: 4.005

m: 3.6666666666666665

Residual: 0.9462192034610852


epsilon: 4.005

m: 3.833333333333333

Residual: 0.9302174906178428


epsilon: 4.005

m: 4.0

Residual: 0.9101126733514284


epsilon: 4.005

m: 4.166666666666666

Residual: 0.8838812428529409


epsilon: 4.005

m: 4.333333333333333

Residual: 0.8537633285902465


epsilon: 4.005

m: 4.5

Residual: 0.8226972217647238


epsilon: 4.005

m: 4.666666666666666

Residual: 0.7822487448789945


epsilon: 4.005

m: 4.833333333333333

Residual: 0.72505524728319


epsilon: 4.005

m: 5.0

Residual: 0.6993126106636831


epsilon: 4.005

m: 5.166666666666666

Residual: 0.6519846855313672


epsilon: 4.005

m: 5.333333333333333

Residual: 0.6007994411310195


epsilon: 4.005

m: 5.5

Residual: 0.5499390110283202


epsilon: 4.005

m: 5.666666666666666

Residual: 0.5135953749863907


epsilon: 4.005

m: 5.833333333333333

Residual: 0.43355452604822875


epsilon: 4.005

m: 6.0

Residual: 0.37979471462539927


epsilon: 4.005

m: 6.166666666666666

Residual: 0.38766965019916155


epsilon: 4.005

m: 6.333333333333333

Residual: 0.358579805065734


epsilon: 4.005

m: 6.5

Residual: 0.3554159041787789


epsilon: 4.005

m: 6.666666666666666

Residual: 0.3038039965744367


epsilon: 4.005

m: 6.833333333333333

Residual: 0.3257977137846713


epsilon: 4.005

m: 7.0

Residual: 0.45607379407776116


epsilon: 4.337916666666667

m: 3.0

Residual: 0.9850373558839536


epsilon: 4.337916666666667

m: 3.1666666666666665

Residual: 0.9795192109167642


epsilon: 4.337916666666667

m: 3.3333333333333335

Residual: 0.9721288048077468


epsilon: 4.337916666666667

m: 3.5

Residual: 0.9627469793663865


epsilon: 4.337916666666667

m: 3.6666666666666665

Residual: 0.9505341225454224


epsilon: 4.337916666666667

m: 3.833333333333333

Residual: 0.9354438991656806


epsilon: 4.337916666666667

m: 4.0

Residual: 0.9164706236656426


epsilon: 4.337916666666667

m: 4.166666666666666

Residual: 0.8932256303663633


epsilon: 4.337916666666667

m: 4.333333333333333

Residual: 0.8684985024965779


epsilon: 4.337916666666667

m: 4.5

Residual: 0.8345798781418996


epsilon: 4.337916666666667

m: 4.666666666666666

Residual: 0.7986197645528612


epsilon: 4.337916666666667

m: 4.833333333333333

Residual: 0.7568677860819165


epsilon: 4.337916666666667

m: 5.0

Residual: 0.7182084038724891


epsilon: 4.337916666666667

m: 5.166666666666666

Residual: 0.6640151703146117


epsilon: 4.337916666666667

m: 5.333333333333333

Residual: 0.6154135737280623


epsilon: 4.337916666666667

m: 5.5

Residual: 0.5634798649024033


epsilon: 4.337916666666667

m: 5.666666666666666

Residual: 0.49390324769085575


epsilon: 4.337916666666667

m: 5.833333333333333

Residual: 0.43592784451660116


epsilon: 4.337916666666667

m: 6.0

Residual: 0.39832880058756764


epsilon: 4.337916666666667

m: 6.166666666666666

Residual: 0.42085759631246683


epsilon: 4.337916666666667

m: 6.333333333333333

Residual: 0.37411043763906265


epsilon: 4.337916666666667

m: 6.5

Residual: 0.3895508767706364


epsilon: 4.337916666666667

m: 6.666666666666666

Residual: 0.33690669187867417


epsilon: 4.337916666666667

m: 6.833333333333333

Residual: 0.430110068127664


epsilon: 4.337916666666667

m: 7.0

Residual: 0.4272637557687571


epsilon: 4.670833333333333

m: 3.0

Residual: 0.9860849079695324


epsilon: 4.670833333333333

m: 3.1666666666666665

Residual: 0.9809499261979989


epsilon: 4.670833333333333

m: 3.3333333333333335

Residual: 0.9741333083847301


epsilon: 4.670833333333333

m: 3.5

Residual: 0.96525876264304


epsilon: 4.670833333333333

m: 3.6666666666666665

Residual: 0.9537487836202858


epsilon: 4.670833333333333

m: 3.833333333333333

Residual: 0.9396246887982793


epsilon: 4.670833333333333

m: 4.0

Residual: 0.9223144799660057


epsilon: 4.670833333333333

m: 4.166666666666666

Residual: 0.9015566676673711


epsilon: 4.670833333333333

m: 4.333333333333333

Residual: 0.8748105686593817


epsilon: 4.670833333333333

m: 4.5

Residual: 0.8425576902043064


epsilon: 4.670833333333333

m: 4.666666666666666

Residual: 0.8104618045203089


epsilon: 4.670833333333333

m: 4.833333333333333

Residual: 0.77054822579518


epsilon: 4.670833333333333

m: 5.0

Residual: 0.7346765766997698


epsilon: 4.670833333333333

m: 5.166666666666666

Residual: 0.692601507716625


epsilon: 4.670833333333333

m: 5.333333333333333

Residual: 0.6172476521810393


epsilon: 4.670833333333333

m: 5.5

Residual: 0.5658695242587393


epsilon: 4.670833333333333

m: 5.666666666666666

Residual: 0.5083955264387063


epsilon: 4.670833333333333

m: 5.833333333333333

Residual: 0.5009533596871439


epsilon: 4.670833333333333

m: 6.0

Residual: 0.42217152592211205


epsilon: 4.670833333333333

m: 6.166666666666666

Residual: 0.3886690277397588


epsilon: 4.670833333333333

m: 6.333333333333333

Residual: 0.40004618537559855


epsilon: 4.670833333333333

m: 6.5

Residual: 0.3988259108356805


epsilon: 4.670833333333333

m: 6.666666666666666

Residual: 0.36061004604001656


epsilon: 4.670833333333333

m: 6.833333333333333

Residual: 0.3397388322884436


epsilon: 4.670833333333333

m: 7.0

Residual: 0.3859800180339446


epsilon: 5.00375

m: 3.0

Residual: 0.9870471668201476


epsilon: 5.00375

m: 3.1666666666666665

Residual: 0.9822123499922817


epsilon: 5.00375

m: 3.3333333333333335

Residual: 0.9758631641497268


epsilon: 5.00375

m: 3.5

Residual: 0.9674109299627621


epsilon: 5.00375

m: 3.6666666666666665

Residual: 0.9570371902836939


epsilon: 5.00375

m: 3.833333333333333

Residual: 0.9440697437109881


epsilon: 5.00375

m: 4.0

Residual: 0.9274388517189784


epsilon: 5.00375

m: 4.166666666666666

Residual: 0.9080088111888188


epsilon: 5.00375

m: 4.333333333333333

Residual: 0.8811463685942129


epsilon: 5.00375

m: 4.5

Residual: 0.8564285753435149


epsilon: 5.00375

m: 4.666666666666666

Residual: 0.8189313904147962


epsilon: 5.00375

m: 4.833333333333333

Residual: 0.7774826286770603


epsilon: 5.00375

m: 5.0

Residual: 0.7505397826897588


epsilon: 5.00375

m: 5.166666666666666

Residual: 0.7143748411657646


epsilon: 5.00375

m: 5.333333333333333

Residual: 0.6538193650981956


epsilon: 5.00375

m: 5.5

Residual: 0.611648451103049


epsilon: 5.00375

m: 5.666666666666666

Residual: 0.5291870159921


epsilon: 5.00375

m: 5.833333333333333

Residual: 0.4828196332552216


epsilon: 5.00375

m: 6.0

Residual: 0.47149105757338283


epsilon: 5.00375

m: 6.166666666666666

Residual: 0.4019467300933692


epsilon: 5.00375

m: 6.333333333333333

Residual: 0.43561290248966666


epsilon: 5.00375

m: 6.5

Residual: 0.3672611547494442


epsilon: 5.00375

m: 6.666666666666666

Residual: 0.3931993596043689


epsilon: 5.00375

m: 6.833333333333333

Residual: 0.41296100407899256


epsilon: 5.00375

m: 7.0

Residual: 0.52039127181192


epsilon: 5.336666666666667

m: 3.0

Residual: 0.9878494223350187


epsilon: 5.336666666666667

m: 3.1666666666666665

Residual: 0.9832868589808976


epsilon: 5.336666666666667

m: 3.3333333333333335

Residual: 0.977231207965548


epsilon: 5.336666666666667

m: 3.5

Residual: 0.9694449012068377


epsilon: 5.336666666666667

m: 3.6666666666666665

Residual: 0.9594551813265539


epsilon: 5.336666666666667

m: 3.833333333333333

Residual: 0.9468004562054594


epsilon: 5.336666666666667

m: 4.0

Residual: 0.9318617099584174


epsilon: 5.336666666666667

m: 4.166666666666666

Residual: 0.9119239160610341


epsilon: 5.336666666666667

m: 4.333333333333333

Residual: 0.888708586426722


epsilon: 5.336666666666667

m: 4.5

Residual: 0.8620355634685172


epsilon: 5.336666666666667

m: 4.666666666666666

Residual: 0.8333026210408879


epsilon: 5.336666666666667

m: 4.833333333333333

Residual: 0.7969441351543942


epsilon: 5.336666666666667

m: 5.0

Residual: 0.7532792422557839


epsilon: 5.336666666666667

m: 5.166666666666666

Residual: 0.7212714538087567


epsilon: 5.336666666666667

m: 5.333333333333333

Residual: 0.6647941322475353


epsilon: 5.336666666666667

m: 5.5

Residual: 0.6356754839730223


epsilon: 5.336666666666667

m: 5.666666666666666

Residual: 0.5909118569913195


epsilon: 5.336666666666667

m: 5.833333333333333

Residual: 0.5291908822813981


epsilon: 5.336666666666667

m: 6.0

Residual: 0.5066678801700186


epsilon: 5.336666666666667

m: 6.166666666666666

Residual: 0.5105506990009612


epsilon: 5.336666666666667

m: 6.333333333333333

Residual: 0.39478991629096766


epsilon: 5.336666666666667

m: 6.5

Residual: 0.431319893492378


epsilon: 5.336666666666667

m: 6.666666666666666

Residual: 0.39642692680851105


epsilon: 5.336666666666667

m: 6.833333333333333

Residual: 0.4433457580820634


epsilon: 5.336666666666667

m: 7.0

Residual: 0.36976078704956417


epsilon: 5.669583333333334

m: 3.0

Residual: 0.9885294870490714


epsilon: 5.669583333333334

m: 3.1666666666666665

Residual: 0.9842494767371158


epsilon: 5.669583333333334

m: 3.3333333333333335

Residual: 0.9785366369682214


epsilon: 5.669583333333334

m: 3.5

Residual: 0.971408478357658


epsilon: 5.669583333333334

m: 3.6666666666666665

Residual: 0.9618175293637399


epsilon: 5.669583333333334

m: 3.833333333333333

Residual: 0.9497369899462438


epsilon: 5.669583333333334

m: 4.0

Residual: 0.9354857253627439


epsilon: 5.669583333333334

m: 4.166666666666666

Residual: 0.9176771826541892


epsilon: 5.669583333333334

m: 4.333333333333333

Residual: 0.894469815883737


epsilon: 5.669583333333334

m: 4.5

Residual: 0.870119823207357


epsilon: 5.669583333333334

m: 4.666666666666666

Residual: 0.8386482652217391


epsilon: 5.669583333333334

m: 4.833333333333333

Residual: 0.8150612489473072


epsilon: 5.669583333333334

m: 5.0

Residual: 0.7721555907457669


epsilon: 5.669583333333334

m: 5.166666666666666

Residual: 0.7406625718278996


epsilon: 5.669583333333334

m: 5.333333333333333

Residual: 0.674279599685811


epsilon: 5.669583333333334

m: 5.5

Residual: 0.6530954405625318


epsilon: 5.669583333333334

m: 5.666666666666666

Residual: 0.5785054791889165


epsilon: 5.669583333333334

m: 5.833333333333333

Residual: 0.5342317736730823


epsilon: 5.669583333333334

m: 6.0

Residual: 0.48460689501236964


epsilon: 5.669583333333334

m: 6.166666666666666

Residual: 0.5181109476111729


epsilon: 5.669583333333334

m: 6.333333333333333

Residual: 0.48438934618298113


epsilon: 5.669583333333334

m: 6.5

Residual: 0.4041736248579133


epsilon: 5.669583333333334

m: 6.666666666666666

Residual: 0.4903305976558198


epsilon: 5.669583333333334

m: 6.833333333333333

Residual: 0.4058136766903377


epsilon: 5.669583333333334

m: 7.0

Residual: 0.392755954728843


epsilon: 6.0025

m: 3.0

Residual: 0.9891866483470805


epsilon: 6.0025

m: 3.1666666666666665

Residual: 0.9851286053755705


epsilon: 6.0025

m: 3.3333333333333335

Residual: 0.9797567518210031


epsilon: 6.0025

m: 3.5

Residual: 0.9728104655887597


epsilon: 6.0025

m: 3.6666666666666665

Residual: 0.9642154750867148


epsilon: 6.0025

m: 3.833333333333333

Residual: 0.9527798156996997


epsilon: 6.0025

m: 4.0

Residual: 0.9387887821634056


epsilon: 6.0025

m: 4.166666666666666

Residual: 0.9216877546139214


epsilon: 6.0025

m: 4.333333333333333

Residual: 0.9030603578334547


epsilon: 6.0025

m: 4.5

Residual: 0.8753212878345944


epsilon: 6.0025

m: 4.666666666666666

Residual: 0.8484429438840246


epsilon: 6.0025

m: 4.833333333333333

Residual: 0.8163160040839833


epsilon: 6.0025

m: 5.0

Residual: 0.7835357967401316


epsilon: 6.0025

m: 5.166666666666666

Residual: 0.7525261219585377


epsilon: 6.0025

m: 5.333333333333333

Residual: 0.7141698151151821


epsilon: 6.0025

m: 5.5

Residual: 0.6613443863366737


epsilon: 6.0025

m: 5.666666666666666

Residual: 0.6298933629643507


epsilon: 6.0025

m: 5.833333333333333

Residual: 0.5676988266719533


epsilon: 6.0025

m: 6.0

Residual: 0.5316308072103889


epsilon: 6.0025

m: 6.166666666666666

Residual: 0.5029985759188623


epsilon: 6.0025

m: 6.333333333333333

Residual: 0.48255225497715604


epsilon: 6.0025

m: 6.5

Residual: 0.469681850231701


epsilon: 6.0025

m: 6.666666666666666

Residual: 0.4158788553153885


epsilon: 6.0025

m: 6.833333333333333

Residual: 0.3953923544854763


epsilon: 6.0025

m: 7.0

Residual: 0.39835807571179155


epsilon: 6.335416666666667

m: 3.0

Residual: 0.9897506013563467


epsilon: 6.335416666666667

m: 3.1666666666666665

Residual: 0.9858877319879288


epsilon: 6.335416666666667

m: 3.3333333333333335

Residual: 0.9808801415462238


epsilon: 6.335416666666667

m: 3.5

Residual: 0.9742777488245503


epsilon: 6.335416666666667

m: 3.6666666666666665

Residual: 0.9658450050785378


epsilon: 6.335416666666667

m: 3.833333333333333

Residual: 0.9550155040565275


epsilon: 6.335416666666667

m: 4.0

Residual: 0.9424109377344292


epsilon: 6.335416666666667

m: 4.166666666666666

Residual: 0.9260578244029031


epsilon: 6.335416666666667

m: 4.333333333333333

Residual: 0.9045958848895089


epsilon: 6.335416666666667

m: 4.5

Residual: 0.8835557686693774


epsilon: 6.335416666666667

m: 4.666666666666666

Residual: 0.8584013083186255


epsilon: 6.335416666666667

m: 4.833333333333333

Residual: 0.8313366209744325


epsilon: 6.335416666666667

m: 5.0

Residual: 0.7954980325348306


epsilon: 6.335416666666667

m: 5.166666666666666

Residual: 0.7514705784937002


epsilon: 6.335416666666667

m: 5.333333333333333

Residual: 0.7132499279260118


epsilon: 6.335416666666667

m: 5.5

Residual: 0.6867965626533531


epsilon: 6.335416666666667

m: 5.666666666666666

Residual: 0.6176926572240443


epsilon: 6.335416666666667

m: 5.833333333333333

Residual: 0.5841746180336981


epsilon: 6.335416666666667

m: 6.0

Residual: 0.5486863680152513


epsilon: 6.335416666666667

m: 6.166666666666666

Residual: 0.5304668091891873


epsilon: 6.335416666666667

m: 6.333333333333333

Residual: 0.48353904329487807


epsilon: 6.335416666666667

m: 6.5

Residual: 0.5726992985351137


epsilon: 6.335416666666667

m: 6.666666666666666

Residual: 0.4085814687434925


epsilon: 6.335416666666667

m: 6.833333333333333

Residual: 0.4718545213107187


epsilon: 6.335416666666667

m: 7.0

Residual: 0.41439033509035406


epsilon: 6.668333333333334

m: 3.0

Residual: 0.990249957196806


epsilon: 6.668333333333334

m: 3.1666666666666665

Residual: 0.9866415082636208


epsilon: 6.668333333333334

m: 3.3333333333333335

Residual: 0.9818079605795721


epsilon: 6.668333333333334

m: 3.5

Residual: 0.9755642263267227


epsilon: 6.668333333333334

m: 3.6666666666666665

Residual: 0.9674075916235791


epsilon: 6.668333333333334

m: 3.833333333333333

Residual: 0.957589843002223


epsilon: 6.668333333333334

m: 4.0

Residual: 0.9445612185428227


epsilon: 6.668333333333334

m: 4.166666666666666

Residual: 0.9296927215947663


epsilon: 6.668333333333334

m: 4.333333333333333

Residual: 0.9103412623413523


epsilon: 6.668333333333334

m: 4.5

Residual: 0.8866031884548667


epsilon: 6.668333333333334

m: 4.666666666666666

Residual: 0.8657877226963396


epsilon: 6.668333333333334

m: 4.833333333333333

Residual: 0.8363227810352728


epsilon: 6.668333333333334

m: 5.0

Residual: 0.7943911526608508


epsilon: 6.668333333333334

m: 5.166666666666666

Residual: 0.7535011392877552


epsilon: 6.668333333333334

m: 5.333333333333333

Residual: 0.7236372391573517


epsilon: 6.668333333333334

m: 5.5

Residual: 0.6771805755656413


epsilon: 6.668333333333334

m: 5.666666666666666

Residual: 0.6546470154684859


epsilon: 6.668333333333334

m: 5.833333333333333

Residual: 0.6265015152296665


epsilon: 6.668333333333334

m: 6.0

Residual: 0.5494679308811227


epsilon: 6.668333333333334

m: 6.166666666666666

Residual: 0.5544384033915638


epsilon: 6.668333333333334

m: 6.333333333333333

Residual: 0.549937299526659


epsilon: 6.668333333333334

m: 6.5

Residual: 0.5174017644224146


epsilon: 6.668333333333334

m: 6.666666666666666

Residual: 0.4239952546512197


epsilon: 6.668333333333334

m: 6.833333333333333

Residual: 0.4457701085943249


epsilon: 6.668333333333334

m: 7.0

Residual: 0.43863069542425254


epsilon: 7.001250000000001

m: 3.0

Residual: 0.9906909344403635


epsilon: 7.001250000000001

m: 3.1666666666666665

Residual: 0.9872582752828716


epsilon: 7.001250000000001

m: 3.3333333333333335

Residual: 0.982693468513867


epsilon: 7.001250000000001

m: 3.5

Residual: 0.9766115410533793


epsilon: 7.001250000000001

m: 3.6666666666666665

Residual: 0.9689625630530745


epsilon: 7.001250000000001

m: 3.833333333333333

Residual: 0.959318865310191


epsilon: 7.001250000000001

m: 4.0

Residual: 0.9476236989547403


epsilon: 7.001250000000001

m: 4.166666666666666

Residual: 0.9327487424413412


epsilon: 7.001250000000001

m: 4.333333333333333

Residual: 0.9148548953421691


epsilon: 7.001250000000001

m: 4.5

Residual: 0.894303354522706


epsilon: 7.001250000000001

m: 4.666666666666666

Residual: 0.8714467241802596


epsilon: 7.001250000000001

m: 4.833333333333333

Residual: 0.8461287246451726


epsilon: 7.001250000000001

m: 5.0

Residual: 0.8124104251668945


epsilon: 7.001250000000001

m: 5.166666666666666

Residual: 0.7874595784382566


epsilon: 7.001250000000001

m: 5.333333333333333

Residual: 0.7455280897727642


epsilon: 7.001250000000001

m: 5.5

Residual: 0.7117932190525252


epsilon: 7.001250000000001

m: 5.666666666666666

Residual: 0.6500734547586434


epsilon: 7.001250000000001

m: 5.833333333333333

Residual: 0.6314220624832113


epsilon: 7.001250000000001

m: 6.0

Residual: 0.5814614992019322


epsilon: 7.001250000000001

m: 6.166666666666666

Residual: 0.5370096712413882


epsilon: 7.001250000000001

m: 6.333333333333333

Residual: 0.4789905947727615


epsilon: 7.001250000000001

m: 6.5

Residual: 0.5044259949037171


epsilon: 7.001250000000001

m: 6.666666666666666

Residual: 0.5036815250559181


epsilon: 7.001250000000001

m: 6.833333333333333

Residual: 0.4558618622396871


epsilon: 7.001250000000001

m: 7.0

Residual: 0.4198593906949932


epsilon: 7.334166666666667

m: 3.0

Residual: 0.9911277057432368


epsilon: 7.334166666666667

m: 3.1666666666666665

Residual: 0.9878334573608046


epsilon: 7.334166666666667

m: 3.3333333333333335

Residual: 0.9834951587344504


epsilon: 7.334166666666667

m: 3.5

Residual: 0.9777546585143476


epsilon: 7.334166666666667

m: 3.6666666666666665

Residual: 0.9704242961897074


epsilon: 7.334166666666667

m: 3.833333333333333

Residual: 0.9614048221814517


epsilon: 7.334166666666667

m: 4.0

Residual: 0.9491243766625516


epsilon: 7.334166666666667

m: 4.166666666666666

Residual: 0.9348334239179428


epsilon: 7.334166666666667

m: 4.333333333333333

Residual: 0.9195200354402608


epsilon: 7.334166666666667

m: 4.5

Residual: 0.8965681299946082


epsilon: 7.334166666666667

m: 4.666666666666666

Residual: 0.8781705382575294


epsilon: 7.334166666666667

m: 4.833333333333333

Residual: 0.849116656701446


epsilon: 7.334166666666667

m: 5.0

Residual: 0.8176281839815368


epsilon: 7.334166666666667

m: 5.166666666666666

Residual: 0.7887231167452556


epsilon: 7.334166666666667

m: 5.333333333333333

Residual: 0.7396332018488891


epsilon: 7.334166666666667

m: 5.5

Residual: 0.7253265301534798


epsilon: 7.334166666666667

m: 5.666666666666666

Residual: 0.663557140803144


epsilon: 7.334166666666667

m: 5.833333333333333

Residual: 0.6629314573081447


epsilon: 7.334166666666667

m: 6.0

Residual: 0.6035939120994078


epsilon: 7.334166666666667

m: 6.166666666666666

Residual: 0.5503372307680237


epsilon: 7.334166666666667

m: 6.333333333333333

Residual: 0.5369108086904115


epsilon: 7.334166666666667

m: 6.5

Residual: 0.5017702141267004


epsilon: 7.334166666666667

m: 6.666666666666666

Residual: 0.5113929329473766


epsilon: 7.334166666666667

m: 6.833333333333333

Residual: 0.46621272780466855


epsilon: 7.334166666666667

m: 7.0

Residual: 0.47202415748584536


epsilon: 7.667083333333334

m: 3.0

Residual: 0.9915019043132919


epsilon: 7.667083333333334

m: 3.1666666666666665

Residual: 0.9883350784366297


epsilon: 7.667083333333334

m: 3.3333333333333335

Residual: 0.984169790332824


epsilon: 7.667083333333334

m: 3.5

Residual: 0.9786114253023546


epsilon: 7.667083333333334

m: 3.6666666666666665

Residual: 0.9717887746521581


epsilon: 7.667083333333334

m: 3.833333333333333

Residual: 0.962816271691233


epsilon: 7.667083333333334

m: 4.0

Residual: 0.9513598625322506


epsilon: 7.667083333333334

m: 4.166666666666666

Residual: 0.9370956302335587


epsilon: 7.667083333333334

m: 4.333333333333333

Residual: 0.9210144630858073


epsilon: 7.667083333333334

m: 4.5

Residual: 0.903528908412217


epsilon: 7.667083333333334

m: 4.666666666666666

Residual: 0.8803750708566312


epsilon: 7.667083333333334

m: 4.833333333333333

Residual: 0.8553726239771063


epsilon: 7.667083333333334

m: 5.0

Residual: 0.8340095769288545


epsilon: 7.667083333333334

m: 5.166666666666666

Residual: 0.7899402758613652


epsilon: 7.667083333333334

m: 5.333333333333333

Residual: 0.7644576184666746


epsilon: 7.667083333333334

m: 5.5

Residual: 0.7183150854524171


epsilon: 7.667083333333334

m: 5.666666666666666

Residual: 0.6891623014381768


epsilon: 7.667083333333334

m: 5.833333333333333

Residual: 0.6568604692527027


epsilon: 7.667083333333334

m: 6.0

Residual: 0.6150580295197565


epsilon: 7.667083333333334

m: 6.166666666666666

Residual: 0.5429207308983732


epsilon: 7.667083333333334

m: 6.333333333333333

Residual: 0.5536632094404739


epsilon: 7.667083333333334

m: 6.5

Residual: 0.5033579514151535


epsilon: 7.667083333333334

m: 6.666666666666666

Residual: 0.4862757305451303


epsilon: 7.667083333333334

m: 6.833333333333333

Residual: 0.43899914595633066


epsilon: 7.667083333333334

m: 7.0

Residual: 0.46361756659408515


epsilon: 8.0

m: 3.0

Residual: 0.9918739511585393


epsilon: 8.0

m: 3.1666666666666665

Residual: 0.9888141617113017


epsilon: 8.0

m: 3.3333333333333335

Residual: 0.984779321268394


epsilon: 8.0

m: 3.5

Residual: 0.979561410210968


epsilon: 8.0

m: 3.6666666666666665

Residual: 0.9725015907202047


epsilon: 8.0

m: 3.833333333333333

Residual: 0.9642352664225708


epsilon: 8.0

m: 4.0

Residual: 0.9532434821028516


epsilon: 8.0

m: 4.166666666666666

Residual: 0.9409712308033144


epsilon: 8.0

m: 4.333333333333333

Residual: 0.9235980641036563


epsilon: 8.0

m: 4.5

Residual: 0.9068817323390057


epsilon: 8.0

m: 4.666666666666666

Residual: 0.8849688177605716


epsilon: 8.0

m: 4.833333333333333

Residual: 0.8579175379674615


epsilon: 8.0

m: 5.0

Residual: 0.8362235571788617


epsilon: 8.0

m: 5.166666666666666

Residual: 0.8017556784718236


epsilon: 8.0

m: 5.333333333333333

Residual: 0.7674190574982266


epsilon: 8.0

m: 5.5

Residual: 0.7173573268900031


epsilon: 8.0

m: 5.666666666666666

Residual: 0.6981039025441913


epsilon: 8.0

m: 5.833333333333333

Residual: 0.6466328574317803


epsilon: 8.0

m: 6.0

Residual: 0.6087550007985902


epsilon: 8.0

m: 6.166666666666666

Residual: 0.5927042066494126


epsilon: 8.0

m: 6.333333333333333

Residual: 0.5193033582687374


epsilon: 8.0

m: 6.5

Residual: 0.5646875388814908


epsilon: 8.0

m: 6.666666666666666

Residual: 0.5013974113209273


epsilon: 8.0

m: 6.833333333333333

Residual: 0.4866174796578821


epsilon: 8.0

m: 7.0

Residual: 0.46605726673600945


