epsilon: 0.01

m: 3.0

Residual: 0.49695322892293126


epsilon: 0.01

m: 3.0

Residual: 0.4959135361623254


epsilon: 0.01

m: 3.1666666666666665

Residual: 0.5960787635738937


epsilon: 0.01

m: 3.3333333333333335

Residual: 0.7042303383123462


epsilon: 0.01

m: 3.5

Residual: 0.7880189362777686


epsilon: 0.01

m: 3.6666666666666665

Residual: 0.8516350524415641


epsilon: 0.01

m: 3.833333333333333

Residual: 0.8943921701575729


epsilon: 0.01

m: 4.0

Residual: 0.9237523089687327


epsilon: 0.01

m: 4.166666666666666

Residual: 0.9440733642843


epsilon: 0.01

m: 4.333333333333333

Residual: 0.9582345106028283


epsilon: 0.01

m: 4.5

Residual: 0.96838601832769


epsilon: 0.01

m: 4.666666666666666

Residual: 0.9754250967400183


epsilon: 0.01

m: 4.833333333333333

Residual: 0.9810864242643407


epsilon: 0.01

m: 5.0

Residual: 0.9845928694287044


epsilon: 0.01

m: 5.166666666666666

Residual: 0.9875067406702173


epsilon: 0.01

m: 5.333333333333333

Residual: 0.9897522703388529


epsilon: 0.01

m: 5.5

Residual: 0.9912634307901704


epsilon: 0.01

m: 5.666666666666666

Residual: 0.9927451196286319


epsilon: 0.01

m: 5.833333333333333

Residual: 0.9938617942828073


epsilon: 0.01

m: 6.0

Residual: 0.9946255925216635


epsilon: 0.01

m: 6.166666666666666

Residual: 0.9953946004675053


epsilon: 0.01

m: 6.333333333333333

Residual: 0.9959047822889026


epsilon: 0.01

m: 6.5

Residual: 0.9963742217167877


epsilon: 0.01

m: 6.666666666666666

Residual: 0.9967262366439827


epsilon: 0.01

m: 6.833333333333333

Residual: 0.9970301548029727


epsilon: 0.01

m: 7.0

Residual: 0.9975495076350667


epsilon: 0.3429166666666667

m: 3.0

Residual: 0.8660232541889332


epsilon: 0.3429166666666667

m: 3.1666666666666665

Residual: 0.8060353046583556


epsilon: 0.3429166666666667

m: 3.3333333333333335

Residual: 0.7192529997815786


epsilon: 0.3429166666666667

m: 3.5

Residual: 0.6285687236447318


epsilon: 0.3429166666666667

m: 3.6666666666666665

Residual: 0.5251693667102715


epsilon: 0.3429166666666667

m: 3.833333333333333

Residual: 0.41629690701605204


epsilon: 0.3429166666666667

m: 4.0

Residual: 0.19853950238708143


epsilon: 0.3429166666666667

m: 4.166666666666666

Residual: 0.21689175618692624


epsilon: 0.3429166666666667

m: 4.333333333333333

Residual: 0.1482522396524235


epsilon: 0.3429166666666667

m: 4.5

Residual: 0.3855498661139509


epsilon: 0.3429166666666667

m: 4.666666666666666

Residual: 0.36802520135476563


epsilon: 0.3429166666666667

m: 4.833333333333333

Residual: 0.5113464513401227


epsilon: 0.3429166666666667

m: 5.0

Residual: 0.6418369508913033


epsilon: 0.3429166666666667

m: 5.166666666666666

Residual: 0.6737208325916332


epsilon: 0.3429166666666667

m: 5.333333333333333

Residual: 0.7425658956560724


epsilon: 0.3429166666666667

m: 5.5

Residual: 0.752550916683824


epsilon: 0.3429166666666667

m: 5.666666666666666

Residual: 0.8419447804957577


epsilon: 0.3429166666666667

m: 5.833333333333333

Residual: 0.8335670759673353


epsilon: 0.3429166666666667

m: 6.0

Residual: 0.8673878218035066


epsilon: 0.3429166666666667

m: 6.166666666666666

Residual: 0.8776588054045842


epsilon: 0.3429166666666667

m: 6.333333333333333

Residual: 0.9112018122077183


epsilon: 0.3429166666666667

m: 6.5

Residual: 0.9071684007187983


epsilon: 0.3429166666666667

m: 6.666666666666666

Residual: 0.9173773519816605


epsilon: 0.3429166666666667

m: 6.833333333333333

Residual: 0.9048631166707607


epsilon: 0.3429166666666667

m: 7.0

Residual: 0.9184545657312038


epsilon: 0.6758333333333334

m: 3.0

Residual: 0.9297958542223067


epsilon: 0.6758333333333334

m: 3.1666666666666665

Residual: 0.8931564144170503


epsilon: 0.6758333333333334

m: 3.3333333333333335

Residual: 0.847212150216165


epsilon: 0.6758333333333334

m: 3.5

Residual: 0.8005726909937889


epsilon: 0.6758333333333334

m: 3.6666666666666665

Residual: 0.731762884241818


epsilon: 0.6758333333333334

m: 3.833333333333333

Residual: 0.6029062679922733


epsilon: 0.6758333333333334

m: 4.0

Residual: 0.4801738958918804


epsilon: 0.6758333333333334

m: 4.166666666666666

Residual: 0.38410118226509915


epsilon: 0.6758333333333334

m: 4.333333333333333

Residual: 0.2905271897050842


epsilon: 0.6758333333333334

m: 4.5

Residual: 0.09864253933397045


epsilon: 0.6758333333333334

m: 4.666666666666666

Residual: 0.1914008120146663


epsilon: 0.6758333333333334

m: 4.833333333333333

Residual: 0.3724716908798695


epsilon: 0.6758333333333334

m: 5.0

Residual: 0.2760607226548198


epsilon: 0.6758333333333334

m: 5.166666666666666

Residual: 0.49803363843833715


epsilon: 0.6758333333333334

m: 5.333333333333333

Residual: 0.5287806055520239


epsilon: 0.6758333333333334

m: 5.5

Residual: 0.6194500448534547


epsilon: 0.6758333333333334

m: 5.666666666666666

Residual: 0.6970732354971363


epsilon: 0.6758333333333334

m: 5.833333333333333

Residual: 0.7719454913745777


epsilon: 0.6758333333333334

m: 6.0

Residual: 0.7304568855041086


epsilon: 0.6758333333333334

m: 6.166666666666666

Residual: 0.765002679204622


epsilon: 0.6758333333333334

m: 6.333333333333333

Residual: 0.8653567695922958


epsilon: 0.6758333333333334

m: 6.5

Residual: 0.801517915468428


epsilon: 0.6758333333333334

m: 6.666666666666666

Residual: 0.8035951559210034


epsilon: 0.6758333333333334

m: 6.833333333333333

Residual: 0.8637261759411013


epsilon: 0.6758333333333334

m: 7.0

Residual: 0.852549377412695


epsilon: 1.00875

m: 3.0

Residual: 0.951296122575396


epsilon: 1.00875

m: 3.1666666666666665

Residual: 0.9303187330544725


epsilon: 1.00875

m: 3.3333333333333335

Residual: 0.8923270700762743


epsilon: 1.00875

m: 3.5

Residual: 0.8629358346528195


epsilon: 1.00875

m: 3.6666666666666665

Residual: 0.8136445105158578


epsilon: 1.00875

m: 3.833333333333333

Residual: 0.7639799132312656


epsilon: 1.00875

m: 4.0

Residual: 0.661229446151984


epsilon: 1.00875

m: 4.166666666666666

Residual: 0.6107483352521734


epsilon: 1.00875

m: 4.333333333333333

Residual: 0.4947632866299477


epsilon: 1.00875

m: 4.5

Residual: 0.4857924968768739


epsilon: 1.00875

m: 4.666666666666666

Residual: 0.30064757290013744


epsilon: 1.00875

m: 4.833333333333333

Residual: 0.37688676745492594


epsilon: 1.00875

m: 5.0

Residual: 0.4361989165732659


epsilon: 1.00875

m: 5.166666666666666

Residual: 0.22150199880371535


epsilon: 1.00875

m: 5.333333333333333

Residual: 0.5458125158144858


epsilon: 1.00875

m: 5.5

Residual: 0.5244582033529193


epsilon: 1.00875

m: 5.666666666666666

Residual: 0.612948534773704


epsilon: 1.00875

m: 5.833333333333333

Residual: 0.6259381707387598


epsilon: 1.00875

m: 6.0

Residual: 0.6598507641502678


epsilon: 1.00875

m: 6.166666666666666

Residual: 0.6876446069320772


epsilon: 1.00875

m: 6.333333333333333

Residual: 0.8407609360652235


epsilon: 1.00875

m: 6.5

Residual: 0.7694435888177785


epsilon: 1.00875

m: 6.666666666666666

Residual: 0.8188995232231187


epsilon: 1.00875

m: 6.833333333333333

Residual: 0.854100292277035


epsilon: 1.00875

m: 7.0

Residual: 0.7846230456301035


epsilon: 1.3416666666666668

m: 3.0

Residual: 0.9635846680336638


epsilon: 1.3416666666666668

m: 3.1666666666666665

Residual: 0.9455630856168578


epsilon: 1.3416666666666668

m: 3.3333333333333335

Residual: 0.9198381530807758


epsilon: 1.3416666666666668

m: 3.5

Residual: 0.8829434338834207


epsilon: 1.3416666666666668

m: 3.6666666666666665

Residual: 0.8335854527807831


epsilon: 1.3416666666666668

m: 3.833333333333333

Residual: 0.7948759076209925


epsilon: 1.3416666666666668

m: 4.0

Residual: 0.7440143792642042


epsilon: 1.3416666666666668

m: 4.166666666666666

Residual: 0.6016424488140151


epsilon: 1.3416666666666668

m: 4.333333333333333

Residual: 0.5156468399887149


epsilon: 1.3416666666666668

m: 4.5

Residual: 0.5258811562657147


epsilon: 1.3416666666666668

m: 4.666666666666666

Residual: 0.4278280332113343


epsilon: 1.3416666666666668

m: 4.833333333333333

Residual: 0.4108027129186576


epsilon: 1.3416666666666668

m: 5.0

Residual: 0.3411329587475768


epsilon: 1.3416666666666668

m: 5.166666666666666

Residual: 0.2802639967234565


epsilon: 1.3416666666666668

m: 5.333333333333333

Residual: 0.40634652446920083


epsilon: 1.3416666666666668

m: 5.5

Residual: 0.5062429290443557


epsilon: 1.3416666666666668

m: 5.666666666666666

Residual: 0.6360958076311953


epsilon: 1.3416666666666668

m: 5.833333333333333

Residual: 0.4836841934326715


epsilon: 1.3416666666666668

m: 6.0

Residual: 0.5847670248576187


epsilon: 1.3416666666666668

m: 6.166666666666666

Residual: 0.7467404656133521


epsilon: 1.3416666666666668

m: 6.333333333333333

Residual: 0.689839953546193


epsilon: 1.3416666666666668

m: 6.5

Residual: 0.7696610552195997


epsilon: 1.3416666666666668

m: 6.666666666666666

Residual: 0.7864404268662123


epsilon: 1.3416666666666668

m: 6.833333333333333

Residual: 0.8315974853520098


epsilon: 1.3416666666666668

m: 7.0

Residual: 0.8100021650629257


epsilon: 1.6745833333333335

m: 3.0

Residual: 0.9710711140490451


epsilon: 1.6745833333333335

m: 3.1666666666666665

Residual: 0.9560664634177903


epsilon: 1.6745833333333335

m: 3.3333333333333335

Residual: 0.9352791724956908


epsilon: 1.6745833333333335

m: 3.5

Residual: 0.9063638766999255


epsilon: 1.6745833333333335

m: 3.6666666666666665

Residual: 0.8642870472786284


epsilon: 1.6745833333333335

m: 3.833333333333333

Residual: 0.8375013228797028


epsilon: 1.6745833333333335

m: 4.0

Residual: 0.7437386376985424


epsilon: 1.6745833333333335

m: 4.166666666666666

Residual: 0.7261759641327796


epsilon: 1.6745833333333335

m: 4.333333333333333

Residual: 0.6381800267014177


epsilon: 1.6745833333333335

m: 4.5

Residual: 0.6476317764978352


epsilon: 1.6745833333333335

m: 4.666666666666666

Residual: 0.42719214193703076


epsilon: 1.6745833333333335

m: 4.833333333333333

Residual: 0.38517539147110547


epsilon: 1.6745833333333335

m: 5.0

Residual: 0.5211400304853524


epsilon: 1.6745833333333335

m: 5.166666666666666

Residual: 0.45796859912043375


epsilon: 1.6745833333333335

m: 5.333333333333333

Residual: 0.5718169226051326


epsilon: 1.6745833333333335

m: 5.5

Residual: 0.33517558210890674


epsilon: 1.6745833333333335

m: 5.666666666666666

Residual: 0.42551677804901306


epsilon: 1.6745833333333335

m: 5.833333333333333

Residual: 0.3649126720068345


epsilon: 1.6745833333333335

m: 6.0

Residual: 0.46890922916362004


epsilon: 1.6745833333333335

m: 6.166666666666666

Residual: 0.5459564432928193


epsilon: 1.6745833333333335

m: 6.333333333333333

Residual: 0.5346547319163355


epsilon: 1.6745833333333335

m: 6.5

Residual: 0.7312842455377568


epsilon: 1.6745833333333335

m: 6.666666666666666

Residual: 0.7745488540878889


epsilon: 1.6745833333333335

m: 6.833333333333333

Residual: 0.7473854002546908


epsilon: 1.6745833333333335

m: 7.0

Residual: 0.6977252536838356


epsilon: 2.0075

m: 3.0

Residual: 0.9777151940724007


epsilon: 2.0075

m: 3.1666666666666665

Residual: 0.9627333691947306


epsilon: 2.0075

m: 3.3333333333333335

Residual: 0.9447554638858818


epsilon: 2.0075

m: 3.5

Residual: 0.9211111419344774


epsilon: 2.0075

m: 3.6666666666666665

Residual: 0.9045138998698334


epsilon: 2.0075

m: 3.833333333333333

Residual: 0.8620792555563472


epsilon: 2.0075

m: 4.0

Residual: 0.821304743198768


epsilon: 2.0075

m: 4.166666666666666

Residual: 0.7138755708392279


epsilon: 2.0075

m: 4.333333333333333

Residual: 0.7256066400833566


epsilon: 2.0075

m: 4.5

Residual: 0.5464057445082698


epsilon: 2.0075

m: 4.666666666666666

Residual: 0.49536683107106627


epsilon: 2.0075

m: 4.833333333333333

Residual: 0.5482360128442273


epsilon: 2.0075

m: 5.0

Residual: 0.7023076367071629


epsilon: 2.0075

m: 5.166666666666666

Residual: 0.37583657944924703


epsilon: 2.0075

m: 5.333333333333333

Residual: 0.559046801242847


epsilon: 2.0075

m: 5.5

Residual: 0.2599300862646236


epsilon: 2.0075

m: 5.666666666666666

Residual: 0.6211864690896921


epsilon: 2.0075

m: 5.833333333333333

Residual: 0.49876292549612417


epsilon: 2.0075

m: 6.0

Residual: 0.6673740449787957


epsilon: 2.0075

m: 6.166666666666666

Residual: 0.7223746487950321


epsilon: 2.0075

m: 6.333333333333333

Residual: 0.5202075106087977


epsilon: 2.0075

m: 6.5

Residual: 0.7622961471618082


epsilon: 2.0075

m: 6.666666666666666

Residual: 0.8664071573034221


epsilon: 2.0075

m: 6.833333333333333

Residual: 0.8880021166623026


epsilon: 2.0075

m: 7.0

Residual: 0.7612735375549818


epsilon: 2.3404166666666666

m: 3.0

Residual: 0.9788505105217511


epsilon: 2.3404166666666666

m: 3.1666666666666665

Residual: 0.9679414353224378


epsilon: 2.3404166666666666

m: 3.3333333333333335

Residual: 0.9527923576643391


epsilon: 2.3404166666666666

m: 3.5

Residual: 0.9298574825264013


epsilon: 2.3404166666666666

m: 3.6666666666666665

Residual: 0.9142877271615263


epsilon: 2.3404166666666666

m: 3.833333333333333

Residual: 0.8796482573119954


epsilon: 2.3404166666666666

m: 4.0

Residual: 0.8294981886283839


epsilon: 2.3404166666666666

m: 4.166666666666666

Residual: 0.7495996724455971


epsilon: 2.3404166666666666

m: 4.333333333333333

Residual: 0.7143252070614832


epsilon: 2.3404166666666666

m: 4.5

Residual: 0.6610659207812473


epsilon: 2.3404166666666666

m: 4.666666666666666

Residual: 0.711058168507359


epsilon: 2.3404166666666666

m: 4.833333333333333

Residual: 0.6203130697093818


epsilon: 2.3404166666666666

m: 5.0

Residual: 0.4063045137784144


epsilon: 2.3404166666666666

m: 5.166666666666666

Residual: 0.5955149742323637


epsilon: 2.3404166666666666

m: 5.333333333333333

Residual: 0.6186858856592331


epsilon: 2.3404166666666666

m: 5.5

Residual: 0.4610825212971656


epsilon: 2.3404166666666666

m: 5.666666666666666

Residual: 0.5026723038169855


epsilon: 2.3404166666666666

m: 5.833333333333333

Residual: 0.6578415106753734


epsilon: 2.3404166666666666

m: 6.0

Residual: 0.7551835773808819


epsilon: 2.3404166666666666

m: 6.166666666666666

Residual: 0.7783370123330208


epsilon: 2.3404166666666666

m: 6.333333333333333

Residual: 0.728074289070682


epsilon: 2.3404166666666666

m: 6.5

Residual: 0.8198610382869453


epsilon: 2.3404166666666666

m: 6.666666666666666

Residual: 0.6037714187990842


epsilon: 2.3404166666666666

m: 6.833333333333333

Residual: 0.593263932381951


epsilon: 2.3404166666666666

m: 7.0

Residual: 0.8580840193213309


epsilon: 2.6733333333333333

m: 3.0

Residual: 0.9813293977406069


epsilon: 2.6733333333333333

m: 3.1666666666666665

Residual: 0.9723146369940174


epsilon: 2.6733333333333333

m: 3.3333333333333335

Residual: 0.957826018450984


epsilon: 2.6733333333333333

m: 3.5

Residual: 0.9382833037966


epsilon: 2.6733333333333333

m: 3.6666666666666665

Residual: 0.9129751773882356


epsilon: 2.6733333333333333

m: 3.833333333333333

Residual: 0.8908196997079485


epsilon: 2.6733333333333333

m: 4.0

Residual: 0.8679199085205811


epsilon: 2.6733333333333333

m: 4.166666666666666

Residual: 0.8240402957468946


epsilon: 2.6733333333333333

m: 4.333333333333333

Residual: 0.7601410394626038


epsilon: 2.6733333333333333

m: 4.5

Residual: 0.6898768983160242


epsilon: 2.6733333333333333

m: 4.666666666666666

Residual: 0.7170544241200351


epsilon: 2.6733333333333333

m: 4.833333333333333

Residual: 0.600857581664051


epsilon: 2.6733333333333333

m: 5.0

Residual: 0.703603790634834


epsilon: 2.6733333333333333

m: 5.166666666666666

Residual: 0.5850977355468502


epsilon: 2.6733333333333333

m: 5.333333333333333

Residual: 0.6469172516944072


epsilon: 2.6733333333333333

m: 5.5

Residual: 0.5516537646644514


epsilon: 2.6733333333333333

m: 5.666666666666666

Residual: 0.37245846624243895


epsilon: 2.6733333333333333

m: 5.833333333333333

Residual: 0.5928492745444679


epsilon: 2.6733333333333333

m: 6.0

Residual: 0.6259176305313117


epsilon: 2.6733333333333333

m: 6.166666666666666

Residual: 0.7032726974424401


epsilon: 2.6733333333333333

m: 6.333333333333333

Residual: 0.7666178814129795


epsilon: 2.6733333333333333

m: 6.5

Residual: 0.44880467711085387


epsilon: 2.6733333333333333

m: 6.666666666666666

Residual: 0.5282499956594555


epsilon: 2.6733333333333333

m: 6.833333333333333

Residual: 0.8410271416499849


epsilon: 2.6733333333333333

m: 7.0

Residual: 0.7955663252969276


epsilon: 3.00625

m: 3.0

Residual: 0.9835354734662595


epsilon: 3.00625

m: 3.1666666666666665

Residual: 0.9753523793732072


epsilon: 3.00625

m: 3.3333333333333335

Residual: 0.9632513323285254


epsilon: 3.00625

m: 3.5

Residual: 0.9448118911361592


epsilon: 3.00625

m: 3.6666666666666665

Residual: 0.9338987799093241


epsilon: 3.00625

m: 3.833333333333333

Residual: 0.9010834591918072


epsilon: 3.00625

m: 4.0

Residual: 0.8676558823992351


epsilon: 3.00625

m: 4.166666666666666

Residual: 0.8174796802723736


epsilon: 3.00625

m: 4.333333333333333

Residual: 0.793015756947122


epsilon: 3.00625

m: 4.5

Residual: 0.7240272799066017


epsilon: 3.00625

m: 4.666666666666666

Residual: 0.6030720246120441


epsilon: 3.00625

m: 4.833333333333333

Residual: 0.5975278466381165


epsilon: 3.00625

m: 5.0

Residual: 0.599665245610265


epsilon: 3.00625

m: 5.166666666666666

Residual: 0.3625123300557718


epsilon: 3.00625

m: 5.333333333333333

Residual: 0.6383886294503958


epsilon: 3.00625

m: 5.5

Residual: 0.4126562809106991


epsilon: 3.00625

m: 5.666666666666666

Residual: 0.6520357200662968


epsilon: 3.00625

m: 5.833333333333333

Residual: 0.5016109046814698


epsilon: 3.00625

m: 6.0

Residual: 0.6171516703334856


epsilon: 3.00625

m: 6.166666666666666

Residual: 0.5080509911815576


epsilon: 3.00625

m: 6.333333333333333

Residual: 0.765510630189628


epsilon: 3.00625

m: 6.5

Residual: 0.8693548922494776


epsilon: 3.00625

m: 6.666666666666666

Residual: 0.6243414268872346


epsilon: 3.00625

m: 6.833333333333333

Residual: 0.8229689635470158


epsilon: 3.00625

m: 7.0

Residual: 0.8109462054673154


epsilon: 3.339166666666667

m: 3.0

Residual: 0.9853272926173446


epsilon: 3.339166666666667

m: 3.1666666666666665

Residual: 0.9778449885916801


epsilon: 3.339166666666667

m: 3.3333333333333335

Residual: 0.9663353167894585


epsilon: 3.339166666666667

m: 3.5

Residual: 0.9569385843348275


epsilon: 3.339166666666667

m: 3.6666666666666665

Residual: 0.9297377327501735


epsilon: 3.339166666666667

m: 3.833333333333333

Residual: 0.9012958316718439


epsilon: 3.339166666666667

m: 4.0

Residual: 0.8786112813157517


epsilon: 3.339166666666667

m: 4.166666666666666

Residual: 0.8633151191028992


epsilon: 3.339166666666667

m: 4.333333333333333

Residual: 0.8001216954629666


epsilon: 3.339166666666667

m: 4.5

Residual: 0.77121974591139


epsilon: 3.339166666666667

m: 4.666666666666666

Residual: 0.7435423752046112


epsilon: 3.339166666666667

m: 4.833333333333333

Residual: 0.7472638750482796


epsilon: 3.339166666666667

m: 5.0

Residual: 0.7074154488764487


epsilon: 3.339166666666667

m: 5.166666666666666

Residual: 0.6202121832224156


epsilon: 3.339166666666667

m: 5.333333333333333

Residual: 0.6367261329174858


epsilon: 3.339166666666667

m: 5.5

Residual: 0.705173959810466


epsilon: 3.339166666666667

m: 5.666666666666666

Residual: 0.5548852225360387


epsilon: 3.339166666666667

m: 5.833333333333333

Residual: 0.650443646483558


epsilon: 3.339166666666667

m: 6.0

Residual: 0.5711525447441929


epsilon: 3.339166666666667

m: 6.166666666666666

Residual: 0.7691122608985644


epsilon: 3.339166666666667

m: 6.333333333333333

Residual: 0.659496662143967


epsilon: 3.339166666666667

m: 6.5

Residual: 0.6678619709610611


epsilon: 3.339166666666667

m: 6.666666666666666

Residual: 0.8092874792532841


epsilon: 3.339166666666667

m: 6.833333333333333

Residual: 0.7933073400154986


epsilon: 3.339166666666667

m: 7.0

Residual: 0.7032248840318641


epsilon: 3.6720833333333336

m: 3.0

Residual: 0.9865543733584761


epsilon: 3.6720833333333336

m: 3.1666666666666665

Residual: 0.9793354996494683


epsilon: 3.6720833333333336

m: 3.3333333333333335

Residual: 0.97012316830492


epsilon: 3.6720833333333336

m: 3.5

Residual: 0.9545813874031287


epsilon: 3.6720833333333336

m: 3.6666666666666665

Residual: 0.9429405301510132


epsilon: 3.6720833333333336

m: 3.833333333333333

Residual: 0.9247730802234553


epsilon: 3.6720833333333336

m: 4.0

Residual: 0.879132224832203


epsilon: 3.6720833333333336

m: 4.166666666666666

Residual: 0.8704582769163071


epsilon: 3.6720833333333336

m: 4.333333333333333

Residual: 0.8194790286705644


epsilon: 3.6720833333333336

m: 4.5

Residual: 0.826862938770568


epsilon: 3.6720833333333336

m: 4.666666666666666

Residual: 0.6513893920640221


epsilon: 3.6720833333333336

m: 4.833333333333333

Residual: 0.7291978999592831


epsilon: 3.6720833333333336

m: 5.0

Residual: 0.6811589000320147


epsilon: 3.6720833333333336

m: 5.166666666666666

Residual: 0.5372346866801271


epsilon: 3.6720833333333336

m: 5.333333333333333

Residual: 0.7482134429944659


epsilon: 3.6720833333333336

m: 5.5

Residual: 0.6653791306891984


epsilon: 3.6720833333333336

m: 5.666666666666666

Residual: 0.5673997978319306


epsilon: 3.6720833333333336

m: 5.833333333333333

Residual: 0.7281358064202778


epsilon: 3.6720833333333336

m: 6.0

Residual: 0.8223614558390456


epsilon: 3.6720833333333336

m: 6.166666666666666

Residual: 0.8770875495874634


epsilon: 3.6720833333333336

m: 6.333333333333333

Residual: 0.8173284215885801


epsilon: 3.6720833333333336

m: 6.5

Residual: 0.7395516915727706


epsilon: 3.6720833333333336

m: 6.666666666666666

Residual: 0.8967840664647103


epsilon: 3.6720833333333336

m: 6.833333333333333

Residual: 0.7592204371713424


epsilon: 3.6720833333333336

m: 7.0

Residual: 0.7611914368676036


epsilon: 4.005

m: 3.0

Residual: 0.9877883666942069


epsilon: 4.005

m: 3.1666666666666665

Residual: 0.9813969993181949


epsilon: 4.005

m: 3.3333333333333335

Residual: 0.9716717077483137


epsilon: 4.005

m: 3.5

Residual: 0.9643362757300166


epsilon: 4.005

m: 3.6666666666666665

Residual: 0.9416722836829737


epsilon: 4.005

m: 3.833333333333333

Residual: 0.9255088781036732


epsilon: 4.005

m: 4.0

Residual: 0.9089150795315886


epsilon: 4.005

m: 4.166666666666666

Residual: 0.8432801898412556


epsilon: 4.005

m: 4.333333333333333

Residual: 0.8227025757393256


epsilon: 4.005

m: 4.5

Residual: 0.7833076243685186


epsilon: 4.005

m: 4.666666666666666

Residual: 0.6854409004714468


epsilon: 4.005

m: 4.833333333333333

Residual: 0.7732539267930736


epsilon: 4.005

m: 5.0

Residual: 0.7002748430488354


epsilon: 4.005

m: 5.166666666666666

Residual: 0.6677316718875129


epsilon: 4.005

m: 5.333333333333333

Residual: 0.7824077088345529


epsilon: 4.005

m: 5.5

Residual: 0.6863261424992178


epsilon: 4.005

m: 5.666666666666666

Residual: 0.7890928906753063


epsilon: 4.005

m: 5.833333333333333

Residual: 0.31706176091412136


epsilon: 4.005

m: 6.0

Residual: 0.4868901305575846


epsilon: 4.005

m: 6.166666666666666

Residual: 0.7668201922673807


epsilon: 4.005

m: 6.333333333333333

Residual: 0.745389493449211


epsilon: 4.005

m: 6.5

Residual: 0.3394215903293446


epsilon: 4.005

m: 6.666666666666666

Residual: 0.8220703483165781


epsilon: 4.005

m: 6.833333333333333

Residual: 0.45358975638435467


epsilon: 4.005

m: 7.0

Residual: 0.8569277124968185


epsilon: 4.337916666666667

m: 3.0

Residual: 0.9886948089518405


epsilon: 4.337916666666667

m: 3.1666666666666665

Residual: 0.9827969493404494


epsilon: 4.337916666666667

m: 3.3333333333333335

Residual: 0.9740910895512807


epsilon: 4.337916666666667

m: 3.5

Residual: 0.9655898029431549


epsilon: 4.337916666666667

m: 3.6666666666666665

Residual: 0.9462470498006555


epsilon: 4.337916666666667

m: 3.833333333333333

Residual: 0.9314132516426334


epsilon: 4.337916666666667

m: 4.0

Residual: 0.9123572925595187


epsilon: 4.337916666666667

m: 4.166666666666666

Residual: 0.8830210889631884


epsilon: 4.337916666666667

m: 4.333333333333333

Residual: 0.8688878594921967


epsilon: 4.337916666666667

m: 4.5

Residual: 0.820612895935643


epsilon: 4.337916666666667

m: 4.666666666666666

Residual: 0.809377844844652


epsilon: 4.337916666666667

m: 4.833333333333333

Residual: 0.8164559024115462


epsilon: 4.337916666666667

m: 5.0

Residual: 0.7504138040185714


epsilon: 4.337916666666667

m: 5.166666666666666

Residual: 0.6240935790129974


epsilon: 4.337916666666667

m: 5.333333333333333

Residual: 0.678420623078442


epsilon: 4.337916666666667

m: 5.5

Residual: 0.7085502383512164


epsilon: 4.337916666666667

m: 5.666666666666666

Residual: 0.6581635529814963


epsilon: 4.337916666666667

m: 5.833333333333333

Residual: 0.5624656673892521


epsilon: 4.337916666666667

m: 6.0

Residual: 0.5558980867668633


epsilon: 4.337916666666667

m: 6.166666666666666

Residual: 0.7081957761716708


epsilon: 4.337916666666667

m: 6.333333333333333

Residual: 0.7397903510002078


epsilon: 4.337916666666667

m: 6.5

Residual: 0.5461236571452441


epsilon: 4.337916666666667

m: 6.666666666666666

Residual: 0.7057672785100879


epsilon: 4.337916666666667

m: 6.833333333333333

Residual: 0.8782469981610552


epsilon: 4.337916666666667

m: 7.0

Residual: 0.7606788414521778


epsilon: 4.670833333333333

m: 3.0

Residual: 0.9893635783977087


epsilon: 4.670833333333333

m: 3.1666666666666665

Residual: 0.9838860725062645


epsilon: 4.670833333333333

m: 3.3333333333333335

Residual: 0.9755712822805437


epsilon: 4.670833333333333

m: 3.5

Residual: 0.9652830411425325


epsilon: 4.670833333333333

m: 3.6666666666666665

Residual: 0.9548674018210884


epsilon: 4.670833333333333

m: 3.833333333333333

Residual: 0.928120369813352


epsilon: 4.670833333333333

m: 4.0

Residual: 0.9031149118680237


epsilon: 4.670833333333333

m: 4.166666666666666

Residual: 0.9081135617571127


epsilon: 4.670833333333333

m: 4.333333333333333

Residual: 0.8633575025992518


epsilon: 4.670833333333333

m: 4.5

Residual: 0.8112965785122491


epsilon: 4.670833333333333

m: 4.666666666666666

Residual: 0.8541953548502281


epsilon: 4.670833333333333

m: 4.833333333333333

Residual: 0.7663332833783413


epsilon: 4.670833333333333

m: 5.0

Residual: 0.5874008907232336


epsilon: 4.670833333333333

m: 5.166666666666666

Residual: 0.698821090140919


epsilon: 4.670833333333333

m: 5.333333333333333

Residual: 0.8131135766735886


epsilon: 4.670833333333333

m: 5.5

Residual: 0.7676599086698943


epsilon: 4.670833333333333

m: 5.666666666666666

Residual: 0.7202577295755751


epsilon: 4.670833333333333

m: 5.833333333333333

Residual: 0.7310459200774316


epsilon: 4.670833333333333

m: 6.0

Residual: 0.7054948612150315


epsilon: 4.670833333333333

m: 6.166666666666666

Residual: 0.783710113145939


epsilon: 4.670833333333333

m: 6.333333333333333

Residual: 0.3920567439190721


epsilon: 4.670833333333333

m: 6.5

Residual: 0.6591762759210945


epsilon: 4.670833333333333

m: 6.666666666666666

Residual: 0.8761222532581971


epsilon: 4.670833333333333

m: 6.833333333333333

Residual: 0.8650153488551588


epsilon: 4.670833333333333

m: 7.0

Residual: 0.8321809065027748


epsilon: 5.00375

m: 3.0

Residual: 0.9902103539229351


epsilon: 5.00375

m: 3.1666666666666665

Residual: 0.9850187694217853


epsilon: 5.00375

m: 3.3333333333333335

Residual: 0.9796990460385264


epsilon: 5.00375

m: 3.5

Residual: 0.9707916182664185


epsilon: 5.00375

m: 3.6666666666666665

Residual: 0.958211711405319


epsilon: 5.00375

m: 3.833333333333333

Residual: 0.9449254438916644


epsilon: 5.00375

m: 4.0

Residual: 0.9184007016784705


epsilon: 5.00375

m: 4.166666666666666

Residual: 0.9116714612059281


epsilon: 5.00375

m: 4.333333333333333

Residual: 0.8622665527278662


epsilon: 5.00375

m: 4.5

Residual: 0.8158618058297841


epsilon: 5.00375

m: 4.666666666666666

Residual: 0.8410021161964771


epsilon: 5.00375

m: 4.833333333333333

Residual: 0.779676886169049


epsilon: 5.00375

m: 5.0

Residual: 0.754715538858201


epsilon: 5.00375

m: 5.166666666666666

Residual: 0.5935384850043357


epsilon: 5.00375

m: 5.333333333333333

Residual: 0.7047439085814785


epsilon: 5.00375

m: 5.5

Residual: 0.5541970603544183


epsilon: 5.00375

m: 5.666666666666666

Residual: 0.6240069934993726


epsilon: 5.00375

m: 5.833333333333333

Residual: 0.6046461698358755


epsilon: 5.00375

m: 6.0

Residual: 0.7431721036962141


epsilon: 5.00375

m: 6.166666666666666

Residual: 0.777911752784458


epsilon: 5.00375

m: 6.333333333333333

Residual: 0.8590873217543491


epsilon: 5.00375

m: 6.5

Residual: 0.7242137339056647


epsilon: 5.00375

m: 6.666666666666666

Residual: 0.7704631602590942


epsilon: 5.00375

m: 6.833333333333333

Residual: 0.885819621285179


epsilon: 5.00375

m: 7.0

Residual: 0.8378720791924466


epsilon: 5.336666666666667

m: 3.0

Residual: 0.9906345675963236


epsilon: 5.336666666666667

m: 3.1666666666666665

Residual: 0.9859505551153495


epsilon: 5.336666666666667

m: 3.3333333333333335

Residual: 0.9791913943126922


epsilon: 5.336666666666667

m: 3.5

Residual: 0.9719488157821834


epsilon: 5.336666666666667

m: 3.6666666666666665

Residual: 0.9604494278284461


epsilon: 5.336666666666667

m: 3.833333333333333

Residual: 0.9444148207182967


epsilon: 5.336666666666667

m: 4.0

Residual: 0.9202556874123665


epsilon: 5.336666666666667

m: 4.166666666666666

Residual: 0.9088328193998875


epsilon: 5.336666666666667

m: 4.333333333333333

Residual: 0.8994922061135907


epsilon: 5.336666666666667

m: 4.5

Residual: 0.8568290652648278


epsilon: 5.336666666666667

m: 4.666666666666666

Residual: 0.8382174727730208


epsilon: 5.336666666666667

m: 4.833333333333333

Residual: 0.7908572465021859


epsilon: 5.336666666666667

m: 5.0

Residual: 0.6979314586307942


epsilon: 5.336666666666667

m: 5.166666666666666

Residual: 0.6384688645979204


epsilon: 5.336666666666667

m: 5.333333333333333

Residual: 0.7696152119652669


epsilon: 5.336666666666667

m: 5.5

Residual: 0.8080899267880786


epsilon: 5.336666666666667

m: 5.666666666666666

Residual: 0.3950147004773057


epsilon: 5.336666666666667

m: 5.833333333333333

Residual: 0.7703119731323825


epsilon: 5.336666666666667

m: 6.0

Residual: 0.43065504147911626


epsilon: 5.336666666666667

m: 6.166666666666666

Residual: 0.5413412415238393


epsilon: 5.336666666666667

m: 6.333333333333333

Residual: 0.6937205414109767


epsilon: 5.336666666666667

m: 6.5

Residual: 0.7080588741439409


epsilon: 5.336666666666667

m: 6.666666666666666

Residual: 0.6871066087340444


epsilon: 5.336666666666667

m: 6.833333333333333

Residual: 0.43150866903735774


epsilon: 5.336666666666667

m: 7.0

Residual: 0.745997701302686


epsilon: 5.669583333333334

m: 3.0

Residual: 0.9911111150985226


epsilon: 5.669583333333334

m: 3.1666666666666665

Residual: 0.9866912492966036


epsilon: 5.669583333333334

m: 3.3333333333333335

Residual: 0.9802182006757068


epsilon: 5.669583333333334

m: 3.5

Residual: 0.9707014082399672


epsilon: 5.669583333333334

m: 3.6666666666666665

Residual: 0.9589816601005665


epsilon: 5.669583333333334

m: 3.833333333333333

Residual: 0.9483853107913802


epsilon: 5.669583333333334

m: 4.0

Residual: 0.9308547439197535


epsilon: 5.669583333333334

m: 4.166666666666666

Residual: 0.9147608061023046


epsilon: 5.669583333333334

m: 4.333333333333333

Residual: 0.9005569252803938


epsilon: 5.669583333333334

m: 4.5

Residual: 0.8483633722487807


epsilon: 5.669583333333334

m: 4.666666666666666

Residual: 0.8800412096134581


epsilon: 5.669583333333334

m: 4.833333333333333

Residual: 0.8912065609393682


epsilon: 5.669583333333334

m: 5.0

Residual: 0.7575873992583856


epsilon: 5.669583333333334

m: 5.166666666666666

Residual: 0.712451447546555


epsilon: 5.669583333333334

m: 5.333333333333333

Residual: 0.5702422259456252


epsilon: 5.669583333333334

m: 5.5

Residual: 0.824583700553492


epsilon: 5.669583333333334

m: 5.666666666666666

Residual: 0.38605664674243234


epsilon: 5.669583333333334

m: 5.833333333333333

Residual: 0.62751391155612


epsilon: 5.669583333333334

m: 6.0

Residual: 0.7907605092789147


epsilon: 5.669583333333334

m: 6.166666666666666

Residual: 0.6543771330045127


epsilon: 5.669583333333334

m: 6.333333333333333

Residual: 0.5227421319862646


epsilon: 5.669583333333334

m: 6.5

Residual: 0.8314729460843217


epsilon: 5.669583333333334

m: 6.666666666666666

Residual: 0.8298911311308581


epsilon: 5.669583333333334

m: 6.833333333333333

Residual: 0.7745234625013779


epsilon: 5.669583333333334

m: 7.0

Residual: 0.9188937705538996


epsilon: 6.0025

m: 3.0

Residual: 0.9918356959863012


epsilon: 6.0025

m: 3.1666666666666665

Residual: 0.987385834471369


epsilon: 6.0025

m: 3.3333333333333335

Residual: 0.9813485103057342


epsilon: 6.0025

m: 3.5

Residual: 0.9749520345273853


epsilon: 6.0025

m: 3.6666666666666665

Residual: 0.960505865335866


epsilon: 6.0025

m: 3.833333333333333

Residual: 0.9564246330656501


epsilon: 6.0025

m: 4.0

Residual: 0.931192636024438


epsilon: 6.0025

m: 4.166666666666666

Residual: 0.8975267400869624


epsilon: 6.0025

m: 4.333333333333333

Residual: 0.8832459413646673


epsilon: 6.0025

m: 4.5

Residual: 0.8196909737729586


epsilon: 6.0025

m: 4.666666666666666

Residual: 0.8553033642273975


epsilon: 6.0025

m: 4.833333333333333

Residual: 0.8314456740137964


epsilon: 6.0025

m: 5.0

Residual: 0.7732048791761719


epsilon: 6.0025

m: 5.166666666666666

Residual: 0.7539299786064572


epsilon: 6.0025

m: 5.333333333333333

Residual: 0.8270661463838033


epsilon: 6.0025

m: 5.5

Residual: 0.7721987218050991


epsilon: 6.0025

m: 5.666666666666666

Residual: 0.626019387460342


epsilon: 6.0025

m: 5.833333333333333

Residual: 0.4542137986978394


epsilon: 6.0025

m: 6.0

Residual: 0.8732525326055766


epsilon: 6.0025

m: 6.166666666666666

Residual: 0.7708062083220433


epsilon: 6.0025

m: 6.333333333333333

Residual: 0.8176088091889722


epsilon: 6.0025

m: 6.5

Residual: 0.8220762102981656


epsilon: 6.0025

m: 6.666666666666666

Residual: 0.6797237723809753


epsilon: 6.0025

m: 6.833333333333333

Residual: 0.883972646010627


epsilon: 6.0025

m: 7.0

Residual: 0.8357268917700128


epsilon: 6.335416666666667

m: 3.0

Residual: 0.9922068599154008


epsilon: 6.335416666666667

m: 3.1666666666666665

Residual: 0.9879605568980776


epsilon: 6.335416666666667

m: 3.3333333333333335

Residual: 0.9825017069279652


epsilon: 6.335416666666667

m: 3.5

Residual: 0.9744280695554424


epsilon: 6.335416666666667

m: 3.6666666666666665

Residual: 0.9694575844693472


epsilon: 6.335416666666667

m: 3.833333333333333

Residual: 0.954351126142627


epsilon: 6.335416666666667

m: 4.0

Residual: 0.9420978219558924


epsilon: 6.335416666666667

m: 4.166666666666666

Residual: 0.9426077897287619


epsilon: 6.335416666666667

m: 4.333333333333333

Residual: 0.91491905733463


epsilon: 6.335416666666667

m: 4.5

Residual: 0.8508607223279713


epsilon: 6.335416666666667

m: 4.666666666666666

Residual: 0.8450379098674631


epsilon: 6.335416666666667

m: 4.833333333333333

Residual: 0.8181058394766296


epsilon: 6.335416666666667

m: 5.0

Residual: 0.7613321081425939


epsilon: 6.335416666666667

m: 5.166666666666666

Residual: 0.7310774923650046


epsilon: 6.335416666666667

m: 5.333333333333333

Residual: 0.6468071582287108


epsilon: 6.335416666666667

m: 5.5

Residual: 0.7147193047817483


epsilon: 6.335416666666667

m: 5.666666666666666

Residual: 0.5638662138118508


epsilon: 6.335416666666667

m: 5.833333333333333

Residual: 0.7578527285895389


epsilon: 6.335416666666667

m: 6.0

Residual: 0.7019163625505371


epsilon: 6.335416666666667

m: 6.166666666666666

Residual: 0.8229109070928113


epsilon: 6.335416666666667

m: 6.333333333333333

Residual: 0.8983045908184032


epsilon: 6.335416666666667

m: 6.5

Residual: 0.7892458157011323


epsilon: 6.335416666666667

m: 6.666666666666666

Residual: 0.6905846467319958


epsilon: 6.335416666666667

m: 6.833333333333333

Residual: 0.821362295037403


epsilon: 6.335416666666667

m: 7.0

Residual: 0.5058992354063436


epsilon: 6.668333333333334

m: 3.0

Residual: 0.9926158816171706


epsilon: 6.668333333333334

m: 3.1666666666666665

Residual: 0.9900878083303594


epsilon: 6.668333333333334

m: 3.3333333333333335

Residual: 0.9833129881107364


epsilon: 6.668333333333334

m: 3.5

Residual: 0.9780975958075535


epsilon: 6.668333333333334

m: 3.6666666666666665

Residual: 0.9689880594421838


epsilon: 6.668333333333334

m: 3.833333333333333

Residual: 0.9611418704248039


epsilon: 6.668333333333334

m: 4.0

Residual: 0.9429799368258355


epsilon: 6.668333333333334

m: 4.166666666666666

Residual: 0.922592749307224


epsilon: 6.668333333333334

m: 4.333333333333333

Residual: 0.9094577490551746


epsilon: 6.668333333333334

m: 4.5

Residual: 0.889693094769044


epsilon: 6.668333333333334

m: 4.666666666666666

Residual: 0.8751589086780918


epsilon: 6.668333333333334

m: 4.833333333333333

Residual: 0.8453423290253897


epsilon: 6.668333333333334

m: 5.0

Residual: 0.8197700773420888


epsilon: 6.668333333333334

m: 5.166666666666666

Residual: 0.8594001738819322


epsilon: 6.668333333333334

m: 5.333333333333333

Residual: 0.6355219927818123


epsilon: 6.668333333333334

m: 5.5

Residual: 0.808740756932234


epsilon: 6.668333333333334

m: 5.666666666666666

Residual: 0.8718614984907134


epsilon: 6.668333333333334

m: 5.833333333333333

Residual: 0.5327248944699192


epsilon: 6.668333333333334

m: 6.0

Residual: 0.8419378297508509


epsilon: 6.668333333333334

m: 6.166666666666666

Residual: 0.796922262935931


epsilon: 6.668333333333334

m: 6.333333333333333

Residual: 0.7460181514200013


epsilon: 6.668333333333334

m: 6.5

Residual: 0.7897896654155871


epsilon: 6.668333333333334

m: 6.666666666666666

Residual: 0.7657795951744186


epsilon: 6.668333333333334

m: 6.833333333333333

Residual: 0.8646428890668169


epsilon: 6.668333333333334

m: 7.0

Residual: 0.9105052849219061


epsilon: 7.001250000000001

m: 3.0

Residual: 0.9929312006411093


epsilon: 7.001250000000001

m: 3.1666666666666665

Residual: 0.9890567369971304


epsilon: 7.001250000000001

m: 3.3333333333333335

Residual: 0.9861021494776073


epsilon: 7.001250000000001

m: 3.5

Residual: 0.9766632160551263


epsilon: 7.001250000000001

m: 3.6666666666666665

Residual: 0.9709447162448913


epsilon: 7.001250000000001

m: 3.833333333333333

Residual: 0.9589877570584615


epsilon: 7.001250000000001

m: 4.0

Residual: 0.9495784725941127


epsilon: 7.001250000000001

m: 4.166666666666666

Residual: 0.9110330753751654


epsilon: 7.001250000000001

m: 4.333333333333333

Residual: 0.8965923901270356


epsilon: 7.001250000000001

m: 4.5

Residual: 0.8721959643860493


epsilon: 7.001250000000001

m: 4.666666666666666

Residual: 0.91584040616433


epsilon: 7.001250000000001

m: 4.833333333333333

Residual: 0.8464866821072761


epsilon: 7.001250000000001

m: 5.0

Residual: 0.8427234217393663


epsilon: 7.001250000000001

m: 5.166666666666666

Residual: 0.8416963836317698


epsilon: 7.001250000000001

m: 5.333333333333333

Residual: 0.7582966777102275


epsilon: 7.001250000000001

m: 5.5

Residual: 0.7643494996308858


epsilon: 7.001250000000001

m: 5.666666666666666

Residual: 0.8918357914061352


epsilon: 7.001250000000001

m: 5.833333333333333

Residual: 0.5608604209081218


epsilon: 7.001250000000001

m: 6.0

Residual: 0.8522098937783729


epsilon: 7.001250000000001

m: 6.166666666666666

Residual: 0.5912835645305757


epsilon: 7.001250000000001

m: 6.333333333333333

Residual: 0.6576960803238948


epsilon: 7.001250000000001

m: 6.5

Residual: 0.7544866516375272


epsilon: 7.001250000000001

m: 6.666666666666666

Residual: 0.8861116816783252


epsilon: 7.001250000000001

m: 6.833333333333333

Residual: 0.7572436817553814


epsilon: 7.001250000000001

m: 7.0

Residual: 0.7496361439971079


epsilon: 7.334166666666667

m: 3.0

Residual: 0.9932322043329027


epsilon: 7.334166666666667

m: 3.1666666666666665

Residual: 0.9898413772051796


epsilon: 7.334166666666667

m: 3.3333333333333335

Residual: 0.9848149724402213


epsilon: 7.334166666666667

m: 3.5

Residual: 0.9796166782818847


epsilon: 7.334166666666667

m: 3.6666666666666665

Residual: 0.9718263053706901


epsilon: 7.334166666666667

m: 3.833333333333333

Residual: 0.9541077270899498


epsilon: 7.334166666666667

m: 4.0

Residual: 0.9446751437402344


epsilon: 7.334166666666667

m: 4.166666666666666

Residual: 0.9153484818691773


epsilon: 7.334166666666667

m: 4.333333333333333

Residual: 0.8818678975595236


epsilon: 7.334166666666667

m: 4.5

Residual: 0.9114070250119297


epsilon: 7.334166666666667

m: 4.666666666666666

Residual: 0.8704222828792344


epsilon: 7.334166666666667

m: 4.833333333333333

Residual: 0.8919078622701228


epsilon: 7.334166666666667

m: 5.0

Residual: 0.8445966385729757


epsilon: 7.334166666666667

m: 5.166666666666666

Residual: 0.8316176260304777


epsilon: 7.334166666666667

m: 5.333333333333333

Residual: 0.7643504265648255


epsilon: 7.334166666666667

m: 5.5

Residual: 0.7509164645271537


epsilon: 7.334166666666667

m: 5.666666666666666

Residual: 0.7446965344903361


epsilon: 7.334166666666667

m: 5.833333333333333

Residual: 0.8004485809200323


epsilon: 7.334166666666667

m: 6.0

Residual: 0.8238702904056272


epsilon: 7.334166666666667

m: 6.166666666666666

Residual: 0.7768457903437189


epsilon: 7.334166666666667

m: 6.333333333333333

Residual: 0.832888582612159


epsilon: 7.334166666666667

m: 6.5

Residual: 0.8734533924043869


epsilon: 7.334166666666667

m: 6.666666666666666

Residual: 0.8979621763149696


epsilon: 7.334166666666667

m: 6.833333333333333

Residual: 0.7993088870869297


epsilon: 7.334166666666667

m: 7.0

Residual: 0.6380922652841511


epsilon: 7.667083333333334

m: 3.0

Residual: 0.9935593500936756


epsilon: 7.667083333333334

m: 3.1666666666666665

Residual: 0.9910479809967364


epsilon: 7.667083333333334

m: 3.3333333333333335

Residual: 0.9854791916935588


epsilon: 7.667083333333334

m: 3.5

Residual: 0.9787884733785608


epsilon: 7.667083333333334

m: 3.6666666666666665

Residual: 0.9727096807129615


epsilon: 7.667083333333334

m: 3.833333333333333

Residual: 0.9601835098528384


epsilon: 7.667083333333334

m: 4.0

Residual: 0.9384161636641346


epsilon: 7.667083333333334

m: 4.166666666666666

Residual: 0.9172131588052749


epsilon: 7.667083333333334

m: 4.333333333333333

Residual: 0.9138645473742504


epsilon: 7.667083333333334

m: 4.5

Residual: 0.8925065756464798


epsilon: 7.667083333333334

m: 4.666666666666666

Residual: 0.8752084998291596


epsilon: 7.667083333333334

m: 4.833333333333333

Residual: 0.8413776043153358


epsilon: 7.667083333333334

m: 5.0

Residual: 0.7790181384742825


epsilon: 7.667083333333334

m: 5.166666666666666

Residual: 0.8361238736172337


epsilon: 7.667083333333334

m: 5.333333333333333

Residual: 0.6694838147822881


epsilon: 7.667083333333334

m: 5.5

Residual: 0.7188942051503407


epsilon: 7.667083333333334

m: 5.666666666666666

Residual: 0.8256458497052429


epsilon: 7.667083333333334

m: 5.833333333333333

Residual: 0.7512098043388731


epsilon: 7.667083333333334

m: 6.0

Residual: 0.8856067646231202


epsilon: 7.667083333333334

m: 6.166666666666666

Residual: 0.7907004738212806


epsilon: 7.667083333333334

m: 6.333333333333333

Residual: 0.9187300529739957


epsilon: 7.667083333333334

m: 6.5

Residual: 0.8378401560898187


epsilon: 7.667083333333334

m: 6.666666666666666

Residual: 0.6987690088012332


epsilon: 7.667083333333334

m: 6.833333333333333

Residual: 0.5196792248370462


epsilon: 7.667083333333334

m: 7.0

Residual: 0.8267353543179137


epsilon: 8.0

m: 3.0

Residual: 0.9938188762594375


epsilon: 8.0

m: 3.1666666666666665

Residual: 0.990696251090206


epsilon: 8.0

m: 3.3333333333333335

Residual: 0.9859211159126265


epsilon: 8.0

m: 3.5

Residual: 0.9813033841224829


epsilon: 8.0

m: 3.6666666666666665

Residual: 0.973921204864114


epsilon: 8.0

m: 3.833333333333333

Residual: 0.9564883633974091


epsilon: 8.0

m: 4.0

Residual: 0.9507921322635161


epsilon: 8.0

m: 4.166666666666666

Residual: 0.9184158259525176


epsilon: 8.0

m: 4.333333333333333

Residual: 0.9224733382517603


epsilon: 8.0

m: 4.5

Residual: 0.882512258199236


epsilon: 8.0

m: 4.666666666666666

Residual: 0.8785327880986004


epsilon: 8.0

m: 4.833333333333333

Residual: 0.9227117413046568


epsilon: 8.0

m: 5.0

Residual: 0.8302643923039015


epsilon: 8.0

m: 5.166666666666666

Residual: 0.7785086944553998


epsilon: 8.0

m: 5.333333333333333

Residual: 0.8238560989943445


epsilon: 8.0

m: 5.5

Residual: 0.6586124948546392


epsilon: 8.0

m: 5.666666666666666

Residual: 0.8443226431796182


epsilon: 8.0

m: 5.833333333333333

Residual: 0.7909626833498393


epsilon: 8.0

m: 6.0

Residual: 0.832077365322599


epsilon: 8.0

m: 6.166666666666666

Residual: 0.6626454422621386


epsilon: 8.0

m: 6.333333333333333

Residual: 0.8666250298230964


epsilon: 8.0

m: 6.5

Residual: 0.8356411443787616


epsilon: 8.0

m: 6.666666666666666

Residual: 0.8083907327556616


epsilon: 8.0

m: 6.833333333333333

Residual: 0.4311936675334717


epsilon: 8.0

m: 7.0

Residual: 0.8684872300514443


