epsilon: 0.01

m: 3.0

Residual: 0.6944609628501505


epsilon: 0.01

m: 3.0

Residual: 0.6949003460181702


epsilon: 0.01

m: 3.1666666666666665

Residual: 0.7689414140240085


epsilon: 0.01

m: 3.3333333333333335

Residual: 0.8289115929060128


epsilon: 0.01

m: 3.5

Residual: 0.8733178891648279


epsilon: 0.01

m: 3.6666666666666665

Residual: 0.9057030772333752


epsilon: 0.01

m: 3.833333333333333

Residual: 0.9294961727373513


epsilon: 0.01

m: 4.0

Residual: 0.9466496850563876


epsilon: 0.01

m: 4.166666666666666

Residual: 0.9598713168348096


epsilon: 0.01

m: 4.333333333333333

Residual: 0.9681986928541613


epsilon: 0.01

m: 4.5

Residual: 0.9750515898780968


epsilon: 0.01

m: 4.666666666666666

Residual: 0.9803531476648875


epsilon: 0.01

m: 4.833333333333333

Residual: 0.9843004321286231


epsilon: 0.01

m: 5.0

Residual: 0.987691347550811


epsilon: 0.01

m: 5.166666666666666

Residual: 0.9899265662997119


epsilon: 0.01

m: 5.333333333333333

Residual: 0.9912178063571941


epsilon: 0.01

m: 5.5

Residual: 0.9924272192350165


epsilon: 0.01

m: 5.666666666666666

Residual: 0.9935745544988652


epsilon: 0.01

m: 5.833333333333333

Residual: 0.9944268854504161


epsilon: 0.01

m: 6.0

Residual: 0.9954718989871629


epsilon: 0.01

m: 6.166666666666666

Residual: 0.9962747169509194


epsilon: 0.01

m: 6.333333333333333

Residual: 0.9962169604358728


epsilon: 0.01

m: 6.5

Residual: 0.9967980401778118


epsilon: 0.01

m: 6.666666666666666

Residual: 0.9974291251097556


epsilon: 0.01

m: 6.833333333333333

Residual: 0.99740729589059


epsilon: 0.01

m: 7.0

Residual: 0.9975132577015274


epsilon: 0.3429166666666667

m: 3.0

Residual: 0.726582480502462


epsilon: 0.3429166666666667

m: 3.1666666666666665

Residual: 0.6352028055127031


epsilon: 0.3429166666666667

m: 3.3333333333333335

Residual: 0.5269585701833842


epsilon: 0.3429166666666667

m: 3.5

Residual: 0.4132377847138107


epsilon: 0.3429166666666667

m: 3.6666666666666665

Residual: 0.323214405272006


epsilon: 0.3429166666666667

m: 3.833333333333333

Residual: 0.25056992687955554


epsilon: 0.3429166666666667

m: 4.0

Residual: 0.21707604805891018


epsilon: 0.3429166666666667

m: 4.166666666666666

Residual: 0.2433706082329701


epsilon: 0.3429166666666667

m: 4.333333333333333

Residual: 0.30165365909326625


epsilon: 0.3429166666666667

m: 4.5

Residual: 0.3885677880752699


epsilon: 0.3429166666666667

m: 4.666666666666666

Residual: 0.5086057842842772


epsilon: 0.3429166666666667

m: 4.833333333333333

Residual: 0.5825554862947178


epsilon: 0.3429166666666667

m: 5.0

Residual: 0.649917542183959


epsilon: 0.3429166666666667

m: 5.166666666666666

Residual: 0.7076269264401706


epsilon: 0.3429166666666667

m: 5.333333333333333

Residual: 0.7391682563641094


epsilon: 0.3429166666666667

m: 5.5

Residual: 0.7711963871016535


epsilon: 0.3429166666666667

m: 5.666666666666666

Residual: 0.8182140206532064


epsilon: 0.3429166666666667

m: 5.833333333333333

Residual: 0.8350667171032617


epsilon: 0.3429166666666667

m: 6.0

Residual: 0.8450808296048279


epsilon: 0.3429166666666667

m: 6.166666666666666

Residual: 0.8641638376364362


epsilon: 0.3429166666666667

m: 6.333333333333333

Residual: 0.8940589828446002


epsilon: 0.3429166666666667

m: 6.5

Residual: 0.9086902665496134


epsilon: 0.3429166666666667

m: 6.666666666666666

Residual: 0.9027345334860915


epsilon: 0.3429166666666667

m: 6.833333333333333

Residual: 0.9303495032822987


epsilon: 0.3429166666666667

m: 7.0

Residual: 0.9380450313934243


epsilon: 0.6758333333333334

m: 3.0

Residual: 0.8513535239341323


epsilon: 0.6758333333333334

m: 3.1666666666666665

Residual: 0.7963917003335353


epsilon: 0.6758333333333334

m: 3.3333333333333335

Residual: 0.7260517731257653


epsilon: 0.6758333333333334

m: 3.5

Residual: 0.6387651035281664


epsilon: 0.6758333333333334

m: 3.6666666666666665

Residual: 0.5404967854524263


epsilon: 0.6758333333333334

m: 3.833333333333333

Residual: 0.43468340752926204


epsilon: 0.6758333333333334

m: 4.0

Residual: 0.31711539436337016


epsilon: 0.6758333333333334

m: 4.166666666666666

Residual: 0.2191852569457046


epsilon: 0.6758333333333334

m: 4.333333333333333

Residual: 0.15193477395368285


epsilon: 0.6758333333333334

m: 4.5

Residual: 0.15251197847971007


epsilon: 0.6758333333333334

m: 4.666666666666666

Residual: 0.2021273270662903


epsilon: 0.6758333333333334

m: 4.833333333333333

Residual: 0.2933750146403547


epsilon: 0.6758333333333334

m: 5.0

Residual: 0.4001432007445245


epsilon: 0.6758333333333334

m: 5.166666666666666

Residual: 0.4803335584925305


epsilon: 0.6758333333333334

m: 5.333333333333333

Residual: 0.5304476085948474


epsilon: 0.6758333333333334

m: 5.5

Residual: 0.6070338569282845


epsilon: 0.6758333333333334

m: 5.666666666666666

Residual: 0.6739589676347797


epsilon: 0.6758333333333334

m: 5.833333333333333

Residual: 0.7159929427427016


epsilon: 0.6758333333333334

m: 6.0

Residual: 0.7524007263202676


epsilon: 0.6758333333333334

m: 6.166666666666666

Residual: 0.7658984304820783


epsilon: 0.6758333333333334

m: 6.333333333333333

Residual: 0.8046895328685495


epsilon: 0.6758333333333334

m: 6.5

Residual: 0.8221395594912623


epsilon: 0.6758333333333334

m: 6.666666666666666

Residual: 0.8120725329835018


epsilon: 0.6758333333333334

m: 6.833333333333333

Residual: 0.8572260920027028


epsilon: 0.6758333333333334

m: 7.0

Residual: 0.866924334809361


epsilon: 1.00875

m: 3.0

Residual: 0.8977679998325535


epsilon: 1.00875

m: 3.1666666666666665

Residual: 0.8585775822412677


epsilon: 1.00875

m: 3.3333333333333335

Residual: 0.8081919409157671


epsilon: 1.00875

m: 3.5

Residual: 0.7451905527045486


epsilon: 1.00875

m: 3.6666666666666665

Residual: 0.6676195061956122


epsilon: 1.00875

m: 3.833333333333333

Residual: 0.5777171896172107


epsilon: 1.00875

m: 4.0

Residual: 0.471980306375257


epsilon: 1.00875

m: 4.166666666666666

Residual: 0.36046224614725764


epsilon: 1.00875

m: 4.333333333333333

Residual: 0.24754390000556112


epsilon: 1.00875

m: 4.5

Residual: 0.14852743189107467


epsilon: 1.00875

m: 4.666666666666666

Residual: 0.09646570449805056


epsilon: 1.00875

m: 4.833333333333333

Residual: 0.10739169648495431


epsilon: 1.00875

m: 5.0

Residual: 0.23178416086864936


epsilon: 1.00875

m: 5.166666666666666

Residual: 0.2982200479700423


epsilon: 1.00875

m: 5.333333333333333

Residual: 0.41217428761167213


epsilon: 1.00875

m: 5.5

Residual: 0.45763456883339876


epsilon: 1.00875

m: 5.666666666666666

Residual: 0.5515451331378649


epsilon: 1.00875

m: 5.833333333333333

Residual: 0.5785019837245795


epsilon: 1.00875

m: 6.0

Residual: 0.6511606065090437


epsilon: 1.00875

m: 6.166666666666666

Residual: 0.7017753966880209


epsilon: 1.00875

m: 6.333333333333333

Residual: 0.722357470172153


epsilon: 1.00875

m: 6.5

Residual: 0.7322881099761144


epsilon: 1.00875

m: 6.666666666666666

Residual: 0.7798497691293779


epsilon: 1.00875

m: 6.833333333333333

Residual: 0.7972855159382164


epsilon: 1.00875

m: 7.0

Residual: 0.8245283247235636


epsilon: 1.3416666666666668

m: 3.0

Residual: 0.9221503341903431


epsilon: 1.3416666666666668

m: 3.1666666666666665

Residual: 0.8920663700149629


epsilon: 1.3416666666666668

m: 3.3333333333333335

Residual: 0.8522104471454479


epsilon: 1.3416666666666668

m: 3.5

Residual: 0.8011149572636914


epsilon: 1.3416666666666668

m: 3.6666666666666665

Residual: 0.7380418211024957


epsilon: 1.3416666666666668

m: 3.833333333333333

Residual: 0.6624754452493581


epsilon: 1.3416666666666668

m: 4.0

Residual: 0.5755854798808658


epsilon: 1.3416666666666668

m: 4.166666666666666

Residual: 0.4763825421858113


epsilon: 1.3416666666666668

m: 4.333333333333333

Residual: 0.3713353863744905


epsilon: 1.3416666666666668

m: 4.5

Residual: 0.2637710166412669


epsilon: 1.3416666666666668

m: 4.666666666666666

Residual: 0.16042523553469107


epsilon: 1.3416666666666668

m: 4.833333333333333

Residual: 0.07203320106603088


epsilon: 1.3416666666666668

m: 5.0

Residual: 0.1055243885248303


epsilon: 1.3416666666666668

m: 5.166666666666666

Residual: 0.15701532816611916


epsilon: 1.3416666666666668

m: 5.333333333333333

Residual: 0.2614067619125313


epsilon: 1.3416666666666668

m: 5.5

Residual: 0.37161099140531473


epsilon: 1.3416666666666668

m: 5.666666666666666

Residual: 0.46704300271036825


epsilon: 1.3416666666666668

m: 5.833333333333333

Residual: 0.47052304602751105


epsilon: 1.3416666666666668

m: 6.0

Residual: 0.558765852586155


epsilon: 1.3416666666666668

m: 6.166666666666666

Residual: 0.5626447974764109


epsilon: 1.3416666666666668

m: 6.333333333333333

Residual: 0.5991130432751258


epsilon: 1.3416666666666668

m: 6.5

Residual: 0.6296331342986199


epsilon: 1.3416666666666668

m: 6.666666666666666

Residual: 0.6886023315998359


epsilon: 1.3416666666666668

m: 6.833333333333333

Residual: 0.7357563855117424


epsilon: 1.3416666666666668

m: 7.0

Residual: 0.7675796914157685


epsilon: 1.6745833333333335

m: 3.0

Residual: 0.9371510132370675


epsilon: 1.6745833333333335

m: 3.1666666666666665

Residual: 0.9124852935384828


epsilon: 1.6745833333333335

m: 3.3333333333333335

Residual: 0.8792895607922078


epsilon: 1.6745833333333335

m: 3.5

Residual: 0.83781407183246


epsilon: 1.6745833333333335

m: 3.6666666666666665

Residual: 0.7856861531513162


epsilon: 1.6745833333333335

m: 3.833333333333333

Residual: 0.7219828202709351


epsilon: 1.6745833333333335

m: 4.0

Residual: 0.6404613227952841


epsilon: 1.6745833333333335

m: 4.166666666666666

Residual: 0.5519189727936332


epsilon: 1.6745833333333335

m: 4.333333333333333

Residual: 0.49694156188636796


epsilon: 1.6745833333333335

m: 4.5

Residual: 0.3579875784993448


epsilon: 1.6745833333333335

m: 4.666666666666666

Residual: 0.2610426147426216


epsilon: 1.6745833333333335

m: 4.833333333333333

Residual: 0.1545231420879458


epsilon: 1.6745833333333335

m: 5.0

Residual: 0.10691377290804709


epsilon: 1.6745833333333335

m: 5.166666666666666

Residual: 0.05341513860307873


epsilon: 1.6745833333333335

m: 5.333333333333333

Residual: 0.1720645669686475


epsilon: 1.6745833333333335

m: 5.5

Residual: 0.22276552322574378


epsilon: 1.6745833333333335

m: 5.666666666666666

Residual: 0.32454641130593065


epsilon: 1.6745833333333335

m: 5.833333333333333

Residual: 0.38048858783534584


epsilon: 1.6745833333333335

m: 6.0

Residual: 0.4641979684522319


epsilon: 1.6745833333333335

m: 6.166666666666666

Residual: 0.48433236830188087


epsilon: 1.6745833333333335

m: 6.333333333333333

Residual: 0.5860456080865627


epsilon: 1.6745833333333335

m: 6.5

Residual: 0.5615066918102694


epsilon: 1.6745833333333335

m: 6.666666666666666

Residual: 0.6584012693594241


epsilon: 1.6745833333333335

m: 6.833333333333333

Residual: 0.6188154681672786


epsilon: 1.6745833333333335

m: 7.0

Residual: 0.7175612415695708


epsilon: 2.0075

m: 3.0

Residual: 0.947255968195821


epsilon: 2.0075

m: 3.1666666666666665

Residual: 0.9263845978451


epsilon: 2.0075

m: 3.3333333333333335

Residual: 0.8988593635664746


epsilon: 2.0075

m: 3.5

Residual: 0.8629523708561151


epsilon: 2.0075

m: 3.6666666666666665

Residual: 0.8178787547086213


epsilon: 2.0075

m: 3.833333333333333

Residual: 0.7621692230337331


epsilon: 2.0075

m: 4.0

Residual: 0.6950048041324386


epsilon: 2.0075

m: 4.166666666666666

Residual: 0.6172939024870264


epsilon: 2.0075

m: 4.333333333333333

Residual: 0.529270883642795


epsilon: 2.0075

m: 4.5

Residual: 0.4300440438478516


epsilon: 2.0075

m: 4.666666666666666

Residual: 0.3347128746931578


epsilon: 2.0075

m: 4.833333333333333

Residual: 0.24016553685837347


epsilon: 2.0075

m: 5.0

Residual: 0.13901497405353966


epsilon: 2.0075

m: 5.166666666666666

Residual: 0.06564530160197485


epsilon: 2.0075

m: 5.333333333333333

Residual: 0.06016259455472457


epsilon: 2.0075

m: 5.5

Residual: 0.14294932807192295


epsilon: 2.0075

m: 5.666666666666666

Residual: 0.2484763865822241


epsilon: 2.0075

m: 5.833333333333333

Residual: 0.3263904375099942


epsilon: 2.0075

m: 6.0

Residual: 0.3283818242140686


epsilon: 2.0075

m: 6.166666666666666

Residual: 0.3909797563695618


epsilon: 2.0075

m: 6.333333333333333

Residual: 0.4608007478432668


epsilon: 2.0075

m: 6.5

Residual: 0.5883319433446198


epsilon: 2.0075

m: 6.666666666666666

Residual: 0.5395621074359498


epsilon: 2.0075

m: 6.833333333333333

Residual: 0.6220001110595005


epsilon: 2.0075

m: 7.0

Residual: 0.6764810624463186


epsilon: 2.3404166666666666

m: 3.0

Residual: 0.9545758437464361


epsilon: 2.3404166666666666

m: 3.1666666666666665

Residual: 0.9366870231770625


epsilon: 2.3404166666666666

m: 3.3333333333333335

Residual: 0.9124440613447115


epsilon: 2.3404166666666666

m: 3.5

Residual: 0.8811107698893661


epsilon: 2.3404166666666666

m: 3.6666666666666665

Residual: 0.841348489233851


epsilon: 2.3404166666666666

m: 3.833333333333333

Residual: 0.7929012240064166


epsilon: 2.3404166666666666

m: 4.0

Residual: 0.7334533795776482


epsilon: 2.3404166666666666

m: 4.166666666666666

Residual: 0.6617413152873648


epsilon: 2.3404166666666666

m: 4.333333333333333

Residual: 0.5858827659149529


epsilon: 2.3404166666666666

m: 4.5

Residual: 0.49991261955441274


epsilon: 2.3404166666666666

m: 4.666666666666666

Residual: 0.40917136745648347


epsilon: 2.3404166666666666

m: 4.833333333333333

Residual: 0.3277104142137274


epsilon: 2.3404166666666666

m: 5.0

Residual: 0.21208423141062016


epsilon: 2.3404166666666666

m: 5.166666666666666

Residual: 0.16864376519133725


epsilon: 2.3404166666666666

m: 5.333333333333333

Residual: 0.05994836606719785


epsilon: 2.3404166666666666

m: 5.5

Residual: 0.14367537466618177


epsilon: 2.3404166666666666

m: 5.666666666666666

Residual: 0.20126172946310947


epsilon: 2.3404166666666666

m: 5.833333333333333

Residual: 0.261066478632932


epsilon: 2.3404166666666666

m: 6.0

Residual: 0.2839233867273535


epsilon: 2.3404166666666666

m: 6.166666666666666

Residual: 0.43813154205766763


epsilon: 2.3404166666666666

m: 6.333333333333333

Residual: 0.4300215086646967


epsilon: 2.3404166666666666

m: 6.5

Residual: 0.4346906143534657


epsilon: 2.3404166666666666

m: 6.666666666666666

Residual: 0.49322022524543024


epsilon: 2.3404166666666666

m: 6.833333333333333

Residual: 0.5101124176119269


epsilon: 2.3404166666666666

m: 7.0

Residual: 0.5914579086635007


epsilon: 2.6733333333333333

m: 3.0

Residual: 0.9602006625465321


epsilon: 2.6733333333333333

m: 3.1666666666666665

Residual: 0.9442188238302792


epsilon: 2.6733333333333333

m: 3.3333333333333335

Residual: 0.9230394762487615


epsilon: 2.6733333333333333

m: 3.5

Residual: 0.8955105880882949


epsilon: 2.6733333333333333

m: 3.6666666666666665

Residual: 0.8596554373572289


epsilon: 2.6733333333333333

m: 3.833333333333333

Residual: 0.8154093417131786


epsilon: 2.6733333333333333

m: 4.0

Residual: 0.7626759150169341


epsilon: 2.6733333333333333

m: 4.166666666666666

Residual: 0.6983733000533571


epsilon: 2.6733333333333333

m: 4.333333333333333

Residual: 0.6184161151424545


epsilon: 2.6733333333333333

m: 4.5

Residual: 0.5373350170608611


epsilon: 2.6733333333333333

m: 4.666666666666666

Residual: 0.45110579581106797


epsilon: 2.6733333333333333

m: 4.833333333333333

Residual: 0.3628904406418974


epsilon: 2.6733333333333333

m: 5.0

Residual: 0.26880627140119717


epsilon: 2.6733333333333333

m: 5.166666666666666

Residual: 0.23364503134023754


epsilon: 2.6733333333333333

m: 5.333333333333333

Residual: 0.13525555464490074


epsilon: 2.6733333333333333

m: 5.5

Residual: 0.06959140174391028


epsilon: 2.6733333333333333

m: 5.666666666666666

Residual: 0.09803379801118764


epsilon: 2.6733333333333333

m: 5.833333333333333

Residual: 0.16928989976476205


epsilon: 2.6733333333333333

m: 6.0

Residual: 0.28114295330078726


epsilon: 2.6733333333333333

m: 6.166666666666666

Residual: 0.3225774713103395


epsilon: 2.6733333333333333

m: 6.333333333333333

Residual: 0.42690346742505825


epsilon: 2.6733333333333333

m: 6.5

Residual: 0.43423278273166643


epsilon: 2.6733333333333333

m: 6.666666666666666

Residual: 0.45202736586971864


epsilon: 2.6733333333333333

m: 6.833333333333333

Residual: 0.47823132785358896


epsilon: 2.6733333333333333

m: 7.0

Residual: 0.6272551567274305


epsilon: 3.00625

m: 3.0

Residual: 0.9644232218121173


epsilon: 3.00625

m: 3.1666666666666665

Residual: 0.9502917957237896


epsilon: 3.00625

m: 3.3333333333333335

Residual: 0.9311226703348489


epsilon: 3.00625

m: 3.5

Residual: 0.9060872788618568


epsilon: 3.00625

m: 3.6666666666666665

Residual: 0.8742050215226612


epsilon: 3.00625

m: 3.833333333333333

Residual: 0.8343830521866669


epsilon: 3.00625

m: 4.0

Residual: 0.7861883020377509


epsilon: 3.00625

m: 4.166666666666666

Residual: 0.7254982153454592


epsilon: 3.00625

m: 4.333333333333333

Residual: 0.6570695519037325


epsilon: 3.00625

m: 4.5

Residual: 0.577401934019236


epsilon: 3.00625

m: 4.666666666666666

Residual: 0.49272355685739405


epsilon: 3.00625

m: 4.833333333333333

Residual: 0.4058554451542328


epsilon: 3.00625

m: 5.0

Residual: 0.3279342830422747


epsilon: 3.00625

m: 5.166666666666666

Residual: 0.24023095014032622


epsilon: 3.00625

m: 5.333333333333333

Residual: 0.14479190015398533


epsilon: 3.00625

m: 5.5

Residual: 0.1065752161434326


epsilon: 3.00625

m: 5.666666666666666

Residual: 0.14914627392872304


epsilon: 3.00625

m: 5.833333333333333

Residual: 0.233356852780413


epsilon: 3.00625

m: 6.0

Residual: 0.2500593848648403


epsilon: 3.00625

m: 6.166666666666666

Residual: 0.2891053799116254


epsilon: 3.00625

m: 6.333333333333333

Residual: 0.2873772267341575


epsilon: 3.00625

m: 6.5

Residual: 0.37926118006355675


epsilon: 3.00625

m: 6.666666666666666

Residual: 0.4551447398028928


epsilon: 3.00625

m: 6.833333333333333

Residual: 0.4212755016700495


epsilon: 3.00625

m: 7.0

Residual: 0.5609548902911066


epsilon: 3.339166666666667

m: 3.0

Residual: 0.9680187454725365


epsilon: 3.339166666666667

m: 3.1666666666666665

Residual: 0.9550723976526546


epsilon: 3.339166666666667

m: 3.3333333333333335

Residual: 0.938059241063353


epsilon: 3.339166666666667

m: 3.5

Residual: 0.9153545399002105


epsilon: 3.339166666666667

m: 3.6666666666666665

Residual: 0.8859845365028537


epsilon: 3.339166666666667

m: 3.833333333333333

Residual: 0.849238767811342


epsilon: 3.339166666666667

m: 4.0

Residual: 0.8037162685577786


epsilon: 3.339166666666667

m: 4.166666666666666

Residual: 0.7498893732376599


epsilon: 3.339166666666667

m: 4.333333333333333

Residual: 0.6883484340971001


epsilon: 3.339166666666667

m: 4.5

Residual: 0.615025396069582


epsilon: 3.339166666666667

m: 4.666666666666666

Residual: 0.5426708276649262


epsilon: 3.339166666666667

m: 4.833333333333333

Residual: 0.4614038340501299


epsilon: 3.339166666666667

m: 5.0

Residual: 0.37129277765306257


epsilon: 3.339166666666667

m: 5.166666666666666

Residual: 0.2874813449269876


epsilon: 3.339166666666667

m: 5.333333333333333

Residual: 0.20315922180241863


epsilon: 3.339166666666667

m: 5.5

Residual: 0.16285143667010504


epsilon: 3.339166666666667

m: 5.666666666666666

Residual: 0.16952168432200887


epsilon: 3.339166666666667

m: 5.833333333333333

Residual: 0.15820892760858374


epsilon: 3.339166666666667

m: 6.0

Residual: 0.13964723892252615


epsilon: 3.339166666666667

m: 6.166666666666666

Residual: 0.17145498294707812


epsilon: 3.339166666666667

m: 6.333333333333333

Residual: 0.24861423625629003


epsilon: 3.339166666666667

m: 6.5

Residual: 0.2840853419750933


epsilon: 3.339166666666667

m: 6.666666666666666

Residual: 0.369253830304427


epsilon: 3.339166666666667

m: 6.833333333333333

Residual: 0.3735580044279162


epsilon: 3.339166666666667

m: 7.0

Residual: 0.5224035424370373


epsilon: 3.6720833333333336

m: 3.0

Residual: 0.970852807180332


epsilon: 3.6720833333333336

m: 3.1666666666666665

Residual: 0.9591141833915762


epsilon: 3.6720833333333336

m: 3.3333333333333335

Residual: 0.9432705371477151


epsilon: 3.6720833333333336

m: 3.5

Residual: 0.9221062788101275


epsilon: 3.6720833333333336

m: 3.6666666666666665

Residual: 0.8940364436255852


epsilon: 3.6720833333333336

m: 3.833333333333333

Residual: 0.8621383888437316


epsilon: 3.6720833333333336

m: 4.0

Residual: 0.8204069256637894


epsilon: 3.6720833333333336

m: 4.166666666666666

Residual: 0.7714261890515904


epsilon: 3.6720833333333336

m: 4.333333333333333

Residual: 0.7098030021334073


epsilon: 3.6720833333333336

m: 4.5

Residual: 0.6467135238554925


epsilon: 3.6720833333333336

m: 4.666666666666666

Residual: 0.5600058488000025


epsilon: 3.6720833333333336

m: 4.833333333333333

Residual: 0.49592459469054334


epsilon: 3.6720833333333336

m: 5.0

Residual: 0.4097705602446571


epsilon: 3.6720833333333336

m: 5.166666666666666

Residual: 0.35098940313647187


epsilon: 3.6720833333333336

m: 5.333333333333333

Residual: 0.3332839579933048


epsilon: 3.6720833333333336

m: 5.5

Residual: 0.18752690702292296


epsilon: 3.6720833333333336

m: 5.666666666666666

Residual: 0.1925375369784092


epsilon: 3.6720833333333336

m: 5.833333333333333

Residual: 0.1966628357198887


epsilon: 3.6720833333333336

m: 6.0

Residual: 0.14356319303903275


epsilon: 3.6720833333333336

m: 6.166666666666666

Residual: 0.22852403300489735


epsilon: 3.6720833333333336

m: 6.333333333333333

Residual: 0.2593277243528353


epsilon: 3.6720833333333336

m: 6.5

Residual: 0.28364292546236014


epsilon: 3.6720833333333336

m: 6.666666666666666

Residual: 0.324061966470286


epsilon: 3.6720833333333336

m: 6.833333333333333

Residual: 0.41479594791468877


epsilon: 3.6720833333333336

m: 7.0

Residual: 0.49960594087666305


epsilon: 4.005

m: 3.0

Residual: 0.9731816378287974


epsilon: 4.005

m: 3.1666666666666665

Residual: 0.9624281248441613


epsilon: 4.005

m: 3.3333333333333335

Residual: 0.948055308496813


epsilon: 4.005

m: 3.5

Residual: 0.9285173268500418


epsilon: 4.005

m: 3.6666666666666665

Residual: 0.9042311148438412


epsilon: 4.005

m: 3.833333333333333

Residual: 0.873022359649926


epsilon: 4.005

m: 4.0

Residual: 0.8350304875559947


epsilon: 4.005

m: 4.166666666666666

Residual: 0.7849035137784415


epsilon: 4.005

m: 4.333333333333333

Residual: 0.7262703325801277


epsilon: 4.005

m: 4.5

Residual: 0.6679188730203254


epsilon: 4.005

m: 4.666666666666666

Residual: 0.6077544197664012


epsilon: 4.005

m: 4.833333333333333

Residual: 0.5245481994605486


epsilon: 4.005

m: 5.0

Residual: 0.4507344758769756


epsilon: 4.005

m: 5.166666666666666

Residual: 0.3662525048832411


epsilon: 4.005

m: 5.333333333333333

Residual: 0.28434500270317364


epsilon: 4.005

m: 5.5

Residual: 0.19994825027305554


epsilon: 4.005

m: 5.666666666666666

Residual: 0.16299183071542228


epsilon: 4.005

m: 5.833333333333333

Residual: 0.13547868256995327


epsilon: 4.005

m: 6.0

Residual: 0.1317144172673451


epsilon: 4.005

m: 6.166666666666666

Residual: 0.20488644452431573


epsilon: 4.005

m: 6.333333333333333

Residual: 0.22374787316840972


epsilon: 4.005

m: 6.5

Residual: 0.24218383901890947


epsilon: 4.005

m: 6.666666666666666

Residual: 0.24340123945191747


epsilon: 4.005

m: 6.833333333333333

Residual: 0.44144377002827456


epsilon: 4.005

m: 7.0

Residual: 0.34760934894250245


epsilon: 4.337916666666667

m: 3.0

Residual: 0.9752390431999378


epsilon: 4.337916666666667

m: 3.1666666666666665

Residual: 0.9653044270124661


epsilon: 4.337916666666667

m: 3.3333333333333335

Residual: 0.9519197044373855


epsilon: 4.337916666666667

m: 3.5

Residual: 0.934105618062668


epsilon: 4.337916666666667

m: 3.6666666666666665

Residual: 0.9113702519123225


epsilon: 4.337916666666667

m: 3.833333333333333

Residual: 0.881513107688844


epsilon: 4.337916666666667

m: 4.0

Residual: 0.844585106662261


epsilon: 4.337916666666667

m: 4.166666666666666

Residual: 0.8010940012025751


epsilon: 4.337916666666667

m: 4.333333333333333

Residual: 0.7512761733962974


epsilon: 4.337916666666667

m: 4.5

Residual: 0.688169671963287


epsilon: 4.337916666666667

m: 4.666666666666666

Residual: 0.6251804776512702


epsilon: 4.337916666666667

m: 4.833333333333333

Residual: 0.5494439427681788


epsilon: 4.337916666666667

m: 5.0

Residual: 0.4715017850765607


epsilon: 4.337916666666667

m: 5.166666666666666

Residual: 0.392221666290427


epsilon: 4.337916666666667

m: 5.333333333333333

Residual: 0.32130803900190474


epsilon: 4.337916666666667

m: 5.5

Residual: 0.24013916284141051


epsilon: 4.337916666666667

m: 5.666666666666666

Residual: 0.20641460293258143


epsilon: 4.337916666666667

m: 5.833333333333333

Residual: 0.16161570176776138


epsilon: 4.337916666666667

m: 6.0

Residual: 0.14197599159370825


epsilon: 4.337916666666667

m: 6.166666666666666

Residual: 0.23490764978292933


epsilon: 4.337916666666667

m: 6.333333333333333

Residual: 0.26465102196660883


epsilon: 4.337916666666667

m: 6.5

Residual: 0.33919966691975073


epsilon: 4.337916666666667

m: 6.666666666666666

Residual: 0.29025793877592987


epsilon: 4.337916666666667

m: 6.833333333333333

Residual: 0.337600282293934


epsilon: 4.337916666666667

m: 7.0

Residual: 0.40769817569737693


epsilon: 4.670833333333333

m: 3.0

Residual: 0.9770206263542339


epsilon: 4.670833333333333

m: 3.1666666666666665

Residual: 0.96769524614213


epsilon: 4.670833333333333

m: 3.3333333333333335

Residual: 0.955280581249769


epsilon: 4.670833333333333

m: 3.5

Residual: 0.9385047294512197


epsilon: 4.670833333333333

m: 3.6666666666666665

Residual: 0.9173144391209218


epsilon: 4.670833333333333

m: 3.833333333333333

Residual: 0.8896175526917799


epsilon: 4.670833333333333

m: 4.0

Residual: 0.8564562260014816


epsilon: 4.670833333333333

m: 4.166666666666666

Residual: 0.8146127141860744


epsilon: 4.670833333333333

m: 4.333333333333333

Residual: 0.7665323880064839


epsilon: 4.670833333333333

m: 4.5

Residual: 0.7093894871530338


epsilon: 4.670833333333333

m: 4.666666666666666

Residual: 0.6400756355410823


epsilon: 4.670833333333333

m: 4.833333333333333

Residual: 0.5788268968913838


epsilon: 4.670833333333333

m: 5.0

Residual: 0.5041756965855639


epsilon: 4.670833333333333

m: 5.166666666666666

Residual: 0.44150562594013826


epsilon: 4.670833333333333

m: 5.333333333333333

Residual: 0.3590761827635661


epsilon: 4.670833333333333

m: 5.5

Residual: 0.2770249724221611


epsilon: 4.670833333333333

m: 5.666666666666666

Residual: 0.22638583046713526


epsilon: 4.670833333333333

m: 5.833333333333333

Residual: 0.1864983643062187


epsilon: 4.670833333333333

m: 6.0

Residual: 0.2595514134984066


epsilon: 4.670833333333333

m: 6.166666666666666

Residual: 0.2372203897395396


epsilon: 4.670833333333333

m: 6.333333333333333

Residual: 0.17317443764551124


epsilon: 4.670833333333333

m: 6.5

Residual: 0.26255651592804347


epsilon: 4.670833333333333

m: 6.666666666666666

Residual: 0.33211081349766763


epsilon: 4.670833333333333

m: 6.833333333333333

Residual: 0.24240872448261794


epsilon: 4.670833333333333

m: 7.0

Residual: 0.44985029844971


epsilon: 5.00375

m: 3.0

Residual: 0.9785189747515051


epsilon: 5.00375

m: 3.1666666666666665

Residual: 0.9698824562499284


epsilon: 5.00375

m: 3.3333333333333335

Residual: 0.9581402830033322


epsilon: 5.00375

m: 3.5

Residual: 0.9422758062175709


epsilon: 5.00375

m: 3.6666666666666665

Residual: 0.9222104285294007


epsilon: 5.00375

m: 3.833333333333333

Residual: 0.8969854256518255


epsilon: 5.00375

m: 4.0

Residual: 0.8654885643821211


epsilon: 5.00375

m: 4.166666666666666

Residual: 0.8272357419498558


epsilon: 5.00375

m: 4.333333333333333

Residual: 0.7805795823233939


epsilon: 5.00375

m: 4.5

Residual: 0.7299882411661187


epsilon: 5.00375

m: 4.666666666666666

Residual: 0.6587912277919632


epsilon: 5.00375

m: 4.833333333333333

Residual: 0.6065303746403585


epsilon: 5.00375

m: 5.0

Residual: 0.5297057683387749


epsilon: 5.00375

m: 5.166666666666666

Residual: 0.5034195351673688


epsilon: 5.00375

m: 5.333333333333333

Residual: 0.37427547344251527


epsilon: 5.00375

m: 5.5

Residual: 0.3172275991343777


epsilon: 5.00375

m: 5.666666666666666

Residual: 0.2215652063879424


epsilon: 5.00375

m: 5.833333333333333

Residual: 0.2158301750013783


epsilon: 5.00375

m: 6.0

Residual: 0.16547778879678615


epsilon: 5.00375

m: 6.166666666666666

Residual: 0.19443773967448552


epsilon: 5.00375

m: 6.333333333333333

Residual: 0.18385445553498506


epsilon: 5.00375

m: 6.5

Residual: 0.19737087394290048


epsilon: 5.00375

m: 6.666666666666666

Residual: 0.22137700110808273


epsilon: 5.00375

m: 6.833333333333333

Residual: 0.27874706159977564


epsilon: 5.00375

m: 7.0

Residual: 0.29783895727700965


epsilon: 5.336666666666667

m: 3.0

Residual: 0.9798012081650825


epsilon: 5.336666666666667

m: 3.1666666666666665

Residual: 0.9716965283366842


epsilon: 5.336666666666667

m: 3.3333333333333335

Residual: 0.9607603019443468


epsilon: 5.336666666666667

m: 3.5

Residual: 0.9460285360877431


epsilon: 5.336666666666667

m: 3.6666666666666665

Residual: 0.9268675873960255


epsilon: 5.336666666666667

m: 3.833333333333333

Residual: 0.9027727499499812


epsilon: 5.336666666666667

m: 4.0

Residual: 0.8720680145592601


epsilon: 5.336666666666667

m: 4.166666666666666

Residual: 0.8354178553602246


epsilon: 5.336666666666667

m: 4.333333333333333

Residual: 0.7939373488952941


epsilon: 5.336666666666667

m: 4.5

Residual: 0.7355769163517922


epsilon: 5.336666666666667

m: 4.666666666666666

Residual: 0.6814639637038842


epsilon: 5.336666666666667

m: 4.833333333333333

Residual: 0.6102119199942996


epsilon: 5.336666666666667

m: 5.0

Residual: 0.5449379125054439


epsilon: 5.336666666666667

m: 5.166666666666666

Residual: 0.5000003533514502


epsilon: 5.336666666666667

m: 5.333333333333333

Residual: 0.43644321581319406


epsilon: 5.336666666666667

m: 5.5

Residual: 0.33189388015824656


epsilon: 5.336666666666667

m: 5.666666666666666

Residual: 0.25647317885325477


epsilon: 5.336666666666667

m: 5.833333333333333

Residual: 0.2765995832760559


epsilon: 5.336666666666667

m: 6.0

Residual: 0.1787676268563157


epsilon: 5.336666666666667

m: 6.166666666666666

Residual: 0.17536386380905022


epsilon: 5.336666666666667

m: 6.333333333333333

Residual: 0.19132190812915906


epsilon: 5.336666666666667

m: 6.5

Residual: 0.24906719769170696


epsilon: 5.336666666666667

m: 6.666666666666666

Residual: 0.2049746826366437


epsilon: 5.336666666666667

m: 6.833333333333333

Residual: 0.3949695233136989


epsilon: 5.336666666666667

m: 7.0

Residual: 0.24739327672214115


epsilon: 5.669583333333334

m: 3.0

Residual: 0.9810330060006662


epsilon: 5.669583333333334

m: 3.1666666666666665

Residual: 0.9733392808669156


epsilon: 5.669583333333334

m: 3.3333333333333335

Residual: 0.9629084513357983


epsilon: 5.669583333333334

m: 3.5

Residual: 0.9492907003807279


epsilon: 5.669583333333334

m: 3.6666666666666665

Residual: 0.9315696786733058


epsilon: 5.669583333333334

m: 3.833333333333333

Residual: 0.9088645228021539


epsilon: 5.669583333333334

m: 4.0

Residual: 0.8798556145329983


epsilon: 5.669583333333334

m: 4.166666666666666

Residual: 0.8443053092026054


epsilon: 5.669583333333334

m: 4.333333333333333

Residual: 0.8029791725937333


epsilon: 5.669583333333334

m: 4.5

Residual: 0.7519461624206091


epsilon: 5.669583333333334

m: 4.666666666666666

Residual: 0.6995574881425509


epsilon: 5.669583333333334

m: 4.833333333333333

Residual: 0.6429247124112608


epsilon: 5.669583333333334

m: 5.0

Residual: 0.5800814999969903


epsilon: 5.669583333333334

m: 5.166666666666666

Residual: 0.49352497198843465


epsilon: 5.669583333333334

m: 5.333333333333333

Residual: 0.41996088589014474


epsilon: 5.669583333333334

m: 5.5

Residual: 0.34016029812978554


epsilon: 5.669583333333334

m: 5.666666666666666

Residual: 0.29128298923708146


epsilon: 5.669583333333334

m: 5.833333333333333

Residual: 0.24315742864775886


epsilon: 5.669583333333334

m: 6.0

Residual: 0.240278888694727


epsilon: 5.669583333333334

m: 6.166666666666666

Residual: 0.20582259329925226


epsilon: 5.669583333333334

m: 6.333333333333333

Residual: 0.2437509280784812


epsilon: 5.669583333333334

m: 6.5

Residual: 0.26026977007728846


epsilon: 5.669583333333334

m: 6.666666666666666

Residual: 0.2079260342957731


epsilon: 5.669583333333334

m: 6.833333333333333

Residual: 0.2813872270793678


epsilon: 5.669583333333334

m: 7.0

Residual: 0.3259714398457549


epsilon: 6.0025

m: 3.0

Residual: 0.982054138414301


epsilon: 6.0025

m: 3.1666666666666665

Residual: 0.9747305366220406


epsilon: 6.0025

m: 3.3333333333333335

Residual: 0.9649158374636102


epsilon: 6.0025

m: 3.5

Residual: 0.951802167884311


epsilon: 6.0025

m: 3.6666666666666665

Residual: 0.9352567143575922


epsilon: 6.0025

m: 3.833333333333333

Residual: 0.9131097143808709


epsilon: 6.0025

m: 4.0

Residual: 0.8856888020424181


epsilon: 6.0025

m: 4.166666666666666

Residual: 0.8489987839113468


epsilon: 6.0025

m: 4.333333333333333

Residual: 0.8101733016390693


epsilon: 6.0025

m: 4.5

Residual: 0.766007692847625


epsilon: 6.0025

m: 4.666666666666666

Residual: 0.7131314701969911


epsilon: 6.0025

m: 4.833333333333333

Residual: 0.6455882651265653


epsilon: 6.0025

m: 5.0

Residual: 0.5930358045088957


epsilon: 6.0025

m: 5.166666666666666

Residual: 0.5486448859268452


epsilon: 6.0025

m: 5.333333333333333

Residual: 0.44628580235723125


epsilon: 6.0025

m: 5.5

Residual: 0.3832494934842988


epsilon: 6.0025

m: 5.666666666666666

Residual: 0.30477787035198334


epsilon: 6.0025

m: 5.833333333333333

Residual: 0.24330416841495398


epsilon: 6.0025

m: 6.0

Residual: 0.2202331153548697


epsilon: 6.0025

m: 6.166666666666666

Residual: 0.19391837698988662


epsilon: 6.0025

m: 6.333333333333333

Residual: 0.2523086646771567


epsilon: 6.0025

m: 6.5

Residual: 0.2626131829747287


epsilon: 6.0025

m: 6.666666666666666

Residual: 0.246699448515263


epsilon: 6.0025

m: 6.833333333333333

Residual: 0.23957765083914717


epsilon: 6.0025

m: 7.0

Residual: 0.2787672757884177


epsilon: 6.335416666666667

m: 3.0

Residual: 0.9829936893647464


epsilon: 6.335416666666667

m: 3.1666666666666665

Residual: 0.9760861054345323


epsilon: 6.335416666666667

m: 3.3333333333333335

Residual: 0.9666613286688095


epsilon: 6.335416666666667

m: 3.5

Residual: 0.9544435633646934


epsilon: 6.335416666666667

m: 3.6666666666666665

Residual: 0.9378883834929349


epsilon: 6.335416666666667

m: 3.833333333333333

Residual: 0.917208642833494


epsilon: 6.335416666666667

m: 4.0

Residual: 0.8918335610810101


epsilon: 6.335416666666667

m: 4.166666666666666

Residual: 0.8603922601349453


epsilon: 6.335416666666667

m: 4.333333333333333

Residual: 0.8227939585983867


epsilon: 6.335416666666667

m: 4.5

Residual: 0.7778371248093112


epsilon: 6.335416666666667

m: 4.666666666666666

Residual: 0.7281370020438968


epsilon: 6.335416666666667

m: 4.833333333333333

Residual: 0.6622403941265458


epsilon: 6.335416666666667

m: 5.0

Residual: 0.6117688096127571


epsilon: 6.335416666666667

m: 5.166666666666666

Residual: 0.5416116768458207


epsilon: 6.335416666666667

m: 5.333333333333333

Residual: 0.4749048144788639


epsilon: 6.335416666666667

m: 5.5

Residual: 0.4191306068787565


epsilon: 6.335416666666667

m: 5.666666666666666

Residual: 0.3523696223131815


epsilon: 6.335416666666667

m: 5.833333333333333

Residual: 0.28682278935418776


epsilon: 6.335416666666667

m: 6.0

Residual: 0.2410204528728957


epsilon: 6.335416666666667

m: 6.166666666666666

Residual: 0.33487279117950264


epsilon: 6.335416666666667

m: 6.333333333333333

Residual: 0.3955848823167953


epsilon: 6.335416666666667

m: 6.5

Residual: 0.2641728653699058


epsilon: 6.335416666666667

m: 6.666666666666666

Residual: 0.2756451104440201


epsilon: 6.335416666666667

m: 6.833333333333333

Residual: 0.23497140969563307


epsilon: 6.335416666666667

m: 7.0

Residual: 0.22768269036781036


epsilon: 6.668333333333334

m: 3.0

Residual: 0.9838119629563715


epsilon: 6.668333333333334

m: 3.1666666666666665

Residual: 0.9772766095851507


epsilon: 6.668333333333334

m: 3.3333333333333335

Residual: 0.9684763295258173


epsilon: 6.668333333333334

m: 3.5

Residual: 0.9566425682037699


epsilon: 6.668333333333334

m: 3.6666666666666665

Residual: 0.9413032166788986


epsilon: 6.668333333333334

m: 3.833333333333333

Residual: 0.9214365715545345


epsilon: 6.668333333333334

m: 4.0

Residual: 0.8960471023306721


epsilon: 6.668333333333334

m: 4.166666666666666

Residual: 0.8655194416121288


epsilon: 6.668333333333334

m: 4.333333333333333

Residual: 0.8281113079205137


epsilon: 6.668333333333334

m: 4.5

Residual: 0.7868258158671659


epsilon: 6.668333333333334

m: 4.666666666666666

Residual: 0.7345343490533248


epsilon: 6.668333333333334

m: 4.833333333333333

Residual: 0.6832845486802249


epsilon: 6.668333333333334

m: 5.0

Residual: 0.6334555815915592


epsilon: 6.668333333333334

m: 5.166666666666666

Residual: 0.5804768952375842


epsilon: 6.668333333333334

m: 5.333333333333333

Residual: 0.5009517461435063


epsilon: 6.668333333333334

m: 5.5

Residual: 0.4129651111449377


epsilon: 6.668333333333334

m: 5.666666666666666

Residual: 0.38543629398334506


epsilon: 6.668333333333334

m: 5.833333333333333

Residual: 0.30619808434630785


epsilon: 6.668333333333334

m: 6.0

Residual: 0.31421541209080406


epsilon: 6.668333333333334

m: 6.166666666666666

Residual: 0.2463868198430314


epsilon: 6.668333333333334

m: 6.333333333333333

Residual: 0.2719394568365334


epsilon: 6.668333333333334

m: 6.5

Residual: 0.28038989666541136


epsilon: 6.668333333333334

m: 6.666666666666666

Residual: 0.21583893165926174


epsilon: 6.668333333333334

m: 6.833333333333333

Residual: 0.26295674924854406


epsilon: 6.668333333333334

m: 7.0

Residual: 0.23250314203547276


epsilon: 7.001250000000001

m: 3.0

Residual: 0.9845935499672439


epsilon: 7.001250000000001

m: 3.1666666666666665

Residual: 0.9783863639287568


epsilon: 7.001250000000001

m: 3.3333333333333335

Residual: 0.9699377774987307


epsilon: 7.001250000000001

m: 3.5

Residual: 0.958609459706917


epsilon: 7.001250000000001

m: 3.6666666666666665

Residual: 0.9440202144054161


epsilon: 7.001250000000001

m: 3.833333333333333

Residual: 0.9254749790406138


epsilon: 7.001250000000001

m: 4.0

Residual: 0.9019155637401779


epsilon: 7.001250000000001

m: 4.166666666666666

Residual: 0.8717427929879837


epsilon: 7.001250000000001

m: 4.333333333333333

Residual: 0.8368180413723054


epsilon: 7.001250000000001

m: 4.5

Residual: 0.7970332596805397


epsilon: 7.001250000000001

m: 4.666666666666666

Residual: 0.7477614667102946


epsilon: 7.001250000000001

m: 4.833333333333333

Residual: 0.6909089334764277


epsilon: 7.001250000000001

m: 5.0

Residual: 0.6380722641057148


epsilon: 7.001250000000001

m: 5.166666666666666

Residual: 0.5761191494845633


epsilon: 7.001250000000001

m: 5.333333333333333

Residual: 0.5157047543947522


epsilon: 7.001250000000001

m: 5.5

Residual: 0.4672404165022196


epsilon: 7.001250000000001

m: 5.666666666666666

Residual: 0.3837472867362712


epsilon: 7.001250000000001

m: 5.833333333333333

Residual: 0.34661095130342734


epsilon: 7.001250000000001

m: 6.0

Residual: 0.28667664588641945


epsilon: 7.001250000000001

m: 6.166666666666666

Residual: 0.3637479851192282


epsilon: 7.001250000000001

m: 6.333333333333333

Residual: 0.24523262272379742


epsilon: 7.001250000000001

m: 6.5

Residual: 0.2891212601795725


epsilon: 7.001250000000001

m: 6.666666666666666

Residual: 0.2065658741481347


epsilon: 7.001250000000001

m: 6.833333333333333

Residual: 0.303884959377787


epsilon: 7.001250000000001

m: 7.0

Residual: 0.235382805988332


epsilon: 7.334166666666667

m: 3.0

Residual: 0.9852859011019405


epsilon: 7.334166666666667

m: 3.1666666666666665

Residual: 0.9793362966972105


epsilon: 7.334166666666667

m: 3.3333333333333335

Residual: 0.971160258425937


epsilon: 7.334166666666667

m: 3.5

Residual: 0.9602614885682628


epsilon: 7.334166666666667

m: 3.6666666666666665

Residual: 0.9466404695073056


epsilon: 7.334166666666667

m: 3.833333333333333

Residual: 0.9281485493625271


epsilon: 7.334166666666667

m: 4.0

Residual: 0.906557179061093


epsilon: 7.334166666666667

m: 4.166666666666666

Residual: 0.8787973132271822


epsilon: 7.334166666666667

m: 4.333333333333333

Residual: 0.8429923668360038


epsilon: 7.334166666666667

m: 4.5

Residual: 0.8012986233056285


epsilon: 7.334166666666667

m: 4.666666666666666

Residual: 0.7567572802120675


epsilon: 7.334166666666667

m: 4.833333333333333

Residual: 0.7046194984288484


epsilon: 7.334166666666667

m: 5.0

Residual: 0.6841259740020502


epsilon: 7.334166666666667

m: 5.166666666666666

Residual: 0.5832697271693492


epsilon: 7.334166666666667

m: 5.333333333333333

Residual: 0.5666537697016365


epsilon: 7.334166666666667

m: 5.5

Residual: 0.4656407790291866


epsilon: 7.334166666666667

m: 5.666666666666666

Residual: 0.4828951339912077


epsilon: 7.334166666666667

m: 5.833333333333333

Residual: 0.33359666414569966


epsilon: 7.334166666666667

m: 6.0

Residual: 0.3400329463798424


epsilon: 7.334166666666667

m: 6.166666666666666

Residual: 0.26955437585292696


epsilon: 7.334166666666667

m: 6.333333333333333

Residual: 0.30121383367348914


epsilon: 7.334166666666667

m: 6.5

Residual: 0.25414645313190454


epsilon: 7.334166666666667

m: 6.666666666666666

Residual: 0.2521161502209471


epsilon: 7.334166666666667

m: 6.833333333333333

Residual: 0.24182552996764242


epsilon: 7.334166666666667

m: 7.0

Residual: 0.34683322286005225


epsilon: 7.667083333333334

m: 3.0

Residual: 0.9859242836574643


epsilon: 7.667083333333334

m: 3.1666666666666665

Residual: 0.9802283650935784


epsilon: 7.667083333333334

m: 3.3333333333333335

Residual: 0.9725185137031023


epsilon: 7.667083333333334

m: 3.5

Residual: 0.9620967675211771


epsilon: 7.667083333333334

m: 3.6666666666666665

Residual: 0.9488379586052603


epsilon: 7.667083333333334

m: 3.833333333333333

Residual: 0.9304022168341562


epsilon: 7.667083333333334

m: 4.0

Residual: 0.9098634039014971


epsilon: 7.667083333333334

m: 4.166666666666666

Residual: 0.8821662139626283


epsilon: 7.667083333333334

m: 4.333333333333333

Residual: 0.8502227721226479


epsilon: 7.667083333333334

m: 4.5

Residual: 0.8078355035519843


epsilon: 7.667083333333334

m: 4.666666666666666

Residual: 0.7595304270146598


epsilon: 7.667083333333334

m: 4.833333333333333

Residual: 0.7231861606001602


epsilon: 7.667083333333334

m: 5.0

Residual: 0.6603691687183362


epsilon: 7.667083333333334

m: 5.166666666666666

Residual: 0.6107708934430844


epsilon: 7.667083333333334

m: 5.333333333333333

Residual: 0.5578325040385017


epsilon: 7.667083333333334

m: 5.5

Residual: 0.5124139619667908


epsilon: 7.667083333333334

m: 5.666666666666666

Residual: 0.4167661401535737


epsilon: 7.667083333333334

m: 5.833333333333333

Residual: 0.36060974508165905


epsilon: 7.667083333333334

m: 6.0

Residual: 0.3381762238271312


epsilon: 7.667083333333334

m: 6.166666666666666

Residual: 0.29312722983940387


epsilon: 7.667083333333334

m: 6.333333333333333

Residual: 0.3269586683779925


epsilon: 7.667083333333334

m: 6.5

Residual: 0.3123220513947574


epsilon: 7.667083333333334

m: 6.666666666666666

Residual: 0.3129706733563236


epsilon: 7.667083333333334

m: 6.833333333333333

Residual: 0.32629810582549446


epsilon: 7.667083333333334

m: 7.0

Residual: 0.24842742992676425


epsilon: 8.0

m: 3.0

Residual: 0.9865214183997809


epsilon: 8.0

m: 3.1666666666666665

Residual: 0.981016229883538


epsilon: 8.0

m: 3.3333333333333335

Residual: 0.9736256586957676


epsilon: 8.0

m: 3.5

Residual: 0.9635328033109256


epsilon: 8.0

m: 3.6666666666666665

Residual: 0.9510286522231426


epsilon: 8.0

m: 3.833333333333333

Residual: 0.9343478087578024


epsilon: 8.0

m: 4.0

Residual: 0.9138437027167822


epsilon: 8.0

m: 4.166666666666666

Residual: 0.8867885596232931


epsilon: 8.0

m: 4.333333333333333

Residual: 0.8569170924056452


epsilon: 8.0

m: 4.5

Residual: 0.8190670773774724


epsilon: 8.0

m: 4.666666666666666

Residual: 0.7760383847800736


epsilon: 8.0

m: 4.833333333333333

Residual: 0.7326588535467243


epsilon: 8.0

m: 5.0

Residual: 0.7049701850776071


epsilon: 8.0

m: 5.166666666666666

Residual: 0.6031774872730175


epsilon: 8.0

m: 5.333333333333333

Residual: 0.568495589769213


epsilon: 8.0

m: 5.5

Residual: 0.5116580782423519


epsilon: 8.0

m: 5.666666666666666

Residual: 0.4535046868538376


epsilon: 8.0

m: 5.833333333333333

Residual: 0.3584697958496728


epsilon: 8.0

m: 6.0

Residual: 0.31833883758592496


epsilon: 8.0

m: 6.166666666666666

Residual: 0.36620722432930736


epsilon: 8.0

m: 6.333333333333333

Residual: 0.23377505269475504


epsilon: 8.0

m: 6.5

Residual: 0.3523534776325978


epsilon: 8.0

m: 6.666666666666666

Residual: 0.2928406687057474


epsilon: 8.0

m: 6.833333333333333

Residual: 0.3623321529518302


epsilon: 8.0

m: 7.0

Residual: 0.34235429097731535


