n: 12.0

m: 5.0

epsilon: 0.1

Residual: 0.347855035805443


n: 12.0

m: 5.0

epsilon: 0.1

Residual: 0.34801462956060286


n: 12.0

m: 5.0

epsilon: 0.2285714285714286

Residual: 0.12962679967621585


n: 12.0

m: 5.0

epsilon: 0.3571428571428572

Residual: 0.2669534725304835


n: 12.0

m: 5.0

epsilon: 0.48571428571428577

Residual: 0.40159941270414135


n: 12.0

m: 5.0

epsilon: 0.6142857142857143

Residual: 0.49670465670835984


n: 12.0

m: 5.0

epsilon: 0.7428571428571429

Residual: 0.5640998573490912


n: 12.0

m: 5.0

epsilon: 0.8714285714285716

Residual: 0.6161863774430439


n: 12.0

m: 5.0

epsilon: 1.0000000000000002

Residual: 0.6568332204848151


n: 12.0

m: 5.285714285714286

epsilon: 0.1

Residual: 0.3989778659132008


n: 12.0

m: 5.285714285714286

epsilon: 0.2285714285714286

Residual: 0.10805372149305889


n: 12.0

m: 5.285714285714286

epsilon: 0.3571428571428572

Residual: 0.2093484602339186


n: 12.0

m: 5.285714285714286

epsilon: 0.48571428571428577

Residual: 0.35160919631881854


n: 12.0

m: 5.285714285714286

epsilon: 0.6142857142857143

Residual: 0.44861142190990055


n: 12.0

m: 5.285714285714286

epsilon: 0.7428571428571429

Residual: 0.5232591796047414


n: 12.0

m: 5.285714285714286

epsilon: 0.8714285714285716

Residual: 0.5767530852725938


n: 12.0

m: 5.285714285714286

epsilon: 1.0000000000000002

Residual: 0.6214491895937407


n: 12.0

m: 5.571428571428571

epsilon: 0.1

Residual: 0.44636361980343814


n: 12.0

m: 5.571428571428571

epsilon: 0.2285714285714286

Residual: 0.09898544312603372


n: 12.0

m: 5.571428571428571

epsilon: 0.3571428571428572

Residual: 0.16193811282516551


n: 12.0

m: 5.571428571428571

epsilon: 0.48571428571428577

Residual: 0.3012212747155299


n: 12.0

m: 5.571428571428571

epsilon: 0.6142857142857143

Residual: 0.40465412355299035


n: 12.0

m: 5.571428571428571

epsilon: 0.7428571428571429

Residual: 0.4798923594551778


n: 12.0

m: 5.571428571428571

epsilon: 0.8714285714285716

Residual: 0.5384101687946565


n: 12.0

m: 5.571428571428571

epsilon: 1.0000000000000002

Residual: 0.5868692072311363


n: 12.0

m: 5.857142857142857

epsilon: 0.1

Residual: 0.48797493708300693


n: 12.0

m: 5.857142857142857

epsilon: 0.2285714285714286

Residual: 0.11626060897499013


n: 12.0

m: 5.857142857142857

epsilon: 0.3571428571428572

Residual: 0.12061766610450429


n: 12.0

m: 5.857142857142857

epsilon: 0.48571428571428577

Residual: 0.2534822982921931


n: 12.0

m: 5.857142857142857

epsilon: 0.6142857142857143

Residual: 0.3583520959165655


n: 12.0

m: 5.857142857142857

epsilon: 0.7428571428571429

Residual: 0.43905432604643824


n: 12.0

m: 5.857142857142857

epsilon: 0.8714285714285716

Residual: 0.503103742655055


n: 12.0

m: 5.857142857142857

epsilon: 1.0000000000000002

Residual: 0.5516920329253495


n: 12.0

m: 6.142857142857142

epsilon: 0.1

Residual: 0.5226725643446501


n: 12.0

m: 6.142857142857142

epsilon: 0.2285714285714286

Residual: 0.16387754899400467


n: 12.0

m: 6.142857142857142

epsilon: 0.3571428571428572

Residual: 0.08128013560769094


n: 12.0

m: 6.142857142857142

epsilon: 0.48571428571428577

Residual: 0.20692582399500006


n: 12.0

m: 6.142857142857142

epsilon: 0.6142857142857143

Residual: 0.31839033250154114


n: 12.0

m: 6.142857142857142

epsilon: 0.7428571428571429

Residual: 0.40120262929653944


n: 12.0

m: 6.142857142857142

epsilon: 0.8714285714285716

Residual: 0.4649369030634084


n: 12.0

m: 6.142857142857142

epsilon: 1.0000000000000002

Residual: 0.5172022737968717


n: 12.0

m: 6.428571428571429

epsilon: 0.1

Residual: 0.5533265496528981


n: 12.0

m: 6.428571428571429

epsilon: 0.2285714285714286

Residual: 0.2067363117810655


n: 12.0

m: 6.428571428571429

epsilon: 0.3571428571428572

Residual: 0.05474138916929537


n: 12.0

m: 6.428571428571429

epsilon: 0.48571428571428577

Residual: 0.16449861871901672


n: 12.0

m: 6.428571428571429

epsilon: 0.6142857142857143

Residual: 0.27553242607608214


n: 12.0

m: 6.428571428571429

epsilon: 0.7428571428571429

Residual: 0.36074659592225256


n: 12.0

m: 6.428571428571429

epsilon: 0.8714285714285716

Residual: 0.4291107370532588


n: 12.0

m: 6.428571428571429

epsilon: 1.0000000000000002

Residual: 0.48355176278463347


n: 12.0

m: 6.714285714285714

epsilon: 0.1

Residual: 0.5817132066697029


n: 12.0

m: 6.714285714285714

epsilon: 0.2285714285714286

Residual: 0.24757993402858874


n: 12.0

m: 6.714285714285714

epsilon: 0.3571428571428572

Residual: 0.042621185442702436


n: 12.0

m: 6.714285714285714

epsilon: 0.48571428571428577

Residual: 0.12562936087830343


n: 12.0

m: 6.714285714285714

epsilon: 0.6142857142857143

Residual: 0.23792921043624327


n: 12.0

m: 6.714285714285714

epsilon: 0.7428571428571429

Residual: 0.3250823388839024


n: 12.0

m: 6.714285714285714

epsilon: 0.8714285714285716

Residual: 0.3922630417538307


n: 12.0

m: 6.714285714285714

epsilon: 1.0000000000000002

Residual: 0.45146410164069073


n: 12.0

m: 7.0

epsilon: 0.1

Residual: 0.6086158065429808


n: 12.0

m: 7.0

epsilon: 0.2285714285714286

Residual: 0.28488059246871383


n: 12.0

m: 7.0

epsilon: 0.3571428571428572

Residual: 0.06884749703554965


n: 12.0

m: 7.0

epsilon: 0.48571428571428577

Residual: 0.08319452411905472


n: 12.0

m: 7.0

epsilon: 0.6142857142857143

Residual: 0.20310761704198776


n: 12.0

m: 7.0

epsilon: 0.7428571428571429

Residual: 0.2900039396540285


n: 12.0

m: 7.0

epsilon: 0.8714285714285716

Residual: 0.3575755536445731


n: 12.0

m: 7.0

epsilon: 1.0000000000000002

Residual: 0.41648743472591776


n: 16.714285714285715

m: 5.0

epsilon: 0.1

Residual: 0.4484824549325504


n: 16.714285714285715

m: 5.0

epsilon: 0.2285714285714286

Residual: 0.11803901894276742


n: 16.714285714285715

m: 5.0

epsilon: 0.3571428571428572

Residual: 0.1633105904024924


n: 16.714285714285715

m: 5.0

epsilon: 0.48571428571428577

Residual: 0.2981315810026411


n: 16.714285714285715

m: 5.0

epsilon: 0.6142857142857143

Residual: 0.40154403740135386


n: 16.714285714285715

m: 5.0

epsilon: 0.7428571428571429

Residual: 0.47799496507276373


n: 16.714285714285715

m: 5.0

epsilon: 0.8714285714285716

Residual: 0.5364141781440673


n: 16.714285714285715

m: 5.0

epsilon: 1.0000000000000002

Residual: 0.5835533822929702


n: 16.714285714285715

m: 5.285714285714286

epsilon: 0.1

Residual: 0.5000613888139195


n: 16.714285714285715

m: 5.285714285714286

epsilon: 0.2285714285714286

Residual: 0.13880044589937166


n: 16.714285714285715

m: 5.285714285714286

epsilon: 0.3571428571428572

Residual: 0.11260198906097796


n: 16.714285714285715

m: 5.285714285714286

epsilon: 0.48571428571428577

Residual: 0.2379094868787025


n: 16.714285714285715

m: 5.285714285714286

epsilon: 0.6142857142857143

Residual: 0.3438712991021228


n: 16.714285714285715

m: 5.285714285714286

epsilon: 0.7428571428571429

Residual: 0.424820633871972


n: 16.714285714285715

m: 5.285714285714286

epsilon: 0.8714285714285716

Residual: 0.48893935325112176


n: 16.714285714285715

m: 5.285714285714286

epsilon: 1.0000000000000002

Residual: 0.5385809020133376


n: 16.714285714285715

m: 5.571428571428571

epsilon: 0.1

Residual: 0.5436360815264246


n: 16.714285714285715

m: 5.571428571428571

epsilon: 0.2285714285714286

Residual: 0.19214039638554503


n: 16.714285714285715

m: 5.571428571428571

epsilon: 0.3571428571428572

Residual: 0.07541949588324162


n: 16.714285714285715

m: 5.571428571428571

epsilon: 0.48571428571428577

Residual: 0.18004155965333307


n: 16.714285714285715

m: 5.571428571428571

epsilon: 0.6142857142857143

Residual: 0.2921006313185908


n: 16.714285714285715

m: 5.571428571428571

epsilon: 0.7428571428571429

Residual: 0.37409175078303414


n: 16.714285714285715

m: 5.571428571428571

epsilon: 0.8714285714285716

Residual: 0.4436194506454068


n: 16.714285714285715

m: 5.571428571428571

epsilon: 1.0000000000000002

Residual: 0.49617683440883115


n: 16.714285714285715

m: 5.857142857142857

epsilon: 0.1

Residual: 0.5809383315956689


n: 16.714285714285715

m: 5.857142857142857

epsilon: 0.2285714285714286

Residual: 0.2468181480495792


n: 16.714285714285715

m: 5.857142857142857

epsilon: 0.3571428571428572

Residual: 0.048191882684165924


n: 16.714285714285715

m: 5.857142857142857

epsilon: 0.48571428571428577

Residual: 0.12601655721991073


n: 16.714285714285715

m: 5.857142857142857

epsilon: 0.6142857142857143

Residual: 0.2400112923455498


n: 16.714285714285715

m: 5.857142857142857

epsilon: 0.7428571428571429

Residual: 0.3247219099789556


n: 16.714285714285715

m: 5.857142857142857

epsilon: 0.8714285714285716

Residual: 0.3972962162474962


n: 16.714285714285715

m: 5.857142857142857

epsilon: 1.0000000000000002

Residual: 0.45274913886734974


n: 16.714285714285715

m: 6.142857142857142

epsilon: 0.1

Residual: 0.6155361030617182


n: 16.714285714285715

m: 6.142857142857142

epsilon: 0.2285714285714286

Residual: 0.29207821905101217


n: 16.714285714285715

m: 6.142857142857142

epsilon: 0.3571428571428572

Residual: 0.07820059704926817


n: 16.714285714285715

m: 6.142857142857142

epsilon: 0.48571428571428577

Residual: 0.07861877245815872


n: 16.714285714285715

m: 6.142857142857142

epsilon: 0.6142857142857143

Residual: 0.1917733466804867


n: 16.714285714285715

m: 6.142857142857142

epsilon: 0.7428571428571429

Residual: 0.2787629597794163


n: 16.714285714285715

m: 6.142857142857142

epsilon: 0.8714285714285716

Residual: 0.3519315965087243


n: 16.714285714285715

m: 6.142857142857142

epsilon: 1.0000000000000002

Residual: 0.4090320543449435


n: 16.714285714285715

m: 6.428571428571429

epsilon: 0.1

Residual: 0.6439806190139571


n: 16.714285714285715

m: 6.428571428571429

epsilon: 0.2285714285714286

Residual: 0.33277204610460537


n: 16.714285714285715

m: 6.428571428571429

epsilon: 0.3571428571428572

Residual: 0.12970993562444877


n: 16.714285714285715

m: 6.428571428571429

epsilon: 0.48571428571428577

Residual: 0.042056892237620554


n: 16.714285714285715

m: 6.428571428571429

epsilon: 0.6142857142857143

Residual: 0.14480882410122217


n: 16.714285714285715

m: 6.428571428571429

epsilon: 0.7428571428571429

Residual: 0.23563815649091402


n: 16.714285714285715

m: 6.428571428571429

epsilon: 0.8714285714285716

Residual: 0.309710511899733


n: 16.714285714285715

m: 6.428571428571429

epsilon: 1.0000000000000002

Residual: 0.3694573201971251


n: 16.714285714285715

m: 6.714285714285714

epsilon: 0.1

Residual: 0.671446793728873


n: 16.714285714285715

m: 6.714285714285714

epsilon: 0.2285714285714286

Residual: 0.3768132719548731


n: 16.714285714285715

m: 6.714285714285714

epsilon: 0.3571428571428572

Residual: 0.17140559248139697


n: 16.714285714285715

m: 6.714285714285714

epsilon: 0.48571428571428577

Residual: 0.033704548203174554


n: 16.714285714285715

m: 6.714285714285714

epsilon: 0.6142857142857143

Residual: 0.10296186081464372


n: 16.714285714285715

m: 6.714285714285714

epsilon: 0.7428571428571429

Residual: 0.18924615922737084


n: 16.714285714285715

m: 6.714285714285714

epsilon: 0.8714285714285716

Residual: 0.2652601754461907


n: 16.714285714285715

m: 6.714285714285714

epsilon: 1.0000000000000002

Residual: 0.32780750770422445


n: 16.714285714285715

m: 7.0

epsilon: 0.1

Residual: 0.6925951560513016


n: 16.714285714285715

m: 7.0

epsilon: 0.2285714285714286

Residual: 0.41583845395371616


n: 16.714285714285715

m: 7.0

epsilon: 0.3571428571428572

Residual: 0.2142222453682651


n: 16.714285714285715

m: 7.0

epsilon: 0.48571428571428577

Residual: 0.060584846816611214


n: 16.714285714285715

m: 7.0

epsilon: 0.6142857142857143

Residual: 0.07295600341799756


n: 16.714285714285715

m: 7.0

epsilon: 0.7428571428571429

Residual: 0.154377536278767


n: 16.714285714285715

m: 7.0

epsilon: 0.8714285714285716

Residual: 0.22148091237456224


n: 16.714285714285715

m: 7.0

epsilon: 1.0000000000000002

Residual: 0.29052669919260077


n: 21.42857142857143

m: 5.0

epsilon: 0.1

Residual: 0.5036202735237363


n: 21.42857142857143

m: 5.0

epsilon: 0.2285714285714286

Residual: 0.15193665081223529


n: 21.42857142857143

m: 5.0

epsilon: 0.3571428571428572

Residual: 0.11356019379765511


n: 21.42857142857143

m: 5.0

epsilon: 0.48571428571428577

Residual: 0.23053188094824564


n: 21.42857142857143

m: 5.0

epsilon: 0.6142857142857143

Residual: 0.3396793921991629


n: 21.42857142857143

m: 5.0

epsilon: 0.7428571428571429

Residual: 0.4198712651418257


n: 21.42857142857143

m: 5.0

epsilon: 0.8714285714285716

Residual: 0.4855677358731349


n: 21.42857142857143

m: 5.0

epsilon: 1.0000000000000002

Residual: 0.5358487399661427


n: 21.42857142857143

m: 5.285714285714286

epsilon: 0.1

Residual: 0.5508623869122767


n: 21.42857142857143

m: 5.285714285714286

epsilon: 0.2285714285714286

Residual: 0.2054422838022527


n: 21.42857142857143

m: 5.285714285714286

epsilon: 0.3571428571428572

Residual: 0.07618335937500856


n: 21.42857142857143

m: 5.285714285714286

epsilon: 0.48571428571428577

Residual: 0.1692169830639004


n: 21.42857142857143

m: 5.285714285714286

epsilon: 0.6142857142857143

Residual: 0.27881785087418137


n: 21.42857142857143

m: 5.285714285714286

epsilon: 0.7428571428571429

Residual: 0.3632514244580402


n: 21.42857142857143

m: 5.285714285714286

epsilon: 0.8714285714285716

Residual: 0.43092955293048757


n: 21.42857142857143

m: 5.285714285714286

epsilon: 1.0000000000000002

Residual: 0.4855718490820642


n: 21.42857142857143

m: 5.571428571428571

epsilon: 0.1

Residual: 0.5930713455234141


n: 21.42857142857143

m: 5.571428571428571

epsilon: 0.2285714285714286

Residual: 0.2629921093913586


n: 21.42857142857143

m: 5.571428571428571

epsilon: 0.3571428571428572

Residual: 0.06551367886330486


n: 21.42857142857143

m: 5.571428571428571

epsilon: 0.48571428571428577

Residual: 0.10736671149249492


n: 21.42857142857143

m: 5.571428571428571

epsilon: 0.6142857142857143

Residual: 0.21939650842817393


n: 21.42857142857143

m: 5.571428571428571

epsilon: 0.7428571428571429

Residual: 0.3070688239037946


n: 21.42857142857143

m: 5.571428571428571

epsilon: 0.8714285714285716

Residual: 0.37922431170436843


n: 21.42857142857143

m: 5.571428571428571

epsilon: 1.0000000000000002

Residual: 0.43648137766497214


n: 21.42857142857143

m: 5.857142857142857

epsilon: 0.1

Residual: 0.630274925499965


n: 21.42857142857143

m: 5.857142857142857

epsilon: 0.2285714285714286

Residual: 0.3191825668740932


n: 21.42857142857143

m: 5.857142857142857

epsilon: 0.3571428571428572

Residual: 0.10634290865069264


n: 21.42857142857143

m: 5.857142857142857

epsilon: 0.48571428571428577

Residual: 0.05882980426302822


n: 21.42857142857143

m: 5.857142857142857

epsilon: 0.6142857142857143

Residual: 0.1605142580954283


n: 21.42857142857143

m: 5.857142857142857

epsilon: 0.7428571428571429

Residual: 0.2557584097150448


n: 21.42857142857143

m: 5.857142857142857

epsilon: 0.8714285714285716

Residual: 0.32983679848446723


n: 21.42857142857143

m: 5.857142857142857

epsilon: 1.0000000000000002

Residual: 0.38513525734686566


n: 21.42857142857143

m: 6.142857142857142

epsilon: 0.1

Residual: 0.6615140180692233


n: 21.42857142857143

m: 6.142857142857142

epsilon: 0.2285714285714286

Residual: 0.3658567028972842


n: 21.42857142857143

m: 6.142857142857142

epsilon: 0.3571428571428572

Residual: 0.15967818331881398


n: 21.42857142857143

m: 6.142857142857142

epsilon: 0.48571428571428577

Residual: 0.02435896098297636


n: 21.42857142857143

m: 6.142857142857142

epsilon: 0.6142857142857143

Residual: 0.10930174421605782


n: 21.42857142857143

m: 6.142857142857142

epsilon: 0.7428571428571429

Residual: 0.1997939619642786


n: 21.42857142857143

m: 6.142857142857142

epsilon: 0.8714285714285716

Residual: 0.27671438861365716


n: 21.42857142857143

m: 6.142857142857142

epsilon: 1.0000000000000002

Residual: 0.33648356506705684


n: 21.42857142857143

m: 6.428571428571429

epsilon: 0.1

Residual: 0.6905034531213528


n: 21.42857142857143

m: 6.428571428571429

epsilon: 0.2285714285714286

Residual: 0.410252743860042


n: 21.42857142857143

m: 6.428571428571429

epsilon: 0.3571428571428572

Residual: 0.21286418121147488


n: 21.42857142857143

m: 6.428571428571429

epsilon: 0.48571428571428577

Residual: 0.058735443462599866


n: 21.42857142857143

m: 6.428571428571429

epsilon: 0.6142857142857143

Residual: 0.058734506187859574


n: 21.42857142857143

m: 6.428571428571429

epsilon: 0.7428571428571429

Residual: 0.1536202428691242


n: 21.42857142857143

m: 6.428571428571429

epsilon: 0.8714285714285716

Residual: 0.23159945679924027


n: 21.42857142857143

m: 6.428571428571429

epsilon: 1.0000000000000002

Residual: 0.2924479025001073


n: 21.42857142857143

m: 6.714285714285714

epsilon: 0.1

Residual: 0.7149303622913843


n: 21.42857142857143

m: 6.714285714285714

epsilon: 0.2285714285714286

Residual: 0.4490744901510008


n: 21.42857142857143

m: 6.714285714285714

epsilon: 0.3571428571428572

Residual: 0.25582079948615266


n: 21.42857142857143

m: 6.714285714285714

epsilon: 0.48571428571428577

Residual: 0.1040636899024516


n: 21.42857142857143

m: 6.714285714285714

epsilon: 0.6142857142857143

Residual: 0.034947981023063776


n: 21.42857142857143

m: 6.714285714285714

epsilon: 0.7428571428571429

Residual: 0.10576165490323879


n: 21.42857142857143

m: 6.714285714285714

epsilon: 0.8714285714285716

Residual: 0.1866420903564933


n: 21.42857142857143

m: 6.714285714285714

epsilon: 1.0000000000000002

Residual: 0.24762258637528742


n: 21.42857142857143

m: 7.0

epsilon: 0.1

Residual: 0.7350681549208552


n: 21.42857142857143

m: 7.0

epsilon: 0.2285714285714286

Residual: 0.48317515282160106


n: 21.42857142857143

m: 7.0

epsilon: 0.3571428571428572

Residual: 0.2982951401940963


n: 21.42857142857143

m: 7.0

epsilon: 0.48571428571428577

Residual: 0.14800266486549055


n: 21.42857142857143

m: 7.0

epsilon: 0.6142857142857143

Residual: 0.04504732878558507


n: 21.42857142857143

m: 7.0

epsilon: 0.7428571428571429

Residual: 0.08117211444698966


n: 21.42857142857143

m: 7.0

epsilon: 0.8714285714285716

Residual: 0.1439654255468608


n: 21.42857142857143

m: 7.0

epsilon: 1.0000000000000002

Residual: 0.21180383206393769


n: 26.142857142857142

m: 5.0

epsilon: 0.1

Residual: 0.5381911883352327


n: 26.142857142857142

m: 5.0

epsilon: 0.2285714285714286

Residual: 0.18790278536172986


n: 26.142857142857142

m: 5.0

epsilon: 0.3571428571428572

Residual: 0.09375699143457483


n: 26.142857142857142

m: 5.0

epsilon: 0.48571428571428577

Residual: 0.18545146634627271


n: 26.142857142857142

m: 5.0

epsilon: 0.6142857142857143

Residual: 0.2989439400049222


n: 26.142857142857142

m: 5.0

epsilon: 0.7428571428571429

Residual: 0.37991182603445656


n: 26.142857142857142

m: 5.0

epsilon: 0.8714285714285716

Residual: 0.4460137143784254


n: 26.142857142857142

m: 5.0

epsilon: 1.0000000000000002

Residual: 0.5002601976399993


n: 26.142857142857142

m: 5.285714285714286

epsilon: 0.1

Residual: 0.5853266868611307


n: 26.142857142857142

m: 5.285714285714286

epsilon: 0.2285714285714286

Residual: 0.2543001567260115


n: 26.142857142857142

m: 5.285714285714286

epsilon: 0.3571428571428572

Residual: 0.07510706834031332


n: 26.142857142857142

m: 5.285714285714286

epsilon: 0.48571428571428577

Residual: 0.12008390452067778


n: 26.142857142857142

m: 5.285714285714286

epsilon: 0.6142857142857143

Residual: 0.23244415537315014


n: 26.142857142857142

m: 5.285714285714286

epsilon: 0.7428571428571429

Residual: 0.3173831818405092


n: 26.142857142857142

m: 5.285714285714286

epsilon: 0.8714285714285716

Residual: 0.3915153666406116


n: 26.142857142857142

m: 5.285714285714286

epsilon: 1.0000000000000002

Residual: 0.44569760001513953


n: 26.142857142857142

m: 5.571428571428571

epsilon: 0.1

Residual: 0.6279330011204506


n: 26.142857142857142

m: 5.571428571428571

epsilon: 0.2285714285714286

Residual: 0.31285754881111033


n: 26.142857142857142

m: 5.571428571428571

epsilon: 0.3571428571428572

Residual: 0.09987564681449732


n: 26.142857142857142

m: 5.571428571428571

epsilon: 0.48571428571428577

Residual: 0.06982794852118417


n: 26.142857142857142

m: 5.571428571428571

epsilon: 0.6142857142857143

Residual: 0.17015288384462543


n: 26.142857142857142

m: 5.571428571428571

epsilon: 0.7428571428571429

Residual: 0.2604679191672694


n: 26.142857142857142

m: 5.571428571428571

epsilon: 0.8714285714285716

Residual: 0.3333818090904659


n: 26.142857142857142

m: 5.571428571428571

epsilon: 1.0000000000000002

Residual: 0.3922021781131991


n: 26.142857142857142

m: 5.857142857142857

epsilon: 0.1

Residual: 0.6607517994448483


n: 26.142857142857142

m: 5.857142857142857

epsilon: 0.2285714285714286

Residual: 0.36265363622538066


n: 26.142857142857142

m: 5.857142857142857

epsilon: 0.3571428571428572

Residual: 0.15776728386981678


n: 26.142857142857142

m: 5.857142857142857

epsilon: 0.48571428571428577

Residual: 0.032259492017818095


n: 26.142857142857142

m: 5.857142857142857

epsilon: 0.6142857142857143

Residual: 0.10829196267607746


n: 26.142857142857142

m: 5.857142857142857

epsilon: 0.7428571428571429

Residual: 0.2022119825678175


n: 26.142857142857142

m: 5.857142857142857

epsilon: 0.8714285714285716

Residual: 0.27910226086108875


n: 26.142857142857142

m: 5.857142857142857

epsilon: 1.0000000000000002

Residual: 0.34381230542504504


n: 26.142857142857142

m: 6.142857142857142

epsilon: 0.1

Residual: 0.6922544591383338


n: 26.142857142857142

m: 6.142857142857142

epsilon: 0.2285714285714286

Residual: 0.41300114591083337


n: 26.142857142857142

m: 6.142857142857142

epsilon: 0.3571428571428572

Residual: 0.2131435377534048


n: 26.142857142857142

m: 6.142857142857142

epsilon: 0.48571428571428577

Residual: 0.06239260634026535


n: 26.142857142857142

m: 6.142857142857142

epsilon: 0.6142857142857143

Residual: 0.0550073045506998


n: 26.142857142857142

m: 6.142857142857142

epsilon: 0.7428571428571429

Residual: 0.1478168312471733


n: 26.142857142857142

m: 6.142857142857142

epsilon: 0.8714285714285716

Residual: 0.22869254210555245


n: 26.142857142857142

m: 6.142857142857142

epsilon: 1.0000000000000002

Residual: 0.29183528919554674


n: 26.142857142857142

m: 6.428571428571429

epsilon: 0.1

Residual: 0.7182348649080142


n: 26.142857142857142

m: 6.428571428571429

epsilon: 0.2285714285714286

Residual: 0.4581226979037685


n: 26.142857142857142

m: 6.428571428571429

epsilon: 0.3571428571428572

Residual: 0.2628249390824754


n: 26.142857142857142

m: 6.428571428571429

epsilon: 0.48571428571428577

Residual: 0.11659009907135123


n: 26.142857142857142

m: 6.428571428571429

epsilon: 0.6142857142857143

Residual: 0.027048807192096125


n: 26.142857142857142

m: 6.428571428571429

epsilon: 0.7428571428571429

Residual: 0.09597371375510093


n: 26.142857142857142

m: 6.428571428571429

epsilon: 0.8714285714285716

Residual: 0.17754828925314312


n: 26.142857142857142

m: 6.428571428571429

epsilon: 1.0000000000000002

Residual: 0.2429487949947486


n: 26.142857142857142

m: 6.714285714285714

epsilon: 0.1

Residual: 0.7426596748463989


n: 26.142857142857142

m: 6.714285714285714

epsilon: 0.2285714285714286

Residual: 0.4937437068381226


n: 26.142857142857142

m: 6.714285714285714

epsilon: 0.3571428571428572

Residual: 0.3074606320659377


n: 26.142857142857142

m: 6.714285714285714

epsilon: 0.48571428571428577

Residual: 0.16646363210909


n: 26.142857142857142

m: 6.714285714285714

epsilon: 0.6142857142857143

Residual: 0.046826790310881855


n: 26.142857142857142

m: 6.714285714285714

epsilon: 0.7428571428571429

Residual: 0.06386030688826681


n: 26.142857142857142

m: 6.714285714285714

epsilon: 0.8714285714285716

Residual: 0.1289469657046972


n: 26.142857142857142

m: 6.714285714285714

epsilon: 1.0000000000000002

Residual: 0.19383691007233556


n: 26.142857142857142

m: 7.0

epsilon: 0.1

Residual: 0.7638740835581534


n: 26.142857142857142

m: 7.0

epsilon: 0.2285714285714286

Residual: 0.5292332531311423


n: 26.142857142857142

m: 7.0

epsilon: 0.3571428571428572

Residual: 0.352196235212694


n: 26.142857142857142

m: 7.0

epsilon: 0.48571428571428577

Residual: 0.2022272264827313


n: 26.142857142857142

m: 7.0

epsilon: 0.6142857142857143

Residual: 0.09579074084903427


n: 26.142857142857142

m: 7.0

epsilon: 0.7428571428571429

Residual: 0.05307617966055565


n: 26.142857142857142

m: 7.0

epsilon: 0.8714285714285716

Residual: 0.10031075470508367


n: 26.142857142857142

m: 7.0

epsilon: 1.0000000000000002

Residual: 0.1523776801510267


n: 30.857142857142858

m: 5.0

epsilon: 0.1

Residual: 0.561250408126674


n: 30.857142857142858

m: 5.0

epsilon: 0.2285714285714286

Residual: 0.2171012998534153


n: 30.857142857142858

m: 5.0

epsilon: 0.3571428571428572

Residual: 0.0913616298592035


n: 30.857142857142858

m: 5.0

epsilon: 0.48571428571428577

Residual: 0.1537952951014509


n: 30.857142857142858

m: 5.0

epsilon: 0.6142857142857143

Residual: 0.26533959823563535


n: 30.857142857142858

m: 5.0

epsilon: 0.7428571428571429

Residual: 0.35212841009456775


n: 30.857142857142858

m: 5.0

epsilon: 0.8714285714285716

Residual: 0.41838371390654744


n: 30.857142857142858

m: 5.0

epsilon: 1.0000000000000002

Residual: 0.47343478463320054


n: 30.857142857142858

m: 5.285714285714286

epsilon: 0.1

Residual: 0.6098142297827506


n: 30.857142857142858

m: 5.285714285714286

epsilon: 0.2285714285714286

Residual: 0.2848128514287064


n: 30.857142857142858

m: 5.285714285714286

epsilon: 0.3571428571428572

Residual: 0.08759134419802743


n: 30.857142857142858

m: 5.285714285714286

epsilon: 0.48571428571428577

Residual: 0.09053669237935602


n: 30.857142857142858

m: 5.285714285714286

epsilon: 0.6142857142857143

Residual: 0.1952568088308922


n: 30.857142857142858

m: 5.285714285714286

epsilon: 0.7428571428571429

Residual: 0.28716104290708744


n: 30.857142857142858

m: 5.285714285714286

epsilon: 0.8714285714285716

Residual: 0.3595499137351269


n: 30.857142857142858

m: 5.285714285714286

epsilon: 1.0000000000000002

Residual: 0.4173956968273162


n: 30.857142857142858

m: 5.571428571428571

epsilon: 0.1

Residual: 0.6499584166569592


n: 30.857142857142858

m: 5.571428571428571

epsilon: 0.2285714285714286

Residual: 0.3454625164232466


n: 30.857142857142858

m: 5.571428571428571

epsilon: 0.3571428571428572

Residual: 0.13661801530096587


n: 30.857142857142858

m: 5.571428571428571

epsilon: 0.48571428571428577

Residual: 0.04566199783627791


n: 30.857142857142858

m: 5.571428571428571

epsilon: 0.6142857142857143

Residual: 0.13231881049716562


n: 30.857142857142858

m: 5.571428571428571

epsilon: 0.7428571428571429

Residual: 0.2256565041784879


n: 30.857142857142858

m: 5.571428571428571

epsilon: 0.8714285714285716

Residual: 0.29928372302294004


n: 30.857142857142858

m: 5.571428571428571

epsilon: 1.0000000000000002

Residual: 0.36350399412614876


n: 30.857142857142858

m: 5.857142857142857

epsilon: 0.1

Residual: 0.6822665820439455


n: 30.857142857142858

m: 5.857142857142857

epsilon: 0.2285714285714286

Residual: 0.39747836661154573


n: 30.857142857142858

m: 5.857142857142857

epsilon: 0.3571428571428572

Residual: 0.19588752903023723


n: 30.857142857142858

m: 5.857142857142857

epsilon: 0.48571428571428577

Residual: 0.0470620764503354


n: 30.857142857142858

m: 5.857142857142857

epsilon: 0.6142857142857143

Residual: 0.07437512964290798


n: 30.857142857142858

m: 5.857142857142857

epsilon: 0.7428571428571429

Residual: 0.16527158095630723


n: 30.857142857142858

m: 5.857142857142857

epsilon: 0.8714285714285716

Residual: 0.24308210829996008


n: 30.857142857142858

m: 5.857142857142857

epsilon: 1.0000000000000002

Residual: 0.302512805167501


n: 30.857142857142858

m: 6.142857142857142

epsilon: 0.1

Residual: 0.7136714886798315


n: 30.857142857142858

m: 6.142857142857142

epsilon: 0.2285714285714286

Residual: 0.445650270842652


n: 30.857142857142858

m: 6.142857142857142

epsilon: 0.3571428571428572

Residual: 0.25368435753772833


n: 30.857142857142858

m: 6.142857142857142

epsilon: 0.48571428571428577

Residual: 0.10256267718231339


n: 30.857142857142858

m: 6.142857142857142

epsilon: 0.6142857142857143

Residual: 0.023230677986602603


n: 30.857142857142858

m: 6.142857142857142

epsilon: 0.7428571428571429

Residual: 0.11020458344864294


n: 30.857142857142858

m: 6.142857142857142

epsilon: 0.8714285714285716

Residual: 0.18544693154195627


n: 30.857142857142858

m: 6.142857142857142

epsilon: 1.0000000000000002

Residual: 0.2515938102818104


n: 30.857142857142858

m: 6.428571428571429

epsilon: 0.1

Residual: 0.7392764172238778


n: 30.857142857142858

m: 6.428571428571429

epsilon: 0.2285714285714286

Residual: 0.48745256493137473


n: 30.857142857142858

m: 6.428571428571429

epsilon: 0.3571428571428572

Residual: 0.2990836991894234


n: 30.857142857142858

m: 6.428571428571429

epsilon: 0.48571428571428577

Residual: 0.16081359059906236


n: 30.857142857142858

m: 6.428571428571429

epsilon: 0.6142857142857143

Residual: 0.04143000138261676


n: 30.857142857142858

m: 6.428571428571429

epsilon: 0.7428571428571429

Residual: 0.06102402947961984


n: 30.857142857142858

m: 6.428571428571429

epsilon: 0.8714285714285716

Residual: 0.1330645544497782


n: 30.857142857142858

m: 6.428571428571429

epsilon: 1.0000000000000002

Residual: 0.20021437521102878


n: 30.857142857142858

m: 6.714285714285714

epsilon: 0.1

Residual: 0.7601827281936503


n: 30.857142857142858

m: 6.714285714285714

epsilon: 0.2285714285714286

Residual: 0.5253823923021148


n: 30.857142857142858

m: 6.714285714285714

epsilon: 0.3571428571428572

Residual: 0.3477058622534372


n: 30.857142857142858

m: 6.714285714285714

epsilon: 0.48571428571428577

Residual: 0.20126208268829598


n: 30.857142857142858

m: 6.714285714285714

epsilon: 0.6142857142857143

Residual: 0.08956391341076289


n: 30.857142857142858

m: 6.714285714285714

epsilon: 0.7428571428571429

Residual: 0.04154417056296968


n: 30.857142857142858

m: 6.714285714285714

epsilon: 0.8714285714285716

Residual: 0.09797787403341192


n: 30.857142857142858

m: 6.714285714285714

epsilon: 1.0000000000000002

Residual: 0.14952956061929637


n: 30.857142857142858

m: 7.0

epsilon: 0.1

Residual: 0.7810379069902965


n: 30.857142857142858

m: 7.0

epsilon: 0.2285714285714286

Residual: 0.5569830483713539


n: 30.857142857142858

m: 7.0

epsilon: 0.3571428571428572

Residual: 0.38579103196738734


n: 30.857142857142858

m: 7.0

epsilon: 0.48571428571428577

Residual: 0.2518864547598679


n: 30.857142857142858

m: 7.0

epsilon: 0.6142857142857143

Residual: 0.13789774708542668


n: 30.857142857142858

m: 7.0

epsilon: 0.7428571428571429

Residual: 0.054032268368932185


n: 30.857142857142858

m: 7.0

epsilon: 0.8714285714285716

Residual: 0.08181640151803464


n: 30.857142857142858

m: 7.0

epsilon: 1.0000000000000002

Residual: 0.12080106280874778


n: 35.57142857142857

m: 5.0

epsilon: 0.1

Residual: 0.5804889758735086


n: 35.57142857142857

m: 5.0

epsilon: 0.2285714285714286

Residual: 0.24410704173937325


n: 35.57142857142857

m: 5.0

epsilon: 0.3571428571428572

Residual: 0.09389964544508972


n: 35.57142857142857

m: 5.0

epsilon: 0.48571428571428577

Residual: 0.13066766184755157


n: 35.57142857142857

m: 5.0

epsilon: 0.6142857142857143

Residual: 0.23739794527505517


n: 35.57142857142857

m: 5.0

epsilon: 0.7428571428571429

Residual: 0.32674293573533636


n: 35.57142857142857

m: 5.0

epsilon: 0.8714285714285716

Residual: 0.39453079081764103


n: 35.57142857142857

m: 5.0

epsilon: 1.0000000000000002

Residual: 0.4519793016473397


n: 35.57142857142857

m: 5.285714285714286

epsilon: 0.1

Residual: 0.6247762786209966


n: 35.57142857142857

m: 5.285714285714286

epsilon: 0.2285714285714286

Residual: 0.30910725366294867


n: 35.57142857142857

m: 5.285714285714286

epsilon: 0.3571428571428572

Residual: 0.1031310683352987


n: 35.57142857142857

m: 5.285714285714286

epsilon: 0.48571428571428577

Residual: 0.0772589216058467


n: 35.57142857142857

m: 5.285714285714286

epsilon: 0.6142857142857143

Residual: 0.17125837386905138


n: 35.57142857142857

m: 5.285714285714286

epsilon: 0.7428571428571429

Residual: 0.26109179214105926


n: 35.57142857142857

m: 5.285714285714286

epsilon: 0.8714285714285716

Residual: 0.3353388914353059


n: 35.57142857142857

m: 5.285714285714286

epsilon: 1.0000000000000002

Residual: 0.3946664543500466


n: 35.57142857142857

m: 5.571428571428571

epsilon: 0.1

Residual: 0.6659536051973058


n: 35.57142857142857

m: 5.571428571428571

epsilon: 0.2285714285714286

Residual: 0.3710646745596653


n: 35.57142857142857

m: 5.571428571428571

epsilon: 0.3571428571428572

Residual: 0.16417236878006808


n: 35.57142857142857

m: 5.571428571428571

epsilon: 0.48571428571428577

Residual: 0.04466549545781752


n: 35.57142857142857

m: 5.571428571428571

epsilon: 0.6142857142857143

Residual: 0.10357967626592401


n: 35.57142857142857

m: 5.571428571428571

epsilon: 0.7428571428571429

Residual: 0.19659404576854686


n: 35.57142857142857

m: 5.571428571428571

epsilon: 0.8714285714285716

Residual: 0.2730862835587612


n: 35.57142857142857

m: 5.571428571428571

epsilon: 1.0000000000000002

Residual: 0.3357512855804974


n: 35.57142857142857

m: 5.857142857142857

epsilon: 0.1

Residual: 0.6984654291631471


n: 35.57142857142857

m: 5.857142857142857

epsilon: 0.2285714285714286

Residual: 0.4235397940004153


n: 35.57142857142857

m: 5.857142857142857

epsilon: 0.3571428571428572

Residual: 0.22535649735057878


n: 35.57142857142857

m: 5.857142857142857

epsilon: 0.48571428571428577

Residual: 0.07488214845178577


n: 35.57142857142857

m: 5.857142857142857

epsilon: 0.6142857142857143

Residual: 0.047887972246181146


n: 35.57142857142857

m: 5.857142857142857

epsilon: 0.7428571428571429

Residual: 0.13644651921223433


n: 35.57142857142857

m: 5.857142857142857

epsilon: 0.8714285714285716

Residual: 0.2150493054586933


n: 35.57142857142857

m: 5.857142857142857

epsilon: 1.0000000000000002

Residual: 0.2812877337733609


n: 35.57142857142857

m: 6.142857142857142

epsilon: 0.1

Residual: 0.7281613678791119


n: 35.57142857142857

m: 6.142857142857142

epsilon: 0.2285714285714286

Residual: 0.47125927030039705


n: 35.57142857142857

m: 6.142857142857142

epsilon: 0.3571428571428572

Residual: 0.2805164847658251


n: 35.57142857142857

m: 6.142857142857142

epsilon: 0.48571428571428577

Residual: 0.13291140407678723


n: 35.57142857142857

m: 6.142857142857142

epsilon: 0.6142857142857143

Residual: 0.019681065477048197


n: 35.57142857142857

m: 6.142857142857142

epsilon: 0.7428571428571429

Residual: 0.08313383264053052


n: 35.57142857142857

m: 6.142857142857142

epsilon: 0.8714285714285716

Residual: 0.15368364461763137


n: 35.57142857142857

m: 6.142857142857142

epsilon: 1.0000000000000002

Residual: 0.22787579185888457


n: 35.57142857142857

m: 6.428571428571429

epsilon: 0.1

Residual: 0.7516082302253806


n: 35.57142857142857

m: 6.428571428571429

epsilon: 0.2285714285714286

Residual: 0.5130607209426119


n: 35.57142857142857

m: 6.428571428571429

epsilon: 0.3571428571428572

Residual: 0.33037370768650276


n: 35.57142857142857

m: 6.428571428571429

epsilon: 0.48571428571428577

Residual: 0.18979206299594234


n: 35.57142857142857

m: 6.428571428571429

epsilon: 0.6142857142857143

Residual: 0.0626748777784931


n: 35.57142857142857

m: 6.428571428571429

epsilon: 0.7428571428571429

Residual: 0.03660519029020892


n: 35.57142857142857

m: 6.428571428571429

epsilon: 0.8714285714285716

Residual: 0.10300610435015668


n: 35.57142857142857

m: 6.428571428571429

epsilon: 1.0000000000000002

Residual: 0.17023111430527332


n: 35.57142857142857

m: 6.714285714285714

epsilon: 0.1

Residual: 0.7744423295309093


n: 35.57142857142857

m: 6.714285714285714

epsilon: 0.2285714285714286

Residual: 0.5461753639757911


n: 35.57142857142857

m: 6.714285714285714

epsilon: 0.3571428571428572

Residual: 0.37127424315949864


n: 35.57142857142857

m: 6.714285714285714

epsilon: 0.48571428571428577

Residual: 0.23680676127598757


n: 35.57142857142857

m: 6.714285714285714

epsilon: 0.6142857142857143

Residual: 0.11916419997652374


n: 35.57142857142857

m: 6.714285714285714

epsilon: 0.7428571428571429

Residual: 0.04217871832196686


n: 35.57142857142857

m: 6.714285714285714

epsilon: 0.8714285714285716

Residual: 0.0709080136193408


n: 35.57142857142857

m: 6.714285714285714

epsilon: 1.0000000000000002

Residual: 0.12751623312038057


n: 35.57142857142857

m: 7.0

epsilon: 0.1

Residual: 0.7912357187694171


n: 35.57142857142857

m: 7.0

epsilon: 0.2285714285714286

Residual: 0.5776311187483667


n: 35.57142857142857

m: 7.0

epsilon: 0.3571428571428572

Residual: 0.4167884936692968


n: 35.57142857142857

m: 7.0

epsilon: 0.48571428571428577

Residual: 0.28152619488072567


n: 35.57142857142857

m: 7.0

epsilon: 0.6142857142857143

Residual: 0.1690387731012848


n: 35.57142857142857

m: 7.0

epsilon: 0.7428571428571429

Residual: 0.07177757269210001


n: 35.57142857142857

m: 7.0

epsilon: 0.8714285714285716

Residual: 0.061751347862639236


n: 35.57142857142857

m: 7.0

epsilon: 1.0000000000000002

Residual: 0.09915781408222403


n: 40.285714285714285

m: 5.0

epsilon: 0.1

Residual: 0.5946752806649305


n: 40.285714285714285

m: 5.0

epsilon: 0.2285714285714286

Residual: 0.2653780518258546


n: 40.285714285714285

m: 5.0

epsilon: 0.3571428571428572

Residual: 0.0988129634405219


n: 40.285714285714285

m: 5.0

epsilon: 0.48571428571428577

Residual: 0.11158617952089608


n: 40.285714285714285

m: 5.0

epsilon: 0.6142857142857143

Residual: 0.22015923457121014


n: 40.285714285714285

m: 5.0

epsilon: 0.7428571428571429

Residual: 0.3092625420688743


n: 40.285714285714285

m: 5.0

epsilon: 0.8714285714285716

Residual: 0.3778425121097765


n: 40.285714285714285

m: 5.0

epsilon: 1.0000000000000002

Residual: 0.4354804597156931


n: 40.285714285714285

m: 5.285714285714286

epsilon: 0.1

Residual: 0.6392835794825878


n: 40.285714285714285

m: 5.285714285714286

epsilon: 0.2285714285714286

Residual: 0.33206104123692565


n: 40.285714285714285

m: 5.285714285714286

epsilon: 0.3571428571428572

Residual: 0.12429875513162153


n: 40.285714285714285

m: 5.285714285714286

epsilon: 0.48571428571428577

Residual: 0.0663930353556602


n: 40.285714285714285

m: 5.285714285714286

epsilon: 0.6142857142857143

Residual: 0.15070418688504178


n: 40.285714285714285

m: 5.285714285714286

epsilon: 0.7428571428571429

Residual: 0.23882387966393706


n: 40.285714285714285

m: 5.285714285714286

epsilon: 0.8714285714285716

Residual: 0.31334734436894035


n: 40.285714285714285

m: 5.285714285714286

epsilon: 1.0000000000000002

Residual: 0.3771830083162523


n: 40.285714285714285

m: 5.571428571428571

epsilon: 0.1

Residual: 0.6775176380353783


n: 40.285714285714285

m: 5.571428571428571

epsilon: 0.2285714285714286

Residual: 0.3935492507476675


n: 40.285714285714285

m: 5.571428571428571

epsilon: 0.3571428571428572

Residual: 0.18664928683017268


n: 40.285714285714285

m: 5.571428571428571

epsilon: 0.48571428571428577

Residual: 0.049927984227589255


n: 40.285714285714285

m: 5.571428571428571

epsilon: 0.6142857142857143

Residual: 0.08385030025113915


n: 40.285714285714285

m: 5.571428571428571

epsilon: 0.7428571428571429

Residual: 0.1741312414264868


n: 40.285714285714285

m: 5.571428571428571

epsilon: 0.8714285714285716

Residual: 0.25095726655914413


n: 40.285714285714285

m: 5.571428571428571

epsilon: 1.0000000000000002

Residual: 0.31512659220035044


n: 40.285714285714285

m: 5.857142857142857

epsilon: 0.1

Residual: 0.7104744862284805


n: 40.285714285714285

m: 5.857142857142857

epsilon: 0.2285714285714286

Residual: 0.4439612594809171


n: 40.285714285714285

m: 5.857142857142857

epsilon: 0.3571428571428572

Residual: 0.2452622928166027


n: 40.285714285714285

m: 5.857142857142857

epsilon: 0.48571428571428577

Residual: 0.09927559365628838


n: 40.285714285714285

m: 5.857142857142857

epsilon: 0.6142857142857143

Residual: 0.029098772753973292


n: 40.285714285714285

m: 5.857142857142857

epsilon: 0.7428571428571429

Residual: 0.11188030879080094


n: 40.285714285714285

m: 5.857142857142857

epsilon: 0.8714285714285716

Residual: 0.19259909341824388


n: 40.285714285714285

m: 5.857142857142857

epsilon: 1.0000000000000002

Residual: 0.25983407121623403


n: 40.285714285714285

m: 6.142857142857142

epsilon: 0.1

Residual: 0.7364521649638163


n: 40.285714285714285

m: 6.142857142857142

epsilon: 0.2285714285714286

Residual: 0.48821570999515795


n: 40.285714285714285

m: 6.142857142857142

epsilon: 0.3571428571428572

Residual: 0.3032729337634118


n: 40.285714285714285

m: 6.142857142857142

epsilon: 0.48571428571428577

Residual: 0.16015511329152884


n: 40.285714285714285

m: 6.142857142857142

epsilon: 0.6142857142857143

Residual: 0.04050082942403338


n: 40.285714285714285

m: 6.142857142857142

epsilon: 0.7428571428571429

Residual: 0.05632579738866777


n: 40.285714285714285

m: 6.142857142857142

epsilon: 0.8714285714285716

Residual: 0.14017729773223347


n: 40.285714285714285

m: 6.142857142857142

epsilon: 1.0000000000000002

Residual: 0.20192831669520747


n: 40.285714285714285

m: 6.428571428571429

epsilon: 0.1

Residual: 0.7632670969808841


n: 40.285714285714285

m: 6.428571428571429

epsilon: 0.2285714285714286

Residual: 0.5279895777167267


n: 40.285714285714285

m: 6.428571428571429

epsilon: 0.3571428571428572

Residual: 0.3528721163810148


n: 40.285714285714285

m: 6.428571428571429

epsilon: 0.48571428571428577

Residual: 0.20987730197416324


n: 40.285714285714285

m: 6.428571428571429

epsilon: 0.6142857142857143

Residual: 0.09649286392200493


n: 40.285714285714285

m: 6.428571428571429

epsilon: 0.7428571428571429

Residual: 0.026530069583683556


n: 40.285714285714285

m: 6.428571428571429

epsilon: 0.8714285714285716

Residual: 0.08509638360452863


n: 40.285714285714285

m: 6.428571428571429

epsilon: 1.0000000000000002

Residual: 0.14958739924881242


n: 40.285714285714285

m: 6.714285714285714

epsilon: 0.1

Residual: 0.7820811206847191


n: 40.285714285714285

m: 6.714285714285714

epsilon: 0.2285714285714286

Residual: 0.5633990155436392


n: 40.285714285714285

m: 6.714285714285714

epsilon: 0.3571428571428572

Residual: 0.39689130078862067


n: 40.285714285714285

m: 6.714285714285714

epsilon: 0.48571428571428577

Residual: 0.2667428760998772


n: 40.285714285714285

m: 6.714285714285714

epsilon: 0.6142857142857143

Residual: 0.14542698826849568


n: 40.285714285714285

m: 6.714285714285714

epsilon: 0.7428571428571429

Residual: 0.05916009869924368


n: 40.285714285714285

m: 6.714285714285714

epsilon: 0.8714285714285716

Residual: 0.05301961083731893


n: 40.285714285714285

m: 6.714285714285714

epsilon: 1.0000000000000002

Residual: 0.10274162206388408


n: 40.285714285714285

m: 7.0

epsilon: 0.1

Residual: 0.7998902292514798


n: 40.285714285714285

m: 7.0

epsilon: 0.2285714285714286

Residual: 0.6014754205818987


n: 40.285714285714285

m: 7.0

epsilon: 0.3571428571428572

Residual: 0.4398082966607681


n: 40.285714285714285

m: 7.0

epsilon: 0.48571428571428577

Residual: 0.30476746254598086


n: 40.285714285714285

m: 7.0

epsilon: 0.6142857142857143

Residual: 0.19113092593705927


n: 40.285714285714285

m: 7.0

epsilon: 0.7428571428571429

Residual: 0.10084701657410201


n: 40.285714285714285

m: 7.0

epsilon: 0.8714285714285716

Residual: 0.056749463055216755


n: 40.285714285714285

m: 7.0

epsilon: 1.0000000000000002

Residual: 0.08277854866215352


n: 45.0

m: 5.0

epsilon: 0.1

Residual: 0.6042933459610529


n: 45.0

m: 5.0

epsilon: 0.2285714285714286

Residual: 0.2812636598000901


n: 45.0

m: 5.0

epsilon: 0.3571428571428572

Residual: 0.10474360345205598


n: 45.0

m: 5.0

epsilon: 0.48571428571428577

Residual: 0.10295621710004119


n: 45.0

m: 5.0

epsilon: 0.6142857142857143

Residual: 0.20295162861714905


n: 45.0

m: 5.0

epsilon: 0.7428571428571429

Residual: 0.29430015453212316


n: 45.0

m: 5.0

epsilon: 0.8714285714285716

Residual: 0.36549030752745637


n: 45.0

m: 5.0

epsilon: 1.0000000000000002

Residual: 0.4201632196996881


n: 45.0

m: 5.285714285714286

epsilon: 0.1

Residual: 0.6500508050196099


n: 45.0

m: 5.285714285714286

epsilon: 0.2285714285714286

Residual: 0.34760121466099414


n: 45.0

m: 5.285714285714286

epsilon: 0.3571428571428572

Residual: 0.13920548840362995


n: 45.0

m: 5.285714285714286

epsilon: 0.48571428571428577

Residual: 0.06519195973770232


n: 45.0

m: 5.285714285714286

epsilon: 0.6142857142857143

Residual: 0.13169150889546868


n: 45.0

m: 5.285714285714286

epsilon: 0.7428571428571429

Residual: 0.22764174153012195


n: 45.0

m: 5.285714285714286

epsilon: 0.8714285714285716

Residual: 0.29772174047908384


n: 45.0

m: 5.285714285714286

epsilon: 1.0000000000000002

Residual: 0.36035864933366646


n: 45.0

m: 5.571428571428571

epsilon: 0.1

Residual: 0.6880872146968283


n: 45.0

m: 5.571428571428571

epsilon: 0.2285714285714286

Residual: 0.4060015529087261


n: 45.0

m: 5.571428571428571

epsilon: 0.3571428571428572

Residual: 0.204724532397528


n: 45.0

m: 5.571428571428571

epsilon: 0.48571428571428577

Residual: 0.06005007046337069


n: 45.0

m: 5.571428571428571

epsilon: 0.6142857142857143

Residual: 0.06597409952370933


n: 45.0

m: 5.571428571428571

epsilon: 0.7428571428571429

Residual: 0.1539775035180447


n: 45.0

m: 5.571428571428571

epsilon: 0.8714285714285716

Residual: 0.23528019234162462


n: 45.0

m: 5.571428571428571

epsilon: 1.0000000000000002

Residual: 0.2995405166607158


n: 45.0

m: 5.857142857142857

epsilon: 0.1

Residual: 0.7191523549330722


n: 45.0

m: 5.857142857142857

epsilon: 0.2285714285714286

Residual: 0.4560581185067488


n: 45.0

m: 5.857142857142857

epsilon: 0.3571428571428572

Residual: 0.2649163920800561


n: 45.0

m: 5.857142857142857

epsilon: 0.48571428571428577

Residual: 0.1164145175621505


n: 45.0

m: 5.857142857142857

epsilon: 0.6142857142857143

Residual: 0.02119443277609017


n: 45.0

m: 5.857142857142857

epsilon: 0.7428571428571429

Residual: 0.0943552116834461


n: 45.0

m: 5.857142857142857

epsilon: 0.8714285714285716

Residual: 0.17065100917821657


n: 45.0

m: 5.857142857142857

epsilon: 1.0000000000000002

Residual: 0.23786001293824413


n: 45.0

m: 6.142857142857142

epsilon: 0.1

Residual: 0.746408305462535


n: 45.0

m: 6.142857142857142

epsilon: 0.2285714285714286

Residual: 0.5019694493939572


n: 45.0

m: 6.142857142857142

epsilon: 0.3571428571428572

Residual: 0.319779832396524


n: 45.0

m: 6.142857142857142

epsilon: 0.48571428571428577

Residual: 0.17714111567494153


n: 45.0

m: 6.142857142857142

epsilon: 0.6142857142857143

Residual: 0.06059240330209116


n: 45.0

m: 6.142857142857142

epsilon: 0.7428571428571429

Residual: 0.03203120002449625


n: 45.0

m: 6.142857142857142

epsilon: 0.8714285714285716

Residual: 0.11571878908992748


n: 45.0

m: 6.142857142857142

epsilon: 1.0000000000000002

Residual: 0.17968790110635813


n: 45.0

m: 6.428571428571429

epsilon: 0.1

Residual: 0.7701474562325127


n: 45.0

m: 6.428571428571429

epsilon: 0.2285714285714286

Residual: 0.5437495056119124


n: 45.0

m: 6.428571428571429

epsilon: 0.3571428571428572

Residual: 0.3682273865703674


n: 45.0

m: 6.428571428571429

epsilon: 0.48571428571428577

Residual: 0.23231967597689132


n: 45.0

m: 6.428571428571429

epsilon: 0.6142857142857143

Residual: 0.1197055834016994


n: 45.0

m: 6.428571428571429

epsilon: 0.7428571428571429

Residual: 0.025571581236951774


n: 45.0

m: 6.428571428571429

epsilon: 0.8714285714285716

Residual: 0.06362859552938628


n: 45.0

m: 6.428571428571429

epsilon: 1.0000000000000002

Residual: 0.1298069752751556


n: 45.0

m: 6.714285714285714

epsilon: 0.1

Residual: 0.7909911797289183


n: 45.0

m: 6.714285714285714

epsilon: 0.2285714285714286

Residual: 0.5785537494399816


n: 45.0

m: 6.714285714285714

epsilon: 0.3571428571428572

Residual: 0.4140982258532258


n: 45.0

m: 6.714285714285714

epsilon: 0.48571428571428577

Residual: 0.2795860505467173


n: 45.0

m: 6.714285714285714

epsilon: 0.6142857142857143

Residual: 0.16313845347400407


n: 45.0

m: 6.714285714285714

epsilon: 0.7428571428571429

Residual: 0.07869197392053834


n: 45.0

m: 6.714285714285714

epsilon: 0.8714285714285716

Residual: 0.05046025463117101


n: 45.0

m: 6.714285714285714

epsilon: 1.0000000000000002

Residual: 0.07601942763937243


n: 45.0

m: 7.0

epsilon: 0.1

Residual: 0.8076806194996795


n: 45.0

m: 7.0

epsilon: 0.2285714285714286

Residual: 0.6123265127573334


n: 45.0

m: 7.0

epsilon: 0.3571428571428572

Residual: 0.4537488723916173


n: 45.0

m: 7.0

epsilon: 0.48571428571428577

Residual: 0.3274737648895832


n: 45.0

m: 7.0

epsilon: 0.6142857142857143

Residual: 0.2173987505229037


n: 45.0

m: 7.0

epsilon: 0.7428571428571429

Residual: 0.12474741999831941


n: 45.0

m: 7.0

epsilon: 0.8714285714285716

Residual: 0.05961492429956005


n: 45.0

m: 7.0

epsilon: 1.0000000000000002

Residual: 0.07296479961157688


