epsilon: 0.5

m: 4.0

n: 12.0

Residual: 0.4552885853673705


epsilon: 0.5

m: 4.0

n: 12.0

Residual: 0.45523447852079607


epsilon: 0.5

m: 4.0

n: 16.22222222222222

Residual: 0.36805290423555004


epsilon: 0.5

m: 4.0

n: 20.444444444444443

Residual: 0.3150366323422583


epsilon: 0.5

m: 4.0

n: 24.666666666666668

Residual: 0.28392414308578806


epsilon: 0.5

m: 4.0

n: 28.88888888888889

Residual: 0.261764339544441


epsilon: 0.5

m: 4.0

n: 33.111111111111114

Residual: 0.25076789830496254


epsilon: 0.5

m: 4.0

n: 37.333333333333336

Residual: 0.24165139273598982


epsilon: 0.5

m: 4.0

n: 41.55555555555556

Residual: 0.2404428686578265


epsilon: 0.5

m: 4.0

n: 45.77777777777778

Residual: 0.23796141876500007


epsilon: 0.5

m: 4.0

n: 50.0

Residual: 0.23982982917879234


epsilon: 0.5

m: 4.333333333333333

n: 12.0

Residual: 0.2177824062681709


epsilon: 0.5

m: 4.333333333333333

n: 16.22222222222222

Residual: 0.13871397685470893


epsilon: 0.5

m: 4.333333333333333

n: 20.444444444444443

Residual: 0.12009125609754494


epsilon: 0.5

m: 4.333333333333333

n: 24.666666666666668

Residual: 0.12314375052120112


epsilon: 0.5

m: 4.333333333333333

n: 28.88888888888889

Residual: 0.1362028026133016


epsilon: 0.5

m: 4.333333333333333

n: 33.111111111111114

Residual: 0.1417744415112004


epsilon: 0.5

m: 4.333333333333333

n: 37.333333333333336

Residual: 0.1587914544246319


epsilon: 0.5

m: 4.333333333333333

n: 41.55555555555556

Residual: 0.15958387049009023


epsilon: 0.5

m: 4.333333333333333

n: 45.77777777777778

Residual: 0.17538207296989897


epsilon: 0.5

m: 4.333333333333333

n: 50.0

Residual: 0.19451086230474207


epsilon: 0.5

m: 4.666666666666667

n: 12.0

Residual: 0.054618354789347706


epsilon: 0.5

m: 4.666666666666667

n: 16.22222222222222

Residual: 0.14322882176125618


epsilon: 0.5

m: 4.666666666666667

n: 20.444444444444443

Residual: 0.21108491161121004


epsilon: 0.5

m: 4.666666666666667

n: 24.666666666666668

Residual: 0.2576562271925602


epsilon: 0.5

m: 4.666666666666667

n: 28.88888888888889

Residual: 0.2922258216658226


epsilon: 0.5

m: 4.666666666666667

n: 33.111111111111114

Residual: 0.32038390464657934


epsilon: 0.5

m: 4.666666666666667

n: 37.333333333333336

Residual: 0.34021020401840213


epsilon: 0.5

m: 4.666666666666667

n: 41.55555555555556

Residual: 0.3917364804487566


epsilon: 0.5

m: 4.666666666666667

n: 45.77777777777778

Residual: 0.38022960811334194


epsilon: 0.5

m: 4.666666666666667

n: 50.0

Residual: 0.37078650274956537


epsilon: 0.5

m: 5.0

n: 12.0

Residual: 0.22071869300219044


epsilon: 0.5

m: 5.0

n: 16.22222222222222

Residual: 0.34133003152200714


epsilon: 0.5

m: 5.0

n: 20.444444444444443

Residual: 0.4077994941094409


epsilon: 0.5

m: 5.0

n: 24.666666666666668

Residual: 0.4560362824890221


epsilon: 0.5

m: 5.0

n: 28.88888888888889

Residual: 0.48456044626899386


epsilon: 0.5

m: 5.0

n: 33.111111111111114

Residual: 0.4979369000187373


epsilon: 0.5

m: 5.0

n: 37.333333333333336

Residual: 0.5217569055142947


epsilon: 0.5

m: 5.0

n: 41.55555555555556

Residual: 0.5306508252225376


epsilon: 0.5

m: 5.0

n: 45.77777777777778

Residual: 0.5608816754885793


epsilon: 0.5

m: 5.0

n: 50.0

Residual: 0.5956891142703151


epsilon: 0.5

m: 5.333333333333333

n: 12.0

Residual: 0.38016368954473706


epsilon: 0.5

m: 5.333333333333333

n: 16.22222222222222

Residual: 0.49174847499514374


epsilon: 0.5

m: 5.333333333333333

n: 20.444444444444443

Residual: 0.5491655672414473


epsilon: 0.5

m: 5.333333333333333

n: 24.666666666666668

Residual: 0.5889025967197217


epsilon: 0.5

m: 5.333333333333333

n: 28.88888888888889

Residual: 0.6139952039088974


epsilon: 0.5

m: 5.333333333333333

n: 33.111111111111114

Residual: 0.640213181222773


epsilon: 0.5

m: 5.333333333333333

n: 37.333333333333336

Residual: 0.6856281938923915


epsilon: 0.5

m: 5.333333333333333

n: 41.55555555555556

Residual: 0.6602220608270524


epsilon: 0.5

m: 5.333333333333333

n: 45.77777777777778

Residual: 0.6718389544954966


epsilon: 0.5

m: 5.333333333333333

n: 50.0

Residual: 0.7207336135056879


epsilon: 0.5

m: 5.666666666666666

n: 12.0

Residual: 0.5013764224760178


epsilon: 0.5

m: 5.666666666666666

n: 16.22222222222222

Residual: 0.6061590261776021


epsilon: 0.5

m: 5.666666666666666

n: 20.444444444444443

Residual: 0.6532156472222511


epsilon: 0.5

m: 5.666666666666666

n: 24.666666666666668

Residual: 0.6917539035601292


epsilon: 0.5

m: 5.666666666666666

n: 28.88888888888889

Residual: 0.7027175855373452


epsilon: 0.5

m: 5.666666666666666

n: 33.111111111111114

Residual: 0.7372531813417409


epsilon: 0.5

m: 5.666666666666666

n: 37.333333333333336

Residual: 0.7693859589834634


epsilon: 0.5

m: 5.666666666666666

n: 41.55555555555556

Residual: 0.7776118379719302


epsilon: 0.5

m: 5.666666666666666

n: 45.77777777777778

Residual: 0.7505411342212709


epsilon: 0.5

m: 5.666666666666666

n: 50.0

Residual: 0.7895573580880327


epsilon: 0.5

m: 6.0

n: 12.0

Residual: 0.5906424632550826


epsilon: 0.5

m: 6.0

n: 16.22222222222222

Residual: 0.6829689800469432


epsilon: 0.5

m: 6.0

n: 20.444444444444443

Residual: 0.7290538863924549


epsilon: 0.5

m: 6.0

n: 24.666666666666668

Residual: 0.7588711523898709


epsilon: 0.5

m: 6.0

n: 28.88888888888889

Residual: 0.7685204340802338


epsilon: 0.5

m: 6.0

n: 33.111111111111114

Residual: 0.8028548309987149


epsilon: 0.5

m: 6.0

n: 37.333333333333336

Residual: 0.7970871399257579


epsilon: 0.5

m: 6.0

n: 41.55555555555556

Residual: 0.8025361652934085


epsilon: 0.5

m: 6.0

n: 45.77777777777778

Residual: 0.840137021491878


epsilon: 0.5

m: 6.0

n: 50.0

Residual: 0.8225768302062679


epsilon: 0.5

m: 6.333333333333333

n: 12.0

Residual: 0.6607307801740854


epsilon: 0.5

m: 6.333333333333333

n: 16.22222222222222

Residual: 0.7386480344532415


epsilon: 0.5

m: 6.333333333333333

n: 20.444444444444443

Residual: 0.7799463114001329


epsilon: 0.5

m: 6.333333333333333

n: 24.666666666666668

Residual: 0.8006493113770975


epsilon: 0.5

m: 6.333333333333333

n: 28.88888888888889

Residual: 0.832032035395823


epsilon: 0.5

m: 6.333333333333333

n: 33.111111111111114

Residual: 0.8507839098012387


epsilon: 0.5

m: 6.333333333333333

n: 37.333333333333336

Residual: 0.8587342767099223


epsilon: 0.5

m: 6.333333333333333

n: 41.55555555555556

Residual: 0.8641616425556405


epsilon: 0.5

m: 6.333333333333333

n: 45.77777777777778

Residual: 0.8765844486978006


epsilon: 0.5

m: 6.333333333333333

n: 50.0

Residual: 0.8827525891212993


epsilon: 0.5

m: 6.666666666666666

n: 12.0

Residual: 0.7128001313355464


epsilon: 0.5

m: 6.666666666666666

n: 16.22222222222222

Residual: 0.7821296452558826


epsilon: 0.5

m: 6.666666666666666

n: 20.444444444444443

Residual: 0.8206693145562695


epsilon: 0.5

m: 6.666666666666666

n: 24.666666666666668

Residual: 0.8444554027230747


epsilon: 0.5

m: 6.666666666666666

n: 28.88888888888889

Residual: 0.8458946661021683


epsilon: 0.5

m: 6.666666666666666

n: 33.111111111111114

Residual: 0.8661883092243534


epsilon: 0.5

m: 6.666666666666666

n: 37.333333333333336

Residual: 0.8964131979402643


epsilon: 0.5

m: 6.666666666666666

n: 41.55555555555556

Residual: 0.9005135349442112


epsilon: 0.5

m: 6.666666666666666

n: 45.77777777777778

Residual: 0.9065095252617852


epsilon: 0.5

m: 6.666666666666666

n: 50.0

Residual: 0.9053458808802899


epsilon: 0.5

m: 7.0

n: 12.0

Residual: 0.7536416138812905


epsilon: 0.5

m: 7.0

n: 16.22222222222222

Residual: 0.8157533591570844


epsilon: 0.5

m: 7.0

n: 20.444444444444443

Residual: 0.8555193689456272


epsilon: 0.5

m: 7.0

n: 24.666666666666668

Residual: 0.8606392009568584


epsilon: 0.5

m: 7.0

n: 28.88888888888889

Residual: 0.8896276803665548


epsilon: 0.5

m: 7.0

n: 33.111111111111114

Residual: 0.9023563046381194


epsilon: 0.5

m: 7.0

n: 37.333333333333336

Residual: 0.9136008777895833


epsilon: 0.5

m: 7.0

n: 41.55555555555556

Residual: 0.9061555953902529


epsilon: 0.5

m: 7.0

n: 45.77777777777778

Residual: 0.922029129238037


epsilon: 0.5

m: 7.0

n: 50.0

Residual: 0.8991465801812895


epsilon: 1.1111111111111112

m: 4.0

n: 12.0

Residual: 0.711405714764725


epsilon: 1.1111111111111112

m: 4.0

n: 16.22222222222222

Residual: 0.6555769494350984


epsilon: 1.1111111111111112

m: 4.0

n: 20.444444444444443

Residual: 0.6179011126382215


epsilon: 1.1111111111111112

m: 4.0

n: 24.666666666666668

Residual: 0.5902005632504268


epsilon: 1.1111111111111112

m: 4.0

n: 28.88888888888889

Residual: 0.5689458450553735


epsilon: 1.1111111111111112

m: 4.0

n: 33.111111111111114

Residual: 0.5532975524796598


epsilon: 1.1111111111111112

m: 4.0

n: 37.333333333333336

Residual: 0.5393255464135708


epsilon: 1.1111111111111112

m: 4.0

n: 41.55555555555556

Residual: 0.5281674121129379


epsilon: 1.1111111111111112

m: 4.0

n: 45.77777777777778

Residual: 0.51471016428664


epsilon: 1.1111111111111112

m: 4.0

n: 50.0

Residual: 0.5362173792887278


epsilon: 1.1111111111111112

m: 4.333333333333333

n: 12.0

Residual: 0.5498641418350935


epsilon: 1.1111111111111112

m: 4.333333333333333

n: 16.22222222222222

Residual: 0.46596161845369594


epsilon: 1.1111111111111112

m: 4.333333333333333

n: 20.444444444444443

Residual: 0.4103262867993503


epsilon: 1.1111111111111112

m: 4.333333333333333

n: 24.666666666666668

Residual: 0.3728839412950627


epsilon: 1.1111111111111112

m: 4.333333333333333

n: 28.88888888888889

Residual: 0.342983300373846


epsilon: 1.1111111111111112

m: 4.333333333333333

n: 33.111111111111114

Residual: 0.3162928709706965


epsilon: 1.1111111111111112

m: 4.333333333333333

n: 37.333333333333336

Residual: 0.3060744662053988


epsilon: 1.1111111111111112

m: 4.333333333333333

n: 41.55555555555556

Residual: 0.2895803601319304


epsilon: 1.1111111111111112

m: 4.333333333333333

n: 45.77777777777778

Residual: 0.2727393177294241


epsilon: 1.1111111111111112

m: 4.333333333333333

n: 50.0

Residual: 0.26843063855048455


epsilon: 1.1111111111111112

m: 4.666666666666667

n: 12.0

Residual: 0.36260385522546934


epsilon: 1.1111111111111112

m: 4.666666666666667

n: 16.22222222222222

Residual: 0.25280704110832536


epsilon: 1.1111111111111112

m: 4.666666666666667

n: 20.444444444444443

Residual: 0.18328791350742366


epsilon: 1.1111111111111112

m: 4.666666666666667

n: 24.666666666666668

Residual: 0.13695906665189322


epsilon: 1.1111111111111112

m: 4.666666666666667

n: 28.88888888888889

Residual: 0.11428578885857994


epsilon: 1.1111111111111112

m: 4.666666666666667

n: 33.111111111111114

Residual: 0.0931740108467644


epsilon: 1.1111111111111112

m: 4.666666666666667

n: 37.333333333333336

Residual: 0.0822767428490252


epsilon: 1.1111111111111112

m: 4.666666666666667

n: 41.55555555555556

Residual: 0.06003904538791779


epsilon: 1.1111111111111112

m: 4.666666666666667

n: 45.77777777777778

Residual: 0.05330863890812773


epsilon: 1.1111111111111112

m: 4.666666666666667

n: 50.0

Residual: 0.14869920004429643


epsilon: 1.1111111111111112

m: 5.0

n: 12.0

Residual: 0.17036731622985157


epsilon: 1.1111111111111112

m: 5.0

n: 16.22222222222222

Residual: 0.04605606291332748


epsilon: 1.1111111111111112

m: 5.0

n: 20.444444444444443

Residual: 0.037642060270594406


epsilon: 1.1111111111111112

m: 5.0

n: 24.666666666666668

Residual: 0.08350268672324877


epsilon: 1.1111111111111112

m: 5.0

n: 28.88888888888889

Residual: 0.1340872634958449


epsilon: 1.1111111111111112

m: 5.0

n: 33.111111111111114

Residual: 0.16130337385511417


epsilon: 1.1111111111111112

m: 5.0

n: 37.333333333333336

Residual: 0.1811890059467002


epsilon: 1.1111111111111112

m: 5.0

n: 41.55555555555556

Residual: 0.18798553084913722


epsilon: 1.1111111111111112

m: 5.0

n: 45.77777777777778

Residual: 0.22289612198671813


epsilon: 1.1111111111111112

m: 5.0

n: 50.0

Residual: 0.2612190797541096


epsilon: 1.1111111111111112

m: 5.333333333333333

n: 12.0

Residual: 0.0891075310817797


epsilon: 1.1111111111111112

m: 5.333333333333333

n: 16.22222222222222

Residual: 0.13877165669804112


epsilon: 1.1111111111111112

m: 5.333333333333333

n: 20.444444444444443

Residual: 0.2152488171046758


epsilon: 1.1111111111111112

m: 5.333333333333333

n: 24.666666666666668

Residual: 0.2635938899307624


epsilon: 1.1111111111111112

m: 5.333333333333333

n: 28.88888888888889

Residual: 0.3222049259097407


epsilon: 1.1111111111111112

m: 5.333333333333333

n: 33.111111111111114

Residual: 0.35853627732816684


epsilon: 1.1111111111111112

m: 5.333333333333333

n: 37.333333333333336

Residual: 0.37643149891747946


epsilon: 1.1111111111111112

m: 5.333333333333333

n: 41.55555555555556

Residual: 0.38323229196658853


epsilon: 1.1111111111111112

m: 5.333333333333333

n: 45.77777777777778

Residual: 0.3781607363981597


epsilon: 1.1111111111111112

m: 5.333333333333333

n: 50.0

Residual: 0.3863563217892968


epsilon: 1.1111111111111112

m: 5.666666666666666

n: 12.0

Residual: 0.154453705586667


epsilon: 1.1111111111111112

m: 5.666666666666666

n: 16.22222222222222

Residual: 0.28564755873502756


epsilon: 1.1111111111111112

m: 5.666666666666666

n: 20.444444444444443

Residual: 0.35982153490679303


epsilon: 1.1111111111111112

m: 5.666666666666666

n: 24.666666666666668

Residual: 0.4197394459484373


epsilon: 1.1111111111111112

m: 5.666666666666666

n: 28.88888888888889

Residual: 0.4483577837674966


epsilon: 1.1111111111111112

m: 5.666666666666666

n: 33.111111111111114

Residual: 0.48273450784131183


epsilon: 1.1111111111111112

m: 5.666666666666666

n: 37.333333333333336

Residual: 0.5323392421065721


epsilon: 1.1111111111111112

m: 5.666666666666666

n: 41.55555555555556

Residual: 0.507467669564247


epsilon: 1.1111111111111112

m: 5.666666666666666

n: 45.77777777777778

Residual: 0.584242706150722


epsilon: 1.1111111111111112

m: 5.666666666666666

n: 50.0

Residual: 0.5851424867160806


epsilon: 1.1111111111111112

m: 6.0

n: 12.0

Residual: 0.27521112038516915


epsilon: 1.1111111111111112

m: 6.0

n: 16.22222222222222

Residual: 0.4068823742309204


epsilon: 1.1111111111111112

m: 6.0

n: 20.444444444444443

Residual: 0.4751700951239007


epsilon: 1.1111111111111112

m: 6.0

n: 24.666666666666668

Residual: 0.5219738439930475


epsilon: 1.1111111111111112

m: 6.0

n: 28.88888888888889

Residual: 0.572207609852853


epsilon: 1.1111111111111112

m: 6.0

n: 33.111111111111114

Residual: 0.5932549841047271


epsilon: 1.1111111111111112

m: 6.0

n: 37.333333333333336

Residual: 0.6285997277258829


epsilon: 1.1111111111111112

m: 6.0

n: 41.55555555555556

Residual: 0.651738838440878


epsilon: 1.1111111111111112

m: 6.0

n: 45.77777777777778

Residual: 0.6808968167848768


epsilon: 1.1111111111111112

m: 6.0

n: 50.0

Residual: 0.684704958821313


epsilon: 1.1111111111111112

m: 6.333333333333333

n: 12.0

Residual: 0.37359496403815134


epsilon: 1.1111111111111112

m: 6.333333333333333

n: 16.22222222222222

Residual: 0.5003735128104444


epsilon: 1.1111111111111112

m: 6.333333333333333

n: 20.444444444444443

Residual: 0.5667596143580774


epsilon: 1.1111111111111112

m: 6.333333333333333

n: 24.666666666666668

Residual: 0.6081368001976675


epsilon: 1.1111111111111112

m: 6.333333333333333

n: 28.88888888888889

Residual: 0.671656656186903


epsilon: 1.1111111111111112

m: 6.333333333333333

n: 33.111111111111114

Residual: 0.6931065367104271


epsilon: 1.1111111111111112

m: 6.333333333333333

n: 37.333333333333336

Residual: 0.7116344933791638


epsilon: 1.1111111111111112

m: 6.333333333333333

n: 41.55555555555556

Residual: 0.735080279185038


epsilon: 1.1111111111111112

m: 6.333333333333333

n: 45.77777777777778

Residual: 0.7157174028682701


epsilon: 1.1111111111111112

m: 6.333333333333333

n: 50.0

Residual: 0.7274489038977635


epsilon: 1.1111111111111112

m: 6.666666666666666

n: 12.0

Residual: 0.4619241597756862


epsilon: 1.1111111111111112

m: 6.666666666666666

n: 16.22222222222222

Residual: 0.5825695903648472


epsilon: 1.1111111111111112

m: 6.666666666666666

n: 20.444444444444443

Residual: 0.6528583557361556


epsilon: 1.1111111111111112

m: 6.666666666666666

n: 24.666666666666668

Residual: 0.6882144904005124


epsilon: 1.1111111111111112

m: 6.666666666666666

n: 28.88888888888889

Residual: 0.697451492415769


epsilon: 1.1111111111111112

m: 6.666666666666666

n: 33.111111111111114

Residual: 0.713304276751144


epsilon: 1.1111111111111112

m: 6.666666666666666

n: 37.333333333333336

Residual: 0.785728387599649


epsilon: 1.1111111111111112

m: 6.666666666666666

n: 41.55555555555556

Residual: 0.7959064679052454


epsilon: 1.1111111111111112

m: 6.666666666666666

n: 45.77777777777778

Residual: 0.8084116789542132


epsilon: 1.1111111111111112

m: 6.666666666666666

n: 50.0

Residual: 0.767680026034694


epsilon: 1.1111111111111112

m: 7.0

n: 12.0

Residual: 0.5192158448472257


epsilon: 1.1111111111111112

m: 7.0

n: 16.22222222222222

Residual: 0.6432723101636311


epsilon: 1.1111111111111112

m: 7.0

n: 20.444444444444443

Residual: 0.679297233069311


epsilon: 1.1111111111111112

m: 7.0

n: 24.666666666666668

Residual: 0.7127321103152122


epsilon: 1.1111111111111112

m: 7.0

n: 28.88888888888889

Residual: 0.7685896428169815


epsilon: 1.1111111111111112

m: 7.0

n: 33.111111111111114

Residual: 0.7860303890206628


epsilon: 1.1111111111111112

m: 7.0

n: 37.333333333333336

Residual: 0.8137699045595858


epsilon: 1.1111111111111112

m: 7.0

n: 41.55555555555556

Residual: 0.8287993421425165


epsilon: 1.1111111111111112

m: 7.0

n: 45.77777777777778

Residual: 0.8364894677230492


epsilon: 1.1111111111111112

m: 7.0

n: 50.0

Residual: 0.8502830840220145


epsilon: 1.7222222222222223

m: 4.0

n: 12.0

Residual: 0.8038769367873598


epsilon: 1.7222222222222223

m: 4.0

n: 16.22222222222222

Residual: 0.763338333040912


epsilon: 1.7222222222222223

m: 4.0

n: 20.444444444444443

Residual: 0.7356905164253943


epsilon: 1.7222222222222223

m: 4.0

n: 24.666666666666668

Residual: 0.7150544025560792


epsilon: 1.7222222222222223

m: 4.0

n: 28.88888888888889

Residual: 0.7002892583403971


epsilon: 1.7222222222222223

m: 4.0

n: 33.111111111111114

Residual: 0.6874700309436182


epsilon: 1.7222222222222223

m: 4.0

n: 37.333333333333336

Residual: 0.6757047244646636


epsilon: 1.7222222222222223

m: 4.0

n: 41.55555555555556

Residual: 0.6679541173945545


epsilon: 1.7222222222222223

m: 4.0

n: 45.77777777777778

Residual: 0.6578223304838983


epsilon: 1.7222222222222223

m: 4.0

n: 50.0

Residual: 0.6631517900355532


epsilon: 1.7222222222222223

m: 4.333333333333333

n: 12.0

Residual: 0.6846773355406593


epsilon: 1.7222222222222223

m: 4.333333333333333

n: 16.22222222222222

Residual: 0.6194512398078137


epsilon: 1.7222222222222223

m: 4.333333333333333

n: 20.444444444444443

Residual: 0.5752246103885874


epsilon: 1.7222222222222223

m: 4.333333333333333

n: 24.666666666666668

Residual: 0.5447730139286838


epsilon: 1.7222222222222223

m: 4.333333333333333

n: 28.88888888888889

Residual: 0.5183862801174128


epsilon: 1.7222222222222223

m: 4.333333333333333

n: 33.111111111111114

Residual: 0.4986166815034919


epsilon: 1.7222222222222223

m: 4.333333333333333

n: 37.333333333333336

Residual: 0.4828910681965838


epsilon: 1.7222222222222223

m: 4.333333333333333

n: 41.55555555555556

Residual: 0.47419872784212513


epsilon: 1.7222222222222223

m: 4.333333333333333

n: 45.77777777777778

Residual: 0.4639691683035892


epsilon: 1.7222222222222223

m: 4.333333333333333

n: 50.0

Residual: 0.5026128114106795


epsilon: 1.7222222222222223

m: 4.666666666666667

n: 12.0

Residual: 0.537660922200989


epsilon: 1.7222222222222223

m: 4.666666666666667

n: 16.22222222222222

Residual: 0.44504539548655475


epsilon: 1.7222222222222223

m: 4.666666666666667

n: 20.444444444444443

Residual: 0.3847294139974046


epsilon: 1.7222222222222223

m: 4.666666666666667

n: 24.666666666666668

Residual: 0.3452450481961394


epsilon: 1.7222222222222223

m: 4.666666666666667

n: 28.88888888888889

Residual: 0.313278604147293


epsilon: 1.7222222222222223

m: 4.666666666666667

n: 33.111111111111114

Residual: 0.28864625146743367


epsilon: 1.7222222222222223

m: 4.666666666666667

n: 37.333333333333336

Residual: 0.2626644146271126


epsilon: 1.7222222222222223

m: 4.666666666666667

n: 41.55555555555556

Residual: 0.2583309845743429


epsilon: 1.7222222222222223

m: 4.666666666666667

n: 45.77777777777778

Residual: 0.27265724179948997


epsilon: 1.7222222222222223

m: 4.666666666666667

n: 50.0

Residual: 0.3253763730618554


epsilon: 1.7222222222222223

m: 5.0

n: 12.0

Residual: 0.3740602673217134


epsilon: 1.7222222222222223

m: 5.0

n: 16.22222222222222

Residual: 0.25547164542436623


epsilon: 1.7222222222222223

m: 5.0

n: 20.444444444444443

Residual: 0.18535904355498045


epsilon: 1.7222222222222223

m: 5.0

n: 24.666666666666668

Residual: 0.1357411927718155


epsilon: 1.7222222222222223

m: 5.0

n: 28.88888888888889

Residual: 0.1158339386148809


epsilon: 1.7222222222222223

m: 5.0

n: 33.111111111111114

Residual: 0.07832369921446468


epsilon: 1.7222222222222223

m: 5.0

n: 37.333333333333336

Residual: 0.0522048537366009


epsilon: 1.7222222222222223

m: 5.0

n: 41.55555555555556

Residual: 0.08826921578657759


epsilon: 1.7222222222222223

m: 5.0

n: 45.77777777777778

Residual: 0.054681552295466486


epsilon: 1.7222222222222223

m: 5.0

n: 50.0

Residual: 0.10516793987941603


epsilon: 1.7222222222222223

m: 5.333333333333333

n: 12.0

Residual: 0.21724110557665768


epsilon: 1.7222222222222223

m: 5.333333333333333

n: 16.22222222222222

Residual: 0.12254004981449135


epsilon: 1.7222222222222223

m: 5.333333333333333

n: 20.444444444444443

Residual: 0.09502968676224424


epsilon: 1.7222222222222223

m: 5.333333333333333

n: 24.666666666666668

Residual: 0.09017980353594021


epsilon: 1.7222222222222223

m: 5.333333333333333

n: 28.88888888888889

Residual: 0.1078988411116356


epsilon: 1.7222222222222223

m: 5.333333333333333

n: 33.111111111111114

Residual: 0.1380585863497034


epsilon: 1.7222222222222223

m: 5.333333333333333

n: 37.333333333333336

Residual: 0.13839792767309397


epsilon: 1.7222222222222223

m: 5.333333333333333

n: 41.55555555555556

Residual: 0.20926653145508975


epsilon: 1.7222222222222223

m: 5.333333333333333

n: 45.77777777777778

Residual: 0.28377027944689237


epsilon: 1.7222222222222223

m: 5.333333333333333

n: 50.0

Residual: 0.1985937258665048


epsilon: 1.7222222222222223

m: 5.666666666666666

n: 12.0

Residual: 0.16915799040095675


epsilon: 1.7222222222222223

m: 5.666666666666666

n: 16.22222222222222

Residual: 0.14451013873816404


epsilon: 1.7222222222222223

m: 5.666666666666666

n: 20.444444444444443

Residual: 0.17896052179802727


epsilon: 1.7222222222222223

m: 5.666666666666666

n: 24.666666666666668

Residual: 0.21059508642453142


epsilon: 1.7222222222222223

m: 5.666666666666666

n: 28.88888888888889

Residual: 0.27663854992082704


epsilon: 1.7222222222222223

m: 5.666666666666666

n: 33.111111111111114

Residual: 0.3047266477485123


epsilon: 1.7222222222222223

m: 5.666666666666666

n: 37.333333333333336

Residual: 0.30565948025054207


epsilon: 1.7222222222222223

m: 5.666666666666666

n: 41.55555555555556

Residual: 0.40225264184992954


epsilon: 1.7222222222222223

m: 5.666666666666666

n: 45.77777777777778

Residual: 0.35175989804379576


epsilon: 1.7222222222222223

m: 5.666666666666666

n: 50.0

Residual: 0.4600861807543919


epsilon: 1.7222222222222223

m: 6.0

n: 12.0

Residual: 0.18665119772940975


epsilon: 1.7222222222222223

m: 6.0

n: 16.22222222222222

Residual: 0.21614398251332886


epsilon: 1.7222222222222223

m: 6.0

n: 20.444444444444443

Residual: 0.29613234702552704


epsilon: 1.7222222222222223

m: 6.0

n: 24.666666666666668

Residual: 0.33676069818764576


epsilon: 1.7222222222222223

m: 6.0

n: 28.88888888888889

Residual: 0.4108383086222344


epsilon: 1.7222222222222223

m: 6.0

n: 33.111111111111114

Residual: 0.47024300808910563


epsilon: 1.7222222222222223

m: 6.0

n: 37.333333333333336

Residual: 0.4992072979332166


epsilon: 1.7222222222222223

m: 6.0

n: 41.55555555555556

Residual: 0.4499238639583065


epsilon: 1.7222222222222223

m: 6.0

n: 45.77777777777778

Residual: 0.5270292222371692


epsilon: 1.7222222222222223

m: 6.0

n: 50.0

Residual: 0.5584176014976537


epsilon: 1.7222222222222223

m: 6.333333333333333

n: 12.0

Residual: 0.21768526434872262


epsilon: 1.7222222222222223

m: 6.333333333333333

n: 16.22222222222222

Residual: 0.3174963632042604


epsilon: 1.7222222222222223

m: 6.333333333333333

n: 20.444444444444443

Residual: 0.40115430604453584


epsilon: 1.7222222222222223

m: 6.333333333333333

n: 24.666666666666668

Residual: 0.4563850194052647


epsilon: 1.7222222222222223

m: 6.333333333333333

n: 28.88888888888889

Residual: 0.5616510959107114


epsilon: 1.7222222222222223

m: 6.333333333333333

n: 33.111111111111114

Residual: 0.5530297798885679


epsilon: 1.7222222222222223

m: 6.333333333333333

n: 37.333333333333336

Residual: 0.6072430163317711


epsilon: 1.7222222222222223

m: 6.333333333333333

n: 41.55555555555556

Residual: 0.6051894372347885


epsilon: 1.7222222222222223

m: 6.333333333333333

n: 45.77777777777778

Residual: 0.5983599762547839


epsilon: 1.7222222222222223

m: 6.333333333333333

n: 50.0

Residual: 0.6815163410688332


epsilon: 1.7222222222222223

m: 6.666666666666666

n: 12.0

Residual: 0.2735393290937189


epsilon: 1.7222222222222223

m: 6.666666666666666

n: 16.22222222222222

Residual: 0.42278155588214766


epsilon: 1.7222222222222223

m: 6.666666666666666

n: 20.444444444444443

Residual: 0.4780832780822348


epsilon: 1.7222222222222223

m: 6.666666666666666

n: 24.666666666666668

Residual: 0.5468840622342727


epsilon: 1.7222222222222223

m: 6.666666666666666

n: 28.88888888888889

Residual: 0.5599568522983716


epsilon: 1.7222222222222223

m: 6.666666666666666

n: 33.111111111111114

Residual: 0.6243953622099518


epsilon: 1.7222222222222223

m: 6.666666666666666

n: 37.333333333333336

Residual: 0.6232722426481702


epsilon: 1.7222222222222223

m: 6.666666666666666

n: 41.55555555555556

Residual: 0.6489626068712219


epsilon: 1.7222222222222223

m: 6.666666666666666

n: 45.77777777777778

Residual: 0.7232583817870317


epsilon: 1.7222222222222223

m: 6.666666666666666

n: 50.0

Residual: 0.717935288049945


epsilon: 1.7222222222222223

m: 7.0

n: 12.0

Residual: 0.35190527008491007


epsilon: 1.7222222222222223

m: 7.0

n: 16.22222222222222

Residual: 0.4714205870295192


epsilon: 1.7222222222222223

m: 7.0

n: 20.444444444444443

Residual: 0.5715486724071338


epsilon: 1.7222222222222223

m: 7.0

n: 24.666666666666668

Residual: 0.5873222818468599


epsilon: 1.7222222222222223

m: 7.0

n: 28.88888888888889

Residual: 0.6473879544369958


epsilon: 1.7222222222222223

m: 7.0

n: 33.111111111111114

Residual: 0.7265066368379386


epsilon: 1.7222222222222223

m: 7.0

n: 37.333333333333336

Residual: 0.7443285749790911


epsilon: 1.7222222222222223

m: 7.0

n: 41.55555555555556

Residual: 0.7229481297736127


epsilon: 1.7222222222222223

m: 7.0

n: 45.77777777777778

Residual: 0.7744036961152644


epsilon: 1.7222222222222223

m: 7.0

n: 50.0

Residual: 0.7863717661070728


epsilon: 2.3333333333333335

m: 4.0

n: 12.0

Residual: 0.8514398909901831


epsilon: 2.3333333333333335

m: 4.0

n: 16.22222222222222

Residual: 0.8197227896270727


epsilon: 2.3333333333333335

m: 4.0

n: 20.444444444444443

Residual: 0.7981510321102891


epsilon: 2.3333333333333335

m: 4.0

n: 24.666666666666668

Residual: 0.7816041048123729


epsilon: 2.3333333333333335

m: 4.0

n: 28.88888888888889

Residual: 0.7693234849968075


epsilon: 2.3333333333333335

m: 4.0

n: 33.111111111111114

Residual: 0.7580238019018432


epsilon: 2.3333333333333335

m: 4.0

n: 37.333333333333336

Residual: 0.7495068165514167


epsilon: 2.3333333333333335

m: 4.0

n: 41.55555555555556

Residual: 0.7394550116490125


epsilon: 2.3333333333333335

m: 4.0

n: 45.77777777777778

Residual: 0.7368702675829772


epsilon: 2.3333333333333335

m: 4.0

n: 50.0

Residual: 0.7322601528953532


epsilon: 2.3333333333333335

m: 4.333333333333333

n: 12.0

Residual: 0.7568310126758314


epsilon: 2.3333333333333335

m: 4.333333333333333

n: 16.22222222222222

Residual: 0.7039740381831218


epsilon: 2.3333333333333335

m: 4.333333333333333

n: 20.444444444444443

Residual: 0.6688524885336685


epsilon: 2.3333333333333335

m: 4.333333333333333

n: 24.666666666666668

Residual: 0.6426178480232889


epsilon: 2.3333333333333335

m: 4.333333333333333

n: 28.88888888888889

Residual: 0.6190245422207498


epsilon: 2.3333333333333335

m: 4.333333333333333

n: 33.111111111111114

Residual: 0.6030272492680189


epsilon: 2.3333333333333335

m: 4.333333333333333

n: 37.333333333333336

Residual: 0.5877441617105781


epsilon: 2.3333333333333335

m: 4.333333333333333

n: 41.55555555555556

Residual: 0.5832902391645306


epsilon: 2.3333333333333335

m: 4.333333333333333

n: 45.77777777777778

Residual: 0.5756746241519191


epsilon: 2.3333333333333335

m: 4.333333333333333

n: 50.0

Residual: 0.5963673662032193


epsilon: 2.3333333333333335

m: 4.666666666666667

n: 12.0

Residual: 0.6363089604959237


epsilon: 2.3333333333333335

m: 4.666666666666667

n: 16.22222222222222

Residual: 0.5582448844800539


epsilon: 2.3333333333333335

m: 4.666666666666667

n: 20.444444444444443

Residual: 0.5040462587758494


epsilon: 2.3333333333333335

m: 4.666666666666667

n: 24.666666666666668

Residual: 0.4693536221936736


epsilon: 2.3333333333333335

m: 4.666666666666667

n: 28.88888888888889

Residual: 0.43671062373662134


epsilon: 2.3333333333333335

m: 4.666666666666667

n: 33.111111111111114

Residual: 0.41532303507530777


epsilon: 2.3333333333333335

m: 4.666666666666667

n: 37.333333333333336

Residual: 0.38941526356761275


epsilon: 2.3333333333333335

m: 4.666666666666667

n: 41.55555555555556

Residual: 0.38140252814987563


epsilon: 2.3333333333333335

m: 4.666666666666667

n: 45.77777777777778

Residual: 0.3852919573667755


epsilon: 2.3333333333333335

m: 4.666666666666667

n: 50.0

Residual: 0.42000531210568154


epsilon: 2.3333333333333335

m: 5.0

n: 12.0

Residual: 0.49654265931710373


epsilon: 2.3333333333333335

m: 5.0

n: 16.22222222222222

Residual: 0.3946016671724269


epsilon: 2.3333333333333335

m: 5.0

n: 20.444444444444443

Residual: 0.3257830277940557


epsilon: 2.3333333333333335

m: 5.0

n: 24.666666666666668

Residual: 0.2766001602011322


epsilon: 2.3333333333333335

m: 5.0

n: 28.88888888888889

Residual: 0.24465594785007228


epsilon: 2.3333333333333335

m: 5.0

n: 33.111111111111114

Residual: 0.20256000329594193


epsilon: 2.3333333333333335

m: 5.0

n: 37.333333333333336

Residual: 0.18790903255158417


epsilon: 2.3333333333333335

m: 5.0

n: 41.55555555555556

Residual: 0.1817907696378185


epsilon: 2.3333333333333335

m: 5.0

n: 45.77777777777778

Residual: 0.156088825931984


epsilon: 2.3333333333333335

m: 5.0

n: 50.0

Residual: 0.24369190356663345


epsilon: 2.3333333333333335

m: 5.333333333333333

n: 12.0

Residual: 0.352631498940944


epsilon: 2.3333333333333335

m: 5.333333333333333

n: 16.22222222222222

Residual: 0.23212960922690482


epsilon: 2.3333333333333335

m: 5.333333333333333

n: 20.444444444444443

Residual: 0.17018476298677215


epsilon: 2.3333333333333335

m: 5.333333333333333

n: 24.666666666666668

Residual: 0.1283382798762863


epsilon: 2.3333333333333335

m: 5.333333333333333

n: 28.88888888888889

Residual: 0.10160692442169895


epsilon: 2.3333333333333335

m: 5.333333333333333

n: 33.111111111111114

Residual: 0.0952460899540547


epsilon: 2.3333333333333335

m: 5.333333333333333

n: 37.333333333333336

Residual: 0.13016483373777268


epsilon: 2.3333333333333335

m: 5.333333333333333

n: 41.55555555555556

Residual: 0.09255986344935116


epsilon: 2.3333333333333335

m: 5.333333333333333

n: 45.77777777777778

Residual: 0.16942949186029177


epsilon: 2.3333333333333335

m: 5.333333333333333

n: 50.0

Residual: 0.10079892593983387


epsilon: 2.3333333333333335

m: 5.666666666666666

n: 12.0

Residual: 0.25265644999611375


epsilon: 2.3333333333333335

m: 5.666666666666666

n: 16.22222222222222

Residual: 0.1822760312008377


epsilon: 2.3333333333333335

m: 5.666666666666666

n: 20.444444444444443

Residual: 0.14072507424398883


epsilon: 2.3333333333333335

m: 5.666666666666666

n: 24.666666666666668

Residual: 0.14105448399482415


epsilon: 2.3333333333333335

m: 5.666666666666666

n: 28.88888888888889

Residual: 0.1858523964407229


epsilon: 2.3333333333333335

m: 5.666666666666666

n: 33.111111111111114

Residual: 0.21220133670016542


epsilon: 2.3333333333333335

m: 5.666666666666666

n: 37.333333333333336

Residual: 0.19528643032014215


epsilon: 2.3333333333333335

m: 5.666666666666666

n: 41.55555555555556

Residual: 0.1830496984490595


epsilon: 2.3333333333333335

m: 5.666666666666666

n: 45.77777777777778

Residual: 0.21268939904639445


epsilon: 2.3333333333333335

m: 5.666666666666666

n: 50.0

Residual: 0.23387076216118405


epsilon: 2.3333333333333335

m: 6.0

n: 12.0

Residual: 0.2294218563779411


epsilon: 2.3333333333333335

m: 6.0

n: 16.22222222222222

Residual: 0.19385019121083855


epsilon: 2.3333333333333335

m: 6.0

n: 20.444444444444443

Residual: 0.1992880022905688


epsilon: 2.3333333333333335

m: 6.0

n: 24.666666666666668

Residual: 0.23348507452343414


epsilon: 2.3333333333333335

m: 6.0

n: 28.88888888888889

Residual: 0.24807410790259463


epsilon: 2.3333333333333335

m: 6.0

n: 33.111111111111114

Residual: 0.2725963129331263


epsilon: 2.3333333333333335

m: 6.0

n: 37.333333333333336

Residual: 0.32133109986459907


epsilon: 2.3333333333333335

m: 6.0

n: 41.55555555555556

Residual: 0.43496663918277234


epsilon: 2.3333333333333335

m: 6.0

n: 45.77777777777778

Residual: 0.4720476735764794


epsilon: 2.3333333333333335

m: 6.0

n: 50.0

Residual: 0.47764271713820594


epsilon: 2.3333333333333335

m: 6.333333333333333

n: 12.0

Residual: 0.23428071410321483


epsilon: 2.3333333333333335

m: 6.333333333333333

n: 16.22222222222222

Residual: 0.23804946709387478


epsilon: 2.3333333333333335

m: 6.333333333333333

n: 20.444444444444443

Residual: 0.2687380872444523


epsilon: 2.3333333333333335

m: 6.333333333333333

n: 24.666666666666668

Residual: 0.34300755364655444


epsilon: 2.3333333333333335

m: 6.333333333333333

n: 28.88888888888889

Residual: 0.38926112990131945


epsilon: 2.3333333333333335

m: 6.333333333333333

n: 33.111111111111114

Residual: 0.4275950340473399


epsilon: 2.3333333333333335

m: 6.333333333333333

n: 37.333333333333336

Residual: 0.5091345124736666


epsilon: 2.3333333333333335

m: 6.333333333333333

n: 41.55555555555556

Residual: 0.46785622679107336


epsilon: 2.3333333333333335

m: 6.333333333333333

n: 45.77777777777778

Residual: 0.4452984549421456


epsilon: 2.3333333333333335

m: 6.333333333333333

n: 50.0

Residual: 0.5320312631499224


epsilon: 2.3333333333333335

m: 6.666666666666666

n: 12.0

Residual: 0.253210962335657


epsilon: 2.3333333333333335

m: 6.666666666666666

n: 16.22222222222222

Residual: 0.29346257753860244


epsilon: 2.3333333333333335

m: 6.666666666666666

n: 20.444444444444443

Residual: 0.3482658125180456


epsilon: 2.3333333333333335

m: 6.666666666666666

n: 24.666666666666668

Residual: 0.4030872712841616


epsilon: 2.3333333333333335

m: 6.666666666666666

n: 28.88888888888889

Residual: 0.5052884444210523


epsilon: 2.3333333333333335

m: 6.666666666666666

n: 33.111111111111114

Residual: 0.5830011346164248


epsilon: 2.3333333333333335

m: 6.666666666666666

n: 37.333333333333336

Residual: 0.49271815314757866


epsilon: 2.3333333333333335

m: 6.666666666666666

n: 41.55555555555556

Residual: 0.5053068632236251


epsilon: 2.3333333333333335

m: 6.666666666666666

n: 45.77777777777778

Residual: 0.5474580253055493


epsilon: 2.3333333333333335

m: 6.666666666666666

n: 50.0

Residual: 0.6099390898084944


epsilon: 2.3333333333333335

m: 7.0

n: 12.0

Residual: 0.2767798788935076


epsilon: 2.3333333333333335

m: 7.0

n: 16.22222222222222

Residual: 0.3624472492741262


epsilon: 2.3333333333333335

m: 7.0

n: 20.444444444444443

Residual: 0.4540581555084167


epsilon: 2.3333333333333335

m: 7.0

n: 24.666666666666668

Residual: 0.49750050836729476


epsilon: 2.3333333333333335

m: 7.0

n: 28.88888888888889

Residual: 0.5864638546389674


epsilon: 2.3333333333333335

m: 7.0

n: 33.111111111111114

Residual: 0.5964735617254827


epsilon: 2.3333333333333335

m: 7.0

n: 37.333333333333336

Residual: 0.5813216773112918


epsilon: 2.3333333333333335

m: 7.0

n: 41.55555555555556

Residual: 0.6350233805762174


epsilon: 2.3333333333333335

m: 7.0

n: 45.77777777777778

Residual: 0.6966582687566854


epsilon: 2.3333333333333335

m: 7.0

n: 50.0

Residual: 0.7094598405435665


epsilon: 2.9444444444444446

m: 4.0

n: 12.0

Residual: 0.8804820588799342


epsilon: 2.9444444444444446

m: 4.0

n: 16.22222222222222

Residual: 0.8544385043277622


epsilon: 2.9444444444444446

m: 4.0

n: 20.444444444444443

Residual: 0.8362713654778169


epsilon: 2.9444444444444446

m: 4.0

n: 24.666666666666668

Residual: 0.8231972999681136


epsilon: 2.9444444444444446

m: 4.0

n: 28.88888888888889

Residual: 0.8130289845716231


epsilon: 2.9444444444444446

m: 4.0

n: 33.111111111111114

Residual: 0.8027654739941772


epsilon: 2.9444444444444446

m: 4.0

n: 37.333333333333336

Residual: 0.7961208875303373


epsilon: 2.9444444444444446

m: 4.0

n: 41.55555555555556

Residual: 0.791137593372496


epsilon: 2.9444444444444446

m: 4.0

n: 45.77777777777778

Residual: 0.7870342082084114


epsilon: 2.9444444444444446

m: 4.0

n: 50.0

Residual: 0.7801325651319408


epsilon: 2.9444444444444446

m: 4.333333333333333

n: 12.0

Residual: 0.8025510440635477


epsilon: 2.9444444444444446

m: 4.333333333333333

n: 16.22222222222222

Residual: 0.7584098610510176


epsilon: 2.9444444444444446

m: 4.333333333333333

n: 20.444444444444443

Residual: 0.7268097684618808


epsilon: 2.9444444444444446

m: 4.333333333333333

n: 24.666666666666668

Residual: 0.7049603077467194


epsilon: 2.9444444444444446

m: 4.333333333333333

n: 28.88888888888889

Residual: 0.6879396768222914


epsilon: 2.9444444444444446

m: 4.333333333333333

n: 33.111111111111114

Residual: 0.67568432719606


epsilon: 2.9444444444444446

m: 4.333333333333333

n: 37.333333333333336

Residual: 0.6626556412995419


epsilon: 2.9444444444444446

m: 4.333333333333333

n: 41.55555555555556

Residual: 0.6422472890648107


epsilon: 2.9444444444444446

m: 4.333333333333333

n: 45.77777777777778

Residual: 0.6345941840885205


epsilon: 2.9444444444444446

m: 4.333333333333333

n: 50.0

Residual: 0.6353161095827701


epsilon: 2.9444444444444446

m: 4.666666666666667

n: 12.0

Residual: 0.7002773247392299


epsilon: 2.9444444444444446

m: 4.666666666666667

n: 16.22222222222222

Residual: 0.6318510146807191


epsilon: 2.9444444444444446

m: 4.666666666666667

n: 20.444444444444443

Residual: 0.5873109025637651


epsilon: 2.9444444444444446

m: 4.666666666666667

n: 24.666666666666668

Residual: 0.5548774109673907


epsilon: 2.9444444444444446

m: 4.666666666666667

n: 28.88888888888889

Residual: 0.5255074617758111


epsilon: 2.9444444444444446

m: 4.666666666666667

n: 33.111111111111114

Residual: 0.5086435333495212


epsilon: 2.9444444444444446

m: 4.666666666666667

n: 37.333333333333336

Residual: 0.47794748472425286


epsilon: 2.9444444444444446

m: 4.666666666666667

n: 41.55555555555556

Residual: 0.47442842524937145


epsilon: 2.9444444444444446

m: 4.666666666666667

n: 45.77777777777778

Residual: 0.47141816183987895


epsilon: 2.9444444444444446

m: 4.666666666666667

n: 50.0

Residual: 0.47228765796681027


epsilon: 2.9444444444444446

m: 5.0

n: 12.0

Residual: 0.5793892385999495


epsilon: 2.9444444444444446

m: 5.0

n: 16.22222222222222

Residual: 0.4877465462026616


epsilon: 2.9444444444444446

m: 5.0

n: 20.444444444444443

Residual: 0.4237310520999785


epsilon: 2.9444444444444446

m: 5.0

n: 24.666666666666668

Residual: 0.3868055732804527


epsilon: 2.9444444444444446

m: 5.0

n: 28.88888888888889

Residual: 0.35455697115817325


epsilon: 2.9444444444444446

m: 5.0

n: 33.111111111111114

Residual: 0.31639715165501603


epsilon: 2.9444444444444446

m: 5.0

n: 37.333333333333336

Residual: 0.29908443652822314


epsilon: 2.9444444444444446

m: 5.0

n: 41.55555555555556

Residual: 0.26785291675147355


epsilon: 2.9444444444444446

m: 5.0

n: 45.77777777777778

Residual: 0.2722606874968899


epsilon: 2.9444444444444446

m: 5.0

n: 50.0

Residual: 0.37414585180133525


epsilon: 2.9444444444444446

m: 5.333333333333333

n: 12.0

Residual: 0.4509574881185098


epsilon: 2.9444444444444446

m: 5.333333333333333

n: 16.22222222222222

Residual: 0.3311954747154654


epsilon: 2.9444444444444446

m: 5.333333333333333

n: 20.444444444444443

Residual: 0.26378372524239846


epsilon: 2.9444444444444446

m: 5.333333333333333

n: 24.666666666666668

Residual: 0.20488673511516353


epsilon: 2.9444444444444446

m: 5.333333333333333

n: 28.88888888888889

Residual: 0.17264540555670996


epsilon: 2.9444444444444446

m: 5.333333333333333

n: 33.111111111111114

Residual: 0.14849488578356537


epsilon: 2.9444444444444446

m: 5.333333333333333

n: 37.333333333333336

Residual: 0.156046163069769


epsilon: 2.9444444444444446

m: 5.333333333333333

n: 41.55555555555556

Residual: 0.13697291689614827


epsilon: 2.9444444444444446

m: 5.333333333333333

n: 45.77777777777778

Residual: 0.24898064503724562


epsilon: 2.9444444444444446

m: 5.333333333333333

n: 50.0

Residual: 0.22709804966346747


epsilon: 2.9444444444444446

m: 5.666666666666666

n: 12.0

Residual: 0.3400113166764683


epsilon: 2.9444444444444446

m: 5.666666666666666

n: 16.22222222222222

Residual: 0.23480899823410262


epsilon: 2.9444444444444446

m: 5.666666666666666

n: 20.444444444444443

Residual: 0.19106811675137061


epsilon: 2.9444444444444446

m: 5.666666666666666

n: 24.666666666666668

Residual: 0.16874223899798607


epsilon: 2.9444444444444446

m: 5.666666666666666

n: 28.88888888888889

Residual: 0.15805730833429354


epsilon: 2.9444444444444446

m: 5.666666666666666

n: 33.111111111111114

Residual: 0.16074105581885662


epsilon: 2.9444444444444446

m: 5.666666666666666

n: 37.333333333333336

Residual: 0.14817113589455017


epsilon: 2.9444444444444446

m: 5.666666666666666

n: 41.55555555555556

Residual: 0.14153817254657813


epsilon: 2.9444444444444446

m: 5.666666666666666

n: 45.77777777777778

Residual: 0.1610773444581718


epsilon: 2.9444444444444446

m: 5.666666666666666

n: 50.0

Residual: 0.24402662917867454


epsilon: 2.9444444444444446

m: 6.0

n: 12.0

Residual: 0.28221852532883496


epsilon: 2.9444444444444446

m: 6.0

n: 16.22222222222222

Residual: 0.22790200723233997


epsilon: 2.9444444444444446

m: 6.0

n: 20.444444444444443

Residual: 0.19333365580539835


epsilon: 2.9444444444444446

m: 6.0

n: 24.666666666666668

Residual: 0.19511927681022068


epsilon: 2.9444444444444446

m: 6.0

n: 28.88888888888889

Residual: 0.19496559373407246


epsilon: 2.9444444444444446

m: 6.0

n: 33.111111111111114

Residual: 0.2130670262361461


epsilon: 2.9444444444444446

m: 6.0

n: 37.333333333333336

Residual: 0.2180763709336518


epsilon: 2.9444444444444446

m: 6.0

n: 41.55555555555556

Residual: 0.276757933989039


epsilon: 2.9444444444444446

m: 6.0

n: 45.77777777777778

Residual: 0.32028708416502166


epsilon: 2.9444444444444446

m: 6.0

n: 50.0

Residual: 0.46975136436211123


epsilon: 2.9444444444444446

m: 6.333333333333333

n: 12.0

Residual: 0.2751581665078164


epsilon: 2.9444444444444446

m: 6.333333333333333

n: 16.22222222222222

Residual: 0.23919451956838328


epsilon: 2.9444444444444446

m: 6.333333333333333

n: 20.444444444444443

Residual: 0.23226921990913557


epsilon: 2.9444444444444446

m: 6.333333333333333

n: 24.666666666666668

Residual: 0.25752792264476


epsilon: 2.9444444444444446

m: 6.333333333333333

n: 28.88888888888889

Residual: 0.29646555808681974


epsilon: 2.9444444444444446

m: 6.333333333333333

n: 33.111111111111114

Residual: 0.31627121890287085


epsilon: 2.9444444444444446

m: 6.333333333333333

n: 37.333333333333336

Residual: 0.33488465136467926


epsilon: 2.9444444444444446

m: 6.333333333333333

n: 41.55555555555556

Residual: 0.41322047960995273


epsilon: 2.9444444444444446

m: 6.333333333333333

n: 45.77777777777778

Residual: 0.34181715673323976


epsilon: 2.9444444444444446

m: 6.333333333333333

n: 50.0

Residual: 0.482623545669492


epsilon: 2.9444444444444446

m: 6.666666666666666

n: 12.0

Residual: 0.27560631308441597


epsilon: 2.9444444444444446

m: 6.666666666666666

n: 16.22222222222222

Residual: 0.26701747616564536


epsilon: 2.9444444444444446

m: 6.666666666666666

n: 20.444444444444443

Residual: 0.2845813944765485


epsilon: 2.9444444444444446

m: 6.666666666666666

n: 24.666666666666668

Residual: 0.34661669161669223


epsilon: 2.9444444444444446

m: 6.666666666666666

n: 28.88888888888889

Residual: 0.3869335577104653


epsilon: 2.9444444444444446

m: 6.666666666666666

n: 33.111111111111114

Residual: 0.4008144877785616


epsilon: 2.9444444444444446

m: 6.666666666666666

n: 37.333333333333336

Residual: 0.5334023206673132


epsilon: 2.9444444444444446

m: 6.666666666666666

n: 41.55555555555556

Residual: 0.4616539934570612


epsilon: 2.9444444444444446

m: 6.666666666666666

n: 45.77777777777778

Residual: 0.5476981213044332


epsilon: 2.9444444444444446

m: 6.666666666666666

n: 50.0

Residual: 0.5934011740119907


epsilon: 2.9444444444444446

m: 7.0

n: 12.0

Residual: 0.28634866870610076


epsilon: 2.9444444444444446

m: 7.0

n: 16.22222222222222

Residual: 0.2980076775856488


epsilon: 2.9444444444444446

m: 7.0

n: 20.444444444444443

Residual: 0.3597550899176696


epsilon: 2.9444444444444446

m: 7.0

n: 24.666666666666668

Residual: 0.4371491928024405


epsilon: 2.9444444444444446

m: 7.0

n: 28.88888888888889

Residual: 0.4672203827845936


epsilon: 2.9444444444444446

m: 7.0

n: 33.111111111111114

Residual: 0.5569143244968626


epsilon: 2.9444444444444446

m: 7.0

n: 37.333333333333336

Residual: 0.5167152772231687


epsilon: 2.9444444444444446

m: 7.0

n: 41.55555555555556

Residual: 0.48622848326450924


epsilon: 2.9444444444444446

m: 7.0

n: 45.77777777777778

Residual: 0.5723786181743146


epsilon: 2.9444444444444446

m: 7.0

n: 50.0

Residual: 0.710042510688589


epsilon: 3.555555555555556

m: 4.0

n: 12.0

Residual: 0.9000315604310011


epsilon: 3.555555555555556

m: 4.0

n: 16.22222222222222

Residual: 0.8778158664868836


epsilon: 3.555555555555556

m: 4.0

n: 20.444444444444443

Residual: 0.8625796204401908


epsilon: 3.555555555555556

m: 4.0

n: 24.666666666666668

Residual: 0.8513157845446505


epsilon: 3.555555555555556

m: 4.0

n: 28.88888888888889

Residual: 0.8422170751457909


epsilon: 3.555555555555556

m: 4.0

n: 33.111111111111114

Residual: 0.8344474427859496


epsilon: 3.555555555555556

m: 4.0

n: 37.333333333333336

Residual: 0.8292736226845275


epsilon: 3.555555555555556

m: 4.0

n: 41.55555555555556

Residual: 0.8245462455838184


epsilon: 3.555555555555556

m: 4.0

n: 45.77777777777778

Residual: 0.8185415013085515


epsilon: 3.555555555555556

m: 4.0

n: 50.0

Residual: 0.8149836989435316


epsilon: 3.555555555555556

m: 4.333333333333333

n: 12.0

Residual: 0.8337704133893177


epsilon: 3.555555555555556

m: 4.333333333333333

n: 16.22222222222222

Residual: 0.7955312335358006


epsilon: 3.555555555555556

m: 4.333333333333333

n: 20.444444444444443

Residual: 0.7693514416537073


epsilon: 3.555555555555556

m: 4.333333333333333

n: 24.666666666666668

Residual: 0.7494011002703405


epsilon: 3.555555555555556

m: 4.333333333333333

n: 28.88888888888889

Residual: 0.7336417443479323


epsilon: 3.555555555555556

m: 4.333333333333333

n: 33.111111111111114

Residual: 0.7193967645700254


epsilon: 3.555555555555556

m: 4.333333333333333

n: 37.333333333333336

Residual: 0.7091914934654872


epsilon: 3.555555555555556

m: 4.333333333333333

n: 41.55555555555556

Residual: 0.702738908815788


epsilon: 3.555555555555556

m: 4.333333333333333

n: 45.77777777777778

Residual: 0.6926745001932075


epsilon: 3.555555555555556

m: 4.333333333333333

n: 50.0

Residual: 0.7156453811189601


epsilon: 3.555555555555556

m: 4.666666666666667

n: 12.0

Residual: 0.7447861963322245


epsilon: 3.555555555555556

m: 4.666666666666667

n: 16.22222222222222

Residual: 0.6852462614341833


epsilon: 3.555555555555556

m: 4.666666666666667

n: 20.444444444444443

Residual: 0.6471612640498948


epsilon: 3.555555555555556

m: 4.666666666666667

n: 24.666666666666668

Residual: 0.6166956478993689


epsilon: 3.555555555555556

m: 4.666666666666667

n: 28.88888888888889

Residual: 0.5924474768983466


epsilon: 3.555555555555556

m: 4.666666666666667

n: 33.111111111111114

Residual: 0.5746687792125047


epsilon: 3.555555555555556

m: 4.666666666666667

n: 37.333333333333336

Residual: 0.5562586360936383


epsilon: 3.555555555555556

m: 4.666666666666667

n: 41.55555555555556

Residual: 0.5306457472299592


epsilon: 3.555555555555556

m: 4.666666666666667

n: 45.77777777777778

Residual: 0.5210360727579386


epsilon: 3.555555555555556

m: 4.666666666666667

n: 50.0

Residual: 0.5316234727502179


epsilon: 3.555555555555556

m: 5.0

n: 12.0

Residual: 0.6383816470305148


epsilon: 3.555555555555556

m: 5.0

n: 16.22222222222222

Residual: 0.5554266558234303


epsilon: 3.555555555555556

m: 5.0

n: 20.444444444444443

Residual: 0.499488516647332


epsilon: 3.555555555555556

m: 5.0

n: 24.666666666666668

Residual: 0.4625223807012492


epsilon: 3.555555555555556

m: 5.0

n: 28.88888888888889

Residual: 0.41972960607680476


epsilon: 3.555555555555556

m: 5.0

n: 33.111111111111114

Residual: 0.38734072125317304


epsilon: 3.555555555555556

m: 5.0

n: 37.333333333333336

Residual: 0.36656957792347866


epsilon: 3.555555555555556

m: 5.0

n: 41.55555555555556

Residual: 0.35852492447189255


epsilon: 3.555555555555556

m: 5.0

n: 45.77777777777778

Residual: 0.35451030832937236


epsilon: 3.555555555555556

m: 5.0

n: 50.0

Residual: 0.4597318318884562


epsilon: 3.555555555555556

m: 5.333333333333333

n: 12.0

Residual: 0.522251711296726


epsilon: 3.555555555555556

m: 5.333333333333333

n: 16.22222222222222

Residual: 0.4187630702779534


epsilon: 3.555555555555556

m: 5.333333333333333

n: 20.444444444444443

Residual: 0.3500455503796803


epsilon: 3.555555555555556

m: 5.333333333333333

n: 24.666666666666668

Residual: 0.29227133860525617


epsilon: 3.555555555555556

m: 5.333333333333333

n: 28.88888888888889

Residual: 0.2486552809283236


epsilon: 3.555555555555556

m: 5.333333333333333

n: 33.111111111111114

Residual: 0.2229934690549294


epsilon: 3.555555555555556

m: 5.333333333333333

n: 37.333333333333336

Residual: 0.20473870154429172


epsilon: 3.555555555555556

m: 5.333333333333333

n: 41.55555555555556

Residual: 0.2069771454047322


epsilon: 3.555555555555556

m: 5.333333333333333

n: 45.77777777777778

Residual: 0.2925608856103654


epsilon: 3.555555555555556

m: 5.333333333333333

n: 50.0

Residual: 0.176150686041422


epsilon: 3.555555555555556

m: 5.666666666666666

n: 12.0

Residual: 0.4079693902406663


epsilon: 3.555555555555556

m: 5.666666666666666

n: 16.22222222222222

Residual: 0.30177633814844934


epsilon: 3.555555555555556

m: 5.666666666666666

n: 20.444444444444443

Residual: 0.23743086403151872


epsilon: 3.555555555555556

m: 5.666666666666666

n: 24.666666666666668

Residual: 0.2043221079207896


epsilon: 3.555555555555556

m: 5.666666666666666

n: 28.88888888888889

Residual: 0.16636217645271467


epsilon: 3.555555555555556

m: 5.666666666666666

n: 33.111111111111114

Residual: 0.21959932924544953


epsilon: 3.555555555555556

m: 5.666666666666666

n: 37.333333333333336

Residual: 0.16790391509008268


epsilon: 3.555555555555556

m: 5.666666666666666

n: 41.55555555555556

Residual: 0.21678667457774384


epsilon: 3.555555555555556

m: 5.666666666666666

n: 45.77777777777778

Residual: 0.24066045952783977


epsilon: 3.555555555555556

m: 5.666666666666666

n: 50.0

Residual: 0.3173593226810925


epsilon: 3.555555555555556

m: 6.0

n: 12.0

Residual: 0.3406667462532172


epsilon: 3.555555555555556

m: 6.0

n: 16.22222222222222

Residual: 0.25254369991254094


epsilon: 3.555555555555556

m: 6.0

n: 20.444444444444443

Residual: 0.2121775097390667


epsilon: 3.555555555555556

m: 6.0

n: 24.666666666666668

Residual: 0.21226837519131514


epsilon: 3.555555555555556

m: 6.0

n: 28.88888888888889

Residual: 0.19676911773860367


epsilon: 3.555555555555556

m: 6.0

n: 33.111111111111114

Residual: 0.19155573846145896


epsilon: 3.555555555555556

m: 6.0

n: 37.333333333333336

Residual: 0.2596708095761507


epsilon: 3.555555555555556

m: 6.0

n: 41.55555555555556

Residual: 0.3248981976731666


epsilon: 3.555555555555556

m: 6.0

n: 45.77777777777778

Residual: 0.3308344357125768


epsilon: 3.555555555555556

m: 6.0

n: 50.0

Residual: 0.2922928579553017


epsilon: 3.555555555555556

m: 6.333333333333333

n: 12.0

Residual: 0.31268823994262207


epsilon: 3.555555555555556

m: 6.333333333333333

n: 16.22222222222222

Residual: 0.26096401467590435


epsilon: 3.555555555555556

m: 6.333333333333333

n: 20.444444444444443

Residual: 0.2440885881146822


epsilon: 3.555555555555556

m: 6.333333333333333

n: 24.666666666666668

Residual: 0.22762359200803065


epsilon: 3.555555555555556

m: 6.333333333333333

n: 28.88888888888889

Residual: 0.2484433753014373


epsilon: 3.555555555555556

m: 6.333333333333333

n: 33.111111111111114

Residual: 0.31616039812956925


epsilon: 3.555555555555556

m: 6.333333333333333

n: 37.333333333333336

Residual: 0.33057950831606175


epsilon: 3.555555555555556

m: 6.333333333333333

n: 41.55555555555556

Residual: 0.378701367682704


epsilon: 3.555555555555556

m: 6.333333333333333

n: 45.77777777777778

Residual: 0.4733746532696375


epsilon: 3.555555555555556

m: 6.333333333333333

n: 50.0

Residual: 0.4355904384987919


epsilon: 3.555555555555556

m: 6.666666666666666

n: 12.0

Residual: 0.3111895531180049


epsilon: 3.555555555555556

m: 6.666666666666666

n: 16.22222222222222

Residual: 0.27864781212320644


epsilon: 3.555555555555556

m: 6.666666666666666

n: 20.444444444444443

Residual: 0.2808392370353396


epsilon: 3.555555555555556

m: 6.666666666666666

n: 24.666666666666668

Residual: 0.33030457362002946


epsilon: 3.555555555555556

m: 6.666666666666666

n: 28.88888888888889

Residual: 0.2993202478602616


epsilon: 3.555555555555556

m: 6.666666666666666

n: 33.111111111111114

Residual: 0.3360520114433226


epsilon: 3.555555555555556

m: 6.666666666666666

n: 37.333333333333336

Residual: 0.45355891619999433


epsilon: 3.555555555555556

m: 6.666666666666666

n: 41.55555555555556

Residual: 0.418817250567287


epsilon: 3.555555555555556

m: 6.666666666666666

n: 45.77777777777778

Residual: 0.575686049064155


epsilon: 3.555555555555556

m: 6.666666666666666

n: 50.0

Residual: 0.4911211311002044


epsilon: 3.555555555555556

m: 7.0

n: 12.0

Residual: 0.305391978400483


epsilon: 3.555555555555556

m: 7.0

n: 16.22222222222222

Residual: 0.29958274771421384


epsilon: 3.555555555555556

m: 7.0

n: 20.444444444444443

Residual: 0.3156576947930534


epsilon: 3.555555555555556

m: 7.0

n: 24.666666666666668

Residual: 0.34370195403955506


epsilon: 3.555555555555556

m: 7.0

n: 28.88888888888889

Residual: 0.4125824563587913


epsilon: 3.555555555555556

m: 7.0

n: 33.111111111111114

Residual: 0.4581645818769461


epsilon: 3.555555555555556

m: 7.0

n: 37.333333333333336

Residual: 0.4783413246200204


epsilon: 3.555555555555556

m: 7.0

n: 41.55555555555556

Residual: 0.5523142427343931


epsilon: 3.555555555555556

m: 7.0

n: 45.77777777777778

Residual: 0.52212670322206


epsilon: 3.555555555555556

m: 7.0

n: 50.0

Residual: 0.6129782089927656


epsilon: 4.166666666666667

m: 4.0

n: 12.0

Residual: 0.9140299529734952


epsilon: 4.166666666666667

m: 4.0

n: 16.22222222222222

Residual: 0.8948167034394358


epsilon: 4.166666666666667

m: 4.0

n: 20.444444444444443

Residual: 0.8815824445706301


epsilon: 4.166666666666667

m: 4.0

n: 24.666666666666668

Residual: 0.8717446951712127


epsilon: 4.166666666666667

m: 4.0

n: 28.88888888888889

Residual: 0.8639091204837692


epsilon: 4.166666666666667

m: 4.0

n: 33.111111111111114

Residual: 0.8578602588981762


epsilon: 4.166666666666667

m: 4.0

n: 37.333333333333336

Residual: 0.8523065714100007


epsilon: 4.166666666666667

m: 4.0

n: 41.55555555555556

Residual: 0.8462772615013041


epsilon: 4.166666666666667

m: 4.0

n: 45.77777777777778

Residual: 0.8449841694969948


epsilon: 4.166666666666667

m: 4.0

n: 50.0

Residual: 0.8350589206995824


epsilon: 4.166666666666667

m: 4.333333333333333

n: 12.0

Residual: 0.8563419651926875


epsilon: 4.166666666666667

m: 4.333333333333333

n: 16.22222222222222

Residual: 0.8229083205026374


epsilon: 4.166666666666667

m: 4.333333333333333

n: 20.444444444444443

Residual: 0.7993228662575008


epsilon: 4.166666666666667

m: 4.333333333333333

n: 24.666666666666668

Residual: 0.7828762531119291


epsilon: 4.166666666666667

m: 4.333333333333333

n: 28.88888888888889

Residual: 0.7670288814746775


epsilon: 4.166666666666667

m: 4.333333333333333

n: 33.111111111111114

Residual: 0.7569684161573932


epsilon: 4.166666666666667

m: 4.333333333333333

n: 37.333333333333336

Residual: 0.7471540949250207


epsilon: 4.166666666666667

m: 4.333333333333333

n: 41.55555555555556

Residual: 0.7407937355397003


epsilon: 4.166666666666667

m: 4.333333333333333

n: 45.77777777777778

Residual: 0.7554759524848406


epsilon: 4.166666666666667

m: 4.333333333333333

n: 50.0

Residual: 0.7480497360653882


epsilon: 4.166666666666667

m: 4.666666666666667

n: 12.0

Residual: 0.7783795998909083


epsilon: 4.166666666666667

m: 4.666666666666667

n: 16.22222222222222

Residual: 0.7247739549708543


epsilon: 4.166666666666667

m: 4.666666666666667

n: 20.444444444444443

Residual: 0.6899064724841393


epsilon: 4.166666666666667

m: 4.666666666666667

n: 24.666666666666668

Residual: 0.662980691093415


epsilon: 4.166666666666667

m: 4.666666666666667

n: 28.88888888888889

Residual: 0.6425646522460656


epsilon: 4.166666666666667

m: 4.666666666666667

n: 33.111111111111114

Residual: 0.6288515114450395


epsilon: 4.166666666666667

m: 4.666666666666667

n: 37.333333333333336

Residual: 0.6095920411724187


epsilon: 4.166666666666667

m: 4.666666666666667

n: 41.55555555555556

Residual: 0.5870733110864177


epsilon: 4.166666666666667

m: 4.666666666666667

n: 45.77777777777778

Residual: 0.589889050997584


epsilon: 4.166666666666667

m: 4.666666666666667

n: 50.0

Residual: 0.5973285139299027


epsilon: 4.166666666666667

m: 5.0

n: 12.0

Residual: 0.6838736155619364


epsilon: 4.166666666666667

m: 5.0

n: 16.22222222222222

Residual: 0.607509767852942


epsilon: 4.166666666666667

m: 5.0

n: 20.444444444444443

Residual: 0.5551039963485336


epsilon: 4.166666666666667

m: 5.0

n: 24.666666666666668

Residual: 0.5221830463453073


epsilon: 4.166666666666667

m: 5.0

n: 28.88888888888889

Residual: 0.49127534938620737


epsilon: 4.166666666666667

m: 5.0

n: 33.111111111111114

Residual: 0.4628970853564243


epsilon: 4.166666666666667

m: 5.0

n: 37.333333333333336

Residual: 0.4553580691516462


epsilon: 4.166666666666667

m: 5.0

n: 41.55555555555556

Residual: 0.43208047141485334


epsilon: 4.166666666666667

m: 5.0

n: 45.77777777777778

Residual: 0.42946263892151265


epsilon: 4.166666666666667

m: 5.0

n: 50.0

Residual: 0.5218072866304204


epsilon: 4.166666666666667

m: 5.333333333333333

n: 12.0

Residual: 0.5779867186515065


epsilon: 4.166666666666667

m: 5.333333333333333

n: 16.22222222222222

Residual: 0.4772593053170431


epsilon: 4.166666666666667

m: 5.333333333333333

n: 20.444444444444443

Residual: 0.4141125134669672


epsilon: 4.166666666666667

m: 5.333333333333333

n: 24.666666666666668

Residual: 0.36398718759409426


epsilon: 4.166666666666667

m: 5.333333333333333

n: 28.88888888888889

Residual: 0.31394865910776376


epsilon: 4.166666666666667

m: 5.333333333333333

n: 33.111111111111114

Residual: 0.29003114246728373


epsilon: 4.166666666666667

m: 5.333333333333333

n: 37.333333333333336

Residual: 0.2719299667329647


epsilon: 4.166666666666667

m: 5.333333333333333

n: 41.55555555555556

Residual: 0.27260339890242463


epsilon: 4.166666666666667

m: 5.333333333333333

n: 45.77777777777778

Residual: 0.24450044968425744


epsilon: 4.166666666666667

m: 5.333333333333333

n: 50.0

Residual: 0.2419160125594938


epsilon: 4.166666666666667

m: 5.666666666666666

n: 12.0

Residual: 0.467446571005496


epsilon: 4.166666666666667

m: 5.666666666666666

n: 16.22222222222222

Residual: 0.3631027999926023


epsilon: 4.166666666666667

m: 5.666666666666666

n: 20.444444444444443

Residual: 0.2972218362052903


epsilon: 4.166666666666667

m: 5.666666666666666

n: 24.666666666666668

Residual: 0.25472671523867263


epsilon: 4.166666666666667

m: 5.666666666666666

n: 28.88888888888889

Residual: 0.2223995293047295


epsilon: 4.166666666666667

m: 5.666666666666666

n: 33.111111111111114

Residual: 0.19909665824297842


epsilon: 4.166666666666667

m: 5.666666666666666

n: 37.333333333333336

Residual: 0.21326119574640856


epsilon: 4.166666666666667

m: 5.666666666666666

n: 41.55555555555556

Residual: 0.2067359531273444


epsilon: 4.166666666666667

m: 5.666666666666666

n: 45.77777777777778

Residual: 0.23642223752625646


epsilon: 4.166666666666667

m: 5.666666666666666

n: 50.0

Residual: 0.1873853713566026


epsilon: 4.166666666666667

m: 6.0

n: 12.0

Residual: 0.3908017975057507


epsilon: 4.166666666666667

m: 6.0

n: 16.22222222222222

Residual: 0.303219442712268


epsilon: 4.166666666666667

m: 6.0

n: 20.444444444444443

Residual: 0.24383617118380504


epsilon: 4.166666666666667

m: 6.0

n: 24.666666666666668

Residual: 0.20515694504352924


epsilon: 4.166666666666667

m: 6.0

n: 28.88888888888889

Residual: 0.21641397223208197


epsilon: 4.166666666666667

m: 6.0

n: 33.111111111111114

Residual: 0.21797064238837374


epsilon: 4.166666666666667

m: 6.0

n: 37.333333333333336

Residual: 0.265343191300137


epsilon: 4.166666666666667

m: 6.0

n: 41.55555555555556

Residual: 0.23179706270390066


epsilon: 4.166666666666667

m: 6.0

n: 45.77777777777778

Residual: 0.18883610211047874


epsilon: 4.166666666666667

m: 6.0

n: 50.0

Residual: 0.43554157035455077


epsilon: 4.166666666666667

m: 6.333333333333333

n: 12.0

Residual: 0.3571907500826957


epsilon: 4.166666666666667

m: 6.333333333333333

n: 16.22222222222222

Residual: 0.28843308415780855


epsilon: 4.166666666666667

m: 6.333333333333333

n: 20.444444444444443

Residual: 0.2431729017563811


epsilon: 4.166666666666667

m: 6.333333333333333

n: 24.666666666666668

Residual: 0.2376329630781975


epsilon: 4.166666666666667

m: 6.333333333333333

n: 28.88888888888889

Residual: 0.22552571317521636


epsilon: 4.166666666666667

m: 6.333333333333333

n: 33.111111111111114

Residual: 0.2557452893173056


epsilon: 4.166666666666667

m: 6.333333333333333

n: 37.333333333333336

Residual: 0.23221059820287598


epsilon: 4.166666666666667

m: 6.333333333333333

n: 41.55555555555556

Residual: 0.28251940315582097


epsilon: 4.166666666666667

m: 6.333333333333333

n: 45.77777777777778

Residual: 0.25384610737532776


epsilon: 4.166666666666667

m: 6.333333333333333

n: 50.0

Residual: 0.45652678295311133


epsilon: 4.166666666666667

m: 6.666666666666666

n: 12.0

Residual: 0.34534752543318015


epsilon: 4.166666666666667

m: 6.666666666666666

n: 16.22222222222222

Residual: 0.28927267636916815


epsilon: 4.166666666666667

m: 6.666666666666666

n: 20.444444444444443

Residual: 0.26863368368778273


epsilon: 4.166666666666667

m: 6.666666666666666

n: 24.666666666666668

Residual: 0.2656311676928146


epsilon: 4.166666666666667

m: 6.666666666666666

n: 28.88888888888889

Residual: 0.277144322317212


epsilon: 4.166666666666667

m: 6.666666666666666

n: 33.111111111111114

Residual: 0.335385706569193


epsilon: 4.166666666666667

m: 6.666666666666666

n: 37.333333333333336

Residual: 0.31033652657225386


epsilon: 4.166666666666667

m: 6.666666666666666

n: 41.55555555555556

Residual: 0.3240755398575692


epsilon: 4.166666666666667

m: 6.666666666666666

n: 45.77777777777778

Residual: 0.36253522289380413


epsilon: 4.166666666666667

m: 6.666666666666666

n: 50.0

Residual: 0.4343384441006567


epsilon: 4.166666666666667

m: 7.0

n: 12.0

Residual: 0.33852819743872903


epsilon: 4.166666666666667

m: 7.0

n: 16.22222222222222

Residual: 0.30804845724570395


epsilon: 4.166666666666667

m: 7.0

n: 20.444444444444443

Residual: 0.29887545593929


epsilon: 4.166666666666667

m: 7.0

n: 24.666666666666668

Residual: 0.32742011900785223


epsilon: 4.166666666666667

m: 7.0

n: 28.88888888888889

Residual: 0.39137901109539774


epsilon: 4.166666666666667

m: 7.0

n: 33.111111111111114

Residual: 0.3855619811117018


epsilon: 4.166666666666667

m: 7.0

n: 37.333333333333336

Residual: 0.44660821746329077


epsilon: 4.166666666666667

m: 7.0

n: 41.55555555555556

Residual: 0.5127849523869876


epsilon: 4.166666666666667

m: 7.0

n: 45.77777777777778

Residual: 0.558839043606327


epsilon: 4.166666666666667

m: 7.0

n: 50.0

Residual: 0.5877920526563406


epsilon: 4.777777777777779

m: 4.0

n: 12.0

Residual: 0.9245833963583145


epsilon: 4.777777777777779

m: 4.0

n: 16.22222222222222

Residual: 0.9077030524369567


epsilon: 4.777777777777779

m: 4.0

n: 20.444444444444443

Residual: 0.8959304285022139


epsilon: 4.777777777777779

m: 4.0

n: 24.666666666666668

Residual: 0.8870976254947134


epsilon: 4.777777777777779

m: 4.0

n: 28.88888888888889

Residual: 0.8802325288902118


epsilon: 4.777777777777779

m: 4.0

n: 33.111111111111114

Residual: 0.8743268361222934


epsilon: 4.777777777777779

m: 4.0

n: 37.333333333333336

Residual: 0.8698774792266173


epsilon: 4.777777777777779

m: 4.0

n: 41.55555555555556

Residual: 0.8662805046527015


epsilon: 4.777777777777779

m: 4.0

n: 45.77777777777778

Residual: 0.8622903877015696


epsilon: 4.777777777777779

m: 4.0

n: 50.0

Residual: 0.8603493707664609


epsilon: 4.777777777777779

m: 4.333333333333333

n: 12.0

Residual: 0.8734301991774541


epsilon: 4.777777777777779

m: 4.333333333333333

n: 16.22222222222222

Residual: 0.843433274965035


epsilon: 4.777777777777779

m: 4.333333333333333

n: 20.444444444444443

Residual: 0.8228801360733897


epsilon: 4.777777777777779

m: 4.333333333333333

n: 24.666666666666668

Residual: 0.8075753231205135


epsilon: 4.777777777777779

m: 4.333333333333333

n: 28.88888888888889

Residual: 0.7956642263271023


epsilon: 4.777777777777779

m: 4.333333333333333

n: 33.111111111111114

Residual: 0.7854949887068389


epsilon: 4.777777777777779

m: 4.333333333333333

n: 37.333333333333336

Residual: 0.7789635201853495


epsilon: 4.777777777777779

m: 4.333333333333333

n: 41.55555555555556

Residual: 0.7706093008332345


epsilon: 4.777777777777779

m: 4.333333333333333

n: 45.77777777777778

Residual: 0.7816691221970465


epsilon: 4.777777777777779

m: 4.333333333333333

n: 50.0

Residual: 0.7582158275526777


epsilon: 4.777777777777779

m: 4.666666666666667

n: 12.0

Residual: 0.8034112484293591


epsilon: 4.777777777777779

m: 4.666666666666667

n: 16.22222222222222

Residual: 0.7569760022658484


epsilon: 4.777777777777779

m: 4.666666666666667

n: 20.444444444444443

Residual: 0.7235299576796635


epsilon: 4.777777777777779

m: 4.666666666666667

n: 24.666666666666668

Residual: 0.698411693029821


epsilon: 4.777777777777779

m: 4.666666666666667

n: 28.88888888888889

Residual: 0.6767922124412563


epsilon: 4.777777777777779

m: 4.666666666666667

n: 33.111111111111114

Residual: 0.6622883852539921


epsilon: 4.777777777777779

m: 4.666666666666667

n: 37.333333333333336

Residual: 0.6470038246692325


epsilon: 4.777777777777779

m: 4.666666666666667

n: 41.55555555555556

Residual: 0.6393922765639067


epsilon: 4.777777777777779

m: 4.666666666666667

n: 45.77777777777778

Residual: 0.6352564809620167


epsilon: 4.777777777777779

m: 4.666666666666667

n: 50.0

Residual: 0.6185700051468835


epsilon: 4.777777777777779

m: 5.0

n: 12.0

Residual: 0.7180635744536187


epsilon: 4.777777777777779

m: 5.0

n: 16.22222222222222

Residual: 0.6490941232789967


epsilon: 4.777777777777779

m: 5.0

n: 20.444444444444443

Residual: 0.6014870567461892


epsilon: 4.777777777777779

m: 5.0

n: 24.666666666666668

Residual: 0.5669038377445559


epsilon: 4.777777777777779

m: 5.0

n: 28.88888888888889

Residual: 0.5333915795623403


epsilon: 4.777777777777779

m: 5.0

n: 33.111111111111114

Residual: 0.5252936434050438


epsilon: 4.777777777777779

m: 5.0

n: 37.333333333333336

Residual: 0.5032129863325804


epsilon: 4.777777777777779

m: 5.0

n: 41.55555555555556

Residual: 0.4724393426825956


epsilon: 4.777777777777779

m: 5.0

n: 45.77777777777778

Residual: 0.5111297721110062


epsilon: 4.777777777777779

m: 5.0

n: 50.0

Residual: 0.4940296905986675


epsilon: 4.777777777777779

m: 5.333333333333333

n: 12.0

Residual: 0.6211559378899785


epsilon: 4.777777777777779

m: 5.333333333333333

n: 16.22222222222222

Residual: 0.531609502533376


epsilon: 4.777777777777779

m: 5.333333333333333

n: 20.444444444444443

Residual: 0.4698271071746433


epsilon: 4.777777777777779

m: 5.333333333333333

n: 24.666666666666668

Residual: 0.42161702810008717


epsilon: 4.777777777777779

m: 5.333333333333333

n: 28.88888888888889

Residual: 0.38573993060144773


epsilon: 4.777777777777779

m: 5.333333333333333

n: 33.111111111111114

Residual: 0.3712854296833223


epsilon: 4.777777777777779

m: 5.333333333333333

n: 37.333333333333336

Residual: 0.3195442760712294


epsilon: 4.777777777777779

m: 5.333333333333333

n: 41.55555555555556

Residual: 0.37052792438557325


epsilon: 4.777777777777779

m: 5.333333333333333

n: 45.77777777777778

Residual: 0.29972054164403067


epsilon: 4.777777777777779

m: 5.333333333333333

n: 50.0

Residual: 0.3383409606567881


epsilon: 4.777777777777779

m: 5.666666666666666

n: 12.0

Residual: 0.5185419885051685


epsilon: 4.777777777777779

m: 5.666666666666666

n: 16.22222222222222

Residual: 0.4083205896221906


epsilon: 4.777777777777779

m: 5.666666666666666

n: 20.444444444444443

Residual: 0.3451064432240672


epsilon: 4.777777777777779

m: 5.666666666666666

n: 24.666666666666668

Residual: 0.31270079680473206


epsilon: 4.777777777777779

m: 5.666666666666666

n: 28.88888888888889

Residual: 0.2721537201902364


epsilon: 4.777777777777779

m: 5.666666666666666

n: 33.111111111111114

Residual: 0.25115642542405614


epsilon: 4.777777777777779

m: 5.666666666666666

n: 37.333333333333336

Residual: 0.23483122428831854


epsilon: 4.777777777777779

m: 5.666666666666666

n: 41.55555555555556

Residual: 0.23333494383819176


epsilon: 4.777777777777779

m: 5.666666666666666

n: 45.77777777777778

Residual: 0.1896221024872473


epsilon: 4.777777777777779

m: 5.666666666666666

n: 50.0

Residual: 0.19430700890568364


epsilon: 4.777777777777779

m: 6.0

n: 12.0

Residual: 0.4445573144964409


epsilon: 4.777777777777779

m: 6.0

n: 16.22222222222222

Residual: 0.3435896998594181


epsilon: 4.777777777777779

m: 6.0

n: 20.444444444444443

Residual: 0.2924733631957809


epsilon: 4.777777777777779

m: 6.0

n: 24.666666666666668

Residual: 0.2579272220091654


epsilon: 4.777777777777779

m: 6.0

n: 28.88888888888889

Residual: 0.24899744793878592


epsilon: 4.777777777777779

m: 6.0

n: 33.111111111111114

Residual: 0.22002711488936738


epsilon: 4.777777777777779

m: 6.0

n: 37.333333333333336

Residual: 0.2474545252373537


epsilon: 4.777777777777779

m: 6.0

n: 41.55555555555556

Residual: 0.1989421905961674


epsilon: 4.777777777777779

m: 6.0

n: 45.77777777777778

Residual: 0.28038227304491314


epsilon: 4.777777777777779

m: 6.0

n: 50.0

Residual: 0.21645472811307473


epsilon: 4.777777777777779

m: 6.333333333333333

n: 12.0

Residual: 0.3939042121521425


epsilon: 4.777777777777779

m: 6.333333333333333

n: 16.22222222222222

Residual: 0.3205132559296389


epsilon: 4.777777777777779

m: 6.333333333333333

n: 20.444444444444443

Residual: 0.2890792074448357


epsilon: 4.777777777777779

m: 6.333333333333333

n: 24.666666666666668

Residual: 0.2701178941753986


epsilon: 4.777777777777779

m: 6.333333333333333

n: 28.88888888888889

Residual: 0.25667250487864085


epsilon: 4.777777777777779

m: 6.333333333333333

n: 33.111111111111114

Residual: 0.26497681965207603


epsilon: 4.777777777777779

m: 6.333333333333333

n: 37.333333333333336

Residual: 0.2452610807524431


epsilon: 4.777777777777779

m: 6.333333333333333

n: 41.55555555555556

Residual: 0.23293636727984043


epsilon: 4.777777777777779

m: 6.333333333333333

n: 45.77777777777778

Residual: 0.38792287199824044


epsilon: 4.777777777777779

m: 6.333333333333333

n: 50.0

Residual: 0.2678005475567885


epsilon: 4.777777777777779

m: 6.666666666666666

n: 12.0

Residual: 0.37265655552827087


epsilon: 4.777777777777779

m: 6.666666666666666

n: 16.22222222222222

Residual: 0.31086613489564907


epsilon: 4.777777777777779

m: 6.666666666666666

n: 20.444444444444443

Residual: 0.2901059516154878


epsilon: 4.777777777777779

m: 6.666666666666666

n: 24.666666666666668

Residual: 0.272448874233844


epsilon: 4.777777777777779

m: 6.666666666666666

n: 28.88888888888889

Residual: 0.26309735385615235


epsilon: 4.777777777777779

m: 6.666666666666666

n: 33.111111111111114

Residual: 0.2883852551599059


epsilon: 4.777777777777779

m: 6.666666666666666

n: 37.333333333333336

Residual: 0.3003065176090367


epsilon: 4.777777777777779

m: 6.666666666666666

n: 41.55555555555556

Residual: 0.29397902115769686


epsilon: 4.777777777777779

m: 6.666666666666666

n: 45.77777777777778

Residual: 0.4001749930670664


epsilon: 4.777777777777779

m: 6.666666666666666

n: 50.0

Residual: 0.5629210331698796


epsilon: 4.777777777777779

m: 7.0

n: 12.0

Residual: 0.35970307171690064


epsilon: 4.777777777777779

m: 7.0

n: 16.22222222222222

Residual: 0.3241519760763865


epsilon: 4.777777777777779

m: 7.0

n: 20.444444444444443

Residual: 0.30091179136741747


epsilon: 4.777777777777779

m: 7.0

n: 24.666666666666668

Residual: 0.31560664338342714


epsilon: 4.777777777777779

m: 7.0

n: 28.88888888888889

Residual: 0.33759422456398147


epsilon: 4.777777777777779

m: 7.0

n: 33.111111111111114

Residual: 0.3820578056078586


epsilon: 4.777777777777779

m: 7.0

n: 37.333333333333336

Residual: 0.32750590060336293


epsilon: 4.777777777777779

m: 7.0

n: 41.55555555555556

Residual: 0.5047805403850169


epsilon: 4.777777777777779

m: 7.0

n: 45.77777777777778

Residual: 0.45794311855464215


epsilon: 4.777777777777779

m: 7.0

n: 50.0

Residual: 0.5086538410283129


epsilon: 5.388888888888889

m: 4.0

n: 12.0

Residual: 0.9328191991025774


epsilon: 5.388888888888889

m: 4.0

n: 16.22222222222222

Residual: 0.9177535347065641


epsilon: 5.388888888888889

m: 4.0

n: 20.444444444444443

Residual: 0.9071872898858321


epsilon: 5.388888888888889

m: 4.0

n: 24.666666666666668

Residual: 0.8993952846566284


epsilon: 5.388888888888889

m: 4.0

n: 28.88888888888889

Residual: 0.893002249975517


epsilon: 5.388888888888889

m: 4.0

n: 33.111111111111114

Residual: 0.8882716863715518


epsilon: 5.388888888888889

m: 4.0

n: 37.333333333333336

Residual: 0.8836284679367691


epsilon: 5.388888888888889

m: 4.0

n: 41.55555555555556

Residual: 0.8801303692098581


epsilon: 5.388888888888889

m: 4.0

n: 45.77777777777778

Residual: 0.8775403221364483


epsilon: 5.388888888888889

m: 4.0

n: 50.0

Residual: 0.8716935808507156


epsilon: 5.388888888888889

m: 4.333333333333333

n: 12.0

Residual: 0.8869736729788177


epsilon: 5.388888888888889

m: 4.333333333333333

n: 16.22222222222222

Residual: 0.8599771817999822


epsilon: 5.388888888888889

m: 4.333333333333333

n: 20.444444444444443

Residual: 0.8416282834547028


epsilon: 5.388888888888889

m: 4.333333333333333

n: 24.666666666666668

Residual: 0.8279780558019264


epsilon: 5.388888888888889

m: 4.333333333333333

n: 28.88888888888889

Residual: 0.8162384573646252


epsilon: 5.388888888888889

m: 4.333333333333333

n: 33.111111111111114

Residual: 0.8077504864889987


epsilon: 5.388888888888889

m: 4.333333333333333

n: 37.333333333333336

Residual: 0.800104186906696


epsilon: 5.388888888888889

m: 4.333333333333333

n: 41.55555555555556

Residual: 0.7952467900108524


epsilon: 5.388888888888889

m: 4.333333333333333

n: 45.77777777777778

Residual: 0.7858039799802894


epsilon: 5.388888888888889

m: 4.333333333333333

n: 50.0

Residual: 0.7748844094104111


epsilon: 5.388888888888889

m: 4.666666666666667

n: 12.0

Residual: 0.8241669160048773


epsilon: 5.388888888888889

m: 4.666666666666667

n: 16.22222222222222

Residual: 0.7811048755309686


epsilon: 5.388888888888889

m: 4.666666666666667

n: 20.444444444444443

Residual: 0.750729283567723


epsilon: 5.388888888888889

m: 4.666666666666667

n: 24.666666666666668

Residual: 0.7285983854153585


epsilon: 5.388888888888889

m: 4.666666666666667

n: 28.88888888888889

Residual: 0.7100535533099331


epsilon: 5.388888888888889

m: 4.666666666666667

n: 33.111111111111114

Residual: 0.6944639509340526


epsilon: 5.388888888888889

m: 4.666666666666667

n: 37.333333333333336

Residual: 0.6770034835949209


epsilon: 5.388888888888889

m: 4.666666666666667

n: 41.55555555555556

Residual: 0.6752804663198595


epsilon: 5.388888888888889

m: 4.666666666666667

n: 45.77777777777778

Residual: 0.6513800509762225


epsilon: 5.388888888888889

m: 4.666666666666667

n: 50.0

Residual: 0.6566914126778212


epsilon: 5.388888888888889

m: 5.0

n: 12.0

Residual: 0.7463086774359268


epsilon: 5.388888888888889

m: 5.0

n: 16.22222222222222

Residual: 0.6830065175528547


epsilon: 5.388888888888889

m: 5.0

n: 20.444444444444443

Residual: 0.6391495352255349


epsilon: 5.388888888888889

m: 5.0

n: 24.666666666666668

Residual: 0.6014458770312996


epsilon: 5.388888888888889

m: 5.0

n: 28.88888888888889

Residual: 0.5849603087770141


epsilon: 5.388888888888889

m: 5.0

n: 33.111111111111114

Residual: 0.5636938746597572


epsilon: 5.388888888888889

m: 5.0

n: 37.333333333333336

Residual: 0.5302453787544564


epsilon: 5.388888888888889

m: 5.0

n: 41.55555555555556

Residual: 0.5175030982359149


epsilon: 5.388888888888889

m: 5.0

n: 45.77777777777778

Residual: 0.5099086224738865


epsilon: 5.388888888888889

m: 5.0

n: 50.0

Residual: 0.5081940076288333


epsilon: 5.388888888888889

m: 5.333333333333333

n: 12.0

Residual: 0.6580874422200413


epsilon: 5.388888888888889

m: 5.333333333333333

n: 16.22222222222222

Residual: 0.5730064042571168


epsilon: 5.388888888888889

m: 5.333333333333333

n: 20.444444444444443

Residual: 0.5169159344986506


epsilon: 5.388888888888889

m: 5.333333333333333

n: 24.666666666666668

Residual: 0.47453575992688196


epsilon: 5.388888888888889

m: 5.333333333333333

n: 28.88888888888889

Residual: 0.4408111823829746


epsilon: 5.388888888888889

m: 5.333333333333333

n: 33.111111111111114

Residual: 0.3812098841226488


epsilon: 5.388888888888889

m: 5.333333333333333

n: 37.333333333333336

Residual: 0.39881641801931594


epsilon: 5.388888888888889

m: 5.333333333333333

n: 41.55555555555556

Residual: 0.35988811599829523


epsilon: 5.388888888888889

m: 5.333333333333333

n: 45.77777777777778

Residual: 0.3885445288355905


epsilon: 5.388888888888889

m: 5.333333333333333

n: 50.0

Residual: 0.36370824245300426


epsilon: 5.388888888888889

m: 5.666666666666666

n: 12.0

Residual: 0.5634472349795262


epsilon: 5.388888888888889

m: 5.666666666666666

n: 16.22222222222222

Residual: 0.4596190151472344


epsilon: 5.388888888888889

m: 5.666666666666666

n: 20.444444444444443

Residual: 0.39596339996127605


epsilon: 5.388888888888889

m: 5.666666666666666

n: 24.666666666666668

Residual: 0.34157860883993574


epsilon: 5.388888888888889

m: 5.666666666666666

n: 28.88888888888889

Residual: 0.31506437270303594


epsilon: 5.388888888888889

m: 5.666666666666666

n: 33.111111111111114

Residual: 0.29262165178466526


epsilon: 5.388888888888889

m: 5.666666666666666

n: 37.333333333333336

Residual: 0.2686224076020546


epsilon: 5.388888888888889

m: 5.666666666666666

n: 41.55555555555556

Residual: 0.24753535607952662


epsilon: 5.388888888888889

m: 5.666666666666666

n: 45.77777777777778

Residual: 0.22678994832208438


epsilon: 5.388888888888889

m: 5.666666666666666

n: 50.0

Residual: 0.2514706674523975


epsilon: 5.388888888888889

m: 6.0

n: 12.0

Residual: 0.4808869593081513


epsilon: 5.388888888888889

m: 6.0

n: 16.22222222222222

Residual: 0.3788702388128962


epsilon: 5.388888888888889

m: 6.0

n: 20.444444444444443

Residual: 0.3338273258882135


epsilon: 5.388888888888889

m: 6.0

n: 24.666666666666668

Residual: 0.2670668896687578


epsilon: 5.388888888888889

m: 6.0

n: 28.88888888888889

Residual: 0.23585573372484445


epsilon: 5.388888888888889

m: 6.0

n: 33.111111111111114

Residual: 0.26677390025358


epsilon: 5.388888888888889

m: 6.0

n: 37.333333333333336

Residual: 0.2174488279633592


epsilon: 5.388888888888889

m: 6.0

n: 41.55555555555556

Residual: 0.32469984125960094


epsilon: 5.388888888888889

m: 6.0

n: 45.77777777777778

Residual: 0.22078253738220247


epsilon: 5.388888888888889

m: 6.0

n: 50.0

Residual: 0.23346049459769963


epsilon: 5.388888888888889

m: 6.333333333333333

n: 12.0

Residual: 0.4328422909884267


epsilon: 5.388888888888889

m: 6.333333333333333

n: 16.22222222222222

Residual: 0.349067797505962


epsilon: 5.388888888888889

m: 6.333333333333333

n: 20.444444444444443

Residual: 0.3024712633781692


epsilon: 5.388888888888889

m: 6.333333333333333

n: 24.666666666666668

Residual: 0.2709996240211426


epsilon: 5.388888888888889

m: 6.333333333333333

n: 28.88888888888889

Residual: 0.25192040883268535


epsilon: 5.388888888888889

m: 6.333333333333333

n: 33.111111111111114

Residual: 0.27022903992254543


epsilon: 5.388888888888889

m: 6.333333333333333

n: 37.333333333333336

Residual: 0.24682741701380853


epsilon: 5.388888888888889

m: 6.333333333333333

n: 41.55555555555556

Residual: 0.25212605966167856


epsilon: 5.388888888888889

m: 6.333333333333333

n: 45.77777777777778

Residual: 0.3510871876896028


epsilon: 5.388888888888889

m: 6.333333333333333

n: 50.0

Residual: 0.41646501002217184


epsilon: 5.388888888888889

m: 6.666666666666666

n: 12.0

Residual: 0.4109410962191789


epsilon: 5.388888888888889

m: 6.666666666666666

n: 16.22222222222222

Residual: 0.3378695214947599


epsilon: 5.388888888888889

m: 6.666666666666666

n: 20.444444444444443

Residual: 0.3050063833788105


epsilon: 5.388888888888889

m: 6.666666666666666

n: 24.666666666666668

Residual: 0.2886474787949782


epsilon: 5.388888888888889

m: 6.666666666666666

n: 28.88888888888889

Residual: 0.29057130348273874


epsilon: 5.388888888888889

m: 6.666666666666666

n: 33.111111111111114

Residual: 0.2698424407208317


epsilon: 5.388888888888889

m: 6.666666666666666

n: 37.333333333333336

Residual: 0.4001933048433863


epsilon: 5.388888888888889

m: 6.666666666666666

n: 41.55555555555556

Residual: 0.3575909388973902


epsilon: 5.388888888888889

m: 6.666666666666666

n: 45.77777777777778

Residual: 0.2736810643012773


epsilon: 5.388888888888889

m: 6.666666666666666

n: 50.0

Residual: 0.27075617320480405


epsilon: 5.388888888888889

m: 7.0

n: 12.0

Residual: 0.3849682630846557


epsilon: 5.388888888888889

m: 7.0

n: 16.22222222222222

Residual: 0.3277891522863506


epsilon: 5.388888888888889

m: 7.0

n: 20.444444444444443

Residual: 0.30908145092176503


epsilon: 5.388888888888889

m: 7.0

n: 24.666666666666668

Residual: 0.29858510465041777


epsilon: 5.388888888888889

m: 7.0

n: 28.88888888888889

Residual: 0.29811109040444433


epsilon: 5.388888888888889

m: 7.0

n: 33.111111111111114

Residual: 0.37068482582423573


epsilon: 5.388888888888889

m: 7.0

n: 37.333333333333336

Residual: 0.3229494984016252


epsilon: 5.388888888888889

m: 7.0

n: 41.55555555555556

Residual: 0.36935278402962846


epsilon: 5.388888888888889

m: 7.0

n: 45.77777777777778

Residual: 0.32214907611053617


epsilon: 5.388888888888889

m: 7.0

n: 50.0

Residual: 0.6625620507310636


epsilon: 6.0

m: 4.0

n: 12.0

Residual: 0.9394630408409843


epsilon: 6.0

m: 4.0

n: 16.22222222222222

Residual: 0.9257510910537435


epsilon: 6.0

m: 4.0

n: 20.444444444444443

Residual: 0.9162131821591605


epsilon: 6.0

m: 4.0

n: 24.666666666666668

Residual: 0.9091294250146846


epsilon: 6.0

m: 4.0

n: 28.88888888888889

Residual: 0.9033657383123213


epsilon: 6.0

m: 4.0

n: 33.111111111111114

Residual: 0.8989334573906179


epsilon: 6.0

m: 4.0

n: 37.333333333333336

Residual: 0.894001291377837


epsilon: 6.0

m: 4.0

n: 41.55555555555556

Residual: 0.8914780196722492


epsilon: 6.0

m: 4.0

n: 45.77777777777778

Residual: 0.8890288497062168


epsilon: 6.0

m: 4.0

n: 50.0

Residual: 0.8837074110018553


epsilon: 6.0

m: 4.333333333333333

n: 12.0

Residual: 0.8977746266177847


epsilon: 6.0

m: 4.333333333333333

n: 16.22222222222222

Residual: 0.8738983871268982


epsilon: 6.0

m: 4.333333333333333

n: 20.444444444444443

Residual: 0.8566747764401772


epsilon: 6.0

m: 4.333333333333333

n: 24.666666666666668

Residual: 0.8439560797246999


epsilon: 6.0

m: 4.333333333333333

n: 28.88888888888889

Residual: 0.8332832545729163


epsilon: 6.0

m: 4.333333333333333

n: 33.111111111111114

Residual: 0.8261511050753483


epsilon: 6.0

m: 4.333333333333333

n: 37.333333333333336

Residual: 0.8186523068550915


epsilon: 6.0

m: 4.333333333333333

n: 41.55555555555556

Residual: 0.8075846813716898


epsilon: 6.0

m: 4.333333333333333

n: 45.77777777777778

Residual: 0.8098735778890448


epsilon: 6.0

m: 4.333333333333333

n: 50.0

Residual: 0.7980279884343219


epsilon: 6.0

m: 4.666666666666667

n: 12.0

Residual: 0.8405363928869297


epsilon: 6.0

m: 4.666666666666667

n: 16.22222222222222

Residual: 0.800889967304293


epsilon: 6.0

m: 4.666666666666667

n: 20.444444444444443

Residual: 0.7738267248180016


epsilon: 6.0

m: 4.666666666666667

n: 24.666666666666668

Residual: 0.7536809301803584


epsilon: 6.0

m: 4.666666666666667

n: 28.88888888888889

Residual: 0.7373808349941984


epsilon: 6.0

m: 4.666666666666667

n: 33.111111111111114

Residual: 0.7260400117689212


epsilon: 6.0

m: 4.666666666666667

n: 37.333333333333336

Residual: 0.7071362255236797


epsilon: 6.0

m: 4.666666666666667

n: 41.55555555555556

Residual: 0.7019193623890908


epsilon: 6.0

m: 4.666666666666667

n: 45.77777777777778

Residual: 0.7094171265601261


epsilon: 6.0

m: 4.666666666666667

n: 50.0

Residual: 0.6812027943645513


epsilon: 6.0

m: 5.0

n: 12.0

Residual: 0.7686942354270984


epsilon: 6.0

m: 5.0

n: 16.22222222222222

Residual: 0.7111941083352344


epsilon: 6.0

m: 5.0

n: 20.444444444444443

Residual: 0.6708961072706703


epsilon: 6.0

m: 5.0

n: 24.666666666666668

Residual: 0.6440984806342773


epsilon: 6.0

m: 5.0

n: 28.88888888888889

Residual: 0.6191037662449637


epsilon: 6.0

m: 5.0

n: 33.111111111111114

Residual: 0.5982524718948238


epsilon: 6.0

m: 5.0

n: 37.333333333333336

Residual: 0.5759107945766887


epsilon: 6.0

m: 5.0

n: 41.55555555555556

Residual: 0.5674131036161081


epsilon: 6.0

m: 5.0

n: 45.77777777777778

Residual: 0.5606028976605888


epsilon: 6.0

m: 5.0

n: 50.0

Residual: 0.5791274847780041


epsilon: 6.0

m: 5.333333333333333

n: 12.0

Residual: 0.6869150084861917


epsilon: 6.0

m: 5.333333333333333

n: 16.22222222222222

Residual: 0.6077503575818288


epsilon: 6.0

m: 5.333333333333333

n: 20.444444444444443

Residual: 0.5559816509130064


epsilon: 6.0

m: 5.333333333333333

n: 24.666666666666668

Residual: 0.5188561373631209


epsilon: 6.0

m: 5.333333333333333

n: 28.88888888888889

Residual: 0.4859570719091259


epsilon: 6.0

m: 5.333333333333333

n: 33.111111111111114

Residual: 0.43841800312254636


epsilon: 6.0

m: 5.333333333333333

n: 37.333333333333336

Residual: 0.40887014675265915


epsilon: 6.0

m: 5.333333333333333

n: 41.55555555555556

Residual: 0.4198222092431946


epsilon: 6.0

m: 5.333333333333333

n: 45.77777777777778

Residual: 0.4863913016697802


epsilon: 6.0

m: 5.333333333333333

n: 50.0

Residual: 0.4462848833837321


epsilon: 6.0

m: 5.666666666666666

n: 12.0

Residual: 0.5982683259101199


epsilon: 6.0

m: 5.666666666666666

n: 16.22222222222222

Residual: 0.501236727643673


epsilon: 6.0

m: 5.666666666666666

n: 20.444444444444443

Residual: 0.4295652687023532


epsilon: 6.0

m: 5.666666666666666

n: 24.666666666666668

Residual: 0.37806237980964674


epsilon: 6.0

m: 5.666666666666666

n: 28.88888888888889

Residual: 0.3442857078072121


epsilon: 6.0

m: 5.666666666666666

n: 33.111111111111114

Residual: 0.3019394074132725


epsilon: 6.0

m: 5.666666666666666

n: 37.333333333333336

Residual: 0.3188520685766252


epsilon: 6.0

m: 5.666666666666666

n: 41.55555555555556

Residual: 0.41187117521780275


epsilon: 6.0

m: 5.666666666666666

n: 45.77777777777778

Residual: 0.44145881851670404


epsilon: 6.0

m: 5.666666666666666

n: 50.0

Residual: 0.38074655741339614


epsilon: 6.0

m: 6.0

n: 12.0

Residual: 0.5192855788457009


epsilon: 6.0

m: 6.0

n: 16.22222222222222

Residual: 0.4157627865535345


epsilon: 6.0

m: 6.0

n: 20.444444444444443

Residual: 0.35575684714481587


epsilon: 6.0

m: 6.0

n: 24.666666666666668

Residual: 0.3139323627345923


epsilon: 6.0

m: 6.0

n: 28.88888888888889

Residual: 0.2652049369399733


epsilon: 6.0

m: 6.0

n: 33.111111111111114

Residual: 0.2686585646730994


epsilon: 6.0

m: 6.0

n: 37.333333333333336

Residual: 0.27175604263084724


epsilon: 6.0

m: 6.0

n: 41.55555555555556

Residual: 0.24979910297603244


epsilon: 6.0

m: 6.0

n: 45.77777777777778

Residual: 0.22113537574575645


epsilon: 6.0

m: 6.0

n: 50.0

Residual: 0.2829625143133183


epsilon: 6.0

m: 6.333333333333333

n: 12.0

Residual: 0.46572586020959095


epsilon: 6.0

m: 6.333333333333333

n: 16.22222222222222

Residual: 0.3763791797893022


epsilon: 6.0

m: 6.333333333333333

n: 20.444444444444443

Residual: 0.33060371748349265


epsilon: 6.0

m: 6.333333333333333

n: 24.666666666666668

Residual: 0.3036540361716552


epsilon: 6.0

m: 6.333333333333333

n: 28.88888888888889

Residual: 0.2735282684262531


epsilon: 6.0

m: 6.333333333333333

n: 33.111111111111114

Residual: 0.26450297995164057


epsilon: 6.0

m: 6.333333333333333

n: 37.333333333333336

Residual: 0.2920065670759756


epsilon: 6.0

m: 6.333333333333333

n: 41.55555555555556

Residual: 0.26928188293605854


epsilon: 6.0

m: 6.333333333333333

n: 45.77777777777778

Residual: 0.3516870679494369


epsilon: 6.0

m: 6.333333333333333

n: 50.0

Residual: 0.23088180558584281


epsilon: 6.0

m: 6.666666666666666

n: 12.0

Residual: 0.4327703577638848


epsilon: 6.0

m: 6.666666666666666

n: 16.22222222222222

Residual: 0.3578197749865126


epsilon: 6.0

m: 6.666666666666666

n: 20.444444444444443

Residual: 0.3154105705044169


epsilon: 6.0

m: 6.666666666666666

n: 24.666666666666668

Residual: 0.30488422484936645


epsilon: 6.0

m: 6.666666666666666

n: 28.88888888888889

Residual: 0.2717902479379533


epsilon: 6.0

m: 6.666666666666666

n: 33.111111111111114

Residual: 0.26992894034998405


epsilon: 6.0

m: 6.666666666666666

n: 37.333333333333336

Residual: 0.28586796287867816


epsilon: 6.0

m: 6.666666666666666

n: 41.55555555555556

Residual: 0.40724765069678237


epsilon: 6.0

m: 6.666666666666666

n: 45.77777777777778

Residual: 0.27129853185685565


epsilon: 6.0

m: 6.666666666666666

n: 50.0

Residual: 0.3728110192556174


epsilon: 6.0

m: 7.0

n: 12.0

Residual: 0.4198125266567481


epsilon: 6.0

m: 7.0

n: 16.22222222222222

Residual: 0.3557683249994747


epsilon: 6.0

m: 7.0

n: 20.444444444444443

Residual: 0.3200125297743685


epsilon: 6.0

m: 7.0

n: 24.666666666666668

Residual: 0.3163732648066827


epsilon: 6.0

m: 7.0

n: 28.88888888888889

Residual: 0.3534447541861339


epsilon: 6.0

m: 7.0

n: 33.111111111111114

Residual: 0.32595451440098433


epsilon: 6.0

m: 7.0

n: 37.333333333333336

Residual: 0.30674082458421087


epsilon: 6.0

m: 7.0

n: 41.55555555555556

Residual: 0.5442938918702567


epsilon: 6.0

m: 7.0

n: 45.77777777777778

Residual: 0.35903401825707826


epsilon: 6.0

m: 7.0

n: 50.0

Residual: 0.33096298834291654


