epsilon: 0.5

m: 4.0

n: 12.0

Residual: 0.3233226435825098


epsilon: 0.5

m: 4.0

n: 12.0

Residual: 0.3230349058034927


epsilon: 0.5

m: 4.0

n: 16.22222222222222

Residual: 0.27927881882769173


epsilon: 0.5

m: 4.0

n: 20.444444444444443

Residual: 0.2636190881706324


epsilon: 0.5

m: 4.0

n: 24.666666666666668

Residual: 0.2580642725713369


epsilon: 0.5

m: 4.0

n: 28.88888888888889

Residual: 0.2565244348566727


epsilon: 0.5

m: 4.0

n: 33.111111111111114

Residual: 0.25731434164920375


epsilon: 0.5

m: 4.0

n: 37.333333333333336

Residual: 0.2581020003650773


epsilon: 0.5

m: 4.0

n: 41.55555555555556

Residual: 0.25933036392646047


epsilon: 0.5

m: 4.0

n: 45.77777777777778

Residual: 0.26117415851072046


epsilon: 0.5

m: 4.0

n: 50.0

Residual: 0.2630800255121642


epsilon: 0.5

m: 4.333333333333333

n: 12.0

Residual: 0.20801051666640225


epsilon: 0.5

m: 4.333333333333333

n: 16.22222222222222

Residual: 0.2150076497069731


epsilon: 0.5

m: 4.333333333333333

n: 20.444444444444443

Residual: 0.2355639082029762


epsilon: 0.5

m: 4.333333333333333

n: 24.666666666666668

Residual: 0.2557065023109386


epsilon: 0.5

m: 4.333333333333333

n: 28.88888888888889

Residual: 0.27183517827757164


epsilon: 0.5

m: 4.333333333333333

n: 33.111111111111114

Residual: 0.28623307648488566


epsilon: 0.5

m: 4.333333333333333

n: 37.333333333333336

Residual: 0.2974468765482725


epsilon: 0.5

m: 4.333333333333333

n: 41.55555555555556

Residual: 0.30773828355013844


epsilon: 0.5

m: 4.333333333333333

n: 45.77777777777778

Residual: 0.3166053904509261


epsilon: 0.5

m: 4.333333333333333

n: 50.0

Residual: 0.32343519950488586


epsilon: 0.5

m: 4.666666666666667

n: 12.0

Residual: 0.20645062284179808


epsilon: 0.5

m: 4.666666666666667

n: 16.22222222222222

Residual: 0.2901778824732865


epsilon: 0.5

m: 4.666666666666667

n: 20.444444444444443

Residual: 0.34787314999948127


epsilon: 0.5

m: 4.666666666666667

n: 24.666666666666668

Residual: 0.3878455164900042


epsilon: 0.5

m: 4.666666666666667

n: 28.88888888888889

Residual: 0.41705956897879565


epsilon: 0.5

m: 4.666666666666667

n: 33.111111111111114

Residual: 0.43896872670058257


epsilon: 0.5

m: 4.666666666666667

n: 37.333333333333336

Residual: 0.45569682034167736


epsilon: 0.5

m: 4.666666666666667

n: 41.55555555555556

Residual: 0.4700947898989183


epsilon: 0.5

m: 4.666666666666667

n: 45.77777777777778

Residual: 0.48022929443864115


epsilon: 0.5

m: 4.666666666666667

n: 50.0

Residual: 0.48999650618264345


epsilon: 0.5

m: 5.0

n: 12.0

Residual: 0.34279594654786816


epsilon: 0.5

m: 5.0

n: 16.22222222222222

Residual: 0.4510112275859765


epsilon: 0.5

m: 5.0

n: 20.444444444444443

Residual: 0.5104210874711554


epsilon: 0.5

m: 5.0

n: 24.666666666666668

Residual: 0.5466069630083821


epsilon: 0.5

m: 5.0

n: 28.88888888888889

Residual: 0.5720726962504615


epsilon: 0.5

m: 5.0

n: 33.111111111111114

Residual: 0.5903984193342443


epsilon: 0.5

m: 5.0

n: 37.333333333333336

Residual: 0.6049718493626309


epsilon: 0.5

m: 5.0

n: 41.55555555555556

Residual: 0.6163918663519563


epsilon: 0.5

m: 5.0

n: 45.77777777777778

Residual: 0.6257035874210153


epsilon: 0.5

m: 5.0

n: 50.0

Residual: 0.633902583336288


epsilon: 0.5

m: 5.333333333333333

n: 12.0

Residual: 0.48019053477376245


epsilon: 0.5

m: 5.333333333333333

n: 16.22222222222222

Residual: 0.5791635648300341


epsilon: 0.5

m: 5.333333333333333

n: 20.444444444444443

Residual: 0.6288300870170538


epsilon: 0.5

m: 5.333333333333333

n: 24.666666666666668

Residual: 0.6610805372596805


epsilon: 0.5

m: 5.333333333333333

n: 28.88888888888889

Residual: 0.6832937487002313


epsilon: 0.5

m: 5.333333333333333

n: 33.111111111111114

Residual: 0.698781407183034


epsilon: 0.5

m: 5.333333333333333

n: 37.333333333333336

Residual: 0.7107281612311385


epsilon: 0.5

m: 5.333333333333333

n: 41.55555555555556

Residual: 0.7200924162697446


epsilon: 0.5

m: 5.333333333333333

n: 45.77777777777778

Residual: 0.7282501970316411


epsilon: 0.5

m: 5.333333333333333

n: 50.0

Residual: 0.7328790763085127


epsilon: 0.5

m: 5.666666666666666

n: 12.0

Residual: 0.5850897959515097


epsilon: 0.5

m: 5.666666666666666

n: 16.22222222222222

Residual: 0.6725471324777653


epsilon: 0.5

m: 5.666666666666666

n: 20.444444444444443

Residual: 0.7157977621102071


epsilon: 0.5

m: 5.666666666666666

n: 24.666666666666668

Residual: 0.7423524310346287


epsilon: 0.5

m: 5.666666666666666

n: 28.88888888888889

Residual: 0.7597561486252326


epsilon: 0.5

m: 5.666666666666666

n: 33.111111111111114

Residual: 0.7739731769245574


epsilon: 0.5

m: 5.666666666666666

n: 37.333333333333336

Residual: 0.7832485484175802


epsilon: 0.5

m: 5.666666666666666

n: 41.55555555555556

Residual: 0.790689165965895


epsilon: 0.5

m: 5.666666666666666

n: 45.77777777777778

Residual: 0.7956143459889752


epsilon: 0.5

m: 5.666666666666666

n: 50.0

Residual: 0.8010603211879234


epsilon: 0.5

m: 6.0

n: 12.0

Residual: 0.6645946913660983


epsilon: 0.5

m: 6.0

n: 16.22222222222222

Residual: 0.7414113545554173


epsilon: 0.5

m: 6.0

n: 20.444444444444443

Residual: 0.7782378637022986


epsilon: 0.5

m: 6.0

n: 24.666666666666668

Residual: 0.8005571322891266


epsilon: 0.5

m: 6.0

n: 28.88888888888889

Residual: 0.8140593452972216


epsilon: 0.5

m: 6.0

n: 33.111111111111114

Residual: 0.8256677591862484


epsilon: 0.5

m: 6.0

n: 37.333333333333336

Residual: 0.8323982895075609


epsilon: 0.5

m: 6.0

n: 41.55555555555556

Residual: 0.8406771334711405


epsilon: 0.5

m: 6.0

n: 45.77777777777778

Residual: 0.8446457793217832


epsilon: 0.5

m: 6.0

n: 50.0

Residual: 0.849051501884313


epsilon: 0.5

m: 6.333333333333333

n: 12.0

Residual: 0.7238805494145566


epsilon: 0.5

m: 6.333333333333333

n: 16.22222222222222

Residual: 0.7918120321389663


epsilon: 0.5

m: 6.333333333333333

n: 20.444444444444443

Residual: 0.8229326987149198


epsilon: 0.5

m: 6.333333333333333

n: 24.666666666666668

Residual: 0.8414160101034924


epsilon: 0.5

m: 6.333333333333333

n: 28.88888888888889

Residual: 0.8533232225867685


epsilon: 0.5

m: 6.333333333333333

n: 33.111111111111114

Residual: 0.8609246705664144


epsilon: 0.5

m: 6.333333333333333

n: 37.333333333333336

Residual: 0.8697584655418837


epsilon: 0.5

m: 6.333333333333333

n: 41.55555555555556

Residual: 0.8749329333690917


epsilon: 0.5

m: 6.333333333333333

n: 45.77777777777778

Residual: 0.8785263347471776


epsilon: 0.5

m: 6.333333333333333

n: 50.0

Residual: 0.8829482842582774


epsilon: 0.5

m: 6.666666666666666

n: 12.0

Residual: 0.7669478585539227


epsilon: 0.5

m: 6.666666666666666

n: 16.22222222222222

Residual: 0.8273869595495676


epsilon: 0.5

m: 6.666666666666666

n: 20.444444444444443

Residual: 0.8561426232128867


epsilon: 0.5

m: 6.666666666666666

n: 24.666666666666668

Residual: 0.871312068114144


epsilon: 0.5

m: 6.666666666666666

n: 28.88888888888889

Residual: 0.8813774851768715


epsilon: 0.5

m: 6.666666666666666

n: 33.111111111111114

Residual: 0.8904164640202705


epsilon: 0.5

m: 6.666666666666666

n: 37.333333333333336

Residual: 0.8956020134394372


epsilon: 0.5

m: 6.666666666666666

n: 41.55555555555556

Residual: 0.8982226084956426


epsilon: 0.5

m: 6.666666666666666

n: 45.77777777777778

Residual: 0.9018211701011235


epsilon: 0.5

m: 6.666666666666666

n: 50.0

Residual: 0.906658742007451


epsilon: 0.5

m: 7.0

n: 12.0

Residual: 0.802206551070464


epsilon: 0.5

m: 7.0

n: 16.22222222222222

Residual: 0.8554766893803167


epsilon: 0.5

m: 7.0

n: 20.444444444444443

Residual: 0.8789559372766607


epsilon: 0.5

m: 7.0

n: 24.666666666666668

Residual: 0.8945976956699943


epsilon: 0.5

m: 7.0

n: 28.88888888888889

Residual: 0.9028863493778817


epsilon: 0.5

m: 7.0

n: 33.111111111111114

Residual: 0.9091028211139678


epsilon: 0.5

m: 7.0

n: 37.333333333333336

Residual: 0.9154563449802603


epsilon: 0.5

m: 7.0

n: 41.55555555555556

Residual: 0.9177308541555897


epsilon: 0.5

m: 7.0

n: 45.77777777777778

Residual: 0.9215356258226401


epsilon: 0.5

m: 7.0

n: 50.0

Residual: 0.9240309061341643


epsilon: 1.1111111111111112

m: 4.0

n: 12.0

Residual: 0.5920521321500182


epsilon: 1.1111111111111112

m: 4.0

n: 16.22222222222222

Residual: 0.5194473188698693


epsilon: 1.1111111111111112

m: 4.0

n: 20.444444444444443

Residual: 0.4721997606047176


epsilon: 1.1111111111111112

m: 4.0

n: 24.666666666666668

Residual: 0.4382413012655499


epsilon: 1.1111111111111112

m: 4.0

n: 28.88888888888889

Residual: 0.41672164324142075


epsilon: 1.1111111111111112

m: 4.0

n: 33.111111111111114

Residual: 0.40011525891598765


epsilon: 1.1111111111111112

m: 4.0

n: 37.333333333333336

Residual: 0.38693053203953937


epsilon: 1.1111111111111112

m: 4.0

n: 41.55555555555556

Residual: 0.37514261617284855


epsilon: 1.1111111111111112

m: 4.0

n: 45.77777777777778

Residual: 0.36728078624626076


epsilon: 1.1111111111111112

m: 4.0

n: 50.0

Residual: 0.3606559800816627


epsilon: 1.1111111111111112

m: 4.333333333333333

n: 12.0

Residual: 0.4172916326789891


epsilon: 1.1111111111111112

m: 4.333333333333333

n: 16.22222222222222

Residual: 0.3271186915692473


epsilon: 1.1111111111111112

m: 4.333333333333333

n: 20.444444444444443

Residual: 0.2795551107666053


epsilon: 1.1111111111111112

m: 4.333333333333333

n: 24.666666666666668

Residual: 0.25373493355516524


epsilon: 1.1111111111111112

m: 4.333333333333333

n: 28.88888888888889

Residual: 0.23865220914976268


epsilon: 1.1111111111111112

m: 4.333333333333333

n: 33.111111111111114

Residual: 0.22790842122057337


epsilon: 1.1111111111111112

m: 4.333333333333333

n: 37.333333333333336

Residual: 0.21990475171442056


epsilon: 1.1111111111111112

m: 4.333333333333333

n: 41.55555555555556

Residual: 0.2157626298180947


epsilon: 1.1111111111111112

m: 4.333333333333333

n: 45.77777777777778

Residual: 0.2134074522953498


epsilon: 1.1111111111111112

m: 4.333333333333333

n: 50.0

Residual: 0.20962473652206087


epsilon: 1.1111111111111112

m: 4.666666666666667

n: 12.0

Residual: 0.24017968586617972


epsilon: 1.1111111111111112

m: 4.666666666666667

n: 16.22222222222222

Residual: 0.16955779821951525


epsilon: 1.1111111111111112

m: 4.666666666666667

n: 20.444444444444443

Residual: 0.1490546131756252


epsilon: 1.1111111111111112

m: 4.666666666666667

n: 24.666666666666668

Residual: 0.14761666441842947


epsilon: 1.1111111111111112

m: 4.666666666666667

n: 28.88888888888889

Residual: 0.1521295022363597


epsilon: 1.1111111111111112

m: 4.666666666666667

n: 33.111111111111114

Residual: 0.15954174624944734


epsilon: 1.1111111111111112

m: 4.666666666666667

n: 37.333333333333336

Residual: 0.16577032444563525


epsilon: 1.1111111111111112

m: 4.666666666666667

n: 41.55555555555556

Residual: 0.17331183708189793


epsilon: 1.1111111111111112

m: 4.666666666666667

n: 45.77777777777778

Residual: 0.18069933181543552


epsilon: 1.1111111111111112

m: 4.666666666666667

n: 50.0

Residual: 0.1869018433007443


epsilon: 1.1111111111111112

m: 5.0

n: 12.0

Residual: 0.1098482825897758


epsilon: 1.1111111111111112

m: 5.0

n: 16.22222222222222

Residual: 0.11401894081315225


epsilon: 1.1111111111111112

m: 5.0

n: 20.444444444444443

Residual: 0.1666757703387507


epsilon: 1.1111111111111112

m: 5.0

n: 24.666666666666668

Residual: 0.2111181327164442


epsilon: 1.1111111111111112

m: 5.0

n: 28.88888888888889

Residual: 0.24585452792435522


epsilon: 1.1111111111111112

m: 5.0

n: 33.111111111111114

Residual: 0.2716124510796476


epsilon: 1.1111111111111112

m: 5.0

n: 37.333333333333336

Residual: 0.29268808433509025


epsilon: 1.1111111111111112

m: 5.0

n: 41.55555555555556

Residual: 0.30992134461608595


epsilon: 1.1111111111111112

m: 5.0

n: 45.77777777777778

Residual: 0.3247949100054754


epsilon: 1.1111111111111112

m: 5.0

n: 50.0

Residual: 0.3343307035364595


epsilon: 1.1111111111111112

m: 5.333333333333333

n: 12.0

Residual: 0.12375730142166172


epsilon: 1.1111111111111112

m: 5.333333333333333

n: 16.22222222222222

Residual: 0.25479955927423215


epsilon: 1.1111111111111112

m: 5.333333333333333

n: 20.444444444444443

Residual: 0.32976698073322097


epsilon: 1.1111111111111112

m: 5.333333333333333

n: 24.666666666666668

Residual: 0.37774236863095983


epsilon: 1.1111111111111112

m: 5.333333333333333

n: 28.88888888888889

Residual: 0.4087069709345506


epsilon: 1.1111111111111112

m: 5.333333333333333

n: 33.111111111111114

Residual: 0.43252856443352716


epsilon: 1.1111111111111112

m: 5.333333333333333

n: 37.333333333333336

Residual: 0.4548275358810843


epsilon: 1.1111111111111112

m: 5.333333333333333

n: 41.55555555555556

Residual: 0.46694053793765766


epsilon: 1.1111111111111112

m: 5.333333333333333

n: 45.77777777777778

Residual: 0.48046766399857727


epsilon: 1.1111111111111112

m: 5.333333333333333

n: 50.0

Residual: 0.492536020628495


epsilon: 1.1111111111111112

m: 5.666666666666666

n: 12.0

Residual: 0.26456733087328405


epsilon: 1.1111111111111112

m: 5.666666666666666

n: 16.22222222222222

Residual: 0.3935940492077486


epsilon: 1.1111111111111112

m: 5.666666666666666

n: 20.444444444444443

Residual: 0.46227015377851893


epsilon: 1.1111111111111112

m: 5.666666666666666

n: 24.666666666666668

Residual: 0.5049469777074858


epsilon: 1.1111111111111112

m: 5.666666666666666

n: 28.88888888888889

Residual: 0.5353445210314768


epsilon: 1.1111111111111112

m: 5.666666666666666

n: 33.111111111111114

Residual: 0.5581500401035548


epsilon: 1.1111111111111112

m: 5.666666666666666

n: 37.333333333333336

Residual: 0.5735225958604004


epsilon: 1.1111111111111112

m: 5.666666666666666

n: 41.55555555555556

Residual: 0.5872140176308902


epsilon: 1.1111111111111112

m: 5.666666666666666

n: 45.77777777777778

Residual: 0.596945969195975


epsilon: 1.1111111111111112

m: 5.666666666666666

n: 50.0

Residual: 0.6068795128632479


epsilon: 1.1111111111111112

m: 6.0

n: 12.0

Residual: 0.37989395487171307


epsilon: 1.1111111111111112

m: 6.0

n: 16.22222222222222

Residual: 0.5013000332367924


epsilon: 1.1111111111111112

m: 6.0

n: 20.444444444444443

Residual: 0.5645655854283648


epsilon: 1.1111111111111112

m: 6.0

n: 24.666666666666668

Residual: 0.6040265855183553


epsilon: 1.1111111111111112

m: 6.0

n: 28.88888888888889

Residual: 0.6295835486332694


epsilon: 1.1111111111111112

m: 6.0

n: 33.111111111111114

Residual: 0.6529460459140458


epsilon: 1.1111111111111112

m: 6.0

n: 37.333333333333336

Residual: 0.6634667604651346


epsilon: 1.1111111111111112

m: 6.0

n: 41.55555555555556

Residual: 0.6762716827116342


epsilon: 1.1111111111111112

m: 6.0

n: 45.77777777777778

Residual: 0.6856218172445486


epsilon: 1.1111111111111112

m: 6.0

n: 50.0

Residual: 0.6910691930295721


epsilon: 1.1111111111111112

m: 6.333333333333333

n: 12.0

Residual: 0.47463443773301384


epsilon: 1.1111111111111112

m: 6.333333333333333

n: 16.22222222222222

Residual: 0.5870944927373138


epsilon: 1.1111111111111112

m: 6.333333333333333

n: 20.444444444444443

Residual: 0.644827923725466


epsilon: 1.1111111111111112

m: 6.333333333333333

n: 24.666666666666668

Residual: 0.678851526654864


epsilon: 1.1111111111111112

m: 6.333333333333333

n: 28.88888888888889

Residual: 0.7018002437426071


epsilon: 1.1111111111111112

m: 6.333333333333333

n: 33.111111111111114

Residual: 0.7192504772633309


epsilon: 1.1111111111111112

m: 6.333333333333333

n: 37.333333333333336

Residual: 0.7308706732671136


epsilon: 1.1111111111111112

m: 6.333333333333333

n: 41.55555555555556

Residual: 0.7443886473445647


epsilon: 1.1111111111111112

m: 6.333333333333333

n: 45.77777777777778

Residual: 0.7490584282836398


epsilon: 1.1111111111111112

m: 6.333333333333333

n: 50.0

Residual: 0.7569256842308681


epsilon: 1.1111111111111112

m: 6.666666666666666

n: 12.0

Residual: 0.5472046334071224


epsilon: 1.1111111111111112

m: 6.666666666666666

n: 16.22222222222222

Residual: 0.6517577132270075


epsilon: 1.1111111111111112

m: 6.666666666666666

n: 20.444444444444443

Residual: 0.7064051215686988


epsilon: 1.1111111111111112

m: 6.666666666666666

n: 24.666666666666668

Residual: 0.7348361781490035


epsilon: 1.1111111111111112

m: 6.666666666666666

n: 28.88888888888889

Residual: 0.7578187014038497


epsilon: 1.1111111111111112

m: 6.666666666666666

n: 33.111111111111114

Residual: 0.7687005186541676


epsilon: 1.1111111111111112

m: 6.666666666666666

n: 37.333333333333336

Residual: 0.78121259026225


epsilon: 1.1111111111111112

m: 6.666666666666666

n: 41.55555555555556

Residual: 0.7925235961105284


epsilon: 1.1111111111111112

m: 6.666666666666666

n: 45.77777777777778

Residual: 0.7948387155214073


epsilon: 1.1111111111111112

m: 6.666666666666666

n: 50.0

Residual: 0.8029884351402578


epsilon: 1.1111111111111112

m: 7.0

n: 12.0

Residual: 0.6081715118076957


epsilon: 1.1111111111111112

m: 7.0

n: 16.22222222222222

Residual: 0.704739655364755


epsilon: 1.1111111111111112

m: 7.0

n: 20.444444444444443

Residual: 0.7556154336335792


epsilon: 1.1111111111111112

m: 7.0

n: 24.666666666666668

Residual: 0.7757792507922973


epsilon: 1.1111111111111112

m: 7.0

n: 28.88888888888889

Residual: 0.7953702374733874


epsilon: 1.1111111111111112

m: 7.0

n: 33.111111111111114

Residual: 0.8104571709811645


epsilon: 1.1111111111111112

m: 7.0

n: 37.333333333333336

Residual: 0.8217771038938646


epsilon: 1.1111111111111112

m: 7.0

n: 41.55555555555556

Residual: 0.8282349324737687


epsilon: 1.1111111111111112

m: 7.0

n: 45.77777777777778

Residual: 0.8347342844510054


epsilon: 1.1111111111111112

m: 7.0

n: 50.0

Residual: 0.839481980455334


epsilon: 1.7222222222222223

m: 4.0

n: 12.0

Residual: 0.7163081562501252


epsilon: 1.7222222222222223

m: 4.0

n: 16.22222222222222

Residual: 0.6610370058396468


epsilon: 1.7222222222222223

m: 4.0

n: 20.444444444444443

Residual: 0.6240504845747303


epsilon: 1.7222222222222223

m: 4.0

n: 24.666666666666668

Residual: 0.5975142524470978


epsilon: 1.7222222222222223

m: 4.0

n: 28.88888888888889

Residual: 0.577012159413612


epsilon: 1.7222222222222223

m: 4.0

n: 33.111111111111114

Residual: 0.561128987140915


epsilon: 1.7222222222222223

m: 4.0

n: 37.333333333333336

Residual: 0.5480316427412877


epsilon: 1.7222222222222223

m: 4.0

n: 41.55555555555556

Residual: 0.5371173907599984


epsilon: 1.7222222222222223

m: 4.0

n: 45.77777777777778

Residual: 0.5279761038659242


epsilon: 1.7222222222222223

m: 4.0

n: 50.0

Residual: 0.5201072734887535


epsilon: 1.7222222222222223

m: 4.333333333333333

n: 12.0

Residual: 0.5806897360574458


epsilon: 1.7222222222222223

m: 4.333333333333333

n: 16.22222222222222

Residual: 0.5009096319948203


epsilon: 1.7222222222222223

m: 4.333333333333333

n: 20.444444444444443

Residual: 0.4486762381726539


epsilon: 1.7222222222222223

m: 4.333333333333333

n: 24.666666666666668

Residual: 0.41133718260205887


epsilon: 1.7222222222222223

m: 4.333333333333333

n: 28.88888888888889

Residual: 0.38357344498002705


epsilon: 1.7222222222222223

m: 4.333333333333333

n: 33.111111111111114

Residual: 0.361755746859122


epsilon: 1.7222222222222223

m: 4.333333333333333

n: 37.333333333333336

Residual: 0.34571729257145123


epsilon: 1.7222222222222223

m: 4.333333333333333

n: 41.55555555555556

Residual: 0.3343611917536514


epsilon: 1.7222222222222223

m: 4.333333333333333

n: 45.77777777777778

Residual: 0.324556098790079


epsilon: 1.7222222222222223

m: 4.333333333333333

n: 50.0

Residual: 0.3151026302512326


epsilon: 1.7222222222222223

m: 4.666666666666667

n: 12.0

Residual: 0.42278732478191994


epsilon: 1.7222222222222223

m: 4.666666666666667

n: 16.22222222222222

Residual: 0.3180794759276065


epsilon: 1.7222222222222223

m: 4.666666666666667

n: 20.444444444444443

Residual: 0.2569729116338472


epsilon: 1.7222222222222223

m: 4.666666666666667

n: 24.666666666666668

Residual: 0.21853211963797115


epsilon: 1.7222222222222223

m: 4.666666666666667

n: 28.88888888888889

Residual: 0.19567716036558067


epsilon: 1.7222222222222223

m: 4.666666666666667

n: 33.111111111111114

Residual: 0.18142775185341237


epsilon: 1.7222222222222223

m: 4.666666666666667

n: 37.333333333333336

Residual: 0.17258530661298996


epsilon: 1.7222222222222223

m: 4.666666666666667

n: 41.55555555555556

Residual: 0.16440427431071278


epsilon: 1.7222222222222223

m: 4.666666666666667

n: 45.77777777777778

Residual: 0.15911172973489524


epsilon: 1.7222222222222223

m: 4.666666666666667

n: 50.0

Residual: 0.15510148275963148


epsilon: 1.7222222222222223

m: 5.0

n: 12.0

Residual: 0.2563664865830806


epsilon: 1.7222222222222223

m: 5.0

n: 16.22222222222222

Residual: 0.14557905805053867


epsilon: 1.7222222222222223

m: 5.0

n: 20.444444444444443

Residual: 0.1046455765042088


epsilon: 1.7222222222222223

m: 5.0

n: 24.666666666666668

Residual: 0.09165571941771729


epsilon: 1.7222222222222223

m: 5.0

n: 28.88888888888889

Residual: 0.0928664704400189


epsilon: 1.7222222222222223

m: 5.0

n: 33.111111111111114

Residual: 0.10038808226115835


epsilon: 1.7222222222222223

m: 5.0

n: 37.333333333333336

Residual: 0.11026418767054517


epsilon: 1.7222222222222223

m: 5.0

n: 41.55555555555556

Residual: 0.11965401045495606


epsilon: 1.7222222222222223

m: 5.0

n: 45.77777777777778

Residual: 0.12915728068615986


epsilon: 1.7222222222222223

m: 5.0

n: 50.0

Residual: 0.13996257838334486


epsilon: 1.7222222222222223

m: 5.333333333333333

n: 12.0

Residual: 0.10563479721616477


epsilon: 1.7222222222222223

m: 5.333333333333333

n: 16.22222222222222

Residual: 0.04383644406504593


epsilon: 1.7222222222222223

m: 5.333333333333333

n: 20.444444444444443

Residual: 0.12033779266289509


epsilon: 1.7222222222222223

m: 5.333333333333333

n: 24.666666666666668

Residual: 0.17577313993018762


epsilon: 1.7222222222222223

m: 5.333333333333333

n: 28.88888888888889

Residual: 0.21089692127005488


epsilon: 1.7222222222222223

m: 5.333333333333333

n: 33.111111111111114

Residual: 0.23970408059420864


epsilon: 1.7222222222222223

m: 5.333333333333333

n: 37.333333333333336

Residual: 0.2619237316062479


epsilon: 1.7222222222222223

m: 5.333333333333333

n: 41.55555555555556

Residual: 0.2821099048661914


epsilon: 1.7222222222222223

m: 5.333333333333333

n: 45.77777777777778

Residual: 0.2939664871625971


epsilon: 1.7222222222222223

m: 5.333333333333333

n: 50.0

Residual: 0.3068942157806282


epsilon: 1.7222222222222223

m: 5.666666666666666

n: 12.0

Residual: 0.05234734141873521


epsilon: 1.7222222222222223

m: 5.666666666666666

n: 16.22222222222222

Residual: 0.19289033064264896


epsilon: 1.7222222222222223

m: 5.666666666666666

n: 20.444444444444443

Residual: 0.27371832467866897


epsilon: 1.7222222222222223

m: 5.666666666666666

n: 24.666666666666668

Residual: 0.32724118495078897


epsilon: 1.7222222222222223

m: 5.666666666666666

n: 28.88888888888889

Residual: 0.35937327723584844


epsilon: 1.7222222222222223

m: 5.666666666666666

n: 33.111111111111114

Residual: 0.3860965723168325


epsilon: 1.7222222222222223

m: 5.666666666666666

n: 37.333333333333336

Residual: 0.4101127130511638


epsilon: 1.7222222222222223

m: 5.666666666666666

n: 41.55555555555556

Residual: 0.42461266751039023


epsilon: 1.7222222222222223

m: 5.666666666666666

n: 45.77777777777778

Residual: 0.43957484852712647


epsilon: 1.7222222222222223

m: 5.666666666666666

n: 50.0

Residual: 0.4500983237291168


epsilon: 1.7222222222222223

m: 6.0

n: 12.0

Residual: 0.1800493282678847


epsilon: 1.7222222222222223

m: 6.0

n: 16.22222222222222

Residual: 0.3209999105657649


epsilon: 1.7222222222222223

m: 6.0

n: 20.444444444444443

Residual: 0.3979943404372051


epsilon: 1.7222222222222223

m: 6.0

n: 24.666666666666668

Residual: 0.4485344935997596


epsilon: 1.7222222222222223

m: 6.0

n: 28.88888888888889

Residual: 0.4796195756235042


epsilon: 1.7222222222222223

m: 6.0

n: 33.111111111111114

Residual: 0.5043746918840759


epsilon: 1.7222222222222223

m: 6.0

n: 37.333333333333336

Residual: 0.5266553422731104


epsilon: 1.7222222222222223

m: 6.0

n: 41.55555555555556

Residual: 0.5392684839489306


epsilon: 1.7222222222222223

m: 6.0

n: 45.77777777777778

Residual: 0.5491999182201451


epsilon: 1.7222222222222223

m: 6.0

n: 50.0

Residual: 0.5605758762819487


epsilon: 1.7222222222222223

m: 6.333333333333333

n: 12.0

Residual: 0.2878175540159049


epsilon: 1.7222222222222223

m: 6.333333333333333

n: 16.22222222222222

Residual: 0.422822453979827


epsilon: 1.7222222222222223

m: 6.333333333333333

n: 20.444444444444443

Residual: 0.498885992467551


epsilon: 1.7222222222222223

m: 6.333333333333333

n: 24.666666666666668

Residual: 0.5404518370623989


epsilon: 1.7222222222222223

m: 6.333333333333333

n: 28.88888888888889

Residual: 0.5740056650045426


epsilon: 1.7222222222222223

m: 6.333333333333333

n: 33.111111111111114

Residual: 0.5996682451603987


epsilon: 1.7222222222222223

m: 6.333333333333333

n: 37.333333333333336

Residual: 0.6123255931265971


epsilon: 1.7222222222222223

m: 6.333333333333333

n: 41.55555555555556

Residual: 0.6244853730420892


epsilon: 1.7222222222222223

m: 6.333333333333333

n: 45.77777777777778

Residual: 0.6362861946818704


epsilon: 1.7222222222222223

m: 6.333333333333333

n: 50.0

Residual: 0.646826995417554


epsilon: 1.7222222222222223

m: 6.666666666666666

n: 12.0

Residual: 0.3759485931621818


epsilon: 1.7222222222222223

m: 6.666666666666666

n: 16.22222222222222

Residual: 0.5065997065525024


epsilon: 1.7222222222222223

m: 6.666666666666666

n: 20.444444444444443

Residual: 0.5788523600799921


epsilon: 1.7222222222222223

m: 6.666666666666666

n: 24.666666666666668

Residual: 0.6182427681478749


epsilon: 1.7222222222222223

m: 6.666666666666666

n: 28.88888888888889

Residual: 0.6452388076270219


epsilon: 1.7222222222222223

m: 6.666666666666666

n: 33.111111111111114

Residual: 0.6648122324312273


epsilon: 1.7222222222222223

m: 6.666666666666666

n: 37.333333333333336

Residual: 0.6806629594547475


epsilon: 1.7222222222222223

m: 6.666666666666666

n: 41.55555555555556

Residual: 0.6932766190843102


epsilon: 1.7222222222222223

m: 6.666666666666666

n: 45.77777777777778

Residual: 0.7032779485610592


epsilon: 1.7222222222222223

m: 6.666666666666666

n: 50.0

Residual: 0.7104543091151673


epsilon: 1.7222222222222223

m: 7.0

n: 12.0

Residual: 0.4518778958504628


epsilon: 1.7222222222222223

m: 7.0

n: 16.22222222222222

Residual: 0.5734890758015097


epsilon: 1.7222222222222223

m: 7.0

n: 20.444444444444443

Residual: 0.6383270025847496


epsilon: 1.7222222222222223

m: 7.0

n: 24.666666666666668

Residual: 0.6784568271734289


epsilon: 1.7222222222222223

m: 7.0

n: 28.88888888888889

Residual: 0.7011387318384066


epsilon: 1.7222222222222223

m: 7.0

n: 33.111111111111114

Residual: 0.7219597234328726


epsilon: 1.7222222222222223

m: 7.0

n: 37.333333333333336

Residual: 0.7351520652658611


epsilon: 1.7222222222222223

m: 7.0

n: 41.55555555555556

Residual: 0.73715348374133


epsilon: 1.7222222222222223

m: 7.0

n: 45.77777777777778

Residual: 0.7535450671669136


epsilon: 1.7222222222222223

m: 7.0

n: 50.0

Residual: 0.7517528403808281


epsilon: 2.3333333333333335

m: 4.0

n: 12.0

Residual: 0.7824638148133805


epsilon: 2.3333333333333335

m: 4.0

n: 16.22222222222222

Residual: 0.7381326559059666


epsilon: 2.3333333333333335

m: 4.0

n: 20.444444444444443

Residual: 0.708182531990913


epsilon: 2.3333333333333335

m: 4.0

n: 24.666666666666668

Residual: 0.6863173490960239


epsilon: 2.3333333333333335

m: 4.0

n: 28.88888888888889

Residual: 0.6695641427455284


epsilon: 2.3333333333333335

m: 4.0

n: 33.111111111111114

Residual: 0.6562375860851064


epsilon: 2.3333333333333335

m: 4.0

n: 37.333333333333336

Residual: 0.6453589898836155


epsilon: 2.3333333333333335

m: 4.0

n: 41.55555555555556

Residual: 0.6363745879388379


epsilon: 2.3333333333333335

m: 4.0

n: 45.77777777777778

Residual: 0.6285081999993543


epsilon: 2.3333333333333335

m: 4.0

n: 50.0

Residual: 0.6219946888639621


epsilon: 2.3333333333333335

m: 4.333333333333333

n: 12.0

Residual: 0.6726212218864056


epsilon: 2.3333333333333335

m: 4.333333333333333

n: 16.22222222222222

Residual: 0.6055904564725964


epsilon: 2.3333333333333335

m: 4.333333333333333

n: 20.444444444444443

Residual: 0.5612643485904885


epsilon: 2.3333333333333335

m: 4.333333333333333

n: 24.666666666666668

Residual: 0.5289901014285083


epsilon: 2.3333333333333335

m: 4.333333333333333

n: 28.88888888888889

Residual: 0.5049792077406806


epsilon: 2.3333333333333335

m: 4.333333333333333

n: 33.111111111111114

Residual: 0.48604092191546944


epsilon: 2.3333333333333335

m: 4.333333333333333

n: 37.333333333333336

Residual: 0.47032838679989014


epsilon: 2.3333333333333335

m: 4.333333333333333

n: 41.55555555555556

Residual: 0.45759939946776906


epsilon: 2.3333333333333335

m: 4.333333333333333

n: 45.77777777777778

Residual: 0.4472343596910692


epsilon: 2.3333333333333335

m: 4.333333333333333

n: 50.0

Residual: 0.4368354666823483


epsilon: 2.3333333333333335

m: 4.666666666666667

n: 12.0

Residual: 0.539126647657374


epsilon: 2.3333333333333335

m: 4.666666666666667

n: 16.22222222222222

Residual: 0.44764207067472034


epsilon: 2.3333333333333335

m: 4.666666666666667

n: 20.444444444444443

Residual: 0.38774211829949856


epsilon: 2.3333333333333335

m: 4.666666666666667

n: 24.666666666666668

Residual: 0.34651345399232736


epsilon: 2.3333333333333335

m: 4.666666666666667

n: 28.88888888888889

Residual: 0.3153455733362083


epsilon: 2.3333333333333335

m: 4.666666666666667

n: 33.111111111111114

Residual: 0.29053090685227023


epsilon: 2.3333333333333335

m: 4.666666666666667

n: 37.333333333333336

Residual: 0.27148185555274323


epsilon: 2.3333333333333335

m: 4.666666666666667

n: 41.55555555555556

Residual: 0.2579090454660178


epsilon: 2.3333333333333335

m: 4.666666666666667

n: 45.77777777777778

Residual: 0.24663156262294728


epsilon: 2.3333333333333335

m: 4.666666666666667

n: 50.0

Residual: 0.23619290880176536


epsilon: 2.3333333333333335

m: 5.0

n: 12.0

Residual: 0.39162676037054006


epsilon: 2.3333333333333335

m: 5.0

n: 16.22222222222222

Residual: 0.2769873080706628


epsilon: 2.3333333333333335

m: 5.0

n: 20.444444444444443

Residual: 0.20442618880673902


epsilon: 2.3333333333333335

m: 5.0

n: 24.666666666666668

Residual: 0.16246098518523372


epsilon: 2.3333333333333335

m: 5.0

n: 28.88888888888889

Residual: 0.13364145314904635


epsilon: 2.3333333333333335

m: 5.0

n: 33.111111111111114

Residual: 0.1186360925878141


epsilon: 2.3333333333333335

m: 5.0

n: 37.333333333333336

Residual: 0.10623304650022271


epsilon: 2.3333333333333335

m: 5.0

n: 41.55555555555556

Residual: 0.09907784939197349


epsilon: 2.3333333333333335

m: 5.0

n: 45.77777777777778

Residual: 0.09416637276092918


epsilon: 2.3333333333333335

m: 5.0

n: 50.0

Residual: 0.09190122919362019


epsilon: 2.3333333333333335

m: 5.333333333333333

n: 12.0

Residual: 0.2415300068173834


epsilon: 2.3333333333333335

m: 5.333333333333333

n: 16.22222222222222

Residual: 0.1135310415001945


epsilon: 2.3333333333333335

m: 5.333333333333333

n: 20.444444444444443

Residual: 0.05345298846652468


epsilon: 2.3333333333333335

m: 5.333333333333333

n: 24.666666666666668

Residual: 0.03659305625480572


epsilon: 2.3333333333333335

m: 5.333333333333333

n: 28.88888888888889

Residual: 0.06408612058793736


epsilon: 2.3333333333333335

m: 5.333333333333333

n: 33.111111111111114

Residual: 0.09308636210729182


epsilon: 2.3333333333333335

m: 5.333333333333333

n: 37.333333333333336

Residual: 0.11623366287338255


epsilon: 2.3333333333333335

m: 5.333333333333333

n: 41.55555555555556

Residual: 0.13431447833044077


epsilon: 2.3333333333333335

m: 5.333333333333333

n: 45.77777777777778

Residual: 0.14939338611961622


epsilon: 2.3333333333333335

m: 5.333333333333333

n: 50.0

Residual: 0.16482249955368075


epsilon: 2.3333333333333335

m: 5.666666666666666

n: 12.0

Residual: 0.10024797268056644


epsilon: 2.3333333333333335

m: 5.666666666666666

n: 16.22222222222222

Residual: 0.04608836524634743


epsilon: 2.3333333333333335

m: 5.666666666666666

n: 20.444444444444443

Residual: 0.12843292860995553


epsilon: 2.3333333333333335

m: 5.666666666666666

n: 24.666666666666668

Residual: 0.18426429741627054


epsilon: 2.3333333333333335

m: 5.666666666666666

n: 28.88888888888889

Residual: 0.22443280226872


epsilon: 2.3333333333333335

m: 5.666666666666666

n: 33.111111111111114

Residual: 0.2515873425685233


epsilon: 2.3333333333333335

m: 5.666666666666666

n: 37.333333333333336

Residual: 0.27615221119520367


epsilon: 2.3333333333333335

m: 5.666666666666666

n: 41.55555555555556

Residual: 0.2955146502236789


epsilon: 2.3333333333333335

m: 5.666666666666666

n: 45.77777777777778

Residual: 0.30873000809594897


epsilon: 2.3333333333333335

m: 5.666666666666666

n: 50.0

Residual: 0.3225607907941583


epsilon: 2.3333333333333335

m: 6.0

n: 12.0

Residual: 0.06059719929385224


epsilon: 2.3333333333333335

m: 6.0

n: 16.22222222222222

Residual: 0.18087876232356445


epsilon: 2.3333333333333335

m: 6.0

n: 20.444444444444443

Residual: 0.2642664559545648


epsilon: 2.3333333333333335

m: 6.0

n: 24.666666666666668

Residual: 0.3158338813428206


epsilon: 2.3333333333333335

m: 6.0

n: 28.88888888888889

Residual: 0.35812346052484456


epsilon: 2.3333333333333335

m: 6.0

n: 33.111111111111114

Residual: 0.3844562417006853


epsilon: 2.3333333333333335

m: 6.0

n: 37.333333333333336

Residual: 0.40806957925652454


epsilon: 2.3333333333333335

m: 6.0

n: 41.55555555555556

Residual: 0.42100343860368


epsilon: 2.3333333333333335

m: 6.0

n: 45.77777777777778

Residual: 0.4364879665269918


epsilon: 2.3333333333333335

m: 6.0

n: 50.0

Residual: 0.44842344963341374


epsilon: 2.3333333333333335

m: 6.333333333333333

n: 12.0

Residual: 0.14130849822709668


epsilon: 2.3333333333333335

m: 6.333333333333333

n: 16.22222222222222

Residual: 0.2943552470832644


epsilon: 2.3333333333333335

m: 6.333333333333333

n: 20.444444444444443

Residual: 0.3732732648352705


epsilon: 2.3333333333333335

m: 6.333333333333333

n: 24.666666666666668

Residual: 0.42486235778067705


epsilon: 2.3333333333333335

m: 6.333333333333333

n: 28.88888888888889

Residual: 0.4618212534108348


epsilon: 2.3333333333333335

m: 6.333333333333333

n: 33.111111111111114

Residual: 0.4851262980035261


epsilon: 2.3333333333333335

m: 6.333333333333333

n: 37.333333333333336

Residual: 0.5085166716178497


epsilon: 2.3333333333333335

m: 6.333333333333333

n: 41.55555555555556

Residual: 0.5284840557675794


epsilon: 2.3333333333333335

m: 6.333333333333333

n: 45.77777777777778

Residual: 0.5329438046046318


epsilon: 2.3333333333333335

m: 6.333333333333333

n: 50.0

Residual: 0.5518426125527686


epsilon: 2.3333333333333335

m: 6.666666666666666

n: 12.0

Residual: 0.23872292869001444


epsilon: 2.3333333333333335

m: 6.666666666666666

n: 16.22222222222222

Residual: 0.3890884028199494


epsilon: 2.3333333333333335

m: 6.666666666666666

n: 20.444444444444443

Residual: 0.4655407637213206


epsilon: 2.3333333333333335

m: 6.666666666666666

n: 24.666666666666668

Residual: 0.511945470096292


epsilon: 2.3333333333333335

m: 6.666666666666666

n: 28.88888888888889

Residual: 0.5490854572629159


epsilon: 2.3333333333333335

m: 6.666666666666666

n: 33.111111111111114

Residual: 0.5731168408389062


epsilon: 2.3333333333333335

m: 6.666666666666666

n: 37.333333333333336

Residual: 0.5919606398944985


epsilon: 2.3333333333333335

m: 6.666666666666666

n: 41.55555555555556

Residual: 0.6036429257316707


epsilon: 2.3333333333333335

m: 6.666666666666666

n: 45.77777777777778

Residual: 0.618232052077526


epsilon: 2.3333333333333335

m: 6.666666666666666

n: 50.0

Residual: 0.6257025586468757


epsilon: 2.3333333333333335

m: 7.0

n: 12.0

Residual: 0.32039158210538277


epsilon: 2.3333333333333335

m: 7.0

n: 16.22222222222222

Residual: 0.4659214442536465


epsilon: 2.3333333333333335

m: 7.0

n: 20.444444444444443

Residual: 0.5380369906914371


epsilon: 2.3333333333333335

m: 7.0

n: 24.666666666666668

Residual: 0.5866699071530425


epsilon: 2.3333333333333335

m: 7.0

n: 28.88888888888889

Residual: 0.6126764021093426


epsilon: 2.3333333333333335

m: 7.0

n: 33.111111111111114

Residual: 0.6356062044679237


epsilon: 2.3333333333333335

m: 7.0

n: 37.333333333333336

Residual: 0.65642151438321


epsilon: 2.3333333333333335

m: 7.0

n: 41.55555555555556

Residual: 0.6713095335822286


epsilon: 2.3333333333333335

m: 7.0

n: 45.77777777777778

Residual: 0.6832905542155774


epsilon: 2.3333333333333335

m: 7.0

n: 50.0

Residual: 0.6852543122562182


epsilon: 2.9444444444444446

m: 4.0

n: 12.0

Residual: 0.8235787848563154


epsilon: 2.9444444444444446

m: 4.0

n: 16.22222222222222

Residual: 0.7866289463643902


epsilon: 2.9444444444444446

m: 4.0

n: 20.444444444444443

Residual: 0.7612698080787756


epsilon: 2.9444444444444446

m: 4.0

n: 24.666666666666668

Residual: 0.7430565116662744


epsilon: 2.9444444444444446

m: 4.0

n: 28.88888888888889

Residual: 0.7289091703743092


epsilon: 2.9444444444444446

m: 4.0

n: 33.111111111111114

Residual: 0.7174580411780535


epsilon: 2.9444444444444446

m: 4.0

n: 37.333333333333336

Residual: 0.7082449429217786


epsilon: 2.9444444444444446

m: 4.0

n: 41.55555555555556

Residual: 0.7004394820790082


epsilon: 2.9444444444444446

m: 4.0

n: 45.77777777777778

Residual: 0.6938835864861109


epsilon: 2.9444444444444446

m: 4.0

n: 50.0

Residual: 0.6881460271225223


epsilon: 2.9444444444444446

m: 4.333333333333333

n: 12.0

Residual: 0.7313702180650198


epsilon: 2.9444444444444446

m: 4.333333333333333

n: 16.22222222222222

Residual: 0.6739921600871488


epsilon: 2.9444444444444446

m: 4.333333333333333

n: 20.444444444444443

Residual: 0.6355302172452719


epsilon: 2.9444444444444446

m: 4.333333333333333

n: 24.666666666666668

Residual: 0.6078044606101897


epsilon: 2.9444444444444446

m: 4.333333333333333

n: 28.88888888888889

Residual: 0.5866666294063357


epsilon: 2.9444444444444446

m: 4.333333333333333

n: 33.111111111111114

Residual: 0.569839011050819


epsilon: 2.9444444444444446

m: 4.333333333333333

n: 37.333333333333336

Residual: 0.5559273067434144


epsilon: 2.9444444444444446

m: 4.333333333333333

n: 41.55555555555556

Residual: 0.5442082777990005


epsilon: 2.9444444444444446

m: 4.333333333333333

n: 45.77777777777778

Residual: 0.5345879207096991


epsilon: 2.9444444444444446

m: 4.333333333333333

n: 50.0

Residual: 0.5269459660462924


epsilon: 2.9444444444444446

m: 4.666666666666667

n: 12.0

Residual: 0.6162614516621494


epsilon: 2.9444444444444446

m: 4.666666666666667

n: 16.22222222222222

Residual: 0.535416227298262


epsilon: 2.9444444444444446

m: 4.666666666666667

n: 20.444444444444443

Residual: 0.48234352145202575


epsilon: 2.9444444444444446

m: 4.666666666666667

n: 24.666666666666668

Residual: 0.44471603315850333


epsilon: 2.9444444444444446

m: 4.666666666666667

n: 28.88888888888889

Residual: 0.4157912855953524


epsilon: 2.9444444444444446

m: 4.666666666666667

n: 33.111111111111114

Residual: 0.3933694623500315


epsilon: 2.9444444444444446

m: 4.666666666666667

n: 37.333333333333336

Residual: 0.37516201431334006


epsilon: 2.9444444444444446

m: 4.666666666666667

n: 41.55555555555556

Residual: 0.35974340086548207


epsilon: 2.9444444444444446

m: 4.666666666666667

n: 45.77777777777778

Residual: 0.34796126595453364


epsilon: 2.9444444444444446

m: 4.666666666666667

n: 50.0

Residual: 0.3366621748632475


epsilon: 2.9444444444444446

m: 5.0

n: 12.0

Residual: 0.48549469111309235


epsilon: 2.9444444444444446

m: 5.0

n: 16.22222222222222

Residual: 0.380886897833231


epsilon: 2.9444444444444446

m: 5.0

n: 20.444444444444443

Residual: 0.31432769581701836


epsilon: 2.9444444444444446

m: 5.0

n: 24.666666666666668

Residual: 0.26730890614581765


epsilon: 2.9444444444444446

m: 5.0

n: 28.88888888888889

Residual: 0.23262547495941185


epsilon: 2.9444444444444446

m: 5.0

n: 33.111111111111114

Residual: 0.2044132387444558


epsilon: 2.9444444444444446

m: 5.0

n: 37.333333333333336

Residual: 0.18419492174365834


epsilon: 2.9444444444444446

m: 5.0

n: 41.55555555555556

Residual: 0.1683773606958564


epsilon: 2.9444444444444446

m: 5.0

n: 45.77777777777778

Residual: 0.1578723318866913


epsilon: 2.9444444444444446

m: 5.0

n: 50.0

Residual: 0.14652460835473732


epsilon: 2.9444444444444446

m: 5.333333333333333

n: 12.0

Residual: 0.34685649215369707


epsilon: 2.9444444444444446

m: 5.333333333333333

n: 16.22222222222222

Residual: 0.2228241645958502


epsilon: 2.9444444444444446

m: 5.333333333333333

n: 20.444444444444443

Residual: 0.1437365005563785


epsilon: 2.9444444444444446

m: 5.333333333333333

n: 24.666666666666668

Residual: 0.09546513678173606


epsilon: 2.9444444444444446

m: 5.333333333333333

n: 28.88888888888889

Residual: 0.06576615791574777


epsilon: 2.9444444444444446

m: 5.333333333333333

n: 33.111111111111114

Residual: 0.04717303077870118


epsilon: 2.9444444444444446

m: 5.333333333333333

n: 37.333333333333336

Residual: 0.040090937278701395


epsilon: 2.9444444444444446

m: 5.333333333333333

n: 41.55555555555556

Residual: 0.03553393828243864


epsilon: 2.9444444444444446

m: 5.333333333333333

n: 45.77777777777778

Residual: 0.039252375158862395


epsilon: 2.9444444444444446

m: 5.333333333333333

n: 50.0

Residual: 0.05125494339806603


epsilon: 2.9444444444444446

m: 5.666666666666666

n: 12.0

Residual: 0.21222733214642195


epsilon: 2.9444444444444446

m: 5.666666666666666

n: 16.22222222222222

Residual: 0.07738984852024051


epsilon: 2.9444444444444446

m: 5.666666666666666

n: 20.444444444444443

Residual: 0.03557505809414917


epsilon: 2.9444444444444446

m: 5.666666666666666

n: 24.666666666666668

Residual: 0.06978229449000543


epsilon: 2.9444444444444446

m: 5.666666666666666

n: 28.88888888888889

Residual: 0.10731530986083285


epsilon: 2.9444444444444446

m: 5.666666666666666

n: 33.111111111111114

Residual: 0.13968830872680432


epsilon: 2.9444444444444446

m: 5.666666666666666

n: 37.333333333333336

Residual: 0.16397798724045765


epsilon: 2.9444444444444446

m: 5.666666666666666

n: 41.55555555555556

Residual: 0.18622112814536773


epsilon: 2.9444444444444446

m: 5.666666666666666

n: 45.77777777777778

Residual: 0.2009280013775069


epsilon: 2.9444444444444446

m: 5.666666666666666

n: 50.0

Residual: 0.21406219311336275


epsilon: 2.9444444444444446

m: 6.0

n: 12.0

Residual: 0.11554980879484676


epsilon: 2.9444444444444446

m: 6.0

n: 16.22222222222222

Residual: 0.070012293551562


epsilon: 2.9444444444444446

m: 6.0

n: 20.444444444444443

Residual: 0.14951854551285826


epsilon: 2.9444444444444446

m: 6.0

n: 24.666666666666668

Residual: 0.20793651921208367


epsilon: 2.9444444444444446

m: 6.0

n: 28.88888888888889

Residual: 0.24867907443863863


epsilon: 2.9444444444444446

m: 6.0

n: 33.111111111111114

Residual: 0.2780198309279067


epsilon: 2.9444444444444446

m: 6.0

n: 37.333333333333336

Residual: 0.3078241527401824


epsilon: 2.9444444444444446

m: 6.0

n: 41.55555555555556

Residual: 0.31987267876392456


epsilon: 2.9444444444444446

m: 6.0

n: 45.77777777777778

Residual: 0.3369172836779533


epsilon: 2.9444444444444446

m: 6.0

n: 50.0

Residual: 0.3494276357569539


epsilon: 2.9444444444444446

m: 6.333333333333333

n: 12.0

Residual: 0.09019406690898354


epsilon: 2.9444444444444446

m: 6.333333333333333

n: 16.22222222222222

Residual: 0.18145702390346852


epsilon: 2.9444444444444446

m: 6.333333333333333

n: 20.444444444444443

Residual: 0.27280884258392774


epsilon: 2.9444444444444446

m: 6.333333333333333

n: 24.666666666666668

Residual: 0.3282566046322561


epsilon: 2.9444444444444446

m: 6.333333333333333

n: 28.88888888888889

Residual: 0.3706856985238685


epsilon: 2.9444444444444446

m: 6.333333333333333

n: 33.111111111111114

Residual: 0.39411634880873714


epsilon: 2.9444444444444446

m: 6.333333333333333

n: 37.333333333333336

Residual: 0.4210129379616803


epsilon: 2.9444444444444446

m: 6.333333333333333

n: 41.55555555555556

Residual: 0.43330012379661714


epsilon: 2.9444444444444446

m: 6.333333333333333

n: 45.77777777777778

Residual: 0.4548126791868654


epsilon: 2.9444444444444446

m: 6.333333333333333

n: 50.0

Residual: 0.4647586881574167


epsilon: 2.9444444444444446

m: 6.666666666666666

n: 12.0

Residual: 0.1282324510408584


epsilon: 2.9444444444444446

m: 6.666666666666666

n: 16.22222222222222

Residual: 0.2808435224913297


epsilon: 2.9444444444444446

m: 6.666666666666666

n: 20.444444444444443

Residual: 0.36440236463762665


epsilon: 2.9444444444444446

m: 6.666666666666666

n: 24.666666666666668

Residual: 0.4219987624217974


epsilon: 2.9444444444444446

m: 6.666666666666666

n: 28.88888888888889

Residual: 0.46324801671507687


epsilon: 2.9444444444444446

m: 6.666666666666666

n: 33.111111111111114

Residual: 0.4915843593284533


epsilon: 2.9444444444444446

m: 6.666666666666666

n: 37.333333333333336

Residual: 0.5078669245382168


epsilon: 2.9444444444444446

m: 6.666666666666666

n: 41.55555555555556

Residual: 0.5256358592211243


epsilon: 2.9444444444444446

m: 6.666666666666666

n: 45.77777777777778

Residual: 0.5344960654160502


epsilon: 2.9444444444444446

m: 6.666666666666666

n: 50.0

Residual: 0.5514517942072941


epsilon: 2.9444444444444446

m: 7.0

n: 12.0

Residual: 0.21621097983023396


epsilon: 2.9444444444444446

m: 7.0

n: 16.22222222222222

Residual: 0.36597950799778617


epsilon: 2.9444444444444446

m: 7.0

n: 20.444444444444443

Residual: 0.4557650188522446


epsilon: 2.9444444444444446

m: 7.0

n: 24.666666666666668

Residual: 0.5037848453076594


epsilon: 2.9444444444444446

m: 7.0

n: 28.88888888888889

Residual: 0.541666553261672


epsilon: 2.9444444444444446

m: 7.0

n: 33.111111111111114

Residual: 0.5647130590050289


epsilon: 2.9444444444444446

m: 7.0

n: 37.333333333333336

Residual: 0.5816793944843843


epsilon: 2.9444444444444446

m: 7.0

n: 41.55555555555556

Residual: 0.5972928910457342


epsilon: 2.9444444444444446

m: 7.0

n: 45.77777777777778

Residual: 0.6166460598557825


epsilon: 2.9444444444444446

m: 7.0

n: 50.0

Residual: 0.619958138595424


epsilon: 3.555555555555556

m: 4.0

n: 12.0

Residual: 0.8516995816093232


epsilon: 3.555555555555556

m: 4.0

n: 16.22222222222222

Residual: 0.8200900498321859


epsilon: 3.555555555555556

m: 4.0

n: 20.444444444444443

Residual: 0.7983930526192154


epsilon: 3.555555555555556

m: 4.0

n: 24.666666666666668

Residual: 0.7823999701358397


epsilon: 3.555555555555556

m: 4.0

n: 28.88888888888889

Residual: 0.7701028747557853


epsilon: 3.555555555555556

m: 4.0

n: 33.111111111111114

Residual: 0.7602554079541365


epsilon: 3.555555555555556

m: 4.0

n: 37.333333333333336

Residual: 0.7520642902173388


epsilon: 3.555555555555556

m: 4.0

n: 41.55555555555556

Residual: 0.7454154438218061


epsilon: 3.555555555555556

m: 4.0

n: 45.77777777777778

Residual: 0.7397091172978573


epsilon: 3.555555555555556

m: 4.0

n: 50.0

Residual: 0.7346773832215008


epsilon: 3.555555555555556

m: 4.333333333333333

n: 12.0

Residual: 0.7722320220992471


epsilon: 3.555555555555556

m: 4.333333333333333

n: 16.22222222222222

Residual: 0.7224318104038122


epsilon: 3.555555555555556

m: 4.333333333333333

n: 20.444444444444443

Residual: 0.6884619231707672


epsilon: 3.555555555555556

m: 4.333333333333333

n: 24.666666666666668

Residual: 0.6637901813012423


epsilon: 3.555555555555556

m: 4.333333333333333

n: 28.88888888888889

Residual: 0.6449022443573971


epsilon: 3.555555555555556

m: 4.333333333333333

n: 33.111111111111114

Residual: 0.6297078407383955


epsilon: 3.555555555555556

m: 4.333333333333333

n: 37.333333333333336

Residual: 0.6178903563430344


epsilon: 3.555555555555556

m: 4.333333333333333

n: 41.55555555555556

Residual: 0.6072578214816857


epsilon: 3.555555555555556

m: 4.333333333333333

n: 45.77777777777778

Residual: 0.5989761552487817


epsilon: 3.555555555555556

m: 4.333333333333333

n: 50.0

Residual: 0.5913035691124637


epsilon: 3.555555555555556

m: 4.666666666666667

n: 12.0

Residual: 0.6718884521528644


epsilon: 3.555555555555556

m: 4.666666666666667

n: 16.22222222222222

Residual: 0.5991938229114036


epsilon: 3.555555555555556

m: 4.666666666666667

n: 20.444444444444443

Residual: 0.5513952188920254


epsilon: 3.555555555555556

m: 4.666666666666667

n: 24.666666666666668

Residual: 0.516008466414405


epsilon: 3.555555555555556

m: 4.666666666666667

n: 28.88888888888889

Residual: 0.49035732768998025


epsilon: 3.555555555555556

m: 4.666666666666667

n: 33.111111111111114

Residual: 0.4703348336926442


epsilon: 3.555555555555556

m: 4.666666666666667

n: 37.333333333333336

Residual: 0.45341605169586385


epsilon: 3.555555555555556

m: 4.666666666666667

n: 41.55555555555556

Residual: 0.43900061586148525


epsilon: 3.555555555555556

m: 4.666666666666667

n: 45.77777777777778

Residual: 0.4278583684116098


epsilon: 3.555555555555556

m: 4.666666666666667

n: 50.0

Residual: 0.41782324991486397


epsilon: 3.555555555555556

m: 5.0

n: 12.0

Residual: 0.5539625023042244


epsilon: 3.555555555555556

m: 5.0

n: 16.22222222222222

Residual: 0.4580106033032945


epsilon: 3.555555555555556

m: 5.0

n: 20.444444444444443

Residual: 0.39636284026292457


epsilon: 3.555555555555556

m: 5.0

n: 24.666666666666668

Residual: 0.35169886248868704


epsilon: 3.555555555555556

m: 5.0

n: 28.88888888888889

Residual: 0.3196903237656846


epsilon: 3.555555555555556

m: 5.0

n: 33.111111111111114

Residual: 0.294145584352836


epsilon: 3.555555555555556

m: 5.0

n: 37.333333333333336

Residual: 0.2720304405581942


epsilon: 3.555555555555556

m: 5.0

n: 41.55555555555556

Residual: 0.2544523901261233


epsilon: 3.555555555555556

m: 5.0

n: 45.77777777777778

Residual: 0.2414277994939115


epsilon: 3.555555555555556

m: 5.0

n: 50.0

Residual: 0.2293254095559813


epsilon: 3.555555555555556

m: 5.333333333333333

n: 12.0

Residual: 0.42783788002037637


epsilon: 3.555555555555556

m: 5.333333333333333

n: 16.22222222222222

Residual: 0.3098893179760554


epsilon: 3.555555555555556

m: 5.333333333333333

n: 20.444444444444443

Residual: 0.23662224711866434


epsilon: 3.555555555555556

m: 5.333333333333333

n: 24.666666666666668

Residual: 0.18219642696788835


epsilon: 3.555555555555556

m: 5.333333333333333

n: 28.88888888888889

Residual: 0.14628073020961976


epsilon: 3.555555555555556

m: 5.333333333333333

n: 33.111111111111114

Residual: 0.11842216177318847


epsilon: 3.555555555555556

m: 5.333333333333333

n: 37.333333333333336

Residual: 0.09678164665946362


epsilon: 3.555555555555556

m: 5.333333333333333

n: 41.55555555555556

Residual: 0.08019243722609118


epsilon: 3.555555555555556

m: 5.333333333333333

n: 45.77777777777778

Residual: 0.06884950235224516


epsilon: 3.555555555555556

m: 5.333333333333333

n: 50.0

Residual: 0.05881663430057629


epsilon: 3.555555555555556

m: 5.666666666666666

n: 12.0

Residual: 0.29879580962731545


epsilon: 3.555555555555556

m: 5.666666666666666

n: 16.22222222222222

Residual: 0.16453695997209872


epsilon: 3.555555555555556

m: 5.666666666666666

n: 20.444444444444443

Residual: 0.08705204299691574


epsilon: 3.555555555555556

m: 5.666666666666666

n: 24.666666666666668

Residual: 0.045888650985669674


epsilon: 3.555555555555556

m: 5.666666666666666

n: 28.88888888888889

Residual: 0.03562800132695941


epsilon: 3.555555555555556

m: 5.666666666666666

n: 33.111111111111114

Residual: 0.04806811069006565


epsilon: 3.555555555555556

m: 5.666666666666666

n: 37.333333333333336

Residual: 0.0713494017487875


epsilon: 3.555555555555556

m: 5.666666666666666

n: 41.55555555555556

Residual: 0.09491437773780581


epsilon: 3.555555555555556

m: 5.666666666666666

n: 45.77777777777778

Residual: 0.10894227605138534


epsilon: 3.555555555555556

m: 5.666666666666666

n: 50.0

Residual: 0.12222525184156509


epsilon: 3.555555555555556

m: 6.0

n: 12.0

Residual: 0.18980382656792125


epsilon: 3.555555555555556

m: 6.0

n: 16.22222222222222

Residual: 0.08348063794910399


epsilon: 3.555555555555556

m: 6.0

n: 20.444444444444443

Residual: 0.06886009917444558


epsilon: 3.555555555555556

m: 6.0

n: 24.666666666666668

Residual: 0.11970623400393499


epsilon: 3.555555555555556

m: 6.0

n: 28.88888888888889

Residual: 0.15913158156901255


epsilon: 3.555555555555556

m: 6.0

n: 33.111111111111114

Residual: 0.19506957888058363


epsilon: 3.555555555555556

m: 6.0

n: 37.333333333333336

Residual: 0.21556927060546158


epsilon: 3.555555555555556

m: 6.0

n: 41.55555555555556

Residual: 0.23568871647809578


epsilon: 3.555555555555556

m: 6.0

n: 45.77777777777778

Residual: 0.254807594186397


epsilon: 3.555555555555556

m: 6.0

n: 50.0

Residual: 0.26943710921745295


epsilon: 3.555555555555556

m: 6.333333333333333

n: 12.0

Residual: 0.1356055487861799


epsilon: 3.555555555555556

m: 6.333333333333333

n: 16.22222222222222

Residual: 0.10176767180702721


epsilon: 3.555555555555556

m: 6.333333333333333

n: 20.444444444444443

Residual: 0.18300558513144372


epsilon: 3.555555555555556

m: 6.333333333333333

n: 24.666666666666668

Residual: 0.24259624072931135


epsilon: 3.555555555555556

m: 6.333333333333333

n: 28.88888888888889

Residual: 0.2796005640386773


epsilon: 3.555555555555556

m: 6.333333333333333

n: 33.111111111111114

Residual: 0.31023516121738604


epsilon: 3.555555555555556

m: 6.333333333333333

n: 37.333333333333336

Residual: 0.3419941220564384


epsilon: 3.555555555555556

m: 6.333333333333333

n: 41.55555555555556

Residual: 0.3582284682544786


epsilon: 3.555555555555556

m: 6.333333333333333

n: 45.77777777777778

Residual: 0.36854568193155696


epsilon: 3.555555555555556

m: 6.333333333333333

n: 50.0

Residual: 0.38608126924531977


epsilon: 3.555555555555556

m: 6.666666666666666

n: 12.0

Residual: 0.1243214924618803


epsilon: 3.555555555555556

m: 6.666666666666666

n: 16.22222222222222

Residual: 0.19699772547984476


epsilon: 3.555555555555556

m: 6.666666666666666

n: 20.444444444444443

Residual: 0.28803409518645545


epsilon: 3.555555555555556

m: 6.666666666666666

n: 24.666666666666668

Residual: 0.34803031631050996


epsilon: 3.555555555555556

m: 6.666666666666666

n: 28.88888888888889

Residual: 0.3818460595961812


epsilon: 3.555555555555556

m: 6.666666666666666

n: 33.111111111111114

Residual: 0.41282329856550415


epsilon: 3.555555555555556

m: 6.666666666666666

n: 37.333333333333336

Residual: 0.4358051203169414


epsilon: 3.555555555555556

m: 6.666666666666666

n: 41.55555555555556

Residual: 0.45424635341287284


epsilon: 3.555555555555556

m: 6.666666666666666

n: 45.77777777777778

Residual: 0.4738856005481527


epsilon: 3.555555555555556

m: 6.666666666666666

n: 50.0

Residual: 0.4870264426877841


epsilon: 3.555555555555556

m: 7.0

n: 12.0

Residual: 0.141294777934176


epsilon: 3.555555555555556

m: 7.0

n: 16.22222222222222

Residual: 0.2857014013383275


epsilon: 3.555555555555556

m: 7.0

n: 20.444444444444443

Residual: 0.3718204827469669


epsilon: 3.555555555555556

m: 7.0

n: 24.666666666666668

Residual: 0.43021914924720794


epsilon: 3.555555555555556

m: 7.0

n: 28.88888888888889

Residual: 0.4668823869925704


epsilon: 3.555555555555556

m: 7.0

n: 33.111111111111114

Residual: 0.5001127312869518


epsilon: 3.555555555555556

m: 7.0

n: 37.333333333333336

Residual: 0.5204193989698987


epsilon: 3.555555555555556

m: 7.0

n: 41.55555555555556

Residual: 0.5300459805422388


epsilon: 3.555555555555556

m: 7.0

n: 45.77777777777778

Residual: 0.5462684796311756


epsilon: 3.555555555555556

m: 7.0

n: 50.0

Residual: 0.5600130479461524


epsilon: 4.166666666666667

m: 4.0

n: 12.0

Residual: 0.8720949171201775


epsilon: 4.166666666666667

m: 4.0

n: 16.22222222222222

Residual: 0.8444543902652727


epsilon: 4.166666666666667

m: 4.0

n: 20.444444444444443

Residual: 0.8253349890041557


epsilon: 4.166666666666667

m: 4.0

n: 24.666666666666668

Residual: 0.8114219875670436


epsilon: 4.166666666666667

m: 4.0

n: 28.88888888888889

Residual: 0.8004505183958421


epsilon: 4.166666666666667

m: 4.0

n: 33.111111111111114

Residual: 0.7917847727544911


epsilon: 4.166666666666667

m: 4.0

n: 37.333333333333336

Residual: 0.7846389388036632


epsilon: 4.166666666666667

m: 4.0

n: 41.55555555555556

Residual: 0.7785465142795646


epsilon: 4.166666666666667

m: 4.0

n: 45.77777777777778

Residual: 0.773590257875465


epsilon: 4.166666666666667

m: 4.0

n: 50.0

Residual: 0.7690347328244775


epsilon: 4.166666666666667

m: 4.333333333333333

n: 12.0

Residual: 0.8024673242466401


epsilon: 4.166666666666667

m: 4.333333333333333

n: 16.22222222222222

Residual: 0.7582622209686327


epsilon: 4.166666666666667

m: 4.333333333333333

n: 20.444444444444443

Residual: 0.7281208214875013


epsilon: 4.166666666666667

m: 4.333333333333333

n: 24.666666666666668

Residual: 0.7059353048909246


epsilon: 4.166666666666667

m: 4.333333333333333

n: 28.88888888888889

Residual: 0.6888292905211462


epsilon: 4.166666666666667

m: 4.333333333333333

n: 33.111111111111114

Residual: 0.6753602458803147


epsilon: 4.166666666666667

m: 4.333333333333333

n: 37.333333333333336

Residual: 0.6645525830969314


epsilon: 4.166666666666667

m: 4.333333333333333

n: 41.55555555555556

Residual: 0.6550483636696617


epsilon: 4.166666666666667

m: 4.333333333333333

n: 45.77777777777778

Residual: 0.6471723752211981


epsilon: 4.166666666666667

m: 4.333333333333333

n: 50.0

Residual: 0.640643784292211


epsilon: 4.166666666666667

m: 4.666666666666667

n: 12.0

Residual: 0.7129623763872698


epsilon: 4.166666666666667

m: 4.666666666666667

n: 16.22222222222222

Residual: 0.6476985359849122


epsilon: 4.166666666666667

m: 4.666666666666667

n: 20.444444444444443

Residual: 0.6037176790650404


epsilon: 4.166666666666667

m: 4.666666666666667

n: 24.666666666666668

Residual: 0.5726091371484523


epsilon: 4.166666666666667

m: 4.666666666666667

n: 28.88888888888889

Residual: 0.5484776914618448


epsilon: 4.166666666666667

m: 4.666666666666667

n: 33.111111111111114

Residual: 0.5293143897472135


epsilon: 4.166666666666667

m: 4.666666666666667

n: 37.333333333333336

Residual: 0.5140339369920871


epsilon: 4.166666666666667

m: 4.666666666666667

n: 41.55555555555556

Residual: 0.5011330519843223


epsilon: 4.166666666666667

m: 4.666666666666667

n: 45.77777777777778

Residual: 0.4905525059391786


epsilon: 4.166666666666667

m: 4.666666666666667

n: 50.0

Residual: 0.4804467149103466


epsilon: 4.166666666666667

m: 5.0

n: 12.0

Residual: 0.6069347331354185


epsilon: 4.166666666666667

m: 5.0

n: 16.22222222222222

Residual: 0.5187724966232079


epsilon: 4.166666666666667

m: 5.0

n: 20.444444444444443

Residual: 0.460674407170677


epsilon: 4.166666666666667

m: 5.0

n: 24.666666666666668

Residual: 0.4184448628771843


epsilon: 4.166666666666667

m: 5.0

n: 28.88888888888889

Residual: 0.38809978133644796


epsilon: 4.166666666666667

m: 5.0

n: 33.111111111111114

Residual: 0.36431083486151666


epsilon: 4.166666666666667

m: 5.0

n: 37.333333333333336

Residual: 0.3437772013484824


epsilon: 4.166666666666667

m: 5.0

n: 41.55555555555556

Residual: 0.3276119677761095


epsilon: 4.166666666666667

m: 5.0

n: 45.77777777777778

Residual: 0.3135528146029493


epsilon: 4.166666666666667

m: 5.0

n: 50.0

Residual: 0.30214245046416704


epsilon: 4.166666666666667

m: 5.333333333333333

n: 12.0

Residual: 0.4908250894754036


epsilon: 4.166666666666667

m: 5.333333333333333

n: 16.22222222222222

Residual: 0.37844466693406775


epsilon: 4.166666666666667

m: 5.333333333333333

n: 20.444444444444443

Residual: 0.3086202604344524


epsilon: 4.166666666666667

m: 5.333333333333333

n: 24.666666666666668

Residual: 0.25876743199105556


epsilon: 4.166666666666667

m: 5.333333333333333

n: 28.88888888888889

Residual: 0.22158259682183576


epsilon: 4.166666666666667

m: 5.333333333333333

n: 33.111111111111114

Residual: 0.1924229202863044


epsilon: 4.166666666666667

m: 5.333333333333333

n: 37.333333333333336

Residual: 0.17184630914371893


epsilon: 4.166666666666667

m: 5.333333333333333

n: 41.55555555555556

Residual: 0.1519475713714877


epsilon: 4.166666666666667

m: 5.333333333333333

n: 45.77777777777778

Residual: 0.13815564618963122


epsilon: 4.166666666666667

m: 5.333333333333333

n: 50.0

Residual: 0.12618197592480773


epsilon: 4.166666666666667

m: 5.666666666666666

n: 12.0

Residual: 0.37051552491989614


epsilon: 4.166666666666667

m: 5.666666666666666

n: 16.22222222222222

Residual: 0.23829600956585556


epsilon: 4.166666666666667

m: 5.666666666666666

n: 20.444444444444443

Residual: 0.1569368379379096


epsilon: 4.166666666666667

m: 5.666666666666666

n: 24.666666666666668

Residual: 0.10685192628443385


epsilon: 4.166666666666667

m: 5.666666666666666

n: 28.88888888888889

Residual: 0.07338813664900103


epsilon: 4.166666666666667

m: 5.666666666666666

n: 33.111111111111114

Residual: 0.04983802255175591


epsilon: 4.166666666666667

m: 5.666666666666666

n: 37.333333333333336

Residual: 0.03860214504754405


epsilon: 4.166666666666667

m: 5.666666666666666

n: 41.55555555555556

Residual: 0.03383295307040845


epsilon: 4.166666666666667

m: 5.666666666666666

n: 45.77777777777778

Residual: 0.03422878404731754


epsilon: 4.166666666666667

m: 5.666666666666666

n: 50.0

Residual: 0.04462655656158845


epsilon: 4.166666666666667

m: 6.0

n: 12.0

Residual: 0.2580527422680632


epsilon: 4.166666666666667

m: 6.0

n: 16.22222222222222

Residual: 0.13420567520422697


epsilon: 4.166666666666667

m: 6.0

n: 20.444444444444443

Residual: 0.08275641319674984


epsilon: 4.166666666666667

m: 6.0

n: 24.666666666666668

Residual: 0.06536699549393811


epsilon: 4.166666666666667

m: 6.0

n: 28.88888888888889

Residual: 0.08212406851004275


epsilon: 4.166666666666667

m: 6.0

n: 33.111111111111114

Residual: 0.11194801300988595


epsilon: 4.166666666666667

m: 6.0

n: 37.333333333333336

Residual: 0.1377166606693697


epsilon: 4.166666666666667

m: 6.0

n: 41.55555555555556

Residual: 0.1592250300013748


epsilon: 4.166666666666667

m: 6.0

n: 45.77777777777778

Residual: 0.17506686411003172


epsilon: 4.166666666666667

m: 6.0

n: 50.0

Residual: 0.1914775882518831


epsilon: 4.166666666666667

m: 6.333333333333333

n: 12.0

Residual: 0.18501733044118068


epsilon: 4.166666666666667

m: 6.333333333333333

n: 16.22222222222222

Residual: 0.10630276612361847


epsilon: 4.166666666666667

m: 6.333333333333333

n: 20.444444444444443

Residual: 0.11280735142405632


epsilon: 4.166666666666667

m: 6.333333333333333

n: 24.666666666666668

Residual: 0.16618694201078382


epsilon: 4.166666666666667

m: 6.333333333333333

n: 28.88888888888889

Residual: 0.2097818522272389


epsilon: 4.166666666666667

m: 6.333333333333333

n: 33.111111111111114

Residual: 0.23872336040319464


epsilon: 4.166666666666667

m: 6.333333333333333

n: 37.333333333333336

Residual: 0.2670695487159588


epsilon: 4.166666666666667

m: 6.333333333333333

n: 41.55555555555556

Residual: 0.2840220370513532


epsilon: 4.166666666666667

m: 6.333333333333333

n: 45.77777777777778

Residual: 0.2964267301509747


epsilon: 4.166666666666667

m: 6.333333333333333

n: 50.0

Residual: 0.3128775235987346


epsilon: 4.166666666666667

m: 6.666666666666666

n: 12.0

Residual: 0.15824019742582765


epsilon: 4.166666666666667

m: 6.666666666666666

n: 16.22222222222222

Residual: 0.1328062850264702


epsilon: 4.166666666666667

m: 6.666666666666666

n: 20.444444444444443

Residual: 0.21162995915125052


epsilon: 4.166666666666667

m: 6.666666666666666

n: 24.666666666666668

Residual: 0.26935419852449216


epsilon: 4.166666666666667

m: 6.666666666666666

n: 28.88888888888889

Residual: 0.31574037153033013


epsilon: 4.166666666666667

m: 6.666666666666666

n: 33.111111111111114

Residual: 0.3437640828558121


epsilon: 4.166666666666667

m: 6.666666666666666

n: 37.333333333333336

Residual: 0.36445909062205367


epsilon: 4.166666666666667

m: 6.666666666666666

n: 41.55555555555556

Residual: 0.3863234491807148


epsilon: 4.166666666666667

m: 6.666666666666666

n: 45.77777777777778

Residual: 0.4037027005770482


epsilon: 4.166666666666667

m: 6.666666666666666

n: 50.0

Residual: 0.4194477153317308


epsilon: 4.166666666666667

m: 7.0

n: 12.0

Residual: 0.15498677106514816


epsilon: 4.166666666666667

m: 7.0

n: 16.22222222222222

Residual: 0.21246292926242735


epsilon: 4.166666666666667

m: 7.0

n: 20.444444444444443

Residual: 0.30625739265137014


epsilon: 4.166666666666667

m: 7.0

n: 24.666666666666668

Residual: 0.36722733501035354


epsilon: 4.166666666666667

m: 7.0

n: 28.88888888888889

Residual: 0.40112948448948427


epsilon: 4.166666666666667

m: 7.0

n: 33.111111111111114

Residual: 0.44168316932618074


epsilon: 4.166666666666667

m: 7.0

n: 37.333333333333336

Residual: 0.4514767002278167


epsilon: 4.166666666666667

m: 7.0

n: 41.55555555555556

Residual: 0.4796977539949675


epsilon: 4.166666666666667

m: 7.0

n: 45.77777777777778

Residual: 0.4904739852359292


epsilon: 4.166666666666667

m: 7.0

n: 50.0

Residual: 0.507636409150839


epsilon: 4.777777777777779

m: 4.0

n: 12.0

Residual: 0.8875591737609536


epsilon: 4.777777777777779

m: 4.0

n: 16.22222222222222

Residual: 0.8629920362975217


epsilon: 4.777777777777779

m: 4.0

n: 20.444444444444443

Residual: 0.8460260656363726


epsilon: 4.777777777777779

m: 4.0

n: 24.666666666666668

Residual: 0.8333688079935373


epsilon: 4.777777777777779

m: 4.0

n: 28.88888888888889

Residual: 0.8238104095605996


epsilon: 4.777777777777779

m: 4.0

n: 33.111111111111114

Residual: 0.8158921143724286


epsilon: 4.777777777777779

m: 4.0

n: 37.333333333333336

Residual: 0.8094748324199337


epsilon: 4.777777777777779

m: 4.0

n: 41.55555555555556

Residual: 0.8041324793561772


epsilon: 4.777777777777779

m: 4.0

n: 45.77777777777778

Residual: 0.7996206957095212


epsilon: 4.777777777777779

m: 4.0

n: 50.0

Residual: 0.795620651868809


epsilon: 4.777777777777779

m: 4.333333333333333

n: 12.0

Residual: 0.8255468172575


epsilon: 4.777777777777779

m: 4.333333333333333

n: 16.22222222222222

Residual: 0.7857987512103404


epsilon: 4.777777777777779

m: 4.333333333333333

n: 20.444444444444443

Residual: 0.7585572077797119


epsilon: 4.777777777777779

m: 4.333333333333333

n: 24.666666666666668

Residual: 0.7386735043261625


epsilon: 4.777777777777779

m: 4.333333333333333

n: 28.88888888888889

Residual: 0.7233570091816942


epsilon: 4.777777777777779

m: 4.333333333333333

n: 33.111111111111114

Residual: 0.7109070325483736


epsilon: 4.777777777777779

m: 4.333333333333333

n: 37.333333333333336

Residual: 0.7004695715031828


epsilon: 4.777777777777779

m: 4.333333333333333

n: 41.55555555555556

Residual: 0.692553355223726


epsilon: 4.777777777777779

m: 4.333333333333333

n: 45.77777777777778

Residual: 0.6853162358647683


epsilon: 4.777777777777779

m: 4.333333333333333

n: 50.0

Residual: 0.6790387089691576


epsilon: 4.777777777777779

m: 4.666666666666667

n: 12.0

Residual: 0.7448510146709566


epsilon: 4.777777777777779

m: 4.666666666666667

n: 16.22222222222222

Residual: 0.6857466262158952


epsilon: 4.777777777777779

m: 4.666666666666667

n: 20.444444444444443

Residual: 0.6456589899238081


epsilon: 4.777777777777779

m: 4.666666666666667

n: 24.666666666666668

Residual: 0.6166480319631469


epsilon: 4.777777777777779

m: 4.666666666666667

n: 28.88888888888889

Residual: 0.594093193347613


epsilon: 4.777777777777779

m: 4.666666666666667

n: 33.111111111111114

Residual: 0.5769069449246265


epsilon: 4.777777777777779

m: 4.666666666666667

n: 37.333333333333336

Residual: 0.562626366752183


epsilon: 4.777777777777779

m: 4.666666666666667

n: 41.55555555555556

Residual: 0.5508270307531153


epsilon: 4.777777777777779

m: 4.666666666666667

n: 45.77777777777778

Residual: 0.5407793948569057


epsilon: 4.777777777777779

m: 4.666666666666667

n: 50.0

Residual: 0.5313698106023089


epsilon: 4.777777777777779

m: 5.0

n: 12.0

Residual: 0.648061196532117


epsilon: 4.777777777777779

m: 5.0

n: 16.22222222222222

Residual: 0.5667810748797284


epsilon: 4.777777777777779

m: 5.0

n: 20.444444444444443

Residual: 0.5125850054097554


epsilon: 4.777777777777779

m: 5.0

n: 24.666666666666668

Residual: 0.4746449116032917


epsilon: 4.777777777777779

m: 5.0

n: 28.88888888888889

Residual: 0.4452311740174628


epsilon: 4.777777777777779

m: 5.0

n: 33.111111111111114

Residual: 0.42237421728381275


epsilon: 4.777777777777779

m: 5.0

n: 37.333333333333336

Residual: 0.40279671133085754


epsilon: 4.777777777777779

m: 5.0

n: 41.55555555555556

Residual: 0.38737017432712745


epsilon: 4.777777777777779

m: 5.0

n: 45.77777777777778

Residual: 0.3746473444319189


epsilon: 4.777777777777779

m: 5.0

n: 50.0

Residual: 0.36443244122086244


epsilon: 4.777777777777779

m: 5.333333333333333

n: 12.0

Residual: 0.5402105669639778


epsilon: 4.777777777777779

m: 5.333333333333333

n: 16.22222222222222

Residual: 0.43545941719211817


epsilon: 4.777777777777779

m: 5.333333333333333

n: 20.444444444444443

Residual: 0.3685996452945332


epsilon: 4.777777777777779

m: 5.333333333333333

n: 24.666666666666668

Residual: 0.32118974183874555


epsilon: 4.777777777777779

m: 5.333333333333333

n: 28.88888888888889

Residual: 0.28642365175908097


epsilon: 4.777777777777779

m: 5.333333333333333

n: 33.111111111111114

Residual: 0.25864059880440887


epsilon: 4.777777777777779

m: 5.333333333333333

n: 37.333333333333336

Residual: 0.2369419484858313


epsilon: 4.777777777777779

m: 5.333333333333333

n: 41.55555555555556

Residual: 0.21787437998291773


epsilon: 4.777777777777779

m: 5.333333333333333

n: 45.77777777777778

Residual: 0.20252490328113146


epsilon: 4.777777777777779

m: 5.333333333333333

n: 50.0

Residual: 0.18998377722494075


epsilon: 4.777777777777779

m: 5.666666666666666

n: 12.0

Residual: 0.42848835493458204


epsilon: 4.777777777777779

m: 5.666666666666666

n: 16.22222222222222

Residual: 0.3041186968357668


epsilon: 4.777777777777779

m: 5.666666666666666

n: 20.444444444444443

Residual: 0.2237332825098734


epsilon: 4.777777777777779

m: 5.666666666666666

n: 24.666666666666668

Residual: 0.1701769968147176


epsilon: 4.777777777777779

m: 5.666666666666666

n: 28.88888888888889

Residual: 0.13012799779535825


epsilon: 4.777777777777779

m: 5.666666666666666

n: 33.111111111111114

Residual: 0.10197064602277645


epsilon: 4.777777777777779

m: 5.666666666666666

n: 37.333333333333336

Residual: 0.07995092281405501


epsilon: 4.777777777777779

m: 5.666666666666666

n: 41.55555555555556

Residual: 0.06831591414363997


epsilon: 4.777777777777779

m: 5.666666666666666

n: 45.77777777777778

Residual: 0.05469269907754234


epsilon: 4.777777777777779

m: 5.666666666666666

n: 50.0

Residual: 0.04826878361196526


epsilon: 4.777777777777779

m: 6.0

n: 12.0

Residual: 0.31669074047868717


epsilon: 4.777777777777779

m: 6.0

n: 16.22222222222222

Residual: 0.18602655364083018


epsilon: 4.777777777777779

m: 6.0

n: 20.444444444444443

Residual: 0.12304472681147731


epsilon: 4.777777777777779

m: 6.0

n: 24.666666666666668

Residual: 0.08708870977944629


epsilon: 4.777777777777779

m: 6.0

n: 28.88888888888889

Residual: 0.07124109803659431


epsilon: 4.777777777777779

m: 6.0

n: 33.111111111111114

Residual: 0.0700794622665335


epsilon: 4.777777777777779

m: 6.0

n: 37.333333333333336

Residual: 0.07514535764537195


epsilon: 4.777777777777779

m: 6.0

n: 41.55555555555556

Residual: 0.09358681392485575


epsilon: 4.777777777777779

m: 6.0

n: 45.77777777777778

Residual: 0.1071436203155696


epsilon: 4.777777777777779

m: 6.0

n: 50.0

Residual: 0.12313852917361343


epsilon: 4.777777777777779

m: 6.333333333333333

n: 12.0

Residual: 0.23598069005038927


epsilon: 4.777777777777779

m: 6.333333333333333

n: 16.22222222222222

Residual: 0.13540539217294587


epsilon: 4.777777777777779

m: 6.333333333333333

n: 20.444444444444443

Residual: 0.10301988090152338


epsilon: 4.777777777777779

m: 6.333333333333333

n: 24.666666666666668

Residual: 0.10774459202400488


epsilon: 4.777777777777779

m: 6.333333333333333

n: 28.88888888888889

Residual: 0.1394732128814771


epsilon: 4.777777777777779

m: 6.333333333333333

n: 33.111111111111114

Residual: 0.17456312492727588


epsilon: 4.777777777777779

m: 6.333333333333333

n: 37.333333333333336

Residual: 0.20167567596286348


epsilon: 4.777777777777779

m: 6.333333333333333

n: 41.55555555555556

Residual: 0.22291089773300252


epsilon: 4.777777777777779

m: 6.333333333333333

n: 45.77777777777778

Residual: 0.2453787018542862


epsilon: 4.777777777777779

m: 6.333333333333333

n: 50.0

Residual: 0.2536382024948248


epsilon: 4.777777777777779

m: 6.666666666666666

n: 12.0

Residual: 0.19503304859527124


epsilon: 4.777777777777779

m: 6.666666666666666

n: 16.22222222222222

Residual: 0.13706288659947286


epsilon: 4.777777777777779

m: 6.666666666666666

n: 20.444444444444443

Residual: 0.15404764745963506


epsilon: 4.777777777777779

m: 6.666666666666666

n: 24.666666666666668

Residual: 0.21087272190871337


epsilon: 4.777777777777779

m: 6.666666666666666

n: 28.88888888888889

Residual: 0.25426336038953684


epsilon: 4.777777777777779

m: 6.666666666666666

n: 33.111111111111114

Residual: 0.28394058276379763


epsilon: 4.777777777777779

m: 6.666666666666666

n: 37.333333333333336

Residual: 0.31091763014542595


epsilon: 4.777777777777779

m: 6.666666666666666

n: 41.55555555555556

Residual: 0.335913759449217


epsilon: 4.777777777777779

m: 6.666666666666666

n: 45.77777777777778

Residual: 0.35074922200268405


epsilon: 4.777777777777779

m: 6.666666666666666

n: 50.0

Residual: 0.35593449051771175


epsilon: 4.777777777777779

m: 7.0

n: 12.0

Residual: 0.17854179325977576


epsilon: 4.777777777777779

m: 7.0

n: 16.22222222222222

Residual: 0.16036051777845284


epsilon: 4.777777777777779

m: 7.0

n: 20.444444444444443

Residual: 0.24021471574672426


epsilon: 4.777777777777779

m: 7.0

n: 24.666666666666668

Residual: 0.2971307131589629


epsilon: 4.777777777777779

m: 7.0

n: 28.88888888888889

Residual: 0.34456520327871176


epsilon: 4.777777777777779

m: 7.0

n: 33.111111111111114

Residual: 0.3800620292577854


epsilon: 4.777777777777779

m: 7.0

n: 37.333333333333336

Residual: 0.39282554164583444


epsilon: 4.777777777777779

m: 7.0

n: 41.55555555555556

Residual: 0.41823861613535857


epsilon: 4.777777777777779

m: 7.0

n: 45.77777777777778

Residual: 0.44324753982544207


epsilon: 4.777777777777779

m: 7.0

n: 50.0

Residual: 0.4477829690715588


epsilon: 5.388888888888889

m: 4.0

n: 12.0

Residual: 0.8996598432061307


epsilon: 5.388888888888889

m: 4.0

n: 16.22222222222222

Residual: 0.877539657541373


epsilon: 5.388888888888889

m: 4.0

n: 20.444444444444443

Residual: 0.8622585390683614


epsilon: 5.388888888888889

m: 4.0

n: 24.666666666666668

Residual: 0.8509886633663505


epsilon: 5.388888888888889

m: 4.0

n: 28.88888888888889

Residual: 0.8422175662875828


epsilon: 5.388888888888889

m: 4.0

n: 33.111111111111114

Residual: 0.835189783591714


epsilon: 5.388888888888889

m: 4.0

n: 37.333333333333336

Residual: 0.8292822975120165


epsilon: 5.388888888888889

m: 4.0

n: 41.55555555555556

Residual: 0.824352000076777


epsilon: 5.388888888888889

m: 4.0

n: 45.77777777777778

Residual: 0.820299543761449


epsilon: 5.388888888888889

m: 4.0

n: 50.0

Residual: 0.8167331735473942


epsilon: 5.388888888888889

m: 4.333333333333333

n: 12.0

Residual: 0.8437763864304253


epsilon: 5.388888888888889

m: 4.333333333333333

n: 16.22222222222222

Residual: 0.8078665223998259


epsilon: 5.388888888888889

m: 4.333333333333333

n: 20.444444444444443

Residual: 0.7830330623022268


epsilon: 5.388888888888889

m: 4.333333333333333

n: 24.666666666666668

Residual: 0.764814334215532


epsilon: 5.388888888888889

m: 4.333333333333333

n: 28.88888888888889

Residual: 0.7506094620066758


epsilon: 5.388888888888889

m: 4.333333333333333

n: 33.111111111111114

Residual: 0.7396289767206968


epsilon: 5.388888888888889

m: 4.333333333333333

n: 37.333333333333336

Residual: 0.7301501365518456


epsilon: 5.388888888888889

m: 4.333333333333333

n: 41.55555555555556

Residual: 0.72238769414852


epsilon: 5.388888888888889

m: 4.333333333333333

n: 45.77777777777778

Residual: 0.7159419538323036


epsilon: 5.388888888888889

m: 4.333333333333333

n: 50.0

Residual: 0.7104473683432047


epsilon: 5.388888888888889

m: 4.666666666666667

n: 12.0

Residual: 0.770566730924286


epsilon: 5.388888888888889

m: 4.666666666666667

n: 16.22222222222222

Residual: 0.7160944385711584


epsilon: 5.388888888888889

m: 4.666666666666667

n: 20.444444444444443

Residual: 0.6793413963252902


epsilon: 5.388888888888889

m: 4.666666666666667

n: 24.666666666666668

Residual: 0.652744636063648


epsilon: 5.388888888888889

m: 4.666666666666667

n: 28.88888888888889

Residual: 0.6320702167562128


epsilon: 5.388888888888889

m: 4.666666666666667

n: 33.111111111111114

Residual: 0.6155400511484851


epsilon: 5.388888888888889

m: 4.666666666666667

n: 37.333333333333336

Residual: 0.602520799615766


epsilon: 5.388888888888889

m: 4.666666666666667

n: 41.55555555555556

Residual: 0.5913110396897933


epsilon: 5.388888888888889

m: 4.666666666666667

n: 45.77777777777778

Residual: 0.5820937772192489


epsilon: 5.388888888888889

m: 4.666666666666667

n: 50.0

Residual: 0.573362208117607


epsilon: 5.388888888888889

m: 5.0

n: 12.0

Residual: 0.6818623804927776


epsilon: 5.388888888888889

m: 5.0

n: 16.22222222222222

Residual: 0.6061592860659861


epsilon: 5.388888888888889

m: 5.0

n: 20.444444444444443

Residual: 0.5554468693814303


epsilon: 5.388888888888889

m: 5.0

n: 24.666666666666668

Residual: 0.5191519380682457


epsilon: 5.388888888888889

m: 5.0

n: 28.88888888888889

Residual: 0.492401840997308


epsilon: 5.388888888888889

m: 5.0

n: 33.111111111111114

Residual: 0.46958692448125194


epsilon: 5.388888888888889

m: 5.0

n: 37.333333333333336

Residual: 0.4517246845275133


epsilon: 5.388888888888889

m: 5.0

n: 41.55555555555556

Residual: 0.438762871634658


epsilon: 5.388888888888889

m: 5.0

n: 45.77777777777778

Residual: 0.42641862656934804


epsilon: 5.388888888888889

m: 5.0

n: 50.0

Residual: 0.414501489500307


epsilon: 5.388888888888889

m: 5.333333333333333

n: 12.0

Residual: 0.5815375825907113


epsilon: 5.388888888888889

m: 5.333333333333333

n: 16.22222222222222

Residual: 0.4835832046845738


epsilon: 5.388888888888889

m: 5.333333333333333

n: 20.444444444444443

Residual: 0.42063045448781644


epsilon: 5.388888888888889

m: 5.333333333333333

n: 24.666666666666668

Residual: 0.37434023242524317


epsilon: 5.388888888888889

m: 5.333333333333333

n: 28.88888888888889

Residual: 0.34073783655905404


epsilon: 5.388888888888889

m: 5.333333333333333

n: 33.111111111111114

Residual: 0.3118356276405802


epsilon: 5.388888888888889

m: 5.333333333333333

n: 37.333333333333336

Residual: 0.29324307548536416


epsilon: 5.388888888888889

m: 5.333333333333333

n: 41.55555555555556

Residual: 0.2732673134835924


epsilon: 5.388888888888889

m: 5.333333333333333

n: 45.77777777777778

Residual: 0.2591044413183332


epsilon: 5.388888888888889

m: 5.333333333333333

n: 50.0

Residual: 0.24786005706298478


epsilon: 5.388888888888889

m: 5.666666666666666

n: 12.0

Residual: 0.4764973876049971


epsilon: 5.388888888888889

m: 5.666666666666666

n: 16.22222222222222

Residual: 0.3565191846624237


epsilon: 5.388888888888889

m: 5.666666666666666

n: 20.444444444444443

Residual: 0.2806453130329783


epsilon: 5.388888888888889

m: 5.666666666666666

n: 24.666666666666668

Residual: 0.23024366393054727


epsilon: 5.388888888888889

m: 5.666666666666666

n: 28.88888888888889

Residual: 0.1912205229882646


epsilon: 5.388888888888889

m: 5.666666666666666

n: 33.111111111111114

Residual: 0.15839792064860084


epsilon: 5.388888888888889

m: 5.666666666666666

n: 37.333333333333336

Residual: 0.13750592551819066


epsilon: 5.388888888888889

m: 5.666666666666666

n: 41.55555555555556

Residual: 0.11841918888294115


epsilon: 5.388888888888889

m: 5.666666666666666

n: 45.77777777777778

Residual: 0.10395927855004433


epsilon: 5.388888888888889

m: 5.666666666666666

n: 50.0

Residual: 0.08813364475007095


epsilon: 5.388888888888889

m: 6.0

n: 12.0

Residual: 0.37163852255516605


epsilon: 5.388888888888889

m: 6.0

n: 16.22222222222222

Residual: 0.23857986865909603


epsilon: 5.388888888888889

m: 6.0

n: 20.444444444444443

Residual: 0.1629901347950748


epsilon: 5.388888888888889

m: 6.0

n: 24.666666666666668

Residual: 0.12531030983467728


epsilon: 5.388888888888889

m: 6.0

n: 28.88888888888889

Residual: 0.09921218408503603


epsilon: 5.388888888888889

m: 6.0

n: 33.111111111111114

Residual: 0.08410034871827146


epsilon: 5.388888888888889

m: 6.0

n: 37.333333333333336

Residual: 0.07090987853887466


epsilon: 5.388888888888889

m: 6.0

n: 41.55555555555556

Residual: 0.06409746149065962


epsilon: 5.388888888888889

m: 6.0

n: 45.77777777777778

Residual: 0.06389971884393376


epsilon: 5.388888888888889

m: 6.0

n: 50.0

Residual: 0.07362000660853671


epsilon: 5.388888888888889

m: 6.333333333333333

n: 12.0

Residual: 0.2843536047237125


epsilon: 5.388888888888889

m: 6.333333333333333

n: 16.22222222222222

Residual: 0.17233134852613327


epsilon: 5.388888888888889

m: 6.333333333333333

n: 20.444444444444443

Residual: 0.12255179991122155


epsilon: 5.388888888888889

m: 6.333333333333333

n: 24.666666666666668

Residual: 0.10708141479146412


epsilon: 5.388888888888889

m: 6.333333333333333

n: 28.88888888888889

Residual: 0.10441468795173758


epsilon: 5.388888888888889

m: 6.333333333333333

n: 33.111111111111114

Residual: 0.11802804569001714


epsilon: 5.388888888888889

m: 6.333333333333333

n: 37.333333333333336

Residual: 0.14235908218762977


epsilon: 5.388888888888889

m: 6.333333333333333

n: 41.55555555555556

Residual: 0.16033190681015658


epsilon: 5.388888888888889

m: 6.333333333333333

n: 45.77777777777778

Residual: 0.1769598645127116


epsilon: 5.388888888888889

m: 6.333333333333333

n: 50.0

Residual: 0.19496337138210645


epsilon: 5.388888888888889

m: 6.666666666666666

n: 12.0

Residual: 0.23498663597689154


epsilon: 5.388888888888889

m: 6.666666666666666

n: 16.22222222222222

Residual: 0.15241298055445415


epsilon: 5.388888888888889

m: 6.666666666666666

n: 20.444444444444443

Residual: 0.13442268263557677


epsilon: 5.388888888888889

m: 6.666666666666666

n: 24.666666666666668

Residual: 0.15670912164709808


epsilon: 5.388888888888889

m: 6.666666666666666

n: 28.88888888888889

Residual: 0.1978141514367631


epsilon: 5.388888888888889

m: 6.666666666666666

n: 33.111111111111114

Residual: 0.23374186186232015


epsilon: 5.388888888888889

m: 6.666666666666666

n: 37.333333333333336

Residual: 0.24992407323233878


epsilon: 5.388888888888889

m: 6.666666666666666

n: 41.55555555555556

Residual: 0.267912619788509


epsilon: 5.388888888888889

m: 6.666666666666666

n: 45.77777777777778

Residual: 0.28754091960471695


epsilon: 5.388888888888889

m: 6.666666666666666

n: 50.0

Residual: 0.3080483501805232


epsilon: 5.388888888888889

m: 7.0

n: 12.0

Residual: 0.2085740094846038


epsilon: 5.388888888888889

m: 7.0

n: 16.22222222222222

Residual: 0.1654251617404756


epsilon: 5.388888888888889

m: 7.0

n: 20.444444444444443

Residual: 0.19097196394854796


epsilon: 5.388888888888889

m: 7.0

n: 24.666666666666668

Residual: 0.24712397149547985


epsilon: 5.388888888888889

m: 7.0

n: 28.88888888888889

Residual: 0.2871240598202211


epsilon: 5.388888888888889

m: 7.0

n: 33.111111111111114

Residual: 0.32580252850392805


epsilon: 5.388888888888889

m: 7.0

n: 37.333333333333336

Residual: 0.34873499178684336


epsilon: 5.388888888888889

m: 7.0

n: 41.55555555555556

Residual: 0.357771437962895


epsilon: 5.388888888888889

m: 7.0

n: 45.77777777777778

Residual: 0.3896009621836836


epsilon: 5.388888888888889

m: 7.0

n: 50.0

Residual: 0.400830761485428


epsilon: 6.0

m: 4.0

n: 12.0

Residual: 0.909405020177881


epsilon: 6.0

m: 4.0

n: 16.22222222222222

Residual: 0.8893208029434829


epsilon: 6.0

m: 4.0

n: 20.444444444444443

Residual: 0.8753811094760958


epsilon: 6.0

m: 4.0

n: 24.666666666666668

Residual: 0.865086111132152


epsilon: 6.0

m: 4.0

n: 28.88888888888889

Residual: 0.8570717752376699


epsilon: 6.0

m: 4.0

n: 33.111111111111114

Residual: 0.8506676156431238


epsilon: 6.0

m: 4.0

n: 37.333333333333336

Residual: 0.8453134676921285


epsilon: 6.0

m: 4.0

n: 41.55555555555556

Residual: 0.8408970253428995


epsilon: 6.0

m: 4.0

n: 45.77777777777778

Residual: 0.8370998447020547


epsilon: 6.0

m: 4.0

n: 50.0

Residual: 0.8338340686830077


epsilon: 6.0

m: 4.333333333333333

n: 12.0

Residual: 0.8585412454067933


epsilon: 6.0

m: 4.333333333333333

n: 16.22222222222222

Residual: 0.8255829234919794


epsilon: 6.0

m: 4.333333333333333

n: 20.444444444444443

Residual: 0.8028829875661446


epsilon: 6.0

m: 4.333333333333333

n: 24.666666666666668

Residual: 0.7863191246197431


epsilon: 6.0

m: 4.333333333333333

n: 28.88888888888889

Residual: 0.773287025359679


epsilon: 6.0

m: 4.333333333333333

n: 33.111111111111114

Residual: 0.7629476662155465


epsilon: 6.0

m: 4.333333333333333

n: 37.333333333333336

Residual: 0.7544081507454156


epsilon: 6.0

m: 4.333333333333333

n: 41.55555555555556

Residual: 0.7470200213773232


epsilon: 6.0

m: 4.333333333333333

n: 45.77777777777778

Residual: 0.7412118442415194


epsilon: 6.0

m: 4.333333333333333

n: 50.0

Residual: 0.7357918107848105


epsilon: 6.0

m: 4.666666666666667

n: 12.0

Residual: 0.7914536233345912


epsilon: 6.0

m: 4.666666666666667

n: 16.22222222222222

Residual: 0.7414978363177834


epsilon: 6.0

m: 4.666666666666667

n: 20.444444444444443

Residual: 0.7073206783139294


epsilon: 6.0

m: 4.666666666666667

n: 24.666666666666668

Residual: 0.6823153806364606


epsilon: 6.0

m: 4.666666666666667

n: 28.88888888888889

Residual: 0.6631195248853897


epsilon: 6.0

m: 4.666666666666667

n: 33.111111111111114

Residual: 0.6476016471977083


epsilon: 6.0

m: 4.666666666666667

n: 37.333333333333336

Residual: 0.6357848315560748


epsilon: 6.0

m: 4.666666666666667

n: 41.55555555555556

Residual: 0.624804709581311


epsilon: 6.0

m: 4.666666666666667

n: 45.77777777777778

Residual: 0.6160441728093417


epsilon: 6.0

m: 4.666666666666667

n: 50.0

Residual: 0.6082043988318583


epsilon: 6.0

m: 5.0

n: 12.0

Residual: 0.7097565928845423


epsilon: 6.0

m: 5.0

n: 16.22222222222222

Residual: 0.6392589329354748


epsilon: 6.0

m: 5.0

n: 20.444444444444443

Residual: 0.5919846708270041


epsilon: 6.0

m: 5.0

n: 24.666666666666668

Residual: 0.5574444195862477


epsilon: 6.0

m: 5.0

n: 28.88888888888889

Residual: 0.5317736225661857


epsilon: 6.0

m: 5.0

n: 33.111111111111114

Residual: 0.5107546352480263


epsilon: 6.0

m: 5.0

n: 37.333333333333336

Residual: 0.4941989477574266


epsilon: 6.0

m: 5.0

n: 41.55555555555556

Residual: 0.47925034784498044


epsilon: 6.0

m: 5.0

n: 45.77777777777778

Residual: 0.4676916522258495


epsilon: 6.0

m: 5.0

n: 50.0

Residual: 0.45762621708823276


epsilon: 6.0

m: 5.333333333333333

n: 12.0

Residual: 0.615614297388995


epsilon: 6.0

m: 5.333333333333333

n: 16.22222222222222

Residual: 0.5242416860110062


epsilon: 6.0

m: 5.333333333333333

n: 20.444444444444443

Residual: 0.4635444205346125


epsilon: 6.0

m: 5.333333333333333

n: 24.666666666666668

Residual: 0.41972787620993984


epsilon: 6.0

m: 5.333333333333333

n: 28.88888888888889

Residual: 0.3866255808357439


epsilon: 6.0

m: 5.333333333333333

n: 33.111111111111114

Residual: 0.3614187114611611


epsilon: 6.0

m: 5.333333333333333

n: 37.333333333333336

Residual: 0.34180745002565327


epsilon: 6.0

m: 5.333333333333333

n: 41.55555555555556

Residual: 0.3244896772632472


epsilon: 6.0

m: 5.333333333333333

n: 45.77777777777778

Residual: 0.31019830890327743


epsilon: 6.0

m: 5.333333333333333

n: 50.0

Residual: 0.29724676092022345


epsilon: 6.0

m: 5.666666666666666

n: 12.0

Residual: 0.5157600203929869


epsilon: 6.0

m: 5.666666666666666

n: 16.22222222222222

Residual: 0.40222423960385456


epsilon: 6.0

m: 5.666666666666666

n: 20.444444444444443

Residual: 0.3303564477232275


epsilon: 6.0

m: 5.666666666666666

n: 24.666666666666668

Residual: 0.27783597818820627


epsilon: 6.0

m: 5.666666666666666

n: 28.88888888888889

Residual: 0.24323247567186052


epsilon: 6.0

m: 5.666666666666666

n: 33.111111111111114

Residual: 0.20889907026117177


epsilon: 6.0

m: 5.666666666666666

n: 37.333333333333336

Residual: 0.18779846324277377


epsilon: 6.0

m: 5.666666666666666

n: 41.55555555555556

Residual: 0.16642282162439517


epsilon: 6.0

m: 5.666666666666666

n: 45.77777777777778

Residual: 0.1504395911454607


epsilon: 6.0

m: 5.666666666666666

n: 50.0

Residual: 0.13891592880593726


epsilon: 6.0

m: 6.0

n: 12.0

Residual: 0.4153976726390573


epsilon: 6.0

m: 6.0

n: 16.22222222222222

Residual: 0.28490361783428597


epsilon: 6.0

m: 6.0

n: 20.444444444444443

Residual: 0.20589971999540332


epsilon: 6.0

m: 6.0

n: 24.666666666666668

Residual: 0.1627671926344728


epsilon: 6.0

m: 6.0

n: 28.88888888888889

Residual: 0.12934646649607168


epsilon: 6.0

m: 6.0

n: 33.111111111111114

Residual: 0.1095451210149718


epsilon: 6.0

m: 6.0

n: 37.333333333333336

Residual: 0.09708811966657721


epsilon: 6.0

m: 6.0

n: 41.55555555555556

Residual: 0.08220604481272463


epsilon: 6.0

m: 6.0

n: 45.77777777777778

Residual: 0.0800615263856862


epsilon: 6.0

m: 6.0

n: 50.0

Residual: 0.07283664823906312


epsilon: 6.0

m: 6.333333333333333

n: 12.0

Residual: 0.3280983140479954


epsilon: 6.0

m: 6.333333333333333

n: 16.22222222222222

Residual: 0.20981082797495204


epsilon: 6.0

m: 6.333333333333333

n: 20.444444444444443

Residual: 0.15077091873239035


epsilon: 6.0

m: 6.333333333333333

n: 24.666666666666668

Residual: 0.12615195836683454


epsilon: 6.0

m: 6.333333333333333

n: 28.88888888888889

Residual: 0.11111904046957372


epsilon: 6.0

m: 6.333333333333333

n: 33.111111111111114

Residual: 0.10327864847739218


epsilon: 6.0

m: 6.333333333333333

n: 37.333333333333336

Residual: 0.10650460773572282


epsilon: 6.0

m: 6.333333333333333

n: 41.55555555555556

Residual: 0.11376646881657546


epsilon: 6.0

m: 6.333333333333333

n: 45.77777777777778

Residual: 0.1269166959700456


epsilon: 6.0

m: 6.333333333333333

n: 50.0

Residual: 0.14437674980021742


epsilon: 6.0

m: 6.666666666666666

n: 12.0

Residual: 0.27132782773486125


epsilon: 6.0

m: 6.666666666666666

n: 16.22222222222222

Residual: 0.1764056607778428


epsilon: 6.0

m: 6.666666666666666

n: 20.444444444444443

Residual: 0.14463544763280264


epsilon: 6.0

m: 6.666666666666666

n: 24.666666666666668

Residual: 0.13856196154944045


epsilon: 6.0

m: 6.666666666666666

n: 28.88888888888889

Residual: 0.14530376334536516


epsilon: 6.0

m: 6.666666666666666

n: 33.111111111111114

Residual: 0.18149834450838784


epsilon: 6.0

m: 6.666666666666666

n: 37.333333333333336

Residual: 0.20388423177915613


epsilon: 6.0

m: 6.666666666666666

n: 41.55555555555556

Residual: 0.21691666003183202


epsilon: 6.0

m: 6.666666666666666

n: 45.77777777777778

Residual: 0.24192013580113092


epsilon: 6.0

m: 6.666666666666666

n: 50.0

Residual: 0.2634737964069596


epsilon: 6.0

m: 7.0

n: 12.0

Residual: 0.23751200365225697


epsilon: 6.0

m: 7.0

n: 16.22222222222222

Residual: 0.17060092267007998


epsilon: 6.0

m: 7.0

n: 20.444444444444443

Residual: 0.17021856087500528


epsilon: 6.0

m: 7.0

n: 24.666666666666668

Residual: 0.19457794438336226


epsilon: 6.0

m: 7.0

n: 28.88888888888889

Residual: 0.24084326953231922


epsilon: 6.0

m: 7.0

n: 33.111111111111114

Residual: 0.274160178105753


epsilon: 6.0

m: 7.0

n: 37.333333333333336

Residual: 0.29372087454199075


epsilon: 6.0

m: 7.0

n: 41.55555555555556

Residual: 0.31951339180139887


epsilon: 6.0

m: 7.0

n: 45.77777777777778

Residual: 0.3426842639592328


epsilon: 6.0

m: 7.0

n: 50.0

Residual: 0.3453342260166437


