epsilon: 0.1

m: 3.0

Residual: 0.3897574580000622


epsilon: 0.1

m: 3.0

Residual: 0.3897618443297915


epsilon: 0.1

m: 3.1666666666666665

Residual: 0.39276893654002354


epsilon: 0.1

m: 3.3333333333333335

Residual: 0.42433786407696394


epsilon: 0.1

m: 3.5

Residual: 0.4795252949741788


epsilon: 0.1

m: 3.6666666666666665

Residual: 0.5509941526820904


epsilon: 0.1

m: 3.833333333333333

Residual: 0.629753645168076


epsilon: 0.1

m: 4.0

Residual: 0.70391445446788


epsilon: 0.1

m: 4.166666666666666

Residual: 0.7632347251597354


epsilon: 0.1

m: 4.333333333333333

Residual: 0.810085621493937


epsilon: 0.1

m: 4.5

Residual: 0.8470165546908907


epsilon: 0.1

m: 4.666666666666666

Residual: 0.8756452636442462


epsilon: 0.1

m: 4.833333333333333

Residual: 0.8980983168910105


epsilon: 0.1

m: 5.0

Residual: 0.9158765846903159


epsilon: 0.1

m: 5.166666666666666

Residual: 0.930044321348818


epsilon: 0.1

m: 5.333333333333333

Residual: 0.9411489211969294


epsilon: 0.1

m: 5.5

Residual: 0.9502456541604527


epsilon: 0.1

m: 5.666666666666666

Residual: 0.9574333567250009


epsilon: 0.1

m: 5.833333333333333

Residual: 0.9633095019692705


epsilon: 0.1

m: 6.0

Residual: 0.9682455435169277


epsilon: 0.1

m: 6.166666666666666

Residual: 0.9719566799524181


epsilon: 0.1

m: 6.333333333333333

Residual: 0.9751683535393874


epsilon: 0.1

m: 6.5

Residual: 0.9784866114041554


epsilon: 0.1

m: 6.666666666666666

Residual: 0.9805030776529305


epsilon: 0.1

m: 6.833333333333333

Residual: 0.9824458750158771


epsilon: 0.1

m: 7.0

Residual: 0.9842343531140892


epsilon: 0.3458333333333333

m: 3.0

Residual: 0.570807153045779


epsilon: 0.3458333333333333

m: 3.1666666666666665

Residual: 0.48279608675859


epsilon: 0.3458333333333333

m: 3.3333333333333335

Residual: 0.4055379945149681


epsilon: 0.3458333333333333

m: 3.5

Residual: 0.3458244947103208


epsilon: 0.3458333333333333

m: 3.6666666666666665

Residual: 0.31191635593769507


epsilon: 0.3458333333333333

m: 3.833333333333333

Residual: 0.30811562206328275


epsilon: 0.3458333333333333

m: 4.0

Residual: 0.3355439339610437


epsilon: 0.3458333333333333

m: 4.166666666666666

Residual: 0.3918327301245673


epsilon: 0.3458333333333333

m: 4.333333333333333

Residual: 0.46955388904975554


epsilon: 0.3458333333333333

m: 4.5

Residual: 0.5543873643669126


epsilon: 0.3458333333333333

m: 4.666666666666666

Residual: 0.6271027112462099


epsilon: 0.3458333333333333

m: 4.833333333333333

Residual: 0.687307318746034


epsilon: 0.3458333333333333

m: 5.0

Residual: 0.7366475433979279


epsilon: 0.3458333333333333

m: 5.166666666666666

Residual: 0.7768716649610183


epsilon: 0.3458333333333333

m: 5.333333333333333

Residual: 0.810871055420686


epsilon: 0.3458333333333333

m: 5.5

Residual: 0.8373630482889995


epsilon: 0.3458333333333333

m: 5.666666666666666

Residual: 0.859920334032075


epsilon: 0.3458333333333333

m: 5.833333333333333

Residual: 0.8781022491488405


epsilon: 0.3458333333333333

m: 6.0

Residual: 0.8936164451004812


epsilon: 0.3458333333333333

m: 6.166666666666666

Residual: 0.9069271228828197


epsilon: 0.3458333333333333

m: 6.333333333333333

Residual: 0.9176365579270028


epsilon: 0.3458333333333333

m: 6.5

Residual: 0.9270888801073919


epsilon: 0.3458333333333333

m: 6.666666666666666

Residual: 0.9343933328021674


epsilon: 0.3458333333333333

m: 6.833333333333333

Residual: 0.9414977156966629


epsilon: 0.3458333333333333

m: 7.0

Residual: 0.9464668165269858


epsilon: 0.5916666666666667

m: 3.0

Residual: 0.7159959336645875


epsilon: 0.5916666666666667

m: 3.1666666666666665

Residual: 0.6288806138337594


epsilon: 0.5916666666666667

m: 3.3333333333333335

Residual: 0.5337150634207726


epsilon: 0.5916666666666667

m: 3.5

Residual: 0.4433111183259336


epsilon: 0.5916666666666667

m: 3.6666666666666665

Residual: 0.36307464796021255


epsilon: 0.5916666666666667

m: 3.833333333333333

Residual: 0.30187255616984615


epsilon: 0.5916666666666667

m: 4.0

Residual: 0.26576209195626255


epsilon: 0.5916666666666667

m: 4.166666666666666

Residual: 0.2606166737383821


epsilon: 0.5916666666666667

m: 4.333333333333333

Residual: 0.28953513368618455


epsilon: 0.5916666666666667

m: 4.5

Residual: 0.35125511769144036


epsilon: 0.5916666666666667

m: 4.666666666666666

Residual: 0.4364761426039147


epsilon: 0.5916666666666667

m: 4.833333333333333

Residual: 0.5186534269922016


epsilon: 0.5916666666666667

m: 5.0

Residual: 0.588149475834462


epsilon: 0.5916666666666667

m: 5.166666666666666

Residual: 0.6468717563571807


epsilon: 0.5916666666666667

m: 5.333333333333333

Residual: 0.695398648467252


epsilon: 0.5916666666666667

m: 5.5

Residual: 0.7372364044559468


epsilon: 0.5916666666666667

m: 5.666666666666666

Residual: 0.7713069694175387


epsilon: 0.5916666666666667

m: 5.833333333333333

Residual: 0.8016453860203218


epsilon: 0.5916666666666667

m: 6.0

Residual: 0.8247196489152901


epsilon: 0.5916666666666667

m: 6.166666666666666

Residual: 0.8454374119233438


epsilon: 0.5916666666666667

m: 6.333333333333333

Residual: 0.8638006073706884


epsilon: 0.5916666666666667

m: 6.5

Residual: 0.8786548528313015


epsilon: 0.5916666666666667

m: 6.666666666666666

Residual: 0.890129290401569


epsilon: 0.5916666666666667

m: 6.833333333333333

Residual: 0.9006636018471603


epsilon: 0.5916666666666667

m: 7.0

Residual: 0.9097707836636917


epsilon: 0.8375

m: 3.0

Residual: 0.7906282370065616


epsilon: 0.8375

m: 3.1666666666666665

Residual: 0.7226855157598447


epsilon: 0.8375

m: 3.3333333333333335

Residual: 0.6399201455845525


epsilon: 0.8375

m: 3.5

Residual: 0.5437033462925844


epsilon: 0.8375

m: 3.6666666666666665

Residual: 0.44880479732763207


epsilon: 0.8375

m: 3.833333333333333

Residual: 0.3618379907191182


epsilon: 0.8375

m: 4.0

Residual: 0.29093645970176923


epsilon: 0.8375

m: 4.166666666666666

Residual: 0.24237651029346188


epsilon: 0.8375

m: 4.333333333333333

Residual: 0.2235058221512964


epsilon: 0.8375

m: 4.5

Residual: 0.24015720024017417


epsilon: 0.8375

m: 4.666666666666666

Residual: 0.29590218576998895


epsilon: 0.8375

m: 4.833333333333333

Residual: 0.3800561205709527


epsilon: 0.8375

m: 5.0

Residual: 0.46199507044642385


epsilon: 0.8375

m: 5.166666666666666

Residual: 0.5329495476167494


epsilon: 0.8375

m: 5.333333333333333

Residual: 0.5951520016890967


epsilon: 0.8375

m: 5.5

Residual: 0.64790696770885


epsilon: 0.8375

m: 5.666666666666666

Residual: 0.6921313078100064


epsilon: 0.8375

m: 5.833333333333333

Residual: 0.7291109833041447


epsilon: 0.8375

m: 6.0

Residual: 0.7617992415447891


epsilon: 0.8375

m: 6.166666666666666

Residual: 0.7885975876322854


epsilon: 0.8375

m: 6.333333333333333

Residual: 0.8108193381585562


epsilon: 0.8375

m: 6.5

Residual: 0.8320610587637989


epsilon: 0.8375

m: 6.666666666666666

Residual: 0.8487010770662088


epsilon: 0.8375

m: 6.833333333333333

Residual: 0.8637248425395018


epsilon: 0.8375

m: 7.0

Residual: 0.8762564691875367


epsilon: 1.0833333333333335

m: 3.0

Residual: 0.8342081489067562


epsilon: 1.0833333333333335

m: 3.1666666666666665

Residual: 0.7786547429310916


epsilon: 1.0833333333333335

m: 3.3333333333333335

Residual: 0.70982449823993


epsilon: 1.0833333333333335

m: 3.5

Residual: 0.6269260720566922


epsilon: 1.0833333333333335

m: 3.6666666666666665

Residual: 0.5306052531091997


epsilon: 1.0833333333333335

m: 3.833333333333333

Residual: 0.43354574315007127


epsilon: 1.0833333333333335

m: 4.0

Residual: 0.3442833805930148


epsilon: 1.0833333333333335

m: 4.166666666666666

Residual: 0.2705663927550972


epsilon: 1.0833333333333335

m: 4.333333333333333

Residual: 0.2178777351676571


epsilon: 1.0833333333333335

m: 4.5

Residual: 0.19549453815930218


epsilon: 1.0833333333333335

m: 4.666666666666666

Residual: 0.21035390305657192


epsilon: 1.0833333333333335

m: 4.833333333333333

Residual: 0.2682572239928374


epsilon: 1.0833333333333335

m: 5.0

Residual: 0.35584366223426633


epsilon: 1.0833333333333335

m: 5.166666666666666

Residual: 0.43618130285863405


epsilon: 1.0833333333333335

m: 5.333333333333333

Residual: 0.5063319870974352


epsilon: 1.0833333333333335

m: 5.5

Residual: 0.5677919716027656


epsilon: 1.0833333333333335

m: 5.666666666666666

Residual: 0.6195333512639856


epsilon: 1.0833333333333335

m: 5.833333333333333

Residual: 0.662541329851773


epsilon: 1.0833333333333335

m: 6.0

Residual: 0.7016303191891385


epsilon: 1.0833333333333335

m: 6.166666666666666

Residual: 0.7343795769581157


epsilon: 1.0833333333333335

m: 6.333333333333333

Residual: 0.7620740963871919


epsilon: 1.0833333333333335

m: 6.5

Residual: 0.7874039469921612


epsilon: 1.0833333333333335

m: 6.666666666666666

Residual: 0.8083428642049174


epsilon: 1.0833333333333335

m: 6.833333333333333

Residual: 0.8252954028515679


epsilon: 1.0833333333333335

m: 7.0

Residual: 0.8441393762377791


epsilon: 1.3291666666666668

m: 3.0

Residual: 0.8627579938958945


epsilon: 1.3291666666666668

m: 3.1666666666666665

Residual: 0.8158491645572518


epsilon: 1.3291666666666668

m: 3.3333333333333335

Residual: 0.7569360633456019


epsilon: 1.3291666666666668

m: 3.5

Residual: 0.6850656449951084


epsilon: 1.3291666666666668

m: 3.6666666666666665

Residual: 0.6000571540943854


epsilon: 1.3291666666666668

m: 3.833333333333333

Residual: 0.503018682124152


epsilon: 1.3291666666666668

m: 4.0

Residual: 0.40434480560366043


epsilon: 1.3291666666666668

m: 4.166666666666666

Residual: 0.3159962371954487


epsilon: 1.3291666666666668

m: 4.333333333333333

Residual: 0.2417418185616154


epsilon: 1.3291666666666668

m: 4.5

Residual: 0.19123256726170726


epsilon: 1.3291666666666668

m: 4.666666666666666

Residual: 0.1704539599524196


epsilon: 1.3291666666666668

m: 4.833333333333333

Residual: 0.19228243486370467


epsilon: 1.3291666666666668

m: 5.0

Residual: 0.263522961448961


epsilon: 1.3291666666666668

m: 5.166666666666666

Residual: 0.35079399633913894


epsilon: 1.3291666666666668

m: 5.333333333333333

Residual: 0.42636945650972186


epsilon: 1.3291666666666668

m: 5.5

Residual: 0.4940270156099358


epsilon: 1.3291666666666668

m: 5.666666666666666

Residual: 0.5500048237904589


epsilon: 1.3291666666666668

m: 5.833333333333333

Residual: 0.6025587158721016


epsilon: 1.3291666666666668

m: 6.0

Residual: 0.6484430841988098


epsilon: 1.3291666666666668

m: 6.166666666666666

Residual: 0.6828319814227763


epsilon: 1.3291666666666668

m: 6.333333333333333

Residual: 0.7151097792886417


epsilon: 1.3291666666666668

m: 6.5

Residual: 0.7479983663799454


epsilon: 1.3291666666666668

m: 6.666666666666666

Residual: 0.7688748090310035


epsilon: 1.3291666666666668

m: 6.833333333333333

Residual: 0.7926014489360582


epsilon: 1.3291666666666668

m: 7.0

Residual: 0.8120797919246382


epsilon: 1.5750000000000002

m: 3.0

Residual: 0.8829217106937212


epsilon: 1.5750000000000002

m: 3.1666666666666665

Residual: 0.842307838378288


epsilon: 1.5750000000000002

m: 3.3333333333333335

Residual: 0.7909132351162794


epsilon: 1.5750000000000002

m: 3.5

Residual: 0.72757258412959


epsilon: 1.5750000000000002

m: 3.6666666666666665

Residual: 0.6515975487196259


epsilon: 1.5750000000000002

m: 3.833333333333333

Residual: 0.5635752515447932


epsilon: 1.5750000000000002

m: 4.0

Residual: 0.46474818079365693


epsilon: 1.5750000000000002

m: 4.166666666666666

Residual: 0.3668996318308218


epsilon: 1.5750000000000002

m: 4.333333333333333

Residual: 0.28042232167530556


epsilon: 1.5750000000000002

m: 4.5

Residual: 0.20977142581202457


epsilon: 1.5750000000000002

m: 4.666666666666666

Residual: 0.16359197209660917


epsilon: 1.5750000000000002

m: 4.833333333333333

Residual: 0.15063565621065372


epsilon: 1.5750000000000002

m: 5.0

Residual: 0.18813208559462755


epsilon: 1.5750000000000002

m: 5.166666666666666

Residual: 0.2727986551462938


epsilon: 1.5750000000000002

m: 5.333333333333333

Residual: 0.35304761869437085


epsilon: 1.5750000000000002

m: 5.5

Residual: 0.4269415017300484


epsilon: 1.5750000000000002

m: 5.666666666666666

Residual: 0.48781606426269913


epsilon: 1.5750000000000002

m: 5.833333333333333

Residual: 0.5458307971055248


epsilon: 1.5750000000000002

m: 6.0

Residual: 0.5928443123216164


epsilon: 1.5750000000000002

m: 6.166666666666666

Residual: 0.6341552451852633


epsilon: 1.5750000000000002

m: 6.333333333333333

Residual: 0.6714923119910723


epsilon: 1.5750000000000002

m: 6.5

Residual: 0.705431761413648


epsilon: 1.5750000000000002

m: 6.666666666666666

Residual: 0.7336176551951381


epsilon: 1.5750000000000002

m: 6.833333333333333

Residual: 0.7575877806949411


epsilon: 1.5750000000000002

m: 7.0

Residual: 0.7791577163332896


epsilon: 1.8208333333333335

m: 3.0

Residual: 0.8979183413505308


epsilon: 1.8208333333333335

m: 3.1666666666666665

Residual: 0.862154763332077


epsilon: 1.8208333333333335

m: 3.3333333333333335

Residual: 0.8165394346335307


epsilon: 1.8208333333333335

m: 3.5

Residual: 0.7599071498718545


epsilon: 1.8208333333333335

m: 3.6666666666666665

Residual: 0.6913580957263123


epsilon: 1.8208333333333335

m: 3.833333333333333

Residual: 0.6110909914041307


epsilon: 1.8208333333333335

m: 4.0

Residual: 0.5198002537295608


epsilon: 1.8208333333333335

m: 4.166666666666666

Residual: 0.41915180252749484


epsilon: 1.8208333333333335

m: 4.333333333333333

Residual: 0.3242285498767967


epsilon: 1.8208333333333335

m: 4.5

Residual: 0.2413642451358683


epsilon: 1.8208333333333335

m: 4.666666666666666

Residual: 0.1751701253897158


epsilon: 1.8208333333333335

m: 4.833333333333333

Residual: 0.13639913175110827


epsilon: 1.8208333333333335

m: 5.0

Residual: 0.13953397585085295


epsilon: 1.8208333333333335

m: 5.166666666666666

Residual: 0.20433558315394323


epsilon: 1.8208333333333335

m: 5.333333333333333

Residual: 0.28868176635592313


epsilon: 1.8208333333333335

m: 5.5

Residual: 0.36501616190341707


epsilon: 1.8208333333333335

m: 5.666666666666666

Residual: 0.4333555827596028


epsilon: 1.8208333333333335

m: 5.833333333333333

Residual: 0.4946345712791142


epsilon: 1.8208333333333335

m: 6.0

Residual: 0.5444280174387117


epsilon: 1.8208333333333335

m: 6.166666666666666

Residual: 0.5898376494133785


epsilon: 1.8208333333333335

m: 6.333333333333333

Residual: 0.6315777419248102


epsilon: 1.8208333333333335

m: 6.5

Residual: 0.6682513792701262


epsilon: 1.8208333333333335

m: 6.666666666666666

Residual: 0.699090467644269


epsilon: 1.8208333333333335

m: 6.833333333333333

Residual: 0.7254531321406016


epsilon: 1.8208333333333335

m: 7.0

Residual: 0.7498967397141646


epsilon: 2.066666666666667

m: 3.0

Residual: 0.9095178314865576


epsilon: 2.066666666666667

m: 3.1666666666666665

Residual: 0.8775320869054825


epsilon: 2.066666666666667

m: 3.3333333333333335

Residual: 0.8365909617804179


epsilon: 2.066666666666667

m: 3.5

Residual: 0.7854158370892186


epsilon: 2.066666666666667

m: 3.6666666666666665

Residual: 0.7230356733336739


epsilon: 2.066666666666667

m: 3.833333333333333

Residual: 0.6492138029099609


epsilon: 2.066666666666667

m: 4.0

Residual: 0.5644212454486672


epsilon: 2.066666666666667

m: 4.166666666666666

Residual: 0.47019468493653227


epsilon: 2.066666666666667

m: 4.333333333333333

Residual: 0.3695646195468508


epsilon: 2.066666666666667

m: 4.5

Residual: 0.2776513677343373


epsilon: 2.066666666666667

m: 4.666666666666666

Residual: 0.19851519163850878


epsilon: 2.066666666666667

m: 4.833333333333333

Residual: 0.1411388962350226


epsilon: 2.066666666666667

m: 5.0

Residual: 0.11431742846768018


epsilon: 2.066666666666667

m: 5.166666666666666

Residual: 0.14480123563894123


epsilon: 2.066666666666667

m: 5.333333333333333

Residual: 0.23061958858092887


epsilon: 2.066666666666667

m: 5.5

Residual: 0.30940570083357943


epsilon: 2.066666666666667

m: 5.666666666666666

Residual: 0.3808392599916815


epsilon: 2.066666666666667

m: 5.833333333333333

Residual: 0.4410907854109261


epsilon: 2.066666666666667

m: 6.0

Residual: 0.49900292528088536


epsilon: 2.066666666666667

m: 6.166666666666666

Residual: 0.5481018047684368


epsilon: 2.066666666666667

m: 6.333333333333333

Residual: 0.5888568184629971


epsilon: 2.066666666666667

m: 6.5

Residual: 0.6284639202006802


epsilon: 2.066666666666667

m: 6.666666666666666

Residual: 0.6624252165081367


epsilon: 2.066666666666667

m: 6.833333333333333

Residual: 0.6907935986585532


epsilon: 2.066666666666667

m: 7.0

Residual: 0.7173943160991652


epsilon: 2.3125000000000004

m: 3.0

Residual: 0.9187397191851928


epsilon: 2.3125000000000004

m: 3.1666666666666665

Residual: 0.8898407330613979


epsilon: 2.3125000000000004

m: 3.3333333333333335

Residual: 0.8526856295892609


epsilon: 2.3125000000000004

m: 3.5

Residual: 0.8059736352748155


epsilon: 2.3125000000000004

m: 3.6666666666666665

Residual: 0.748789501167276


epsilon: 2.3125000000000004

m: 3.833333333333333

Residual: 0.6805691594864594


epsilon: 2.3125000000000004

m: 4.0

Residual: 0.6015502278096514


epsilon: 2.3125000000000004

m: 4.166666666666666

Residual: 0.5127221434752876


epsilon: 2.3125000000000004

m: 4.333333333333333

Residual: 0.4161205047271471


epsilon: 2.3125000000000004

m: 4.5

Residual: 0.3176654109881748


epsilon: 2.3125000000000004

m: 4.666666666666666

Residual: 0.22890601818352324


epsilon: 2.3125000000000004

m: 4.833333333333333

Residual: 0.15872748020083347


epsilon: 2.3125000000000004

m: 5.0

Residual: 0.11015426472495002


epsilon: 2.3125000000000004

m: 5.166666666666666

Residual: 0.10259292698858932


epsilon: 2.3125000000000004

m: 5.333333333333333

Residual: 0.17750909141887353


epsilon: 2.3125000000000004

m: 5.5

Residual: 0.2557082962059178


epsilon: 2.3125000000000004

m: 5.666666666666666

Residual: 0.3303803320395855


epsilon: 2.3125000000000004

m: 5.833333333333333

Residual: 0.3941997827127144


epsilon: 2.3125000000000004

m: 6.0

Residual: 0.45675023512534996


epsilon: 2.3125000000000004

m: 6.166666666666666

Residual: 0.505434340216044


epsilon: 2.3125000000000004

m: 6.333333333333333

Residual: 0.5511351690659525


epsilon: 2.3125000000000004

m: 6.5

Residual: 0.5913518033275946


epsilon: 2.3125000000000004

m: 6.666666666666666

Residual: 0.6306573207496521


epsilon: 2.3125000000000004

m: 6.833333333333333

Residual: 0.659096846788717


epsilon: 2.3125000000000004

m: 7.0

Residual: 0.6888884350277809


epsilon: 2.5583333333333336

m: 3.0

Residual: 0.9262657481689159


epsilon: 2.5583333333333336

m: 3.1666666666666665

Residual: 0.8998963778536972


epsilon: 2.5583333333333336

m: 3.3333333333333335

Residual: 0.8658767865891662


epsilon: 2.5583333333333336

m: 3.5

Residual: 0.8229657937404311


epsilon: 2.5583333333333336

m: 3.6666666666666665

Residual: 0.7701235064261035


epsilon: 2.5583333333333336

m: 3.833333333333333

Residual: 0.7067351289551338


epsilon: 2.5583333333333336

m: 4.0

Residual: 0.6326775358484602


epsilon: 2.5583333333333336

m: 4.166666666666666

Residual: 0.5492387474992801


epsilon: 2.5583333333333336

m: 4.333333333333333

Residual: 0.4571818013985076


epsilon: 2.5583333333333336

m: 4.5

Residual: 0.3594262865555732


epsilon: 2.5583333333333336

m: 4.666666666666666

Residual: 0.2642929043206855


epsilon: 2.5583333333333336

m: 4.833333333333333

Residual: 0.18377319395763006


epsilon: 2.5583333333333336

m: 5.0

Residual: 0.11993027889032631


epsilon: 2.5583333333333336

m: 5.166666666666666

Residual: 0.08679098970019769


epsilon: 2.5583333333333336

m: 5.333333333333333

Residual: 0.1267997361938977


epsilon: 2.5583333333333336

m: 5.5

Residual: 0.20812003590227068


epsilon: 2.5583333333333336

m: 5.666666666666666

Residual: 0.2858212859073735


epsilon: 2.5583333333333336

m: 5.833333333333333

Residual: 0.35206929351106603


epsilon: 2.5583333333333336

m: 6.0

Residual: 0.41234259149915525


epsilon: 2.5583333333333336

m: 6.166666666666666

Residual: 0.46636360089977824


epsilon: 2.5583333333333336

m: 6.333333333333333

Residual: 0.5184499227938996


epsilon: 2.5583333333333336

m: 6.5

Residual: 0.5594674537448662


epsilon: 2.5583333333333336

m: 6.666666666666666

Residual: 0.5974432702278687


epsilon: 2.5583333333333336

m: 6.833333333333333

Residual: 0.6322264437738931


epsilon: 2.5583333333333336

m: 7.0

Residual: 0.6647964549485437


epsilon: 2.8041666666666667

m: 3.0

Residual: 0.93250741956553


epsilon: 2.8041666666666667

m: 3.1666666666666665

Residual: 0.9082749677431238


epsilon: 2.8041666666666667

m: 3.3333333333333335

Residual: 0.8769394305136659


epsilon: 2.8041666666666667

m: 3.5

Residual: 0.8372404390128116


epsilon: 2.8041666666666667

m: 3.6666666666666665

Residual: 0.7881501373250508


epsilon: 2.8041666666666667

m: 3.833333333333333

Residual: 0.7289810785817596


epsilon: 2.8041666666666667

m: 4.0

Residual: 0.6594835431064346


epsilon: 2.8041666666666667

m: 4.166666666666666

Residual: 0.5802390098174938


epsilon: 2.8041666666666667

m: 4.333333333333333

Residual: 0.49258199527224217


epsilon: 2.8041666666666667

m: 4.5

Residual: 0.39857508407218906


epsilon: 2.8041666666666667

m: 4.666666666666666

Residual: 0.3008481455500762


epsilon: 2.8041666666666667

m: 4.833333333333333

Residual: 0.21155664661303317


epsilon: 2.8041666666666667

m: 5.0

Residual: 0.13777380711994128


epsilon: 2.8041666666666667

m: 5.166666666666666

Residual: 0.08596408879122966


epsilon: 2.8041666666666667

m: 5.333333333333333

Residual: 0.08202820082021431


epsilon: 2.8041666666666667

m: 5.5

Residual: 0.1659836735953048


epsilon: 2.8041666666666667

m: 5.666666666666666

Residual: 0.2452992277982896


epsilon: 2.8041666666666667

m: 5.833333333333333

Residual: 0.31209272447304565


epsilon: 2.8041666666666667

m: 6.0

Residual: 0.3759035050286701


epsilon: 2.8041666666666667

m: 6.166666666666666

Residual: 0.43245280298145633


epsilon: 2.8041666666666667

m: 6.333333333333333

Residual: 0.4843129512222373


epsilon: 2.8041666666666667

m: 6.5

Residual: 0.5294499114336301


epsilon: 2.8041666666666667

m: 6.666666666666666

Residual: 0.561827574408442


epsilon: 2.8041666666666667

m: 6.833333333333333

Residual: 0.6028969341796057


epsilon: 2.8041666666666667

m: 7.0

Residual: 0.627807681985965


epsilon: 3.0500000000000003

m: 3.0

Residual: 0.9377791533924056


epsilon: 3.0500000000000003

m: 3.1666666666666665

Residual: 0.9153426974281201


epsilon: 3.0500000000000003

m: 3.3333333333333335

Residual: 0.8862785580148728


epsilon: 3.0500000000000003

m: 3.5

Residual: 0.8493873555424138


epsilon: 3.0500000000000003

m: 3.6666666666666665

Residual: 0.8035712856285997


epsilon: 3.0500000000000003

m: 3.833333333333333

Residual: 0.7480001443098675


epsilon: 3.0500000000000003

m: 4.0

Residual: 0.6826323944840023


epsilon: 3.0500000000000003

m: 4.166666666666666

Residual: 0.6074585118282616


epsilon: 3.0500000000000003

m: 4.333333333333333

Residual: 0.5238903258381078


epsilon: 3.0500000000000003

m: 4.5

Residual: 0.43348820814538097


epsilon: 3.0500000000000003

m: 4.666666666666666

Residual: 0.33827198316231233


epsilon: 3.0500000000000003

m: 4.833333333333333

Residual: 0.24350764113547238


epsilon: 3.0500000000000003

m: 5.0

Residual: 0.16009059439042833


epsilon: 3.0500000000000003

m: 5.166666666666666

Residual: 0.09654382328377926


epsilon: 3.0500000000000003

m: 5.333333333333333

Residual: 0.06059345682160525


epsilon: 3.0500000000000003

m: 5.5

Residual: 0.1235027138817966


epsilon: 3.0500000000000003

m: 5.666666666666666

Residual: 0.20212638581963374


epsilon: 3.0500000000000003

m: 5.833333333333333

Residual: 0.27436532501410565


epsilon: 3.0500000000000003

m: 6.0

Residual: 0.336882503502909


epsilon: 3.0500000000000003

m: 6.166666666666666

Residual: 0.40125220308490545


epsilon: 3.0500000000000003

m: 6.333333333333333

Residual: 0.4473728766643404


epsilon: 3.0500000000000003

m: 6.5

Residual: 0.4968849699915307


epsilon: 3.0500000000000003

m: 6.666666666666666

Residual: 0.5409330646406237


epsilon: 3.0500000000000003

m: 6.833333333333333

Residual: 0.5786384071783759


epsilon: 3.0500000000000003

m: 7.0

Residual: 0.6070111348236459


epsilon: 3.295833333333334

m: 3.0

Residual: 0.9422824020317261


epsilon: 3.295833333333334

m: 3.1666666666666665

Residual: 0.921418015739954


epsilon: 3.295833333333334

m: 3.3333333333333335

Residual: 0.8943201731014113


epsilon: 3.295833333333334

m: 3.5

Residual: 0.8598393852344436


epsilon: 3.295833333333334

m: 3.6666666666666665

Residual: 0.816820153294591


epsilon: 3.295833333333334

m: 3.833333333333333

Residual: 0.7645968015709228


epsilon: 3.295833333333334

m: 4.0

Residual: 0.7027103914870724


epsilon: 3.295833333333334

m: 4.166666666666666

Residual: 0.6312018743788862


epsilon: 3.295833333333334

m: 4.333333333333333

Residual: 0.5511728081256053


epsilon: 3.295833333333334

m: 4.5

Residual: 0.4643691927405492


epsilon: 3.295833333333334

m: 4.666666666666666

Residual: 0.37214906868891157


epsilon: 3.295833333333334

m: 4.833333333333333

Residual: 0.2774347287135426


epsilon: 3.295833333333334

m: 5.0

Residual: 0.18809344810402892


epsilon: 3.295833333333334

m: 5.166666666666666

Residual: 0.11305270030409396


epsilon: 3.295833333333334

m: 5.333333333333333

Residual: 0.06035518029132958


epsilon: 3.295833333333334

m: 5.5

Residual: 0.08655533942291696


epsilon: 3.295833333333334

m: 5.666666666666666

Residual: 0.16475576413944976


epsilon: 3.295833333333334

m: 5.833333333333333

Residual: 0.23544781355689257


epsilon: 3.295833333333334

m: 6.0

Residual: 0.30517306417651646


epsilon: 3.295833333333334

m: 6.166666666666666

Residual: 0.3650107305218333


epsilon: 3.295833333333334

m: 6.333333333333333

Residual: 0.4185660191665605


epsilon: 3.295833333333334

m: 6.5

Residual: 0.4674885611647176


epsilon: 3.295833333333334

m: 6.666666666666666

Residual: 0.5048061973177009


epsilon: 3.295833333333334

m: 6.833333333333333

Residual: 0.548789889499593


epsilon: 3.295833333333334

m: 7.0

Residual: 0.5858276437851477


epsilon: 3.541666666666667

m: 3.0

Residual: 0.9461835880485565


epsilon: 3.541666666666667

m: 3.1666666666666665

Residual: 0.9266728834650997


epsilon: 3.541666666666667

m: 3.3333333333333335

Residual: 0.9012790197884437


epsilon: 3.541666666666667

m: 3.5

Residual: 0.8689126199335888


epsilon: 3.541666666666667

m: 3.6666666666666665

Residual: 0.8284838161270914


epsilon: 3.541666666666667

m: 3.833333333333333

Residual: 0.7791816427103336


epsilon: 3.541666666666667

m: 4.0

Residual: 0.720465729011651


epsilon: 3.541666666666667

m: 4.166666666666666

Residual: 0.6524547887952031


epsilon: 3.541666666666667

m: 4.333333333333333

Residual: 0.575880952601671


epsilon: 3.541666666666667

m: 4.5

Residual: 0.4921683044159253


epsilon: 3.541666666666667

m: 4.666666666666666

Residual: 0.402507369160921


epsilon: 3.541666666666667

m: 4.833333333333333

Residual: 0.30977297967108364


epsilon: 3.541666666666667

m: 5.0

Residual: 0.21631674192152311


epsilon: 3.541666666666667

m: 5.166666666666666

Residual: 0.13470188995149174


epsilon: 3.541666666666667

m: 5.333333333333333

Residual: 0.07053950933208569


epsilon: 3.541666666666667

m: 5.5

Residual: 0.050137971819882464


epsilon: 3.541666666666667

m: 5.666666666666666

Residual: 0.1306711531024168


epsilon: 3.541666666666667

m: 5.833333333333333

Residual: 0.2021924142344578


epsilon: 3.541666666666667

m: 6.0

Residual: 0.27031532125624785


epsilon: 3.541666666666667

m: 6.166666666666666

Residual: 0.33289609989170627


epsilon: 3.541666666666667

m: 6.333333333333333

Residual: 0.387918026266781


epsilon: 3.541666666666667

m: 6.5

Residual: 0.43969095818731874


epsilon: 3.541666666666667

m: 6.666666666666666

Residual: 0.4848402525262019


epsilon: 3.541666666666667

m: 6.833333333333333

Residual: 0.52372265017287


epsilon: 3.541666666666667

m: 7.0

Residual: 0.56015214399229


epsilon: 3.7875

m: 3.0

Residual: 0.9495929188814396


epsilon: 3.7875

m: 3.1666666666666665

Residual: 0.93126256132531


epsilon: 3.7875

m: 3.3333333333333335

Residual: 0.9073928123263049


epsilon: 3.7875

m: 3.5

Residual: 0.8768933766483411


epsilon: 3.7875

m: 3.6666666666666665

Residual: 0.8387155250059847


epsilon: 3.7875

m: 3.833333333333333

Residual: 0.7920428937341828


epsilon: 3.7875

m: 4.0

Residual: 0.7361949714352523


epsilon: 3.7875

m: 4.166666666666666

Residual: 0.6713473615449446


epsilon: 3.7875

m: 4.333333333333333

Residual: 0.5980334917809389


epsilon: 3.7875

m: 4.5

Residual: 0.5169145734266488


epsilon: 3.7875

m: 4.666666666666666

Residual: 0.4304400073572813


epsilon: 3.7875

m: 4.833333333333333

Residual: 0.34029658403746244


epsilon: 3.7875

m: 5.0

Residual: 0.2493575378845027


epsilon: 3.7875

m: 5.166666666666666

Residual: 0.1603933590917985


epsilon: 3.7875

m: 5.333333333333333

Residual: 0.08658781018058588


epsilon: 3.7875

m: 5.5

Residual: 0.03883019231287151


epsilon: 3.7875

m: 5.666666666666666

Residual: 0.09715581799424781


epsilon: 3.7875

m: 5.833333333333333

Residual: 0.16965547971764056


epsilon: 3.7875

m: 6.0

Residual: 0.24029234359207538


epsilon: 3.7875

m: 6.166666666666666

Residual: 0.3002939401095091


epsilon: 3.7875

m: 6.333333333333333

Residual: 0.3575184521396146


epsilon: 3.7875

m: 6.5

Residual: 0.4121170472637682


epsilon: 3.7875

m: 6.666666666666666

Residual: 0.45926627064799425


epsilon: 3.7875

m: 6.833333333333333

Residual: 0.500840707669301


epsilon: 3.7875

m: 7.0

Residual: 0.5348858095412401


epsilon: 4.033333333333333

m: 3.0

Residual: 0.9525892161053556


epsilon: 4.033333333333333

m: 3.1666666666666665

Residual: 0.9353063578526503


epsilon: 4.033333333333333

m: 3.3333333333333335

Residual: 0.912768468836416


epsilon: 4.033333333333333

m: 3.5

Residual: 0.8839523821189849


epsilon: 4.033333333333333

m: 3.6666666666666665

Residual: 0.8478230264983431


epsilon: 4.033333333333333

m: 3.833333333333333

Residual: 0.8034529137269028


epsilon: 4.033333333333333

m: 4.0

Residual: 0.7502985567518219


epsilon: 4.033333333333333

m: 4.166666666666666

Residual: 0.6882473221893126


epsilon: 4.033333333333333

m: 4.333333333333333

Residual: 0.6177863162921385


epsilon: 4.033333333333333

m: 4.5

Residual: 0.539795498039404


epsilon: 4.033333333333333

m: 4.666666666666666

Residual: 0.45499184084211647


epsilon: 4.033333333333333

m: 4.833333333333333

Residual: 0.36805030798263216


epsilon: 4.033333333333333

m: 5.0

Residual: 0.27736087545514404


epsilon: 4.033333333333333

m: 5.166666666666666

Residual: 0.18764013341351382


epsilon: 4.033333333333333

m: 5.333333333333333

Residual: 0.10678683975349855


epsilon: 4.033333333333333

m: 5.5

Residual: 0.044381838904766026


epsilon: 4.033333333333333

m: 5.666666666666666

Residual: 0.06547806719041394


epsilon: 4.033333333333333

m: 5.833333333333333

Residual: 0.141621900631729


epsilon: 4.033333333333333

m: 6.0

Residual: 0.21214638708101466


epsilon: 4.033333333333333

m: 6.166666666666666

Residual: 0.2702592144594287


epsilon: 4.033333333333333

m: 6.333333333333333

Residual: 0.33212394152717306


epsilon: 4.033333333333333

m: 6.5

Residual: 0.38459056747419085


epsilon: 4.033333333333333

m: 6.666666666666666

Residual: 0.43145002054964837


epsilon: 4.033333333333333

m: 6.833333333333333

Residual: 0.47269448638546624


epsilon: 4.033333333333333

m: 7.0

Residual: 0.5147771323790059


epsilon: 4.279166666666667

m: 3.0

Residual: 0.9552546691018075


epsilon: 4.279166666666667

m: 3.1666666666666665

Residual: 0.9389188244240244


epsilon: 4.279166666666667

m: 3.3333333333333335

Residual: 0.9175986487234798


epsilon: 4.279166666666667

m: 3.5

Residual: 0.8902743736360234


epsilon: 4.279166666666667

m: 3.6666666666666665

Residual: 0.8559430707433653


epsilon: 4.279166666666667

m: 3.833333333333333

Residual: 0.8137055991778682


epsilon: 4.279166666666667

m: 4.0

Residual: 0.7629756973745415


epsilon: 4.279166666666667

m: 4.166666666666666

Residual: 0.7037326705198845


epsilon: 4.279166666666667

m: 4.333333333333333

Residual: 0.6359537956423698


epsilon: 4.279166666666667

m: 4.5

Residual: 0.5606220571808725


epsilon: 4.279166666666667

m: 4.666666666666666

Residual: 0.4789382458561546


epsilon: 4.279166666666667

m: 4.833333333333333

Residual: 0.39332783567314106


epsilon: 4.279166666666667

m: 5.0

Residual: 0.30466803030076006


epsilon: 4.279166666666667

m: 5.166666666666666

Residual: 0.21637021563236772


epsilon: 4.279166666666667

m: 5.333333333333333

Residual: 0.1301275799774012


epsilon: 4.279166666666667

m: 5.5

Residual: 0.05919924050363482


epsilon: 4.279166666666667

m: 5.666666666666666

Residual: 0.036408055676529216


epsilon: 4.279166666666667

m: 5.833333333333333

Residual: 0.1118690700192869


epsilon: 4.279166666666667

m: 6.0

Residual: 0.18144941818229737


epsilon: 4.279166666666667

m: 6.166666666666666

Residual: 0.24439492870133364


epsilon: 4.279166666666667

m: 6.333333333333333

Residual: 0.3051181565154497


epsilon: 4.279166666666667

m: 6.5

Residual: 0.3612069741394983


epsilon: 4.279166666666667

m: 6.666666666666666

Residual: 0.4083389695065519


epsilon: 4.279166666666667

m: 6.833333333333333

Residual: 0.4554248209644774


epsilon: 4.279166666666667

m: 7.0

Residual: 0.4977405901678671


epsilon: 4.525

m: 3.0

Residual: 0.9576360974929921


epsilon: 4.525

m: 3.1666666666666665

Residual: 0.9421396394419673


epsilon: 4.525

m: 3.3333333333333335

Residual: 0.9218891701106098


epsilon: 4.525

m: 3.5

Residual: 0.8959004828084308


epsilon: 4.525

m: 3.6666666666666665

Residual: 0.8632069200501309


epsilon: 4.525

m: 3.833333333333333

Residual: 0.8229711244091301


epsilon: 4.525

m: 4.0

Residual: 0.774403002400078


epsilon: 4.525

m: 4.166666666666666

Residual: 0.7172395436192657


epsilon: 4.525

m: 4.333333333333333

Residual: 0.6521919091296157


epsilon: 4.525

m: 4.5

Residual: 0.579427659589859


epsilon: 4.525

m: 4.666666666666666

Residual: 0.5002115941820555


epsilon: 4.525

m: 4.833333333333333

Residual: 0.4170965541480024


epsilon: 4.525

m: 5.0

Residual: 0.3310666144451372


epsilon: 4.525

m: 5.166666666666666

Residual: 0.24294313469537204


epsilon: 4.525

m: 5.333333333333333

Residual: 0.1565147454911329


epsilon: 4.525

m: 5.5

Residual: 0.07954931339261867


epsilon: 4.525

m: 5.666666666666666

Residual: 0.03563200914106521


epsilon: 4.525

m: 5.833333333333333

Residual: 0.08201329338010001


epsilon: 4.525

m: 6.0

Residual: 0.1554194916019417


epsilon: 4.525

m: 6.166666666666666

Residual: 0.21623414540225694


epsilon: 4.525

m: 6.333333333333333

Residual: 0.28231928988977567


epsilon: 4.525

m: 6.5

Residual: 0.33699737785620365


epsilon: 4.525

m: 6.666666666666666

Residual: 0.384623064953278


epsilon: 4.525

m: 6.833333333333333

Residual: 0.43251334888953447


epsilon: 4.525

m: 7.0

Residual: 0.4782347806856582


epsilon: 4.770833333333333

m: 3.0

Residual: 0.9597722413035301


epsilon: 4.770833333333333

m: 3.1666666666666665

Residual: 0.9450389339895969


epsilon: 4.770833333333333

m: 3.3333333333333335

Residual: 0.9257846140778583


epsilon: 4.770833333333333

m: 3.5

Residual: 0.9010050981852169


epsilon: 4.770833333333333

m: 3.6666666666666665

Residual: 0.8697877834559735


epsilon: 4.770833333333333

m: 3.833333333333333

Residual: 0.8312797033238593


epsilon: 4.770833333333333

m: 4.0

Residual: 0.7848551063240091


epsilon: 4.770833333333333

m: 4.166666666666666

Residual: 0.7300400491707558


epsilon: 4.770833333333333

m: 4.333333333333333

Residual: 0.6670372144912337


epsilon: 4.770833333333333

m: 4.5

Residual: 0.5968002557640534


epsilon: 4.770833333333333

m: 4.666666666666666

Residual: 0.5196878794108115


epsilon: 4.770833333333333

m: 4.833333333333333

Residual: 0.43860865484531547


epsilon: 4.770833333333333

m: 5.0

Residual: 0.3531518659895528


epsilon: 4.770833333333333

m: 5.166666666666666

Residual: 0.26860607806484893


epsilon: 4.770833333333333

m: 5.333333333333333

Residual: 0.18254433276613835


epsilon: 4.770833333333333

m: 5.5

Residual: 0.09758451120543217


epsilon: 4.770833333333333

m: 5.666666666666666

Residual: 0.0395640763956526


epsilon: 4.770833333333333

m: 5.833333333333333

Residual: 0.05906931587492938


epsilon: 4.770833333333333

m: 6.0

Residual: 0.12790095415382852


epsilon: 4.770833333333333

m: 6.166666666666666

Residual: 0.19593143616746428


epsilon: 4.770833333333333

m: 6.333333333333333

Residual: 0.255885277256984


epsilon: 4.770833333333333

m: 6.5

Residual: 0.30870195620418955


epsilon: 4.770833333333333

m: 6.666666666666666

Residual: 0.3625929228098709


epsilon: 4.770833333333333

m: 6.833333333333333

Residual: 0.41301061241482534


epsilon: 4.770833333333333

m: 7.0

Residual: 0.45528143624097783


epsilon: 5.016666666666667

m: 3.0

Residual: 0.9617045030483338


epsilon: 5.016666666666667

m: 3.1666666666666665

Residual: 0.947663827863685


epsilon: 5.016666666666667

m: 3.3333333333333335

Residual: 0.9292811808855096


epsilon: 5.016666666666667

m: 3.5

Residual: 0.9056273489148989


epsilon: 5.016666666666667

m: 3.6666666666666665

Residual: 0.8757793353136192


epsilon: 5.016666666666667

m: 3.833333333333333

Residual: 0.8388537151814778


epsilon: 5.016666666666667

m: 4.0

Residual: 0.7941749221164289


epsilon: 5.016666666666667

m: 4.166666666666666

Residual: 0.7413773201950009


epsilon: 5.016666666666667

m: 4.333333333333333

Residual: 0.6807089656296386


epsilon: 5.016666666666667

m: 4.5

Residual: 0.6125814413150129


epsilon: 5.016666666666667

m: 4.666666666666666

Residual: 0.5379168479796012


epsilon: 5.016666666666667

m: 4.833333333333333

Residual: 0.45771935298297617


epsilon: 5.016666666666667

m: 5.0

Residual: 0.37445019369253774


epsilon: 5.016666666666667

m: 5.166666666666666

Residual: 0.2896089910355527


epsilon: 5.016666666666667

m: 5.333333333333333

Residual: 0.20618794615052494


epsilon: 5.016666666666667

m: 5.5

Residual: 0.12320637043575601


epsilon: 5.016666666666667

m: 5.666666666666666

Residual: 0.05315579546601351


epsilon: 5.016666666666667

m: 5.833333333333333

Residual: 0.03917280442700632


epsilon: 5.016666666666667

m: 6.0

Residual: 0.10221228634309681


epsilon: 5.016666666666667

m: 6.166666666666666

Residual: 0.1692880845645516


epsilon: 5.016666666666667

m: 6.333333333333333

Residual: 0.2334662982652026


epsilon: 5.016666666666667

m: 6.5

Residual: 0.2859106693294851


epsilon: 5.016666666666667

m: 6.666666666666666

Residual: 0.3409906752799381


epsilon: 5.016666666666667

m: 6.833333333333333

Residual: 0.38782787434101024


epsilon: 5.016666666666667

m: 7.0

Residual: 0.436899056446296


epsilon: 5.2625

m: 3.0

Residual: 0.9634623671526288


epsilon: 5.2625

m: 3.1666666666666665

Residual: 0.9500465957408963


epsilon: 5.2625

m: 3.3333333333333335

Residual: 0.9324709601186865


epsilon: 5.2625

m: 3.5

Residual: 0.9098457584047521


epsilon: 5.2625

m: 3.6666666666666665

Residual: 0.8812528813348574


epsilon: 5.2625

m: 3.833333333333333

Residual: 0.8458207234772613


epsilon: 5.2625

m: 4.0

Residual: 0.8028275794513645


epsilon: 5.2625

m: 4.166666666666666

Residual: 0.7521157433897123


epsilon: 5.2625

m: 4.333333333333333

Residual: 0.6932839598605692


epsilon: 5.2625

m: 4.5

Residual: 0.6274158289341931


epsilon: 5.2625

m: 4.666666666666666

Residual: 0.5549748320074738


epsilon: 5.2625

m: 4.833333333333333

Residual: 0.4763362737170672


epsilon: 5.2625

m: 5.0

Residual: 0.39463246291339055


epsilon: 5.2625

m: 5.166666666666666

Residual: 0.31215534244817866


epsilon: 5.2625

m: 5.333333333333333

Residual: 0.22857429083779332


epsilon: 5.2625

m: 5.5

Residual: 0.1476526196528045


epsilon: 5.2625

m: 5.666666666666666

Residual: 0.07244750786543287


epsilon: 5.2625

m: 5.833333333333333

Residual: 0.03901994913499781


epsilon: 5.2625

m: 6.0

Residual: 0.08273699802123527


epsilon: 5.2625

m: 6.166666666666666

Residual: 0.14541555651673257


epsilon: 5.2625

m: 6.333333333333333

Residual: 0.2058607201946216


epsilon: 5.2625

m: 6.5

Residual: 0.26470938770758234


epsilon: 5.2625

m: 6.666666666666666

Residual: 0.3226081743962147


epsilon: 5.2625

m: 6.833333333333333

Residual: 0.3666556650473576


epsilon: 5.2625

m: 7.0

Residual: 0.4106766682585513


epsilon: 5.508333333333333

m: 3.0

Residual: 0.965063946050814


epsilon: 5.508333333333333

m: 3.1666666666666665

Residual: 0.9522235523593048


epsilon: 5.508333333333333

m: 3.3333333333333335

Residual: 0.9353972666330009


epsilon: 5.508333333333333

m: 3.5

Residual: 0.9136964419390798


epsilon: 5.508333333333333

m: 3.6666666666666665

Residual: 0.8862208809864972


epsilon: 5.508333333333333

m: 3.833333333333333

Residual: 0.8521828144263802


epsilon: 5.508333333333333

m: 4.0

Residual: 0.8108513113374698


epsilon: 5.508333333333333

m: 4.166666666666666

Residual: 0.7616860013257808


epsilon: 5.508333333333333

m: 4.333333333333333

Residual: 0.7051004242386684


epsilon: 5.508333333333333

m: 4.5

Residual: 0.6408191571556795


epsilon: 5.508333333333333

m: 4.666666666666666

Residual: 0.5700853998618266


epsilon: 5.508333333333333

m: 4.833333333333333

Residual: 0.494026308904262


epsilon: 5.508333333333333

m: 5.0

Residual: 0.4145361687838388


epsilon: 5.508333333333333

m: 5.166666666666666

Residual: 0.33302851776853515


epsilon: 5.508333333333333

m: 5.333333333333333

Residual: 0.2505334497697054


epsilon: 5.508333333333333

m: 5.5

Residual: 0.167996227902274


epsilon: 5.508333333333333

m: 5.666666666666666

Residual: 0.08985686634171568


epsilon: 5.508333333333333

m: 5.833333333333333

Residual: 0.04824018087842658


epsilon: 5.508333333333333

m: 6.0

Residual: 0.05802414676920473


epsilon: 5.508333333333333

m: 6.166666666666666

Residual: 0.12723830308193115


epsilon: 5.508333333333333

m: 6.333333333333333

Residual: 0.1878550450101379


epsilon: 5.508333333333333

m: 6.5

Residual: 0.24501200851028423


epsilon: 5.508333333333333

m: 6.666666666666666

Residual: 0.29866579007328137


epsilon: 5.508333333333333

m: 6.833333333333333

Residual: 0.3483663151685138


epsilon: 5.508333333333333

m: 7.0

Residual: 0.38755076736718197


epsilon: 5.754166666666666

m: 3.0

Residual: 0.9665316956509568


epsilon: 5.754166666666666

m: 3.1666666666666665

Residual: 0.9542154376368329


epsilon: 5.754166666666666

m: 3.3333333333333335

Residual: 0.9380616339556777


epsilon: 5.754166666666666

m: 3.5

Residual: 0.9172342511372314


epsilon: 5.754166666666666

m: 3.6666666666666665

Residual: 0.8908173597473438


epsilon: 5.754166666666666

m: 3.833333333333333

Residual: 0.8581003517925038


epsilon: 5.754166666666666

m: 4.0

Residual: 0.8181136514143661


epsilon: 5.754166666666666

m: 4.166666666666666

Residual: 0.7705726254079241


epsilon: 5.754166666666666

m: 4.333333333333333

Residual: 0.7156508221938594


epsilon: 5.754166666666666

m: 4.5

Residual: 0.6535730071257783


epsilon: 5.754166666666666

m: 4.666666666666666

Residual: 0.5846736966931129


epsilon: 5.754166666666666

m: 4.833333333333333

Residual: 0.5109326709976325


epsilon: 5.754166666666666

m: 5.0

Residual: 0.4327661495611252


epsilon: 5.754166666666666

m: 5.166666666666666

Residual: 0.35105442281828525


epsilon: 5.754166666666666

m: 5.333333333333333

Residual: 0.27002878509181566


epsilon: 5.754166666666666

m: 5.5

Residual: 0.18869928051412208


epsilon: 5.754166666666666

m: 5.666666666666666

Residual: 0.11263765703526463


epsilon: 5.754166666666666

m: 5.833333333333333

Residual: 0.05532526913368311


epsilon: 5.754166666666666

m: 6.0

Residual: 0.04992349649814765


epsilon: 5.754166666666666

m: 6.166666666666666

Residual: 0.10225157809752874


epsilon: 5.754166666666666

m: 6.333333333333333

Residual: 0.16835022539307729


epsilon: 5.754166666666666

m: 6.5

Residual: 0.22754895099387562


epsilon: 5.754166666666666

m: 6.666666666666666

Residual: 0.27638636699880614


epsilon: 5.754166666666666

m: 6.833333333333333

Residual: 0.3262263897981327


epsilon: 5.754166666666666

m: 7.0

Residual: 0.3731684961913792


epsilon: 6.0

m: 3.0

Residual: 0.9678817130166566


epsilon: 6.0

m: 3.1666666666666665

Residual: 0.9560522608583283


epsilon: 6.0

m: 3.3333333333333335

Residual: 0.9405240708183602


epsilon: 6.0

m: 3.5

Residual: 0.920508905013404


epsilon: 6.0

m: 3.6666666666666665

Residual: 0.895080786545161


epsilon: 6.0

m: 3.833333333333333

Residual: 0.8634804674053702


epsilon: 6.0

m: 4.0

Residual: 0.8250287019255708


epsilon: 6.0

m: 4.166666666666666

Residual: 0.7791289081888645


epsilon: 6.0

m: 4.333333333333333

Residual: 0.7258955126205001


epsilon: 6.0

m: 4.5

Residual: 0.6652736172782489


epsilon: 6.0

m: 4.666666666666666

Residual: 0.5985365362759377


epsilon: 6.0

m: 4.833333333333333

Residual: 0.5258934770840585


epsilon: 6.0

m: 5.0

Residual: 0.449420472446423


epsilon: 6.0

m: 5.166666666666666

Residual: 0.37013299573055425


epsilon: 6.0

m: 5.333333333333333

Residual: 0.2898726474597277


epsilon: 6.0

m: 5.5

Residual: 0.20951458885083651


epsilon: 6.0

m: 5.666666666666666

Residual: 0.13315158839300895


epsilon: 6.0

m: 5.833333333333333

Residual: 0.07067698032354618


epsilon: 6.0

m: 6.0

Residual: 0.05002363609717832


epsilon: 6.0

m: 6.166666666666666

Residual: 0.07864120115320296


epsilon: 6.0

m: 6.333333333333333

Residual: 0.1447494847862177


epsilon: 6.0

m: 6.5

Residual: 0.20065725231411344


epsilon: 6.0

m: 6.666666666666666

Residual: 0.25911194597537673


epsilon: 6.0

m: 6.833333333333333

Residual: 0.3062298919364766


epsilon: 6.0

m: 7.0

Residual: 0.35478585157205617


