epsilon: 0.1

m: 3.0

Residual: 0.39711646761373803


epsilon: 0.1

m: 3.0

Residual: 0.3971589939579573


epsilon: 0.1

m: 3.1666666666666665

Residual: 0.4109083606394281


epsilon: 0.1

m: 3.3333333333333335

Residual: 0.44983227755686317


epsilon: 0.1

m: 3.5

Residual: 0.5085037122025411


epsilon: 0.1

m: 3.6666666666666665

Residual: 0.5791388222433493


epsilon: 0.1

m: 3.833333333333333

Residual: 0.6548544814906969


epsilon: 0.1

m: 4.0

Residual: 0.7232931690284918


epsilon: 0.1

m: 4.166666666666666

Residual: 0.7780389612839775


epsilon: 0.1

m: 4.333333333333333

Residual: 0.8214049580656165


epsilon: 0.1

m: 4.5

Residual: 0.8555682075494526


epsilon: 0.1

m: 4.666666666666666

Residual: 0.8826453454013022


epsilon: 0.1

m: 4.833333333333333

Residual: 0.9035862586375826


epsilon: 0.1

m: 5.0

Residual: 0.9201389697311196


epsilon: 0.1

m: 5.166666666666666

Residual: 0.9336190269836028


epsilon: 0.1

m: 5.333333333333333

Residual: 0.9443543292963681


epsilon: 0.1

m: 5.5

Residual: 0.9526365062115547


epsilon: 0.1

m: 5.666666666666666

Residual: 0.9597765299087718


epsilon: 0.1

m: 5.833333333333333

Residual: 0.965436267016505


epsilon: 0.1

m: 6.0

Residual: 0.9699506977797813


epsilon: 0.1

m: 6.166666666666666

Residual: 0.9737749944601768


epsilon: 0.1

m: 6.333333333333333

Residual: 0.9771842882372557


epsilon: 0.1

m: 6.5

Residual: 0.9793140333118023


epsilon: 0.1

m: 6.666666666666666

Residual: 0.9814786620071285


epsilon: 0.1

m: 6.833333333333333

Residual: 0.9839352496183549


epsilon: 0.1

m: 7.0

Residual: 0.9851165444944585


epsilon: 0.3458333333333333

m: 3.0

Residual: 0.53915575757578


epsilon: 0.3458333333333333

m: 3.1666666666666665

Residual: 0.4586521936664051


epsilon: 0.3458333333333333

m: 3.3333333333333335

Residual: 0.3914109167443061


epsilon: 0.3458333333333333

m: 3.5

Residual: 0.3435479113131096


epsilon: 0.3458333333333333

m: 3.6666666666666665

Residual: 0.3209478244356799


epsilon: 0.3458333333333333

m: 3.833333333333333

Residual: 0.3269184121399453


epsilon: 0.3458333333333333

m: 4.0

Residual: 0.3602862276446408


epsilon: 0.3458333333333333

m: 4.166666666666666

Residual: 0.41838178591723246


epsilon: 0.3458333333333333

m: 4.333333333333333

Residual: 0.494707219525769


epsilon: 0.3458333333333333

m: 4.5

Residual: 0.5760011893575848


epsilon: 0.3458333333333333

m: 4.666666666666666

Residual: 0.6439915521860106


epsilon: 0.3458333333333333

m: 4.833333333333333

Residual: 0.7023916688786497


epsilon: 0.3458333333333333

m: 5.0

Residual: 0.7498867629084824


epsilon: 0.3458333333333333

m: 5.166666666666666

Residual: 0.7877446240326544


epsilon: 0.3458333333333333

m: 5.333333333333333

Residual: 0.8202688348535299


epsilon: 0.3458333333333333

m: 5.5

Residual: 0.8448769928682914


epsilon: 0.3458333333333333

m: 5.666666666666666

Residual: 0.8685034364695602


epsilon: 0.3458333333333333

m: 5.833333333333333

Residual: 0.8843907431648645


epsilon: 0.3458333333333333

m: 6.0

Residual: 0.8996477555051494


epsilon: 0.3458333333333333

m: 6.166666666666666

Residual: 0.9122252816196285


epsilon: 0.3458333333333333

m: 6.333333333333333

Residual: 0.9221407345470883


epsilon: 0.3458333333333333

m: 6.5

Residual: 0.9304794496304836


epsilon: 0.3458333333333333

m: 6.666666666666666

Residual: 0.9375573346989643


epsilon: 0.3458333333333333

m: 6.833333333333333

Residual: 0.9449165128216424


epsilon: 0.3458333333333333

m: 7.0

Residual: 0.949326217289765


epsilon: 0.5916666666666667

m: 3.0

Residual: 0.6825234322997031


epsilon: 0.5916666666666667

m: 3.1666666666666665

Residual: 0.594012775208902


epsilon: 0.5916666666666667

m: 3.3333333333333335

Residual: 0.5050711962104626


epsilon: 0.5916666666666667

m: 3.5

Residual: 0.4224802325784988


epsilon: 0.5916666666666667

m: 3.6666666666666665

Residual: 0.3530756515259607


epsilon: 0.5916666666666667

m: 3.833333333333333

Residual: 0.30236280516371056


epsilon: 0.5916666666666667

m: 4.0

Residual: 0.27707925854242565


epsilon: 0.5916666666666667

m: 4.166666666666666

Residual: 0.2810508008501127


epsilon: 0.5916666666666667

m: 4.333333333333333

Residual: 0.3174475409963111


epsilon: 0.5916666666666667

m: 4.5

Residual: 0.3780550261284077


epsilon: 0.5916666666666667

m: 4.666666666666666

Residual: 0.4598300986065992


epsilon: 0.5916666666666667

m: 4.833333333333333

Residual: 0.5400275978052188


epsilon: 0.5916666666666667

m: 5.0

Residual: 0.6051233325382246


epsilon: 0.5916666666666667

m: 5.166666666666666

Residual: 0.6619989062364247


epsilon: 0.5916666666666667

m: 5.333333333333333

Residual: 0.708334455981836


epsilon: 0.5916666666666667

m: 5.5

Residual: 0.7508602044701628


epsilon: 0.5916666666666667

m: 5.666666666666666

Residual: 0.7842075867915628


epsilon: 0.5916666666666667

m: 5.833333333333333

Residual: 0.8083740854626509


epsilon: 0.5916666666666667

m: 6.0

Residual: 0.8364039878955682


epsilon: 0.5916666666666667

m: 6.166666666666666

Residual: 0.8544737608076759


epsilon: 0.5916666666666667

m: 6.333333333333333

Residual: 0.868820654897763


epsilon: 0.5916666666666667

m: 6.5

Residual: 0.8827882499151917


epsilon: 0.5916666666666667

m: 6.666666666666666

Residual: 0.8961805236814911


epsilon: 0.5916666666666667

m: 6.833333333333333

Residual: 0.9076160641766314


epsilon: 0.5916666666666667

m: 7.0

Residual: 0.9147556636512773


epsilon: 0.8375

m: 3.0

Residual: 0.7646640772225142


epsilon: 0.8375

m: 3.1666666666666665

Residual: 0.6924264267730975


epsilon: 0.8375

m: 3.3333333333333335

Residual: 0.6057811378027101


epsilon: 0.8375

m: 3.5

Residual: 0.5137082172789035


epsilon: 0.8375

m: 3.6666666666666665

Residual: 0.42748753283484464


epsilon: 0.8375

m: 3.833333333333333

Residual: 0.34914915907203875


epsilon: 0.8375

m: 4.0

Residual: 0.28904540679149093


epsilon: 0.8375

m: 4.166666666666666

Residual: 0.25249293210970203


epsilon: 0.8375

m: 4.333333333333333

Residual: 0.24318932496503456


epsilon: 0.8375

m: 4.5

Residual: 0.2655121804127114


epsilon: 0.8375

m: 4.666666666666666

Residual: 0.3226335419922595


epsilon: 0.8375

m: 4.833333333333333

Residual: 0.4056355020948365


epsilon: 0.8375

m: 5.0

Residual: 0.48315273648786966


epsilon: 0.8375

m: 5.166666666666666

Residual: 0.5544184824059158


epsilon: 0.8375

m: 5.333333333333333

Residual: 0.6103283969725705


epsilon: 0.8375

m: 5.5

Residual: 0.6613389951174721


epsilon: 0.8375

m: 5.666666666666666

Residual: 0.7098904428036539


epsilon: 0.8375

m: 5.833333333333333

Residual: 0.7400972253395226


epsilon: 0.8375

m: 6.0

Residual: 0.7778772327721128


epsilon: 0.8375

m: 6.166666666666666

Residual: 0.7964376502472874


epsilon: 0.8375

m: 6.333333333333333

Residual: 0.8222740074595978


epsilon: 0.8375

m: 6.5

Residual: 0.8426446361341302


epsilon: 0.8375

m: 6.666666666666666

Residual: 0.8574157117198993


epsilon: 0.8375

m: 6.833333333333333

Residual: 0.8731643774342732


epsilon: 0.8375

m: 7.0

Residual: 0.8806671096019647


epsilon: 1.0833333333333335

m: 3.0

Residual: 0.8131182110413359


epsilon: 1.0833333333333335

m: 3.1666666666666665

Residual: 0.7535979849879322


epsilon: 1.0833333333333335

m: 3.3333333333333335

Residual: 0.6810486811916618


epsilon: 1.0833333333333335

m: 3.5

Residual: 0.5948142760585686


epsilon: 1.0833333333333335

m: 3.6666666666666665

Residual: 0.5010614565065097


epsilon: 1.0833333333333335

m: 3.833333333333333

Residual: 0.4118773801558794


epsilon: 1.0833333333333335

m: 4.0

Residual: 0.33215638187615726


epsilon: 1.0833333333333335

m: 4.166666666666666

Residual: 0.26897848792671153


epsilon: 1.0833333333333335

m: 4.333333333333333

Residual: 0.2272990863535892


epsilon: 1.0833333333333335

m: 4.5

Residual: 0.2134955900671981


epsilon: 1.0833333333333335

m: 4.666666666666666

Residual: 0.23568384832411898


epsilon: 1.0833333333333335

m: 4.833333333333333

Residual: 0.29601286705107144


epsilon: 1.0833333333333335

m: 5.0

Residual: 0.37930414043646626


epsilon: 1.0833333333333335

m: 5.166666666666666

Residual: 0.4560708671687658


epsilon: 1.0833333333333335

m: 5.333333333333333

Residual: 0.5233137410711118


epsilon: 1.0833333333333335

m: 5.5

Residual: 0.5825479091322415


epsilon: 1.0833333333333335

m: 5.666666666666666

Residual: 0.6333310409545935


epsilon: 1.0833333333333335

m: 5.833333333333333

Residual: 0.6791100336961937


epsilon: 1.0833333333333335

m: 6.0

Residual: 0.7139786793931473


epsilon: 1.0833333333333335

m: 6.166666666666666

Residual: 0.7508671482898058


epsilon: 1.0833333333333335

m: 6.333333333333333

Residual: 0.7793176983654646


epsilon: 1.0833333333333335

m: 6.5

Residual: 0.7977053898540951


epsilon: 1.0833333333333335

m: 6.666666666666666

Residual: 0.8157380834816231


epsilon: 1.0833333333333335

m: 6.833333333333333

Residual: 0.8360382554403076


epsilon: 1.0833333333333335

m: 7.0

Residual: 0.8519844089432793


epsilon: 1.3291666666666668

m: 3.0

Residual: 0.8449787215367047


epsilon: 1.3291666666666668

m: 3.1666666666666665

Residual: 0.7945897402783029


epsilon: 1.3291666666666668

m: 3.3333333333333335

Residual: 0.7320946013225976


epsilon: 1.3291666666666668

m: 3.5

Residual: 0.6569044426841624


epsilon: 1.3291666666666668

m: 3.6666666666666665

Residual: 0.5689902885876231


epsilon: 1.3291666666666668

m: 3.833333333333333

Residual: 0.4754238425990929


epsilon: 1.3291666666666668

m: 4.0

Residual: 0.3846218952635713


epsilon: 1.3291666666666668

m: 4.166666666666666

Residual: 0.30819253114007666


epsilon: 1.3291666666666668

m: 4.333333333333333

Residual: 0.2429418364802428


epsilon: 1.3291666666666668

m: 4.5

Residual: 0.2037855139144011


epsilon: 1.3291666666666668

m: 4.666666666666666

Residual: 0.1928552202122689


epsilon: 1.3291666666666668

m: 4.833333333333333

Residual: 0.22005070389619674


epsilon: 1.3291666666666668

m: 5.0

Residual: 0.2873173417621431


epsilon: 1.3291666666666668

m: 5.166666666666666

Residual: 0.3719838573919999


epsilon: 1.3291666666666668

m: 5.333333333333333

Residual: 0.4471351590917142


epsilon: 1.3291666666666668

m: 5.5

Residual: 0.5116574331542821


epsilon: 1.3291666666666668

m: 5.666666666666666

Residual: 0.5660866704756081


epsilon: 1.3291666666666668

m: 5.833333333333333

Residual: 0.6196951744308928


epsilon: 1.3291666666666668

m: 6.0

Residual: 0.6630970476634124


epsilon: 1.3291666666666668

m: 6.166666666666666

Residual: 0.6984244232488811


epsilon: 1.3291666666666668

m: 6.333333333333333

Residual: 0.7325997455161376


epsilon: 1.3291666666666668

m: 6.5

Residual: 0.7592921327305939


epsilon: 1.3291666666666668

m: 6.666666666666666

Residual: 0.7785518621358355


epsilon: 1.3291666666666668

m: 6.833333333333333

Residual: 0.8057427326692589


epsilon: 1.3291666666666668

m: 7.0

Residual: 0.8256684292400924


epsilon: 1.5750000000000002

m: 3.0

Residual: 0.8675712608464866


epsilon: 1.5750000000000002

m: 3.1666666666666665

Residual: 0.8237966553541811


epsilon: 1.5750000000000002

m: 3.3333333333333335

Residual: 0.769087430033288


epsilon: 1.5750000000000002

m: 3.5

Residual: 0.702427641222241


epsilon: 1.5750000000000002

m: 3.6666666666666665

Residual: 0.6236494701643498


epsilon: 1.5750000000000002

m: 3.833333333333333

Residual: 0.5334656705582473


epsilon: 1.5750000000000002

m: 4.0

Residual: 0.43922779237913734


epsilon: 1.5750000000000002

m: 4.166666666666666

Residual: 0.3494667282572702


epsilon: 1.5750000000000002

m: 4.333333333333333

Residual: 0.274039677861569


epsilon: 1.5750000000000002

m: 4.5

Residual: 0.21609468596903633


epsilon: 1.5750000000000002

m: 4.666666666666666

Residual: 0.17878970744308761


epsilon: 1.5750000000000002

m: 4.833333333333333

Residual: 0.1752880870050025


epsilon: 1.5750000000000002

m: 5.0

Residual: 0.21404905914319328


epsilon: 1.5750000000000002

m: 5.166666666666666

Residual: 0.29900408136926604


epsilon: 1.5750000000000002

m: 5.333333333333333

Residual: 0.37562563019395745


epsilon: 1.5750000000000002

m: 5.5

Residual: 0.4500815489784023


epsilon: 1.5750000000000002

m: 5.666666666666666

Residual: 0.5066729502103342


epsilon: 1.5750000000000002

m: 5.833333333333333

Residual: 0.5642638333492033


epsilon: 1.5750000000000002

m: 6.0

Residual: 0.6169632557427017


epsilon: 1.5750000000000002

m: 6.166666666666666

Residual: 0.6473630509316016


epsilon: 1.5750000000000002

m: 6.333333333333333

Residual: 0.6854525863192638


epsilon: 1.5750000000000002

m: 6.5

Residual: 0.7188746866120279


epsilon: 1.5750000000000002

m: 6.666666666666666

Residual: 0.745309100120214


epsilon: 1.5750000000000002

m: 6.833333333333333

Residual: 0.7694246600443414


epsilon: 1.5750000000000002

m: 7.0

Residual: 0.8008413874369726


epsilon: 1.8208333333333335

m: 3.0

Residual: 0.8844402463009667


epsilon: 1.8208333333333335

m: 3.1666666666666665

Residual: 0.8458025411997441


epsilon: 1.8208333333333335

m: 3.3333333333333335

Residual: 0.7970922679597425


epsilon: 1.8208333333333335

m: 3.5

Residual: 0.7374442621485803


epsilon: 1.8208333333333335

m: 3.6666666666666665

Residual: 0.666156883518504


epsilon: 1.8208333333333335

m: 3.833333333333333

Residual: 0.5831335552544877


epsilon: 1.8208333333333335

m: 4.0

Residual: 0.48992701145212114


epsilon: 1.8208333333333335

m: 4.166666666666666

Residual: 0.3966165327801867


epsilon: 1.8208333333333335

m: 4.333333333333333

Residual: 0.3094706911953474


epsilon: 1.8208333333333335

m: 4.5

Residual: 0.23698457063129402


epsilon: 1.8208333333333335

m: 4.666666666666666

Residual: 0.18516236658339333


epsilon: 1.8208333333333335

m: 4.833333333333333

Residual: 0.15905820541509397


epsilon: 1.8208333333333335

m: 5.0

Residual: 0.16942313107826745


epsilon: 1.8208333333333335

m: 5.166666666666666

Residual: 0.22908582272619413


epsilon: 1.8208333333333335

m: 5.333333333333333

Residual: 0.3167843677489354


epsilon: 1.8208333333333335

m: 5.5

Residual: 0.38527035822294536


epsilon: 1.8208333333333335

m: 5.666666666666666

Residual: 0.4510489426748725


epsilon: 1.8208333333333335

m: 5.833333333333333

Residual: 0.5107587335984832


epsilon: 1.8208333333333335

m: 6.0

Residual: 0.5611147799119144


epsilon: 1.8208333333333335

m: 6.166666666666666

Residual: 0.6132590235031331


epsilon: 1.8208333333333335

m: 6.333333333333333

Residual: 0.648174482029284


epsilon: 1.8208333333333335

m: 6.5

Residual: 0.6805439346557945


epsilon: 1.8208333333333335

m: 6.666666666666666

Residual: 0.7084468557323107


epsilon: 1.8208333333333335

m: 6.833333333333333

Residual: 0.736113945076713


epsilon: 1.8208333333333335

m: 7.0

Residual: 0.7619453499304824


epsilon: 2.066666666666667

m: 3.0

Residual: 0.8974669070842511


epsilon: 2.066666666666667

m: 3.1666666666666665

Residual: 0.8628320826473522


epsilon: 2.066666666666667

m: 3.3333333333333335

Residual: 0.8190502077624882


epsilon: 2.066666666666667

m: 3.5

Residual: 0.7649387522014259


epsilon: 2.066666666666667

m: 3.6666666666666665

Residual: 0.6996329456059273


epsilon: 2.066666666666667

m: 3.833333333333333

Residual: 0.6236128969402991


epsilon: 2.066666666666667

m: 4.0

Residual: 0.5366584732473179


epsilon: 2.066666666666667

m: 4.166666666666666

Residual: 0.4417285383327845


epsilon: 2.066666666666667

m: 4.333333333333333

Residual: 0.3503452154330079


epsilon: 2.066666666666667

m: 4.5

Residual: 0.26809866151695727


epsilon: 2.066666666666667

m: 4.666666666666666

Residual: 0.20081214516488385


epsilon: 2.066666666666667

m: 4.833333333333333

Residual: 0.15351435098175306


epsilon: 2.066666666666667

m: 5.0

Residual: 0.14019538736715367


epsilon: 2.066666666666667

m: 5.166666666666666

Residual: 0.17307721498267783


epsilon: 2.066666666666667

m: 5.333333333333333

Residual: 0.25834097976486203


epsilon: 2.066666666666667

m: 5.5

Residual: 0.3303681241246506


epsilon: 2.066666666666667

m: 5.666666666666666

Residual: 0.4037713576050295


epsilon: 2.066666666666667

m: 5.833333333333333

Residual: 0.4659468249441778


epsilon: 2.066666666666667

m: 6.0

Residual: 0.5139317372942649


epsilon: 2.066666666666667

m: 6.166666666666666

Residual: 0.5630356665755127


epsilon: 2.066666666666667

m: 6.333333333333333

Residual: 0.6166407435929099


epsilon: 2.066666666666667

m: 6.5

Residual: 0.655233887633779


epsilon: 2.066666666666667

m: 6.666666666666666

Residual: 0.6776076040989664


epsilon: 2.066666666666667

m: 6.833333333333333

Residual: 0.7087293852633599


epsilon: 2.066666666666667

m: 7.0

Residual: 0.7320802487933296


epsilon: 2.3125000000000004

m: 3.0

Residual: 0.9078561202397428


epsilon: 2.3125000000000004

m: 3.1666666666666665

Residual: 0.8764938776628151


epsilon: 2.3125000000000004

m: 3.3333333333333335

Residual: 0.8367090237877648


epsilon: 2.3125000000000004

m: 3.5

Residual: 0.7873346518967413


epsilon: 2.3125000000000004

m: 3.6666666666666665

Residual: 0.7272266858050404


epsilon: 2.3125000000000004

m: 3.833333333333333

Residual: 0.6567993452683217


epsilon: 2.3125000000000004

m: 4.0

Residual: 0.5757746123665584


epsilon: 2.3125000000000004

m: 4.166666666666666

Residual: 0.48543527796673247


epsilon: 2.3125000000000004

m: 4.333333333333333

Residual: 0.38988424603620614


epsilon: 2.3125000000000004

m: 4.5

Residual: 0.301370327084623


epsilon: 2.3125000000000004

m: 4.666666666666666

Residual: 0.22429691321487918


epsilon: 2.3125000000000004

m: 4.833333333333333

Residual: 0.1646510125277351


epsilon: 2.3125000000000004

m: 5.0

Residual: 0.13020049827150645


epsilon: 2.3125000000000004

m: 5.166666666666666

Residual: 0.13129406586265852


epsilon: 2.3125000000000004

m: 5.333333333333333

Residual: 0.19988903056774177


epsilon: 2.3125000000000004

m: 5.5

Residual: 0.2850896098094816


epsilon: 2.3125000000000004

m: 5.666666666666666

Residual: 0.3538159550091243


epsilon: 2.3125000000000004

m: 5.833333333333333

Residual: 0.41798870750738354


epsilon: 2.3125000000000004

m: 6.0

Residual: 0.47427894672684767


epsilon: 2.3125000000000004

m: 6.166666666666666

Residual: 0.5393982732882989


epsilon: 2.3125000000000004

m: 6.333333333333333

Residual: 0.5706041701786202


epsilon: 2.3125000000000004

m: 6.5

Residual: 0.6138160682281787


epsilon: 2.3125000000000004

m: 6.666666666666666

Residual: 0.6573799649593391


epsilon: 2.3125000000000004

m: 6.833333333333333

Residual: 0.6749296167990037


epsilon: 2.3125000000000004

m: 7.0

Residual: 0.7123507800093217


epsilon: 2.5583333333333336

m: 3.0

Residual: 0.9163548101404874


epsilon: 2.5583333333333336

m: 3.1666666666666665

Residual: 0.8877337144391123


epsilon: 2.5583333333333336

m: 3.3333333333333335

Residual: 0.8512377234058539


epsilon: 2.5583333333333336

m: 3.5

Residual: 0.8056580385173613


epsilon: 2.5583333333333336

m: 3.6666666666666665

Residual: 0.7503039889909228


epsilon: 2.5583333333333336

m: 3.833333333333333

Residual: 0.6844003806528058


epsilon: 2.5583333333333336

m: 4.0

Residual: 0.6083008388364299


epsilon: 2.5583333333333336

m: 4.166666666666666

Residual: 0.5226832230458277


epsilon: 2.5583333333333336

m: 4.333333333333333

Residual: 0.42986990493465993


epsilon: 2.5583333333333336

m: 4.5

Residual: 0.3373623369998919


epsilon: 2.5583333333333336

m: 4.666666666666666

Residual: 0.2534058080988592


epsilon: 2.5583333333333336

m: 4.833333333333333

Residual: 0.18275588368704443


epsilon: 2.5583333333333336

m: 5.0

Residual: 0.132700877649194


epsilon: 2.5583333333333336

m: 5.166666666666666

Residual: 0.11277316579432045


epsilon: 2.5583333333333336

m: 5.333333333333333

Residual: 0.15182815688005505


epsilon: 2.5583333333333336

m: 5.5

Residual: 0.23346405150029204


epsilon: 2.5583333333333336

m: 5.666666666666666

Residual: 0.3057229756094145


epsilon: 2.5583333333333336

m: 5.833333333333333

Residual: 0.3732433650414564


epsilon: 2.5583333333333336

m: 6.0

Residual: 0.43793528660414544


epsilon: 2.5583333333333336

m: 6.166666666666666

Residual: 0.48529199804999607


epsilon: 2.5583333333333336

m: 6.333333333333333

Residual: 0.5355182984669715


epsilon: 2.5583333333333336

m: 6.5

Residual: 0.582429618552211


epsilon: 2.5583333333333336

m: 6.666666666666666

Residual: 0.6255062422194458


epsilon: 2.5583333333333336

m: 6.833333333333333

Residual: 0.6635247927683607


epsilon: 2.5583333333333336

m: 7.0

Residual: 0.6823988278673382


epsilon: 2.8041666666666667

m: 3.0

Residual: 0.9234185423626666


epsilon: 2.8041666666666667

m: 3.1666666666666665

Residual: 0.8970763803501122


epsilon: 2.8041666666666667

m: 3.3333333333333335

Residual: 0.863448665145747


epsilon: 2.8041666666666667

m: 3.5

Residual: 0.8211408323590774


epsilon: 2.8041666666666667

m: 3.6666666666666665

Residual: 0.7696549447400153


epsilon: 2.8041666666666667

m: 3.833333333333333

Residual: 0.7075892231921718


epsilon: 2.8041666666666667

m: 4.0

Residual: 0.636606836680865


epsilon: 2.8041666666666667

m: 4.166666666666666

Residual: 0.5554821840695124


epsilon: 2.8041666666666667

m: 4.333333333333333

Residual: 0.466806909413642


epsilon: 2.8041666666666667

m: 4.5

Residual: 0.3721719932145717


epsilon: 2.8041666666666667

m: 4.666666666666666

Residual: 0.2826138691230437


epsilon: 2.8041666666666667

m: 4.833333333333333

Residual: 0.20843552649464997


epsilon: 2.8041666666666667

m: 5.0

Residual: 0.14300245847623944


epsilon: 2.8041666666666667

m: 5.166666666666666

Residual: 0.10519855303398262


epsilon: 2.8041666666666667

m: 5.333333333333333

Residual: 0.10876926614424488


epsilon: 2.8041666666666667

m: 5.5

Residual: 0.18934607580968096


epsilon: 2.8041666666666667

m: 5.666666666666666

Residual: 0.26772055030997216


epsilon: 2.8041666666666667

m: 5.833333333333333

Residual: 0.33323312867447946


epsilon: 2.8041666666666667

m: 6.0

Residual: 0.400816123372675


epsilon: 2.8041666666666667

m: 6.166666666666666

Residual: 0.45330108599849245


epsilon: 2.8041666666666667

m: 6.333333333333333

Residual: 0.5145388737635915


epsilon: 2.8041666666666667

m: 6.5

Residual: 0.5507201863499752


epsilon: 2.8041666666666667

m: 6.666666666666666

Residual: 0.5990118734169751


epsilon: 2.8041666666666667

m: 6.833333333333333

Residual: 0.6178996665130396


epsilon: 2.8041666666666667

m: 7.0

Residual: 0.6485182553793973


epsilon: 3.0500000000000003

m: 3.0

Residual: 0.9293643834351198


epsilon: 3.0500000000000003

m: 3.1666666666666665

Residual: 0.904933155459657


epsilon: 3.0500000000000003

m: 3.3333333333333335

Residual: 0.8736984390723448


epsilon: 3.0500000000000003

m: 3.5

Residual: 0.8344105885843234


epsilon: 3.0500000000000003

m: 3.6666666666666665

Residual: 0.7862583512869404


epsilon: 3.0500000000000003

m: 3.833333333333333

Residual: 0.728149292073564


epsilon: 3.0500000000000003

m: 4.0

Residual: 0.6607028657446754


epsilon: 3.0500000000000003

m: 4.166666666666666

Residual: 0.5835926790477142


epsilon: 3.0500000000000003

m: 4.333333333333333

Residual: 0.4991182348411047


epsilon: 3.0500000000000003

m: 4.5

Residual: 0.4079959365264807


epsilon: 3.0500000000000003

m: 4.666666666666666

Residual: 0.3195595259603414


epsilon: 3.0500000000000003

m: 4.833333333333333

Residual: 0.22986581584632623


epsilon: 3.0500000000000003

m: 5.0

Residual: 0.16188428549841347


epsilon: 3.0500000000000003

m: 5.166666666666666

Residual: 0.10698718642272562


epsilon: 3.0500000000000003

m: 5.333333333333333

Residual: 0.08352222980744163


epsilon: 3.0500000000000003

m: 5.5

Residual: 0.14950394805421485


epsilon: 3.0500000000000003

m: 5.666666666666666

Residual: 0.23573904271017668


epsilon: 3.0500000000000003

m: 5.833333333333333

Residual: 0.29400884671839755


epsilon: 3.0500000000000003

m: 6.0

Residual: 0.3612288417107613


epsilon: 3.0500000000000003

m: 6.166666666666666

Residual: 0.4169314949474033


epsilon: 3.0500000000000003

m: 6.333333333333333

Residual: 0.4650161894071443


epsilon: 3.0500000000000003

m: 6.5

Residual: 0.5128149805375852


epsilon: 3.0500000000000003

m: 6.666666666666666

Residual: 0.5660371630350995


epsilon: 3.0500000000000003

m: 6.833333333333333

Residual: 0.5906409263505862


epsilon: 3.0500000000000003

m: 7.0

Residual: 0.627761855323256


epsilon: 3.295833333333334

m: 3.0

Residual: 0.9344479718138722


epsilon: 3.295833333333334

m: 3.1666666666666665

Residual: 0.9117319950974692


epsilon: 3.295833333333334

m: 3.3333333333333335

Residual: 0.8826265684821393


epsilon: 3.295833333333334

m: 3.5

Residual: 0.8458155533867416


epsilon: 3.295833333333334

m: 3.6666666666666665

Residual: 0.8005913274740925


epsilon: 3.295833333333334

m: 3.833333333333333

Residual: 0.7461005640043871


epsilon: 3.295833333333334

m: 4.0

Residual: 0.6817756998283635


epsilon: 3.295833333333334

m: 4.166666666666666

Residual: 0.6092350536243906


epsilon: 3.295833333333334

m: 4.333333333333333

Residual: 0.5267915670233762


epsilon: 3.295833333333334

m: 4.5

Residual: 0.4375121502997426


epsilon: 3.295833333333334

m: 4.666666666666666

Residual: 0.3456517578961399


epsilon: 3.295833333333334

m: 4.833333333333333

Residual: 0.2575645805388243


epsilon: 3.295833333333334

m: 5.0

Residual: 0.1796511453677161


epsilon: 3.295833333333334

m: 5.166666666666666

Residual: 0.11851910160090871


epsilon: 3.295833333333334

m: 5.333333333333333

Residual: 0.0824938867382358


epsilon: 3.295833333333334

m: 5.5

Residual: 0.11330915545374129


epsilon: 3.295833333333334

m: 5.666666666666666

Residual: 0.1882316991993443


epsilon: 3.295833333333334

m: 5.833333333333333

Residual: 0.2603787156978439


epsilon: 3.295833333333334

m: 6.0

Residual: 0.33070226370809985


epsilon: 3.295833333333334

m: 6.166666666666666

Residual: 0.3895665897429491


epsilon: 3.295833333333334

m: 6.333333333333333

Residual: 0.4395430602366979


epsilon: 3.295833333333334

m: 6.5

Residual: 0.4998093975155661


epsilon: 3.295833333333334

m: 6.666666666666666

Residual: 0.5239970543328539


epsilon: 3.295833333333334

m: 6.833333333333333

Residual: 0.573153257125684


epsilon: 3.295833333333334

m: 7.0

Residual: 0.6029061737790882


epsilon: 3.541666666666667

m: 3.0

Residual: 0.9388664818499355


epsilon: 3.541666666666667

m: 3.1666666666666665

Residual: 0.917611351596098


epsilon: 3.541666666666667

m: 3.3333333333333335

Residual: 0.8902698618280345


epsilon: 3.541666666666667

m: 3.5

Residual: 0.855743908950965


epsilon: 3.541666666666667

m: 3.6666666666666665

Residual: 0.8131141448159875


epsilon: 3.541666666666667

m: 3.833333333333333

Residual: 0.7616206415393492


epsilon: 3.541666666666667

m: 4.0

Residual: 0.7005671442767113


epsilon: 3.541666666666667

m: 4.166666666666666

Residual: 0.6308427152764389


epsilon: 3.541666666666667

m: 4.333333333333333

Residual: 0.5530842897662301


epsilon: 3.541666666666667

m: 4.5

Residual: 0.4683945629782891


epsilon: 3.541666666666667

m: 4.666666666666666

Residual: 0.37875574272171425


epsilon: 3.541666666666667

m: 4.833333333333333

Residual: 0.28605022729439655


epsilon: 3.541666666666667

m: 5.0

Residual: 0.20576437456410962


epsilon: 3.541666666666667

m: 5.166666666666666

Residual: 0.1352193322688747


epsilon: 3.541666666666667

m: 5.333333333333333

Residual: 0.088456818955145


epsilon: 3.541666666666667

m: 5.5

Residual: 0.0739245152029886


epsilon: 3.541666666666667

m: 5.666666666666666

Residual: 0.1588392846160036


epsilon: 3.541666666666667

m: 5.833333333333333

Residual: 0.23012682149315264


epsilon: 3.541666666666667

m: 6.0

Residual: 0.29166728386894447


epsilon: 3.541666666666667

m: 6.166666666666666

Residual: 0.35420525131881797


epsilon: 3.541666666666667

m: 6.333333333333333

Residual: 0.42265354228882823


epsilon: 3.541666666666667

m: 6.5

Residual: 0.4639686637445925


epsilon: 3.541666666666667

m: 6.666666666666666

Residual: 0.5255074671961821


epsilon: 3.541666666666667

m: 6.833333333333333

Residual: 0.5475907835637512


epsilon: 3.541666666666667

m: 7.0

Residual: 0.5787885125886583


epsilon: 3.7875

m: 3.0

Residual: 0.9427298181711007


epsilon: 3.7875

m: 3.1666666666666665

Residual: 0.9227725896379424


epsilon: 3.7875

m: 3.3333333333333335

Residual: 0.8970327081192524


epsilon: 3.7875

m: 3.5

Residual: 0.8644602557910901


epsilon: 3.7875

m: 3.6666666666666665

Residual: 0.8241539954255722


epsilon: 3.7875

m: 3.833333333333333

Residual: 0.7752513607382417


epsilon: 3.7875

m: 4.0

Residual: 0.7171736448825221


epsilon: 3.7875

m: 4.166666666666666

Residual: 0.6506371108119242


epsilon: 3.7875

m: 4.333333333333333

Residual: 0.5762915841467116


epsilon: 3.7875

m: 4.5

Residual: 0.4941854313122524


epsilon: 3.7875

m: 4.666666666666666

Residual: 0.4066543540271332


epsilon: 3.7875

m: 4.833333333333333

Residual: 0.3159777622996039


epsilon: 3.7875

m: 5.0

Residual: 0.231052562780172


epsilon: 3.7875

m: 5.166666666666666

Residual: 0.15404192771078543


epsilon: 3.7875

m: 5.333333333333333

Residual: 0.09201582824473471


epsilon: 3.7875

m: 5.5

Residual: 0.06304565164556161


epsilon: 3.7875

m: 5.666666666666666

Residual: 0.12202526190787924


epsilon: 3.7875

m: 5.833333333333333

Residual: 0.20089388265169222


epsilon: 3.7875

m: 6.0

Residual: 0.2609626917778022


epsilon: 3.7875

m: 6.166666666666666

Residual: 0.3313881687255271


epsilon: 3.7875

m: 6.333333333333333

Residual: 0.38189843415565616


epsilon: 3.7875

m: 6.5

Residual: 0.43085662138584113


epsilon: 3.7875

m: 6.666666666666666

Residual: 0.4871243233081595


epsilon: 3.7875

m: 6.833333333333333

Residual: 0.5318499570597519


epsilon: 3.7875

m: 7.0

Residual: 0.5648162645650127


epsilon: 4.033333333333333

m: 3.0

Residual: 0.9461229737981921


epsilon: 4.033333333333333

m: 3.1666666666666665

Residual: 0.9272883598899289


epsilon: 4.033333333333333

m: 3.3333333333333335

Residual: 0.9030131162217087


epsilon: 4.033333333333333

m: 3.5

Residual: 0.8721870371325934


epsilon: 4.033333333333333

m: 3.6666666666666665

Residual: 0.8340276065972767


epsilon: 4.033333333333333

m: 3.833333333333333

Residual: 0.7876813846730324


epsilon: 4.033333333333333

m: 4.0

Residual: 0.732526691364312


epsilon: 4.033333333333333

m: 4.166666666666666

Residual: 0.6684654117946298


epsilon: 4.033333333333333

m: 4.333333333333333

Residual: 0.5965267424709941


epsilon: 4.033333333333333

m: 4.5

Residual: 0.5171550227730545


epsilon: 4.033333333333333

m: 4.666666666666666

Residual: 0.43312333003510906


epsilon: 4.033333333333333

m: 4.833333333333333

Residual: 0.34143374851832486


epsilon: 4.033333333333333

m: 5.0

Residual: 0.2538744757633795


epsilon: 4.033333333333333

m: 5.166666666666666

Residual: 0.17604717635535325


epsilon: 4.033333333333333

m: 5.333333333333333

Residual: 0.10812405513901971


epsilon: 4.033333333333333

m: 5.5

Residual: 0.058088251138200826


epsilon: 4.033333333333333

m: 5.666666666666666

Residual: 0.08841647550427303


epsilon: 4.033333333333333

m: 5.833333333333333

Residual: 0.16344794188102632


epsilon: 4.033333333333333

m: 6.0

Residual: 0.2327408814015998


epsilon: 4.033333333333333

m: 6.166666666666666

Residual: 0.29424866100300123


epsilon: 4.033333333333333

m: 6.333333333333333

Residual: 0.35318871817047764


epsilon: 4.033333333333333

m: 6.5

Residual: 0.40043586409041537


epsilon: 4.033333333333333

m: 6.666666666666666

Residual: 0.4505218558583927


epsilon: 4.033333333333333

m: 6.833333333333333

Residual: 0.5126128685130925


epsilon: 4.033333333333333

m: 7.0

Residual: 0.5414791221109619


epsilon: 4.279166666666667

m: 3.0

Residual: 0.9491398594885314


epsilon: 4.279166666666667

m: 3.1666666666666665

Residual: 0.9313114065594513


epsilon: 4.279166666666667

m: 3.3333333333333335

Residual: 0.9082929544256747


epsilon: 4.279166666666667

m: 3.5

Residual: 0.8791052161756026


epsilon: 4.279166666666667

m: 3.6666666666666665

Residual: 0.842904975305568


epsilon: 4.279166666666667

m: 3.833333333333333

Residual: 0.7985186899719053


epsilon: 4.279166666666667

m: 4.0

Residual: 0.7461331844491689


epsilon: 4.279166666666667

m: 4.166666666666666

Residual: 0.6840886065051739


epsilon: 4.279166666666667

m: 4.333333333333333

Residual: 0.6155162798316743


epsilon: 4.279166666666667

m: 4.5

Residual: 0.5390367838214399


epsilon: 4.279166666666667

m: 4.666666666666666

Residual: 0.4555127045843529


epsilon: 4.279166666666667

m: 4.833333333333333

Residual: 0.36825268140291534


epsilon: 4.279166666666667

m: 5.0

Residual: 0.2821778456538751


epsilon: 4.279166666666667

m: 5.166666666666666

Residual: 0.19548635759451913


epsilon: 4.279166666666667

m: 5.333333333333333

Residual: 0.12775439126885293


epsilon: 4.279166666666667

m: 5.5

Residual: 0.07369151270768515


epsilon: 4.279166666666667

m: 5.666666666666666

Residual: 0.057742733304153575


epsilon: 4.279166666666667

m: 5.833333333333333

Residual: 0.13633925204510913


epsilon: 4.279166666666667

m: 6.0

Residual: 0.21198823435353753


epsilon: 4.279166666666667

m: 6.166666666666666

Residual: 0.2667466730797354


epsilon: 4.279166666666667

m: 6.333333333333333

Residual: 0.3266809840999433


epsilon: 4.279166666666667

m: 6.5

Residual: 0.3789263301971162


epsilon: 4.279166666666667

m: 6.666666666666666

Residual: 0.43147355843605434


epsilon: 4.279166666666667

m: 6.833333333333333

Residual: 0.4774826226410201


epsilon: 4.279166666666667

m: 7.0

Residual: 0.5316844667735199


epsilon: 4.525

m: 3.0

Residual: 0.9518375942275427


epsilon: 4.525

m: 3.1666666666666665

Residual: 0.9349382417739626


epsilon: 4.525

m: 3.3333333333333335

Residual: 0.9130868748867828


epsilon: 4.525

m: 3.5

Residual: 0.8852865187371888


epsilon: 4.525

m: 3.6666666666666665

Residual: 0.8506780527093472


epsilon: 4.525

m: 3.833333333333333

Residual: 0.808497940520559


epsilon: 4.525

m: 4.0

Residual: 0.7577052431511863


epsilon: 4.525

m: 4.166666666666666

Residual: 0.6989388915829323


epsilon: 4.525

m: 4.333333333333333

Residual: 0.6325289145149234


epsilon: 4.525

m: 4.5

Residual: 0.5570410318086648


epsilon: 4.525

m: 4.666666666666666

Residual: 0.47757593347180605


epsilon: 4.525

m: 4.833333333333333

Residual: 0.39378772430589604


epsilon: 4.525

m: 5.0

Residual: 0.30574807250350255


epsilon: 4.525

m: 5.166666666666666

Residual: 0.22988803297611615


epsilon: 4.525

m: 5.333333333333333

Residual: 0.14244928402404947


epsilon: 4.525

m: 5.5

Residual: 0.07851375135571154


epsilon: 4.525

m: 5.666666666666666

Residual: 0.047090239499215786


epsilon: 4.525

m: 5.833333333333333

Residual: 0.1094730700764683


epsilon: 4.525

m: 6.0

Residual: 0.17664373539857747


epsilon: 4.525

m: 6.166666666666666

Residual: 0.25038138088958867


epsilon: 4.525

m: 6.333333333333333

Residual: 0.31133674158054797


epsilon: 4.525

m: 6.5

Residual: 0.361570947695844


epsilon: 4.525

m: 6.666666666666666

Residual: 0.4081225270214987


epsilon: 4.525

m: 6.833333333333333

Residual: 0.4628289449938313


epsilon: 4.525

m: 7.0

Residual: 0.5016492160510456


epsilon: 4.770833333333333

m: 3.0

Residual: 0.9542495467409363


epsilon: 4.770833333333333

m: 3.1666666666666665

Residual: 0.9381819525726305


epsilon: 4.770833333333333

m: 3.3333333333333335

Residual: 0.917352556851252


epsilon: 4.770833333333333

m: 3.5

Residual: 0.8909394599254473


epsilon: 4.770833333333333

m: 3.6666666666666665

Residual: 0.8578736421646037


epsilon: 4.770833333333333

m: 3.833333333333333

Residual: 0.8173875775825321


epsilon: 4.770833333333333

m: 4.0

Residual: 0.7691578101868004


epsilon: 4.770833333333333

m: 4.166666666666666

Residual: 0.7121647590617227


epsilon: 4.770833333333333

m: 4.333333333333333

Residual: 0.6477762994427844


epsilon: 4.770833333333333

m: 4.5

Residual: 0.575017599540774


epsilon: 4.770833333333333

m: 4.666666666666666

Residual: 0.49643117872224335


epsilon: 4.770833333333333

m: 4.833333333333333

Residual: 0.4161942477048156


epsilon: 4.770833333333333

m: 5.0

Residual: 0.3286943118279491


epsilon: 4.770833333333333

m: 5.166666666666666

Residual: 0.2490209503100049


epsilon: 4.770833333333333

m: 5.333333333333333

Residual: 0.16289626788255904


epsilon: 4.770833333333333

m: 5.5

Residual: 0.09270014410506619


epsilon: 4.770833333333333

m: 5.666666666666666

Residual: 0.04761076699366154


epsilon: 4.770833333333333

m: 5.833333333333333

Residual: 0.07745384424776655


epsilon: 4.770833333333333

m: 6.0

Residual: 0.15279258103905516


epsilon: 4.770833333333333

m: 6.166666666666666

Residual: 0.2142703695565988


epsilon: 4.770833333333333

m: 6.333333333333333

Residual: 0.2779879631536599


epsilon: 4.770833333333333

m: 6.5

Residual: 0.33372161129067623


epsilon: 4.770833333333333

m: 6.666666666666666

Residual: 0.39319707438598583


epsilon: 4.770833333333333

m: 6.833333333333333

Residual: 0.42786894084346705


epsilon: 4.770833333333333

m: 7.0

Residual: 0.4751920397398684


epsilon: 5.016666666666667

m: 3.0

Residual: 0.9564513866638906


epsilon: 5.016666666666667

m: 3.1666666666666665

Residual: 0.9411164845991205


epsilon: 5.016666666666667

m: 3.3333333333333335

Residual: 0.921261926510374


epsilon: 5.016666666666667

m: 3.5

Residual: 0.8959701404353012


epsilon: 5.016666666666667

m: 3.6666666666666665

Residual: 0.8643483017055621


epsilon: 5.016666666666667

m: 3.833333333333333

Residual: 0.8256381452066882


epsilon: 5.016666666666667

m: 4.0

Residual: 0.7791475137189758


epsilon: 5.016666666666667

m: 4.166666666666666

Residual: 0.7246526771812054


epsilon: 5.016666666666667

m: 4.333333333333333

Residual: 0.6622236264805855


epsilon: 5.016666666666667

m: 4.5

Residual: 0.5921388390017921


epsilon: 5.016666666666667

m: 4.666666666666666

Residual: 0.5157062115492316


epsilon: 5.016666666666667

m: 4.833333333333333

Residual: 0.4338885786136035


epsilon: 5.016666666666667

m: 5.0

Residual: 0.34806053778294854


epsilon: 5.016666666666667

m: 5.166666666666666

Residual: 0.26694205435485996


epsilon: 5.016666666666667

m: 5.333333333333333

Residual: 0.18599115085490264


epsilon: 5.016666666666667

m: 5.5

Residual: 0.11368689011419486


epsilon: 5.016666666666667

m: 5.666666666666666

Residual: 0.054737121609936684


epsilon: 5.016666666666667

m: 5.833333333333333

Residual: 0.0674522162617562


epsilon: 5.016666666666667

m: 6.0

Residual: 0.12849181364241183


epsilon: 5.016666666666667

m: 6.166666666666666

Residual: 0.19524687544339578


epsilon: 5.016666666666667

m: 6.333333333333333

Residual: 0.2558643657840589


epsilon: 5.016666666666667

m: 6.5

Residual: 0.3087677603184315


epsilon: 5.016666666666667

m: 6.666666666666666

Residual: 0.36014058269726357


epsilon: 5.016666666666667

m: 6.833333333333333

Residual: 0.4185286988087616


epsilon: 5.016666666666667

m: 7.0

Residual: 0.4552372315856745


epsilon: 5.2625

m: 3.0

Residual: 0.9584442390211787


epsilon: 5.2625

m: 3.1666666666666665

Residual: 0.9438029598635055


epsilon: 5.2625

m: 3.3333333333333335

Residual: 0.9248104499130385


epsilon: 5.2625

m: 3.5

Residual: 0.9005523976035281


epsilon: 5.2625

m: 3.6666666666666665

Residual: 0.8702957918626565


epsilon: 5.2625

m: 3.833333333333333

Residual: 0.833111924179551


epsilon: 5.2625

m: 4.0

Residual: 0.7882858038767461


epsilon: 5.2625

m: 4.166666666666666

Residual: 0.7354893655917664


epsilon: 5.2625

m: 4.333333333333333

Residual: 0.6754882059193054


epsilon: 5.2625

m: 4.5

Residual: 0.6083078233981916


epsilon: 5.2625

m: 4.666666666666666

Residual: 0.5336762531974932


epsilon: 5.2625

m: 4.833333333333333

Residual: 0.45624814321460083


epsilon: 5.2625

m: 5.0

Residual: 0.37116622937792526


epsilon: 5.2625

m: 5.166666666666666

Residual: 0.2907394038090638


epsilon: 5.2625

m: 5.333333333333333

Residual: 0.2064276777070927


epsilon: 5.2625

m: 5.5

Residual: 0.12786506945735202


epsilon: 5.2625

m: 5.666666666666666

Residual: 0.06320490404007902


epsilon: 5.2625

m: 5.833333333333333

Residual: 0.04119880900138583


epsilon: 5.2625

m: 6.0

Residual: 0.10945965384740763


epsilon: 5.2625

m: 6.166666666666666

Residual: 0.17589792007124255


epsilon: 5.2625

m: 6.333333333333333

Residual: 0.23068627060905703


epsilon: 5.2625

m: 6.5

Residual: 0.294120076779809


epsilon: 5.2625

m: 6.666666666666666

Residual: 0.34127827733321037


epsilon: 5.2625

m: 6.833333333333333

Residual: 0.38839101938892157


epsilon: 5.2625

m: 7.0

Residual: 0.44045814362096103


epsilon: 5.508333333333333

m: 3.0

Residual: 0.9602644118877827


epsilon: 5.508333333333333

m: 3.1666666666666665

Residual: 0.9462534351445778


epsilon: 5.508333333333333

m: 3.3333333333333335

Residual: 0.9280374514472209


epsilon: 5.508333333333333

m: 3.5

Residual: 0.9048369497818363


epsilon: 5.508333333333333

m: 3.6666666666666665

Residual: 0.8757485215780265


epsilon: 5.508333333333333

m: 3.833333333333333

Residual: 0.8398011682445753


epsilon: 5.508333333333333

m: 4.0

Residual: 0.7968096766180545


epsilon: 5.508333333333333

m: 4.166666666666666

Residual: 0.745966922934789


epsilon: 5.508333333333333

m: 4.333333333333333

Residual: 0.6880113712763007


epsilon: 5.508333333333333

m: 4.5

Residual: 0.6219328392420885


epsilon: 5.508333333333333

m: 4.666666666666666

Residual: 0.5507693218368267


epsilon: 5.508333333333333

m: 4.833333333333333

Residual: 0.4728564261072785


epsilon: 5.508333333333333

m: 5.0

Residual: 0.3918734262624064


epsilon: 5.508333333333333

m: 5.166666666666666

Residual: 0.3097814572239054


epsilon: 5.508333333333333

m: 5.333333333333333

Residual: 0.2239660774433271


epsilon: 5.508333333333333

m: 5.5

Residual: 0.14845006021711615


epsilon: 5.508333333333333

m: 5.666666666666666

Residual: 0.08119729076349112


epsilon: 5.508333333333333

m: 5.833333333333333

Residual: 0.04026981207895992


epsilon: 5.508333333333333

m: 6.0

Residual: 0.0816386991307372


epsilon: 5.508333333333333

m: 6.166666666666666

Residual: 0.1482334836966805


epsilon: 5.508333333333333

m: 6.333333333333333

Residual: 0.21273805786078642


epsilon: 5.508333333333333

m: 6.5

Residual: 0.2790454304794204


epsilon: 5.508333333333333

m: 6.666666666666666

Residual: 0.3367826309423204


epsilon: 5.508333333333333

m: 6.833333333333333

Residual: 0.3650450132071465


epsilon: 5.508333333333333

m: 7.0

Residual: 0.44448487797423586


epsilon: 5.754166666666666

m: 3.0

Residual: 0.9619266275228894


epsilon: 5.754166666666666

m: 3.1666666666666665

Residual: 0.9484631075829926


epsilon: 5.754166666666666

m: 3.3333333333333335

Residual: 0.9310100511046125


epsilon: 5.754166666666666

m: 3.5

Residual: 0.9086845583372075


epsilon: 5.754166666666666

m: 3.6666666666666665

Residual: 0.8807168431038531


epsilon: 5.754166666666666

m: 3.833333333333333

Residual: 0.8462243657472328


epsilon: 5.754166666666666

m: 4.0

Residual: 0.8046329916270887


epsilon: 5.754166666666666

m: 4.166666666666666

Residual: 0.7553269324235474


epsilon: 5.754166666666666

m: 4.333333333333333

Residual: 0.6993309862141045


epsilon: 5.754166666666666

m: 4.5

Residual: 0.6351922094928898


epsilon: 5.754166666666666

m: 4.666666666666666

Residual: 0.565717981546426


epsilon: 5.754166666666666

m: 4.833333333333333

Residual: 0.4875914552712814


epsilon: 5.754166666666666

m: 5.0

Residual: 0.41047847320965164


epsilon: 5.754166666666666

m: 5.166666666666666

Residual: 0.3292575951575506


epsilon: 5.754166666666666

m: 5.333333333333333

Residual: 0.2450067071910424


epsilon: 5.754166666666666

m: 5.5

Residual: 0.17101778048745075


epsilon: 5.754166666666666

m: 5.666666666666666

Residual: 0.09275837369166534


epsilon: 5.754166666666666

m: 5.833333333333333

Residual: 0.04892324209378991


epsilon: 5.754166666666666

m: 6.0

Residual: 0.06074347004730233


epsilon: 5.754166666666666

m: 6.166666666666666

Residual: 0.13334590214169448


epsilon: 5.754166666666666

m: 6.333333333333333

Residual: 0.1924393688146449


epsilon: 5.754166666666666

m: 6.5

Residual: 0.25646972195362544


epsilon: 5.754166666666666

m: 6.666666666666666

Residual: 0.30432479506646465


epsilon: 5.754166666666666

m: 6.833333333333333

Residual: 0.35729652196150236


epsilon: 5.754166666666666

m: 7.0

Residual: 0.40459630495937565


epsilon: 6.0

m: 3.0

Residual: 0.9634662205497319


epsilon: 6.0

m: 3.1666666666666665

Residual: 0.9505340841957723


epsilon: 6.0

m: 3.3333333333333335

Residual: 0.9337417333819023


epsilon: 6.0

m: 3.5

Residual: 0.9123053889338918


epsilon: 6.0

m: 3.6666666666666665

Residual: 0.885307769101254


epsilon: 6.0

m: 3.833333333333333

Residual: 0.8521014969991213


epsilon: 6.0

m: 4.0

Residual: 0.8118503027085217


epsilon: 6.0

m: 4.166666666666666

Residual: 0.7646383780696993


epsilon: 6.0

m: 4.333333333333333

Residual: 0.7091313490098781


epsilon: 6.0

m: 4.5

Residual: 0.6479503163125155


epsilon: 6.0

m: 4.666666666666666

Residual: 0.57867257867492


epsilon: 6.0

m: 4.833333333333333

Residual: 0.5058804177084323


epsilon: 6.0

m: 5.0

Residual: 0.4263050624119023


epsilon: 6.0

m: 5.166666666666666

Residual: 0.3454645734288633


epsilon: 6.0

m: 5.333333333333333

Residual: 0.2647802528408416


epsilon: 6.0

m: 5.5

Residual: 0.18190396074226198


epsilon: 6.0

m: 5.666666666666666

Residual: 0.11124485730356638


epsilon: 6.0

m: 5.833333333333333

Residual: 0.053977446209016774


epsilon: 6.0

m: 6.0

Residual: 0.045376640263466494


epsilon: 6.0

m: 6.166666666666666

Residual: 0.11235741224604763


epsilon: 6.0

m: 6.333333333333333

Residual: 0.16804533671318497


epsilon: 6.0

m: 6.5

Residual: 0.22299239767629456


epsilon: 6.0

m: 6.666666666666666

Residual: 0.2914799695711144


epsilon: 6.0

m: 6.833333333333333

Residual: 0.333064650434582


epsilon: 6.0

m: 7.0

Residual: 0.37311048590942686


