epsilon: 0.1

m: 3.0

Residual: 0.4217613363549507


epsilon: 0.1

m: 3.0

Residual: 0.4219441125074374


epsilon: 0.1

m: 3.1666666666666665

Residual: 0.452059913677398


epsilon: 0.1

m: 3.3333333333333335

Residual: 0.5005265012497504


epsilon: 0.1

m: 3.5

Residual: 0.5617552110231362


epsilon: 0.1

m: 3.6666666666666665

Residual: 0.6299321012070725


epsilon: 0.1

m: 3.833333333333333

Residual: 0.6983931479093043


epsilon: 0.1

m: 4.0

Residual: 0.7568793353859008


epsilon: 0.1

m: 4.166666666666666

Residual: 0.8034484122462952


epsilon: 0.1

m: 4.333333333333333

Residual: 0.8405425784169028


epsilon: 0.1

m: 4.5

Residual: 0.8702093917468244


epsilon: 0.1

m: 4.666666666666666

Residual: 0.893586887206271


epsilon: 0.1

m: 4.833333333333333

Residual: 0.9122440003457949


epsilon: 0.1

m: 5.0

Residual: 0.9268406775485941


epsilon: 0.1

m: 5.166666666666666

Residual: 0.9386453526947264


epsilon: 0.1

m: 5.333333333333333

Residual: 0.9482030508946256


epsilon: 0.1

m: 5.5

Residual: 0.9559346717494722


epsilon: 0.1

m: 5.666666666666666

Residual: 0.9620486199985866


epsilon: 0.1

m: 5.833333333333333

Residual: 0.9674237899627729


epsilon: 0.1

m: 6.0

Residual: 0.9717432934066942


epsilon: 0.1

m: 6.166666666666666

Residual: 0.9751867515748603


epsilon: 0.1

m: 6.333333333333333

Residual: 0.9780470488386706


epsilon: 0.1

m: 6.5

Residual: 0.9804865637366105


epsilon: 0.1

m: 6.666666666666666

Residual: 0.9825867294394913


epsilon: 0.1

m: 6.833333333333333

Residual: 0.984502352407531


epsilon: 0.1

m: 7.0

Residual: 0.9861023423377197


epsilon: 0.3458333333333333

m: 3.0

Residual: 0.48682067259768214


epsilon: 0.3458333333333333

m: 3.1666666666666665

Residual: 0.42284447457122193


epsilon: 0.3458333333333333

m: 3.3333333333333335

Residual: 0.37493867718978335


epsilon: 0.3458333333333333

m: 3.5

Residual: 0.34768860748785607


epsilon: 0.3458333333333333

m: 3.6666666666666665

Residual: 0.34375412235990815


epsilon: 0.3458333333333333

m: 3.833333333333333

Residual: 0.364003670463688


epsilon: 0.3458333333333333

m: 4.0

Residual: 0.4065655496196081


epsilon: 0.3458333333333333

m: 4.166666666666666

Residual: 0.46688718861253614


epsilon: 0.3458333333333333

m: 4.333333333333333

Residual: 0.5396522403152173


epsilon: 0.3458333333333333

m: 4.5

Residual: 0.6124626612945048


epsilon: 0.3458333333333333

m: 4.666666666666666

Residual: 0.6744650854657959


epsilon: 0.3458333333333333

m: 4.833333333333333

Residual: 0.7259294823326657


epsilon: 0.3458333333333333

m: 5.0

Residual: 0.7678601326112569


epsilon: 0.3458333333333333

m: 5.166666666666666

Residual: 0.8027331858967415


epsilon: 0.3458333333333333

m: 5.333333333333333

Residual: 0.8317105973768801


epsilon: 0.3458333333333333

m: 5.5

Residual: 0.8558187834941376


epsilon: 0.3458333333333333

m: 5.666666666666666

Residual: 0.8752367941878623


epsilon: 0.3458333333333333

m: 5.833333333333333

Residual: 0.8912615392761486


epsilon: 0.3458333333333333

m: 6.0

Residual: 0.9054731922488622


epsilon: 0.3458333333333333

m: 6.166666666666666

Residual: 0.9169829992331506


epsilon: 0.3458333333333333

m: 6.333333333333333

Residual: 0.9257349643025415


epsilon: 0.3458333333333333

m: 6.5

Residual: 0.9343950256278958


epsilon: 0.3458333333333333

m: 6.666666666666666

Residual: 0.9414278221508598


epsilon: 0.3458333333333333

m: 6.833333333333333

Residual: 0.9474126473335194


epsilon: 0.3458333333333333

m: 7.0

Residual: 0.9533423858577745


epsilon: 0.5916666666666667

m: 3.0

Residual: 0.6161161152608854


epsilon: 0.5916666666666667

m: 3.1666666666666665

Residual: 0.5351431767678841


epsilon: 0.5916666666666667

m: 3.3333333333333335

Residual: 0.4581341690071559


epsilon: 0.5916666666666667

m: 3.5

Residual: 0.39195051463864133


epsilon: 0.5916666666666667

m: 3.6666666666666665

Residual: 0.3404393730092647


epsilon: 0.5916666666666667

m: 3.833333333333333

Residual: 0.3096482544710097


epsilon: 0.5916666666666667

m: 4.0

Residual: 0.30207109595662446


epsilon: 0.5916666666666667

m: 4.166666666666666

Residual: 0.3192634862883397


epsilon: 0.5916666666666667

m: 4.333333333333333

Residual: 0.3620332963923646


epsilon: 0.5916666666666667

m: 4.5

Residual: 0.42426851165540114


epsilon: 0.5916666666666667

m: 4.666666666666666

Residual: 0.5006988204498141


epsilon: 0.5916666666666667

m: 4.833333333333333

Residual: 0.5723949174298938


epsilon: 0.5916666666666667

m: 5.0

Residual: 0.633838017943723


epsilon: 0.5916666666666667

m: 5.166666666666666

Residual: 0.6848685546513774


epsilon: 0.5916666666666667

m: 5.333333333333333

Residual: 0.7286463064297223


epsilon: 0.5916666666666667

m: 5.5

Residual: 0.7651245457063991


epsilon: 0.5916666666666667

m: 5.666666666666666

Residual: 0.7954374244984594


epsilon: 0.5916666666666667

m: 5.833333333333333

Residual: 0.8216392266602845


epsilon: 0.5916666666666667

m: 6.0

Residual: 0.8436287950594952


epsilon: 0.5916666666666667

m: 6.166666666666666

Residual: 0.8613197663530274


epsilon: 0.5916666666666667

m: 6.333333333333333

Residual: 0.8767150762256984


epsilon: 0.5916666666666667

m: 6.5

Residual: 0.8904020789605186


epsilon: 0.5916666666666667

m: 6.666666666666666

Residual: 0.9024765878539857


epsilon: 0.5916666666666667

m: 6.833333333333333

Residual: 0.9123559546663258


epsilon: 0.5916666666666667

m: 7.0

Residual: 0.9196201822933167


epsilon: 0.8375

m: 3.0

Residual: 0.7093915026591541


epsilon: 0.8375

m: 3.1666666666666665

Residual: 0.6292708502417882


epsilon: 0.8375

m: 3.3333333333333335

Residual: 0.5460770090628302


epsilon: 0.8375

m: 3.5

Residual: 0.4656518403371599


epsilon: 0.8375

m: 3.6666666666666665

Residual: 0.3926901532054542


epsilon: 0.8375

m: 3.833333333333333

Residual: 0.3327164433620671


epsilon: 0.8375

m: 4.0

Residual: 0.29135178313111165


epsilon: 0.8375

m: 4.166666666666666

Residual: 0.27185002717179846


epsilon: 0.8375

m: 4.333333333333333

Residual: 0.2778698632458903


epsilon: 0.8375

m: 4.5

Residual: 0.31020377985838077


epsilon: 0.8375

m: 4.666666666666666

Residual: 0.36775700130376315


epsilon: 0.8375

m: 4.833333333333333

Residual: 0.4435745476298142


epsilon: 0.8375

m: 5.0

Residual: 0.5178558050434154


epsilon: 0.8375

m: 5.166666666666666

Residual: 0.581050414637538


epsilon: 0.8375

m: 5.333333333333333

Residual: 0.6351355056158995


epsilon: 0.8375

m: 5.5

Residual: 0.6826445059198081


epsilon: 0.8375

m: 5.666666666666666

Residual: 0.7215353221468126


epsilon: 0.8375

m: 5.833333333333333

Residual: 0.7561973120633041


epsilon: 0.8375

m: 6.0

Residual: 0.7857088425409605


epsilon: 0.8375

m: 6.166666666666666

Residual: 0.8102298347213924


epsilon: 0.8375

m: 6.333333333333333

Residual: 0.8302976231539232


epsilon: 0.8375

m: 6.5

Residual: 0.847321321495516


epsilon: 0.8375

m: 6.666666666666666

Residual: 0.8626285305418584


epsilon: 0.8375

m: 6.833333333333333

Residual: 0.8771548098022267


epsilon: 0.8375

m: 7.0

Residual: 0.8869680516465824


epsilon: 1.0833333333333335

m: 3.0

Residual: 0.7676941328000602


epsilon: 1.0833333333333335

m: 3.1666666666666665

Residual: 0.700856172014986


epsilon: 1.0833333333333335

m: 3.3333333333333335

Residual: 0.6214339257605364


epsilon: 1.0833333333333335

m: 3.5

Residual: 0.5358128996133555


epsilon: 1.0833333333333335

m: 3.6666666666666665

Residual: 0.4542490180852986


epsilon: 1.0833333333333335

m: 3.833333333333333

Residual: 0.37882599727618005


epsilon: 1.0833333333333335

m: 4.0

Residual: 0.31722343633472744


epsilon: 1.0833333333333335

m: 4.166666666666666

Residual: 0.2714493722474311


epsilon: 1.0833333333333335

m: 4.333333333333333

Residual: 0.24813596608932845


epsilon: 1.0833333333333335

m: 4.5

Residual: 0.25076322398256357


epsilon: 1.0833333333333335

m: 4.666666666666666

Residual: 0.28134508991608315


epsilon: 1.0833333333333335

m: 4.833333333333333

Residual: 0.33904461456184193


epsilon: 1.0833333333333335

m: 5.0

Residual: 0.4184412737610386


epsilon: 1.0833333333333335

m: 5.166666666666666

Residual: 0.4909284783525538


epsilon: 1.0833333333333335

m: 5.333333333333333

Residual: 0.5531277999355765


epsilon: 1.0833333333333335

m: 5.5

Residual: 0.607721356082977


epsilon: 1.0833333333333335

m: 5.666666666666666

Residual: 0.6543723154623665


epsilon: 1.0833333333333335

m: 5.833333333333333

Residual: 0.6962575471861064


epsilon: 1.0833333333333335

m: 6.0

Residual: 0.7292883542844912


epsilon: 1.0833333333333335

m: 6.166666666666666

Residual: 0.7618102572201139


epsilon: 1.0833333333333335

m: 6.333333333333333

Residual: 0.7854188492246649


epsilon: 1.0833333333333335

m: 6.5

Residual: 0.8080450706209847


epsilon: 1.0833333333333335

m: 6.666666666666666

Residual: 0.827348164015242


epsilon: 1.0833333333333335

m: 6.833333333333333

Residual: 0.8449658071215305


epsilon: 1.0833333333333335

m: 7.0

Residual: 0.8561013620459333


epsilon: 1.3291666666666668

m: 3.0

Residual: 0.8065070890802081


epsilon: 1.3291666666666668

m: 3.1666666666666665

Residual: 0.7492939767330697


epsilon: 1.3291666666666668

m: 3.3333333333333335

Residual: 0.6802304121093323


epsilon: 1.3291666666666668

m: 3.5

Residual: 0.5992894593600505


epsilon: 1.3291666666666668

m: 3.6666666666666665

Residual: 0.512724444090777


epsilon: 1.3291666666666668

m: 3.833333333333333

Residual: 0.4301154235022663


epsilon: 1.3291666666666668

m: 4.0

Residual: 0.3551672155099179


epsilon: 1.3291666666666668

m: 4.166666666666666

Residual: 0.29312373133070807


epsilon: 1.3291666666666668

m: 4.333333333333333

Residual: 0.2487889222812716


epsilon: 1.3291666666666668

m: 4.5

Residual: 0.2266379257838338


epsilon: 1.3291666666666668

m: 4.666666666666666

Residual: 0.23031995332623886


epsilon: 1.3291666666666668

m: 4.833333333333333

Residual: 0.26488621251036026


epsilon: 1.3291666666666668

m: 5.0

Residual: 0.3305012292878536


epsilon: 1.3291666666666668

m: 5.166666666666666

Residual: 0.4076806925622016


epsilon: 1.3291666666666668

m: 5.333333333333333

Residual: 0.47813798330631135


epsilon: 1.3291666666666668

m: 5.5

Residual: 0.5395425070293112


epsilon: 1.3291666666666668

m: 5.666666666666666

Residual: 0.5930938390126912


epsilon: 1.3291666666666668

m: 5.833333333333333

Residual: 0.6405838473476116


epsilon: 1.3291666666666668

m: 6.0

Residual: 0.6797943070991709


epsilon: 1.3291666666666668

m: 6.166666666666666

Residual: 0.7135496838245706


epsilon: 1.3291666666666668

m: 6.333333333333333

Residual: 0.7422453312153237


epsilon: 1.3291666666666668

m: 6.5

Residual: 0.769959642908858


epsilon: 1.3291666666666668

m: 6.666666666666666

Residual: 0.7937084918588423


epsilon: 1.3291666666666668

m: 6.833333333333333

Residual: 0.8122316325152559


epsilon: 1.3291666666666668

m: 7.0

Residual: 0.8282702400976165


epsilon: 1.5750000000000002

m: 3.0

Residual: 0.8342058199338708


epsilon: 1.5750000000000002

m: 3.1666666666666665

Residual: 0.7841826611911119


epsilon: 1.5750000000000002

m: 3.3333333333333335

Residual: 0.723278556415039


epsilon: 1.5750000000000002

m: 3.5

Residual: 0.6508342195691761


epsilon: 1.5750000000000002

m: 3.6666666666666665

Residual: 0.5671462459463884


epsilon: 1.5750000000000002

m: 3.833333333333333

Residual: 0.4802234603750571


epsilon: 1.5750000000000002

m: 4.0

Residual: 0.3985071206422063


epsilon: 1.5750000000000002

m: 4.166666666666666

Residual: 0.3243078512927056


epsilon: 1.5750000000000002

m: 4.333333333333333

Residual: 0.2662564913194601


epsilon: 1.5750000000000002

m: 4.5

Residual: 0.22516725647576602


epsilon: 1.5750000000000002

m: 4.666666666666666

Residual: 0.20624349939321954


epsilon: 1.5750000000000002

m: 4.833333333333333

Residual: 0.2165028035898621


epsilon: 1.5750000000000002

m: 5.0

Residual: 0.2601586218749914


epsilon: 1.5750000000000002

m: 5.166666666666666

Residual: 0.33507570321124136


epsilon: 1.5750000000000002

m: 5.333333333333333

Residual: 0.4105605809287959


epsilon: 1.5750000000000002

m: 5.5

Residual: 0.47732414449874944


epsilon: 1.5750000000000002

m: 5.666666666666666

Residual: 0.5347067503572501


epsilon: 1.5750000000000002

m: 5.833333333333333

Residual: 0.5849249013619615


epsilon: 1.5750000000000002

m: 6.0

Residual: 0.6293272242002215


epsilon: 1.5750000000000002

m: 6.166666666666666

Residual: 0.6676178030862004


epsilon: 1.5750000000000002

m: 6.333333333333333

Residual: 0.703872117387995


epsilon: 1.5750000000000002

m: 6.5

Residual: 0.7324584604655764


epsilon: 1.5750000000000002

m: 6.666666666666666

Residual: 0.7590600480681914


epsilon: 1.5750000000000002

m: 6.833333333333333

Residual: 0.7803060307804678


epsilon: 1.5750000000000002

m: 7.0

Residual: 0.7999668596130576


epsilon: 1.8208333333333335

m: 3.0

Residual: 0.8549607279253069


epsilon: 1.8208333333333335

m: 3.1666666666666665

Residual: 0.8105994651749987


epsilon: 1.8208333333333335

m: 3.3333333333333335

Residual: 0.7560435702794547


epsilon: 1.8208333333333335

m: 3.5

Residual: 0.6906642653386806


epsilon: 1.8208333333333335

m: 3.6666666666666665

Residual: 0.6142829987500612


epsilon: 1.8208333333333335

m: 3.833333333333333

Residual: 0.5274332292142613


epsilon: 1.8208333333333335

m: 4.0

Residual: 0.4416090335611785


epsilon: 1.8208333333333335

m: 4.166666666666666

Residual: 0.36148165718960984


epsilon: 1.8208333333333335

m: 4.333333333333333

Residual: 0.29148206454714387


epsilon: 1.8208333333333335

m: 4.5

Residual: 0.23671963617265082


epsilon: 1.8208333333333335

m: 4.666666666666666

Residual: 0.20069987347534168


epsilon: 1.8208333333333335

m: 4.833333333333333

Residual: 0.1895690121008517


epsilon: 1.8208333333333335

m: 5.0

Residual: 0.20934355704088445


epsilon: 1.8208333333333335

m: 5.166666666666666

Residual: 0.26983859455909504


epsilon: 1.8208333333333335

m: 5.333333333333333

Residual: 0.3486256282210507


epsilon: 1.8208333333333335

m: 5.5

Residual: 0.41846110664204617


epsilon: 1.8208333333333335

m: 5.666666666666666

Residual: 0.4799683371714261


epsilon: 1.8208333333333335

m: 5.833333333333333

Residual: 0.5376043633277983


epsilon: 1.8208333333333335

m: 6.0

Residual: 0.5845246876227302


epsilon: 1.8208333333333335

m: 6.166666666666666

Residual: 0.6268903499754895


epsilon: 1.8208333333333335

m: 6.333333333333333

Residual: 0.6662696506972638


epsilon: 1.8208333333333335

m: 6.5

Residual: 0.6952970582985484


epsilon: 1.8208333333333335

m: 6.666666666666666

Residual: 0.7228282211679246


epsilon: 1.8208333333333335

m: 6.833333333333333

Residual: 0.748710284124688


epsilon: 1.8208333333333335

m: 7.0

Residual: 0.7735723610381529


epsilon: 2.066666666666667

m: 3.0

Residual: 0.8710954136790006


epsilon: 2.066666666666667

m: 3.1666666666666665

Residual: 0.8312081068580641


epsilon: 2.066666666666667

m: 3.3333333333333335

Residual: 0.7819419650608014


epsilon: 2.066666666666667

m: 3.5

Residual: 0.7223450253073609


epsilon: 2.066666666666667

m: 3.6666666666666665

Residual: 0.6521110850868171


epsilon: 2.066666666666667

m: 3.833333333333333

Residual: 0.5717314373628796


epsilon: 2.066666666666667

m: 4.0

Residual: 0.48327675189756364


epsilon: 2.066666666666667

m: 4.166666666666666

Residual: 0.39918708463900265


epsilon: 2.066666666666667

m: 4.333333333333333

Residual: 0.3214800010605058


epsilon: 2.066666666666667

m: 4.5

Residual: 0.255324834329142


epsilon: 2.066666666666667

m: 4.666666666666666

Residual: 0.2066701835763242


epsilon: 2.066666666666667

m: 4.833333333333333

Residual: 0.18003696096879587


epsilon: 2.066666666666667

m: 5.0

Residual: 0.17781455282022238


epsilon: 2.066666666666667

m: 5.166666666666666

Residual: 0.21471298851418938


epsilon: 2.066666666666667

m: 5.333333333333333

Residual: 0.29313492959170784


epsilon: 2.066666666666667

m: 5.5

Residual: 0.36482580986611063


epsilon: 2.066666666666667

m: 5.666666666666666

Residual: 0.4302665617920876


epsilon: 2.066666666666667

m: 5.833333333333333

Residual: 0.4907585662872608


epsilon: 2.066666666666667

m: 6.0

Residual: 0.5402582231395464


epsilon: 2.066666666666667

m: 6.166666666666666

Residual: 0.5860723398820722


epsilon: 2.066666666666667

m: 6.333333333333333

Residual: 0.6267984601047657


epsilon: 2.066666666666667

m: 6.5

Residual: 0.6590902613329483


epsilon: 2.066666666666667

m: 6.666666666666666

Residual: 0.6922418685993874


epsilon: 2.066666666666667

m: 6.833333333333333

Residual: 0.7177104419208473


epsilon: 2.066666666666667

m: 7.0

Residual: 0.7469686563129303


epsilon: 2.3125000000000004

m: 3.0

Residual: 0.8839984478216988


epsilon: 2.3125000000000004

m: 3.1666666666666665

Residual: 0.8477425454608174


epsilon: 2.3125000000000004

m: 3.3333333333333335

Residual: 0.8027715654246518


epsilon: 2.3125000000000004

m: 3.5

Residual: 0.748138918686348


epsilon: 2.3125000000000004

m: 3.6666666666666665

Residual: 0.6834261677354398


epsilon: 2.3125000000000004

m: 3.833333333333333

Residual: 0.6084831237843653


epsilon: 2.3125000000000004

m: 4.0

Residual: 0.5240420927318339


epsilon: 2.3125000000000004

m: 4.166666666666666

Residual: 0.4359720849613959


epsilon: 2.3125000000000004

m: 4.333333333333333

Residual: 0.35293446531646566


epsilon: 2.3125000000000004

m: 4.5

Residual: 0.27938361679275203


epsilon: 2.3125000000000004

m: 4.666666666666666

Residual: 0.22152234695372305


epsilon: 2.3125000000000004

m: 4.833333333333333

Residual: 0.1792057833952488


epsilon: 2.3125000000000004

m: 5.0

Residual: 0.1597171725056924


epsilon: 2.3125000000000004

m: 5.166666666666666

Residual: 0.17509750959033482


epsilon: 2.3125000000000004

m: 5.333333333333333

Residual: 0.239114273267871


epsilon: 2.3125000000000004

m: 5.5

Residual: 0.315087117278346


epsilon: 2.3125000000000004

m: 5.666666666666666

Residual: 0.3834203010065749


epsilon: 2.3125000000000004

m: 5.833333333333333

Residual: 0.4450829163643012


epsilon: 2.3125000000000004

m: 6.0

Residual: 0.5005783470101444


epsilon: 2.3125000000000004

m: 6.166666666666666

Residual: 0.5487203311053628


epsilon: 2.3125000000000004

m: 6.333333333333333

Residual: 0.5923506338916743


epsilon: 2.3125000000000004

m: 6.5

Residual: 0.6281998185876562


epsilon: 2.3125000000000004

m: 6.666666666666666

Residual: 0.6654555516910673


epsilon: 2.3125000000000004

m: 6.833333333333333

Residual: 0.6951388601741298


epsilon: 2.3125000000000004

m: 7.0

Residual: 0.7218498295979685


epsilon: 2.5583333333333336

m: 3.0

Residual: 0.8945572405873634


epsilon: 2.5583333333333336

m: 3.1666666666666665

Residual: 0.8613945232835879


epsilon: 2.5583333333333336

m: 3.3333333333333335

Residual: 0.8200884555391242


epsilon: 2.5583333333333336

m: 3.5

Residual: 0.7695750478025732


epsilon: 2.5583333333333336

m: 3.6666666666666665

Residual: 0.7094413106115611


epsilon: 2.5583333333333336

m: 3.833333333333333

Residual: 0.6391593559265198


epsilon: 2.5583333333333336

m: 4.0

Residual: 0.5596393638900812


epsilon: 2.5583333333333336

m: 4.166666666666666

Residual: 0.472019538509434


epsilon: 2.5583333333333336

m: 4.333333333333333

Residual: 0.3854759307938593


epsilon: 2.5583333333333336

m: 4.5

Residual: 0.30699372295355076


epsilon: 2.5583333333333336

m: 4.666666666666666

Residual: 0.23786041971579494


epsilon: 2.5583333333333336

m: 4.833333333333333

Residual: 0.18770707312978463


epsilon: 2.5583333333333336

m: 5.0

Residual: 0.15609487237835604


epsilon: 2.5583333333333336

m: 5.166666666666666

Residual: 0.15082064138115292


epsilon: 2.5583333333333336

m: 5.333333333333333

Residual: 0.19162613610876064


epsilon: 2.5583333333333336

m: 5.5

Residual: 0.26823645805416024


epsilon: 2.5583333333333336

m: 5.666666666666666

Residual: 0.3407024321072587


epsilon: 2.5583333333333336

m: 5.833333333333333

Residual: 0.40323724391604654


epsilon: 2.5583333333333336

m: 6.0

Residual: 0.45930448936230467


epsilon: 2.5583333333333336

m: 6.166666666666666

Residual: 0.5107787043578135


epsilon: 2.5583333333333336

m: 6.333333333333333

Residual: 0.56000256381675


epsilon: 2.5583333333333336

m: 6.5

Residual: 0.595163365861517


epsilon: 2.5583333333333336

m: 6.666666666666666

Residual: 0.6354225160180434


epsilon: 2.5583333333333336

m: 6.833333333333333

Residual: 0.6676991187037676


epsilon: 2.5583333333333336

m: 7.0

Residual: 0.694348473048233


epsilon: 2.8041666666666667

m: 3.0

Residual: 0.9033710758295157


epsilon: 2.8041666666666667

m: 3.1666666666666665

Residual: 0.8727713831028024


epsilon: 2.8041666666666667

m: 3.3333333333333335

Residual: 0.8345156723856627


epsilon: 2.8041666666666667

m: 3.5

Residual: 0.7876460976941367


epsilon: 2.8041666666666667

m: 3.6666666666666665

Residual: 0.7313604075175957


epsilon: 2.8041666666666667

m: 3.833333333333333

Residual: 0.6655947789371314


epsilon: 2.8041666666666667

m: 4.0

Residual: 0.5903087230967766


epsilon: 2.8041666666666667

m: 4.166666666666666

Residual: 0.5070528721187829


epsilon: 2.8041666666666667

m: 4.333333333333333

Residual: 0.41811294698646395


epsilon: 2.8041666666666667

m: 4.5

Residual: 0.33622232890171727


epsilon: 2.8041666666666667

m: 4.666666666666666

Residual: 0.26135266932349344


epsilon: 2.8041666666666667

m: 4.833333333333333

Residual: 0.20017559858627296


epsilon: 2.8041666666666667

m: 5.0

Residual: 0.15732779635436153


epsilon: 2.8041666666666667

m: 5.166666666666666

Residual: 0.13741135724115158


epsilon: 2.8041666666666667

m: 5.333333333333333

Residual: 0.1536986076981947


epsilon: 2.8041666666666667

m: 5.5

Residual: 0.2257638711111861


epsilon: 2.8041666666666667

m: 5.666666666666666

Residual: 0.299030174477558


epsilon: 2.8041666666666667

m: 5.833333333333333

Residual: 0.3639641587568963


epsilon: 2.8041666666666667

m: 6.0

Residual: 0.4242451720917626


epsilon: 2.8041666666666667

m: 6.166666666666666

Residual: 0.477776040333979


epsilon: 2.8041666666666667

m: 6.333333333333333

Residual: 0.5274906035655206


epsilon: 2.8041666666666667

m: 6.5

Residual: 0.5703125525276094


epsilon: 2.8041666666666667

m: 6.666666666666666

Residual: 0.6047826098942234


epsilon: 2.8041666666666667

m: 6.833333333333333

Residual: 0.637900766360841


epsilon: 2.8041666666666667

m: 7.0

Residual: 0.6712164910883753


epsilon: 3.0500000000000003

m: 3.0

Residual: 0.9108102871732815


epsilon: 3.0500000000000003

m: 3.1666666666666665

Residual: 0.8824179811634624


epsilon: 3.0500000000000003

m: 3.3333333333333335

Residual: 0.8468201154123856


epsilon: 3.0500000000000003

m: 3.5

Residual: 0.8030838926949877


epsilon: 3.0500000000000003

m: 3.6666666666666665

Residual: 0.7503262241185897


epsilon: 3.0500000000000003

m: 3.833333333333333

Residual: 0.6883220186174867


epsilon: 3.0500000000000003

m: 4.0

Residual: 0.6172135619215984


epsilon: 3.0500000000000003

m: 4.166666666666666

Residual: 0.5373850518518642


epsilon: 3.0500000000000003

m: 4.333333333333333

Residual: 0.45084409535624625


epsilon: 3.0500000000000003

m: 4.5

Residual: 0.36417969007336476


epsilon: 3.0500000000000003

m: 4.666666666666666

Residual: 0.28474876898830387


epsilon: 3.0500000000000003

m: 4.833333333333333

Residual: 0.2162964439692581


epsilon: 3.0500000000000003

m: 5.0

Residual: 0.16499330026355177


epsilon: 3.0500000000000003

m: 5.166666666666666

Residual: 0.13190210936447566


epsilon: 3.0500000000000003

m: 5.333333333333333

Residual: 0.12781964849727318


epsilon: 3.0500000000000003

m: 5.5

Residual: 0.18492838324680502


epsilon: 3.0500000000000003

m: 5.666666666666666

Residual: 0.2615473730072557


epsilon: 3.0500000000000003

m: 5.833333333333333

Residual: 0.3270975427344445


epsilon: 3.0500000000000003

m: 6.0

Residual: 0.3902485756390676


epsilon: 3.0500000000000003

m: 6.166666666666666

Residual: 0.44521476715846026


epsilon: 3.0500000000000003

m: 6.333333333333333

Residual: 0.4948565268569923


epsilon: 3.0500000000000003

m: 6.5

Residual: 0.5439248806027088


epsilon: 3.0500000000000003

m: 6.666666666666666

Residual: 0.579329182359132


epsilon: 3.0500000000000003

m: 6.833333333333333

Residual: 0.6156024365280571


epsilon: 3.0500000000000003

m: 7.0

Residual: 0.6429766398911758


epsilon: 3.295833333333334

m: 3.0

Residual: 0.9171782214792883


epsilon: 3.295833333333334

m: 3.1666666666666665

Residual: 0.8907046155173478


epsilon: 3.295833333333334

m: 3.3333333333333335

Residual: 0.8574389783499492


epsilon: 3.295833333333334

m: 3.5

Residual: 0.8164050026030372


epsilon: 3.295833333333334

m: 3.6666666666666665

Residual: 0.7666983792573313


epsilon: 3.295833333333334

m: 3.833333333333333

Residual: 0.7081755389933848


epsilon: 3.295833333333334

m: 4.0

Residual: 0.6405647889356648


epsilon: 3.295833333333334

m: 4.166666666666666

Residual: 0.5646251140956782


epsilon: 3.295833333333334

m: 4.333333333333333

Residual: 0.4811831023050757


epsilon: 3.295833333333334

m: 4.5

Residual: 0.39240742643246795


epsilon: 3.295833333333334

m: 4.666666666666666

Residual: 0.3104717711075236


epsilon: 3.295833333333334

m: 4.833333333333333

Residual: 0.2360093674908707


epsilon: 3.295833333333334

m: 5.0

Residual: 0.17712635935500143


epsilon: 3.295833333333334

m: 5.166666666666666

Residual: 0.1333676187050071


epsilon: 3.295833333333334

m: 5.333333333333333

Residual: 0.1162385503763383


epsilon: 3.295833333333334

m: 5.5

Residual: 0.14691602024487432


epsilon: 3.295833333333334

m: 5.666666666666666

Residual: 0.22540475731457602


epsilon: 3.295833333333334

m: 5.833333333333333

Residual: 0.2949008455942368


epsilon: 3.295833333333334

m: 6.0

Residual: 0.3549282298593684


epsilon: 3.295833333333334

m: 6.166666666666666

Residual: 0.4141024050260159


epsilon: 3.295833333333334

m: 6.333333333333333

Residual: 0.4634332878016593


epsilon: 3.295833333333334

m: 6.5

Residual: 0.5084320147124274


epsilon: 3.295833333333334

m: 6.666666666666666

Residual: 0.5568426180964421


epsilon: 3.295833333333334

m: 6.833333333333333

Residual: 0.5934897978872954


epsilon: 3.295833333333334

m: 7.0

Residual: 0.6198463274324167


epsilon: 3.541666666666667

m: 3.0

Residual: 0.9227090631552577


epsilon: 3.541666666666667

m: 3.1666666666666665

Residual: 0.8979057222198529


epsilon: 3.541666666666667

m: 3.3333333333333335

Residual: 0.8666727817395229


epsilon: 3.541666666666667

m: 3.5

Residual: 0.8280641395743569


epsilon: 3.541666666666667

m: 3.6666666666666665

Residual: 0.7812080815089787


epsilon: 3.541666666666667

m: 3.833333333333333

Residual: 0.7256620455898122


epsilon: 3.541666666666667

m: 4.0

Residual: 0.6613026151378165


epsilon: 3.541666666666667

m: 4.166666666666666

Residual: 0.5884967800602813


epsilon: 3.541666666666667

m: 4.333333333333333

Residual: 0.5076943498456702


epsilon: 3.541666666666667

m: 4.5

Residual: 0.4218848762651874


epsilon: 3.541666666666667

m: 4.666666666666666

Residual: 0.3358624902704115


epsilon: 3.541666666666667

m: 4.833333333333333

Residual: 0.25793617232671723


epsilon: 3.541666666666667

m: 5.0

Residual: 0.191192210403558


epsilon: 3.541666666666667

m: 5.166666666666666

Residual: 0.1400614971908991


epsilon: 3.541666666666667

m: 5.333333333333333

Residual: 0.11139510905890822


epsilon: 3.541666666666667

m: 5.5

Residual: 0.11596247419649976


epsilon: 3.541666666666667

m: 5.666666666666666

Residual: 0.18933786119707485


epsilon: 3.541666666666667

m: 5.833333333333333

Residual: 0.25958658517633804


epsilon: 3.541666666666667

m: 6.0

Residual: 0.32639767078824866


epsilon: 3.541666666666667

m: 6.166666666666666

Residual: 0.38438638347722104


epsilon: 3.541666666666667

m: 6.333333333333333

Residual: 0.43676007994708255


epsilon: 3.541666666666667

m: 6.5

Residual: 0.4858950712078037


epsilon: 3.541666666666667

m: 6.666666666666666

Residual: 0.5322277355135608


epsilon: 3.541666666666667

m: 6.833333333333333

Residual: 0.5672776208002269


epsilon: 3.541666666666667

m: 7.0

Residual: 0.5981890690308255


epsilon: 3.7875

m: 3.0

Residual: 0.9275571522016846


epsilon: 3.7875

m: 3.1666666666666665

Residual: 0.9042232312221653


epsilon: 3.7875

m: 3.3333333333333335

Residual: 0.8747824792643208


epsilon: 3.7875

m: 3.5

Residual: 0.8383274821081926


epsilon: 3.7875

m: 3.6666666666666665

Residual: 0.7940225805666347


epsilon: 3.7875

m: 3.833333333333333

Residual: 0.7411083191402242


epsilon: 3.7875

m: 4.0

Residual: 0.6797871019592789


epsilon: 3.7875

m: 4.166666666666666

Residual: 0.6100210811724371


epsilon: 3.7875

m: 4.333333333333333

Residual: 0.5325590678978108


epsilon: 3.7875

m: 4.5

Residual: 0.44873128827713554


epsilon: 3.7875

m: 4.666666666666666

Residual: 0.36105016702432025


epsilon: 3.7875

m: 4.833333333333333

Residual: 0.27943598889596866


epsilon: 3.7875

m: 5.0

Residual: 0.20942198619426425


epsilon: 3.7875

m: 5.166666666666666

Residual: 0.14912151593693337


epsilon: 3.7875

m: 5.333333333333333

Residual: 0.10892273637254835


epsilon: 3.7875

m: 5.5

Residual: 0.09694810524641015


epsilon: 3.7875

m: 5.666666666666666

Residual: 0.15678053916079263


epsilon: 3.7875

m: 5.833333333333333

Residual: 0.2301905698840515


epsilon: 3.7875

m: 6.0

Residual: 0.2952829122302438


epsilon: 3.7875

m: 6.166666666666666

Residual: 0.355500448371216


epsilon: 3.7875

m: 6.333333333333333

Residual: 0.4081899554647207


epsilon: 3.7875

m: 6.5

Residual: 0.4585228512354137


epsilon: 3.7875

m: 6.666666666666666

Residual: 0.503271257783923


epsilon: 3.7875

m: 6.833333333333333

Residual: 0.540220740811197


epsilon: 3.7875

m: 7.0

Residual: 0.5774131188085231


epsilon: 4.033333333333333

m: 3.0

Residual: 0.9318063446505921


epsilon: 4.033333333333333

m: 3.1666666666666665

Residual: 0.9097723023863271


epsilon: 4.033333333333333

m: 3.3333333333333335

Residual: 0.8819501843235108


epsilon: 4.033333333333333

m: 3.5

Residual: 0.8474050441706886


epsilon: 4.033333333333333

m: 3.6666666666666665

Residual: 0.805331315053363


epsilon: 4.033333333333333

m: 3.833333333333333

Residual: 0.7550757537026499


epsilon: 4.033333333333333

m: 4.0

Residual: 0.6961972495049871


epsilon: 4.033333333333333

m: 4.166666666666666

Residual: 0.6293939916757239


epsilon: 4.033333333333333

m: 4.333333333333333

Residual: 0.5549406741355387


epsilon: 4.033333333333333

m: 4.5

Residual: 0.47408079684533805


epsilon: 4.033333333333333

m: 4.666666666666666

Residual: 0.388515976750563


epsilon: 4.033333333333333

m: 4.833333333333333

Residual: 0.30399175243938525


epsilon: 4.033333333333333

m: 5.0

Residual: 0.22791606850404575


epsilon: 4.033333333333333

m: 5.166666666666666

Residual: 0.16359838820950925


epsilon: 4.033333333333333

m: 5.333333333333333

Residual: 0.11577467808552079


epsilon: 4.033333333333333

m: 5.5

Residual: 0.08884137535202698


epsilon: 4.033333333333333

m: 5.666666666666666

Residual: 0.12911125661636888


epsilon: 4.033333333333333

m: 5.833333333333333

Residual: 0.1963575477974357


epsilon: 4.033333333333333

m: 6.0

Residual: 0.26578773562000435


epsilon: 4.033333333333333

m: 6.166666666666666

Residual: 0.3283691209102709


epsilon: 4.033333333333333

m: 6.333333333333333

Residual: 0.3783233993234864


epsilon: 4.033333333333333

m: 6.5

Residual: 0.4324257447278097


epsilon: 4.033333333333333

m: 6.666666666666666

Residual: 0.47888373782217325


epsilon: 4.033333333333333

m: 6.833333333333333

Residual: 0.5165786426837641


epsilon: 4.033333333333333

m: 7.0

Residual: 0.5603080146834495


epsilon: 4.279166666666667

m: 3.0

Residual: 0.9355996205830136


epsilon: 4.279166666666667

m: 3.1666666666666665

Residual: 0.9147482329340838


epsilon: 4.279166666666667

m: 3.3333333333333335

Residual: 0.8883890239022777


epsilon: 4.279166666666667

m: 3.5

Residual: 0.8555535553408191


epsilon: 4.279166666666667

m: 3.6666666666666665

Residual: 0.8154663354153526


epsilon: 4.279166666666667

m: 3.833333333333333

Residual: 0.7674773733705336


epsilon: 4.279166666666667

m: 4.0

Residual: 0.7112676940622362


epsilon: 4.279166666666667

m: 4.166666666666666

Residual: 0.6467685014453171


epsilon: 4.279166666666667

m: 4.333333333333333

Residual: 0.575007887234978


epsilon: 4.279166666666667

m: 4.5

Residual: 0.4964296080275285


epsilon: 4.279166666666667

m: 4.666666666666666

Residual: 0.41272498150517994


epsilon: 4.279166666666667

m: 4.833333333333333

Residual: 0.3259527619065536


epsilon: 4.279166666666667

m: 5.0

Residual: 0.24771207686002505


epsilon: 4.279166666666667

m: 5.166666666666666

Residual: 0.1798460792810002


epsilon: 4.279166666666667

m: 5.333333333333333

Residual: 0.12310665742981784


epsilon: 4.279166666666667

m: 5.5

Residual: 0.08439060739530908


epsilon: 4.279166666666667

m: 5.666666666666666

Residual: 0.09713768151448045


epsilon: 4.279166666666667

m: 5.833333333333333

Residual: 0.16873034648965246


epsilon: 4.279166666666667

m: 6.0

Residual: 0.23793538172512782


epsilon: 4.279166666666667

m: 6.166666666666666

Residual: 0.3007800874086036


epsilon: 4.279166666666667

m: 6.333333333333333

Residual: 0.3608331668724297


epsilon: 4.279166666666667

m: 6.5

Residual: 0.4066051213452269


epsilon: 4.279166666666667

m: 6.666666666666666

Residual: 0.45861174277406336


epsilon: 4.279166666666667

m: 6.833333333333333

Residual: 0.4989096093885913


epsilon: 4.279166666666667

m: 7.0

Residual: 0.5389651442174076


epsilon: 4.525

m: 3.0

Residual: 0.9390056004338888


epsilon: 4.525

m: 3.1666666666666665

Residual: 0.9191949021975203


epsilon: 4.525

m: 3.3333333333333335

Residual: 0.8941250142344942


epsilon: 4.525

m: 3.5

Residual: 0.8628284807815281


epsilon: 4.525

m: 3.6666666666666665

Residual: 0.8245218753838529


epsilon: 4.525

m: 3.833333333333333

Residual: 0.7785983868235015


epsilon: 4.525

m: 4.0

Residual: 0.7247912011378065


epsilon: 4.525

m: 4.166666666666666

Residual: 0.6628809720147959


epsilon: 4.525

m: 4.333333333333333

Residual: 0.5935170188430942


epsilon: 4.525

m: 4.5

Residual: 0.5167425422430476


epsilon: 4.525

m: 4.666666666666666

Residual: 0.43595966617657184


epsilon: 4.525

m: 4.833333333333333

Residual: 0.3504111039099263


epsilon: 4.525

m: 5.0

Residual: 0.26841852453821696


epsilon: 4.525

m: 5.166666666666666

Residual: 0.19563688732738874


epsilon: 4.525

m: 5.333333333333333

Residual: 0.1340772632565026


epsilon: 4.525

m: 5.5

Residual: 0.08925347976007941


epsilon: 4.525

m: 5.666666666666666

Residual: 0.07357027167185233


epsilon: 4.525

m: 5.833333333333333

Residual: 0.14195895866707708


epsilon: 4.525

m: 6.0

Residual: 0.21111709210618965


epsilon: 4.525

m: 6.166666666666666

Residual: 0.2727200674362785


epsilon: 4.525

m: 6.333333333333333

Residual: 0.3306255276071018


epsilon: 4.525

m: 6.5

Residual: 0.383106709290471


epsilon: 4.525

m: 6.666666666666666

Residual: 0.43219490220381457


epsilon: 4.525

m: 6.833333333333333

Residual: 0.4797510936384567


epsilon: 4.525

m: 7.0

Residual: 0.5199173600868056


epsilon: 4.770833333333333

m: 3.0

Residual: 0.9420409520781393


epsilon: 4.770833333333333

m: 3.1666666666666665

Residual: 0.9232025278944775


epsilon: 4.770833333333333

m: 3.3333333333333335

Residual: 0.8993104273078674


epsilon: 4.770833333333333

m: 3.5

Residual: 0.8694277566250124


epsilon: 4.770833333333333

m: 3.6666666666666665

Residual: 0.8329286002612739


epsilon: 4.770833333333333

m: 3.833333333333333

Residual: 0.7889319123814916


epsilon: 4.770833333333333

m: 4.0

Residual: 0.7371107179121278


epsilon: 4.770833333333333

m: 4.166666666666666

Residual: 0.6774955798217308


epsilon: 4.770833333333333

m: 4.333333333333333

Residual: 0.6104093591677243


epsilon: 4.770833333333333

m: 4.5

Residual: 0.5363983284288173


epsilon: 4.770833333333333

m: 4.666666666666666

Residual: 0.4572926834490802


epsilon: 4.770833333333333

m: 4.833333333333333

Residual: 0.37374744925682746


epsilon: 4.770833333333333

m: 5.0

Residual: 0.2880320155957387


epsilon: 4.770833333333333

m: 5.166666666666666

Residual: 0.2130478346757107


epsilon: 4.770833333333333

m: 5.333333333333333

Residual: 0.14606232587386062


epsilon: 4.770833333333333

m: 5.5

Residual: 0.09556464187919689


epsilon: 4.770833333333333

m: 5.666666666666666

Residual: 0.06621069486331962


epsilon: 4.770833333333333

m: 5.833333333333333

Residual: 0.1157833597691339


epsilon: 4.770833333333333

m: 6.0

Residual: 0.18367300582628754


epsilon: 4.770833333333333

m: 6.166666666666666

Residual: 0.2480621685149963


epsilon: 4.770833333333333

m: 6.333333333333333

Residual: 0.31116342324421203


epsilon: 4.770833333333333

m: 6.5

Residual: 0.361909452452375


epsilon: 4.770833333333333

m: 6.666666666666666

Residual: 0.4102971025227777


epsilon: 4.770833333333333

m: 6.833333333333333

Residual: 0.45824978098108576


epsilon: 4.770833333333333

m: 7.0

Residual: 0.5011151094590606


epsilon: 5.016666666666667

m: 3.0

Residual: 0.9448057462671324


epsilon: 5.016666666666667

m: 3.1666666666666665

Residual: 0.926823800266364


epsilon: 5.016666666666667

m: 3.3333333333333335

Residual: 0.9040190621509623


epsilon: 5.016666666666667

m: 3.5

Residual: 0.8754458224507234


epsilon: 5.016666666666667

m: 3.6666666666666665

Residual: 0.8404173271939291


epsilon: 5.016666666666667

m: 3.833333333333333

Residual: 0.7981537400500621


epsilon: 5.016666666666667

m: 4.0

Residual: 0.7485178845493945


epsilon: 5.016666666666667

m: 4.166666666666666

Residual: 0.6906452770982494


epsilon: 5.016666666666667

m: 4.333333333333333

Residual: 0.6253241356735088


epsilon: 5.016666666666667

m: 4.5

Residual: 0.5536829305415598


epsilon: 5.016666666666667

m: 4.666666666666666

Residual: 0.4760647235488947


epsilon: 5.016666666666667

m: 4.833333333333333

Residual: 0.395364648106116


epsilon: 5.016666666666667

m: 5.0

Residual: 0.3104982476526546


epsilon: 5.016666666666667

m: 5.166666666666666

Residual: 0.23155616837590848


epsilon: 5.016666666666667

m: 5.333333333333333

Residual: 0.16234157959537437


epsilon: 5.016666666666667

m: 5.5

Residual: 0.10581961531754758


epsilon: 5.016666666666667

m: 5.666666666666666

Residual: 0.06663508891998472


epsilon: 5.016666666666667

m: 5.833333333333333

Residual: 0.09099665531883797


epsilon: 5.016666666666667

m: 6.0

Residual: 0.16303538942082926


epsilon: 5.016666666666667

m: 6.166666666666666

Residual: 0.23010470797965535


epsilon: 5.016666666666667

m: 6.333333333333333

Residual: 0.2865721989917698


epsilon: 5.016666666666667

m: 6.5

Residual: 0.3429472827529137


epsilon: 5.016666666666667

m: 6.666666666666666

Residual: 0.38960624681399975


epsilon: 5.016666666666667

m: 6.833333333333333

Residual: 0.43727089421453275


epsilon: 5.016666666666667

m: 7.0

Residual: 0.4777921889034722


epsilon: 5.2625

m: 3.0

Residual: 0.9473127935364752


epsilon: 5.2625

m: 3.1666666666666665

Residual: 0.9301245728077797


epsilon: 5.2625

m: 3.3333333333333335

Residual: 0.9082602741716225


epsilon: 5.2625

m: 3.5

Residual: 0.880910264574962


epsilon: 5.2625

m: 3.6666666666666665

Residual: 0.8473290204439454


epsilon: 5.2625

m: 3.833333333333333

Residual: 0.8066790846878091


epsilon: 5.2625

m: 4.0

Residual: 0.7586806192747275


epsilon: 5.2625

m: 4.166666666666666

Residual: 0.7029403003164374


epsilon: 5.2625

m: 4.333333333333333

Residual: 0.6399545194178315


epsilon: 5.2625

m: 4.5

Residual: 0.5700596630970244


epsilon: 5.2625

m: 4.666666666666666

Residual: 0.4946965361055868


epsilon: 5.2625

m: 4.833333333333333

Residual: 0.41516737243088353


epsilon: 5.2625

m: 5.0

Residual: 0.33157817723895155


epsilon: 5.2625

m: 5.166666666666666

Residual: 0.24915155005535133


epsilon: 5.2625

m: 5.333333333333333

Residual: 0.17799535622037427


epsilon: 5.2625

m: 5.5

Residual: 0.11650159008368731


epsilon: 5.2625

m: 5.666666666666666

Residual: 0.0670043256057577


epsilon: 5.2625

m: 5.833333333333333

Residual: 0.0668559146229638


epsilon: 5.2625

m: 6.0

Residual: 0.13954332643886921


epsilon: 5.2625

m: 6.166666666666666

Residual: 0.2052648162290273


epsilon: 5.2625

m: 6.333333333333333

Residual: 0.26513059290295665


epsilon: 5.2625

m: 6.5

Residual: 0.3179314144542456


epsilon: 5.2625

m: 6.666666666666666

Residual: 0.37247858070129486


epsilon: 5.2625

m: 6.833333333333333

Residual: 0.4167262715828854


epsilon: 5.2625

m: 7.0

Residual: 0.45755896212501534


epsilon: 5.508333333333333

m: 3.0

Residual: 0.9496118664916425


epsilon: 5.508333333333333

m: 3.1666666666666665

Residual: 0.9331467989713671


epsilon: 5.508333333333333

m: 3.3333333333333335

Residual: 0.9121834617065787


epsilon: 5.508333333333333

m: 3.5

Residual: 0.8859579232430483


epsilon: 5.508333333333333

m: 3.6666666666666665

Residual: 0.8536325527484041


epsilon: 5.508333333333333

m: 3.833333333333333

Residual: 0.8145140144786116


epsilon: 5.508333333333333

m: 4.0

Residual: 0.7682516974017771


epsilon: 5.508333333333333

m: 4.166666666666666

Residual: 0.7143902279576562


epsilon: 5.508333333333333

m: 4.333333333333333

Residual: 0.6533888883719103


epsilon: 5.508333333333333

m: 4.5

Residual: 0.5857579987564883


epsilon: 5.508333333333333

m: 4.666666666666666

Residual: 0.5117199299648936


epsilon: 5.508333333333333

m: 4.833333333333333

Residual: 0.43367562739469373


epsilon: 5.508333333333333

m: 5.0

Residual: 0.3518389979602597


epsilon: 5.508333333333333

m: 5.166666666666666

Residual: 0.2702884116392003


epsilon: 5.508333333333333

m: 5.333333333333333

Residual: 0.19357957172133386


epsilon: 5.508333333333333

m: 5.5

Residual: 0.1285120032093691


epsilon: 5.508333333333333

m: 5.666666666666666

Residual: 0.07487146577185869


epsilon: 5.508333333333333

m: 5.833333333333333

Residual: 0.05132855689677953


epsilon: 5.508333333333333

m: 6.0

Residual: 0.11719389861380507


epsilon: 5.508333333333333

m: 6.166666666666666

Residual: 0.1806702878132668


epsilon: 5.508333333333333

m: 6.333333333333333

Residual: 0.24245617729035018


epsilon: 5.508333333333333

m: 6.5

Residual: 0.29765929487081244


epsilon: 5.508333333333333

m: 6.666666666666666

Residual: 0.34851981109048


epsilon: 5.508333333333333

m: 6.833333333333333

Residual: 0.40304560294455083


epsilon: 5.508333333333333

m: 7.0

Residual: 0.4412915381436066


epsilon: 5.754166666666666

m: 3.0

Residual: 0.9517110077674442


epsilon: 5.754166666666666

m: 3.1666666666666665

Residual: 0.9359190188893114


epsilon: 5.754166666666666

m: 3.3333333333333335

Residual: 0.9157963002605011


epsilon: 5.754166666666666

m: 3.5

Residual: 0.8905975655064651


epsilon: 5.754166666666666

m: 3.6666666666666665

Residual: 0.8593938082603009


epsilon: 5.754166666666666

m: 3.833333333333333

Residual: 0.8217704857712904


epsilon: 5.754166666666666

m: 4.0

Residual: 0.7770820918940743


epsilon: 5.754166666666666

m: 4.166666666666666

Residual: 0.7248249796088567


epsilon: 5.754166666666666

m: 4.333333333333333

Residual: 0.6657749268761024


epsilon: 5.754166666666666

m: 4.5

Residual: 0.5997497312122037


epsilon: 5.754166666666666

m: 4.666666666666666

Residual: 0.5273929492079081


epsilon: 5.754166666666666

m: 4.833333333333333

Residual: 0.45063655267886726


epsilon: 5.754166666666666

m: 5.0

Residual: 0.37087807970929065


epsilon: 5.754166666666666

m: 5.166666666666666

Residual: 0.29039249225379243


epsilon: 5.754166666666666

m: 5.333333333333333

Residual: 0.2106707648778894


epsilon: 5.754166666666666

m: 5.5

Residual: 0.14341217192817954


epsilon: 5.754166666666666

m: 5.666666666666666

Residual: 0.08653640914561539


epsilon: 5.754166666666666

m: 5.833333333333333

Residual: 0.05027253219999849


epsilon: 5.754166666666666

m: 6.0

Residual: 0.09401197043904239


epsilon: 5.754166666666666

m: 6.166666666666666

Residual: 0.16132835841578258


epsilon: 5.754166666666666

m: 6.333333333333333

Residual: 0.2177641266116961


epsilon: 5.754166666666666

m: 6.5

Residual: 0.279310575747992


epsilon: 5.754166666666666

m: 6.666666666666666

Residual: 0.33651118036278327


epsilon: 5.754166666666666

m: 6.833333333333333

Residual: 0.37992014646448313


epsilon: 5.754166666666666

m: 7.0

Residual: 0.42389597056827805


epsilon: 6.0

m: 3.0

Residual: 0.9536333080443679


epsilon: 6.0

m: 3.1666666666666665

Residual: 0.9384538342235008


epsilon: 6.0

m: 3.3333333333333335

Residual: 0.9190783371005573


epsilon: 6.0

m: 3.5

Residual: 0.8948459507672092


epsilon: 6.0

m: 3.6666666666666665

Residual: 0.8647653585939409


epsilon: 6.0

m: 3.833333333333333

Residual: 0.8284156651767237


epsilon: 6.0

m: 4.0

Residual: 0.7851104155966576


epsilon: 6.0

m: 4.166666666666666

Residual: 0.7346836006294416


epsilon: 6.0

m: 4.333333333333333

Residual: 0.6772347003718284


epsilon: 6.0

m: 4.5

Residual: 0.6130409729982812


epsilon: 6.0

m: 4.666666666666666

Residual: 0.5428231007271711


epsilon: 6.0

m: 4.833333333333333

Residual: 0.4677278690223186


epsilon: 6.0

m: 5.0

Residual: 0.38936454444516244


epsilon: 6.0

m: 5.166666666666666

Residual: 0.3103688130107004


epsilon: 6.0

m: 5.333333333333333

Residual: 0.22751841957253416


epsilon: 6.0

m: 5.5

Residual: 0.15565110221812584


epsilon: 6.0

m: 5.666666666666666

Residual: 0.0944976214812708


epsilon: 6.0

m: 5.833333333333333

Residual: 0.05073246462220919


epsilon: 6.0

m: 6.0

Residual: 0.07522224715646875


epsilon: 6.0

m: 6.166666666666666

Residual: 0.1412395260006846


epsilon: 6.0

m: 6.333333333333333

Residual: 0.2061146465049421


epsilon: 6.0

m: 6.5

Residual: 0.26035474332198205


epsilon: 6.0

m: 6.666666666666666

Residual: 0.3073086067204203


epsilon: 6.0

m: 6.833333333333333

Residual: 0.3569025224262231


epsilon: 6.0

m: 7.0

Residual: 0.40022588179891205


