epsilon: 5.388888888888889

m: 5.666666666666666

n: 50.0

Residual: 0.1143106462395326


epsilon: 5.658333333333334

m: 5.666666666666666

n: 50.0

Residual: 0.13358847745669122


epsilon: 5.388888888888889

m: 5.949999999999999

n: 50.0

Residual: 0.41519061832067017


epsilon: 5.388888888888889

m: 5.666666666666666

n: 52.5

Residual: 0.10980492821835253


epsilon: 5.56851851851852

m: 5.383333333333335

n: 51.66666666666667

Residual: 0.45285737797243764


epsilon: 5.433796296296297

m: 5.808333333333334

n: 50.41666666666667

Residual: 0.2191043213934154


epsilon: 5.523611111111112

m: 5.525

n: 51.25

Residual: 0.22596583090527267


epsilon: 5.456250000000001

m: 5.737500000000001

n: 50.625

Residual: 0.13620373447900577


epsilon: 5.501157407407408

m: 5.595833333333333

n: 51.04166666666667

Residual: 0.15253689692493774


epsilon: 5.467476851851853

m: 5.702083333333334

n: 50.72916666666667

Residual: 0.11643235808147087


epsilon: 5.171836419753087

m: 5.690277777777778

n: 52.152777777777786

Residual: 0.14890227568478898


epsilon: 5.536709104938272

m: 5.672569444444444

n: 50.53819444444444

Residual: 0.11817817913146773


epsilon: 5.293460648148149

m: 5.684375

n: 51.61458333333334

Residual: 0.12224590743827328


epsilon: 5.4758969907407415

m: 5.675520833333334

n: 50.80729166666667

Residual: 0.11618435485005586


epsilon: 5.368306327160495

m: 5.637152777777777

n: 51.47569444444446

Residual: 0.1097824559053398


epsilon: 5.318721064814817

m: 5.604687499999997

n: 51.84895833333334

Residual: 0.12063797364198287


epsilon: 5.288159079218108

m: 5.638136574074071

n: 51.843171296296305

Residual: 0.10892606737782409


epsilon: 5.194290123456792

m: 5.61944444444444

n: 52.361111111111114

Residual: 0.10625783445257841


epsilon: 5.245434670781895

m: 5.615509259259255

n: 54.22453703703705

Residual: 0.10591742464681875


epsilon: 5.173707561728399

m: 5.589930555555551

n: 56.33680555555557

Residual: 0.10333608231062048


epsilon: 5.101980452674901

m: 5.564351851851844

n: 54.28240740740743

Residual: 0.1057777366089862


epsilon: 4.9450124314129

m: 5.545331790123445

n: 57.177854938271636

Residual: 0.10488183918769811


epsilon: 4.9528435070873424

m: 5.513631687242787

n: 59.50360082304532

Residual: 0.10540335115880622


epsilon: 4.945728547477527

m: 5.534910836762677

n: 61.063100137174246

Residual: 0.0982755261582591


epsilon: 4.867602594878839

m: 5.520190329218092

n: 64.45344650205766

Residual: 0.10418716913349485


epsilon: 5.090122186658542

m: 5.599817101051661

n: 56.881572930955656

Residual: 0.10897140107147862


epsilon: 4.987163176980142

m: 5.535178040695006

n: 58.848093850022906

Residual: 0.10073340003132769


epsilon: 5.126053759377811

m: 5.561347831885376

n: 60.32081142356351

Residual: 0.10043904912192514


epsilon: 4.865589427495253

m: 5.497693917339822

n: 63.81786471828488

Residual: 0.09974060969596624


epsilon: 4.971084645920253

m: 5.527457016630245

n: 64.61975700265884

Residual: 0.10106483986857749


epsilon: 4.98314354421517

m: 5.5332477846788155

n: 60.29100963818189

Residual: 0.10090443462835463


epsilon: 4.90565898748639

m: 5.516302377051249

n: 62.44048242772956

Residual: 0.1032498352332289


epsilon: 5.035891153427669

m: 5.5481293343240266

n: 60.69195578036888

Residual: 0.10075341415137162


epsilon: 4.966445862228834

m: 5.535044438728841

n: 59.955596993598576

Residual: 0.10379351745444809


epsilon: 4.9584065966988895

m: 5.531183926696462

n: 62.84142856991656

Residual: 0.10049449545390754


epsilon: 5.054358544249666

m: 5.559847021470861

n: 60.623840563910235

Residual: 0.10020943578484254


epsilon: 4.93643797218972

m: 5.535831855629307

n: 62.32695706696516

Residual: 0.10282191829981195


epsilon: 5.011027858118181

m: 5.545054964650347

n: 61.10070610201795

Residual: 0.09863367634113453


epsilon: 5.049003369864694

m: 5.562024621892796

n: 59.01700263215173

Residual: 0.0998993947274792


epsilon: 4.949481306057269

m: 5.53481326073302

n: 60.16336535031904

Residual: 0.09976109660542831


epsilon: 4.888488437903957

m: 5.514494752871235

n: 62.534445094189095

Residual: 0.10160756981571542


epsilon: 5.00887463687451

m: 5.550142154637406

n: 59.89636324766107

Residual: 0.10000986198971337


epsilon: 4.978378202797854

m: 5.539982900706512

n: 61.0819031195961

Residual: 0.10064675834676134


epsilon: 4.947604926767398

m: 5.534862048747849

n: 60.61323274374664

Residual: 0.09861549721569327


epsilon: 4.997365958671111

m: 5.5484677293277365

n: 60.04005138466299

Residual: 0.10138269535817919


epsilon: 4.917108492690742

m: 5.524702794816955

n: 61.798772615681656

Residual: 0.10081973232541089


epsilon: 4.937172859185834

m: 5.53064402844465

n: 61.35909230792699

Residual: 0.09970634550960852


epsilon: 4.9086260194893185

m: 5.526961708596938

n: 60.94171367296915

Residual: 0.1010509317772583


epsilon: 4.96094015697072

m: 5.536727602679118

n: 61.04685575793936

Residual: 0.10220845209900596


epsilon: 4.946666737122463

m: 5.534886442755263

n: 60.83816644046044

Residual: 0.0986810725202487


epsilon: 4.941450703331681

m: 5.532777432603663

n: 61.21109622255062

Residual: 0.09865514774641163


epsilon: 4.962053375137691

m: 5.537446868734595

n: 61.07250162838517

Residual: 0.09943260338410737


epsilon: 4.927177283483424

m: 5.530936272679806

n: 61.00240690507171

Residual: 0.09649602257738193


epsilon: 4.909739237656289

m: 5.527680974652412

n: 60.96735954341497

Residual: 0.09984574992683604


epsilon: 4.9295709524059586

m: 5.530863251942168

n: 61.3462357360706

Residual: 0.0999807799768463


epsilon: 4.942392790943337

m: 5.533880645051989

n: 60.965183764362976

Residual: 0.09903963069109607


epsilon: 4.9364529154804755

m: 5.532923554721242

n: 61.03275352112298

Residual: 0.1020251264406937


epsilon: 4.934313993407552

m: 5.531856852641734

n: 61.106751563811166

Residual: 0.09935802171169346


epsilon: 4.936922010302943

m: 5.532911357717534

n: 60.920286672766075

Residual: 0.10353351602763348


epsilon: 4.928374117944692

m: 5.530899762310989

n: 61.174321320571146

Residual: 0.09927595992724066


epsilon: 4.923457347743304

m: 5.52953837036711

n: 61.15623300517971

Residual: 0.10106067597401239


epsilon: 4.926706239677596

m: 5.530384666455643

n: 61.125363134165525

Residual: 0.09919125131319495


epsilon: 4.920524433996255

m: 5.529623614989223

n: 61.09464267606108

Residual: 0.09955306193212754


epsilon: 4.930866603554728

m: 5.531298543228607

n: 61.103724341873644

Residual: 0.09966897348751001


epsilon: 4.92694176158051

m: 5.530660469567724

n: 61.06388501961862

Residual: 0.10015802031040609


epsilon: 4.927775700714058

m: 5.530918017495398

n: 61.088364112821424

Residual: 0.10072876944305825


epsilon: 4.930745638445488

m: 5.53139656266077

n: 61.054579234441434

Residual: 0.0992909137415281


epsilon: 4.928800754958891

m: 5.531077519110137

n: 60.99221665993308

Residual: 0.10142373333094581


epsilon: 4.928031964275267

m: 5.530957892899083

n: 61.06432724959934

Residual: 0.09872445605486355


epsilon: 4.930361495888942

m: 5.531533349258714

n: 61.016990573123046

Residual: 0.10197269163317149


epsilon: 4.9277966951576175

m: 5.530878689490471

n: 61.052161407994724

Residual: 0.10091540074113645


epsilon: 4.927604623879345

m: 5.530947082789444

n: 61.03336707733553

Residual: 0.09867474657262976


epsilon: 4.928961460964456

m: 5.531166417670288

n: 61.02849306975657

Residual: 0.09883658494983252


epsilon: 4.927059522531967

m: 5.530798371123765

n: 61.03314596234516

Residual: 0.10053151131889858


epsilon: 4.928769389686184

m: 5.531234810969261

n: 61.00969873909739

Residual: 0.10165200159690535


epsilon: 4.927486989320521

m: 5.530907481085139

n: 61.02728415653321

Residual: 0.10105720530872983


epsilon: 4.9273909536813845

m: 5.530941677734625

n: 61.01788699120362

Residual: 0.10340133309247004


epsilon: 4.9280693722239395

m: 5.531051345175047

n: 61.015449987414144

Residual: 0.0992230119546994


epsilon: 4.927118403007695

m: 5.530867321901786

n: 61.017776433708434

Residual: 0.09964761536902117


epsilon: 4.927519085461987

m: 5.5309616154364685

n: 61.005868559592564

Residual: 0.10399258646707715


epsilon: 4.927422986626535

m: 5.530946662160086

n: 61.01488238330086

Residual: 0.0993103949061242


epsilon: 4.927994691881571

m: 5.531088864774841

n: 61.00404975014936

Residual: 0.10098331188183265


epsilon: 4.927337475226164

m: 5.53092270762005

n: 61.014344762818666

Residual: 0.10253258365129413


epsilon: 4.927623327853682

m: 5.530993808927427

n: 61.008928446242926

Residual: 0.0972482091680336


epsilon: 4.927300135054979

m: 5.530941467419947

n: 61.00864464418628

Residual: 0.10196456777118601


epsilon: 4.927147843245559

m: 5.530901797290796

n: 61.01009166939007

Residual: 0.09940265384164862


epsilon: 4.927332168000131

m: 5.530946451845406

n: 61.00564003628353

Residual: 0.09916807506578464


epsilon: 4.927607342979264

m: 5.53101589167763

n: 61.00122525567537

Residual: 0.10065933156251244


epsilon: 4.927262718178985

m: 5.530930320887505

n: 61.0078750659614

Residual: 0.09860272227550107


epsilon: 4.927376718343929

m: 5.530960483151086

n: 61.007166908567164

Residual: 0.1009202721538882


epsilon: 4.9273433055860805

m: 5.530949959671826

n: 61.006021754354435

Residual: 0.09844055383960043


epsilon: 4.927499893103139

m: 5.530989706631868

n: 61.003696337817985

Residual: 0.10045871296742502


epsilon: 4.927322011910023

m: 5.530945167323596

n: 61.006830383925546

Residual: 0.098830078846551


epsilon: 4.927400305668552

m: 5.530965040803617

n: 61.00566767565732

Residual: 0.10234631618403911


epsilon: 4.927260294534753

m: 5.530943116175816

n: 61.00421432971307

Residual: 0.09926877028229941


epsilon: 4.927220000831205

m: 5.5309332967836555

n: 61.005140985516555

Residual: 0.10058394581371095


epsilon: 4.927038080231034

m: 5.530910082955902

n: 61.002173804543574

Residual: 0.09997138576935034


epsilon: 4.9270971046682694

m: 5.530926351090694

n: 61.00072237403567

Residual: 0.10583133478175401


epsilon: 4.927189276790471

m: 5.530931560360415

n: 61.004036332646336

Residual: 0.1014407079789037


epsilon: 4.927218789009088

m: 5.530939694427811

n: 61.00331061739239

Residual: 0.10030100917371346


epsilon: 4.927107681857229

m: 5.530923177817854

n: 61.00229035480764

Residual: 0.09848386391560855


epsilon: 4.927198642157315

m: 5.5309347847317305

n: 61.00377394529413

Residual: 0.09966545656582233


epsilon: 4.927103615989558

m: 5.530923129058449

n: 61.00233685272326

Residual: 0.1002892705148984


epsilon: 4.9271324092444395

m: 5.53092727040079

n: 61.00258029389054

Residual: 0.10148517474772331


epsilon: 4.927142482670327

m: 5.53092972524883

n: 61.002348629939675

Residual: 0.10310939376243236


epsilon: 4.927187962820369

m: 5.530935528705768

n: 61.00309042518292

Residual: 0.10251929110894756


epsilon: 4.927198036246256

m: 5.530937983553809

n: 61.00285876123205

Residual: 0.10035513013745843


epsilon: 4.927233039029707

m: 5.530943464710759

n: 61.00322209771812

Residual: 0.10061905200950905


epsilon: 4.927217609685888

m: 5.530942951923814

n: 61.002568084165006

Residual: 0.10005432145070543


epsilon: 4.927162247247338

m: 5.530934674060859

n: 61.00200040259439

Residual: 0.09878635672588651


epsilon: 4.927173390698178

m: 5.530937948889179

n: 61.001791499988684

Residual: 0.10152382819830624


epsilon: 4.927191874859236

m: 5.530937974887651

n: 61.00259194592121

Residual: 0.10188951213036065


epsilon: 4.927169765365381

m: 5.530935473370333

n: 61.00220365383305

Residual: 0.09947795434696138


epsilon: 4.927197446584656

m: 5.53093961230181

n: 61.00248749461836

Residual: 0.09906541781647937


epsilon: 4.92718765986484

m: 5.530937128116808

n: 61.00263283315188

Residual: 0.09821751946959612


epsilon: 4.927205161256564

m: 5.530939868695285

n: 61.00281450139491

Residual: 0.09943443367401397


epsilon: 4.927196312283769

m: 5.530938769864046

n: 61.002661789504444

Residual: 0.09818905209776621


epsilon: 4.927176723836699

m: 5.5309351681386305

n: 61.00264685720034

Residual: 0.10235098936447332


epsilon: 4.927192265897666

m: 5.530938501261016

n: 61.00252733526385

Residual: 0.1012535115049546


epsilon: 4.927186797883596

m: 5.530937521271927

n: 61.002534347288076

Residual: 0.10401316000402294


epsilon: 4.927182471674132

m: 5.530936700398307

n: 61.002519869111794

Residual: 0.09970106670999389


epsilon: 4.92718736503404

m: 5.530937942490809

n: 61.00244719984504

Residual: 0.10140975228560156


epsilon: 4.927177948910801

m: 5.530936422440687

n: 61.002381635397626

Residual: 0.09894916434236087


epsilon: 4.927171104344863

m: 5.530934987855057

n: 61.002425073209054

Residual: 0.10515343652831369


epsilon: 4.9271832998617455

m: 5.53093720383187

n: 61.00244166818604

Residual: 0.10187849296190252


epsilon: 4.927177616197112

m: 5.530936347560247

n: 61.00239427023467

Residual: 0.09761064041058531


epsilon: 4.927179877578778

m: 5.530936486539057

n: 61.00246338709175

Residual: 0.09893457765456713


epsilon: 4.927182324258732

m: 5.5309371075853075

n: 61.00242705245837

Residual: 0.10179775055634521


Warning: Maximum number of iterations has been exceeded.
epsilon: 4.927182324258732

sigma: 1.2

n: 61.00242705245837

m: 5.5309371075853075

Residual: 0.10084597044791732
