epsilon: 3.555555555555556

m: 5.333333333333333

n: 50.0

Residual: 0.09169616659883095


epsilon: 3.733333333333334

m: 5.333333333333333

n: 50.0

Residual: 0.12042512895751692


epsilon: 3.555555555555556

m: 5.6

n: 50.0

Residual: 0.43448841000954297


epsilon: 3.555555555555556

m: 5.333333333333333

n: 52.5

Residual: 0.08492027090313617


epsilon: 3.6740740740740745

m: 5.066666666666666

n: 51.66666666666667

Residual: 0.5022791500403259


epsilon: 3.5851851851851855

m: 5.466666666666667

n: 50.41666666666667

Residual: 0.2170874090002315


epsilon: 3.644444444444445

m: 5.199999999999999

n: 51.25

Residual: 0.26040575864554305


epsilon: 3.6000000000000005

m: 5.4

n: 50.625

Residual: 0.12207290197014242


epsilon: 3.6296296296296298

m: 5.266666666666666

n: 51.04166666666667

Residual: 0.14950472211192822


epsilon: 3.6074074074074076

m: 5.366666666666667

n: 50.72916666666667

Residual: 0.08988835949105048


epsilon: 3.4123456790123448

m: 5.355555555555555

n: 52.152777777777786

Residual: 0.13170391895187417


epsilon: 3.6530864197530866

m: 5.338888888888889

n: 50.53819444444444

Residual: 0.09643065886492203


epsilon: 3.492592592592592

m: 5.35

n: 51.61458333333334

Residual: 0.10094357015821867


epsilon: 3.612962962962963

m: 5.341666666666667

n: 50.80729166666667

Residual: 0.08758376369782003


epsilon: 3.6283950617283955

m: 5.361111111111112

n: 52.69097222222223

Residual: 0.0929321110648514


epsilon: 3.5737654320987655

m: 5.340277777777778

n: 50.67274305555556

Residual: 0.08629590869939041


epsilon: 3.5541152263374487

m: 5.310185185185183

n: 51.92418981481481

Residual: 0.08856200184749391


epsilon: 3.5674382716049386

m: 5.324305555555554

n: 51.62543402777778

Residual: 0.09141088448375298


epsilon: 3.5646604938271604

m: 5.336805555555555

n: 51.58637152777778

Residual: 0.08796260081807791


epsilon: 3.5842592592592597

m: 5.3375

n: 51.653645833333336

Residual: 0.08966203674267802


epsilon: 3.5814814814814815

m: 5.35

n: 51.614583333333336

Residual: 0.08811614281818764


epsilon: 3.5502057613168727

m: 5.342592592592592

n: 52.14699074074074

Residual: 0.08564995448998129


epsilon: 3.532133058984911

m: 5.325154320987654

n: 52.54099151234566

Residual: 0.09303875538092332


epsilon: 3.5691443758573387

m: 5.343788580246914

n: 51.84618537808642

Residual: 0.08737719681102175


epsilon: 3.551943301326017

m: 5.3430041152263374

n: 52.74241255144032

Residual: 0.09395170619972609


epsilon: 3.561481195701875

m: 5.338355195473251

n: 51.87538178369341

Residual: 0.08605838289481077


epsilon: 3.5423506325255296

m: 5.3323988340192034

n: 52.50206297153636

Residual: 0.08687076040297594


epsilon: 3.549049068358482

m: 5.335246270576131

n: 52.33809357317387

Residual: 0.09617751649785249


epsilon: 3.552880658436214

m: 5.337962962962962

n: 52.32349537037037

Residual: 0.09267208792914292


epsilon: 3.558518375628715

m: 5.335844264403292

n: 52.18769089184671

Residual: 0.08866872536045738


epsilon: 3.5623499657064475

m: 5.338560956790124

n: 52.17309268904321

Residual: 0.08914838397362054


epsilon: 3.5647352728242643

m: 5.333862740054869

n: 52.250360350222905

Residual: 0.08882846533950006


epsilon: 3.556856170299242

m: 5.330132601737539

n: 52.452274805669866

Residual: 0.08995278982981736


epsilon: 3.5609765168546463

m: 5.336453868026977

n: 52.24288821819987

Residual: 0.09073189196717116


epsilon: 3.5570369655921352

m: 5.334588798868312

n: 52.34384544592335

Residual: 0.08992030953955693


epsilon: 3.5601454141899103

m: 5.3335980366941005

n: 52.37518017511145

Residual: 0.08707613563453982


epsilon: 3.5589527606310014

m: 5.335947145061729

n: 52.33654634452161

Residual: 0.08580255443135185


epsilon: 3.559398854658842

m: 5.333996877857798

n: 52.463972233832024

Residual: 0.08124560975905978


epsilon: 3.5605797991921957

m: 5.333700917352541

n: 52.52403562778636

Residual: 0.08809699344825866


epsilon: 3.5557926997070233

m: 5.335253534141138

n: 52.49183221045763

Residual: 0.08854743094667668


epsilon: 3.5590572355691883

m: 5.33401191105586

n: 52.404343183948

Residual: 0.09294695306956684


epsilon: 3.5574772051071992

m: 5.333665105595566

n: 52.48198611691601

Residual: 0.08455234811232465


epsilon: 3.559175807644922

m: 5.334972011459763

n: 52.400259289176816

Residual: 0.08333363972425772


epsilon: 3.5597721344243762

m: 5.333797457275949

n: 52.41957620447174

Residual: 0.09206177346212732


epsilon: 3.557595777182933

m: 5.334625205999467

n: 52.47790222214482

Residual: 0.08715357146268979


epsilon: 3.5581398664932937

m: 5.334418268818588

n: 52.46332071772655

Residual: 0.09193414807681355


epsilon: 3.5592873311518822

m: 5.334484444658781

n: 52.43211576150442

Residual: 0.09211483693914957


epsilon: 3.5584380298830207

m: 5.333830991726682

n: 52.47297917537402

Residual: 0.08660702187148467


epsilon: 3.559585494541609

m: 5.333897167566874

n: 52.44177421915188

Residual: 0.08514649050968254


epsilon: 3.558994254903766

m: 5.333332246775454

n: 52.48703465740087

Residual: 0.08583281199047414


epsilon: 3.560214372853124

m: 5.3336532030734

n: 52.45554156488248

Residual: 0.08517136411506535


epsilon: 3.560471559798618

m: 5.334365918889926

n: 52.4204906878434

Residual: 0.08276520494889357


epsilon: 3.559422899812922

m: 5.334520106469665

n: 52.42861652900238

Residual: 0.0830641518103773


epsilon: 3.559943381638645

m: 5.334691434578054

n: 52.433612081299984

Residual: 0.08068467229941795


epsilon: 3.560122325187163

m: 5.335088568083643

n: 52.42953101237404

Residual: 0.08462346546626627


epsilon: 3.5604529642511484

m: 5.334182714414187

n: 52.45010013964789

Residual: 0.08666006772500154


epsilon: 3.559680415922479

m: 5.334435758455795

n: 52.43398743166376

Residual: 0.08863059217411093


epsilon: 3.559671118148744

m: 5.3343441562179255

n: 52.448792157566004

Residual: 0.09229369041184288


epsilon: 3.5602074707186313

m: 5.33452867673399

n: 52.42705138457169

Residual: 0.09450806054527155


epsilon: 3.5596831407257836

m: 5.33460577052386

n: 52.43111430515118

Residual: 0.09820898278008422


epsilon: 3.5601981729448955

m: 5.334437074496119

n: 52.441856110473935

Residual: 0.09065941991936982


epsilon: 3.5596676444362245

m: 5.33445310012741

n: 52.45578884832158

Residual: 0.08596464850354274


epsilon: 3.560201681197766

m: 5.334710249916462

n: 52.43871253583099

Residual: 0.08454649716289102


epsilon: 3.5596769652368616

m: 5.3347994485851675

n: 52.44355286649444

Residual: 0.08332420503730459


epsilon: 3.5602137076126246

m: 5.335014321925712

n: 52.42146280742869

Residual: 0.0882490019532608


epsilon: 3.5598041602303248

m: 5.334593405576985

n: 52.44720733809836

Residual: 0.09551196141863337


epsilon: 3.5598101734377536

m: 5.33474544158161

n: 52.43858247389721

Residual: 0.08302903177788704


epsilon: 3.5600725314182053

m: 5.334700842247258

n: 52.436162308565486

Residual: 0.08621660891820948


epsilon: 3.5598055130374346

m: 5.334572267352732

n: 52.44470046481078

Residual: 0.09612304594335068


epsilon: 3.5600785446256342

m: 5.334852878251883

n: 52.42753744436435

Residual: 0.08424420481785472


epsilon: 3.5598155350498164

m: 5.334825660693774

n: 52.430325691142215

Residual: 0.08260615297733422


epsilon: 3.5596341821251754

m: 5.33465547965041

n: 52.4408093865286

Residual: 0.0843789789424983


epsilon: 3.5599674540005193

m: 5.334803528601515

n: 52.43085542990541

Residual: 0.08714363667708871


epsilon: 3.5598794583442306

m: 5.334758547635914

n: 52.4319688862211

Residual: 0.09228313278127237


epsilon: 3.559876777538199

m: 5.3347184380798325

n: 52.4360972775986

Residual: 0.08642474253287244


epsilon: 3.5600109631321395

m: 5.334772156414969

n: 52.430574762832165

Residual: 0.08358260659034239


epsilon: 3.560007956528424

m: 5.334696138412655

n: 52.43488719493274

Residual: 0.0866731193103975


epsilon: 3.559975831982376

m: 5.33471174071847

n: 52.43415761775483

Residual: 0.09686685153871805


epsilon: 3.559977172385392

m: 5.334731795496511

n: 52.432093422066075

Residual: 0.08397355161510198


epsilon: 3.5599100795884224

m: 5.334704936328944

n: 52.43485467944929

Residual: 0.08216396645360308


epsilon: 3.5599114199914377

m: 5.3347249911069845

n: 52.43279048376054

Residual: 0.08782124323004951


epsilon: 3.5599756690835367

m: 5.334693786495356

n: 52.43424963811634

Residual: 0.0892123884216373


epsilon: 3.559927482264462

m: 5.334717189954077

n: 52.433155272349495

Residual: 0.08434648424218683


epsilon: 3.559959606810512

m: 5.334701587648263

n: 52.43388484952739

Residual: 0.09401960497820641


epsilon: 3.5599355134009745

m: 5.334713289377623

n: 52.433337666643965

Residual: 0.08154939406125117


epsilon: 3.5598821440333026

m: 5.334674644693235

n: 52.43577619619607

Residual: 0.08717294951588422


epsilon: 3.55995341529737

m: 5.334717507795692

n: 52.433014115598574

Residual: 0.0841632749177054


epsilon: 3.5599394475198096

m: 5.334702361977838

n: 52.433474873971974

Residual: 0.0841428008329985


epsilon: 3.559926730613534

m: 5.334698185453499

n: 52.434233380374636

Residual: 0.085508373234636


epsilon: 3.559960277012019

m: 5.334711615037282

n: 52.43285275168303

Residual: 0.09264110204375539


epsilon: 3.5599127628359737

m: 5.334683039635646

n: 52.43469413874804

Residual: 0.0849304917898006


epsilon: 3.559936997382751

m: 5.334686372007525

n: 52.43362068230536

Residual: 0.09406583944814668


epsilon: 3.559929297305838

m: 5.334695232092006

n: 52.43408020585731

Residual: 0.08551080975303367


epsilon: 3.559941414579227

m: 5.3346968982779455

n: 52.43354347763598

Residual: 0.08500527038007089


epsilon: 3.5599280722373097

m: 5.33468723710685

n: 52.43415311002401

Residual: 0.08889276947194741


epsilon: 3.55993505612609

m: 5.334694810015776

n: 52.43392273083731

Residual: 0.08448819715704765


epsilon: 3.559951829325331

m: 5.334701524807668

n: 52.43323241649151

Residual: 0.08296619217560472


epsilon: 3.5599454301474838

m: 5.334694947989719

n: 52.43363467478321

Residual: 0.09317098035032659


epsilon: 3.5599424184712913

m: 5.334696410705889

n: 52.43356627692279

Residual: 0.08390533931849906


epsilon: 3.5599566968307554

m: 5.33469810337863

n: 52.43301778563888

Residual: 0.08098847072144043


epsilon: 3.5599588533918625

m: 5.334697631137012

n: 52.433008578697454

Residual: 0.09195469743425325


epsilon: 3.559946527201434

m: 5.33469671581367

n: 52.43342685236645

Residual: 0.08857268287101239


epsilon: 3.5599500392347005

m: 5.334694768978341

n: 52.43331493346943

Residual: 0.0877399584139826


epsilon: 3.5599476054819883

m: 5.334696479692861

n: 52.433422248895745

Residual: 0.08324068325426642


epsilon: 3.5599429000549683

m: 5.334693922641971

n: 52.43358917911139

Residual: 0.08220719338368919


epsilon: 3.5599392188823664

m: 5.334693122296917

n: 52.43376740606864

Residual: 0.09601809590025115


epsilon: 3.5599473341466172

m: 5.334694357307985

n: 52.43342805161923

Residual: 0.08706144914325206


epsilon: 3.5599419239704497

m: 5.334693533967274

n: 52.43365428791884

Residual: 0.08413181951783569


epsilon: 3.559943276514492

m: 5.334693739802452

n: 52.43359772884394

Residual: 0.08895574295783584


epsilon: 3.5599431408468067

m: 5.334692678610013

n: 52.43360063020569

Residual: 0.09053732233213081


epsilon: 3.559945493560317

m: 5.334693957135457

n: 52.43351716509787

Residual: 0.0847063182060523


epsilon: 3.559945357892631

m: 5.33469289594302

n: 52.43352006645961

Residual: 0.08307882872227398


epsilon: 3.5599463478809223

m: 5.33469284649434

n: 52.433498911699274

Residual: 0.09387914222457898


epsilon: 3.5599439426053356

m: 5.334692720581095

n: 52.433575200579085

Residual: 0.08351645430092014


epsilon: 3.559942961197425

m: 5.334690743599323

n: 52.433621067127916

Residual: 0.0901192908667622


epsilon: 3.559944860469594

m: 5.334693153751424

n: 52.43354314060538

Residual: 0.08904794003707966


epsilon: 3.5599443697656383

m: 5.334692165260536

n: 52.433566073879796

Residual: 0.08439796025250863


epsilon: 3.5599436621219906

m: 5.334692077579574

n: 52.433593640939534

Residual: 0.08991335504650025


epsilon: 3.559944437599481

m: 5.334692695856756

n: 52.433564623198926

Residual: 0.08695600995292033


epsilon: 3.5599444638805195

m: 5.334692119550655

n: 52.43356821131293

Residual: 0.08817382316638349


epsilon: 3.559944263440887

m: 5.334692109057885

n: 52.43357456871958

Residual: 0.08333615437883485


epsilon: 3.5599435722973

m: 5.3346911100742265

n: 52.433603859400655

Residual: 0.08349610341723966


epsilon: 3.5599431084855837

m: 5.334690937212905

n: 52.433627599067016

Residual: 0.08951752419692868


epsilon: 3.5599440544456247

m: 5.334691858248629

n: 52.4335814551766

Residual: 0.08534760834666744


epsilon: 3.559943822539766

m: 5.334691771817969

n: 52.43359332500978

Residual: 0.08737283858038372


epsilon: 3.5599434769679723

m: 5.33469127232614

n: 52.43360797035032

Residual: 0.09835415898610403


epsilon: 3.5599438757021415

m: 5.334691799919295

n: 52.433589077589886

Residual: 0.08390654202297947


epsilon: 3.5599439096190633

m: 5.334692065217405

n: 52.43358835224946

Residual: 0.08308023416770996


epsilon: 3.559943622100134

m: 5.3346917613252

n: 52.43359968241644

Residual: 0.08738368086120696


epsilon: 3.5599437724298584

m: 5.334691769194777

n: 52.43359491436145

Residual: 0.08829179278890278


epsilon: 3.559943645628854

m: 5.334691749897729

n: 52.43360021677472

Residual: 0.0970717924435755


epsilon: 3.5599436286703936

m: 5.334691617248675

n: 52.433600579444935

Residual: 0.08669989765241831


epsilon: 3.5599436020892057

m: 5.334691603198012

n: 52.43360270315488

Residual: 0.08839286142443978


Warning: Maximum number of iterations has been exceeded.
n: 52.43360270315488

sigma: 1.0

m: 5.334691603198012

epsilon: 3.5599436020892057

Residual: 0.08285987413239448
