epsilon: 0.5

m: 4.25

Residual: 0.18192653476804266


epsilon: 0.5

m: 4.25

Residual: 0.17851482809428723


epsilon: 0.5

m: 4.291666666666667

Residual: 0.1792863227827844


epsilon: 0.5

m: 4.333333333333333

Residual: 0.18554374629221446


epsilon: 0.5

m: 4.375

Residual: 0.20909423718942993


epsilon: 0.5

m: 4.416666666666667

Residual: 0.21766627018762197


epsilon: 0.5

m: 4.458333333333333

Residual: 0.24062814423616322


epsilon: 0.5

m: 4.5

Residual: 0.2537885526951985


epsilon: 0.5

m: 4.541666666666667

Residual: 0.29379314545179713


epsilon: 0.5

m: 4.583333333333333

Residual: 0.30546280052034597


epsilon: 0.5

m: 4.625

Residual: 0.3324801472942608


epsilon: 0.5

m: 4.666666666666667

Residual: 0.3633090443134772


epsilon: 0.5

m: 4.708333333333333

Residual: 0.38847149800306113


epsilon: 0.5

m: 4.75

Residual: 0.4146481794022982


epsilon: 0.5

m: 4.791666666666667

Residual: 0.4499221227518842


epsilon: 0.5

m: 4.833333333333333

Residual: 0.4588997549215346


epsilon: 0.5

m: 4.875

Residual: 0.4746798532668858


epsilon: 0.5

m: 4.916666666666667

Residual: 0.5021425545396334


epsilon: 0.5

m: 4.958333333333333

Residual: 0.515699239939767


epsilon: 0.5

m: 5.0

Residual: 0.5399425891015127


epsilon: 0.5

m: 5.041666666666667

Residual: 0.5724934604771336


epsilon: 0.5

m: 5.083333333333333

Residual: 0.5840425310841191


epsilon: 0.5

m: 5.125

Residual: 0.5900368833677667


epsilon: 0.5

m: 5.166666666666667

Residual: 0.6242710233672216


epsilon: 0.5

m: 5.208333333333333

Residual: 0.6125372653842515


epsilon: 0.5

m: 5.25

Residual: 0.6380643286339289


epsilon: 0.5833333333333334

m: 4.25

Residual: 0.16760900675785825


epsilon: 0.5833333333333334

m: 4.291666666666667

Residual: 0.15966838838624128


epsilon: 0.5833333333333334

m: 4.333333333333333

Residual: 0.15524149270490403


epsilon: 0.5833333333333334

m: 4.375

Residual: 0.16861605737472027


epsilon: 0.5833333333333334

m: 4.416666666666667

Residual: 0.16618817196349275


epsilon: 0.5833333333333334

m: 4.458333333333333

Residual: 0.18005604370972908


epsilon: 0.5833333333333334

m: 4.5

Residual: 0.1980703876784406


epsilon: 0.5833333333333334

m: 4.541666666666667

Residual: 0.21571006561837888


epsilon: 0.5833333333333334

m: 4.583333333333333

Residual: 0.24227454160855255


epsilon: 0.5833333333333334

m: 4.625

Residual: 0.25908555763983393


epsilon: 0.5833333333333334

m: 4.666666666666667

Residual: 0.29809071620958894


epsilon: 0.5833333333333334

m: 4.708333333333333

Residual: 0.3202169602256703


epsilon: 0.5833333333333334

m: 4.75

Residual: 0.3550352435741496


epsilon: 0.5833333333333334

m: 4.791666666666667

Residual: 0.36574535796872043


epsilon: 0.5833333333333334

m: 4.833333333333333

Residual: 0.388762127047321


epsilon: 0.5833333333333334

m: 4.875

Residual: 0.42148051284903226


epsilon: 0.5833333333333334

m: 4.916666666666667

Residual: 0.45403484477821027


epsilon: 0.5833333333333334

m: 4.958333333333333

Residual: 0.45468534872032434


epsilon: 0.5833333333333334

m: 5.0

Residual: 0.4745992162511783


epsilon: 0.5833333333333334

m: 5.041666666666667

Residual: 0.5106572150675793


epsilon: 0.5833333333333334

m: 5.083333333333333

Residual: 0.5171000649192246


epsilon: 0.5833333333333334

m: 5.125

Residual: 0.5302535594553227


epsilon: 0.5833333333333334

m: 5.166666666666667

Residual: 0.5522920444873858


epsilon: 0.5833333333333334

m: 5.208333333333333

Residual: 0.5792322465557879


epsilon: 0.5833333333333334

m: 5.25

Residual: 0.5879726266437867


epsilon: 0.6666666666666666

m: 4.25

Residual: 0.18046904381312778


epsilon: 0.6666666666666666

m: 4.291666666666667

Residual: 0.15682516516267248


epsilon: 0.6666666666666666

m: 4.333333333333333

Residual: 0.14850721707936684


epsilon: 0.6666666666666666

m: 4.375

Residual: 0.14587245970104565


epsilon: 0.6666666666666666

m: 4.416666666666667

Residual: 0.15248493831867888


epsilon: 0.6666666666666666

m: 4.458333333333333

Residual: 0.15409232532112643


epsilon: 0.6666666666666666

m: 4.5

Residual: 0.15002365244633378


epsilon: 0.6666666666666666

m: 4.541666666666667

Residual: 0.17435722994685293


epsilon: 0.6666666666666666

m: 4.583333333333333

Residual: 0.18250237364296942


epsilon: 0.6666666666666666

m: 4.625

Residual: 0.2198441423788212


epsilon: 0.6666666666666666

m: 4.666666666666667

Residual: 0.22526397705803913


epsilon: 0.6666666666666666

m: 4.708333333333333

Residual: 0.2648929047190364


epsilon: 0.6666666666666666

m: 4.75

Residual: 0.29453492408803533


epsilon: 0.6666666666666666

m: 4.791666666666667

Residual: 0.3112681601248457


epsilon: 0.6666666666666666

m: 4.833333333333333

Residual: 0.333516625761887


epsilon: 0.6666666666666666

m: 4.875

Residual: 0.3600983356368414


epsilon: 0.6666666666666666

m: 4.916666666666667

Residual: 0.3889303677108605


epsilon: 0.6666666666666666

m: 4.958333333333333

Residual: 0.4080248715778201


epsilon: 0.6666666666666666

m: 5.0

Residual: 0.4377455530598032


epsilon: 0.6666666666666666

m: 5.041666666666667

Residual: 0.46401508139681086


epsilon: 0.6666666666666666

m: 5.083333333333333

Residual: 0.4685507017488531


epsilon: 0.6666666666666666

m: 5.125

Residual: 0.49619292858675157


epsilon: 0.6666666666666666

m: 5.166666666666667

Residual: 0.49793586205764306


epsilon: 0.6666666666666666

m: 5.208333333333333

Residual: 0.5222172691109455


epsilon: 0.6666666666666666

m: 5.25

Residual: 0.5707397282016656


epsilon: 0.75

m: 4.25

Residual: 0.19680171163487206


epsilon: 0.75

m: 4.291666666666667

Residual: 0.17607538981613194


epsilon: 0.75

m: 4.333333333333333

Residual: 0.15926439782916785


epsilon: 0.75

m: 4.375

Residual: 0.1403980327348479


epsilon: 0.75

m: 4.416666666666667

Residual: 0.136757618470322


epsilon: 0.75

m: 4.458333333333333

Residual: 0.12811502322214705


epsilon: 0.75

m: 4.5

Residual: 0.1271446753050583


epsilon: 0.75

m: 4.541666666666667

Residual: 0.13017990191113468


epsilon: 0.75

m: 4.583333333333333

Residual: 0.14864801253541324


epsilon: 0.75

m: 4.625

Residual: 0.16746031414368812


epsilon: 0.75

m: 4.666666666666667

Residual: 0.18976566967005046


epsilon: 0.75

m: 4.708333333333333

Residual: 0.20619737138277217


epsilon: 0.75

m: 4.75

Residual: 0.23386331171668492


epsilon: 0.75

m: 4.791666666666667

Residual: 0.26844227975867296


epsilon: 0.75

m: 4.833333333333333

Residual: 0.29093227903350005


epsilon: 0.75

m: 4.875

Residual: 0.3134841056394479


epsilon: 0.75

m: 4.916666666666667

Residual: 0.335841246993872


epsilon: 0.75

m: 4.958333333333333

Residual: 0.3611638224514104


epsilon: 0.75

m: 5.0

Residual: 0.3685921851385313


epsilon: 0.75

m: 5.041666666666667

Residual: 0.4151527287508301


epsilon: 0.75

m: 5.083333333333333

Residual: 0.4321626901503532


epsilon: 0.75

m: 5.125

Residual: 0.4339349689472522


epsilon: 0.75

m: 5.166666666666667

Residual: 0.4596027193708888


epsilon: 0.75

m: 5.208333333333333

Residual: 0.47603303928987584


epsilon: 0.75

m: 5.25

Residual: 0.5168414107782692


epsilon: 0.8333333333333333

m: 4.25

Residual: 0.22449718747958486


epsilon: 0.8333333333333333

m: 4.291666666666667

Residual: 0.19158246714387075


epsilon: 0.8333333333333333

m: 4.333333333333333

Residual: 0.17365086581932046


epsilon: 0.8333333333333333

m: 4.375

Residual: 0.16315776893523828


epsilon: 0.8333333333333333

m: 4.416666666666667

Residual: 0.14235356065706467


epsilon: 0.8333333333333333

m: 4.458333333333333

Residual: 0.12391081911563169


epsilon: 0.8333333333333333

m: 4.5

Residual: 0.11990803210709636


epsilon: 0.8333333333333333

m: 4.541666666666667

Residual: 0.1106868900274662


epsilon: 0.8333333333333333

m: 4.583333333333333

Residual: 0.12003493660238981


epsilon: 0.8333333333333333

m: 4.625

Residual: 0.1168891339639592


epsilon: 0.8333333333333333

m: 4.666666666666667

Residual: 0.13548608365687737


epsilon: 0.8333333333333333

m: 4.708333333333333

Residual: 0.15989993439646086


epsilon: 0.8333333333333333

m: 4.75

Residual: 0.17399481146288898


epsilon: 0.8333333333333333

m: 4.791666666666667

Residual: 0.20682347477132706


epsilon: 0.8333333333333333

m: 4.833333333333333

Residual: 0.23671711508061757


epsilon: 0.8333333333333333

m: 4.875

Residual: 0.25800133951246496


epsilon: 0.8333333333333333

m: 4.916666666666667

Residual: 0.28452576572756066


epsilon: 0.8333333333333333

m: 4.958333333333333

Residual: 0.31236049418572565


epsilon: 0.8333333333333333

m: 5.0

Residual: 0.33613730618173293


epsilon: 0.8333333333333333

m: 5.041666666666667

Residual: 0.3520449974060308


epsilon: 0.8333333333333333

m: 5.083333333333333

Residual: 0.3776403370307481


epsilon: 0.8333333333333333

m: 5.125

Residual: 0.39372310216929474


epsilon: 0.8333333333333333

m: 5.166666666666667

Residual: 0.41484395264043666


epsilon: 0.8333333333333333

m: 5.208333333333333

Residual: 0.43358665115120915


epsilon: 0.8333333333333333

m: 5.25

Residual: 0.455000547098402


epsilon: 0.9166666666666666

m: 4.25

Residual: 0.26066237290615796


epsilon: 0.9166666666666666

m: 4.291666666666667

Residual: 0.22579039531368894


epsilon: 0.9166666666666666

m: 4.333333333333333

Residual: 0.20165837968742512


epsilon: 0.9166666666666666

m: 4.375

Residual: 0.1732664123179234


epsilon: 0.9166666666666666

m: 4.416666666666667

Residual: 0.15188961853112065


epsilon: 0.9166666666666666

m: 4.458333333333333

Residual: 0.12957878936966905


epsilon: 0.9166666666666666

m: 4.5

Residual: 0.13177093401709739


epsilon: 0.9166666666666666

m: 4.541666666666667

Residual: 0.10153748603900008


epsilon: 0.9166666666666666

m: 4.583333333333333

Residual: 0.10307514656949339


epsilon: 0.9166666666666666

m: 4.625

Residual: 0.10870407698134665


epsilon: 0.9166666666666666

m: 4.666666666666667

Residual: 0.1264325053597249


epsilon: 0.9166666666666666

m: 4.708333333333333

Residual: 0.11899334448850034


epsilon: 0.9166666666666666

m: 4.75

Residual: 0.1402711313380624


epsilon: 0.9166666666666666

m: 4.791666666666667

Residual: 0.1686712385939416


epsilon: 0.9166666666666666

m: 4.833333333333333

Residual: 0.18664565592988042


epsilon: 0.9166666666666666

m: 4.875

Residual: 0.21069861277283108


epsilon: 0.9166666666666666

m: 4.916666666666667

Residual: 0.24417218553341302


epsilon: 0.9166666666666666

m: 4.958333333333333

Residual: 0.26365827020528293


epsilon: 0.9166666666666666

m: 5.0

Residual: 0.3025703641246521


epsilon: 0.9166666666666666

m: 5.041666666666667

Residual: 0.3161806358760537


epsilon: 0.9166666666666666

m: 5.083333333333333

Residual: 0.3337513388678933


epsilon: 0.9166666666666666

m: 5.125

Residual: 0.37321997153807446


epsilon: 0.9166666666666666

m: 5.166666666666667

Residual: 0.3794320344143696


epsilon: 0.9166666666666666

m: 5.208333333333333

Residual: 0.39016268856831576


epsilon: 0.9166666666666666

m: 5.25

Residual: 0.4405086577900143


epsilon: 1.0

m: 4.25

Residual: 0.2958490176191708


epsilon: 1.0

m: 4.291666666666667

Residual: 0.26055068885692034


epsilon: 1.0

m: 4.333333333333333

Residual: 0.22822955465872352


epsilon: 1.0

m: 4.375

Residual: 0.21061876775776736


epsilon: 1.0

m: 4.416666666666667

Residual: 0.18498539108788256


epsilon: 1.0

m: 4.458333333333333

Residual: 0.1540892562788056


epsilon: 1.0

m: 4.5

Residual: 0.13722540664686922


epsilon: 1.0

m: 4.541666666666667

Residual: 0.11280760413589667


epsilon: 1.0

m: 4.583333333333333

Residual: 0.10654377999317778


epsilon: 1.0

m: 4.625

Residual: 0.09553685106522528


epsilon: 1.0

m: 4.666666666666667

Residual: 0.09201346221874303


epsilon: 1.0

m: 4.708333333333333

Residual: 0.09790205031005339


epsilon: 1.0

m: 4.75

Residual: 0.11699768607238298


epsilon: 1.0

m: 4.791666666666667

Residual: 0.11434798698646917


epsilon: 1.0

m: 4.833333333333333

Residual: 0.14293505462451578


epsilon: 1.0

m: 4.875

Residual: 0.17433302675083936


epsilon: 1.0

m: 4.916666666666667

Residual: 0.20101271993981504


epsilon: 1.0

m: 4.958333333333333

Residual: 0.21538102091457356


epsilon: 1.0

m: 5.0

Residual: 0.25461407742956677


epsilon: 1.0

m: 5.041666666666667

Residual: 0.26648564227045096


epsilon: 1.0

m: 5.083333333333333

Residual: 0.31465791500901713


epsilon: 1.0

m: 5.125

Residual: 0.31986348246471064


epsilon: 1.0

m: 5.166666666666667

Residual: 0.3388123667126992


epsilon: 1.0

m: 5.208333333333333

Residual: 0.4048601293763415


epsilon: 1.0

m: 5.25

Residual: 0.3738456421327349


epsilon: 1.0833333333333333

m: 4.25

Residual: 0.3188711862986142


epsilon: 1.0833333333333333

m: 4.291666666666667

Residual: 0.29680593657643356


epsilon: 1.0833333333333333

m: 4.333333333333333

Residual: 0.25981516614136446


epsilon: 1.0833333333333333

m: 4.375

Residual: 0.24099400554621056


epsilon: 1.0833333333333333

m: 4.416666666666667

Residual: 0.2139655817062401


epsilon: 1.0833333333333333

m: 4.458333333333333

Residual: 0.18075130775298578


epsilon: 1.0833333333333333

m: 4.5

Residual: 0.15869270871781577


epsilon: 1.0833333333333333

m: 4.541666666666667

Residual: 0.13937198362229178


epsilon: 1.0833333333333333

m: 4.583333333333333

Residual: 0.11220706045076687


epsilon: 1.0833333333333333

m: 4.625

Residual: 0.09644017498857889


epsilon: 1.0833333333333333

m: 4.666666666666667

Residual: 0.09229321201069961


epsilon: 1.0833333333333333

m: 4.708333333333333

Residual: 0.08537837130416757


epsilon: 1.0833333333333333

m: 4.75

Residual: 0.08337578729567295


epsilon: 1.0833333333333333

m: 4.791666666666667

Residual: 0.09517976341600114


epsilon: 1.0833333333333333

m: 4.833333333333333

Residual: 0.14218896384168528


epsilon: 1.0833333333333333

m: 4.875

Residual: 0.1455758978141684


epsilon: 1.0833333333333333

m: 4.916666666666667

Residual: 0.16180468243036825


epsilon: 1.0833333333333333

m: 4.958333333333333

Residual: 0.18986995656780592


epsilon: 1.0833333333333333

m: 5.0

Residual: 0.22836697415936225


epsilon: 1.0833333333333333

m: 5.041666666666667

Residual: 0.25314156910241625


epsilon: 1.0833333333333333

m: 5.083333333333333

Residual: 0.258957556272885


epsilon: 1.0833333333333333

m: 5.125

Residual: 0.2855950884764802


epsilon: 1.0833333333333333

m: 5.166666666666667

Residual: 0.30765855285334287


epsilon: 1.0833333333333333

m: 5.208333333333333

Residual: 0.32579217297628205


epsilon: 1.0833333333333333

m: 5.25

Residual: 0.3562498453713274


epsilon: 1.1666666666666665

m: 4.25

Residual: 0.35046207962772274


epsilon: 1.1666666666666665

m: 4.291666666666667

Residual: 0.3276421680788163


epsilon: 1.1666666666666665

m: 4.333333333333333

Residual: 0.2913952391319572


epsilon: 1.1666666666666665

m: 4.375

Residual: 0.2658550912402737


epsilon: 1.1666666666666665

m: 4.416666666666667

Residual: 0.2508443714518486


epsilon: 1.1666666666666665

m: 4.458333333333333

Residual: 0.211973552898978


epsilon: 1.1666666666666665

m: 4.5

Residual: 0.1789572746972319


epsilon: 1.1666666666666665

m: 4.541666666666667

Residual: 0.15508287980040053


epsilon: 1.1666666666666665

m: 4.583333333333333

Residual: 0.13500002551905457


epsilon: 1.1666666666666665

m: 4.625

Residual: 0.12809213560826566


epsilon: 1.1666666666666665

m: 4.666666666666667

Residual: 0.09087673813791344


epsilon: 1.1666666666666665

m: 4.708333333333333

Residual: 0.0803800368975646


epsilon: 1.1666666666666665

m: 4.75

Residual: 0.07004330346407513


epsilon: 1.1666666666666665

m: 4.791666666666667

Residual: 0.0730504162083281


epsilon: 1.1666666666666665

m: 4.833333333333333

Residual: 0.07452890950423575


epsilon: 1.1666666666666665

m: 4.875

Residual: 0.094889260148578


epsilon: 1.1666666666666665

m: 4.916666666666667

Residual: 0.12563209424274618


epsilon: 1.1666666666666665

m: 4.958333333333333

Residual: 0.1622720366535126


epsilon: 1.1666666666666665

m: 5.0

Residual: 0.17585100612418755


epsilon: 1.1666666666666665

m: 5.041666666666667

Residual: 0.20247131223330816


epsilon: 1.1666666666666665

m: 5.083333333333333

Residual: 0.2287212673773583


epsilon: 1.1666666666666665

m: 5.125

Residual: 0.2810890436385933


epsilon: 1.1666666666666665

m: 5.166666666666667

Residual: 0.2915123201219293


epsilon: 1.1666666666666665

m: 5.208333333333333

Residual: 0.28490691517760686


epsilon: 1.1666666666666665

m: 5.25

Residual: 0.30822952823789684


epsilon: 1.25

m: 4.25

Residual: 0.3811777704576463


epsilon: 1.25

m: 4.291666666666667

Residual: 0.3530776191808396


epsilon: 1.25

m: 4.333333333333333

Residual: 0.3234073166760486


epsilon: 1.25

m: 4.375

Residual: 0.30174962412829115


epsilon: 1.25

m: 4.416666666666667

Residual: 0.26688044302288455


epsilon: 1.25

m: 4.458333333333333

Residual: 0.23663838441888524


epsilon: 1.25

m: 4.5

Residual: 0.2215958881720684


epsilon: 1.25

m: 4.541666666666667

Residual: 0.18659439872657677


epsilon: 1.25

m: 4.583333333333333

Residual: 0.1631739897929901


epsilon: 1.25

m: 4.625

Residual: 0.13861588228836105


epsilon: 1.25

m: 4.666666666666667

Residual: 0.12559834303724607


epsilon: 1.25

m: 4.708333333333333

Residual: 0.09986610770544783


epsilon: 1.25

m: 4.75

Residual: 0.06985068377497815


epsilon: 1.25

m: 4.791666666666667

Residual: 0.05902161862122803


epsilon: 1.25

m: 4.833333333333333

Residual: 0.07635283458730979


epsilon: 1.25

m: 4.875

Residual: 0.07524970637783007


epsilon: 1.25

m: 4.916666666666667

Residual: 0.08270552568849403


epsilon: 1.25

m: 4.958333333333333

Residual: 0.1280617129565473


epsilon: 1.25

m: 5.0

Residual: 0.14105165381797627


epsilon: 1.25

m: 5.041666666666667

Residual: 0.1587953112501478


epsilon: 1.25

m: 5.083333333333333

Residual: 0.1983551386010206


epsilon: 1.25

m: 5.125

Residual: 0.22421216429344334


epsilon: 1.25

m: 5.166666666666667

Residual: 0.2309360054105833


epsilon: 1.25

m: 5.208333333333333

Residual: 0.2748311241022454


epsilon: 1.25

m: 5.25

Residual: 0.3073630009673527


epsilon: 1.3333333333333333

m: 4.25

Residual: 0.4041773255280348


epsilon: 1.3333333333333333

m: 4.291666666666667

Residual: 0.38069541903027826


epsilon: 1.3333333333333333

m: 4.333333333333333

Residual: 0.3519248348027247


epsilon: 1.3333333333333333

m: 4.375

Residual: 0.3213442712820629


epsilon: 1.3333333333333333

m: 4.416666666666667

Residual: 0.2922101230239893


epsilon: 1.3333333333333333

m: 4.458333333333333

Residual: 0.26815304773218385


epsilon: 1.3333333333333333

m: 4.5

Residual: 0.23443372014062444


epsilon: 1.3333333333333333

m: 4.541666666666667

Residual: 0.2059422715420456


epsilon: 1.3333333333333333

m: 4.583333333333333

Residual: 0.18502692804340765


epsilon: 1.3333333333333333

m: 4.625

Residual: 0.16795793333019587


epsilon: 1.3333333333333333

m: 4.666666666666667

Residual: 0.15273173023909062


epsilon: 1.3333333333333333

m: 4.708333333333333

Residual: 0.11786110093704001


epsilon: 1.3333333333333333

m: 4.75

Residual: 0.09528854870364781


epsilon: 1.3333333333333333

m: 4.791666666666667

Residual: 0.08078232186513941


epsilon: 1.3333333333333333

m: 4.833333333333333

Residual: 0.042987404649444824


epsilon: 1.3333333333333333

m: 4.875

Residual: 0.06095632845783587


epsilon: 1.3333333333333333

m: 4.916666666666667

Residual: 0.06331378053122719


epsilon: 1.3333333333333333

m: 4.958333333333333

Residual: 0.10974157167052843


epsilon: 1.3333333333333333

m: 5.0

Residual: 0.1046774428918325


epsilon: 1.3333333333333333

m: 5.041666666666667

Residual: 0.13482185884828582


epsilon: 1.3333333333333333

m: 5.083333333333333

Residual: 0.16765694412281154


epsilon: 1.3333333333333333

m: 5.125

Residual: 0.1953219243284994


epsilon: 1.3333333333333333

m: 5.166666666666667

Residual: 0.21882632412187253


epsilon: 1.3333333333333333

m: 5.208333333333333

Residual: 0.23189180928126513


epsilon: 1.3333333333333333

m: 5.25

Residual: 0.3008453384916206


epsilon: 1.4166666666666665

m: 4.25

Residual: 0.43459080570451875


epsilon: 1.4166666666666665

m: 4.291666666666667

Residual: 0.4036620225276907


epsilon: 1.4166666666666665

m: 4.333333333333333

Residual: 0.3758309028166144


epsilon: 1.4166666666666665

m: 4.375

Residual: 0.34754012250795285


epsilon: 1.4166666666666665

m: 4.416666666666667

Residual: 0.33388738240665067


epsilon: 1.4166666666666665

m: 4.458333333333333

Residual: 0.29313948236632625


epsilon: 1.4166666666666665

m: 4.5

Residual: 0.2632741234844349


epsilon: 1.4166666666666665

m: 4.541666666666667

Residual: 0.23144696811061166


epsilon: 1.4166666666666665

m: 4.583333333333333

Residual: 0.2097837089573153


epsilon: 1.4166666666666665

m: 4.625

Residual: 0.20549222186373728


epsilon: 1.4166666666666665

m: 4.666666666666667

Residual: 0.15234945773466504


epsilon: 1.4166666666666665

m: 4.708333333333333

Residual: 0.13924334883071365


epsilon: 1.4166666666666665

m: 4.75

Residual: 0.10949150265119373


epsilon: 1.4166666666666665

m: 4.791666666666667

Residual: 0.0735311505463906


epsilon: 1.4166666666666665

m: 4.833333333333333

Residual: 0.06390744498787333


epsilon: 1.4166666666666665

m: 4.875

Residual: 0.04008962576014924


epsilon: 1.4166666666666665

m: 4.916666666666667

Residual: 0.0354920835146055


epsilon: 1.4166666666666665

m: 4.958333333333333

Residual: 0.06567584427698152


epsilon: 1.4166666666666665

m: 5.0

Residual: 0.09640358052696177


epsilon: 1.4166666666666665

m: 5.041666666666667

Residual: 0.10273580635188481


epsilon: 1.4166666666666665

m: 5.083333333333333

Residual: 0.12407915674483441


epsilon: 1.4166666666666665

m: 5.125

Residual: 0.1506761677232189


epsilon: 1.4166666666666665

m: 5.166666666666667

Residual: 0.1686495285069579


epsilon: 1.4166666666666665

m: 5.208333333333333

Residual: 0.2090705628678549


epsilon: 1.4166666666666665

m: 5.25

Residual: 0.2390724641710012


epsilon: 1.5

m: 4.25

Residual: 0.4511679936222113


epsilon: 1.5

m: 4.291666666666667

Residual: 0.42389572985733676


epsilon: 1.5

m: 4.333333333333333

Residual: 0.3967765578277942


epsilon: 1.5

m: 4.375

Residual: 0.37668346767619293


epsilon: 1.5

m: 4.416666666666667

Residual: 0.34462665248854746


epsilon: 1.5

m: 4.458333333333333

Residual: 0.3282245648857835


epsilon: 1.5

m: 4.5

Residual: 0.30441551938962896


epsilon: 1.5

m: 4.541666666666667

Residual: 0.2568255135344872


epsilon: 1.5

m: 4.583333333333333

Residual: 0.25420441094620894


epsilon: 1.5

m: 4.625

Residual: 0.2061016878497864


epsilon: 1.5

m: 4.666666666666667

Residual: 0.19259311910534008


epsilon: 1.5

m: 4.708333333333333

Residual: 0.14638536909008304


epsilon: 1.5

m: 4.75

Residual: 0.14648305661757444


epsilon: 1.5

m: 4.791666666666667

Residual: 0.11017320583947894


epsilon: 1.5

m: 4.833333333333333

Residual: 0.07790335250154046


epsilon: 1.5

m: 4.875

Residual: 0.07378733127532557


epsilon: 1.5

m: 4.916666666666667

Residual: 0.04577242179468727


epsilon: 1.5

m: 4.958333333333333

Residual: 0.05243023215765426


epsilon: 1.5

m: 5.0

Residual: 0.06541878849869938


epsilon: 1.5

m: 5.041666666666667

Residual: 0.06856938106246341


epsilon: 1.5

m: 5.083333333333333

Residual: 0.0930056693733004


epsilon: 1.5

m: 5.125

Residual: 0.11664292521163812


epsilon: 1.5

m: 5.166666666666667

Residual: 0.16118854976408123


epsilon: 1.5

m: 5.208333333333333

Residual: 0.17268293388993705


epsilon: 1.5

m: 5.25

Residual: 0.1894899816246635


epsilon: 1.5833333333333333

m: 4.25

Residual: 0.4770340629709653


epsilon: 1.5833333333333333

m: 4.291666666666667

Residual: 0.44534743047463504


epsilon: 1.5833333333333333

m: 4.333333333333333

Residual: 0.42123425035046985


epsilon: 1.5833333333333333

m: 4.375

Residual: 0.3947580925382659


epsilon: 1.5833333333333333

m: 4.416666666666667

Residual: 0.36994325766192176


epsilon: 1.5833333333333333

m: 4.458333333333333

Residual: 0.33961433188260676


epsilon: 1.5833333333333333

m: 4.5

Residual: 0.3077842000544434


epsilon: 1.5833333333333333

m: 4.541666666666667

Residual: 0.2839427376367356


epsilon: 1.5833333333333333

m: 4.583333333333333

Residual: 0.2554120060279646


epsilon: 1.5833333333333333

m: 4.625

Residual: 0.22550994949538786


epsilon: 1.5833333333333333

m: 4.666666666666667

Residual: 0.20404916149244728


epsilon: 1.5833333333333333

m: 4.708333333333333

Residual: 0.1784712395411325


epsilon: 1.5833333333333333

m: 4.75

Residual: 0.1603712558585246


epsilon: 1.5833333333333333

m: 4.791666666666667

Residual: 0.12875217989946297


epsilon: 1.5833333333333333

m: 4.833333333333333

Residual: 0.09882675567423387


epsilon: 1.5833333333333333

m: 4.875

Residual: 0.08166374047098905


epsilon: 1.5833333333333333

m: 4.916666666666667

Residual: 0.07091715788979563


epsilon: 1.5833333333333333

m: 4.958333333333333

Residual: 0.03332790759077383


epsilon: 1.5833333333333333

m: 5.0

Residual: 0.02433727064305173


epsilon: 1.5833333333333333

m: 5.041666666666667

Residual: 0.06849973209551531


epsilon: 1.5833333333333333

m: 5.083333333333333

Residual: 0.07282383073431087


epsilon: 1.5833333333333333

m: 5.125

Residual: 0.09456650463833959


epsilon: 1.5833333333333333

m: 5.166666666666667

Residual: 0.13372643387288838


epsilon: 1.5833333333333333

m: 5.208333333333333

Residual: 0.14909647060104295


epsilon: 1.5833333333333333

m: 5.25

Residual: 0.1707290720737366


epsilon: 1.6666666666666665

m: 4.25

Residual: 0.4935898782253359


epsilon: 1.6666666666666665

m: 4.291666666666667

Residual: 0.47130658722482854


epsilon: 1.6666666666666665

m: 4.333333333333333

Residual: 0.44557927602746666


epsilon: 1.6666666666666665

m: 4.375

Residual: 0.4130014743404608


epsilon: 1.6666666666666665

m: 4.416666666666667

Residual: 0.3856973868970488


epsilon: 1.6666666666666665

m: 4.458333333333333

Residual: 0.3564822381630643


epsilon: 1.6666666666666665

m: 4.5

Residual: 0.34553713934112096


epsilon: 1.6666666666666665

m: 4.541666666666667

Residual: 0.3039194617499962


epsilon: 1.6666666666666665

m: 4.583333333333333

Residual: 0.27589246454184063


epsilon: 1.6666666666666665

m: 4.625

Residual: 0.24970308302002386


epsilon: 1.6666666666666665

m: 4.666666666666667

Residual: 0.22430368980936705


epsilon: 1.6666666666666665

m: 4.708333333333333

Residual: 0.1960140361199446


epsilon: 1.6666666666666665

m: 4.75

Residual: 0.16837014195632535


epsilon: 1.6666666666666665

m: 4.791666666666667

Residual: 0.13897925150774867


epsilon: 1.6666666666666665

m: 4.833333333333333

Residual: 0.12300633503898176


epsilon: 1.6666666666666665

m: 4.875

Residual: 0.08979831784123778


epsilon: 1.6666666666666665

m: 4.916666666666667

Residual: 0.09097873759720305


epsilon: 1.6666666666666665

m: 4.958333333333333

Residual: 0.061358119763039634


epsilon: 1.6666666666666665

m: 5.0

Residual: 0.031669076734381366


epsilon: 1.6666666666666665

m: 5.041666666666667

Residual: 0.03472878275346142


epsilon: 1.6666666666666665

m: 5.083333333333333

Residual: 0.05726223042708002


epsilon: 1.6666666666666665

m: 5.125

Residual: 0.0991901903465408


epsilon: 1.6666666666666665

m: 5.166666666666667

Residual: 0.14544298465646874


epsilon: 1.6666666666666665

m: 5.208333333333333

Residual: 0.14820343244435646


epsilon: 1.6666666666666665

m: 5.25

Residual: 0.13640309955556332


epsilon: 1.75

m: 4.25

Residual: 0.512352885603089


epsilon: 1.75

m: 4.291666666666667

Residual: 0.4864426178821582


epsilon: 1.75

m: 4.333333333333333

Residual: 0.4645039435577066


epsilon: 1.75

m: 4.375

Residual: 0.43294701123095297


epsilon: 1.75

m: 4.416666666666667

Residual: 0.4112390619367129


epsilon: 1.75

m: 4.458333333333333

Residual: 0.3800622251607872


epsilon: 1.75

m: 4.5

Residual: 0.3533786035307394


epsilon: 1.75

m: 4.541666666666667

Residual: 0.325792715730088


epsilon: 1.75

m: 4.583333333333333

Residual: 0.30305106461132975


epsilon: 1.75

m: 4.625

Residual: 0.2720250212841017


epsilon: 1.75

m: 4.666666666666667

Residual: 0.24310937546380057


epsilon: 1.75

m: 4.708333333333333

Residual: 0.21512996658403444


epsilon: 1.75

m: 4.75

Residual: 0.20081321134628824


epsilon: 1.75

m: 4.791666666666667

Residual: 0.16610493933592166


epsilon: 1.75

m: 4.833333333333333

Residual: 0.13930164328441674


epsilon: 1.75

m: 4.875

Residual: 0.11172312006136552


epsilon: 1.75

m: 4.916666666666667

Residual: 0.09641316674103145


epsilon: 1.75

m: 4.958333333333333

Residual: 0.0802907605335023


epsilon: 1.75

m: 5.0

Residual: 0.06870905976803024


epsilon: 1.75

m: 5.041666666666667

Residual: 0.04716527128661025


epsilon: 1.75

m: 5.083333333333333

Residual: 0.02164641582933787


epsilon: 1.75

m: 5.125

Residual: 0.055203096482468544


epsilon: 1.75

m: 5.166666666666667

Residual: 0.09088694442546537


epsilon: 1.75

m: 5.208333333333333

Residual: 0.10016736303284572


epsilon: 1.75

m: 5.25

Residual: 0.11426764766963866


epsilon: 1.8333333333333333

m: 4.25

Residual: 0.5307003733936342


epsilon: 1.8333333333333333

m: 4.291666666666667

Residual: 0.5041037687788081


epsilon: 1.8333333333333333

m: 4.333333333333333

Residual: 0.4843223813978947


epsilon: 1.8333333333333333

m: 4.375

Residual: 0.4486554901730314


epsilon: 1.8333333333333333

m: 4.416666666666667

Residual: 0.4311263503701742


epsilon: 1.8333333333333333

m: 4.458333333333333

Residual: 0.40383950840610566


epsilon: 1.8333333333333333

m: 4.5

Residual: 0.3782710521984446


epsilon: 1.8333333333333333

m: 4.541666666666667

Residual: 0.34187085209962653


epsilon: 1.8333333333333333

m: 4.583333333333333

Residual: 0.32451026851037845


epsilon: 1.8333333333333333

m: 4.625

Residual: 0.29390503255253314


epsilon: 1.8333333333333333

m: 4.666666666666667

Residual: 0.2663894931482672


epsilon: 1.8333333333333333

m: 4.708333333333333

Residual: 0.24464345793326558


epsilon: 1.8333333333333333

m: 4.75

Residual: 0.21531926901456291


epsilon: 1.8333333333333333

m: 4.791666666666667

Residual: 0.1844032881222963


epsilon: 1.8333333333333333

m: 4.833333333333333

Residual: 0.17745353802556027


epsilon: 1.8333333333333333

m: 4.875

Residual: 0.15205469034056993


epsilon: 1.8333333333333333

m: 4.916666666666667

Residual: 0.13706451889371357


epsilon: 1.8333333333333333

m: 4.958333333333333

Residual: 0.08386022607250747


epsilon: 1.8333333333333333

m: 5.0

Residual: 0.06739942320360909


epsilon: 1.8333333333333333

m: 5.041666666666667

Residual: 0.051787157562820346


epsilon: 1.8333333333333333

m: 5.083333333333333

Residual: 0.059504153774415515


epsilon: 1.8333333333333333

m: 5.125

Residual: 0.04820690696552353


epsilon: 1.8333333333333333

m: 5.166666666666667

Residual: 0.06629688687360032


epsilon: 1.8333333333333333

m: 5.208333333333333

Residual: 0.08433576799703169


epsilon: 1.8333333333333333

m: 5.25

Residual: 0.11918638729654171


epsilon: 1.9166666666666665

m: 4.25

Residual: 0.5464771275486708


epsilon: 1.9166666666666665

m: 4.291666666666667

Residual: 0.5249706905648277


epsilon: 1.9166666666666665

m: 4.333333333333333

Residual: 0.4919156485311238


epsilon: 1.9166666666666665

m: 4.375

Residual: 0.4728131630152163


epsilon: 1.9166666666666665

m: 4.416666666666667

Residual: 0.4441399843233431


epsilon: 1.9166666666666665

m: 4.458333333333333

Residual: 0.42348635079125097


epsilon: 1.9166666666666665

m: 4.5

Residual: 0.3949243375690327


epsilon: 1.9166666666666665

m: 4.541666666666667

Residual: 0.36259243056781437


epsilon: 1.9166666666666665

m: 4.583333333333333

Residual: 0.33758579622609314


epsilon: 1.9166666666666665

m: 4.625

Residual: 0.32511412636310244


epsilon: 1.9166666666666665

m: 4.666666666666667

Residual: 0.2923234254230467


epsilon: 1.9166666666666665

m: 4.708333333333333

Residual: 0.2756075214014952


epsilon: 1.9166666666666665

m: 4.75

Residual: 0.2308214024857169


epsilon: 1.9166666666666665

m: 4.791666666666667

Residual: 0.20778714990481104


epsilon: 1.9166666666666665

m: 4.833333333333333

Residual: 0.17805726477155182


epsilon: 1.9166666666666665

m: 4.875

Residual: 0.16241334550220157


epsilon: 1.9166666666666665

m: 4.916666666666667

Residual: 0.12975320140550733


epsilon: 1.9166666666666665

m: 4.958333333333333

Residual: 0.1364042846348811


epsilon: 1.9166666666666665

m: 5.0

Residual: 0.07537724903937336


epsilon: 1.9166666666666665

m: 5.041666666666667

Residual: 0.1161250303036322


epsilon: 1.9166666666666665

m: 5.083333333333333

Residual: 0.04378230551084569


epsilon: 1.9166666666666665

m: 5.125

Residual: 0.03305077229366834


epsilon: 1.9166666666666665

m: 5.166666666666667

Residual: 0.03815777727844893


epsilon: 1.9166666666666665

m: 5.208333333333333

Residual: 0.04717581464395241


epsilon: 1.9166666666666665

m: 5.25

Residual: 0.07991900948062673


epsilon: 2.0

m: 4.25

Residual: 0.5611672744717279


epsilon: 2.0

m: 4.291666666666667

Residual: 0.5396447525642625


epsilon: 2.0

m: 4.333333333333333

Residual: 0.5129612424594424


epsilon: 2.0

m: 4.375

Residual: 0.48101276307604224


epsilon: 2.0

m: 4.416666666666667

Residual: 0.4645354381937259


epsilon: 2.0

m: 4.458333333333333

Residual: 0.42980132786160363


epsilon: 2.0

m: 4.5

Residual: 0.41427097624357967


epsilon: 2.0

m: 4.541666666666667

Residual: 0.3873537893034432


epsilon: 2.0

m: 4.583333333333333

Residual: 0.3621823828414198


epsilon: 2.0

m: 4.625

Residual: 0.33763848334134605


epsilon: 2.0

m: 4.666666666666667

Residual: 0.3039419953015043


epsilon: 2.0

m: 4.708333333333333

Residual: 0.2864082772503844


epsilon: 2.0

m: 4.75

Residual: 0.2561359847060477


epsilon: 2.0

m: 4.791666666666667

Residual: 0.22495861082142998


epsilon: 2.0

m: 4.833333333333333

Residual: 0.21283235703431444


epsilon: 2.0

m: 4.875

Residual: 0.1803631167574402


epsilon: 2.0

m: 4.916666666666667

Residual: 0.14975613671874782


epsilon: 2.0

m: 4.958333333333333

Residual: 0.1327310643295383


epsilon: 2.0

m: 5.0

Residual: 0.1065611914594204


epsilon: 2.0

m: 5.041666666666667

Residual: 0.08171092215901546


epsilon: 2.0

m: 5.083333333333333

Residual: 0.07770951092365352


epsilon: 2.0

m: 5.125

Residual: 0.043032903521371915


epsilon: 2.0

m: 5.166666666666667

Residual: 0.03636282301313661


epsilon: 2.0

m: 5.208333333333333

Residual: 0.045499717078057354


epsilon: 2.0

m: 5.25

Residual: 0.07287749975620705


epsilon: 2.083333333333333

m: 4.25

Residual: 0.577568066698934


epsilon: 2.083333333333333

m: 4.291666666666667

Residual: 0.5506113261039498


epsilon: 2.083333333333333

m: 4.333333333333333

Residual: 0.5288821217084384


epsilon: 2.083333333333333

m: 4.375

Residual: 0.5051908558511959


epsilon: 2.083333333333333

m: 4.416666666666667

Residual: 0.48125382073750467


epsilon: 2.083333333333333

m: 4.458333333333333

Residual: 0.45448712300781996


epsilon: 2.083333333333333

m: 4.5

Residual: 0.4322848170372859


epsilon: 2.083333333333333

m: 4.541666666666667

Residual: 0.3960897841654809


epsilon: 2.083333333333333

m: 4.583333333333333

Residual: 0.3723380698503076


epsilon: 2.083333333333333

m: 4.625

Residual: 0.35053916461792634


epsilon: 2.083333333333333

m: 4.666666666666667

Residual: 0.32159445823097965


epsilon: 2.083333333333333

m: 4.708333333333333

Residual: 0.29673562016023775


epsilon: 2.083333333333333

m: 4.75

Residual: 0.27359604524191566


epsilon: 2.083333333333333

m: 4.791666666666667

Residual: 0.24748464385568358


epsilon: 2.083333333333333

m: 4.833333333333333

Residual: 0.2226878856666064


epsilon: 2.083333333333333

m: 4.875

Residual: 0.18912068908308446


epsilon: 2.083333333333333

m: 4.916666666666667

Residual: 0.16465022901141982


epsilon: 2.083333333333333

m: 4.958333333333333

Residual: 0.15882745344407706


epsilon: 2.083333333333333

m: 5.0

Residual: 0.13715359964228047


epsilon: 2.083333333333333

m: 5.041666666666667

Residual: 0.10224390556897646


epsilon: 2.083333333333333

m: 5.083333333333333

Residual: 0.07190024766562217


epsilon: 2.083333333333333

m: 5.125

Residual: 0.06377037523712961


epsilon: 2.083333333333333

m: 5.166666666666667

Residual: 0.045950974015184075


epsilon: 2.083333333333333

m: 5.208333333333333

Residual: 0.06492969913572032


epsilon: 2.083333333333333

m: 5.25

Residual: 0.057058382748680046


epsilon: 2.1666666666666665

m: 4.25

Residual: 0.5871265645738827


epsilon: 2.1666666666666665

m: 4.291666666666667

Residual: 0.5596572592187585


epsilon: 2.1666666666666665

m: 4.333333333333333

Residual: 0.5374535505118727


epsilon: 2.1666666666666665

m: 4.375

Residual: 0.5212177599470904


epsilon: 2.1666666666666665

m: 4.416666666666667

Residual: 0.49359904411774036


epsilon: 2.1666666666666665

m: 4.458333333333333

Residual: 0.46551865204525317


epsilon: 2.1666666666666665

m: 4.5

Residual: 0.4463512015369208


epsilon: 2.1666666666666665

m: 4.541666666666667

Residual: 0.4182345816291854


epsilon: 2.1666666666666665

m: 4.583333333333333

Residual: 0.38911714592972424


epsilon: 2.1666666666666665

m: 4.625

Residual: 0.37035950798086575


epsilon: 2.1666666666666665

m: 4.666666666666667

Residual: 0.3413343468676681


epsilon: 2.1666666666666665

m: 4.708333333333333

Residual: 0.31626529631345474


epsilon: 2.1666666666666665

m: 4.75

Residual: 0.2947033229825347


epsilon: 2.1666666666666665

m: 4.791666666666667

Residual: 0.25528365906946504


epsilon: 2.1666666666666665

m: 4.833333333333333

Residual: 0.2400423607166921


epsilon: 2.1666666666666665

m: 4.875

Residual: 0.21655208069813317


epsilon: 2.1666666666666665

m: 4.916666666666667

Residual: 0.2161672248835121


epsilon: 2.1666666666666665

m: 4.958333333333333

Residual: 0.16645569325403456


epsilon: 2.1666666666666665

m: 5.0

Residual: 0.14483913286985173


epsilon: 2.1666666666666665

m: 5.041666666666667

Residual: 0.11533648948319528


epsilon: 2.1666666666666665

m: 5.083333333333333

Residual: 0.1035433249033576


epsilon: 2.1666666666666665

m: 5.125

Residual: 0.0619148377996741


epsilon: 2.1666666666666665

m: 5.166666666666667

Residual: 0.0871715200806275


epsilon: 2.1666666666666665

m: 5.208333333333333

Residual: 0.10016742112923621


epsilon: 2.1666666666666665

m: 5.25

Residual: 0.042603975227161466


epsilon: 2.25

m: 4.25

Residual: 0.5996473423092931


epsilon: 2.25

m: 4.291666666666667

Residual: 0.5780885036602816


epsilon: 2.25

m: 4.333333333333333

Residual: 0.5538961902677252


epsilon: 2.25

m: 4.375

Residual: 0.5271903944485161


epsilon: 2.25

m: 4.416666666666667

Residual: 0.5057415441470994


epsilon: 2.25

m: 4.458333333333333

Residual: 0.4800883165959311


epsilon: 2.25

m: 4.5

Residual: 0.462502744208499


epsilon: 2.25

m: 4.541666666666667

Residual: 0.43714025428478215


epsilon: 2.25

m: 4.583333333333333

Residual: 0.4032238366984663


epsilon: 2.25

m: 4.625

Residual: 0.3786399026736531


epsilon: 2.25

m: 4.666666666666667

Residual: 0.36062337827162366


epsilon: 2.25

m: 4.708333333333333

Residual: 0.3301034486632896


epsilon: 2.25

m: 4.75

Residual: 0.30554355176955894


epsilon: 2.25

m: 4.791666666666667

Residual: 0.27482140693338286


epsilon: 2.25

m: 4.833333333333333

Residual: 0.24826349643471787


epsilon: 2.25

m: 4.875

Residual: 0.2241487820555163


epsilon: 2.25

m: 4.916666666666667

Residual: 0.20346886097775885


epsilon: 2.25

m: 4.958333333333333

Residual: 0.18470639606895856


epsilon: 2.25

m: 5.0

Residual: 0.15160386007722726


epsilon: 2.25

m: 5.041666666666667

Residual: 0.1393123401717324


epsilon: 2.25

m: 5.083333333333333

Residual: 0.10403174102876123


epsilon: 2.25

m: 5.125

Residual: 0.08772987072516147


epsilon: 2.25

m: 5.166666666666667

Residual: 0.07749527959219396


epsilon: 2.25

m: 5.208333333333333

Residual: 0.08124067948342723


epsilon: 2.25

m: 5.25

Residual: 0.06761562231187293


epsilon: 2.333333333333333

m: 4.25

Residual: 0.6119384813292359


epsilon: 2.333333333333333

m: 4.291666666666667

Residual: 0.5917631225970046


epsilon: 2.333333333333333

m: 4.333333333333333

Residual: 0.5707841648515845


epsilon: 2.333333333333333

m: 4.375

Residual: 0.5406681849361511


epsilon: 2.333333333333333

m: 4.416666666666667

Residual: 0.5245535120903139


epsilon: 2.333333333333333

m: 4.458333333333333

Residual: 0.48764262213144016


epsilon: 2.333333333333333

m: 4.5

Residual: 0.4706178869647098


epsilon: 2.333333333333333

m: 4.541666666666667

Residual: 0.4478763756990039


epsilon: 2.333333333333333

m: 4.583333333333333

Residual: 0.4196265376652408


epsilon: 2.333333333333333

m: 4.625

Residual: 0.4009111737253478


epsilon: 2.333333333333333

m: 4.666666666666667

Residual: 0.3645983686159765


epsilon: 2.333333333333333

m: 4.708333333333333

Residual: 0.35368891309358275


epsilon: 2.333333333333333

m: 4.75

Residual: 0.31896612544930597


epsilon: 2.333333333333333

m: 4.791666666666667

Residual: 0.30107061095045384


epsilon: 2.333333333333333

m: 4.833333333333333

Residual: 0.2697709795377019


epsilon: 2.333333333333333

m: 4.875

Residual: 0.2480585698489413


epsilon: 2.333333333333333

m: 4.916666666666667

Residual: 0.21639393869921106


epsilon: 2.333333333333333

m: 4.958333333333333

Residual: 0.1948876732539235


epsilon: 2.333333333333333

m: 5.0

Residual: 0.17896244001025352


epsilon: 2.333333333333333

m: 5.041666666666667

Residual: 0.14200858480693399


epsilon: 2.333333333333333

m: 5.083333333333333

Residual: 0.13938630968511784


epsilon: 2.333333333333333

m: 5.125

Residual: 0.10629906738130092


epsilon: 2.333333333333333

m: 5.166666666666667

Residual: 0.07414783167056976


epsilon: 2.333333333333333

m: 5.208333333333333

Residual: 0.05720187394199087


epsilon: 2.333333333333333

m: 5.25

Residual: 0.055789600435176244


epsilon: 2.4166666666666665

m: 4.25

Residual: 0.6247864336603667


epsilon: 2.4166666666666665

m: 4.291666666666667

Residual: 0.6025621607211521


epsilon: 2.4166666666666665

m: 4.333333333333333

Residual: 0.5782558911168312


epsilon: 2.4166666666666665

m: 4.375

Residual: 0.55810684728961


epsilon: 2.4166666666666665

m: 4.416666666666667

Residual: 0.5322282547453091


epsilon: 2.4166666666666665

m: 4.458333333333333

Residual: 0.508069948573157


epsilon: 2.4166666666666665

m: 4.5

Residual: 0.4873769199123299


epsilon: 2.4166666666666665

m: 4.541666666666667

Residual: 0.46743510914734265


epsilon: 2.4166666666666665

m: 4.583333333333333

Residual: 0.43072728139275207


epsilon: 2.4166666666666665

m: 4.625

Residual: 0.4095862078139304


epsilon: 2.4166666666666665

m: 4.666666666666667

Residual: 0.3829505945278009


epsilon: 2.4166666666666665

m: 4.708333333333333

Residual: 0.361053983003732


epsilon: 2.4166666666666665

m: 4.75

Residual: 0.33225680250711004


epsilon: 2.4166666666666665

m: 4.791666666666667

Residual: 0.3143972948994266


epsilon: 2.4166666666666665

m: 4.833333333333333

Residual: 0.288061830907292


epsilon: 2.4166666666666665

m: 4.875

Residual: 0.2585088302272908


epsilon: 2.4166666666666665

m: 4.916666666666667

Residual: 0.23854091552872908


epsilon: 2.4166666666666665

m: 4.958333333333333

Residual: 0.22381732427551493


epsilon: 2.4166666666666665

m: 5.0

Residual: 0.1921771698255481


epsilon: 2.4166666666666665

m: 5.041666666666667

Residual: 0.1590763451099635


epsilon: 2.4166666666666665

m: 5.083333333333333

Residual: 0.13304619513636015


epsilon: 2.4166666666666665

m: 5.125

Residual: 0.11976932868472906


epsilon: 2.4166666666666665

m: 5.166666666666667

Residual: 0.1263378313540953


epsilon: 2.4166666666666665

m: 5.208333333333333

Residual: 0.06910547573630067


epsilon: 2.4166666666666665

m: 5.25

Residual: 0.06186480010521824


epsilon: 2.5

m: 4.25

Residual: 0.6322346662649623


epsilon: 2.5

m: 4.291666666666667

Residual: 0.6126450057205423


epsilon: 2.5

m: 4.333333333333333

Residual: 0.5911012801196632


epsilon: 2.5

m: 4.375

Residual: 0.5672261361661939


epsilon: 2.5

m: 4.416666666666667

Residual: 0.5416726003868454


epsilon: 2.5

m: 4.458333333333333

Residual: 0.526495146335425


epsilon: 2.5

m: 4.5

Residual: 0.5028810272206362


epsilon: 2.5

m: 4.541666666666667

Residual: 0.4716002797031403


epsilon: 2.5

m: 4.583333333333333

Residual: 0.44475708614015824


epsilon: 2.5

m: 4.625

Residual: 0.43207993194793004


epsilon: 2.5

m: 4.666666666666667

Residual: 0.39644375940330073


epsilon: 2.5

m: 4.708333333333333

Residual: 0.3828203204196055


epsilon: 2.5

m: 4.75

Residual: 0.3556802568811683


epsilon: 2.5

m: 4.791666666666667

Residual: 0.32102307897612953


epsilon: 2.5

m: 4.833333333333333

Residual: 0.2963749021094315


epsilon: 2.5

m: 4.875

Residual: 0.27973651479555656


epsilon: 2.5

m: 4.916666666666667

Residual: 0.2486021302070098


epsilon: 2.5

m: 4.958333333333333

Residual: 0.23462976451744763


epsilon: 2.5

m: 5.0

Residual: 0.1965748293172273


epsilon: 2.5

m: 5.041666666666667

Residual: 0.18673156338105992


epsilon: 2.5

m: 5.083333333333333

Residual: 0.20505097910170356


epsilon: 2.5

m: 5.125

Residual: 0.14805942772954372


epsilon: 2.5

m: 5.166666666666667

Residual: 0.10717091118150937


epsilon: 2.5

m: 5.208333333333333

Residual: 0.08031505025709562


epsilon: 2.5

m: 5.25

Residual: 0.07513959874107831


