epsilon: 2.9444444444444446

m: 5.333333333333333

n: 33.111111111111114

Residual: 0.1436360080571954


epsilon: 3.091666666666667

m: 5.333333333333333

n: 33.111111111111114

Residual: 0.15090635596930252


epsilon: 2.9444444444444446

m: 5.6

n: 33.111111111111114

Residual: 0.6001062316298595


epsilon: 2.9444444444444446

m: 5.333333333333333

n: 34.76666666666667

Residual: 0.16193579346301476


epsilon: 3.0425925925925927

m: 5.066666666666666

n: 34.21481481481483

Residual: 0.6033828877560914


epsilon: 2.9689814814814817

m: 5.466666666666667

n: 33.38703703703705

Residual: 0.3273543635020377


epsilon: 3.0180555555555557

m: 5.199999999999999

n: 33.9388888888889

Residual: 0.29740352768846345


epsilon: 3.005787037037037

m: 5.266666666666667

n: 33.80092592592593

Residual: 0.1798739784356635


epsilon: 2.98125

m: 5.3999999999999995

n: 33.52500000000001

Residual: 0.20215024307088872


epsilon: 2.999652777777778

m: 5.3

n: 33.73194444444445

Residual: 0.14888097787376214


epsilon: 3.0793981481481483

m: 5.311111111111111

n: 31.869444444444447

Residual: 0.18462911919480662


epsilon: 2.9781828703703708

m: 5.3277777777777775

n: 34.04236111111112

Residual: 0.14590378625024514


epsilon: 2.8565200617283955

m: 5.307407407407408

n: 34.14583333333334

Residual: 0.16001556103725256


epsilon: 3.0328800154320987

m: 5.326851851851852

n: 33.36979166666667

Residual: 0.14342869354993992


epsilon: 2.970685442386831

m: 5.358641975308642

n: 33.283564814814824

Residual: 0.15875934501037253


epsilon: 2.9924109439300413

m: 5.31466049382716

n: 33.61984953703704

Residual: 0.14390013058493897


epsilon: 3.0016407321673526

m: 5.322119341563786

n: 32.69147376543209

Residual: 0.14010597961049293


epsilon: 3.013369663065843

m: 5.31929012345679

n: 32.01603009259259

Residual: 0.15374077441632106


epsilon: 2.993565850765889

m: 5.340209190672152

n: 32.49506815843621

Residual: 0.14319024790462193


epsilon: 3.0742799544657826

m: 5.326120256058526

n: 32.593111282578874

Residual: 0.15631718654199445


epsilon: 2.976903321949779

m: 5.331530064014631

n: 32.98161115397805

Residual: 0.14336530229814778


epsilon: 2.948526587823248

m: 5.335720545648527

n: 32.07564371856424

Residual: 0.14344660087114663


epsilon: 3.0117916585298863

m: 5.3290690253010204

n: 33.046254679641066

Residual: 0.14082503512229352


epsilon: 3.0277621723589734

m: 5.3294016410100085

n: 32.50691991502819

Residual: 0.1436406090332267


epsilon: 2.9896180345520778

m: 5.330997958263476

n: 32.86293834424059

Residual: 0.14026504821564859


epsilon: 3.008467766066989

m: 5.314581692746703

n: 33.23870970110629

Residual: 0.1422807900332891


epsilon: 3.0047422872417138

m: 5.320988567228065

n: 33.05279931543877

Residual: 0.14054698639154467


epsilon: 2.98554237744421

m: 5.3203348860691975

n: 32.69188627043323

Residual: 0.1446492662686941


epsilon: 3.0052293382584674

m: 5.326885490493065

n: 32.95766257733911

Residual: 0.13721407922661252


epsilon: 2.992916449410218

m: 5.332346626318818

n: 32.621917142569096

Residual: 0.1428306811414214


epsilon: 3.0017858277838396

m: 5.3238280820007535

n: 32.94507877222135

Residual: 0.14270944242306846


epsilon: 3.00343503521291

m: 5.324502416028425

n: 32.8245681713856

Residual: 0.14327836281607037


epsilon: 2.9974236864052726

m: 5.32894172437827

n: 32.91030046078985

Residual: 0.13782340590392334


epsilon: 3.004985812750091

m: 5.3239370288605645

n: 33.005230946388934

Residual: 0.14710111287440916


epsilon: 2.9990728938343425

m: 5.329616058405941

n: 32.7897898599541

Residual: 0.14082579455082564


epsilon: 2.9977155771191444

m: 5.3324597661564255

n: 32.9472670940031

Residual: 0.13930053582994165


epsilon: 3.0011728406875804

m: 5.329241928945898

n: 33.08703022813394

Residual: 0.14029754909321104


epsilon: 3.000647853974271

m: 5.329335461310909

n: 33.01272013608898

Residual: 0.14208590901073348


epsilon: 3.00132651233187

m: 5.327913607435667

n: 32.933981519064474

Residual: 0.14167967296156492


epsilon: 3.0014724576888057

m: 5.3296726283247455

n: 32.95246483567111

Residual: 0.14113159023211838


epsilon: 3.002151116046405

m: 5.3282507744495025

n: 32.8737262186466

Residual: 0.14200576182697763


epsilon: 3.0032010894730243

m: 5.328063709719482

n: 33.022346402736524

Residual: 0.13942770540151045


epsilon: 3.0052754112816613

m: 5.328500944922528

n: 33.02100102476669

Residual: 0.14283605841581398


epsilon: 3.0023137370693176

m: 5.3280604418073825

n: 32.95573639549003

Residual: 0.1434773332944842


epsilon: 3.004215213865746

m: 5.327474600106273

n: 32.99000449003782

Residual: 0.14330657717406858


epsilon: 3.0033508979736365

m: 5.328279059408905

n: 32.95506370650511

Residual: 0.14507617040411616


epsilon: 3.0032779252951687

m: 5.327399548964365

n: 32.94582204820179

Residual: 0.14369927083646372


epsilon: 3.005130753639285

m: 5.326227366966897

n: 32.97392903721404

Residual: 0.14441999836035305


epsilon: 3.004685789722873

m: 5.326740290077399

n: 32.9692127045368

Residual: 0.14113636736224514


epsilon: 3.0061423026028886

m: 5.326667371486792

n: 32.998764466407366

Residual: 0.14382290709192674


epsilon: 3.0039940196220987

m: 5.327216504594972

n: 32.95905765275319

Residual: 0.1407695822111454


epsilon: 3.0050575512032136

m: 5.326420256670685

n: 32.93395079971491

Residual: 0.1404970915166546


epsilon: 3.0048348163329806

m: 5.326941211095082

n: 32.931234648667996

Residual: 0.1404618005199791


epsilon: 3.0060871175743427

m: 5.326281467577582

n: 32.92284103106148

Residual: 0.1426301630670119


epsilon: 3.0045172941101597

m: 5.326982745340624

n: 32.95000349733026

Residual: 0.1407473358646702


epsilon: 3.0055638430862817

m: 5.32651522683193

n: 32.93189518648441

Residual: 0.1418700013260264


epsilon: 3.00477893135419

m: 5.326865865713451

n: 32.9454764196188

Residual: 0.14527174065149231


epsilon: 3.005032077295724

m: 5.326913350794073

n: 32.94444861300355

Residual: 0.14234009825131788


epsilon: 3.0051434447308405

m: 5.326652873581875

n: 32.94580668852701

Residual: 0.1405378328632273


epsilon: 3.0048733161843133

m: 5.326934117916844

n: 32.95383303733468

Residual: 0.1411496447108539


epsilon: 3.0051319888200223

m: 5.326734970533782

n: 32.960419589130304

Residual: 0.14089489037204864


epsilon: 3.0054631983552396

m: 5.3265814384889705

n: 32.9554261993296

Residual: 0.14340836116922773


epsilon: 3.005020786727045

m: 5.3268459480598755

n: 32.95423132783341

Residual: 0.14248018947077715


epsilon: 3.0051863914946537

m: 5.32676918203747

n: 32.951734632933054

Residual: 0.14000614532416172


epsilon: 3.005180663539245

m: 5.3268102305134235

n: 32.95904108323471

Residual: 0.14236301679059854


epsilon: 3.0050513272213903

m: 5.326909804204954

n: 32.95574780733689

Residual: 0.14163977506922643


epsilon: 3.005130707777096

m: 5.326899420643569

n: 32.951055595171326

Residual: 0.14235993791838164


epsilon: 3.005143196717633

m: 5.326877123111032

n: 32.95305196718717

Residual: 0.13932564770065625


epsilon: 3.00532129042578

m: 5.326778059556091

n: 32.95255164430267

Residual: 0.14301588392755388


epsilon: 3.0051188180224875

m: 5.3268768680427385

n: 32.95494876657834

Residual: 0.13883927213067504


epsilon: 3.0051411771710717

m: 5.326990472393755

n: 32.958707574470026

Residual: 0.14173213665956855


epsilon: 3.0051750879137584

m: 5.326824504626542

n: 32.95347786831729

Residual: 0.1444084384465558


epsilon: 3.0051740781404774

m: 5.326881179267902

n: 32.956305671958724

Residual: 0.13927978725023665


epsilon: 3.0051862674880505

m: 5.326881306802049

n: 32.95535727226314

Residual: 0.14279677069733576


epsilon: 3.0052078648765606

m: 5.326827336265268

n: 32.95469860513608

Residual: 0.14054506315192303


epsilon: 3.0052212533622864

m: 5.326848030548774

n: 32.957087297359465

Residual: 0.13849768178604316


epsilon: 3.0052085816309266

m: 5.326915797274561

n: 32.959338425968774

Residual: 0.1363293803475829


epsilon: 3.0052089400081092

m: 5.326960027779208

n: 32.96165833638513

Residual: 0.13943037936527342


epsilon: 3.0052653706939765

m: 5.32688503294303

n: 32.95975319515285

Residual: 0.14196656600409696


epsilon: 3.005196901278852

m: 5.326882142686684

n: 32.957167552757255

Residual: 0.1406464635882345


epsilon: 3.0052189599446972

m: 5.326900643883812

n: 32.958500501653944

Residual: 0.1416352777376901


epsilon: 3.0052149174966063

m: 5.326881913911667

n: 32.95821286166412

Residual: 0.14309312351696618


epsilon: 3.005191329885702

m: 5.326898488271231

n: 32.95782204896375

Residual: 0.14064482275507406


epsilon: 3.0051976634776114

m: 5.326928039041403

n: 32.95889445606019

Residual: 0.13864589974671862


epsilon: 3.005179423384795

m: 5.3269275725076515

n: 32.958869452341204

Residual: 0.14509968280045926


epsilon: 3.0052090758047214

m: 5.326907376039772

n: 32.95859273932576

Residual: 0.14331229393586378


epsilon: 3.005203122554269

m: 5.326921918157982

n: 32.95911644101449

Residual: 0.14064493914237317


epsilon: 3.0051999557583144

m: 5.326907142772896

n: 32.958580237466265

Residual: 0.1386793442486442


epsilon: 3.0052137707878117

m: 5.3269082205791864

n: 32.958919463811355

Residual: 0.14060973278509611


epsilon: 3.005211749563766

m: 5.326898855593113

n: 32.95877564381645

Residual: 0.14493037572961132


epsilon: 3.005205279306643

m: 5.326916152516764

n: 32.95903124171498

Residual: 0.13887156075655877


epsilon: 3.005195440342777

m: 5.326917841130294

n: 32.959047139622

Residual: 0.1410575611193671


epsilon: 3.0052091881765532

m: 5.326910625716963

n: 32.95895138276401

Residual: 0.14401229295327925


epsilon: 3.0052042686946203

m: 5.326911470023728

n: 32.95895933171752

Residual: 0.14027898050505658


epsilon: 3.005206930468785

m: 5.3269159748956625

n: 32.959184833841874

Residual: 0.13908173469940754


epsilon: 3.005211176209369

m: 5.3269120089268736

n: 32.95912894489007

Residual: 0.14168745604977467


epsilon: 3.005202010986852

m: 5.326916819202427

n: 32.959192782795384

Residual: 0.14276447033506884


epsilon: 3.0052088849037397

m: 5.3269132114957625

n: 32.9591449043664

Residual: 0.14380060405599035


epsilon: 3.005207756049856

m: 5.326915886085112

n: 32.95926162990533

Residual: 0.13929869247525586


epsilon: 3.0052064251627737

m: 5.326913633649145

n: 32.95914887884315

Residual: 0.14169355142303713


epsilon: 3.005209878920148

m: 5.326913903100717

n: 32.959233685429425

Residual: 0.14155776136375137


epsilon: 3.0052110525711795

m: 5.326916757324449

n: 32.95940694869253

Residual: 0.14165951493349774


epsilon: 3.0052098957190783

m: 5.326915976405623

n: 32.95934243123019

Residual: 0.13996905413853608


epsilon: 3.005207610013092

m: 5.326917870076146

n: 32.959394639306765

Residual: 0.13924375367575015


epsilon: 3.005206069410172

m: 5.326917059218255

n: 32.95932069889039

Residual: 0.1411029767378135


epsilon: 3.005208939141852

m: 5.32691624710878

n: 32.95933699814524

Residual: 0.14286220095971014


epsilon: 3.0052080958220095

m: 5.326916833675353

n: 32.95936653263777

Residual: 0.1431593572329602


epsilon: 3.005208168840391

m: 5.326915841679837

n: 32.95930002793705

Residual: 0.14357572738736232


epsilon: 3.0052092386750022

m: 5.326915886840092

n: 32.95934042859948

Residual: 0.14183833378204425


epsilon: 3.005209108578234

m: 5.326916503513502

n: 32.95939689686698

Residual: 0.13825762925883572


epsilon: 3.005209856767433

m: 5.326915291410083

n: 32.95935063498571

Residual: 0.1392530704312503


epsilon: 3.0052091259760605

m: 5.3269158412920055

n: 32.95938354328148

Residual: 0.13663746765516455


epsilon: 3.0052080206893814

m: 5.326916803309961

n: 32.95939527575911

Residual: 0.1411926342403103


epsilon: 3.0052093977479197

m: 5.326915669385053

n: 32.95936179517906

Residual: 0.13842731295715405


epsilon: 3.0052084797088945

m: 5.326916425334992

n: 32.959384115565754

Residual: 0.13992523334445098


epsilon: 3.0052091682381636

m: 5.326915858372537

n: 32.95936737527573

Residual: 0.14309741396634387


epsilon: 3.0052088538034933

m: 5.326915819283283

n: 32.95936098462513

Residual: 0.13997038663634115


epsilon: 3.0052088451045806

m: 5.326916150394031

n: 32.95936766141787

Residual: 0.14314806180699424


epsilon: 3.0052089896894234

m: 5.326915733329807

n: 32.95935011057392

Residual: 0.13852789537860274


epsilon: 3.0052087716446483

m: 5.326915416197736

n: 32.95933201936069

Residual: 0.14240350502316507


epsilon: 3.005208790009631

m: 5.32691559974681

n: 32.95934092987498

Residual: 0.13890050367709111


epsilon: 3.0052087204164932

m: 5.326915600950835

n: 32.95932532631999

Residual: 0.14392716739500136


epsilon: 3.005208820456743

m: 5.326915764700171

n: 32.959352070048844

Residual: 0.14047520882195338


epsilon: 3.005208785660175

m: 5.326915765302184

n: 32.95934426827135

Residual: 0.14176461935071316


epsilon: 3.005208685820279

m: 5.326915698510685

n: 32.959339677921875

Residual: 0.13908774221318448


epsilon: 3.0052087177172098

m: 5.326915808278922

n: 32.95934970529695

Residual: 0.14152483808036626


epsilon: 3.0052085377854363

m: 5.3269157707405945

n: 32.95934093785371

Residual: 0.14415985472416018


epsilon: 3.0052087236914904

m: 5.326915766661786

n: 32.95934343566694

Residual: 0.14160136524426253


Warning: Maximum number of iterations has been exceeded.
epsilon: 3.0052087236914904

n: 32.95934343566694

sigma: 1.0

m: 5.326915766661786

Residual: 0.14322326926108594
