epsilon: 0.1

m: 3.0

Residual: 0.3955486017904581


epsilon: 0.1

m: 3.0

Residual: 0.39559000165707336


epsilon: 0.1

m: 3.1666666666666665

Residual: 0.36527280279813146


epsilon: 0.1

m: 3.3333333333333335

Residual: 0.37192886368667694


epsilon: 0.1

m: 3.5

Residual: 0.41418020472977896


epsilon: 0.1

m: 3.6666666666666665

Residual: 0.4849677543395333


epsilon: 0.1

m: 3.833333333333333

Residual: 0.5722293363854373


epsilon: 0.1

m: 4.0

Residual: 0.660867770197887


epsilon: 0.1

m: 4.166666666666666

Residual: 0.7330841913321187


epsilon: 0.1

m: 4.333333333333333

Residual: 0.7893586063380024


epsilon: 0.1

m: 4.5

Residual: 0.8330462830112536


epsilon: 0.1

m: 4.666666666666666

Residual: 0.8666447798680517


epsilon: 0.1

m: 4.833333333333333

Residual: 0.8924971552329706


epsilon: 0.1

m: 5.0

Residual: 0.9124322987207911


epsilon: 0.1

m: 5.166666666666666

Residual: 0.9280331468268699


epsilon: 0.1

m: 5.333333333333333

Residual: 0.9404866855583256


epsilon: 0.1

m: 5.5

Residual: 0.9500465323269143


epsilon: 0.1

m: 5.666666666666666

Residual: 0.9578941347437274


epsilon: 0.1

m: 5.833333333333333

Residual: 0.9641134054592367


epsilon: 0.1

m: 6.0

Residual: 0.9690050679192597


epsilon: 0.1

m: 6.166666666666666

Residual: 0.9732072326398791


epsilon: 0.1

m: 6.333333333333333

Residual: 0.976474457586219


epsilon: 0.1

m: 6.5

Residual: 0.9793351158720853


epsilon: 0.1

m: 6.666666666666666

Residual: 0.9817344875357596


epsilon: 0.1

m: 6.833333333333333

Residual: 0.9837842202288046


epsilon: 0.1

m: 7.0

Residual: 0.9853931077627109


epsilon: 0.3458333333333333

m: 3.0

Residual: 0.6643281396619254


epsilon: 0.3458333333333333

m: 3.1666666666666665

Residual: 0.5592492195263905


epsilon: 0.3458333333333333

m: 3.3333333333333335

Residual: 0.4571419799448593


epsilon: 0.3458333333333333

m: 3.5

Residual: 0.3684471343764355


epsilon: 0.3458333333333333

m: 3.6666666666666665

Residual: 0.3046014002031271


epsilon: 0.3458333333333333

m: 3.833333333333333

Residual: 0.27541812986711695


epsilon: 0.3458333333333333

m: 4.0

Residual: 0.2868146267400879


epsilon: 0.3458333333333333

m: 4.166666666666666

Residual: 0.3391377659048724


epsilon: 0.3458333333333333

m: 4.333333333333333

Residual: 0.42421480903584896


epsilon: 0.3458333333333333

m: 4.5

Residual: 0.5210723797245862


epsilon: 0.3458333333333333

m: 4.666666666666666

Residual: 0.6039176335560797


epsilon: 0.3458333333333333

m: 4.833333333333333

Residual: 0.671788326938338


epsilon: 0.3458333333333333

m: 5.0

Residual: 0.7267166324562397


epsilon: 0.3458333333333333

m: 5.166666666666666

Residual: 0.7719318382980486


epsilon: 0.3458333333333333

m: 5.333333333333333

Residual: 0.8079556950022811


epsilon: 0.3458333333333333

m: 5.5

Residual: 0.8374754359052148


epsilon: 0.3458333333333333

m: 5.666666666666666

Residual: 0.8612180828382541


epsilon: 0.3458333333333333

m: 5.833333333333333

Residual: 0.8801563243708298


epsilon: 0.3458333333333333

m: 6.0

Residual: 0.8973097810514666


epsilon: 0.3458333333333333

m: 6.166666666666666

Residual: 0.9098631664345855


epsilon: 0.3458333333333333

m: 6.333333333333333

Residual: 0.9206695133977407


epsilon: 0.3458333333333333

m: 6.5

Residual: 0.9297651436540891


epsilon: 0.3458333333333333

m: 6.666666666666666

Residual: 0.9376347675748092


epsilon: 0.3458333333333333

m: 6.833333333333333

Residual: 0.9452618494504837


epsilon: 0.3458333333333333

m: 7.0

Residual: 0.9504147155905824


epsilon: 0.5916666666666667

m: 3.0

Residual: 0.7891011839069468


epsilon: 0.5916666666666667

m: 3.1666666666666665

Residual: 0.7126995579564784


epsilon: 0.5916666666666667

m: 3.3333333333333335

Residual: 0.6177783782272003


epsilon: 0.5916666666666667

m: 3.5

Residual: 0.5082362686030238


epsilon: 0.5916666666666667

m: 3.6666666666666665

Residual: 0.40273960729888253


epsilon: 0.5916666666666667

m: 3.833333333333333

Residual: 0.3124486354266828


epsilon: 0.5916666666666667

m: 4.0

Residual: 0.2499715453927125


epsilon: 0.5916666666666667

m: 4.166666666666666

Residual: 0.22387713978863433


epsilon: 0.5916666666666667

m: 4.333333333333333

Residual: 0.242785347396438


epsilon: 0.5916666666666667

m: 4.5

Residual: 0.30863687551329705


epsilon: 0.5916666666666667

m: 4.666666666666666

Residual: 0.40539707283728116


epsilon: 0.5916666666666667

m: 4.833333333333333

Residual: 0.4970636625489011


epsilon: 0.5916666666666667

m: 5.0

Residual: 0.5743282499908319


epsilon: 0.5916666666666667

m: 5.166666666666666

Residual: 0.6383172794036218


epsilon: 0.5916666666666667

m: 5.333333333333333

Residual: 0.6918642519276076


epsilon: 0.5916666666666667

m: 5.5

Residual: 0.7374275089772154


epsilon: 0.5916666666666667

m: 5.666666666666666

Residual: 0.773926931620358


epsilon: 0.5916666666666667

m: 5.833333333333333

Residual: 0.8048701414999863


epsilon: 0.5916666666666667

m: 6.0

Residual: 0.8298240519264493


epsilon: 0.5916666666666667

m: 6.166666666666666

Residual: 0.8511368930341198


epsilon: 0.5916666666666667

m: 6.333333333333333

Residual: 0.8689558377991407


epsilon: 0.5916666666666667

m: 6.5

Residual: 0.883135718876742


epsilon: 0.5916666666666667

m: 6.666666666666666

Residual: 0.8960822492141292


epsilon: 0.5916666666666667

m: 6.833333333333333

Residual: 0.9076467594603379


epsilon: 0.5916666666666667

m: 7.0

Residual: 0.9161777254945588


epsilon: 0.8375

m: 3.0

Residual: 0.8462422239136773


epsilon: 0.8375

m: 3.1666666666666665

Residual: 0.7880904455189413


epsilon: 0.8375

m: 3.3333333333333335

Residual: 0.7139380412644458


epsilon: 0.8375

m: 3.5

Residual: 0.6227555955794923


epsilon: 0.8375

m: 3.6666666666666665

Residual: 0.5150614686681944


epsilon: 0.8375

m: 3.833333333333333

Residual: 0.40341021061536037


epsilon: 0.8375

m: 4.0

Residual: 0.3051644743087796


epsilon: 0.8375

m: 4.166666666666666

Residual: 0.22988231762272776


epsilon: 0.8375

m: 4.333333333333333

Residual: 0.18977559917204784


epsilon: 0.8375

m: 4.5

Residual: 0.19609345756232932


epsilon: 0.8375

m: 4.666666666666666

Residual: 0.257523918539717


epsilon: 0.8375

m: 4.833333333333333

Residual: 0.35493371383421934


epsilon: 0.8375

m: 5.0

Residual: 0.44610766294422105


epsilon: 0.8375

m: 5.166666666666666

Residual: 0.5244915403114118


epsilon: 0.8375

m: 5.333333333333333

Residual: 0.5900575583787656


epsilon: 0.8375

m: 5.5

Residual: 0.6469134089482962


epsilon: 0.8375

m: 5.666666666666666

Residual: 0.6947171642948894


epsilon: 0.8375

m: 5.833333333333333

Residual: 0.7345980209591032


epsilon: 0.8375

m: 6.0

Residual: 0.7672020733976241


epsilon: 0.8375

m: 6.166666666666666

Residual: 0.7953607336158386


epsilon: 0.8375

m: 6.333333333333333

Residual: 0.8192495166472502


epsilon: 0.8375

m: 6.5

Residual: 0.8399899880450081


epsilon: 0.8375

m: 6.666666666666666

Residual: 0.8563504985939349


epsilon: 0.8375

m: 6.833333333333333

Residual: 0.8711192907431463


epsilon: 0.8375

m: 7.0

Residual: 0.8837843793825831


epsilon: 1.0833333333333335

m: 3.0

Residual: 0.8790262099093543


epsilon: 1.0833333333333335

m: 3.1666666666666665

Residual: 0.8321381389765267


epsilon: 1.0833333333333335

m: 3.3333333333333335

Residual: 0.7714496027625267


epsilon: 1.0833333333333335

m: 3.5

Residual: 0.6953118003089469


epsilon: 1.0833333333333335

m: 3.6666666666666665

Residual: 0.6032428785084153


epsilon: 1.0833333333333335

m: 3.833333333333333

Residual: 0.496295941639559


epsilon: 1.0833333333333335

m: 4.0

Residual: 0.3824493481224835


epsilon: 1.0833333333333335

m: 4.166666666666666

Residual: 0.28123619333103345


epsilon: 1.0833333333333335

m: 4.333333333333333

Residual: 0.20271033674602487


epsilon: 1.0833333333333335

m: 4.5

Residual: 0.1599660396237308


epsilon: 1.0833333333333335

m: 4.666666666666666

Residual: 0.16771923668289804


epsilon: 1.0833333333333335

m: 4.833333333333333

Residual: 0.23865877612212344


epsilon: 1.0833333333333335

m: 5.0

Residual: 0.33682195873118037


epsilon: 1.0833333333333335

m: 5.166666666666666

Residual: 0.4246510475624568


epsilon: 1.0833333333333335

m: 5.333333333333333

Residual: 0.5013933363852386


epsilon: 1.0833333333333335

m: 5.5

Residual: 0.5655723756253813


epsilon: 1.0833333333333335

m: 5.666666666666666

Residual: 0.6211235414183325


epsilon: 1.0833333333333335

m: 5.833333333333333

Residual: 0.6683755624334914


epsilon: 1.0833333333333335

m: 6.0

Residual: 0.7090527490085508


epsilon: 1.0833333333333335

m: 6.166666666666666

Residual: 0.7443405410018786


epsilon: 1.0833333333333335

m: 6.333333333333333

Residual: 0.7710785052153458


epsilon: 1.0833333333333335

m: 6.5

Residual: 0.7970236150354584


epsilon: 1.0833333333333335

m: 6.666666666666666

Residual: 0.8184227649863028


epsilon: 1.0833333333333335

m: 6.833333333333333

Residual: 0.8353454088685731


epsilon: 1.0833333333333335

m: 7.0

Residual: 0.8535085552137734


epsilon: 1.3291666666666668

m: 3.0

Residual: 0.9002835831347287


epsilon: 1.3291666666666668

m: 3.1666666666666665

Residual: 0.8610382633657018


epsilon: 1.3291666666666668

m: 3.3333333333333335

Residual: 0.8096896905055392


epsilon: 1.3291666666666668

m: 3.5

Residual: 0.7444950050164588


epsilon: 1.3291666666666668

m: 3.6666666666666665

Residual: 0.6643307255978451


epsilon: 1.3291666666666668

m: 3.833333333333333

Residual: 0.5694808065743713


epsilon: 1.3291666666666668

m: 4.0

Residual: 0.4613393796043967


epsilon: 1.3291666666666668

m: 4.166666666666666

Residual: 0.3473395760359916


epsilon: 1.3291666666666668

m: 4.333333333333333

Residual: 0.24629596853754585


epsilon: 1.3291666666666668

m: 4.5

Residual: 0.1702698439818195


epsilon: 1.3291666666666668

m: 4.666666666666666

Residual: 0.1324211277369043


epsilon: 1.3291666666666668

m: 4.833333333333333

Residual: 0.15421774263315058


epsilon: 1.3291666666666668

m: 5.0

Residual: 0.24451096521034846


epsilon: 1.3291666666666668

m: 5.166666666666666

Residual: 0.3377431426690224


epsilon: 1.3291666666666668

m: 5.333333333333333

Residual: 0.41948076600155343


epsilon: 1.3291666666666668

m: 5.5

Residual: 0.4916979006222816


epsilon: 1.3291666666666668

m: 5.666666666666666

Residual: 0.5553044149494951


epsilon: 1.3291666666666668

m: 5.833333333333333

Residual: 0.6067912858043709


epsilon: 1.3291666666666668

m: 6.0

Residual: 0.6543725420170927


epsilon: 1.3291666666666668

m: 6.166666666666666

Residual: 0.6937057641992892


epsilon: 1.3291666666666668

m: 6.333333333333333

Residual: 0.7267378495703823


epsilon: 1.3291666666666668

m: 6.5

Residual: 0.7565538776630228


epsilon: 1.3291666666666668

m: 6.666666666666666

Residual: 0.7826330921190485


epsilon: 1.3291666666666668

m: 6.833333333333333

Residual: 0.8021500599002276


epsilon: 1.3291666666666668

m: 7.0

Residual: 0.823864544402306


epsilon: 1.5750000000000002

m: 3.0

Residual: 0.9151858155084935


epsilon: 1.5750000000000002

m: 3.1666666666666665

Residual: 0.881442616522718


epsilon: 1.5750000000000002

m: 3.3333333333333335

Residual: 0.8369688801718042


epsilon: 1.5750000000000002

m: 3.5

Residual: 0.7799696825140909


epsilon: 1.5750000000000002

m: 3.6666666666666665

Residual: 0.7090716611005841


epsilon: 1.5750000000000002

m: 3.833333333333333

Residual: 0.6239725307747296


epsilon: 1.5750000000000002

m: 4.0

Residual: 0.5255280275072362


epsilon: 1.5750000000000002

m: 4.166666666666666

Residual: 0.4159949763146104


epsilon: 1.5750000000000002

m: 4.333333333333333

Residual: 0.3031687352361828


epsilon: 1.5750000000000002

m: 4.5

Residual: 0.20569089310139568


epsilon: 1.5750000000000002

m: 4.666666666666666

Residual: 0.1349279605489232


epsilon: 1.5750000000000002

m: 4.833333333333333

Residual: 0.10900418246016777


epsilon: 1.5750000000000002

m: 5.0

Residual: 0.16312387364690972


epsilon: 1.5750000000000002

m: 5.166666666666666

Residual: 0.26027667095730245


epsilon: 1.5750000000000002

m: 5.333333333333333

Residual: 0.34818558607540656


epsilon: 1.5750000000000002

m: 5.5

Residual: 0.4264563183543696


epsilon: 1.5750000000000002

m: 5.666666666666666

Residual: 0.49343611246935143


epsilon: 1.5750000000000002

m: 5.833333333333333

Residual: 0.551227648938763


epsilon: 1.5750000000000002

m: 6.0

Residual: 0.6027120977235526


epsilon: 1.5750000000000002

m: 6.166666666666666

Residual: 0.647639921876299


epsilon: 1.5750000000000002

m: 6.333333333333333

Residual: 0.6843345962668094


epsilon: 1.5750000000000002

m: 6.5

Residual: 0.7183412682101789


epsilon: 1.5750000000000002

m: 6.666666666666666

Residual: 0.7453590137262576


epsilon: 1.5750000000000002

m: 6.833333333333333

Residual: 0.7701031559633694


epsilon: 1.5750000000000002

m: 7.0

Residual: 0.7897552559968738


epsilon: 1.8208333333333335

m: 3.0

Residual: 0.926214502124221


epsilon: 1.8208333333333335

m: 3.1666666666666665

Residual: 0.896622987231976


epsilon: 1.8208333333333335

m: 3.3333333333333335

Residual: 0.8574111771898749


epsilon: 1.8208333333333335

m: 3.5

Residual: 0.8067959829051731


epsilon: 1.8208333333333335

m: 3.6666666666666665

Residual: 0.7433020283726505


epsilon: 1.8208333333333335

m: 3.833333333333333

Residual: 0.666305142529382


epsilon: 1.8208333333333335

m: 4.0

Residual: 0.5760351692651178


epsilon: 1.8208333333333335

m: 4.166666666666666

Residual: 0.4741944263154266


epsilon: 1.8208333333333335

m: 4.333333333333333

Residual: 0.36362176699383836


epsilon: 1.8208333333333335

m: 4.5

Residual: 0.25255059864417084


epsilon: 1.8208333333333335

m: 4.666666666666666

Residual: 0.16070150377175252


epsilon: 1.8208333333333335

m: 4.833333333333333

Residual: 0.10072453648021436


epsilon: 1.8208333333333335

m: 5.0

Residual: 0.10082343180322549


epsilon: 1.8208333333333335

m: 5.166666666666666

Residual: 0.1919035166133116


epsilon: 1.8208333333333335

m: 5.333333333333333

Residual: 0.28154664101475


epsilon: 1.8208333333333335

m: 5.5

Residual: 0.3639887747761865


epsilon: 1.8208333333333335

m: 5.666666666666666

Residual: 0.43603782831619115


epsilon: 1.8208333333333335

m: 5.833333333333333

Residual: 0.49971725207210194


epsilon: 1.8208333333333335

m: 6.0

Residual: 0.5556370928898171


epsilon: 1.8208333333333335

m: 6.166666666666666

Residual: 0.6031884119959823


epsilon: 1.8208333333333335

m: 6.333333333333333

Residual: 0.6444169553655335


epsilon: 1.8208333333333335

m: 6.5

Residual: 0.681912465088671


epsilon: 1.8208333333333335

m: 6.666666666666666

Residual: 0.7099474270117118


epsilon: 1.8208333333333335

m: 6.833333333333333

Residual: 0.7387305563237925


epsilon: 1.8208333333333335

m: 7.0

Residual: 0.7646531972311889


epsilon: 2.066666666666667

m: 3.0

Residual: 0.9347041321389785


epsilon: 2.066666666666667

m: 3.1666666666666665

Residual: 0.9083524342281196


epsilon: 2.066666666666667

m: 3.3333333333333335

Residual: 0.8733071161019177


epsilon: 2.066666666666667

m: 3.5

Residual: 0.8278008828908882


epsilon: 2.066666666666667

m: 3.6666666666666665

Residual: 0.7703460932515287


epsilon: 2.066666666666667

m: 3.833333333333333

Residual: 0.7000185935742081


epsilon: 2.066666666666667

m: 4.0

Residual: 0.6168102995874605


epsilon: 2.066666666666667

m: 4.166666666666666

Residual: 0.5216573169392794


epsilon: 2.066666666666667

m: 4.333333333333333

Residual: 0.4173185750704934


epsilon: 2.066666666666667

m: 4.5

Residual: 0.30614296286889137


epsilon: 2.066666666666667

m: 4.666666666666666

Residual: 0.1993655462801009


epsilon: 2.066666666666667

m: 4.833333333333333

Residual: 0.11626375632123755


epsilon: 2.066666666666667

m: 5.0

Residual: 0.07297325027345902


epsilon: 2.066666666666667

m: 5.166666666666666

Residual: 0.1292178476496438


epsilon: 2.066666666666667

m: 5.333333333333333

Residual: 0.22324409432262182


epsilon: 2.066666666666667

m: 5.5

Residual: 0.30873123265659114


epsilon: 2.066666666666667

m: 5.666666666666666

Residual: 0.3831253646634108


epsilon: 2.066666666666667

m: 5.833333333333333

Residual: 0.4511759552003576


epsilon: 2.066666666666667

m: 6.0

Residual: 0.5085489839695208


epsilon: 2.066666666666667

m: 6.166666666666666

Residual: 0.5587311508949964


epsilon: 2.066666666666667

m: 6.333333333333333

Residual: 0.6061879215644373


epsilon: 2.066666666666667

m: 6.5

Residual: 0.6439630902832609


epsilon: 2.066666666666667

m: 6.666666666666666

Residual: 0.6798025788067231


epsilon: 2.066666666666667

m: 6.833333333333333

Residual: 0.706643549153093


epsilon: 2.066666666666667

m: 7.0

Residual: 0.7379825593564908


epsilon: 2.3125000000000004

m: 3.0

Residual: 0.9414402208184419


epsilon: 2.3125000000000004

m: 3.1666666666666665

Residual: 0.9176986523600194


epsilon: 2.3125000000000004

m: 3.3333333333333335

Residual: 0.8860026421457791


epsilon: 2.3125000000000004

m: 3.5

Residual: 0.8446910358352484


epsilon: 2.3125000000000004

m: 3.6666666666666665

Residual: 0.7922538105680914


epsilon: 2.3125000000000004

m: 3.833333333333333

Residual: 0.7275822753171697


epsilon: 2.3125000000000004

m: 4.0

Residual: 0.6504951681765732


epsilon: 2.3125000000000004

m: 4.166666666666666

Residual: 0.5615346457500652


epsilon: 2.3125000000000004

m: 4.333333333333333

Residual: 0.4623810904977671


epsilon: 2.3125000000000004

m: 4.5

Residual: 0.3561141225427869


epsilon: 2.3125000000000004

m: 4.666666666666666

Residual: 0.24605566110952937


epsilon: 2.3125000000000004

m: 4.833333333333333

Residual: 0.14708213437594703


epsilon: 2.3125000000000004

m: 5.0

Residual: 0.07425983009395176


epsilon: 2.3125000000000004

m: 5.166666666666666

Residual: 0.07489909194595278


epsilon: 2.3125000000000004

m: 5.333333333333333

Residual: 0.1690654699639237


epsilon: 2.3125000000000004

m: 5.5

Residual: 0.2566590679059979


epsilon: 2.3125000000000004

m: 5.666666666666666

Residual: 0.33531543426493093


epsilon: 2.3125000000000004

m: 5.833333333333333

Residual: 0.4039151983258278


epsilon: 2.3125000000000004

m: 6.0

Residual: 0.4681594595447513


epsilon: 2.3125000000000004

m: 6.166666666666666

Residual: 0.522029471095947


epsilon: 2.3125000000000004

m: 6.333333333333333

Residual: 0.5678002391861423


epsilon: 2.3125000000000004

m: 6.5

Residual: 0.6149230901771996


epsilon: 2.3125000000000004

m: 6.666666666666666

Residual: 0.6477391676699811


epsilon: 2.3125000000000004

m: 6.833333333333333

Residual: 0.6805494367513829


epsilon: 2.3125000000000004

m: 7.0

Residual: 0.7082930296659815


epsilon: 2.5583333333333336

m: 3.0

Residual: 0.9469186722631835


epsilon: 2.5583333333333336

m: 3.1666666666666665

Residual: 0.9253116787282938


epsilon: 2.5583333333333336

m: 3.3333333333333335

Residual: 0.8963875203143131


epsilon: 2.5583333333333336

m: 3.5

Residual: 0.8585455570295292


epsilon: 2.5583333333333336

m: 3.6666666666666665

Residual: 0.8103074173738091


epsilon: 2.5583333333333336

m: 3.833333333333333

Residual: 0.7504893496330126


epsilon: 2.5583333333333336

m: 4.0

Residual: 0.678560369396909


epsilon: 2.5583333333333336

m: 4.166666666666666

Residual: 0.5949537637473147


epsilon: 2.5583333333333336

m: 4.333333333333333

Residual: 0.5011902328839261


epsilon: 2.5583333333333336

m: 4.5

Residual: 0.39959008146672303


epsilon: 2.5583333333333336

m: 4.666666666666666

Residual: 0.2926547761180755


epsilon: 2.5583333333333336

m: 4.833333333333333

Residual: 0.1848085621422615


epsilon: 2.5583333333333336

m: 5.0

Residual: 0.0957164521294773


epsilon: 2.5583333333333336

m: 5.166666666666666

Residual: 0.04219076020055975


epsilon: 2.5583333333333336

m: 5.333333333333333

Residual: 0.12021851268184125


epsilon: 2.5583333333333336

m: 5.5

Residual: 0.208157965847351


epsilon: 2.5583333333333336

m: 5.666666666666666

Residual: 0.2885363926130461


epsilon: 2.5583333333333336

m: 5.833333333333333

Residual: 0.360445714872246


epsilon: 2.5583333333333336

m: 6.0

Residual: 0.42432582101934624


epsilon: 2.5583333333333336

m: 6.166666666666666

Residual: 0.48262242496374774


epsilon: 2.5583333333333336

m: 6.333333333333333

Residual: 0.5328561077301542


epsilon: 2.5583333333333336

m: 6.5

Residual: 0.5765747036542095


epsilon: 2.5583333333333336

m: 6.666666666666666

Residual: 0.6177222712757523


epsilon: 2.5583333333333336

m: 6.833333333333333

Residual: 0.6535287676236013


epsilon: 2.5583333333333336

m: 7.0

Residual: 0.6849184384980187


epsilon: 2.8041666666666667

m: 3.0

Residual: 0.951462104810913


epsilon: 2.8041666666666667

m: 3.1666666666666665

Residual: 0.931635814788749


epsilon: 2.8041666666666667

m: 3.3333333333333335

Residual: 0.9050522141683323


epsilon: 2.8041666666666667

m: 3.5

Residual: 0.8701557710982504


epsilon: 2.8041666666666667

m: 3.6666666666666665

Residual: 0.8254747721398986


epsilon: 2.8041666666666667

m: 3.833333333333333

Residual: 0.7698535980803012


epsilon: 2.8041666666666667

m: 4.0

Residual: 0.7025926219479819


epsilon: 2.8041666666666667

m: 4.166666666666666

Residual: 0.6239079933657822


epsilon: 2.8041666666666667

m: 4.333333333333333

Residual: 0.5348403992572642


epsilon: 2.8041666666666667

m: 4.5

Residual: 0.4371381416604579


epsilon: 2.8041666666666667

m: 4.666666666666666

Residual: 0.3343444493229987


epsilon: 2.8041666666666667

m: 4.833333333333333

Residual: 0.22882318813804534


epsilon: 2.8041666666666667

m: 5.0

Residual: 0.1271808985459869


epsilon: 2.8041666666666667

m: 5.166666666666666

Residual: 0.04920295976252032


epsilon: 2.8041666666666667

m: 5.333333333333333

Residual: 0.07423822506224906


epsilon: 2.8041666666666667

m: 5.5

Residual: 0.16374658738593412


epsilon: 2.8041666666666667

m: 5.666666666666666

Residual: 0.24690286707798592


epsilon: 2.8041666666666667

m: 5.833333333333333

Residual: 0.31942388304641733


epsilon: 2.8041666666666667

m: 6.0

Residual: 0.3875309271851991


epsilon: 2.8041666666666667

m: 6.166666666666666

Residual: 0.44922890754395983


epsilon: 2.8041666666666667

m: 6.333333333333333

Residual: 0.4978840855354823


epsilon: 2.8041666666666667

m: 6.5

Residual: 0.5455604293168711


epsilon: 2.8041666666666667

m: 6.666666666666666

Residual: 0.587478888353131


epsilon: 2.8041666666666667

m: 6.833333333333333

Residual: 0.6262725080097222


epsilon: 2.8041666666666667

m: 7.0

Residual: 0.6596806853256069


epsilon: 3.0500000000000003

m: 3.0

Residual: 0.9552864751003031


epsilon: 3.0500000000000003

m: 3.1666666666666665

Residual: 0.9369659999233596


epsilon: 3.0500000000000003

m: 3.3333333333333335

Residual: 0.9123595190096422


epsilon: 3.0500000000000003

m: 3.5

Residual: 0.879992836393957


epsilon: 3.0500000000000003

m: 3.6666666666666665

Residual: 0.8384234047332593


epsilon: 3.0500000000000003

m: 3.833333333333333

Residual: 0.7864032352870882


epsilon: 3.0500000000000003

m: 4.0

Residual: 0.7232749433967679


epsilon: 3.0500000000000003

m: 4.166666666666666

Residual: 0.6488346367999601


epsilon: 3.0500000000000003

m: 4.333333333333333

Residual: 0.5640929513120055


epsilon: 3.0500000000000003

m: 4.5

Residual: 0.47075227676527115


epsilon: 3.0500000000000003

m: 4.666666666666666

Residual: 0.37158214487015


epsilon: 3.0500000000000003

m: 4.833333333333333

Residual: 0.2678052935743932


epsilon: 3.0500000000000003

m: 5.0

Residual: 0.1647912288258448


epsilon: 3.0500000000000003

m: 5.166666666666666

Residual: 0.07138009673622144


epsilon: 3.0500000000000003

m: 5.333333333333333

Residual: 0.03234870046572663


epsilon: 3.0500000000000003

m: 5.5

Residual: 0.12243253760879313


epsilon: 3.0500000000000003

m: 5.666666666666666

Residual: 0.20435945939629205


epsilon: 3.0500000000000003

m: 5.833333333333333

Residual: 0.28369313996709644


epsilon: 3.0500000000000003

m: 6.0

Residual: 0.3512417940683606


epsilon: 3.0500000000000003

m: 6.166666666666666

Residual: 0.41289171431045946


epsilon: 3.0500000000000003

m: 6.333333333333333

Residual: 0.4667953758937019


epsilon: 3.0500000000000003

m: 6.5

Residual: 0.5188534563731227


epsilon: 3.0500000000000003

m: 6.666666666666666

Residual: 0.5592886675725228


epsilon: 3.0500000000000003

m: 6.833333333333333

Residual: 0.59827883394233


epsilon: 3.0500000000000003

m: 7.0

Residual: 0.6349155724775166


epsilon: 3.295833333333334

m: 3.0

Residual: 0.9585499307325996


epsilon: 3.295833333333334

m: 3.1666666666666665

Residual: 0.9415354348273897


epsilon: 3.295833333333334

m: 3.3333333333333335

Residual: 0.9186322707929852


epsilon: 3.295833333333334

m: 3.5

Residual: 0.8884501316110741


epsilon: 3.295833333333334

m: 3.6666666666666665

Residual: 0.8495401658354022


epsilon: 3.295833333333334

m: 3.833333333333333

Residual: 0.8007556515529207


epsilon: 3.295833333333334

m: 4.0

Residual: 0.7411872689491187


epsilon: 3.295833333333334

m: 4.166666666666666

Residual: 0.6707300978686475


epsilon: 3.295833333333334

m: 4.333333333333333

Residual: 0.5900325595882594


epsilon: 3.295833333333334

m: 4.5

Residual: 0.5001094356236365


epsilon: 3.295833333333334

m: 4.666666666666666

Residual: 0.4038642599581452


epsilon: 3.295833333333334

m: 4.833333333333333

Residual: 0.3034912365292261


epsilon: 3.295833333333334

m: 5.0

Residual: 0.20205316803412948


epsilon: 3.295833333333334

m: 5.166666666666666

Residual: 0.10296127074036981


epsilon: 3.295833333333334

m: 5.333333333333333

Residual: 0.023033813212187178


epsilon: 3.295833333333334

m: 5.5

Residual: 0.08545743166283813


epsilon: 3.295833333333334

m: 5.666666666666666

Residual: 0.1683645532684754


epsilon: 3.295833333333334

m: 5.833333333333333

Residual: 0.24674141409282727


epsilon: 3.295833333333334

m: 6.0

Residual: 0.31863314629441636


epsilon: 3.295833333333334

m: 6.166666666666666

Residual: 0.3806138277003007


epsilon: 3.295833333333334

m: 6.333333333333333

Residual: 0.4370099116556431


epsilon: 3.295833333333334

m: 6.5

Residual: 0.4862974694697208


epsilon: 3.295833333333334

m: 6.666666666666666

Residual: 0.5367601275745514


epsilon: 3.295833333333334

m: 6.833333333333333

Residual: 0.5719387215432642


epsilon: 3.295833333333334

m: 7.0

Residual: 0.6124040763068291


epsilon: 3.541666666666667

m: 3.0

Residual: 0.961373861439463


epsilon: 3.541666666666667

m: 3.1666666666666665

Residual: 0.9454792859551797


epsilon: 3.541666666666667

m: 3.3333333333333335

Residual: 0.9240625756123955


epsilon: 3.541666666666667

m: 3.5

Residual: 0.8957827978274276


epsilon: 3.541666666666667

m: 3.6666666666666665

Residual: 0.8592537853643922


epsilon: 3.541666666666667

m: 3.833333333333333

Residual: 0.8132786284641419


epsilon: 3.541666666666667

m: 4.0

Residual: 0.7570048311479017


epsilon: 3.541666666666667

m: 4.166666666666666

Residual: 0.6900450844597379


epsilon: 3.541666666666667

m: 4.333333333333333

Residual: 0.6129032612524614


epsilon: 3.541666666666667

m: 4.5

Residual: 0.5270081681608795


epsilon: 3.541666666666667

m: 4.666666666666666

Residual: 0.43376213615043996


epsilon: 3.541666666666667

m: 4.833333333333333

Residual: 0.33615921952341593


epsilon: 3.541666666666667

m: 5.0

Residual: 0.23680021377712784


epsilon: 3.541666666666667

m: 5.166666666666666

Residual: 0.13762817026994525


epsilon: 3.541666666666667

m: 5.333333333333333

Residual: 0.04505053458810224


epsilon: 3.541666666666667

m: 5.5

Residual: 0.048462844878445085


epsilon: 3.541666666666667

m: 5.666666666666666

Residual: 0.1347714354293772


epsilon: 3.541666666666667

m: 5.833333333333333

Residual: 0.21310174736334198


epsilon: 3.541666666666667

m: 6.0

Residual: 0.284111182117368


epsilon: 3.541666666666667

m: 6.166666666666666

Residual: 0.34774228480565467


epsilon: 3.541666666666667

m: 6.333333333333333

Residual: 0.40772829861905013


epsilon: 3.541666666666667

m: 6.5

Residual: 0.459301690768817


epsilon: 3.541666666666667

m: 6.666666666666666

Residual: 0.5098035951747354


epsilon: 3.541666666666667

m: 6.833333333333333

Residual: 0.5500724897594209


epsilon: 3.541666666666667

m: 7.0

Residual: 0.5860316199543184


epsilon: 3.7875

m: 3.0

Residual: 0.9638360567537155


epsilon: 3.7875

m: 3.1666666666666665

Residual: 0.9489287012570953


epsilon: 3.7875

m: 3.3333333333333335

Residual: 0.9288140288960031


epsilon: 3.7875

m: 3.5

Residual: 0.9022071300653302


epsilon: 3.7875

m: 3.6666666666666665

Residual: 0.8677998675291279


epsilon: 3.7875

m: 3.833333333333333

Residual: 0.8243539281523531


epsilon: 3.7875

m: 4.0

Residual: 0.771002160059754


epsilon: 3.7875

m: 4.166666666666666

Residual: 0.7071767523256913


epsilon: 3.7875

m: 4.333333333333333

Residual: 0.6335455202253688


epsilon: 3.7875

m: 4.5

Residual: 0.5507135600232405


epsilon: 3.7875

m: 4.666666666666666

Residual: 0.4603200250373568


epsilon: 3.7875

m: 4.833333333333333

Residual: 0.3656488121619472


epsilon: 3.7875

m: 5.0

Residual: 0.2685079478674341


epsilon: 3.7875

m: 5.166666666666666

Residual: 0.1699968728148488


epsilon: 3.7875

m: 5.333333333333333

Residual: 0.07560612857210947


epsilon: 3.7875

m: 5.5

Residual: 0.02671373260679462


epsilon: 3.7875

m: 5.666666666666666

Residual: 0.10116764956487023


epsilon: 3.7875

m: 5.833333333333333

Residual: 0.17916106922591568


epsilon: 3.7875

m: 6.0

Residual: 0.25409259430582826


epsilon: 3.7875

m: 6.166666666666666

Residual: 0.3184548859465643


epsilon: 3.7875

m: 6.333333333333333

Residual: 0.3798451932820326


epsilon: 3.7875

m: 6.5

Residual: 0.43289228616607306


epsilon: 3.7875

m: 6.666666666666666

Residual: 0.4815394305288819


epsilon: 3.7875

m: 6.833333333333333

Residual: 0.5235029481553275


epsilon: 3.7875

m: 7.0

Residual: 0.5658768007479131


epsilon: 4.033333333333333

m: 3.0

Residual: 0.9660016601298674


epsilon: 4.033333333333333

m: 3.1666666666666665

Residual: 0.9519624367941689


epsilon: 4.033333333333333

m: 3.3333333333333335

Residual: 0.9330098628162757


epsilon: 4.033333333333333

m: 3.5

Residual: 0.9078959998045186


epsilon: 4.033333333333333

m: 3.6666666666666665

Residual: 0.8753547790534396


epsilon: 4.033333333333333

m: 3.833333333333333

Residual: 0.8341946041270337


epsilon: 4.033333333333333

m: 4.0

Residual: 0.7833853232828913


epsilon: 4.033333333333333

m: 4.166666666666666

Residual: 0.7226172704246239


epsilon: 4.033333333333333

m: 4.333333333333333

Residual: 0.65184649624549


epsilon: 4.033333333333333

m: 4.5

Residual: 0.572186441208566


epsilon: 4.033333333333333

m: 4.666666666666666

Residual: 0.48473856345330274


epsilon: 4.033333333333333

m: 4.833333333333333

Residual: 0.392421166649684


epsilon: 4.033333333333333

m: 5.0

Residual: 0.2963827133112047


epsilon: 4.033333333333333

m: 5.166666666666666

Residual: 0.20090986378302533


epsilon: 4.033333333333333

m: 5.333333333333333

Residual: 0.10719132771952405


epsilon: 4.033333333333333

m: 5.5

Residual: 0.03533650044377415


epsilon: 4.033333333333333

m: 5.666666666666666

Residual: 0.06802551403079707


epsilon: 4.033333333333333

m: 5.833333333333333

Residual: 0.14849472372300507


epsilon: 4.033333333333333

m: 6.0

Residual: 0.2237593454169108


epsilon: 4.033333333333333

m: 6.166666666666666

Residual: 0.2907237565809656


epsilon: 4.033333333333333

m: 6.333333333333333

Residual: 0.35300924086906654


epsilon: 4.033333333333333

m: 6.5

Residual: 0.4087090675754444


epsilon: 4.033333333333333

m: 6.666666666666666

Residual: 0.45806790209987525


epsilon: 4.033333333333333

m: 6.833333333333333

Residual: 0.5021671802128339


epsilon: 4.033333333333333

m: 7.0

Residual: 0.5440381787350268


epsilon: 4.279166666666667

m: 3.0

Residual: 0.9679236728946244


epsilon: 4.279166666666667

m: 3.1666666666666665

Residual: 0.9546639368446015


epsilon: 4.279166666666667

m: 3.3333333333333335

Residual: 0.9367394692821212


epsilon: 4.279166666666667

m: 3.5

Residual: 0.9129620079036168


epsilon: 4.279166666666667

m: 3.6666666666666665

Residual: 0.8820914240278873


epsilon: 4.279166666666667

m: 3.833333333333333

Residual: 0.8429514689109583


epsilon: 4.279166666666667

m: 4.0

Residual: 0.7946003711092893


epsilon: 4.279166666666667

m: 4.166666666666666

Residual: 0.7364113673096169


epsilon: 4.279166666666667

m: 4.333333333333333

Residual: 0.6685444372388673


epsilon: 4.279166666666667

m: 4.5

Residual: 0.5916836759818819


epsilon: 4.279166666666667

m: 4.666666666666666

Residual: 0.5071699928494793


epsilon: 4.279166666666667

m: 4.833333333333333

Residual: 0.4169523183007383


epsilon: 4.279166666666667

m: 5.0

Residual: 0.3242113392204405


epsilon: 4.279166666666667

m: 5.166666666666666

Residual: 0.22819314648292255


epsilon: 4.279166666666667

m: 5.333333333333333

Residual: 0.13547190091657232


epsilon: 4.279166666666667

m: 5.5

Residual: 0.05615135430524702


epsilon: 4.279166666666667

m: 5.666666666666666

Residual: 0.04408092789749259


epsilon: 4.279166666666667

m: 5.833333333333333

Residual: 0.12071735994673939


epsilon: 4.279166666666667

m: 6.0

Residual: 0.19410473092894406


epsilon: 4.279166666666667

m: 6.166666666666666

Residual: 0.2652031507921861


epsilon: 4.279166666666667

m: 6.333333333333333

Residual: 0.3254426605927601


epsilon: 4.279166666666667

m: 6.5

Residual: 0.38332228042361655


epsilon: 4.279166666666667

m: 6.666666666666666

Residual: 0.4340984935627737


epsilon: 4.279166666666667

m: 6.833333333333333

Residual: 0.4780686253674285


epsilon: 4.279166666666667

m: 7.0

Residual: 0.5196211637371739


epsilon: 4.525

m: 3.0

Residual: 0.9696417809779657


epsilon: 4.525

m: 3.1666666666666665

Residual: 0.9570739194550436


epsilon: 4.525

m: 3.3333333333333335

Residual: 0.9400683482933242


epsilon: 4.525

m: 3.5

Residual: 0.9174884018488969


epsilon: 4.525

m: 3.6666666666666665

Residual: 0.8881228325715126


epsilon: 4.525

m: 3.833333333333333

Residual: 0.8508429558337821


epsilon: 4.525

m: 4.0

Residual: 0.8046692732269428


epsilon: 4.525

m: 4.166666666666666

Residual: 0.7489683692429461


epsilon: 4.525

m: 4.333333333333333

Residual: 0.6837712959788843


epsilon: 4.525

m: 4.5

Residual: 0.6094888906368092


epsilon: 4.525

m: 4.666666666666666

Residual: 0.5275774420103705


epsilon: 4.525

m: 4.833333333333333

Residual: 0.4400911963764617


epsilon: 4.525

m: 5.0

Residual: 0.348361992962142


epsilon: 4.525

m: 5.166666666666666

Residual: 0.255053320838933


epsilon: 4.525

m: 5.333333333333333

Residual: 0.1632693051392136


epsilon: 4.525

m: 5.5

Residual: 0.07587887521298518


epsilon: 4.525

m: 5.666666666666666

Residual: 0.046367681443782324


epsilon: 4.525

m: 5.833333333333333

Residual: 0.09219695958794331


epsilon: 4.525

m: 6.0

Residual: 0.16746141077947024


epsilon: 4.525

m: 6.166666666666666

Residual: 0.23654239473057506


epsilon: 4.525

m: 6.333333333333333

Residual: 0.3006927010289499


epsilon: 4.525

m: 6.5

Residual: 0.35934475415794304


epsilon: 4.525

m: 6.666666666666666

Residual: 0.4100720597420817


epsilon: 4.525

m: 6.833333333333333

Residual: 0.4544293010821885


epsilon: 4.525

m: 7.0

Residual: 0.4988069660222529


epsilon: 4.770833333333333

m: 3.0

Residual: 0.9711823465478454


epsilon: 4.770833333333333

m: 3.1666666666666665

Residual: 0.9592432388949147


epsilon: 4.770833333333333

m: 3.3333333333333335

Residual: 0.9430729279197593


epsilon: 4.770833333333333

m: 3.5

Residual: 0.9215724285632492


epsilon: 4.770833333333333

m: 3.6666666666666665

Residual: 0.8935953610928438


epsilon: 4.770833333333333

m: 3.833333333333333

Residual: 0.8579963047943944


epsilon: 4.770833333333333

m: 4.0

Residual: 0.8137680386316438


epsilon: 4.770833333333333

m: 4.166666666666666

Residual: 0.7603419039210243


epsilon: 4.770833333333333

m: 4.333333333333333

Residual: 0.6975164612786237


epsilon: 4.770833333333333

m: 4.5

Residual: 0.6260570950718907


epsilon: 4.770833333333333

m: 4.666666666666666

Residual: 0.5465311930090001


epsilon: 4.770833333333333

m: 4.833333333333333

Residual: 0.4606156338405436


epsilon: 4.770833333333333

m: 5.0

Residual: 0.3714694609268785


epsilon: 4.770833333333333

m: 5.166666666666666

Residual: 0.2801706848757974


epsilon: 4.770833333333333

m: 5.333333333333333

Residual: 0.1891936917385724


epsilon: 4.770833333333333

m: 5.5

Residual: 0.10153478834162738


epsilon: 4.770833333333333

m: 5.666666666666666

Residual: 0.05547380123778017


epsilon: 4.770833333333333

m: 5.833333333333333

Residual: 0.07005623274507777


epsilon: 4.770833333333333

m: 6.0

Residual: 0.14274216664732078


epsilon: 4.770833333333333

m: 6.166666666666666

Residual: 0.21058815644004478


epsilon: 4.770833333333333

m: 6.333333333333333

Residual: 0.2781252124573798


epsilon: 4.770833333333333

m: 6.5

Residual: 0.3343174894718158


epsilon: 4.770833333333333

m: 6.666666666666666

Residual: 0.3879310422429015


epsilon: 4.770833333333333

m: 6.833333333333333

Residual: 0.4425191829769197


epsilon: 4.770833333333333

m: 7.0

Residual: 0.481404495519817


epsilon: 5.016666666666667

m: 3.0

Residual: 0.9725744152151933


epsilon: 5.016666666666667

m: 3.1666666666666665

Residual: 0.9611997410358035


epsilon: 5.016666666666667

m: 3.3333333333333335

Residual: 0.9457862367947102


epsilon: 5.016666666666667

m: 3.5

Residual: 0.9252698475177938


epsilon: 5.016666666666667

m: 3.6666666666666665

Residual: 0.8985381952084973


epsilon: 5.016666666666667

m: 3.833333333333333

Residual: 0.8644579446977377


epsilon: 5.016666666666667

m: 4.0

Residual: 0.822116054503413


epsilon: 5.016666666666667

m: 4.166666666666666

Residual: 0.7707767173452703


epsilon: 5.016666666666667

m: 4.333333333333333

Residual: 0.7102622567043568


epsilon: 5.016666666666667

m: 4.5

Residual: 0.6408929895441025


epsilon: 5.016666666666667

m: 4.666666666666666

Residual: 0.5640058079559025


epsilon: 5.016666666666667

m: 4.833333333333333

Residual: 0.480566789227038


epsilon: 5.016666666666667

m: 5.0

Residual: 0.39315079748852505


epsilon: 5.016666666666667

m: 5.166666666666666

Residual: 0.3027751245430534


epsilon: 5.016666666666667

m: 5.333333333333333

Residual: 0.21337040478568556


epsilon: 5.016666666666667

m: 5.5

Residual: 0.12476620808784882


epsilon: 5.016666666666667

m: 5.666666666666666

Residual: 0.07003121493228777


epsilon: 5.016666666666667

m: 5.833333333333333

Residual: 0.06606686402385921


epsilon: 5.016666666666667

m: 6.0

Residual: 0.11917988616600704


epsilon: 5.016666666666667

m: 6.166666666666666

Residual: 0.18947526958179406


epsilon: 5.016666666666667

m: 6.333333333333333

Residual: 0.25109222973083506


epsilon: 5.016666666666667

m: 6.5

Residual: 0.3128167542824022


epsilon: 5.016666666666667

m: 6.666666666666666

Residual: 0.3658964646939971


epsilon: 5.016666666666667

m: 6.833333333333333

Residual: 0.41689269491385583


epsilon: 5.016666666666667

m: 7.0

Residual: 0.46356172752838454


epsilon: 5.2625

m: 3.0

Residual: 0.9738387220437673


epsilon: 5.2625

m: 3.1666666666666665

Residual: 0.9629786779287823


epsilon: 5.2625

m: 3.3333333333333335

Residual: 0.9482480626943994


epsilon: 5.2625

m: 3.5

Residual: 0.9286452049894344


epsilon: 5.2625

m: 3.6666666666666665

Residual: 0.9030479716745585


epsilon: 5.2625

m: 3.833333333333333

Residual: 0.8703893678863304


epsilon: 5.2625

m: 4.0

Residual: 0.8296484039920455


epsilon: 5.2625

m: 4.166666666666666

Residual: 0.7803050464312966


epsilon: 5.2625

m: 4.333333333333333

Residual: 0.721823466362219


epsilon: 5.2625

m: 4.5

Residual: 0.6547554482502425


epsilon: 5.2625

m: 4.666666666666666

Residual: 0.5796123768728774


epsilon: 5.2625

m: 4.833333333333333

Residual: 0.49919378226460787


epsilon: 5.2625

m: 5.0

Residual: 0.4126716458336476


epsilon: 5.2625

m: 5.166666666666666

Residual: 0.32515748599158834


epsilon: 5.2625

m: 5.333333333333333

Residual: 0.2348908314243156


epsilon: 5.2625

m: 5.5

Residual: 0.14848435983091857


epsilon: 5.2625

m: 5.666666666666666

Residual: 0.0841219710014326


epsilon: 5.2625

m: 5.833333333333333

Residual: 0.0718148954350537


epsilon: 5.2625

m: 6.0

Residual: 0.09475177254745465


epsilon: 5.2625

m: 6.166666666666666

Residual: 0.16620938526176987


epsilon: 5.2625

m: 6.333333333333333

Residual: 0.22778398693104007


epsilon: 5.2625

m: 6.5

Residual: 0.2911823044296564


epsilon: 5.2625

m: 6.666666666666666

Residual: 0.3476321904679775


epsilon: 5.2625

m: 6.833333333333333

Residual: 0.3979626033073252


epsilon: 5.2625

m: 7.0

Residual: 0.44097403109699784


epsilon: 5.508333333333333

m: 3.0

Residual: 0.9749919574152817


epsilon: 5.508333333333333

m: 3.1666666666666665

Residual: 0.964601930571542


epsilon: 5.508333333333333

m: 3.3333333333333335

Residual: 0.9505059136906729


epsilon: 5.508333333333333

m: 3.5

Residual: 0.9317215481112262


epsilon: 5.508333333333333

m: 3.6666666666666665

Residual: 0.9071756137400043


epsilon: 5.508333333333333

m: 3.833333333333333

Residual: 0.8757960733064873


epsilon: 5.508333333333333

m: 4.0

Residual: 0.8366709436555592


epsilon: 5.508333333333333

m: 4.166666666666666

Residual: 0.7890047944420127


epsilon: 5.508333333333333

m: 4.333333333333333

Residual: 0.7327718290742203


epsilon: 5.508333333333333

m: 4.5

Residual: 0.6676605616341896


epsilon: 5.508333333333333

m: 4.666666666666666

Residual: 0.5950690134645029


epsilon: 5.508333333333333

m: 4.833333333333333

Residual: 0.5158145138772277


epsilon: 5.508333333333333

m: 5.0

Residual: 0.43157841375934186


epsilon: 5.508333333333333

m: 5.166666666666666

Residual: 0.34495610314745423


epsilon: 5.508333333333333

m: 5.333333333333333

Residual: 0.25736119096439003


epsilon: 5.508333333333333

m: 5.5

Residual: 0.16901306341509845


epsilon: 5.508333333333333

m: 5.666666666666666

Residual: 0.10233640459039396


epsilon: 5.508333333333333

m: 5.833333333333333

Residual: 0.07669335766759079


epsilon: 5.508333333333333

m: 6.0

Residual: 0.08695184497687032


epsilon: 5.508333333333333

m: 6.166666666666666

Residual: 0.14206976980900465


epsilon: 5.508333333333333

m: 6.333333333333333

Residual: 0.21091590992419995


epsilon: 5.508333333333333

m: 6.5

Residual: 0.2646334626574195


epsilon: 5.508333333333333

m: 6.666666666666666

Residual: 0.32603722902456106


epsilon: 5.508333333333333

m: 6.833333333333333

Residual: 0.37622216698447


epsilon: 5.508333333333333

m: 7.0

Residual: 0.42140263652676235


epsilon: 5.754166666666666

m: 3.0

Residual: 0.9760476574540602


epsilon: 5.754166666666666

m: 3.1666666666666665

Residual: 0.9660897883720092


epsilon: 5.754166666666666

m: 3.3333333333333335

Residual: 0.9525705304681318


epsilon: 5.754166666666666

m: 3.5

Residual: 0.9345483944881811


epsilon: 5.754166666666666

m: 3.6666666666666665

Residual: 0.9109682783108458


epsilon: 5.754166666666666

m: 3.833333333333333

Residual: 0.8808168462709397


epsilon: 5.754166666666666

m: 4.0

Residual: 0.8431117157192374


epsilon: 5.754166666666666

m: 4.166666666666666

Residual: 0.7971227198881258


epsilon: 5.754166666666666

m: 4.333333333333333

Residual: 0.7424230075026861


epsilon: 5.754166666666666

m: 4.5

Residual: 0.6795416392929156


epsilon: 5.754166666666666

m: 4.666666666666666

Residual: 0.6089151283816482


epsilon: 5.754166666666666

m: 4.833333333333333

Residual: 0.5313507738129474


epsilon: 5.754166666666666

m: 5.0

Residual: 0.4491019928398392


epsilon: 5.754166666666666

m: 5.166666666666666

Residual: 0.3636328027550394


epsilon: 5.754166666666666

m: 5.333333333333333

Residual: 0.2770043682163843


epsilon: 5.754166666666666

m: 5.5

Residual: 0.19105065140358826


epsilon: 5.754166666666666

m: 5.666666666666666

Residual: 0.1183921502055732


epsilon: 5.754166666666666

m: 5.833333333333333

Residual: 0.08547359861982108


epsilon: 5.754166666666666

m: 6.0

Residual: 0.0873087430786047


epsilon: 5.754166666666666

m: 6.166666666666666

Residual: 0.12183120278313922


epsilon: 5.754166666666666

m: 6.333333333333333

Residual: 0.1881567511321465


epsilon: 5.754166666666666

m: 6.5

Residual: 0.24886906469221057


epsilon: 5.754166666666666

m: 6.666666666666666

Residual: 0.3068025550189655


epsilon: 5.754166666666666

m: 6.833333333333333

Residual: 0.35945334406823576


epsilon: 5.754166666666666

m: 7.0

Residual: 0.40671788471290526


epsilon: 6.0

m: 3.0

Residual: 0.9770172953569974


epsilon: 6.0

m: 3.1666666666666665

Residual: 0.9674550952162138


epsilon: 6.0

m: 3.3333333333333335

Residual: 0.9544648181586277


epsilon: 6.0

m: 3.5

Residual: 0.9371402613877015


epsilon: 6.0

m: 3.6666666666666665

Residual: 0.9144631175987145


epsilon: 6.0

m: 3.833333333333333

Residual: 0.885419991023272


epsilon: 6.0

m: 4.0

Residual: 0.8490690684923079


epsilon: 6.0

m: 4.166666666666666

Residual: 0.8046044741130199


epsilon: 6.0

m: 4.333333333333333

Residual: 0.7518957527393918


epsilon: 6.0

m: 4.5

Residual: 0.6906058906930541


epsilon: 6.0

m: 4.666666666666666

Residual: 0.6218458921016081


epsilon: 6.0

m: 4.833333333333333

Residual: 0.5460953078990491


epsilon: 6.0

m: 5.0

Residual: 0.4654641775862744


epsilon: 6.0

m: 5.166666666666666

Residual: 0.38186823246675344


epsilon: 6.0

m: 5.333333333333333

Residual: 0.2960446674694757


epsilon: 6.0

m: 5.5

Residual: 0.21114369535685068


epsilon: 6.0

m: 5.666666666666666

Residual: 0.13593208326050016


epsilon: 6.0

m: 5.833333333333333

Residual: 0.0975908094149422


epsilon: 6.0

m: 6.0

Residual: 0.09161279383454098


epsilon: 6.0

m: 6.166666666666666

Residual: 0.11254714867748626


epsilon: 6.0

m: 6.333333333333333

Residual: 0.16267557671039876


epsilon: 6.0

m: 6.5

Residual: 0.23079007401865972


epsilon: 6.0

m: 6.666666666666666

Residual: 0.2852451815810935


epsilon: 6.0

m: 6.833333333333333

Residual: 0.34067890297121983


epsilon: 6.0

m: 7.0

Residual: 0.3833683352069342


