epsilon: 0.1

m: 3.0

Residual: 0.4070101036378034


epsilon: 0.1

m: 3.0

Residual: 0.40697963909316826


epsilon: 0.1

m: 3.1666666666666665

Residual: 0.3609126915952232


epsilon: 0.1

m: 3.3333333333333335

Residual: 0.3539438183683901


epsilon: 0.1

m: 3.5

Residual: 0.38721534844462613


epsilon: 0.1

m: 3.6666666666666665

Residual: 0.4549523382767517


epsilon: 0.1

m: 3.833333333333333

Residual: 0.5443926669558644


epsilon: 0.1

m: 4.0

Residual: 0.6387457412644677


epsilon: 0.1

m: 4.166666666666666

Residual: 0.7167965514286665


epsilon: 0.1

m: 4.333333333333333

Residual: 0.7776001274117211


epsilon: 0.1

m: 4.5

Residual: 0.8242786051092708


epsilon: 0.1

m: 4.666666666666666

Residual: 0.8601194047461618


epsilon: 0.1

m: 4.833333333333333

Residual: 0.887644734883433


epsilon: 0.1

m: 5.0

Residual: 0.9088295870844147


epsilon: 0.1

m: 5.166666666666666

Residual: 0.9252684815787793


epsilon: 0.1

m: 5.333333333333333

Residual: 0.938203209632259


epsilon: 0.1

m: 5.5

Residual: 0.9483009591346705


epsilon: 0.1

m: 5.666666666666666

Residual: 0.9562353380427319


epsilon: 0.1

m: 5.833333333333333

Residual: 0.9626462443562251


epsilon: 0.1

m: 6.0

Residual: 0.9680524493399407


epsilon: 0.1

m: 6.166666666666666

Residual: 0.9721456173510937


epsilon: 0.1

m: 6.333333333333333

Residual: 0.9756615896912031


epsilon: 0.1

m: 6.5

Residual: 0.9786668358811002


epsilon: 0.1

m: 6.666666666666666

Residual: 0.9810621062200321


epsilon: 0.1

m: 6.833333333333333

Residual: 0.983049091412015


epsilon: 0.1

m: 7.0

Residual: 0.9850002325521309


epsilon: 0.3458333333333333

m: 3.0

Residual: 0.7019213289980278


epsilon: 0.3458333333333333

m: 3.1666666666666665

Residual: 0.5970025501932924


epsilon: 0.3458333333333333

m: 3.3333333333333335

Residual: 0.48611124862263005


epsilon: 0.3458333333333333

m: 3.5

Residual: 0.38461443385135297


epsilon: 0.3458333333333333

m: 3.6666666666666665

Residual: 0.306609011714395


epsilon: 0.3458333333333333

m: 3.833333333333333

Residual: 0.2635034891228283


epsilon: 0.3458333333333333

m: 4.0

Residual: 0.2642070856897708


epsilon: 0.3458333333333333

m: 4.166666666666666

Residual: 0.3120275418943755


epsilon: 0.3458333333333333

m: 4.333333333333333

Residual: 0.39852453229010737


epsilon: 0.3458333333333333

m: 4.5

Residual: 0.5001053671050655


epsilon: 0.3458333333333333

m: 4.666666666666666

Residual: 0.5869528700738319


epsilon: 0.3458333333333333

m: 4.833333333333333

Residual: 0.6583676597071241


epsilon: 0.3458333333333333

m: 5.0

Residual: 0.7164903729062164


epsilon: 0.3458333333333333

m: 5.166666666666666

Residual: 0.7635864784318822


epsilon: 0.3458333333333333

m: 5.333333333333333

Residual: 0.8012580790394026


epsilon: 0.3458333333333333

m: 5.5

Residual: 0.8317928605234407


epsilon: 0.3458333333333333

m: 5.666666666666666

Residual: 0.8565515327167447


epsilon: 0.3458333333333333

m: 5.833333333333333

Residual: 0.876128069724489


epsilon: 0.3458333333333333

m: 6.0

Residual: 0.8929427657181235


epsilon: 0.3458333333333333

m: 6.166666666666666

Residual: 0.9069880243375982


epsilon: 0.3458333333333333

m: 6.333333333333333

Residual: 0.918203993975718


epsilon: 0.3458333333333333

m: 6.5

Residual: 0.928246728894077


epsilon: 0.3458333333333333

m: 6.666666666666666

Residual: 0.9354372369377159


epsilon: 0.3458333333333333

m: 6.833333333333333

Residual: 0.9427679985804054


epsilon: 0.3458333333333333

m: 7.0

Residual: 0.9489873831061435


epsilon: 0.5916666666666667

m: 3.0

Residual: 0.8142786825678855


epsilon: 0.5916666666666667

m: 3.1666666666666665

Residual: 0.7429154885398245


epsilon: 0.5916666666666667

m: 3.3333333333333335

Residual: 0.6526063736976832


epsilon: 0.5916666666666667

m: 3.5

Residual: 0.5431003194494354


epsilon: 0.5916666666666667

m: 3.6666666666666665

Residual: 0.42694490176617506


epsilon: 0.5916666666666667

m: 3.833333333333333

Residual: 0.3241283672825037


epsilon: 0.5916666666666667

m: 4.0

Residual: 0.2461893343164253


epsilon: 0.5916666666666667

m: 4.166666666666666

Residual: 0.20712969932107309


epsilon: 0.5916666666666667

m: 4.333333333333333

Residual: 0.21799363011060952


epsilon: 0.5916666666666667

m: 4.5

Residual: 0.282751829354643


epsilon: 0.5916666666666667

m: 4.666666666666666

Residual: 0.38396713049844067


epsilon: 0.5916666666666667

m: 4.833333333333333

Residual: 0.47920726970055777


epsilon: 0.5916666666666667

m: 5.0

Residual: 0.5597062719505487


epsilon: 0.5916666666666667

m: 5.166666666666666

Residual: 0.6265092720356469


epsilon: 0.5916666666666667

m: 5.333333333333333

Residual: 0.68187668913741


epsilon: 0.5916666666666667

m: 5.5

Residual: 0.7286750744523407


epsilon: 0.5916666666666667

m: 5.666666666666666

Residual: 0.7660623116479894


epsilon: 0.5916666666666667

m: 5.833333333333333

Residual: 0.7982034972184213


epsilon: 0.5916666666666667

m: 6.0

Residual: 0.823847372491923


epsilon: 0.5916666666666667

m: 6.166666666666666

Residual: 0.8463746417174651


epsilon: 0.5916666666666667

m: 6.333333333333333

Residual: 0.8646845223765527


epsilon: 0.5916666666666667

m: 6.5

Residual: 0.8796191677189027


epsilon: 0.5916666666666667

m: 6.666666666666666

Residual: 0.8929654034710356


epsilon: 0.5916666666666667

m: 6.833333333333333

Residual: 0.9043922815935471


epsilon: 0.5916666666666667

m: 7.0

Residual: 0.9139557956148033


epsilon: 0.8375

m: 3.0

Residual: 0.8651118860768826


epsilon: 0.8375

m: 3.1666666666666665

Residual: 0.8112590268200365


epsilon: 0.8375

m: 3.3333333333333335

Residual: 0.7414066946611689


epsilon: 0.8375

m: 3.5

Residual: 0.6540273613391503


epsilon: 0.8375

m: 3.6666666666666665

Residual: 0.5490935745582629


epsilon: 0.8375

m: 3.833333333333333

Residual: 0.4299658345258028


epsilon: 0.8375

m: 4.0

Residual: 0.3181846079323623


epsilon: 0.8375

m: 4.166666666666666

Residual: 0.22814234567375496


epsilon: 0.8375

m: 4.333333333333333

Residual: 0.17466815539694186


epsilon: 0.8375

m: 4.5

Residual: 0.17154721130546952


epsilon: 0.8375

m: 4.666666666666666

Residual: 0.23251718716429662


epsilon: 0.8375

m: 4.833333333333333

Residual: 0.3347598811184579


epsilon: 0.8375

m: 5.0

Residual: 0.42881760678177117


epsilon: 0.8375

m: 5.166666666666666

Residual: 0.5093947316830253


epsilon: 0.8375

m: 5.333333333333333

Residual: 0.5775921872072691


epsilon: 0.8375

m: 5.5

Residual: 0.6359376806543036


epsilon: 0.8375

m: 5.666666666666666

Residual: 0.6846643501506612


epsilon: 0.8375

m: 5.833333333333333

Residual: 0.7260163655016395


epsilon: 0.8375

m: 6.0

Residual: 0.7601916837169173


epsilon: 0.8375

m: 6.166666666666666

Residual: 0.7884701820636567


epsilon: 0.8375

m: 6.333333333333333

Residual: 0.8124990304744264


epsilon: 0.8375

m: 6.5

Residual: 0.8333940195641482


epsilon: 0.8375

m: 6.666666666666666

Residual: 0.8513952695147947


epsilon: 0.8375

m: 6.833333333333333

Residual: 0.8663585676797567


epsilon: 0.8375

m: 7.0

Residual: 0.8802496418432054


epsilon: 1.0833333333333335

m: 3.0

Residual: 0.8941024610568288


epsilon: 1.0833333333333335

m: 3.1666666666666665

Residual: 0.8508996422201726


epsilon: 1.0833333333333335

m: 3.3333333333333335

Residual: 0.7940373386543913


epsilon: 1.0833333333333335

m: 3.5

Residual: 0.7216089427721982


epsilon: 1.0833333333333335

m: 3.6666666666666665

Residual: 0.6326624781902288


epsilon: 1.0833333333333335

m: 3.833333333333333

Residual: 0.5278743499958463


epsilon: 1.0833333333333335

m: 4.0

Residual: 0.4097266747331765


epsilon: 1.0833333333333335

m: 4.166666666666666

Residual: 0.2946642975689208


epsilon: 1.0833333333333335

m: 4.333333333333333

Residual: 0.2008526708270937


epsilon: 1.0833333333333335

m: 4.5

Residual: 0.14355627274789978


epsilon: 1.0833333333333335

m: 4.666666666666666

Residual: 0.14224611147784028


epsilon: 1.0833333333333335

m: 4.833333333333333

Residual: 0.21648721734357612


epsilon: 1.0833333333333335

m: 5.0

Residual: 0.31810365461199047


epsilon: 1.0833333333333335

m: 5.166666666666666

Residual: 0.40795443663331743


epsilon: 1.0833333333333335

m: 5.333333333333333

Residual: 0.48591266730317034


epsilon: 1.0833333333333335

m: 5.5

Residual: 0.5530788995339756


epsilon: 1.0833333333333335

m: 5.666666666666666

Residual: 0.6095485160829731


epsilon: 1.0833333333333335

m: 5.833333333333333

Residual: 0.6592031064254741


epsilon: 1.0833333333333335

m: 6.0

Residual: 0.6990593401680435


epsilon: 1.0833333333333335

m: 6.166666666666666

Residual: 0.7362874319095697


epsilon: 1.0833333333333335

m: 6.333333333333333

Residual: 0.7644481045016146


epsilon: 1.0833333333333335

m: 6.5

Residual: 0.7893734848133863


epsilon: 1.0833333333333335

m: 6.666666666666666

Residual: 0.812689760376284


epsilon: 1.0833333333333335

m: 6.833333333333333

Residual: 0.8319460213821984


epsilon: 1.0833333333333335

m: 7.0

Residual: 0.8469487496819493


epsilon: 1.3291666666666668

m: 3.0

Residual: 0.9128362107608413


epsilon: 1.3291666666666668

m: 3.1666666666666665

Residual: 0.8767774744321072


epsilon: 1.3291666666666668

m: 3.3333333333333335

Residual: 0.8288610448631258


epsilon: 1.3291666666666668

m: 3.5

Residual: 0.7670972175643765


epsilon: 1.3291666666666668

m: 3.6666666666666665

Residual: 0.690054862971491


epsilon: 1.3291666666666668

m: 3.833333333333333

Residual: 0.5976667932514206


epsilon: 1.3291666666666668

m: 4.0

Residual: 0.49108584438390557


epsilon: 1.3291666666666668

m: 4.166666666666666

Residual: 0.3735064645460717


epsilon: 1.3291666666666668

m: 4.333333333333333

Residual: 0.25789046373340213


epsilon: 1.3291666666666668

m: 4.5

Residual: 0.16593086603792842


epsilon: 1.3291666666666668

m: 4.666666666666666

Residual: 0.11221500100440415


epsilon: 1.3291666666666668

m: 4.833333333333333

Residual: 0.1284736105041351


epsilon: 1.3291666666666668

m: 5.0

Residual: 0.22389402980500908


epsilon: 1.3291666666666668

m: 5.166666666666666

Residual: 0.3195573775517956


epsilon: 1.3291666666666668

m: 5.333333333333333

Residual: 0.4050212908106041


epsilon: 1.3291666666666668

m: 5.5

Residual: 0.4775196641316077


epsilon: 1.3291666666666668

m: 5.666666666666666

Residual: 0.5421617188558581


epsilon: 1.3291666666666668

m: 5.833333333333333

Residual: 0.5960723385115206


epsilon: 1.3291666666666668

m: 6.0

Residual: 0.644620078115984


epsilon: 1.3291666666666668

m: 6.166666666666666

Residual: 0.6839537318141745


epsilon: 1.3291666666666668

m: 6.333333333333333

Residual: 0.7186466388806757


epsilon: 1.3291666666666668

m: 6.5

Residual: 0.7491581489719491


epsilon: 1.3291666666666668

m: 6.666666666666666

Residual: 0.7739886504798975


epsilon: 1.3291666666666668

m: 6.833333333333333

Residual: 0.7963968272360481


epsilon: 1.3291666666666668

m: 7.0

Residual: 0.8179802006948859


epsilon: 1.5750000000000002

m: 3.0

Residual: 0.9259413714553567


epsilon: 1.5750000000000002

m: 3.1666666666666665

Residual: 0.8949962087993502


epsilon: 1.5750000000000002

m: 3.3333333333333335

Residual: 0.8536246809232316


epsilon: 1.5750000000000002

m: 3.5

Residual: 0.7998158867366366


epsilon: 1.5750000000000002

m: 3.6666666666666665

Residual: 0.7319729325970687


epsilon: 1.5750000000000002

m: 3.833333333333333

Residual: 0.6494689712033772


epsilon: 1.5750000000000002

m: 4.0

Residual: 0.55277458759607


epsilon: 1.5750000000000002

m: 4.166666666666666

Residual: 0.44420651518029824


epsilon: 1.5750000000000002

m: 4.333333333333333

Residual: 0.32695613793893497


epsilon: 1.5750000000000002

m: 4.5

Residual: 0.2131607950197369


epsilon: 1.5750000000000002

m: 4.666666666666666

Residual: 0.12515612010454186


epsilon: 1.5750000000000002

m: 4.833333333333333

Residual: 0.08438391622611162


epsilon: 1.5750000000000002

m: 5.0

Residual: 0.14126479193202418


epsilon: 1.5750000000000002

m: 5.166666666666666

Residual: 0.241315706069267


epsilon: 1.5750000000000002

m: 5.333333333333333

Residual: 0.3309942615564947


epsilon: 1.5750000000000002

m: 5.5

Residual: 0.4097046623136109


epsilon: 1.5750000000000002

m: 5.666666666666666

Residual: 0.47980994328314014


epsilon: 1.5750000000000002

m: 5.833333333333333

Residual: 0.540229042703719


epsilon: 1.5750000000000002

m: 6.0

Residual: 0.592005548573441


epsilon: 1.5750000000000002

m: 6.166666666666666

Residual: 0.6374012763568276


epsilon: 1.5750000000000002

m: 6.333333333333333

Residual: 0.6773183899177168


epsilon: 1.5750000000000002

m: 6.5

Residual: 0.7108312519732641


epsilon: 1.5750000000000002

m: 6.666666666666666

Residual: 0.737725172074111


epsilon: 1.5750000000000002

m: 6.833333333333333

Residual: 0.7633709545227749


epsilon: 1.5750000000000002

m: 7.0

Residual: 0.7846467165840016


epsilon: 1.8208333333333335

m: 3.0

Residual: 0.9356135037911694


epsilon: 1.8208333333333335

m: 3.1666666666666665

Residual: 0.9085265669912281


epsilon: 1.8208333333333335

m: 3.3333333333333335

Residual: 0.872125198239651


epsilon: 1.8208333333333335

m: 3.5

Residual: 0.8244632841248013


epsilon: 1.8208333333333335

m: 3.6666666666666665

Residual: 0.7638855319588267


epsilon: 1.8208333333333335

m: 3.833333333333333

Residual: 0.6893910472526079


epsilon: 1.8208333333333335

m: 4.0

Residual: 0.6010973671626163


epsilon: 1.8208333333333335

m: 4.166666666666666

Residual: 0.5004233626124533


epsilon: 1.8208333333333335

m: 4.333333333333333

Residual: 0.39031146742315254


epsilon: 1.8208333333333335

m: 4.5

Residual: 0.2740189526239577


epsilon: 1.8208333333333335

m: 4.666666666666666

Residual: 0.16489613105251746


epsilon: 1.8208333333333335

m: 4.833333333333333

Residual: 0.08560750196807523


epsilon: 1.8208333333333335

m: 5.0

Residual: 0.07541582024962021


epsilon: 1.8208333333333335

m: 5.166666666666666

Residual: 0.17306399716992696


epsilon: 1.8208333333333335

m: 5.333333333333333

Residual: 0.26534657243968274


epsilon: 1.8208333333333335

m: 5.5

Residual: 0.3476450112392681


epsilon: 1.8208333333333335

m: 5.666666666666666

Residual: 0.4217587599157348


epsilon: 1.8208333333333335

m: 5.833333333333333

Residual: 0.4863685289941731


epsilon: 1.8208333333333335

m: 6.0

Residual: 0.5433697089480731


epsilon: 1.8208333333333335

m: 6.166666666666666

Residual: 0.5898171453129106


epsilon: 1.8208333333333335

m: 6.333333333333333

Residual: 0.6336187158637351


epsilon: 1.8208333333333335

m: 6.5

Residual: 0.6718250877224025


epsilon: 1.8208333333333335

m: 6.666666666666666

Residual: 0.7047033378748139


epsilon: 1.8208333333333335

m: 6.833333333333333

Residual: 0.7300424056850583


epsilon: 1.8208333333333335

m: 7.0

Residual: 0.7554248540704888


epsilon: 2.066666666666667

m: 3.0

Residual: 0.9430548748036726


epsilon: 2.066666666666667

m: 3.1666666666666665

Residual: 0.9189692916652754


epsilon: 2.066666666666667

m: 3.3333333333333335

Residual: 0.8864730908251458


epsilon: 2.066666666666667

m: 3.5

Residual: 0.8436993849767058


epsilon: 2.066666666666667

m: 3.6666666666666665

Residual: 0.788994457568767


epsilon: 2.066666666666667

m: 3.833333333333333

Residual: 0.7211750050896398


epsilon: 2.066666666666667

m: 4.0

Residual: 0.6400439058330278


epsilon: 2.066666666666667

m: 4.166666666666666

Residual: 0.5463890613575048


epsilon: 2.066666666666667

m: 4.333333333333333

Residual: 0.4424579443257185


epsilon: 2.066666666666667

m: 4.5

Residual: 0.3315038733612407


epsilon: 2.066666666666667

m: 4.666666666666666

Residual: 0.2168820766662277


epsilon: 2.066666666666667

m: 4.833333333333333

Residual: 0.11493897670027502


epsilon: 2.066666666666667

m: 5.0

Residual: 0.05025430455400433


epsilon: 2.066666666666667

m: 5.166666666666666

Residual: 0.10998124973723027


epsilon: 2.066666666666667

m: 5.333333333333333

Residual: 0.20446016865651215


epsilon: 2.066666666666667

m: 5.5

Residual: 0.29143436932541733


epsilon: 2.066666666666667

m: 5.666666666666666

Residual: 0.36953695144609644


epsilon: 2.066666666666667

m: 5.833333333333333

Residual: 0.43510902741755125


epsilon: 2.066666666666667

m: 6.0

Residual: 0.4953651796323971


epsilon: 2.066666666666667

m: 6.166666666666666

Residual: 0.5488714632390553


epsilon: 2.066666666666667

m: 6.333333333333333

Residual: 0.5944170974455907


epsilon: 2.066666666666667

m: 6.5

Residual: 0.6336847071966871


epsilon: 2.066666666666667

m: 6.666666666666666

Residual: 0.6706659498534467


epsilon: 2.066666666666667

m: 6.833333333333333

Residual: 0.7005635473073292


epsilon: 2.066666666666667

m: 7.0

Residual: 0.726252563794019


epsilon: 2.3125000000000004

m: 3.0

Residual: 0.9489551530291266


epsilon: 2.3125000000000004

m: 3.1666666666666665

Residual: 0.9272648937618369


epsilon: 2.3125000000000004

m: 3.3333333333333335

Residual: 0.8979231051114259


epsilon: 2.3125000000000004

m: 3.5

Residual: 0.8591534843863812


epsilon: 2.3125000000000004

m: 3.6666666666666665

Residual: 0.8092932457312675


epsilon: 2.3125000000000004

m: 3.833333333333333

Residual: 0.7471420572475226


epsilon: 2.3125000000000004

m: 4.0

Residual: 0.6720828127579943


epsilon: 2.3125000000000004

m: 4.166666666666666

Residual: 0.5845797020610748


epsilon: 2.3125000000000004

m: 4.333333333333333

Residual: 0.486481255358803


epsilon: 2.3125000000000004

m: 4.5

Residual: 0.3806240223087586


epsilon: 2.3125000000000004

m: 4.666666666666666

Residual: 0.2699745286384425


epsilon: 2.3125000000000004

m: 4.833333333333333

Residual: 0.15843781787759637


epsilon: 2.3125000000000004

m: 5.0

Residual: 0.06543663143313844


epsilon: 2.3125000000000004

m: 5.166666666666666

Residual: 0.05371932857105768


epsilon: 2.3125000000000004

m: 5.333333333333333

Residual: 0.15133605222437793


epsilon: 2.3125000000000004

m: 5.5

Residual: 0.23976342542637433


epsilon: 2.3125000000000004

m: 5.666666666666666

Residual: 0.3204297255587143


epsilon: 2.3125000000000004

m: 5.833333333333333

Residual: 0.389364380999964


epsilon: 2.3125000000000004

m: 6.0

Residual: 0.4542027690615803


epsilon: 2.3125000000000004

m: 6.166666666666666

Residual: 0.5047110903762744


epsilon: 2.3125000000000004

m: 6.333333333333333

Residual: 0.5567330170307807


epsilon: 2.3125000000000004

m: 6.5

Residual: 0.5977613634789393


epsilon: 2.3125000000000004

m: 6.666666666666666

Residual: 0.6383796146242103


epsilon: 2.3125000000000004

m: 6.833333333333333

Residual: 0.6716494507991516


epsilon: 2.3125000000000004

m: 7.0

Residual: 0.6997681194389148


epsilon: 2.5583333333333336

m: 3.0

Residual: 0.9537469217238834


epsilon: 2.5583333333333336

m: 3.1666666666666665

Residual: 0.934026274097873


epsilon: 2.5583333333333336

m: 3.3333333333333335

Residual: 0.9072829702465163


epsilon: 2.5583333333333336

m: 3.5

Residual: 0.871827167781079


epsilon: 2.5583333333333336

m: 3.6666666666666665

Residual: 0.8260438970917312


epsilon: 2.5583333333333336

m: 3.833333333333333

Residual: 0.768571130355944


epsilon: 2.5583333333333336

m: 4.0

Residual: 0.6987860196770134


epsilon: 2.5583333333333336

m: 4.166666666666666

Residual: 0.6168490046192484


epsilon: 2.5583333333333336

m: 4.333333333333333

Residual: 0.5241563019499265


epsilon: 2.5583333333333336

m: 4.5

Residual: 0.4229165530339793


epsilon: 2.5583333333333336

m: 4.666666666666666

Residual: 0.31586931037540794


epsilon: 2.5583333333333336

m: 4.833333333333333

Residual: 0.2072007989094645


epsilon: 2.5583333333333336

m: 5.0

Residual: 0.10029859420530235


epsilon: 2.5583333333333336

m: 5.166666666666666

Residual: 0.02134372501948372


epsilon: 2.5583333333333336

m: 5.333333333333333

Residual: 0.10062563586168533


epsilon: 2.5583333333333336

m: 5.5

Residual: 0.19071910237747774


epsilon: 2.5583333333333336

m: 5.666666666666666

Residual: 0.2723385218893496


epsilon: 2.5583333333333336

m: 5.833333333333333

Residual: 0.3457433083212522


epsilon: 2.5583333333333336

m: 6.0

Residual: 0.4135401091125188


epsilon: 2.5583333333333336

m: 6.166666666666666

Residual: 0.47028305148274846


epsilon: 2.5583333333333336

m: 6.333333333333333

Residual: 0.5208578402489159


epsilon: 2.5583333333333336

m: 6.5

Residual: 0.566857525529004


epsilon: 2.5583333333333336

m: 6.666666666666666

Residual: 0.606662554823995


epsilon: 2.5583333333333336

m: 6.833333333333333

Residual: 0.6426369995391203


epsilon: 2.5583333333333336

m: 7.0

Residual: 0.6745316014770972


epsilon: 2.8041666666666667

m: 3.0

Residual: 0.9577153656298795


epsilon: 2.8041666666666667

m: 3.1666666666666665

Residual: 0.939638251154248


epsilon: 2.8041666666666667

m: 3.3333333333333335

Residual: 0.9150569398484912


epsilon: 2.8041666666666667

m: 3.5

Residual: 0.8823942698927376


epsilon: 2.8041666666666667

m: 3.6666666666666665

Residual: 0.8400475861446062


epsilon: 2.8041666666666667

m: 3.833333333333333

Residual: 0.7866884794005706


epsilon: 2.8041666666666667

m: 4.0

Residual: 0.7215209476877091


epsilon: 2.8041666666666667

m: 4.166666666666666

Residual: 0.644514704397482


epsilon: 2.8041666666666667

m: 4.333333333333333

Residual: 0.5565844168643838


epsilon: 2.8041666666666667

m: 4.5

Residual: 0.4596204157502621


epsilon: 2.8041666666666667

m: 4.666666666666666

Residual: 0.3568261061447585


epsilon: 2.8041666666666667

m: 4.833333333333333

Residual: 0.2508239821655199


epsilon: 2.8041666666666667

m: 5.0

Residual: 0.14468109910566337


epsilon: 2.8041666666666667

m: 5.166666666666666

Residual: 0.045116907982853775


epsilon: 2.8041666666666667

m: 5.333333333333333

Residual: 0.054586108448574686


epsilon: 2.8041666666666667

m: 5.5

Residual: 0.14671512526518504


epsilon: 2.8041666666666667

m: 5.666666666666666

Residual: 0.22885852411520746


epsilon: 2.8041666666666667

m: 5.833333333333333

Residual: 0.30503651109393154


epsilon: 2.8041666666666667

m: 6.0

Residual: 0.3714929615058641


epsilon: 2.8041666666666667

m: 6.166666666666666

Residual: 0.4329210183233152


epsilon: 2.8041666666666667

m: 6.333333333333333

Residual: 0.48788964566316884


epsilon: 2.8041666666666667

m: 6.5

Residual: 0.5346180559683024


epsilon: 2.8041666666666667

m: 6.666666666666666

Residual: 0.5768639444779223


epsilon: 2.8041666666666667

m: 6.833333333333333

Residual: 0.6129187593040637


epsilon: 2.8041666666666667

m: 7.0

Residual: 0.6440560798976128


epsilon: 3.0500000000000003

m: 3.0

Residual: 0.9610576759229337


epsilon: 3.0500000000000003

m: 3.1666666666666665

Residual: 0.9443668633967433


epsilon: 3.0500000000000003

m: 3.3333333333333335

Residual: 0.9216422600006302


epsilon: 3.0500000000000003

m: 3.5

Residual: 0.8913586193201662


epsilon: 3.0500000000000003

m: 3.6666666666666665

Residual: 0.8519862883222705


epsilon: 3.0500000000000003

m: 3.833333333333333

Residual: 0.8021832157310796


epsilon: 3.0500000000000003

m: 4.0

Residual: 0.7410208398952701


epsilon: 3.0500000000000003

m: 4.166666666666666

Residual: 0.6683825192689424


epsilon: 3.0500000000000003

m: 4.333333333333333

Residual: 0.5849724651048982


epsilon: 3.0500000000000003

m: 4.5

Residual: 0.49237553143649637


epsilon: 3.0500000000000003

m: 4.666666666666666

Residual: 0.3926308127242704


epsilon: 3.0500000000000003

m: 4.833333333333333

Residual: 0.28966940178699424


epsilon: 3.0500000000000003

m: 5.0

Residual: 0.18539176276499708


epsilon: 3.0500000000000003

m: 5.166666666666666

Residual: 0.08360117732807888


epsilon: 3.0500000000000003

m: 5.333333333333333

Residual: 0.02074413700042039


epsilon: 3.0500000000000003

m: 5.5

Residual: 0.10441004997603674


epsilon: 3.0500000000000003

m: 5.666666666666666

Residual: 0.18744499315782678


epsilon: 3.0500000000000003

m: 5.833333333333333

Residual: 0.2663006202807473


epsilon: 3.0500000000000003

m: 6.0

Residual: 0.3364099519729284


epsilon: 3.0500000000000003

m: 6.166666666666666

Residual: 0.400116308473607


epsilon: 3.0500000000000003

m: 6.333333333333333

Residual: 0.4538434117228862


epsilon: 3.0500000000000003

m: 6.5

Residual: 0.5043669452935403


epsilon: 3.0500000000000003

m: 6.666666666666666

Residual: 0.549668659528702


epsilon: 3.0500000000000003

m: 6.833333333333333

Residual: 0.5889484629708623


epsilon: 3.0500000000000003

m: 7.0

Residual: 0.6237919830785831


epsilon: 3.295833333333334

m: 3.0

Residual: 0.9639098902475923


epsilon: 3.295833333333334

m: 3.1666666666666665

Residual: 0.9484084849728065


epsilon: 3.295833333333334

m: 3.3333333333333335

Residual: 0.9272714124568103


epsilon: 3.295833333333334

m: 3.5

Residual: 0.8990496180002918


epsilon: 3.295833333333334

m: 3.6666666666666665

Residual: 0.8622630650649408


epsilon: 3.295833333333334

m: 3.833333333333333

Residual: 0.8155930389405887


epsilon: 3.295833333333334

m: 4.0

Residual: 0.758082686304803


epsilon: 3.295833333333334

m: 4.166666666666666

Residual: 0.6892680249295866


epsilon: 3.295833333333334

m: 4.333333333333333

Residual: 0.6099310448482631


epsilon: 3.295833333333334

m: 4.5

Residual: 0.5211047266197196


epsilon: 3.295833333333334

m: 4.666666666666666

Residual: 0.4252087659582752


epsilon: 3.295833333333334

m: 4.833333333333333

Residual: 0.3254092658560045


epsilon: 3.295833333333334

m: 5.0

Residual: 0.2222850096107547


epsilon: 3.295833333333334

m: 5.166666666666666

Residual: 0.12255849954092572


epsilon: 3.295833333333334

m: 5.333333333333333

Residual: 0.033738458639209115


epsilon: 3.295833333333334

m: 5.5

Residual: 0.0665610722025436


epsilon: 3.295833333333334

m: 5.666666666666666

Residual: 0.1521990144500373


epsilon: 3.295833333333334

m: 5.833333333333333

Residual: 0.22926641113601265


epsilon: 3.295833333333334

m: 6.0

Residual: 0.3000730999474012


epsilon: 3.295833333333334

m: 6.166666666666666

Residual: 0.366547963889393


epsilon: 3.295833333333334

m: 6.333333333333333

Residual: 0.4253071761599438


epsilon: 3.295833333333334

m: 6.5

Residual: 0.4734620512132238


epsilon: 3.295833333333334

m: 6.666666666666666

Residual: 0.5222413731221485


epsilon: 3.295833333333334

m: 6.833333333333333

Residual: 0.5594312626044283


epsilon: 3.295833333333334

m: 7.0

Residual: 0.5971425472599715


epsilon: 3.541666666666667

m: 3.0

Residual: 0.9663723449643681


epsilon: 3.541666666666667

m: 3.1666666666666665

Residual: 0.9519061875955714


epsilon: 3.541666666666667

m: 3.3333333333333335

Residual: 0.9321500821599288


epsilon: 3.541666666666667

m: 3.5

Residual: 0.9057322756886578


epsilon: 3.541666666666667

m: 3.6666666666666665

Residual: 0.8712177855279906


epsilon: 3.541666666666667

m: 3.833333333333333

Residual: 0.8272892288401499


epsilon: 3.541666666666667

m: 4.0

Residual: 0.7728955583624477


epsilon: 3.541666666666667

m: 4.166666666666666

Residual: 0.7077203865701394


epsilon: 3.541666666666667

m: 4.333333333333333

Residual: 0.6318864590741188


epsilon: 3.541666666666667

m: 4.5

Residual: 0.546854762173355


epsilon: 3.541666666666667

m: 4.666666666666666

Residual: 0.45412660681883593


epsilon: 3.541666666666667

m: 4.833333333333333

Residual: 0.35684380798498233


epsilon: 3.541666666666667

m: 5.0

Residual: 0.25732947613750307


epsilon: 3.541666666666667

m: 5.166666666666666

Residual: 0.1576510249590776


epsilon: 3.541666666666667

m: 5.333333333333333

Residual: 0.06144680157275395


epsilon: 3.541666666666667

m: 5.5

Residual: 0.038850499672325525


epsilon: 3.541666666666667

m: 5.666666666666666

Residual: 0.1167880722218081


epsilon: 3.541666666666667

m: 5.833333333333333

Residual: 0.19659056312416198


epsilon: 3.541666666666667

m: 6.0

Residual: 0.26651603156169135


epsilon: 3.541666666666667

m: 6.166666666666666

Residual: 0.3338737117649397


epsilon: 3.541666666666667

m: 6.333333333333333

Residual: 0.3902264540601161


epsilon: 3.541666666666667

m: 6.5

Residual: 0.4440988479737548


epsilon: 3.541666666666667

m: 6.666666666666666

Residual: 0.4955765477948981


epsilon: 3.541666666666667

m: 6.833333333333333

Residual: 0.5350896762623323


epsilon: 3.541666666666667

m: 7.0

Residual: 0.5757617493643745


epsilon: 3.7875

m: 3.0

Residual: 0.9685211494887469


epsilon: 3.7875

m: 3.1666666666666665

Residual: 0.9549563672586815


epsilon: 3.7875

m: 3.3333333333333335

Residual: 0.9364142260627772


epsilon: 3.7875

m: 3.5

Residual: 0.9115818492303227


epsilon: 3.7875

m: 3.6666666666666665

Residual: 0.8790667243212007


epsilon: 3.7875

m: 3.833333333333333

Residual: 0.83756876326535


epsilon: 3.7875

m: 4.0

Residual: 0.7860569417603147


epsilon: 3.7875

m: 4.166666666666666

Residual: 0.7240809830086172


epsilon: 3.7875

m: 4.333333333333333

Residual: 0.651678194164158


epsilon: 3.7875

m: 4.5

Residual: 0.5699933740037934


epsilon: 3.7875

m: 4.666666666666666

Residual: 0.4805947327713054


epsilon: 3.7875

m: 4.833333333333333

Residual: 0.38529111817075257


epsilon: 3.7875

m: 5.0

Residual: 0.2877918414201381


epsilon: 3.7875

m: 5.166666666666666

Residual: 0.19034352085627673


epsilon: 3.7875

m: 5.333333333333333

Residual: 0.09412667543038283


epsilon: 3.7875

m: 5.5

Residual: 0.045886898832700654


epsilon: 3.7875

m: 5.666666666666666

Residual: 0.08156676839014415


epsilon: 3.7875

m: 5.833333333333333

Residual: 0.16137949176036365


epsilon: 3.7875

m: 6.0

Residual: 0.23663484476585372


epsilon: 3.7875

m: 6.166666666666666

Residual: 0.3028511191697798


epsilon: 3.7875

m: 6.333333333333333

Residual: 0.3664835199947073


epsilon: 3.7875

m: 6.5

Residual: 0.41899253070967607


epsilon: 3.7875

m: 6.666666666666666

Residual: 0.46798020105551225


epsilon: 3.7875

m: 6.833333333333333

Residual: 0.5093793736351527


epsilon: 3.7875

m: 7.0

Residual: 0.5531093059484883


epsilon: 4.033333333333333

m: 3.0

Residual: 0.9704103500669367


epsilon: 4.033333333333333

m: 3.1666666666666665

Residual: 0.9576388938972603


epsilon: 4.033333333333333

m: 3.3333333333333335

Residual: 0.9401715612939181


epsilon: 4.033333333333333

m: 3.5

Residual: 0.9167470751558022


epsilon: 4.033333333333333

m: 3.6666666666666665

Residual: 0.8860262674278495


epsilon: 4.033333333333333

m: 3.833333333333333

Residual: 0.8467002196519451


epsilon: 4.033333333333333

m: 4.0

Residual: 0.7977922390842307


epsilon: 4.033333333333333

m: 4.166666666666666

Residual: 0.7387087841692886


epsilon: 4.033333333333333

m: 4.333333333333333

Residual: 0.6694987377123789


epsilon: 4.033333333333333

m: 4.5

Residual: 0.5907230279552275


epsilon: 4.033333333333333

m: 4.666666666666666

Residual: 0.5042557428240638


epsilon: 4.033333333333333

m: 4.833333333333333

Residual: 0.4120588224259922


epsilon: 4.033333333333333

m: 5.0

Residual: 0.3163711594504229


epsilon: 4.033333333333333

m: 5.166666666666666

Residual: 0.22040273120702547


epsilon: 4.033333333333333

m: 5.333333333333333

Residual: 0.12514850196693578


epsilon: 4.033333333333333

m: 5.5

Residual: 0.06196075820933129


epsilon: 4.033333333333333

m: 5.666666666666666

Residual: 0.0647514311238215


epsilon: 4.033333333333333

m: 5.833333333333333

Residual: 0.13132734482761238


epsilon: 4.033333333333333

m: 6.0

Residual: 0.20614821291545612


epsilon: 4.033333333333333

m: 6.166666666666666

Residual: 0.2740320951873731


epsilon: 4.033333333333333

m: 6.333333333333333

Residual: 0.33610543507959834


epsilon: 4.033333333333333

m: 6.5

Residual: 0.3956405958731698


epsilon: 4.033333333333333

m: 6.666666666666666

Residual: 0.4452959074047943


epsilon: 4.033333333333333

m: 6.833333333333333

Residual: 0.4908291024823355


epsilon: 4.033333333333333

m: 7.0

Residual: 0.5330119625052301


epsilon: 4.279166666666667

m: 3.0

Residual: 0.9720864146390537


epsilon: 4.279166666666667

m: 3.1666666666666665

Residual: 0.9600279212513211


epsilon: 4.279166666666667

m: 3.3333333333333335

Residual: 0.9435130778068366


epsilon: 4.279166666666667

m: 3.5

Residual: 0.9213403410611883


epsilon: 4.279166666666667

m: 3.6666666666666665

Residual: 0.8922277032744517


epsilon: 4.279166666666667

m: 3.833333333333333

Residual: 0.8548846136695001


epsilon: 4.279166666666667

m: 4.0

Residual: 0.8083271368691161


epsilon: 4.279166666666667

m: 4.166666666666666

Residual: 0.7518223514950026


epsilon: 4.279166666666667

m: 4.333333333333333

Residual: 0.6853477093801963


epsilon: 4.279166666666667

m: 4.5

Residual: 0.6095423556975139


epsilon: 4.279166666666667

m: 4.666666666666666

Residual: 0.5257689184696787


epsilon: 4.279166666666667

m: 4.833333333333333

Residual: 0.43634529893972107


epsilon: 4.279166666666667

m: 5.0

Residual: 0.3435449135073311


epsilon: 4.279166666666667

m: 5.166666666666666

Residual: 0.2472705640451827


epsilon: 4.279166666666667

m: 5.333333333333333

Residual: 0.15537765088568678


epsilon: 4.279166666666667

m: 5.5

Residual: 0.07988295792878577


epsilon: 4.279166666666667

m: 5.666666666666666

Residual: 0.06663450132807328


epsilon: 4.279166666666667

m: 5.833333333333333

Residual: 0.10282714030770154


epsilon: 4.279166666666667

m: 6.0

Residual: 0.17846299856224926


epsilon: 4.279166666666667

m: 6.166666666666666

Residual: 0.24736673670422457


epsilon: 4.279166666666667

m: 6.333333333333333

Residual: 0.311367426724296


epsilon: 4.279166666666667

m: 6.5

Residual: 0.3687759459675128


epsilon: 4.279166666666667

m: 6.666666666666666

Residual: 0.4202759881185793


epsilon: 4.279166666666667

m: 6.833333333333333

Residual: 0.46350885588541474


epsilon: 4.279166666666667

m: 7.0

Residual: 0.508091793553737


epsilon: 4.525

m: 3.0

Residual: 0.9735841089034454


epsilon: 4.525

m: 3.1666666666666665

Residual: 0.962158441206424


epsilon: 4.525

m: 3.3333333333333335

Residual: 0.9465011620474574


epsilon: 4.525

m: 3.5

Residual: 0.9254518939258976


epsilon: 4.525

m: 3.6666666666666665

Residual: 0.8977733690302238


epsilon: 4.525

m: 3.833333333333333

Residual: 0.8622328026497075


epsilon: 4.525

m: 4.0

Residual: 0.8177467120400825


epsilon: 4.525

m: 4.166666666666666

Residual: 0.7637013074235546


epsilon: 4.525

m: 4.333333333333333

Residual: 0.6999440256714442


epsilon: 4.525

m: 4.5

Residual: 0.6267832048066383


epsilon: 4.525

m: 4.666666666666666

Residual: 0.5458962911509941


epsilon: 4.525

m: 4.833333333333333

Residual: 0.4588401144611112


epsilon: 4.525

m: 5.0

Residual: 0.36707902840416196


epsilon: 4.525

m: 5.166666666666666

Residual: 0.27386367843624515


epsilon: 4.525

m: 5.333333333333333

Residual: 0.18188101091038752


epsilon: 4.525

m: 5.5

Residual: 0.10087807558955952


epsilon: 4.525

m: 5.666666666666666

Residual: 0.07466527854642838


epsilon: 4.525

m: 5.833333333333333

Residual: 0.09043980524027681


epsilon: 4.525

m: 6.0

Residual: 0.15260009999013693


epsilon: 4.525

m: 6.166666666666666

Residual: 0.22437297341413545


epsilon: 4.525

m: 6.333333333333333

Residual: 0.2839254560429269


epsilon: 4.525

m: 6.5

Residual: 0.34594562034567006


epsilon: 4.525

m: 6.666666666666666

Residual: 0.39472542707446395


epsilon: 4.525

m: 6.833333333333333

Residual: 0.4446030492458633


epsilon: 4.525

m: 7.0

Residual: 0.48189875454284187


epsilon: 4.770833333333333

m: 3.0

Residual: 0.9749269481118022


epsilon: 4.770833333333333

m: 3.1666666666666665

Residual: 0.9640717574816646


epsilon: 4.770833333333333

m: 3.3333333333333335

Residual: 0.9491859736537116


epsilon: 4.770833333333333

m: 3.5

Residual: 0.9291573815589644


epsilon: 4.770833333333333

m: 3.6666666666666665

Residual: 0.9027895753716006


epsilon: 4.770833333333333

m: 3.833333333333333

Residual: 0.8688645153150697


epsilon: 4.770833333333333

m: 4.0

Residual: 0.8263679811133802


epsilon: 4.770833333333333

m: 4.166666666666666

Residual: 0.774514539430668


epsilon: 4.770833333333333

m: 4.333333333333333

Residual: 0.7131357886002949


epsilon: 4.770833333333333

m: 4.5

Residual: 0.6425182008673813


epsilon: 4.770833333333333

m: 4.666666666666666

Residual: 0.5641104817778022


epsilon: 4.770833333333333

m: 4.833333333333333

Residual: 0.47950651904457137


epsilon: 4.770833333333333

m: 5.0

Residual: 0.3898259355600376


epsilon: 4.770833333333333

m: 5.166666666666666

Residual: 0.2990607421020708


epsilon: 4.770833333333333

m: 5.333333333333333

Residual: 0.2064671940467968


epsilon: 4.770833333333333

m: 5.5

Residual: 0.12267084398097111


epsilon: 4.770833333333333

m: 5.666666666666666

Residual: 0.08563995817535665


epsilon: 4.770833333333333

m: 5.833333333333333

Residual: 0.08974101041691304


epsilon: 4.770833333333333

m: 6.0

Residual: 0.1293544818798407


epsilon: 4.770833333333333

m: 6.166666666666666

Residual: 0.19560173445203824


epsilon: 4.770833333333333

m: 6.333333333333333

Residual: 0.25913780460643093


epsilon: 4.770833333333333

m: 6.5

Residual: 0.32149395955958754


epsilon: 4.770833333333333

m: 6.666666666666666

Residual: 0.3699428900311159


epsilon: 4.770833333333333

m: 6.833333333333333

Residual: 0.42198915387092306


epsilon: 4.770833333333333

m: 7.0

Residual: 0.4682893597416079


epsilon: 5.016666666666667

m: 3.0

Residual: 0.9761417378975434


epsilon: 5.016666666666667

m: 3.1666666666666665

Residual: 0.9658036357976083


epsilon: 5.016666666666667

m: 3.3333333333333335

Residual: 0.9516189480450503


epsilon: 5.016666666666667

m: 3.5

Residual: 0.932514414438401


epsilon: 5.016666666666667

m: 3.6666666666666665

Residual: 0.9073203465397555


epsilon: 5.016666666666667

m: 3.833333333333333

Residual: 0.8748636339264028


epsilon: 5.016666666666667

m: 4.0

Residual: 0.8341621516291785


epsilon: 5.016666666666667

m: 4.166666666666666

Residual: 0.784361405805137


epsilon: 5.016666666666667

m: 4.333333333333333

Residual: 0.7251939884727813


epsilon: 5.016666666666667

m: 4.5

Residual: 0.6572188093001965


epsilon: 5.016666666666667

m: 4.666666666666666

Residual: 0.5811743558646331


epsilon: 5.016666666666667

m: 4.833333333333333

Residual: 0.49829485331992557


epsilon: 5.016666666666667

m: 5.0

Residual: 0.41081326972416105


epsilon: 5.016666666666667

m: 5.166666666666666

Residual: 0.3212880764756493


epsilon: 5.016666666666667

m: 5.333333333333333

Residual: 0.23021332554181373


epsilon: 5.016666666666667

m: 5.5

Residual: 0.14462906671762538


epsilon: 5.016666666666667

m: 5.666666666666666

Residual: 0.09961366917284188


epsilon: 5.016666666666667

m: 5.833333333333333

Residual: 0.09343406494713503


epsilon: 5.016666666666667

m: 6.0

Residual: 0.11784107382422414


epsilon: 5.016666666666667

m: 6.166666666666666

Residual: 0.1721126232150017


epsilon: 5.016666666666667

m: 6.333333333333333

Residual: 0.2372614690783875


epsilon: 5.016666666666667

m: 6.5

Residual: 0.29473855486826767


epsilon: 5.016666666666667

m: 6.666666666666666

Residual: 0.3517012446188964


epsilon: 5.016666666666667

m: 6.833333333333333

Residual: 0.3996182573444329


epsilon: 5.016666666666667

m: 7.0

Residual: 0.4467626437485566


epsilon: 5.2625

m: 3.0

Residual: 0.9772423741427815


epsilon: 5.2625

m: 3.1666666666666665

Residual: 0.9673734494178939


epsilon: 5.2625

m: 3.3333333333333335

Residual: 0.9538255151954151


epsilon: 5.2625

m: 3.5

Residual: 0.9355634780847674


epsilon: 5.2625

m: 3.6666666666666665

Residual: 0.9114556812806746


epsilon: 5.2625

m: 3.833333333333333

Residual: 0.880383497884343


epsilon: 5.2625

m: 4.0

Residual: 0.8412877846418828


epsilon: 5.2625

m: 4.166666666666666

Residual: 0.7933815742063172


epsilon: 5.2625

m: 4.333333333333333

Residual: 0.7364315834187211


epsilon: 5.2625

m: 4.5

Residual: 0.6706786041713235


epsilon: 5.2625

m: 4.666666666666666

Residual: 0.5966629369775321


epsilon: 5.2625

m: 4.833333333333333

Residual: 0.5161578648512042


epsilon: 5.2625

m: 5.0

Residual: 0.43121328020908667


epsilon: 5.2625

m: 5.166666666666666

Residual: 0.3427200163523171


epsilon: 5.2625

m: 5.333333333333333

Residual: 0.25386645722693446


epsilon: 5.2625

m: 5.5

Residual: 0.16778707872484272


epsilon: 5.2625

m: 5.666666666666666

Residual: 0.11248047862733436


epsilon: 5.2625

m: 5.833333333333333

Residual: 0.09803209060941971


epsilon: 5.2625

m: 6.0

Residual: 0.11351832837172462


epsilon: 5.2625

m: 6.166666666666666

Residual: 0.15403521252595476


epsilon: 5.2625

m: 6.333333333333333

Residual: 0.21594397592955034


epsilon: 5.2625

m: 6.5

Residual: 0.27297207340046337


epsilon: 5.2625

m: 6.666666666666666

Residual: 0.32975925753506485


epsilon: 5.2625

m: 6.833333333333333

Residual: 0.38146884440943574


epsilon: 5.2625

m: 7.0

Residual: 0.4296064262618635


epsilon: 5.508333333333333

m: 3.0

Residual: 0.9782478861924


epsilon: 5.508333333333333

m: 3.1666666666666665

Residual: 0.9688078910746567


epsilon: 5.508333333333333

m: 3.3333333333333335

Residual: 0.9558390337699426


epsilon: 5.508333333333333

m: 3.5

Residual: 0.938352397378187


epsilon: 5.508333333333333

m: 3.6666666666666665

Residual: 0.9152497355189819


epsilon: 5.508333333333333

m: 3.833333333333333

Residual: 0.8853978170200097


epsilon: 5.508333333333333

m: 4.0

Residual: 0.8478062385637882


epsilon: 5.508333333333333

m: 4.166666666666666

Residual: 0.8016819057651552


epsilon: 5.508333333333333

m: 4.333333333333333

Residual: 0.7465999698702015


epsilon: 5.508333333333333

m: 4.5

Residual: 0.6829962923363813


epsilon: 5.508333333333333

m: 4.666666666666666

Residual: 0.611195918829441


epsilon: 5.508333333333333

m: 4.833333333333333

Residual: 0.5327566134886914


epsilon: 5.508333333333333

m: 5.0

Residual: 0.44863799837453344


epsilon: 5.508333333333333

m: 5.166666666666666

Residual: 0.36243453705037054


epsilon: 5.508333333333333

m: 5.333333333333333

Residual: 0.2754456595585108


epsilon: 5.508333333333333

m: 5.5

Residual: 0.1888761758269073


epsilon: 5.508333333333333

m: 5.666666666666666

Residual: 0.12803780786296945


epsilon: 5.508333333333333

m: 5.833333333333333

Residual: 0.10805988213337117


epsilon: 5.508333333333333

m: 6.0

Residual: 0.11335086682539411


epsilon: 5.508333333333333

m: 6.166666666666666

Residual: 0.14478766866778214


epsilon: 5.508333333333333

m: 6.333333333333333

Residual: 0.19323514037341094


epsilon: 5.508333333333333

m: 6.5

Residual: 0.25138974793412516


epsilon: 5.508333333333333

m: 6.666666666666666

Residual: 0.30785828629809436


epsilon: 5.508333333333333

m: 6.833333333333333

Residual: 0.3586140294238372


epsilon: 5.508333333333333

m: 7.0

Residual: 0.4068374884671458


epsilon: 5.754166666666666

m: 3.0

Residual: 0.979167179959307


epsilon: 5.754166666666666

m: 3.1666666666666665

Residual: 0.9701211802855064


epsilon: 5.754166666666666

m: 3.3333333333333335

Residual: 0.9576841848371299


epsilon: 5.754166666666666

m: 3.5

Residual: 0.9409058820953365


epsilon: 5.754166666666666

m: 3.6666666666666665

Residual: 0.9187350193945558


epsilon: 5.754166666666666

m: 3.833333333333333

Residual: 0.8900421559014569


epsilon: 5.754166666666666

m: 4.0

Residual: 0.8538709429999495


epsilon: 5.754166666666666

m: 4.166666666666666

Residual: 0.8093747547690902


epsilon: 5.754166666666666

m: 4.333333333333333

Residual: 0.7562060830450864


epsilon: 5.754166666666666

m: 4.5

Residual: 0.6943225012841376


epsilon: 5.754166666666666

m: 4.666666666666666

Residual: 0.6245874049439338


epsilon: 5.754166666666666

m: 4.833333333333333

Residual: 0.5483666080168339


epsilon: 5.754166666666666

m: 5.0

Residual: 0.4658878665092026


epsilon: 5.754166666666666

m: 5.166666666666666

Residual: 0.38033658152811634


epsilon: 5.754166666666666

m: 5.333333333333333

Residual: 0.29430721452509107


epsilon: 5.754166666666666

m: 5.5

Residual: 0.2092945623949187


epsilon: 5.754166666666666

m: 5.666666666666666

Residual: 0.14480897030034012


epsilon: 5.754166666666666

m: 5.833333333333333

Residual: 0.11574602526348574


epsilon: 5.754166666666666

m: 6.0

Residual: 0.11586086837139749


epsilon: 5.754166666666666

m: 6.166666666666666

Residual: 0.13842340099854383


epsilon: 5.754166666666666

m: 6.333333333333333

Residual: 0.17970515888666513


epsilon: 5.754166666666666

m: 6.5

Residual: 0.23254221627970936


epsilon: 5.754166666666666

m: 6.666666666666666

Residual: 0.28959750636454457


epsilon: 5.754166666666666

m: 6.833333333333333

Residual: 0.3412831865991493


epsilon: 5.754166666666666

m: 7.0

Residual: 0.38583032826182667


epsilon: 6.0

m: 3.0

Residual: 0.9800121674303401


epsilon: 6.0

m: 3.1666666666666665

Residual: 0.971328340057227


epsilon: 6.0

m: 3.3333333333333335

Residual: 0.9593831734978605


epsilon: 6.0

m: 3.5

Residual: 0.9432578296548281


epsilon: 6.0

m: 3.6666666666666665

Residual: 0.9219142923934784


epsilon: 6.0

m: 3.833333333333333

Residual: 0.8943077658134455


epsilon: 6.0

m: 4.0

Residual: 0.8594314313696919


epsilon: 6.0

m: 4.166666666666666

Residual: 0.8165011593382705


epsilon: 6.0

m: 4.333333333333333

Residual: 0.7650065413178182


epsilon: 6.0

m: 4.5

Residual: 0.7050889099342832


epsilon: 6.0

m: 4.666666666666666

Residual: 0.6371796694298054


epsilon: 6.0

m: 4.833333333333333

Residual: 0.5625240571669655


epsilon: 6.0

m: 5.0

Residual: 0.48282988814134087


epsilon: 6.0

m: 5.166666666666666

Residual: 0.3994182252205876


epsilon: 6.0

m: 5.333333333333333

Residual: 0.31439083625761993


epsilon: 6.0

m: 5.5

Residual: 0.22819574544384216


epsilon: 6.0

m: 5.666666666666666

Residual: 0.15977139930531428


epsilon: 6.0

m: 5.833333333333333

Residual: 0.1269650949694687


epsilon: 6.0

m: 6.0

Residual: 0.12067547365065666


epsilon: 6.0

m: 6.166666666666666

Residual: 0.13616788166803986


epsilon: 6.0

m: 6.333333333333333

Residual: 0.1704144184819134


epsilon: 6.0

m: 6.5

Residual: 0.21632208431891198


epsilon: 6.0

m: 6.666666666666666

Residual: 0.2684300033755622


epsilon: 6.0

m: 6.833333333333333

Residual: 0.32463058254728816


epsilon: 6.0

m: 7.0

Residual: 0.36698804819540976


