epsilon: 0.1

m: 3.0

Residual: 0.399879392581477


epsilon: 0.1

m: 3.0

Residual: 0.39996013507767375


epsilon: 0.1

m: 3.1666666666666665

Residual: 0.4158544795857653


epsilon: 0.1

m: 3.3333333333333335

Residual: 0.45670893461370676


epsilon: 0.1

m: 3.5

Residual: 0.5169489649930182


epsilon: 0.1

m: 3.6666666666666665

Residual: 0.5890140317322405


epsilon: 0.1

m: 3.833333333333333

Residual: 0.6650812003338846


epsilon: 0.1

m: 4.0

Residual: 0.7328679371281448


epsilon: 0.1

m: 4.166666666666666

Residual: 0.7867967526980797


epsilon: 0.1

m: 4.333333333333333

Residual: 0.8292456717544867


epsilon: 0.1

m: 4.5

Residual: 0.8626058704024656


epsilon: 0.1

m: 4.666666666666666

Residual: 0.8887290921351281


epsilon: 0.1

m: 4.833333333333333

Residual: 0.9091307008704126


epsilon: 0.1

m: 5.0

Residual: 0.9252952359873401


epsilon: 0.1

m: 5.166666666666666

Residual: 0.9380390542141576


epsilon: 0.1

m: 5.333333333333333

Residual: 0.948282737119108


epsilon: 0.1

m: 5.5

Residual: 0.9565465962468733


epsilon: 0.1

m: 5.666666666666666

Residual: 0.962908708727033


epsilon: 0.1

m: 5.833333333333333

Residual: 0.968280515061353


epsilon: 0.1

m: 6.0

Residual: 0.9727558641320263


epsilon: 0.1

m: 6.166666666666666

Residual: 0.9762314692429672


epsilon: 0.1

m: 6.333333333333333

Residual: 0.9793679528227688


epsilon: 0.1

m: 6.5

Residual: 0.9817689509005779


epsilon: 0.1

m: 6.666666666666666

Residual: 0.9837836800833006


epsilon: 0.1

m: 6.833333333333333

Residual: 0.9857080440221513


epsilon: 0.1

m: 7.0

Residual: 0.9870139351620599


epsilon: 0.3458333333333333

m: 3.0

Residual: 0.5343950790206937


epsilon: 0.3458333333333333

m: 3.1666666666666665

Residual: 0.45443134745848074


epsilon: 0.3458333333333333

m: 3.3333333333333335

Residual: 0.38941453966913997


epsilon: 0.3458333333333333

m: 3.5

Residual: 0.34448349600647676


epsilon: 0.3458333333333333

m: 3.6666666666666665

Residual: 0.3255013096894099


epsilon: 0.3458333333333333

m: 3.833333333333333

Residual: 0.33501774878001367


epsilon: 0.3458333333333333

m: 4.0

Residual: 0.37271684426455415


epsilon: 0.3458333333333333

m: 4.166666666666666

Residual: 0.4343556783941387


epsilon: 0.3458333333333333

m: 4.333333333333333

Residual: 0.5129463720648092


epsilon: 0.3458333333333333

m: 4.5

Residual: 0.5934213124770802


epsilon: 0.3458333333333333

m: 4.666666666666666

Residual: 0.6613566736838239


epsilon: 0.3458333333333333

m: 4.833333333333333

Residual: 0.7174954708987724


epsilon: 0.3458333333333333

m: 5.0

Residual: 0.7638652794121833


epsilon: 0.3458333333333333

m: 5.166666666666666

Residual: 0.8014205824748959


epsilon: 0.3458333333333333

m: 5.333333333333333

Residual: 0.8312763740597475


epsilon: 0.3458333333333333

m: 5.5

Residual: 0.8568391744243116


epsilon: 0.3458333333333333

m: 5.666666666666666

Residual: 0.8780235513573396


epsilon: 0.3458333333333333

m: 5.833333333333333

Residual: 0.894603436631282


epsilon: 0.3458333333333333

m: 6.0

Residual: 0.9082404016289108


epsilon: 0.3458333333333333

m: 6.166666666666666

Residual: 0.920203934976409


epsilon: 0.3458333333333333

m: 6.333333333333333

Residual: 0.9298258844925872


epsilon: 0.3458333333333333

m: 6.5

Residual: 0.9384624659554783


epsilon: 0.3458333333333333

m: 6.666666666666666

Residual: 0.9449800843670032


epsilon: 0.3458333333333333

m: 6.833333333333333

Residual: 0.950867640861317


epsilon: 0.3458333333333333

m: 7.0

Residual: 0.955340380455295


epsilon: 0.5916666666666667

m: 3.0

Residual: 0.6773325393925607


epsilon: 0.5916666666666667

m: 3.1666666666666665

Residual: 0.5878363001511008


epsilon: 0.5916666666666667

m: 3.3333333333333335

Residual: 0.4988973422695909


epsilon: 0.5916666666666667

m: 3.5

Residual: 0.41692484824256903


epsilon: 0.5916666666666667

m: 3.6666666666666665

Residual: 0.3498563544673791


epsilon: 0.5916666666666667

m: 3.833333333333333

Residual: 0.3033170771988307


epsilon: 0.5916666666666667

m: 4.0

Residual: 0.2829409351658407


epsilon: 0.5916666666666667

m: 4.166666666666666

Residual: 0.2922225729022354


epsilon: 0.5916666666666667

m: 4.333333333333333

Residual: 0.3327414439769316


epsilon: 0.5916666666666667

m: 4.5

Residual: 0.3991475850181149


epsilon: 0.5916666666666667

m: 4.666666666666666

Residual: 0.48316190920206


epsilon: 0.5916666666666667

m: 4.833333333333333

Residual: 0.5607618559220824


epsilon: 0.5916666666666667

m: 5.0

Residual: 0.6270317394111683


epsilon: 0.5916666666666667

m: 5.166666666666666

Residual: 0.682099725999366


epsilon: 0.5916666666666667

m: 5.333333333333333

Residual: 0.7283411827484773


epsilon: 0.5916666666666667

m: 5.5

Residual: 0.7674226107958264


epsilon: 0.5916666666666667

m: 5.666666666666666

Residual: 0.7993862411409145


epsilon: 0.5916666666666667

m: 5.833333333333333

Residual: 0.8254811339759021


epsilon: 0.5916666666666667

m: 6.0

Residual: 0.8488109332571283


epsilon: 0.5916666666666667

m: 6.166666666666666

Residual: 0.8664721013038093


epsilon: 0.5916666666666667

m: 6.333333333333333

Residual: 0.8823830370358285


epsilon: 0.5916666666666667

m: 6.5

Residual: 0.8960354607755254


epsilon: 0.5916666666666667

m: 6.666666666666666

Residual: 0.9073659559509039


epsilon: 0.5916666666666667

m: 6.833333333333333

Residual: 0.9182821167207146


epsilon: 0.5916666666666667

m: 7.0

Residual: 0.9257460414745659


epsilon: 0.8375

m: 3.0

Residual: 0.7606955053463887


epsilon: 0.8375

m: 3.1666666666666665

Residual: 0.686598537983858


epsilon: 0.8375

m: 3.3333333333333335

Residual: 0.5976814358486164


epsilon: 0.8375

m: 3.5

Residual: 0.5061066807852636


epsilon: 0.8375

m: 3.6666666666666665

Residual: 0.41894425192047424


epsilon: 0.8375

m: 3.833333333333333

Residual: 0.34364148335851136


epsilon: 0.8375

m: 4.0

Residual: 0.2876868287210695


epsilon: 0.8375

m: 4.166666666666666

Residual: 0.2560321372788168


epsilon: 0.8375

m: 4.333333333333333

Residual: 0.25379135681483767


epsilon: 0.8375

m: 4.5

Residual: 0.28341504217136876


epsilon: 0.8375

m: 4.666666666666666

Residual: 0.346413857823841


epsilon: 0.8375

m: 4.833333333333333

Residual: 0.43047031183540385


epsilon: 0.8375

m: 5.0

Residual: 0.5092275086190324


epsilon: 0.8375

m: 5.166666666666666

Residual: 0.5781557518526966


epsilon: 0.8375

m: 5.333333333333333

Residual: 0.6358818662095134


epsilon: 0.8375

m: 5.5

Residual: 0.6851904856266267


epsilon: 0.8375

m: 5.666666666666666

Residual: 0.7269825435668048


epsilon: 0.8375

m: 5.833333333333333

Residual: 0.7626402108403317


epsilon: 0.8375

m: 6.0

Residual: 0.7918882388363002


epsilon: 0.8375

m: 6.166666666666666

Residual: 0.8169877512461268


epsilon: 0.8375

m: 6.333333333333333

Residual: 0.8391614958615182


epsilon: 0.8375

m: 6.5

Residual: 0.8564778858025757


epsilon: 0.8375

m: 6.666666666666666

Residual: 0.8726435510219602


epsilon: 0.8375

m: 6.833333333333333

Residual: 0.8853317437369074


epsilon: 0.8375

m: 7.0

Residual: 0.8970002140880687


epsilon: 1.0833333333333335

m: 3.0

Residual: 0.809842418715086


epsilon: 1.0833333333333335

m: 3.1666666666666665

Residual: 0.7488135589631644


epsilon: 1.0833333333333335

m: 3.3333333333333335

Residual: 0.6741279501637362


epsilon: 1.0833333333333335

m: 3.5

Residual: 0.5854106028090682


epsilon: 1.0833333333333335

m: 3.6666666666666665

Residual: 0.4908610403055467


epsilon: 1.0833333333333335

m: 3.833333333333333

Residual: 0.4027707302504682


epsilon: 1.0833333333333335

m: 4.0

Residual: 0.32532733041916256


epsilon: 1.0833333333333335

m: 4.166666666666666

Residual: 0.26675307946877536


epsilon: 1.0833333333333335

m: 4.333333333333333

Residual: 0.23206494644617598


epsilon: 1.0833333333333335

m: 4.5

Residual: 0.22694498405940344


epsilon: 1.0833333333333335

m: 4.666666666666666

Residual: 0.2565114252805018


epsilon: 1.0833333333333335

m: 4.833333333333333

Residual: 0.3222717290420401


epsilon: 1.0833333333333335

m: 5.0

Residual: 0.40893515524050855


epsilon: 1.0833333333333335

m: 5.166666666666666

Residual: 0.48592509824275476


epsilon: 1.0833333333333335

m: 5.333333333333333

Residual: 0.5528072509268757


epsilon: 1.0833333333333335

m: 5.5

Residual: 0.6117105402183723


epsilon: 1.0833333333333335

m: 5.666666666666666

Residual: 0.6605058319172569


epsilon: 1.0833333333333335

m: 5.833333333333333

Residual: 0.7019509796036314


epsilon: 1.0833333333333335

m: 6.0

Residual: 0.7380739880138306


epsilon: 1.0833333333333335

m: 6.166666666666666

Residual: 0.7694303165037553


epsilon: 1.0833333333333335

m: 6.333333333333333

Residual: 0.7968297874594197


epsilon: 1.0833333333333335

m: 6.5

Residual: 0.8176281055650666


epsilon: 1.0833333333333335

m: 6.666666666666666

Residual: 0.8357105651257405


epsilon: 1.0833333333333335

m: 6.833333333333333

Residual: 0.8541777347568378


epsilon: 1.0833333333333335

m: 7.0

Residual: 0.8678930864789852


epsilon: 1.3291666666666668

m: 3.0

Residual: 0.8422351498571253


epsilon: 1.3291666666666668

m: 3.1666666666666665

Residual: 0.7904406422431737


epsilon: 1.3291666666666668

m: 3.3333333333333335

Residual: 0.7261292086917044


epsilon: 1.3291666666666668

m: 3.5

Residual: 0.6486398428066025


epsilon: 1.3291666666666668

m: 3.6666666666666665

Residual: 0.558009363400793


epsilon: 1.3291666666666668

m: 3.833333333333333

Residual: 0.4628030433448436


epsilon: 1.3291666666666668

m: 4.0

Residual: 0.3748046426608774


epsilon: 1.3291666666666668

m: 4.166666666666666

Residual: 0.29823623293478396


epsilon: 1.3291666666666668

m: 4.333333333333333

Residual: 0.24052653779440045


epsilon: 1.3291666666666668

m: 4.5

Residual: 0.20862308754585615


epsilon: 1.3291666666666668

m: 4.666666666666666

Residual: 0.20733524088952562


epsilon: 1.3291666666666668

m: 4.833333333333333

Residual: 0.2434320339503084


epsilon: 1.3291666666666668

m: 5.0

Residual: 0.32004056638523243


epsilon: 1.3291666666666668

m: 5.166666666666666

Residual: 0.4044362264900938


epsilon: 1.3291666666666668

m: 5.333333333333333

Residual: 0.47909202002184115


epsilon: 1.3291666666666668

m: 5.5

Residual: 0.5430140285387227


epsilon: 1.3291666666666668

m: 5.666666666666666

Residual: 0.5977151704867961


epsilon: 1.3291666666666668

m: 5.833333333333333

Residual: 0.6468157894149081


epsilon: 1.3291666666666668

m: 6.0

Residual: 0.6895386596702123


epsilon: 1.3291666666666668

m: 6.166666666666666

Residual: 0.7245579209920335


epsilon: 1.3291666666666668

m: 6.333333333333333

Residual: 0.7547159109513827


epsilon: 1.3291666666666668

m: 6.5

Residual: 0.7821837672872554


epsilon: 1.3291666666666668

m: 6.666666666666666

Residual: 0.8035463424404746


epsilon: 1.3291666666666668

m: 6.833333333333333

Residual: 0.8237312612358829


epsilon: 1.3291666666666668

m: 7.0

Residual: 0.8419844177740141


epsilon: 1.5750000000000002

m: 3.0

Residual: 0.8651996398662374


epsilon: 1.5750000000000002

m: 3.1666666666666665

Residual: 0.8201818726240686


epsilon: 1.5750000000000002

m: 3.3333333333333335

Residual: 0.7638261396730429


epsilon: 1.5750000000000002

m: 3.5

Residual: 0.6950938278652558


epsilon: 1.5750000000000002

m: 3.6666666666666665

Residual: 0.6136554952009475


epsilon: 1.5750000000000002

m: 3.833333333333333

Residual: 0.5202837807135565


epsilon: 1.5750000000000002

m: 4.0

Residual: 0.4250012287833711


epsilon: 1.5750000000000002

m: 4.166666666666666

Residual: 0.33823103458562187


epsilon: 1.5750000000000002

m: 4.333333333333333

Residual: 0.2651236467142039


epsilon: 1.5750000000000002

m: 4.5

Residual: 0.21231838957549812


epsilon: 1.5750000000000002

m: 4.666666666666666

Residual: 0.18623470606262899


epsilon: 1.5750000000000002

m: 4.833333333333333

Residual: 0.1940293172622862


epsilon: 1.5750000000000002

m: 5.0

Residual: 0.24507313840015843


epsilon: 1.5750000000000002

m: 5.166666666666666

Residual: 0.33150694962789323


epsilon: 1.5750000000000002

m: 5.333333333333333

Residual: 0.4099220050014867


epsilon: 1.5750000000000002

m: 5.5

Residual: 0.48024961941096395


epsilon: 1.5750000000000002

m: 5.666666666666666

Residual: 0.5413449801361365


epsilon: 1.5750000000000002

m: 5.833333333333333

Residual: 0.5954817470659481


epsilon: 1.5750000000000002

m: 6.0

Residual: 0.6412888318163341


epsilon: 1.5750000000000002

m: 6.166666666666666

Residual: 0.6795714861718037


epsilon: 1.5750000000000002

m: 6.333333333333333

Residual: 0.7149112387575184


epsilon: 1.5750000000000002

m: 6.5

Residual: 0.7442849313419199


epsilon: 1.5750000000000002

m: 6.666666666666666

Residual: 0.7703498363008351


epsilon: 1.5750000000000002

m: 6.833333333333333

Residual: 0.7946546605704852


epsilon: 1.5750000000000002

m: 7.0

Residual: 0.8150414331726519


epsilon: 1.8208333333333335

m: 3.0

Residual: 0.8823247400244475


epsilon: 1.8208333333333335

m: 3.1666666666666665

Residual: 0.8425704308604538


epsilon: 1.8208333333333335

m: 3.3333333333333335

Residual: 0.7924032084766953


epsilon: 1.8208333333333335

m: 3.5

Residual: 0.7307414249202122


epsilon: 1.8208333333333335

m: 3.6666666666666665

Residual: 0.6568459892390034


epsilon: 1.8208333333333335

m: 3.833333333333333

Residual: 0.5710176626311794


epsilon: 1.8208333333333335

m: 4.0

Residual: 0.47458375679800957


epsilon: 1.8208333333333335

m: 4.166666666666666

Residual: 0.38214939169326756


epsilon: 1.8208333333333335

m: 4.333333333333333

Residual: 0.29733818519361666


epsilon: 1.8208333333333335

m: 4.5

Residual: 0.22930318489857793


epsilon: 1.8208333333333335

m: 4.666666666666666

Residual: 0.18457890457494797


epsilon: 1.8208333333333335

m: 4.833333333333333

Residual: 0.16739645436451642


epsilon: 1.8208333333333335

m: 5.0

Residual: 0.19008969178785862


epsilon: 1.8208333333333335

m: 5.166666666666666

Residual: 0.2649612430469505


epsilon: 1.8208333333333335

m: 5.333333333333333

Residual: 0.3488995444731469


epsilon: 1.8208333333333335

m: 5.5

Residual: 0.42256265395303144


epsilon: 1.8208333333333335

m: 5.666666666666666

Residual: 0.4890156740415509


epsilon: 1.8208333333333335

m: 5.833333333333333

Residual: 0.5466403212451881


epsilon: 1.8208333333333335

m: 6.0

Residual: 0.5963136092904683


epsilon: 1.8208333333333335

m: 6.166666666666666

Residual: 0.6398915815670867


epsilon: 1.8208333333333335

m: 6.333333333333333

Residual: 0.6788079085325914


epsilon: 1.8208333333333335

m: 6.5

Residual: 0.713768567369352


epsilon: 1.8208333333333335

m: 6.666666666666666

Residual: 0.7374602854364175


epsilon: 1.8208333333333335

m: 6.833333333333333

Residual: 0.7673487216773249


epsilon: 1.8208333333333335

m: 7.0

Residual: 0.7888561013652482


epsilon: 2.066666666666667

m: 3.0

Residual: 0.8955909884053433


epsilon: 2.066666666666667

m: 3.1666666666666665

Residual: 0.8599707965848725


epsilon: 2.066666666666667

m: 3.3333333333333335

Residual: 0.8148138600711087


epsilon: 2.066666666666667

m: 3.5

Residual: 0.7588765598731517


epsilon: 2.066666666666667

m: 3.6666666666666665

Residual: 0.691325183428074


epsilon: 2.066666666666667

m: 3.833333333333333

Residual: 0.6122397833582288


epsilon: 2.066666666666667

m: 4.0

Residual: 0.5220795633444606


epsilon: 2.066666666666667

m: 4.166666666666666

Residual: 0.4253244029008329


epsilon: 2.066666666666667

m: 4.333333333333333

Residual: 0.3347178537584793


epsilon: 2.066666666666667

m: 4.5

Residual: 0.2554012910203928


epsilon: 2.066666666666667

m: 4.666666666666666

Residual: 0.19449762565504786


epsilon: 2.066666666666667

m: 4.833333333333333

Residual: 0.15926344284060173


epsilon: 2.066666666666667

m: 5.0

Residual: 0.1545889146604601


epsilon: 2.066666666666667

m: 5.166666666666666

Residual: 0.205030254869639


epsilon: 2.066666666666667

m: 5.333333333333333

Residual: 0.291918071368468


epsilon: 2.066666666666667

m: 5.5

Residual: 0.3685959387672171


epsilon: 2.066666666666667

m: 5.666666666666666

Residual: 0.43964546725068226


epsilon: 2.066666666666667

m: 5.833333333333333

Residual: 0.5013304718786933


epsilon: 2.066666666666667

m: 6.0

Residual: 0.5528797822072719


epsilon: 2.066666666666667

m: 6.166666666666666

Residual: 0.5988536033032615


epsilon: 2.066666666666667

m: 6.333333333333333

Residual: 0.6435484515121783


epsilon: 2.066666666666667

m: 6.5

Residual: 0.6819771176743585


epsilon: 2.066666666666667

m: 6.666666666666666

Residual: 0.7114519720727859


epsilon: 2.066666666666667

m: 6.833333333333333

Residual: 0.7358444224762511


epsilon: 2.066666666666667

m: 7.0

Residual: 0.7638832530076785


epsilon: 2.3125000000000004

m: 3.0

Residual: 0.9061620672672535


epsilon: 2.3125000000000004

m: 3.1666666666666665

Residual: 0.87392138405522


epsilon: 2.3125000000000004

m: 3.3333333333333335

Residual: 0.8328597004455572


epsilon: 2.3125000000000004

m: 3.5

Residual: 0.7817203239604327


epsilon: 2.3125000000000004

m: 3.6666666666666665

Residual: 0.7195943046008201


epsilon: 2.3125000000000004

m: 3.833333333333333

Residual: 0.6462044863174734


epsilon: 2.3125000000000004

m: 4.0

Residual: 0.5618778031351415


epsilon: 2.3125000000000004

m: 4.166666666666666

Residual: 0.4680661173326258


epsilon: 2.3125000000000004

m: 4.333333333333333

Residual: 0.37210269568532695


epsilon: 2.3125000000000004

m: 4.5

Residual: 0.2844305312807012


epsilon: 2.3125000000000004

m: 4.666666666666666

Residual: 0.21277858213898534


epsilon: 2.3125000000000004

m: 4.833333333333333

Residual: 0.16099159119469522


epsilon: 2.3125000000000004

m: 5.0

Residual: 0.13822404577985573


epsilon: 2.3125000000000004

m: 5.166666666666666

Residual: 0.15858647749197566


epsilon: 2.3125000000000004

m: 5.333333333333333

Residual: 0.2393916368382942


epsilon: 2.3125000000000004

m: 5.5

Residual: 0.31987227104727634


epsilon: 2.3125000000000004

m: 5.666666666666666

Residual: 0.39094927887615716


epsilon: 2.3125000000000004

m: 5.833333333333333

Residual: 0.45614896256562065


epsilon: 2.3125000000000004

m: 6.0

Residual: 0.5128824098216794


epsilon: 2.3125000000000004

m: 6.166666666666666

Residual: 0.565648288194046


epsilon: 2.3125000000000004

m: 6.333333333333333

Residual: 0.6105250520371837


epsilon: 2.3125000000000004

m: 6.5

Residual: 0.6488644958775895


epsilon: 2.3125000000000004

m: 6.666666666666666

Residual: 0.6822593825425843


epsilon: 2.3125000000000004

m: 6.833333333333333

Residual: 0.710664132314288


epsilon: 2.3125000000000004

m: 7.0

Residual: 0.7382887730620015


epsilon: 2.5583333333333336

m: 3.0

Residual: 0.9147963189303786


epsilon: 2.5583333333333336

m: 3.1666666666666665

Residual: 0.8853527350019255


epsilon: 2.5583333333333336

m: 3.3333333333333335

Residual: 0.8477002693688707


epsilon: 2.5583333333333336

m: 3.5

Residual: 0.8005730467332303


epsilon: 2.5583333333333336

m: 3.6666666666666665

Residual: 0.743090247689183


epsilon: 2.5583333333333336

m: 3.833333333333333

Residual: 0.6746056230004503


epsilon: 2.5583333333333336

m: 4.0

Residual: 0.595319510319449


epsilon: 2.5583333333333336

m: 4.166666666666666

Residual: 0.5063549517860148


epsilon: 2.5583333333333336

m: 4.333333333333333

Residual: 0.4098130546948357


epsilon: 2.5583333333333336

m: 4.5

Residual: 0.31724861298046636


epsilon: 2.5583333333333336

m: 4.666666666666666

Residual: 0.236984601450395


epsilon: 2.5583333333333336

m: 4.833333333333333

Residual: 0.17375274946890779


epsilon: 2.5583333333333336

m: 5.0

Residual: 0.13385666385109166


epsilon: 2.5583333333333336

m: 5.166666666666666

Residual: 0.12917219096194338


epsilon: 2.5583333333333336

m: 5.333333333333333

Residual: 0.19118572015137683


epsilon: 2.5583333333333336

m: 5.5

Residual: 0.2723305005710698


epsilon: 2.5583333333333336

m: 5.666666666666666

Residual: 0.3474896307018444


epsilon: 2.5583333333333336

m: 5.833333333333333

Residual: 0.41586975377846336


epsilon: 2.5583333333333336

m: 6.0

Residual: 0.47801603980217533


epsilon: 2.5583333333333336

m: 6.166666666666666

Residual: 0.5278644167875511


epsilon: 2.5583333333333336

m: 6.333333333333333

Residual: 0.5769897654343044


epsilon: 2.5583333333333336

m: 6.5

Residual: 0.6159636000088391


epsilon: 2.5583333333333336

m: 6.666666666666666

Residual: 0.653135335186658


epsilon: 2.5583333333333336

m: 6.833333333333333

Residual: 0.6873776117981751


epsilon: 2.5583333333333336

m: 7.0

Residual: 0.7164429647694409


epsilon: 2.8041666666666667

m: 3.0

Residual: 0.9219855802840901


epsilon: 2.8041666666666667

m: 3.1666666666666665

Residual: 0.8948627258220103


epsilon: 2.8041666666666667

m: 3.3333333333333335

Residual: 0.860119706452349


epsilon: 2.8041666666666667

m: 3.5

Residual: 0.816478421772439


epsilon: 2.8041666666666667

m: 3.6666666666666665

Residual: 0.7629403807867269


epsilon: 2.8041666666666667

m: 3.833333333333333

Residual: 0.6987831779576718


epsilon: 2.8041666666666667

m: 4.0

Residual: 0.6241361608992515


epsilon: 2.8041666666666667

m: 4.166666666666666

Residual: 0.5398006232634348


epsilon: 2.8041666666666667

m: 4.333333333333333

Residual: 0.4469074094874799


epsilon: 2.8041666666666667

m: 4.5

Residual: 0.35098004333823263


epsilon: 2.8041666666666667

m: 4.666666666666666

Residual: 0.2636205032907612


epsilon: 2.8041666666666667

m: 4.833333333333333

Residual: 0.1905495529152369


epsilon: 2.8041666666666667

m: 5.0

Residual: 0.13724407503662026


epsilon: 2.8041666666666667

m: 5.166666666666666

Residual: 0.11418060187197572


epsilon: 2.8041666666666667

m: 5.333333333333333

Residual: 0.14616128472102502


epsilon: 2.8041666666666667

m: 5.5

Residual: 0.23157193943127288


epsilon: 2.8041666666666667

m: 5.666666666666666

Residual: 0.30941136036329936


epsilon: 2.8041666666666667

m: 5.833333333333333

Residual: 0.37536260966886476


epsilon: 2.8041666666666667

m: 6.0

Residual: 0.4390079552680908


epsilon: 2.8041666666666667

m: 6.166666666666666

Residual: 0.4966241490473741


epsilon: 2.8041666666666667

m: 6.333333333333333

Residual: 0.5481566642706749


epsilon: 2.8041666666666667

m: 6.5

Residual: 0.5895473964003305


epsilon: 2.8041666666666667

m: 6.666666666666666

Residual: 0.6265972079942581


epsilon: 2.8041666666666667

m: 6.833333333333333

Residual: 0.6608861603510864


epsilon: 2.8041666666666667

m: 7.0

Residual: 0.6883226162301409


epsilon: 3.0500000000000003

m: 3.0

Residual: 0.9280465461886994


epsilon: 3.0500000000000003

m: 3.1666666666666665

Residual: 0.9029238668008819


epsilon: 3.0500000000000003

m: 3.3333333333333335

Residual: 0.870658913309796


epsilon: 3.0500000000000003

m: 3.5

Residual: 0.8299834018101921


epsilon: 3.0500000000000003

m: 3.6666666666666665

Residual: 0.7799358189366584


epsilon: 3.0500000000000003

m: 3.833333333333333

Residual: 0.719754871977925


epsilon: 3.0500000000000003

m: 4.0

Residual: 0.649261354516625


epsilon: 3.0500000000000003

m: 4.166666666666666

Residual: 0.5688620090735865


epsilon: 3.0500000000000003

m: 4.333333333333333

Residual: 0.4802131123647642


epsilon: 3.0500000000000003

m: 4.5

Residual: 0.38465653045009357


epsilon: 3.0500000000000003

m: 4.666666666666666

Residual: 0.29225886916760146


epsilon: 3.0500000000000003

m: 4.833333333333333

Residual: 0.2107928886731128


epsilon: 3.0500000000000003

m: 5.0

Residual: 0.14836651726654138


epsilon: 3.0500000000000003

m: 5.166666666666666

Residual: 0.10782725034100994


epsilon: 3.0500000000000003

m: 5.333333333333333

Residual: 0.11151289047166721


epsilon: 3.0500000000000003

m: 5.5

Residual: 0.19031028403244163


epsilon: 3.0500000000000003

m: 5.666666666666666

Residual: 0.27060390776778137


epsilon: 3.0500000000000003

m: 5.833333333333333

Residual: 0.3410695224334828


epsilon: 3.0500000000000003

m: 6.0

Residual: 0.40449376896791805


epsilon: 3.0500000000000003

m: 6.166666666666666

Residual: 0.4627441160673708


epsilon: 3.0500000000000003

m: 6.333333333333333

Residual: 0.5105744561381205


epsilon: 3.0500000000000003

m: 6.5

Residual: 0.5553376108564376


epsilon: 3.0500000000000003

m: 6.666666666666666

Residual: 0.6048969367004837


epsilon: 3.0500000000000003

m: 6.833333333333333

Residual: 0.6357827845869912


epsilon: 3.0500000000000003

m: 7.0

Residual: 0.669498432204125


epsilon: 3.295833333333334

m: 3.0

Residual: 0.9332246736786477


epsilon: 3.295833333333334

m: 3.1666666666666665

Residual: 0.9098401901417128


epsilon: 3.295833333333334

m: 3.3333333333333335

Residual: 0.8797414455919489


epsilon: 3.295833333333334

m: 3.5

Residual: 0.8416780560465138


epsilon: 3.295833333333334

m: 3.6666666666666665

Residual: 0.7946529720753097


epsilon: 3.295833333333334

m: 3.833333333333333

Residual: 0.737871244674431


epsilon: 3.295833333333334

m: 4.0

Residual: 0.6710430478700259


epsilon: 3.295833333333334

m: 4.166666666666666

Residual: 0.5946301987835365


epsilon: 3.295833333333334

m: 4.333333333333333

Residual: 0.509380676947805


epsilon: 3.295833333333334

m: 4.5

Residual: 0.4171875487330277


epsilon: 3.295833333333334

m: 4.666666666666666

Residual: 0.3218800059119087


epsilon: 3.295833333333334

m: 4.833333333333333

Residual: 0.23534031973107183


epsilon: 3.295833333333334

m: 5.0

Residual: 0.1638428695090121


epsilon: 3.295833333333334

m: 5.166666666666666

Residual: 0.11098597252799494


epsilon: 3.295833333333334

m: 5.333333333333333

Residual: 0.09274139096885431


epsilon: 3.295833333333334

m: 5.5

Residual: 0.1543334737799298


epsilon: 3.295833333333334

m: 5.666666666666666

Residual: 0.2330526114821484


epsilon: 3.295833333333334

m: 5.833333333333333

Residual: 0.30433561678050514


epsilon: 3.295833333333334

m: 6.0

Residual: 0.3733068537668827


epsilon: 3.295833333333334

m: 6.166666666666666

Residual: 0.43287428199531036


epsilon: 3.295833333333334

m: 6.333333333333333

Residual: 0.4855908750736904


epsilon: 3.295833333333334

m: 6.5

Residual: 0.5314393235547368


epsilon: 3.295833333333334

m: 6.666666666666666

Residual: 0.5755212615779699


epsilon: 3.295833333333334

m: 6.833333333333333

Residual: 0.615289674462014


epsilon: 3.295833333333334

m: 7.0

Residual: 0.6453547443479951


epsilon: 3.541666666666667

m: 3.0

Residual: 0.9377214376999178


epsilon: 3.541666666666667

m: 3.1666666666666665

Residual: 0.9158251263851787


epsilon: 3.541666666666667

m: 3.3333333333333335

Residual: 0.8875943018652034


epsilon: 3.541666666666667

m: 3.5

Residual: 0.8518628685746216


epsilon: 3.541666666666667

m: 3.6666666666666665

Residual: 0.8075335017835416


epsilon: 3.541666666666667

m: 3.833333333333333

Residual: 0.7537942647869206


epsilon: 3.541666666666667

m: 4.0

Residual: 0.690362148221838


epsilon: 3.541666666666667

m: 4.166666666666666

Residual: 0.617428965346514


epsilon: 3.541666666666667

m: 4.333333333333333

Residual: 0.5354563573438325


epsilon: 3.541666666666667

m: 4.5

Residual: 0.44664767713529746


epsilon: 3.541666666666667

m: 4.666666666666666

Residual: 0.35235321539422465


epsilon: 3.541666666666667

m: 4.833333333333333

Residual: 0.2604872085782938


epsilon: 3.541666666666667

m: 5.0

Residual: 0.18237057967782072


epsilon: 3.541666666666667

m: 5.166666666666666

Residual: 0.12127991315717115


epsilon: 3.541666666666667

m: 5.333333333333333

Residual: 0.08573466091275851


epsilon: 3.541666666666667

m: 5.5

Residual: 0.11781432824455569


epsilon: 3.541666666666667

m: 5.666666666666666

Residual: 0.20018079019146148


epsilon: 3.541666666666667

m: 5.833333333333333

Residual: 0.27306888034595517


epsilon: 3.541666666666667

m: 6.0

Residual: 0.34092688738252674


epsilon: 3.541666666666667

m: 6.166666666666666

Residual: 0.4017856324129609


epsilon: 3.541666666666667

m: 6.333333333333333

Residual: 0.4576226641914024


epsilon: 3.541666666666667

m: 6.5

Residual: 0.5067744932713651


epsilon: 3.541666666666667

m: 6.666666666666666

Residual: 0.553007676211463


epsilon: 3.541666666666667

m: 6.833333333333333

Residual: 0.59208059072967


epsilon: 3.541666666666667

m: 7.0

Residual: 0.6258969581468272


epsilon: 3.7875

m: 3.0

Residual: 0.9416513202301556


epsilon: 3.7875

m: 3.1666666666666665

Residual: 0.9210875252851929


epsilon: 3.7875

m: 3.3333333333333335

Residual: 0.8945012210452689


epsilon: 3.7875

m: 3.5

Residual: 0.8607814903482193


epsilon: 3.7875

m: 3.6666666666666665

Residual: 0.818920761853609


epsilon: 3.7875

m: 3.833333333333333

Residual: 0.7679533665893745


epsilon: 3.7875

m: 4.0

Residual: 0.7075384789320571


epsilon: 3.7875

m: 4.166666666666666

Residual: 0.6376275137200428


epsilon: 3.7875

m: 4.333333333333333

Residual: 0.5590602992628134


epsilon: 3.7875

m: 4.5

Residual: 0.4728083525920436


epsilon: 3.7875

m: 4.666666666666666

Residual: 0.3811367255709665


epsilon: 3.7875

m: 4.833333333333333

Residual: 0.2865685276736709


epsilon: 3.7875

m: 5.0

Residual: 0.20292325563663008


epsilon: 3.7875

m: 5.166666666666666

Residual: 0.13337549740145718


epsilon: 3.7875

m: 5.333333333333333

Residual: 0.08700926765094022


epsilon: 3.7875

m: 5.5

Residual: 0.08555033928263488


epsilon: 3.7875

m: 5.666666666666666

Residual: 0.1662413978647895


epsilon: 3.7875

m: 5.833333333333333

Residual: 0.24164438846738603


epsilon: 3.7875

m: 6.0

Residual: 0.3109550184318279


epsilon: 3.7875

m: 6.166666666666666

Residual: 0.3746924648936124


epsilon: 3.7875

m: 6.333333333333333

Residual: 0.43205281298450804


epsilon: 3.7875

m: 6.5

Residual: 0.48067386573474025


epsilon: 3.7875

m: 6.666666666666666

Residual: 0.5268861885149577


epsilon: 3.7875

m: 6.833333333333333

Residual: 0.5682964349771514


epsilon: 3.7875

m: 7.0

Residual: 0.6080166114102906


epsilon: 4.033333333333333

m: 3.0

Residual: 0.9451041250447411


epsilon: 4.033333333333333

m: 3.1666666666666665

Residual: 0.9257064759579648


epsilon: 4.033333333333333

m: 3.3333333333333335

Residual: 0.9006171127125122


epsilon: 4.033333333333333

m: 3.5

Residual: 0.8687133431234956


epsilon: 4.033333333333333

m: 3.6666666666666665

Residual: 0.8290263310206739


epsilon: 4.033333333333333

m: 3.833333333333333

Residual: 0.780573226167498


epsilon: 4.033333333333333

m: 4.0

Residual: 0.7229107236961773


epsilon: 4.033333333333333

m: 4.166666666666666

Residual: 0.655920725379258


epsilon: 4.033333333333333

m: 4.333333333333333

Residual: 0.5802525981941843


epsilon: 4.033333333333333

m: 4.5

Residual: 0.4970208158511408


epsilon: 4.033333333333333

m: 4.666666666666666

Residual: 0.4082734350217625


epsilon: 4.033333333333333

m: 4.833333333333333

Residual: 0.31390288898634783


epsilon: 4.033333333333333

m: 5.0

Residual: 0.22590480812728111


epsilon: 4.033333333333333

m: 5.166666666666666

Residual: 0.1498699449338717


epsilon: 4.033333333333333

m: 5.333333333333333

Residual: 0.09104919982931794


epsilon: 4.033333333333333

m: 5.5

Residual: 0.06343858328254486


epsilon: 4.033333333333333

m: 5.666666666666666

Residual: 0.1356497513180276


epsilon: 4.033333333333333

m: 5.833333333333333

Residual: 0.21092154509768404


epsilon: 4.033333333333333

m: 6.0

Residual: 0.280211895837558


epsilon: 4.033333333333333

m: 6.166666666666666

Residual: 0.3457249335149101


epsilon: 4.033333333333333

m: 6.333333333333333

Residual: 0.4023300359598162


epsilon: 4.033333333333333

m: 6.5

Residual: 0.4532393092840893


epsilon: 4.033333333333333

m: 6.666666666666666

Residual: 0.5027833053958077


epsilon: 4.033333333333333

m: 6.833333333333333

Residual: 0.5464991064654353


epsilon: 4.033333333333333

m: 7.0

Residual: 0.584408002086722


epsilon: 4.279166666666667

m: 3.0

Residual: 0.9481783012149009


epsilon: 4.279166666666667

m: 3.1666666666666665

Residual: 0.9298259069727769


epsilon: 4.279166666666667

m: 3.3333333333333335

Residual: 0.9060617162152801


epsilon: 4.279166666666667

m: 3.5

Residual: 0.8758059388304479


epsilon: 4.279166666666667

m: 3.6666666666666665

Residual: 0.8380515766558169


epsilon: 4.279166666666667

m: 3.833333333333333

Residual: 0.7919196304046964


epsilon: 4.279166666666667

m: 4.0

Residual: 0.7368757847830376


epsilon: 4.279166666666667

m: 4.166666666666666

Residual: 0.6724313861258489


epsilon: 4.279166666666667

m: 4.333333333333333

Residual: 0.5996907289268177


epsilon: 4.279166666666667

m: 4.5

Residual: 0.5191456172830009


epsilon: 4.279166666666667

m: 4.666666666666666

Residual: 0.4321704866432456


epsilon: 4.279166666666667

m: 4.833333333333333

Residual: 0.3411055910727568


epsilon: 4.279166666666667

m: 5.0

Residual: 0.24918672127712346


epsilon: 4.279166666666667

m: 5.166666666666666

Residual: 0.167148859691309


epsilon: 4.279166666666667

m: 5.333333333333333

Residual: 0.10304462531403268


epsilon: 4.279166666666667

m: 5.5

Residual: 0.06159235255748811


epsilon: 4.279166666666667

m: 5.666666666666666

Residual: 0.1045367617596321


epsilon: 4.279166666666667

m: 5.833333333333333

Residual: 0.1826054686241183


epsilon: 4.279166666666667

m: 6.0

Residual: 0.25481027365708175


epsilon: 4.279166666666667

m: 6.166666666666666

Residual: 0.3214320145502119


epsilon: 4.279166666666667

m: 6.333333333333333

Residual: 0.38259344486773567


epsilon: 4.279166666666667

m: 6.5

Residual: 0.431882017127128


epsilon: 4.279166666666667

m: 6.666666666666666

Residual: 0.48248688716415644


epsilon: 4.279166666666667

m: 6.833333333333333

Residual: 0.5257439533549719


epsilon: 4.279166666666667

m: 7.0

Residual: 0.5671047469314454


epsilon: 4.525

m: 3.0

Residual: 0.9509282996721625


epsilon: 4.525

m: 3.1666666666666665

Residual: 0.9335165191116911


epsilon: 4.525

m: 3.3333333333333335

Residual: 0.910938565699759


epsilon: 4.525

m: 3.5

Residual: 0.8821370201943726


epsilon: 4.525

m: 3.6666666666666665

Residual: 0.8461191332136784


epsilon: 4.525

m: 3.833333333333333

Residual: 0.8020002781542686


epsilon: 4.525

m: 4.0

Residual: 0.749201507988307


epsilon: 4.525

m: 4.166666666666666

Residual: 0.68742942865641


epsilon: 4.525

m: 4.333333333333333

Residual: 0.6172413242655344


epsilon: 4.525

m: 4.5

Residual: 0.539012100929927


epsilon: 4.525

m: 4.666666666666666

Residual: 0.4545352177039664


epsilon: 4.525

m: 4.833333333333333

Residual: 0.36588419001308314


epsilon: 4.525

m: 5.0

Residual: 0.27424541010852266


epsilon: 4.525

m: 5.166666666666666

Residual: 0.1909447823689016


epsilon: 4.525

m: 5.333333333333333

Residual: 0.11737569577213844


epsilon: 4.525

m: 5.5

Residual: 0.06500999684341974


epsilon: 4.525

m: 5.666666666666666

Residual: 0.07887836962063731


epsilon: 4.525

m: 5.833333333333333

Residual: 0.1567321773741352


epsilon: 4.525

m: 6.0

Residual: 0.2290029291304503


epsilon: 4.525

m: 6.166666666666666

Residual: 0.29726279720832377


epsilon: 4.525

m: 6.333333333333333

Residual: 0.35508701331648657


epsilon: 4.525

m: 6.5

Residual: 0.40922938479942167


epsilon: 4.525

m: 6.666666666666666

Residual: 0.46165752506324625


epsilon: 4.525

m: 6.833333333333333

Residual: 0.505930262481869


epsilon: 4.525

m: 7.0

Residual: 0.5453312113162113


epsilon: 4.770833333333333

m: 3.0

Residual: 0.9533932713104679


epsilon: 4.770833333333333

m: 3.1666666666666665

Residual: 0.9368422493225655


epsilon: 4.770833333333333

m: 3.3333333333333335

Residual: 0.9153386065190459


epsilon: 4.770833333333333

m: 3.5

Residual: 0.8878885357979347


epsilon: 4.770833333333333

m: 3.6666666666666665

Residual: 0.8535023961954987


epsilon: 4.770833333333333

m: 3.833333333333333

Residual: 0.8113070652407914


epsilon: 4.770833333333333

m: 4.0

Residual: 0.7606764442800283


epsilon: 4.770833333333333

m: 4.166666666666666

Residual: 0.7011880078959796


epsilon: 4.770833333333333

m: 4.333333333333333

Residual: 0.6332753471172806


epsilon: 4.770833333333333

m: 4.5

Residual: 0.5574318657355107


epsilon: 4.770833333333333

m: 4.666666666666666

Residual: 0.47529369563736856


epsilon: 4.770833333333333

m: 4.833333333333333

Residual: 0.38850156705464545


epsilon: 4.770833333333333

m: 5.0

Residual: 0.29803313287060834


epsilon: 4.770833333333333

m: 5.166666666666666

Residual: 0.20949392327491254


epsilon: 4.770833333333333

m: 5.333333333333333

Residual: 0.13282892788625317


epsilon: 4.770833333333333

m: 5.5

Residual: 0.0731104529941402


epsilon: 4.770833333333333

m: 5.666666666666666

Residual: 0.051997587674530756


epsilon: 4.770833333333333

m: 5.833333333333333

Residual: 0.12694174707441142


epsilon: 4.770833333333333

m: 6.0

Residual: 0.2041403826893109


epsilon: 4.770833333333333

m: 6.166666666666666

Residual: 0.2702640904741208


epsilon: 4.770833333333333

m: 6.333333333333333

Residual: 0.32990083409420745


epsilon: 4.770833333333333

m: 6.5

Residual: 0.3860319476792241


epsilon: 4.770833333333333

m: 6.666666666666666

Residual: 0.43795328498638914


epsilon: 4.770833333333333

m: 6.833333333333333

Residual: 0.48264386664656467


epsilon: 4.770833333333333

m: 7.0

Residual: 0.5283107201394891


epsilon: 5.016666666666667

m: 3.0

Residual: 0.9556280895798626


epsilon: 5.016666666666667

m: 3.1666666666666665

Residual: 0.9398371809478123


epsilon: 5.016666666666667

m: 3.3333333333333335

Residual: 0.9193262016758702


epsilon: 5.016666666666667

m: 3.5

Residual: 0.893068629448192


epsilon: 5.016666666666667

m: 3.6666666666666665

Residual: 0.8601747958953168


epsilon: 5.016666666666667

m: 3.833333333333333

Residual: 0.8196885446200189


epsilon: 5.016666666666667

m: 4.0

Residual: 0.7710207639905825


epsilon: 5.016666666666667

m: 4.166666666666666

Residual: 0.7136998133664513


epsilon: 5.016666666666667

m: 4.333333333333333

Residual: 0.6479884624094849


epsilon: 5.016666666666667

m: 4.5

Residual: 0.5744088304005152


epsilon: 5.016666666666667

m: 4.666666666666666

Residual: 0.49414268422432356


epsilon: 5.016666666666667

m: 4.833333333333333

Residual: 0.4087912819004039


epsilon: 5.016666666666667

m: 5.0

Residual: 0.31982821089238006


epsilon: 5.016666666666667

m: 5.166666666666666

Residual: 0.23138026398846306


epsilon: 5.016666666666667

m: 5.333333333333333

Residual: 0.1499960387655523


epsilon: 5.016666666666667

m: 5.5

Residual: 0.08327978557560284


epsilon: 5.016666666666667

m: 5.666666666666666

Residual: 0.04381952676035385


epsilon: 5.016666666666667

m: 5.833333333333333

Residual: 0.10546169312988335


epsilon: 5.016666666666667

m: 6.0

Residual: 0.179502513838376


epsilon: 5.016666666666667

m: 6.166666666666666

Residual: 0.24658473094174993


epsilon: 5.016666666666667

m: 6.333333333333333

Residual: 0.31178168437890585


epsilon: 5.016666666666667

m: 6.5

Residual: 0.3663562671269662


epsilon: 5.016666666666667

m: 6.666666666666666

Residual: 0.4166618319298194


epsilon: 5.016666666666667

m: 6.833333333333333

Residual: 0.46691816685764687


epsilon: 5.016666666666667

m: 7.0

Residual: 0.5103015070855028


epsilon: 5.2625

m: 3.0

Residual: 0.9576547184036927


epsilon: 5.2625

m: 3.1666666666666665

Residual: 0.9425667419629722


epsilon: 5.2625

m: 3.3333333333333335

Residual: 0.9229341272956918


epsilon: 5.2625

m: 3.5

Residual: 0.897795750596638


epsilon: 5.2625

m: 3.6666666666666665

Residual: 0.8662676618159405


epsilon: 5.2625

m: 3.833333333333333

Residual: 0.8273951769695066


epsilon: 5.2625

m: 4.0

Residual: 0.7804327647554685


epsilon: 5.2625

m: 4.166666666666666

Residual: 0.7252185340154428


epsilon: 5.2625

m: 4.333333333333333

Residual: 0.6616423750745649


epsilon: 5.2625

m: 4.5

Residual: 0.5907897874581527


epsilon: 5.2625

m: 4.666666666666666

Residual: 0.5121447417935542


epsilon: 5.2625

m: 4.833333333333333

Residual: 0.42985322772808493


epsilon: 5.2625

m: 5.0

Residual: 0.3415205629466906


epsilon: 5.2625

m: 5.166666666666666

Residual: 0.255077880020831


epsilon: 5.2625

m: 5.333333333333333

Residual: 0.16763128759405324


epsilon: 5.2625

m: 5.5

Residual: 0.09577906805159059


epsilon: 5.2625

m: 5.666666666666666

Residual: 0.042525571960364036


epsilon: 5.2625

m: 5.833333333333333

Residual: 0.08169375125291456


epsilon: 5.2625

m: 6.0

Residual: 0.1576216648111593


epsilon: 5.2625

m: 6.166666666666666

Residual: 0.22484961986803711


epsilon: 5.2625

m: 6.333333333333333

Residual: 0.2838681801021026


epsilon: 5.2625

m: 6.5

Residual: 0.3455515918709507


epsilon: 5.2625

m: 6.666666666666666

Residual: 0.399280234609454


epsilon: 5.2625

m: 6.833333333333333

Residual: 0.4420961238469126


epsilon: 5.2625

m: 7.0

Residual: 0.49207666130140343


epsilon: 5.508333333333333

m: 3.0

Residual: 0.9595075525808443


epsilon: 5.508333333333333

m: 3.1666666666666665

Residual: 0.9450643404116333


epsilon: 5.508333333333333

m: 3.3333333333333335

Residual: 0.9262480270698105


epsilon: 5.508333333333333

m: 3.5

Residual: 0.9021726253943579


epsilon: 5.508333333333333

m: 3.6666666666666665

Residual: 0.8718699517547808


epsilon: 5.508333333333333

m: 3.833333333333333

Residual: 0.8344411245917761


epsilon: 5.508333333333333

m: 4.0

Residual: 0.7893168188122349


epsilon: 5.508333333333333

m: 4.166666666666666

Residual: 0.7358506338231885


epsilon: 5.508333333333333

m: 4.333333333333333

Residual: 0.6743474663789232


epsilon: 5.508333333333333

m: 4.5

Residual: 0.605116628432343


epsilon: 5.508333333333333

m: 4.666666666666666

Residual: 0.529162388538041


epsilon: 5.508333333333333

m: 4.833333333333333

Residual: 0.4478581858343246


epsilon: 5.508333333333333

m: 5.0

Residual: 0.36217826773345724


epsilon: 5.508333333333333

m: 5.166666666666666

Residual: 0.2758487115969145


epsilon: 5.508333333333333

m: 5.333333333333333

Residual: 0.18656687980734454


epsilon: 5.508333333333333

m: 5.5

Residual: 0.1119417819418092


epsilon: 5.508333333333333

m: 5.666666666666666

Residual: 0.051513008438186375


epsilon: 5.508333333333333

m: 5.833333333333333

Residual: 0.05923359191880335


epsilon: 5.508333333333333

m: 6.0

Residual: 0.1347396279441133


epsilon: 5.508333333333333

m: 6.166666666666666

Residual: 0.20414653630627133


epsilon: 5.508333333333333

m: 6.333333333333333

Residual: 0.26401005199101185


epsilon: 5.508333333333333

m: 6.5

Residual: 0.32762328635220317


epsilon: 5.508333333333333

m: 6.666666666666666

Residual: 0.3783352089073462


epsilon: 5.508333333333333

m: 6.833333333333333

Residual: 0.42428166143381296


epsilon: 5.508333333333333

m: 7.0

Residual: 0.47602951079620504


epsilon: 5.754166666666666

m: 3.0

Residual: 0.9612043037892667


epsilon: 5.754166666666666

m: 3.1666666666666665

Residual: 0.9473487400457506


epsilon: 5.754166666666666

m: 3.3333333333333335

Residual: 0.9292966429768117


epsilon: 5.754166666666666

m: 3.5

Residual: 0.9061573532469502


epsilon: 5.754166666666666

m: 3.6666666666666665

Residual: 0.877007078274669


epsilon: 5.754166666666666

m: 3.833333333333333

Residual: 0.8409513137692497


epsilon: 5.754166666666666

m: 4.0

Residual: 0.7973384447156244


epsilon: 5.754166666666666

m: 4.166666666666666

Residual: 0.7457069619487434


epsilon: 5.754166666666666

m: 4.333333333333333

Residual: 0.6861474050284528


epsilon: 5.754166666666666

m: 4.5

Residual: 0.6186094549305632


epsilon: 5.754166666666666

m: 4.666666666666666

Residual: 0.5448977449403345


epsilon: 5.754166666666666

m: 4.833333333333333

Residual: 0.46447586075595354


epsilon: 5.754166666666666

m: 5.0

Residual: 0.3803263110789148


epsilon: 5.754166666666666

m: 5.166666666666666

Residual: 0.2945117112437418


epsilon: 5.754166666666666

m: 5.333333333333333

Residual: 0.20960668208018668


epsilon: 5.754166666666666

m: 5.5

Residual: 0.12878972578340822


epsilon: 5.754166666666666

m: 5.666666666666666

Residual: 0.06224552997730294


epsilon: 5.754166666666666

m: 5.833333333333333

Residual: 0.04187405970356788


epsilon: 5.754166666666666

m: 6.0

Residual: 0.11207031655402035


epsilon: 5.754166666666666

m: 6.166666666666666

Residual: 0.18306640419773815


epsilon: 5.754166666666666

m: 6.333333333333333

Residual: 0.24782203808119435


epsilon: 5.754166666666666

m: 6.5

Residual: 0.30720102018446765


epsilon: 5.754166666666666

m: 6.666666666666666

Residual: 0.3621384712389375


epsilon: 5.754166666666666

m: 6.833333333333333

Residual: 0.4070864504865499


epsilon: 5.754166666666666

m: 7.0

Residual: 0.4607149308172904


epsilon: 6.0

m: 3.0

Residual: 0.962760257384724


epsilon: 6.0

m: 3.1666666666666665

Residual: 0.9494446044328391


epsilon: 6.0

m: 3.3333333333333335

Residual: 0.9320887899871155


epsilon: 6.0

m: 3.5

Residual: 0.909856163225923


epsilon: 6.0

m: 3.6666666666666665

Residual: 0.88173427532071


epsilon: 6.0

m: 3.833333333333333

Residual: 0.8469842793043731


epsilon: 6.0

m: 4.0

Residual: 0.8048665109861755


epsilon: 6.0

m: 4.166666666666666

Residual: 0.7549425768879734


epsilon: 6.0

m: 4.333333333333333

Residual: 0.6970150711211349


epsilon: 6.0

m: 4.5

Residual: 0.6314789220484667


epsilon: 6.0

m: 4.666666666666666

Residual: 0.5589103127814142


epsilon: 6.0

m: 4.833333333333333

Residual: 0.4811019376104012


epsilon: 6.0

m: 5.0

Residual: 0.3978948437938078


epsilon: 6.0

m: 5.166666666666666

Residual: 0.3134694073253288


epsilon: 6.0

m: 5.333333333333333

Residual: 0.2286777889025339


epsilon: 6.0

m: 5.5

Residual: 0.14642708114561373


epsilon: 6.0

m: 5.666666666666666

Residual: 0.07445687465525667


epsilon: 6.0

m: 5.833333333333333

Residual: 0.037015509989907665


epsilon: 6.0

m: 6.0

Residual: 0.09109873548836017


epsilon: 6.0

m: 6.166666666666666

Residual: 0.16123205354082745


epsilon: 6.0

m: 6.333333333333333

Residual: 0.22754982349736352


epsilon: 6.0

m: 6.5

Residual: 0.28463859539199005


epsilon: 6.0

m: 6.666666666666666

Residual: 0.34237919770824743


epsilon: 6.0

m: 6.833333333333333

Residual: 0.38743943074693227


epsilon: 6.0

m: 7.0

Residual: 0.4315242458211538


