m: 5.0

epsilon: 0.1

n: 12.0

Residual: 0.4540497968964634


m: 5.0

epsilon: 0.1

n: 12.0

Residual: 0.45484988600560655


m: 5.0

epsilon: 0.1

n: 16.714285714285715

Residual: 0.5455529366652423


m: 5.0

epsilon: 0.1

n: 21.42857142857143

Residual: 0.5945436417303352


m: 5.0

epsilon: 0.1

n: 26.142857142857142

Residual: 0.6252770812311036


m: 5.0

epsilon: 0.1

n: 30.857142857142858

Residual: 0.6463425288315295


m: 5.0

epsilon: 0.1

n: 35.57142857142857

Residual: 0.6607775763624686


m: 5.0

epsilon: 0.1

n: 40.285714285714285

Residual: 0.6726971027392065


m: 5.0

epsilon: 0.1

n: 45.0

Residual: 0.6820802271980264


m: 5.0

epsilon: 0.3

n: 12.0

Residual: 0.10954204387281304


m: 5.0

epsilon: 0.3

n: 16.714285714285715

Residual: 0.09497699998380761


m: 5.0

epsilon: 0.3

n: 21.42857142857143

Residual: 0.13797438816777727


m: 5.0

epsilon: 0.3

n: 26.142857142857142

Residual: 0.18139987008686664


m: 5.0

epsilon: 0.3

n: 30.857142857142858

Residual: 0.2153259152313834


m: 5.0

epsilon: 0.3

n: 35.57142857142857

Residual: 0.24126302054555268


m: 5.0

epsilon: 0.3

n: 40.285714285714285

Residual: 0.25994237419331595


m: 5.0

epsilon: 0.3

n: 45.0

Residual: 0.27543293660771306


m: 5.0

epsilon: 0.5

n: 12.0

Residual: 0.3057749890013838


m: 5.0

epsilon: 0.5

n: 16.714285714285715

Residual: 0.19121440958663205


m: 5.0

epsilon: 0.5

n: 21.42857142857143

Residual: 0.12137124853827141


m: 5.0

epsilon: 0.5

n: 26.142857142857142

Residual: 0.08308086345165688


m: 5.0

epsilon: 0.5

n: 30.857142857142858

Residual: 0.06747447330105363


m: 5.0

epsilon: 0.5

n: 35.57142857142857

Residual: 0.06330979990766515


m: 5.0

epsilon: 0.5

n: 40.285714285714285

Residual: 0.06414708657136117


m: 5.0

epsilon: 0.5

n: 45.0

Residual: 0.06912350829980725


m: 5.0

epsilon: 0.7

n: 12.0

Residual: 0.4495209693982896


m: 5.0

epsilon: 0.7

n: 16.714285714285715

Residual: 0.3467447357783069


m: 5.0

epsilon: 0.7

n: 21.42857142857143

Residual: 0.28063253132692256


m: 5.0

epsilon: 0.7

n: 26.142857142857142

Residual: 0.23587677962348494


m: 5.0

epsilon: 0.7

n: 30.857142857142858

Residual: 0.20232054314526854


m: 5.0

epsilon: 0.7

n: 35.57142857142857

Residual: 0.17700382260335826


m: 5.0

epsilon: 0.7

n: 40.285714285714285

Residual: 0.1554883040655483


m: 5.0

epsilon: 0.7

n: 45.0

Residual: 0.13875627285034026


m: 5.0

epsilon: 0.8999999999999999

n: 12.0

Residual: 0.5435898787539768


m: 5.0

epsilon: 0.8999999999999999

n: 16.714285714285715

Residual: 0.45120651594390493


m: 5.0

epsilon: 0.8999999999999999

n: 21.42857142857143

Residual: 0.39182423846771225


m: 5.0

epsilon: 0.8999999999999999

n: 26.142857142857142

Residual: 0.3504528486016394


m: 5.0

epsilon: 0.8999999999999999

n: 30.857142857142858

Residual: 0.31959531437850497


m: 5.0

epsilon: 0.8999999999999999

n: 35.57142857142857

Residual: 0.29443948591001284


m: 5.0

epsilon: 0.8999999999999999

n: 40.285714285714285

Residual: 0.2755038879516711


m: 5.0

epsilon: 0.8999999999999999

n: 45.0

Residual: 0.259207655566648


m: 5.0

epsilon: 1.0999999999999999

n: 12.0

Residual: 0.6106966118975453


m: 5.0

epsilon: 1.0999999999999999

n: 16.714285714285715

Residual: 0.5272664081863874


m: 5.0

epsilon: 1.0999999999999999

n: 21.42857142857143

Residual: 0.4732438977483849


m: 5.0

epsilon: 1.0999999999999999

n: 26.142857142857142

Residual: 0.434832752984467


m: 5.0

epsilon: 1.0999999999999999

n: 30.857142857142858

Residual: 0.406623627333022


m: 5.0

epsilon: 1.0999999999999999

n: 35.57142857142857

Residual: 0.3842750674799825


m: 5.0

epsilon: 1.0999999999999999

n: 40.285714285714285

Residual: 0.3668034764891562


m: 5.0

epsilon: 1.0999999999999999

n: 45.0

Residual: 0.35047043661477434


m: 5.0

epsilon: 1.3

n: 12.0

Residual: 0.6597128629432398


m: 5.0

epsilon: 1.3

n: 16.714285714285715

Residual: 0.5851068336070179


m: 5.0

epsilon: 1.3

n: 21.42857142857143

Residual: 0.5360926843363123


m: 5.0

epsilon: 1.3

n: 26.142857142857142

Residual: 0.5013828090767657


m: 5.0

epsilon: 1.3

n: 30.857142857142858

Residual: 0.4736941325932959


m: 5.0

epsilon: 1.3

n: 35.57142857142857

Residual: 0.45266640397559454


m: 5.0

epsilon: 1.3

n: 40.285714285714285

Residual: 0.43479015484842687


m: 5.0

epsilon: 1.3

n: 45.0

Residual: 0.42070524804488996


m: 5.0

epsilon: 1.5

n: 12.0

Residual: 0.6988557372405666


m: 5.0

epsilon: 1.5

n: 16.714285714285715

Residual: 0.6300243612685146


m: 5.0

epsilon: 1.5

n: 21.42857142857143

Residual: 0.5845976259243295


m: 5.0

epsilon: 1.5

n: 26.142857142857142

Residual: 0.5517881016321835


m: 5.0

epsilon: 1.5

n: 30.857142857142858

Residual: 0.5268577170143072


m: 5.0

epsilon: 1.5

n: 35.57142857142857

Residual: 0.50770343335154


m: 5.0

epsilon: 1.5

n: 40.285714285714285

Residual: 0.4921877580948544


m: 5.0

epsilon: 1.5

n: 45.0

Residual: 0.47910380371965877


m: 5.285714285714286

epsilon: 0.1

n: 12.0

Residual: 0.5085697054597599


m: 5.285714285714286

epsilon: 0.1

n: 16.714285714285715

Residual: 0.5967295801968456


m: 5.285714285714286

epsilon: 0.1

n: 21.42857142857143

Residual: 0.6429465587221475


m: 5.285714285714286

epsilon: 0.1

n: 26.142857142857142

Residual: 0.6714445180546611


m: 5.285714285714286

epsilon: 0.1

n: 30.857142857142858

Residual: 0.691077383825256


m: 5.285714285714286

epsilon: 0.1

n: 35.57142857142857

Residual: 0.7045997200769424


m: 5.285714285714286

epsilon: 0.1

n: 40.285714285714285

Residual: 0.7156666946407156


m: 5.285714285714286

epsilon: 0.1

n: 45.0

Residual: 0.724638842628672


m: 5.285714285714286

epsilon: 0.3

n: 12.0

Residual: 0.07225786473947236


m: 5.285714285714286

epsilon: 0.3

n: 16.714285714285715

Residual: 0.1385801371038094


m: 5.285714285714286

epsilon: 0.3

n: 21.42857142857143

Residual: 0.2102431050212245


m: 5.285714285714286

epsilon: 0.3

n: 26.142857142857142

Residual: 0.25712632995168966


m: 5.285714285714286

epsilon: 0.3

n: 30.857142857142858

Residual: 0.29062730199971215


m: 5.285714285714286

epsilon: 0.3

n: 35.57142857142857

Residual: 0.31662898114827853


m: 5.285714285714286

epsilon: 0.3

n: 40.285714285714285

Residual: 0.3357269178097761


m: 5.285714285714286

epsilon: 0.3

n: 45.0

Residual: 0.3507081499430158


m: 5.285714285714286

epsilon: 0.5

n: 12.0

Residual: 0.24095672316477643


m: 5.285714285714286

epsilon: 0.5

n: 16.714285714285715

Residual: 0.11558152194040494


m: 5.285714285714286

epsilon: 0.5

n: 21.42857142857143

Residual: 0.056727641921928806


m: 5.285714285714286

epsilon: 0.5

n: 26.142857142857142

Residual: 0.03624511397886706


m: 5.285714285714286

epsilon: 0.5

n: 30.857142857142858

Residual: 0.051000600002934056


m: 5.285714285714286

epsilon: 0.5

n: 35.57142857142857

Residual: 0.07288692990110467


m: 5.285714285714286

epsilon: 0.5

n: 40.285714285714285

Residual: 0.09385684291883123


m: 5.285714285714286

epsilon: 0.5

n: 45.0

Residual: 0.11239279772358048


m: 5.285714285714286

epsilon: 0.7

n: 12.0

Residual: 0.39095095470643876


m: 5.285714285714286

epsilon: 0.7

n: 16.714285714285715

Residual: 0.2773671524535253


m: 5.285714285714286

epsilon: 0.7

n: 21.42857142857143

Residual: 0.2076577371339576


m: 5.285714285714286

epsilon: 0.7

n: 26.142857142857142

Residual: 0.15871716371417927


m: 5.285714285714286

epsilon: 0.7

n: 30.857142857142858

Residual: 0.123164130690568


m: 5.285714285714286

epsilon: 0.7

n: 35.57142857142857

Residual: 0.09625332078459731


m: 5.285714285714286

epsilon: 0.7

n: 40.285714285714285

Residual: 0.07196200524242428


m: 5.285714285714286

epsilon: 0.7

n: 45.0

Residual: 0.05513817605336887


m: 5.285714285714286

epsilon: 0.8999999999999999

n: 12.0

Residual: 0.4926415550997663


m: 5.285714285714286

epsilon: 0.8999999999999999

n: 16.714285714285715

Residual: 0.3893174963300248


m: 5.285714285714286

epsilon: 0.8999999999999999

n: 21.42857142857143

Residual: 0.3236618694747112


m: 5.285714285714286

epsilon: 0.8999999999999999

n: 26.142857142857142

Residual: 0.2774110647598515


m: 5.285714285714286

epsilon: 0.8999999999999999

n: 30.857142857142858

Residual: 0.24574454356362407


m: 5.285714285714286

epsilon: 0.8999999999999999

n: 35.57142857142857

Residual: 0.21904032095817103


m: 5.285714285714286

epsilon: 0.8999999999999999

n: 40.285714285714285

Residual: 0.19768785741264916


m: 5.285714285714286

epsilon: 0.8999999999999999

n: 45.0

Residual: 0.17910985194705117


m: 5.285714285714286

epsilon: 1.0999999999999999

n: 12.0

Residual: 0.5637301163098399


m: 5.285714285714286

epsilon: 1.0999999999999999

n: 16.714285714285715

Residual: 0.47109166833008553


m: 5.285714285714286

epsilon: 1.0999999999999999

n: 21.42857142857143

Residual: 0.41130841415512387


m: 5.285714285714286

epsilon: 1.0999999999999999

n: 26.142857142857142

Residual: 0.3675217217001524


m: 5.285714285714286

epsilon: 1.0999999999999999

n: 30.857142857142858

Residual: 0.33571324037887634


m: 5.285714285714286

epsilon: 1.0999999999999999

n: 35.57142857142857

Residual: 0.31044694927164157


m: 5.285714285714286

epsilon: 1.0999999999999999

n: 40.285714285714285

Residual: 0.2920198551720414


m: 5.285714285714286

epsilon: 1.0999999999999999

n: 45.0

Residual: 0.27521524989234386


m: 5.285714285714286

epsilon: 1.3

n: 12.0

Residual: 0.618161699170253


m: 5.285714285714286

epsilon: 1.3

n: 16.714285714285715

Residual: 0.533006111523356


m: 5.285714285714286

epsilon: 1.3

n: 21.42857142857143

Residual: 0.4757541533582527


m: 5.285714285714286

epsilon: 1.3

n: 26.142857142857142

Residual: 0.4375674305542637


m: 5.285714285714286

epsilon: 1.3

n: 30.857142857142858

Residual: 0.4068169224063209


m: 5.285714285714286

epsilon: 1.3

n: 35.57142857142857

Residual: 0.3862208340009544


m: 5.285714285714286

epsilon: 1.3

n: 40.285714285714285

Residual: 0.3663688453508059


m: 5.285714285714286

epsilon: 1.3

n: 45.0

Residual: 0.3496984531842129


m: 5.285714285714286

epsilon: 1.5

n: 12.0

Residual: 0.66018332302053


m: 5.285714285714286

epsilon: 1.5

n: 16.714285714285715

Residual: 0.5817217708138456


m: 5.285714285714286

epsilon: 1.5

n: 21.42857142857143

Residual: 0.5311660697282758


m: 5.285714285714286

epsilon: 1.5

n: 26.142857142857142

Residual: 0.49379711520424063


m: 5.285714285714286

epsilon: 1.5

n: 30.857142857142858

Residual: 0.46625887778759806


m: 5.285714285714286

epsilon: 1.5

n: 35.57142857142857

Residual: 0.4437899596930643


m: 5.285714285714286

epsilon: 1.5

n: 40.285714285714285

Residual: 0.4260360737754885


m: 5.285714285714286

epsilon: 1.5

n: 45.0

Residual: 0.4113263825541098


m: 5.571428571428571

epsilon: 0.1

n: 12.0

Residual: 0.5549260632693283


m: 5.571428571428571

epsilon: 0.1

n: 16.714285714285715

Residual: 0.6399321764087166


m: 5.571428571428571

epsilon: 0.1

n: 21.42857142857143

Residual: 0.6825406244871267


m: 5.571428571428571

epsilon: 0.1

n: 26.142857142857142

Residual: 0.7091789704607458


m: 5.571428571428571

epsilon: 0.1

n: 30.857142857142858

Residual: 0.7288890317456288


m: 5.571428571428571

epsilon: 0.1

n: 35.57142857142857

Residual: 0.7414257983529201


m: 5.571428571428571

epsilon: 0.1

n: 40.285714285714285

Residual: 0.7509040262172298


m: 5.571428571428571

epsilon: 0.1

n: 45.0

Residual: 0.7595891790683797


m: 5.571428571428571

epsilon: 0.3

n: 12.0

Residual: 0.07810015815810416


m: 5.571428571428571

epsilon: 0.3

n: 16.714285714285715

Residual: 0.20426816466147454


m: 5.571428571428571

epsilon: 0.3

n: 21.42857142857143

Residual: 0.27714990093756114


m: 5.571428571428571

epsilon: 0.3

n: 26.142857142857142

Residual: 0.3250408607188326


m: 5.571428571428571

epsilon: 0.3

n: 30.857142857142858

Residual: 0.35787862115711716


m: 5.571428571428571

epsilon: 0.3

n: 35.57142857142857

Residual: 0.38261263123764616


m: 5.571428571428571

epsilon: 0.3

n: 40.285714285714285

Residual: 0.4015581916312803


m: 5.571428571428571

epsilon: 0.3

n: 45.0

Residual: 0.418387344915131


m: 5.571428571428571

epsilon: 0.5

n: 12.0

Residual: 0.17708096514575228


m: 5.571428571428571

epsilon: 0.5

n: 16.714285714285715

Residual: 0.05541855880424058


m: 5.571428571428571

epsilon: 0.5

n: 21.42857142857143

Residual: 0.029605012509213227


m: 5.571428571428571

epsilon: 0.5

n: 26.142857142857142

Residual: 0.08030802143230562


m: 5.571428571428571

epsilon: 0.5

n: 30.857142857142858

Residual: 0.11941293057965142


m: 5.571428571428571

epsilon: 0.5

n: 35.57142857142857

Residual: 0.14818690840003887


m: 5.571428571428571

epsilon: 0.5

n: 40.285714285714285

Residual: 0.16814167491934212


m: 5.571428571428571

epsilon: 0.5

n: 45.0

Residual: 0.18527084326012933


m: 5.571428571428571

epsilon: 0.7

n: 12.0

Residual: 0.3353856481553771


m: 5.571428571428571

epsilon: 0.7

n: 16.714285714285715

Residual: 0.21367048250100917


m: 5.571428571428571

epsilon: 0.7

n: 21.42857142857143

Residual: 0.13882911358428623


m: 5.571428571428571

epsilon: 0.7

n: 26.142857142857142

Residual: 0.08400607190774731


m: 5.571428571428571

epsilon: 0.7

n: 30.857142857142858

Residual: 0.04813628321574725


m: 5.571428571428571

epsilon: 0.7

n: 35.57142857142857

Residual: 0.019523008882309786


m: 5.571428571428571

epsilon: 0.7

n: 40.285714285714285

Residual: 0.007621052495309275


m: 5.571428571428571

epsilon: 0.7

n: 45.0

Residual: 0.019891897160419697


m: 5.571428571428571

epsilon: 0.8999999999999999

n: 12.0

Residual: 0.44143806981685707


m: 5.571428571428571

epsilon: 0.8999999999999999

n: 16.714285714285715

Residual: 0.3284786743474263


m: 5.571428571428571

epsilon: 0.8999999999999999

n: 21.42857142857143

Residual: 0.2581459737693662


m: 5.571428571428571

epsilon: 0.8999999999999999

n: 26.142857142857142

Residual: 0.20917679630627342


m: 5.571428571428571

epsilon: 0.8999999999999999

n: 30.857142857142858

Residual: 0.17312935376066993


m: 5.571428571428571

epsilon: 0.8999999999999999

n: 35.57142857142857

Residual: 0.14455220757874299


m: 5.571428571428571

epsilon: 0.8999999999999999

n: 40.285714285714285

Residual: 0.12178131374887308


m: 5.571428571428571

epsilon: 0.8999999999999999

n: 45.0

Residual: 0.10419305740498214


m: 5.571428571428571

epsilon: 1.0999999999999999

n: 12.0

Residual: 0.5185067664769986


m: 5.571428571428571

epsilon: 1.0999999999999999

n: 16.714285714285715

Residual: 0.41476817715688213


m: 5.571428571428571

epsilon: 1.0999999999999999

n: 21.42857142857143

Residual: 0.34976585103358604


m: 5.571428571428571

epsilon: 1.0999999999999999

n: 26.142857142857142

Residual: 0.30181408528044357


m: 5.571428571428571

epsilon: 1.0999999999999999

n: 30.857142857142858

Residual: 0.2679604095047734


m: 5.571428571428571

epsilon: 1.0999999999999999

n: 35.57142857142857

Residual: 0.2413634853585817


m: 5.571428571428571

epsilon: 1.0999999999999999

n: 40.285714285714285

Residual: 0.2204758999435984


m: 5.571428571428571

epsilon: 1.0999999999999999

n: 45.0

Residual: 0.20386062345010758


m: 5.571428571428571

epsilon: 1.3

n: 12.0

Residual: 0.5781087021583855


m: 5.571428571428571

epsilon: 1.3

n: 16.714285714285715

Residual: 0.4801335398817648


m: 5.571428571428571

epsilon: 1.3

n: 21.42857142857143

Residual: 0.41986844518548494


m: 5.571428571428571

epsilon: 1.3

n: 26.142857142857142

Residual: 0.3749539109319394


m: 5.571428571428571

epsilon: 1.3

n: 30.857142857142858

Residual: 0.3426305319488829


m: 5.571428571428571

epsilon: 1.3

n: 35.57142857142857

Residual: 0.3185469758570583


m: 5.571428571428571

epsilon: 1.3

n: 40.285714285714285

Residual: 0.29694058129747813


m: 5.571428571428571

epsilon: 1.3

n: 45.0

Residual: 0.2821009239400562


m: 5.571428571428571

epsilon: 1.5

n: 12.0

Residual: 0.6223835744385053


m: 5.571428571428571

epsilon: 1.5

n: 16.714285714285715

Residual: 0.5348724708775021


m: 5.571428571428571

epsilon: 1.5

n: 21.42857142857143

Residual: 0.47673613762539996


m: 5.571428571428571

epsilon: 1.5

n: 26.142857142857142

Residual: 0.43785422463887463


m: 5.571428571428571

epsilon: 1.5

n: 30.857142857142858

Residual: 0.40493751491341634


m: 5.571428571428571

epsilon: 1.5

n: 35.57142857142857

Residual: 0.381142269911471


m: 5.571428571428571

epsilon: 1.5

n: 40.285714285714285

Residual: 0.36053468761469554


m: 5.571428571428571

epsilon: 1.5

n: 45.0

Residual: 0.3459325112298568


m: 5.857142857142857

epsilon: 0.1

n: 12.0

Residual: 0.5944339567019377


m: 5.857142857142857

epsilon: 0.1

n: 16.714285714285715

Residual: 0.6746185370726031


m: 5.857142857142857

epsilon: 0.1

n: 21.42857142857143

Residual: 0.7173408332633733


m: 5.857142857142857

epsilon: 0.1

n: 26.142857142857142

Residual: 0.7414070437290002


m: 5.857142857142857

epsilon: 0.1

n: 30.857142857142858

Residual: 0.7586394219867028


m: 5.857142857142857

epsilon: 0.1

n: 35.57142857142857

Residual: 0.7712020802404762


m: 5.857142857142857

epsilon: 0.1

n: 40.285714285714285

Residual: 0.7802597997338254


m: 5.857142857142857

epsilon: 0.1

n: 45.0

Residual: 0.7877364136716325


m: 5.857142857142857

epsilon: 0.3

n: 12.0

Residual: 0.13554684491699026


m: 5.857142857142857

epsilon: 0.3

n: 16.714285714285715

Residual: 0.26331664700203167


m: 5.857142857142857

epsilon: 0.3

n: 21.42857142857143

Residual: 0.33828697115935946


m: 5.857142857142857

epsilon: 0.3

n: 26.142857142857142

Residual: 0.38408902320182964


m: 5.857142857142857

epsilon: 0.3

n: 30.857142857142858

Residual: 0.41650753742772245


m: 5.857142857142857

epsilon: 0.3

n: 35.57142857142857

Residual: 0.4412400779788186


m: 5.857142857142857

epsilon: 0.3

n: 40.285714285714285

Residual: 0.46123584791247124


m: 5.857142857142857

epsilon: 0.3

n: 45.0

Residual: 0.4749886872838672


m: 5.857142857142857

epsilon: 0.5

n: 12.0

Residual: 0.11871143436541362


m: 5.857142857142857

epsilon: 0.5

n: 16.714285714285715

Residual: 0.02742613509571354


m: 5.857142857142857

epsilon: 0.5

n: 21.42857142857143

Residual: 0.09933457169853989


m: 5.857142857142857

epsilon: 0.5

n: 26.142857142857142

Residual: 0.15098972408438732


m: 5.857142857142857

epsilon: 0.5

n: 30.857142857142858

Residual: 0.18626514812930128


m: 5.857142857142857

epsilon: 0.5

n: 35.57142857142857

Residual: 0.21408276662804787


m: 5.857142857142857

epsilon: 0.5

n: 40.285714285714285

Residual: 0.23783476751861474


m: 5.857142857142857

epsilon: 0.5

n: 45.0

Residual: 0.2563145447731608


m: 5.857142857142857

epsilon: 0.7

n: 12.0

Residual: 0.2816680056609098


m: 5.857142857142857

epsilon: 0.7

n: 16.714285714285715

Residual: 0.1510432004864867


m: 5.857142857142857

epsilon: 0.7

n: 21.42857142857143

Residual: 0.07655444218430045


m: 5.857142857142857

epsilon: 0.7

n: 26.142857142857142

Residual: 0.03689124737053904


m: 5.857142857142857

epsilon: 0.7

n: 30.857142857142858

Residual: 0.02852561141558753


m: 5.857142857142857

epsilon: 0.7

n: 35.57142857142857

Residual: 0.049132471862121545


m: 5.857142857142857

epsilon: 0.7

n: 40.285714285714285

Residual: 0.07531808255979404


m: 5.857142857142857

epsilon: 0.7

n: 45.0

Residual: 0.09093621887946597


m: 5.857142857142857

epsilon: 0.8999999999999999

n: 12.0

Residual: 0.39224225967444964


m: 5.857142857142857

epsilon: 0.8999999999999999

n: 16.714285714285715

Residual: 0.2719560868178969


m: 5.857142857142857

epsilon: 0.8999999999999999

n: 21.42857142857143

Residual: 0.19657841717148894


m: 5.857142857142857

epsilon: 0.8999999999999999

n: 26.142857142857142

Residual: 0.14325491924184308


m: 5.857142857142857

epsilon: 0.8999999999999999

n: 30.857142857142858

Residual: 0.10579628403275115


m: 5.857142857142857

epsilon: 0.8999999999999999

n: 35.57142857142857

Residual: 0.0833957748881448


m: 5.857142857142857

epsilon: 0.8999999999999999

n: 40.285714285714285

Residual: 0.06260143458531131


m: 5.857142857142857

epsilon: 0.8999999999999999

n: 45.0

Residual: 0.04587216697394376


m: 5.857142857142857

epsilon: 1.0999999999999999

n: 12.0

Residual: 0.47414347709222265


m: 5.857142857142857

epsilon: 1.0999999999999999

n: 16.714285714285715

Residual: 0.36325196504530016


m: 5.857142857142857

epsilon: 1.0999999999999999

n: 21.42857142857143

Residual: 0.29060399011764526


m: 5.857142857142857

epsilon: 1.0999999999999999

n: 26.142857142857142

Residual: 0.2382811093006851


m: 5.857142857142857

epsilon: 1.0999999999999999

n: 30.857142857142858

Residual: 0.20317242619033177


m: 5.857142857142857

epsilon: 1.0999999999999999

n: 35.57142857142857

Residual: 0.1724221615109623


m: 5.857142857142857

epsilon: 1.0999999999999999

n: 40.285714285714285

Residual: 0.150811525227399


m: 5.857142857142857

epsilon: 1.0999999999999999

n: 45.0

Residual: 0.1335885420274664


m: 5.857142857142857

epsilon: 1.3

n: 12.0

Residual: 0.5365636622013994


m: 5.857142857142857

epsilon: 1.3

n: 16.714285714285715

Residual: 0.43159492505430774


m: 5.857142857142857

epsilon: 1.3

n: 21.42857142857143

Residual: 0.3637499354090399


m: 5.857142857142857

epsilon: 1.3

n: 26.142857142857142

Residual: 0.3165961926725747


m: 5.857142857142857

epsilon: 1.3

n: 30.857142857142858

Residual: 0.2842462827957234


m: 5.857142857142857

epsilon: 1.3

n: 35.57142857142857

Residual: 0.2536961415746564


m: 5.857142857142857

epsilon: 1.3

n: 40.285714285714285

Residual: 0.23072330983966377


m: 5.857142857142857

epsilon: 1.3

n: 45.0

Residual: 0.21225473906805953


m: 5.857142857142857

epsilon: 1.5

n: 12.0

Residual: 0.5845795909387327


m: 5.857142857142857

epsilon: 1.5

n: 16.714285714285715

Residual: 0.4884154905523039


m: 5.857142857142857

epsilon: 1.5

n: 21.42857142857143

Residual: 0.42592592220813724


m: 5.857142857142857

epsilon: 1.5

n: 26.142857142857142

Residual: 0.37970109675909075


m: 5.857142857142857

epsilon: 1.5

n: 30.857142857142858

Residual: 0.34514489954060384


m: 5.857142857142857

epsilon: 1.5

n: 35.57142857142857

Residual: 0.3192246669828132


m: 5.857142857142857

epsilon: 1.5

n: 40.285714285714285

Residual: 0.29811104048773984


m: 5.857142857142857

epsilon: 1.5

n: 45.0

Residual: 0.281119289966961


m: 6.142857142857142

epsilon: 0.1

n: 12.0

Residual: 0.6282113939872687


m: 6.142857142857142

epsilon: 0.1

n: 16.714285714285715

Residual: 0.7063879208534507


m: 6.142857142857142

epsilon: 0.1

n: 21.42857142857143

Residual: 0.7455324181018859


m: 6.142857142857142

epsilon: 0.1

n: 26.142857142857142

Residual: 0.767893244529728


m: 6.142857142857142

epsilon: 0.1

n: 30.857142857142858

Residual: 0.785600052807677


m: 6.142857142857142

epsilon: 0.1

n: 35.57142857142857

Residual: 0.7958236409283491


m: 6.142857142857142

epsilon: 0.1

n: 40.285714285714285

Residual: 0.8042409948054586


m: 6.142857142857142

epsilon: 0.1

n: 45.0

Residual: 0.8118740680334959


m: 6.142857142857142

epsilon: 0.3

n: 12.0

Residual: 0.18653451161879697


m: 6.142857142857142

epsilon: 0.3

n: 16.714285714285715

Residual: 0.3197958480122671


m: 6.142857142857142

epsilon: 0.3

n: 21.42857142857143

Residual: 0.3903512587451213


m: 6.142857142857142

epsilon: 0.3

n: 26.142857142857142

Residual: 0.4350022224438331


m: 6.142857142857142

epsilon: 0.3

n: 30.857142857142858

Residual: 0.4668906764825549


m: 6.142857142857142

epsilon: 0.3

n: 35.57142857142857

Residual: 0.49284976639574035


m: 6.142857142857142

epsilon: 0.3

n: 40.285714285714285

Residual: 0.5121787151698087


m: 6.142857142857142

epsilon: 0.3

n: 45.0

Residual: 0.5238883033591056


m: 6.142857142857142

epsilon: 0.5

n: 12.0

Residual: 0.0732305460853016


m: 6.142857142857142

epsilon: 0.5

n: 16.714285714285715

Residual: 0.07299105844149838


m: 6.142857142857142

epsilon: 0.5

n: 21.42857142857143

Residual: 0.15527076543363272


m: 6.142857142857142

epsilon: 0.5

n: 26.142857142857142

Residual: 0.20973860486772503


m: 6.142857142857142

epsilon: 0.5

n: 30.857142857142858

Residual: 0.24759556958767948


m: 6.142857142857142

epsilon: 0.5

n: 35.57142857142857

Residual: 0.27588790299897525


m: 6.142857142857142

epsilon: 0.5

n: 40.285714285714285

Residual: 0.29697737012055886


m: 6.142857142857142

epsilon: 0.5

n: 45.0

Residual: 0.3158104407418236


m: 6.142857142857142

epsilon: 0.7

n: 12.0

Residual: 0.22950103719582474


m: 6.142857142857142

epsilon: 0.7

n: 16.714285714285715

Residual: 0.10472851967289593


m: 6.142857142857142

epsilon: 0.7

n: 21.42857142857143

Residual: 0.054749156599443634


m: 6.142857142857142

epsilon: 0.7

n: 26.142857142857142

Residual: 0.05044451103916951


m: 6.142857142857142

epsilon: 0.7

n: 30.857142857142858

Residual: 0.08145505182468597


m: 6.142857142857142

epsilon: 0.7

n: 35.57142857142857

Residual: 0.11520223117111303


m: 6.142857142857142

epsilon: 0.7

n: 40.285714285714285

Residual: 0.13866064368796283


m: 6.142857142857142

epsilon: 0.7

n: 45.0

Residual: 0.1562825398881668


m: 6.142857142857142

epsilon: 0.8999999999999999

n: 12.0

Residual: 0.3446797607534674


m: 6.142857142857142

epsilon: 0.8999999999999999

n: 16.714285714285715

Residual: 0.21721879014965897


m: 6.142857142857142

epsilon: 0.8999999999999999

n: 21.42857142857143

Residual: 0.1408558685287268


m: 6.142857142857142

epsilon: 0.8999999999999999

n: 26.142857142857142

Residual: 0.09867204857188255


m: 6.142857142857142

epsilon: 0.8999999999999999

n: 30.857142857142858

Residual: 0.07199441205752764


m: 6.142857142857142

epsilon: 0.8999999999999999

n: 35.57142857142857

Residual: 0.059969941043696975


m: 6.142857142857142

epsilon: 0.8999999999999999

n: 40.285714285714285

Residual: 0.05589506738868185


m: 6.142857142857142

epsilon: 0.8999999999999999

n: 45.0

Residual: 0.05403519675701608


m: 6.142857142857142

epsilon: 1.0999999999999999

n: 12.0

Residual: 0.4294467780028659


m: 6.142857142857142

epsilon: 1.0999999999999999

n: 16.714285714285715

Residual: 0.3096430441076185


m: 6.142857142857142

epsilon: 1.0999999999999999

n: 21.42857142857143

Residual: 0.23251015915033776


m: 6.142857142857142

epsilon: 1.0999999999999999

n: 26.142857142857142

Residual: 0.18242269842616665


m: 6.142857142857142

epsilon: 1.0999999999999999

n: 30.857142857142858

Residual: 0.1475878422840484


m: 6.142857142857142

epsilon: 1.0999999999999999

n: 35.57142857142857

Residual: 0.12396842054569975


m: 6.142857142857142

epsilon: 1.0999999999999999

n: 40.285714285714285

Residual: 0.10394635686161359


m: 6.142857142857142

epsilon: 1.0999999999999999

n: 45.0

Residual: 0.09024047871160712


m: 6.142857142857142

epsilon: 1.3

n: 12.0

Residual: 0.495886730937342


m: 6.142857142857142

epsilon: 1.3

n: 16.714285714285715

Residual: 0.38309268545212777


m: 6.142857142857142

epsilon: 1.3

n: 21.42857142857143

Residual: 0.3103358204310313


m: 6.142857142857142

epsilon: 1.3

n: 26.142857142857142

Residual: 0.2602832209047578


m: 6.142857142857142

epsilon: 1.3

n: 30.857142857142858

Residual: 0.22187620808728173


m: 6.142857142857142

epsilon: 1.3

n: 35.57142857142857

Residual: 0.19631486188598793


m: 6.142857142857142

epsilon: 1.3

n: 40.285714285714285

Residual: 0.17130181533710873


m: 6.142857142857142

epsilon: 1.3

n: 45.0

Residual: 0.15808374065432512


m: 6.142857142857142

epsilon: 1.5

n: 12.0

Residual: 0.5474588000860825


m: 6.142857142857142

epsilon: 1.5

n: 16.714285714285715

Residual: 0.4428308286624537


m: 6.142857142857142

epsilon: 1.5

n: 21.42857142857143

Residual: 0.3726939798139783


m: 6.142857142857142

epsilon: 1.5

n: 26.142857142857142

Residual: 0.32343027528542406


m: 6.142857142857142

epsilon: 1.5

n: 30.857142857142858

Residual: 0.2876862611522549


m: 6.142857142857142

epsilon: 1.5

n: 35.57142857142857

Residual: 0.2593100970749877


m: 6.142857142857142

epsilon: 1.5

n: 40.285714285714285

Residual: 0.23685203501474536


m: 6.142857142857142

epsilon: 1.5

n: 45.0

Residual: 0.22026576579415716


m: 6.428571428571429

epsilon: 0.1

n: 12.0

Residual: 0.6583705651899361


m: 6.428571428571429

epsilon: 0.1

n: 16.714285714285715

Residual: 0.7313291033648535


m: 6.428571428571429

epsilon: 0.1

n: 21.42857142857143

Residual: 0.7689758845443735


m: 6.428571428571429

epsilon: 0.1

n: 26.142857142857142

Residual: 0.7913581414268472


m: 6.428571428571429

epsilon: 0.1

n: 30.857142857142858

Residual: 0.8062924740767066


m: 6.428571428571429

epsilon: 0.1

n: 35.57142857142857

Residual: 0.8169393334430755


m: 6.428571428571429

epsilon: 0.1

n: 40.285714285714285

Residual: 0.8256781468479122


m: 6.428571428571429

epsilon: 0.1

n: 45.0

Residual: 0.8327434788688128


m: 6.428571428571429

epsilon: 0.3

n: 12.0

Residual: 0.23439374611514152


m: 6.428571428571429

epsilon: 0.3

n: 16.714285714285715

Residual: 0.3662911174400182


m: 6.428571428571429

epsilon: 0.3

n: 21.42857142857143

Residual: 0.4376908761547362


m: 6.428571428571429

epsilon: 0.3

n: 26.142857142857142

Residual: 0.48198895288439936


m: 6.428571428571429

epsilon: 0.3

n: 30.857142857142858

Residual: 0.5126194153548969


m: 6.428571428571429

epsilon: 0.3

n: 35.57142857142857

Residual: 0.5350161283910333


m: 6.428571428571429

epsilon: 0.3

n: 40.285714285714285

Residual: 0.5533947203699877


m: 6.428571428571429

epsilon: 0.3

n: 45.0

Residual: 0.568992041257012


m: 6.428571428571429

epsilon: 0.5

n: 12.0

Residual: 0.05449628763537517


m: 6.428571428571429

epsilon: 0.5

n: 16.714285714285715

Residual: 0.1253079217691211


m: 6.428571428571429

epsilon: 0.5

n: 21.42857142857143

Residual: 0.21045849562315183


m: 6.428571428571429

epsilon: 0.5

n: 26.142857142857142

Residual: 0.26305152651092023


m: 6.428571428571429

epsilon: 0.5

n: 30.857142857142858

Residual: 0.30217263236875425


m: 6.428571428571429

epsilon: 0.5

n: 35.57142857142857

Residual: 0.3289208764021299


m: 6.428571428571429

epsilon: 0.5

n: 40.285714285714285

Residual: 0.3499092143010299


m: 6.428571428571429

epsilon: 0.5

n: 45.0

Residual: 0.3704221776296263


m: 6.428571428571429

epsilon: 0.7

n: 12.0

Residual: 0.18501098915497055


m: 6.428571428571429

epsilon: 0.7

n: 16.714285714285715

Residual: 0.08174347964598033


m: 6.428571428571429

epsilon: 0.7

n: 21.42857142857143

Residual: 0.06416852146529449


m: 6.428571428571429

epsilon: 0.7

n: 26.142857142857142

Residual: 0.10130333307889987


m: 6.428571428571429

epsilon: 0.7

n: 30.857142857142858

Residual: 0.14184842653235297


m: 6.428571428571429

epsilon: 0.7

n: 35.57142857142857

Residual: 0.17277367572488114


m: 6.428571428571429

epsilon: 0.7

n: 40.285714285714285

Residual: 0.19947433127729222


m: 6.428571428571429

epsilon: 0.7

n: 45.0

Residual: 0.21645588211118838


m: 6.428571428571429

epsilon: 0.8999999999999999

n: 12.0

Residual: 0.29994982075792276


m: 6.428571428571429

epsilon: 0.8999999999999999

n: 16.714285714285715

Residual: 0.1732059845182571


m: 6.428571428571429

epsilon: 0.8999999999999999

n: 21.42857142857143

Residual: 0.11379680520461391


m: 6.428571428571429

epsilon: 0.8999999999999999

n: 26.142857142857142

Residual: 0.08773315690795673


m: 6.428571428571429

epsilon: 0.8999999999999999

n: 30.857142857142858

Residual: 0.07634344937599057


m: 6.428571428571429

epsilon: 0.8999999999999999

n: 35.57142857142857

Residual: 0.07746445928099419


m: 6.428571428571429

epsilon: 0.8999999999999999

n: 40.285714285714285

Residual: 0.08137741413250174


m: 6.428571428571429

epsilon: 0.8999999999999999

n: 45.0

Residual: 0.0959025684262576


m: 6.428571428571429

epsilon: 1.0999999999999999

n: 12.0

Residual: 0.3861727637175441


m: 6.428571428571429

epsilon: 1.0999999999999999

n: 16.714285714285715

Residual: 0.2606929950696242


m: 6.428571428571429

epsilon: 1.0999999999999999

n: 21.42857142857143

Residual: 0.19109087679305048


m: 6.428571428571429

epsilon: 1.0999999999999999

n: 26.142857142857142

Residual: 0.14553226675807415


m: 6.428571428571429

epsilon: 1.0999999999999999

n: 30.857142857142858

Residual: 0.11692877879149999


m: 6.428571428571429

epsilon: 1.0999999999999999

n: 35.57142857142857

Residual: 0.103600748906933


m: 6.428571428571429

epsilon: 1.0999999999999999

n: 40.285714285714285

Residual: 0.09074550584473831


m: 6.428571428571429

epsilon: 1.0999999999999999

n: 45.0

Residual: 0.08709263880337126


m: 6.428571428571429

epsilon: 1.3

n: 12.0

Residual: 0.45745356134632226


m: 6.428571428571429

epsilon: 1.3

n: 16.714285714285715

Residual: 0.3341103938681341


m: 6.428571428571429

epsilon: 1.3

n: 21.42857142857143

Residual: 0.26432441857059136


m: 6.428571428571429

epsilon: 1.3

n: 26.142857142857142

Residual: 0.21293371532024613


m: 6.428571428571429

epsilon: 1.3

n: 30.857142857142858

Residual: 0.1798344442757145


m: 6.428571428571429

epsilon: 1.3

n: 35.57142857142857

Residual: 0.15453335361089904


m: 6.428571428571429

epsilon: 1.3

n: 40.285714285714285

Residual: 0.14138906618818373


m: 6.428571428571429

epsilon: 1.3

n: 45.0

Residual: 0.1229766238256646


m: 6.428571428571429

epsilon: 1.5

n: 12.0

Residual: 0.512958838949033


m: 6.428571428571429

epsilon: 1.5

n: 16.714285714285715

Residual: 0.39885038030786135


m: 6.428571428571429

epsilon: 1.5

n: 21.42857142857143

Residual: 0.3237404201840253


m: 6.428571428571429

epsilon: 1.5

n: 26.142857142857142

Residual: 0.2790737244121974


m: 6.428571428571429

epsilon: 1.5

n: 30.857142857142858

Residual: 0.2380016284960063


m: 6.428571428571429

epsilon: 1.5

n: 35.57142857142857

Residual: 0.2147018909574846


m: 6.428571428571429

epsilon: 1.5

n: 40.285714285714285

Residual: 0.19363212427938314


m: 6.428571428571429

epsilon: 1.5

n: 45.0

Residual: 0.17798814942068766


m: 6.714285714285714

epsilon: 0.1

n: 12.0

Residual: 0.6822453572844243


m: 6.714285714285714

epsilon: 0.1

n: 16.714285714285715

Residual: 0.7557276201313786


m: 6.714285714285714

epsilon: 0.1

n: 21.42857142857143

Residual: 0.7906370966816906


m: 6.714285714285714

epsilon: 0.1

n: 26.142857142857142

Residual: 0.8108871811569884


m: 6.714285714285714

epsilon: 0.1

n: 30.857142857142858

Residual: 0.8261547039912781


m: 6.714285714285714

epsilon: 0.1

n: 35.57142857142857

Residual: 0.834122745396428


m: 6.714285714285714

epsilon: 0.1

n: 40.285714285714285

Residual: 0.8427579548647635


m: 6.714285714285714

epsilon: 0.1

n: 45.0

Residual: 0.8488799844687895


m: 6.714285714285714

epsilon: 0.3

n: 12.0

Residual: 0.27779492775758713


m: 6.714285714285714

epsilon: 0.3

n: 16.714285714285715

Residual: 0.40951617296832543


m: 6.714285714285714

epsilon: 0.3

n: 21.42857142857143

Residual: 0.4756288533896128


m: 6.714285714285714

epsilon: 0.3

n: 26.142857142857142

Residual: 0.523392911094145


m: 6.714285714285714

epsilon: 0.3

n: 30.857142857142858

Residual: 0.5501175357087971


m: 6.714285714285714

epsilon: 0.3

n: 35.57142857142857

Residual: 0.5755027081507526


m: 6.714285714285714

epsilon: 0.3

n: 40.285714285714285

Residual: 0.5905523656766617


m: 6.714285714285714

epsilon: 0.3

n: 45.0

Residual: 0.605805938967884


m: 6.714285714285714

epsilon: 0.5

n: 12.0

Residual: 0.05611881741795271


m: 6.714285714285714

epsilon: 0.5

n: 16.714285714285715

Residual: 0.17644015775394026


m: 6.714285714285714

epsilon: 0.5

n: 21.42857142857143

Residual: 0.25967826994811344


m: 6.714285714285714

epsilon: 0.5

n: 26.142857142857142

Residual: 0.31496831607435344


m: 6.714285714285714

epsilon: 0.5

n: 30.857142857142858

Residual: 0.3503733487431999


m: 6.714285714285714

epsilon: 0.5

n: 35.57142857142857

Residual: 0.3802502076321939


m: 6.714285714285714

epsilon: 0.5

n: 40.285714285714285

Residual: 0.40331928374658077


m: 6.714285714285714

epsilon: 0.5

n: 45.0

Residual: 0.41507355693380893


m: 6.714285714285714

epsilon: 0.7

n: 12.0

Residual: 0.15507578552882306


m: 6.714285714285714

epsilon: 0.7

n: 16.714285714285715

Residual: 0.08107680917591234


m: 6.714285714285714

epsilon: 0.7

n: 21.42857142857143

Residual: 0.09856679695844463


m: 6.714285714285714

epsilon: 0.7

n: 26.142857142857142

Residual: 0.15483041826208957


m: 6.714285714285714

epsilon: 0.7

n: 30.857142857142858

Residual: 0.19435428932413715


m: 6.714285714285714

epsilon: 0.7

n: 35.57142857142857

Residual: 0.22623012928946995


m: 6.714285714285714

epsilon: 0.7

n: 40.285714285714285

Residual: 0.2511134885247448


m: 6.714285714285714

epsilon: 0.7

n: 45.0

Residual: 0.26958196205902724


m: 6.714285714285714

epsilon: 0.8999999999999999

n: 12.0

Residual: 0.2597810555933619


m: 6.714285714285714

epsilon: 0.8999999999999999

n: 16.714285714285715

Residual: 0.14665034671330043


m: 6.714285714285714

epsilon: 0.8999999999999999

n: 21.42857142857143

Residual: 0.10472985250816574


m: 6.714285714285714

epsilon: 0.8999999999999999

n: 26.142857142857142

Residual: 0.09272047021977596


m: 6.714285714285714

epsilon: 0.8999999999999999

n: 30.857142857142858

Residual: 0.10014299696424875


m: 6.714285714285714

epsilon: 0.8999999999999999

n: 35.57142857142857

Residual: 0.10957021058711032


m: 6.714285714285714

epsilon: 0.8999999999999999

n: 40.285714285714285

Residual: 0.1338814453094114


m: 6.714285714285714

epsilon: 0.8999999999999999

n: 45.0

Residual: 0.15226640764159535


m: 6.714285714285714

epsilon: 1.0999999999999999

n: 12.0

Residual: 0.3502807765601194


m: 6.714285714285714

epsilon: 1.0999999999999999

n: 16.714285714285715

Residual: 0.2294595585588998


m: 6.714285714285714

epsilon: 1.0999999999999999

n: 21.42857142857143

Residual: 0.16460942722947847


m: 6.714285714285714

epsilon: 1.0999999999999999

n: 26.142857142857142

Residual: 0.1294336204471994


m: 6.714285714285714

epsilon: 1.0999999999999999

n: 30.857142857142858

Residual: 0.11510696893151821


m: 6.714285714285714

epsilon: 1.0999999999999999

n: 35.57142857142857

Residual: 0.10958269082281301


m: 6.714285714285714

epsilon: 1.0999999999999999

n: 40.285714285714285

Residual: 0.10593777608582428


m: 6.714285714285714

epsilon: 1.0999999999999999

n: 45.0

Residual: 0.10628770341017492


m: 6.714285714285714

epsilon: 1.3

n: 12.0

Residual: 0.41937119704167686


m: 6.714285714285714

epsilon: 1.3

n: 16.714285714285715

Residual: 0.2931584427648572


m: 6.714285714285714

epsilon: 1.3

n: 21.42857142857143

Residual: 0.2270054553582692


m: 6.714285714285714

epsilon: 1.3

n: 26.142857142857142

Residual: 0.18336274658117072


m: 6.714285714285714

epsilon: 1.3

n: 30.857142857142858

Residual: 0.1573704849887199


m: 6.714285714285714

epsilon: 1.3

n: 35.57142857142857

Residual: 0.13734654207928806


m: 6.714285714285714

epsilon: 1.3

n: 40.285714285714285

Residual: 0.12901872671649306


m: 6.714285714285714

epsilon: 1.3

n: 45.0

Residual: 0.12222341731278676


m: 6.714285714285714

epsilon: 1.5

n: 12.0

Residual: 0.4770099100386339


m: 6.714285714285714

epsilon: 1.5

n: 16.714285714285715

Residual: 0.3572445785618872


m: 6.714285714285714

epsilon: 1.5

n: 21.42857142857143

Residual: 0.2836927014946262


m: 6.714285714285714

epsilon: 1.5

n: 26.142857142857142

Residual: 0.2401763620535991


m: 6.714285714285714

epsilon: 1.5

n: 30.857142857142858

Residual: 0.20546442678373628


m: 6.714285714285714

epsilon: 1.5

n: 35.57142857142857

Residual: 0.1821154639656933


m: 6.714285714285714

epsilon: 1.5

n: 40.285714285714285

Residual: 0.16630488034863705


m: 6.714285714285714

epsilon: 1.5

n: 45.0

Residual: 0.15722160024997361


m: 7.0

epsilon: 0.1

n: 12.0

Residual: 0.7063453476903281


m: 7.0

epsilon: 0.1

n: 16.714285714285715

Residual: 0.7741649630263112


m: 7.0

epsilon: 0.1

n: 21.42857142857143

Residual: 0.8072851476090929


m: 7.0

epsilon: 0.1

n: 26.142857142857142

Residual: 0.8271975244208565


m: 7.0

epsilon: 0.1

n: 30.857142857142858

Residual: 0.8410869506930497


m: 7.0

epsilon: 0.1

n: 35.57142857142857

Residual: 0.8504210356240762


m: 7.0

epsilon: 0.1

n: 40.285714285714285

Residual: 0.8571391525123616


m: 7.0

epsilon: 0.1

n: 45.0

Residual: 0.8634099395240787


m: 7.0

epsilon: 0.3

n: 12.0

Residual: 0.3185645191750874


m: 7.0

epsilon: 0.3

n: 16.714285714285715

Residual: 0.4487367341075856


m: 7.0

epsilon: 0.3

n: 21.42857142857143

Residual: 0.5161618447830497


m: 7.0

epsilon: 0.3

n: 26.142857142857142

Residual: 0.5561603664275474


m: 7.0

epsilon: 0.3

n: 30.857142857142858

Residual: 0.5889540157194922


m: 7.0

epsilon: 0.3

n: 35.57142857142857

Residual: 0.6076267494886162


m: 7.0

epsilon: 0.3

n: 40.285714285714285

Residual: 0.6261552856342898


m: 7.0

epsilon: 0.3

n: 45.0

Residual: 0.6375728787455248


m: 7.0

epsilon: 0.5

n: 12.0

Residual: 0.07682024450341861


m: 7.0

epsilon: 0.5

n: 16.714285714285715

Residual: 0.22076972615238485


m: 7.0

epsilon: 0.5

n: 21.42857142857143

Residual: 0.30425134045183116


m: 7.0

epsilon: 0.5

n: 26.142857142857142

Residual: 0.3574659290955916


m: 7.0

epsilon: 0.5

n: 30.857142857142858

Residual: 0.39735816816067476


m: 7.0

epsilon: 0.5

n: 35.57142857142857

Residual: 0.42085287446368574


m: 7.0

epsilon: 0.5

n: 40.285714285714285

Residual: 0.44660663962708147


m: 7.0

epsilon: 0.5

n: 45.0

Residual: 0.46361598134410786


m: 7.0

epsilon: 0.7

n: 12.0

Residual: 0.13181424679194317


m: 7.0

epsilon: 0.7

n: 16.714285714285715

Residual: 0.08878252705152904


m: 7.0

epsilon: 0.7

n: 21.42857142857143

Residual: 0.14096613413866446


m: 7.0

epsilon: 0.7

n: 26.142857142857142

Residual: 0.20394661084188567


m: 7.0

epsilon: 0.7

n: 30.857142857142858

Residual: 0.24980336474272788


m: 7.0

epsilon: 0.7

n: 35.57142857142857

Residual: 0.27844142665177934


m: 7.0

epsilon: 0.7

n: 40.285714285714285

Residual: 0.30043416316130844


m: 7.0

epsilon: 0.7

n: 45.0

Residual: 0.3235450794965164


m: 7.0

epsilon: 0.8999999999999999

n: 12.0

Residual: 0.2330569505464653


m: 7.0

epsilon: 0.8999999999999999

n: 16.714285714285715

Residual: 0.1371968568646863


m: 7.0

epsilon: 0.8999999999999999

n: 21.42857142857143

Residual: 0.11131583813370463


m: 7.0

epsilon: 0.8999999999999999

n: 26.142857142857142

Residual: 0.11244530523230101


m: 7.0

epsilon: 0.8999999999999999

n: 30.857142857142858

Residual: 0.12843453000001395


m: 7.0

epsilon: 0.8999999999999999

n: 35.57142857142857

Residual: 0.15733512798046395


m: 7.0

epsilon: 0.8999999999999999

n: 40.285714285714285

Residual: 0.18152628527297024


m: 7.0

epsilon: 0.8999999999999999

n: 45.0

Residual: 0.19711244605863462


m: 7.0

epsilon: 1.0999999999999999

n: 12.0

Residual: 0.31510997324190687


m: 7.0

epsilon: 1.0999999999999999

n: 16.714285714285715

Residual: 0.20497055300837858


m: 7.0

epsilon: 1.0999999999999999

n: 21.42857142857143

Residual: 0.1530627767586164


m: 7.0

epsilon: 1.0999999999999999

n: 26.142857142857142

Residual: 0.13182199789071408


m: 7.0

epsilon: 1.0999999999999999

n: 30.857142857142858

Residual: 0.12428923789643137


m: 7.0

epsilon: 1.0999999999999999

n: 35.57142857142857

Residual: 0.12326292841700542


m: 7.0

epsilon: 1.0999999999999999

n: 40.285714285714285

Residual: 0.12745204154978523


m: 7.0

epsilon: 1.0999999999999999

n: 45.0

Residual: 0.13274587380521255


m: 7.0

epsilon: 1.3

n: 12.0

Residual: 0.38532389524102756


m: 7.0

epsilon: 1.3

n: 16.714285714285715

Residual: 0.2678204906196719


m: 7.0

epsilon: 1.3

n: 21.42857142857143

Residual: 0.20417601213845651


m: 7.0

epsilon: 1.3

n: 26.142857142857142

Residual: 0.1723278962552551


m: 7.0

epsilon: 1.3

n: 30.857142857142858

Residual: 0.14986548558617901


m: 7.0

epsilon: 1.3

n: 35.57142857142857

Residual: 0.14106551785172233


m: 7.0

epsilon: 1.3

n: 40.285714285714285

Residual: 0.1321183135180476


m: 7.0

epsilon: 1.3

n: 45.0

Residual: 0.1301210815884691


m: 7.0

epsilon: 1.5

n: 12.0

Residual: 0.4416560589825577


m: 7.0

epsilon: 1.5

n: 16.714285714285715

Residual: 0.32372296707067855


m: 7.0

epsilon: 1.5

n: 21.42857142857143

Residual: 0.25482408951852226


m: 7.0

epsilon: 1.5

n: 26.142857142857142

Residual: 0.21411475015593645


m: 7.0

epsilon: 1.5

n: 30.857142857142858

Residual: 0.18691232011917946


m: 7.0

epsilon: 1.5

n: 35.57142857142857

Residual: 0.17015868182852048


m: 7.0

epsilon: 1.5

n: 40.285714285714285

Residual: 0.16224400348907467


m: 7.0

epsilon: 1.5

n: 45.0

Residual: 0.1508473092842481


