n: 12.0

epsilon: 0.1

m: 5.0

Residual: 0.35369064779917725


n: 12.0

epsilon: 0.1

m: 5.0

Residual: 0.3538010810168025


n: 12.0

epsilon: 0.1

m: 5.285714285714286

Residual: 0.40205244373642457


n: 12.0

epsilon: 0.1

m: 5.571428571428571

Residual: 0.44628327446491967


n: 12.0

epsilon: 0.1

m: 5.857142857142857

Residual: 0.4852574440493046


n: 12.0

epsilon: 0.1

m: 6.142857142857142

Residual: 0.5202105916610363


n: 12.0

epsilon: 0.1

m: 6.428571428571429

Residual: 0.5492122007740723


n: 12.0

epsilon: 0.1

m: 6.714285714285714

Residual: 0.5749955101948659


n: 12.0

epsilon: 0.1

m: 7.0

Residual: 0.6019345287360411


n: 12.0

epsilon: 0.2285714285714286

m: 5.0

Residual: 0.15205290719515402


n: 12.0

epsilon: 0.2285714285714286

m: 5.285714285714286

Residual: 0.13090100430456894


n: 12.0

epsilon: 0.2285714285714286

m: 5.571428571428571

Residual: 0.12650087098411716


n: 12.0

epsilon: 0.2285714285714286

m: 5.857142857142857

Residual: 0.1298151219041412


n: 12.0

epsilon: 0.2285714285714286

m: 6.142857142857142

Residual: 0.16194176573593158


n: 12.0

epsilon: 0.2285714285714286

m: 6.428571428571429

Residual: 0.20279477777833993


n: 12.0

epsilon: 0.2285714285714286

m: 6.714285714285714

Residual: 0.23829515003033078


n: 12.0

epsilon: 0.2285714285714286

m: 7.0

Residual: 0.27365172014808


n: 12.0

epsilon: 0.3571428571428572

m: 5.0

Residual: 0.26415981173092185


n: 12.0

epsilon: 0.3571428571428572

m: 5.285714285714286

Residual: 0.21814482133627264


n: 12.0

epsilon: 0.3571428571428572

m: 5.571428571428571

Residual: 0.17270939997332177


n: 12.0

epsilon: 0.3571428571428572

m: 5.857142857142857

Residual: 0.13614304017612067


n: 12.0

epsilon: 0.3571428571428572

m: 6.142857142857142

Residual: 0.10607180938180319


n: 12.0

epsilon: 0.3571428571428572

m: 6.428571428571429

Residual: 0.08252681994548394


n: 12.0

epsilon: 0.3571428571428572

m: 6.714285714285714

Residual: 0.06410694711669794


n: 12.0

epsilon: 0.3571428571428572

m: 7.0

Residual: 0.06578653427920834


n: 12.0

epsilon: 0.48571428571428577

m: 5.0

Residual: 0.39880041286630197


n: 12.0

epsilon: 0.48571428571428577

m: 5.285714285714286

Residual: 0.3497501384861355


n: 12.0

epsilon: 0.48571428571428577

m: 5.571428571428571

Residual: 0.29972750395501363


n: 12.0

epsilon: 0.48571428571428577

m: 5.857142857142857

Residual: 0.25856985441379354


n: 12.0

epsilon: 0.48571428571428577

m: 6.142857142857142

Residual: 0.2090637041833146


n: 12.0

epsilon: 0.48571428571428577

m: 6.428571428571429

Residual: 0.1728455557117752


n: 12.0

epsilon: 0.48571428571428577

m: 6.714285714285714

Residual: 0.13706032998838116


n: 12.0

epsilon: 0.48571428571428577

m: 7.0

Residual: 0.10252979127636087


n: 12.0

epsilon: 0.6142857142857143

m: 5.0

Residual: 0.4927577443936105


n: 12.0

epsilon: 0.6142857142857143

m: 5.285714285714286

Residual: 0.4484670255804312


n: 12.0

epsilon: 0.6142857142857143

m: 5.571428571428571

Residual: 0.40330403647234125


n: 12.0

epsilon: 0.6142857142857143

m: 5.857142857142857

Residual: 0.3602116084310335


n: 12.0

epsilon: 0.6142857142857143

m: 6.142857142857142

Residual: 0.3186621048648649


n: 12.0

epsilon: 0.6142857142857143

m: 6.428571428571429

Residual: 0.28157058667074764


n: 12.0

epsilon: 0.6142857142857143

m: 6.714285714285714

Residual: 0.24158415754853815


n: 12.0

epsilon: 0.6142857142857143

m: 7.0

Residual: 0.20842764514101922


n: 12.0

epsilon: 0.7428571428571429

m: 5.0

Residual: 0.5607528079542343


n: 12.0

epsilon: 0.7428571428571429

m: 5.285714285714286

Residual: 0.5202427835243619


n: 12.0

epsilon: 0.7428571428571429

m: 5.571428571428571

Residual: 0.480613639727053


n: 12.0

epsilon: 0.7428571428571429

m: 5.857142857142857

Residual: 0.4403136117748361


n: 12.0

epsilon: 0.7428571428571429

m: 6.142857142857142

Residual: 0.4039569710599359


n: 12.0

epsilon: 0.7428571428571429

m: 6.428571428571429

Residual: 0.3673089458693609


n: 12.0

epsilon: 0.7428571428571429

m: 6.714285714285714

Residual: 0.33394204188267934


n: 12.0

epsilon: 0.7428571428571429

m: 7.0

Residual: 0.29769599425706


n: 12.0

epsilon: 0.8714285714285716

m: 5.0

Residual: 0.6123655298384331


n: 12.0

epsilon: 0.8714285714285716

m: 5.285714285714286

Residual: 0.5756064389848835


n: 12.0

epsilon: 0.8714285714285716

m: 5.571428571428571

Residual: 0.5375252515753669


n: 12.0

epsilon: 0.8714285714285716

m: 5.857142857142857

Residual: 0.5033185864406098


n: 12.0

epsilon: 0.8714285714285716

m: 6.142857142857142

Residual: 0.47016286796711515


n: 12.0

epsilon: 0.8714285714285716

m: 6.428571428571429

Residual: 0.4322463145519032


n: 12.0

epsilon: 0.8714285714285716

m: 6.714285714285714

Residual: 0.40025796509162265


n: 12.0

epsilon: 0.8714285714285716

m: 7.0

Residual: 0.3697886409613171


n: 12.0

epsilon: 1.0000000000000002

m: 5.0

Residual: 0.65430474216596


n: 12.0

epsilon: 1.0000000000000002

m: 5.285714285714286

Residual: 0.62060556681841


n: 12.0

epsilon: 1.0000000000000002

m: 5.571428571428571

Residual: 0.5857089595613673


n: 12.0

epsilon: 1.0000000000000002

m: 5.857142857142857

Residual: 0.5522102145654963


n: 12.0

epsilon: 1.0000000000000002

m: 6.142857142857142

Residual: 0.5221192809080474


n: 12.0

epsilon: 1.0000000000000002

m: 6.428571428571429

Residual: 0.48806798896884196


n: 12.0

epsilon: 1.0000000000000002

m: 6.714285714285714

Residual: 0.45510395556421224


n: 12.0

epsilon: 1.0000000000000002

m: 7.0

Residual: 0.42801071129704626


n: 16.714285714285715

epsilon: 0.1

m: 5.0

Residual: 0.45042514930453825


n: 16.714285714285715

epsilon: 0.1

m: 5.285714285714286

Residual: 0.4988435464000173


n: 16.714285714285715

epsilon: 0.1

m: 5.571428571428571

Residual: 0.5396214778854549


n: 16.714285714285715

epsilon: 0.1

m: 5.857142857142857

Residual: 0.5766987564949377


n: 16.714285714285715

epsilon: 0.1

m: 6.142857142857142

Residual: 0.6087003409966701


n: 16.714285714285715

epsilon: 0.1

m: 6.428571428571429

Residual: 0.6402606834938264


n: 16.714285714285715

epsilon: 0.1

m: 6.714285714285714

Residual: 0.6666525042921698


n: 16.714285714285715

epsilon: 0.1

m: 7.0

Residual: 0.6866375151366413


n: 16.714285714285715

epsilon: 0.2285714285714286

m: 5.0

Residual: 0.14092844877895025


n: 16.714285714285715

epsilon: 0.2285714285714286

m: 5.285714285714286

Residual: 0.15438667194558697


n: 16.714285714285715

epsilon: 0.2285714285714286

m: 5.571428571428571

Residual: 0.18839506878929835


n: 16.714285714285715

epsilon: 0.2285714285714286

m: 5.857142857142857

Residual: 0.24306153533562938


n: 16.714285714285715

epsilon: 0.2285714285714286

m: 6.142857142857142

Residual: 0.28528707913154255


n: 16.714285714285715

epsilon: 0.2285714285714286

m: 6.428571428571429

Residual: 0.3323477784076623


n: 16.714285714285715

epsilon: 0.2285714285714286

m: 6.714285714285714

Residual: 0.36886963736988815


n: 16.714285714285715

epsilon: 0.2285714285714286

m: 7.0

Residual: 0.403031879200561


n: 16.714285714285715

epsilon: 0.3571428571428572

m: 5.0

Residual: 0.1740365487943433


n: 16.714285714285715

epsilon: 0.3571428571428572

m: 5.285714285714286

Residual: 0.1286924709409163


n: 16.714285714285715

epsilon: 0.3571428571428572

m: 5.571428571428571

Residual: 0.0997623727996797


n: 16.714285714285715

epsilon: 0.3571428571428572

m: 5.857142857142857

Residual: 0.08044949563643838


n: 16.714285714285715

epsilon: 0.3571428571428572

m: 6.142857142857142

Residual: 0.08013702777260957


n: 16.714285714285715

epsilon: 0.3571428571428572

m: 6.428571428571429

Residual: 0.12031282426368285


n: 16.714285714285715

epsilon: 0.3571428571428572

m: 6.714285714285714

Residual: 0.1626067459437744


n: 16.714285714285715

epsilon: 0.3571428571428572

m: 7.0

Residual: 0.19997239729415395


n: 16.714285714285715

epsilon: 0.48571428571428577

m: 5.0

Residual: 0.2962116313826692


n: 16.714285714285715

epsilon: 0.48571428571428577

m: 5.285714285714286

Residual: 0.2353617708287677


n: 16.714285714285715

epsilon: 0.48571428571428577

m: 5.571428571428571

Residual: 0.18192161382802294


n: 16.714285714285715

epsilon: 0.48571428571428577

m: 5.857142857142857

Residual: 0.1388775685242877


n: 16.714285714285715

epsilon: 0.48571428571428577

m: 6.142857142857142

Residual: 0.09677003657805659


n: 16.714285714285715

epsilon: 0.48571428571428577

m: 6.428571428571429

Residual: 0.06176573813884833


n: 16.714285714285715

epsilon: 0.48571428571428577

m: 6.714285714285714

Residual: 0.03646996682202178


n: 16.714285714285715

epsilon: 0.48571428571428577

m: 7.0

Residual: 0.05652207872198471


n: 16.714285714285715

epsilon: 0.6142857142857143

m: 5.0

Residual: 0.39719431038417824


n: 16.714285714285715

epsilon: 0.6142857142857143

m: 5.285714285714286

Residual: 0.3431514813306081


n: 16.714285714285715

epsilon: 0.6142857142857143

m: 5.571428571428571

Residual: 0.29147669063608456


n: 16.714285714285715

epsilon: 0.6142857142857143

m: 5.857142857142857

Residual: 0.2445581838736345


n: 16.714285714285715

epsilon: 0.6142857142857143

m: 6.142857142857142

Residual: 0.19379794932036845


n: 16.714285714285715

epsilon: 0.6142857142857143

m: 6.428571428571429

Residual: 0.15049177451493057


n: 16.714285714285715

epsilon: 0.6142857142857143

m: 6.714285714285714

Residual: 0.1083967984897349


n: 16.714285714285715

epsilon: 0.6142857142857143

m: 7.0

Residual: 0.06601332503228997


n: 16.714285714285715

epsilon: 0.7428571428571429

m: 5.0

Residual: 0.47493199829621047


n: 16.714285714285715

epsilon: 0.7428571428571429

m: 5.285714285714286

Residual: 0.42494025365700266


n: 16.714285714285715

epsilon: 0.7428571428571429

m: 5.571428571428571

Residual: 0.3793387916952709


n: 16.714285714285715

epsilon: 0.7428571428571429

m: 5.857142857142857

Residual: 0.32820858849597384


n: 16.714285714285715

epsilon: 0.7428571428571429

m: 6.142857142857142

Residual: 0.2855613383216042


n: 16.714285714285715

epsilon: 0.7428571428571429

m: 6.428571428571429

Residual: 0.24437691732206623


n: 16.714285714285715

epsilon: 0.7428571428571429

m: 6.714285714285714

Residual: 0.20157846504487045


n: 16.714285714285715

epsilon: 0.7428571428571429

m: 7.0

Residual: 0.16154086016690503


n: 16.714285714285715

epsilon: 0.8714285714285716

m: 5.0

Residual: 0.5343757041105518


n: 16.714285714285715

epsilon: 0.8714285714285716

m: 5.285714285714286

Residual: 0.4864224942370436


n: 16.714285714285715

epsilon: 0.8714285714285716

m: 5.571428571428571

Residual: 0.4430334264734863


n: 16.714285714285715

epsilon: 0.8714285714285716

m: 5.857142857142857

Residual: 0.3963328603855621


n: 16.714285714285715

epsilon: 0.8714285714285716

m: 6.142857142857142

Residual: 0.35447619353271165


n: 16.714285714285715

epsilon: 0.8714285714285716

m: 6.428571428571429

Residual: 0.3188155481361494


n: 16.714285714285715

epsilon: 0.8714285714285716

m: 6.714285714285714

Residual: 0.2743158983863629


n: 16.714285714285715

epsilon: 0.8714285714285716

m: 7.0

Residual: 0.23882176368534752


n: 16.714285714285715

epsilon: 1.0000000000000002

m: 5.0

Residual: 0.5823409989291742


n: 16.714285714285715

epsilon: 1.0000000000000002

m: 5.285714285714286

Residual: 0.5392428635610284


n: 16.714285714285715

epsilon: 1.0000000000000002

m: 5.571428571428571

Residual: 0.49659415475625895


n: 16.714285714285715

epsilon: 1.0000000000000002

m: 5.857142857142857

Residual: 0.45411410912511924


n: 16.714285714285715

epsilon: 1.0000000000000002

m: 6.142857142857142

Residual: 0.415951634300009


n: 16.714285714285715

epsilon: 1.0000000000000002

m: 6.428571428571429

Residual: 0.37077537397685467


n: 16.714285714285715

epsilon: 1.0000000000000002

m: 6.714285714285714

Residual: 0.3320249423380254


n: 16.714285714285715

epsilon: 1.0000000000000002

m: 7.0

Residual: 0.29812699669266884


n: 21.42857142857143

epsilon: 0.1

m: 5.0

Residual: 0.5063899265260696


n: 21.42857142857143

epsilon: 0.1

m: 5.285714285714286

Residual: 0.5527879897104011


n: 21.42857142857143

epsilon: 0.1

m: 5.571428571428571

Residual: 0.5935608170155434


n: 21.42857142857143

epsilon: 0.1

m: 5.857142857142857

Residual: 0.6296808059954825


n: 21.42857142857143

epsilon: 0.1

m: 6.142857142857142

Residual: 0.6625784431041702


n: 21.42857142857143

epsilon: 0.1

m: 6.428571428571429

Residual: 0.6890324887566005


n: 21.42857142857143

epsilon: 0.1

m: 6.714285714285714

Residual: 0.7101091485171704


n: 21.42857142857143

epsilon: 0.1

m: 7.0

Residual: 0.7332271306391585


n: 21.42857142857143

epsilon: 0.2285714285714286

m: 5.0

Residual: 0.16918289662763045


n: 21.42857142857143

epsilon: 0.2285714285714286

m: 5.285714285714286

Residual: 0.20739904489431288


n: 21.42857142857143

epsilon: 0.2285714285714286

m: 5.571428571428571

Residual: 0.2625913917973272


n: 21.42857142857143

epsilon: 0.2285714285714286

m: 5.857142857142857

Residual: 0.31773871432419754


n: 21.42857142857143

epsilon: 0.2285714285714286

m: 6.142857142857142

Residual: 0.36035317456260696


n: 21.42857142857143

epsilon: 0.2285714285714286

m: 6.428571428571429

Residual: 0.40353730556569195


n: 21.42857142857143

epsilon: 0.2285714285714286

m: 6.714285714285714

Residual: 0.445047400180472


n: 21.42857142857143

epsilon: 0.2285714285714286

m: 7.0

Residual: 0.4732094300707902


n: 21.42857142857143

epsilon: 0.3571428571428572

m: 5.0

Residual: 0.13272228900782654


n: 21.42857142857143

epsilon: 0.3571428571428572

m: 5.285714285714286

Residual: 0.1027953511840629


n: 21.42857142857143

epsilon: 0.3571428571428572

m: 5.571428571428571

Residual: 0.08880202498555954


n: 21.42857142857143

epsilon: 0.3571428571428572

m: 5.857142857142857

Residual: 0.1012428245276021


n: 21.42857142857143

epsilon: 0.3571428571428572

m: 6.142857142857142

Residual: 0.15240747462895318


n: 21.42857142857143

epsilon: 0.3571428571428572

m: 6.428571428571429

Residual: 0.19913379072914347


n: 21.42857142857143

epsilon: 0.3571428571428572

m: 6.714285714285714

Residual: 0.2509057516534795


n: 21.42857142857143

epsilon: 0.3571428571428572

m: 7.0

Residual: 0.2848259822025208


n: 21.42857142857143

epsilon: 0.48571428571428577

m: 5.0

Residual: 0.22769528748788428


n: 21.42857142857143

epsilon: 0.48571428571428577

m: 5.285714285714286

Residual: 0.1701440460833902


n: 21.42857142857143

epsilon: 0.48571428571428577

m: 5.571428571428571

Residual: 0.12114263071582083


n: 21.42857142857143

epsilon: 0.48571428571428577

m: 5.857142857142857

Residual: 0.08245711921903738


n: 21.42857142857143

epsilon: 0.48571428571428577

m: 6.142857142857142

Residual: 0.047317124521995685


n: 21.42857142857143

epsilon: 0.48571428571428577

m: 6.428571428571429

Residual: 0.05025827918009368


n: 21.42857142857143

epsilon: 0.48571428571428577

m: 6.714285714285714

Residual: 0.09829674475772085


n: 21.42857142857143

epsilon: 0.48571428571428577

m: 7.0

Residual: 0.13700168592856338


n: 21.42857142857143

epsilon: 0.6142857142857143

m: 5.0

Residual: 0.33485902577608867


n: 21.42857142857143

epsilon: 0.6142857142857143

m: 5.285714285714286

Residual: 0.27938827139205064


n: 21.42857142857143

epsilon: 0.6142857142857143

m: 5.571428571428571

Residual: 0.22014057877168802


n: 21.42857142857143

epsilon: 0.6142857142857143

m: 5.857142857142857

Residual: 0.16368773971989586


n: 21.42857142857143

epsilon: 0.6142857142857143

m: 6.142857142857142

Residual: 0.11283479516779586


n: 21.42857142857143

epsilon: 0.6142857142857143

m: 6.428571428571429

Residual: 0.07132053079423671


n: 21.42857142857143

epsilon: 0.6142857142857143

m: 6.714285714285714

Residual: 0.03710552999081619


n: 21.42857142857143

epsilon: 0.6142857142857143

m: 7.0

Residual: 0.037506324026230546


n: 21.42857142857143

epsilon: 0.7428571428571429

m: 5.0

Residual: 0.41809747750583814


n: 21.42857142857143

epsilon: 0.7428571428571429

m: 5.285714285714286

Residual: 0.36144655901535544


n: 21.42857142857143

epsilon: 0.7428571428571429

m: 5.571428571428571

Residual: 0.31549776238694616


n: 21.42857142857143

epsilon: 0.7428571428571429

m: 5.857142857142857

Residual: 0.25891176423284434


n: 21.42857142857143

epsilon: 0.7428571428571429

m: 6.142857142857142

Residual: 0.20393776862284446


n: 21.42857142857143

epsilon: 0.7428571428571429

m: 6.428571428571429

Residual: 0.16051890096388813


n: 21.42857142857143

epsilon: 0.7428571428571429

m: 6.714285714285714

Residual: 0.11259791488291696


n: 21.42857142857143

epsilon: 0.7428571428571429

m: 7.0

Residual: 0.06933749210972757


n: 21.42857142857143

epsilon: 0.8714285714285716

m: 5.0

Residual: 0.48312383541959014


n: 21.42857142857143

epsilon: 0.8714285714285716

m: 5.285714285714286

Residual: 0.43129723251717883


n: 21.42857142857143

epsilon: 0.8714285714285716

m: 5.571428571428571

Residual: 0.37906056671968635


n: 21.42857142857143

epsilon: 0.8714285714285716

m: 5.857142857142857

Residual: 0.32965135655200767


n: 21.42857142857143

epsilon: 0.8714285714285716

m: 6.142857142857142

Residual: 0.28749652090797


n: 21.42857142857143

epsilon: 0.8714285714285716

m: 6.428571428571429

Residual: 0.23684711333877026


n: 21.42857142857143

epsilon: 0.8714285714285716

m: 6.714285714285714

Residual: 0.19267250395964516


n: 21.42857142857143

epsilon: 0.8714285714285716

m: 7.0

Residual: 0.15165813597959288


n: 21.42857142857143

epsilon: 1.0000000000000002

m: 5.0

Residual: 0.5301876463103995


n: 21.42857142857143

epsilon: 1.0000000000000002

m: 5.285714285714286

Residual: 0.48382271210976074


n: 21.42857142857143

epsilon: 1.0000000000000002

m: 5.571428571428571

Residual: 0.43932856675028653


n: 21.42857142857143

epsilon: 1.0000000000000002

m: 5.857142857142857

Residual: 0.39091853353584205


n: 21.42857142857143

epsilon: 1.0000000000000002

m: 6.142857142857142

Residual: 0.3432258269072014


n: 21.42857142857143

epsilon: 1.0000000000000002

m: 6.428571428571429

Residual: 0.30150796474643826


n: 21.42857142857143

epsilon: 1.0000000000000002

m: 6.714285714285714

Residual: 0.26033003089970197


n: 21.42857142857143

epsilon: 1.0000000000000002

m: 7.0

Residual: 0.2220128177082502


n: 26.142857142857142

epsilon: 0.1

m: 5.0

Residual: 0.541458036236025


n: 26.142857142857142

epsilon: 0.1

m: 5.285714285714286

Residual: 0.5880131424349676


n: 26.142857142857142

epsilon: 0.1

m: 5.571428571428571

Residual: 0.6252978940362701


n: 26.142857142857142

epsilon: 0.1

m: 5.857142857142857

Residual: 0.6605983550895547


n: 26.142857142857142

epsilon: 0.1

m: 6.142857142857142

Residual: 0.6888623973306248


n: 26.142857142857142

epsilon: 0.1

m: 6.428571428571429

Residual: 0.7140754399618525


n: 26.142857142857142

epsilon: 0.1

m: 6.714285714285714

Residual: 0.7364793696890872


n: 26.142857142857142

epsilon: 0.1

m: 7.0

Residual: 0.7577911287527441


n: 26.142857142857142

epsilon: 0.2285714285714286

m: 5.0

Residual: 0.19469771829383975


n: 26.142857142857142

epsilon: 0.2285714285714286

m: 5.285714285714286

Residual: 0.2553129553307955


n: 26.142857142857142

epsilon: 0.2285714285714286

m: 5.571428571428571

Residual: 0.31079858372769353


n: 26.142857142857142

epsilon: 0.2285714285714286

m: 5.857142857142857

Residual: 0.36420685859997853


n: 26.142857142857142

epsilon: 0.2285714285714286

m: 6.142857142857142

Residual: 0.40595562986462275


n: 26.142857142857142

epsilon: 0.2285714285714286

m: 6.428571428571429

Residual: 0.4539115688978461


n: 26.142857142857142

epsilon: 0.2285714285714286

m: 6.714285714285714

Residual: 0.48547824066499157


n: 26.142857142857142

epsilon: 0.2285714285714286

m: 7.0

Residual: 0.5184359810655299


n: 26.142857142857142

epsilon: 0.3571428571428572

m: 5.0

Residual: 0.11637223866157381


n: 26.142857142857142

epsilon: 0.3571428571428572

m: 5.285714285714286

Residual: 0.09832076522878005


n: 26.142857142857142

epsilon: 0.3571428571428572

m: 5.571428571428571

Residual: 0.10946439285596006


n: 26.142857142857142

epsilon: 0.3571428571428572

m: 5.857142857142857

Residual: 0.15730636366315306


n: 26.142857142857142

epsilon: 0.3571428571428572

m: 6.142857142857142

Residual: 0.21226089574373821


n: 26.142857142857142

epsilon: 0.3571428571428572

m: 6.428571428571429

Residual: 0.2492297226035298


n: 26.142857142857142

epsilon: 0.3571428571428572

m: 6.714285714285714

Residual: 0.2948303833427365


n: 26.142857142857142

epsilon: 0.3571428571428572

m: 7.0

Residual: 0.3427726486894216


n: 26.142857142857142

epsilon: 0.48571428571428577

m: 5.0

Residual: 0.18503109538546303


n: 26.142857142857142

epsilon: 0.48571428571428577

m: 5.285714285714286

Residual: 0.13257604870511475


n: 26.142857142857142

epsilon: 0.48571428571428577

m: 5.571428571428571

Residual: 0.08735063927571382


n: 26.142857142857142

epsilon: 0.48571428571428577

m: 5.857142857142857

Residual: 0.06387730214945389


n: 26.142857142857142

epsilon: 0.48571428571428577

m: 6.142857142857142

Residual: 0.05492952845578731


n: 26.142857142857142

epsilon: 0.48571428571428577

m: 6.428571428571429

Residual: 0.111185387749114


n: 26.142857142857142

epsilon: 0.48571428571428577

m: 6.714285714285714

Residual: 0.15335620864281838


n: 26.142857142857142

epsilon: 0.48571428571428577

m: 7.0

Residual: 0.20340104096042846


n: 26.142857142857142

epsilon: 0.6142857142857143

m: 5.0

Residual: 0.29345397704012527


n: 26.142857142857142

epsilon: 0.6142857142857143

m: 5.285714285714286

Residual: 0.23029497917093228


n: 26.142857142857142

epsilon: 0.6142857142857143

m: 5.571428571428571

Residual: 0.16875461548367732


n: 26.142857142857142

epsilon: 0.6142857142857143

m: 5.857142857142857

Residual: 0.12059799851877964


n: 26.142857142857142

epsilon: 0.6142857142857143

m: 6.142857142857142

Residual: 0.06759008956795894


n: 26.142857142857142

epsilon: 0.6142857142857143

m: 6.428571428571429

Residual: 0.03181574120674109


n: 26.142857142857142

epsilon: 0.6142857142857143

m: 6.714285714285714

Residual: 0.03821716345200204


n: 26.142857142857142

epsilon: 0.6142857142857143

m: 7.0

Residual: 0.0773112000785417


n: 26.142857142857142

epsilon: 0.7428571428571429

m: 5.0

Residual: 0.3783674854246908


n: 26.142857142857142

epsilon: 0.7428571428571429

m: 5.285714285714286

Residual: 0.31667454326565503


n: 26.142857142857142

epsilon: 0.7428571428571429

m: 5.571428571428571

Residual: 0.26217633279272656


n: 26.142857142857142

epsilon: 0.7428571428571429

m: 5.857142857142857

Residual: 0.2038183243493864


n: 26.142857142857142

epsilon: 0.7428571428571429

m: 6.142857142857142

Residual: 0.15682547119911663


n: 26.142857142857142

epsilon: 0.7428571428571429

m: 6.428571428571429

Residual: 0.11011550259976674


n: 26.142857142857142

epsilon: 0.7428571428571429

m: 6.714285714285714

Residual: 0.05742363075331198


n: 26.142857142857142

epsilon: 0.7428571428571429

m: 7.0

Residual: 0.034829699753969316


n: 26.142857142857142

epsilon: 0.8714285714285716

m: 5.0

Residual: 0.44287145929183225


n: 26.142857142857142

epsilon: 0.8714285714285716

m: 5.285714285714286

Residual: 0.3905801644861743


n: 26.142857142857142

epsilon: 0.8714285714285716

m: 5.571428571428571

Residual: 0.33656009567216266


n: 26.142857142857142

epsilon: 0.8714285714285716

m: 5.857142857142857

Residual: 0.2809229862863991


n: 26.142857142857142

epsilon: 0.8714285714285716

m: 6.142857142857142

Residual: 0.23708592649179577


n: 26.142857142857142

epsilon: 0.8714285714285716

m: 6.428571428571429

Residual: 0.18245010420595584


n: 26.142857142857142

epsilon: 0.8714285714285716

m: 6.714285714285714

Residual: 0.1366017169987205


n: 26.142857142857142

epsilon: 0.8714285714285716

m: 7.0

Residual: 0.09431719597205666


n: 26.142857142857142

epsilon: 1.0000000000000002

m: 5.0

Residual: 0.49705705090777913


n: 26.142857142857142

epsilon: 1.0000000000000002

m: 5.285714285714286

Residual: 0.44104578988191584


n: 26.142857142857142

epsilon: 1.0000000000000002

m: 5.571428571428571

Residual: 0.39420680445037576


n: 26.142857142857142

epsilon: 1.0000000000000002

m: 5.857142857142857

Residual: 0.3427966307011013


n: 26.142857142857142

epsilon: 1.0000000000000002

m: 6.142857142857142

Residual: 0.29579127890958135


n: 26.142857142857142

epsilon: 1.0000000000000002

m: 6.428571428571429

Residual: 0.2432118856774239


n: 26.142857142857142

epsilon: 1.0000000000000002

m: 6.714285714285714

Residual: 0.20310203367589022


n: 26.142857142857142

epsilon: 1.0000000000000002

m: 7.0

Residual: 0.1642144209772034


n: 30.857142857142858

epsilon: 0.1

m: 5.0

Residual: 0.5640548005653249


n: 30.857142857142858

epsilon: 0.1

m: 5.285714285714286

Residual: 0.6083592866580702


n: 30.857142857142858

epsilon: 0.1

m: 5.571428571428571

Residual: 0.6490810622614931


n: 30.857142857142858

epsilon: 0.1

m: 5.857142857142857

Residual: 0.6824472379175377


n: 30.857142857142858

epsilon: 0.1

m: 6.142857142857142

Residual: 0.7121244900759937


n: 30.857142857142858

epsilon: 0.1

m: 6.428571428571429

Residual: 0.7351550417613433


n: 30.857142857142858

epsilon: 0.1

m: 6.714285714285714

Residual: 0.7577780704361157


n: 30.857142857142858

epsilon: 0.1

m: 7.0

Residual: 0.7749156814442898


n: 30.857142857142858

epsilon: 0.2285714285714286

m: 5.0

Residual: 0.22671422182501194


n: 30.857142857142858

epsilon: 0.2285714285714286

m: 5.285714285714286

Residual: 0.28479668704191397


n: 30.857142857142858

epsilon: 0.2285714285714286

m: 5.571428571428571

Residual: 0.34532006892616157


n: 30.857142857142858

epsilon: 0.2285714285714286

m: 5.857142857142857

Residual: 0.39392211907144253


n: 30.857142857142858

epsilon: 0.2285714285714286

m: 6.142857142857142

Residual: 0.44110222538805277


n: 30.857142857142858

epsilon: 0.2285714285714286

m: 6.428571428571429

Residual: 0.4800534276169178


n: 30.857142857142858

epsilon: 0.2285714285714286

m: 6.714285714285714

Residual: 0.5236880290615383


n: 30.857142857142858

epsilon: 0.2285714285714286

m: 7.0

Residual: 0.5525892647128205


n: 30.857142857142858

epsilon: 0.3571428571428572

m: 5.0

Residual: 0.11158325027326121


n: 30.857142857142858

epsilon: 0.3571428571428572

m: 5.285714285714286

Residual: 0.10949849593489025


n: 30.857142857142858

epsilon: 0.3571428571428572

m: 5.571428571428571

Residual: 0.13229442713115844


n: 30.857142857142858

epsilon: 0.3571428571428572

m: 5.857142857142857

Residual: 0.1935210725830262


n: 30.857142857142858

epsilon: 0.3571428571428572

m: 6.142857142857142

Residual: 0.2481265655905675


n: 30.857142857142858

epsilon: 0.3571428571428572

m: 6.428571428571429

Residual: 0.2931914174309725


n: 30.857142857142858

epsilon: 0.3571428571428572

m: 6.714285714285714

Residual: 0.3405667783462236


n: 30.857142857142858

epsilon: 0.3571428571428572

m: 7.0

Residual: 0.3819381699670741


n: 30.857142857142858

epsilon: 0.48571428571428577

m: 5.0

Residual: 0.1586734174838918


n: 30.857142857142858

epsilon: 0.48571428571428577

m: 5.285714285714286

Residual: 0.11088094006603308


n: 30.857142857142858

epsilon: 0.48571428571428577

m: 5.571428571428571

Residual: 0.07508846621360113


n: 30.857142857142858

epsilon: 0.48571428571428577

m: 5.857142857142857

Residual: 0.06782067101461642


n: 30.857142857142858

epsilon: 0.48571428571428577

m: 6.142857142857142

Residual: 0.09474875015429908


n: 30.857142857142858

epsilon: 0.48571428571428577

m: 6.428571428571429

Residual: 0.14616821470669228


n: 30.857142857142858

epsilon: 0.48571428571428577

m: 6.714285714285714

Residual: 0.19212419388964738


n: 30.857142857142858

epsilon: 0.48571428571428577

m: 7.0

Residual: 0.24241241872570501


n: 30.857142857142858

epsilon: 0.6142857142857143

m: 5.0

Residual: 0.26337870089728915


n: 30.857142857142858

epsilon: 0.6142857142857143

m: 5.285714285714286

Residual: 0.1997772660411354


n: 30.857142857142858

epsilon: 0.6142857142857143

m: 5.571428571428571

Residual: 0.1406563427792828


n: 30.857142857142858

epsilon: 0.6142857142857143

m: 5.857142857142857

Residual: 0.09055745257072709


n: 30.857142857142858

epsilon: 0.6142857142857143

m: 6.142857142857142

Residual: 0.0436900143128908


n: 30.857142857142858

epsilon: 0.6142857142857143

m: 6.428571428571429

Residual: 0.03038218648713558


n: 30.857142857142858

epsilon: 0.6142857142857143

m: 6.714285714285714

Residual: 0.0770952887944201


n: 30.857142857142858

epsilon: 0.6142857142857143

m: 7.0

Residual: 0.1270674958037072


n: 30.857142857142858

epsilon: 0.7428571428571429

m: 5.0

Residual: 0.34665180857317407


n: 30.857142857142858

epsilon: 0.7428571428571429

m: 5.285714285714286

Residual: 0.2843167270774609


n: 30.857142857142858

epsilon: 0.7428571428571429

m: 5.571428571428571

Residual: 0.22550043473303533


n: 30.857142857142858

epsilon: 0.7428571428571429

m: 5.857142857142857

Residual: 0.16942219593001234


n: 30.857142857142858

epsilon: 0.7428571428571429

m: 6.142857142857142

Residual: 0.11921329669791249


n: 30.857142857142858

epsilon: 0.7428571428571429

m: 6.428571428571429

Residual: 0.06740018888923907


n: 30.857142857142858

epsilon: 0.7428571428571429

m: 6.714285714285714

Residual: 0.030862046180664276


n: 30.857142857142858

epsilon: 0.7428571428571429

m: 7.0

Residual: 0.04037434410698759


n: 30.857142857142858

epsilon: 0.8714285714285716

m: 5.0

Residual: 0.41659530601543215


n: 30.857142857142858

epsilon: 0.8714285714285716

m: 5.285714285714286

Residual: 0.35997382493611957


n: 30.857142857142858

epsilon: 0.8714285714285716

m: 5.571428571428571

Residual: 0.3006287781782943


n: 30.857142857142858

epsilon: 0.8714285714285716

m: 5.857142857142857

Residual: 0.24479729310713927


n: 30.857142857142858

epsilon: 0.8714285714285716

m: 6.142857142857142

Residual: 0.1911563527176571


n: 30.857142857142858

epsilon: 0.8714285714285716

m: 6.428571428571429

Residual: 0.14634614823592895


n: 30.857142857142858

epsilon: 0.8714285714285716

m: 6.714285714285714

Residual: 0.09248473461430186


n: 30.857142857142858

epsilon: 0.8714285714285716

m: 7.0

Residual: 0.05469061644060153


n: 30.857142857142858

epsilon: 1.0000000000000002

m: 5.0

Residual: 0.47160059418549216


n: 30.857142857142858

epsilon: 1.0000000000000002

m: 5.285714285714286

Residual: 0.4151312219873565


n: 30.857142857142858

epsilon: 1.0000000000000002

m: 5.571428571428571

Residual: 0.3652197406369123


n: 30.857142857142858

epsilon: 1.0000000000000002

m: 5.857142857142857

Residual: 0.3102597338436371


n: 30.857142857142858

epsilon: 1.0000000000000002

m: 6.142857142857142

Residual: 0.2600227005747257


n: 30.857142857142858

epsilon: 1.0000000000000002

m: 6.428571428571429

Residual: 0.21126127429387254


n: 30.857142857142858

epsilon: 1.0000000000000002

m: 6.714285714285714

Residual: 0.1652820597278931


n: 30.857142857142858

epsilon: 1.0000000000000002

m: 7.0

Residual: 0.11414569192306105


n: 35.57142857142857

epsilon: 0.1

m: 5.0

Residual: 0.5824930263481897


n: 35.57142857142857

epsilon: 0.1

m: 5.285714285714286

Residual: 0.6291966383877998


n: 35.57142857142857

epsilon: 0.1

m: 5.571428571428571

Residual: 0.662904683907228


n: 35.57142857142857

epsilon: 0.1

m: 5.857142857142857

Residual: 0.6955838811039301


n: 35.57142857142857

epsilon: 0.1

m: 6.142857142857142

Residual: 0.7269604267328061


n: 35.57142857142857

epsilon: 0.1

m: 6.428571428571429

Residual: 0.7470024397817754


n: 35.57142857142857

epsilon: 0.1

m: 6.714285714285714

Residual: 0.772003491495482


n: 35.57142857142857

epsilon: 0.1

m: 7.0

Residual: 0.7893275460505297


n: 35.57142857142857

epsilon: 0.2285714285714286

m: 5.0

Residual: 0.246898703145638


n: 35.57142857142857

epsilon: 0.2285714285714286

m: 5.285714285714286

Residual: 0.3120165035409013


n: 35.57142857142857

epsilon: 0.2285714285714286

m: 5.571428571428571

Residual: 0.37118612497293646


n: 35.57142857142857

epsilon: 0.2285714285714286

m: 5.857142857142857

Residual: 0.4207393177229287


n: 35.57142857142857

epsilon: 0.2285714285714286

m: 6.142857142857142

Residual: 0.46966894935687775


n: 35.57142857142857

epsilon: 0.2285714285714286

m: 6.428571428571429

Residual: 0.505527332777608


n: 35.57142857142857

epsilon: 0.2285714285714286

m: 6.714285714285714

Residual: 0.5419213185177542


n: 35.57142857142857

epsilon: 0.2285714285714286

m: 7.0

Residual: 0.5715217684670026


n: 35.57142857142857

epsilon: 0.3571428571428572

m: 5.0

Residual: 0.11759651896062673


n: 35.57142857142857

epsilon: 0.3571428571428572

m: 5.285714285714286

Residual: 0.11820943223162224


n: 35.57142857142857

epsilon: 0.3571428571428572

m: 5.571428571428571

Residual: 0.16282554971644242


n: 35.57142857142857

epsilon: 0.3571428571428572

m: 5.857142857142857

Residual: 0.22194392571280377


n: 35.57142857142857

epsilon: 0.3571428571428572

m: 6.142857142857142

Residual: 0.26967395839320507


n: 35.57142857142857

epsilon: 0.3571428571428572

m: 6.428571428571429

Residual: 0.3248559156349048


n: 35.57142857142857

epsilon: 0.3571428571428572

m: 6.714285714285714

Residual: 0.3689665573590916


n: 35.57142857142857

epsilon: 0.3571428571428572

m: 7.0

Residual: 0.40714444173617875


n: 35.57142857142857

epsilon: 0.48571428571428577

m: 5.0

Residual: 0.1402376906487643


n: 35.57142857142857

epsilon: 0.48571428571428577

m: 5.285714285714286

Residual: 0.09747636518324675


n: 35.57142857142857

epsilon: 0.48571428571428577

m: 5.571428571428571

Residual: 0.0727087552709889


n: 35.57142857142857

epsilon: 0.48571428571428577

m: 5.857142857142857

Residual: 0.07602899169025065


n: 35.57142857142857

epsilon: 0.48571428571428577

m: 6.142857142857142

Residual: 0.12983662612260843


n: 35.57142857142857

epsilon: 0.48571428571428577

m: 6.428571428571429

Residual: 0.18225856842876872


n: 35.57142857142857

epsilon: 0.48571428571428577

m: 6.714285714285714

Residual: 0.22419264080130624


n: 35.57142857142857

epsilon: 0.48571428571428577

m: 7.0

Residual: 0.269845419678873


n: 35.57142857142857

epsilon: 0.6142857142857143

m: 5.0

Residual: 0.2366269040279234


n: 35.57142857142857

epsilon: 0.6142857142857143

m: 5.285714285714286

Residual: 0.1711448047378293


n: 35.57142857142857

epsilon: 0.6142857142857143

m: 5.571428571428571

Residual: 0.11692291771805596


n: 35.57142857142857

epsilon: 0.6142857142857143

m: 5.857142857142857

Residual: 0.06592616366897118


n: 35.57142857142857

epsilon: 0.6142857142857143

m: 6.142857142857142

Residual: 0.0305951950581238


n: 35.57142857142857

epsilon: 0.6142857142857143

m: 6.428571428571429

Residual: 0.05862425689044652


n: 35.57142857142857

epsilon: 0.6142857142857143

m: 6.714285714285714

Residual: 0.12047676538654291


n: 35.57142857142857

epsilon: 0.6142857142857143

m: 7.0

Residual: 0.1581859448490915


n: 35.57142857142857

epsilon: 0.7428571428571429

m: 5.0

Residual: 0.3274311140129654


n: 35.57142857142857

epsilon: 0.7428571428571429

m: 5.285714285714286

Residual: 0.2588033758327836


n: 35.57142857142857

epsilon: 0.7428571428571429

m: 5.571428571428571

Residual: 0.20491822676408378


n: 35.57142857142857

epsilon: 0.7428571428571429

m: 5.857142857142857

Residual: 0.1393326946516761


n: 35.57142857142857

epsilon: 0.7428571428571429

m: 6.142857142857142

Residual: 0.08969703925347153


n: 35.57142857142857

epsilon: 0.7428571428571429

m: 6.428571428571429

Residual: 0.04304962402562858


n: 35.57142857142857

epsilon: 0.7428571428571429

m: 6.714285714285714

Residual: 0.025846918277740237


n: 35.57142857142857

epsilon: 0.7428571428571429

m: 7.0

Residual: 0.06457438072711129


n: 35.57142857142857

epsilon: 0.8714285714285716

m: 5.0

Residual: 0.3934775396618827


n: 35.57142857142857

epsilon: 0.8714285714285716

m: 5.285714285714286

Residual: 0.33452764858831807


n: 35.57142857142857

epsilon: 0.8714285714285716

m: 5.571428571428571

Residual: 0.27059474199739697


n: 35.57142857142857

epsilon: 0.8714285714285716

m: 5.857142857142857

Residual: 0.21845668278721772


n: 35.57142857142857

epsilon: 0.8714285714285716

m: 6.142857142857142

Residual: 0.1680129632346965


n: 35.57142857142857

epsilon: 0.8714285714285716

m: 6.428571428571429

Residual: 0.11161620366933243


n: 35.57142857142857

epsilon: 0.8714285714285716

m: 6.714285714285714

Residual: 0.05964877061952286


n: 35.57142857142857

epsilon: 0.8714285714285716

m: 7.0

Residual: 0.03847576122613238


n: 35.57142857142857

epsilon: 1.0000000000000002

m: 5.0

Residual: 0.4505909070437215


n: 35.57142857142857

epsilon: 1.0000000000000002

m: 5.285714285714286

Residual: 0.3937527583755578


n: 35.57142857142857

epsilon: 1.0000000000000002

m: 5.571428571428571

Residual: 0.3414519439625112


n: 35.57142857142857

epsilon: 1.0000000000000002

m: 5.857142857142857

Residual: 0.28302244058198733


n: 35.57142857142857

epsilon: 1.0000000000000002

m: 6.142857142857142

Residual: 0.2306048099597931


n: 35.57142857142857

epsilon: 1.0000000000000002

m: 6.428571428571429

Residual: 0.1837859213500292


n: 35.57142857142857

epsilon: 1.0000000000000002

m: 6.714285714285714

Residual: 0.127758868339023


n: 35.57142857142857

epsilon: 1.0000000000000002

m: 7.0

Residual: 0.09116041663079835


n: 40.285714285714285

epsilon: 0.1

m: 5.0

Residual: 0.5969899350996529


n: 40.285714285714285

epsilon: 0.1

m: 5.285714285714286

Residual: 0.6408144733030194


n: 40.285714285714285

epsilon: 0.1

m: 5.571428571428571

Residual: 0.678402035036901


n: 40.285714285714285

epsilon: 0.1

m: 5.857142857142857

Residual: 0.7095036727240104


n: 40.285714285714285

epsilon: 0.1

m: 6.142857142857142

Residual: 0.7355450753793938


n: 40.285714285714285

epsilon: 0.1

m: 6.428571428571429

Residual: 0.758734836046173


n: 40.285714285714285

epsilon: 0.1

m: 6.714285714285714

Residual: 0.7815475584735353


n: 40.285714285714285

epsilon: 0.1

m: 7.0

Residual: 0.7993007617067522


n: 40.285714285714285

epsilon: 0.2285714285714286

m: 5.0

Residual: 0.2674364368980549


n: 40.285714285714285

epsilon: 0.2285714285714286

m: 5.285714285714286

Residual: 0.33169630530387717


n: 40.285714285714285

epsilon: 0.2285714285714286

m: 5.571428571428571

Residual: 0.38567568125013274


n: 40.285714285714285

epsilon: 0.2285714285714286

m: 5.857142857142857

Residual: 0.4385052366313516


n: 40.285714285714285

epsilon: 0.2285714285714286

m: 6.142857142857142

Residual: 0.482348081276775


n: 40.285714285714285

epsilon: 0.2285714285714286

m: 6.428571428571429

Residual: 0.5189031870473536


n: 40.285714285714285

epsilon: 0.2285714285714286

m: 6.714285714285714

Residual: 0.5608756832218676


n: 40.285714285714285

epsilon: 0.2285714285714286

m: 7.0

Residual: 0.593793560074642


n: 40.285714285714285

epsilon: 0.3571428571428572

m: 5.0

Residual: 0.12075858359997908


n: 40.285714285714285

epsilon: 0.3571428571428572

m: 5.285714285714286

Residual: 0.1340124610643994


n: 40.285714285714285

epsilon: 0.3571428571428572

m: 5.571428571428571

Residual: 0.18435382577508647


n: 40.285714285714285

epsilon: 0.3571428571428572

m: 5.857142857142857

Residual: 0.24369577267806686


n: 40.285714285714285

epsilon: 0.3571428571428572

m: 6.142857142857142

Residual: 0.2969965637072758


n: 40.285714285714285

epsilon: 0.3571428571428572

m: 6.428571428571429

Residual: 0.3477268071808547


n: 40.285714285714285

epsilon: 0.3571428571428572

m: 6.714285714285714

Residual: 0.3870453315443202


n: 40.285714285714285

epsilon: 0.3571428571428572

m: 7.0

Residual: 0.42892100639855096


n: 40.285714285714285

epsilon: 0.48571428571428577

m: 5.0

Residual: 0.1261958583316981


n: 40.285714285714285

epsilon: 0.48571428571428577

m: 5.285714285714286

Residual: 0.09059496800893553


n: 40.285714285714285

epsilon: 0.48571428571428577

m: 5.571428571428571

Residual: 0.07317957769725245


n: 40.285714285714285

epsilon: 0.48571428571428577

m: 5.857142857142857

Residual: 0.09234661758828316


n: 40.285714285714285

epsilon: 0.48571428571428577

m: 6.142857142857142

Residual: 0.15179225681988578


n: 40.285714285714285

epsilon: 0.48571428571428577

m: 6.428571428571429

Residual: 0.20222491029637743


n: 40.285714285714285

epsilon: 0.48571428571428577

m: 6.714285714285714

Residual: 0.25843144575256655


n: 40.285714285714285

epsilon: 0.48571428571428577

m: 7.0

Residual: 0.2920790160736482


n: 40.285714285714285

epsilon: 0.6142857142857143

m: 5.0

Residual: 0.21811842742179857


n: 40.285714285714285

epsilon: 0.6142857142857143

m: 5.285714285714286

Residual: 0.14966582714228693


n: 40.285714285714285

epsilon: 0.6142857142857143

m: 5.571428571428571

Residual: 0.09528710771811985


n: 40.285714285714285

epsilon: 0.6142857142857143

m: 5.857142857142857

Residual: 0.05178688157601872


n: 40.285714285714285

epsilon: 0.6142857142857143

m: 6.142857142857142

Residual: 0.03834395717496069


n: 40.285714285714285

epsilon: 0.6142857142857143

m: 6.428571428571429

Residual: 0.08674308724884339


n: 40.285714285714285

epsilon: 0.6142857142857143

m: 6.714285714285714

Residual: 0.13397268053313816


n: 40.285714285714285

epsilon: 0.6142857142857143

m: 7.0

Residual: 0.18648454832385905


n: 40.285714285714285

epsilon: 0.7428571428571429

m: 5.0

Residual: 0.30609791082619


n: 40.285714285714285

epsilon: 0.7428571428571429

m: 5.285714285714286

Residual: 0.24011225720868207


n: 40.285714285714285

epsilon: 0.7428571428571429

m: 5.571428571428571

Residual: 0.18026293881664027


n: 40.285714285714285

epsilon: 0.7428571428571429

m: 5.857142857142857

Residual: 0.11475463821683334


n: 40.285714285714285

epsilon: 0.7428571428571429

m: 6.142857142857142

Residual: 0.06377357591867118


n: 40.285714285714285

epsilon: 0.7428571428571429

m: 6.428571428571429

Residual: 0.022872072084842796


n: 40.285714285714285

epsilon: 0.7428571428571429

m: 6.714285714285714

Residual: 0.04462647159469006


n: 40.285714285714285

epsilon: 0.7428571428571429

m: 7.0

Residual: 0.08692111080815362


n: 40.285714285714285

epsilon: 0.8714285714285716

m: 5.0

Residual: 0.37413176134496584


n: 40.285714285714285

epsilon: 0.8714285714285716

m: 5.285714285714286

Residual: 0.3115907292436241


n: 40.285714285714285

epsilon: 0.8714285714285716

m: 5.571428571428571

Residual: 0.2529340515705109


n: 40.285714285714285

epsilon: 0.8714285714285716

m: 5.857142857142857

Residual: 0.19904825075068192


n: 40.285714285714285

epsilon: 0.8714285714285716

m: 6.142857142857142

Residual: 0.14050302105146828


n: 40.285714285714285

epsilon: 0.8714285714285716

m: 6.428571428571429

Residual: 0.09259461337961365


n: 40.285714285714285

epsilon: 0.8714285714285716

m: 6.714285714285714

Residual: 0.043878202161543346


n: 40.285714285714285

epsilon: 0.8714285714285716

m: 7.0

Residual: 0.0378400729082987


n: 40.285714285714285

epsilon: 1.0000000000000002

m: 5.0

Residual: 0.431966890982036


n: 40.285714285714285

epsilon: 1.0000000000000002

m: 5.285714285714286

Residual: 0.3731853272742858


n: 40.285714285714285

epsilon: 1.0000000000000002

m: 5.571428571428571

Residual: 0.3156044012055709


n: 40.285714285714285

epsilon: 1.0000000000000002

m: 5.857142857142857

Residual: 0.26156107431950903


n: 40.285714285714285

epsilon: 1.0000000000000002

m: 6.142857142857142

Residual: 0.20049118125754528


n: 40.285714285714285

epsilon: 1.0000000000000002

m: 6.428571428571429

Residual: 0.1483391060604051


n: 40.285714285714285

epsilon: 1.0000000000000002

m: 6.714285714285714

Residual: 0.11017080502147567


n: 40.285714285714285

epsilon: 1.0000000000000002

m: 7.0

Residual: 0.06636743458226682


n: 45.0

epsilon: 0.1

m: 5.0

Residual: 0.6074376023706478


n: 45.0

epsilon: 0.1

m: 5.285714285714286

Residual: 0.6499652061487454


n: 45.0

epsilon: 0.1

m: 5.571428571428571

Residual: 0.6857796879083881


n: 45.0

epsilon: 0.1

m: 5.857142857142857

Residual: 0.716123760982209


n: 45.0

epsilon: 0.1

m: 6.142857142857142

Residual: 0.7439233261624351


n: 45.0

epsilon: 0.1

m: 6.428571428571429

Residual: 0.7689035882165555


n: 45.0

epsilon: 0.1

m: 6.714285714285714

Residual: 0.7864586208685309


n: 45.0

epsilon: 0.1

m: 7.0

Residual: 0.8063055056167608


n: 45.0

epsilon: 0.2285714285714286

m: 5.0

Residual: 0.2855970412489582


n: 45.0

epsilon: 0.2285714285714286

m: 5.285714285714286

Residual: 0.34822085729377555


n: 45.0

epsilon: 0.2285714285714286

m: 5.571428571428571

Residual: 0.4018860563409212


n: 45.0

epsilon: 0.2285714285714286

m: 5.857142857142857

Residual: 0.4590996627705858


n: 45.0

epsilon: 0.2285714285714286

m: 6.142857142857142

Residual: 0.4958658730810478


n: 45.0

epsilon: 0.2285714285714286

m: 6.428571428571429

Residual: 0.5402191690644781


n: 45.0

epsilon: 0.2285714285714286

m: 6.714285714285714

Residual: 0.5760020382450491


n: 45.0

epsilon: 0.2285714285714286

m: 7.0

Residual: 0.6051039789892715


n: 45.0

epsilon: 0.3571428571428572

m: 5.0

Residual: 0.12470636948803436


n: 45.0

epsilon: 0.3571428571428572

m: 5.285714285714286

Residual: 0.15025209902958925


n: 45.0

epsilon: 0.3571428571428572

m: 5.571428571428571

Residual: 0.20244076211404322


n: 45.0

epsilon: 0.3571428571428572

m: 5.857142857142857

Residual: 0.25628819496115246


n: 45.0

epsilon: 0.3571428571428572

m: 6.142857142857142

Residual: 0.3088481324650971


n: 45.0

epsilon: 0.3571428571428572

m: 6.428571428571429

Residual: 0.3618938536402678


n: 45.0

epsilon: 0.3571428571428572

m: 6.714285714285714

Residual: 0.40475311782349166


n: 45.0

epsilon: 0.3571428571428572

m: 7.0

Residual: 0.4480101048313881


n: 45.0

epsilon: 0.48571428571428577

m: 5.0

Residual: 0.12361856552085702


n: 45.0

epsilon: 0.48571428571428577

m: 5.285714285714286

Residual: 0.09120490087717041


n: 45.0

epsilon: 0.48571428571428577

m: 5.571428571428571

Residual: 0.08168438360289247


n: 45.0

epsilon: 0.48571428571428577

m: 5.857142857142857

Residual: 0.11707386877327465


n: 45.0

epsilon: 0.48571428571428577

m: 6.142857142857142

Residual: 0.16699593075569993


n: 45.0

epsilon: 0.48571428571428577

m: 6.428571428571429

Residual: 0.22707524973634938


n: 45.0

epsilon: 0.48571428571428577

m: 6.714285714285714

Residual: 0.2713570365545029


n: 45.0

epsilon: 0.48571428571428577

m: 7.0

Residual: 0.30774203446453696


n: 45.0

epsilon: 0.6142857142857143

m: 5.0

Residual: 0.2002363420299428


n: 45.0

epsilon: 0.6142857142857143

m: 5.285714285714286

Residual: 0.13465542866677677


n: 45.0

epsilon: 0.6142857142857143

m: 5.571428571428571

Residual: 0.08129896898969699


n: 45.0

epsilon: 0.6142857142857143

m: 5.857142857142857

Residual: 0.048521477877696714


n: 45.0

epsilon: 0.6142857142857143

m: 6.142857142857142

Residual: 0.05321186787363434


n: 45.0

epsilon: 0.6142857142857143

m: 6.428571428571429

Residual: 0.10814368859685802


n: 45.0

epsilon: 0.6142857142857143

m: 6.714285714285714

Residual: 0.15416885738070513


n: 45.0

epsilon: 0.6142857142857143

m: 7.0

Residual: 0.206672125175083


n: 45.0

epsilon: 0.7428571428571429

m: 5.0

Residual: 0.29051234396139414


n: 45.0

epsilon: 0.7428571428571429

m: 5.285714285714286

Residual: 0.22188404687987706


n: 45.0

epsilon: 0.7428571428571429

m: 5.571428571428571

Residual: 0.15977915150550676


n: 45.0

epsilon: 0.7428571428571429

m: 5.857142857142857

Residual: 0.10129299844983876


n: 45.0

epsilon: 0.7428571428571429

m: 6.142857142857142

Residual: 0.050085645807848946


n: 45.0

epsilon: 0.7428571428571429

m: 6.428571428571429

Residual: 0.01920216664038638


n: 45.0

epsilon: 0.7428571428571429

m: 6.714285714285714

Residual: 0.06642090828698911


n: 45.0

epsilon: 0.7428571428571429

m: 7.0

Residual: 0.11244914768274468


n: 45.0

epsilon: 0.8714285714285716

m: 5.0

Residual: 0.35834415165959077


n: 45.0

epsilon: 0.8714285714285716

m: 5.285714285714286

Residual: 0.29739256987362556


n: 45.0

epsilon: 0.8714285714285716

m: 5.571428571428571

Residual: 0.24277900682551062


n: 45.0

epsilon: 0.8714285714285716

m: 5.857142857142857

Residual: 0.17874215284785006


n: 45.0

epsilon: 0.8714285714285716

m: 6.142857142857142

Residual: 0.11288317840376157


n: 45.0

epsilon: 0.8714285714285716

m: 6.428571428571429

Residual: 0.05828116591084171


n: 45.0

epsilon: 0.8714285714285716

m: 6.714285714285714

Residual: 0.028506617437698754


n: 45.0

epsilon: 0.8714285714285716

m: 7.0

Residual: 0.04186140800148977


n: 45.0

epsilon: 1.0000000000000002

m: 5.0

Residual: 0.41819197558248383


n: 45.0

epsilon: 1.0000000000000002

m: 5.285714285714286

Residual: 0.3582712560631314


n: 45.0

epsilon: 1.0000000000000002

m: 5.571428571428571

Residual: 0.30556935394800616


n: 45.0

epsilon: 1.0000000000000002

m: 5.857142857142857

Residual: 0.24596848395433724


n: 45.0

epsilon: 1.0000000000000002

m: 6.142857142857142

Residual: 0.18829019430166874


n: 45.0

epsilon: 1.0000000000000002

m: 6.428571428571429

Residual: 0.13357371365137968


n: 45.0

epsilon: 1.0000000000000002

m: 6.714285714285714

Residual: 0.08432975719263625


n: 45.0

epsilon: 1.0000000000000002

m: 7.0

Residual: 0.055069367520424475


