m: 5.0

epsilon: 0.1

n: 12.0

Residual: 0.33008557090731255


m: 5.0

epsilon: 0.1

n: 12.0

Residual: 0.3290966836861665


m: 5.0

epsilon: 0.1

n: 16.714285714285715

Residual: 0.4311848544811284


m: 5.0

epsilon: 0.1

n: 21.42857142857143

Residual: 0.4873164677424039


m: 5.0

epsilon: 0.1

n: 26.142857142857142

Residual: 0.5235085556658001


m: 5.0

epsilon: 0.1

n: 30.857142857142858

Residual: 0.5477202559243843


m: 5.0

epsilon: 0.1

n: 35.57142857142857

Residual: 0.5671975096701037


m: 5.0

epsilon: 0.1

n: 40.285714285714285

Residual: 0.580010845335426


m: 5.0

epsilon: 0.1

n: 45.0

Residual: 0.5927016060590747


m: 5.0

epsilon: 0.2285714285714286

n: 12.0

Residual: 0.13155961521073564


m: 5.0

epsilon: 0.2285714285714286

n: 16.714285714285715

Residual: 0.10589039533938366


m: 5.0

epsilon: 0.2285714285714286

n: 21.42857142857143

Residual: 0.134815482788142


m: 5.0

epsilon: 0.2285714285714286

n: 26.142857142857142

Residual: 0.16882336304645323


m: 5.0

epsilon: 0.2285714285714286

n: 30.857142857142858

Residual: 0.19991345889197562


m: 5.0

epsilon: 0.2285714285714286

n: 35.57142857142857

Residual: 0.22608390778209678


m: 5.0

epsilon: 0.2285714285714286

n: 40.285714285714285

Residual: 0.24552970251263204


m: 5.0

epsilon: 0.2285714285714286

n: 45.0

Residual: 0.2602000719234146


m: 5.0

epsilon: 0.3571428571428572

n: 12.0

Residual: 0.2858107243965888


m: 5.0

epsilon: 0.3571428571428572

n: 16.714285714285715

Residual: 0.17849844655996652


m: 5.0

epsilon: 0.3571428571428572

n: 21.42857142857143

Residual: 0.12218627450912405


m: 5.0

epsilon: 0.3571428571428572

n: 26.142857142857142

Residual: 0.09439604607106263


m: 5.0

epsilon: 0.3571428571428572

n: 30.857142857142858

Residual: 0.08557400298894142


m: 5.0

epsilon: 0.3571428571428572

n: 35.57142857142857

Residual: 0.08345504891783799


m: 5.0

epsilon: 0.3571428571428572

n: 40.285714285714285

Residual: 0.08622122510875159


m: 5.0

epsilon: 0.3571428571428572

n: 45.0

Residual: 0.0891393595351667


m: 5.0

epsilon: 0.48571428571428577

n: 12.0

Residual: 0.4202094403125236


m: 5.0

epsilon: 0.48571428571428577

n: 16.714285714285715

Residual: 0.31704617427038295


m: 5.0

epsilon: 0.48571428571428577

n: 21.42857142857143

Residual: 0.2523262371532105


m: 5.0

epsilon: 0.48571428571428577

n: 26.142857142857142

Residual: 0.2070664057881961


m: 5.0

epsilon: 0.48571428571428577

n: 30.857142857142858

Residual: 0.17266182285628853


m: 5.0

epsilon: 0.48571428571428577

n: 35.57142857142857

Residual: 0.149650270155019


m: 5.0

epsilon: 0.48571428571428577

n: 40.285714285714285

Residual: 0.12978982616825813


m: 5.0

epsilon: 0.48571428571428577

n: 45.0

Residual: 0.11418044279688382


m: 5.0

epsilon: 0.6142857142857143

n: 12.0

Residual: 0.5122016705333094


m: 5.0

epsilon: 0.6142857142857143

n: 16.714285714285715

Residual: 0.4175499777161511


m: 5.0

epsilon: 0.6142857142857143

n: 21.42857142857143

Residual: 0.35677135872867516


m: 5.0

epsilon: 0.6142857142857143

n: 26.142857142857142

Residual: 0.3149772006646393


m: 5.0

epsilon: 0.6142857142857143

n: 30.857142857142858

Residual: 0.2838785060698806


m: 5.0

epsilon: 0.6142857142857143

n: 35.57142857142857

Residual: 0.2587936253807456


m: 5.0

epsilon: 0.6142857142857143

n: 40.285714285714285

Residual: 0.2405363719345121


m: 5.0

epsilon: 0.6142857142857143

n: 45.0

Residual: 0.223954568125375


m: 5.0

epsilon: 0.7428571428571429

n: 12.0

Residual: 0.5786709653159869


m: 5.0

epsilon: 0.7428571428571429

n: 16.714285714285715

Residual: 0.494202871036443


m: 5.0

epsilon: 0.7428571428571429

n: 21.42857142857143

Residual: 0.4365740868071963


m: 5.0

epsilon: 0.7428571428571429

n: 26.142857142857142

Residual: 0.3986832798671078


m: 5.0

epsilon: 0.7428571428571429

n: 30.857142857142858

Residual: 0.36882728903247985


m: 5.0

epsilon: 0.7428571428571429

n: 35.57142857142857

Residual: 0.3435675585214753


m: 5.0

epsilon: 0.7428571428571429

n: 40.285714285714285

Residual: 0.3268383654488403


m: 5.0

epsilon: 0.7428571428571429

n: 45.0

Residual: 0.3124616743841995


m: 5.0

epsilon: 0.8714285714285716

n: 12.0

Residual: 0.6289149766481126


m: 5.0

epsilon: 0.8714285714285716

n: 16.714285714285715

Residual: 0.5520839776458831


m: 5.0

epsilon: 0.8714285714285716

n: 21.42857142857143

Residual: 0.4998308201471451


m: 5.0

epsilon: 0.8714285714285716

n: 26.142857142857142

Residual: 0.46171379721298234


m: 5.0

epsilon: 0.8714285714285716

n: 30.857142857142858

Residual: 0.4337130662054002


m: 5.0

epsilon: 0.8714285714285716

n: 35.57142857142857

Residual: 0.41205522605824685


m: 5.0

epsilon: 0.8714285714285716

n: 40.285714285714285

Residual: 0.39598996734593406


m: 5.0

epsilon: 0.8714285714285716

n: 45.0

Residual: 0.3815119427736806


m: 5.0

epsilon: 1.0000000000000002

n: 12.0

Residual: 0.6687653496824322


m: 5.0

epsilon: 1.0000000000000002

n: 16.714285714285715

Residual: 0.5982820629683795


m: 5.0

epsilon: 1.0000000000000002

n: 21.42857142857143

Residual: 0.5502768065802879


m: 5.0

epsilon: 1.0000000000000002

n: 26.142857142857142

Residual: 0.5146475138594888


m: 5.0

epsilon: 1.0000000000000002

n: 30.857142857142858

Residual: 0.4912228273387876


m: 5.0

epsilon: 1.0000000000000002

n: 35.57142857142857

Residual: 0.4673315682047486


m: 5.0

epsilon: 1.0000000000000002

n: 40.285714285714285

Residual: 0.45085720102797056


m: 5.0

epsilon: 1.0000000000000002

n: 45.0

Residual: 0.4397537782534915


m: 5.285714285714286

epsilon: 0.1

n: 12.0

Residual: 0.38292280231639364


m: 5.285714285714286

epsilon: 0.1

n: 16.714285714285715

Residual: 0.4823831099107484


m: 5.285714285714286

epsilon: 0.1

n: 21.42857142857143

Residual: 0.536595636141036


m: 5.285714285714286

epsilon: 0.1

n: 26.142857142857142

Residual: 0.57222738392781


m: 5.285714285714286

epsilon: 0.1

n: 30.857142857142858

Residual: 0.5961425623266228


m: 5.285714285714286

epsilon: 0.1

n: 35.57142857142857

Residual: 0.6139374556271595


m: 5.285714285714286

epsilon: 0.1

n: 40.285714285714285

Residual: 0.6260182581375616


m: 5.285714285714286

epsilon: 0.1

n: 45.0

Residual: 0.6397667812792399


m: 5.285714285714286

epsilon: 0.2285714285714286

n: 12.0

Residual: 0.10225899584916982


m: 5.285714285714286

epsilon: 0.2285714285714286

n: 16.714285714285715

Residual: 0.12086633766099113


m: 5.285714285714286

epsilon: 0.2285714285714286

n: 21.42857142857143

Residual: 0.18351164448496335


m: 5.285714285714286

epsilon: 0.2285714285714286

n: 26.142857142857142

Residual: 0.23404826116596822


m: 5.285714285714286

epsilon: 0.2285714285714286

n: 30.857142857142858

Residual: 0.2679089226361101


m: 5.285714285714286

epsilon: 0.2285714285714286

n: 35.57142857142857

Residual: 0.29232853476167503


m: 5.285714285714286

epsilon: 0.2285714285714286

n: 40.285714285714285

Residual: 0.3111227630774993


m: 5.285714285714286

epsilon: 0.2285714285714286

n: 45.0

Residual: 0.32977037655090263


m: 5.285714285714286

epsilon: 0.3571428571428572

n: 12.0

Residual: 0.22927167815699895


m: 5.285714285714286

epsilon: 0.3571428571428572

n: 16.714285714285715

Residual: 0.1206155821956831


m: 5.285714285714286

epsilon: 0.3571428571428572

n: 21.42857142857143

Residual: 0.07726668550172512


m: 5.285714285714286

epsilon: 0.3571428571428572

n: 26.142857142857142

Residual: 0.06854043423892393


m: 5.285714285714286

epsilon: 0.3571428571428572

n: 30.857142857142858

Residual: 0.07741495492147939


m: 5.285714285714286

epsilon: 0.3571428571428572

n: 35.57142857142857

Residual: 0.08957328788704391


m: 5.285714285714286

epsilon: 0.3571428571428572

n: 40.285714285714285

Residual: 0.1038440579507972


m: 5.285714285714286

epsilon: 0.3571428571428572

n: 45.0

Residual: 0.11834816965583886


m: 5.285714285714286

epsilon: 0.48571428571428577

n: 12.0

Residual: 0.36926298926305534


m: 5.285714285714286

epsilon: 0.48571428571428577

n: 16.714285714285715

Residual: 0.2576873504670785


m: 5.285714285714286

epsilon: 0.48571428571428577

n: 21.42857142857143

Residual: 0.18787657162826257


m: 5.285714285714286

epsilon: 0.48571428571428577

n: 26.142857142857142

Residual: 0.13842675246965183


m: 5.285714285714286

epsilon: 0.48571428571428577

n: 30.857142857142858

Residual: 0.10958336422064108


m: 5.285714285714286

epsilon: 0.48571428571428577

n: 35.57142857142857

Residual: 0.0852428414980658


m: 5.285714285714286

epsilon: 0.48571428571428577

n: 40.285714285714285

Residual: 0.07291021952594184


m: 5.285714285714286

epsilon: 0.48571428571428577

n: 45.0

Residual: 0.06264857088653082


m: 5.285714285714286

epsilon: 0.6142857142857143

n: 12.0

Residual: 0.4667046755028697


m: 5.285714285714286

epsilon: 0.6142857142857143

n: 16.714285714285715

Residual: 0.3621289460951882


m: 5.285714285714286

epsilon: 0.6142857142857143

n: 21.42857142857143

Residual: 0.29685117036813796


m: 5.285714285714286

epsilon: 0.6142857142857143

n: 26.142857142857142

Residual: 0.2512057919634542


m: 5.285714285714286

epsilon: 0.6142857142857143

n: 30.857142857142858

Residual: 0.2179878170508369


m: 5.285714285714286

epsilon: 0.6142857142857143

n: 35.57142857142857

Residual: 0.188428579685522


m: 5.285714285714286

epsilon: 0.6142857142857143

n: 40.285714285714285

Residual: 0.17173448313037112


m: 5.285714285714286

epsilon: 0.6142857142857143

n: 45.0

Residual: 0.1536296958435329


m: 5.285714285714286

epsilon: 0.7428571428571429

n: 12.0

Residual: 0.5367047794385439


m: 5.285714285714286

epsilon: 0.7428571428571429

n: 16.714285714285715

Residual: 0.443687942191942


m: 5.285714285714286

epsilon: 0.7428571428571429

n: 21.42857142857143

Residual: 0.380349511628886


m: 5.285714285714286

epsilon: 0.7428571428571429

n: 26.142857142857142

Residual: 0.3393406290442496


m: 5.285714285714286

epsilon: 0.7428571428571429

n: 30.857142857142858

Residual: 0.3079254116392271


m: 5.285714285714286

epsilon: 0.7428571428571429

n: 35.57142857142857

Residual: 0.2847323944984419


m: 5.285714285714286

epsilon: 0.7428571428571429

n: 40.285714285714285

Residual: 0.25696338649815964


m: 5.285714285714286

epsilon: 0.7428571428571429

n: 45.0

Residual: 0.2453179801896156


m: 5.285714285714286

epsilon: 0.8714285714285716

n: 12.0

Residual: 0.5915128101626068


m: 5.285714285714286

epsilon: 0.8714285714285716

n: 16.714285714285715

Residual: 0.5038693054717543


m: 5.285714285714286

epsilon: 0.8714285714285716

n: 21.42857142857143

Residual: 0.44839887340684614


m: 5.285714285714286

epsilon: 0.8714285714285716

n: 26.142857142857142

Residual: 0.40761916067796083


m: 5.285714285714286

epsilon: 0.8714285714285716

n: 30.857142857142858

Residual: 0.3756643226456775


m: 5.285714285714286

epsilon: 0.8714285714285716

n: 35.57142857142857

Residual: 0.35374104499020326


m: 5.285714285714286

epsilon: 0.8714285714285716

n: 40.285714285714285

Residual: 0.3316934451203651


m: 5.285714285714286

epsilon: 0.8714285714285716

n: 45.0

Residual: 0.3154077146776255


m: 5.285714285714286

epsilon: 1.0000000000000002

n: 12.0

Residual: 0.6330110336174255


m: 5.285714285714286

epsilon: 1.0000000000000002

n: 16.714285714285715

Residual: 0.5534750664503933


m: 5.285714285714286

epsilon: 1.0000000000000002

n: 21.42857142857143

Residual: 0.5015593761268055


m: 5.285714285714286

epsilon: 1.0000000000000002

n: 26.142857142857142

Residual: 0.463329581139499


m: 5.285714285714286

epsilon: 1.0000000000000002

n: 30.857142857142858

Residual: 0.43433033805026544


m: 5.285714285714286

epsilon: 1.0000000000000002

n: 35.57142857142857

Residual: 0.4104464786589425


m: 5.285714285714286

epsilon: 1.0000000000000002

n: 40.285714285714285

Residual: 0.3925342391183321


m: 5.285714285714286

epsilon: 1.0000000000000002

n: 45.0

Residual: 0.3769808436060789


m: 5.571428571428571

epsilon: 0.1

n: 12.0

Residual: 0.42888976900100606


m: 5.571428571428571

epsilon: 0.1

n: 16.714285714285715

Residual: 0.5276650546316908


m: 5.571428571428571

epsilon: 0.1

n: 21.42857142857143

Residual: 0.5797856806946068


m: 5.571428571428571

epsilon: 0.1

n: 26.142857142857142

Residual: 0.6139170621395409


m: 5.571428571428571

epsilon: 0.1

n: 30.857142857142858

Residual: 0.634265625685401


m: 5.571428571428571

epsilon: 0.1

n: 35.57142857142857

Residual: 0.6538027538178128


m: 5.571428571428571

epsilon: 0.1

n: 40.285714285714285

Residual: 0.6656617203418449


m: 5.571428571428571

epsilon: 0.1

n: 45.0

Residual: 0.6759391417450793


m: 5.571428571428571

epsilon: 0.2285714285714286

n: 12.0

Residual: 0.08725724895888458


m: 5.571428571428571

epsilon: 0.2285714285714286

n: 16.714285714285715

Residual: 0.17264432440973732


m: 5.571428571428571

epsilon: 0.2285714285714286

n: 21.42857142857143

Residual: 0.24766991149765036


m: 5.571428571428571

epsilon: 0.2285714285714286

n: 26.142857142857142

Residual: 0.29203997019983613


m: 5.571428571428571

epsilon: 0.2285714285714286

n: 30.857142857142858

Residual: 0.327433114061312


m: 5.571428571428571

epsilon: 0.2285714285714286

n: 35.57142857142857

Residual: 0.3516993576031784


m: 5.571428571428571

epsilon: 0.2285714285714286

n: 40.285714285714285

Residual: 0.36913918436407783


m: 5.571428571428571

epsilon: 0.2285714285714286

n: 45.0

Residual: 0.3865647053675196


m: 5.571428571428571

epsilon: 0.3571428571428572

n: 12.0

Residual: 0.17833821301560793


m: 5.571428571428571

epsilon: 0.3571428571428572

n: 16.714285714285715

Residual: 0.07724335461004017


m: 5.571428571428571

epsilon: 0.3571428571428572

n: 21.42857142857143

Residual: 0.054264405192616987


m: 5.571428571428571

epsilon: 0.3571428571428572

n: 26.142857142857142

Residual: 0.08097482160939674


m: 5.571428571428571

epsilon: 0.3571428571428572

n: 30.857142857142858

Residual: 0.11704283321641648


m: 5.571428571428571

epsilon: 0.3571428571428572

n: 35.57142857142857

Residual: 0.14691827266523858


m: 5.571428571428571

epsilon: 0.3571428571428572

n: 40.285714285714285

Residual: 0.16528523906301032


m: 5.571428571428571

epsilon: 0.3571428571428572

n: 45.0

Residual: 0.1844404781667946


m: 5.571428571428571

epsilon: 0.48571428571428577

n: 12.0

Residual: 0.32033679550391986


m: 5.571428571428571

epsilon: 0.48571428571428577

n: 16.714285714285715

Residual: 0.2015074529885209


m: 5.571428571428571

epsilon: 0.48571428571428577

n: 21.42857142857143

Residual: 0.1274597319621999


m: 5.571428571428571

epsilon: 0.48571428571428577

n: 26.142857142857142

Residual: 0.08008193631749892


m: 5.571428571428571

epsilon: 0.48571428571428577

n: 30.857142857142858

Residual: 0.05066633108035379


m: 5.571428571428571

epsilon: 0.48571428571428577

n: 35.57142857142857

Residual: 0.03934468846454036


m: 5.571428571428571

epsilon: 0.48571428571428577

n: 40.285714285714285

Residual: 0.04113560292947152


m: 5.571428571428571

epsilon: 0.48571428571428577

n: 45.0

Residual: 0.045073369576471164


m: 5.571428571428571

epsilon: 0.6142857142857143

n: 12.0

Residual: 0.42011052487839357


m: 5.571428571428571

epsilon: 0.6142857142857143

n: 16.714285714285715

Residual: 0.31337521925535217


m: 5.571428571428571

epsilon: 0.6142857142857143

n: 21.42857142857143

Residual: 0.23802512599498796


m: 5.571428571428571

epsilon: 0.6142857142857143

n: 26.142857142857142

Residual: 0.191228384237666


m: 5.571428571428571

epsilon: 0.6142857142857143

n: 30.857142857142858

Residual: 0.15324741926654542


m: 5.571428571428571

epsilon: 0.6142857142857143

n: 35.57142857142857

Residual: 0.12622288303458698


m: 5.571428571428571

epsilon: 0.6142857142857143

n: 40.285714285714285

Residual: 0.10309611892844693


m: 5.571428571428571

epsilon: 0.6142857142857143

n: 45.0

Residual: 0.0886255283257048


m: 5.571428571428571

epsilon: 0.7428571428571429

n: 12.0

Residual: 0.4963550237015935


m: 5.571428571428571

epsilon: 0.7428571428571429

n: 16.714285714285715

Residual: 0.39290083443180407


m: 5.571428571428571

epsilon: 0.7428571428571429

n: 21.42857142857143

Residual: 0.3273516216704528


m: 5.571428571428571

epsilon: 0.7428571428571429

n: 26.142857142857142

Residual: 0.2819411587542496


m: 5.571428571428571

epsilon: 0.7428571428571429

n: 30.857142857142858

Residual: 0.2446647668192536


m: 5.571428571428571

epsilon: 0.7428571428571429

n: 35.57142857142857

Residual: 0.2183816336818129


m: 5.571428571428571

epsilon: 0.7428571428571429

n: 40.285714285714285

Residual: 0.19708325937367457


m: 5.571428571428571

epsilon: 0.7428571428571429

n: 45.0

Residual: 0.1817369506429046


m: 5.571428571428571

epsilon: 0.8714285714285716

n: 12.0

Residual: 0.5536499938239412


m: 5.571428571428571

epsilon: 0.8714285714285716

n: 16.714285714285715

Residual: 0.4570852388228105


m: 5.571428571428571

epsilon: 0.8714285714285716

n: 21.42857142857143

Residual: 0.3971562807537708


m: 5.571428571428571

epsilon: 0.8714285714285716

n: 26.142857142857142

Residual: 0.3500317221436328


m: 5.571428571428571

epsilon: 0.8714285714285716

n: 30.857142857142858

Residual: 0.32079030268316755


m: 5.571428571428571

epsilon: 0.8714285714285716

n: 35.57142857142857

Residual: 0.29623049765241666


m: 5.571428571428571

epsilon: 0.8714285714285716

n: 40.285714285714285

Residual: 0.2726317917273125


m: 5.571428571428571

epsilon: 0.8714285714285716

n: 45.0

Residual: 0.253990490520352


m: 5.571428571428571

epsilon: 1.0000000000000002

n: 12.0

Residual: 0.5988589479219009


m: 5.571428571428571

epsilon: 1.0000000000000002

n: 16.714285714285715

Residual: 0.5105864616320662


m: 5.571428571428571

epsilon: 1.0000000000000002

n: 21.42857142857143

Residual: 0.45485186600913746


m: 5.571428571428571

epsilon: 1.0000000000000002

n: 26.142857142857142

Residual: 0.41096388096200925


m: 5.571428571428571

epsilon: 1.0000000000000002

n: 30.857142857142858

Residual: 0.3794738373591688


m: 5.571428571428571

epsilon: 1.0000000000000002

n: 35.57142857142857

Residual: 0.35175557238941896


m: 5.571428571428571

epsilon: 1.0000000000000002

n: 40.285714285714285

Residual: 0.33804117104464826


m: 5.571428571428571

epsilon: 1.0000000000000002

n: 45.0

Residual: 0.32039655089451136


m: 5.857142857142857

epsilon: 0.1

n: 12.0

Residual: 0.4708472517043654


m: 5.857142857142857

epsilon: 0.1

n: 16.714285714285715

Residual: 0.5669027194256392


m: 5.857142857142857

epsilon: 0.1

n: 21.42857142857143

Residual: 0.6172031784233725


m: 5.857142857142857

epsilon: 0.1

n: 26.142857142857142

Residual: 0.6483660088282176


m: 5.857142857142857

epsilon: 0.1

n: 30.857142857142858

Residual: 0.6723624135629569


m: 5.857142857142857

epsilon: 0.1

n: 35.57142857142857

Residual: 0.6859823663713508


m: 5.857142857142857

epsilon: 0.1

n: 40.285714285714285

Residual: 0.6996739233610552


m: 5.857142857142857

epsilon: 0.1

n: 45.0

Residual: 0.7099992392382034


m: 5.857142857142857

epsilon: 0.2285714285714286

n: 12.0

Residual: 0.09766758274993971


m: 5.857142857142857

epsilon: 0.2285714285714286

n: 16.714285714285715

Residual: 0.22574430720643715


m: 5.857142857142857

epsilon: 0.2285714285714286

n: 21.42857142857143

Residual: 0.30046432592563427


m: 5.857142857142857

epsilon: 0.2285714285714286

n: 26.142857142857142

Residual: 0.3475109707173485


m: 5.857142857142857

epsilon: 0.2285714285714286

n: 30.857142857142858

Residual: 0.3837285326800864


m: 5.857142857142857

epsilon: 0.2285714285714286

n: 35.57142857142857

Residual: 0.40717694967004253


m: 5.857142857142857

epsilon: 0.2285714285714286

n: 40.285714285714285

Residual: 0.4256593165696164


m: 5.857142857142857

epsilon: 0.2285714285714286

n: 45.0

Residual: 0.44259137939034765


m: 5.857142857142857

epsilon: 0.3571428571428572

n: 12.0

Residual: 0.13422884164972168


m: 5.857142857142857

epsilon: 0.3571428571428572

n: 16.714285714285715

Residual: 0.043231806654227184


m: 5.857142857142857

epsilon: 0.3571428571428572

n: 21.42857142857143

Residual: 0.0854198379230016


m: 5.857142857142857

epsilon: 0.3571428571428572

n: 26.142857142857142

Residual: 0.13699182165941248


m: 5.857142857142857

epsilon: 0.3571428571428572

n: 30.857142857142858

Residual: 0.17448695784340096


m: 5.857142857142857

epsilon: 0.3571428571428572

n: 35.57142857142857

Residual: 0.20289426749099299


m: 5.857142857142857

epsilon: 0.3571428571428572

n: 40.285714285714285

Residual: 0.22938538291106916


m: 5.857142857142857

epsilon: 0.3571428571428572

n: 45.0

Residual: 0.24494631951265325


m: 5.857142857142857

epsilon: 0.48571428571428577

n: 12.0

Residual: 0.271919048522699


m: 5.857142857142857

epsilon: 0.48571428571428577

n: 16.714285714285715

Residual: 0.14760646654935053


m: 5.857142857142857

epsilon: 0.48571428571428577

n: 21.42857142857143

Residual: 0.07332143293504806


m: 5.857142857142857

epsilon: 0.48571428571428577

n: 26.142857142857142

Residual: 0.03185525389168245


m: 5.857142857142857

epsilon: 0.48571428571428577

n: 30.857142857142858

Residual: 0.02512011617409642


m: 5.857142857142857

epsilon: 0.48571428571428577

n: 35.57142857142857

Residual: 0.05547585296377326


m: 5.857142857142857

epsilon: 0.48571428571428577

n: 40.285714285714285

Residual: 0.08062286672917422


m: 5.857142857142857

epsilon: 0.48571428571428577

n: 45.0

Residual: 0.09439045881882294


m: 5.857142857142857

epsilon: 0.6142857142857143

n: 12.0

Residual: 0.3787473942008862


m: 5.857142857142857

epsilon: 0.6142857142857143

n: 16.714285714285715

Residual: 0.2579493730207521


m: 5.857142857142857

epsilon: 0.6142857142857143

n: 21.42857142857143

Residual: 0.1845589569183138


m: 5.857142857142857

epsilon: 0.6142857142857143

n: 26.142857142857142

Residual: 0.13188277834239037


m: 5.857142857142857

epsilon: 0.6142857142857143

n: 30.857142857142858

Residual: 0.09247435396652406


m: 5.857142857142857

epsilon: 0.6142857142857143

n: 35.57142857142857

Residual: 0.06688034869972125


m: 5.857142857142857

epsilon: 0.6142857142857143

n: 40.285714285714285

Residual: 0.04186632488658131


m: 5.857142857142857

epsilon: 0.6142857142857143

n: 45.0

Residual: 0.023926912713174757


m: 5.857142857142857

epsilon: 0.7428571428571429

n: 12.0

Residual: 0.45544234677909334


m: 5.857142857142857

epsilon: 0.7428571428571429

n: 16.714285714285715

Residual: 0.3450685402320443


m: 5.857142857142857

epsilon: 0.7428571428571429

n: 21.42857142857143

Residual: 0.2717056337237128


m: 5.857142857142857

epsilon: 0.7428571428571429

n: 26.142857142857142

Residual: 0.2252686974171138


m: 5.857142857142857

epsilon: 0.7428571428571429

n: 30.857142857142858

Residual: 0.18726791126709197


m: 5.857142857142857

epsilon: 0.7428571428571429

n: 35.57142857142857

Residual: 0.1553878006121089


m: 5.857142857142857

epsilon: 0.7428571428571429

n: 40.285714285714285

Residual: 0.1313021996862795


m: 5.857142857142857

epsilon: 0.7428571428571429

n: 45.0

Residual: 0.11473749793343821


m: 5.857142857142857

epsilon: 0.8714285714285716

n: 12.0

Residual: 0.5165938963636101


m: 5.857142857142857

epsilon: 0.8714285714285716

n: 16.714285714285715

Residual: 0.4150016853572167


m: 5.857142857142857

epsilon: 0.8714285714285716

n: 21.42857142857143

Residual: 0.34605035847085075


m: 5.857142857142857

epsilon: 0.8714285714285716

n: 26.142857142857142

Residual: 0.2980624137952296


m: 5.857142857142857

epsilon: 0.8714285714285716

n: 30.857142857142858

Residual: 0.2614041997786669


m: 5.857142857142857

epsilon: 0.8714285714285716

n: 35.57142857142857

Residual: 0.23491277092351584


m: 5.857142857142857

epsilon: 0.8714285714285716

n: 40.285714285714285

Residual: 0.21181064117080614


m: 5.857142857142857

epsilon: 0.8714285714285716

n: 45.0

Residual: 0.19156704053627827


m: 5.857142857142857

epsilon: 1.0000000000000002

n: 12.0

Residual: 0.5665811873799516


m: 5.857142857142857

epsilon: 1.0000000000000002

n: 16.714285714285715

Residual: 0.46871620156026267


m: 5.857142857142857

epsilon: 1.0000000000000002

n: 21.42857142857143

Residual: 0.40601568642743896


m: 5.857142857142857

epsilon: 1.0000000000000002

n: 26.142857142857142

Residual: 0.359041779843643


m: 5.857142857142857

epsilon: 1.0000000000000002

n: 30.857142857142858

Residual: 0.3262083032445244


m: 5.857142857142857

epsilon: 1.0000000000000002

n: 35.57142857142857

Residual: 0.2955253066029747


m: 5.857142857142857

epsilon: 1.0000000000000002

n: 40.285714285714285

Residual: 0.2743495586799867


m: 5.857142857142857

epsilon: 1.0000000000000002

n: 45.0

Residual: 0.25974056505146154


m: 6.142857142857142

epsilon: 0.1

n: 12.0

Residual: 0.5072301154485013


m: 6.142857142857142

epsilon: 0.1

n: 16.714285714285715

Residual: 0.6000467818300879


m: 6.142857142857142

epsilon: 0.1

n: 21.42857142857143

Residual: 0.6492684498329553


m: 6.142857142857142

epsilon: 0.1

n: 26.142857142857142

Residual: 0.6800132823121681


m: 6.142857142857142

epsilon: 0.1

n: 30.857142857142858

Residual: 0.7019470778127356


m: 6.142857142857142

epsilon: 0.1

n: 35.57142857142857

Residual: 0.7180457473264626


m: 6.142857142857142

epsilon: 0.1

n: 40.285714285714285

Residual: 0.7282031357545035


m: 6.142857142857142

epsilon: 0.1

n: 45.0

Residual: 0.7382759221562067


m: 6.142857142857142

epsilon: 0.2285714285714286

n: 12.0

Residual: 0.1428916852034201


m: 6.142857142857142

epsilon: 0.2285714285714286

n: 16.714285714285715

Residual: 0.2772482669709232


m: 6.142857142857142

epsilon: 0.2285714285714286

n: 21.42857142857143

Residual: 0.3474338960363526


m: 6.142857142857142

epsilon: 0.2285714285714286

n: 26.142857142857142

Residual: 0.39808325593437094


m: 6.142857142857142

epsilon: 0.2285714285714286

n: 30.857142857142858

Residual: 0.42668419208304553


m: 6.142857142857142

epsilon: 0.2285714285714286

n: 35.57142857142857

Residual: 0.4539622557016797


m: 6.142857142857142

epsilon: 0.2285714285714286

n: 40.285714285714285

Residual: 0.4703559894275358


m: 6.142857142857142

epsilon: 0.2285714285714286

n: 45.0

Residual: 0.4869305893044687


m: 6.142857142857142

epsilon: 0.3571428571428572

n: 12.0

Residual: 0.09238982526664405


m: 6.142857142857142

epsilon: 0.3571428571428572

n: 16.714285714285715

Residual: 0.05726460870718709


m: 6.142857142857142

epsilon: 0.3571428571428572

n: 21.42857142857143

Residual: 0.13625322331884487


m: 6.142857142857142

epsilon: 0.3571428571428572

n: 26.142857142857142

Residual: 0.19013192483148


m: 6.142857142857142

epsilon: 0.3571428571428572

n: 30.857142857142858

Residual: 0.23124765159038077


m: 6.142857142857142

epsilon: 0.3571428571428572

n: 35.57142857142857

Residual: 0.2599508608436522


m: 6.142857142857142

epsilon: 0.3571428571428572

n: 40.285714285714285

Residual: 0.2823501041007293


m: 6.142857142857142

epsilon: 0.3571428571428572

n: 45.0

Residual: 0.3003044832835849


m: 6.142857142857142

epsilon: 0.48571428571428577

n: 12.0

Residual: 0.2267539215969289


m: 6.142857142857142

epsilon: 0.48571428571428577

n: 16.714285714285715

Residual: 0.09686078101224982


m: 6.142857142857142

epsilon: 0.48571428571428577

n: 21.42857142857143

Residual: 0.02869065417284311


m: 6.142857142857142

epsilon: 0.48571428571428577

n: 26.142857142857142

Residual: 0.04090652061347955


m: 6.142857142857142

epsilon: 0.48571428571428577

n: 30.857142857142858

Residual: 0.08160743576526976


m: 6.142857142857142

epsilon: 0.48571428571428577

n: 35.57142857142857

Residual: 0.11365753898802755


m: 6.142857142857142

epsilon: 0.48571428571428577

n: 40.285714285714285

Residual: 0.1379292139896113


m: 6.142857142857142

epsilon: 0.48571428571428577

n: 45.0

Residual: 0.1533938251774834


m: 6.142857142857142

epsilon: 0.6142857142857143

n: 12.0

Residual: 0.33542335492992265


m: 6.142857142857142

epsilon: 0.6142857142857143

n: 16.714285714285715

Residual: 0.2112285601765105


m: 6.142857142857142

epsilon: 0.6142857142857143

n: 21.42857142857143

Residual: 0.13097373246717484


m: 6.142857142857142

epsilon: 0.6142857142857143

n: 26.142857142857142

Residual: 0.07651988726955414


m: 6.142857142857142

epsilon: 0.6142857142857143

n: 30.857142857142858

Residual: 0.035995957742874916


m: 6.142857142857142

epsilon: 0.6142857142857143

n: 35.57142857142857

Residual: 0.018126294248920517


m: 6.142857142857142

epsilon: 0.6142857142857143

n: 40.285714285714285

Residual: 0.025414134704895747


m: 6.142857142857142

epsilon: 0.6142857142857143

n: 45.0

Residual: 0.039954861940881874


m: 6.142857142857142

epsilon: 0.7428571428571429

n: 12.0

Residual: 0.41775103816999065


m: 6.142857142857142

epsilon: 0.7428571428571429

n: 16.714285714285715

Residual: 0.296344279697999


m: 6.142857142857142

epsilon: 0.7428571428571429

n: 21.42857142857143

Residual: 0.223298704325698


m: 6.142857142857142

epsilon: 0.7428571428571429

n: 26.142857142857142

Residual: 0.16981990359056826


m: 6.142857142857142

epsilon: 0.7428571428571429

n: 30.857142857142858

Residual: 0.1357870469091854


m: 6.142857142857142

epsilon: 0.7428571428571429

n: 35.57142857142857

Residual: 0.09796900968010568


m: 6.142857142857142

epsilon: 0.7428571428571429

n: 40.285714285714285

Residual: 0.07741429785047667


m: 6.142857142857142

epsilon: 0.7428571428571429

n: 45.0

Residual: 0.055265429681139115


m: 6.142857142857142

epsilon: 0.8714285714285716

n: 12.0

Residual: 0.48001023981871777


m: 6.142857142857142

epsilon: 0.8714285714285716

n: 16.714285714285715

Residual: 0.37201703766197414


m: 6.142857142857142

epsilon: 0.8714285714285716

n: 21.42857142857143

Residual: 0.29614908934733236


m: 6.142857142857142

epsilon: 0.8714285714285716

n: 26.142857142857142

Residual: 0.24468810035638947


m: 6.142857142857142

epsilon: 0.8714285714285716

n: 30.857142857142858

Residual: 0.2102280829109996


m: 6.142857142857142

epsilon: 0.8714285714285716

n: 35.57142857142857

Residual: 0.18048633752313648


m: 6.142857142857142

epsilon: 0.8714285714285716

n: 40.285714285714285

Residual: 0.1555727987775242


m: 6.142857142857142

epsilon: 0.8714285714285716

n: 45.0

Residual: 0.13347933996634953


m: 6.142857142857142

epsilon: 1.0000000000000002

n: 12.0

Residual: 0.5328597920012311


m: 6.142857142857142

epsilon: 1.0000000000000002

n: 16.714285714285715

Residual: 0.42788913919441246


m: 6.142857142857142

epsilon: 1.0000000000000002

n: 21.42857142857143

Residual: 0.3574102170841086


m: 6.142857142857142

epsilon: 1.0000000000000002

n: 26.142857142857142

Residual: 0.310998332905095


m: 6.142857142857142

epsilon: 1.0000000000000002

n: 30.857142857142858

Residual: 0.2727144334895467


m: 6.142857142857142

epsilon: 1.0000000000000002

n: 35.57142857142857

Residual: 0.24972914598770315


m: 6.142857142857142

epsilon: 1.0000000000000002

n: 40.285714285714285

Residual: 0.21858460826127474


m: 6.142857142857142

epsilon: 1.0000000000000002

n: 45.0

Residual: 0.2027134416649411


m: 6.428571428571429

epsilon: 0.1

n: 12.0

Residual: 0.5392328572398191


m: 6.428571428571429

epsilon: 0.1

n: 16.714285714285715

Residual: 0.6306754584980733


m: 6.428571428571429

epsilon: 0.1

n: 21.42857142857143

Residual: 0.6769084642820704


m: 6.428571428571429

epsilon: 0.1

n: 26.142857142857142

Residual: 0.7106931118690589


m: 6.428571428571429

epsilon: 0.1

n: 30.857142857142858

Residual: 0.7283080801431402


m: 6.428571428571429

epsilon: 0.1

n: 35.57142857142857

Residual: 0.738860434785918


m: 6.428571428571429

epsilon: 0.1

n: 40.285714285714285

Residual: 0.7524424948376003


m: 6.428571428571429

epsilon: 0.1

n: 45.0

Residual: 0.7643516013754414


m: 6.428571428571429

epsilon: 0.2285714285714286

n: 12.0

Residual: 0.18648907692898886


m: 6.428571428571429

epsilon: 0.2285714285714286

n: 16.714285714285715

Residual: 0.3242295195112626


m: 6.428571428571429

epsilon: 0.2285714285714286

n: 21.42857142857143

Residual: 0.3882887347656607


m: 6.428571428571429

epsilon: 0.2285714285714286

n: 26.142857142857142

Residual: 0.43921871369062293


m: 6.428571428571429

epsilon: 0.2285714285714286

n: 30.857142857142858

Residual: 0.4706269763251284


m: 6.428571428571429

epsilon: 0.2285714285714286

n: 35.57142857142857

Residual: 0.4935597521666385


m: 6.428571428571429

epsilon: 0.2285714285714286

n: 40.285714285714285

Residual: 0.5176282599362554


m: 6.428571428571429

epsilon: 0.2285714285714286

n: 45.0

Residual: 0.5302397285926573


m: 6.428571428571429

epsilon: 0.3571428571428572

n: 12.0

Residual: 0.05666626187457293


m: 6.428571428571429

epsilon: 0.3571428571428572

n: 16.714285714285715

Residual: 0.10702908280669021


m: 6.428571428571429

epsilon: 0.3571428571428572

n: 21.42857142857143

Residual: 0.18673609201109279


m: 6.428571428571429

epsilon: 0.3571428571428572

n: 26.142857142857142

Residual: 0.24786887492776816


m: 6.428571428571429

epsilon: 0.3571428571428572

n: 30.857142857142858

Residual: 0.2804304510101523


m: 6.428571428571429

epsilon: 0.3571428571428572

n: 35.57142857142857

Residual: 0.30624201397818945


m: 6.428571428571429

epsilon: 0.3571428571428572

n: 40.285714285714285

Residual: 0.33037314806656726


m: 6.428571428571429

epsilon: 0.3571428571428572

n: 45.0

Residual: 0.3496050907841767


m: 6.428571428571429

epsilon: 0.48571428571428577

n: 12.0

Residual: 0.18895890772006352


m: 6.428571428571429

epsilon: 0.48571428571428577

n: 16.714285714285715

Residual: 0.05606806379177928


m: 6.428571428571429

epsilon: 0.48571428571428577

n: 21.42857142857143

Residual: 0.038541167673479454


m: 6.428571428571429

epsilon: 0.48571428571428577

n: 26.142857142857142

Residual: 0.09439413887908514


m: 6.428571428571429

epsilon: 0.48571428571428577

n: 30.857142857142858

Residual: 0.1345007611667527


m: 6.428571428571429

epsilon: 0.48571428571428577

n: 35.57142857142857

Residual: 0.16172859510064808


m: 6.428571428571429

epsilon: 0.48571428571428577

n: 40.285714285714285

Residual: 0.18366206153690634


m: 6.428571428571429

epsilon: 0.48571428571428577

n: 45.0

Residual: 0.20827903086520627


m: 6.428571428571429

epsilon: 0.6142857142857143

n: 12.0

Residual: 0.29701352745205906


m: 6.428571428571429

epsilon: 0.6142857142857143

n: 16.714285714285715

Residual: 0.16253592764556804


m: 6.428571428571429

epsilon: 0.6142857142857143

n: 21.42857142857143

Residual: 0.08184699289649464


m: 6.428571428571429

epsilon: 0.6142857142857143

n: 26.142857142857142

Residual: 0.040906322719808624


m: 6.428571428571429

epsilon: 0.6142857142857143

n: 30.857142857142858

Residual: 0.035045845311031096


m: 6.428571428571429

epsilon: 0.6142857142857143

n: 35.57142857142857

Residual: 0.04655232505004845


m: 6.428571428571429

epsilon: 0.6142857142857143

n: 40.285714285714285

Residual: 0.07440340411162007


m: 6.428571428571429

epsilon: 0.6142857142857143

n: 45.0

Residual: 0.09043764047871589


m: 6.428571428571429

epsilon: 0.7428571428571429

n: 12.0

Residual: 0.3791486918403193


m: 6.428571428571429

epsilon: 0.7428571428571429

n: 16.714285714285715

Residual: 0.2535846482852591


m: 6.428571428571429

epsilon: 0.7428571428571429

n: 21.42857142857143

Residual: 0.1755372430531767


m: 6.428571428571429

epsilon: 0.7428571428571429

n: 26.142857142857142

Residual: 0.12036435366050822


m: 6.428571428571429

epsilon: 0.7428571428571429

n: 30.857142857142858

Residual: 0.08574157382249821


m: 6.428571428571429

epsilon: 0.7428571428571429

n: 35.57142857142857

Residual: 0.05091036901584119


m: 6.428571428571429

epsilon: 0.7428571428571429

n: 40.285714285714285

Residual: 0.04308915557116604


m: 6.428571428571429

epsilon: 0.7428571428571429

n: 45.0

Residual: 0.029026638786417595


m: 6.428571428571429

epsilon: 0.8714285714285716

n: 12.0

Residual: 0.4458878371273228


m: 6.428571428571429

epsilon: 0.8714285714285716

n: 16.714285714285715

Residual: 0.3277541824612694


m: 6.428571428571429

epsilon: 0.8714285714285716

n: 21.42857142857143

Residual: 0.25299602119881176


m: 6.428571428571429

epsilon: 0.8714285714285716

n: 26.142857142857142

Residual: 0.19814920308172876


m: 6.428571428571429

epsilon: 0.8714285714285716

n: 30.857142857142858

Residual: 0.1546793632088159


m: 6.428571428571429

epsilon: 0.8714285714285716

n: 35.57142857142857

Residual: 0.1227121464971689


m: 6.428571428571429

epsilon: 0.8714285714285716

n: 40.285714285714285

Residual: 0.10205387646499717


m: 6.428571428571429

epsilon: 0.8714285714285716

n: 45.0

Residual: 0.08572463359950167


m: 6.428571428571429

epsilon: 1.0000000000000002

n: 12.0

Residual: 0.49972996852117896


m: 6.428571428571429

epsilon: 1.0000000000000002

n: 16.714285714285715

Residual: 0.38736520771180205


m: 6.428571428571429

epsilon: 1.0000000000000002

n: 21.42857142857143

Residual: 0.3114711409384453


m: 6.428571428571429

epsilon: 1.0000000000000002

n: 26.142857142857142

Residual: 0.26173537095492916


m: 6.428571428571429

epsilon: 1.0000000000000002

n: 30.857142857142858

Residual: 0.21855109629341252


m: 6.428571428571429

epsilon: 1.0000000000000002

n: 35.57142857142857

Residual: 0.18795787745191045


m: 6.428571428571429

epsilon: 1.0000000000000002

n: 40.285714285714285

Residual: 0.16713610542892132


m: 6.428571428571429

epsilon: 1.0000000000000002

n: 45.0

Residual: 0.14899143049845426


m: 6.714285714285714

epsilon: 0.1

n: 12.0

Residual: 0.5688939019949985


m: 6.714285714285714

epsilon: 0.1

n: 16.714285714285715

Residual: 0.6588972593496784


m: 6.714285714285714

epsilon: 0.1

n: 21.42857142857143

Residual: 0.7076738355312499


m: 6.714285714285714

epsilon: 0.1

n: 26.142857142857142

Residual: 0.7301212692658509


m: 6.714285714285714

epsilon: 0.1

n: 30.857142857142858

Residual: 0.7502570901327792


m: 6.714285714285714

epsilon: 0.1

n: 35.57142857142857

Residual: 0.7652093033933082


m: 6.714285714285714

epsilon: 0.1

n: 40.285714285714285

Residual: 0.7740495584737823


m: 6.714285714285714

epsilon: 0.1

n: 45.0

Residual: 0.7867493168321608


m: 6.714285714285714

epsilon: 0.2285714285714286

n: 12.0

Residual: 0.2266630650271308


m: 6.714285714285714

epsilon: 0.2285714285714286

n: 16.714285714285715

Residual: 0.35778176838976067


m: 6.714285714285714

epsilon: 0.2285714285714286

n: 21.42857142857143

Residual: 0.4291957993628271


m: 6.714285714285714

epsilon: 0.2285714285714286

n: 26.142857142857142

Residual: 0.4796827808077333


m: 6.714285714285714

epsilon: 0.2285714285714286

n: 30.857142857142858

Residual: 0.5106657823559048


m: 6.714285714285714

epsilon: 0.2285714285714286

n: 35.57142857142857

Residual: 0.536436584541143


m: 6.714285714285714

epsilon: 0.2285714285714286

n: 40.285714285714285

Residual: 0.5538333264373495


m: 6.714285714285714

epsilon: 0.2285714285714286

n: 45.0

Residual: 0.5672872346877634


m: 6.714285714285714

epsilon: 0.3571428571428572

n: 12.0

Residual: 0.04157695738595934


m: 6.714285714285714

epsilon: 0.3571428571428572

n: 16.714285714285715

Residual: 0.15224632702860552


m: 6.714285714285714

epsilon: 0.3571428571428572

n: 21.42857142857143

Residual: 0.2357910482611024


m: 6.714285714285714

epsilon: 0.3571428571428572

n: 26.142857142857142

Residual: 0.2900529681328414


m: 6.714285714285714

epsilon: 0.3571428571428572

n: 30.857142857142858

Residual: 0.33065963836425616


m: 6.714285714285714

epsilon: 0.3571428571428572

n: 35.57142857142857

Residual: 0.3580562109157471


m: 6.714285714285714

epsilon: 0.3571428571428572

n: 40.285714285714285

Residual: 0.37635630617272664


m: 6.714285714285714

epsilon: 0.3571428571428572

n: 45.0

Residual: 0.3966816371656105


m: 6.714285714285714

epsilon: 0.48571428571428577

n: 12.0

Residual: 0.1479335760892287


m: 6.714285714285714

epsilon: 0.48571428571428577

n: 16.714285714285715

Residual: 0.03741442219849409


m: 6.714285714285714

epsilon: 0.48571428571428577

n: 21.42857142857143

Residual: 0.08608331410529309


m: 6.714285714285714

epsilon: 0.48571428571428577

n: 26.142857142857142

Residual: 0.14236596034991902


m: 6.714285714285714

epsilon: 0.48571428571428577

n: 30.857142857142858

Residual: 0.1807293073494079


m: 6.714285714285714

epsilon: 0.48571428571428577

n: 35.57142857142857

Residual: 0.21783076476450694


m: 6.714285714285714

epsilon: 0.48571428571428577

n: 40.285714285714285

Residual: 0.23915301753684873


m: 6.714285714285714

epsilon: 0.48571428571428577

n: 45.0

Residual: 0.2519420759584899


m: 6.714285714285714

epsilon: 0.6142857142857143

n: 12.0

Residual: 0.25700390473974183


m: 6.714285714285714

epsilon: 0.6142857142857143

n: 16.714285714285715

Residual: 0.11913833211221823


m: 6.714285714285714

epsilon: 0.6142857142857143

n: 21.42857142857143

Residual: 0.056625672800518854


m: 6.714285714285714

epsilon: 0.6142857142857143

n: 26.142857142857142

Residual: 0.03836581357674224


m: 6.714285714285714

epsilon: 0.6142857142857143

n: 30.857142857142858

Residual: 0.06920772509128718


m: 6.714285714285714

epsilon: 0.6142857142857143

n: 35.57142857142857

Residual: 0.09739366672123655


m: 6.714285714285714

epsilon: 0.6142857142857143

n: 40.285714285714285

Residual: 0.12425365289816437


m: 6.714285714285714

epsilon: 0.6142857142857143

n: 45.0

Residual: 0.146053070658262


m: 6.714285714285714

epsilon: 0.7428571428571429

n: 12.0

Residual: 0.3450755968311127


m: 6.714285714285714

epsilon: 0.7428571428571429

n: 16.714285714285715

Residual: 0.21554402078685464


m: 6.714285714285714

epsilon: 0.7428571428571429

n: 21.42857142857143

Residual: 0.13270903328811953


m: 6.714285714285714

epsilon: 0.7428571428571429

n: 26.142857142857142

Residual: 0.07978281281102406


m: 6.714285714285714

epsilon: 0.7428571428571429

n: 30.857142857142858

Residual: 0.06080965218856587


m: 6.714285714285714

epsilon: 0.7428571428571429

n: 35.57142857142857

Residual: 0.050396604452300334


m: 6.714285714285714

epsilon: 0.7428571428571429

n: 40.285714285714285

Residual: 0.04453580634979826


m: 6.714285714285714

epsilon: 0.7428571428571429

n: 45.0

Residual: 0.05529873851915717


m: 6.714285714285714

epsilon: 0.8714285714285716

n: 12.0

Residual: 0.4115764086535019


m: 6.714285714285714

epsilon: 0.8714285714285716

n: 16.714285714285715

Residual: 0.28696407874194224


m: 6.714285714285714

epsilon: 0.8714285714285716

n: 21.42857142857143

Residual: 0.20134719905123138


m: 6.714285714285714

epsilon: 0.8714285714285716

n: 26.142857142857142

Residual: 0.14476781449429174


m: 6.714285714285714

epsilon: 0.8714285714285716

n: 30.857142857142858

Residual: 0.11020781882063664


m: 6.714285714285714

epsilon: 0.8714285714285716

n: 35.57142857142857

Residual: 0.07976772104063831


m: 6.714285714285714

epsilon: 0.8714285714285716

n: 40.285714285714285

Residual: 0.07257439997840745


m: 6.714285714285714

epsilon: 0.8714285714285716

n: 45.0

Residual: 0.05533958354746183


m: 6.714285714285714

epsilon: 1.0000000000000002

n: 12.0

Residual: 0.4661826645244359


m: 6.714285714285714

epsilon: 1.0000000000000002

n: 16.714285714285715

Residual: 0.3473259275625861


m: 6.714285714285714

epsilon: 1.0000000000000002

n: 21.42857142857143

Residual: 0.26801136954717275


m: 6.714285714285714

epsilon: 1.0000000000000002

n: 26.142857142857142

Residual: 0.21315027961508717


m: 6.714285714285714

epsilon: 1.0000000000000002

n: 30.857142857142858

Residual: 0.1748473409963451


m: 6.714285714285714

epsilon: 1.0000000000000002

n: 35.57142857142857

Residual: 0.14302551436149005


m: 6.714285714285714

epsilon: 1.0000000000000002

n: 40.285714285714285

Residual: 0.12578956532210003


m: 6.714285714285714

epsilon: 1.0000000000000002

n: 45.0

Residual: 0.10863764220864738


m: 7.0

epsilon: 0.1

n: 12.0

Residual: 0.5925625483822619


m: 7.0

epsilon: 0.1

n: 16.714285714285715

Residual: 0.680280002608696


m: 7.0

epsilon: 0.1

n: 21.42857142857143

Residual: 0.7256548681916397


m: 7.0

epsilon: 0.1

n: 26.142857142857142

Residual: 0.75456750408732


m: 7.0

epsilon: 0.1

n: 30.857142857142858

Residual: 0.7716055539533554


m: 7.0

epsilon: 0.1

n: 35.57142857142857

Residual: 0.7863662432356013


m: 7.0

epsilon: 0.1

n: 40.285714285714285

Residual: 0.7945448305809046


m: 7.0

epsilon: 0.1

n: 45.0

Residual: 0.8063234178893681


m: 7.0

epsilon: 0.2285714285714286

n: 12.0

Residual: 0.26385469885707585


m: 7.0

epsilon: 0.2285714285714286

n: 16.714285714285715

Residual: 0.3954667430345778


m: 7.0

epsilon: 0.2285714285714286

n: 21.42857142857143

Residual: 0.4695025055534503


m: 7.0

epsilon: 0.2285714285714286

n: 26.142857142857142

Residual: 0.5117865081203751


m: 7.0

epsilon: 0.2285714285714286

n: 30.857142857142858

Residual: 0.5434198601030114


m: 7.0

epsilon: 0.2285714285714286

n: 35.57142857142857

Residual: 0.5702013808781434


m: 7.0

epsilon: 0.2285714285714286

n: 40.285714285714285

Residual: 0.5851666401237144


m: 7.0

epsilon: 0.2285714285714286

n: 45.0

Residual: 0.5987240216830118


m: 7.0

epsilon: 0.3571428571428572

n: 12.0

Residual: 0.0471829889560532


m: 7.0

epsilon: 0.3571428571428572

n: 16.714285714285715

Residual: 0.19342673922069212


m: 7.0

epsilon: 0.3571428571428572

n: 21.42857142857143

Residual: 0.2774753955186204


m: 7.0

epsilon: 0.3571428571428572

n: 26.142857142857142

Residual: 0.33487125446551097


m: 7.0

epsilon: 0.3571428571428572

n: 30.857142857142858

Residual: 0.3715413347900946


m: 7.0

epsilon: 0.3571428571428572

n: 35.57142857142857

Residual: 0.3946352834585879


m: 7.0

epsilon: 0.3571428571428572

n: 40.285714285714285

Residual: 0.42091312518011553


m: 7.0

epsilon: 0.3571428571428572

n: 45.0

Residual: 0.44432385300889143


m: 7.0

epsilon: 0.48571428571428577

n: 12.0

Residual: 0.10730765924611181


m: 7.0

epsilon: 0.48571428571428577

n: 16.714285714285715

Residual: 0.048138552119267985


m: 7.0

epsilon: 0.48571428571428577

n: 21.42857142857143

Residual: 0.13199564450706144


m: 7.0

epsilon: 0.48571428571428577

n: 26.142857142857142

Residual: 0.18850677133298158


m: 7.0

epsilon: 0.48571428571428577

n: 30.857142857142858

Residual: 0.2276879065250843


m: 7.0

epsilon: 0.48571428571428577

n: 35.57142857142857

Residual: 0.2501381521638528


m: 7.0

epsilon: 0.48571428571428577

n: 40.285714285714285

Residual: 0.28268787781717575


m: 7.0

epsilon: 0.48571428571428577

n: 45.0

Residual: 0.3008590556916351


m: 7.0

epsilon: 0.6142857142857143

n: 12.0

Residual: 0.2200519525737282


m: 7.0

epsilon: 0.6142857142857143

n: 16.714285714285715

Residual: 0.08674944068391222


m: 7.0

epsilon: 0.6142857142857143

n: 21.42857142857143

Residual: 0.05252873645614882


m: 7.0

epsilon: 0.6142857142857143

n: 26.142857142857142

Residual: 0.07265302511040268


m: 7.0

epsilon: 0.6142857142857143

n: 30.857142857142858

Residual: 0.11928279412309449


m: 7.0

epsilon: 0.6142857142857143

n: 35.57142857142857

Residual: 0.15043395170678647


m: 7.0

epsilon: 0.6142857142857143

n: 40.285714285714285

Residual: 0.17342785678477077


m: 7.0

epsilon: 0.6142857142857143

n: 45.0

Residual: 0.1953190538653395


m: 7.0

epsilon: 0.7428571428571429

n: 12.0

Residual: 0.3103343791622941


m: 7.0

epsilon: 0.7428571428571429

n: 16.714285714285715

Residual: 0.1695822733825195


m: 7.0

epsilon: 0.7428571428571429

n: 21.42857142857143

Residual: 0.10244675704875243


m: 7.0

epsilon: 0.7428571428571429

n: 26.142857142857142

Residual: 0.0742362754192207


m: 7.0

epsilon: 0.7428571428571429

n: 30.857142857142858

Residual: 0.06282554749197203


m: 7.0

epsilon: 0.7428571428571429

n: 35.57142857142857

Residual: 0.06751739032274075


m: 7.0

epsilon: 0.7428571428571429

n: 40.285714285714285

Residual: 0.08773733002997458


m: 7.0

epsilon: 0.7428571428571429

n: 45.0

Residual: 0.10566677161954498


m: 7.0

epsilon: 0.8714285714285716

n: 12.0

Residual: 0.3759821813936434


m: 7.0

epsilon: 0.8714285714285716

n: 16.714285714285715

Residual: 0.24441896302105934


m: 7.0

epsilon: 0.8714285714285716

n: 21.42857142857143

Residual: 0.1680686022677961


m: 7.0

epsilon: 0.8714285714285716

n: 26.142857142857142

Residual: 0.11527190824774054


m: 7.0

epsilon: 0.8714285714285716

n: 30.857142857142858

Residual: 0.0907562172885737


m: 7.0

epsilon: 0.8714285714285716

n: 35.57142857142857

Residual: 0.07394486809474903


m: 7.0

epsilon: 0.8714285714285716

n: 40.285714285714285

Residual: 0.06690764513788033


m: 7.0

epsilon: 0.8714285714285716

n: 45.0

Residual: 0.07015579638768626


m: 7.0

epsilon: 1.0000000000000002

n: 12.0

Residual: 0.437196764490485


m: 7.0

epsilon: 1.0000000000000002

n: 16.714285714285715

Residual: 0.3129060709036685


m: 7.0

epsilon: 1.0000000000000002

n: 21.42857142857143

Residual: 0.22339790960898412


m: 7.0

epsilon: 1.0000000000000002

n: 26.142857142857142

Residual: 0.17037875653152373


m: 7.0

epsilon: 1.0000000000000002

n: 30.857142857142858

Residual: 0.14002614441014066


m: 7.0

epsilon: 1.0000000000000002

n: 35.57142857142857

Residual: 0.11643398327309608


m: 7.0

epsilon: 1.0000000000000002

n: 40.285714285714285

Residual: 0.0976041939853583


m: 7.0

epsilon: 1.0000000000000002

n: 45.0

Residual: 0.08801515818284017


