epsilon: 0.2285714285714286

m: 5.285714285714286

n: 16.714285714285715

Residual: 0.4574091245747229


epsilon: 0.24000000000000002

m: 5.285714285714286

n: 16.714285714285715

Residual: 0.4844227113489402


epsilon: 0.2285714285714286

m: 5.55

n: 16.714285714285715

Residual: 0.3680524396818706


epsilon: 0.2285714285714286

m: 5.285714285714286

n: 17.55

Residual: 0.4337419653350014


epsilon: 0.2171428571428571

m: 5.461904761904761

n: 17.271428571428572

Residual: 0.38320805258726875


epsilon: 0.220952380952381

m: 5.57936507936508

n: 17.642857142857146

Residual: 0.374841311600592


epsilon: 0.21587301587301588

m: 5.775132275132276

n: 16.869047619047624

Residual: 0.37637856566514627


epsilon: 0.2264550264550265

m: 5.807760141093476

n: 16.87936507936508

Residual: 0.34225541378354907


epsilon: 0.2311111111111112

m: 5.980687830687833

n: 16.683333333333337

Residual: 0.34380889481222043


epsilon: 0.23477954144620822

m: 5.516284538506761

n: 17.288624338624334

Residual: 0.3701501338441842


epsilon: 0.23891828336272786

m: 5.66999804036841

n: 16.278659611992936

Residual: 0.34532555931753506


epsilon: 0.22785028414658048

m: 5.835554249134495

n: 15.959582598471489

Residual: 0.321839374335389


epsilon: 0.2243856554967666

m: 5.995189104448363

n: 15.295061728395062

Residual: 0.3241474527419989


epsilon: 0.23357763407146126

m: 5.992208287064254

n: 16.03078581226729

Residual: 0.31247596711721803


epsilon: 0.23608073682147757

m: 6.21331243059638

n: 15.689035861258077

Residual: 0.343291297213292


epsilon: 0.2196703464193176

m: 6.087017077826407

n: 16.301162714742965

Residual: 0.45392755367593574


epsilon: 0.2341062991268753

m: 5.774252799732909

n: 16.28428538768044

Residual: 0.3240712170360427


epsilon: 0.23723445177491823

m: 5.926916749527629

n: 15.303737452914405

Residual: 0.30566940862071873


epsilon: 0.24262416443486406

m: 5.986495053744706

n: 14.515923639689063

Residual: 0.3123113079445668


epsilon: 0.23166861420176466

m: 6.06220005741801

n: 15.245118521421684

Residual: 0.30771451253159354


epsilon: 0.24047018255218228

m: 6.151995813538767

n: 15.093511925930763

Residual: 0.28041969049813187


epsilon: 0.24678013175498315

m: 6.310216595740902

n: 14.660476589660398

Residual: 0.25209078624536074


epsilon: 0.24354449774964942

m: 6.207347314726774

n: 14.108769230397034

Residual: 0.2725641841721952


epsilon: 0.2533707733179359

m: 6.234120382578859

n: 14.136870327226209

Residual: 0.27016848257288417


epsilon: 0.25856248344012733

m: 6.574206112503396

n: 13.300339978608022

Residual: 0.22363319821603106


epsilon: 0.26922649927273196

m: 6.89785079399128

n: 12.298641241454831

Residual: 0.20393828160955013


epsilon: 0.269373771814118

m: 6.7541112001472525

n: 13.288556208497262

Residual: 0.20140272339998375


epsilon: 0.2822884088463523

m: 7.027493142857493

n: 12.878449697547374

Residual: 0.17925100816236758


epsilon: 0.27882591993144235

m: 7.256253305814256

n: 12.421508025215527

Residual: 0.21157489796138063


epsilon: 0.3067804202787012

m: 7.810848232701115

n: 10.405256053151422

Residual: 0.2448810202869181


epsilon: 0.2917803481477717

m: 7.4356903234610625

n: 11.469061187278665

Residual: 0.20533434054538327


epsilon: 0.28337091757979493

m: 6.984436201058968

n: 12.00926005897172

Residual: 0.22852955388730925


epsilon: 0.27996216934353046

m: 7.188299029625433

n: 12.318446033654574

Residual: 0.1816990580595008


epsilon: 0.2625377034939715

m: 6.640071654188408

n: 13.527963461159189

Residual: 0.2088204913260091


epsilon: 0.2844696869843216

m: 7.236785656142899

n: 11.983786755748795

Residual: 0.179192320408722


epsilon: 0.295253677510071

m: 7.403867758425939

n: 12.488480416512331

Residual: 0.19873376512361943


epsilon: 0.28874688295073625

m: 7.277363517317274

n: 12.441020622747956

Residual: 0.17609957047933777


epsilon: 0.29037448317740966

m: 7.172795847919675

n: 12.55039201704151

Residual: 0.17467425009030368


epsilon: 0.29558064009434926

m: 7.165044257066796

n: 12.666365008734978

Residual: 0.1734632599963865


epsilon: 0.2969097311732525

m: 7.425302477493819

n: 11.84899856060711

Residual: 0.17515648477124907


epsilon: 0.30302181582790366

m: 7.341687845109027

n: 12.653802705644566

Residual: 0.16951103486292607


epsilon: 0.31229788024969474

m: 7.394138939592089

n: 12.98881068059245

Residual: 0.17323040960327737


epsilon: 0.3082612417796007

m: 7.343992869129154

n: 12.338423560576476

Residual: 0.1804020797419886


epsilon: 0.29362547265795236

m: 7.294020855270244

n: 12.415371357205085

Residual: 0.17591454824614824


epsilon: 0.3033826520723846

m: 7.327335531176184

n: 12.364072826119347

Residual: 0.1792918316613017


epsilon: 0.2960647675115604

m: 7.302349524246729

n: 12.402546724433652

Residual: 0.1773642502695399


epsilon: 0.29930122796112646

m: 7.253366051087911

n: 12.660083857189772

Residual: 0.1719688354982552


epsilon: 0.29996577350057807

m: 7.383495161301423

n: 12.251400633125838

Residual: 0.17950647997282995


epsilon: 0.298323644242928

m: 7.317854350189635

n: 12.534587031424826

Residual: 0.17312740489848188


epsilon: 0.30046535185406065

m: 7.225110336289625

n: 12.98091509638027

Residual: 0.1808399575992566


epsilon: 0.3000906680889487

m: 7.3438989550484735

n: 12.433779248939446

Residual: 0.17487547062770303


epsilon: 0.30034045726569003

m: 7.264706542542575

n: 12.798536480566662

Residual: 0.1727408509031047


epsilon: 0.30345202312688546

m: 7.255319275636707

n: 12.873694997509174

Residual: 0.1710443613188079


epsilon: 0.3035095873449204

m: 7.302208905346522

n: 12.659851226329016

Residual: 0.17030039108453215


epsilon: 0.3073543895720132

m: 7.346111299640259

n: 12.798148762465402

Residual: 0.1700501579790701


epsilon: 0.3058051720363394

m: 7.40468609109383

n: 12.53417346545015

Residual: 0.17132138797206695


epsilon: 0.30404031035424894

m: 7.2926609795009885

n: 12.788814614494418

Residual: 0.17586062735295457


epsilon: 0.30518810269995844

m: 7.343899572374642

n: 12.725975734054984

Residual: 0.174013446379304


epsilon: 0.30326570158641203

m: 7.321948375227774

n: 12.656826965986792

Residual: 0.17899799316293857


epsilon: 0.30323691947739456

m: 7.2985035603728665

n: 12.763748851576871

Residual: 0.17737948228485473


epsilon: 0.30436552375042575

m: 7.334112276676582

n: 12.772191228197489

Residual: 0.17910257694969967


epsilon: 0.30354065712741546

m: 7.324989350589976

n: 12.685668031539466

Residual: 0.1682136183325401


epsilon: 0.30459679762612385

m: 7.375214285009562

n: 12.61321546258247

Residual: 0.17779963620348088


epsilon: 0.3035768890145769

m: 7.317681241532041

n: 12.72611550432827

Residual: 0.18013140930645244


epsilon: 0.3032812364776596

m: 7.333338597849501

n: 12.669735368592015

Residual: 0.17541729192017289


epsilon: 0.3043643799136869

m: 7.33444446148231

n: 12.705821882797224

Residual: 0.1685731760025761


epsilon: 0.303388788302405

m: 7.311746455481421

n: 12.724708441558167

Residual: 0.1636547879235013


epsilon: 0.30424798041801193

m: 7.31411491385297

n: 12.74106353533789

Residual: 0.17051679508071682


epsilon: 0.3040062944329238

m: 7.318920834852102

n: 12.723231493651422

Residual: 0.17336731129174268


epsilon: 0.3034647227149102

m: 7.318367903035698

n: 12.705188236548818

Residual: 0.17099492320920617


epsilon: 0.30387658410804597

m: 7.323095458481865

n: 12.715265162177696

Residual: 0.1733352000290207


epsilon: 0.3033350123900323

m: 7.322542526665461

n: 12.697221905075091

Residual: 0.16730849880508425


epsilon: 0.3029157648301858

m: 7.312009131639853

n: 12.702813893277026

Residual: 0.1798561048759428


epsilon: 0.3036363792885809

m: 7.320323876771362

n: 12.712152344952528

Residual: 0.17377152444149802


epsilon: 0.3033619003462187

m: 7.3171444910734404

n: 12.71096517331663

Residual: 0.16679404932278769


epsilon: 0.3034267555086576

m: 7.3150571792585595

n: 12.714948339053493

Residual: 0.16927562248347508


epsilon: 0.3036326862052255

m: 7.317420956981643

n: 12.719986801867933

Residual: 0.17214671542333476


epsilon: 0.30315227656629534

m: 7.3118777935606385

n: 12.713761167417598

Residual: 0.16534106112829217


epsilon: 0.3031752213012885

m: 7.312121980818441

n: 12.718008182474772

Residual: 0.17531395421993434


epsilon: 0.30336387195681536

m: 7.314323379648529

n: 12.715713299908813

Residual: 0.17069352503364774


epsilon: 0.3032705324343502

m: 7.31181212452103

n: 12.719234804487883

Residual: 0.16736211443221036


epsilon: 0.30337534432431185

m: 7.314445473277431

n: 12.717836807437399

Residual: 0.17190736519606778


epsilon: 0.3034077719055313

m: 7.31340181736999

n: 12.71982839030583

Residual: 0.16646543356257973


epsilon: 0.3033360507705459

m: 7.31019479163753

n: 12.72467761679719

Residual: 0.17264387681389373


epsilon: 0.3033655209358703

m: 7.313382802867455

n: 12.719547009777347

Residual: 0.1693517443933588


epsilon: 0.3033458741589874

m: 7.3112574620475055

n: 12.72296741445724

Residual: 0.17720694734575962


epsilon: 0.3033606092416496

m: 7.312851467662467

n: 12.72040211094732

Residual: 0.1731365711587288


epsilon: 0.3033982801039682

m: 7.312574136425706

n: 12.722268415932

Residual: 0.17300148701533577


epsilon: 0.3033296603683776

m: 7.311779290001225

n: 12.721971623023025

Residual: 0.16851260687445807


epsilon: 0.30337715461913767

m: 7.312564629174438

n: 12.722127725667757

Residual: 0.17812122888372056


epsilon: 0.3033673312306962

m: 7.311501958764462

n: 12.723837928007704

Residual: 0.17388056854623787


epsilon: 0.3033697870778066

m: 7.311767626366956

n: 12.723410377422718

Residual: 0.18541384069917066


epsilon: 0.3033592243353913

m: 7.311762872741323

n: 12.723340032290597

Residual: 0.16242996458540254


epsilon: 0.3033935342031866

m: 7.312160295953563

n: 12.723488428745084

Residual: 0.1754479327475565


epsilon: 0.3033829714607713

m: 7.312155542327929

n: 12.723418083612962

Residual: 0.17520365773297236


epsilon: 0.3033604551958585

m: 7.311616284413552

n: 12.724155942896067

Residual: 0.17565101505613095


epsilon: 0.3033852644513546

m: 7.312024293068561

n: 12.72365530728283

Residual: 0.1754752162278953


epsilon: 0.30337400631889816

m: 7.311754664111372

n: 12.724024236924382

Residual: 0.16757012867788146


epsilon: 0.3033710978980813

m: 7.311959207534626

n: 12.72337905795178

Residual: 0.17580520111277403


epsilon: 0.30337637926928895

m: 7.3119615843474435

n: 12.72341423051784

Residual: 0.16931797011812424


epsilon: 0.30336864205097097

m: 7.311693539932133

n: 12.723806608536767

Residual: 0.16885537072024423


epsilon: 0.30335820253421797

m: 7.3115124668424425

n: 12.72403302131666

Residual: 0.16982058229798444


epsilon: 0.30337183508552124

m: 7.311849304971194

n: 12.723568928217546

Residual: 0.17207134382961553


epsilon: 0.3033666153271447

m: 7.311758768426348

n: 12.72368213460749

Residual: 0.1733972271894988


epsilon: 0.3033639331931811

m: 7.311728206336728

n: 12.723573320413681

Residual: 0.1670741777831802


epsilon: 0.30336780180234013

m: 7.311862228544383

n: 12.723377131404218

Residual: 0.17421684572111706


epsilon: 0.3033587134348046

m: 7.311637669791882

n: 12.72368652680363

Residual: 0.17851840127054616


epsilon: 0.30336552971045627

m: 7.311806088856258

n: 12.723454480254071

Residual: 0.17750921594341937


epsilon: 0.3033615787642862

m: 7.311745539539025

n: 12.72345667635214

Residual: 0.18189951067722168


epsilon: 0.303362919831268

m: 7.311760820583835

n: 12.723511083449043

Residual: 0.17455338003096182


epsilon: 0.3033635130688657

m: 7.311812550642853

n: 12.723358581847407

Residual: 0.1704813352660356


epsilon: 0.30336219272606374

m: 7.311811956439648

n: 12.723349788705892

Residual: 0.1722064103943569


epsilon: 0.30336036692227913

m: 7.3118307659653805

n: 12.72318785178022

Residual: 0.17971479001788893


epsilon: 0.3033622816040208

m: 7.311778306929222

n: 12.723430275531838

Residual: 0.1695219400648163


epsilon: 0.30336115327945484

m: 7.311757197102617

n: 12.723402804407336

Residual: 0.17770325712756296


epsilon: 0.3033619328644115

m: 7.31179826660539

n: 12.723363042631252

Residual: 0.1807624241684792


epsilon: 0.30336075296970605

m: 7.311770589835272

n: 12.723385153911217

Residual: 0.17356712674256422


epsilon: 0.3033613687021285

m: 7.311787711692087

n: 12.723349307069002

Residual: 0.17043266610883714


epsilon: 0.3033607085307275

m: 7.311787414590485

n: 12.723344910498245

Residual: 0.1752190152773901


epsilon: 0.3033601888074231

m: 7.311760034921971

n: 12.723371418348968

Residual: 0.17096957287165299


Warning: Maximum number of iterations has been exceeded.
epsilon: 0.3033601888074231

m: 7.311760034921971

sigma: 0.6975

n: 12.723371418348968

Residual: 0.1614770049922407
