n: 12.0

epsilon: 0.1

m: 5.0

Residual: 0.3475480559874493


n: 12.0

epsilon: 0.1

m: 5.0

Residual: 0.3465079934609026


n: 12.0

epsilon: 0.1

m: 5.285714285714286

Residual: 0.3991351105346854


n: 12.0

epsilon: 0.1

m: 5.571428571428571

Residual: 0.4449823875756913


n: 12.0

epsilon: 0.1

m: 5.857142857142857

Residual: 0.48371238177328374


n: 12.0

epsilon: 0.1

m: 6.142857142857142

Residual: 0.5196526876041477


n: 12.0

epsilon: 0.1

m: 6.428571428571429

Residual: 0.5514463296276768


n: 12.0

epsilon: 0.1

m: 6.714285714285714

Residual: 0.5801092548915642


n: 12.0

epsilon: 0.1

m: 7.0

Residual: 0.6040989449180505


n: 12.0

epsilon: 0.2285714285714286

m: 5.0

Residual: 0.13076574358881882


n: 12.0

epsilon: 0.2285714285714286

m: 5.285714285714286

Residual: 0.10777640025789478


n: 12.0

epsilon: 0.2285714285714286

m: 5.571428571428571

Residual: 0.09838030461476896


n: 12.0

epsilon: 0.2285714285714286

m: 5.857142857142857

Residual: 0.11845095188401242


n: 12.0

epsilon: 0.2285714285714286

m: 6.142857142857142

Residual: 0.16251303916666712


n: 12.0

epsilon: 0.2285714285714286

m: 6.428571428571429

Residual: 0.2077415714265393


n: 12.0

epsilon: 0.2285714285714286

m: 6.714285714285714

Residual: 0.24329364401449433


n: 12.0

epsilon: 0.2285714285714286

m: 7.0

Residual: 0.27882658533838905


n: 12.0

epsilon: 0.3571428571428572

m: 5.0

Residual: 0.26587644851312553


n: 12.0

epsilon: 0.3571428571428572

m: 5.285714285714286

Residual: 0.21312227664301694


n: 12.0

epsilon: 0.3571428571428572

m: 5.571428571428571

Residual: 0.163459095835077


n: 12.0

epsilon: 0.3571428571428572

m: 5.857142857142857

Residual: 0.12168685191293908


n: 12.0

epsilon: 0.3571428571428572

m: 6.142857142857142

Residual: 0.08297037774846436


n: 12.0

epsilon: 0.3571428571428572

m: 6.428571428571429

Residual: 0.056883006222838345


n: 12.0

epsilon: 0.3571428571428572

m: 6.714285714285714

Residual: 0.0406129438280779


n: 12.0

epsilon: 0.3571428571428572

m: 7.0

Residual: 0.06558356868701061


n: 12.0

epsilon: 0.48571428571428577

m: 5.0

Residual: 0.40386359457554183


n: 12.0

epsilon: 0.48571428571428577

m: 5.285714285714286

Residual: 0.3517961286239088


n: 12.0

epsilon: 0.48571428571428577

m: 5.571428571428571

Residual: 0.30204628785241583


n: 12.0

epsilon: 0.48571428571428577

m: 5.857142857142857

Residual: 0.2557078780768502


n: 12.0

epsilon: 0.48571428571428577

m: 6.142857142857142

Residual: 0.21171445267191902


n: 12.0

epsilon: 0.48571428571428577

m: 6.428571428571429

Residual: 0.1670175446600317


n: 12.0

epsilon: 0.48571428571428577

m: 6.714285714285714

Residual: 0.12949084765356264


n: 12.0

epsilon: 0.48571428571428577

m: 7.0

Residual: 0.09032292779113497


n: 12.0

epsilon: 0.6142857142857143

m: 5.0

Residual: 0.49623341810358607


n: 12.0

epsilon: 0.6142857142857143

m: 5.285714285714286

Residual: 0.4503602272128068


n: 12.0

epsilon: 0.6142857142857143

m: 5.571428571428571

Residual: 0.40583886970075006


n: 12.0

epsilon: 0.6142857142857143

m: 5.857142857142857

Residual: 0.3609233787681855


n: 12.0

epsilon: 0.6142857142857143

m: 6.142857142857142

Residual: 0.31637899816611725


n: 12.0

epsilon: 0.6142857142857143

m: 6.428571428571429

Residual: 0.2758093067170893


n: 12.0

epsilon: 0.6142857142857143

m: 6.714285714285714

Residual: 0.243011730601429


n: 12.0

epsilon: 0.6142857142857143

m: 7.0

Residual: 0.20119381049757493


n: 12.0

epsilon: 0.7428571428571429

m: 5.0

Residual: 0.5645473972013879


n: 12.0

epsilon: 0.7428571428571429

m: 5.285714285714286

Residual: 0.5220812487865965


n: 12.0

epsilon: 0.7428571428571429

m: 5.571428571428571

Residual: 0.4811686357660261


n: 12.0

epsilon: 0.7428571428571429

m: 5.857142857142857

Residual: 0.44152506852674994


n: 12.0

epsilon: 0.7428571428571429

m: 6.142857142857142

Residual: 0.40257542425711706


n: 12.0

epsilon: 0.7428571428571429

m: 6.428571428571429

Residual: 0.3643141476376418


n: 12.0

epsilon: 0.7428571428571429

m: 6.714285714285714

Residual: 0.32648461113755955


n: 12.0

epsilon: 0.7428571428571429

m: 7.0

Residual: 0.29459335132113135


n: 12.0

epsilon: 0.8714285714285716

m: 5.0

Residual: 0.6177680764586495


n: 12.0

epsilon: 0.8714285714285716

m: 5.285714285714286

Residual: 0.5773315945696395


n: 12.0

epsilon: 0.8714285714285716

m: 5.571428571428571

Residual: 0.5393585723739288


n: 12.0

epsilon: 0.8714285714285716

m: 5.857142857142857

Residual: 0.5026853673578476


n: 12.0

epsilon: 0.8714285714285716

m: 6.142857142857142

Residual: 0.46587422167989473


n: 12.0

epsilon: 0.8714285714285716

m: 6.428571428571429

Residual: 0.4292582200634051


n: 12.0

epsilon: 0.8714285714285716

m: 6.714285714285714

Residual: 0.39706633577399947


n: 12.0

epsilon: 0.8714285714285716

m: 7.0

Residual: 0.36467016656005513


n: 12.0

epsilon: 1.0000000000000002

m: 5.0

Residual: 0.6576715458726994


n: 12.0

epsilon: 1.0000000000000002

m: 5.285714285714286

Residual: 0.6210754195049877


n: 12.0

epsilon: 1.0000000000000002

m: 5.571428571428571

Residual: 0.5871871591115655


n: 12.0

epsilon: 1.0000000000000002

m: 5.857142857142857

Residual: 0.5513511047418123


n: 12.0

epsilon: 1.0000000000000002

m: 6.142857142857142

Residual: 0.517886191425179


n: 12.0

epsilon: 1.0000000000000002

m: 6.428571428571429

Residual: 0.48426470336619953


n: 12.0

epsilon: 1.0000000000000002

m: 6.714285714285714

Residual: 0.45050868245575054


n: 12.0

epsilon: 1.0000000000000002

m: 7.0

Residual: 0.42116669006003493


n: 16.714285714285715

epsilon: 0.1

m: 5.0

Residual: 0.44728569736177437


n: 16.714285714285715

epsilon: 0.1

m: 5.285714285714286

Residual: 0.4985583212865521


n: 16.714285714285715

epsilon: 0.1

m: 5.571428571428571

Residual: 0.5436727132906771


n: 16.714285714285715

epsilon: 0.1

m: 5.857142857142857

Residual: 0.5791085420278688


n: 16.714285714285715

epsilon: 0.1

m: 6.142857142857142

Residual: 0.6144785855234866


n: 16.714285714285715

epsilon: 0.1

m: 6.428571428571429

Residual: 0.6426679850693316


n: 16.714285714285715

epsilon: 0.1

m: 6.714285714285714

Residual: 0.6668355746005716


n: 16.714285714285715

epsilon: 0.1

m: 7.0

Residual: 0.691155994012998


n: 16.714285714285715

epsilon: 0.2285714285714286

m: 5.0

Residual: 0.118342824109882


n: 16.714285714285715

epsilon: 0.2285714285714286

m: 5.285714285714286

Residual: 0.13932890495560968


n: 16.714285714285715

epsilon: 0.2285714285714286

m: 5.571428571428571

Residual: 0.1906777975018677


n: 16.714285714285715

epsilon: 0.2285714285714286

m: 5.857142857142857

Residual: 0.24236434489811703


n: 16.714285714285715

epsilon: 0.2285714285714286

m: 6.142857142857142

Residual: 0.294220444845849


n: 16.714285714285715

epsilon: 0.2285714285714286

m: 6.428571428571429

Residual: 0.3332811673497729


n: 16.714285714285715

epsilon: 0.2285714285714286

m: 6.714285714285714

Residual: 0.37609926933823734


n: 16.714285714285715

epsilon: 0.2285714285714286

m: 7.0

Residual: 0.4096135937847332


n: 16.714285714285715

epsilon: 0.3571428571428572

m: 5.0

Residual: 0.16374350819890807


n: 16.714285714285715

epsilon: 0.3571428571428572

m: 5.285714285714286

Residual: 0.11279271063628182


n: 16.714285714285715

epsilon: 0.3571428571428572

m: 5.571428571428571

Residual: 0.07257515637197441


n: 16.714285714285715

epsilon: 0.3571428571428572

m: 5.857142857142857

Residual: 0.0485516188832343


n: 16.714285714285715

epsilon: 0.3571428571428572

m: 6.142857142857142

Residual: 0.07744800321268383


n: 16.714285714285715

epsilon: 0.3571428571428572

m: 6.428571428571429

Residual: 0.12461861752289022


n: 16.714285714285715

epsilon: 0.3571428571428572

m: 6.714285714285714

Residual: 0.1711067374167198


n: 16.714285714285715

epsilon: 0.3571428571428572

m: 7.0

Residual: 0.21261287551405111


n: 16.714285714285715

epsilon: 0.48571428571428577

m: 5.0

Residual: 0.2998544864489482


n: 16.714285714285715

epsilon: 0.48571428571428577

m: 5.285714285714286

Residual: 0.24041369666648696


n: 16.714285714285715

epsilon: 0.48571428571428577

m: 5.571428571428571

Residual: 0.1812792930690544


n: 16.714285714285715

epsilon: 0.48571428571428577

m: 5.857142857142857

Residual: 0.1283796421309391


n: 16.714285714285715

epsilon: 0.48571428571428577

m: 6.142857142857142

Residual: 0.08244052930861752


n: 16.714285714285715

epsilon: 0.48571428571428577

m: 6.428571428571429

Residual: 0.04214595213931235


n: 16.714285714285715

epsilon: 0.48571428571428577

m: 6.714285714285714

Residual: 0.03376188622849485


n: 16.714285714285715

epsilon: 0.48571428571428577

m: 7.0

Residual: 0.06319911030087588


n: 16.714285714285715

epsilon: 0.6142857142857143

m: 5.0

Residual: 0.4017445270302033


n: 16.714285714285715

epsilon: 0.6142857142857143

m: 5.285714285714286

Residual: 0.34542394942681764


n: 16.714285714285715

epsilon: 0.6142857142857143

m: 5.571428571428571

Residual: 0.29050790390854786


n: 16.714285714285715

epsilon: 0.6142857142857143

m: 5.857142857142857

Residual: 0.24102249535975573


n: 16.714285714285715

epsilon: 0.6142857142857143

m: 6.142857142857142

Residual: 0.19394998145095899


n: 16.714285714285715

epsilon: 0.6142857142857143

m: 6.428571428571429

Residual: 0.14237134299724735


n: 16.714285714285715

epsilon: 0.6142857142857143

m: 6.714285714285714

Residual: 0.10284446631040285


n: 16.714285714285715

epsilon: 0.6142857142857143

m: 7.0

Residual: 0.06979286172661439


n: 16.714285714285715

epsilon: 0.7428571428571429

m: 5.0

Residual: 0.47838417842925474


n: 16.714285714285715

epsilon: 0.7428571428571429

m: 5.285714285714286

Residual: 0.42715767393580834


n: 16.714285714285715

epsilon: 0.7428571428571429

m: 5.571428571428571

Residual: 0.3759175314578535


n: 16.714285714285715

epsilon: 0.7428571428571429

m: 5.857142857142857

Residual: 0.32748690833544636


n: 16.714285714285715

epsilon: 0.7428571428571429

m: 6.142857142857142

Residual: 0.27750898804352586


n: 16.714285714285715

epsilon: 0.7428571428571429

m: 6.428571428571429

Residual: 0.2385374250083325


n: 16.714285714285715

epsilon: 0.7428571428571429

m: 6.714285714285714

Residual: 0.19083616816244747


n: 16.714285714285715

epsilon: 0.7428571428571429

m: 7.0

Residual: 0.15191379850335038


n: 16.714285714285715

epsilon: 0.8714285714285716

m: 5.0

Residual: 0.536344162632351


n: 16.714285714285715

epsilon: 0.8714285714285716

m: 5.285714285714286

Residual: 0.488879502946057


n: 16.714285714285715

epsilon: 0.8714285714285716

m: 5.571428571428571

Residual: 0.44210276776996854


n: 16.714285714285715

epsilon: 0.8714285714285716

m: 5.857142857142857

Residual: 0.3932816650219902


n: 16.714285714285715

epsilon: 0.8714285714285716

m: 6.142857142857142

Residual: 0.35238861372357044


n: 16.714285714285715

epsilon: 0.8714285714285716

m: 6.428571428571429

Residual: 0.31382297443841534


n: 16.714285714285715

epsilon: 0.8714285714285716

m: 6.714285714285714

Residual: 0.27028758400087316


n: 16.714285714285715

epsilon: 0.8714285714285716

m: 7.0

Residual: 0.2312804768289267


n: 16.714285714285715

epsilon: 1.0000000000000002

m: 5.0

Residual: 0.5845597066748655


n: 16.714285714285715

epsilon: 1.0000000000000002

m: 5.285714285714286

Residual: 0.5404825798298671


n: 16.714285714285715

epsilon: 1.0000000000000002

m: 5.571428571428571

Residual: 0.4963256699485153


n: 16.714285714285715

epsilon: 1.0000000000000002

m: 5.857142857142857

Residual: 0.4523722274342642


n: 16.714285714285715

epsilon: 1.0000000000000002

m: 6.142857142857142

Residual: 0.41099966677541966


n: 16.714285714285715

epsilon: 1.0000000000000002

m: 6.428571428571429

Residual: 0.36949452975895236


n: 16.714285714285715

epsilon: 1.0000000000000002

m: 6.714285714285714

Residual: 0.33313150189196683


n: 16.714285714285715

epsilon: 1.0000000000000002

m: 7.0

Residual: 0.2893258591921594


n: 21.42857142857143

epsilon: 0.1

m: 5.0

Residual: 0.5027196797728738


n: 21.42857142857143

epsilon: 0.1

m: 5.285714285714286

Residual: 0.5514717388807492


n: 21.42857142857143

epsilon: 0.1

m: 5.571428571428571

Residual: 0.5926915935564152


n: 21.42857142857143

epsilon: 0.1

m: 5.857142857142857

Residual: 0.6286057961428497


n: 21.42857142857143

epsilon: 0.1

m: 6.142857142857142

Residual: 0.659464932583539


n: 21.42857142857143

epsilon: 0.1

m: 6.428571428571429

Residual: 0.6906645269478895


n: 21.42857142857143

epsilon: 0.1

m: 6.714285714285714

Residual: 0.711835774188916


n: 21.42857142857143

epsilon: 0.1

m: 7.0

Residual: 0.7317859443717414


n: 21.42857142857143

epsilon: 0.2285714285714286

m: 5.0

Residual: 0.15142891188122815


n: 21.42857142857143

epsilon: 0.2285714285714286

m: 5.285714285714286

Residual: 0.20635171197571567


n: 21.42857142857143

epsilon: 0.2285714285714286

m: 5.571428571428571

Residual: 0.26212373738831407


n: 21.42857142857143

epsilon: 0.2285714285714286

m: 5.857142857142857

Residual: 0.3198110398656575


n: 21.42857142857143

epsilon: 0.2285714285714286

m: 6.142857142857142

Residual: 0.3645089619808679


n: 21.42857142857143

epsilon: 0.2285714285714286

m: 6.428571428571429

Residual: 0.4068055067399195


n: 21.42857142857143

epsilon: 0.2285714285714286

m: 6.714285714285714

Residual: 0.4477762517179024


n: 21.42857142857143

epsilon: 0.2285714285714286

m: 7.0

Residual: 0.480853991498401


n: 21.42857142857143

epsilon: 0.3571428571428572

m: 5.0

Residual: 0.11346012531675066


n: 21.42857142857143

epsilon: 0.3571428571428572

m: 5.285714285714286

Residual: 0.07699637823643866


n: 21.42857142857143

epsilon: 0.3571428571428572

m: 5.571428571428571

Residual: 0.0638722139564971


n: 21.42857142857143

epsilon: 0.3571428571428572

m: 5.857142857142857

Residual: 0.10378998446057157


n: 21.42857142857143

epsilon: 0.3571428571428572

m: 6.142857142857142

Residual: 0.15492753192145525


n: 21.42857142857143

epsilon: 0.3571428571428572

m: 6.428571428571429

Residual: 0.20912580633723257


n: 21.42857142857143

epsilon: 0.3571428571428572

m: 6.714285714285714

Residual: 0.2498507073054448


n: 21.42857142857143

epsilon: 0.3571428571428572

m: 7.0

Residual: 0.2979089287704765


n: 21.42857142857143

epsilon: 0.48571428571428577

m: 5.0

Residual: 0.23362830864663378


n: 21.42857142857143

epsilon: 0.48571428571428577

m: 5.285714285714286

Residual: 0.16555000869700356


n: 21.42857142857143

epsilon: 0.48571428571428577

m: 5.571428571428571

Residual: 0.10990096173450972


n: 21.42857142857143

epsilon: 0.48571428571428577

m: 5.857142857142857

Residual: 0.05567012789084188


n: 21.42857142857143

epsilon: 0.48571428571428577

m: 6.142857142857142

Residual: 0.02677166144892693


n: 21.42857142857143

epsilon: 0.48571428571428577

m: 6.428571428571429

Residual: 0.05362616891434382


n: 21.42857142857143

epsilon: 0.48571428571428577

m: 6.714285714285714

Residual: 0.09980791447654508


n: 21.42857142857143

epsilon: 0.48571428571428577

m: 7.0

Residual: 0.15236787989997722


n: 21.42857142857143

epsilon: 0.6142857142857143

m: 5.0

Residual: 0.33787229701812027


n: 21.42857142857143

epsilon: 0.6142857142857143

m: 5.285714285714286

Residual: 0.27833419561910117


n: 21.42857142857143

epsilon: 0.6142857142857143

m: 5.571428571428571

Residual: 0.2197931391964399


n: 21.42857142857143

epsilon: 0.6142857142857143

m: 5.857142857142857

Residual: 0.16747053835479056


n: 21.42857142857143

epsilon: 0.6142857142857143

m: 6.142857142857142

Residual: 0.11072804467562303


n: 21.42857142857143

epsilon: 0.6142857142857143

m: 6.428571428571429

Residual: 0.06252422205492389


n: 21.42857142857143

epsilon: 0.6142857142857143

m: 6.714285714285714

Residual: 0.036476847228678375


n: 21.42857142857143

epsilon: 0.6142857142857143

m: 7.0

Residual: 0.048125493470217266


n: 21.42857142857143

epsilon: 0.7428571428571429

m: 5.0

Residual: 0.4227108317678487


n: 21.42857142857143

epsilon: 0.7428571428571429

m: 5.285714285714286

Residual: 0.3647395314056506


n: 21.42857142857143

epsilon: 0.7428571428571429

m: 5.571428571428571

Residual: 0.30755809412522833


n: 21.42857142857143

epsilon: 0.7428571428571429

m: 5.857142857142857

Residual: 0.25673320145948314


n: 21.42857142857143

epsilon: 0.7428571428571429

m: 6.142857142857142

Residual: 0.20285366071427782


n: 21.42857142857143

epsilon: 0.7428571428571429

m: 6.428571428571429

Residual: 0.1555511241837009


n: 21.42857142857143

epsilon: 0.7428571428571429

m: 6.714285714285714

Residual: 0.11175833398290551


n: 21.42857142857143

epsilon: 0.7428571428571429

m: 7.0

Residual: 0.08588286381037669


n: 21.42857142857143

epsilon: 0.8714285714285716

m: 5.0

Residual: 0.48475832184998996


n: 21.42857142857143

epsilon: 0.8714285714285716

m: 5.285714285714286

Residual: 0.43072794844240286


n: 21.42857142857143

epsilon: 0.8714285714285716

m: 5.571428571428571

Residual: 0.37890489668079097


n: 21.42857142857143

epsilon: 0.8714285714285716

m: 5.857142857142857

Residual: 0.3287813315788135


n: 21.42857142857143

epsilon: 0.8714285714285716

m: 6.142857142857142

Residual: 0.2773827518046574


n: 21.42857142857143

epsilon: 0.8714285714285716

m: 6.428571428571429

Residual: 0.23604858715151916


n: 21.42857142857143

epsilon: 0.8714285714285716

m: 6.714285714285714

Residual: 0.1876944526957905


n: 21.42857142857143

epsilon: 0.8714285714285716

m: 7.0

Residual: 0.14601424550679473


n: 21.42857142857143

epsilon: 1.0000000000000002

m: 5.0

Residual: 0.5364762748289508


n: 21.42857142857143

epsilon: 1.0000000000000002

m: 5.285714285714286

Residual: 0.48500032152032113


n: 21.42857142857143

epsilon: 1.0000000000000002

m: 5.571428571428571

Residual: 0.4340231606868697


n: 21.42857142857143

epsilon: 1.0000000000000002

m: 5.857142857142857

Residual: 0.3883445063685422


n: 21.42857142857143

epsilon: 1.0000000000000002

m: 6.142857142857142

Residual: 0.342069961383874


n: 21.42857142857143

epsilon: 1.0000000000000002

m: 6.428571428571429

Residual: 0.2943335821423723


n: 21.42857142857143

epsilon: 1.0000000000000002

m: 6.714285714285714

Residual: 0.2527394297266826


n: 21.42857142857143

epsilon: 1.0000000000000002

m: 7.0

Residual: 0.20953641260648842


n: 26.142857142857142

epsilon: 0.1

m: 5.0

Residual: 0.5383600651477358


n: 26.142857142857142

epsilon: 0.1

m: 5.285714285714286

Residual: 0.5836942883263548


n: 26.142857142857142

epsilon: 0.1

m: 5.571428571428571

Residual: 0.6256380493850916


n: 26.142857142857142

epsilon: 0.1

m: 5.857142857142857

Residual: 0.66238364778352


n: 26.142857142857142

epsilon: 0.1

m: 6.142857142857142

Residual: 0.6922346699835418


n: 26.142857142857142

epsilon: 0.1

m: 6.428571428571429

Residual: 0.7160210390596791


n: 26.142857142857142

epsilon: 0.1

m: 6.714285714285714

Residual: 0.73917524931892


n: 26.142857142857142

epsilon: 0.1

m: 7.0

Residual: 0.7613592670474711


n: 26.142857142857142

epsilon: 0.2285714285714286

m: 5.0

Residual: 0.18737838715886715


n: 26.142857142857142

epsilon: 0.2285714285714286

m: 5.285714285714286

Residual: 0.25061563220301264


n: 26.142857142857142

epsilon: 0.2285714285714286

m: 5.571428571428571

Residual: 0.3097048240554265


n: 26.142857142857142

epsilon: 0.2285714285714286

m: 5.857142857142857

Residual: 0.3645040250175966


n: 26.142857142857142

epsilon: 0.2285714285714286

m: 6.142857142857142

Residual: 0.4089696024314152


n: 26.142857142857142

epsilon: 0.2285714285714286

m: 6.428571428571429

Residual: 0.45169276275433945


n: 26.142857142857142

epsilon: 0.2285714285714286

m: 6.714285714285714

Residual: 0.4917460008253253


n: 26.142857142857142

epsilon: 0.2285714285714286

m: 7.0

Residual: 0.5329797419474377


n: 26.142857142857142

epsilon: 0.3571428571428572

m: 5.0

Residual: 0.09407329009108609


n: 26.142857142857142

epsilon: 0.3571428571428572

m: 5.285714285714286

Residual: 0.07734657502551788


n: 26.142857142857142

epsilon: 0.3571428571428572

m: 5.571428571428571

Residual: 0.0978716216565752


n: 26.142857142857142

epsilon: 0.3571428571428572

m: 5.857142857142857

Residual: 0.15640878471034267


n: 26.142857142857142

epsilon: 0.3571428571428572

m: 6.142857142857142

Residual: 0.2111675575422422


n: 26.142857142857142

epsilon: 0.3571428571428572

m: 6.428571428571429

Residual: 0.26426611321421645


n: 26.142857142857142

epsilon: 0.3571428571428572

m: 6.714285714285714

Residual: 0.3074424259459125


n: 26.142857142857142

epsilon: 0.3571428571428572

m: 7.0

Residual: 0.34729726939944633


n: 26.142857142857142

epsilon: 0.48571428571428577

m: 5.0

Residual: 0.18904177221251087


n: 26.142857142857142

epsilon: 0.48571428571428577

m: 5.285714285714286

Residual: 0.1218861074206088


n: 26.142857142857142

epsilon: 0.48571428571428577

m: 5.571428571428571

Residual: 0.07116333251687902


n: 26.142857142857142

epsilon: 0.48571428571428577

m: 5.857142857142857

Residual: 0.030522231552933078


n: 26.142857142857142

epsilon: 0.48571428571428577

m: 6.142857142857142

Residual: 0.059243244288165256


n: 26.142857142857142

epsilon: 0.48571428571428577

m: 6.428571428571429

Residual: 0.11273341678333891


n: 26.142857142857142

epsilon: 0.48571428571428577

m: 6.714285714285714

Residual: 0.16468577782655064


n: 26.142857142857142

epsilon: 0.48571428571428577

m: 7.0

Residual: 0.20536385977652402


n: 26.142857142857142

epsilon: 0.6142857142857143

m: 5.0

Residual: 0.29779921975143886


n: 26.142857142857142

epsilon: 0.6142857142857143

m: 5.285714285714286

Residual: 0.23384309814866294


n: 26.142857142857142

epsilon: 0.6142857142857143

m: 5.571428571428571

Residual: 0.17245146415261203


n: 26.142857142857142

epsilon: 0.6142857142857143

m: 5.857142857142857

Residual: 0.11214376577771164


n: 26.142857142857142

epsilon: 0.6142857142857143

m: 6.142857142857142

Residual: 0.05932126539094224


n: 26.142857142857142

epsilon: 0.6142857142857143

m: 6.428571428571429

Residual: 0.026288050242797914


n: 26.142857142857142

epsilon: 0.6142857142857143

m: 6.714285714285714

Residual: 0.050713324909668726


n: 26.142857142857142

epsilon: 0.6142857142857143

m: 7.0

Residual: 0.09334011075915648


n: 26.142857142857142

epsilon: 0.7428571428571429

m: 5.0

Residual: 0.37958431245003144


n: 26.142857142857142

epsilon: 0.7428571428571429

m: 5.285714285714286

Residual: 0.31834833985057087


n: 26.142857142857142

epsilon: 0.7428571428571429

m: 5.571428571428571

Residual: 0.2600808511150207


n: 26.142857142857142

epsilon: 0.7428571428571429

m: 5.857142857142857

Residual: 0.2025809093305626


n: 26.142857142857142

epsilon: 0.7428571428571429

m: 6.142857142857142

Residual: 0.15053875841565253


n: 26.142857142857142

epsilon: 0.7428571428571429

m: 6.428571428571429

Residual: 0.09952976790824958


n: 26.142857142857142

epsilon: 0.7428571428571429

m: 6.714285714285714

Residual: 0.0657143547563568


n: 26.142857142857142

epsilon: 0.7428571428571429

m: 7.0

Residual: 0.049668087613597006


n: 26.142857142857142

epsilon: 0.8714285714285716

m: 5.0

Residual: 0.4480370980618167


n: 26.142857142857142

epsilon: 0.8714285714285716

m: 5.285714285714286

Residual: 0.3900186523851996


n: 26.142857142857142

epsilon: 0.8714285714285716

m: 5.571428571428571

Residual: 0.33519913017338243


n: 26.142857142857142

epsilon: 0.8714285714285716

m: 5.857142857142857

Residual: 0.2819375628141042


n: 26.142857142857142

epsilon: 0.8714285714285716

m: 6.142857142857142

Residual: 0.22820168433643803


n: 26.142857142857142

epsilon: 0.8714285714285716

m: 6.428571428571429

Residual: 0.17517070259710776


n: 26.142857142857142

epsilon: 0.8714285714285716

m: 6.714285714285714

Residual: 0.13173650669462098


n: 26.142857142857142

epsilon: 0.8714285714285716

m: 7.0

Residual: 0.10439279009569244


n: 26.142857142857142

epsilon: 1.0000000000000002

m: 5.0

Residual: 0.5017362871961388


n: 26.142857142857142

epsilon: 1.0000000000000002

m: 5.285714285714286

Residual: 0.44780886916188234


n: 26.142857142857142

epsilon: 1.0000000000000002

m: 5.571428571428571

Residual: 0.3937982840732125


n: 26.142857142857142

epsilon: 1.0000000000000002

m: 5.857142857142857

Residual: 0.3411710034912304


n: 26.142857142857142

epsilon: 1.0000000000000002

m: 6.142857142857142

Residual: 0.29246566107943184


n: 26.142857142857142

epsilon: 1.0000000000000002

m: 6.428571428571429

Residual: 0.241143601446185


n: 26.142857142857142

epsilon: 1.0000000000000002

m: 6.714285714285714

Residual: 0.19697539823499532


n: 26.142857142857142

epsilon: 1.0000000000000002

m: 7.0

Residual: 0.15594832901404337


n: 30.857142857142858

epsilon: 0.1

m: 5.0

Residual: 0.5622327294773675


n: 30.857142857142858

epsilon: 0.1

m: 5.285714285714286

Residual: 0.6080648038110005


n: 30.857142857142858

epsilon: 0.1

m: 5.571428571428571

Residual: 0.6437314058938011


n: 30.857142857142858

epsilon: 0.1

m: 5.857142857142857

Residual: 0.6828074756749317


n: 30.857142857142858

epsilon: 0.1

m: 6.142857142857142

Residual: 0.7093664134097708


n: 30.857142857142858

epsilon: 0.1

m: 6.428571428571429

Residual: 0.7388637219972074


n: 30.857142857142858

epsilon: 0.1

m: 6.714285714285714

Residual: 0.7594103096189361


n: 30.857142857142858

epsilon: 0.1

m: 7.0

Residual: 0.7787457936876593


n: 30.857142857142858

epsilon: 0.2285714285714286

m: 5.0

Residual: 0.22086869290664957


n: 30.857142857142858

epsilon: 0.2285714285714286

m: 5.285714285714286

Residual: 0.28691844720437654


n: 30.857142857142858

epsilon: 0.2285714285714286

m: 5.571428571428571

Residual: 0.34734489675578045


n: 30.857142857142858

epsilon: 0.2285714285714286

m: 5.857142857142857

Residual: 0.3946451084532395


n: 30.857142857142858

epsilon: 0.2285714285714286

m: 6.142857142857142

Residual: 0.4435300525448366


n: 30.857142857142858

epsilon: 0.2285714285714286

m: 6.428571428571429

Residual: 0.48531814362951103


n: 30.857142857142858

epsilon: 0.2285714285714286

m: 6.714285714285714

Residual: 0.5247163014121923


n: 30.857142857142858

epsilon: 0.2285714285714286

m: 7.0

Residual: 0.5547034675734487


n: 30.857142857142858

epsilon: 0.3571428571428572

m: 5.0

Residual: 0.09090435472859316


n: 30.857142857142858

epsilon: 0.3571428571428572

m: 5.285714285714286

Residual: 0.0884138703054094


n: 30.857142857142858

epsilon: 0.3571428571428572

m: 5.571428571428571

Residual: 0.13670501829276296


n: 30.857142857142858

epsilon: 0.3571428571428572

m: 5.857142857142857

Residual: 0.19414172066801916


n: 30.857142857142858

epsilon: 0.3571428571428572

m: 6.142857142857142

Residual: 0.24823206651696708


n: 30.857142857142858

epsilon: 0.3571428571428572

m: 6.428571428571429

Residual: 0.2945787091825254


n: 30.857142857142858

epsilon: 0.3571428571428572

m: 6.714285714285714

Residual: 0.34098853895173514


n: 30.857142857142858

epsilon: 0.3571428571428572

m: 7.0

Residual: 0.3867212032342705


n: 30.857142857142858

epsilon: 0.48571428571428577

m: 5.0

Residual: 0.1514437264967166


n: 30.857142857142858

epsilon: 0.48571428571428577

m: 5.285714285714286

Residual: 0.09594936557193476


n: 30.857142857142858

epsilon: 0.48571428571428577

m: 5.571428571428571

Residual: 0.05001240797147121


n: 30.857142857142858

epsilon: 0.48571428571428577

m: 5.857142857142857

Residual: 0.03998403206956552


n: 30.857142857142858

epsilon: 0.48571428571428577

m: 6.142857142857142

Residual: 0.09901483342087583


n: 30.857142857142858

epsilon: 0.48571428571428577

m: 6.428571428571429

Residual: 0.14620550676391167


n: 30.857142857142858

epsilon: 0.48571428571428577

m: 6.714285714285714

Residual: 0.20279108777066826


n: 30.857142857142858

epsilon: 0.48571428571428577

m: 7.0

Residual: 0.24600312418496256


n: 30.857142857142858

epsilon: 0.6142857142857143

m: 5.0

Residual: 0.26609154944311253


n: 30.857142857142858

epsilon: 0.6142857142857143

m: 5.285714285714286

Residual: 0.19712335262026026


n: 30.857142857142858

epsilon: 0.6142857142857143

m: 5.571428571428571

Residual: 0.13475603820442056


n: 30.857142857142858

epsilon: 0.6142857142857143

m: 5.857142857142857

Residual: 0.07397148393025087


n: 30.857142857142858

epsilon: 0.6142857142857143

m: 6.142857142857142

Residual: 0.023922183892904802


n: 30.857142857142858

epsilon: 0.6142857142857143

m: 6.428571428571429

Residual: 0.038435980169057186


n: 30.857142857142858

epsilon: 0.6142857142857143

m: 6.714285714285714

Residual: 0.08887476668011263


n: 30.857142857142858

epsilon: 0.6142857142857143

m: 7.0

Residual: 0.13230756107397454


n: 30.857142857142858

epsilon: 0.7428571428571429

m: 5.0

Residual: 0.3508432893798523


n: 30.857142857142858

epsilon: 0.7428571428571429

m: 5.285714285714286

Residual: 0.28353292425902116


n: 30.857142857142858

epsilon: 0.7428571428571429

m: 5.571428571428571

Residual: 0.2254118325508486


n: 30.857142857142858

epsilon: 0.7428571428571429

m: 5.857142857142857

Residual: 0.16388072147507607


n: 30.857142857142858

epsilon: 0.7428571428571429

m: 6.142857142857142

Residual: 0.10975286167374541


n: 30.857142857142858

epsilon: 0.7428571428571429

m: 6.428571428571429

Residual: 0.058540925010933866


n: 30.857142857142858

epsilon: 0.7428571428571429

m: 6.714285714285714

Residual: 0.04150438628074474


n: 30.857142857142858

epsilon: 0.7428571428571429

m: 7.0

Residual: 0.0574642996335839


n: 30.857142857142858

epsilon: 0.8714285714285716

m: 5.0

Residual: 0.42052986444682194


n: 30.857142857142858

epsilon: 0.8714285714285716

m: 5.285714285714286

Residual: 0.36009962100434467


n: 30.857142857142858

epsilon: 0.8714285714285716

m: 5.571428571428571

Residual: 0.3008734072015968


n: 30.857142857142858

epsilon: 0.8714285714285716

m: 5.857142857142857

Residual: 0.24385154003892043


n: 30.857142857142858

epsilon: 0.8714285714285716

m: 6.142857142857142

Residual: 0.1898192187239894


n: 30.857142857142858

epsilon: 0.8714285714285716

m: 6.428571428571429

Residual: 0.1341112008399419


n: 30.857142857142858

epsilon: 0.8714285714285716

m: 6.714285714285714

Residual: 0.09421654718314998


n: 30.857142857142858

epsilon: 0.8714285714285716

m: 7.0

Residual: 0.0829000857433087


n: 30.857142857142858

epsilon: 1.0000000000000002

m: 5.0

Residual: 0.47391708255971154


n: 30.857142857142858

epsilon: 1.0000000000000002

m: 5.285714285714286

Residual: 0.4160375655044238


n: 30.857142857142858

epsilon: 1.0000000000000002

m: 5.571428571428571

Residual: 0.3595561735348468


n: 30.857142857142858

epsilon: 1.0000000000000002

m: 5.857142857142857

Residual: 0.307392897474339


n: 30.857142857142858

epsilon: 1.0000000000000002

m: 6.142857142857142

Residual: 0.2563920347424539


n: 30.857142857142858

epsilon: 1.0000000000000002

m: 6.428571428571429

Residual: 0.20667451288845193


n: 30.857142857142858

epsilon: 1.0000000000000002

m: 6.714285714285714

Residual: 0.15608313973028434


n: 30.857142857142858

epsilon: 1.0000000000000002

m: 7.0

Residual: 0.12124632163402121


n: 35.57142857142857

epsilon: 0.1

m: 5.0

Residual: 0.5812770025394509


n: 35.57142857142857

epsilon: 0.1

m: 5.285714285714286

Residual: 0.6254787436644769


n: 35.57142857142857

epsilon: 0.1

m: 5.571428571428571

Residual: 0.6644780050725843


n: 35.57142857142857

epsilon: 0.1

m: 5.857142857142857

Residual: 0.6981892990069088


n: 35.57142857142857

epsilon: 0.1

m: 6.142857142857142

Residual: 0.7260230730374437


n: 35.57142857142857

epsilon: 0.1

m: 6.428571428571429

Residual: 0.7515184705253379


n: 35.57142857142857

epsilon: 0.1

m: 6.714285714285714

Residual: 0.7724276879805126


n: 35.57142857142857

epsilon: 0.1

m: 7.0

Residual: 0.7933997393629119


n: 35.57142857142857

epsilon: 0.2285714285714286

m: 5.0

Residual: 0.24410681843154816


n: 35.57142857142857

epsilon: 0.2285714285714286

m: 5.285714285714286

Residual: 0.31091721630728725


n: 35.57142857142857

epsilon: 0.2285714285714286

m: 5.571428571428571

Residual: 0.3683182378840817


n: 35.57142857142857

epsilon: 0.2285714285714286

m: 5.857142857142857

Residual: 0.4220061917092481


n: 35.57142857142857

epsilon: 0.2285714285714286

m: 6.142857142857142

Residual: 0.461964830204161


n: 35.57142857142857

epsilon: 0.2285714285714286

m: 6.428571428571429

Residual: 0.5098557344110362


n: 35.57142857142857

epsilon: 0.2285714285714286

m: 6.714285714285714

Residual: 0.5449929912887683


n: 35.57142857142857

epsilon: 0.2285714285714286

m: 7.0

Residual: 0.5823802252686368


n: 35.57142857142857

epsilon: 0.3571428571428572

m: 5.0

Residual: 0.09113553258798023


n: 35.57142857142857

epsilon: 0.3571428571428572

m: 5.285714285714286

Residual: 0.10645485678032589


n: 35.57142857142857

epsilon: 0.3571428571428572

m: 5.571428571428571

Residual: 0.16083560728413993


n: 35.57142857142857

epsilon: 0.3571428571428572

m: 5.857142857142857

Residual: 0.22332257552708593


n: 35.57142857142857

epsilon: 0.3571428571428572

m: 6.142857142857142

Residual: 0.2724104992463844


n: 35.57142857142857

epsilon: 0.3571428571428572

m: 6.428571428571429

Residual: 0.3264376851346709


n: 35.57142857142857

epsilon: 0.3571428571428572

m: 6.714285714285714

Residual: 0.37412315977808536


n: 35.57142857142857

epsilon: 0.3571428571428572

m: 7.0

Residual: 0.4148961775057983


n: 35.57142857142857

epsilon: 0.48571428571428577

m: 5.0

Residual: 0.13178273448405672


n: 35.57142857142857

epsilon: 0.48571428571428577

m: 5.285714285714286

Residual: 0.07768044163916737


n: 35.57142857142857

epsilon: 0.48571428571428577

m: 5.571428571428571

Residual: 0.047071098705553475


n: 35.57142857142857

epsilon: 0.48571428571428577

m: 5.857142857142857

Residual: 0.07140728568991717


n: 35.57142857142857

epsilon: 0.48571428571428577

m: 6.142857142857142

Residual: 0.1291926206194451


n: 35.57142857142857

epsilon: 0.48571428571428577

m: 6.428571428571429

Residual: 0.18216756611030446


n: 35.57142857142857

epsilon: 0.48571428571428577

m: 6.714285714285714

Residual: 0.2384459026869081


n: 35.57142857142857

epsilon: 0.48571428571428577

m: 7.0

Residual: 0.2795934430771081


n: 35.57142857142857

epsilon: 0.6142857142857143

m: 5.0

Residual: 0.23954341585700797


n: 35.57142857142857

epsilon: 0.6142857142857143

m: 5.285714285714286

Residual: 0.17292230463622177


n: 35.57142857142857

epsilon: 0.6142857142857143

m: 5.571428571428571

Residual: 0.11064158860290643


n: 35.57142857142857

epsilon: 0.6142857142857143

m: 5.857142857142857

Residual: 0.050777038544865996


n: 35.57142857142857

epsilon: 0.6142857142857143

m: 6.142857142857142

Residual: 0.018421528720592082


n: 35.57142857142857

epsilon: 0.6142857142857143

m: 6.428571428571429

Residual: 0.07031010070120111


n: 35.57142857142857

epsilon: 0.6142857142857143

m: 6.714285714285714

Residual: 0.11997340447184937


n: 35.57142857142857

epsilon: 0.6142857142857143

m: 7.0

Residual: 0.16622422190898334


n: 35.57142857142857

epsilon: 0.7428571428571429

m: 5.0

Residual: 0.32901617430092195


n: 35.57142857142857

epsilon: 0.7428571428571429

m: 5.285714285714286

Residual: 0.2613397828915472


n: 35.57142857142857

epsilon: 0.7428571428571429

m: 5.571428571428571

Residual: 0.20012349341285157


n: 35.57142857142857

epsilon: 0.7428571428571429

m: 5.857142857142857

Residual: 0.13834999138546988


n: 35.57142857142857

epsilon: 0.7428571428571429

m: 6.142857142857142

Residual: 0.0844629732339215


n: 35.57142857142857

epsilon: 0.7428571428571429

m: 6.428571428571429

Residual: 0.038400454936167096


n: 35.57142857142857

epsilon: 0.7428571428571429

m: 6.714285714285714

Residual: 0.040890798916694476


n: 35.57142857142857

epsilon: 0.7428571428571429

m: 7.0

Residual: 0.07558362515481533


n: 35.57142857142857

epsilon: 0.8714285714285716

m: 5.0

Residual: 0.3957548577995078


n: 35.57142857142857

epsilon: 0.8714285714285716

m: 5.285714285714286

Residual: 0.3325121596131094


n: 35.57142857142857

epsilon: 0.8714285714285716

m: 5.571428571428571

Residual: 0.27346298835259314


n: 35.57142857142857

epsilon: 0.8714285714285716

m: 5.857142857142857

Residual: 0.216124495568616


n: 35.57142857142857

epsilon: 0.8714285714285716

m: 6.142857142857142

Residual: 0.1617350794755936


n: 35.57142857142857

epsilon: 0.8714285714285716

m: 6.428571428571429

Residual: 0.10328731753085266


n: 35.57142857142857

epsilon: 0.8714285714285716

m: 6.714285714285714

Residual: 0.0679069540665277


n: 35.57142857142857

epsilon: 0.8714285714285716

m: 7.0

Residual: 0.059589451596053854


n: 35.57142857142857

epsilon: 1.0000000000000002

m: 5.0

Residual: 0.4527246584141411


n: 35.57142857142857

epsilon: 1.0000000000000002

m: 5.285714285714286

Residual: 0.39341576263978517


n: 35.57142857142857

epsilon: 1.0000000000000002

m: 5.571428571428571

Residual: 0.33748900315766817


n: 35.57142857142857

epsilon: 1.0000000000000002

m: 5.857142857142857

Residual: 0.27828889737197193


n: 35.57142857142857

epsilon: 1.0000000000000002

m: 6.142857142857142

Residual: 0.22600335433857524


n: 35.57142857142857

epsilon: 1.0000000000000002

m: 6.428571428571429

Residual: 0.17175951692971644


n: 35.57142857142857

epsilon: 1.0000000000000002

m: 6.714285714285714

Residual: 0.12726328998431888


n: 35.57142857142857

epsilon: 1.0000000000000002

m: 7.0

Residual: 0.09737000354141849


n: 40.285714285714285

epsilon: 0.1

m: 5.0

Residual: 0.5938681872177808


n: 40.285714285714285

epsilon: 0.1

m: 5.285714285714286

Residual: 0.6371395298991485


n: 40.285714285714285

epsilon: 0.1

m: 5.571428571428571

Residual: 0.6778316762305278


n: 40.285714285714285

epsilon: 0.1

m: 5.857142857142857

Residual: 0.7101027268012171


n: 40.285714285714285

epsilon: 0.1

m: 6.142857142857142

Residual: 0.7359188529171697


n: 40.285714285714285

epsilon: 0.1

m: 6.428571428571429

Residual: 0.7620718750472795


n: 40.285714285714285

epsilon: 0.1

m: 6.714285714285714

Residual: 0.7824335073373639


n: 40.285714285714285

epsilon: 0.1

m: 7.0

Residual: 0.8017094076867111


n: 40.285714285714285

epsilon: 0.2285714285714286

m: 5.0

Residual: 0.2667729947874084


n: 40.285714285714285

epsilon: 0.2285714285714286

m: 5.285714285714286

Residual: 0.3272872723055637


n: 40.285714285714285

epsilon: 0.2285714285714286

m: 5.571428571428571

Residual: 0.38487176830083564


n: 40.285714285714285

epsilon: 0.2285714285714286

m: 5.857142857142857

Residual: 0.4383300190156613


n: 40.285714285714285

epsilon: 0.2285714285714286

m: 6.142857142857142

Residual: 0.486994221927793


n: 40.285714285714285

epsilon: 0.2285714285714286

m: 6.428571428571429

Residual: 0.5217354051544131


n: 40.285714285714285

epsilon: 0.2285714285714286

m: 6.714285714285714

Residual: 0.5692350379608662


n: 40.285714285714285

epsilon: 0.2285714285714286

m: 7.0

Residual: 0.5969447323210527


n: 40.285714285714285

epsilon: 0.3571428571428572

m: 5.0

Residual: 0.09920033768706926


n: 40.285714285714285

epsilon: 0.3571428571428572

m: 5.285714285714286

Residual: 0.12022697517435253


n: 40.285714285714285

epsilon: 0.3571428571428572

m: 5.571428571428571

Residual: 0.1822734830752618


n: 40.285714285714285

epsilon: 0.3571428571428572

m: 5.857142857142857

Residual: 0.24109869348797283


n: 40.285714285714285

epsilon: 0.3571428571428572

m: 6.142857142857142

Residual: 0.29843173895357533


n: 40.285714285714285

epsilon: 0.3571428571428572

m: 6.428571428571429

Residual: 0.34714494988106126


n: 40.285714285714285

epsilon: 0.3571428571428572

m: 6.714285714285714

Residual: 0.39683626566319863


n: 40.285714285714285

epsilon: 0.3571428571428572

m: 7.0

Residual: 0.4322660135472192


n: 40.285714285714285

epsilon: 0.48571428571428577

m: 5.0

Residual: 0.11881500953217672


n: 40.285714285714285

epsilon: 0.48571428571428577

m: 5.285714285714286

Residual: 0.06797957857677521


n: 40.285714285714285

epsilon: 0.48571428571428577

m: 5.571428571428571

Residual: 0.05287249869612011


n: 40.285714285714285

epsilon: 0.48571428571428577

m: 5.857142857142857

Residual: 0.09579129964876823


n: 40.285714285714285

epsilon: 0.48571428571428577

m: 6.142857142857142

Residual: 0.14877928082026684


n: 40.285714285714285

epsilon: 0.48571428571428577

m: 6.428571428571429

Residual: 0.20343982493878351


n: 40.285714285714285

epsilon: 0.48571428571428577

m: 6.714285714285714

Residual: 0.253261625244203


n: 40.285714285714285

epsilon: 0.48571428571428577

m: 7.0

Residual: 0.30187385170967374


n: 40.285714285714285

epsilon: 0.6142857142857143

m: 5.0

Residual: 0.2197570217870014


n: 40.285714285714285

epsilon: 0.6142857142857143

m: 5.285714285714286

Residual: 0.15114608178141012


n: 40.285714285714285

epsilon: 0.6142857142857143

m: 5.571428571428571

Residual: 0.08616207460047502


n: 40.285714285714285

epsilon: 0.6142857142857143

m: 5.857142857142857

Residual: 0.03162521530125115


n: 40.285714285714285

epsilon: 0.6142857142857143

m: 6.142857142857142

Residual: 0.04000264354627279


n: 40.285714285714285

epsilon: 0.6142857142857143

m: 6.428571428571429

Residual: 0.09136453844682495


n: 40.285714285714285

epsilon: 0.6142857142857143

m: 6.714285714285714

Residual: 0.15756316148076033


n: 40.285714285714285

epsilon: 0.6142857142857143

m: 7.0

Residual: 0.18646926553103788


n: 40.285714285714285

epsilon: 0.7428571428571429

m: 5.0

Residual: 0.30900970709779263


n: 40.285714285714285

epsilon: 0.7428571428571429

m: 5.285714285714286

Residual: 0.24337733015851076


n: 40.285714285714285

epsilon: 0.7428571428571429

m: 5.571428571428571

Residual: 0.1771989733772838


n: 40.285714285714285

epsilon: 0.7428571428571429

m: 5.857142857142857

Residual: 0.11512857560200454


n: 40.285714285714285

epsilon: 0.7428571428571429

m: 6.142857142857142

Residual: 0.06296809248520059


n: 40.285714285714285

epsilon: 0.7428571428571429

m: 6.428571428571429

Residual: 0.029797010128965566


n: 40.285714285714285

epsilon: 0.7428571428571429

m: 6.714285714285714

Residual: 0.05609767673337579


n: 40.285714285714285

epsilon: 0.7428571428571429

m: 7.0

Residual: 0.10050558526037547


n: 40.285714285714285

epsilon: 0.8714285714285716

m: 5.0

Residual: 0.3792172256350558


n: 40.285714285714285

epsilon: 0.8714285714285716

m: 5.285714285714286

Residual: 0.3161913087184399


n: 40.285714285714285

epsilon: 0.8714285714285716

m: 5.571428571428571

Residual: 0.2566436768039975


n: 40.285714285714285

epsilon: 0.8714285714285716

m: 5.857142857142857

Residual: 0.1920606855708882


n: 40.285714285714285

epsilon: 0.8714285714285716

m: 6.142857142857142

Residual: 0.13366128390557278


n: 40.285714285714285

epsilon: 0.8714285714285716

m: 6.428571428571429

Residual: 0.08272307184361682


n: 40.285714285714285

epsilon: 0.8714285714285716

m: 6.714285714285714

Residual: 0.05694265105128306


n: 40.285714285714285

epsilon: 0.8714285714285716

m: 7.0

Residual: 0.07201689933323668


n: 40.285714285714285

epsilon: 1.0000000000000002

m: 5.0

Residual: 0.436719538084945


n: 40.285714285714285

epsilon: 1.0000000000000002

m: 5.285714285714286

Residual: 0.3741744830854945


n: 40.285714285714285

epsilon: 1.0000000000000002

m: 5.571428571428571

Residual: 0.32280284574947243


n: 40.285714285714285

epsilon: 1.0000000000000002

m: 5.857142857142857

Residual: 0.26198818110729355


n: 40.285714285714285

epsilon: 1.0000000000000002

m: 6.142857142857142

Residual: 0.20326444746081918


n: 40.285714285714285

epsilon: 1.0000000000000002

m: 6.428571428571429

Residual: 0.1521510434176521


n: 40.285714285714285

epsilon: 1.0000000000000002

m: 6.714285714285714

Residual: 0.10555961314723257


n: 40.285714285714285

epsilon: 1.0000000000000002

m: 7.0

Residual: 0.08189009005689817


n: 45.0

epsilon: 0.1

m: 5.0

Residual: 0.6028210281049481


n: 45.0

epsilon: 0.1

m: 5.285714285714286

Residual: 0.6484029102216634


n: 45.0

epsilon: 0.1

m: 5.571428571428571

Residual: 0.687494301001773


n: 45.0

epsilon: 0.1

m: 5.857142857142857

Residual: 0.7197429482916493


n: 45.0

epsilon: 0.1

m: 6.142857142857142

Residual: 0.7462113908446285


n: 45.0

epsilon: 0.1

m: 6.428571428571429

Residual: 0.7689255041151428


n: 45.0

epsilon: 0.1

m: 6.714285714285714

Residual: 0.7912178153053487


n: 45.0

epsilon: 0.1

m: 7.0

Residual: 0.8101259081547462


n: 45.0

epsilon: 0.2285714285714286

m: 5.0

Residual: 0.2806481073932286


n: 45.0

epsilon: 0.2285714285714286

m: 5.285714285714286

Residual: 0.3446235030829614


n: 45.0

epsilon: 0.2285714285714286

m: 5.571428571428571

Residual: 0.4044848909868355


n: 45.0

epsilon: 0.2285714285714286

m: 5.857142857142857

Residual: 0.45632585960910804


n: 45.0

epsilon: 0.2285714285714286

m: 6.142857142857142

Residual: 0.5002126106515239


n: 45.0

epsilon: 0.2285714285714286

m: 6.428571428571429

Residual: 0.5444381922430465


n: 45.0

epsilon: 0.2285714285714286

m: 6.714285714285714

Residual: 0.5771046482905539


n: 45.0

epsilon: 0.2285714285714286

m: 7.0

Residual: 0.6115077232755034


n: 45.0

epsilon: 0.3571428571428572

m: 5.0

Residual: 0.10296148381980458


n: 45.0

epsilon: 0.3571428571428572

m: 5.285714285714286

Residual: 0.13741767979875183


n: 45.0

epsilon: 0.3571428571428572

m: 5.571428571428571

Residual: 0.20012018269895324


n: 45.0

epsilon: 0.3571428571428572

m: 5.857142857142857

Residual: 0.26259558726529103


n: 45.0

epsilon: 0.3571428571428572

m: 6.142857142857142

Residual: 0.31950883885204284


n: 45.0

epsilon: 0.3571428571428572

m: 6.428571428571429

Residual: 0.36165658765520114


n: 45.0

epsilon: 0.3571428571428572

m: 6.714285714285714

Residual: 0.4119158399286092


n: 45.0

epsilon: 0.3571428571428572

m: 7.0

Residual: 0.4499759780799895


n: 45.0

epsilon: 0.48571428571428577

m: 5.0

Residual: 0.10379917255206281


n: 45.0

epsilon: 0.48571428571428577

m: 5.285714285714286

Residual: 0.06348601993707827


n: 45.0

epsilon: 0.48571428571428577

m: 5.571428571428571

Residual: 0.05858393854635075


n: 45.0

epsilon: 0.48571428571428577

m: 5.857142857142857

Residual: 0.11465176972039412


n: 45.0

epsilon: 0.48571428571428577

m: 6.142857142857142

Residual: 0.17104554213433806


n: 45.0

epsilon: 0.48571428571428577

m: 6.428571428571429

Residual: 0.22074208074492002


n: 45.0

epsilon: 0.48571428571428577

m: 6.714285714285714

Residual: 0.27784224402574215


n: 45.0

epsilon: 0.48571428571428577

m: 7.0

Residual: 0.3254315078974199


n: 45.0

epsilon: 0.6142857142857143

m: 5.0

Residual: 0.20385676598137561


n: 45.0

epsilon: 0.6142857142857143

m: 5.285714285714286

Residual: 0.13053797279845525


n: 45.0

epsilon: 0.6142857142857143

m: 5.571428571428571

Residual: 0.07187567191108875


n: 45.0

epsilon: 0.6142857142857143

m: 5.857142857142857

Residual: 0.02293060790960329


n: 45.0

epsilon: 0.6142857142857143

m: 6.142857142857142

Residual: 0.05840057505285326


n: 45.0

epsilon: 0.6142857142857143

m: 6.428571428571429

Residual: 0.11107756203512777


n: 45.0

epsilon: 0.6142857142857143

m: 6.714285714285714

Residual: 0.1623953422623211


n: 45.0

epsilon: 0.6142857142857143

m: 7.0

Residual: 0.21541175082136363


n: 45.0

epsilon: 0.7428571428571429

m: 5.0

Residual: 0.2955883338448552


n: 45.0

epsilon: 0.7428571428571429

m: 5.285714285714286

Residual: 0.22372365860734816


n: 45.0

epsilon: 0.7428571428571429

m: 5.571428571428571

Residual: 0.1604178167162299


n: 45.0

epsilon: 0.7428571428571429

m: 5.857142857142857

Residual: 0.09718551949089313


n: 45.0

epsilon: 0.7428571428571429

m: 6.142857142857142

Residual: 0.03503295089409274


n: 45.0

epsilon: 0.7428571428571429

m: 6.428571428571429

Residual: 0.026515185874378552


n: 45.0

epsilon: 0.7428571428571429

m: 6.714285714285714

Residual: 0.07107683869337027


n: 45.0

epsilon: 0.7428571428571429

m: 7.0

Residual: 0.12381868282122281


n: 45.0

epsilon: 0.8714285714285716

m: 5.0

Residual: 0.364839052921767


n: 45.0

epsilon: 0.8714285714285716

m: 5.285714285714286

Residual: 0.2992111469346451


n: 45.0

epsilon: 0.8714285714285716

m: 5.571428571428571

Residual: 0.2362683503932631


n: 45.0

epsilon: 0.8714285714285716

m: 5.857142857142857

Residual: 0.17480845947208923


n: 45.0

epsilon: 0.8714285714285716

m: 6.142857142857142

Residual: 0.12134740317227379


n: 45.0

epsilon: 0.8714285714285716

m: 6.428571428571429

Residual: 0.06445803259073836


n: 45.0

epsilon: 0.8714285714285716

m: 6.714285714285714

Residual: 0.04331464219375284


n: 45.0

epsilon: 0.8714285714285716

m: 7.0

Residual: 0.06400316836421477


n: 45.0

epsilon: 1.0000000000000002

m: 5.0

Residual: 0.42560919018703836


n: 45.0

epsilon: 1.0000000000000002

m: 5.285714285714286

Residual: 0.35809647334780736


n: 45.0

epsilon: 1.0000000000000002

m: 5.571428571428571

Residual: 0.3001447110058672


n: 45.0

epsilon: 1.0000000000000002

m: 5.857142857142857

Residual: 0.23988350163873162


n: 45.0

epsilon: 1.0000000000000002

m: 6.142857142857142

Residual: 0.19044847288951186


n: 45.0

epsilon: 1.0000000000000002

m: 6.428571428571429

Residual: 0.13244159078421414


n: 45.0

epsilon: 1.0000000000000002

m: 6.714285714285714

Residual: 0.09381676024907902


n: 45.0

epsilon: 1.0000000000000002

m: 7.0

Residual: 0.07169531014964087


