epsilon: 0.1

m: 5.0

n: 12.0

Residual: 0.5561692119002903


epsilon: 0.1

m: 5.0

n: 12.0

Residual: 0.5560619763125043


epsilon: 0.1

m: 5.0

n: 16.714285714285715

Residual: 0.6342058152073691


epsilon: 0.1

m: 5.0

n: 21.42857142857143

Residual: 0.6754884762838028


epsilon: 0.1

m: 5.0

n: 26.142857142857142

Residual: 0.7009162120893208


epsilon: 0.1

m: 5.0

n: 30.857142857142858

Residual: 0.7179506722935238


epsilon: 0.1

m: 5.0

n: 35.57142857142857

Residual: 0.7310285171599824


epsilon: 0.1

m: 5.0

n: 40.285714285714285

Residual: 0.7412645772183456


epsilon: 0.1

m: 5.0

n: 45.0

Residual: 0.7489362873669202


epsilon: 0.1

m: 5.285714285714286

n: 12.0

Residual: 0.5997457127161138


epsilon: 0.1

m: 5.285714285714286

n: 16.714285714285715

Residual: 0.6741868419839017


epsilon: 0.1

m: 5.285714285714286

n: 21.42857142857143

Residual: 0.7134131821559907


epsilon: 0.1

m: 5.285714285714286

n: 26.142857142857142

Residual: 0.7370837784832782


epsilon: 0.1

m: 5.285714285714286

n: 30.857142857142858

Residual: 0.7514683522159137


epsilon: 0.1

m: 5.285714285714286

n: 35.57142857142857

Residual: 0.7645052456761814


epsilon: 0.1

m: 5.285714285714286

n: 40.285714285714285

Residual: 0.773597990745383


epsilon: 0.1

m: 5.285714285714286

n: 45.0

Residual: 0.7809770892599086


epsilon: 0.1

m: 5.571428571428571

n: 12.0

Residual: 0.6366212361944614


epsilon: 0.1

m: 5.571428571428571

n: 16.714285714285715

Residual: 0.7089423244859445


epsilon: 0.1

m: 5.571428571428571

n: 21.42857142857143

Residual: 0.7444642106201191


epsilon: 0.1

m: 5.571428571428571

n: 26.142857142857142

Residual: 0.7673357341698512


epsilon: 0.1

m: 5.571428571428571

n: 30.857142857142858

Residual: 0.7810497889263011


epsilon: 0.1

m: 5.571428571428571

n: 35.57142857142857

Residual: 0.7920019701068436


epsilon: 0.1

m: 5.571428571428571

n: 40.285714285714285

Residual: 0.8004439085615349


epsilon: 0.1

m: 5.571428571428571

n: 45.0

Residual: 0.8076049622409623


epsilon: 0.1

m: 5.857142857142857

n: 12.0

Residual: 0.6693814537878595


epsilon: 0.1

m: 5.857142857142857

n: 16.714285714285715

Residual: 0.7364993150804898


epsilon: 0.1

m: 5.857142857142857

n: 21.42857142857143

Residual: 0.7708537069139104


epsilon: 0.1

m: 5.857142857142857

n: 26.142857142857142

Residual: 0.7903779812114405


epsilon: 0.1

m: 5.857142857142857

n: 30.857142857142858

Residual: 0.8070052587010716


epsilon: 0.1

m: 5.857142857142857

n: 35.57142857142857

Residual: 0.8160780196413323


epsilon: 0.1

m: 5.857142857142857

n: 40.285714285714285

Residual: 0.8241594121565271


epsilon: 0.1

m: 5.857142857142857

n: 45.0

Residual: 0.8316124395289731


epsilon: 0.1

m: 6.142857142857142

n: 12.0

Residual: 0.6971799894605405


epsilon: 0.1

m: 6.142857142857142

n: 16.714285714285715

Residual: 0.7611785858088058


epsilon: 0.1

m: 6.142857142857142

n: 21.42857142857143

Residual: 0.7928731134290095


epsilon: 0.1

m: 6.142857142857142

n: 26.142857142857142

Residual: 0.814289413555703


epsilon: 0.1

m: 6.142857142857142

n: 30.857142857142858

Residual: 0.8256511250739549


epsilon: 0.1

m: 6.142857142857142

n: 35.57142857142857

Residual: 0.834686868876054


epsilon: 0.1

m: 6.142857142857142

n: 40.285714285714285

Residual: 0.8432324757272133


epsilon: 0.1

m: 6.142857142857142

n: 45.0

Residual: 0.849501321202823


epsilon: 0.1

m: 6.428571428571429

n: 12.0

Residual: 0.7206366549635291


epsilon: 0.1

m: 6.428571428571429

n: 16.714285714285715

Residual: 0.7797190972253188


epsilon: 0.1

m: 6.428571428571429

n: 21.42857142857143

Residual: 0.8130648260017197


epsilon: 0.1

m: 6.428571428571429

n: 26.142857142857142

Residual: 0.8292264796576181


epsilon: 0.1

m: 6.428571428571429

n: 30.857142857142858

Residual: 0.8423331016297949


epsilon: 0.1

m: 6.428571428571429

n: 35.57142857142857

Residual: 0.8516352937741286


epsilon: 0.1

m: 6.428571428571429

n: 40.285714285714285

Residual: 0.8597298121789599


epsilon: 0.1

m: 6.428571428571429

n: 45.0

Residual: 0.8638270369045177


epsilon: 0.1

m: 6.714285714285714

n: 12.0

Residual: 0.7407139387637368


epsilon: 0.1

m: 6.714285714285714

n: 16.714285714285715

Residual: 0.800522622173052


epsilon: 0.1

m: 6.714285714285714

n: 21.42857142857143

Residual: 0.8287131078163738


epsilon: 0.1

m: 6.714285714285714

n: 26.142857142857142

Residual: 0.845882869130787


epsilon: 0.1

m: 6.714285714285714

n: 30.857142857142858

Residual: 0.8570907284019706


epsilon: 0.1

m: 6.714285714285714

n: 35.57142857142857

Residual: 0.867564587961064


epsilon: 0.1

m: 6.714285714285714

n: 40.285714285714285

Residual: 0.8730656684878111


epsilon: 0.1

m: 6.714285714285714

n: 45.0

Residual: 0.8770395918088842


epsilon: 0.1

m: 7.0

n: 12.0

Residual: 0.758295191916715


epsilon: 0.1

m: 7.0

n: 16.714285714285715

Residual: 0.8138098704528618


epsilon: 0.1

m: 7.0

n: 21.42857142857143

Residual: 0.8413482674747182


epsilon: 0.1

m: 7.0

n: 26.142857142857142

Residual: 0.8592459782764835


epsilon: 0.1

m: 7.0

n: 30.857142857142858

Residual: 0.8724174713230564


epsilon: 0.1

m: 7.0

n: 35.57142857142857

Residual: 0.879079152043158


epsilon: 0.1

m: 7.0

n: 40.285714285714285

Residual: 0.8858543438951241


epsilon: 0.1

m: 7.0

n: 45.0

Residual: 0.8881952807750785


epsilon: 0.3

m: 5.0

n: 12.0

Residual: 0.18740429092221034


epsilon: 0.3

m: 5.0

n: 16.714285714285715

Residual: 0.2261990116112013


epsilon: 0.3

m: 5.0

n: 21.42857142857143

Residual: 0.2747301324677784


epsilon: 0.3

m: 5.0

n: 26.142857142857142

Residual: 0.3113764434449666


epsilon: 0.3

m: 5.0

n: 30.857142857142858

Residual: 0.3409843499116774


epsilon: 0.3

m: 5.0

n: 35.57142857142857

Residual: 0.36498536959146555


epsilon: 0.3

m: 5.0

n: 40.285714285714285

Residual: 0.3805100146424669


epsilon: 0.3

m: 5.0

n: 45.0

Residual: 0.39664462454781063


epsilon: 0.3

m: 5.285714285714286

n: 12.0

Residual: 0.18886462092571168


epsilon: 0.3

m: 5.285714285714286

n: 16.714285714285715

Residual: 0.26635737743201654


epsilon: 0.3

m: 5.285714285714286

n: 21.42857142857143

Residual: 0.3315219683583451


epsilon: 0.3

m: 5.285714285714286

n: 26.142857142857142

Residual: 0.37367905796342155


epsilon: 0.3

m: 5.285714285714286

n: 30.857142857142858

Residual: 0.4072590989244871


epsilon: 0.3

m: 5.285714285714286

n: 35.57142857142857

Residual: 0.4275820847704056


epsilon: 0.3

m: 5.285714285714286

n: 40.285714285714285

Residual: 0.44746864626001454


epsilon: 0.3

m: 5.285714285714286

n: 45.0

Residual: 0.4623663203540619


epsilon: 0.3

m: 5.571428571428571

n: 12.0

Residual: 0.20749811820613107


epsilon: 0.3

m: 5.571428571428571

n: 16.714285714285715

Residual: 0.32229812016454107


epsilon: 0.3

m: 5.571428571428571

n: 21.42857142857143

Residual: 0.38703851260411326


epsilon: 0.3

m: 5.571428571428571

n: 26.142857142857142

Residual: 0.4326431794234173


epsilon: 0.3

m: 5.571428571428571

n: 30.857142857142858

Residual: 0.46484475897560895


epsilon: 0.3

m: 5.571428571428571

n: 35.57142857142857

Residual: 0.4831062602103553


epsilon: 0.3

m: 5.571428571428571

n: 40.285714285714285

Residual: 0.5029645679463824


epsilon: 0.3

m: 5.571428571428571

n: 45.0

Residual: 0.5133122332094155


epsilon: 0.3

m: 5.857142857142857

n: 12.0

Residual: 0.25529224317742827


epsilon: 0.3

m: 5.857142857142857

n: 16.714285714285715

Residual: 0.3734634544311594


epsilon: 0.3

m: 5.857142857142857

n: 21.42857142857143

Residual: 0.4404282263160851


epsilon: 0.3

m: 5.857142857142857

n: 26.142857142857142

Residual: 0.4831068598241332


epsilon: 0.3

m: 5.857142857142857

n: 30.857142857142858

Residual: 0.5114324211625212


epsilon: 0.3

m: 5.857142857142857

n: 35.57142857142857

Residual: 0.5359709891893095


epsilon: 0.3

m: 5.857142857142857

n: 40.285714285714285

Residual: 0.5537481244541992


epsilon: 0.3

m: 5.857142857142857

n: 45.0

Residual: 0.5643902401750003


epsilon: 0.3

m: 6.142857142857142

n: 12.0

Residual: 0.3050433545177367


epsilon: 0.3

m: 6.142857142857142

n: 16.714285714285715

Residual: 0.4224390907470017


epsilon: 0.3

m: 6.142857142857142

n: 21.42857142857143

Residual: 0.4885937363338982


epsilon: 0.3

m: 6.142857142857142

n: 26.142857142857142

Residual: 0.5273387907684094


epsilon: 0.3

m: 6.142857142857142

n: 30.857142857142858

Residual: 0.5585984360670188


epsilon: 0.3

m: 6.142857142857142

n: 35.57142857142857

Residual: 0.5778204974615699


epsilon: 0.3

m: 6.142857142857142

n: 40.285714285714285

Residual: 0.5918501319745547


epsilon: 0.3

m: 6.142857142857142

n: 45.0

Residual: 0.6069960708296969


epsilon: 0.3

m: 6.428571428571429

n: 12.0

Residual: 0.34271052315400713


epsilon: 0.3

m: 6.428571428571429

n: 16.714285714285715

Residual: 0.46118277245756095


epsilon: 0.3

m: 6.428571428571429

n: 21.42857142857143

Residual: 0.5299301689648105


epsilon: 0.3

m: 6.428571428571429

n: 26.142857142857142

Residual: 0.570773589040979


epsilon: 0.3

m: 6.428571428571429

n: 30.857142857142858

Residual: 0.5948297632190922


epsilon: 0.3

m: 6.428571428571429

n: 35.57142857142857

Residual: 0.6127577858831272


epsilon: 0.3

m: 6.428571428571429

n: 40.285714285714285

Residual: 0.6255028192175612


epsilon: 0.3

m: 6.428571428571429

n: 45.0

Residual: 0.6420775780975191


epsilon: 0.3

m: 6.714285714285714

n: 12.0

Residual: 0.38246390636799515


epsilon: 0.3

m: 6.714285714285714

n: 16.714285714285715

Residual: 0.5026875625020555


epsilon: 0.3

m: 6.714285714285714

n: 21.42857142857143

Residual: 0.5617613296085207


epsilon: 0.3

m: 6.714285714285714

n: 26.142857142857142

Residual: 0.6021975189440528


epsilon: 0.3

m: 6.714285714285714

n: 30.857142857142858

Residual: 0.625747614865145


epsilon: 0.3

m: 6.714285714285714

n: 35.57142857142857

Residual: 0.643509914877598


epsilon: 0.3

m: 6.714285714285714

n: 40.285714285714285

Residual: 0.6634321024345433


epsilon: 0.3

m: 6.714285714285714

n: 45.0

Residual: 0.6722388988338268


epsilon: 0.3

m: 7.0

n: 12.0

Residual: 0.41694388598469656


epsilon: 0.3

m: 7.0

n: 16.714285714285715

Residual: 0.5359409628930536


epsilon: 0.3

m: 7.0

n: 21.42857142857143

Residual: 0.5945902465803197


epsilon: 0.3

m: 7.0

n: 26.142857142857142

Residual: 0.6288534479490812


epsilon: 0.3

m: 7.0

n: 30.857142857142858

Residual: 0.6584320147086647


epsilon: 0.3

m: 7.0

n: 35.57142857142857

Residual: 0.6768000758915175


epsilon: 0.3

m: 7.0

n: 40.285714285714285

Residual: 0.6876451900257123


epsilon: 0.3

m: 7.0

n: 45.0

Residual: 0.6984243580936245


epsilon: 0.5

m: 5.0

n: 12.0

Residual: 0.2163790861777863


epsilon: 0.5

m: 5.0

n: 16.714285714285715

Residual: 0.16112785855567816


epsilon: 0.5

m: 5.0

n: 21.42857142857143

Residual: 0.15214907712806572


epsilon: 0.5

m: 5.0

n: 26.142857142857142

Residual: 0.15669578621417


epsilon: 0.5

m: 5.0

n: 30.857142857142858

Residual: 0.16548797054284126


epsilon: 0.5

m: 5.0

n: 35.57142857142857

Residual: 0.17698503331248797


epsilon: 0.5

m: 5.0

n: 40.285714285714285

Residual: 0.19378352243754024


epsilon: 0.5

m: 5.0

n: 45.0

Residual: 0.19927241159005982


epsilon: 0.5

m: 5.285714285714286

n: 12.0

Residual: 0.17468600150627414


epsilon: 0.5

m: 5.285714285714286

n: 16.714285714285715

Residual: 0.13454090613506745


epsilon: 0.5

m: 5.285714285714286

n: 21.42857142857143

Residual: 0.14362773074481613


epsilon: 0.5

m: 5.285714285714286

n: 26.142857142857142

Residual: 0.1677144195024053


epsilon: 0.5

m: 5.285714285714286

n: 30.857142857142858

Residual: 0.1895210314939201


epsilon: 0.5

m: 5.285714285714286

n: 35.57142857142857

Residual: 0.20857976337777084


epsilon: 0.5

m: 5.285714285714286

n: 40.285714285714285

Residual: 0.22499311647778647


epsilon: 0.5

m: 5.285714285714286

n: 45.0

Residual: 0.24199411994614545


epsilon: 0.5

m: 5.571428571428571

n: 12.0

Residual: 0.1410076365418519


epsilon: 0.5

m: 5.571428571428571

n: 16.714285714285715

Residual: 0.12303799570338497


epsilon: 0.5

m: 5.571428571428571

n: 21.42857142857143

Residual: 0.16241078079234703


epsilon: 0.5

m: 5.571428571428571

n: 26.142857142857142

Residual: 0.2030666000334214


epsilon: 0.5

m: 5.571428571428571

n: 30.857142857142858

Residual: 0.24337092182935194


epsilon: 0.5

m: 5.571428571428571

n: 35.57142857142857

Residual: 0.2611582318193112


epsilon: 0.5

m: 5.571428571428571

n: 40.285714285714285

Residual: 0.2868540567879327


epsilon: 0.5

m: 5.571428571428571

n: 45.0

Residual: 0.30726582633934385


epsilon: 0.5

m: 5.857142857142857

n: 12.0

Residual: 0.11454369284096523


epsilon: 0.5

m: 5.857142857142857

n: 16.714285714285715

Residual: 0.14069702144012697


epsilon: 0.5

m: 5.857142857142857

n: 21.42857142857143

Residual: 0.21645792818046666


epsilon: 0.5

m: 5.857142857142857

n: 26.142857142857142

Residual: 0.26359287062888903


epsilon: 0.5

m: 5.857142857142857

n: 30.857142857142858

Residual: 0.298374411309047


epsilon: 0.5

m: 5.857142857142857

n: 35.57142857142857

Residual: 0.3284505902509352


epsilon: 0.5

m: 5.857142857142857

n: 40.285714285714285

Residual: 0.34831195376420243


epsilon: 0.5

m: 5.857142857142857

n: 45.0

Residual: 0.36581770068709335


epsilon: 0.5

m: 6.142857142857142

n: 12.0

Residual: 0.0999971416133423


epsilon: 0.5

m: 6.142857142857142

n: 16.714285714285715

Residual: 0.1866608078398208


epsilon: 0.5

m: 6.142857142857142

n: 21.42857142857143

Residual: 0.2699334245407897


epsilon: 0.5

m: 6.142857142857142

n: 26.142857142857142

Residual: 0.31928959965937603


epsilon: 0.5

m: 6.142857142857142

n: 30.857142857142858

Residual: 0.3544449564440151


epsilon: 0.5

m: 6.142857142857142

n: 35.57142857142857

Residual: 0.38964908485261013


epsilon: 0.5

m: 6.142857142857142

n: 40.285714285714285

Residual: 0.4023702467061664


epsilon: 0.5

m: 6.142857142857142

n: 45.0

Residual: 0.4182712493888616


epsilon: 0.5

m: 6.428571428571429

n: 12.0

Residual: 0.10091606032685838


epsilon: 0.5

m: 6.428571428571429

n: 16.714285714285715

Residual: 0.24032485032280548


epsilon: 0.5

m: 6.428571428571429

n: 21.42857142857143

Residual: 0.3209764907827755


epsilon: 0.5

m: 6.428571428571429

n: 26.142857142857142

Residual: 0.3708618956355886


epsilon: 0.5

m: 6.428571428571429

n: 30.857142857142858

Residual: 0.4055724926542213


epsilon: 0.5

m: 6.428571428571429

n: 35.57142857142857

Residual: 0.4299273006532661


epsilon: 0.5

m: 6.428571428571429

n: 40.285714285714285

Residual: 0.45541881243459353


epsilon: 0.5

m: 6.428571428571429

n: 45.0

Residual: 0.46848103877941694


epsilon: 0.5

m: 6.714285714285714

n: 12.0

Residual: 0.1472387705216898


epsilon: 0.5

m: 6.714285714285714

n: 16.714285714285715

Residual: 0.2814843878159875


epsilon: 0.5

m: 6.714285714285714

n: 21.42857142857143

Residual: 0.3634946204094141


epsilon: 0.5

m: 6.714285714285714

n: 26.142857142857142

Residual: 0.41019778406823465


epsilon: 0.5

m: 6.714285714285714

n: 30.857142857142858

Residual: 0.447247800697184


epsilon: 0.5

m: 6.714285714285714

n: 35.57142857142857

Residual: 0.472632302680298


epsilon: 0.5

m: 6.714285714285714

n: 40.285714285714285

Residual: 0.4916620706571931


epsilon: 0.5

m: 6.714285714285714

n: 45.0

Residual: 0.5055655484346964


epsilon: 0.5

m: 7.0

n: 12.0

Residual: 0.18902043933061677


epsilon: 0.5

m: 7.0

n: 16.714285714285715

Residual: 0.3260320031808089


epsilon: 0.5

m: 7.0

n: 21.42857142857143

Residual: 0.4030277478967232


epsilon: 0.5

m: 7.0

n: 26.142857142857142

Residual: 0.4530016650236504


epsilon: 0.5

m: 7.0

n: 30.857142857142858

Residual: 0.4806785318115999


epsilon: 0.5

m: 7.0

n: 35.57142857142857

Residual: 0.5078050161102258


epsilon: 0.5

m: 7.0

n: 40.285714285714285

Residual: 0.5240882587277518


epsilon: 0.5

m: 7.0

n: 45.0

Residual: 0.5438562161383323


epsilon: 0.7

m: 5.0

n: 12.0

Residual: 0.33263187454110127


epsilon: 0.7

m: 5.0

n: 16.714285714285715

Residual: 0.23073698327882616


epsilon: 0.7

m: 5.0

n: 21.42857142857143

Residual: 0.1823522445777041


epsilon: 0.7

m: 5.0

n: 26.142857142857142

Residual: 0.15416895532132213


epsilon: 0.7

m: 5.0

n: 30.857142857142858

Residual: 0.1433725762934569


epsilon: 0.7

m: 5.0

n: 35.57142857142857

Residual: 0.13718683395212244


epsilon: 0.7

m: 5.0

n: 40.285714285714285

Residual: 0.13728003057732574


epsilon: 0.7

m: 5.0

n: 45.0

Residual: 0.1353215782783739


epsilon: 0.7

m: 5.285714285714286

n: 12.0

Residual: 0.27288535626948385


epsilon: 0.7

m: 5.285714285714286

n: 16.714285714285715

Residual: 0.17545864950991422


epsilon: 0.7

m: 5.285714285714286

n: 21.42857142857143

Residual: 0.134639936644673


epsilon: 0.7

m: 5.285714285714286

n: 26.142857142857142

Residual: 0.11853746052003382


epsilon: 0.7

m: 5.285714285714286

n: 30.857142857142858

Residual: 0.11631787698574665


epsilon: 0.7

m: 5.285714285714286

n: 35.57142857142857

Residual: 0.11750914299219685


epsilon: 0.7

m: 5.285714285714286

n: 40.285714285714285

Residual: 0.12592566793691526


epsilon: 0.7

m: 5.285714285714286

n: 45.0

Residual: 0.12741215977810977


epsilon: 0.7

m: 5.571428571428571

n: 12.0

Residual: 0.22431776966093797


epsilon: 0.7

m: 5.571428571428571

n: 16.714285714285715

Residual: 0.1320827180832186


epsilon: 0.7

m: 5.571428571428571

n: 21.42857142857143

Residual: 0.10043350250232798


epsilon: 0.7

m: 5.571428571428571

n: 26.142857142857142

Residual: 0.09879794353675475


epsilon: 0.7

m: 5.571428571428571

n: 30.857142857142858

Residual: 0.11066377933544214


epsilon: 0.7

m: 5.571428571428571

n: 35.57142857142857

Residual: 0.12122618154458735


epsilon: 0.7

m: 5.571428571428571

n: 40.285714285714285

Residual: 0.13603846015146603


epsilon: 0.7

m: 5.571428571428571

n: 45.0

Residual: 0.14798910451432898


epsilon: 0.7

m: 5.857142857142857

n: 12.0

Residual: 0.17829711424324646


epsilon: 0.7

m: 5.857142857142857

n: 16.714285714285715

Residual: 0.09680393719285665


epsilon: 0.7

m: 5.857142857142857

n: 21.42857142857143

Residual: 0.08294936308740737


epsilon: 0.7

m: 5.857142857142857

n: 26.142857142857142

Residual: 0.10685199177184328


epsilon: 0.7

m: 5.857142857142857

n: 30.857142857142858

Residual: 0.14295019510818238


epsilon: 0.7

m: 5.857142857142857

n: 35.57142857142857

Residual: 0.16795487692318115


epsilon: 0.7

m: 5.857142857142857

n: 40.285714285714285

Residual: 0.19217663837739454


epsilon: 0.7

m: 5.857142857142857

n: 45.0

Residual: 0.20834594293225034


epsilon: 0.7

m: 6.142857142857142

n: 12.0

Residual: 0.14028927137019054


epsilon: 0.7

m: 6.142857142857142

n: 16.714285714285715

Residual: 0.06945955266603719


epsilon: 0.7

m: 6.142857142857142

n: 21.42857142857143

Residual: 0.10910894832770307


epsilon: 0.7

m: 6.142857142857142

n: 26.142857142857142

Residual: 0.16262035662297109


epsilon: 0.7

m: 6.142857142857142

n: 30.857142857142858

Residual: 0.19714828824943664


epsilon: 0.7

m: 6.142857142857142

n: 35.57142857142857

Residual: 0.22883331255643727


epsilon: 0.7

m: 6.142857142857142

n: 40.285714285714285

Residual: 0.25343778950312656


epsilon: 0.7

m: 6.142857142857142

n: 45.0

Residual: 0.27355354531502163


epsilon: 0.7

m: 6.428571428571429

n: 12.0

Residual: 0.10475495184023387


epsilon: 0.7

m: 6.428571428571429

n: 16.714285714285715

Residual: 0.07606098802219001


epsilon: 0.7

m: 6.428571428571429

n: 21.42857142857143

Residual: 0.16397707585149063


epsilon: 0.7

m: 6.428571428571429

n: 26.142857142857142

Residual: 0.21945974549805478


epsilon: 0.7

m: 6.428571428571429

n: 30.857142857142858

Residual: 0.2520044780991357


epsilon: 0.7

m: 6.428571428571429

n: 35.57142857142857

Residual: 0.28770567468997504


epsilon: 0.7

m: 6.428571428571429

n: 40.285714285714285

Residual: 0.3024364377882546


epsilon: 0.7

m: 6.428571428571429

n: 45.0

Residual: 0.3222574316478851


epsilon: 0.7

m: 6.714285714285714

n: 12.0

Residual: 0.07577362056366124


epsilon: 0.7

m: 6.714285714285714

n: 16.714285714285715

Residual: 0.12707477450267604


epsilon: 0.7

m: 6.714285714285714

n: 21.42857142857143

Residual: 0.2080149792002089


epsilon: 0.7

m: 6.714285714285714

n: 26.142857142857142

Residual: 0.26202228954174456


epsilon: 0.7

m: 6.714285714285714

n: 30.857142857142858

Residual: 0.29890112063720375


epsilon: 0.7

m: 6.714285714285714

n: 35.57142857142857

Residual: 0.3370576473055905


epsilon: 0.7

m: 6.714285714285714

n: 40.285714285714285

Residual: 0.35494763314975725


epsilon: 0.7

m: 6.714285714285714

n: 45.0

Residual: 0.37619792938326174


epsilon: 0.7

m: 7.0

n: 12.0

Residual: 0.06270080165969115


epsilon: 0.7

m: 7.0

n: 16.714285714285715

Residual: 0.16943636911925183


epsilon: 0.7

m: 7.0

n: 21.42857142857143

Residual: 0.24950065229304916


epsilon: 0.7

m: 7.0

n: 26.142857142857142

Residual: 0.30493544262439143


epsilon: 0.7

m: 7.0

n: 30.857142857142858

Residual: 0.34281334117973317


epsilon: 0.7

m: 7.0

n: 35.57142857142857

Residual: 0.3752681910417082


epsilon: 0.7

m: 7.0

n: 40.285714285714285

Residual: 0.39531089233048283


epsilon: 0.7

m: 7.0

n: 45.0

Residual: 0.4163745520498979


epsilon: 0.8999999999999999

m: 5.0

n: 12.0

Residual: 0.4392339308437568


epsilon: 0.8999999999999999

m: 5.0

n: 16.714285714285715

Residual: 0.3359440287056903


epsilon: 0.8999999999999999

m: 5.0

n: 21.42857142857143

Residual: 0.2707488669163633


epsilon: 0.8999999999999999

m: 5.0

n: 26.142857142857142

Residual: 0.2300762591691206


epsilon: 0.8999999999999999

m: 5.0

n: 30.857142857142858

Residual: 0.2044971144457949


epsilon: 0.8999999999999999

m: 5.0

n: 35.57142857142857

Residual: 0.18159801473378256


epsilon: 0.8999999999999999

m: 5.0

n: 40.285714285714285

Residual: 0.16876070274729915


epsilon: 0.8999999999999999

m: 5.0

n: 45.0

Residual: 0.15831543476806087


epsilon: 0.8999999999999999

m: 5.285714285714286

n: 12.0

Residual: 0.3847480714487663


epsilon: 0.8999999999999999

m: 5.285714285714286

n: 16.714285714285715

Residual: 0.2737082176528501


epsilon: 0.8999999999999999

m: 5.285714285714286

n: 21.42857142857143

Residual: 0.2053282185087075


epsilon: 0.8999999999999999

m: 5.285714285714286

n: 26.142857142857142

Residual: 0.16750193778665093


epsilon: 0.8999999999999999

m: 5.285714285714286

n: 30.857142857142858

Residual: 0.138405622881739


epsilon: 0.8999999999999999

m: 5.285714285714286

n: 35.57142857142857

Residual: 0.12335744022810444


epsilon: 0.8999999999999999

m: 5.285714285714286

n: 40.285714285714285

Residual: 0.1183413956191358


epsilon: 0.8999999999999999

m: 5.285714285714286

n: 45.0

Residual: 0.11378080453166942


epsilon: 0.8999999999999999

m: 5.571428571428571

n: 12.0

Residual: 0.3317186319114538


epsilon: 0.8999999999999999

m: 5.571428571428571

n: 16.714285714285715

Residual: 0.20941181148910912


epsilon: 0.8999999999999999

m: 5.571428571428571

n: 21.42857142857143

Residual: 0.151499751631714


epsilon: 0.8999999999999999

m: 5.571428571428571

n: 26.142857142857142

Residual: 0.11268386723653918


epsilon: 0.8999999999999999

m: 5.571428571428571

n: 30.857142857142858

Residual: 0.09700151955463529


epsilon: 0.8999999999999999

m: 5.571428571428571

n: 35.57142857142857

Residual: 0.08746520713864527


epsilon: 0.8999999999999999

m: 5.571428571428571

n: 40.285714285714285

Residual: 0.08808980713426519


epsilon: 0.8999999999999999

m: 5.571428571428571

n: 45.0

Residual: 0.08957022330145746


epsilon: 0.8999999999999999

m: 5.857142857142857

n: 12.0

Residual: 0.27929649502835135


epsilon: 0.8999999999999999

m: 5.857142857142857

n: 16.714285714285715

Residual: 0.16192533646575938


epsilon: 0.8999999999999999

m: 5.857142857142857

n: 21.42857142857143

Residual: 0.10120663599783475


epsilon: 0.8999999999999999

m: 5.857142857142857

n: 26.142857142857142

Residual: 0.07183202159955168


epsilon: 0.8999999999999999

m: 5.857142857142857

n: 30.857142857142858

Residual: 0.06639525413916764


epsilon: 0.8999999999999999

m: 5.857142857142857

n: 35.57142857142857

Residual: 0.07664022828806849


epsilon: 0.8999999999999999

m: 5.857142857142857

n: 40.285714285714285

Residual: 0.08279119067123376


epsilon: 0.8999999999999999

m: 5.857142857142857

n: 45.0

Residual: 0.0892498454876989


epsilon: 0.8999999999999999

m: 6.142857142857142

n: 12.0

Residual: 0.2353181552118591


epsilon: 0.8999999999999999

m: 6.142857142857142

n: 16.714285714285715

Residual: 0.11325219746640368


epsilon: 0.8999999999999999

m: 6.142857142857142

n: 21.42857142857143

Residual: 0.06061500736799297


epsilon: 0.8999999999999999

m: 6.142857142857142

n: 26.142857142857142

Residual: 0.05513910458646237


epsilon: 0.8999999999999999

m: 6.142857142857142

n: 30.857142857142858

Residual: 0.07540836145529659


epsilon: 0.8999999999999999

m: 6.142857142857142

n: 35.57142857142857

Residual: 0.10323908971829693


epsilon: 0.8999999999999999

m: 6.142857142857142

n: 40.285714285714285

Residual: 0.12781058023342484


epsilon: 0.8999999999999999

m: 6.142857142857142

n: 45.0

Residual: 0.14798860444532208


epsilon: 0.8999999999999999

m: 6.428571428571429

n: 12.0

Residual: 0.18754402786046473


epsilon: 0.8999999999999999

m: 6.428571428571429

n: 16.714285714285715

Residual: 0.07230473832051189


epsilon: 0.8999999999999999

m: 6.428571428571429

n: 21.42857142857143

Residual: 0.04333806887951776


epsilon: 0.8999999999999999

m: 6.428571428571429

n: 26.142857142857142

Residual: 0.09180564617068675


epsilon: 0.8999999999999999

m: 6.428571428571429

n: 30.857142857142858

Residual: 0.13227919108341998


epsilon: 0.8999999999999999

m: 6.428571428571429

n: 35.57142857142857

Residual: 0.16372064500252545


epsilon: 0.8999999999999999

m: 6.428571428571429

n: 40.285714285714285

Residual: 0.19083318114921177


epsilon: 0.8999999999999999

m: 6.428571428571429

n: 45.0

Residual: 0.20819695385070588


epsilon: 0.8999999999999999

m: 6.714285714285714

n: 12.0

Residual: 0.14997636418536275


epsilon: 0.8999999999999999

m: 6.714285714285714

n: 16.714285714285715

Residual: 0.04737722289919876


epsilon: 0.8999999999999999

m: 6.714285714285714

n: 21.42857142857143

Residual: 0.08344552540038587


epsilon: 0.8999999999999999

m: 6.714285714285714

n: 26.142857142857142

Residual: 0.14437489335713266


epsilon: 0.8999999999999999

m: 6.714285714285714

n: 30.857142857142858

Residual: 0.18429157710719932


epsilon: 0.8999999999999999

m: 6.714285714285714

n: 35.57142857142857

Residual: 0.2111368497090412


epsilon: 0.8999999999999999

m: 6.714285714285714

n: 40.285714285714285

Residual: 0.24420745933817498


epsilon: 0.8999999999999999

m: 6.714285714285714

n: 45.0

Residual: 0.2601487439367152


epsilon: 0.8999999999999999

m: 7.0

n: 12.0

Residual: 0.11459137870321756


epsilon: 0.8999999999999999

m: 7.0

n: 16.714285714285715

Residual: 0.049729622473936454


epsilon: 0.8999999999999999

m: 7.0

n: 21.42857142857143

Residual: 0.13680378388088282


epsilon: 0.8999999999999999

m: 7.0

n: 26.142857142857142

Residual: 0.19487330630435873


epsilon: 0.8999999999999999

m: 7.0

n: 30.857142857142858

Residual: 0.2326577696156645


epsilon: 0.8999999999999999

m: 7.0

n: 35.57142857142857

Residual: 0.2700976199007122


epsilon: 0.8999999999999999

m: 7.0

n: 40.285714285714285

Residual: 0.28422939514436235


epsilon: 0.8999999999999999

m: 7.0

n: 45.0

Residual: 0.30986889019647346


epsilon: 1.0999999999999999

m: 5.0

n: 12.0

Residual: 0.5162439652699671


epsilon: 1.0999999999999999

m: 5.0

n: 16.714285714285715

Residual: 0.4207640435754769


epsilon: 1.0999999999999999

m: 5.0

n: 21.42857142857143

Residual: 0.3606458880839823


epsilon: 1.0999999999999999

m: 5.0

n: 26.142857142857142

Residual: 0.31694816029102113


epsilon: 1.0999999999999999

m: 5.0

n: 30.857142857142858

Residual: 0.28602885840115766


epsilon: 1.0999999999999999

m: 5.0

n: 35.57142857142857

Residual: 0.26245139575351495


epsilon: 1.0999999999999999

m: 5.0

n: 40.285714285714285

Residual: 0.24293214601556737


epsilon: 1.0999999999999999

m: 5.0

n: 45.0

Residual: 0.2251897260261013


epsilon: 1.0999999999999999

m: 5.285714285714286

n: 12.0

Residual: 0.46775283763091813


epsilon: 1.0999999999999999

m: 5.285714285714286

n: 16.714285714285715

Residual: 0.3634715915585378


epsilon: 1.0999999999999999

m: 5.285714285714286

n: 21.42857142857143

Residual: 0.2964955606434951


epsilon: 1.0999999999999999

m: 5.285714285714286

n: 26.142857142857142

Residual: 0.2501346836587183


epsilon: 1.0999999999999999

m: 5.285714285714286

n: 30.857142857142858

Residual: 0.21739472927839087


epsilon: 1.0999999999999999

m: 5.285714285714286

n: 35.57142857142857

Residual: 0.1914330295616075


epsilon: 1.0999999999999999

m: 5.285714285714286

n: 40.285714285714285

Residual: 0.16762427596485294


epsilon: 1.0999999999999999

m: 5.285714285714286

n: 45.0

Residual: 0.15636488736887477


epsilon: 1.0999999999999999

m: 5.571428571428571

n: 12.0

Residual: 0.41850093599431565


epsilon: 1.0999999999999999

m: 5.571428571428571

n: 16.714285714285715

Residual: 0.3059837251922742


epsilon: 1.0999999999999999

m: 5.571428571428571

n: 21.42857142857143

Residual: 0.23392923129901996


epsilon: 1.0999999999999999

m: 5.571428571428571

n: 26.142857142857142

Residual: 0.18645397320680526


epsilon: 1.0999999999999999

m: 5.571428571428571

n: 30.857142857142858

Residual: 0.1525587261500587


epsilon: 1.0999999999999999

m: 5.571428571428571

n: 35.57142857142857

Residual: 0.13259969363271534


epsilon: 1.0999999999999999

m: 5.571428571428571

n: 40.285714285714285

Residual: 0.11099340050792918


epsilon: 1.0999999999999999

m: 5.571428571428571

n: 45.0

Residual: 0.10313425429919607


epsilon: 1.0999999999999999

m: 5.857142857142857

n: 12.0

Residual: 0.37243592525981417


epsilon: 1.0999999999999999

m: 5.857142857142857

n: 16.714285714285715

Residual: 0.24964367909626972


epsilon: 1.0999999999999999

m: 5.857142857142857

n: 21.42857142857143

Residual: 0.17469240818217135


epsilon: 1.0999999999999999

m: 5.857142857142857

n: 26.142857142857142

Residual: 0.12303496145307533


epsilon: 1.0999999999999999

m: 5.857142857142857

n: 30.857142857142858

Residual: 0.09714389703745548


epsilon: 1.0999999999999999

m: 5.857142857142857

n: 35.57142857142857

Residual: 0.07232484423925975


epsilon: 1.0999999999999999

m: 5.857142857142857

n: 40.285714285714285

Residual: 0.062248016371281335


epsilon: 1.0999999999999999

m: 5.857142857142857

n: 45.0

Residual: 0.05973753849234205


epsilon: 1.0999999999999999

m: 6.142857142857142

n: 12.0

Residual: 0.32731349486081224


epsilon: 1.0999999999999999

m: 6.142857142857142

n: 16.714285714285715

Residual: 0.19780908390858404


epsilon: 1.0999999999999999

m: 6.142857142857142

n: 21.42857142857143

Residual: 0.11665787059289283


epsilon: 1.0999999999999999

m: 6.142857142857142

n: 26.142857142857142

Residual: 0.07503372895065685


epsilon: 1.0999999999999999

m: 6.142857142857142

n: 30.857142857142858

Residual: 0.05052682801442754


epsilon: 1.0999999999999999

m: 6.142857142857142

n: 35.57142857142857

Residual: 0.04036855105931288


epsilon: 1.0999999999999999

m: 6.142857142857142

n: 40.285714285714285

Residual: 0.04616433055732375


epsilon: 1.0999999999999999

m: 6.142857142857142

n: 45.0

Residual: 0.0560025108444116


epsilon: 1.0999999999999999

m: 6.428571428571429

n: 12.0

Residual: 0.28178687311488726


epsilon: 1.0999999999999999

m: 6.428571428571429

n: 16.714285714285715

Residual: 0.14457787968009786


epsilon: 1.0999999999999999

m: 6.428571428571429

n: 21.42857142857143

Residual: 0.06972501393442833


epsilon: 1.0999999999999999

m: 6.428571428571429

n: 26.142857142857142

Residual: 0.03715685127258507


epsilon: 1.0999999999999999

m: 6.428571428571429

n: 30.857142857142858

Residual: 0.03510269908567786


epsilon: 1.0999999999999999

m: 6.428571428571429

n: 35.57142857142857

Residual: 0.0678559228540562


epsilon: 1.0999999999999999

m: 6.428571428571429

n: 40.285714285714285

Residual: 0.08844408705862496


epsilon: 1.0999999999999999

m: 6.428571428571429

n: 45.0

Residual: 0.11291721545763073


epsilon: 1.0999999999999999

m: 6.714285714285714

n: 12.0

Residual: 0.24144033760575165


epsilon: 1.0999999999999999

m: 6.714285714285714

n: 16.714285714285715

Residual: 0.106553543693989


epsilon: 1.0999999999999999

m: 6.714285714285714

n: 21.42857142857143

Residual: 0.04339925182048089


epsilon: 1.0999999999999999

m: 6.714285714285714

n: 26.142857142857142

Residual: 0.040283065980155894


epsilon: 1.0999999999999999

m: 6.714285714285714

n: 30.857142857142858

Residual: 0.09116722633148065


epsilon: 1.0999999999999999

m: 6.714285714285714

n: 35.57142857142857

Residual: 0.12335614985745537


epsilon: 1.0999999999999999

m: 6.714285714285714

n: 40.285714285714285

Residual: 0.14201616280482063


epsilon: 1.0999999999999999

m: 6.714285714285714

n: 45.0

Residual: 0.16197596240754725


epsilon: 1.0999999999999999

m: 7.0

n: 12.0

Residual: 0.20188055574914526


epsilon: 1.0999999999999999

m: 7.0

n: 16.714285714285715

Residual: 0.07462611789266016


epsilon: 1.0999999999999999

m: 7.0

n: 21.42857142857143

Residual: 0.0453510729740078


epsilon: 1.0999999999999999

m: 7.0

n: 26.142857142857142

Residual: 0.09784658329426618


epsilon: 1.0999999999999999

m: 7.0

n: 30.857142857142858

Residual: 0.13847462362858604


epsilon: 1.0999999999999999

m: 7.0

n: 35.57142857142857

Residual: 0.1733012206122543


epsilon: 1.0999999999999999

m: 7.0

n: 40.285714285714285

Residual: 0.19083248627013108


epsilon: 1.0999999999999999

m: 7.0

n: 45.0

Residual: 0.21489403166354948


epsilon: 1.3

m: 5.0

n: 12.0

Residual: 0.5746220625022408


epsilon: 1.3

m: 5.0

n: 16.714285714285715

Residual: 0.48874020288707687


epsilon: 1.3

m: 5.0

n: 21.42857142857143

Residual: 0.42936949732162744


epsilon: 1.3

m: 5.0

n: 26.142857142857142

Residual: 0.39076909423804057


epsilon: 1.3

m: 5.0

n: 30.857142857142858

Residual: 0.3613477356895783


epsilon: 1.3

m: 5.0

n: 35.57142857142857

Residual: 0.3382748503111142


epsilon: 1.3

m: 5.0

n: 40.285714285714285

Residual: 0.3190873244536931


epsilon: 1.3

m: 5.0

n: 45.0

Residual: 0.304274672785897


epsilon: 1.3

m: 5.285714285714286

n: 12.0

Residual: 0.5294539932841884


epsilon: 1.3

m: 5.285714285714286

n: 16.714285714285715

Residual: 0.4343769839403052


epsilon: 1.3

m: 5.285714285714286

n: 21.42857142857143

Residual: 0.37028894538966844


epsilon: 1.3

m: 5.285714285714286

n: 26.142857142857142

Residual: 0.3274578351566564


epsilon: 1.3

m: 5.285714285714286

n: 30.857142857142858

Residual: 0.2920366930124929


epsilon: 1.3

m: 5.285714285714286

n: 35.57142857142857

Residual: 0.2683911846212192


epsilon: 1.3

m: 5.285714285714286

n: 40.285714285714285

Residual: 0.24412315673547658


epsilon: 1.3

m: 5.285714285714286

n: 45.0

Residual: 0.23089721216361372


epsilon: 1.3

m: 5.571428571428571

n: 12.0

Residual: 0.48445463303350855


epsilon: 1.3

m: 5.571428571428571

n: 16.714285714285715

Residual: 0.378491487500179


epsilon: 1.3

m: 5.571428571428571

n: 21.42857142857143

Residual: 0.31452990259376745


epsilon: 1.3

m: 5.571428571428571

n: 26.142857142857142

Residual: 0.26301084948935854


epsilon: 1.3

m: 5.571428571428571

n: 30.857142857142858

Residual: 0.22941002214837647


epsilon: 1.3

m: 5.571428571428571

n: 35.57142857142857

Residual: 0.19878048046235916


epsilon: 1.3

m: 5.571428571428571

n: 40.285714285714285

Residual: 0.1747555853190371


epsilon: 1.3

m: 5.571428571428571

n: 45.0

Residual: 0.16325279208942575


epsilon: 1.3

m: 5.857142857142857

n: 12.0

Residual: 0.44142503578889003


epsilon: 1.3

m: 5.857142857142857

n: 16.714285714285715

Residual: 0.3258158116442127


epsilon: 1.3

m: 5.857142857142857

n: 21.42857142857143

Residual: 0.2513994477810031


epsilon: 1.3

m: 5.857142857142857

n: 26.142857142857142

Residual: 0.20549315062800982


epsilon: 1.3

m: 5.857142857142857

n: 30.857142857142858

Residual: 0.16417859627425524


epsilon: 1.3

m: 5.857142857142857

n: 35.57142857142857

Residual: 0.13875389750368097


epsilon: 1.3

m: 5.857142857142857

n: 40.285714285714285

Residual: 0.11423949790872108


epsilon: 1.3

m: 5.857142857142857

n: 45.0

Residual: 0.10193750719095536


epsilon: 1.3

m: 6.142857142857142

n: 12.0

Residual: 0.3992547094659412


epsilon: 1.3

m: 6.142857142857142

n: 16.714285714285715

Residual: 0.27739674233782957


epsilon: 1.3

m: 6.142857142857142

n: 21.42857142857143

Residual: 0.19893996825754284


epsilon: 1.3

m: 6.142857142857142

n: 26.142857142857142

Residual: 0.15026615046289685


epsilon: 1.3

m: 6.142857142857142

n: 30.857142857142858

Residual: 0.10164532459397936


epsilon: 1.3

m: 6.142857142857142

n: 35.57142857142857

Residual: 0.08269106415823962


epsilon: 1.3

m: 6.142857142857142

n: 40.285714285714285

Residual: 0.05906391432883656


epsilon: 1.3

m: 6.142857142857142

n: 45.0

Residual: 0.04894769244589402


epsilon: 1.3

m: 6.428571428571429

n: 12.0

Residual: 0.35900302441702187


epsilon: 1.3

m: 6.428571428571429

n: 16.714285714285715

Residual: 0.22741031640359619


epsilon: 1.3

m: 6.428571428571429

n: 21.42857142857143

Residual: 0.14484987084044587


epsilon: 1.3

m: 6.428571428571429

n: 26.142857142857142

Residual: 0.0895912053670108


epsilon: 1.3

m: 6.428571428571429

n: 30.857142857142858

Residual: 0.05429298709441273


epsilon: 1.3

m: 6.428571428571429

n: 35.57142857142857

Residual: 0.03355282453836214


epsilon: 1.3

m: 6.428571428571429

n: 40.285714285714285

Residual: 0.02914613011697657


epsilon: 1.3

m: 6.428571428571429

n: 45.0

Residual: 0.030421993542108814


epsilon: 1.3

m: 6.714285714285714

n: 12.0

Residual: 0.31870189559400974


epsilon: 1.3

m: 6.714285714285714

n: 16.714285714285715

Residual: 0.18489570156097793


epsilon: 1.3

m: 6.714285714285714

n: 21.42857142857143

Residual: 0.10060234247043373


epsilon: 1.3

m: 6.714285714285714

n: 26.142857142857142

Residual: 0.05520507138042269


epsilon: 1.3

m: 6.714285714285714

n: 30.857142857142858

Residual: 0.026179873049889155


epsilon: 1.3

m: 6.714285714285714

n: 35.57142857142857

Residual: 0.03989918958819622


epsilon: 1.3

m: 6.714285714285714

n: 40.285714285714285

Residual: 0.06683846782322628


epsilon: 1.3

m: 6.714285714285714

n: 45.0

Residual: 0.0805494429223925


epsilon: 1.3

m: 7.0

n: 12.0

Residual: 0.28183131405005546


epsilon: 1.3

m: 7.0

n: 16.714285714285715

Residual: 0.14158013463208302


epsilon: 1.3

m: 7.0

n: 21.42857142857143

Residual: 0.07087569214123796


epsilon: 1.3

m: 7.0

n: 26.142857142857142

Residual: 0.03262591250746407


epsilon: 1.3

m: 7.0

n: 30.857142857142858

Residual: 0.052097735252656166


epsilon: 1.3

m: 7.0

n: 35.57142857142857

Residual: 0.08947990651075528


epsilon: 1.3

m: 7.0

n: 40.285714285714285

Residual: 0.11406574921579365


epsilon: 1.3

m: 7.0

n: 45.0

Residual: 0.1317969173111509


epsilon: 1.5

m: 5.0

n: 12.0

Residual: 0.6205546937253374


epsilon: 1.5

m: 5.0

n: 16.714285714285715

Residual: 0.5414167401075167


epsilon: 1.5

m: 5.0

n: 21.42857142857143

Residual: 0.48887639893335116


epsilon: 1.5

m: 5.0

n: 26.142857142857142

Residual: 0.4488275451949988


epsilon: 1.5

m: 5.0

n: 30.857142857142858

Residual: 0.4226459147698416


epsilon: 1.5

m: 5.0

n: 35.57142857142857

Residual: 0.40074851395483524


epsilon: 1.5

m: 5.0

n: 40.285714285714285

Residual: 0.37924203524285005


epsilon: 1.5

m: 5.0

n: 45.0

Residual: 0.36838045114678686


epsilon: 1.5

m: 5.285714285714286

n: 12.0

Residual: 0.5789235857961891


epsilon: 1.5

m: 5.285714285714286

n: 16.714285714285715

Residual: 0.48933680300120025


epsilon: 1.5

m: 5.285714285714286

n: 21.42857142857143

Residual: 0.4309334379503173


epsilon: 1.5

m: 5.285714285714286

n: 26.142857142857142

Residual: 0.388146588896964


epsilon: 1.5

m: 5.285714285714286

n: 30.857142857142858

Residual: 0.3560596980689101


epsilon: 1.5

m: 5.285714285714286

n: 35.57142857142857

Residual: 0.33156469679246436


epsilon: 1.5

m: 5.285714285714286

n: 40.285714285714285

Residual: 0.31382565651793537


epsilon: 1.5

m: 5.285714285714286

n: 45.0

Residual: 0.2958597241246562


epsilon: 1.5

m: 5.571428571428571

n: 12.0

Residual: 0.5371390404687826


epsilon: 1.5

m: 5.571428571428571

n: 16.714285714285715

Residual: 0.4374534230213944


epsilon: 1.5

m: 5.571428571428571

n: 21.42857142857143

Residual: 0.37469353057797716


epsilon: 1.5

m: 5.571428571428571

n: 26.142857142857142

Residual: 0.3282375255191465


epsilon: 1.5

m: 5.571428571428571

n: 30.857142857142858

Residual: 0.2909002572785606


epsilon: 1.5

m: 5.571428571428571

n: 35.57142857142857

Residual: 0.2707927393521583


epsilon: 1.5

m: 5.571428571428571

n: 40.285714285714285

Residual: 0.24699551640899478


epsilon: 1.5

m: 5.571428571428571

n: 45.0

Residual: 0.23165647265834838


epsilon: 1.5

m: 5.857142857142857

n: 12.0

Residual: 0.49763488505470643


epsilon: 1.5

m: 5.857142857142857

n: 16.714285714285715

Residual: 0.3891039525701436


epsilon: 1.5

m: 5.857142857142857

n: 21.42857142857143

Residual: 0.3156609236330562


epsilon: 1.5

m: 5.857142857142857

n: 26.142857142857142

Residual: 0.2742339866797053


epsilon: 1.5

m: 5.857142857142857

n: 30.857142857142858

Residual: 0.23683567241368564


epsilon: 1.5

m: 5.857142857142857

n: 35.57142857142857

Residual: 0.20976502787666454


epsilon: 1.5

m: 5.857142857142857

n: 40.285714285714285

Residual: 0.18430040806504078


epsilon: 1.5

m: 5.857142857142857

n: 45.0

Residual: 0.16404562896685704


epsilon: 1.5

m: 6.142857142857142

n: 12.0

Residual: 0.4568221261305894


epsilon: 1.5

m: 6.142857142857142

n: 16.714285714285715

Residual: 0.3401540823950989


epsilon: 1.5

m: 6.142857142857142

n: 21.42857142857143

Residual: 0.2637353235646331


epsilon: 1.5

m: 6.142857142857142

n: 26.142857142857142

Residual: 0.21254476083942622


epsilon: 1.5

m: 6.142857142857142

n: 30.857142857142858

Residual: 0.17848636075656074


epsilon: 1.5

m: 6.142857142857142

n: 35.57142857142857

Residual: 0.14880952032552283


epsilon: 1.5

m: 6.142857142857142

n: 40.285714285714285

Residual: 0.12342403105244748


epsilon: 1.5

m: 6.142857142857142

n: 45.0

Residual: 0.10852280588455811


epsilon: 1.5

m: 6.428571428571429

n: 12.0

Residual: 0.41783630317396925


epsilon: 1.5

m: 6.428571428571429

n: 16.714285714285715

Residual: 0.29274446227587686


epsilon: 1.5

m: 6.428571428571429

n: 21.42857142857143

Residual: 0.21757325084004311


epsilon: 1.5

m: 6.428571428571429

n: 26.142857142857142

Residual: 0.16315776295002524


epsilon: 1.5

m: 6.428571428571429

n: 30.857142857142858

Residual: 0.1141479094978295


epsilon: 1.5

m: 6.428571428571429

n: 35.57142857142857

Residual: 0.08720314072355098


epsilon: 1.5

m: 6.428571428571429

n: 40.285714285714285

Residual: 0.06003314415867521


epsilon: 1.5

m: 6.428571428571429

n: 45.0

Residual: 0.0470750774007871


epsilon: 1.5

m: 6.714285714285714

n: 12.0

Residual: 0.38437839736061546


epsilon: 1.5

m: 6.714285714285714

n: 16.714285714285715

Residual: 0.2508327355923837


epsilon: 1.5

m: 6.714285714285714

n: 21.42857142857143

Residual: 0.1686481243666514


epsilon: 1.5

m: 6.714285714285714

n: 26.142857142857142

Residual: 0.10792949673442814


epsilon: 1.5

m: 6.714285714285714

n: 30.857142857142858

Residual: 0.06956616667849895


epsilon: 1.5

m: 6.714285714285714

n: 35.57142857142857

Residual: 0.050254446972123605


epsilon: 1.5

m: 6.714285714285714

n: 40.285714285714285

Residual: 0.025474483313940244


epsilon: 1.5

m: 6.714285714285714

n: 45.0

Residual: 0.021918734110618603


epsilon: 1.5

m: 7.0

n: 12.0

Residual: 0.3464232135832304


epsilon: 1.5

m: 7.0

n: 16.714285714285715

Residual: 0.20937463473268114


epsilon: 1.5

m: 7.0

n: 21.42857142857143

Residual: 0.1258346780305943


epsilon: 1.5

m: 7.0

n: 26.142857142857142

Residual: 0.07394697985575377


epsilon: 1.5

m: 7.0

n: 30.857142857142858

Residual: 0.04831900855197877


epsilon: 1.5

m: 7.0

n: 35.57142857142857

Residual: 0.040891333006717524


epsilon: 1.5

m: 7.0

n: 40.285714285714285

Residual: 0.04497579770436897


epsilon: 1.5

m: 7.0

n: 45.0

Residual: 0.06571428233484988


