epsilon: 2.0

m: 5.0

n: 40.285714285714285

Residual: 0.13889624211906895


epsilon: 2.1

m: 5.0

n: 40.285714285714285

Residual: 0.15845369687715644


epsilon: 2.0

m: 5.25

n: 40.285714285714285

Residual: 0.6023754693580433


epsilon: 2.0

m: 5.0

n: 42.300000000000004

Residual: 0.13058269293201882


epsilon: 2.0666666666666664

m: 4.75

n: 41.628571428571426

Residual: 0.7297810026816166


epsilon: 2.0166666666666666

m: 5.125

n: 40.62142857142857

Residual: 0.2919662304880578


epsilon: 2.05

m: 4.875

n: 41.292857142857144

Residual: 0.3846786976207738


epsilon: 2.025

m: 5.0625

n: 40.78928571428571

Residual: 0.17212588271750576


epsilon: 2.0416666666666665

m: 4.9375

n: 41.125

Residual: 0.23535919575396594


epsilon: 2.029166666666667

m: 5.03125

n: 40.87321428571428

Residual: 0.13695116973536126


epsilon: 1.9194444444444447

m: 5.020833333333334

n: 42.02023809523809

Residual: 0.18830205657545596


epsilon: 2.0548611111111112

m: 5.005208333333334

n: 40.71934523809524

Residual: 0.13438843066368386


epsilon: 2.0560185185185187

m: 5.024305555555555

n: 42.30932539682539

Residual: 0.1299098054637556


epsilon: 2.084027777777778

m: 5.036458333333332

n: 43.321130952380955

Residual: 0.13359109933559776


epsilon: 2.044753086419753

m: 4.988425925925926

n: 42.6792328042328

Residual: 0.13225289800387072


epsilon: 2.012319958847737

m: 5.003279320987653

n: 44.139693562610226

Residual: 0.13503055014855214


epsilon: 2.0442258230452675

m: 5.004726080246914

n: 41.57443231922399

Residual: 0.13017105136526202


epsilon: 2.0220764746227706

m: 5.030928497942387

n: 41.44327233980013

Residual: 0.1362965591771692


epsilon: 2.0390839334705078

m: 4.9990515689300405

n: 42.370242688124634

Residual: 0.12782398902703399


epsilon: 2.0928855166895293

m: 5.018722136488341

n: 41.86933360278268

Residual: 0.1281421703170952


epsilon: 2.0810994894071033

m: 5.0233267604023775

n: 42.79150213926448

Residual: 0.1277493430986894


epsilon: 2.099536322588021

m: 5.032627100480109

n: 43.40003704928472

Residual: 0.12596791123291898


epsilon: 2.0983186633135196

m: 5.009294981710106

n: 42.78375016330262

Residual: 0.12767767329840632


epsilon: 2.065073762891836

m: 5.008593630925162

n: 43.833352997691954

Residual: 0.1331614239541054


epsilon: 2.085932578240106

m: 5.016190010097546

n: 42.36033845151

Residual: 0.13757046273740314


epsilon: 2.09892749295077

m: 5.0209610410951075

n: 43.09189360629367

Residual: 0.125737392039846


epsilon: 2.0693101280292643

m: 5.015839334705075

n: 42.88513986870468

Residual: 0.132023804064273


epsilon: 2.096210919638775

m: 5.025674618484225

n: 42.634685326033704

Residual: 0.12231664207857612


epsilon: 2.1271396954224464

m: 5.037002505334553

n: 43.19927078570337

Residual: 0.12757255538686788


epsilon: 2.1126823035741507

m: 5.031711712677184

n: 43.1207380564537

Residual: 0.13135630474464544


epsilon: 2.0975692062947724

m: 5.023317829789667

n: 42.863289466163685

Residual: 0.13035036314707227


epsilon: 2.097873621113398

m: 5.029150859482167

n: 43.01736118765921

Residual: 0.12999145035989265


epsilon: 2.0827605238340197

m: 5.02075697659465

n: 42.759912597369194

Residual: 0.1250571466686911


epsilon: 2.0869941700960233

m: 5.027070473251028

n: 42.74468327454439

Residual: 0.1362560384044913


epsilon: 2.0949254472450853

m: 5.024255990655007

n: 42.83363791825886

Residual: 0.12336958081006141


epsilon: 2.0847243060318554

m: 5.017974197673755

n: 42.468129373448626

Residual: 0.12554606136231727


epsilon: 2.0880116348022413

m: 5.020768363125858

n: 42.60543732700127

Residual: 0.12009621327719838


epsilon: 2.1033381439567145

m: 5.026375671582076

n: 42.62259445016002

Residual: 0.12829336269858416


epsilon: 2.0879049288646936

m: 5.0221616503415065

n: 42.725583060566905

Residual: 0.12394930889736344


epsilon: 2.0981937389260406

m: 5.0249709978352195

n: 42.65692398696231

Residual: 0.12106537418018877


epsilon: 2.0933520816662856

m: 5.023353328975196

n: 42.43105984173933

Residual: 0.12467672235871796


epsilon: 2.0945321058503854

m: 5.024030325235055

n: 42.73299339912897

Residual: 0.13194251833971288


epsilon: 2.0931026868641407

m: 5.022869680480539

n: 42.63118065698179

Residual: 0.12805326466183684


epsilon: 2.092111277220508

m: 5.023221490805041

n: 42.62006132651749

Residual: 0.126910178507902


epsilon: 2.091468541023663

m: 5.022512176890432

n: 42.719537622630064

Residual: 0.13224557824382563


epsilon: 2.090681858234264

m: 5.022060846050527

n: 42.51824858437029

Residual: 0.12477362913559695


epsilon: 2.0874338266405346

m: 5.0211641195070795

n: 42.53131750161091

Residual: 0.13384325131893365


epsilon: 2.091685471808239

m: 5.022443290237174

n: 42.60621486813907

Residual: 0.12656948380238534


epsilon: 2.088141366009321

m: 5.020293508803998

n: 42.53320585982293

Residual: 0.12003214658587029


epsilon: 2.086156410403728

m: 5.018829517803477

n: 42.48977812647564

Residual: 0.13234009670635827


epsilon: 2.0862044342223114

m: 5.019638521749748

n: 42.49837964599059

Residual: 0.1310367392939137


epsilon: 2.090315212411757

m: 5.021742098115317

n: 42.57925606260195

Residual: 0.13248111219270725


epsilon: 2.088076500405781

m: 5.020530935964928

n: 42.5693215934121

Residual: 0.12651318956437924


epsilon: 2.0894116121217925

m: 5.021177177427262

n: 42.525727222096606

Residual: 0.1289805910815351


epsilon: 2.08991341890878

m: 5.021368399520586

n: 42.569710363981

Residual: 0.13088423253634787


epsilon: 2.0871729001158164

m: 5.019966015276873

n: 42.51579275290675

Residual: 0.1343158276075828


epsilon: 2.089228289210539

m: 5.021017803459658

n: 42.556230961212435

Residual: 0.13390235059938924


epsilon: 2.088108933207551

m: 5.020412222384463

n: 42.55126372661751

Residual: 0.1277763045170392


epsilon: 2.0887764890655567

m: 5.02073534311563

n: 42.52946654095977

Residual: 0.13011544075428233


epsilon: 2.0890273924590503

m: 5.020830954162292

n: 42.551458111901965

Residual: 0.13884520239207865


epsilon: 2.0876571330625686

m: 5.020129762040435

n: 42.52449930636483

Residual: 0.13012146408857245


epsilon: 2.0879996979116893

m: 5.0203050600709

n: 42.531239007749114

Residual: 0.12237766767474408


epsilon: 2.0873901756868167

m: 5.0199385177239435

n: 42.54767252183327

Residual: 0.13357123922739322


epsilon: 2.0884299107208717

m: 5.020536136767708

n: 42.53401803617814

Residual: 0.13000349233503816


epsilon: 2.0877367540315017

m: 5.020137724071866

n: 42.5431210266149

Residual: 0.13645175315293784


epsilon: 2.0882566215485294

m: 5.020436533593747

n: 42.53629378378733

Residual: 0.12992566484599538


epsilon: 2.087910043203844

m: 5.020237327245827

n: 42.54084527900571

Residual: 0.13117295572445595


epsilon: 2.088169976962358

m: 5.0203867320067666

n: 42.537431657591924

Residual: 0.12585262809037173


epsilon: 2.0880984273813614

m: 5.02024464486998

n: 42.51665395682513

Residual: 0.13261624038741068


epsilon: 2.0881063067510035

m: 5.020370328005843

n: 42.54261128416942

Residual: 0.13085295569414182


epsilon: 2.088070531960505

m: 5.020299284437449

n: 42.53222243378602

Residual: 0.1238666558782513


epsilon: 2.0881556714858394

m: 5.020340120405383

n: 42.535318758707426

Residual: 0.12997735292810927


epsilon: 2.0881251496084356

m: 5.02035286559423

n: 42.54223479322022

Residual: 0.12511339293192672


epsilon: 2.0880690268996687

m: 5.020290318818402

n: 42.53645663251202

Residual: 0.12478412332472211


epsilon: 2.0880621336378935

m: 5.020235875779003

n: 42.52568849086042

Residual: 0.12580855636134675


epsilon: 2.0881093956158

m: 5.020323618140424

n: 42.538098217630264

Residual: 0.12265815309888556


epsilon: 2.088145168824082

m: 5.020320622102846

n: 42.53256104164745

Residual: 0.13576366360159564


epsilon: 2.088088062380772

m: 5.020297894639513

n: 42.53548273479588

Residual: 0.13555807981436227


epsilon: 2.0881253808125604

m: 5.020308563472211

n: 42.535652038726596

Residual: 0.13868292241370272


epsilon: 2.088105948984913

m: 5.020296396620724

n: 42.53271414680447

Residual: 0.13752811850256888


epsilon: 2.088105196454495

m: 5.020291913811199

n: 42.53483124616747

Residual: 0.1255820500984462


epsilon: 2.0881096268199255

m: 5.020279316018403

n: 42.53151546313666

Residual: 0.13766885001571777


epsilon: 2.0881135653180847

m: 5.0202866278818545

n: 42.53254960703414

Residual: 0.13117503586617868


epsilon: 2.088134136203021

m: 5.020284970377311

n: 42.53434366187856

Residual: 0.13341116124686736


epsilon: 2.088127089398494

m: 5.020287826938165

n: 42.53393628311004

Residual: 0.12958801198735606


epsilon: 2.0881355359234552

m: 5.020295538487054

n: 42.535432652366154

Residual: 0.12797953012681812


epsilon: 2.0881276428596864

m: 5.020299480463337

n: 42.53504355579433

Residual: 0.13900654542972884


epsilon: 2.088127227763792

m: 5.020290740319458

n: 42.53421310128111

Residual: 0.1386654268760109


epsilon: 2.088123281231908

m: 5.020292711307599

n: 42.5340185529952

Residual: 0.1297505998149966


epsilon: 2.088138450966388

m: 5.020294523645526

n: 42.53431925609454

Residual: 0.13046189552148066


epsilon: 2.0881342277039074

m: 5.020290667871081

n: 42.53357107146648

Residual: 0.13275213603932923


epsilon: 2.088134504434504

m: 5.020296494633667

n: 42.534124707808616

Residual: 0.1379802634586241


epsilon: 2.0881342968865564

m: 5.020292124561728

n: 42.53370948055202

Residual: 0.12330082602369709


epsilon: 2.0881275117854687

m: 5.020291039470025

n: 42.53297000615223

Residual: 0.1347753670722306


epsilon: 2.0881357161711582

m: 5.020293652601651

n: 42.533981943608964

Residual: 0.12603164759647933


epsilon: 2.088150971479449

m: 5.020293479337319

n: 42.53324630299408

Residual: 0.12287305044638425


epsilon: 2.0881487067457254

m: 5.020292422533713

n: 42.532792485303716

Residual: 0.12692555688023432


epsilon: 2.0881389638148002

m: 5.020293345084666

n: 42.53368457903265

Residual: 0.12323189875080198


epsilon: 2.088153237315823

m: 5.0202947642555955

n: 42.533048347347744

Residual: 0.1333884208291714


epsilon: 2.0881390319938733

m: 5.020292784485195

n: 42.53354419725095

Residual: 0.12390150523994607


epsilon: 2.0881461687443847

m: 5.020293494070659

n: 42.5332260814085

Residual: 0.12444229277950034


epsilon: 2.0881401649120606

m: 5.020293426944332

n: 42.53344521942779

Residual: 0.12947167346228472


epsilon: 2.0881378314479386

m: 5.020292816682863

n: 42.533457670187474

Residual: 0.12686174245803167


epsilon: 2.0881434125557026

m: 5.020293119427348

n: 42.53314785485148

Residual: 0.1275985570321812


epsilon: 2.088142600644792

m: 5.020293196306595

n: 42.533222195995556

Residual: 0.13296325488046332


epsilon: 2.088143767376853

m: 5.020293501437328

n: 42.533215970615714

Residual: 0.13127827443652967


epsilon: 2.0881395987286298

m: 5.02029316274343

n: 42.5333317650052

Residual: 0.1232094229625641


epsilon: 2.0881407654606905

m: 5.020293467874165

n: 42.53332553962536

Residual: 0.13168958311589962


epsilon: 2.0881423892825115

m: 5.020293314115671

n: 42.5331768573372

Residual: 0.13020316822098554


epsilon: 2.0881384686367883

m: 5.020293155671403

n: 42.53326035082783

Residual: 0.13548886047180286


epsilon: 2.0881424426918365

m: 5.020293414995846

n: 42.53322706566874

Residual: 0.12758805224485134


epsilon: 2.0881398823373463

m: 5.020293410246511

n: 42.533332936327376

Residual: 0.13166360412744432


epsilon: 2.08814176254622

m: 5.020293338148381

n: 42.53321587708474

Residual: 0.124300577224917


epsilon: 2.0881393754976108

m: 5.020293258134693

n: 42.533275268939846

Residual: 0.13551771664498913


epsilon: 2.0881416758932803

m: 5.0202933757805575

n: 42.53323911648651

Residual: 0.12953592341694617


epsilon: 2.088140482368975

m: 5.020293335773713

n: 42.533268812414065

Residual: 0.13128064296512365


epsilon: 2.0881415642777705

m: 5.02029342347619

n: 42.533210868453835

Residual: 0.13415397711676147


epsilon: 2.0881419043505787

m: 5.0202934618999215

n: 42.533216462745834

Residual: 0.124418951947291


epsilon: 2.0881409375414792

m: 5.0202934475089

n: 42.53324988820138

Residual: 0.1259227797220674


epsilon: 2.0881423228986105

m: 5.0202936097015005

n: 42.533179328099365

Residual: 0.1402483980258366


epsilon: 2.0881409425013837

m: 5.020293404255661

n: 42.53324644133539

Residual: 0.13185841153618255


epsilon: 2.0881416351799498

m: 5.02029348535196

n: 42.533211161284385

Residual: 0.12967249643575218


epsilon: 2.0881411517754

m: 5.020293478156448

n: 42.533227874012155

Residual: 0.12649271803337034


epsilon: 2.088140924189148

m: 5.020293422288855

n: 42.533237336118496

Residual: 0.1283526462327017


epsilon: 2.0881406594692953

m: 5.020293454147573

n: 42.53323621868468

Residual: 0.12796398089374203


epsilon: 2.088141193980196

m: 5.020293538449824

n: 42.53320929889468

Residual: 0.12545722218982766


Warning: Maximum number of iterations has been exceeded.
n: 42.53320929889468

epsilon: 2.088141193980196

sigma: 0.8

m: 5.020293538449824

Residual: 0.13056346461376356
