epsilon: 1.5

m: 5.0

n: 26.142857142857142

Residual: 0.24688464073570182


epsilon: 1.5750000000000002

m: 5.0

n: 26.142857142857142

Residual: 0.27845816207325164


epsilon: 1.5

m: 5.25

n: 26.142857142857142

Residual: 0.6013383598602069


epsilon: 1.5

m: 5.0

n: 27.45

Residual: 0.2455391710363513


epsilon: 1.5500000000000003

m: 4.75

n: 27.01428571428571

Residual: 0.7276777739819418


epsilon: 1.5125000000000002

m: 5.125

n: 26.360714285714284

Residual: 0.36372070250410116


epsilon: 1.5375

m: 4.875

n: 26.796428571428567

Residual: 0.3815571491429283


epsilon: 1.5187500000000003

m: 5.0625

n: 26.469642857142855

Residual: 0.28240959138448535


epsilon: 1.53125

m: 4.9375

n: 26.687499999999996

Residual: 0.27718812935255355


epsilon: 1.4458333333333333

m: 4.958333333333334

n: 27.37738095238095

Residual: 0.2172937962372189


epsilon: 1.3812499999999996

m: 4.9375

n: 27.994642857142857

Residual: 0.1893498879655335


epsilon: 1.389583333333333

m: 5.020833333333334

n: 27.704166666666662

Residual: 0.29774977386821544


epsilon: 1.4958333333333331

m: 4.958333333333334

n: 26.941666666666663

Residual: 0.24121807784590055


epsilon: 1.4180555555555556

m: 4.930555555555555

n: 28.7813492063492

Residual: 0.19828940057107464


epsilon: 1.3634259259259256

m: 4.8842592592592595

n: 28.361772486772477

Residual: 0.18166675077261552


epsilon: 1.2951388888888884

m: 4.826388888888889

n: 28.81765873015872

Residual: 0.17493691627038563


epsilon: 1.2337962962962958

m: 4.837962962962962

n: 30.120767195767193

Residual: 0.16372135187388268


epsilon: 1.102777777777777

m: 4.777777777777775

n: 31.710317460317455

Residual: 0.20880323415353208


epsilon: 1.1887345679012338

m: 4.804012345679013

n: 29.174029982363304

Residual: 0.1541135474854362


epsilon: 1.0740740740740726

m: 4.7407407407407405

n: 29.37037037037036

Residual: 0.13761293892648224


epsilon: 1.020756172839505

m: 4.665895061728394

n: 30.87788800705465

Residual: 0.15504077792265777


epsilon: 0.923945473251027

m: 4.670010288065841

n: 31.428358318636086

Residual: 0.2401242475925405


epsilon: 1.202340534979423

m: 4.787294238683128

n: 29.47033362727806

Residual: 0.15590879391646686


epsilon: 0.964317558299038

m: 4.624657064471879

n: 29.691627474034853

Residual: 0.18232331377854694


epsilon: 1.1664266117969815

m: 4.784636488340191

n: 30.01348226533411

Residual: 0.1389554651829396


epsilon: 0.9718307041609497

m: 4.673553955189755

n: 30.704160134561356

Residual: 0.18381346847988927


epsilon: 1.1447130772748046

m: 4.758859167809785

n: 29.778790254098883

Residual: 0.1457294970738284


epsilon: 1.2360530025910674

m: 4.856929202865416

n: 28.56387391948092

Residual: 0.1713878752513775


epsilon: 1.0745803802773954

m: 4.71365359701265

n: 30.29938448516122

Residual: 0.14018340137630986


epsilon: 1.0653409668241616

m: 4.733828049585936

n: 30.010034493144918

Residual: 0.13433366595882443


epsilon: 1.0256549115988403

m: 4.721312490474013

n: 30.12565661266793

Residual: 0.1649112299601664


epsilon: 1.1293140548527485

m: 4.792483255431929

n: 29.296540267405035

Residual: 0.14720579768672343


epsilon: 1.0882637989212336

m: 4.73336101161747

n: 30.048673430722175

Residual: 0.1274830117868163


epsilon: 0.985359281415997

m: 4.687316712955906

n: 29.60590326415753

Residual: 0.15218756939976405


epsilon: 1.1211597792017354

m: 4.76030654449412

n: 29.91158751503996

Residual: 0.12830768064474782


epsilon: 1.1091022892240145

m: 4.744256329724276

n: 30.609826588901015

Residual: 0.15225385462059804


epsilon: 1.082831127861558

m: 4.7416196379866244

n: 29.68023442500302

Residual: 0.13839771634811016


epsilon: 1.1047117890614846

m: 4.7468337780557945

n: 29.98013047288107

Residual: 0.14283041077795233


epsilon: 1.0768023828726976

m: 4.733594530601703

n: 30.029353961933545

Residual: 0.1354182864454059


epsilon: 1.081168936497653

m: 4.737050876179105

n: 29.709521900546267

Residual: 0.14117145079585078


epsilon: 1.0594449564662383

m: 4.722503834209725

n: 29.878235722586926

Residual: 0.14436111472919705


epsilon: 1.0933950809126731

m: 4.740751292094277

n: 29.954656785307535

Residual: 0.14510191620470408


epsilon: 1.0825330908969657

m: 4.733477771109587

n: 30.03901369632786

Residual: 0.13700662215139958


epsilon: 1.0847163677094434

m: 4.735205943898288

n: 29.87909766563422

Residual: 0.13604458925291252


epsilon: 1.096487793991359

m: 4.740097394836632

n: 30.014401951801624

Residual: 0.13270983023188265


epsilon: 1.0971122161843914

m: 4.738965129125341

n: 29.922435002444157

Residual: 0.14297927000050803


epsilon: 1.0861778722188222

m: 4.734849610613525

n: 30.009869022856932

Residual: 0.14849578120101306


epsilon: 1.0923757964562963

m: 4.736729203227052

n: 30.0315376912619

Residual: 0.15375673677815005


epsilon: 1.0864900833153386

m: 4.734283477757879

n: 29.963885548178197

Residual: 0.12700601520920346


epsilon: 1.0853984449090996

m: 4.733419391363528

n: 30.043843563525016

Residual: 0.14481676065478946


epsilon: 1.0810590883074849

m: 4.730646717265532

n: 30.006064003688362

Residual: 0.1422071522230965


epsilon: 1.0851435354536052

m: 4.732108079730393

n: 29.96857175820081

Residual: 0.13934404561777622


epsilon: 1.0922058568193

m: 4.7358549954716285

n: 29.98135648771243

Residual: 0.13343288926296043


epsilon: 1.0928296239169766

m: 4.7368915768342585

n: 30.027371886207725

Residual: 0.14161918730173004


epsilon: 1.087065057569448

m: 4.7333039540063595

n: 29.983271790202537

Residual: 0.14396539510506842


epsilon: 1.087376941118286

m: 4.7338222446876745

n: 30.006279489450186

Residual: 0.14071163728730177


epsilon: 1.0893479700673194

m: 4.735069236614754

n: 29.972621017945315

Residual: 0.12738523136882646


epsilon: 1.0858168093844718

m: 4.733195778744136

n: 29.966228653189503

Residual: 0.13783395219002836


epsilon: 1.0870596340598004

m: 4.734543417390171

n: 29.928877323425155

Residual: 0.13242437838522542


epsilon: 1.089448315577167

m: 4.736068309097734

n: 29.944027273176275

Residual: 0.14018027513952674


epsilon: 1.0867246859326456

m: 4.733913911332536

n: 29.960678308186196

Residual: 0.12935367951028548


epsilon: 1.0879821921504018

m: 4.734300999746608

n: 30.00257925944799

Residual: 0.12533609055919173


epsilon: 1.0884434711957023

m: 4.734179790924827

n: 30.039430227459405

Residual: 0.12922147246254173


epsilon: 1.0891554777560613

m: 4.735188564746958

n: 29.998712242194813

Residual: 0.1378710273437566


epsilon: 1.0873323838884996

m: 4.734232574686141

n: 29.97018679168835

Residual: 0.15399870047219627


epsilon: 1.0872361377328703

m: 4.734292238752244

n: 29.983232403813094

Residual: 0.15125184055020185


epsilon: 1.0886650811088607

m: 4.734685118180681

n: 29.987600138696653

Residual: 0.1350279432908878


epsilon: 1.0873534390415238

m: 4.734107455539572

n: 29.981628783817094

Residual: 0.14143733547847887


epsilon: 1.0887643371343203

m: 4.734436810225664

n: 29.99797305082806

Residual: 0.13584308871723794


epsilon: 1.089587634554198

m: 4.7348411632290635

n: 30.010472848831384

Residual: 0.14921925981353784


epsilon: 1.0879119879196923

m: 4.734290882461945

n: 29.988839800070664

Residual: 0.13599505556981456


epsilon: 1.0890290856760294

m: 4.734657736306691

n: 30.003261832577813

Residual: 0.14100506866802268


epsilon: 1.0881912623587766

m: 4.734382595923131

n: 29.992445308197453

Residual: 0.1491589259141236


epsilon: 1.0883236366296312

m: 4.734493058963645

n: 29.995089699072324

Residual: 0.14007679352832675


epsilon: 1.0883732646423612

m: 4.734368904986136

n: 30.000276155138025

Residual: 0.12711092457059572


epsilon: 1.0879470900350472

m: 4.734295941104277

n: 29.995709529759328

Residual: 0.13877566687728937


epsilon: 1.0878780612555756

m: 4.734150838261035

n: 30.00395359715791

Residual: 0.15783492138114055


epsilon: 1.0882122427861174

m: 4.734407503787993

n: 29.997305673593722

Residual: 0.13657044550620406


epsilon: 1.088431376350873

m: 4.734422331242882

n: 30.004397862360495

Residual: 0.13633160817652046


epsilon: 1.088312312642973

m: 4.734320653529092

n: 30.007529844370623

Residual: 0.13546643920047996


epsilon: 1.088013803272951

m: 4.7342380409316736

n: 30.002525643610593

Residual: 0.12498135722850695


epsilon: 1.0878050167339897

m: 4.73414589577607

n: 30.00158953423564

Residual: 0.13525091841931697


epsilon: 1.0879338607341698

m: 4.73428464358052

n: 29.99605752776045

Residual: 0.1293339201006539


epsilon: 1.0880284737113706

m: 4.734293646067663

n: 29.99892560691299

Residual: 0.141423638364077


epsilon: 1.0879979977116765

m: 4.734269520339141

n: 30.00255245152929

Residual: 0.1367221904419058


epsilon: 1.088193533957656

m: 4.734303472958905

n: 30.00140089937431

Residual: 0.15730004172526502


epsilon: 1.088163057957962

m: 4.734279347230382

n: 30.00502774399061

Residual: 0.13182471824652855


epsilon: 1.087923038670737

m: 4.734221132708559

n: 30.00533632671268

Residual: 0.13187721535186492


epsilon: 1.0880686022227568

m: 4.734222826907936

n: 30.006040691346634

Residual: 0.14577516039961333


epsilon: 1.0880156488394466

m: 4.73425784698134

n: 30.003424511483626

Residual: 0.1340969178004246


epsilon: 1.0880509510949867

m: 4.734234500265737

n: 30.005168631392298

Residual: 0.13055539105949732


epsilon: 1.0882288362131962

m: 4.734280126243304

n: 30.00314501928299

Residual: 0.13512530407329


epsilon: 1.0879994880563517

m: 4.7342358810922445

n: 30.00478849985526

Residual: 0.12844660937581254


epsilon: 1.0878797703248975

m: 4.734192934296054

n: 30.00329410591482

Residual: 0.1321100374109042


epsilon: 1.0880922360496958

m: 4.7342577439968

n: 30.004594334471662

Residual: 0.13444991354996244


epsilon: 1.0880066456646513

m: 4.734236961011959

n: 30.003657071732924

Residual: 0.1427245496102244


epsilon: 1.0880323771839688

m: 4.734236270598705

n: 30.003847137501445

Residual: 0.1333210016043452


epsilon: 1.0880884306154566

m: 4.734258694081028

n: 30.003776693800603

Residual: 0.13561346384012712


epsilon: 1.0880830950502662

m: 4.734251709395645

n: 30.003109244875503

Residual: 0.1337617779065459


epsilon: 1.0879977530560012

m: 4.734225319869655

n: 30.002544656857758

Residual: 0.1355171703502448


epsilon: 1.088020422445865

m: 4.734233663422498

n: 30.002852666093467

Residual: 0.1499420806894647


epsilon: 1.08802309022846

m: 4.734237155765189

n: 30.003186390556017

Residual: 0.12719614507504956


epsilon: 1.0880484491616085

m: 4.734244875163659

n: 30.00281744424305

Residual: 0.14566962069123063


epsilon: 1.0880511169442038

m: 4.734248367506351

n: 30.0031511687056

Residual: 0.13670855842203533


epsilon: 1.0880102244688015

m: 4.734237500971817

n: 30.003091357671757

Residual: 0.13066324219267453


epsilon: 1.0879802950359378

m: 4.73422676427277

n: 30.002717759186645

Residual: 0.13829376792355955


epsilon: 1.0880334114671373

m: 4.7342429666979555

n: 30.00304281632586

Residual: 0.13521961856343098


epsilon: 1.0879980005130043

m: 4.734232165081165

n: 30.002826111566385

Residual: 0.1302031600857762


epsilon: 1.088013038207475

m: 4.734234073546869

n: 30.00260073948357

Residual: 0.14073078342673578


epsilon: 1.0880109279034698

m: 4.73423664411558

n: 30.002968703124708

Residual: 0.12779204958188906


epsilon: 1.088033880423583

m: 4.734242395460463

n: 30.002961046627824

Residual: 0.13471494318693855


epsilon: 1.088006970490649

m: 4.734234722675989

n: 30.002859845331745

Residual: 0.13829111113240833


epsilon: 1.0880184467507055

m: 4.7342375983484315

n: 30.002856017083303

Residual: 0.15018265853072502


epsilon: 1.0880123655882104

m: 4.734237342523627

n: 30.002747173367652

Residual: 0.1432510231890309


epsilon: 1.0880059018929775

m: 4.734235103006419

n: 30.002675877588487

Residual: 0.14645767298940834


epsilon: 1.0880029337520536

m: 4.734236059292715

n: 30.00244311262785

Residual: 0.13480422186482666


Warning: Maximum number of iterations has been exceeded.
m: 4.734236059292715

epsilon: 1.0880029337520536

n: 30.00244311262785

sigma: 0.6

Residual: 0.13982460526592447
