epsilon: 4.0

m: 5.571428571428571

n: 30.857142857142858

Residual: 0.16103960497938874


epsilon: 4.2

m: 5.571428571428571

n: 30.857142857142858

Residual: 0.17717741306030332


epsilon: 4.0

m: 5.85

n: 30.857142857142858

Residual: 0.5565907748583389


epsilon: 4.0

m: 5.571428571428571

n: 32.4

Residual: 0.16304961783289634


epsilon: 4.133333333333333

m: 5.2928571428571445

n: 31.885714285714283

Residual: 0.57962008969633


epsilon: 4.033333333333333

m: 5.710714285714285

n: 31.114285714285714

Residual: 0.29322900433822136


epsilon: 4.1

m: 5.432142857142859

n: 31.628571428571426

Residual: 0.3082707343197649


epsilon: 4.05

m: 5.641071428571429

n: 31.24285714285714

Residual: 0.1940139572127676


epsilon: 4.083333333333333

m: 5.501785714285715

n: 31.5

Residual: 0.20828312317480246


epsilon: 4.058333333333334

m: 5.606250000000001

n: 31.307142857142857

Residual: 0.164129565326458


epsilon: 3.8388888888888895

m: 5.594642857142857

n: 32.18571428571428

Residual: 0.22222500049423752


epsilon: 4.1097222222222225

m: 5.5772321428571425

n: 31.189285714285717

Residual: 0.16473464366079027


epsilon: 3.929166666666667

m: 5.588839285714285

n: 31.853571428571428

Residual: 0.18066300710389965


epsilon: 4.064583333333333

m: 5.580133928571428

n: 31.355357142857144

Residual: 0.16320097237504494


epsilon: 3.9847222222222225

m: 5.542410714285712

n: 31.76785714285714

Residual: 0.16526769859137783


epsilon: 4.039930555555555

m: 5.590290178571429

n: 31.42232142857143

Residual: 0.16624183821484417


epsilon: 4.0

m: 5.571428571428571

n: 31.628571428571426

Residual: 0.16212878409781173


epsilon: 4.032291666666667

m: 5.5757812499999995

n: 31.106250000000003

Residual: 0.16044895525398387


epsilon: 4.029166666666667

m: 5.588839285714286

n: 31.082142857142856

Residual: 0.16383623956668103


epsilon: 3.9923611111111104

m: 5.556919642857144

n: 31.3125

Residual: 0.15544765319169304


epsilon: 3.973958333333332

m: 5.540959821428572

n: 31.427678571428572

Residual: 0.16291030431465792


epsilon: 4.016435185185186

m: 5.564657738095239

n: 30.555357142857147

Residual: 0.16285089884122692


epsilon: 4.004108796296297

m: 5.569735863095238

n: 31.36026785714286

Residual: 0.16333454275509493


epsilon: 4.012326388888889

m: 5.566350446428572

n: 31.209375

Residual: 0.16024251896434322


epsilon: 3.996180555555555

m: 5.564174107142858

n: 31.08482142857143

Residual: 0.1629864539644836


epsilon: 3.996180555555555

m: 5.564174107142858

n: 31.470535714285713

Residual: 0.16322312283742185


epsilon: 4.004398148148147

m: 5.5607886904761905

n: 30.933928571428577

Residual: 0.1622244906043648


epsilon: 4.009876543209876

m: 5.558531746031745

n: 31.219047619047622

Residual: 0.16173456419605375


epsilon: 4.00531121399177

m: 5.560412533068783

n: 31.56001984126984

Residual: 0.16173176780605547


epsilon: 3.996789266117971

m: 5.563923335537922

n: 31.502215608465605

Residual: 0.16444599116584674


epsilon: 4.0066047239369

m: 5.559879643408289

n: 31.28983961640212

Residual: 0.16182593999460326


epsilon: 4.00234375

m: 5.561635044642858

n: 31.2609375

Residual: 0.16149004168861777


epsilon: 3.99883616255144

m: 5.558666087962964

n: 31.436259920634917

Residual: 0.16314333696635758


epsilon: 4.001118827160493

m: 5.557725694444445

n: 31.26577380952381

Residual: 0.16208418131124347


epsilon: 3.998379629629629

m: 5.558854166666666

n: 31.123214285714283

Residual: 0.1619526427524741


epsilon: 3.9942708333333323

m: 5.560546875

n: 31.19866071428571

Residual: 0.15975574155221395


epsilon: 3.994270833333332

m: 5.560546875000002

n: 31.39151785714285

Residual: 0.16366788026675205


epsilon: 3.9973524305555546

m: 5.559277343750001

n: 31.190290178571423

Residual: 0.1593537364916845


epsilon: 3.986979166666666

m: 5.55619419642857

n: 31.206696428571423

Residual: 0.16110409124725109


epsilon: 3.9908203124999995

m: 5.557554408482142

n: 31.22025669642857

Residual: 0.15999495436240369


epsilon: 3.9985026041666663

m: 5.560274832589286

n: 31.247377232142853

Residual: 0.16302937092493808


epsilon: 3.992740885416666

m: 5.5582345145089285

n: 31.227036830357143

Residual: 0.16013255944973037


epsilon: 3.9948567708333327

m: 5.558098493303572

n: 31.25139508928571

Residual: 0.15985491337023913


epsilon: 3.9933159722222213

m: 5.558733258928572

n: 31.255580357142854

Residual: 0.1642190153422718


epsilon: 3.991590711805555

m: 5.557237025669643

n: 31.266378348214285

Residual: 0.1593631927940863


epsilon: 3.9925564236111115

m: 5.556103515625002

n: 31.29793526785714

Residual: 0.16521096471559116


epsilon: 3.993126085069444

m: 5.55807582310268

n: 31.266169084821428

Residual: 0.16370714563152763


epsilon: 3.9927463107638888

m: 5.556760951450894

n: 31.287346540178568

Residual: 0.16178337843562413


epsilon: 3.9928412543402776

m: 5.55708966936384

n: 31.282052176339285

Residual: 0.1598358907244894


epsilon: 3.9896719473379623

m: 5.5560657319568465

n: 31.32255859375

Residual: 0.16127759296566735


epsilon: 3.9935605649594903

m: 5.557590302966891

n: 31.269185965401782

Residual: 0.1606848709152054


epsilon: 3.991975911458333

m: 5.557078334263394

n: 31.289439174107144

Residual: 0.16190825992532298


epsilon: 3.9926011827256938

m: 5.557004656110492

n: 31.297276088169642

Residual: 0.1614641648246998


epsilon: 3.9936089409722215

m: 5.557509068080359

n: 31.281947544642854

Residual: 0.1592977759329598


epsilon: 3.9937382450810164

m: 5.557210577101936

n: 31.305043247767856

Residual: 0.1609070996033046


epsilon: 3.9938710153838706

m: 5.557421535915801

n: 31.302384440104166

Residual: 0.16121203007759805


epsilon: 3.9935535572193266

m: 5.5573173159644735

n: 31.30110735212054

Residual: 0.16404706140627584


epsilon: 3.9929850260416657

m: 5.557214355468751

n: 31.297223772321427

Residual: 0.1615044810413354


epsilon: 3.9930496780960634

m: 5.55706510997954

n: 31.308771623883928

Residual: 0.16175360296942984


epsilon: 3.992481146918402

m: 5.556962149483818

n: 31.30488804408482

Residual: 0.16171968312000795


epsilon: 3.992168511284722

m: 5.556998988560268

n: 31.300969587053572

Residual: 0.16374390237411285


epsilon: 3.992829386393228

m: 5.5570485796247215

n: 31.30682111467634

Residual: 0.16214645667971297


epsilon: 3.992673068576388

m: 5.557066999162948

n: 31.304861886160715

Residual: 0.16000952020269563


epsilon: 3.9924211290147564

m: 5.556940896170481

n: 31.30869402204241

Residual: 0.16274131495430288


epsilon: 3.992705394603587

m: 5.556992376418342

n: 31.310635811941964

Residual: 0.16217961172494727


epsilon: 3.992738587179301

m: 5.557045116121808

n: 31.30997111002604

Residual: 0.1607166464002454


epsilon: 3.992476449974279

m: 5.557028795676259

n: 31.307586185515866

Residual: 0.15928698298644967


epsilon: 3.9922684992618844

m: 5.55696517567576

n: 31.306660937758345

Residual: 0.16239862671569683


epsilon: 3.9926210651999465

m: 5.557025131010295

n: 31.309143566959115

Residual: 0.1641539773603392


epsilon: 3.9924187805426947

m: 5.556974219266701

n: 31.310043092757933

Residual: 0.16076410264180152


epsilon: 3.992517089843749

m: 5.5569933210100455

n: 31.308680943080358

Residual: 0.16264980676896046


epsilon: 3.9925498491452056

m: 5.556982379489476

n: 31.31123555501302

Residual: 0.15933020320461816


epsilon: 3.992369404022258

m: 5.556924173398835

n: 31.31383815543361

Residual: 0.16344552032854026


epsilon: 3.9924801683883766

m: 5.556976034107243

n: 31.30997024616867

Residual: 0.16305664851062418


epsilon: 3.992455480128158

m: 5.55695101117331

n: 31.31186777750651

Residual: 0.15672896633023292


epsilon: 3.9923899458269023

m: 5.556946931061923

n: 31.31127154637897

Residual: 0.16244390466883196


epsilon: 3.99243910047743

m: 5.556956481933595

n: 31.31059047154018

Residual: 0.15914289421812838


epsilon: 3.9924471819842307

m: 5.556937826247442

n: 31.312033952985487

Residual: 0.1609712452828896


epsilon: 3.9924328729448986

m: 5.556940102451062

n: 31.31184335133386

Residual: 0.16124439611831365


epsilon: 3.9924082956196343

m: 5.556935327015227

n: 31.312183888753253

Residual: 0.16205081949842032


epsilon: 3.99240010579427

m: 5.5569380623953695

n: 31.31154523577009

Residual: 0.16366703823118314


epsilon: 3.9923755284690063

m: 5.556933286959533

n: 31.311885773189484

Residual: 0.1611640040913728


epsilon: 3.992363184338897

m: 5.556920775492568

n: 31.312834538858404

Residual: 0.15980805000230697


epsilon: 3.9923249203263746

m: 5.556913809857603

n: 31.312629652612003

Residual: 0.15896382540243476


epsilon: 3.9923239487152484

m: 5.556902865178677

n: 31.313423687790785

Residual: 0.16006883190207805


epsilon: 3.992336843653688

m: 5.55691047062389

n: 31.313039209140456

Residual: 0.15932779024485283


epsilon: 3.9923187323885516

m: 5.5569085067331905

n: 31.31261136897657

Residual: 0.1602762429149004


epsilon: 3.992352071351311

m: 5.5569177083027235

n: 31.312778746387945

Residual: 0.1596619721942567


epsilon: 3.9923298453761378

m: 5.556911573923035

n: 31.312667161447028

Residual: 0.16340939471285362


epsilon: 3.992346514857518

m: 5.556916174707801

n: 31.312750850152717

Residual: 0.16307202613530117


epsilon: 3.9923430157187427

m: 5.5569167263573735

n: 31.312564826306

Residual: 0.1656971573083739


epsilon: 3.9923489773823992

m: 5.556915056740517

n: 31.312769604570228

Residual: 0.16345719480262774


epsilon: 3.9923565912312107

m: 5.556918675579934

n: 31.312639373193974

Residual: 0.16417435753553178


epsilon: 3.9923681040977375

m: 5.556918857094356

n: 31.312707825536805

Residual: 0.16007405641427272


epsilon: 3.9923622038296207

m: 5.5569170288814105

n: 31.31267891354404

Residual: 0.1631357742629529


epsilon: 3.992378635309914

m: 5.556921962481423

n: 31.312488221483676

Residual: 0.16021691652515815


epsilon: 3.9923763631828866

m: 5.556923279407205

n: 31.312451784469616

Residual: 0.15747485934766567


epsilon: 3.9923584169512423

m: 5.556919223757714

n: 31.31261818518727

Residual: 0.16065935820247584


epsilon: 3.992373580720246

m: 5.5569212778004955

n: 31.312520712409572

Residual: 0.16049811725365815


epsilon: 3.9923687371469985

m: 5.556921461132175

n: 31.312475892234808

Residual: 0.1601666230486805


epsilon: 3.992364607604424

m: 5.55691924997575

n: 31.312603912768402

Residual: 0.16173783772079164


epsilon: 3.992369873210512

m: 5.556920802669284

n: 31.312494110741838

Residual: 0.15892668437247215


epsilon: 3.9923685400413236

m: 5.556922021129986

n: 31.31237608921603

Residual: 0.16081905115880213


epsilon: 3.9923675569320984

m: 5.556921328341428

n: 31.312433045104125

Residual: 0.1613562367847136


epsilon: 3.992365492160811

m: 5.556920222763214

n: 31.31249705537092

Residual: 0.15801331660442997


epsilon: 3.9923649241290544

m: 5.55692055199466

n: 31.312487946117404

Residual: 0.16216164783661907


epsilon: 3.992362859357767

m: 5.5569194464164475

n: 31.3125519563842

Residual: 0.16200028559498342


epsilon: 3.9923613842907377

m: 5.556918989363211

n: 31.312544728386012

Residual: 0.1630085584631114


epsilon: 3.992364039169475

m: 5.556920161336798

n: 31.312502141684554

Residual: 0.16335731531261707


epsilon: 3.9923633016359608

m: 5.556919932810179

n: 31.31249852768546

Residual: 0.16070656809778072


epsilon: 3.9923619852344387

m: 5.556919544636796

n: 31.3125259781921

Residual: 0.15993993458196165


epsilon: 3.9923630176200824

m: 5.556920097425902

n: 31.3124939730587

Residual: 0.16359822326506196


epsilon: 3.9923612477009236

m: 5.556919316110177

n: 31.312522364193008

Residual: 0.15934370361803452


epsilon: 3.9923595943950207

m: 5.556919069592564

n: 31.312533700571276

Residual: 0.15994010712678133


epsilon: 3.992360521205256

m: 5.556919285396969

n: 31.312524907349818

Residual: 0.161337766565376


epsilon: 3.992361179406017

m: 5.5569194794836605

n: 31.312511182096504

Residual: 0.1622395113988516


epsilon: 3.9923615481727746

m: 5.55691959374697

n: 31.31251298909605

Residual: 0.1635711227076898


epsilon: 3.9923622063735356

m: 5.556919787833662

n: 31.31249926384273

Residual: 0.16409171804459938


epsilon: 3.992360352753066

m: 5.556919356224855

n: 31.312516850285633

Residual: 0.15903343154893906


epsilon: 3.9923602140073546

m: 5.5569193919634685

n: 31.312505699158706

Residual: 0.16100837356502173


epsilon: 3.992359939175004

m: 5.556919447879984

n: 31.31250385086639

Residual: 0.16265331505175956


epsilon: 3.9923608693482637

m: 5.5569194715827415

n: 31.312509349288973

Residual: 0.16053753138344407


epsilon: 3.992361341467605

m: 5.556919588479692

n: 31.312511767224365

Residual: 0.16078889500636118


epsilon: 3.9923610596025427

m: 5.556919539350636

n: 31.31251025020795

Residual: 0.1633598757713377


epsilon: 3.992360731932088

m: 5.556919499540999

n: 31.312508425142816

Residual: 0.16145523084874586


epsilon: 3.9923609902296873

m: 5.556919557219943

n: 31.312504674644487

Residual: 0.15731612899597905


epsilon: 3.9923606625592325

m: 5.556919517410306

n: 31.312502849579353

Residual: 0.15848062175248023


epsilon: 3.9923611106679324

m: 5.556919645450597

n: 31.312496591006408

Residual: 0.15922444591283258


epsilon: 3.9923610159839713

m: 5.556919608973198

n: 31.312499549540508

Residual: 0.16148155561426747


epsilon: 3.992361050670399

m: 5.556919600038544

n: 31.312502337322243

Residual: 0.16241828219090204


epsilon: 3.992360886835171

m: 5.556919580133725

n: 31.312501424789676

Residual: 0.15901481866959416


epsilon: 3.992360921521599

m: 5.556919571199072

n: 31.312504212571408

Residual: 0.16089849694394756


epsilon: 3.992360895641522

m: 5.556919596088083

n: 31.31250142091848

Residual: 0.16200770262159622


epsilon: 3.992360934398741

m: 5.556919597075698

n: 31.31250165001942

Residual: 0.16194223167889993


epsilon: 3.9923610119131796

m: 5.556919599050929

n: 31.312502108221302

Residual: 0.16231695817265857


epsilon: 3.992360953777351

m: 5.556919597569506

n: 31.31250176456989

Residual: 0.15952360052342193


Warning: Maximum number of iterations has been exceeded.
epsilon: 3.992360953777351

sigma: 1.2

n: 31.31250176456989

m: 5.556919597569506

Residual: 0.161886450548854
