epsilon: 0.25

m: 4.0

Residual: 0.22993276709205954


epsilon: 0.25

m: 4.0

Residual: 0.22709326193997964


epsilon: 0.25

m: 4.041666666666667

Residual: 0.23514917505906516


epsilon: 0.25

m: 4.083333333333333

Residual: 0.2469757438835165


epsilon: 0.25

m: 4.125

Residual: 0.2635015449653431


epsilon: 0.25

m: 4.166666666666667

Residual: 0.285229941019652


epsilon: 0.25

m: 4.208333333333333

Residual: 0.31202628252860104


epsilon: 0.25

m: 4.25

Residual: 0.3294679454082912


epsilon: 0.25

m: 4.291666666666667

Residual: 0.35086981839325787


epsilon: 0.25

m: 4.333333333333333

Residual: 0.37548602558094707


epsilon: 0.25

m: 4.375

Residual: 0.39876913359222665


epsilon: 0.25

m: 4.416666666666667

Residual: 0.4258782695909439


epsilon: 0.25

m: 4.458333333333333

Residual: 0.45687335833103493


epsilon: 0.25

m: 4.5

Residual: 0.47579941956361904


epsilon: 0.25

m: 4.541666666666667

Residual: 0.4978598394337081


epsilon: 0.25

m: 4.583333333333333

Residual: 0.5235866171646193


epsilon: 0.25

m: 4.625

Residual: 0.5435149891547598


epsilon: 0.25

m: 4.666666666666667

Residual: 0.5700991280940662


epsilon: 0.25

m: 4.708333333333333

Residual: 0.5823900197512996


epsilon: 0.25

m: 4.75

Residual: 0.6039847489168207


epsilon: 0.25

m: 4.791666666666667

Residual: 0.6268854586784491


epsilon: 0.25

m: 4.833333333333333

Residual: 0.6345700042265304


epsilon: 0.25

m: 4.875

Residual: 0.6538210894902339


epsilon: 0.25

m: 4.916666666666667

Residual: 0.6659226682326699


epsilon: 0.25

m: 4.958333333333333

Residual: 0.6810731106631319


epsilon: 0.25

m: 5.0

Residual: 0.6944150884014387


epsilon: 0.3229166666666667

m: 4.0

Residual: 0.19854305954327386


epsilon: 0.3229166666666667

m: 4.041666666666667

Residual: 0.19116839666081145


epsilon: 0.3229166666666667

m: 4.083333333333333

Residual: 0.19146653678195852


epsilon: 0.3229166666666667

m: 4.125

Residual: 0.20102040513963218


epsilon: 0.3229166666666667

m: 4.166666666666667

Residual: 0.20348343582394207


epsilon: 0.3229166666666667

m: 4.208333333333333

Residual: 0.21729486987107724


epsilon: 0.3229166666666667

m: 4.25

Residual: 0.23305841921497236


epsilon: 0.3229166666666667

m: 4.291666666666667

Residual: 0.25519538007097636


epsilon: 0.3229166666666667

m: 4.333333333333333

Residual: 0.27062749401811026


epsilon: 0.3229166666666667

m: 4.375

Residual: 0.29988056544568503


epsilon: 0.3229166666666667

m: 4.416666666666667

Residual: 0.320832003556151


epsilon: 0.3229166666666667

m: 4.458333333333333

Residual: 0.3460370667825962


epsilon: 0.3229166666666667

m: 4.5

Residual: 0.3804692835102769


epsilon: 0.3229166666666667

m: 4.541666666666667

Residual: 0.40250882622935374


epsilon: 0.3229166666666667

m: 4.583333333333333

Residual: 0.42830058992674963


epsilon: 0.3229166666666667

m: 4.625

Residual: 0.4506999129042762


epsilon: 0.3229166666666667

m: 4.666666666666667

Residual: 0.479716969032808


epsilon: 0.3229166666666667

m: 4.708333333333333

Residual: 0.4900752286359963


epsilon: 0.3229166666666667

m: 4.75

Residual: 0.5142467231201323


epsilon: 0.3229166666666667

m: 4.791666666666667

Residual: 0.5378210177575306


epsilon: 0.3229166666666667

m: 4.833333333333333

Residual: 0.5581622423969963


epsilon: 0.3229166666666667

m: 4.875

Residual: 0.5677177370605251


epsilon: 0.3229166666666667

m: 4.916666666666667

Residual: 0.6052641412930535


epsilon: 0.3229166666666667

m: 4.958333333333333

Residual: 0.6164437012760222


epsilon: 0.3229166666666667

m: 5.0

Residual: 0.6291860324887905


epsilon: 0.39583333333333337

m: 4.0

Residual: 0.20224607430121042


epsilon: 0.39583333333333337

m: 4.041666666666667

Residual: 0.19266899602897763


epsilon: 0.39583333333333337

m: 4.083333333333333

Residual: 0.17802273040076266


epsilon: 0.39583333333333337

m: 4.125

Residual: 0.17148962960679992


epsilon: 0.39583333333333337

m: 4.166666666666667

Residual: 0.1688714083340479


epsilon: 0.39583333333333337

m: 4.208333333333333

Residual: 0.16919010037159077


epsilon: 0.39583333333333337

m: 4.25

Residual: 0.17902708625192595


epsilon: 0.39583333333333337

m: 4.291666666666667

Residual: 0.18547974851620902


epsilon: 0.39583333333333337

m: 4.333333333333333

Residual: 0.20472192430964198


epsilon: 0.39583333333333337

m: 4.375

Residual: 0.21391266471510786


epsilon: 0.39583333333333337

m: 4.416666666666667

Residual: 0.23804726869959814


epsilon: 0.39583333333333337

m: 4.458333333333333

Residual: 0.26081906949221423


epsilon: 0.39583333333333337

m: 4.5

Residual: 0.29806354235996235


epsilon: 0.39583333333333337

m: 4.541666666666667

Residual: 0.3082332867658834


epsilon: 0.39583333333333337

m: 4.583333333333333

Residual: 0.33635175390862515


epsilon: 0.39583333333333337

m: 4.625

Residual: 0.37160704503034697


epsilon: 0.39583333333333337

m: 4.666666666666667

Residual: 0.39508828302947974


epsilon: 0.39583333333333337

m: 4.708333333333333

Residual: 0.4104915151935549


epsilon: 0.39583333333333337

m: 4.75

Residual: 0.43558802938535696


epsilon: 0.39583333333333337

m: 4.791666666666667

Residual: 0.47442781918995963


epsilon: 0.39583333333333337

m: 4.833333333333333

Residual: 0.488705465321053


epsilon: 0.39583333333333337

m: 4.875

Residual: 0.510464335402905


epsilon: 0.39583333333333337

m: 4.916666666666667

Residual: 0.527200864040186


epsilon: 0.39583333333333337

m: 4.958333333333333

Residual: 0.5390622662408366


epsilon: 0.39583333333333337

m: 5.0

Residual: 0.5574328224633144


epsilon: 0.46875

m: 4.0

Residual: 0.2349582362214599


epsilon: 0.46875

m: 4.041666666666667

Residual: 0.20495728694401602


epsilon: 0.46875

m: 4.083333333333333

Residual: 0.19368835065331227


epsilon: 0.46875

m: 4.125

Residual: 0.17424416236601026


epsilon: 0.46875

m: 4.166666666666667

Residual: 0.15890537730792814


epsilon: 0.46875

m: 4.208333333333333

Residual: 0.1517672885726596


epsilon: 0.46875

m: 4.25

Residual: 0.14828177338099052


epsilon: 0.46875

m: 4.291666666666667

Residual: 0.14644563155399473


epsilon: 0.46875

m: 4.333333333333333

Residual: 0.1549883600164098


epsilon: 0.46875

m: 4.375

Residual: 0.15965604078644952


epsilon: 0.46875

m: 4.416666666666667

Residual: 0.17742948944665968


epsilon: 0.46875

m: 4.458333333333333

Residual: 0.19630567193704998


epsilon: 0.46875

m: 4.5

Residual: 0.2151155878449028


epsilon: 0.46875

m: 4.541666666666667

Residual: 0.23433896510946856


epsilon: 0.46875

m: 4.583333333333333

Residual: 0.25656823836982495


epsilon: 0.46875

m: 4.625

Residual: 0.2841249567202807


epsilon: 0.46875

m: 4.666666666666667

Residual: 0.30873974211682315


epsilon: 0.46875

m: 4.708333333333333

Residual: 0.34531902389862823


epsilon: 0.46875

m: 4.75

Residual: 0.3693748532081572


epsilon: 0.46875

m: 4.791666666666667

Residual: 0.3897894055416868


epsilon: 0.46875

m: 4.833333333333333

Residual: 0.4214959247048395


epsilon: 0.46875

m: 4.875

Residual: 0.43010756361535407


epsilon: 0.46875

m: 4.916666666666667

Residual: 0.4569206068369915


epsilon: 0.46875

m: 4.958333333333333

Residual: 0.4697711103289022


epsilon: 0.46875

m: 5.0

Residual: 0.49895121834256884


epsilon: 0.5416666666666667

m: 4.0

Residual: 0.2745509751097958


epsilon: 0.5416666666666667

m: 4.041666666666667

Residual: 0.2466756166365662


epsilon: 0.5416666666666667

m: 4.083333333333333

Residual: 0.22820502997393505


epsilon: 0.5416666666666667

m: 4.125

Residual: 0.19861527306242038


epsilon: 0.5416666666666667

m: 4.166666666666667

Residual: 0.18615545013805723


epsilon: 0.5416666666666667

m: 4.208333333333333

Residual: 0.15598250686450338


epsilon: 0.5416666666666667

m: 4.25

Residual: 0.15365551536467736


epsilon: 0.5416666666666667

m: 4.291666666666667

Residual: 0.13746206788208704


epsilon: 0.5416666666666667

m: 4.333333333333333

Residual: 0.12759660510887927


epsilon: 0.5416666666666667

m: 4.375

Residual: 0.12814497293834318


epsilon: 0.5416666666666667

m: 4.416666666666667

Residual: 0.13692040927266516


epsilon: 0.5416666666666667

m: 4.458333333333333

Residual: 0.138316754581692


epsilon: 0.5416666666666667

m: 4.5

Residual: 0.1621404763635095


epsilon: 0.5416666666666667

m: 4.541666666666667

Residual: 0.172331385512978


epsilon: 0.5416666666666667

m: 4.583333333333333

Residual: 0.20061791074384142


epsilon: 0.5416666666666667

m: 4.625

Residual: 0.22381424646364928


epsilon: 0.5416666666666667

m: 4.666666666666667

Residual: 0.25200997409988435


epsilon: 0.5416666666666667

m: 4.708333333333333

Residual: 0.26791348966676376


epsilon: 0.5416666666666667

m: 4.75

Residual: 0.3031817454890851


epsilon: 0.5416666666666667

m: 4.791666666666667

Residual: 0.32132655579674424


epsilon: 0.5416666666666667

m: 4.833333333333333

Residual: 0.3482825395200496


epsilon: 0.5416666666666667

m: 4.875

Residual: 0.37601209106377226


epsilon: 0.5416666666666667

m: 4.916666666666667

Residual: 0.39005673258879126


epsilon: 0.5416666666666667

m: 4.958333333333333

Residual: 0.42611044462255343


epsilon: 0.5416666666666667

m: 5.0

Residual: 0.4374371580457721


epsilon: 0.6145833333333334

m: 4.0

Residual: 0.32241023254396217


epsilon: 0.6145833333333334

m: 4.041666666666667

Residual: 0.29614379840053245


epsilon: 0.6145833333333334

m: 4.083333333333333

Residual: 0.266206987284401


epsilon: 0.6145833333333334

m: 4.125

Residual: 0.23584200456279497


epsilon: 0.6145833333333334

m: 4.166666666666667

Residual: 0.21990374038342744


epsilon: 0.6145833333333334

m: 4.208333333333333

Residual: 0.19574506960698007


epsilon: 0.6145833333333334

m: 4.25

Residual: 0.15762744136187395


epsilon: 0.6145833333333334

m: 4.291666666666667

Residual: 0.1480474480715378


epsilon: 0.6145833333333334

m: 4.333333333333333

Residual: 0.1342366043851643


epsilon: 0.6145833333333334

m: 4.375

Residual: 0.12452734804664384


epsilon: 0.6145833333333334

m: 4.416666666666667

Residual: 0.11160526584395836


epsilon: 0.6145833333333334

m: 4.458333333333333

Residual: 0.11097052569825831


epsilon: 0.6145833333333334

m: 4.5

Residual: 0.12529052897898862


epsilon: 0.6145833333333334

m: 4.541666666666667

Residual: 0.13690990518023782


epsilon: 0.6145833333333334

m: 4.583333333333333

Residual: 0.15789241030705403


epsilon: 0.6145833333333334

m: 4.625

Residual: 0.1652355524269768


epsilon: 0.6145833333333334

m: 4.666666666666667

Residual: 0.19850244623328392


epsilon: 0.6145833333333334

m: 4.708333333333333

Residual: 0.20938231569441879


epsilon: 0.6145833333333334

m: 4.75

Residual: 0.24495746017524922


epsilon: 0.6145833333333334

m: 4.791666666666667

Residual: 0.2697089974908587


epsilon: 0.6145833333333334

m: 4.833333333333333

Residual: 0.30052041579961813


epsilon: 0.6145833333333334

m: 4.875

Residual: 0.3107826189145492


epsilon: 0.6145833333333334

m: 4.916666666666667

Residual: 0.3488611669567999


epsilon: 0.6145833333333334

m: 4.958333333333333

Residual: 0.37834253052752215


epsilon: 0.6145833333333334

m: 5.0

Residual: 0.40207790892849476


epsilon: 0.6875

m: 4.0

Residual: 0.3677232758620523


epsilon: 0.6875

m: 4.041666666666667

Residual: 0.34120018594966756


epsilon: 0.6875

m: 4.083333333333333

Residual: 0.30844941511128476


epsilon: 0.6875

m: 4.125

Residual: 0.2810765743013076


epsilon: 0.6875

m: 4.166666666666667

Residual: 0.2511369150936606


epsilon: 0.6875

m: 4.208333333333333

Residual: 0.22137626945988736


epsilon: 0.6875

m: 4.25

Residual: 0.20009249814874713


epsilon: 0.6875

m: 4.291666666666667

Residual: 0.1695801062299063


epsilon: 0.6875

m: 4.333333333333333

Residual: 0.14791296856138436


epsilon: 0.6875

m: 4.375

Residual: 0.12854401579726044


epsilon: 0.6875

m: 4.416666666666667

Residual: 0.12265572309265294


epsilon: 0.6875

m: 4.458333333333333

Residual: 0.10928590919317832


epsilon: 0.6875

m: 4.5

Residual: 0.09456700093554758


epsilon: 0.6875

m: 4.541666666666667

Residual: 0.09482517210600198


epsilon: 0.6875

m: 4.583333333333333

Residual: 0.11111970794380173


epsilon: 0.6875

m: 4.625

Residual: 0.12211829611811571


epsilon: 0.6875

m: 4.666666666666667

Residual: 0.1378808561618134


epsilon: 0.6875

m: 4.708333333333333

Residual: 0.16075427996089703


epsilon: 0.6875

m: 4.75

Residual: 0.1975248945565216


epsilon: 0.6875

m: 4.791666666666667

Residual: 0.21803100182623422


epsilon: 0.6875

m: 4.833333333333333

Residual: 0.24312209189127157


epsilon: 0.6875

m: 4.875

Residual: 0.26854012070895716


epsilon: 0.6875

m: 4.916666666666667

Residual: 0.3139541159031995


epsilon: 0.6875

m: 4.958333333333333

Residual: 0.3497822490123265


epsilon: 0.6875

m: 5.0

Residual: 0.3452483390054742


epsilon: 0.7604166666666667

m: 4.0

Residual: 0.4114984962719624


epsilon: 0.7604166666666667

m: 4.041666666666667

Residual: 0.3795368329675847


epsilon: 0.7604166666666667

m: 4.083333333333333

Residual: 0.35042855956330976


epsilon: 0.7604166666666667

m: 4.125

Residual: 0.3193038383792907


epsilon: 0.7604166666666667

m: 4.166666666666667

Residual: 0.28893143077048655


epsilon: 0.7604166666666667

m: 4.208333333333333

Residual: 0.26030625208805713


epsilon: 0.7604166666666667

m: 4.25

Residual: 0.23178250006504253


epsilon: 0.7604166666666667

m: 4.291666666666667

Residual: 0.20610866470367858


epsilon: 0.7604166666666667

m: 4.333333333333333

Residual: 0.1729562442333677


epsilon: 0.7604166666666667

m: 4.375

Residual: 0.15530384266052188


epsilon: 0.7604166666666667

m: 4.416666666666667

Residual: 0.12743940934614756


epsilon: 0.7604166666666667

m: 4.458333333333333

Residual: 0.1116632538613679


epsilon: 0.7604166666666667

m: 4.5

Residual: 0.1052205602280692


epsilon: 0.7604166666666667

m: 4.541666666666667

Residual: 0.0838710636064286


epsilon: 0.7604166666666667

m: 4.583333333333333

Residual: 0.08851512368604843


epsilon: 0.7604166666666667

m: 4.625

Residual: 0.09380240220381568


epsilon: 0.7604166666666667

m: 4.666666666666667

Residual: 0.10365375859469408


epsilon: 0.7604166666666667

m: 4.708333333333333

Residual: 0.11961817768380914


epsilon: 0.7604166666666667

m: 4.75

Residual: 0.14060275766786579


epsilon: 0.7604166666666667

m: 4.791666666666667

Residual: 0.1739230022548603


epsilon: 0.7604166666666667

m: 4.833333333333333

Residual: 0.1992348051799132


epsilon: 0.7604166666666667

m: 4.875

Residual: 0.22359258034197274


epsilon: 0.7604166666666667

m: 4.916666666666667

Residual: 0.2411015873715677


epsilon: 0.7604166666666667

m: 4.958333333333333

Residual: 0.2795890117814573


epsilon: 0.7604166666666667

m: 5.0

Residual: 0.30898975146864005


epsilon: 0.8333333333333334

m: 4.0

Residual: 0.4470067715608871


epsilon: 0.8333333333333334

m: 4.041666666666667

Residual: 0.42025299805292937


epsilon: 0.8333333333333334

m: 4.083333333333333

Residual: 0.3899228770337592


epsilon: 0.8333333333333334

m: 4.125

Residual: 0.35631420866006774


epsilon: 0.8333333333333334

m: 4.166666666666667

Residual: 0.3330793502375485


epsilon: 0.8333333333333334

m: 4.208333333333333

Residual: 0.30971853956616385


epsilon: 0.8333333333333334

m: 4.25

Residual: 0.26829168870838843


epsilon: 0.8333333333333334

m: 4.291666666666667

Residual: 0.2472952791173377


epsilon: 0.8333333333333334

m: 4.333333333333333

Residual: 0.21713719320612238


epsilon: 0.8333333333333334

m: 4.375

Residual: 0.18540252992622783


epsilon: 0.8333333333333334

m: 4.416666666666667

Residual: 0.16476468527640886


epsilon: 0.8333333333333334

m: 4.458333333333333

Residual: 0.1287299745323761


epsilon: 0.8333333333333334

m: 4.5

Residual: 0.11299333014073484


epsilon: 0.8333333333333334

m: 4.541666666666667

Residual: 0.08915050623061693


epsilon: 0.8333333333333334

m: 4.583333333333333

Residual: 0.07743580554176009


epsilon: 0.8333333333333334

m: 4.625

Residual: 0.06487790974852761


epsilon: 0.8333333333333334

m: 4.666666666666667

Residual: 0.07218673663593524


epsilon: 0.8333333333333334

m: 4.708333333333333

Residual: 0.08522557640588589


epsilon: 0.8333333333333334

m: 4.75

Residual: 0.10540690921365328


epsilon: 0.8333333333333334

m: 4.791666666666667

Residual: 0.11840522907803656


epsilon: 0.8333333333333334

m: 4.833333333333333

Residual: 0.16070013606115427


epsilon: 0.8333333333333334

m: 4.875

Residual: 0.17065296288713536


epsilon: 0.8333333333333334

m: 4.916666666666667

Residual: 0.21018011548063115


epsilon: 0.8333333333333334

m: 4.958333333333333

Residual: 0.2257733126028584


epsilon: 0.8333333333333334

m: 5.0

Residual: 0.2532942428276956


epsilon: 0.90625

m: 4.0

Residual: 0.48431024046263393


epsilon: 0.90625

m: 4.041666666666667

Residual: 0.45497332164933485


epsilon: 0.90625

m: 4.083333333333333

Residual: 0.4268818699158808


epsilon: 0.90625

m: 4.125

Residual: 0.39522185808434745


epsilon: 0.90625

m: 4.166666666666667

Residual: 0.3640711255826489


epsilon: 0.90625

m: 4.208333333333333

Residual: 0.33911272449179


epsilon: 0.90625

m: 4.25

Residual: 0.3071710182555633


epsilon: 0.90625

m: 4.291666666666667

Residual: 0.27762442791197944


epsilon: 0.90625

m: 4.333333333333333

Residual: 0.25795495022525067


epsilon: 0.90625

m: 4.375

Residual: 0.21785102962760247


epsilon: 0.90625

m: 4.416666666666667

Residual: 0.20145692627540476


epsilon: 0.90625

m: 4.458333333333333

Residual: 0.18170930380837566


epsilon: 0.90625

m: 4.5

Residual: 0.13167676038508497


epsilon: 0.90625

m: 4.541666666666667

Residual: 0.10734323577087782


epsilon: 0.90625

m: 4.583333333333333

Residual: 0.08793193727500818


epsilon: 0.90625

m: 4.625

Residual: 0.07283563618171698


epsilon: 0.90625

m: 4.666666666666667

Residual: 0.055586060114116556


epsilon: 0.90625

m: 4.708333333333333

Residual: 0.07435929342585036


epsilon: 0.90625

m: 4.75

Residual: 0.0627148823220643


epsilon: 0.90625

m: 4.791666666666667

Residual: 0.09447313357275576


epsilon: 0.90625

m: 4.833333333333333

Residual: 0.10344826415639671


epsilon: 0.90625

m: 4.875

Residual: 0.1407239926748633


epsilon: 0.90625

m: 4.916666666666667

Residual: 0.1672680780302629


epsilon: 0.90625

m: 4.958333333333333

Residual: 0.18274145429440716


epsilon: 0.90625

m: 5.0

Residual: 0.2037311890041211


epsilon: 0.9791666666666667

m: 4.0

Residual: 0.5121419109906968


epsilon: 0.9791666666666667

m: 4.041666666666667

Residual: 0.48540326346676516


epsilon: 0.9791666666666667

m: 4.083333333333333

Residual: 0.4542055485548034


epsilon: 0.9791666666666667

m: 4.125

Residual: 0.42725416200018324


epsilon: 0.9791666666666667

m: 4.166666666666667

Residual: 0.3966843874993493


epsilon: 0.9791666666666667

m: 4.208333333333333

Residual: 0.3674613483333184


epsilon: 0.9791666666666667

m: 4.25

Residual: 0.34104836393921795


epsilon: 0.9791666666666667

m: 4.291666666666667

Residual: 0.31308647906146186


epsilon: 0.9791666666666667

m: 4.333333333333333

Residual: 0.2824747945537435


epsilon: 0.9791666666666667

m: 4.375

Residual: 0.25270911497985976


epsilon: 0.9791666666666667

m: 4.416666666666667

Residual: 0.22433925631291343


epsilon: 0.9791666666666667

m: 4.458333333333333

Residual: 0.19391448435666972


epsilon: 0.9791666666666667

m: 4.5

Residual: 0.16988439341291908


epsilon: 0.9791666666666667

m: 4.541666666666667

Residual: 0.14087739177087366


epsilon: 0.9791666666666667

m: 4.583333333333333

Residual: 0.11299516059477266


epsilon: 0.9791666666666667

m: 4.625

Residual: 0.08226191110168733


epsilon: 0.9791666666666667

m: 4.666666666666667

Residual: 0.06655093319584385


epsilon: 0.9791666666666667

m: 4.708333333333333

Residual: 0.06017515445606913


epsilon: 0.9791666666666667

m: 4.75

Residual: 0.04355487772645229


epsilon: 0.9791666666666667

m: 4.791666666666667

Residual: 0.06243297097281449


epsilon: 0.9791666666666667

m: 4.833333333333333

Residual: 0.07386293372323928


epsilon: 0.9791666666666667

m: 4.875

Residual: 0.09255538595610525


epsilon: 0.9791666666666667

m: 4.916666666666667

Residual: 0.12162070945743204


epsilon: 0.9791666666666667

m: 4.958333333333333

Residual: 0.15008629967798734


epsilon: 0.9791666666666667

m: 5.0

Residual: 0.17249982462234206


epsilon: 1.0520833333333335

m: 4.0

Residual: 0.5391752758856038


epsilon: 1.0520833333333335

m: 4.041666666666667

Residual: 0.5093766659819713


epsilon: 1.0520833333333335

m: 4.083333333333333

Residual: 0.48192244499810055


epsilon: 1.0520833333333335

m: 4.125

Residual: 0.45146626979092636


epsilon: 1.0520833333333335

m: 4.166666666666667

Residual: 0.4261390659677758


epsilon: 1.0520833333333335

m: 4.208333333333333

Residual: 0.40067106168508526


epsilon: 1.0520833333333335

m: 4.25

Residual: 0.37390458162776496


epsilon: 1.0520833333333335

m: 4.291666666666667

Residual: 0.344369458401604


epsilon: 1.0520833333333335

m: 4.333333333333333

Residual: 0.31407236578441633


epsilon: 1.0520833333333335

m: 4.375

Residual: 0.28183007356041306


epsilon: 1.0520833333333335

m: 4.416666666666667

Residual: 0.25803388678367967


epsilon: 1.0520833333333335

m: 4.458333333333333

Residual: 0.22709008841514364


epsilon: 1.0520833333333335

m: 4.5

Residual: 0.2040787320940765


epsilon: 1.0520833333333335

m: 4.541666666666667

Residual: 0.1690224890942548


epsilon: 1.0520833333333335

m: 4.583333333333333

Residual: 0.14576941956589595


epsilon: 1.0520833333333335

m: 4.625

Residual: 0.12123513177707033


epsilon: 1.0520833333333335

m: 4.666666666666667

Residual: 0.10049222051871366


epsilon: 1.0520833333333335

m: 4.708333333333333

Residual: 0.06436467666256723


epsilon: 1.0520833333333335

m: 4.75

Residual: 0.04724915968454797


epsilon: 1.0520833333333335

m: 4.791666666666667

Residual: 0.036997141520809955


epsilon: 1.0520833333333335

m: 4.833333333333333

Residual: 0.0630633122879604


epsilon: 1.0520833333333335

m: 4.875

Residual: 0.064791479461658


epsilon: 1.0520833333333335

m: 4.916666666666667

Residual: 0.08973843863163464


epsilon: 1.0520833333333335

m: 4.958333333333333

Residual: 0.12437923353739867


epsilon: 1.0520833333333335

m: 5.0

Residual: 0.12980326331003472


epsilon: 1.125

m: 4.0

Residual: 0.5612901639409148


epsilon: 1.125

m: 4.041666666666667

Residual: 0.5369660595899541


epsilon: 1.125

m: 4.083333333333333

Residual: 0.507648410247858


epsilon: 1.125

m: 4.125

Residual: 0.48125812730393247


epsilon: 1.125

m: 4.166666666666667

Residual: 0.45591110520882105


epsilon: 1.125

m: 4.208333333333333

Residual: 0.42710337537395715


epsilon: 1.125

m: 4.25

Residual: 0.3987240883796776


epsilon: 1.125

m: 4.291666666666667

Residual: 0.37183602076403865


epsilon: 1.125

m: 4.333333333333333

Residual: 0.3427049947010221


epsilon: 1.125

m: 4.375

Residual: 0.3184285020856513


epsilon: 1.125

m: 4.416666666666667

Residual: 0.2884573943366916


epsilon: 1.125

m: 4.458333333333333

Residual: 0.25843149665793946


epsilon: 1.125

m: 4.5

Residual: 0.23628029817001897


epsilon: 1.125

m: 4.541666666666667

Residual: 0.20150375857701947


epsilon: 1.125

m: 4.583333333333333

Residual: 0.1836167069825439


epsilon: 1.125

m: 4.625

Residual: 0.151974953514091


epsilon: 1.125

m: 4.666666666666667

Residual: 0.11697651474556685


epsilon: 1.125

m: 4.708333333333333

Residual: 0.10241731410478479


epsilon: 1.125

m: 4.75

Residual: 0.07191089522238717


epsilon: 1.125

m: 4.791666666666667

Residual: 0.04735021192722123


epsilon: 1.125

m: 4.833333333333333

Residual: 0.028653363970364183


epsilon: 1.125

m: 4.875

Residual: 0.03476919024354026


epsilon: 1.125

m: 4.916666666666667

Residual: 0.07937760517038839


epsilon: 1.125

m: 4.958333333333333

Residual: 0.08747478628196083


epsilon: 1.125

m: 5.0

Residual: 0.11212225751466581


epsilon: 1.1979166666666667

m: 4.0

Residual: 0.5829618468923305


epsilon: 1.1979166666666667

m: 4.041666666666667

Residual: 0.5554859368785251


epsilon: 1.1979166666666667

m: 4.083333333333333

Residual: 0.5273267701906511


epsilon: 1.1979166666666667

m: 4.125

Residual: 0.5080575769711646


epsilon: 1.1979166666666667

m: 4.166666666666667

Residual: 0.48148182082694774


epsilon: 1.1979166666666667

m: 4.208333333333333

Residual: 0.45530001388353675


epsilon: 1.1979166666666667

m: 4.25

Residual: 0.4287098554027719


epsilon: 1.1979166666666667

m: 4.291666666666667

Residual: 0.3999700429175145


epsilon: 1.1979166666666667

m: 4.333333333333333

Residual: 0.36627624301601974


epsilon: 1.1979166666666667

m: 4.375

Residual: 0.3415179908643843


epsilon: 1.1979166666666667

m: 4.416666666666667

Residual: 0.3148821514045752


epsilon: 1.1979166666666667

m: 4.458333333333333

Residual: 0.28206051125262505


epsilon: 1.1979166666666667

m: 4.5

Residual: 0.2539963712144257


epsilon: 1.1979166666666667

m: 4.541666666666667

Residual: 0.22917349253447097


epsilon: 1.1979166666666667

m: 4.583333333333333

Residual: 0.20289763455778106


epsilon: 1.1979166666666667

m: 4.625

Residual: 0.17213941146131845


epsilon: 1.1979166666666667

m: 4.666666666666667

Residual: 0.1530208389314628


epsilon: 1.1979166666666667

m: 4.708333333333333

Residual: 0.12016927750952257


epsilon: 1.1979166666666667

m: 4.75

Residual: 0.10298492859776136


epsilon: 1.1979166666666667

m: 4.791666666666667

Residual: 0.06636967269209833


epsilon: 1.1979166666666667

m: 4.833333333333333

Residual: 0.04240499457424523


epsilon: 1.1979166666666667

m: 4.875

Residual: 0.02642144394702656


epsilon: 1.1979166666666667

m: 4.916666666666667

Residual: 0.017089159530163354


epsilon: 1.1979166666666667

m: 4.958333333333333

Residual: 0.05287121262743891


epsilon: 1.1979166666666667

m: 5.0

Residual: 0.07080226975563021


epsilon: 1.2708333333333335

m: 4.0

Residual: 0.6013746555018891


epsilon: 1.2708333333333335

m: 4.041666666666667

Residual: 0.5765412504631959


epsilon: 1.2708333333333335

m: 4.083333333333333

Residual: 0.5495910442715706


epsilon: 1.2708333333333335

m: 4.125

Residual: 0.5287613197175218


epsilon: 1.2708333333333335

m: 4.166666666666667

Residual: 0.505053524694833


epsilon: 1.2708333333333335

m: 4.208333333333333

Residual: 0.4762404260270829


epsilon: 1.2708333333333335

m: 4.25

Residual: 0.45250826421668416


epsilon: 1.2708333333333335

m: 4.291666666666667

Residual: 0.42422555912981563


epsilon: 1.2708333333333335

m: 4.333333333333333

Residual: 0.39289025425178586


epsilon: 1.2708333333333335

m: 4.375

Residual: 0.3660903843354953


epsilon: 1.2708333333333335

m: 4.416666666666667

Residual: 0.34019939658539905


epsilon: 1.2708333333333335

m: 4.458333333333333

Residual: 0.30906562309740027


epsilon: 1.2708333333333335

m: 4.5

Residual: 0.2855799199628643


epsilon: 1.2708333333333335

m: 4.541666666666667

Residual: 0.2513835229923043


epsilon: 1.2708333333333335

m: 4.583333333333333

Residual: 0.236650258740251


epsilon: 1.2708333333333335

m: 4.625

Residual: 0.20189713285403835


epsilon: 1.2708333333333335

m: 4.666666666666667

Residual: 0.17435300967135478


epsilon: 1.2708333333333335

m: 4.708333333333333

Residual: 0.14770193125531716


epsilon: 1.2708333333333335

m: 4.75

Residual: 0.12530849989099957


epsilon: 1.2708333333333335

m: 4.791666666666667

Residual: 0.09225011872123869


epsilon: 1.2708333333333335

m: 4.833333333333333

Residual: 0.09375036426111359


epsilon: 1.2708333333333335

m: 4.875

Residual: 0.061070979222735654


epsilon: 1.2708333333333335

m: 4.916666666666667

Residual: 0.01690305527354038


epsilon: 1.2708333333333335

m: 4.958333333333333

Residual: 0.029326856438804432


epsilon: 1.2708333333333335

m: 5.0

Residual: 0.05486864483656034


epsilon: 1.34375

m: 4.0

Residual: 0.6166110173492833


epsilon: 1.34375

m: 4.041666666666667

Residual: 0.5933490328440808


epsilon: 1.34375

m: 4.083333333333333

Residual: 0.5733892060746981


epsilon: 1.34375

m: 4.125

Residual: 0.5465902585253153


epsilon: 1.34375

m: 4.166666666666667

Residual: 0.5221094400038421


epsilon: 1.34375

m: 4.208333333333333

Residual: 0.4989271566108808


epsilon: 1.34375

m: 4.25

Residual: 0.46940165810509843


epsilon: 1.34375

m: 4.291666666666667

Residual: 0.4414677016806292


epsilon: 1.34375

m: 4.333333333333333

Residual: 0.4172307517940178


epsilon: 1.34375

m: 4.375

Residual: 0.3915705507553741


epsilon: 1.34375

m: 4.416666666666667

Residual: 0.3625252444357152


epsilon: 1.34375

m: 4.458333333333333

Residual: 0.3386924313711401


epsilon: 1.34375

m: 4.5

Residual: 0.3057387749344135


epsilon: 1.34375

m: 4.541666666666667

Residual: 0.27615292760988547


epsilon: 1.34375

m: 4.583333333333333

Residual: 0.2502985843969689


epsilon: 1.34375

m: 4.625

Residual: 0.22748784284969115


epsilon: 1.34375

m: 4.666666666666667

Residual: 0.19636166333037364


epsilon: 1.34375

m: 4.708333333333333

Residual: 0.1725894540270593


epsilon: 1.34375

m: 4.75

Residual: 0.14801751272154084


epsilon: 1.34375

m: 4.791666666666667

Residual: 0.13054353774067298


epsilon: 1.34375

m: 4.833333333333333

Residual: 0.09283131345216972


epsilon: 1.34375

m: 4.875

Residual: 0.06760453028751741


epsilon: 1.34375

m: 4.916666666666667

Residual: 0.048881375070516764


epsilon: 1.34375

m: 4.958333333333333

Residual: 0.017797269070993632


epsilon: 1.34375

m: 5.0

Residual: 0.02060278815104595


epsilon: 1.4166666666666667

m: 4.0

Residual: 0.6336416738520505


epsilon: 1.4166666666666667

m: 4.041666666666667

Residual: 0.6132471662503659


epsilon: 1.4166666666666667

m: 4.083333333333333

Residual: 0.5914054587237728


epsilon: 1.4166666666666667

m: 4.125

Residual: 0.5658547291612323


epsilon: 1.4166666666666667

m: 4.166666666666667

Residual: 0.5415381291539517


epsilon: 1.4166666666666667

m: 4.208333333333333

Residual: 0.5205538218564841


epsilon: 1.4166666666666667

m: 4.25

Residual: 0.4947420852942876


epsilon: 1.4166666666666667

m: 4.291666666666667

Residual: 0.46094721338815686


epsilon: 1.4166666666666667

m: 4.333333333333333

Residual: 0.4412292852845103


epsilon: 1.4166666666666667

m: 4.375

Residual: 0.4167846002474081


epsilon: 1.4166666666666667

m: 4.416666666666667

Residual: 0.3908012789615757


epsilon: 1.4166666666666667

m: 4.458333333333333

Residual: 0.359492869973737


epsilon: 1.4166666666666667

m: 4.5

Residual: 0.3364461873680216


epsilon: 1.4166666666666667

m: 4.541666666666667

Residual: 0.30785321734137244


epsilon: 1.4166666666666667

m: 4.583333333333333

Residual: 0.2819577665705778


epsilon: 1.4166666666666667

m: 4.625

Residual: 0.2523794901550931


epsilon: 1.4166666666666667

m: 4.666666666666667

Residual: 0.21986362840038778


epsilon: 1.4166666666666667

m: 4.708333333333333

Residual: 0.19914149853219879


epsilon: 1.4166666666666667

m: 4.75

Residual: 0.1771867319572239


epsilon: 1.4166666666666667

m: 4.791666666666667

Residual: 0.14329809533974552


epsilon: 1.4166666666666667

m: 4.833333333333333

Residual: 0.1277695594832632


epsilon: 1.4166666666666667

m: 4.875

Residual: 0.10241219409419389


epsilon: 1.4166666666666667

m: 4.916666666666667

Residual: 0.06560118503353374


epsilon: 1.4166666666666667

m: 4.958333333333333

Residual: 0.0482768194456173


epsilon: 1.4166666666666667

m: 5.0

Residual: 0.03383680305298152


epsilon: 1.4895833333333335

m: 4.0

Residual: 0.6506784909150305


epsilon: 1.4895833333333335

m: 4.041666666666667

Residual: 0.6252676275622857


epsilon: 1.4895833333333335

m: 4.083333333333333

Residual: 0.606747935853354


epsilon: 1.4895833333333335

m: 4.125

Residual: 0.5834750429829897


epsilon: 1.4895833333333335

m: 4.166666666666667

Residual: 0.5592348460595952


epsilon: 1.4895833333333335

m: 4.208333333333333

Residual: 0.5350180596793239


epsilon: 1.4895833333333335

m: 4.25

Residual: 0.5088213885711905


epsilon: 1.4895833333333335

m: 4.291666666666667

Residual: 0.4847988882981634


epsilon: 1.4895833333333335

m: 4.333333333333333

Residual: 0.4634211708862334


epsilon: 1.4895833333333335

m: 4.375

Residual: 0.437936005638225


epsilon: 1.4895833333333335

m: 4.416666666666667

Residual: 0.40970931358056534


epsilon: 1.4895833333333335

m: 4.458333333333333

Residual: 0.37903839989400057


epsilon: 1.4895833333333335

m: 4.5

Residual: 0.35785950021863827


epsilon: 1.4895833333333335

m: 4.541666666666667

Residual: 0.32419566725997423


epsilon: 1.4895833333333335

m: 4.583333333333333

Residual: 0.2978879642882791


epsilon: 1.4895833333333335

m: 4.625

Residual: 0.26826216408772846


epsilon: 1.4895833333333335

m: 4.666666666666667

Residual: 0.24810106507737573


epsilon: 1.4895833333333335

m: 4.708333333333333

Residual: 0.21972794079706964


epsilon: 1.4895833333333335

m: 4.75

Residual: 0.19315886910692515


epsilon: 1.4895833333333335

m: 4.791666666666667

Residual: 0.17333080381090654


epsilon: 1.4895833333333335

m: 4.833333333333333

Residual: 0.14134806670584554


epsilon: 1.4895833333333335

m: 4.875

Residual: 0.13121175647064717


epsilon: 1.4895833333333335

m: 4.916666666666667

Residual: 0.09182866467241017


epsilon: 1.4895833333333335

m: 4.958333333333333

Residual: 0.06947323564470223


epsilon: 1.4895833333333335

m: 5.0

Residual: 0.04947047732214335


epsilon: 1.5625

m: 4.0

Residual: 0.6640201070251393


epsilon: 1.5625

m: 4.041666666666667

Residual: 0.6430297638631287


epsilon: 1.5625

m: 4.083333333333333

Residual: 0.6213515560453037


epsilon: 1.5625

m: 4.125

Residual: 0.598539349381034


epsilon: 1.5625

m: 4.166666666666667

Residual: 0.5777792200705929


epsilon: 1.5625

m: 4.208333333333333

Residual: 0.5541743863898346


epsilon: 1.5625

m: 4.25

Residual: 0.5282047922940438


epsilon: 1.5625

m: 4.291666666666667

Residual: 0.5063086656665086


epsilon: 1.5625

m: 4.333333333333333

Residual: 0.4806136580026269


epsilon: 1.5625

m: 4.375

Residual: 0.4504681911352396


epsilon: 1.5625

m: 4.416666666666667

Residual: 0.4243059949026758


epsilon: 1.5625

m: 4.458333333333333

Residual: 0.4031695831044832


epsilon: 1.5625

m: 4.5

Residual: 0.37531925852713965


epsilon: 1.5625

m: 4.541666666666667

Residual: 0.3468725310868528


epsilon: 1.5625

m: 4.583333333333333

Residual: 0.3210723329823566


epsilon: 1.5625

m: 4.625

Residual: 0.29627482344346123


epsilon: 1.5625

m: 4.666666666666667

Residual: 0.261907954920179


epsilon: 1.5625

m: 4.708333333333333

Residual: 0.236314822247568


epsilon: 1.5625

m: 4.75

Residual: 0.21423804444070046


epsilon: 1.5625

m: 4.791666666666667

Residual: 0.1874393017288912


epsilon: 1.5625

m: 4.833333333333333

Residual: 0.16100942063648999


epsilon: 1.5625

m: 4.875

Residual: 0.13960734161260957


epsilon: 1.5625

m: 4.916666666666667

Residual: 0.12110891928299806


epsilon: 1.5625

m: 4.958333333333333

Residual: 0.10311402795893772


epsilon: 1.5625

m: 5.0

Residual: 0.08029287479552133


epsilon: 1.6354166666666667

m: 4.0

Residual: 0.6760982814945583


epsilon: 1.6354166666666667

m: 4.041666666666667

Residual: 0.6494599608031472


epsilon: 1.6354166666666667

m: 4.083333333333333

Residual: 0.6350818770099173


epsilon: 1.6354166666666667

m: 4.125

Residual: 0.6138685667758641


epsilon: 1.6354166666666667

m: 4.166666666666667

Residual: 0.5877168226579633


epsilon: 1.6354166666666667

m: 4.208333333333333

Residual: 0.5674181886329058


epsilon: 1.6354166666666667

m: 4.25

Residual: 0.5458629605839915


epsilon: 1.6354166666666667

m: 4.291666666666667

Residual: 0.5196719383022501


epsilon: 1.6354166666666667

m: 4.333333333333333

Residual: 0.49729557076858844


epsilon: 1.6354166666666667

m: 4.375

Residual: 0.47434950973450557


epsilon: 1.6354166666666667

m: 4.416666666666667

Residual: 0.4483416231817401


epsilon: 1.6354166666666667

m: 4.458333333333333

Residual: 0.4173204824117798


epsilon: 1.6354166666666667

m: 4.5

Residual: 0.39602601233475376


epsilon: 1.6354166666666667

m: 4.541666666666667

Residual: 0.367039907005817


epsilon: 1.6354166666666667

m: 4.583333333333333

Residual: 0.3450218597864003


epsilon: 1.6354166666666667

m: 4.625

Residual: 0.31821405379903417


epsilon: 1.6354166666666667

m: 4.666666666666667

Residual: 0.2865004151454078


epsilon: 1.6354166666666667

m: 4.708333333333333

Residual: 0.2653901307924614


epsilon: 1.6354166666666667

m: 4.75

Residual: 0.2468186763776769


epsilon: 1.6354166666666667

m: 4.791666666666667

Residual: 0.21753387797730817


epsilon: 1.6354166666666667

m: 4.833333333333333

Residual: 0.19049603733461035


epsilon: 1.6354166666666667

m: 4.875

Residual: 0.15994414482347977


epsilon: 1.6354166666666667

m: 4.916666666666667

Residual: 0.1318291244178157


epsilon: 1.6354166666666667

m: 4.958333333333333

Residual: 0.10474532665757864


epsilon: 1.6354166666666667

m: 5.0

Residual: 0.10716087503077937


epsilon: 1.7083333333333335

m: 4.0

Residual: 0.6874493473282624


epsilon: 1.7083333333333335

m: 4.041666666666667

Residual: 0.6667853130513852


epsilon: 1.7083333333333335

m: 4.083333333333333

Residual: 0.6469409801282766


epsilon: 1.7083333333333335

m: 4.125

Residual: 0.6250160604529288


epsilon: 1.7083333333333335

m: 4.166666666666667

Residual: 0.605427334482023


epsilon: 1.7083333333333335

m: 4.208333333333333

Residual: 0.5840048696686674


epsilon: 1.7083333333333335

m: 4.25

Residual: 0.5573214737983971


epsilon: 1.7083333333333335

m: 4.291666666666667

Residual: 0.5382557794727837


epsilon: 1.7083333333333335

m: 4.333333333333333

Residual: 0.5112609431971589


epsilon: 1.7083333333333335

m: 4.375

Residual: 0.490956800899573


epsilon: 1.7083333333333335

m: 4.416666666666667

Residual: 0.46361012833768733


epsilon: 1.7083333333333335

m: 4.458333333333333

Residual: 0.43545891087757765


epsilon: 1.7083333333333335

m: 4.5

Residual: 0.4127147124777404


epsilon: 1.7083333333333335

m: 4.541666666666667

Residual: 0.38792949502429286


epsilon: 1.7083333333333335

m: 4.583333333333333

Residual: 0.3584060041923702


epsilon: 1.7083333333333335

m: 4.625

Residual: 0.3307761731960861


epsilon: 1.7083333333333335

m: 4.666666666666667

Residual: 0.3128720371244659


epsilon: 1.7083333333333335

m: 4.708333333333333

Residual: 0.2886590785077694


epsilon: 1.7083333333333335

m: 4.75

Residual: 0.2635439324981093


epsilon: 1.7083333333333335

m: 4.791666666666667

Residual: 0.2329892815800481


epsilon: 1.7083333333333335

m: 4.833333333333333

Residual: 0.20523145478475682


epsilon: 1.7083333333333335

m: 4.875

Residual: 0.1787636989455919


epsilon: 1.7083333333333335

m: 4.916666666666667

Residual: 0.1566587401306244


epsilon: 1.7083333333333335

m: 4.958333333333333

Residual: 0.13183427001959913


epsilon: 1.7083333333333335

m: 5.0

Residual: 0.10957288302807273


epsilon: 1.78125

m: 4.0

Residual: 0.6975582295563884


epsilon: 1.78125

m: 4.041666666666667

Residual: 0.6781416127382084


epsilon: 1.78125

m: 4.083333333333333

Residual: 0.6588334188760578


epsilon: 1.78125

m: 4.125

Residual: 0.63424415299887


epsilon: 1.78125

m: 4.166666666666667

Residual: 0.6198523798192968


epsilon: 1.78125

m: 4.208333333333333

Residual: 0.5971732825701318


epsilon: 1.78125

m: 4.25

Residual: 0.5728427273072995


epsilon: 1.78125

m: 4.291666666666667

Residual: 0.5503769037268241


epsilon: 1.78125

m: 4.333333333333333

Residual: 0.5257745188184068


epsilon: 1.78125

m: 4.375

Residual: 0.5055741089615788


epsilon: 1.78125

m: 4.416666666666667

Residual: 0.48190402014245903


epsilon: 1.78125

m: 4.458333333333333

Residual: 0.45985926143914746


epsilon: 1.78125

m: 4.5

Residual: 0.43438752125733604


epsilon: 1.78125

m: 4.541666666666667

Residual: 0.40908242368500936


epsilon: 1.78125

m: 4.583333333333333

Residual: 0.3787376696321155


epsilon: 1.78125

m: 4.625

Residual: 0.3558627682645862


epsilon: 1.78125

m: 4.666666666666667

Residual: 0.32828382184700755


epsilon: 1.78125

m: 4.708333333333333

Residual: 0.30634843187390204


epsilon: 1.78125

m: 4.75

Residual: 0.27244436883531287


epsilon: 1.78125

m: 4.791666666666667

Residual: 0.2566218762387152


epsilon: 1.78125

m: 4.833333333333333

Residual: 0.2256511155329319


epsilon: 1.78125

m: 4.875

Residual: 0.19698157519326587


epsilon: 1.78125

m: 4.916666666666667

Residual: 0.17497700419961296


epsilon: 1.78125

m: 4.958333333333333

Residual: 0.1544715069804817


epsilon: 1.78125

m: 5.0

Residual: 0.1320270036234125


epsilon: 1.8541666666666667

m: 4.0

Residual: 0.7087234353117153


epsilon: 1.8541666666666667

m: 4.041666666666667

Residual: 0.690613784121038


epsilon: 1.8541666666666667

m: 4.083333333333333

Residual: 0.6685743786991603


epsilon: 1.8541666666666667

m: 4.125

Residual: 0.6515656324129013


epsilon: 1.8541666666666667

m: 4.166666666666667

Residual: 0.6306623168520051


epsilon: 1.8541666666666667

m: 4.208333333333333

Residual: 0.6057176375586295


epsilon: 1.8541666666666667

m: 4.25

Residual: 0.5852369472837574


epsilon: 1.8541666666666667

m: 4.291666666666667

Residual: 0.5604577632229752


epsilon: 1.8541666666666667

m: 4.333333333333333

Residual: 0.5416268056080671


epsilon: 1.8541666666666667

m: 4.375

Residual: 0.516840406817712


epsilon: 1.8541666666666667

m: 4.416666666666667

Residual: 0.49452194580868314


epsilon: 1.8541666666666667

m: 4.458333333333333

Residual: 0.4724429651720141


epsilon: 1.8541666666666667

m: 4.5

Residual: 0.4440198749835607


epsilon: 1.8541666666666667

m: 4.541666666666667

Residual: 0.4252854478417663


epsilon: 1.8541666666666667

m: 4.583333333333333

Residual: 0.40271680855702174


epsilon: 1.8541666666666667

m: 4.625

Residual: 0.3664270671047832


epsilon: 1.8541666666666667

m: 4.666666666666667

Residual: 0.33883614343624335


epsilon: 1.8541666666666667

m: 4.708333333333333

Residual: 0.3214832805172925


epsilon: 1.8541666666666667

m: 4.75

Residual: 0.29764337389392503


epsilon: 1.8541666666666667

m: 4.791666666666667

Residual: 0.2643856512246567


epsilon: 1.8541666666666667

m: 4.833333333333333

Residual: 0.24013966504406065


epsilon: 1.8541666666666667

m: 4.875

Residual: 0.21332136340376592


epsilon: 1.8541666666666667

m: 4.916666666666667

Residual: 0.19623208377771914


epsilon: 1.8541666666666667

m: 4.958333333333333

Residual: 0.17728670213342465


epsilon: 1.8541666666666667

m: 5.0

Residual: 0.1506085742165425


epsilon: 1.9270833333333335

m: 4.0

Residual: 0.7184895665901379


epsilon: 1.9270833333333335

m: 4.041666666666667

Residual: 0.6991378723092051


epsilon: 1.9270833333333335

m: 4.083333333333333

Residual: 0.6762850764394089


epsilon: 1.9270833333333335

m: 4.125

Residual: 0.6630817673875032


epsilon: 1.9270833333333335

m: 4.166666666666667

Residual: 0.6404433203935501


epsilon: 1.9270833333333335

m: 4.208333333333333

Residual: 0.621263899034107


epsilon: 1.9270833333333335

m: 4.25

Residual: 0.6017171700156531


epsilon: 1.9270833333333335

m: 4.291666666666667

Residual: 0.5783137573003363


epsilon: 1.9270833333333335

m: 4.333333333333333

Residual: 0.5508081964637729


epsilon: 1.9270833333333335

m: 4.375

Residual: 0.5326683020280802


epsilon: 1.9270833333333335

m: 4.416666666666667

Residual: 0.511647022321023


epsilon: 1.9270833333333335

m: 4.458333333333333

Residual: 0.4856310413049738


epsilon: 1.9270833333333335

m: 4.5

Residual: 0.46234278119551425


epsilon: 1.9270833333333335

m: 4.541666666666667

Residual: 0.4376476110983875


epsilon: 1.9270833333333335

m: 4.583333333333333

Residual: 0.41208509410007177


epsilon: 1.9270833333333335

m: 4.625

Residual: 0.39041985527839274


epsilon: 1.9270833333333335

m: 4.666666666666667

Residual: 0.364154909065709


epsilon: 1.9270833333333335

m: 4.708333333333333

Residual: 0.3365704232786554


epsilon: 1.9270833333333335

m: 4.75

Residual: 0.3165750499554315


epsilon: 1.9270833333333335

m: 4.791666666666667

Residual: 0.28694410403016335


epsilon: 1.9270833333333335

m: 4.833333333333333

Residual: 0.25790686412831293


epsilon: 1.9270833333333335

m: 4.875

Residual: 0.23586941827198352


epsilon: 1.9270833333333335

m: 4.916666666666667

Residual: 0.20639098021423175


epsilon: 1.9270833333333335

m: 4.958333333333333

Residual: 0.18425214961439226


epsilon: 1.9270833333333335

m: 5.0

Residual: 0.16235847696785247


epsilon: 2.0

m: 4.0

Residual: 0.7261795631970867


epsilon: 2.0

m: 4.041666666666667

Residual: 0.7100706085018469


epsilon: 2.0

m: 4.083333333333333

Residual: 0.6896893606828359


epsilon: 2.0

m: 4.125

Residual: 0.672406207002336


epsilon: 2.0

m: 4.166666666666667

Residual: 0.6506870050564356


epsilon: 2.0

m: 4.208333333333333

Residual: 0.6334253871067448


epsilon: 2.0

m: 4.25

Residual: 0.6099238792287631


epsilon: 2.0

m: 4.291666666666667

Residual: 0.5874633587226342


epsilon: 2.0

m: 4.333333333333333

Residual: 0.5674204590617764


epsilon: 2.0

m: 4.375

Residual: 0.5463352596438175


epsilon: 2.0

m: 4.416666666666667

Residual: 0.52056365765102


epsilon: 2.0

m: 4.458333333333333

Residual: 0.5027522853502724


epsilon: 2.0

m: 4.5

Residual: 0.4768789331590759


epsilon: 2.0

m: 4.541666666666667

Residual: 0.44217201899400743


epsilon: 2.0

m: 4.583333333333333

Residual: 0.43141494543153297


epsilon: 2.0

m: 4.625

Residual: 0.3976942781504024


epsilon: 2.0

m: 4.666666666666667

Residual: 0.3756982490221687


epsilon: 2.0

m: 4.708333333333333

Residual: 0.3544324882547872


epsilon: 2.0

m: 4.75

Residual: 0.3285144074185221


epsilon: 2.0

m: 4.791666666666667

Residual: 0.29741785737135035


epsilon: 2.0

m: 4.833333333333333

Residual: 0.2822639378057734


epsilon: 2.0

m: 4.875

Residual: 0.24350594819789578


epsilon: 2.0

m: 4.916666666666667

Residual: 0.22779237307882372


epsilon: 2.0

m: 4.958333333333333

Residual: 0.21014488718000376


epsilon: 2.0

m: 5.0

Residual: 0.18545089843906154


