epsilon: 0.25

m: 4.0

Residual: 0.19011245260068652


epsilon: 0.25

m: 4.0

Residual: 0.18616128318834954


epsilon: 0.25

m: 4.041666666666667

Residual: 0.18988941610362403


epsilon: 0.25

m: 4.083333333333333

Residual: 0.21308724656771522


epsilon: 0.25

m: 4.125

Residual: 0.23205002718072026


epsilon: 0.25

m: 4.166666666666667

Residual: 0.22649905748051957


epsilon: 0.25

m: 4.208333333333333

Residual: 0.25406586271470977


epsilon: 0.25

m: 4.25

Residual: 0.29592513482015215


epsilon: 0.25

m: 4.291666666666667

Residual: 0.31669276615990516


epsilon: 0.25

m: 4.333333333333333

Residual: 0.34121117184907096


epsilon: 0.25

m: 4.375

Residual: 0.3832492247463595


epsilon: 0.25

m: 4.416666666666667

Residual: 0.3881423014647402


epsilon: 0.25

m: 4.458333333333333

Residual: 0.42470528443461825


epsilon: 0.25

m: 4.5

Residual: 0.4423677647236771


epsilon: 0.25

m: 4.541666666666667

Residual: 0.5001392458719492


epsilon: 0.25

m: 4.583333333333333

Residual: 0.511526565570351


epsilon: 0.25

m: 4.625

Residual: 0.5425217691188408


epsilon: 0.25

m: 4.666666666666667

Residual: 0.5628966044633888


epsilon: 0.25

m: 4.708333333333333

Residual: 0.5448764042570148


epsilon: 0.25

m: 4.75

Residual: 0.6061434596377593


epsilon: 0.25

m: 4.791666666666667

Residual: 0.6318147486095984


epsilon: 0.25

m: 4.833333333333333

Residual: 0.6041018841903804


epsilon: 0.25

m: 4.875

Residual: 0.6487766533821052


epsilon: 0.25

m: 4.916666666666667

Residual: 0.6564745298158594


epsilon: 0.25

m: 4.958333333333333

Residual: 0.6593966018881067


epsilon: 0.25

m: 5.0

Residual: 0.7006022910079703


epsilon: 0.3229166666666667

m: 4.0

Residual: 0.17789317778177838


epsilon: 0.3229166666666667

m: 4.041666666666667

Residual: 0.1796627323446563


epsilon: 0.3229166666666667

m: 4.083333333333333

Residual: 0.1670023374969161


epsilon: 0.3229166666666667

m: 4.125

Residual: 0.16960261632737725


epsilon: 0.3229166666666667

m: 4.166666666666667

Residual: 0.1624223773412713


epsilon: 0.3229166666666667

m: 4.208333333333333

Residual: 0.17047532975060425


epsilon: 0.3229166666666667

m: 4.25

Residual: 0.17596312985069554


epsilon: 0.3229166666666667

m: 4.291666666666667

Residual: 0.20214414170965886


epsilon: 0.3229166666666667

m: 4.333333333333333

Residual: 0.23840655139146572


epsilon: 0.3229166666666667

m: 4.375

Residual: 0.2760226566320769


epsilon: 0.3229166666666667

m: 4.416666666666667

Residual: 0.26644133053295244


epsilon: 0.3229166666666667

m: 4.458333333333333

Residual: 0.3062813724907113


epsilon: 0.3229166666666667

m: 4.5

Residual: 0.3571907833868959


epsilon: 0.3229166666666667

m: 4.541666666666667

Residual: 0.3958569329836696


epsilon: 0.3229166666666667

m: 4.583333333333333

Residual: 0.3916113377279101


epsilon: 0.3229166666666667

m: 4.625

Residual: 0.423069821521604


epsilon: 0.3229166666666667

m: 4.666666666666667

Residual: 0.4710561840627787


epsilon: 0.3229166666666667

m: 4.708333333333333

Residual: 0.46943650987321767


epsilon: 0.3229166666666667

m: 4.75

Residual: 0.48693686232281175


epsilon: 0.3229166666666667

m: 4.791666666666667

Residual: 0.5165543923110593


epsilon: 0.3229166666666667

m: 4.833333333333333

Residual: 0.5333385957726119


epsilon: 0.3229166666666667

m: 4.875

Residual: 0.5770229060992484


epsilon: 0.3229166666666667

m: 4.916666666666667

Residual: 0.5920778977464157


epsilon: 0.3229166666666667

m: 4.958333333333333

Residual: 0.606609185809388


epsilon: 0.3229166666666667

m: 5.0

Residual: 0.6280205762120572


epsilon: 0.39583333333333337

m: 4.0

Residual: 0.20816510827613502


epsilon: 0.39583333333333337

m: 4.041666666666667

Residual: 0.19912775012694903


epsilon: 0.39583333333333337

m: 4.083333333333333

Residual: 0.1664518506254806


epsilon: 0.39583333333333337

m: 4.125

Residual: 0.14859915053610195


epsilon: 0.39583333333333337

m: 4.166666666666667

Residual: 0.174884325134087


epsilon: 0.39583333333333337

m: 4.208333333333333

Residual: 0.14043371384426662


epsilon: 0.39583333333333337

m: 4.25

Residual: 0.14842990347588933


epsilon: 0.39583333333333337

m: 4.291666666666667

Residual: 0.1766343040472761


epsilon: 0.39583333333333337

m: 4.333333333333333

Residual: 0.17148636350655833


epsilon: 0.39583333333333337

m: 4.375

Residual: 0.16945978132477987


epsilon: 0.39583333333333337

m: 4.416666666666667

Residual: 0.1997705059897164


epsilon: 0.39583333333333337

m: 4.458333333333333

Residual: 0.2401491915524584


epsilon: 0.39583333333333337

m: 4.5

Residual: 0.2585206046885086


epsilon: 0.39583333333333337

m: 4.541666666666667

Residual: 0.2864255553733047


epsilon: 0.39583333333333337

m: 4.583333333333333

Residual: 0.31416647315752677


epsilon: 0.39583333333333337

m: 4.625

Residual: 0.34848837512604375


epsilon: 0.39583333333333337

m: 4.666666666666667

Residual: 0.39262485780559114


epsilon: 0.39583333333333337

m: 4.708333333333333

Residual: 0.3779082386912207


epsilon: 0.39583333333333337

m: 4.75

Residual: 0.4072182636970492


epsilon: 0.39583333333333337

m: 4.791666666666667

Residual: 0.4638494769141947


epsilon: 0.39583333333333337

m: 4.833333333333333

Residual: 0.4698617326682615


epsilon: 0.39583333333333337

m: 4.875

Residual: 0.5102130404279162


epsilon: 0.39583333333333337

m: 4.916666666666667

Residual: 0.5259889875358905


epsilon: 0.39583333333333337

m: 4.958333333333333

Residual: 0.548230432293399


epsilon: 0.39583333333333337

m: 5.0

Residual: 0.5257269804878345


epsilon: 0.46875

m: 4.0

Residual: 0.2675754644110507


epsilon: 0.46875

m: 4.041666666666667

Residual: 0.2667338775061252


epsilon: 0.46875

m: 4.083333333333333

Residual: 0.21341219214597462


epsilon: 0.46875

m: 4.125

Residual: 0.18388434714570606


epsilon: 0.46875

m: 4.166666666666667

Residual: 0.16287481699689957


epsilon: 0.46875

m: 4.208333333333333

Residual: 0.1581815424760989


epsilon: 0.46875

m: 4.25

Residual: 0.14911789330465539


epsilon: 0.46875

m: 4.291666666666667

Residual: 0.1346818584685381


epsilon: 0.46875

m: 4.333333333333333

Residual: 0.14217511658626036


epsilon: 0.46875

m: 4.375

Residual: 0.14457453746928944


epsilon: 0.46875

m: 4.416666666666667

Residual: 0.161557111456319


epsilon: 0.46875

m: 4.458333333333333

Residual: 0.15999991734220714


epsilon: 0.46875

m: 4.5

Residual: 0.1836137357809986


epsilon: 0.46875

m: 4.541666666666667

Residual: 0.18663612749386627


epsilon: 0.46875

m: 4.583333333333333

Residual: 0.22439134295165908


epsilon: 0.46875

m: 4.625

Residual: 0.2641597147807299


epsilon: 0.46875

m: 4.666666666666667

Residual: 0.30975087250252653


epsilon: 0.46875

m: 4.708333333333333

Residual: 0.30972672799259615


epsilon: 0.46875

m: 4.75

Residual: 0.32392326347807854


epsilon: 0.46875

m: 4.791666666666667

Residual: 0.41343783685910296


epsilon: 0.46875

m: 4.833333333333333

Residual: 0.4121007610258754


epsilon: 0.46875

m: 4.875

Residual: 0.4377375738403774


epsilon: 0.46875

m: 4.916666666666667

Residual: 0.4156057886346175


epsilon: 0.46875

m: 4.958333333333333

Residual: 0.4897325317808394


epsilon: 0.46875

m: 5.0

Residual: 0.5114283548983992


epsilon: 0.5416666666666667

m: 4.0

Residual: 0.33663128151816796


epsilon: 0.5416666666666667

m: 4.041666666666667

Residual: 0.3431037674973101


epsilon: 0.5416666666666667

m: 4.083333333333333

Residual: 0.261671320469676


epsilon: 0.5416666666666667

m: 4.125

Residual: 0.2516555979531761


epsilon: 0.5416666666666667

m: 4.166666666666667

Residual: 0.21887743446726207


epsilon: 0.5416666666666667

m: 4.208333333333333

Residual: 0.18527784812344805


epsilon: 0.5416666666666667

m: 4.25

Residual: 0.17334847881982224


epsilon: 0.5416666666666667

m: 4.291666666666667

Residual: 0.1564307928002564


epsilon: 0.5416666666666667

m: 4.333333333333333

Residual: 0.11925994046287831


epsilon: 0.5416666666666667

m: 4.375

Residual: 0.1047186720853211


epsilon: 0.5416666666666667

m: 4.416666666666667

Residual: 0.09148787208884951


epsilon: 0.5416666666666667

m: 4.458333333333333

Residual: 0.1247732644228294


epsilon: 0.5416666666666667

m: 4.5

Residual: 0.12773616438392332


epsilon: 0.5416666666666667

m: 4.541666666666667

Residual: 0.13002781856484738


epsilon: 0.5416666666666667

m: 4.583333333333333

Residual: 0.18549063986891381


epsilon: 0.5416666666666667

m: 4.625

Residual: 0.17827445875953804


epsilon: 0.5416666666666667

m: 4.666666666666667

Residual: 0.22763282803271334


epsilon: 0.5416666666666667

m: 4.708333333333333

Residual: 0.24746585090842527


epsilon: 0.5416666666666667

m: 4.75

Residual: 0.2753894113749957


epsilon: 0.5416666666666667

m: 4.791666666666667

Residual: 0.29173536038215575


epsilon: 0.5416666666666667

m: 4.833333333333333

Residual: 0.3412822916673986


epsilon: 0.5416666666666667

m: 4.875

Residual: 0.3829075490238799


epsilon: 0.5416666666666667

m: 4.916666666666667

Residual: 0.37227066101484807


epsilon: 0.5416666666666667

m: 4.958333333333333

Residual: 0.42237672609079663


epsilon: 0.5416666666666667

m: 5.0

Residual: 0.41325824927810584


epsilon: 0.6145833333333334

m: 4.0

Residual: 0.38414819132652916


epsilon: 0.6145833333333334

m: 4.041666666666667

Residual: 0.3675746353728699


epsilon: 0.6145833333333334

m: 4.083333333333333

Residual: 0.3161570006534226


epsilon: 0.6145833333333334

m: 4.125

Residual: 0.2987277947330924


epsilon: 0.6145833333333334

m: 4.166666666666667

Residual: 0.2666354385692484


epsilon: 0.6145833333333334

m: 4.208333333333333

Residual: 0.2299388063872582


epsilon: 0.6145833333333334

m: 4.25

Residual: 0.18986551112883027


epsilon: 0.6145833333333334

m: 4.291666666666667

Residual: 0.17677348735182008


epsilon: 0.6145833333333334

m: 4.333333333333333

Residual: 0.16821613177954722


epsilon: 0.6145833333333334

m: 4.375

Residual: 0.1493547045075933


epsilon: 0.6145833333333334

m: 4.416666666666667

Residual: 0.10791847592235125


epsilon: 0.6145833333333334

m: 4.458333333333333

Residual: 0.12284428217267127


epsilon: 0.6145833333333334

m: 4.5

Residual: 0.1143599997477575


epsilon: 0.6145833333333334

m: 4.541666666666667

Residual: 0.11177563446324106


epsilon: 0.6145833333333334

m: 4.583333333333333

Residual: 0.14580619460571276


epsilon: 0.6145833333333334

m: 4.625

Residual: 0.18859847019312298


epsilon: 0.6145833333333334

m: 4.666666666666667

Residual: 0.1379479101701485


epsilon: 0.6145833333333334

m: 4.708333333333333

Residual: 0.2322603801541309


epsilon: 0.6145833333333334

m: 4.75

Residual: 0.2242821983820231


epsilon: 0.6145833333333334

m: 4.791666666666667

Residual: 0.28218976552540564


epsilon: 0.6145833333333334

m: 4.833333333333333

Residual: 0.247808999456974


epsilon: 0.6145833333333334

m: 4.875

Residual: 0.34178025268559953


epsilon: 0.6145833333333334

m: 4.916666666666667

Residual: 0.2929527913863475


epsilon: 0.6145833333333334

m: 4.958333333333333

Residual: 0.39153981025956


epsilon: 0.6145833333333334

m: 5.0

Residual: 0.41787268093834234


epsilon: 0.6875

m: 4.0

Residual: 0.4431600951046672


epsilon: 0.6875

m: 4.041666666666667

Residual: 0.3962513544330852


epsilon: 0.6875

m: 4.083333333333333

Residual: 0.40962659854609546


epsilon: 0.6875

m: 4.125

Residual: 0.36115260896956064


epsilon: 0.6875

m: 4.166666666666667

Residual: 0.29914596847302305


epsilon: 0.6875

m: 4.208333333333333

Residual: 0.29150314071986655


epsilon: 0.6875

m: 4.25

Residual: 0.2669044682943565


epsilon: 0.6875

m: 4.291666666666667

Residual: 0.22217769411086075


epsilon: 0.6875

m: 4.333333333333333

Residual: 0.19689033379937101


epsilon: 0.6875

m: 4.375

Residual: 0.17620265806504748


epsilon: 0.6875

m: 4.416666666666667

Residual: 0.14083037337791565


epsilon: 0.6875

m: 4.458333333333333

Residual: 0.0993370031852337


epsilon: 0.6875

m: 4.5

Residual: 0.10904157524908087


epsilon: 0.6875

m: 4.541666666666667

Residual: 0.0724072449684217


epsilon: 0.6875

m: 4.583333333333333

Residual: 0.07426042989756136


epsilon: 0.6875

m: 4.625

Residual: 0.09700626189038741


epsilon: 0.6875

m: 4.666666666666667

Residual: 0.18192781867955315


epsilon: 0.6875

m: 4.708333333333333

Residual: 0.12723089333783003


epsilon: 0.6875

m: 4.75

Residual: 0.19876907661109303


epsilon: 0.6875

m: 4.791666666666667

Residual: 0.2330964789620633


epsilon: 0.6875

m: 4.833333333333333

Residual: 0.278876466129944


epsilon: 0.6875

m: 4.875

Residual: 0.27908486514930797


epsilon: 0.6875

m: 4.916666666666667

Residual: 0.25372586336497177


epsilon: 0.6875

m: 4.958333333333333

Residual: 0.27865485226346676


epsilon: 0.6875

m: 5.0

Residual: 0.3178875337462051


epsilon: 0.7604166666666667

m: 4.0

Residual: 0.49452722896624796


epsilon: 0.7604166666666667

m: 4.041666666666667

Residual: 0.434070484493587


epsilon: 0.7604166666666667

m: 4.083333333333333

Residual: 0.40384063597985675


epsilon: 0.7604166666666667

m: 4.125

Residual: 0.3765931393527585


epsilon: 0.7604166666666667

m: 4.166666666666667

Residual: 0.34176208777595246


epsilon: 0.7604166666666667

m: 4.208333333333333

Residual: 0.31667139273587197


epsilon: 0.7604166666666667

m: 4.25

Residual: 0.32714466986814145


epsilon: 0.7604166666666667

m: 4.291666666666667

Residual: 0.24828630545800973


epsilon: 0.7604166666666667

m: 4.333333333333333

Residual: 0.22301307366095124


epsilon: 0.7604166666666667

m: 4.375

Residual: 0.1908406690931583


epsilon: 0.7604166666666667

m: 4.416666666666667

Residual: 0.19954330342945092


epsilon: 0.7604166666666667

m: 4.458333333333333

Residual: 0.14846518606978862


epsilon: 0.7604166666666667

m: 4.5

Residual: 0.13603480756845052


epsilon: 0.7604166666666667

m: 4.541666666666667

Residual: 0.12947238892305696


epsilon: 0.7604166666666667

m: 4.583333333333333

Residual: 0.04960812594377549


epsilon: 0.7604166666666667

m: 4.625

Residual: 0.035094032694603046


epsilon: 0.7604166666666667

m: 4.666666666666667

Residual: 0.07741951625358837


epsilon: 0.7604166666666667

m: 4.708333333333333

Residual: 0.10170318599390862


epsilon: 0.7604166666666667

m: 4.75

Residual: 0.1552427001460311


epsilon: 0.7604166666666667

m: 4.791666666666667

Residual: 0.1148585047670198


epsilon: 0.7604166666666667

m: 4.833333333333333

Residual: 0.1823610720700811


epsilon: 0.7604166666666667

m: 4.875

Residual: 0.22218669834181315


epsilon: 0.7604166666666667

m: 4.916666666666667

Residual: 0.30276289405232865


epsilon: 0.7604166666666667

m: 4.958333333333333

Residual: 0.2824172178625535


epsilon: 0.7604166666666667

m: 5.0

Residual: 0.2669035369083402


epsilon: 0.8333333333333334

m: 4.0

Residual: 0.49888385368600974


epsilon: 0.8333333333333334

m: 4.041666666666667

Residual: 0.47242592066593736


epsilon: 0.8333333333333334

m: 4.083333333333333

Residual: 0.4435696980896501


epsilon: 0.8333333333333334

m: 4.125

Residual: 0.43361051440055043


epsilon: 0.8333333333333334

m: 4.166666666666667

Residual: 0.3901542658226868


epsilon: 0.8333333333333334

m: 4.208333333333333

Residual: 0.3564262185602071


epsilon: 0.8333333333333334

m: 4.25

Residual: 0.35823515781642484


epsilon: 0.8333333333333334

m: 4.291666666666667

Residual: 0.32124326306221035


epsilon: 0.8333333333333334

m: 4.333333333333333

Residual: 0.2597813479257375


epsilon: 0.8333333333333334

m: 4.375

Residual: 0.2255748107556691


epsilon: 0.8333333333333334

m: 4.416666666666667

Residual: 0.22031277633264668


epsilon: 0.8333333333333334

m: 4.458333333333333

Residual: 0.19747772571960864


epsilon: 0.8333333333333334

m: 4.5

Residual: 0.14941609873849918


epsilon: 0.8333333333333334

m: 4.541666666666667

Residual: 0.12465422868564033


epsilon: 0.8333333333333334

m: 4.583333333333333

Residual: 0.14652853978212338


epsilon: 0.8333333333333334

m: 4.625

Residual: 0.12930125224802902


epsilon: 0.8333333333333334

m: 4.666666666666667

Residual: 0.05559093769358192


epsilon: 0.8333333333333334

m: 4.708333333333333

Residual: 0.06391517954411101


epsilon: 0.8333333333333334

m: 4.75

Residual: 0.06276734328083139


epsilon: 0.8333333333333334

m: 4.791666666666667

Residual: 0.06946593640442437


epsilon: 0.8333333333333334

m: 4.833333333333333

Residual: 0.15752481310039548


epsilon: 0.8333333333333334

m: 4.875

Residual: 0.16679371572416157


epsilon: 0.8333333333333334

m: 4.916666666666667

Residual: 0.14837043844995368


epsilon: 0.8333333333333334

m: 4.958333333333333

Residual: 0.22152542107247825


epsilon: 0.8333333333333334

m: 5.0

Residual: 0.2602994454892723


epsilon: 0.90625

m: 4.0

Residual: 0.5274474002118437


epsilon: 0.90625

m: 4.041666666666667

Residual: 0.5064389858880098


epsilon: 0.90625

m: 4.083333333333333

Residual: 0.4827081403831823


epsilon: 0.90625

m: 4.125

Residual: 0.44581459857615635


epsilon: 0.90625

m: 4.166666666666667

Residual: 0.44102998056655207


epsilon: 0.90625

m: 4.208333333333333

Residual: 0.395203331825636


epsilon: 0.90625

m: 4.25

Residual: 0.37067066030678714


epsilon: 0.90625

m: 4.291666666666667

Residual: 0.3376241188561883


epsilon: 0.90625

m: 4.333333333333333

Residual: 0.3285727077335139


epsilon: 0.90625

m: 4.375

Residual: 0.2709947938944126


epsilon: 0.90625

m: 4.416666666666667

Residual: 0.2521246885367434


epsilon: 0.90625

m: 4.458333333333333

Residual: 0.2081381179389492


epsilon: 0.90625

m: 4.5

Residual: 0.21448802982169834


epsilon: 0.90625

m: 4.541666666666667

Residual: 0.17136693970505423


epsilon: 0.90625

m: 4.583333333333333

Residual: 0.14897747348707915


epsilon: 0.90625

m: 4.625

Residual: 0.10783976625279129


epsilon: 0.90625

m: 4.666666666666667

Residual: 0.08325644965427023


epsilon: 0.90625

m: 4.708333333333333

Residual: 0.039310540120772654


epsilon: 0.90625

m: 4.75

Residual: 0.06074825089064894


epsilon: 0.90625

m: 4.791666666666667

Residual: 0.13026123876049628


epsilon: 0.90625

m: 4.833333333333333

Residual: 0.08309352894300752


epsilon: 0.90625

m: 4.875

Residual: 0.10371961107006522


epsilon: 0.90625

m: 4.916666666666667

Residual: 0.235302818966287


epsilon: 0.90625

m: 4.958333333333333

Residual: 0.20239476502649173


epsilon: 0.90625

m: 5.0

Residual: 0.21653648520938976


epsilon: 0.9791666666666667

m: 4.0

Residual: 0.5550529447985021


epsilon: 0.9791666666666667

m: 4.041666666666667

Residual: 0.5296008342627321


epsilon: 0.9791666666666667

m: 4.083333333333333

Residual: 0.50763665068008


epsilon: 0.9791666666666667

m: 4.125

Residual: 0.47827031113456503


epsilon: 0.9791666666666667

m: 4.166666666666667

Residual: 0.44792155516688315


epsilon: 0.9791666666666667

m: 4.208333333333333

Residual: 0.46568536496763685


epsilon: 0.9791666666666667

m: 4.25

Residual: 0.38775925946756434


epsilon: 0.9791666666666667

m: 4.291666666666667

Residual: 0.3619598083188922


epsilon: 0.9791666666666667

m: 4.333333333333333

Residual: 0.33669664372895547


epsilon: 0.9791666666666667

m: 4.375

Residual: 0.3012883451407962


epsilon: 0.9791666666666667

m: 4.416666666666667

Residual: 0.32063908795051943


epsilon: 0.9791666666666667

m: 4.458333333333333

Residual: 0.24146219901060267


epsilon: 0.9791666666666667

m: 4.5

Residual: 0.255966718638054


epsilon: 0.9791666666666667

m: 4.541666666666667

Residual: 0.21597820578408725


epsilon: 0.9791666666666667

m: 4.583333333333333

Residual: 0.1539590213686886


epsilon: 0.9791666666666667

m: 4.625

Residual: 0.12578086612191214


epsilon: 0.9791666666666667

m: 4.666666666666667

Residual: 0.09494135157491537


epsilon: 0.9791666666666667

m: 4.708333333333333

Residual: 0.113896116961737


epsilon: 0.9791666666666667

m: 4.75

Residual: 0.09714263296498836


epsilon: 0.9791666666666667

m: 4.791666666666667

Residual: 0.06332923869192952


epsilon: 0.9791666666666667

m: 4.833333333333333

Residual: 0.026218898552402455


epsilon: 0.9791666666666667

m: 4.875

Residual: 0.06021733232877676


epsilon: 0.9791666666666667

m: 4.916666666666667

Residual: 0.14054428345035322


epsilon: 0.9791666666666667

m: 4.958333333333333

Residual: 0.1141319247455786


epsilon: 0.9791666666666667

m: 5.0

Residual: 0.19099915240741513


epsilon: 1.0520833333333335

m: 4.0

Residual: 0.5830866598524267


epsilon: 1.0520833333333335

m: 4.041666666666667

Residual: 0.557718980602188


epsilon: 1.0520833333333335

m: 4.083333333333333

Residual: 0.5296941576232636


epsilon: 1.0520833333333335

m: 4.125

Residual: 0.5106123413836849


epsilon: 1.0520833333333335

m: 4.166666666666667

Residual: 0.4795134224758967


epsilon: 1.0520833333333335

m: 4.208333333333333

Residual: 0.4521509209850177


epsilon: 1.0520833333333335

m: 4.25

Residual: 0.43645799076220576


epsilon: 1.0520833333333335

m: 4.291666666666667

Residual: 0.40681418609236414


epsilon: 1.0520833333333335

m: 4.333333333333333

Residual: 0.3575290985997981


epsilon: 1.0520833333333335

m: 4.375

Residual: 0.33919356724690114


epsilon: 1.0520833333333335

m: 4.416666666666667

Residual: 0.34884623678743043


epsilon: 1.0520833333333335

m: 4.458333333333333

Residual: 0.3262605202066055


epsilon: 1.0520833333333335

m: 4.5

Residual: 0.24758141595253808


epsilon: 1.0520833333333335

m: 4.541666666666667

Residual: 0.24438588018006074


epsilon: 1.0520833333333335

m: 4.583333333333333

Residual: 0.18947886030185546


epsilon: 1.0520833333333335

m: 4.625

Residual: 0.18154212578696602


epsilon: 1.0520833333333335

m: 4.666666666666667

Residual: 0.20429550370262226


epsilon: 1.0520833333333335

m: 4.708333333333333

Residual: 0.1056463719262013


epsilon: 1.0520833333333335

m: 4.75

Residual: 0.17423800630172762


epsilon: 1.0520833333333335

m: 4.791666666666667

Residual: 0.052933853601339086


epsilon: 1.0520833333333335

m: 4.833333333333333

Residual: 0.08986868502091733


epsilon: 1.0520833333333335

m: 4.875

Residual: 0.08972839382411886


epsilon: 1.0520833333333335

m: 4.916666666666667

Residual: 0.10460651932037822


epsilon: 1.0520833333333335

m: 4.958333333333333

Residual: 0.09916670787489927


epsilon: 1.0520833333333335

m: 5.0

Residual: 0.11606711763965424


epsilon: 1.125

m: 4.0

Residual: 0.632378719445373


epsilon: 1.125

m: 4.041666666666667

Residual: 0.5798536849791474


epsilon: 1.125

m: 4.083333333333333

Residual: 0.5489053917680093


epsilon: 1.125

m: 4.125

Residual: 0.522234552172431


epsilon: 1.125

m: 4.166666666666667

Residual: 0.4960155445240974


epsilon: 1.125

m: 4.208333333333333

Residual: 0.47846296460417814


epsilon: 1.125

m: 4.25

Residual: 0.4458142427600537


epsilon: 1.125

m: 4.291666666666667

Residual: 0.4359943080273971


epsilon: 1.125

m: 4.333333333333333

Residual: 0.3931297259611181


epsilon: 1.125

m: 4.375

Residual: 0.36072233727727754


epsilon: 1.125

m: 4.416666666666667

Residual: 0.3262635417203679


epsilon: 1.125

m: 4.458333333333333

Residual: 0.3244565915098762


epsilon: 1.125

m: 4.5

Residual: 0.30393715931489707


epsilon: 1.125

m: 4.541666666666667

Residual: 0.26350702996820174


epsilon: 1.125

m: 4.583333333333333

Residual: 0.22156594845906738


epsilon: 1.125

m: 4.625

Residual: 0.20935245069794872


epsilon: 1.125

m: 4.666666666666667

Residual: 0.16168900304682327


epsilon: 1.125

m: 4.708333333333333

Residual: 0.21852529885587926


epsilon: 1.125

m: 4.75

Residual: 0.1474740280118034


epsilon: 1.125

m: 4.791666666666667

Residual: 0.10335207428905051


epsilon: 1.125

m: 4.833333333333333

Residual: 0.051724695697431704


epsilon: 1.125

m: 4.875

Residual: 0.0745135751293018


epsilon: 1.125

m: 4.916666666666667

Residual: 0.09218847688163342


epsilon: 1.125

m: 4.958333333333333

Residual: 0.1305198558343326


epsilon: 1.125

m: 5.0

Residual: 0.08670692770317934


epsilon: 1.1979166666666667

m: 4.0

Residual: 0.617342911577876


epsilon: 1.1979166666666667

m: 4.041666666666667

Residual: 0.6008069929184917


epsilon: 1.1979166666666667

m: 4.083333333333333

Residual: 0.5688173441746197


epsilon: 1.1979166666666667

m: 4.125

Residual: 0.5535427153892541


epsilon: 1.1979166666666667

m: 4.166666666666667

Residual: 0.5261650559167431


epsilon: 1.1979166666666667

m: 4.208333333333333

Residual: 0.49324794960888874


epsilon: 1.1979166666666667

m: 4.25

Residual: 0.465493440710316


epsilon: 1.1979166666666667

m: 4.291666666666667

Residual: 0.4706607376573411


epsilon: 1.1979166666666667

m: 4.333333333333333

Residual: 0.41173303531423616


epsilon: 1.1979166666666667

m: 4.375

Residual: 0.393905019433334


epsilon: 1.1979166666666667

m: 4.416666666666667

Residual: 0.3600186203941899


epsilon: 1.1979166666666667

m: 4.458333333333333

Residual: 0.3512837415170417


epsilon: 1.1979166666666667

m: 4.5

Residual: 0.32326271480680335


epsilon: 1.1979166666666667

m: 4.541666666666667

Residual: 0.3292396857946537


epsilon: 1.1979166666666667

m: 4.583333333333333

Residual: 0.3185156886710215


epsilon: 1.1979166666666667

m: 4.625

Residual: 0.2207040936174972


epsilon: 1.1979166666666667

m: 4.666666666666667

Residual: 0.22100741004151622


epsilon: 1.1979166666666667

m: 4.708333333333333

Residual: 0.19350382925550827


epsilon: 1.1979166666666667

m: 4.75

Residual: 0.16063776195588136


epsilon: 1.1979166666666667

m: 4.791666666666667

Residual: 0.16838530152407336


epsilon: 1.1979166666666667

m: 4.833333333333333

Residual: 0.0896550951474621


epsilon: 1.1979166666666667

m: 4.875

Residual: 0.0834691016164874


epsilon: 1.1979166666666667

m: 4.916666666666667

Residual: 0.10098732599492344


epsilon: 1.1979166666666667

m: 4.958333333333333

Residual: 0.13214220441324293


epsilon: 1.1979166666666667

m: 5.0

Residual: 0.10045572986289403


epsilon: 1.2708333333333335

m: 4.0

Residual: 0.637300235442154


epsilon: 1.2708333333333335

m: 4.041666666666667

Residual: 0.6116702487457774


epsilon: 1.2708333333333335

m: 4.083333333333333

Residual: 0.5898463783508785


epsilon: 1.2708333333333335

m: 4.125

Residual: 0.5639884183627297


epsilon: 1.2708333333333335

m: 4.166666666666667

Residual: 0.5403478815052161


epsilon: 1.2708333333333335

m: 4.208333333333333

Residual: 0.5130417911112501


epsilon: 1.2708333333333335

m: 4.25

Residual: 0.5352370886018013


epsilon: 1.2708333333333335

m: 4.291666666666667

Residual: 0.4597328741254023


epsilon: 1.2708333333333335

m: 4.333333333333333

Residual: 0.45277457466340365


epsilon: 1.2708333333333335

m: 4.375

Residual: 0.41146864002619515


epsilon: 1.2708333333333335

m: 4.416666666666667

Residual: 0.3893137521397502


epsilon: 1.2708333333333335

m: 4.458333333333333

Residual: 0.36982552893023923


epsilon: 1.2708333333333335

m: 4.5

Residual: 0.3553642347113085


epsilon: 1.2708333333333335

m: 4.541666666666667

Residual: 0.36813088162408364


epsilon: 1.2708333333333335

m: 4.583333333333333

Residual: 0.2705556009824062


epsilon: 1.2708333333333335

m: 4.625

Residual: 0.24524182254624732


epsilon: 1.2708333333333335

m: 4.666666666666667

Residual: 0.26964334337234014


epsilon: 1.2708333333333335

m: 4.708333333333333

Residual: 0.23372960931429687


epsilon: 1.2708333333333335

m: 4.75

Residual: 0.19555968001841725


epsilon: 1.2708333333333335

m: 4.791666666666667

Residual: 0.17866577790197571


epsilon: 1.2708333333333335

m: 4.833333333333333

Residual: 0.11067692428553993


epsilon: 1.2708333333333335

m: 4.875

Residual: 0.10493395717951368


epsilon: 1.2708333333333335

m: 4.916666666666667

Residual: 0.13182727086592325


epsilon: 1.2708333333333335

m: 4.958333333333333

Residual: 0.14719657138953265


epsilon: 1.2708333333333335

m: 5.0

Residual: 0.17618478124363932


epsilon: 1.34375

m: 4.0

Residual: 0.6606580009179855


epsilon: 1.34375

m: 4.041666666666667

Residual: 0.6443465524135561


epsilon: 1.34375

m: 4.083333333333333

Residual: 0.6158384590460565


epsilon: 1.34375

m: 4.125

Residual: 0.58154965282025


epsilon: 1.34375

m: 4.166666666666667

Residual: 0.5642291493338999


epsilon: 1.34375

m: 4.208333333333333

Residual: 0.5396246044574904


epsilon: 1.34375

m: 4.25

Residual: 0.5514909298504634


epsilon: 1.34375

m: 4.291666666666667

Residual: 0.4935519538770324


epsilon: 1.34375

m: 4.333333333333333

Residual: 0.5039836851829698


epsilon: 1.34375

m: 4.375

Residual: 0.4767810740054414


epsilon: 1.34375

m: 4.416666666666667

Residual: 0.4535014264946829


epsilon: 1.34375

m: 4.458333333333333

Residual: 0.4037681319271523


epsilon: 1.34375

m: 4.5

Residual: 0.3972060719775185


epsilon: 1.34375

m: 4.541666666666667

Residual: 0.3259892020690782


epsilon: 1.34375

m: 4.583333333333333

Residual: 0.30518202587030063


epsilon: 1.34375

m: 4.625

Residual: 0.27015112246277717


epsilon: 1.34375

m: 4.666666666666667

Residual: 0.2620171150960406


epsilon: 1.34375

m: 4.708333333333333

Residual: 0.2118385353253884


epsilon: 1.34375

m: 4.75

Residual: 0.19323464081817288


epsilon: 1.34375

m: 4.791666666666667

Residual: 0.19779399741292522


epsilon: 1.34375

m: 4.833333333333333

Residual: 0.1695013058021536


epsilon: 1.34375

m: 4.875

Residual: 0.16311409224858991


epsilon: 1.34375

m: 4.916666666666667

Residual: 0.13655136781975538


epsilon: 1.34375

m: 4.958333333333333

Residual: 0.0971649736175102


epsilon: 1.34375

m: 5.0

Residual: 0.06263723653845783


epsilon: 1.4166666666666667

m: 4.0

Residual: 0.6658208477914324


epsilon: 1.4166666666666667

m: 4.041666666666667

Residual: 0.6502168396071677


epsilon: 1.4166666666666667

m: 4.083333333333333

Residual: 0.6245600716596109


epsilon: 1.4166666666666667

m: 4.125

Residual: 0.6079142443839447


epsilon: 1.4166666666666667

m: 4.166666666666667

Residual: 0.5787640533759201


epsilon: 1.4166666666666667

m: 4.208333333333333

Residual: 0.5577224980221877


epsilon: 1.4166666666666667

m: 4.25

Residual: 0.5331607100770366


epsilon: 1.4166666666666667

m: 4.291666666666667

Residual: 0.5126346737746559


epsilon: 1.4166666666666667

m: 4.333333333333333

Residual: 0.49050970867930116


epsilon: 1.4166666666666667

m: 4.375

Residual: 0.4738687973835955


epsilon: 1.4166666666666667

m: 4.416666666666667

Residual: 0.42447064776791993


epsilon: 1.4166666666666667

m: 4.458333333333333

Residual: 0.3997186796194146


epsilon: 1.4166666666666667

m: 4.5

Residual: 0.4219326309827425


epsilon: 1.4166666666666667

m: 4.541666666666667

Residual: 0.3539455149776792


epsilon: 1.4166666666666667

m: 4.583333333333333

Residual: 0.33189445427867154


epsilon: 1.4166666666666667

m: 4.625

Residual: 0.300087935401916


epsilon: 1.4166666666666667

m: 4.666666666666667

Residual: 0.2709511451510748


epsilon: 1.4166666666666667

m: 4.708333333333333

Residual: 0.2702661078062217


epsilon: 1.4166666666666667

m: 4.75

Residual: 0.2161657412086408


epsilon: 1.4166666666666667

m: 4.791666666666667

Residual: 0.24354233226426567


epsilon: 1.4166666666666667

m: 4.833333333333333

Residual: 0.1574076202290017


epsilon: 1.4166666666666667

m: 4.875

Residual: 0.17540177917333466


epsilon: 1.4166666666666667

m: 4.916666666666667

Residual: 0.1142248321041371


epsilon: 1.4166666666666667

m: 4.958333333333333

Residual: 0.10465369369061121


epsilon: 1.4166666666666667

m: 5.0

Residual: 0.0792450165545198


epsilon: 1.4895833333333335

m: 4.0

Residual: 0.6857055334712305


epsilon: 1.4895833333333335

m: 4.041666666666667

Residual: 0.669122355128853


epsilon: 1.4895833333333335

m: 4.083333333333333

Residual: 0.6405039842118093


epsilon: 1.4895833333333335

m: 4.125

Residual: 0.6308292125407994


epsilon: 1.4895833333333335

m: 4.166666666666667

Residual: 0.596889066152837


epsilon: 1.4895833333333335

m: 4.208333333333333

Residual: 0.5823241208628209


epsilon: 1.4895833333333335

m: 4.25

Residual: 0.5495823122318781


epsilon: 1.4895833333333335

m: 4.291666666666667

Residual: 0.5178853441203859


epsilon: 1.4895833333333335

m: 4.333333333333333

Residual: 0.49943087630253874


epsilon: 1.4895833333333335

m: 4.375

Residual: 0.46823854282036415


epsilon: 1.4895833333333335

m: 4.416666666666667

Residual: 0.44084702113751156


epsilon: 1.4895833333333335

m: 4.458333333333333

Residual: 0.4299551837353407


epsilon: 1.4895833333333335

m: 4.5

Residual: 0.4220463089036502


epsilon: 1.4895833333333335

m: 4.541666666666667

Residual: 0.3730391951172103


epsilon: 1.4895833333333335

m: 4.583333333333333

Residual: 0.3456831797220745


epsilon: 1.4895833333333335

m: 4.625

Residual: 0.3424027592231419


epsilon: 1.4895833333333335

m: 4.666666666666667

Residual: 0.2932492054444926


epsilon: 1.4895833333333335

m: 4.708333333333333

Residual: 0.25620309294178184


epsilon: 1.4895833333333335

m: 4.75

Residual: 0.24292963065908388


epsilon: 1.4895833333333335

m: 4.791666666666667

Residual: 0.25635820390471276


epsilon: 1.4895833333333335

m: 4.833333333333333

Residual: 0.19735227766548769


epsilon: 1.4895833333333335

m: 4.875

Residual: 0.20578952788046811


epsilon: 1.4895833333333335

m: 4.916666666666667

Residual: 0.14283232572292492


epsilon: 1.4895833333333335

m: 4.958333333333333

Residual: 0.1822746598206882


epsilon: 1.4895833333333335

m: 5.0

Residual: 0.1427945492051828


epsilon: 1.5625

m: 4.0

Residual: 0.6916087458146765


epsilon: 1.5625

m: 4.041666666666667

Residual: 0.6754732252421983


epsilon: 1.5625

m: 4.083333333333333

Residual: 0.6505569188770851


epsilon: 1.5625

m: 4.125

Residual: 0.6298653739642975


epsilon: 1.5625

m: 4.166666666666667

Residual: 0.6166985799041169


epsilon: 1.5625

m: 4.208333333333333

Residual: 0.5839537074257938


epsilon: 1.5625

m: 4.25

Residual: 0.5599741911862968


epsilon: 1.5625

m: 4.291666666666667

Residual: 0.5660943363109887


epsilon: 1.5625

m: 4.333333333333333

Residual: 0.5218019256795962


epsilon: 1.5625

m: 4.375

Residual: 0.4973497095583565


epsilon: 1.5625

m: 4.416666666666667

Residual: 0.47869655369617065


epsilon: 1.5625

m: 4.458333333333333

Residual: 0.4935290563132542


epsilon: 1.5625

m: 4.5

Residual: 0.4113285428277025


epsilon: 1.5625

m: 4.541666666666667

Residual: 0.3924055348837255


epsilon: 1.5625

m: 4.583333333333333

Residual: 0.3568183977749242


epsilon: 1.5625

m: 4.625

Residual: 0.3957939069890107


epsilon: 1.5625

m: 4.666666666666667

Residual: 0.3899252435903617


epsilon: 1.5625

m: 4.708333333333333

Residual: 0.2796059376755888


epsilon: 1.5625

m: 4.75

Residual: 0.2927774727375603


epsilon: 1.5625

m: 4.791666666666667

Residual: 0.24463035577520867


epsilon: 1.5625

m: 4.833333333333333

Residual: 0.20295889335624917


epsilon: 1.5625

m: 4.875

Residual: 0.18444346515872653


epsilon: 1.5625

m: 4.916666666666667

Residual: 0.19706332506742158


epsilon: 1.5625

m: 4.958333333333333

Residual: 0.21869775730693494


epsilon: 1.5625

m: 5.0

Residual: 0.13173081821890328


epsilon: 1.6354166666666667

m: 4.0

Residual: 0.7069144550526181


epsilon: 1.6354166666666667

m: 4.041666666666667

Residual: 0.6923751430989623


epsilon: 1.6354166666666667

m: 4.083333333333333

Residual: 0.6653960353787645


epsilon: 1.6354166666666667

m: 4.125

Residual: 0.6522132625136303


epsilon: 1.6354166666666667

m: 4.166666666666667

Residual: 0.6284435588441353


epsilon: 1.6354166666666667

m: 4.208333333333333

Residual: 0.5995709480695897


epsilon: 1.6354166666666667

m: 4.25

Residual: 0.5772397538326632


epsilon: 1.6354166666666667

m: 4.291666666666667

Residual: 0.5640521098477351


epsilon: 1.6354166666666667

m: 4.333333333333333

Residual: 0.5355628504279069


epsilon: 1.6354166666666667

m: 4.375

Residual: 0.5075552280710189


epsilon: 1.6354166666666667

m: 4.416666666666667

Residual: 0.49555233394853915


epsilon: 1.6354166666666667

m: 4.458333333333333

Residual: 0.46809211148038343


epsilon: 1.6354166666666667

m: 4.5

Residual: 0.4713055325170977


epsilon: 1.6354166666666667

m: 4.541666666666667

Residual: 0.4289251472837734


epsilon: 1.6354166666666667

m: 4.583333333333333

Residual: 0.3840708270448118


epsilon: 1.6354166666666667

m: 4.625

Residual: 0.3514316493430846


epsilon: 1.6354166666666667

m: 4.666666666666667

Residual: 0.37966900568630124


epsilon: 1.6354166666666667

m: 4.708333333333333

Residual: 0.30833902967404886


epsilon: 1.6354166666666667

m: 4.75

Residual: 0.2857789969876492


epsilon: 1.6354166666666667

m: 4.791666666666667

Residual: 0.2943307532063756


epsilon: 1.6354166666666667

m: 4.833333333333333

Residual: 0.2532028108100123


epsilon: 1.6354166666666667

m: 4.875

Residual: 0.2097771146192392


epsilon: 1.6354166666666667

m: 4.916666666666667

Residual: 0.22369639021373064


epsilon: 1.6354166666666667

m: 4.958333333333333

Residual: 0.19071781362975943


epsilon: 1.6354166666666667

m: 5.0

Residual: 0.17778925077202848


epsilon: 1.7083333333333335

m: 4.0

Residual: 0.7223233317671645


epsilon: 1.7083333333333335

m: 4.041666666666667

Residual: 0.6959598107191136


epsilon: 1.7083333333333335

m: 4.083333333333333

Residual: 0.6814093057118658


epsilon: 1.7083333333333335

m: 4.125

Residual: 0.6613848938271774


epsilon: 1.7083333333333335

m: 4.166666666666667

Residual: 0.6368170649187963


epsilon: 1.7083333333333335

m: 4.208333333333333

Residual: 0.6146789805925539


epsilon: 1.7083333333333335

m: 4.25

Residual: 0.5917088734544244


epsilon: 1.7083333333333335

m: 4.291666666666667

Residual: 0.5711318982028062


epsilon: 1.7083333333333335

m: 4.333333333333333

Residual: 0.5755004910442489


epsilon: 1.7083333333333335

m: 4.375

Residual: 0.5262926346439941


epsilon: 1.7083333333333335

m: 4.416666666666667

Residual: 0.49484428154242327


epsilon: 1.7083333333333335

m: 4.458333333333333

Residual: 0.5310977209736365


epsilon: 1.7083333333333335

m: 4.5

Residual: 0.454230383255726


epsilon: 1.7083333333333335

m: 4.541666666666667

Residual: 0.42232257947322993


epsilon: 1.7083333333333335

m: 4.583333333333333

Residual: 0.39934390838552963


epsilon: 1.7083333333333335

m: 4.625

Residual: 0.3786169577837989


epsilon: 1.7083333333333335

m: 4.666666666666667

Residual: 0.3427976565388749


epsilon: 1.7083333333333335

m: 4.708333333333333

Residual: 0.375319007003164


epsilon: 1.7083333333333335

m: 4.75

Residual: 0.3033960879410998


epsilon: 1.7083333333333335

m: 4.791666666666667

Residual: 0.3135777567624546


epsilon: 1.7083333333333335

m: 4.833333333333333

Residual: 0.33187970700311076


epsilon: 1.7083333333333335

m: 4.875

Residual: 0.21626579020589823


epsilon: 1.7083333333333335

m: 4.916666666666667

Residual: 0.22223847337024819


epsilon: 1.7083333333333335

m: 4.958333333333333

Residual: 0.19603120704722168


epsilon: 1.7083333333333335

m: 5.0

Residual: 0.16249721613307053


epsilon: 1.78125

m: 4.0

Residual: 0.7269843121893557


epsilon: 1.78125

m: 4.041666666666667

Residual: 0.7053736250966838


epsilon: 1.78125

m: 4.083333333333333

Residual: 0.6927895109639904


epsilon: 1.78125

m: 4.125

Residual: 0.6743325153649596


epsilon: 1.78125

m: 4.166666666666667

Residual: 0.6512742159997197


epsilon: 1.78125

m: 4.208333333333333

Residual: 0.629254116032092


epsilon: 1.78125

m: 4.25

Residual: 0.6131611316376911


epsilon: 1.78125

m: 4.291666666666667

Residual: 0.5918442929963693


epsilon: 1.78125

m: 4.333333333333333

Residual: 0.5732170052654482


epsilon: 1.78125

m: 4.375

Residual: 0.545498176960938


epsilon: 1.78125

m: 4.416666666666667

Residual: 0.5149617219756912


epsilon: 1.78125

m: 4.458333333333333

Residual: 0.5351670033209998


epsilon: 1.78125

m: 4.5

Residual: 0.4628904682528455


epsilon: 1.78125

m: 4.541666666666667

Residual: 0.4561687432359143


epsilon: 1.78125

m: 4.583333333333333

Residual: 0.4233371950813257


epsilon: 1.78125

m: 4.625

Residual: 0.42384031397764044


epsilon: 1.78125

m: 4.666666666666667

Residual: 0.42160731711065513


epsilon: 1.78125

m: 4.708333333333333

Residual: 0.35801133702410987


epsilon: 1.78125

m: 4.75

Residual: 0.31836524088864665


epsilon: 1.78125

m: 4.791666666666667

Residual: 0.2829303281269697


epsilon: 1.78125

m: 4.833333333333333

Residual: 0.3178989025003212


epsilon: 1.78125

m: 4.875

Residual: 0.31846671818531574


epsilon: 1.78125

m: 4.916666666666667

Residual: 0.26442901331864116


epsilon: 1.78125

m: 4.958333333333333

Residual: 0.2705840431910482


epsilon: 1.78125

m: 5.0

Residual: 0.2615888984481811


epsilon: 1.8541666666666667

m: 4.0

Residual: 0.737924148440338


epsilon: 1.8541666666666667

m: 4.041666666666667

Residual: 0.719982123384531


epsilon: 1.8541666666666667

m: 4.083333333333333

Residual: 0.7024918809897645


epsilon: 1.8541666666666667

m: 4.125

Residual: 0.6777791112103931


epsilon: 1.8541666666666667

m: 4.166666666666667

Residual: 0.6731699099992581


epsilon: 1.8541666666666667

m: 4.208333333333333

Residual: 0.6448599689868237


epsilon: 1.8541666666666667

m: 4.25

Residual: 0.6137536038337401


epsilon: 1.8541666666666667

m: 4.291666666666667

Residual: 0.6255939924558668


epsilon: 1.8541666666666667

m: 4.333333333333333

Residual: 0.5841392352058524


epsilon: 1.8541666666666667

m: 4.375

Residual: 0.5501650492733574


epsilon: 1.8541666666666667

m: 4.416666666666667

Residual: 0.5318955323997112


epsilon: 1.8541666666666667

m: 4.458333333333333

Residual: 0.5065539934109822


epsilon: 1.8541666666666667

m: 4.5

Residual: 0.47697674548790153


epsilon: 1.8541666666666667

m: 4.541666666666667

Residual: 0.45490141216910684


epsilon: 1.8541666666666667

m: 4.583333333333333

Residual: 0.446006957743082


epsilon: 1.8541666666666667

m: 4.625

Residual: 0.44062859512903446


epsilon: 1.8541666666666667

m: 4.666666666666667

Residual: 0.3851095135501154


epsilon: 1.8541666666666667

m: 4.708333333333333

Residual: 0.3512899513085701


epsilon: 1.8541666666666667

m: 4.75

Residual: 0.3211665139982277


epsilon: 1.8541666666666667

m: 4.791666666666667

Residual: 0.30337388556546235


epsilon: 1.8541666666666667

m: 4.833333333333333

Residual: 0.2917284419224763


epsilon: 1.8541666666666667

m: 4.875

Residual: 0.259216877706297


epsilon: 1.8541666666666667

m: 4.916666666666667

Residual: 0.30154821651604174


epsilon: 1.8541666666666667

m: 4.958333333333333

Residual: 0.24569124607697432


epsilon: 1.8541666666666667

m: 5.0

Residual: 0.2641929497513925


epsilon: 1.9270833333333335

m: 4.0

Residual: 0.7458746296165718


epsilon: 1.9270833333333335

m: 4.041666666666667

Residual: 0.7273370356829418


epsilon: 1.9270833333333335

m: 4.083333333333333

Residual: 0.7161850440080645


epsilon: 1.9270833333333335

m: 4.125

Residual: 0.6918292881696517


epsilon: 1.9270833333333335

m: 4.166666666666667

Residual: 0.675868277255971


epsilon: 1.9270833333333335

m: 4.208333333333333

Residual: 0.6595536592887071


epsilon: 1.9270833333333335

m: 4.25

Residual: 0.6379745494759397


epsilon: 1.9270833333333335

m: 4.291666666666667

Residual: 0.6487940974729528


epsilon: 1.9270833333333335

m: 4.333333333333333

Residual: 0.5942221916082431


epsilon: 1.9270833333333335

m: 4.375

Residual: 0.5603612445087698


epsilon: 1.9270833333333335

m: 4.416666666666667

Residual: 0.5843087780865989


epsilon: 1.9270833333333335

m: 4.458333333333333

Residual: 0.5120275064856658


epsilon: 1.9270833333333335

m: 4.5

Residual: 0.5361324165518236


epsilon: 1.9270833333333335

m: 4.541666666666667

Residual: 0.4748202460514826


epsilon: 1.9270833333333335

m: 4.583333333333333

Residual: 0.4869880072741965


epsilon: 1.9270833333333335

m: 4.625

Residual: 0.4206121346635025


epsilon: 1.9270833333333335

m: 4.666666666666667

Residual: 0.4558631339522567


epsilon: 1.9270833333333335

m: 4.708333333333333

Residual: 0.4415786658932074


epsilon: 1.9270833333333335

m: 4.75

Residual: 0.34172731857782584


epsilon: 1.9270833333333335

m: 4.791666666666667

Residual: 0.38826314964502334


epsilon: 1.9270833333333335

m: 4.833333333333333

Residual: 0.31543897814724425


epsilon: 1.9270833333333335

m: 4.875

Residual: 0.2837489443151993


epsilon: 1.9270833333333335

m: 4.916666666666667

Residual: 0.24941521049752488


epsilon: 1.9270833333333335

m: 4.958333333333333

Residual: 0.22345729315927698


epsilon: 1.9270833333333335

m: 5.0

Residual: 0.18806563525079406


epsilon: 2.0

m: 4.0

Residual: 0.7555439895331668


epsilon: 2.0

m: 4.041666666666667

Residual: 0.7339714011945896


epsilon: 2.0

m: 4.083333333333333

Residual: 0.7180305768541108


epsilon: 2.0

m: 4.125

Residual: 0.7038368133362091


epsilon: 2.0

m: 4.166666666666667

Residual: 0.6854891229448498


epsilon: 2.0

m: 4.208333333333333

Residual: 0.6619148471653314


epsilon: 2.0

m: 4.25

Residual: 0.6382145920816076


epsilon: 2.0

m: 4.291666666666667

Residual: 0.6268516703901894


epsilon: 2.0

m: 4.333333333333333

Residual: 0.6039648876780069


epsilon: 2.0

m: 4.375

Residual: 0.5823261386228262


epsilon: 2.0

m: 4.416666666666667

Residual: 0.5821731035954325


epsilon: 2.0

m: 4.458333333333333

Residual: 0.5806054697994449


epsilon: 2.0

m: 4.5

Residual: 0.5153864692915596


epsilon: 2.0

m: 4.541666666666667

Residual: 0.4869438596809704


epsilon: 2.0

m: 4.583333333333333

Residual: 0.4663705447980981


epsilon: 2.0

m: 4.625

Residual: 0.45170579631911084


epsilon: 2.0

m: 4.666666666666667

Residual: 0.4175834333360107


epsilon: 2.0

m: 4.708333333333333

Residual: 0.39549165885954146


epsilon: 2.0

m: 4.75

Residual: 0.45471929098826797


epsilon: 2.0

m: 4.791666666666667

Residual: 0.3318003918109526


epsilon: 2.0

m: 4.833333333333333

Residual: 0.4058169469361641


epsilon: 2.0

m: 4.875

Residual: 0.2818709923383797


epsilon: 2.0

m: 4.916666666666667

Residual: 0.3177957806646803


epsilon: 2.0

m: 4.958333333333333

Residual: 0.2883962128227413


epsilon: 2.0

m: 5.0

Residual: 0.2970429734632562


