m: 5.0

n: 12.0

epsilon: 0.1

Residual: 0.4887185795202962


m: 5.0

n: 12.0

epsilon: 0.1

Residual: 0.48960174126374195


m: 5.0

n: 12.0

epsilon: 0.3

Residual: 0.10356133763595125


m: 5.0

n: 12.0

epsilon: 0.5

Residual: 0.26476642045369114


m: 5.0

n: 12.0

epsilon: 0.7

Residual: 0.41258168817162777


m: 5.0

n: 12.0

epsilon: 0.8999999999999999

Residual: 0.5115348628997796


m: 5.0

n: 12.0

epsilon: 1.0999999999999999

Residual: 0.5820244551473696


m: 5.0

n: 12.0

epsilon: 1.3

Residual: 0.6342975515755179


m: 5.0

n: 12.0

epsilon: 1.5

Residual: 0.6748752355934793


m: 5.0

n: 16.714285714285715

epsilon: 0.1

Residual: 0.575798046553572


m: 5.0

n: 16.714285714285715

epsilon: 0.3

Residual: 0.1221442725621182


m: 5.0

n: 16.714285714285715

epsilon: 0.5

Residual: 0.14902168174298622


m: 5.0

n: 16.714285714285715

epsilon: 0.7

Residual: 0.3064234674231767


m: 5.0

n: 16.714285714285715

epsilon: 0.8999999999999999

Residual: 0.4157858391858192


m: 5.0

n: 16.714285714285715

epsilon: 1.0999999999999999

Residual: 0.4951104588355287


m: 5.0

n: 16.714285714285715

epsilon: 1.3

Residual: 0.5561648604291417


m: 5.0

n: 16.714285714285715

epsilon: 1.5

Residual: 0.6037443501547216


m: 5.0

n: 21.42857142857143

epsilon: 0.1

Residual: 0.6217676509595318


m: 5.0

n: 21.42857142857143

epsilon: 0.3

Residual: 0.17628849970570262


m: 5.0

n: 21.42857142857143

epsilon: 0.5

Residual: 0.09317043924133059


m: 5.0

n: 21.42857142857143

epsilon: 0.7

Residual: 0.24130147952821934


m: 5.0

n: 21.42857142857143

epsilon: 0.8999999999999999

Residual: 0.3546535845226955


m: 5.0

n: 21.42857142857143

epsilon: 1.0999999999999999

Residual: 0.4378764703343669


m: 5.0

n: 21.42857142857143

epsilon: 1.3

Residual: 0.5037608048470023


m: 5.0

n: 21.42857142857143

epsilon: 1.5

Residual: 0.5555078212859976


m: 5.0

n: 26.142857142857142

epsilon: 0.1

Residual: 0.6512637514635742


m: 5.0

n: 26.142857142857142

epsilon: 0.3

Residual: 0.22220729751294854


m: 5.0

n: 26.142857142857142

epsilon: 0.5

Residual: 0.07109290700645128


m: 5.0

n: 26.142857142857142

epsilon: 0.7

Residual: 0.19435676099637386


m: 5.0

n: 26.142857142857142

epsilon: 0.8999999999999999

Residual: 0.3113564095587862


m: 5.0

n: 26.142857142857142

epsilon: 1.0999999999999999

Residual: 0.39937183594743914


m: 5.0

n: 26.142857142857142

epsilon: 1.3

Residual: 0.46646042844518515


m: 5.0

n: 26.142857142857142

epsilon: 1.5

Residual: 0.5213685366287202


m: 5.0

n: 30.857142857142858

epsilon: 0.1

Residual: 0.6713088997144064


m: 5.0

n: 30.857142857142858

epsilon: 0.3

Residual: 0.25672161399436355


m: 5.0

n: 30.857142857142858

epsilon: 0.5

Residual: 0.06900880055061621


m: 5.0

n: 30.857142857142858

epsilon: 0.7

Residual: 0.16045854732177348


m: 5.0

n: 30.857142857142858

epsilon: 0.8999999999999999

Residual: 0.2798035338079938


m: 5.0

n: 30.857142857142858

epsilon: 1.0999999999999999

Residual: 0.3685747097997417


m: 5.0

n: 30.857142857142858

epsilon: 1.3

Residual: 0.4388778678294184


m: 5.0

n: 30.857142857142858

epsilon: 1.5

Residual: 0.49429323663700775


m: 5.0

n: 35.57142857142857

epsilon: 0.1

Residual: 0.6845029524214722


m: 5.0

n: 35.57142857142857

epsilon: 0.3

Residual: 0.28134213086611604


m: 5.0

n: 35.57142857142857

epsilon: 0.5

Residual: 0.07532283032046952


m: 5.0

n: 35.57142857142857

epsilon: 0.7

Residual: 0.13402425117954495


m: 5.0

n: 35.57142857142857

epsilon: 0.8999999999999999

Residual: 0.25534213927875504


m: 5.0

n: 35.57142857142857

epsilon: 1.0999999999999999

Residual: 0.34691473752948354


m: 5.0

n: 35.57142857142857

epsilon: 1.3

Residual: 0.4185944308822546


m: 5.0

n: 35.57142857142857

epsilon: 1.5

Residual: 0.47471372794738936


m: 5.0

n: 40.285714285714285

epsilon: 0.1

Residual: 0.6960488278019781


m: 5.0

n: 40.285714285714285

epsilon: 0.3

Residual: 0.29990089820386306


m: 5.0

n: 40.285714285714285

epsilon: 0.5

Residual: 0.08282689417895564


m: 5.0

n: 40.285714285714285

epsilon: 0.7

Residual: 0.11507221152986036


m: 5.0

n: 40.285714285714285

epsilon: 0.8999999999999999

Residual: 0.2354041970282447


m: 5.0

n: 40.285714285714285

epsilon: 1.0999999999999999

Residual: 0.32765681395369844


m: 5.0

n: 40.285714285714285

epsilon: 1.3

Residual: 0.39888692552493454


m: 5.0

n: 40.285714285714285

epsilon: 1.5

Residual: 0.4570456030514868


m: 5.0

n: 45.0

epsilon: 0.1

Residual: 0.7044993781960155


m: 5.0

n: 45.0

epsilon: 0.3

Residual: 0.3154565114298472


m: 5.0

n: 45.0

epsilon: 0.5

Residual: 0.0925960588500085


m: 5.0

n: 45.0

epsilon: 0.7

Residual: 0.09838960354135139


m: 5.0

n: 45.0

epsilon: 0.8999999999999999

Residual: 0.21862871639729092


m: 5.0

n: 45.0

epsilon: 1.0999999999999999

Residual: 0.31236226316914667


m: 5.0

n: 45.0

epsilon: 1.3

Residual: 0.3862394055449326


m: 5.0

n: 45.0

epsilon: 1.5

Residual: 0.44530272423928396


m: 5.285714285714286

n: 12.0

epsilon: 0.1

Residual: 0.5404898460139903


m: 5.285714285714286

n: 12.0

epsilon: 0.3

Residual: 0.08401455792001067


m: 5.285714285714286

n: 12.0

epsilon: 0.5

Residual: 0.19756596259972106


m: 5.285714285714286

n: 12.0

epsilon: 0.7

Residual: 0.353287797710203


m: 5.285714285714286

n: 12.0

epsilon: 0.8999999999999999

Residual: 0.4579741794496504


m: 5.285714285714286

n: 12.0

epsilon: 1.0999999999999999

Residual: 0.5330200166786706


m: 5.285714285714286

n: 12.0

epsilon: 1.3

Residual: 0.5902349888144965


m: 5.285714285714286

n: 12.0

epsilon: 1.5

Residual: 0.6350347802940307


m: 5.285714285714286

n: 16.714285714285715

epsilon: 0.1

Residual: 0.6236864174391711


m: 5.285714285714286

n: 16.714285714285715

epsilon: 0.3

Residual: 0.18096350872931477


m: 5.285714285714286

n: 16.714285714285715

epsilon: 0.5

Residual: 0.08636132896648366


m: 5.285714285714286

n: 16.714285714285715

epsilon: 0.7

Residual: 0.2374078278664806


m: 5.285714285714286

n: 16.714285714285715

epsilon: 0.8999999999999999

Residual: 0.3535640503259086


m: 5.285714285714286

n: 16.714285714285715

epsilon: 1.0999999999999999

Residual: 0.43663933218334255


m: 5.285714285714286

n: 16.714285714285715

epsilon: 1.3

Residual: 0.5018149062533933


m: 5.285714285714286

n: 16.714285714285715

epsilon: 1.5

Residual: 0.552017763022768


m: 5.285714285714286

n: 21.42857142857143

epsilon: 0.1

Residual: 0.6668534913951127


m: 5.285714285714286

n: 21.42857142857143

epsilon: 0.3

Residual: 0.2519392064136883


m: 5.285714285714286

n: 21.42857142857143

epsilon: 0.5

Residual: 0.04451514815165479


m: 5.285714285714286

n: 21.42857142857143

epsilon: 0.7

Residual: 0.16575550347188409


m: 5.285714285714286

n: 21.42857142857143

epsilon: 0.8999999999999999

Residual: 0.28432865601558105


m: 5.285714285714286

n: 21.42857142857143

epsilon: 1.0999999999999999

Residual: 0.37361855434584257


m: 5.285714285714286

n: 21.42857142857143

epsilon: 1.3

Residual: 0.44298025979629463


m: 5.285714285714286

n: 21.42857142857143

epsilon: 1.5

Residual: 0.4985348520892957


m: 5.285714285714286

n: 26.142857142857142

epsilon: 0.1

Residual: 0.6940546651571842


m: 5.285714285714286

n: 26.142857142857142

epsilon: 0.3

Residual: 0.297647480445848


m: 5.285714285714286

n: 26.142857142857142

epsilon: 0.5

Residual: 0.05654741786652284


m: 5.285714285714286

n: 26.142857142857142

epsilon: 0.7

Residual: 0.11664521608090164


m: 5.285714285714286

n: 26.142857142857142

epsilon: 0.8999999999999999

Residual: 0.23857216700629705


m: 5.285714285714286

n: 26.142857142857142

epsilon: 1.0999999999999999

Residual: 0.3300885635792308


m: 5.285714285714286

n: 26.142857142857142

epsilon: 1.3

Residual: 0.40124829979059556


m: 5.285714285714286

n: 26.142857142857142

epsilon: 1.5

Residual: 0.46049813748846613


m: 5.285714285714286

n: 30.857142857142858

epsilon: 0.1

Residual: 0.7125144034429116


m: 5.285714285714286

n: 30.857142857142858

epsilon: 0.3

Residual: 0.3298310944898408


m: 5.285714285714286

n: 30.857142857142858

epsilon: 0.5

Residual: 0.08698998271169836


m: 5.285714285714286

n: 30.857142857142858

epsilon: 0.7

Residual: 0.079871683318568


m: 5.285714285714286

n: 30.857142857142858

epsilon: 0.8999999999999999

Residual: 0.20518615633422083


m: 5.285714285714286

n: 30.857142857142858

epsilon: 1.0999999999999999

Residual: 0.2983878588393875


m: 5.285714285714286

n: 30.857142857142858

epsilon: 1.3

Residual: 0.3728102243954122


m: 5.285714285714286

n: 30.857142857142858

epsilon: 1.5

Residual: 0.43117168230726177


m: 5.285714285714286

n: 35.57142857142857

epsilon: 0.1

Residual: 0.726293338868032


m: 5.285714285714286

n: 35.57142857142857

epsilon: 0.3

Residual: 0.35400226432310733


m: 5.285714285714286

n: 35.57142857142857

epsilon: 0.5

Residual: 0.1130734110558691


m: 5.285714285714286

n: 35.57142857142857

epsilon: 0.7

Residual: 0.05724821484380822


m: 5.285714285714286

n: 35.57142857142857

epsilon: 0.8999999999999999

Residual: 0.1764859177712758


m: 5.285714285714286

n: 35.57142857142857

epsilon: 1.0999999999999999

Residual: 0.2715905414419112


m: 5.285714285714286

n: 35.57142857142857

epsilon: 1.3

Residual: 0.3488105802623627


m: 5.285714285714286

n: 35.57142857142857

epsilon: 1.5

Residual: 0.4091842951956662


m: 5.285714285714286

n: 40.285714285714285

epsilon: 0.1

Residual: 0.7357336824227054


m: 5.285714285714286

n: 40.285714285714285

epsilon: 0.3

Residual: 0.37465437516399724


m: 5.285714285714286

n: 40.285714285714285

epsilon: 0.5

Residual: 0.13783068413702423


m: 5.285714285714286

n: 40.285714285714285

epsilon: 0.7

Residual: 0.038743105876298665


m: 5.285714285714286

n: 40.285714285714285

epsilon: 0.8999999999999999

Residual: 0.1543547957983677


m: 5.285714285714286

n: 40.285714285714285

epsilon: 1.0999999999999999

Residual: 0.25407932952069506


m: 5.285714285714286

n: 40.285714285714285

epsilon: 1.3

Residual: 0.3289643910871936


m: 5.285714285714286

n: 40.285714285714285

epsilon: 1.5

Residual: 0.38988337248863186


m: 5.285714285714286

n: 45.0

epsilon: 0.1

Residual: 0.7448363200798527


m: 5.285714285714286

n: 45.0

epsilon: 0.3

Residual: 0.38984885477732356


m: 5.285714285714286

n: 45.0

epsilon: 0.5

Residual: 0.15303676330139096


m: 5.285714285714286

n: 45.0

epsilon: 0.7

Residual: 0.03248898173125662


m: 5.285714285714286

n: 45.0

epsilon: 0.8999999999999999

Residual: 0.1390134327620875


m: 5.285714285714286

n: 45.0

epsilon: 1.0999999999999999

Residual: 0.23517562835872724


m: 5.285714285714286

n: 45.0

epsilon: 1.3

Residual: 0.31221077453314516


m: 5.285714285714286

n: 45.0

epsilon: 1.5

Residual: 0.3759309570437389


m: 5.571428571428571

n: 12.0

epsilon: 0.1

Residual: 0.5842360067839346


m: 5.571428571428571

n: 12.0

epsilon: 0.3

Residual: 0.12022414205767405


m: 5.571428571428571

n: 12.0

epsilon: 0.5

Residual: 0.13616969057747658


m: 5.571428571428571

n: 12.0

epsilon: 0.7

Residual: 0.29495546744624374


m: 5.571428571428571

n: 12.0

epsilon: 0.8999999999999999

Residual: 0.4038170595660493


m: 5.571428571428571

n: 12.0

epsilon: 1.0999999999999999

Residual: 0.4857276437941581


m: 5.571428571428571

n: 12.0

epsilon: 1.3

Residual: 0.5471668783385562


m: 5.571428571428571

n: 12.0

epsilon: 1.5

Residual: 0.5946717721270749


m: 5.571428571428571

n: 16.714285714285715

epsilon: 0.1

Residual: 0.6651882764102639


m: 5.571428571428571

n: 16.714285714285715

epsilon: 0.3

Residual: 0.24444616787455065


m: 5.571428571428571

n: 16.714285714285715

epsilon: 0.5

Residual: 0.03344413863215786


m: 5.571428571428571

n: 16.714285714285715

epsilon: 0.7

Residual: 0.17183781639057794


m: 5.571428571428571

n: 16.714285714285715

epsilon: 0.8999999999999999

Residual: 0.29191463503272275


m: 5.571428571428571

n: 16.714285714285715

epsilon: 1.0999999999999999

Residual: 0.379179146790341


m: 5.571428571428571

n: 16.714285714285715

epsilon: 1.3

Residual: 0.4492091853060379


m: 5.571428571428571

n: 16.714285714285715

epsilon: 1.5

Residual: 0.5043085711825347


m: 5.571428571428571

n: 21.42857142857143

epsilon: 0.1

Residual: 0.7057566841511345


m: 5.571428571428571

n: 21.42857142857143

epsilon: 0.3

Residual: 0.31706230132419383


m: 5.571428571428571

n: 21.42857142857143

epsilon: 0.5

Residual: 0.07169929244180712


m: 5.571428571428571

n: 21.42857142857143

epsilon: 0.7

Residual: 0.0965722790066508


m: 5.571428571428571

n: 21.42857142857143

epsilon: 0.8999999999999999

Residual: 0.21835317169595073


m: 5.571428571428571

n: 21.42857142857143

epsilon: 1.0999999999999999

Residual: 0.3113053225265185


m: 5.571428571428571

n: 21.42857142857143

epsilon: 1.3

Residual: 0.38555718073134326


m: 5.571428571428571

n: 21.42857142857143

epsilon: 1.5

Residual: 0.44400702365924344


m: 5.571428571428571

n: 26.142857142857142

epsilon: 0.1

Residual: 0.7291473849753882


m: 5.571428571428571

n: 26.142857142857142

epsilon: 0.3

Residual: 0.36161992688431743


m: 5.571428571428571

n: 26.142857142857142

epsilon: 0.5

Residual: 0.12159785184838556


m: 5.571428571428571

n: 26.142857142857142

epsilon: 0.7

Residual: 0.049045361412546305


m: 5.571428571428571

n: 26.142857142857142

epsilon: 0.8999999999999999

Residual: 0.1682809473261985


m: 5.571428571428571

n: 26.142857142857142

epsilon: 1.0999999999999999

Residual: 0.26351754851288856


m: 5.571428571428571

n: 26.142857142857142

epsilon: 1.3

Residual: 0.33810912323178965


m: 5.571428571428571

n: 26.142857142857142

epsilon: 1.5

Residual: 0.4017111522872864


m: 5.571428571428571

n: 30.857142857142858

epsilon: 0.1

Residual: 0.7469978179120856


m: 5.571428571428571

n: 30.857142857142858

epsilon: 0.3

Residual: 0.3957404679861057


m: 5.571428571428571

n: 30.857142857142858

epsilon: 0.5

Residual: 0.1593306181785204


m: 5.571428571428571

n: 30.857142857142858

epsilon: 0.7

Residual: 0.015503969027812425


m: 5.571428571428571

n: 30.857142857142858

epsilon: 0.8999999999999999

Residual: 0.13251290052806


m: 5.571428571428571

n: 30.857142857142858

epsilon: 1.0999999999999999

Residual: 0.22879890701298516


m: 5.571428571428571

n: 30.857142857142858

epsilon: 1.3

Residual: 0.3064023833325979


m: 5.571428571428571

n: 30.857142857142858

epsilon: 1.5

Residual: 0.3700994601529726


m: 5.571428571428571

n: 35.57142857142857

epsilon: 0.1

Residual: 0.7592281806025325


m: 5.571428571428571

n: 35.57142857142857

epsilon: 0.3

Residual: 0.4189348247625115


m: 5.571428571428571

n: 35.57142857142857

epsilon: 0.5

Residual: 0.18649394143166906


m: 5.571428571428571

n: 35.57142857142857

epsilon: 0.7

Residual: 0.023023501167890408


m: 5.571428571428571

n: 35.57142857142857

epsilon: 0.8999999999999999

Residual: 0.10360554949675091


m: 5.571428571428571

n: 35.57142857142857

epsilon: 1.0999999999999999

Residual: 0.20157598853135955


m: 5.571428571428571

n: 35.57142857142857

epsilon: 1.3

Residual: 0.28170427791252856


m: 5.571428571428571

n: 35.57142857142857

epsilon: 1.5

Residual: 0.3463190594498626


m: 5.571428571428571

n: 40.285714285714285

epsilon: 0.1

Residual: 0.7678134232300146


m: 5.571428571428571

n: 40.285714285714285

epsilon: 0.3

Residual: 0.4385294115613581


m: 5.571428571428571

n: 40.285714285714285

epsilon: 0.5

Residual: 0.2103908421004696


m: 5.571428571428571

n: 40.285714285714285

epsilon: 0.7

Residual: 0.0463647806897887


m: 5.571428571428571

n: 40.285714285714285

epsilon: 0.8999999999999999

Residual: 0.07987271678602886


m: 5.571428571428571

n: 40.285714285714285

epsilon: 1.0999999999999999

Residual: 0.18034900822624544


m: 5.571428571428571

n: 40.285714285714285

epsilon: 1.3

Residual: 0.2581410204277891


m: 5.571428571428571

n: 40.285714285714285

epsilon: 1.5

Residual: 0.32604985549356574


m: 5.571428571428571

n: 45.0

epsilon: 0.1

Residual: 0.7768157721192182


m: 5.571428571428571

n: 45.0

epsilon: 0.3

Residual: 0.4517648990160528


m: 5.571428571428571

n: 45.0

epsilon: 0.5

Residual: 0.22720867836665856


m: 5.571428571428571

n: 45.0

epsilon: 0.7

Residual: 0.06028601161100426


m: 5.571428571428571

n: 45.0

epsilon: 0.8999999999999999

Residual: 0.06265385690482991


m: 5.571428571428571

n: 45.0

epsilon: 1.0999999999999999

Residual: 0.16221733885552084


m: 5.571428571428571

n: 45.0

epsilon: 1.3

Residual: 0.2406089261792307


m: 5.571428571428571

n: 45.0

epsilon: 1.5

Residual: 0.30878286983042735


m: 5.857142857142857

n: 12.0

epsilon: 0.1

Residual: 0.621387536438167


m: 5.857142857142857

n: 12.0

epsilon: 0.3

Residual: 0.17460085545930346


m: 5.857142857142857

n: 12.0

epsilon: 0.5

Residual: 0.0852546133339471


m: 5.857142857142857

n: 12.0

epsilon: 0.7

Residual: 0.2394006439190537


m: 5.857142857142857

n: 12.0

epsilon: 0.8999999999999999

Residual: 0.3558605462052363


m: 5.857142857142857

n: 12.0

epsilon: 1.0999999999999999

Residual: 0.4388595779620415


m: 5.857142857142857

n: 12.0

epsilon: 1.3

Residual: 0.5046595270808897


m: 5.857142857142857

n: 12.0

epsilon: 1.5

Residual: 0.5554793143448774


m: 5.857142857142857

n: 16.714285714285715

epsilon: 0.1

Residual: 0.6982547434522889


m: 5.857142857142857

n: 16.714285714285715

epsilon: 0.3

Residual: 0.30191141034775876


m: 5.857142857142857

n: 16.714285714285715

epsilon: 0.5

Residual: 0.05851979422933272


m: 5.857142857142857

n: 16.714285714285715

epsilon: 0.7

Residual: 0.11128265499171335


m: 5.857142857142857

n: 16.714285714285715

epsilon: 0.8999999999999999

Residual: 0.23044641872780341


m: 5.857142857142857

n: 16.714285714285715

epsilon: 1.0999999999999999

Residual: 0.32420885008610945


m: 5.857142857142857

n: 16.714285714285715

epsilon: 1.3

Residual: 0.39628051761962313


m: 5.857142857142857

n: 16.714285714285715

epsilon: 1.5

Residual: 0.45641914289106467


m: 5.857142857142857

n: 21.42857142857143

epsilon: 0.1

Residual: 0.7365364784100301


m: 5.857142857142857

n: 21.42857142857143

epsilon: 0.3

Residual: 0.37423646217936557


m: 5.857142857142857

n: 21.42857142857143

epsilon: 0.5

Residual: 0.14056668374011558


m: 5.857142857142857

n: 21.42857142857143

epsilon: 0.7

Residual: 0.03955052003697394


m: 5.857142857142857

n: 21.42857142857143

epsilon: 0.8999999999999999

Residual: 0.15504972323676716


m: 5.857142857142857

n: 21.42857142857143

epsilon: 1.0999999999999999

Residual: 0.2515929249685533


m: 5.857142857142857

n: 21.42857142857143

epsilon: 1.3

Residual: 0.3290637410936135


m: 5.857142857142857

n: 21.42857142857143

epsilon: 1.5

Residual: 0.39014552848860323


m: 5.857142857142857

n: 26.142857142857142

epsilon: 0.1

Residual: 0.7591965085654521


m: 5.857142857142857

n: 26.142857142857142

epsilon: 0.3

Residual: 0.4191770775896516


m: 5.857142857142857

n: 26.142857142857142

epsilon: 0.5

Residual: 0.18740415444505473


m: 5.857142857142857

n: 26.142857142857142

epsilon: 0.7

Residual: 0.024917664350521597


m: 5.857142857142857

n: 26.142857142857142

epsilon: 0.8999999999999999

Residual: 0.10275120186891978


m: 5.857142857142857

n: 26.142857142857142

epsilon: 1.0999999999999999

Residual: 0.2006429976938498


m: 5.857142857142857

n: 26.142857142857142

epsilon: 1.3

Residual: 0.27774966901548254


m: 5.857142857142857

n: 26.142857142857142

epsilon: 1.5

Residual: 0.344985129433259


m: 5.857142857142857

n: 30.857142857142858

epsilon: 0.1

Residual: 0.775910217913336


m: 5.857142857142857

n: 30.857142857142858

epsilon: 0.3

Residual: 0.4489642387034616


m: 5.857142857142857

n: 30.857142857142858

epsilon: 0.5

Residual: 0.22480960547228243


m: 5.857142857142857

n: 30.857142857142858

epsilon: 0.7

Residual: 0.06128594938504891


m: 5.857142857142857

n: 30.857142857142858

epsilon: 0.8999999999999999

Residual: 0.0680832632956391


m: 5.857142857142857

n: 30.857142857142858

epsilon: 1.0999999999999999

Residual: 0.16616374116853372


m: 5.857142857142857

n: 30.857142857142858

epsilon: 1.3

Residual: 0.24323531797246337


m: 5.857142857142857

n: 30.857142857142858

epsilon: 1.5

Residual: 0.3078253919051735


m: 5.857142857142857

n: 35.57142857142857

epsilon: 0.1

Residual: 0.786364330656243


m: 5.857142857142857

n: 35.57142857142857

epsilon: 0.3

Residual: 0.47169327481976797


m: 5.857142857142857

n: 35.57142857142857

epsilon: 0.5

Residual: 0.2523801555379278


m: 5.857142857142857

n: 35.57142857142857

epsilon: 0.7

Residual: 0.0926115346192533


m: 5.857142857142857

n: 35.57142857142857

epsilon: 0.8999999999999999

Residual: 0.046263560767413836


m: 5.857142857142857

n: 35.57142857142857

epsilon: 1.0999999999999999

Residual: 0.13211063238282092


m: 5.857142857142857

n: 35.57142857142857

epsilon: 1.3

Residual: 0.21506434926493417


m: 5.857142857142857

n: 35.57142857142857

epsilon: 1.5

Residual: 0.28331797938743436


m: 5.857142857142857

n: 40.285714285714285

epsilon: 0.1

Residual: 0.7962593478596938


m: 5.857142857142857

n: 40.285714285714285

epsilon: 0.3

Residual: 0.4924936166920364


m: 5.857142857142857

n: 40.285714285714285

epsilon: 0.5

Residual: 0.2763763225750608


m: 5.857142857142857

n: 40.285714285714285

epsilon: 0.7

Residual: 0.11446448608697196


m: 5.857142857142857

n: 40.285714285714285

epsilon: 0.8999999999999999

Residual: 0.035310160003618356


m: 5.857142857142857

n: 40.285714285714285

epsilon: 1.0999999999999999

Residual: 0.11197800190124926


m: 5.857142857142857

n: 40.285714285714285

epsilon: 1.3

Residual: 0.1914561261296829


m: 5.857142857142857

n: 40.285714285714285

epsilon: 1.5

Residual: 0.2595491480351137


m: 5.857142857142857

n: 45.0

epsilon: 0.1

Residual: 0.8029164375565515


m: 5.857142857142857

n: 45.0

epsilon: 0.3

Residual: 0.5053109889289266


m: 5.857142857142857

n: 45.0

epsilon: 0.5

Residual: 0.29116123671668603


m: 5.857142857142857

n: 45.0

epsilon: 0.7

Residual: 0.13282080918453298


m: 5.857142857142857

n: 45.0

epsilon: 0.8999999999999999

Residual: 0.02505084713383711


m: 5.857142857142857

n: 45.0

epsilon: 1.0999999999999999

Residual: 0.0941184407397738


m: 5.857142857142857

n: 45.0

epsilon: 1.3

Residual: 0.17437843255751453


m: 5.857142857142857

n: 45.0

epsilon: 1.5

Residual: 0.24331950803937974


m: 6.142857142857142

n: 12.0

epsilon: 0.1

Residual: 0.653086061920501


m: 6.142857142857142

n: 12.0

epsilon: 0.3

Residual: 0.22795796543487476


m: 6.142857142857142

n: 12.0

epsilon: 0.5

Residual: 0.0492838676004897


m: 6.142857142857142

n: 12.0

epsilon: 0.7

Residual: 0.1905678541490782


m: 6.142857142857142

n: 12.0

epsilon: 0.8999999999999999

Residual: 0.3061447374567055


m: 6.142857142857142

n: 12.0

epsilon: 1.0999999999999999

Residual: 0.3962495451011312


m: 6.142857142857142

n: 12.0

epsilon: 1.3

Residual: 0.46272076020897274


m: 6.142857142857142

n: 12.0

epsilon: 1.5

Residual: 0.5171386800544664


m: 6.142857142857142

n: 16.714285714285715

epsilon: 0.1

Residual: 0.7253408437161973


m: 6.142857142857142

n: 16.714285714285715

epsilon: 0.3

Residual: 0.3563546146403683


m: 6.142857142857142

n: 16.714285714285715

epsilon: 0.5

Residual: 0.1157945312824035


m: 6.142857142857142

n: 16.714285714285715

epsilon: 0.7

Residual: 0.07110022862443675


m: 6.142857142857142

n: 16.714285714285715

epsilon: 0.8999999999999999

Residual: 0.18007401692820668


m: 6.142857142857142

n: 16.714285714285715

epsilon: 1.0999999999999999

Residual: 0.27272071958955474


m: 6.142857142857142

n: 16.714285714285715

epsilon: 1.3

Residual: 0.34766956539219707


m: 6.142857142857142

n: 16.714285714285715

epsilon: 1.5

Residual: 0.4078622635898758


m: 6.142857142857142

n: 21.42857142857143

epsilon: 0.1

Residual: 0.7623426800678522


m: 6.142857142857142

n: 21.42857142857143

epsilon: 0.3

Residual: 0.4230882837904775


m: 6.142857142857142

n: 21.42857142857143

epsilon: 0.5

Residual: 0.19465199241267567


m: 6.142857142857142

n: 21.42857142857143

epsilon: 0.7

Residual: 0.041657455983434795


m: 6.142857142857142

n: 21.42857142857143

epsilon: 0.8999999999999999

Residual: 0.10531279344323773


m: 6.142857142857142

n: 21.42857142857143

epsilon: 1.0999999999999999

Residual: 0.19422767623191536


m: 6.142857142857142

n: 21.42857142857143

epsilon: 1.3

Residual: 0.27125026697364957


m: 6.142857142857142

n: 21.42857142857143

epsilon: 1.5

Residual: 0.337695326009867


m: 6.142857142857142

n: 26.142857142857142

epsilon: 0.1

Residual: 0.7852303304795549


m: 6.142857142857142

n: 26.142857142857142

epsilon: 0.3

Residual: 0.4671139504140879


m: 6.142857142857142

n: 26.142857142857142

epsilon: 0.5

Residual: 0.2448154668654781


m: 6.142857142857142

n: 26.142857142857142

epsilon: 0.7

Residual: 0.08483060189752664


m: 6.142857142857142

n: 26.142857142857142

epsilon: 0.8999999999999999

Residual: 0.07036386038197515


m: 6.142857142857142

n: 26.142857142857142

epsilon: 1.0999999999999999

Residual: 0.14601198120792813


m: 6.142857142857142

n: 26.142857142857142

epsilon: 1.3

Residual: 0.2219455972543963


m: 6.142857142857142

n: 26.142857142857142

epsilon: 1.5

Residual: 0.28847374671563275


m: 6.142857142857142

n: 30.857142857142858

epsilon: 0.1

Residual: 0.7991280535874034


m: 6.142857142857142

n: 30.857142857142858

epsilon: 0.3

Residual: 0.4985359756638265


m: 6.142857142857142

n: 30.857142857142858

epsilon: 0.5

Residual: 0.28614375959924715


m: 6.142857142857142

n: 30.857142857142858

epsilon: 0.7

Residual: 0.12391588736379143


m: 6.142857142857142

n: 30.857142857142858

epsilon: 0.8999999999999999

Residual: 0.05001313200082944


m: 6.142857142857142

n: 30.857142857142858

epsilon: 1.0999999999999999

Residual: 0.11278287234235691


m: 6.142857142857142

n: 30.857142857142858

epsilon: 1.3

Residual: 0.1858474807260235


m: 6.142857142857142

n: 30.857142857142858

epsilon: 1.5

Residual: 0.24961507885107292


m: 6.142857142857142

n: 35.57142857142857

epsilon: 0.1

Residual: 0.8114064160387456


m: 6.142857142857142

n: 35.57142857142857

epsilon: 0.3

Residual: 0.5218198011293768


m: 6.142857142857142

n: 35.57142857142857

epsilon: 0.5

Residual: 0.31390148017738456


m: 6.142857142857142

n: 35.57142857142857

epsilon: 0.7

Residual: 0.15410154261934883


m: 6.142857142857142

n: 35.57142857142857

epsilon: 0.8999999999999999

Residual: 0.04827008323026085


m: 6.142857142857142

n: 35.57142857142857

epsilon: 1.0999999999999999

Residual: 0.09259674026443744


m: 6.142857142857142

n: 35.57142857142857

epsilon: 1.3

Residual: 0.1570795985414212


m: 6.142857142857142

n: 35.57142857142857

epsilon: 1.5

Residual: 0.22119188174681795


m: 6.142857142857142

n: 40.285714285714285

epsilon: 0.1

Residual: 0.8182161533750364


m: 6.142857142857142

n: 40.285714285714285

epsilon: 0.3

Residual: 0.5391611365034027


m: 6.142857142857142

n: 40.285714285714285

epsilon: 0.5

Residual: 0.3333551100885061


m: 6.142857142857142

n: 40.285714285714285

epsilon: 0.7

Residual: 0.17511383160622013


m: 6.142857142857142

n: 40.285714285714285

epsilon: 0.8999999999999999

Residual: 0.05743054842957541


m: 6.142857142857142

n: 40.285714285714285

epsilon: 1.0999999999999999

Residual: 0.07731998140563986


m: 6.142857142857142

n: 40.285714285714285

epsilon: 1.3

Residual: 0.13510064422169046


m: 6.142857142857142

n: 40.285714285714285

epsilon: 1.5

Residual: 0.2013658102835572


m: 6.142857142857142

n: 45.0

epsilon: 0.1

Residual: 0.825227278605216


m: 6.142857142857142

n: 45.0

epsilon: 0.3

Residual: 0.5521311115172265


m: 6.142857142857142

n: 45.0

epsilon: 0.5

Residual: 0.35359032374035393


m: 6.142857142857142

n: 45.0

epsilon: 0.7

Residual: 0.19825420192028223


m: 6.142857142857142

n: 45.0

epsilon: 0.8999999999999999

Residual: 0.07384839848498395


m: 6.142857142857142

n: 45.0

epsilon: 1.0999999999999999

Residual: 0.06429389892587145


m: 6.142857142857142

n: 45.0

epsilon: 1.3

Residual: 0.12102058297620691


m: 6.142857142857142

n: 45.0

epsilon: 1.5

Residual: 0.18242516925505456


m: 6.428571428571429

n: 12.0

epsilon: 0.1

Residual: 0.6814608688345664


m: 6.428571428571429

n: 12.0

epsilon: 0.3

Residual: 0.27246952970423954


m: 6.428571428571429

n: 12.0

epsilon: 0.5

Residual: 0.04451480990144705


m: 6.428571428571429

n: 12.0

epsilon: 0.7

Residual: 0.14417394377530035


m: 6.428571428571429

n: 12.0

epsilon: 0.8999999999999999

Residual: 0.26082797517763157


m: 6.428571428571429

n: 12.0

epsilon: 1.0999999999999999

Residual: 0.35282783840526094


m: 6.428571428571429

n: 12.0

epsilon: 1.3

Residual: 0.42151032195418014


m: 6.428571428571429

n: 12.0

epsilon: 1.5

Residual: 0.4783272955652461


m: 6.428571428571429

n: 16.714285714285715

epsilon: 0.1

Residual: 0.7500362116417679


m: 6.428571428571429

n: 16.714285714285715

epsilon: 0.3

Residual: 0.4012755125723689


m: 6.428571428571429

n: 16.714285714285715

epsilon: 0.5

Residual: 0.16815014060735448


m: 6.428571428571429

n: 16.714285714285715

epsilon: 0.7

Residual: 0.057450854847791256


m: 6.428571428571429

n: 16.714285714285715

epsilon: 0.8999999999999999

Residual: 0.13784380053262088


m: 6.428571428571429

n: 16.714285714285715

epsilon: 1.0999999999999999

Residual: 0.22610114358855898


m: 6.428571428571429

n: 16.714285714285715

epsilon: 1.3

Residual: 0.297324998922397


m: 6.428571428571429

n: 16.714285714285715

epsilon: 1.5

Residual: 0.3631209237651512


m: 6.428571428571429

n: 21.42857142857143

epsilon: 0.1

Residual: 0.7849465650321843


m: 6.428571428571429

n: 21.42857142857143

epsilon: 0.3

Residual: 0.466556801456331


m: 6.428571428571429

n: 21.42857142857143

epsilon: 0.5

Residual: 0.24877015281036616


m: 6.428571428571429

n: 21.42857142857143

epsilon: 0.7

Residual: 0.08406728766024989


m: 6.428571428571429

n: 21.42857142857143

epsilon: 0.8999999999999999

Residual: 0.0877314846318358


m: 6.428571428571429

n: 21.42857142857143

epsilon: 1.0999999999999999

Residual: 0.15717279533335543


m: 6.428571428571429

n: 21.42857142857143

epsilon: 1.3

Residual: 0.2272326556213401


m: 6.428571428571429

n: 21.42857142857143

epsilon: 1.5

Residual: 0.2872550999395826


m: 6.428571428571429

n: 26.142857142857142

epsilon: 0.1

Residual: 0.805974867365982


m: 6.428571428571429

n: 26.142857142857142

epsilon: 0.3

Residual: 0.5127408731560525


m: 6.428571428571429

n: 26.142857142857142

epsilon: 0.5

Residual: 0.30479316118759786


m: 6.428571428571429

n: 26.142857142857142

epsilon: 0.7

Residual: 0.14031410100101976


m: 6.428571428571429

n: 26.142857142857142

epsilon: 0.8999999999999999

Residual: 0.06979806016337355


m: 6.428571428571429

n: 26.142857142857142

epsilon: 1.0999999999999999

Residual: 0.11673867617756327


m: 6.428571428571429

n: 26.142857142857142

epsilon: 1.3

Residual: 0.17731025861547686


m: 6.428571428571429

n: 26.142857142857142

epsilon: 1.5

Residual: 0.23827578726281484


m: 6.428571428571429

n: 30.857142857142858

epsilon: 0.1

Residual: 0.8203216425035927


m: 6.428571428571429

n: 30.857142857142858

epsilon: 0.3

Residual: 0.5428000594727389


m: 6.428571428571429

n: 30.857142857142858

epsilon: 0.5

Residual: 0.3383334902629044


m: 6.428571428571429

n: 30.857142857142858

epsilon: 0.7

Residual: 0.17942034993521153


m: 6.428571428571429

n: 30.857142857142858

epsilon: 0.8999999999999999

Residual: 0.06850000469029195


m: 6.428571428571429

n: 30.857142857142858

epsilon: 1.0999999999999999

Residual: 0.09145071761291998


m: 6.428571428571429

n: 30.857142857142858

epsilon: 1.3

Residual: 0.14457212509705838


m: 6.428571428571429

n: 30.857142857142858

epsilon: 1.5

Residual: 0.20488938003282248


m: 6.428571428571429

n: 35.57142857142857

epsilon: 0.1

Residual: 0.8307810535777906


m: 6.428571428571429

n: 35.57142857142857

epsilon: 0.3

Residual: 0.5640120913388785


m: 6.428571428571429

n: 35.57142857142857

epsilon: 0.5

Residual: 0.36331433830519066


m: 6.428571428571429

n: 35.57142857142857

epsilon: 0.7

Residual: 0.2126818353380327


m: 6.428571428571429

n: 35.57142857142857

epsilon: 0.8999999999999999

Residual: 0.09306732035928365


m: 6.428571428571429

n: 35.57142857142857

epsilon: 1.0999999999999999

Residual: 0.08302331435944801


m: 6.428571428571429

n: 35.57142857142857

epsilon: 1.3

Residual: 0.12364269441083225


m: 6.428571428571429

n: 35.57142857142857

epsilon: 1.5

Residual: 0.17855312216946806


m: 6.428571428571429

n: 40.285714285714285

epsilon: 0.1

Residual: 0.837775012253543


m: 6.428571428571429

n: 40.285714285714285

epsilon: 0.3

Residual: 0.5829345052966515


m: 6.428571428571429

n: 40.285714285714285

epsilon: 0.5

Residual: 0.3818739361685318


m: 6.428571428571429

n: 40.285714285714285

epsilon: 0.7

Residual: 0.23428793877812468


m: 6.428571428571429

n: 40.285714285714285

epsilon: 0.8999999999999999

Residual: 0.11352924742789575


m: 6.428571428571429

n: 40.285714285714285

epsilon: 1.0999999999999999

Residual: 0.07600701705893448


m: 6.428571428571429

n: 40.285714285714285

epsilon: 1.3

Residual: 0.11384208625684226


m: 6.428571428571429

n: 40.285714285714285

epsilon: 1.5

Residual: 0.158082430094749


m: 6.428571428571429

n: 45.0

epsilon: 0.1

Residual: 0.8431270141885868


m: 6.428571428571429

n: 45.0

epsilon: 0.3

Residual: 0.5934989270942662


m: 6.428571428571429

n: 45.0

epsilon: 0.5

Residual: 0.4018742935695657


m: 6.428571428571429

n: 45.0

epsilon: 0.7

Residual: 0.24799068589551168


m: 6.428571428571429

n: 45.0

epsilon: 0.8999999999999999

Residual: 0.13430822940548323


m: 6.428571428571429

n: 45.0

epsilon: 1.0999999999999999

Residual: 0.07820245663934866


m: 6.428571428571429

n: 45.0

epsilon: 1.3

Residual: 0.10178539329125545


m: 6.428571428571429

n: 45.0

epsilon: 1.5

Residual: 0.14646017161017807


m: 6.714285714285714

n: 12.0

epsilon: 0.1

Residual: 0.7035580058953568


m: 6.714285714285714

n: 12.0

epsilon: 0.3

Residual: 0.31765830485592367


m: 6.714285714285714

n: 12.0

epsilon: 0.5

Residual: 0.07363473507317071


m: 6.714285714285714

n: 12.0

epsilon: 0.7

Residual: 0.12073016719723079


m: 6.714285714285714

n: 12.0

epsilon: 0.8999999999999999

Residual: 0.22231118599027075


m: 6.714285714285714

n: 12.0

epsilon: 1.0999999999999999

Residual: 0.3124197256837949


m: 6.714285714285714

n: 12.0

epsilon: 1.3

Residual: 0.3853853806643308


m: 6.714285714285714

n: 12.0

epsilon: 1.5

Residual: 0.4445519047057046


m: 6.714285714285714

n: 16.714285714285715

epsilon: 0.1

Residual: 0.770828876829193


m: 6.714285714285714

n: 16.714285714285715

epsilon: 0.3

Residual: 0.4425342000140605


m: 6.714285714285714

n: 16.714285714285715

epsilon: 0.5

Residual: 0.21166308562389935


m: 6.714285714285714

n: 16.714285714285715

epsilon: 0.7

Residual: 0.06931968563798299


m: 6.714285714285714

n: 16.714285714285715

epsilon: 0.8999999999999999

Residual: 0.12199442385719188


m: 6.714285714285714

n: 16.714285714285715

epsilon: 1.0999999999999999

Residual: 0.1911016206616027


m: 6.714285714285714

n: 16.714285714285715

epsilon: 1.3

Residual: 0.26117962763634656


m: 6.714285714285714

n: 16.714285714285715

epsilon: 1.5

Residual: 0.32098412214871214


m: 6.714285714285714

n: 21.42857142857143

epsilon: 0.1

Residual: 0.8037744909647416


m: 6.714285714285714

n: 21.42857142857143

epsilon: 0.3

Residual: 0.5080164177554


m: 6.714285714285714

n: 21.42857142857143

epsilon: 0.5

Residual: 0.2965630286269979


m: 6.714285714285714

n: 21.42857142857143

epsilon: 0.7

Residual: 0.13724743606700676


m: 6.714285714285714

n: 21.42857142857143

epsilon: 0.8999999999999999

Residual: 0.08776520226669583


m: 6.714285714285714

n: 21.42857142857143

epsilon: 1.0999999999999999

Residual: 0.13398313385284105


m: 6.714285714285714

n: 21.42857142857143

epsilon: 1.3

Residual: 0.19299751051851885


m: 6.714285714285714

n: 21.42857142857143

epsilon: 1.5

Residual: 0.25273277975263553


m: 6.714285714285714

n: 26.142857142857142

epsilon: 0.1

Residual: 0.823273829843889


m: 6.714285714285714

n: 26.142857142857142

epsilon: 0.3

Residual: 0.5496554484957206


m: 6.714285714285714

n: 26.142857142857142

epsilon: 0.5

Residual: 0.34875400788011235


m: 6.714285714285714

n: 26.142857142857142

epsilon: 0.7

Residual: 0.19348443810323926


m: 6.714285714285714

n: 26.142857142857142

epsilon: 0.8999999999999999

Residual: 0.08569885314513725


m: 6.714285714285714

n: 26.142857142857142

epsilon: 1.0999999999999999

Residual: 0.10897262980319605


m: 6.714285714285714

n: 26.142857142857142

epsilon: 1.3

Residual: 0.15526208015115886


m: 6.714285714285714

n: 26.142857142857142

epsilon: 1.5

Residual: 0.20736039016858246


m: 6.714285714285714

n: 30.857142857142858

epsilon: 0.1

Residual: 0.8367394932174269


m: 6.714285714285714

n: 30.857142857142858

epsilon: 0.3

Residual: 0.5825486423949621


m: 6.714285714285714

n: 30.857142857142858

epsilon: 0.5

Residual: 0.3857791997989218


m: 6.714285714285714

n: 30.857142857142858

epsilon: 0.7

Residual: 0.2368461784215002


m: 6.714285714285714

n: 30.857142857142858

epsilon: 0.8999999999999999

Residual: 0.109409263423073


m: 6.714285714285714

n: 30.857142857142858

epsilon: 1.0999999999999999

Residual: 0.09856049177198022


m: 6.714285714285714

n: 30.857142857142858

epsilon: 1.3

Residual: 0.12972158732370515


m: 6.714285714285714

n: 30.857142857142858

epsilon: 1.5

Residual: 0.17593235636923746


m: 6.714285714285714

n: 35.57142857142857

epsilon: 0.1

Residual: 0.846572154269727


m: 6.714285714285714

n: 35.57142857142857

epsilon: 0.3

Residual: 0.5983838910274014


m: 6.714285714285714

n: 35.57142857142857

epsilon: 0.5

Residual: 0.41164516097322623


m: 6.714285714285714

n: 35.57142857142857

epsilon: 0.7

Residual: 0.26602308899856075


m: 6.714285714285714

n: 35.57142857142857

epsilon: 0.8999999999999999

Residual: 0.14306054737746005


m: 6.714285714285714

n: 35.57142857142857

epsilon: 1.0999999999999999

Residual: 0.09837143569358561


m: 6.714285714285714

n: 35.57142857142857

epsilon: 1.3

Residual: 0.11764128846396907


m: 6.714285714285714

n: 35.57142857142857

epsilon: 1.5

Residual: 0.15599017579602784


m: 6.714285714285714

n: 40.285714285714285

epsilon: 0.1

Residual: 0.8543110627656878


m: 6.714285714285714

n: 40.285714285714285

epsilon: 0.3

Residual: 0.6188031705037631


m: 6.714285714285714

n: 40.285714285714285

epsilon: 0.5

Residual: 0.43212853851400934


m: 6.714285714285714

n: 40.285714285714285

epsilon: 0.7

Residual: 0.28808709097840496


m: 6.714285714285714

n: 40.285714285714285

epsilon: 0.8999999999999999

Residual: 0.16831015647906986


m: 6.714285714285714

n: 40.285714285714285

epsilon: 1.0999999999999999

Residual: 0.09809164290670871


m: 6.714285714285714

n: 40.285714285714285

epsilon: 1.3

Residual: 0.1089842587671404


m: 6.714285714285714

n: 40.285714285714285

epsilon: 1.5

Residual: 0.14266705558946638


m: 6.714285714285714

n: 45.0

epsilon: 0.1

Residual: 0.8580677814252186


m: 6.714285714285714

n: 45.0

epsilon: 0.3

Residual: 0.6281831243726075


m: 6.714285714285714

n: 45.0

epsilon: 0.5

Residual: 0.45048489164227756


m: 6.714285714285714

n: 45.0

epsilon: 0.7

Residual: 0.304256743988429


m: 6.714285714285714

n: 45.0

epsilon: 0.8999999999999999

Residual: 0.1901726396450267


m: 6.714285714285714

n: 45.0

epsilon: 1.0999999999999999

Residual: 0.10570055030630889


m: 6.714285714285714

n: 45.0

epsilon: 1.3

Residual: 0.10441558734110372


m: 6.714285714285714

n: 45.0

epsilon: 1.5

Residual: 0.13287347067557667


m: 7.0

n: 12.0

epsilon: 0.1

Residual: 0.7263032568949517


m: 7.0

n: 12.0

epsilon: 0.3

Residual: 0.35491708085690077


m: 7.0

n: 12.0

epsilon: 0.5

Residual: 0.1140265820109125


m: 7.0

n: 12.0

epsilon: 0.7

Residual: 0.10278682625484958


m: 7.0

n: 12.0

epsilon: 0.8999999999999999

Residual: 0.19613914333878169


m: 7.0

n: 12.0

epsilon: 1.0999999999999999

Residual: 0.27883681382404396


m: 7.0

n: 12.0

epsilon: 1.3

Residual: 0.3502994601621215


m: 7.0

n: 12.0

epsilon: 1.5

Residual: 0.40974635702489165


m: 7.0

n: 16.714285714285715

epsilon: 0.1

Residual: 0.7893246766135572


m: 7.0

n: 16.714285714285715

epsilon: 0.3

Residual: 0.4800440701879697


m: 7.0

n: 16.714285714285715

epsilon: 0.5

Residual: 0.2601688182398848


m: 7.0

n: 16.714285714285715

epsilon: 0.7

Residual: 0.09731090317434893


m: 7.0

n: 16.714285714285715

epsilon: 0.8999999999999999

Residual: 0.11062127080139236


m: 7.0

n: 16.714285714285715

epsilon: 1.0999999999999999

Residual: 0.1733997448119009


m: 7.0

n: 16.714285714285715

epsilon: 1.3

Residual: 0.23420615557378827


m: 7.0

n: 16.714285714285715

epsilon: 1.5

Residual: 0.2939541971382927


m: 7.0

n: 21.42857142857143

epsilon: 0.1

Residual: 0.8206534849367114


m: 7.0

n: 21.42857142857143

epsilon: 0.3

Residual: 0.5423167155524184


m: 7.0

n: 21.42857142857143

epsilon: 0.5

Residual: 0.3394792771330709


m: 7.0

n: 21.42857142857143

epsilon: 0.7

Residual: 0.18248163086016955


m: 7.0

n: 21.42857142857143

epsilon: 0.8999999999999999

Residual: 0.09810341071356128


m: 7.0

n: 21.42857142857143

epsilon: 1.0999999999999999

Residual: 0.1296768698954642


m: 7.0

n: 21.42857142857143

epsilon: 1.3

Residual: 0.17311781295884948


m: 7.0

n: 21.42857142857143

epsilon: 1.5

Residual: 0.22671518383689415


m: 7.0

n: 26.142857142857142

epsilon: 0.1

Residual: 0.8395933456485581


m: 7.0

n: 26.142857142857142

epsilon: 0.3

Residual: 0.5860044842875447


m: 7.0

n: 26.142857142857142

epsilon: 0.5

Residual: 0.38715846901584205


m: 7.0

n: 26.142857142857142

epsilon: 0.7

Residual: 0.2403014333597639


m: 7.0

n: 26.142857142857142

epsilon: 0.8999999999999999

Residual: 0.12682925974902198


m: 7.0

n: 26.142857142857142

epsilon: 1.0999999999999999

Residual: 0.11018433874995247


m: 7.0

n: 26.142857142857142

epsilon: 1.3

Residual: 0.14666340898334793


m: 7.0

n: 26.142857142857142

epsilon: 1.5

Residual: 0.1835296310978195


m: 7.0

n: 30.857142857142858

epsilon: 0.1

Residual: 0.8509437859248532


m: 7.0

n: 30.857142857142858

epsilon: 0.3

Residual: 0.6127076584877856


m: 7.0

n: 30.857142857142858

epsilon: 0.5

Residual: 0.42726683946495125


m: 7.0

n: 30.857142857142858

epsilon: 0.7

Residual: 0.28275273784461236


m: 7.0

n: 30.857142857142858

epsilon: 0.8999999999999999

Residual: 0.164222523172269


m: 7.0

n: 30.857142857142858

epsilon: 1.0999999999999999

Residual: 0.11331657796282031


m: 7.0

n: 30.857142857142858

epsilon: 1.3

Residual: 0.13174232698673483


m: 7.0

n: 30.857142857142858

epsilon: 1.5

Residual: 0.16718815109504914


m: 7.0

n: 35.57142857142857

epsilon: 0.1

Residual: 0.8606215534758203


m: 7.0

n: 35.57142857142857

epsilon: 0.3

Residual: 0.6307860797443213


m: 7.0

n: 35.57142857142857

epsilon: 0.5

Residual: 0.45350803100539805


m: 7.0

n: 35.57142857142857

epsilon: 0.7

Residual: 0.3097514561825089


m: 7.0

n: 35.57142857142857

epsilon: 0.8999999999999999

Residual: 0.19348504141814712


m: 7.0

n: 35.57142857142857

epsilon: 1.0999999999999999

Residual: 0.12303315647083427


m: 7.0

n: 35.57142857142857

epsilon: 1.3

Residual: 0.12360688119976695


m: 7.0

n: 35.57142857142857

epsilon: 1.5

Residual: 0.15115167219494322


m: 7.0

n: 40.285714285714285

epsilon: 0.1

Residual: 0.8660412121610682


m: 7.0

n: 40.285714285714285

epsilon: 0.3

Residual: 0.6453287125875738


m: 7.0

n: 40.285714285714285

epsilon: 0.5

Residual: 0.475036623671634


m: 7.0

n: 40.285714285714285

epsilon: 0.7

Residual: 0.3317967914977371


m: 7.0

n: 40.285714285714285

epsilon: 0.8999999999999999

Residual: 0.22077114891739907


m: 7.0

n: 40.285714285714285

epsilon: 1.0999999999999999

Residual: 0.1301310084363649


m: 7.0

n: 40.285714285714285

epsilon: 1.3

Residual: 0.12067668542025121


m: 7.0

n: 40.285714285714285

epsilon: 1.5

Residual: 0.14005735922184803


m: 7.0

n: 45.0

epsilon: 0.1

Residual: 0.8723884510276523


m: 7.0

n: 45.0

epsilon: 0.3

Residual: 0.6608251922902342


m: 7.0

n: 45.0

epsilon: 0.5

Residual: 0.49044234097432843


m: 7.0

n: 45.0

epsilon: 0.7

Residual: 0.35570301828567624


m: 7.0

n: 45.0

epsilon: 0.8999999999999999

Residual: 0.2408839180113705


m: 7.0

n: 45.0

epsilon: 1.0999999999999999

Residual: 0.1452827452380277


m: 7.0

n: 45.0

epsilon: 1.3

Residual: 0.12367067902256318


m: 7.0

n: 45.0

epsilon: 1.5

Residual: 0.13258228604673722


