m: 5.857142857142857

epsilon: 0.8999999999999999

n: 30.857142857142858

Residual: 0.12232463477040256


m: 6.1499999999999995

epsilon: 0.8999999999999999

n: 30.857142857142858

Residual: 0.239786194754876


m: 5.857142857142857

epsilon: 0.945

n: 30.857142857142858

Residual: 0.16415928471264243


m: 5.857142857142857

epsilon: 0.8999999999999999

n: 32.4

Residual: 0.10988534839824689


m: 5.564285714285714

epsilon: 0.9299999999999999

n: 31.885714285714283

Residual: 0.3488079120976823


m: 6.003571428571428

epsilon: 0.9075

n: 31.114285714285714

Residual: 0.10001634122220804


m: 5.954761904761905

epsilon: 0.8599999999999998

n: 32.05714285714285

Residual: 0.19776352422817203


m: 5.881547619047619

epsilon: 0.9237499999999998

n: 31.15714285714286

Residual: 0.12211545766977748


m: 5.971031746031746

epsilon: 0.9208333333333332

n: 32.25714285714287

Residual: 0.09211810091609636


m: 6.02797619047619

epsilon: 0.9312499999999999

n: 32.95714285714286

Residual: 0.12457031838058473


m: 6.006283068783069

epsilon: 0.8951388888888889

n: 32.69047619047619

Residual: 0.17138284288652067


m: 5.912731481481481

epsilon: 0.9165972222222221

n: 31.54047619047619

Residual: 0.10085214410038851


m: 6.067746913580247

epsilon: 0.9299537037037038

n: 30.87460317460318

Residual: 0.10701506830836502


m: 6.015095899470898

epsilon: 0.9224652777777778

n: 31.255952380952383

Residual: 0.10201597223502379


m: 5.909793871252205

epsilon: 0.9074884259259259

n: 32.01865079365079

Residual: 0.10040913875905506


m: 6.010199882422105

epsilon: 0.9072839506172841

n: 32.05291005291006

Residual: 0.14309439066276597


m: 5.937098581716637

epsilon: 0.9142689043209875

n: 31.668584656084658

Residual: 0.09085016149922817


m: 6.031340632961003

epsilon: 0.9209130658436213

n: 31.341358024691367

Residual: 0.1034571217201401


m: 5.940180561679405

epsilon: 0.9108445859053498

n: 31.849327601410934

Residual: 0.09165825412388783


m: 5.895302497713763

epsilon: 0.9231312157064469

n: 32.7357510288066

Residual: 0.09488030758440902


m: 5.922369730428179

epsilon: 0.9192234117798351

n: 32.330384700176374

Residual: 0.09467486435170977


m: 5.976504195857012

epsilon: 0.9114078039266117

n: 31.519652042915936

Residual: 0.09842525332939878


m: 5.935903346785388

epsilon: 0.9172695098165293

n: 32.12770153586126

Residual: 0.09563243084008238


m: 5.938639571698021

epsilon: 0.9125567451131686

n: 31.758956128747798

Residual: 0.08823966803254552


m: 5.9540651638741915

epsilon: 0.9175511188271603

n: 31.962863756613764

Residual: 0.08968657712336311


m: 5.929734156072408

epsilon: 0.9167461580504113

n: 31.999484678130514

Residual: 0.09100857864593874


m: 5.956801388786825

epsilon: 0.9128383541237999

n: 31.5941183495003

Residual: 0.09748096718942077


m: 5.936500964251012

epsilon: 0.9157692070687584

n: 31.898143095972962

Residual: 0.0875971460919558


m: 5.9490385514988455

epsilon: 0.916315809685071

n: 32.0780573314717

Residual: 0.09465154076077485


m: 5.940083574162189

epsilon: 0.9147806306620083

n: 31.770952824931417

Residual: 0.09484413440316508


m: 5.937570267974516

epsilon: 0.9141629760909635

n: 31.82854961236038

Residual: 0.0934411507747997


m: 5.945283064062602

epsilon: 0.9166601629479594

n: 31.930503426293363

Residual: 0.09148756660727711


m: 5.936799772983825

epsilon: 0.915019055694873

n: 31.783363876028808

Residual: 0.09049686930368976


m: 5.94148559955711

epsilon: 0.9174693077167637

n: 31.912790653169704

Residual: 0.09500338732475422


m: 5.938549100870165

epsilon: 0.9149895589974135

n: 31.84960987256271

Residual: 0.08904350039203725


m: 5.929283494674065

epsilon: 0.9138583848927373

n: 31.75690780341629

Residual: 0.09464178371022412


m: 5.941283171715468

epsilon: 0.9159597184341539

n: 31.887104520574095

Residual: 0.09320118739638769


m: 5.937525032560588

epsilon: 0.915379383033086

n: 31.873876484267836

Residual: 0.0962896238978904


m: 5.936650368617419

epsilon: 0.9153941313818157

n: 31.840753486000885

Residual: 0.09113532925502638


m: 5.940892014156807

epsilon: 0.9162146850083589

n: 31.914323261133163

Residual: 0.0925949025915519


m: 5.938503865456239

epsilon: 0.916205965939536

n: 31.89493674447017

Residual: 0.08289248182937904


m: 5.9389932819040645

epsilon: 0.916619257392761

n: 31.90546687457134

Residual: 0.09652268722160164


m: 5.933544784726305

epsilon: 0.9153648512517144

n: 31.841565623162843

Residual: 0.0925723651798329


m: 5.935381592083931

epsilon: 0.9155773096908755

n: 31.85975503265542

Residual: 0.091380255707148


m: 5.939055206799181

epsilon: 0.9160022265691978

n: 31.896133851640585

Residual: 0.09495162134428746


m: 5.936299995762743

epsilon: 0.9156835389104561

n: 31.86884973740171

Residual: 0.10112396794349429


m: 5.9375024148536255

epsilon: 0.9159875865041471

n: 31.896539920221564

Residual: 0.0918951786754376


m: 5.937577117036829

epsilon: 0.9158000486606759

n: 31.867845115235525

Residual: 0.09115765096172967


m: 5.936942728770084

epsilon: 0.9158916378152058

n: 31.877345888562793

Residual: 0.09762851931910257


m: 5.938779536127711

epsilon: 0.9161040962543672

n: 31.895535298055385

Residual: 0.09191246389619544


m: 5.938320334288305

epsilon: 0.9160509816445768

n: 31.890987945682237

Residual: 0.08705678947190104


m: 5.9387651296672885

epsilon: 0.9160504109923786

n: 31.872639950037055

Residual: 0.09351353932478762


m: 5.937818093557041

epsilon: 0.916003292626205

n: 31.890564927675435

Residual: 0.08773731979939535


m: 5.93885107849756

epsilon: 0.9163734448128691

n: 31.9164812966497

Residual: 0.08998111540368287


m: 5.938532588132378

epsilon: 0.9162300957748208

n: 31.904322251296158

Residual: 0.09185220851962982


m: 5.938412099872272

epsilon: 0.9161284737920563

n: 31.892962345076203

Residual: 0.09331588908879376


m: 5.93816097950664

epsilon: 0.9161046292828705

n: 31.8927508360728

Residual: 0.09897642408106819


m: 5.938040491246534

epsilon: 0.916003007300106

n: 31.88139092985285

Residual: 0.09065468088451115


m: 5.938476658210058

epsilon: 0.9161203354049283

n: 31.886775843526678

Residual: 0.09109610630082238


m: 5.938268576736281

epsilon: 0.9160910653043239

n: 31.882440000156922

Residual: 0.08714998724587388


m: 5.938065297415979

epsilon: 0.9160796902910489

n: 31.885735939459956

Residual: 0.08984491621199485


m: 5.938518001825798

epsilon: 0.916248140389833

n: 31.89401752620519

Residual: 0.08684664135371886


m: 5.938794998596232

epsilon: 0.9162837574647464

n: 31.895193574428234

Residual: 0.09257292300114153


m: 5.938247722711042

epsilon: 0.9161307070844733

n: 31.888100348202023

Residual: 0.09208959307517992


m: 5.938510933641019

epsilon: 0.9162270531646846

n: 31.89447713533768

Residual: 0.09529236235557442


m: 5.93838622109626

epsilon: 0.91614851562193

n: 31.888688372313545

Residual: 0.09489115096069349


m: 5.938284581436109

epsilon: 0.9161428281152924

n: 31.89033634196506

Residual: 0.092317318478592


m: 5.938272178351386

epsilon: 0.9161044866198211

n: 31.888163837161507

Residual: 0.0910317242982943


m: 5.938320862399562

epsilon: 0.9161536714945029

n: 31.893602910084283

Residual: 0.09883406506385294


m: 5.938369881422085

epsilon: 0.9161498045900732

n: 31.889917006756228

Residual: 0.09173002352465928


m: 5.938479368717029

epsilon: 0.9161640099843278

n: 31.89167538362687

Residual: 0.08582146152766128


m: 5.938467060261017

epsilon: 0.9161665037723835

n: 31.89326697008279

Residual: 0.09158974891534108


m: 5.938442765551284

epsilon: 0.9161623289768059

n: 31.892429479251152

Residual: 0.08115957032518237


m: 5.938678488131649

epsilon: 0.9162503833139586

n: 31.897863901070615

Residual: 0.09245767959676393


m: 5.9383737557964515

epsilon: 0.9161409607933555

n: 31.890588853138784

Residual: 0.08721968346038467


m: 5.938576910686583

epsilon: 0.9162139091404242

n: 31.895438885093338

Residual: 0.09293973509654248


m: 5.938424544518984

epsilon: 0.9161591978801227

n: 31.89180136112742

Residual: 0.09717123623234529


m: 5.938473315503762

epsilon: 0.9161841474581709

n: 31.89368311186066

Residual: 0.09328156058070018


m: 5.938461067134156

epsilon: 0.9161631694805669

n: 31.892052431439012

Residual: 0.09310566660362497


m: 5.938408260673867

epsilon: 0.9161516448850807

n: 31.891509166194968

Residual: 0.09324545356089199


m: 5.938401413402442

epsilon: 0.9161339481034647

n: 31.890310939396088

Residual: 0.08375827048344564


m: 5.93846190338472

epsilon: 0.9161546528221444

n: 31.891686067195867

Residual: 0.09059648076224258


m: 5.938409654424808

epsilon: 0.9161374504543766

n: 31.890898559123052

Residual: 0.09829660622137598


m: 5.9384482139568195

epsilon: 0.9161567397240193

n: 31.89176396336002

Residual: 0.09061531784417497


m: 5.938422507602144

epsilon: 0.9161438802109241

n: 31.891187027202044

Residual: 0.09190500795547193


m: 5.93844178736815

epsilon: 0.9161535248457455

n: 31.891619729320524

Residual: 0.08579250914654087


m: 5.938395407496529

epsilon: 0.9161452151285331

n: 31.891220698115976

Residual: 0.08998211244684942


m: 5.938412031468577

epsilon: 0.9161475745519359

n: 31.89133704038595

Residual: 0.09067434003796887


m: 5.9384220894768625

epsilon: 0.9161481385401353

n: 31.891370209323618

Residual: 0.0893832603771133


m: 5.938442276459718

epsilon: 0.9161579269112757

n: 31.892024604285837

Residual: 0.09248602783064278


m: 5.938452334468002

epsilon: 0.9161584908994751

n: 31.89205777322351

Residual: 0.09821076235033083


m: 5.938419086523908

epsilon: 0.9161537720526696

n: 31.891825088683564

Residual: 0.08997493683704316


m: 5.938413684574984

epsilon: 0.9161515661351313

n: 31.891725247219718

Residual: 0.09079369632553094


m: 5.938420832546168

epsilon: 0.9161531563291674

n: 31.89180008648625

Residual: 0.09489131944149379


m: 5.938432427514073

epsilon: 0.9161552337584706

n: 31.891899844287387

Residual: 0.08604095093790692


m: 5.938430926037595

epsilon: 0.9161580505147378

n: 31.89212728396736

Residual: 0.08736822492199635


m: 5.9384425210055

epsilon: 0.9161601279440408

n: 31.892227041768493

Residual: 0.09347553000091773


m: 5.938428225063133

epsilon: 0.9161569475559688

n: 31.892077363235437

Residual: 0.09840239742850958


m: 5.938438947019908

epsilon: 0.9161593328470228

n: 31.892189622135227

Residual: 0.08214459451538776


m: 5.9384451673525795

epsilon: 0.9161598798734616

n: 31.892218679815148

Residual: 0.08881360385705006


m: 5.938434486366342

epsilon: 0.9161585078544188

n: 31.892150132929306

Residual: 0.0897984832219186


m: 5.938440856285596

epsilon: 0.9161608309119144

n: 31.89230955069319

Residual: 0.09909759239830801


m: 5.938437596532678

epsilon: 0.9161587813676383

n: 31.89216466176927

Residual: 0.09041507278324784


m: 5.93843684579444

epsilon: 0.9161601897457718

n: 31.892278381609255

Residual: 0.09107618948093373


m: 5.938437282300005

epsilon: 0.9161600358148961

n: 31.892272131059926

Residual: 0.09476253512161058


m: 5.938438175796403

epsilon: 0.9161602345891506

n: 31.892281485968244

Residual: 0.08693234829249852


m: 5.9384421794591375

epsilon: 0.9161607068766249

n: 31.892305369716528

Residual: 0.09178598930103064


m: 5.938438179210614

epsilon: 0.916160319028485

n: 31.892285128636075

Residual: 0.10008970946698167


m: 5.938440470673843

epsilon: 0.9161612817829783

n: 31.892355482609698

Residual: 0.09318856827901299


m: 5.938440181041981

epsilon: 0.9161605551722221

n: 31.89229707051021

Residual: 0.09345241178170718


m: 5.9384398056728624

epsilon: 0.9161612593612889

n: 31.892353930430204

Residual: 0.08904732318499771


m: 5.9384418468900115

epsilon: 0.9161626915751602

n: 31.89246219101716

Residual: 0.09324184382517603


m: 5.938441430428004

epsilon: 0.9161621574744256

n: 31.892420910890422

Residual: 0.09520683450153472


m: 5.938441285612074

epsilon: 0.9161617941690474

n: 31.892391704840676

Residual: 0.09880400717681156


m: 5.938441618112563

epsilon: 0.9161618053798921

n: 31.892392480930425

Residual: 0.09052975936905126


m: 5.938441473296633

epsilon: 0.916161442074514

n: 31.89236327488068

Residual: 0.08632963801880877


m: 5.9384426190282475

epsilon: 0.9161619234517604

n: 31.892398451867493

Residual: 0.08800204595257524


m: 5.938442953804881

epsilon: 0.9161619909554948

n: 31.892401656402456

Residual: 0.0898312138607626


m: 5.938442619881801

epsilon: 0.9161619445615942

n: 31.892399362534448

Residual: 0.09727790941397411


m: 5.938442119423959

epsilon: 0.9161618855256599

n: 31.892396377065914

Residual: 0.09108031923160188


m: 5.938442692289765

epsilon: 0.9161621262142832

n: 31.89241396555932

Residual: 0.09379957802708654


m: 5.938442191831923

epsilon: 0.916162067178349

n: 31.892410980090787

Residual: 0.09379673175829423


m: 5.938442025581677

epsilon: 0.9161620615729267

n: 31.89241059204592

Residual: 0.09137467855490235


m: 5.938442415206023

epsilon: 0.9161621168719127

n: 31.892413318817873

Residual: 0.09194414792858761


m: 5.938442359362498

epsilon: 0.9161621044485218

n: 31.8924127341361

Residual: 0.09511112350528146


m: 5.938442442487622

epsilon: 0.9161621072512329

n: 31.892412928158535

Residual: 0.0903162502858731


m: 5.938442395566481

epsilon: 0.9161621952748663

n: 31.892420035648534

Residual: 0.09044843616273907


m: 5.938442478691604

epsilon: 0.9161621980775775

n: 31.892420229670968

Residual: 0.09649722036607244


m: 5.938442590378656

epsilon: 0.9161622229243594

n: 31.892421399034518

Residual: 0.0966758339588759


m: 5.938442506613367

epsilon: 0.916162204289273

n: 31.892420522011854

Residual: 0.08323816917952227


m: 5.938442747535031

epsilon: 0.916162231736675

n: 31.89242191729916

Residual: 0.08568146120307421


Warning: Maximum number of iterations has been exceeded.
m: 5.938442747535031

sigma: 0.6331

epsilon: 0.916162231736675

n: 31.89242191729916

Residual: 0.08937711549888804
