epsilon: 0.5

m: 4.0

n: 12.0

Residual: 0.32638470241436357


epsilon: 0.5

m: 4.0

n: 12.0

Residual: 0.3264824185470838


epsilon: 0.5

m: 4.0

n: 16.22222222222222

Residual: 0.2706778970430279


epsilon: 0.5

m: 4.0

n: 20.444444444444443

Residual: 0.24872874663782057


epsilon: 0.5

m: 4.0

n: 24.666666666666668

Residual: 0.23930182650913964


epsilon: 0.5

m: 4.0

n: 28.88888888888889

Residual: 0.234486538208591


epsilon: 0.5

m: 4.0

n: 33.111111111111114

Residual: 0.23265704551354482


epsilon: 0.5

m: 4.0

n: 37.333333333333336

Residual: 0.2319176917729655


epsilon: 0.5

m: 4.0

n: 41.55555555555556

Residual: 0.2319304995361675


epsilon: 0.5

m: 4.0

n: 45.77777777777778

Residual: 0.23245250409942428


epsilon: 0.5

m: 4.0

n: 50.0

Residual: 0.2333182800173814


epsilon: 0.5

m: 4.333333333333333

n: 12.0

Residual: 0.17534057357747368


epsilon: 0.5

m: 4.333333333333333

n: 16.22222222222222

Residual: 0.18264303562658454


epsilon: 0.5

m: 4.333333333333333

n: 20.444444444444443

Residual: 0.20672059935272064


epsilon: 0.5

m: 4.333333333333333

n: 24.666666666666668

Residual: 0.22962819846346055


epsilon: 0.5

m: 4.333333333333333

n: 28.88888888888889

Residual: 0.24918026325193426


epsilon: 0.5

m: 4.333333333333333

n: 33.111111111111114

Residual: 0.2653870824135845


epsilon: 0.5

m: 4.333333333333333

n: 37.333333333333336

Residual: 0.27899921725916216


epsilon: 0.5

m: 4.333333333333333

n: 41.55555555555556

Residual: 0.29039685593896664


epsilon: 0.5

m: 4.333333333333333

n: 45.77777777777778

Residual: 0.3003121789535055


epsilon: 0.5

m: 4.333333333333333

n: 50.0

Residual: 0.30882346688090545


epsilon: 0.5

m: 4.666666666666667

n: 12.0

Residual: 0.2010577933246982


epsilon: 0.5

m: 4.666666666666667

n: 16.22222222222222

Residual: 0.3085595362066165


epsilon: 0.5

m: 4.666666666666667

n: 20.444444444444443

Residual: 0.372630948957615


epsilon: 0.5

m: 4.666666666666667

n: 24.666666666666668

Residual: 0.413585046289558


epsilon: 0.5

m: 4.666666666666667

n: 28.88888888888889

Residual: 0.4422912434576974


epsilon: 0.5

m: 4.666666666666667

n: 33.111111111111114

Residual: 0.46385865650581015


epsilon: 0.5

m: 4.666666666666667

n: 37.333333333333336

Residual: 0.4805928063933122


epsilon: 0.5

m: 4.666666666666667

n: 41.55555555555556

Residual: 0.4934674977034612


epsilon: 0.5

m: 4.666666666666667

n: 45.77777777777778

Residual: 0.5044631056497297


epsilon: 0.5

m: 4.666666666666667

n: 50.0

Residual: 0.5133997372558805


epsilon: 0.5

m: 5.0

n: 12.0

Residual: 0.3857232031587311


epsilon: 0.5

m: 5.0

n: 16.22222222222222

Residual: 0.4914818456053402


epsilon: 0.5

m: 5.0

n: 20.444444444444443

Residual: 0.5474801292864356


epsilon: 0.5

m: 5.0

n: 24.666666666666668

Residual: 0.5829110019541898


epsilon: 0.5

m: 5.0

n: 28.88888888888889

Residual: 0.6067632857059168


epsilon: 0.5

m: 5.0

n: 33.111111111111114

Residual: 0.6245050320245316


epsilon: 0.5

m: 5.0

n: 37.333333333333336

Residual: 0.6381622526450129


epsilon: 0.5

m: 5.0

n: 41.55555555555556

Residual: 0.6486966743243019


epsilon: 0.5

m: 5.0

n: 45.77777777777778

Residual: 0.6574559345286811


epsilon: 0.5

m: 5.0

n: 50.0

Residual: 0.6648792032246774


epsilon: 0.5

m: 5.333333333333333

n: 12.0

Residual: 0.5308775972015893


epsilon: 0.5

m: 5.333333333333333

n: 16.22222222222222

Residual: 0.6231813297369556


epsilon: 0.5

m: 5.333333333333333

n: 20.444444444444443

Residual: 0.6704972082979415


epsilon: 0.5

m: 5.333333333333333

n: 24.666666666666668

Residual: 0.6993948747350407


epsilon: 0.5

m: 5.333333333333333

n: 28.88888888888889

Residual: 0.718764757394826


epsilon: 0.5

m: 5.333333333333333

n: 33.111111111111114

Residual: 0.7332085453787621


epsilon: 0.5

m: 5.333333333333333

n: 37.333333333333336

Residual: 0.7439274735703159


epsilon: 0.5

m: 5.333333333333333

n: 41.55555555555556

Residual: 0.7528474579762667


epsilon: 0.5

m: 5.333333333333333

n: 45.77777777777778

Residual: 0.7589764179510727


epsilon: 0.5

m: 5.333333333333333

n: 50.0

Residual: 0.7649166804891736


epsilon: 0.5

m: 5.666666666666666

n: 12.0

Residual: 0.6356783082254276


epsilon: 0.5

m: 5.666666666666666

n: 16.22222222222222

Residual: 0.71568238941921


epsilon: 0.5

m: 5.666666666666666

n: 20.444444444444443

Residual: 0.7552166114986576


epsilon: 0.5

m: 5.666666666666666

n: 24.666666666666668

Residual: 0.7788980357756703


epsilon: 0.5

m: 5.666666666666666

n: 28.88888888888889

Residual: 0.7945264706049119


epsilon: 0.5

m: 5.666666666666666

n: 33.111111111111114

Residual: 0.8061280127713837


epsilon: 0.5

m: 5.666666666666666

n: 37.333333333333336

Residual: 0.8141793473255287


epsilon: 0.5

m: 5.666666666666666

n: 41.55555555555556

Residual: 0.8210314795960181


epsilon: 0.5

m: 5.666666666666666

n: 45.77777777777778

Residual: 0.8267395597780867


epsilon: 0.5

m: 5.666666666666666

n: 50.0

Residual: 0.83160759455139


epsilon: 0.5

m: 6.0

n: 12.0

Residual: 0.7123875528128026


epsilon: 0.5

m: 6.0

n: 16.22222222222222

Residual: 0.7811339340735317


epsilon: 0.5

m: 6.0

n: 20.444444444444443

Residual: 0.8134352523270035


epsilon: 0.5

m: 6.0

n: 24.666666666666668

Residual: 0.8327706327560777


epsilon: 0.5

m: 6.0

n: 28.88888888888889

Residual: 0.8457169385257858


epsilon: 0.5

m: 6.0

n: 33.111111111111114

Residual: 0.8546317347160272


epsilon: 0.5

m: 6.0

n: 37.333333333333336

Residual: 0.8612015467396138


epsilon: 0.5

m: 6.0

n: 41.55555555555556

Residual: 0.8673088795327039


epsilon: 0.5

m: 6.0

n: 45.77777777777778

Residual: 0.8716860847614413


epsilon: 0.5

m: 6.0

n: 50.0

Residual: 0.8749787754226575


epsilon: 0.5

m: 6.333333333333333

n: 12.0

Residual: 0.7683397658451436


epsilon: 0.5

m: 6.333333333333333

n: 16.22222222222222

Residual: 0.8267296751311904


epsilon: 0.5

m: 6.333333333333333

n: 20.444444444444443

Residual: 0.8544263389733019


epsilon: 0.5

m: 6.333333333333333

n: 24.666666666666668

Residual: 0.8709219569618972


epsilon: 0.5

m: 6.333333333333333

n: 28.88888888888889

Residual: 0.8809704042984704


epsilon: 0.5

m: 6.333333333333333

n: 33.111111111111114

Residual: 0.8885448752224739


epsilon: 0.5

m: 6.333333333333333

n: 37.333333333333336

Residual: 0.8940701586294385


epsilon: 0.5

m: 6.333333333333333

n: 41.55555555555556

Residual: 0.8983609646188734


epsilon: 0.5

m: 6.333333333333333

n: 45.77777777777778

Residual: 0.9021125524125371


epsilon: 0.5

m: 6.333333333333333

n: 50.0

Residual: 0.905099934484735


epsilon: 0.5

m: 6.666666666666666

n: 12.0

Residual: 0.8093083473298959


epsilon: 0.5

m: 6.666666666666666

n: 16.22222222222222

Residual: 0.8598684240561997


epsilon: 0.5

m: 6.666666666666666

n: 20.444444444444443

Residual: 0.8829880381314676


epsilon: 0.5

m: 6.666666666666666

n: 24.666666666666668

Residual: 0.8970691148666436


epsilon: 0.5

m: 6.666666666666666

n: 28.88888888888889

Residual: 0.9057959076712786


epsilon: 0.5

m: 6.666666666666666

n: 33.111111111111114

Residual: 0.9118612943758972


epsilon: 0.5

m: 6.666666666666666

n: 37.333333333333336

Residual: 0.9161003366821747


epsilon: 0.5

m: 6.666666666666666

n: 41.55555555555556

Residual: 0.9199402328045785


epsilon: 0.5

m: 6.666666666666666

n: 45.77777777777778

Residual: 0.923452388136986


epsilon: 0.5

m: 6.666666666666666

n: 50.0

Residual: 0.9255714980264129


epsilon: 0.5

m: 7.0

n: 12.0

Residual: 0.8396542134540825


epsilon: 0.5

m: 7.0

n: 16.22222222222222

Residual: 0.884934099315694


epsilon: 0.5

m: 7.0

n: 20.444444444444443

Residual: 0.905113495510007


epsilon: 0.5

m: 7.0

n: 24.666666666666668

Residual: 0.9162298822947933


epsilon: 0.5

m: 7.0

n: 28.88888888888889

Residual: 0.9241131075919339


epsilon: 0.5

m: 7.0

n: 33.111111111111114

Residual: 0.9290820359887408


epsilon: 0.5

m: 7.0

n: 37.333333333333336

Residual: 0.9329527965530313


epsilon: 0.5

m: 7.0

n: 41.55555555555556

Residual: 0.9361396973964273


epsilon: 0.5

m: 7.0

n: 45.77777777777778

Residual: 0.9383615098439142


epsilon: 0.5

m: 7.0

n: 50.0

Residual: 0.9411044777120989


epsilon: 1.1111111111111112

m: 4.0

n: 12.0

Residual: 0.611761590491403


epsilon: 1.1111111111111112

m: 4.0

n: 16.22222222222222

Residual: 0.5412608269547085


epsilon: 1.1111111111111112

m: 4.0

n: 20.444444444444443

Residual: 0.49511333624460974


epsilon: 1.1111111111111112

m: 4.0

n: 24.666666666666668

Residual: 0.4622429055354382


epsilon: 1.1111111111111112

m: 4.0

n: 28.88888888888889

Residual: 0.4374284773218289


epsilon: 1.1111111111111112

m: 4.0

n: 33.111111111111114

Residual: 0.41799316863451236


epsilon: 1.1111111111111112

m: 4.0

n: 37.333333333333336

Residual: 0.4037129901418245


epsilon: 1.1111111111111112

m: 4.0

n: 41.55555555555556

Residual: 0.39261807215434086


epsilon: 1.1111111111111112

m: 4.0

n: 45.77777777777778

Residual: 0.38338066863914533


epsilon: 1.1111111111111112

m: 4.0

n: 50.0

Residual: 0.3753946062764696


epsilon: 1.1111111111111112

m: 4.333333333333333

n: 12.0

Residual: 0.41567999367217157


epsilon: 1.1111111111111112

m: 4.333333333333333

n: 16.22222222222222

Residual: 0.3177174230620142


epsilon: 1.1111111111111112

m: 4.333333333333333

n: 20.444444444444443

Residual: 0.2649759921407932


epsilon: 1.1111111111111112

m: 4.333333333333333

n: 24.666666666666668

Residual: 0.23391277508250208


epsilon: 1.1111111111111112

m: 4.333333333333333

n: 28.88888888888889

Residual: 0.2153710702437177


epsilon: 1.1111111111111112

m: 4.333333333333333

n: 33.111111111111114

Residual: 0.20320117151739053


epsilon: 1.1111111111111112

m: 4.333333333333333

n: 37.333333333333336

Residual: 0.19405903000927233


epsilon: 1.1111111111111112

m: 4.333333333333333

n: 41.55555555555556

Residual: 0.18814477618213893


epsilon: 1.1111111111111112

m: 4.333333333333333

n: 45.77777777777778

Residual: 0.1841279010722234


epsilon: 1.1111111111111112

m: 4.333333333333333

n: 50.0

Residual: 0.1809467644798761


epsilon: 1.1111111111111112

m: 4.666666666666667

n: 12.0

Residual: 0.20644985702606647


epsilon: 1.1111111111111112

m: 4.666666666666667

n: 16.22222222222222

Residual: 0.12498284991781587


epsilon: 1.1111111111111112

m: 4.666666666666667

n: 20.444444444444443

Residual: 0.107974094148153


epsilon: 1.1111111111111112

m: 4.666666666666667

n: 24.666666666666668

Residual: 0.11209790686655831


epsilon: 1.1111111111111112

m: 4.666666666666667

n: 28.88888888888889

Residual: 0.12251667429892192


epsilon: 1.1111111111111112

m: 4.666666666666667

n: 33.111111111111114

Residual: 0.13564180011246432


epsilon: 1.1111111111111112

m: 4.666666666666667

n: 37.333333333333336

Residual: 0.1477058850593942


epsilon: 1.1111111111111112

m: 4.666666666666667

n: 41.55555555555556

Residual: 0.15887916035770722


epsilon: 1.1111111111111112

m: 4.666666666666667

n: 45.77777777777778

Residual: 0.16903441868569358


epsilon: 1.1111111111111112

m: 4.666666666666667

n: 50.0

Residual: 0.17833012582760727


epsilon: 1.1111111111111112

m: 5.0

n: 12.0

Residual: 0.05230328259128109


epsilon: 1.1111111111111112

m: 5.0

n: 16.22222222222222

Residual: 0.138173753922971


epsilon: 1.1111111111111112

m: 5.0

n: 20.444444444444443

Residual: 0.21258936426602273


epsilon: 1.1111111111111112

m: 5.0

n: 24.666666666666668

Residual: 0.2606966518485848


epsilon: 1.1111111111111112

m: 5.0

n: 28.88888888888889

Residual: 0.29502833371141085


epsilon: 1.1111111111111112

m: 5.0

n: 33.111111111111114

Residual: 0.32087305673529753


epsilon: 1.1111111111111112

m: 5.0

n: 37.333333333333336

Residual: 0.3413314026610695


epsilon: 1.1111111111111112

m: 5.0

n: 41.55555555555556

Residual: 0.3572608973661646


epsilon: 1.1111111111111112

m: 5.0

n: 45.77777777777778

Residual: 0.3704921049940863


epsilon: 1.1111111111111112

m: 5.0

n: 50.0

Residual: 0.3823261948626064


epsilon: 1.1111111111111112

m: 5.333333333333333

n: 12.0

Residual: 0.1899890997005536


epsilon: 1.1111111111111112

m: 5.333333333333333

n: 16.22222222222222

Residual: 0.31971728442451297


epsilon: 1.1111111111111112

m: 5.333333333333333

n: 20.444444444444443

Residual: 0.3908107288041711


epsilon: 1.1111111111111112

m: 5.333333333333333

n: 24.666666666666668

Residual: 0.43554116334268783


epsilon: 1.1111111111111112

m: 5.333333333333333

n: 28.88888888888889

Residual: 0.4672282465865825


epsilon: 1.1111111111111112

m: 5.333333333333333

n: 33.111111111111114

Residual: 0.4901960768416184


epsilon: 1.1111111111111112

m: 5.333333333333333

n: 37.333333333333336

Residual: 0.5074247447699272


epsilon: 1.1111111111111112

m: 5.333333333333333

n: 41.55555555555556

Residual: 0.5226065482592442


epsilon: 1.1111111111111112

m: 5.333333333333333

n: 45.77777777777778

Residual: 0.5340563430418983


epsilon: 1.1111111111111112

m: 5.333333333333333

n: 50.0

Residual: 0.5433165687989943


epsilon: 1.1111111111111112

m: 5.666666666666666

n: 12.0

Residual: 0.33837450246684775


epsilon: 1.1111111111111112

m: 5.666666666666666

n: 16.22222222222222

Residual: 0.46215725951963055


epsilon: 1.1111111111111112

m: 5.666666666666666

n: 20.444444444444443

Residual: 0.5268184096759918


epsilon: 1.1111111111111112

m: 5.666666666666666

n: 24.666666666666668

Residual: 0.5680871128397624


epsilon: 1.1111111111111112

m: 5.666666666666666

n: 28.88888888888889

Residual: 0.5937351642285135


epsilon: 1.1111111111111112

m: 5.666666666666666

n: 33.111111111111114

Residual: 0.614685716507546


epsilon: 1.1111111111111112

m: 5.666666666666666

n: 37.333333333333336

Residual: 0.6292544779974667


epsilon: 1.1111111111111112

m: 5.666666666666666

n: 41.55555555555556

Residual: 0.641821825901502


epsilon: 1.1111111111111112

m: 5.666666666666666

n: 45.77777777777778

Residual: 0.6514691715638491


epsilon: 1.1111111111111112

m: 5.666666666666666

n: 50.0

Residual: 0.6605935609885214


epsilon: 1.1111111111111112

m: 6.0

n: 12.0

Residual: 0.45659615400568915


epsilon: 1.1111111111111112

m: 6.0

n: 16.22222222222222

Residual: 0.5715018726071263


epsilon: 1.1111111111111112

m: 6.0

n: 20.444444444444443

Residual: 0.6271853039586728


epsilon: 1.1111111111111112

m: 6.0

n: 24.666666666666668

Residual: 0.6625742983603978


epsilon: 1.1111111111111112

m: 6.0

n: 28.88888888888889

Residual: 0.6855867787387274


epsilon: 1.1111111111111112

m: 6.0

n: 33.111111111111114

Residual: 0.7033064141560139


epsilon: 1.1111111111111112

m: 6.0

n: 37.333333333333336

Residual: 0.7170912923097084


epsilon: 1.1111111111111112

m: 6.0

n: 41.55555555555556

Residual: 0.7270677550012692


epsilon: 1.1111111111111112

m: 6.0

n: 45.77777777777778

Residual: 0.7345091382227142


epsilon: 1.1111111111111112

m: 6.0

n: 50.0

Residual: 0.7420816548839123


epsilon: 1.1111111111111112

m: 6.333333333333333

n: 12.0

Residual: 0.547680390469525


epsilon: 1.1111111111111112

m: 6.333333333333333

n: 16.22222222222222

Residual: 0.6524474068643903


epsilon: 1.1111111111111112

m: 6.333333333333333

n: 20.444444444444443

Residual: 0.7024813526192006


epsilon: 1.1111111111111112

m: 6.333333333333333

n: 24.666666666666668

Residual: 0.7327678246685813


epsilon: 1.1111111111111112

m: 6.333333333333333

n: 28.88888888888889

Residual: 0.7543432582784619


epsilon: 1.1111111111111112

m: 6.333333333333333

n: 33.111111111111114

Residual: 0.7678304282672829


epsilon: 1.1111111111111112

m: 6.333333333333333

n: 37.333333333333336

Residual: 0.7782530455733866


epsilon: 1.1111111111111112

m: 6.333333333333333

n: 41.55555555555556

Residual: 0.7862640661204454


epsilon: 1.1111111111111112

m: 6.333333333333333

n: 45.77777777777778

Residual: 0.7952265623868585


epsilon: 1.1111111111111112

m: 6.333333333333333

n: 50.0

Residual: 0.799636204502478


epsilon: 1.1111111111111112

m: 6.666666666666666

n: 12.0

Residual: 0.6192443793139518


epsilon: 1.1111111111111112

m: 6.666666666666666

n: 16.22222222222222

Residual: 0.7141200461024055


epsilon: 1.1111111111111112

m: 6.666666666666666

n: 20.444444444444443

Residual: 0.7584245205374001


epsilon: 1.1111111111111112

m: 6.666666666666666

n: 24.666666666666668

Residual: 0.7863425478471855


epsilon: 1.1111111111111112

m: 6.666666666666666

n: 28.88888888888889

Residual: 0.8031944209337385


epsilon: 1.1111111111111112

m: 6.666666666666666

n: 33.111111111111114

Residual: 0.8129104827859306


epsilon: 1.1111111111111112

m: 6.666666666666666

n: 37.333333333333336

Residual: 0.8248142993506584


epsilon: 1.1111111111111112

m: 6.666666666666666

n: 41.55555555555556

Residual: 0.8314416387635764


epsilon: 1.1111111111111112

m: 6.666666666666666

n: 45.77777777777778

Residual: 0.8372396992335205


epsilon: 1.1111111111111112

m: 6.666666666666666

n: 50.0

Residual: 0.842174500842415


epsilon: 1.1111111111111112

m: 7.0

n: 12.0

Residual: 0.6745004731519093


epsilon: 1.1111111111111112

m: 7.0

n: 16.22222222222222

Residual: 0.7612983708805451


epsilon: 1.1111111111111112

m: 7.0

n: 20.444444444444443

Residual: 0.8011744592035288


epsilon: 1.1111111111111112

m: 7.0

n: 24.666666666666668

Residual: 0.8234254981081693


epsilon: 1.1111111111111112

m: 7.0

n: 28.88888888888889

Residual: 0.8384538165108575


epsilon: 1.1111111111111112

m: 7.0

n: 33.111111111111114

Residual: 0.849913864077083


epsilon: 1.1111111111111112

m: 7.0

n: 37.333333333333336

Residual: 0.8571545026118382


epsilon: 1.1111111111111112

m: 7.0

n: 41.55555555555556

Residual: 0.8636985722902609


epsilon: 1.1111111111111112

m: 7.0

n: 45.77777777777778

Residual: 0.8674884425473621


epsilon: 1.1111111111111112

m: 7.0

n: 50.0

Residual: 0.8732308056847259


epsilon: 1.7222222222222223

m: 4.0

n: 12.0

Residual: 0.7310082164302202


epsilon: 1.7222222222222223

m: 4.0

n: 16.22222222222222

Residual: 0.6778354793648598


epsilon: 1.7222222222222223

m: 4.0

n: 20.444444444444443

Residual: 0.642257444824051


epsilon: 1.7222222222222223

m: 4.0

n: 24.666666666666668

Residual: 0.6164404264403602


epsilon: 1.7222222222222223

m: 4.0

n: 28.88888888888889

Residual: 0.5968356704911466


epsilon: 1.7222222222222223

m: 4.0

n: 33.111111111111114

Residual: 0.5813158680911692


epsilon: 1.7222222222222223

m: 4.0

n: 37.333333333333336

Residual: 0.5687496133132774


epsilon: 1.7222222222222223

m: 4.0

n: 41.55555555555556

Residual: 0.5582124548188924


epsilon: 1.7222222222222223

m: 4.0

n: 45.77777777777778

Residual: 0.5493160348108441


epsilon: 1.7222222222222223

m: 4.0

n: 50.0

Residual: 0.5415382185629728


epsilon: 1.7222222222222223

m: 4.333333333333333

n: 12.0

Residual: 0.5794035424740787


epsilon: 1.7222222222222223

m: 4.333333333333333

n: 16.22222222222222

Residual: 0.49840918083475655


epsilon: 1.7222222222222223

m: 4.333333333333333

n: 20.444444444444443

Residual: 0.4459978942075616


epsilon: 1.7222222222222223

m: 4.333333333333333

n: 24.666666666666668

Residual: 0.4084927965427095


epsilon: 1.7222222222222223

m: 4.333333333333333

n: 28.88888888888889

Residual: 0.3805816749718795


epsilon: 1.7222222222222223

m: 4.333333333333333

n: 33.111111111111114

Residual: 0.35873458912314277


epsilon: 1.7222222222222223

m: 4.333333333333333

n: 37.333333333333336

Residual: 0.34102741175022144


epsilon: 1.7222222222222223

m: 4.333333333333333

n: 41.55555555555556

Residual: 0.3265966769389222


epsilon: 1.7222222222222223

m: 4.333333333333333

n: 45.77777777777778

Residual: 0.3144071362868612


epsilon: 1.7222222222222223

m: 4.333333333333333

n: 50.0

Residual: 0.30550803807526944


epsilon: 1.7222222222222223

m: 4.666666666666667

n: 12.0

Residual: 0.39840369142204635


epsilon: 1.7222222222222223

m: 4.666666666666667

n: 16.22222222222222

Residual: 0.29079713595706097


epsilon: 1.7222222222222223

m: 4.666666666666667

n: 20.444444444444443

Residual: 0.22300662156047493


epsilon: 1.7222222222222223

m: 4.666666666666667

n: 24.666666666666668

Residual: 0.18420658543778304


epsilon: 1.7222222222222223

m: 4.666666666666667

n: 28.88888888888889

Residual: 0.15742917936508943


epsilon: 1.7222222222222223

m: 4.666666666666667

n: 33.111111111111114

Residual: 0.1403740332615374


epsilon: 1.7222222222222223

m: 4.666666666666667

n: 37.333333333333336

Residual: 0.1295946347462831


epsilon: 1.7222222222222223

m: 4.666666666666667

n: 41.55555555555556

Residual: 0.12164787823850312


epsilon: 1.7222222222222223

m: 4.666666666666667

n: 45.77777777777778

Residual: 0.11656885237205628


epsilon: 1.7222222222222223

m: 4.666666666666667

n: 50.0

Residual: 0.11257044668892507


epsilon: 1.7222222222222223

m: 5.0

n: 12.0

Residual: 0.20838640118642332


epsilon: 1.7222222222222223

m: 5.0

n: 16.22222222222222

Residual: 0.0898233392457347


epsilon: 1.7222222222222223

m: 5.0

n: 20.444444444444443

Residual: 0.04684424327966428


epsilon: 1.7222222222222223

m: 5.0

n: 24.666666666666668

Residual: 0.052938177666723873


epsilon: 1.7222222222222223

m: 5.0

n: 28.88888888888889

Residual: 0.08555982373453255


epsilon: 1.7222222222222223

m: 5.0

n: 33.111111111111114

Residual: 0.11340606802144758


epsilon: 1.7222222222222223

m: 5.0

n: 37.333333333333336

Residual: 0.13601475740137883


epsilon: 1.7222222222222223

m: 5.0

n: 41.55555555555556

Residual: 0.15273294141863422


epsilon: 1.7222222222222223

m: 5.0

n: 45.77777777777778

Residual: 0.16839350552834198


epsilon: 1.7222222222222223

m: 5.0

n: 50.0

Residual: 0.18097488935157496


epsilon: 1.7222222222222223

m: 5.333333333333333

n: 12.0

Residual: 0.04633198611232341


epsilon: 1.7222222222222223

m: 5.333333333333333

n: 16.22222222222222

Residual: 0.11180588085324641


epsilon: 1.7222222222222223

m: 5.333333333333333

n: 20.444444444444443

Residual: 0.19073908765121872


epsilon: 1.7222222222222223

m: 5.333333333333333

n: 24.666666666666668

Residual: 0.24225741028500233


epsilon: 1.7222222222222223

m: 5.333333333333333

n: 28.88888888888889

Residual: 0.27922967079376626


epsilon: 1.7222222222222223

m: 5.333333333333333

n: 33.111111111111114

Residual: 0.3074805711892307


epsilon: 1.7222222222222223

m: 5.333333333333333

n: 37.333333333333336

Residual: 0.32795742996464766


epsilon: 1.7222222222222223

m: 5.333333333333333

n: 41.55555555555556

Residual: 0.3447073105432742


epsilon: 1.7222222222222223

m: 5.333333333333333

n: 45.77777777777778

Residual: 0.3594384623532598


epsilon: 1.7222222222222223

m: 5.333333333333333

n: 50.0

Residual: 0.3719747691610118


epsilon: 1.7222222222222223

m: 5.666666666666666

n: 12.0

Residual: 0.1323396340189361


epsilon: 1.7222222222222223

m: 5.666666666666666

n: 16.22222222222222

Residual: 0.2730806045936541


epsilon: 1.7222222222222223

m: 5.666666666666666

n: 20.444444444444443

Residual: 0.3504519308608541


epsilon: 1.7222222222222223

m: 5.666666666666666

n: 24.666666666666668

Residual: 0.40005225743319905


epsilon: 1.7222222222222223

m: 5.666666666666666

n: 28.88888888888889

Residual: 0.43471217693830594


epsilon: 1.7222222222222223

m: 5.666666666666666

n: 33.111111111111114

Residual: 0.45880274476562827


epsilon: 1.7222222222222223

m: 5.666666666666666

n: 37.333333333333336

Residual: 0.47897724476110637


epsilon: 1.7222222222222223

m: 5.666666666666666

n: 41.55555555555556

Residual: 0.49317121456677243


epsilon: 1.7222222222222223

m: 5.666666666666666

n: 45.77777777777778

Residual: 0.5081744773912629


epsilon: 1.7222222222222223

m: 5.666666666666666

n: 50.0

Residual: 0.5173731820847547


epsilon: 1.7222222222222223

m: 6.0

n: 12.0

Residual: 0.2668138909142316


epsilon: 1.7222222222222223

m: 6.0

n: 16.22222222222222

Residual: 0.40362391037894235


epsilon: 1.7222222222222223

m: 6.0

n: 20.444444444444443

Residual: 0.477108374648372


epsilon: 1.7222222222222223

m: 6.0

n: 24.666666666666668

Residual: 0.5218459940224469


epsilon: 1.7222222222222223

m: 6.0

n: 28.88888888888889

Residual: 0.5518247903767316


epsilon: 1.7222222222222223

m: 6.0

n: 33.111111111111114

Residual: 0.5747247507082054


epsilon: 1.7222222222222223

m: 6.0

n: 37.333333333333336

Residual: 0.5905285651168668


epsilon: 1.7222222222222223

m: 6.0

n: 41.55555555555556

Residual: 0.6060218637266336


epsilon: 1.7222222222222223

m: 6.0

n: 45.77777777777778

Residual: 0.6164921967867785


epsilon: 1.7222222222222223

m: 6.0

n: 50.0

Residual: 0.6256228388272096


epsilon: 1.7222222222222223

m: 6.333333333333333

n: 12.0

Residual: 0.37724091778601054


epsilon: 1.7222222222222223

m: 6.333333333333333

n: 16.22222222222222

Residual: 0.5068849367612671


epsilon: 1.7222222222222223

m: 6.333333333333333

n: 20.444444444444443

Residual: 0.5743316662412191


epsilon: 1.7222222222222223

m: 6.333333333333333

n: 24.666666666666668

Residual: 0.6143065138343463


epsilon: 1.7222222222222223

m: 6.333333333333333

n: 28.88888888888889

Residual: 0.6420291017061815


epsilon: 1.7222222222222223

m: 6.333333333333333

n: 33.111111111111114

Residual: 0.6634977904905953


epsilon: 1.7222222222222223

m: 6.333333333333333

n: 37.333333333333336

Residual: 0.6763961882614868


epsilon: 1.7222222222222223

m: 6.333333333333333

n: 41.55555555555556

Residual: 0.6886035821482042


epsilon: 1.7222222222222223

m: 6.333333333333333

n: 45.77777777777778

Residual: 0.698585564279004


epsilon: 1.7222222222222223

m: 6.333333333333333

n: 50.0

Residual: 0.7064611047796863


epsilon: 1.7222222222222223

m: 6.666666666666666

n: 12.0

Residual: 0.46679414543201764


epsilon: 1.7222222222222223

m: 6.666666666666666

n: 16.22222222222222

Residual: 0.5887741985605945


epsilon: 1.7222222222222223

m: 6.666666666666666

n: 20.444444444444443

Residual: 0.6488684881567682


epsilon: 1.7222222222222223

m: 6.666666666666666

n: 24.666666666666668

Residual: 0.6863724010894264


epsilon: 1.7222222222222223

m: 6.666666666666666

n: 28.88888888888889

Residual: 0.7095884890275279


epsilon: 1.7222222222222223

m: 6.666666666666666

n: 33.111111111111114

Residual: 0.7270607696300971


epsilon: 1.7222222222222223

m: 6.666666666666666

n: 37.333333333333336

Residual: 0.7396171981025188


epsilon: 1.7222222222222223

m: 6.666666666666666

n: 41.55555555555556

Residual: 0.7514785783682131


epsilon: 1.7222222222222223

m: 6.666666666666666

n: 45.77777777777778

Residual: 0.7600848694011414


epsilon: 1.7222222222222223

m: 6.666666666666666

n: 50.0

Residual: 0.7675015121688984


epsilon: 1.7222222222222223

m: 7.0

n: 12.0

Residual: 0.5381137279651296


epsilon: 1.7222222222222223

m: 7.0

n: 16.22222222222222

Residual: 0.6527047651524286


epsilon: 1.7222222222222223

m: 7.0

n: 20.444444444444443

Residual: 0.7073913990472557


epsilon: 1.7222222222222223

m: 7.0

n: 24.666666666666668

Residual: 0.740202560262163


epsilon: 1.7222222222222223

m: 7.0

n: 28.88888888888889

Residual: 0.7605169280475006


epsilon: 1.7222222222222223

m: 7.0

n: 33.111111111111114

Residual: 0.7755791426149375


epsilon: 1.7222222222222223

m: 7.0

n: 37.333333333333336

Residual: 0.7874912240858799


epsilon: 1.7222222222222223

m: 7.0

n: 41.55555555555556

Residual: 0.7955658555109332


epsilon: 1.7222222222222223

m: 7.0

n: 45.77777777777778

Residual: 0.8030401571548267


epsilon: 1.7222222222222223

m: 7.0

n: 50.0

Residual: 0.8102237917428433


epsilon: 2.3333333333333335

m: 4.0

n: 12.0

Residual: 0.7942426442827462


epsilon: 2.3333333333333335

m: 4.0

n: 16.22222222222222

Residual: 0.7517381139375685


epsilon: 2.3333333333333335

m: 4.0

n: 20.444444444444443

Residual: 0.7229422197582543


epsilon: 2.3333333333333335

m: 4.0

n: 24.666666666666668

Residual: 0.7019503839021208


epsilon: 2.3333333333333335

m: 4.0

n: 28.88888888888889

Residual: 0.685868160085013


epsilon: 2.3333333333333335

m: 4.0

n: 33.111111111111114

Residual: 0.6730837126718718


epsilon: 2.3333333333333335

m: 4.0

n: 37.333333333333336

Residual: 0.6626585369914118


epsilon: 2.3333333333333335

m: 4.0

n: 41.55555555555556

Residual: 0.6538693775525473


epsilon: 2.3333333333333335

m: 4.0

n: 45.77777777777778

Residual: 0.6465118325757064


epsilon: 2.3333333333333335

m: 4.0

n: 50.0

Residual: 0.6401322551392477


epsilon: 2.3333333333333335

m: 4.333333333333333

n: 12.0

Residual: 0.6714973120032112


epsilon: 2.3333333333333335

m: 4.333333333333333

n: 16.22222222222222

Residual: 0.6038703754925462


epsilon: 2.3333333333333335

m: 4.333333333333333

n: 20.444444444444443

Residual: 0.5590966380277478


epsilon: 2.3333333333333335

m: 4.333333333333333

n: 24.666666666666668

Residual: 0.5269994221923349


epsilon: 2.3333333333333335

m: 4.333333333333333

n: 28.88888888888889

Residual: 0.5025412215437628


epsilon: 2.3333333333333335

m: 4.333333333333333

n: 33.111111111111114

Residual: 0.4831227354072585


epsilon: 2.3333333333333335

m: 4.333333333333333

n: 37.333333333333336

Residual: 0.46760269766558044


epsilon: 2.3333333333333335

m: 4.333333333333333

n: 41.55555555555556

Residual: 0.4548038812352117


epsilon: 2.3333333333333335

m: 4.333333333333333

n: 45.77777777777778

Residual: 0.4438640397137089


epsilon: 2.3333333333333335

m: 4.333333333333333

n: 50.0

Residual: 0.43461865619744894


epsilon: 2.3333333333333335

m: 4.666666666666667

n: 12.0

Residual: 0.5183871081988249


epsilon: 2.3333333333333335

m: 4.666666666666667

n: 16.22222222222222

Residual: 0.42284859855312595


epsilon: 2.3333333333333335

m: 4.666666666666667

n: 20.444444444444443

Residual: 0.3615392619340817


epsilon: 2.3333333333333335

m: 4.666666666666667

n: 24.666666666666668

Residual: 0.31879105265859536


epsilon: 2.3333333333333335

m: 4.666666666666667

n: 28.88888888888889

Residual: 0.28675986165617773


epsilon: 2.3333333333333335

m: 4.666666666666667

n: 33.111111111111114

Residual: 0.26181281490981195


epsilon: 2.3333333333333335

m: 4.666666666666667

n: 37.333333333333336

Residual: 0.2419596687555791


epsilon: 2.3333333333333335

m: 4.666666666666667

n: 41.55555555555556

Residual: 0.22544626249810903


epsilon: 2.3333333333333335

m: 4.666666666666667

n: 45.77777777777778

Residual: 0.2135878155779246


epsilon: 2.3333333333333335

m: 4.666666666666667

n: 50.0

Residual: 0.20269680885182667


epsilon: 2.3333333333333335

m: 5.0

n: 12.0

Residual: 0.3482918016510574


epsilon: 2.3333333333333335

m: 5.0

n: 16.22222222222222

Residual: 0.22766650816127018


epsilon: 2.3333333333333335

m: 5.0

n: 20.444444444444443

Residual: 0.15415409130228888


epsilon: 2.3333333333333335

m: 5.0

n: 24.666666666666668

Residual: 0.10737044311478064


epsilon: 2.3333333333333335

m: 5.0

n: 28.88888888888889

Residual: 0.07678274802241311


epsilon: 2.3333333333333335

m: 5.0

n: 33.111111111111114

Residual: 0.058891583910342216


epsilon: 2.3333333333333335

m: 5.0

n: 37.333333333333336

Residual: 0.04845505233265555


epsilon: 2.3333333333333335

m: 5.0

n: 41.55555555555556

Residual: 0.04555896072735673


epsilon: 2.3333333333333335

m: 5.0

n: 45.77777777777778

Residual: 0.043964055012497096


epsilon: 2.3333333333333335

m: 5.0

n: 50.0

Residual: 0.04477256661611438


epsilon: 2.3333333333333335

m: 5.333333333333333

n: 12.0

Residual: 0.1773585320112427


epsilon: 2.3333333333333335

m: 5.333333333333333

n: 16.22222222222222

Residual: 0.05107788678554269


epsilon: 2.3333333333333335

m: 5.333333333333333

n: 20.444444444444443

Residual: 0.04213609680773387


epsilon: 2.3333333333333335

m: 5.333333333333333

n: 24.666666666666668

Residual: 0.09564578254335823


epsilon: 2.3333333333333335

m: 5.333333333333333

n: 28.88888888888889

Residual: 0.13491667575453736


epsilon: 2.3333333333333335

m: 5.333333333333333

n: 33.111111111111114

Residual: 0.1644517614322168


epsilon: 2.3333333333333335

m: 5.333333333333333

n: 37.333333333333336

Residual: 0.18644954863260885


epsilon: 2.3333333333333335

m: 5.333333333333333

n: 41.55555555555556

Residual: 0.2052149509135938


epsilon: 2.3333333333333335

m: 5.333333333333333

n: 45.77777777777778

Residual: 0.22077271804929155


epsilon: 2.3333333333333335

m: 5.333333333333333

n: 50.0

Residual: 0.23356182147918989


epsilon: 2.3333333333333335

m: 5.666666666666666

n: 12.0

Residual: 0.08110688586466532


epsilon: 2.3333333333333335

m: 5.666666666666666

n: 16.22222222222222

Residual: 0.12854826891509322


epsilon: 2.3333333333333335

m: 5.666666666666666

n: 20.444444444444443

Residual: 0.21136164583492217


epsilon: 2.3333333333333335

m: 5.666666666666666

n: 24.666666666666668

Residual: 0.2652035349247377


epsilon: 2.3333333333333335

m: 5.666666666666666

n: 28.88888888888889

Residual: 0.3021363329802338


epsilon: 2.3333333333333335

m: 5.666666666666666

n: 33.111111111111114

Residual: 0.33130641104138653


epsilon: 2.3333333333333335

m: 5.666666666666666

n: 37.333333333333336

Residual: 0.35313337603533923


epsilon: 2.3333333333333335

m: 5.666666666666666

n: 41.55555555555556

Residual: 0.3704644731549


epsilon: 2.3333333333333335

m: 5.666666666666666

n: 45.77777777777778

Residual: 0.3860545237727787


epsilon: 2.3333333333333335

m: 5.666666666666666

n: 50.0

Residual: 0.39973664842428924


epsilon: 2.3333333333333335

m: 6.0

n: 12.0

Residual: 0.12158522314772542


epsilon: 2.3333333333333335

m: 6.0

n: 16.22222222222222

Residual: 0.2694709620074299


epsilon: 2.3333333333333335

m: 6.0

n: 20.444444444444443

Residual: 0.3526200556852403


epsilon: 2.3333333333333335

m: 6.0

n: 24.666666666666668

Residual: 0.40237424357633317


epsilon: 2.3333333333333335

m: 6.0

n: 28.88888888888889

Residual: 0.4390757099477462


epsilon: 2.3333333333333335

m: 6.0

n: 33.111111111111114

Residual: 0.466380777600915


epsilon: 2.3333333333333335

m: 6.0

n: 37.333333333333336

Residual: 0.486073511898603


epsilon: 2.3333333333333335

m: 6.0

n: 41.55555555555556

Residual: 0.4986015957307426


epsilon: 2.3333333333333335

m: 6.0

n: 45.77777777777778

Residual: 0.5142723516688498


epsilon: 2.3333333333333335

m: 6.0

n: 50.0

Residual: 0.5251212991054118


epsilon: 2.3333333333333335

m: 6.333333333333333

n: 12.0

Residual: 0.23962788997816442


epsilon: 2.3333333333333335

m: 6.333333333333333

n: 16.22222222222222

Residual: 0.387515643970437


epsilon: 2.3333333333333335

m: 6.333333333333333

n: 20.444444444444443

Residual: 0.4620089150566429


epsilon: 2.3333333333333335

m: 6.333333333333333

n: 24.666666666666668

Residual: 0.5113231065675714


epsilon: 2.3333333333333335

m: 6.333333333333333

n: 28.88888888888889

Residual: 0.5462666431680835


epsilon: 2.3333333333333335

m: 6.333333333333333

n: 33.111111111111114

Residual: 0.5686366346920428


epsilon: 2.3333333333333335

m: 6.333333333333333

n: 37.333333333333336

Residual: 0.5854662413559565


epsilon: 2.3333333333333335

m: 6.333333333333333

n: 41.55555555555556

Residual: 0.5992261961617483


epsilon: 2.3333333333333335

m: 6.333333333333333

n: 45.77777777777778

Residual: 0.6133868522338981


epsilon: 2.3333333333333335

m: 6.333333333333333

n: 50.0

Residual: 0.6198250508047985


epsilon: 2.3333333333333335

m: 6.666666666666666

n: 12.0

Residual: 0.3394404664531387


epsilon: 2.3333333333333335

m: 6.666666666666666

n: 16.22222222222222

Residual: 0.47951970209728184


epsilon: 2.3333333333333335

m: 6.666666666666666

n: 20.444444444444443

Residual: 0.5510631818289384


epsilon: 2.3333333333333335

m: 6.666666666666666

n: 24.666666666666668

Residual: 0.5959613256603543


epsilon: 2.3333333333333335

m: 6.666666666666666

n: 28.88888888888889

Residual: 0.6249941339106937


epsilon: 2.3333333333333335

m: 6.666666666666666

n: 33.111111111111114

Residual: 0.6468034752368581


epsilon: 2.3333333333333335

m: 6.666666666666666

n: 37.333333333333336

Residual: 0.6630655182206066


epsilon: 2.3333333333333335

m: 6.666666666666666

n: 41.55555555555556

Residual: 0.6768979760696568


epsilon: 2.3333333333333335

m: 6.666666666666666

n: 45.77777777777778

Residual: 0.6835950317547644


epsilon: 2.3333333333333335

m: 6.666666666666666

n: 50.0

Residual: 0.6939570081044869


epsilon: 2.3333333333333335

m: 7.0

n: 12.0

Residual: 0.42264374520871345


epsilon: 2.3333333333333335

m: 7.0

n: 16.22222222222222

Residual: 0.5561252444620713


epsilon: 2.3333333333333335

m: 7.0

n: 20.444444444444443

Residual: 0.6239685116450393


epsilon: 2.3333333333333335

m: 7.0

n: 24.666666666666668

Residual: 0.6634583262311868


epsilon: 2.3333333333333335

m: 7.0

n: 28.88888888888889

Residual: 0.6886530045135751


epsilon: 2.3333333333333335

m: 7.0

n: 33.111111111111114

Residual: 0.707859377683903


epsilon: 2.3333333333333335

m: 7.0

n: 37.333333333333336

Residual: 0.7225282724611296


epsilon: 2.3333333333333335

m: 7.0

n: 41.55555555555556

Residual: 0.7329425331440544


epsilon: 2.3333333333333335

m: 7.0

n: 45.77777777777778

Residual: 0.7435154988809992


epsilon: 2.3333333333333335

m: 7.0

n: 50.0

Residual: 0.750924919656637


epsilon: 2.9444444444444446

m: 4.0

n: 12.0

Residual: 0.8333920146448411


epsilon: 2.9444444444444446

m: 4.0

n: 16.22222222222222

Residual: 0.7980616538623305


epsilon: 2.9444444444444446

m: 4.0

n: 20.444444444444443

Residual: 0.7739607004781656


epsilon: 2.9444444444444446

m: 4.0

n: 24.666666666666668

Residual: 0.756238471241219


epsilon: 2.9444444444444446

m: 4.0

n: 28.88888888888889

Residual: 0.7426769669713402


epsilon: 2.9444444444444446

m: 4.0

n: 33.111111111111114

Residual: 0.7318341206748237


epsilon: 2.9444444444444446

m: 4.0

n: 37.333333333333336

Residual: 0.722912774411641


epsilon: 2.9444444444444446

m: 4.0

n: 41.55555555555556

Residual: 0.7155118320678425


epsilon: 2.9444444444444446

m: 4.0

n: 45.77777777777778

Residual: 0.7091654968167447


epsilon: 2.9444444444444446

m: 4.0

n: 50.0

Residual: 0.7036825855788892


epsilon: 2.9444444444444446

m: 4.333333333333333

n: 12.0

Residual: 0.7305138772883106


epsilon: 2.9444444444444446

m: 4.333333333333333

n: 16.22222222222222

Residual: 0.6725548056160017


epsilon: 2.9444444444444446

m: 4.333333333333333

n: 20.444444444444443

Residual: 0.633677366463933


epsilon: 2.9444444444444446

m: 4.333333333333333

n: 24.666666666666668

Residual: 0.6056282291403196


epsilon: 2.9444444444444446

m: 4.333333333333333

n: 28.88888888888889

Residual: 0.5842759455539261


epsilon: 2.9444444444444446

m: 4.333333333333333

n: 33.111111111111114

Residual: 0.5673036017755584


epsilon: 2.9444444444444446

m: 4.333333333333333

n: 37.333333333333336

Residual: 0.5534518106288687


epsilon: 2.9444444444444446

m: 4.333333333333333

n: 41.55555555555556

Residual: 0.5420604021607635


epsilon: 2.9444444444444446

m: 4.333333333333333

n: 45.77777777777778

Residual: 0.5322825038823013


epsilon: 2.9444444444444446

m: 4.333333333333333

n: 50.0

Residual: 0.5239639035388215


epsilon: 2.9444444444444446

m: 4.666666666666667

n: 12.0

Residual: 0.5980934321308856


epsilon: 2.9444444444444446

m: 4.666666666666667

n: 16.22222222222222

Residual: 0.5135896926519695


epsilon: 2.9444444444444446

m: 4.666666666666667

n: 20.444444444444443

Residual: 0.45846770770547374


epsilon: 2.9444444444444446

m: 4.666666666666667

n: 24.666666666666668

Residual: 0.41885180402519856


epsilon: 2.9444444444444446

m: 4.666666666666667

n: 28.88888888888889

Residual: 0.38978308852104465


epsilon: 2.9444444444444446

m: 4.666666666666667

n: 33.111111111111114

Residual: 0.36665585248795207


epsilon: 2.9444444444444446

m: 4.666666666666667

n: 37.333333333333336

Residual: 0.34788791780573375


epsilon: 2.9444444444444446

m: 4.666666666666667

n: 41.55555555555556

Residual: 0.33249245159048324


epsilon: 2.9444444444444446

m: 4.666666666666667

n: 45.77777777777778

Residual: 0.3195213560782058


epsilon: 2.9444444444444446

m: 4.666666666666667

n: 50.0

Residual: 0.3081422289130547


epsilon: 2.9444444444444446

m: 5.0

n: 12.0

Residual: 0.4460306648935058


epsilon: 2.9444444444444446

m: 5.0

n: 16.22222222222222

Residual: 0.33498060059767476


epsilon: 2.9444444444444446

m: 5.0

n: 20.444444444444443

Residual: 0.2649887991606861


epsilon: 2.9444444444444446

m: 5.0

n: 24.666666666666668

Residual: 0.21708011663144366


epsilon: 2.9444444444444446

m: 5.0

n: 28.88888888888889

Residual: 0.18122543745522646


epsilon: 2.9444444444444446

m: 5.0

n: 33.111111111111114

Residual: 0.1534817001018798


epsilon: 2.9444444444444446

m: 5.0

n: 37.333333333333336

Residual: 0.13103187452038215


epsilon: 2.9444444444444446

m: 5.0

n: 41.55555555555556

Residual: 0.1139234808199618


epsilon: 2.9444444444444446

m: 5.0

n: 45.77777777777778

Residual: 0.10181024066441652


epsilon: 2.9444444444444446

m: 5.0

n: 50.0

Residual: 0.09122069455104762


epsilon: 2.9444444444444446

m: 5.333333333333333

n: 12.0

Residual: 0.2869144133453075


epsilon: 2.9444444444444446

m: 5.333333333333333

n: 16.22222222222222

Residual: 0.15478835714631187


epsilon: 2.9444444444444446

m: 5.333333333333333

n: 20.444444444444443

Residual: 0.07772686634798906


epsilon: 2.9444444444444446

m: 5.333333333333333

n: 24.666666666666668

Residual: 0.04014357540290547


epsilon: 2.9444444444444446

m: 5.333333333333333

n: 28.88888888888889

Residual: 0.02979284431870295


epsilon: 2.9444444444444446

m: 5.333333333333333

n: 33.111111111111114

Residual: 0.04872513912819907


epsilon: 2.9444444444444446

m: 5.333333333333333

n: 37.333333333333336

Residual: 0.07293625046943364


epsilon: 2.9444444444444446

m: 5.333333333333333

n: 41.55555555555556

Residual: 0.09169531842128555


epsilon: 2.9444444444444446

m: 5.333333333333333

n: 45.77777777777778

Residual: 0.1079468822025716


epsilon: 2.9444444444444446

m: 5.333333333333333

n: 50.0

Residual: 0.12096845382685911


epsilon: 2.9444444444444446

m: 5.666666666666666

n: 12.0

Residual: 0.1546903800384143


epsilon: 2.9444444444444446

m: 5.666666666666666

n: 16.22222222222222

Residual: 0.0749210628971094


epsilon: 2.9444444444444446

m: 5.666666666666666

n: 20.444444444444443

Residual: 0.09814277009540608


epsilon: 2.9444444444444446

m: 5.666666666666666

n: 24.666666666666668

Residual: 0.15553750524431237


epsilon: 2.9444444444444446

m: 5.666666666666666

n: 28.88888888888889

Residual: 0.19498633982170865


epsilon: 2.9444444444444446

m: 5.666666666666666

n: 33.111111111111114

Residual: 0.22459707153901484


epsilon: 2.9444444444444446

m: 5.666666666666666

n: 37.333333333333336

Residual: 0.2469912272390253


epsilon: 2.9444444444444446

m: 5.666666666666666

n: 41.55555555555556

Residual: 0.26565283581224275


epsilon: 2.9444444444444446

m: 5.666666666666666

n: 45.77777777777778

Residual: 0.2807684353126768


epsilon: 2.9444444444444446

m: 5.666666666666666

n: 50.0

Residual: 0.2953323514922315


epsilon: 2.9444444444444446

m: 6.0

n: 12.0

Residual: 0.11962493643527039


epsilon: 2.9444444444444446

m: 6.0

n: 16.22222222222222

Residual: 0.15857447270936187


epsilon: 2.9444444444444446

m: 6.0

n: 20.444444444444443

Residual: 0.24767537650019755


epsilon: 2.9444444444444446

m: 6.0

n: 24.666666666666668

Residual: 0.3015720458570981


epsilon: 2.9444444444444446

m: 6.0

n: 28.88888888888889

Residual: 0.3405883975085113


epsilon: 2.9444444444444446

m: 6.0

n: 33.111111111111114

Residual: 0.3679507786623329


epsilon: 2.9444444444444446

m: 6.0

n: 37.333333333333336

Residual: 0.3903318132384921


epsilon: 2.9444444444444446

m: 6.0

n: 41.55555555555556

Residual: 0.4075504888806287


epsilon: 2.9444444444444446

m: 6.0

n: 45.77777777777778

Residual: 0.42187839801178517


epsilon: 2.9444444444444446

m: 6.0

n: 50.0

Residual: 0.43548709839972705


epsilon: 2.9444444444444446

m: 6.333333333333333

n: 12.0

Residual: 0.14659086760958995


epsilon: 2.9444444444444446

m: 6.333333333333333

n: 16.22222222222222

Residual: 0.2844297723007895


epsilon: 2.9444444444444446

m: 6.333333333333333

n: 20.444444444444443

Residual: 0.3672835987243239


epsilon: 2.9444444444444446

m: 6.333333333333333

n: 24.666666666666668

Residual: 0.4220700747185263


epsilon: 2.9444444444444446

m: 6.333333333333333

n: 28.88888888888889

Residual: 0.4563345553153


epsilon: 2.9444444444444446

m: 6.333333333333333

n: 33.111111111111114

Residual: 0.4835048428526103


epsilon: 2.9444444444444446

m: 6.333333333333333

n: 37.333333333333336

Residual: 0.5049106523326519


epsilon: 2.9444444444444446

m: 6.333333333333333

n: 41.55555555555556

Residual: 0.5216949709259533


epsilon: 2.9444444444444446

m: 6.333333333333333

n: 45.77777777777778

Residual: 0.5346080379813709


epsilon: 2.9444444444444446

m: 6.333333333333333

n: 50.0

Residual: 0.5463081743380339


epsilon: 2.9444444444444446

m: 6.666666666666666

n: 12.0

Residual: 0.23192043339909377


epsilon: 2.9444444444444446

m: 6.666666666666666

n: 16.22222222222222

Residual: 0.3844747058671647


epsilon: 2.9444444444444446

m: 6.666666666666666

n: 20.444444444444443

Residual: 0.46614973668577275


epsilon: 2.9444444444444446

m: 6.666666666666666

n: 24.666666666666668

Residual: 0.5150294564132988


epsilon: 2.9444444444444446

m: 6.666666666666666

n: 28.88888888888889

Residual: 0.5511074085344428


epsilon: 2.9444444444444446

m: 6.666666666666666

n: 33.111111111111114

Residual: 0.5734637712397237


epsilon: 2.9444444444444446

m: 6.666666666666666

n: 37.333333333333336

Residual: 0.5911376328142686


epsilon: 2.9444444444444446

m: 6.666666666666666

n: 41.55555555555556

Residual: 0.607088402433588


epsilon: 2.9444444444444446

m: 6.666666666666666

n: 45.77777777777778

Residual: 0.6195806370186702


epsilon: 2.9444444444444446

m: 6.666666666666666

n: 50.0

Residual: 0.6264214592770688


epsilon: 2.9444444444444446

m: 7.0

n: 12.0

Residual: 0.32167702446011676


epsilon: 2.9444444444444446

m: 7.0

n: 16.22222222222222

Residual: 0.4706043897304218


epsilon: 2.9444444444444446

m: 7.0

n: 20.444444444444443

Residual: 0.547624007491792


epsilon: 2.9444444444444446

m: 7.0

n: 24.666666666666668

Residual: 0.5916804389933694


epsilon: 2.9444444444444446

m: 7.0

n: 28.88888888888889

Residual: 0.6236487981643848


epsilon: 2.9444444444444446

m: 7.0

n: 33.111111111111114

Residual: 0.6430737425497136


epsilon: 2.9444444444444446

m: 7.0

n: 37.333333333333336

Residual: 0.661333299965567


epsilon: 2.9444444444444446

m: 7.0

n: 41.55555555555556

Residual: 0.6750666483883604


epsilon: 2.9444444444444446

m: 7.0

n: 45.77777777777778

Residual: 0.6866865518386179


epsilon: 2.9444444444444446

m: 7.0

n: 50.0

Residual: 0.6914887788442251


epsilon: 3.555555555555556

m: 4.0

n: 12.0

Residual: 0.860013851149712


epsilon: 3.555555555555556

m: 4.0

n: 16.22222222222222

Residual: 0.8298297447573273


epsilon: 3.555555555555556

m: 4.0

n: 20.444444444444443

Residual: 0.8090880041721187


epsilon: 3.555555555555556

m: 4.0

n: 24.666666666666668

Residual: 0.7938632996632988


epsilon: 3.555555555555556

m: 4.0

n: 28.88888888888889

Residual: 0.7820886844783558


epsilon: 3.555555555555556

m: 4.0

n: 33.111111111111114

Residual: 0.7726581995599469


epsilon: 3.555555555555556

m: 4.0

n: 37.333333333333336

Residual: 0.7649691716417384


epsilon: 3.555555555555556

m: 4.0

n: 41.55555555555556

Residual: 0.758460357383965


epsilon: 3.555555555555556

m: 4.0

n: 45.77777777777778

Residual: 0.7529171826839827


epsilon: 3.555555555555556

m: 4.0

n: 50.0

Residual: 0.7482283382454363


epsilon: 3.555555555555556

m: 4.333333333333333

n: 12.0

Residual: 0.771507843522996


epsilon: 3.555555555555556

m: 4.333333333333333

n: 16.22222222222222

Residual: 0.7210848865173586


epsilon: 3.555555555555556

m: 4.333333333333333

n: 20.444444444444443

Residual: 0.6869052709644455


epsilon: 3.555555555555556

m: 4.333333333333333

n: 24.666666666666668

Residual: 0.6621125987872594


epsilon: 3.555555555555556

m: 4.333333333333333

n: 28.88888888888889

Residual: 0.6429077947626841


epsilon: 3.555555555555556

m: 4.333333333333333

n: 33.111111111111114

Residual: 0.6279749974003169


epsilon: 3.555555555555556

m: 4.333333333333333

n: 37.333333333333336

Residual: 0.615521791620531


epsilon: 3.555555555555556

m: 4.333333333333333

n: 41.55555555555556

Residual: 0.6052021332575428


epsilon: 3.555555555555556

m: 4.333333333333333

n: 45.77777777777778

Residual: 0.5965837717091742


epsilon: 3.555555555555556

m: 4.333333333333333

n: 50.0

Residual: 0.5888411250890666


epsilon: 3.555555555555556

m: 4.666666666666667

n: 12.0

Residual: 0.655266812294617


epsilon: 3.555555555555556

m: 4.666666666666667

n: 16.22222222222222

Residual: 0.5793204980559781


epsilon: 3.555555555555556

m: 4.666666666666667

n: 20.444444444444443

Residual: 0.5295984336720557


epsilon: 3.555555555555556

m: 4.666666666666667

n: 24.666666666666668

Residual: 0.49381026655245824


epsilon: 3.555555555555556

m: 4.666666666666667

n: 28.88888888888889

Residual: 0.46654384259827675


epsilon: 3.555555555555556

m: 4.666666666666667

n: 33.111111111111114

Residual: 0.4450257161797239


epsilon: 3.555555555555556

m: 4.666666666666667

n: 37.333333333333336

Residual: 0.42826258131921463


epsilon: 3.555555555555556

m: 4.666666666666667

n: 41.55555555555556

Residual: 0.41383984950212244


epsilon: 3.555555555555556

m: 4.666666666666667

n: 45.77777777777778

Residual: 0.40162733364725756


epsilon: 3.555555555555556

m: 4.666666666666667

n: 50.0

Residual: 0.39136568086964635


epsilon: 3.555555555555556

m: 5.0

n: 12.0

Residual: 0.518187981686507


epsilon: 3.555555555555556

m: 5.0

n: 16.22222222222222

Residual: 0.415930826216659


epsilon: 3.555555555555556

m: 5.0

n: 20.444444444444443

Residual: 0.35086371513630915


epsilon: 3.555555555555556

m: 5.0

n: 24.666666666666668

Residual: 0.3040148638189404


epsilon: 3.555555555555556

m: 5.0

n: 28.88888888888889

Residual: 0.27018409994050735


epsilon: 3.555555555555556

m: 5.0

n: 33.111111111111114

Residual: 0.24362874792055095


epsilon: 3.555555555555556

m: 5.0

n: 37.333333333333336

Residual: 0.22235169535131008


epsilon: 3.555555555555556

m: 5.0

n: 41.55555555555556

Residual: 0.20473904263174672


epsilon: 3.555555555555556

m: 5.0

n: 45.77777777777778

Residual: 0.19017097205884165


epsilon: 3.555555555555556

m: 5.0

n: 50.0

Residual: 0.177548259086116


epsilon: 3.555555555555556

m: 5.333333333333333

n: 12.0

Residual: 0.3710397620720464


epsilon: 3.555555555555556

m: 5.333333333333333

n: 16.22222222222222

Residual: 0.24483743619274365


epsilon: 3.555555555555556

m: 5.333333333333333

n: 20.444444444444443

Residual: 0.16774248834043226


epsilon: 3.555555555555556

m: 5.333333333333333

n: 24.666666666666668

Residual: 0.11409891888617194


epsilon: 3.555555555555556

m: 5.333333333333333

n: 28.88888888888889

Residual: 0.07881847236240612


epsilon: 3.555555555555556

m: 5.333333333333333

n: 33.111111111111114

Residual: 0.05367178726158467


epsilon: 3.555555555555556

m: 5.333333333333333

n: 37.333333333333336

Residual: 0.039685693821239876


epsilon: 3.555555555555556

m: 5.333333333333333

n: 41.55555555555556

Residual: 0.03484470679860647


epsilon: 3.555555555555556

m: 5.333333333333333

n: 45.77777777777778

Residual: 0.030664761816873352


epsilon: 3.555555555555556

m: 5.333333333333333

n: 50.0

Residual: 0.030298387670257866


epsilon: 3.555555555555556

m: 5.666666666666666

n: 12.0

Residual: 0.22985722210516846


epsilon: 3.555555555555556

m: 5.666666666666666

n: 16.22222222222222

Residual: 0.11887148411161744


epsilon: 3.555555555555556

m: 5.666666666666666

n: 20.444444444444443

Residual: 0.08009439979385773


epsilon: 3.555555555555556

m: 5.666666666666666

n: 24.666666666666668

Residual: 0.07428567778016146


epsilon: 3.555555555555556

m: 5.666666666666666

n: 28.88888888888889

Residual: 0.10261583449263906


epsilon: 3.555555555555556

m: 5.666666666666666

n: 33.111111111111114

Residual: 0.13351539940368778


epsilon: 3.555555555555556

m: 5.666666666666666

n: 37.333333333333336

Residual: 0.1576646026024531


epsilon: 3.555555555555556

m: 5.666666666666666

n: 41.55555555555556

Residual: 0.17696831642034166


epsilon: 3.555555555555556

m: 5.666666666666666

n: 45.77777777777778

Residual: 0.1938214105084051


epsilon: 3.555555555555556

m: 5.666666666666666

n: 50.0

Residual: 0.20917518328373114


epsilon: 3.555555555555556

m: 6.0

n: 12.0

Residual: 0.1634277053646332


epsilon: 3.555555555555556

m: 6.0

n: 16.22222222222222

Residual: 0.1156559910238981


epsilon: 3.555555555555556

m: 6.0

n: 20.444444444444443

Residual: 0.15483532807236605


epsilon: 3.555555555555556

m: 6.0

n: 24.666666666666668

Residual: 0.21448806667951795


epsilon: 3.555555555555556

m: 6.0

n: 28.88888888888889

Residual: 0.2554748547135039


epsilon: 3.555555555555556

m: 6.0

n: 33.111111111111114

Residual: 0.2849100388462615


epsilon: 3.555555555555556

m: 6.0

n: 37.333333333333336

Residual: 0.30708512635767926


epsilon: 3.555555555555556

m: 6.0

n: 41.55555555555556

Residual: 0.32687104261513533


epsilon: 3.555555555555556

m: 6.0

n: 45.77777777777778

Residual: 0.3411171040945254


epsilon: 3.555555555555556

m: 6.0

n: 50.0

Residual: 0.3565161953688653


epsilon: 3.555555555555556

m: 6.333333333333333

n: 12.0

Residual: 0.15340366415254758


epsilon: 3.555555555555556

m: 6.333333333333333

n: 16.22222222222222

Residual: 0.1940080123289556


epsilon: 3.555555555555556

m: 6.333333333333333

n: 20.444444444444443

Residual: 0.2821873341809557


epsilon: 3.555555555555556

m: 6.333333333333333

n: 24.666666666666668

Residual: 0.3395677927506048


epsilon: 3.555555555555556

m: 6.333333333333333

n: 28.88888888888889

Residual: 0.3799164524259338


epsilon: 3.555555555555556

m: 6.333333333333333

n: 33.111111111111114

Residual: 0.40936869160806283


epsilon: 3.555555555555556

m: 6.333333333333333

n: 37.333333333333336

Residual: 0.42920389094470707


epsilon: 3.555555555555556

m: 6.333333333333333

n: 41.55555555555556

Residual: 0.4499283288976341


epsilon: 3.555555555555556

m: 6.333333333333333

n: 45.77777777777778

Residual: 0.4635535433240669


epsilon: 3.555555555555556

m: 6.333333333333333

n: 50.0

Residual: 0.472742050038984


epsilon: 3.555555555555556

m: 6.666666666666666

n: 12.0

Residual: 0.18082324909448777


epsilon: 3.555555555555556

m: 6.666666666666666

n: 16.22222222222222

Residual: 0.3023099752876391


epsilon: 3.555555555555556

m: 6.666666666666666

n: 20.444444444444443

Residual: 0.38956414032313597


epsilon: 3.555555555555556

m: 6.666666666666666

n: 24.666666666666668

Residual: 0.4428804228930768


epsilon: 3.555555555555556

m: 6.666666666666666

n: 28.88888888888889

Residual: 0.48600714317789073


epsilon: 3.555555555555556

m: 6.666666666666666

n: 33.111111111111114

Residual: 0.5070415863309224


epsilon: 3.555555555555556

m: 6.666666666666666

n: 37.333333333333336

Residual: 0.5266642151117779


epsilon: 3.555555555555556

m: 6.666666666666666

n: 41.55555555555556

Residual: 0.5446116433552868


epsilon: 3.555555555555556

m: 6.666666666666666

n: 45.77777777777778

Residual: 0.5590341549413982


epsilon: 3.555555555555556

m: 6.666666666666666

n: 50.0

Residual: 0.5663383829551958


epsilon: 3.555555555555556

m: 7.0

n: 12.0

Residual: 0.23686345844469295


epsilon: 3.555555555555556

m: 7.0

n: 16.22222222222222

Residual: 0.3926366467292778


epsilon: 3.555555555555556

m: 7.0

n: 20.444444444444443

Residual: 0.4778800674030854


epsilon: 3.555555555555556

m: 7.0

n: 24.666666666666668

Residual: 0.5254162872305306


epsilon: 3.555555555555556

m: 7.0

n: 28.88888888888889

Residual: 0.5636659420406908


epsilon: 3.555555555555556

m: 7.0

n: 33.111111111111114

Residual: 0.5870417978435128


epsilon: 3.555555555555556

m: 7.0

n: 37.333333333333336

Residual: 0.6069210189141448


epsilon: 3.555555555555556

m: 7.0

n: 41.55555555555556

Residual: 0.621728590829106


epsilon: 3.555555555555556

m: 7.0

n: 45.77777777777778

Residual: 0.6319341934530566


epsilon: 3.555555555555556

m: 7.0

n: 50.0

Residual: 0.6435778090236901


epsilon: 4.166666666666667

m: 4.0

n: 12.0

Residual: 0.879283898499681


epsilon: 4.166666666666667

m: 4.0

n: 16.22222222222222

Residual: 0.8528939275907547


epsilon: 4.166666666666667

m: 4.0

n: 20.444444444444443

Residual: 0.8347643225468835


epsilon: 4.166666666666667

m: 4.0

n: 24.666666666666668

Residual: 0.8213788808450287


epsilon: 4.166666666666667

m: 4.0

n: 28.88888888888889

Residual: 0.8110200027699974


epsilon: 4.166666666666667

m: 4.0

n: 33.111111111111114

Residual: 0.8027452629767532


epsilon: 4.166666666666667

m: 4.0

n: 37.333333333333336

Residual: 0.7959356972739295


epsilon: 4.166666666666667

m: 4.0

n: 41.55555555555556

Residual: 0.7901992731542608


epsilon: 4.166666666666667

m: 4.0

n: 45.77777777777778

Residual: 0.7853232054700878


epsilon: 4.166666666666667

m: 4.0

n: 50.0

Residual: 0.7811524019028789


epsilon: 4.166666666666667

m: 4.333333333333333

n: 12.0

Residual: 0.8017113619407512


epsilon: 4.166666666666667

m: 4.333333333333333

n: 16.22222222222222

Residual: 0.7569638985220948


epsilon: 4.166666666666667

m: 4.333333333333333

n: 20.444444444444443

Residual: 0.7265193335927869


epsilon: 4.166666666666667

m: 4.333333333333333

n: 24.666666666666668

Residual: 0.7043237080967049


epsilon: 4.166666666666667

m: 4.333333333333333

n: 28.88888888888889

Residual: 0.6870820116716906


epsilon: 4.166666666666667

m: 4.333333333333333

n: 33.111111111111114

Residual: 0.6736246140518242


epsilon: 4.166666666666667

m: 4.333333333333333

n: 37.333333333333336

Residual: 0.6624444136742608


epsilon: 4.166666666666667

m: 4.333333333333333

n: 41.55555555555556

Residual: 0.6530604923937118


epsilon: 4.166666666666667

m: 4.333333333333333

n: 45.77777777777778

Residual: 0.6451949882268362


epsilon: 4.166666666666667

m: 4.333333333333333

n: 50.0

Residual: 0.6384146838231175


epsilon: 4.166666666666667

m: 4.666666666666667

n: 12.0

Residual: 0.6982820830022282


epsilon: 4.166666666666667

m: 4.666666666666667

n: 16.22222222222222

Residual: 0.6298924171023632


epsilon: 4.166666666666667

m: 4.666666666666667

n: 20.444444444444443

Residual: 0.5842570124346284


epsilon: 4.166666666666667

m: 4.666666666666667

n: 24.666666666666668

Residual: 0.5513242251291712


epsilon: 4.166666666666667

m: 4.666666666666667

n: 28.88888888888889

Residual: 0.5266497049172167


epsilon: 4.166666666666667

m: 4.666666666666667

n: 33.111111111111114

Residual: 0.5064637436501468


epsilon: 4.166666666666667

m: 4.666666666666667

n: 37.333333333333336

Residual: 0.4906017275221945


epsilon: 4.166666666666667

m: 4.666666666666667

n: 41.55555555555556

Residual: 0.4771868879271573


epsilon: 4.166666666666667

m: 4.666666666666667

n: 45.77777777777778

Residual: 0.4656254127407967


epsilon: 4.166666666666667

m: 4.666666666666667

n: 50.0

Residual: 0.4563505494922238


epsilon: 4.166666666666667

m: 5.0

n: 12.0

Residual: 0.5735737125340641


epsilon: 4.166666666666667

m: 5.0

n: 16.22222222222222

Residual: 0.47897456802009036


epsilon: 4.166666666666667

m: 5.0

n: 20.444444444444443

Residual: 0.417968174520826


epsilon: 4.166666666666667

m: 5.0

n: 24.666666666666668

Residual: 0.3745219446394626


epsilon: 4.166666666666667

m: 5.0

n: 28.88888888888889

Residual: 0.34195833340521803


epsilon: 4.166666666666667

m: 5.0

n: 33.111111111111114

Residual: 0.31714851898626933


epsilon: 4.166666666666667

m: 5.0

n: 37.333333333333336

Residual: 0.29674339687650875


epsilon: 4.166666666666667

m: 5.0

n: 41.55555555555556

Residual: 0.2790493144549559


epsilon: 4.166666666666667

m: 5.0

n: 45.77777777777778

Residual: 0.26551319984874816


epsilon: 4.166666666666667

m: 5.0

n: 50.0

Residual: 0.2530891719482434


epsilon: 4.166666666666667

m: 5.333333333333333

n: 12.0

Residual: 0.43722915911418037


epsilon: 4.166666666666667

m: 5.333333333333333

n: 16.22222222222222

Residual: 0.3183059249395317


epsilon: 4.166666666666667

m: 5.333333333333333

n: 20.444444444444443

Residual: 0.24236075156128903


epsilon: 4.166666666666667

m: 5.333333333333333

n: 24.666666666666668

Residual: 0.19224433040184843


epsilon: 4.166666666666667

m: 5.333333333333333

n: 28.88888888888889

Residual: 0.15258272403698078


epsilon: 4.166666666666667

m: 5.333333333333333

n: 33.111111111111114

Residual: 0.12438502738486504


epsilon: 4.166666666666667

m: 5.333333333333333

n: 37.333333333333336

Residual: 0.10128761823285928


epsilon: 4.166666666666667

m: 5.333333333333333

n: 41.55555555555556

Residual: 0.0836225970442152


epsilon: 4.166666666666667

m: 5.333333333333333

n: 45.77777777777778

Residual: 0.0706475300066689


epsilon: 4.166666666666667

m: 5.333333333333333

n: 50.0

Residual: 0.059912345766639126


epsilon: 4.166666666666667

m: 5.666666666666666

n: 12.0

Residual: 0.29823287399101467


epsilon: 4.166666666666667

m: 5.666666666666666

n: 16.22222222222222

Residual: 0.17624679521371434


epsilon: 4.166666666666667

m: 5.666666666666666

n: 20.444444444444443

Residual: 0.11764470554172232


epsilon: 4.166666666666667

m: 5.666666666666666

n: 24.666666666666668

Residual: 0.08917179956452603


epsilon: 4.166666666666667

m: 5.666666666666666

n: 28.88888888888889

Residual: 0.07508210295069587


epsilon: 4.166666666666667

m: 5.666666666666666

n: 33.111111111111114

Residual: 0.07163579446298284


epsilon: 4.166666666666667

m: 5.666666666666666

n: 37.333333333333336

Residual: 0.08172886846817791


epsilon: 4.166666666666667

m: 5.666666666666666

n: 41.55555555555556

Residual: 0.09760232804365308


epsilon: 4.166666666666667

m: 5.666666666666666

n: 45.77777777777778

Residual: 0.11653912446907096


epsilon: 4.166666666666667

m: 5.666666666666666

n: 50.0

Residual: 0.13102517724646542


epsilon: 4.166666666666667

m: 6.0

n: 12.0

Residual: 0.21281954530203612


epsilon: 4.166666666666667

m: 6.0

n: 16.22222222222222

Residual: 0.13390661462544023


epsilon: 4.166666666666667

m: 6.0

n: 20.444444444444443

Residual: 0.11824886050809577


epsilon: 4.166666666666667

m: 6.0

n: 24.666666666666668

Residual: 0.13755772631274749


epsilon: 4.166666666666667

m: 6.0

n: 28.88888888888889

Residual: 0.17746157252684722


epsilon: 4.166666666666667

m: 6.0

n: 33.111111111111114

Residual: 0.2087812860165037


epsilon: 4.166666666666667

m: 6.0

n: 37.333333333333336

Residual: 0.23386765891807795


epsilon: 4.166666666666667

m: 6.0

n: 41.55555555555556

Residual: 0.25671157129995803


epsilon: 4.166666666666667

m: 6.0

n: 45.77777777777778

Residual: 0.27283512244812597


epsilon: 4.166666666666667

m: 6.0

n: 50.0

Residual: 0.2861760532965166


epsilon: 4.166666666666667

m: 6.333333333333333

n: 12.0

Residual: 0.1828099999849131


epsilon: 4.166666666666667

m: 6.333333333333333

n: 16.22222222222222

Residual: 0.1591090660308253


epsilon: 4.166666666666667

m: 6.333333333333333

n: 20.444444444444443

Residual: 0.20945787897587453


epsilon: 4.166666666666667

m: 6.333333333333333

n: 24.666666666666668

Residual: 0.26874299434077564


epsilon: 4.166666666666667

m: 6.333333333333333

n: 28.88888888888889

Residual: 0.30955353304472727


epsilon: 4.166666666666667

m: 6.333333333333333

n: 33.111111111111114

Residual: 0.3405308236331641


epsilon: 4.166666666666667

m: 6.333333333333333

n: 37.333333333333336

Residual: 0.36517832547242646


epsilon: 4.166666666666667

m: 6.333333333333333

n: 41.55555555555556

Residual: 0.38477044616254547


epsilon: 4.166666666666667

m: 6.333333333333333

n: 45.77777777777778

Residual: 0.4003402419630945


epsilon: 4.166666666666667

m: 6.333333333333333

n: 50.0

Residual: 0.4136558541163355


epsilon: 4.166666666666667

m: 6.666666666666666

n: 12.0

Residual: 0.18767576081530574


epsilon: 4.166666666666667

m: 6.666666666666666

n: 16.22222222222222

Residual: 0.22852060896165466


epsilon: 4.166666666666667

m: 6.666666666666666

n: 20.444444444444443

Residual: 0.3196363925753688


epsilon: 4.166666666666667

m: 6.666666666666666

n: 24.666666666666668

Residual: 0.37720897978997603


epsilon: 4.166666666666667

m: 6.666666666666666

n: 28.88888888888889

Residual: 0.41392535225709237


epsilon: 4.166666666666667

m: 6.666666666666666

n: 33.111111111111114

Residual: 0.44523266396109473


epsilon: 4.166666666666667

m: 6.666666666666666

n: 37.333333333333336

Residual: 0.4711146854222651


epsilon: 4.166666666666667

m: 6.666666666666666

n: 41.55555555555556

Residual: 0.4889742349803061


epsilon: 4.166666666666667

m: 6.666666666666666

n: 45.77777777777778

Residual: 0.5027256957107468


epsilon: 4.166666666666667

m: 6.666666666666666

n: 50.0

Residual: 0.5110885838271165


epsilon: 4.166666666666667

m: 7.0

n: 12.0

Residual: 0.21305873749280538


epsilon: 4.166666666666667

m: 7.0

n: 16.22222222222222

Residual: 0.323878967713171


epsilon: 4.166666666666667

m: 7.0

n: 20.444444444444443

Residual: 0.41300070515066745


epsilon: 4.166666666666667

m: 7.0

n: 24.666666666666668

Residual: 0.4685396220207334


epsilon: 4.166666666666667

m: 7.0

n: 28.88888888888889

Residual: 0.5022767522084124


epsilon: 4.166666666666667

m: 7.0

n: 33.111111111111114

Residual: 0.534714287652216


epsilon: 4.166666666666667

m: 7.0

n: 37.333333333333336

Residual: 0.5539942729407915


epsilon: 4.166666666666667

m: 7.0

n: 41.55555555555556

Residual: 0.5682148423280132


epsilon: 4.166666666666667

m: 7.0

n: 45.77777777777778

Residual: 0.5802913925787527


epsilon: 4.166666666666667

m: 7.0

n: 50.0

Residual: 0.5929408968499273


epsilon: 4.777777777777779

m: 4.0

n: 12.0

Residual: 0.8939049968966367


epsilon: 4.777777777777779

m: 4.0

n: 16.22222222222222

Residual: 0.8705454864065011


epsilon: 4.777777777777779

m: 4.0

n: 20.444444444444443

Residual: 0.8543698752431573


epsilon: 4.777777777777779

m: 4.0

n: 24.666666666666668

Residual: 0.8424609744752655


epsilon: 4.777777777777779

m: 4.0

n: 28.88888888888889

Residual: 0.8331571237639241


epsilon: 4.777777777777779

m: 4.0

n: 33.111111111111114

Residual: 0.8257914514376123


epsilon: 4.777777777777779

m: 4.0

n: 37.333333333333336

Residual: 0.819697327427701


epsilon: 4.777777777777779

m: 4.0

n: 41.55555555555556

Residual: 0.8145196205864123


epsilon: 4.777777777777779

m: 4.0

n: 45.77777777777778

Residual: 0.8101419777149179


epsilon: 4.777777777777779

m: 4.0

n: 50.0

Residual: 0.806430838927473


epsilon: 4.777777777777779

m: 4.333333333333333

n: 12.0

Residual: 0.8248213429485284


epsilon: 4.777777777777779

m: 4.333333333333333

n: 16.22222222222222

Residual: 0.7847156413080402


epsilon: 4.777777777777779

m: 4.333333333333333

n: 20.444444444444443

Residual: 0.7572194292761187


epsilon: 4.777777777777779

m: 4.333333333333333

n: 24.666666666666668

Residual: 0.7371865522372741


epsilon: 4.777777777777779

m: 4.333333333333333

n: 28.88888888888889

Residual: 0.7215522513525175


epsilon: 4.777777777777779

m: 4.333333333333333

n: 33.111111111111114

Residual: 0.7092579696226576


epsilon: 4.777777777777779

m: 4.333333333333333

n: 37.333333333333336

Residual: 0.6990477447140423


epsilon: 4.777777777777779

m: 4.333333333333333

n: 41.55555555555556

Residual: 0.69060684790935


epsilon: 4.777777777777779

m: 4.333333333333333

n: 45.77777777777778

Residual: 0.6833361613708313


epsilon: 4.777777777777779

m: 4.333333333333333

n: 50.0

Residual: 0.6771609663857255


epsilon: 4.777777777777779

m: 4.666666666666667

n: 12.0

Residual: 0.7316279880863907


epsilon: 4.777777777777779

m: 4.666666666666667

n: 16.22222222222222

Residual: 0.6692753585595309


epsilon: 4.777777777777779

m: 4.666666666666667

n: 20.444444444444443

Residual: 0.6273015926983788


epsilon: 4.777777777777779

m: 4.666666666666667

n: 24.666666666666668

Residual: 0.5972607846399044


epsilon: 4.777777777777779

m: 4.666666666666667

n: 28.88888888888889

Residual: 0.5739370542888128


epsilon: 4.777777777777779

m: 4.666666666666667

n: 33.111111111111114

Residual: 0.5557844356062716


epsilon: 4.777777777777779

m: 4.666666666666667

n: 37.333333333333336

Residual: 0.5408641381541308


epsilon: 4.777777777777779

m: 4.666666666666667

n: 41.55555555555556

Residual: 0.5282446532323888


epsilon: 4.777777777777779

m: 4.666666666666667

n: 45.77777777777778

Residual: 0.517835069658286


epsilon: 4.777777777777779

m: 4.666666666666667

n: 50.0

Residual: 0.50870376170585


epsilon: 4.777777777777779

m: 5.0

n: 12.0

Residual: 0.6179719977855422


epsilon: 4.777777777777779

m: 5.0

n: 16.22222222222222

Residual: 0.5302466995821644


epsilon: 4.777777777777779

m: 5.0

n: 20.444444444444443

Residual: 0.4725851430188237


epsilon: 4.777777777777779

m: 5.0

n: 24.666666666666668

Residual: 0.43203883327959336


epsilon: 4.777777777777779

m: 5.0

n: 28.88888888888889

Residual: 0.40038866358033914


epsilon: 4.777777777777779

m: 5.0

n: 33.111111111111114

Residual: 0.3769034336952531


epsilon: 4.777777777777779

m: 5.0

n: 37.333333333333336

Residual: 0.3568036290206903


epsilon: 4.777777777777779

m: 5.0

n: 41.55555555555556

Residual: 0.3412958738921677


epsilon: 4.777777777777779

m: 5.0

n: 45.77777777777778

Residual: 0.3279976974661738


epsilon: 4.777777777777779

m: 5.0

n: 50.0

Residual: 0.3165361378966934


epsilon: 4.777777777777779

m: 5.333333333333333

n: 12.0

Residual: 0.4910117589551359


epsilon: 4.777777777777779

m: 5.333333333333333

n: 16.22222222222222

Residual: 0.37825148775314776


epsilon: 4.777777777777779

m: 5.333333333333333

n: 20.444444444444443

Residual: 0.3062625161251158


epsilon: 4.777777777777779

m: 5.333333333333333

n: 24.666666666666668

Residual: 0.2562826059754226


epsilon: 4.777777777777779

m: 5.333333333333333

n: 28.88888888888889

Residual: 0.21915221834987533


epsilon: 4.777777777777779

m: 5.333333333333333

n: 33.111111111111114

Residual: 0.18964569080651617


epsilon: 4.777777777777779

m: 5.333333333333333

n: 37.333333333333336

Residual: 0.16750908387448216


epsilon: 4.777777777777779

m: 5.333333333333333

n: 41.55555555555556

Residual: 0.1484961871033783


epsilon: 4.777777777777779

m: 5.333333333333333

n: 45.77777777777778

Residual: 0.13406768438866087


epsilon: 4.777777777777779

m: 5.333333333333333

n: 50.0

Residual: 0.12015256328132337


epsilon: 4.777777777777779

m: 5.666666666666666

n: 12.0

Residual: 0.3596233270787299


epsilon: 4.777777777777779

m: 5.666666666666666

n: 16.22222222222222

Residual: 0.23146151310679236


epsilon: 4.777777777777779

m: 5.666666666666666

n: 20.444444444444443

Residual: 0.1631910362760892


epsilon: 4.777777777777779

m: 5.666666666666666

n: 24.666666666666668

Residual: 0.1247389893138326


epsilon: 4.777777777777779

m: 5.666666666666666

n: 28.88888888888889

Residual: 0.10080815839137686


epsilon: 4.777777777777779

m: 5.666666666666666

n: 33.111111111111114

Residual: 0.08710392074162335


epsilon: 4.777777777777779

m: 5.666666666666666

n: 37.333333333333336

Residual: 0.07834553045168499


epsilon: 4.777777777777779

m: 5.666666666666666

n: 41.55555555555556

Residual: 0.07347397669771213


epsilon: 4.777777777777779

m: 5.666666666666666

n: 45.77777777777778

Residual: 0.07252372639237903


epsilon: 4.777777777777779

m: 5.666666666666666

n: 50.0

Residual: 0.07479981568949551


epsilon: 4.777777777777779

m: 6.0

n: 12.0

Residual: 0.2605948587166868


epsilon: 4.777777777777779

m: 6.0

n: 16.22222222222222

Residual: 0.16548041753721626


epsilon: 4.777777777777779

m: 6.0

n: 20.444444444444443

Residual: 0.12967138402637546


epsilon: 4.777777777777779

m: 6.0

n: 24.666666666666668

Residual: 0.11991379203068796


epsilon: 4.777777777777779

m: 6.0

n: 28.88888888888889

Residual: 0.12148273533830731


epsilon: 4.777777777777779

m: 6.0

n: 33.111111111111114

Residual: 0.14326975772168152


epsilon: 4.777777777777779

m: 6.0

n: 37.333333333333336

Residual: 0.16767876077317032


epsilon: 4.777777777777779

m: 6.0

n: 41.55555555555556

Residual: 0.188801480157838


epsilon: 4.777777777777779

m: 6.0

n: 45.77777777777778

Residual: 0.20717637019692914


epsilon: 4.777777777777779

m: 6.0

n: 50.0

Residual: 0.2176942112475003


epsilon: 4.777777777777779

m: 6.333333333333333

n: 12.0

Residual: 0.2149646339730429


epsilon: 4.777777777777779

m: 6.333333333333333

n: 16.22222222222222

Residual: 0.1628218476019544


epsilon: 4.777777777777779

m: 6.333333333333333

n: 20.444444444444443

Residual: 0.16620305363737917


epsilon: 4.777777777777779

m: 6.333333333333333

n: 24.666666666666668

Residual: 0.2020960801292457


epsilon: 4.777777777777779

m: 6.333333333333333

n: 28.88888888888889

Residual: 0.24873453657495626


epsilon: 4.777777777777779

m: 6.333333333333333

n: 33.111111111111114

Residual: 0.2772252750975823


epsilon: 4.777777777777779

m: 6.333333333333333

n: 37.333333333333336

Residual: 0.30530419229796535


epsilon: 4.777777777777779

m: 6.333333333333333

n: 41.55555555555556

Residual: 0.3227463193284466


epsilon: 4.777777777777779

m: 6.333333333333333

n: 45.77777777777778

Residual: 0.341295258293874


epsilon: 4.777777777777779

m: 6.333333333333333

n: 50.0

Residual: 0.3493426633180443


epsilon: 4.777777777777779

m: 6.666666666666666

n: 12.0

Residual: 0.2051879109220167


epsilon: 4.777777777777779

m: 6.666666666666666

n: 16.22222222222222

Residual: 0.20111604455011176


epsilon: 4.777777777777779

m: 6.666666666666666

n: 20.444444444444443

Residual: 0.25782294509693987


epsilon: 4.777777777777779

m: 6.666666666666666

n: 24.666666666666668

Residual: 0.3165478719259052


epsilon: 4.777777777777779

m: 6.666666666666666

n: 28.88888888888889

Residual: 0.3603383972994905


epsilon: 4.777777777777779

m: 6.666666666666666

n: 33.111111111111114

Residual: 0.38780211112311946


epsilon: 4.777777777777779

m: 6.666666666666666

n: 37.333333333333336

Residual: 0.41187507872357226


epsilon: 4.777777777777779

m: 6.666666666666666

n: 41.55555555555556

Residual: 0.43041753755949264


epsilon: 4.777777777777779

m: 6.666666666666666

n: 45.77777777777778

Residual: 0.45034077690536495


epsilon: 4.777777777777779

m: 6.666666666666666

n: 50.0

Residual: 0.4608816594520931


epsilon: 4.777777777777779

m: 7.0

n: 12.0

Residual: 0.21533416514272857


epsilon: 4.777777777777779

m: 7.0

n: 16.22222222222222

Residual: 0.26012877694422426


epsilon: 4.777777777777779

m: 7.0

n: 20.444444444444443

Residual: 0.35586211866437883


epsilon: 4.777777777777779

m: 7.0

n: 24.666666666666668

Residual: 0.41362259211079283


epsilon: 4.777777777777779

m: 7.0

n: 28.88888888888889

Residual: 0.45480242820153227


epsilon: 4.777777777777779

m: 7.0

n: 33.111111111111114

Residual: 0.4861344315739808


epsilon: 4.777777777777779

m: 7.0

n: 37.333333333333336

Residual: 0.5064152176359825


epsilon: 4.777777777777779

m: 7.0

n: 41.55555555555556

Residual: 0.518880017547834


epsilon: 4.777777777777779

m: 7.0

n: 45.77777777777778

Residual: 0.5345828362034871


epsilon: 4.777777777777779

m: 7.0

n: 50.0

Residual: 0.5456262122745728


epsilon: 5.388888888888889

m: 4.0

n: 12.0

Residual: 0.9053911430825328


epsilon: 5.388888888888889

m: 4.0

n: 16.22222222222222

Residual: 0.8843670027349365


epsilon: 5.388888888888889

m: 4.0

n: 20.444444444444443

Residual: 0.8698156490612755


epsilon: 5.388888888888889

m: 4.0

n: 24.666666666666668

Residual: 0.8590373739661727


epsilon: 5.388888888888889

m: 4.0

n: 28.88888888888889

Residual: 0.8507045179404621


epsilon: 5.388888888888889

m: 4.0

n: 33.111111111111114

Residual: 0.8439534154229084


epsilon: 5.388888888888889

m: 4.0

n: 37.333333333333336

Residual: 0.8384559338909375


epsilon: 5.388888888888889

m: 4.0

n: 41.55555555555556

Residual: 0.8338092561273263


epsilon: 5.388888888888889

m: 4.0

n: 45.77777777777778

Residual: 0.8298581394489746


epsilon: 5.388888888888889

m: 4.0

n: 50.0

Residual: 0.8264738932417356


epsilon: 5.388888888888889

m: 4.333333333333333

n: 12.0

Residual: 0.8431480865823061


epsilon: 5.388888888888889

m: 4.333333333333333

n: 16.22222222222222

Residual: 0.8067697754333508


epsilon: 5.388888888888889

m: 4.333333333333333

n: 20.444444444444443

Residual: 0.7817467948534922


epsilon: 5.388888888888889

m: 4.333333333333333

n: 24.666666666666668

Residual: 0.7634080617367367


epsilon: 5.388888888888889

m: 4.333333333333333

n: 28.88888888888889

Residual: 0.7492181475720301


epsilon: 5.388888888888889

m: 4.333333333333333

n: 33.111111111111114

Residual: 0.7378671136097126


epsilon: 5.388888888888889

m: 4.333333333333333

n: 37.333333333333336

Residual: 0.7285838403008933


epsilon: 5.388888888888889

m: 4.333333333333333

n: 41.55555555555556

Residual: 0.7207700481174606


epsilon: 5.388888888888889

m: 4.333333333333333

n: 45.77777777777778

Residual: 0.7140785354019697


epsilon: 5.388888888888889

m: 4.333333333333333

n: 50.0

Residual: 0.7084585945843954


epsilon: 5.388888888888889

m: 4.666666666666667

n: 12.0

Residual: 0.7584544658664486


epsilon: 5.388888888888889

m: 4.666666666666667

n: 16.22222222222222

Residual: 0.7011925393069969


epsilon: 5.388888888888889

m: 4.666666666666667

n: 20.444444444444443

Residual: 0.6624531688010162


epsilon: 5.388888888888889

m: 4.666666666666667

n: 24.666666666666668

Residual: 0.6344868449203955


epsilon: 5.388888888888889

m: 4.666666666666667

n: 28.88888888888889

Residual: 0.612702548097111


epsilon: 5.388888888888889

m: 4.666666666666667

n: 33.111111111111114

Residual: 0.5956318246029001


epsilon: 5.388888888888889

m: 4.666666666666667

n: 37.333333333333336

Residual: 0.5818942493178539


epsilon: 5.388888888888889

m: 4.666666666666667

n: 41.55555555555556

Residual: 0.5703869535169545


epsilon: 5.388888888888889

m: 4.666666666666667

n: 45.77777777777778

Residual: 0.5606738385191321


epsilon: 5.388888888888889

m: 4.666666666666667

n: 50.0

Residual: 0.5520569910886574


epsilon: 5.388888888888889

m: 5.0

n: 12.0

Residual: 0.6537076044229873


epsilon: 5.388888888888889

m: 5.0

n: 16.22222222222222

Residual: 0.571906946003796


epsilon: 5.388888888888889

m: 5.0

n: 20.444444444444443

Residual: 0.5180151994099433


epsilon: 5.388888888888889

m: 5.0

n: 24.666666666666668

Residual: 0.47946084758079044


epsilon: 5.388888888888889

m: 5.0

n: 28.88888888888889

Residual: 0.45039076865196714


epsilon: 5.388888888888889

m: 5.0

n: 33.111111111111114

Residual: 0.4273969082579572


epsilon: 5.388888888888889

m: 5.0

n: 37.333333333333336

Residual: 0.40842830781290274


epsilon: 5.388888888888889

m: 5.0

n: 41.55555555555556

Residual: 0.39303890881566483


epsilon: 5.388888888888889

m: 5.0

n: 45.77777777777778

Residual: 0.3804104650915571


epsilon: 5.388888888888889

m: 5.0

n: 50.0

Residual: 0.3695566025254516


epsilon: 5.388888888888889

m: 5.333333333333333

n: 12.0

Residual: 0.535582729164651


epsilon: 5.388888888888889

m: 5.333333333333333

n: 16.22222222222222

Residual: 0.42905931240820006


epsilon: 5.388888888888889

m: 5.333333333333333

n: 20.444444444444443

Residual: 0.35976003537458107


epsilon: 5.388888888888889

m: 5.333333333333333

n: 24.666666666666668

Residual: 0.311890888459795


epsilon: 5.388888888888889

m: 5.333333333333333

n: 28.88888888888889

Residual: 0.27581821325573336


epsilon: 5.388888888888889

m: 5.333333333333333

n: 33.111111111111114

Residual: 0.2472165147707188


epsilon: 5.388888888888889

m: 5.333333333333333

n: 37.333333333333336

Residual: 0.226147230600009


epsilon: 5.388888888888889

m: 5.333333333333333

n: 41.55555555555556

Residual: 0.20778015926458632


epsilon: 5.388888888888889

m: 5.333333333333333

n: 45.77777777777778

Residual: 0.1927228084285334


epsilon: 5.388888888888889

m: 5.333333333333333

n: 50.0

Residual: 0.17808687915620666


epsilon: 5.388888888888889

m: 5.666666666666666

n: 12.0

Residual: 0.4113819613948791


epsilon: 5.388888888888889

m: 5.666666666666666

n: 16.22222222222222

Residual: 0.28302037102764394


epsilon: 5.388888888888889

m: 5.666666666666666

n: 20.444444444444443

Residual: 0.20950275954580985


epsilon: 5.388888888888889

m: 5.666666666666666

n: 24.666666666666668

Residual: 0.1657959613516818


epsilon: 5.388888888888889

m: 5.666666666666666

n: 28.88888888888889

Residual: 0.13732415335508738


epsilon: 5.388888888888889

m: 5.666666666666666

n: 33.111111111111114

Residual: 0.1165755472492105


epsilon: 5.388888888888889

m: 5.666666666666666

n: 37.333333333333336

Residual: 0.10282547928950463


epsilon: 5.388888888888889

m: 5.666666666666666

n: 41.55555555555556

Residual: 0.0921252976018805


epsilon: 5.388888888888889

m: 5.666666666666666

n: 45.77777777777778

Residual: 0.08789455920615814


epsilon: 5.388888888888889

m: 5.666666666666666

n: 50.0

Residual: 0.07987802821182197


epsilon: 5.388888888888889

m: 6.0

n: 12.0

Residual: 0.3048974749282071


epsilon: 5.388888888888889

m: 6.0

n: 16.22222222222222

Residual: 0.1992728427240901


epsilon: 5.388888888888889

m: 6.0

n: 20.444444444444443

Residual: 0.15208160551941566


epsilon: 5.388888888888889

m: 6.0

n: 24.666666666666668

Residual: 0.13068994849188173


epsilon: 5.388888888888889

m: 6.0

n: 28.88888888888889

Residual: 0.12110391752857139


epsilon: 5.388888888888889

m: 6.0

n: 33.111111111111114

Residual: 0.12120419436218238


epsilon: 5.388888888888889

m: 6.0

n: 37.333333333333336

Residual: 0.1248942362661395


epsilon: 5.388888888888889

m: 6.0

n: 41.55555555555556

Residual: 0.1341291859253584


epsilon: 5.388888888888889

m: 6.0

n: 45.77777777777778

Residual: 0.14748286473776265


epsilon: 5.388888888888889

m: 6.0

n: 50.0

Residual: 0.1626585453205604


epsilon: 5.388888888888889

m: 6.333333333333333

n: 12.0

Residual: 0.250616098291451


epsilon: 5.388888888888889

m: 6.333333333333333

n: 16.22222222222222

Residual: 0.17673936615051283


epsilon: 5.388888888888889

m: 6.333333333333333

n: 20.444444444444443

Residual: 0.16328022145626464


epsilon: 5.388888888888889

m: 6.333333333333333

n: 24.666666666666668

Residual: 0.16766683225461504


epsilon: 5.388888888888889

m: 6.333333333333333

n: 28.88888888888889

Residual: 0.19003508815333076


epsilon: 5.388888888888889

m: 6.333333333333333

n: 33.111111111111114

Residual: 0.2248587555741282


epsilon: 5.388888888888889

m: 6.333333333333333

n: 37.333333333333336

Residual: 0.24945353853047902


epsilon: 5.388888888888889

m: 6.333333333333333

n: 41.55555555555556

Residual: 0.2689719189493744


epsilon: 5.388888888888889

m: 6.333333333333333

n: 45.77777777777778

Residual: 0.2835578281900767


epsilon: 5.388888888888889

m: 6.333333333333333

n: 50.0

Residual: 0.30217616401637415


epsilon: 5.388888888888889

m: 6.666666666666666

n: 12.0

Residual: 0.2281269084913154


epsilon: 5.388888888888889

m: 6.666666666666666

n: 16.22222222222222

Residual: 0.19661463038431337


epsilon: 5.388888888888889

m: 6.666666666666666

n: 20.444444444444443

Residual: 0.21540653285662678


epsilon: 5.388888888888889

m: 6.666666666666666

n: 24.666666666666668

Residual: 0.26265422815216405


epsilon: 5.388888888888889

m: 6.666666666666666

n: 28.88888888888889

Residual: 0.306581571523592


epsilon: 5.388888888888889

m: 6.666666666666666

n: 33.111111111111114

Residual: 0.3414653002187818


epsilon: 5.388888888888889

m: 6.666666666666666

n: 37.333333333333336

Residual: 0.36412780717688176


epsilon: 5.388888888888889

m: 6.666666666666666

n: 41.55555555555556

Residual: 0.3800402811995073


epsilon: 5.388888888888889

m: 6.666666666666666

n: 45.77777777777778

Residual: 0.3977305726258214


epsilon: 5.388888888888889

m: 6.666666666666666

n: 50.0

Residual: 0.41286099471739107


epsilon: 5.388888888888889

m: 7.0

n: 12.0

Residual: 0.22781181857808883


epsilon: 5.388888888888889

m: 7.0

n: 16.22222222222222

Residual: 0.23560562960659773


epsilon: 5.388888888888889

m: 7.0

n: 20.444444444444443

Residual: 0.3018095181443664


epsilon: 5.388888888888889

m: 7.0

n: 24.666666666666668

Residual: 0.3680736823243253


epsilon: 5.388888888888889

m: 7.0

n: 28.88888888888889

Residual: 0.4002862725603589


epsilon: 5.388888888888889

m: 7.0

n: 33.111111111111114

Residual: 0.43789665142694384


epsilon: 5.388888888888889

m: 7.0

n: 37.333333333333336

Residual: 0.4567057989169004


epsilon: 5.388888888888889

m: 7.0

n: 41.55555555555556

Residual: 0.4772169621716288


epsilon: 5.388888888888889

m: 7.0

n: 45.77777777777778

Residual: 0.4918097317246337


epsilon: 5.388888888888889

m: 7.0

n: 50.0

Residual: 0.5031935883537867


epsilon: 6.0

m: 4.0

n: 12.0

Residual: 0.9145988290752537


epsilon: 6.0

m: 4.0

n: 16.22222222222222

Residual: 0.8955270329866307


epsilon: 6.0

m: 4.0

n: 20.444444444444443

Residual: 0.8822896430847597


epsilon: 6.0

m: 4.0

n: 24.666666666666668

Residual: 0.8724940863969426


epsilon: 6.0

m: 4.0

n: 28.88888888888889

Residual: 0.8648508601399177


epsilon: 6.0

m: 4.0

n: 33.111111111111114

Residual: 0.8587297511777197


epsilon: 6.0

m: 4.0

n: 37.333333333333336

Residual: 0.8536790588590891


epsilon: 6.0

m: 4.0

n: 41.55555555555556

Residual: 0.8494559445330218


epsilon: 6.0

m: 4.0

n: 45.77777777777778

Residual: 0.8458370922395986


epsilon: 6.0

m: 4.0

n: 50.0

Residual: 0.8427459095084342


epsilon: 6.0

m: 4.333333333333333

n: 12.0

Residual: 0.8579844611242747


epsilon: 6.0

m: 4.333333333333333

n: 16.22222222222222

Residual: 0.8247338331433685


epsilon: 6.0

m: 4.333333333333333

n: 20.444444444444443

Residual: 0.8017887056484719


epsilon: 6.0

m: 4.333333333333333

n: 24.666666666666668

Residual: 0.7849772075527054


epsilon: 6.0

m: 4.333333333333333

n: 28.88888888888889

Residual: 0.7718193979056281


epsilon: 6.0

m: 4.333333333333333

n: 33.111111111111114

Residual: 0.7613574640579683


epsilon: 6.0

m: 4.333333333333333

n: 37.333333333333336

Residual: 0.7528667129888338


epsilon: 6.0

m: 4.333333333333333

n: 41.55555555555556

Residual: 0.7456537574548788


epsilon: 6.0

m: 4.333333333333333

n: 45.77777777777778

Residual: 0.7393860704429189


epsilon: 6.0

m: 4.333333333333333

n: 50.0

Residual: 0.7341417947570091


epsilon: 6.0

m: 4.666666666666667

n: 12.0

Residual: 0.7803066611329725


epsilon: 6.0

m: 4.666666666666667

n: 16.22222222222222

Residual: 0.7274135640365821


epsilon: 6.0

m: 4.666666666666667

n: 20.444444444444443

Residual: 0.6916658539536256


epsilon: 6.0

m: 4.666666666666667

n: 24.666666666666668

Residual: 0.6655908920180555


epsilon: 6.0

m: 4.666666666666667

n: 28.88888888888889

Residual: 0.6453112653319051


epsilon: 6.0

m: 4.666666666666667

n: 33.111111111111114

Residual: 0.6294605205263024


epsilon: 6.0

m: 4.666666666666667

n: 37.333333333333336

Residual: 0.6164355873315939


epsilon: 6.0

m: 4.666666666666667

n: 41.55555555555556

Residual: 0.6055957495585172


epsilon: 6.0

m: 4.666666666666667

n: 45.77777777777778

Residual: 0.5963631823904366


epsilon: 6.0

m: 4.666666666666667

n: 50.0

Residual: 0.5881044537208363


epsilon: 6.0

m: 5.0

n: 12.0

Residual: 0.6833304921181147


epsilon: 6.0

m: 5.0

n: 16.22222222222222

Residual: 0.6072479393430623


epsilon: 6.0

m: 5.0

n: 20.444444444444443

Residual: 0.5564444475601223


epsilon: 6.0

m: 5.0

n: 24.666666666666668

Residual: 0.5195329271886694


epsilon: 6.0

m: 5.0

n: 28.88888888888889

Residual: 0.49183399415446044


epsilon: 6.0

m: 5.0

n: 33.111111111111114

Residual: 0.4705832038078796


epsilon: 6.0

m: 5.0

n: 37.333333333333336

Residual: 0.45213005365813536


epsilon: 6.0

m: 5.0

n: 41.55555555555556

Residual: 0.43762852136071034


epsilon: 6.0

m: 5.0

n: 45.77777777777778

Residual: 0.42540228805152636


epsilon: 6.0

m: 5.0

n: 50.0

Residual: 0.4142192432447769


epsilon: 6.0

m: 5.333333333333333

n: 12.0

Residual: 0.5721874397822967


epsilon: 6.0

m: 5.333333333333333

n: 16.22222222222222

Residual: 0.47190833289424056


epsilon: 6.0

m: 5.333333333333333

n: 20.444444444444443

Residual: 0.4052854081024946


epsilon: 6.0

m: 5.333333333333333

n: 24.666666666666668

Residual: 0.3594268958349066


epsilon: 6.0

m: 5.333333333333333

n: 28.88888888888889

Residual: 0.32372831079135933


epsilon: 6.0

m: 5.333333333333333

n: 33.111111111111114

Residual: 0.2973764416549581


epsilon: 6.0

m: 5.333333333333333

n: 37.333333333333336

Residual: 0.2765698368150828


epsilon: 6.0

m: 5.333333333333333

n: 41.55555555555556

Residual: 0.2590762714006655


epsilon: 6.0

m: 5.333333333333333

n: 45.77777777777778

Residual: 0.2420159141533127


epsilon: 6.0

m: 5.333333333333333

n: 50.0

Residual: 0.23003190016652678


epsilon: 6.0

m: 5.666666666666666

n: 12.0

Residual: 0.45452198966713053


epsilon: 6.0

m: 5.666666666666666

n: 16.22222222222222

Residual: 0.3302814327169052


epsilon: 6.0

m: 5.666666666666666

n: 20.444444444444443

Residual: 0.25598215081365056


epsilon: 6.0

m: 5.666666666666666

n: 24.666666666666668

Residual: 0.20810668871218774


epsilon: 6.0

m: 5.666666666666666

n: 28.88888888888889

Residual: 0.17570034499203527


epsilon: 6.0

m: 5.666666666666666

n: 33.111111111111114

Residual: 0.1518047750382286


epsilon: 6.0

m: 5.666666666666666

n: 37.333333333333336

Residual: 0.1351903906610374


epsilon: 6.0

m: 5.666666666666666

n: 41.55555555555556

Residual: 0.12236596550461636


epsilon: 6.0

m: 5.666666666666666

n: 45.77777777777778

Residual: 0.11401421546492789


epsilon: 6.0

m: 5.666666666666666

n: 50.0

Residual: 0.10473879020073217


epsilon: 6.0

m: 6.0

n: 12.0

Residual: 0.34689814662639024


epsilon: 6.0

m: 6.0

n: 16.22222222222222

Residual: 0.23442530185214455


epsilon: 6.0

m: 6.0

n: 20.444444444444443

Residual: 0.18061901235505748


epsilon: 6.0

m: 6.0

n: 24.666666666666668

Residual: 0.1498023464819685


epsilon: 6.0

m: 6.0

n: 28.88888888888889

Residual: 0.13427750115211026


epsilon: 6.0

m: 6.0

n: 33.111111111111114

Residual: 0.12616503525507256


epsilon: 6.0

m: 6.0

n: 37.333333333333336

Residual: 0.12130656508076099


epsilon: 6.0

m: 6.0

n: 41.55555555555556

Residual: 0.12232137383459064


epsilon: 6.0

m: 6.0

n: 45.77777777777778

Residual: 0.12311201114061109


epsilon: 6.0

m: 6.0

n: 50.0

Residual: 0.12401163452276344


epsilon: 6.0

m: 6.333333333333333

n: 12.0

Residual: 0.2849193802518217


epsilon: 6.0

m: 6.333333333333333

n: 16.22222222222222

Residual: 0.1994822558074113


epsilon: 6.0

m: 6.333333333333333

n: 20.444444444444443

Residual: 0.16909521462062954


epsilon: 6.0

m: 6.333333333333333

n: 24.666666666666668

Residual: 0.16454182106476367


epsilon: 6.0

m: 6.333333333333333

n: 28.88888888888889

Residual: 0.16690898086607944


epsilon: 6.0

m: 6.333333333333333

n: 33.111111111111114

Residual: 0.1792650386003819


epsilon: 6.0

m: 6.333333333333333

n: 37.333333333333336

Residual: 0.19533188332237897


epsilon: 6.0

m: 6.333333333333333

n: 41.55555555555556

Residual: 0.21737895623465683


epsilon: 6.0

m: 6.333333333333333

n: 45.77777777777778

Residual: 0.23253152933811863


epsilon: 6.0

m: 6.333333333333333

n: 50.0

Residual: 0.24912689902924284


epsilon: 6.0

m: 6.666666666666666

n: 12.0

Residual: 0.25165602289445366


epsilon: 6.0

m: 6.666666666666666

n: 16.22222222222222

Residual: 0.2035405439060649


epsilon: 6.0

m: 6.666666666666666

n: 20.444444444444443

Residual: 0.20171869133002637


epsilon: 6.0

m: 6.666666666666666

n: 24.666666666666668

Residual: 0.22140499879459077


epsilon: 6.0

m: 6.666666666666666

n: 28.88888888888889

Residual: 0.2552524805311432


epsilon: 6.0

m: 6.666666666666666

n: 33.111111111111114

Residual: 0.2883382840744556


epsilon: 6.0

m: 6.666666666666666

n: 37.333333333333336

Residual: 0.3131255587282712


epsilon: 6.0

m: 6.666666666666666

n: 41.55555555555556

Residual: 0.33887194742960375


epsilon: 6.0

m: 6.666666666666666

n: 45.77777777777778

Residual: 0.35320551701266256


epsilon: 6.0

m: 6.666666666666666

n: 50.0

Residual: 0.36644326020327306


epsilon: 6.0

m: 7.0

n: 12.0

Residual: 0.24356838671441255


epsilon: 6.0

m: 7.0

n: 16.22222222222222

Residual: 0.22975968011261982


epsilon: 6.0

m: 7.0

n: 20.444444444444443

Residual: 0.2569760616626506


epsilon: 6.0

m: 7.0

n: 24.666666666666668

Residual: 0.31582750469404


epsilon: 6.0

m: 7.0

n: 28.88888888888889

Residual: 0.3571918215149892


epsilon: 6.0

m: 7.0

n: 33.111111111111114

Residual: 0.3908481671735573


epsilon: 6.0

m: 7.0

n: 37.333333333333336

Residual: 0.41615083579725715


epsilon: 6.0

m: 7.0

n: 41.55555555555556

Residual: 0.4339843025551392


epsilon: 6.0

m: 7.0

n: 45.77777777777778

Residual: 0.4486628167536855


epsilon: 6.0

m: 7.0

n: 50.0

Residual: 0.4621788927215647


