epsilon: 0.5

m: 4.0

n: 12.0

Residual: 0.3041684518354446


epsilon: 0.5

m: 4.0

n: 12.0

Residual: 0.3041308799611017


epsilon: 0.5

m: 4.0

n: 16.22222222222222

Residual: 0.2667351808662314


epsilon: 0.5

m: 4.0

n: 20.444444444444443

Residual: 0.25545422160703973


epsilon: 0.5

m: 4.0

n: 24.666666666666668

Residual: 0.2522970787903316


epsilon: 0.5

m: 4.0

n: 28.88888888888889

Residual: 0.25226073887609657


epsilon: 0.5

m: 4.0

n: 33.111111111111114

Residual: 0.25379417958683936


epsilon: 0.5

m: 4.0

n: 37.333333333333336

Residual: 0.25566808112899364


epsilon: 0.5

m: 4.0

n: 41.55555555555556

Residual: 0.2578270098626278


epsilon: 0.5

m: 4.0

n: 45.77777777777778

Residual: 0.2600977132029188


epsilon: 0.5

m: 4.0

n: 50.0

Residual: 0.2622568573419137


epsilon: 0.5

m: 4.333333333333333

n: 12.0

Residual: 0.20077866481209466


epsilon: 0.5

m: 4.333333333333333

n: 16.22222222222222

Residual: 0.2232906067595616


epsilon: 0.5

m: 4.333333333333333

n: 20.444444444444443

Residual: 0.25191552671772527


epsilon: 0.5

m: 4.333333333333333

n: 24.666666666666668

Residual: 0.27668374223899345


epsilon: 0.5

m: 4.333333333333333

n: 28.88888888888889

Residual: 0.29698204126721833


epsilon: 0.5

m: 4.333333333333333

n: 33.111111111111114

Residual: 0.313475323702921


epsilon: 0.5

m: 4.333333333333333

n: 37.333333333333336

Residual: 0.32711882560555733


epsilon: 0.5

m: 4.333333333333333

n: 41.55555555555556

Residual: 0.3385454926507658


epsilon: 0.5

m: 4.333333333333333

n: 45.77777777777778

Residual: 0.34831891874742227


epsilon: 0.5

m: 4.333333333333333

n: 50.0

Residual: 0.3568225058213928


epsilon: 0.5

m: 4.666666666666667

n: 12.0

Residual: 0.24623775450089713


epsilon: 0.5

m: 4.666666666666667

n: 16.22222222222222

Residual: 0.3484797138616974


epsilon: 0.5

m: 4.666666666666667

n: 20.444444444444443

Residual: 0.41057603671585335


epsilon: 0.5

m: 4.666666666666667

n: 24.666666666666668

Residual: 0.44983164647649554


epsilon: 0.5

m: 4.666666666666667

n: 28.88888888888889

Residual: 0.47791526261661044


epsilon: 0.5

m: 4.666666666666667

n: 33.111111111111114

Residual: 0.49845989979897826


epsilon: 0.5

m: 4.666666666666667

n: 37.333333333333336

Residual: 0.513931828401865


epsilon: 0.5

m: 4.666666666666667

n: 41.55555555555556

Residual: 0.5266700152569432


epsilon: 0.5

m: 4.666666666666667

n: 45.77777777777778

Residual: 0.5369897590585216


epsilon: 0.5

m: 4.666666666666667

n: 50.0

Residual: 0.545716773488248


epsilon: 0.5

m: 5.0

n: 12.0

Residual: 0.4175811994269663


epsilon: 0.5

m: 5.0

n: 16.22222222222222

Residual: 0.5193593470827972


epsilon: 0.5

m: 5.0

n: 20.444444444444443

Residual: 0.5727556568285909


epsilon: 0.5

m: 5.0

n: 24.666666666666668

Residual: 0.6069097519934629


epsilon: 0.5

m: 5.0

n: 28.88888888888889

Residual: 0.6300451691610451


epsilon: 0.5

m: 5.0

n: 33.111111111111114

Residual: 0.646702751149757


epsilon: 0.5

m: 5.0

n: 37.333333333333336

Residual: 0.6596159923007745


epsilon: 0.5

m: 5.0

n: 41.55555555555556

Residual: 0.6699153546298017


epsilon: 0.5

m: 5.0

n: 45.77777777777778

Residual: 0.6784189596301424


epsilon: 0.5

m: 5.0

n: 50.0

Residual: 0.6850016040766034


epsilon: 0.5

m: 5.333333333333333

n: 12.0

Residual: 0.5533515774438336


epsilon: 0.5

m: 5.333333333333333

n: 16.22222222222222

Residual: 0.6430124844684552


epsilon: 0.5

m: 5.333333333333333

n: 20.444444444444443

Residual: 0.6880131507473827


epsilon: 0.5

m: 5.333333333333333

n: 24.666666666666668

Residual: 0.7155527549138778


epsilon: 0.5

m: 5.333333333333333

n: 28.88888888888889

Residual: 0.7346033933861056


epsilon: 0.5

m: 5.333333333333333

n: 33.111111111111114

Residual: 0.7480350823358066


epsilon: 0.5

m: 5.333333333333333

n: 37.333333333333336

Residual: 0.7581846151217029


epsilon: 0.5

m: 5.333333333333333

n: 41.55555555555556

Residual: 0.7664965850250044


epsilon: 0.5

m: 5.333333333333333

n: 45.77777777777778

Residual: 0.7720796333119491


epsilon: 0.5

m: 5.333333333333333

n: 50.0

Residual: 0.7778914345511012


epsilon: 0.5

m: 5.666666666666666

n: 12.0

Residual: 0.6533230324455513


epsilon: 0.5

m: 5.666666666666666

n: 16.22222222222222

Residual: 0.7301778328408861


epsilon: 0.5

m: 5.666666666666666

n: 20.444444444444443

Residual: 0.7680415514415114


epsilon: 0.5

m: 5.666666666666666

n: 24.666666666666668

Residual: 0.7902279117573201


epsilon: 0.5

m: 5.666666666666666

n: 28.88888888888889

Residual: 0.8050516626489124


epsilon: 0.5

m: 5.666666666666666

n: 33.111111111111114

Residual: 0.8158974509745911


epsilon: 0.5

m: 5.666666666666666

n: 37.333333333333336

Residual: 0.8238199966899266


epsilon: 0.5

m: 5.666666666666666

n: 41.55555555555556

Residual: 0.8304725308605715


epsilon: 0.5

m: 5.666666666666666

n: 45.77777777777778

Residual: 0.8360969397078374


epsilon: 0.5

m: 5.666666666666666

n: 50.0

Residual: 0.8399460894297048


epsilon: 0.5

m: 6.0

n: 12.0

Residual: 0.7259354329001216


epsilon: 0.5

m: 6.0

n: 16.22222222222222

Residual: 0.7912249800129872


epsilon: 0.5

m: 6.0

n: 20.444444444444443

Residual: 0.8229087068569235


epsilon: 0.5

m: 6.0

n: 24.666666666666668

Residual: 0.8411279365258695


epsilon: 0.5

m: 6.0

n: 28.88888888888889

Residual: 0.8538700431491744


epsilon: 0.5

m: 6.0

n: 33.111111111111114

Residual: 0.8619547905111669


epsilon: 0.5

m: 6.0

n: 37.333333333333336

Residual: 0.8681428867662425


epsilon: 0.5

m: 6.0

n: 41.55555555555556

Residual: 0.8735365764402231


epsilon: 0.5

m: 6.0

n: 45.77777777777778

Residual: 0.8776907817587456


epsilon: 0.5

m: 6.0

n: 50.0

Residual: 0.8812059154945355


epsilon: 0.5

m: 6.333333333333333

n: 12.0

Residual: 0.7787211587769133


epsilon: 0.5

m: 6.333333333333333

n: 16.22222222222222

Residual: 0.8354585452403834


epsilon: 0.5

m: 6.333333333333333

n: 20.444444444444443

Residual: 0.8613442211662985


epsilon: 0.5

m: 6.333333333333333

n: 24.666666666666668

Residual: 0.87645789448209


epsilon: 0.5

m: 6.333333333333333

n: 28.88888888888889

Residual: 0.8870314682390537


epsilon: 0.5

m: 6.333333333333333

n: 33.111111111111114

Residual: 0.8944798811406232


epsilon: 0.5

m: 6.333333333333333

n: 37.333333333333336

Residual: 0.9001888313076376


epsilon: 0.5

m: 6.333333333333333

n: 41.55555555555556

Residual: 0.9034061948803643


epsilon: 0.5

m: 6.333333333333333

n: 45.77777777777778

Residual: 0.9070432751292437


epsilon: 0.5

m: 6.333333333333333

n: 50.0

Residual: 0.9095605291018715


epsilon: 0.5

m: 6.666666666666666

n: 12.0

Residual: 0.8179822339815407


epsilon: 0.5

m: 6.666666666666666

n: 16.22222222222222

Residual: 0.8670815530136605


epsilon: 0.5

m: 6.666666666666666

n: 20.444444444444443

Residual: 0.8902153322617444


epsilon: 0.5

m: 6.666666666666666

n: 24.666666666666668

Residual: 0.9021107066782789


epsilon: 0.5

m: 6.666666666666666

n: 28.88888888888889

Residual: 0.911484999822234


epsilon: 0.5

m: 6.666666666666666

n: 33.111111111111114

Residual: 0.9167082604226726


epsilon: 0.5

m: 6.666666666666666

n: 37.333333333333336

Residual: 0.9207342829183832


epsilon: 0.5

m: 6.666666666666666

n: 41.55555555555556

Residual: 0.9246719034958386


epsilon: 0.5

m: 6.666666666666666

n: 45.77777777777778

Residual: 0.9272226304738137


epsilon: 0.5

m: 6.666666666666666

n: 50.0

Residual: 0.9285965267682422


epsilon: 0.5

m: 7.0

n: 12.0

Residual: 0.847613344001976


epsilon: 0.5

m: 7.0

n: 16.22222222222222

Residual: 0.8907664190754108


epsilon: 0.5

m: 7.0

n: 20.444444444444443

Residual: 0.9100119329766655


epsilon: 0.5

m: 7.0

n: 24.666666666666668

Residual: 0.920408916121072


epsilon: 0.5

m: 7.0

n: 28.88888888888889

Residual: 0.9279319357749082


epsilon: 0.5

m: 7.0

n: 33.111111111111114

Residual: 0.9333603806970255


epsilon: 0.5

m: 7.0

n: 37.333333333333336

Residual: 0.9357017288256382


epsilon: 0.5

m: 7.0

n: 41.55555555555556

Residual: 0.9396941874683853


epsilon: 0.5

m: 7.0

n: 45.77777777777778

Residual: 0.9422428665789948


epsilon: 0.5

m: 7.0

n: 50.0

Residual: 0.9436876317232304


epsilon: 1.1111111111111112

m: 4.0

n: 12.0

Residual: 0.5664780536770079


epsilon: 1.1111111111111112

m: 4.0

n: 16.22222222222222

Residual: 0.49031987996957693


epsilon: 1.1111111111111112

m: 4.0

n: 20.444444444444443

Residual: 0.44255227707078637


epsilon: 1.1111111111111112

m: 4.0

n: 24.666666666666668

Residual: 0.412522260941048


epsilon: 1.1111111111111112

m: 4.0

n: 28.88888888888889

Residual: 0.3901861190365911


epsilon: 1.1111111111111112

m: 4.0

n: 33.111111111111114

Residual: 0.37490113835335975


epsilon: 1.1111111111111112

m: 4.0

n: 37.333333333333336

Residual: 0.3629260811219807


epsilon: 1.1111111111111112

m: 4.0

n: 41.55555555555556

Residual: 0.3527664148840372


epsilon: 1.1111111111111112

m: 4.0

n: 45.77777777777778

Residual: 0.34545058302990084


epsilon: 1.1111111111111112

m: 4.0

n: 50.0

Residual: 0.33945685795854047


epsilon: 1.1111111111111112

m: 4.333333333333333

n: 12.0

Residual: 0.3701570710023379


epsilon: 1.1111111111111112

m: 4.333333333333333

n: 16.22222222222222

Residual: 0.28667392147878257


epsilon: 1.1111111111111112

m: 4.333333333333333

n: 20.444444444444443

Residual: 0.24697638963298318


epsilon: 1.1111111111111112

m: 4.333333333333333

n: 24.666666666666668

Residual: 0.22601490003439184


epsilon: 1.1111111111111112

m: 4.333333333333333

n: 28.88888888888889

Residual: 0.21467178845143778


epsilon: 1.1111111111111112

m: 4.333333333333333

n: 33.111111111111114

Residual: 0.20771796263669565


epsilon: 1.1111111111111112

m: 4.333333333333333

n: 37.333333333333336

Residual: 0.20311077847455647


epsilon: 1.1111111111111112

m: 4.333333333333333

n: 41.55555555555556

Residual: 0.20104759743687212


epsilon: 1.1111111111111112

m: 4.333333333333333

n: 45.77777777777778

Residual: 0.1993265056601007


epsilon: 1.1111111111111112

m: 4.333333333333333

n: 50.0

Residual: 0.19821513884598008


epsilon: 1.1111111111111112

m: 4.666666666666667

n: 12.0

Residual: 0.1914221260294864


epsilon: 1.1111111111111112

m: 4.666666666666667

n: 16.22222222222222

Residual: 0.14421755808683984


epsilon: 1.1111111111111112

m: 4.666666666666667

n: 20.444444444444443

Residual: 0.1430183584043388


epsilon: 1.1111111111111112

m: 4.666666666666667

n: 24.666666666666668

Residual: 0.15472892626967247


epsilon: 1.1111111111111112

m: 4.666666666666667

n: 28.88888888888889

Residual: 0.16826574310227443


epsilon: 1.1111111111111112

m: 4.666666666666667

n: 33.111111111111114

Residual: 0.18239801184183252


epsilon: 1.1111111111111112

m: 4.666666666666667

n: 37.333333333333336

Residual: 0.19509628514481522


epsilon: 1.1111111111111112

m: 4.666666666666667

n: 41.55555555555556

Residual: 0.20575569110620606


epsilon: 1.1111111111111112

m: 4.666666666666667

n: 45.77777777777778

Residual: 0.21530332232667387


epsilon: 1.1111111111111112

m: 4.666666666666667

n: 50.0

Residual: 0.2246749058323689


epsilon: 1.1111111111111112

m: 5.0

n: 12.0

Residual: 0.09129171216347157


epsilon: 1.1111111111111112

m: 5.0

n: 16.22222222222222

Residual: 0.17454637746137924


epsilon: 1.1111111111111112

m: 5.0

n: 20.444444444444443

Residual: 0.24774534983549587


epsilon: 1.1111111111111112

m: 5.0

n: 24.666666666666668

Residual: 0.29523538622972506


epsilon: 1.1111111111111112

m: 5.0

n: 28.88888888888889

Residual: 0.3287930257112433


epsilon: 1.1111111111111112

m: 5.0

n: 33.111111111111114

Residual: 0.3544020162958593


epsilon: 1.1111111111111112

m: 5.0

n: 37.333333333333336

Residual: 0.37435365061698944


epsilon: 1.1111111111111112

m: 5.0

n: 41.55555555555556

Residual: 0.3895487328945449


epsilon: 1.1111111111111112

m: 5.0

n: 45.77777777777778

Residual: 0.40251149201657316


epsilon: 1.1111111111111112

m: 5.0

n: 50.0

Residual: 0.41261521946195145


epsilon: 1.1111111111111112

m: 5.333333333333333

n: 12.0

Residual: 0.220982977386458


epsilon: 1.1111111111111112

m: 5.333333333333333

n: 16.22222222222222

Residual: 0.34842477511282416


epsilon: 1.1111111111111112

m: 5.333333333333333

n: 20.444444444444443

Residual: 0.4172342011972805


epsilon: 1.1111111111111112

m: 5.333333333333333

n: 24.666666666666668

Residual: 0.4617474948286075


epsilon: 1.1111111111111112

m: 5.333333333333333

n: 28.88888888888889

Residual: 0.49222071275360696


epsilon: 1.1111111111111112

m: 5.333333333333333

n: 33.111111111111114

Residual: 0.5134359444661236


epsilon: 1.1111111111111112

m: 5.333333333333333

n: 37.333333333333336

Residual: 0.5313629995262508


epsilon: 1.1111111111111112

m: 5.333333333333333

n: 41.55555555555556

Residual: 0.545287708156483


epsilon: 1.1111111111111112

m: 5.333333333333333

n: 45.77777777777778

Residual: 0.5568574080423364


epsilon: 1.1111111111111112

m: 5.333333333333333

n: 50.0

Residual: 0.5662594559158922


epsilon: 1.1111111111111112

m: 5.666666666666666

n: 12.0

Residual: 0.3648105150524972


epsilon: 1.1111111111111112

m: 5.666666666666666

n: 16.22222222222222

Residual: 0.48507032004009243


epsilon: 1.1111111111111112

m: 5.666666666666666

n: 20.444444444444443

Residual: 0.5481286489259506


epsilon: 1.1111111111111112

m: 5.666666666666666

n: 24.666666666666668

Residual: 0.5859099012093814


epsilon: 1.1111111111111112

m: 5.666666666666666

n: 28.88888888888889

Residual: 0.6125022856748485


epsilon: 1.1111111111111112

m: 5.666666666666666

n: 33.111111111111114

Residual: 0.6317447239806998


epsilon: 1.1111111111111112

m: 5.666666666666666

n: 37.333333333333336

Residual: 0.6476596677709635


epsilon: 1.1111111111111112

m: 5.666666666666666

n: 41.55555555555556

Residual: 0.65913249686826


epsilon: 1.1111111111111112

m: 5.666666666666666

n: 45.77777777777778

Residual: 0.6673938729870178


epsilon: 1.1111111111111112

m: 5.666666666666666

n: 50.0

Residual: 0.6763316136751751


epsilon: 1.1111111111111112

m: 6.0

n: 12.0

Residual: 0.4777395106996764


epsilon: 1.1111111111111112

m: 6.0

n: 16.22222222222222

Residual: 0.5894767417117485


epsilon: 1.1111111111111112

m: 6.0

n: 20.444444444444443

Residual: 0.64496333130686


epsilon: 1.1111111111111112

m: 6.0

n: 24.666666666666668

Residual: 0.6774840314703152


epsilon: 1.1111111111111112

m: 6.0

n: 28.88888888888889

Residual: 0.7019614292329489


epsilon: 1.1111111111111112

m: 6.0

n: 33.111111111111114

Residual: 0.7173314142543559


epsilon: 1.1111111111111112

m: 6.0

n: 37.333333333333336

Residual: 0.729834292085401


epsilon: 1.1111111111111112

m: 6.0

n: 41.55555555555556

Residual: 0.7396988278361913


epsilon: 1.1111111111111112

m: 6.0

n: 45.77777777777778

Residual: 0.7472478107510335


epsilon: 1.1111111111111112

m: 6.0

n: 50.0

Residual: 0.754453983995318


epsilon: 1.1111111111111112

m: 6.333333333333333

n: 12.0

Residual: 0.5672234356262317


epsilon: 1.1111111111111112

m: 6.333333333333333

n: 16.22222222222222

Residual: 0.6678968684196239


epsilon: 1.1111111111111112

m: 6.333333333333333

n: 20.444444444444443

Residual: 0.7172503685702584


epsilon: 1.1111111111111112

m: 6.333333333333333

n: 24.666666666666668

Residual: 0.7452269856516569


epsilon: 1.1111111111111112

m: 6.333333333333333

n: 28.88888888888889

Residual: 0.7654107866897598


epsilon: 1.1111111111111112

m: 6.333333333333333

n: 33.111111111111114

Residual: 0.7791518800563539


epsilon: 1.1111111111111112

m: 6.333333333333333

n: 37.333333333333336

Residual: 0.7888818233120828


epsilon: 1.1111111111111112

m: 6.333333333333333

n: 41.55555555555556

Residual: 0.798073913504307


epsilon: 1.1111111111111112

m: 6.333333333333333

n: 45.77777777777778

Residual: 0.8049481867027953


epsilon: 1.1111111111111112

m: 6.333333333333333

n: 50.0

Residual: 0.8103400829725149


epsilon: 1.1111111111111112

m: 6.666666666666666

n: 12.0

Residual: 0.6364128546982626


epsilon: 1.1111111111111112

m: 6.666666666666666

n: 16.22222222222222

Residual: 0.7272318775704699


epsilon: 1.1111111111111112

m: 6.666666666666666

n: 20.444444444444443

Residual: 0.7701735523430283


epsilon: 1.1111111111111112

m: 6.666666666666666

n: 24.666666666666668

Residual: 0.7951943650996257


epsilon: 1.1111111111111112

m: 6.666666666666666

n: 28.88888888888889

Residual: 0.8117364522007087


epsilon: 1.1111111111111112

m: 6.666666666666666

n: 33.111111111111114

Residual: 0.8242529956939949


epsilon: 1.1111111111111112

m: 6.666666666666666

n: 37.333333333333336

Residual: 0.8326302162429932


epsilon: 1.1111111111111112

m: 6.666666666666666

n: 41.55555555555556

Residual: 0.8387191522972604


epsilon: 1.1111111111111112

m: 6.666666666666666

n: 45.77777777777778

Residual: 0.8443942125861216


epsilon: 1.1111111111111112

m: 6.666666666666666

n: 50.0

Residual: 0.8496742317584262


epsilon: 1.1111111111111112

m: 7.0

n: 12.0

Residual: 0.6909208150001377


epsilon: 1.1111111111111112

m: 7.0

n: 16.22222222222222

Residual: 0.7728665804331823


epsilon: 1.1111111111111112

m: 7.0

n: 20.444444444444443

Residual: 0.811218306230025


epsilon: 1.1111111111111112

m: 7.0

n: 24.666666666666668

Residual: 0.8310800610285732


epsilon: 1.1111111111111112

m: 7.0

n: 28.88888888888889

Residual: 0.8472280627265618


epsilon: 1.1111111111111112

m: 7.0

n: 33.111111111111114

Residual: 0.8567956423183953


epsilon: 1.1111111111111112

m: 7.0

n: 37.333333333333336

Residual: 0.8660359371117754


epsilon: 1.1111111111111112

m: 7.0

n: 41.55555555555556

Residual: 0.8703395838572929


epsilon: 1.1111111111111112

m: 7.0

n: 45.77777777777778

Residual: 0.8758085858633823


epsilon: 1.1111111111111112

m: 7.0

n: 50.0

Residual: 0.8779790751373707


epsilon: 1.7222222222222223

m: 4.0

n: 12.0

Residual: 0.6970411873117123


epsilon: 1.7222222222222223

m: 4.0

n: 16.22222222222222

Residual: 0.6385587521552168


epsilon: 1.7222222222222223

m: 4.0

n: 20.444444444444443

Residual: 0.5996639989805258


epsilon: 1.7222222222222223

m: 4.0

n: 24.666666666666668

Residual: 0.5715798287716318


epsilon: 1.7222222222222223

m: 4.0

n: 28.88888888888889

Residual: 0.5503224044571136


epsilon: 1.7222222222222223

m: 4.0

n: 33.111111111111114

Residual: 0.5335534911892587


epsilon: 1.7222222222222223

m: 4.0

n: 37.333333333333336

Residual: 0.5199465573540263


epsilon: 1.7222222222222223

m: 4.0

n: 41.55555555555556

Residual: 0.5086349120229126


epsilon: 1.7222222222222223

m: 4.0

n: 45.77777777777778

Residual: 0.49897002635986826


epsilon: 1.7222222222222223

m: 4.0

n: 50.0

Residual: 0.4907546484130997


epsilon: 1.7222222222222223

m: 4.333333333333333

n: 12.0

Residual: 0.5414501641832786


epsilon: 1.7222222222222223

m: 4.333333333333333

n: 16.22222222222222

Residual: 0.4557363680866069


epsilon: 1.7222222222222223

m: 4.333333333333333

n: 20.444444444444443

Residual: 0.40053864684677837


epsilon: 1.7222222222222223

m: 4.333333333333333

n: 24.666666666666668

Residual: 0.36214853490152027


epsilon: 1.7222222222222223

m: 4.333333333333333

n: 28.88888888888889

Residual: 0.33752174773268806


epsilon: 1.7222222222222223

m: 4.333333333333333

n: 33.111111111111114

Residual: 0.31836897145301635


epsilon: 1.7222222222222223

m: 4.333333333333333

n: 37.333333333333336

Residual: 0.3033116141845455


epsilon: 1.7222222222222223

m: 4.333333333333333

n: 41.55555555555556

Residual: 0.2926794224591175


epsilon: 1.7222222222222223

m: 4.333333333333333

n: 45.77777777777778

Residual: 0.28347563154371913


epsilon: 1.7222222222222223

m: 4.333333333333333

n: 50.0

Residual: 0.2755831972894532


epsilon: 1.7222222222222223

m: 4.666666666666667

n: 12.0

Residual: 0.36038972877155284


epsilon: 1.7222222222222223

m: 4.666666666666667

n: 16.22222222222222

Residual: 0.25533382821937456


epsilon: 1.7222222222222223

m: 4.666666666666667

n: 20.444444444444443

Residual: 0.20127836419588394


epsilon: 1.7222222222222223

m: 4.666666666666667

n: 24.666666666666668

Residual: 0.17362363627471208


epsilon: 1.7222222222222223

m: 4.666666666666667

n: 28.88888888888889

Residual: 0.15788684715966234


epsilon: 1.7222222222222223

m: 4.666666666666667

n: 33.111111111111114

Residual: 0.1491212171473329


epsilon: 1.7222222222222223

m: 4.666666666666667

n: 37.333333333333336

Residual: 0.1447481180544366


epsilon: 1.7222222222222223

m: 4.666666666666667

n: 41.55555555555556

Residual: 0.14157199558043482


epsilon: 1.7222222222222223

m: 4.666666666666667

n: 45.77777777777778

Residual: 0.14071548666888656


epsilon: 1.7222222222222223

m: 4.666666666666667

n: 50.0

Residual: 0.14006018768310535


epsilon: 1.7222222222222223

m: 5.0

n: 12.0

Residual: 0.1798316027699937


epsilon: 1.7222222222222223

m: 5.0

n: 16.22222222222222

Residual: 0.0950699287594732


epsilon: 1.7222222222222223

m: 5.0

n: 20.444444444444443

Residual: 0.08447852062917147


epsilon: 1.7222222222222223

m: 5.0

n: 24.666666666666668

Residual: 0.10066912295902176


epsilon: 1.7222222222222223

m: 5.0

n: 28.88888888888889

Residual: 0.12656233787097068


epsilon: 1.7222222222222223

m: 5.0

n: 33.111111111111114

Residual: 0.15112028839423144


epsilon: 1.7222222222222223

m: 5.0

n: 37.333333333333336

Residual: 0.1723768030063976


epsilon: 1.7222222222222223

m: 5.0

n: 41.55555555555556

Residual: 0.1898307079405761


epsilon: 1.7222222222222223

m: 5.0

n: 45.77777777777778

Residual: 0.20456279058831198


epsilon: 1.7222222222222223

m: 5.0

n: 50.0

Residual: 0.21645030777481433


epsilon: 1.7222222222222223

m: 5.333333333333333

n: 12.0

Residual: 0.04232941369502379


epsilon: 1.7222222222222223

m: 5.333333333333333

n: 16.22222222222222

Residual: 0.14396714249031534


epsilon: 1.7222222222222223

m: 5.333333333333333

n: 20.444444444444443

Residual: 0.221805696392819


epsilon: 1.7222222222222223

m: 5.333333333333333

n: 24.666666666666668

Residual: 0.2731734504184668


epsilon: 1.7222222222222223

m: 5.333333333333333

n: 28.88888888888889

Residual: 0.3093364945133463


epsilon: 1.7222222222222223

m: 5.333333333333333

n: 33.111111111111114

Residual: 0.33600115238646255


epsilon: 1.7222222222222223

m: 5.333333333333333

n: 37.333333333333336

Residual: 0.35796918417614304


epsilon: 1.7222222222222223

m: 5.333333333333333

n: 41.55555555555556

Residual: 0.373714286397289


epsilon: 1.7222222222222223

m: 5.333333333333333

n: 45.77777777777778

Residual: 0.3879852771934066


epsilon: 1.7222222222222223

m: 5.333333333333333

n: 50.0

Residual: 0.39834486419042525


epsilon: 1.7222222222222223

m: 5.666666666666666

n: 12.0

Residual: 0.16147795819045854


epsilon: 1.7222222222222223

m: 5.666666666666666

n: 16.22222222222222

Residual: 0.30046802728902205


epsilon: 1.7222222222222223

m: 5.666666666666666

n: 20.444444444444443

Residual: 0.3771771478911304


epsilon: 1.7222222222222223

m: 5.666666666666666

n: 24.666666666666668

Residual: 0.42418503368161026


epsilon: 1.7222222222222223

m: 5.666666666666666

n: 28.88888888888889

Residual: 0.4586002538064335


epsilon: 1.7222222222222223

m: 5.666666666666666

n: 33.111111111111114

Residual: 0.48258713032740386


epsilon: 1.7222222222222223

m: 5.666666666666666

n: 37.333333333333336

Residual: 0.5013470610293926


epsilon: 1.7222222222222223

m: 5.666666666666666

n: 41.55555555555556

Residual: 0.516608232828742


epsilon: 1.7222222222222223

m: 5.666666666666666

n: 45.77777777777778

Residual: 0.5289395536180543


epsilon: 1.7222222222222223

m: 5.666666666666666

n: 50.0

Residual: 0.5392937502526945


epsilon: 1.7222222222222223

m: 6.0

n: 12.0

Residual: 0.2927690888861756


epsilon: 1.7222222222222223

m: 6.0

n: 16.22222222222222

Residual: 0.42773721242052926


epsilon: 1.7222222222222223

m: 6.0

n: 20.444444444444443

Residual: 0.4977183459305023


epsilon: 1.7222222222222223

m: 6.0

n: 24.666666666666668

Residual: 0.5415162983860389


epsilon: 1.7222222222222223

m: 6.0

n: 28.88888888888889

Residual: 0.5721956052696269


epsilon: 1.7222222222222223

m: 6.0

n: 33.111111111111114

Residual: 0.593984279096092


epsilon: 1.7222222222222223

m: 6.0

n: 37.333333333333336

Residual: 0.6105272028405178


epsilon: 1.7222222222222223

m: 6.0

n: 41.55555555555556

Residual: 0.6232993381879269


epsilon: 1.7222222222222223

m: 6.0

n: 45.77777777777778

Residual: 0.6345558780651366


epsilon: 1.7222222222222223

m: 6.0

n: 50.0

Residual: 0.6420389944526604


epsilon: 1.7222222222222223

m: 6.333333333333333

n: 12.0

Residual: 0.4010786675567043


epsilon: 1.7222222222222223

m: 6.333333333333333

n: 16.22222222222222

Residual: 0.5274626960786016


epsilon: 1.7222222222222223

m: 6.333333333333333

n: 20.444444444444443

Residual: 0.5925752998344666


epsilon: 1.7222222222222223

m: 6.333333333333333

n: 24.666666666666668

Residual: 0.6309875024128827


epsilon: 1.7222222222222223

m: 6.333333333333333

n: 28.88888888888889

Residual: 0.6567100889844526


epsilon: 1.7222222222222223

m: 6.333333333333333

n: 33.111111111111114

Residual: 0.6772581391706834


epsilon: 1.7222222222222223

m: 6.333333333333333

n: 37.333333333333336

Residual: 0.6924127099105573


epsilon: 1.7222222222222223

m: 6.333333333333333

n: 41.55555555555556

Residual: 0.7030766963101462


epsilon: 1.7222222222222223

m: 6.333333333333333

n: 45.77777777777778

Residual: 0.7127022118853377


epsilon: 1.7222222222222223

m: 6.333333333333333

n: 50.0

Residual: 0.7196487828879502


epsilon: 1.7222222222222223

m: 6.666666666666666

n: 12.0

Residual: 0.48787836192217604


epsilon: 1.7222222222222223

m: 6.666666666666666

n: 16.22222222222222

Residual: 0.6071243194635366


epsilon: 1.7222222222222223

m: 6.666666666666666

n: 20.444444444444443

Residual: 0.6641930756450624


epsilon: 1.7222222222222223

m: 6.666666666666666

n: 24.666666666666668

Residual: 0.6991702580921375


epsilon: 1.7222222222222223

m: 6.666666666666666

n: 28.88888888888889

Residual: 0.7221943724133051


epsilon: 1.7222222222222223

m: 6.666666666666666

n: 33.111111111111114

Residual: 0.7391816990141579


epsilon: 1.7222222222222223

m: 6.666666666666666

n: 37.333333333333336

Residual: 0.7526264256599124


epsilon: 1.7222222222222223

m: 6.666666666666666

n: 41.55555555555556

Residual: 0.7622151924879177


epsilon: 1.7222222222222223

m: 6.666666666666666

n: 45.77777777777778

Residual: 0.7700070903293739


epsilon: 1.7222222222222223

m: 6.666666666666666

n: 50.0

Residual: 0.7752055307209882


epsilon: 1.7222222222222223

m: 7.0

n: 12.0

Residual: 0.5583039399496629


epsilon: 1.7222222222222223

m: 7.0

n: 16.22222222222222

Residual: 0.6683821351815348


epsilon: 1.7222222222222223

m: 7.0

n: 20.444444444444443

Residual: 0.7212578181952473


epsilon: 1.7222222222222223

m: 7.0

n: 24.666666666666668

Residual: 0.752313990490297


epsilon: 1.7222222222222223

m: 7.0

n: 28.88888888888889

Residual: 0.7747644952133523


epsilon: 1.7222222222222223

m: 7.0

n: 33.111111111111114

Residual: 0.7874600577910172


epsilon: 1.7222222222222223

m: 7.0

n: 37.333333333333336

Residual: 0.7979277158017007


epsilon: 1.7222222222222223

m: 7.0

n: 41.55555555555556

Residual: 0.8079813062012148


epsilon: 1.7222222222222223

m: 7.0

n: 45.77777777777778

Residual: 0.813320130839134


epsilon: 1.7222222222222223

m: 7.0

n: 50.0

Residual: 0.8186166932083503


epsilon: 2.3333333333333335

m: 4.0

n: 12.0

Residual: 0.7671186903888636


epsilon: 2.3333333333333335

m: 4.0

n: 16.22222222222222

Residual: 0.7199276992252039


epsilon: 2.3333333333333335

m: 4.0

n: 20.444444444444443

Residual: 0.6881960304553137


epsilon: 2.3333333333333335

m: 4.0

n: 24.666666666666668

Residual: 0.665054974696388


epsilon: 2.3333333333333335

m: 4.0

n: 28.88888888888889

Residual: 0.6473381279886159


epsilon: 2.3333333333333335

m: 4.0

n: 33.111111111111114

Residual: 0.6333885444135919


epsilon: 2.3333333333333335

m: 4.0

n: 37.333333333333336

Residual: 0.6218530228927838


epsilon: 2.3333333333333335

m: 4.0

n: 41.55555555555556

Residual: 0.6123783204932575


epsilon: 2.3333333333333335

m: 4.0

n: 45.77777777777778

Residual: 0.6043044329423255


epsilon: 2.3333333333333335

m: 4.0

n: 50.0

Residual: 0.5972843428138941


epsilon: 2.3333333333333335

m: 4.333333333333333

n: 12.0

Residual: 0.6399083492647138


epsilon: 2.3333333333333335

m: 4.333333333333333

n: 16.22222222222222

Residual: 0.5673781206862942


epsilon: 2.3333333333333335

m: 4.333333333333333

n: 20.444444444444443

Residual: 0.5198546907837388


epsilon: 2.3333333333333335

m: 4.333333333333333

n: 24.666666666666668

Residual: 0.48573772470084503


epsilon: 2.3333333333333335

m: 4.333333333333333

n: 28.88888888888889

Residual: 0.45996891140492746


epsilon: 2.3333333333333335

m: 4.333333333333333

n: 33.111111111111114

Residual: 0.4397660107911935


epsilon: 2.3333333333333335

m: 4.333333333333333

n: 37.333333333333336

Residual: 0.42338751940182057


epsilon: 2.3333333333333335

m: 4.333333333333333

n: 41.55555555555556

Residual: 0.40993479369539726


epsilon: 2.3333333333333335

m: 4.333333333333333

n: 45.77777777777778

Residual: 0.3982813393353988


epsilon: 2.3333333333333335

m: 4.333333333333333

n: 50.0

Residual: 0.388494486106186


epsilon: 2.3333333333333335

m: 4.666666666666667

n: 12.0

Residual: 0.48469091697705374


epsilon: 2.3333333333333335

m: 4.666666666666667

n: 16.22222222222222

Residual: 0.38562720898700553


epsilon: 2.3333333333333335

m: 4.666666666666667

n: 20.444444444444443

Residual: 0.3222904320252054


epsilon: 2.3333333333333335

m: 4.666666666666667

n: 24.666666666666668

Residual: 0.27814833696824054


epsilon: 2.3333333333333335

m: 4.666666666666667

n: 28.88888888888889

Residual: 0.2507231232876675


epsilon: 2.3333333333333335

m: 4.666666666666667

n: 33.111111111111114

Residual: 0.22893982538022564


epsilon: 2.3333333333333335

m: 4.666666666666667

n: 37.333333333333336

Residual: 0.21313179718798578


epsilon: 2.3333333333333335

m: 4.666666666666667

n: 41.55555555555556

Residual: 0.20199283324345976


epsilon: 2.3333333333333335

m: 4.666666666666667

n: 45.77777777777778

Residual: 0.19245857133037444


epsilon: 2.3333333333333335

m: 4.666666666666667

n: 50.0

Residual: 0.18572196480284142


epsilon: 2.3333333333333335

m: 5.0

n: 12.0

Residual: 0.31460800083779866


epsilon: 2.3333333333333335

m: 5.0

n: 16.22222222222222

Residual: 0.19327586398140065


epsilon: 2.3333333333333335

m: 5.0

n: 20.444444444444443

Residual: 0.13267448365765183


epsilon: 2.3333333333333335

m: 5.0

n: 24.666666666666668

Residual: 0.10182456420210302


epsilon: 2.3333333333333335

m: 5.0

n: 28.88888888888889

Residual: 0.08772465211450506


epsilon: 2.3333333333333335

m: 5.0

n: 33.111111111111114

Residual: 0.08345877407010813


epsilon: 2.3333333333333335

m: 5.0

n: 37.333333333333336

Residual: 0.0830803658158752


epsilon: 2.3333333333333335

m: 5.0

n: 41.55555555555556

Residual: 0.08450397853666428


epsilon: 2.3333333333333335

m: 5.0

n: 45.77777777777778

Residual: 0.08719157209509563


epsilon: 2.3333333333333335

m: 5.0

n: 50.0

Residual: 0.09314451691911653


epsilon: 2.3333333333333335

m: 5.333333333333333

n: 12.0

Residual: 0.14531742543084328


epsilon: 2.3333333333333335

m: 5.333333333333333

n: 16.22222222222222

Residual: 0.04008806609907519


epsilon: 2.3333333333333335

m: 5.333333333333333

n: 20.444444444444443

Residual: 0.073572647329025


epsilon: 2.3333333333333335

m: 5.333333333333333

n: 24.666666666666668

Residual: 0.1286176985314477


epsilon: 2.3333333333333335

m: 5.333333333333333

n: 28.88888888888889

Residual: 0.16656472683010728


epsilon: 2.3333333333333335

m: 5.333333333333333

n: 33.111111111111114

Residual: 0.19524460900110552


epsilon: 2.3333333333333335

m: 5.333333333333333

n: 37.333333333333336

Residual: 0.2176704591270075


epsilon: 2.3333333333333335

m: 5.333333333333333

n: 41.55555555555556

Residual: 0.2357198689088579


epsilon: 2.3333333333333335

m: 5.333333333333333

n: 45.77777777777778

Residual: 0.25190755334747733


epsilon: 2.3333333333333335

m: 5.333333333333333

n: 50.0

Residual: 0.26390867123804096


epsilon: 2.3333333333333335

m: 5.666666666666666

n: 12.0

Residual: 0.046521163793316854


epsilon: 2.3333333333333335

m: 5.666666666666666

n: 16.22222222222222

Residual: 0.15708668936587036


epsilon: 2.3333333333333335

m: 5.666666666666666

n: 20.444444444444443

Residual: 0.23984347040736717


epsilon: 2.3333333333333335

m: 5.666666666666666

n: 24.666666666666668

Residual: 0.29290112304126925


epsilon: 2.3333333333333335

m: 5.666666666666666

n: 28.88888888888889

Residual: 0.3285641852768319


epsilon: 2.3333333333333335

m: 5.666666666666666

n: 33.111111111111114

Residual: 0.3580533699497857


epsilon: 2.3333333333333335

m: 5.666666666666666

n: 37.333333333333336

Residual: 0.37976720655747415


epsilon: 2.3333333333333335

m: 5.666666666666666

n: 41.55555555555556

Residual: 0.3961368622594743


epsilon: 2.3333333333333335

m: 5.666666666666666

n: 45.77777777777778

Residual: 0.40998283908909655


epsilon: 2.3333333333333335

m: 5.666666666666666

n: 50.0

Residual: 0.4228207572882055


epsilon: 2.3333333333333335

m: 6.0

n: 12.0

Residual: 0.1493360421168454


epsilon: 2.3333333333333335

m: 6.0

n: 16.22222222222222

Residual: 0.2961244627412003


epsilon: 2.3333333333333335

m: 6.0

n: 20.444444444444443

Residual: 0.37592000095602224


epsilon: 2.3333333333333335

m: 6.0

n: 24.666666666666668

Residual: 0.42664051731156055


epsilon: 2.3333333333333335

m: 6.0

n: 28.88888888888889

Residual: 0.4590658099322334


epsilon: 2.3333333333333335

m: 6.0

n: 33.111111111111114

Residual: 0.48636386219181127


epsilon: 2.3333333333333335

m: 6.0

n: 37.333333333333336

Residual: 0.5073563713907544


epsilon: 2.3333333333333335

m: 6.0

n: 41.55555555555556

Residual: 0.5231409706666985


epsilon: 2.3333333333333335

m: 6.0

n: 45.77777777777778

Residual: 0.5352757003929166


epsilon: 2.3333333333333335

m: 6.0

n: 50.0

Residual: 0.5455105121777643


epsilon: 2.3333333333333335

m: 6.333333333333333

n: 12.0

Residual: 0.2646417347077237


epsilon: 2.3333333333333335

m: 6.333333333333333

n: 16.22222222222222

Residual: 0.40960447658457516


epsilon: 2.3333333333333335

m: 6.333333333333333

n: 20.444444444444443

Residual: 0.4860215129946804


epsilon: 2.3333333333333335

m: 6.333333333333333

n: 24.666666666666668

Residual: 0.5318678619652609


epsilon: 2.3333333333333335

m: 6.333333333333333

n: 28.88888888888889

Residual: 0.5650237438689327


epsilon: 2.3333333333333335

m: 6.333333333333333

n: 33.111111111111114

Residual: 0.5847447555823722


epsilon: 2.3333333333333335

m: 6.333333333333333

n: 37.333333333333336

Residual: 0.6034302903938026


epsilon: 2.3333333333333335

m: 6.333333333333333

n: 41.55555555555556

Residual: 0.6180906728746488


epsilon: 2.3333333333333335

m: 6.333333333333333

n: 45.77777777777778

Residual: 0.6283809896173219


epsilon: 2.3333333333333335

m: 6.333333333333333

n: 50.0

Residual: 0.6363449433145099


epsilon: 2.3333333333333335

m: 6.666666666666666

n: 12.0

Residual: 0.3636200168657289


epsilon: 2.3333333333333335

m: 6.666666666666666

n: 16.22222222222222

Residual: 0.502497042864723


epsilon: 2.3333333333333335

m: 6.666666666666666

n: 20.444444444444443

Residual: 0.57215603658167


epsilon: 2.3333333333333335

m: 6.666666666666666

n: 24.666666666666668

Residual: 0.6135846721702455


epsilon: 2.3333333333333335

m: 6.666666666666666

n: 28.88888888888889

Residual: 0.6420282717015993


epsilon: 2.3333333333333335

m: 6.666666666666666

n: 33.111111111111114

Residual: 0.6615782200383935


epsilon: 2.3333333333333335

m: 6.666666666666666

n: 37.333333333333336

Residual: 0.679877644478906


epsilon: 2.3333333333333335

m: 6.666666666666666

n: 41.55555555555556

Residual: 0.6921964383921407


epsilon: 2.3333333333333335

m: 6.666666666666666

n: 45.77777777777778

Residual: 0.6997070117792031


epsilon: 2.3333333333333335

m: 6.666666666666666

n: 50.0

Residual: 0.7079980017194158


epsilon: 2.3333333333333335

m: 7.0

n: 12.0

Residual: 0.4439020699287454


epsilon: 2.3333333333333335

m: 7.0

n: 16.22222222222222

Residual: 0.5748163675407592


epsilon: 2.3333333333333335

m: 7.0

n: 20.444444444444443

Residual: 0.6409011492646137


epsilon: 2.3333333333333335

m: 7.0

n: 24.666666666666668

Residual: 0.6786846304104138


epsilon: 2.3333333333333335

m: 7.0

n: 28.88888888888889

Residual: 0.7018513132254125


epsilon: 2.3333333333333335

m: 7.0

n: 33.111111111111114

Residual: 0.722746378534024


epsilon: 2.3333333333333335

m: 7.0

n: 37.333333333333336

Residual: 0.7352597438638651


epsilon: 2.3333333333333335

m: 7.0

n: 41.55555555555556

Residual: 0.7477746241865669


epsilon: 2.3333333333333335

m: 7.0

n: 45.77777777777778

Residual: 0.7530001571077239


epsilon: 2.3333333333333335

m: 7.0

n: 50.0

Residual: 0.7603696188297356


epsilon: 2.9444444444444446

m: 4.0

n: 12.0

Residual: 0.8108841503480538


epsilon: 2.9444444444444446

m: 4.0

n: 16.22222222222222

Residual: 0.771450726470587


epsilon: 2.9444444444444446

m: 4.0

n: 20.444444444444443

Residual: 0.7446205134852196


epsilon: 2.9444444444444446

m: 4.0

n: 24.666666666666668

Residual: 0.7249904468984151


epsilon: 2.9444444444444446

m: 4.0

n: 28.88888888888889

Residual: 0.7099600363456936


epsilon: 2.9444444444444446

m: 4.0

n: 33.111111111111114

Residual: 0.6979618854410187


epsilon: 2.9444444444444446

m: 4.0

n: 37.333333333333336

Residual: 0.6881873068358582


epsilon: 2.9444444444444446

m: 4.0

n: 41.55555555555556

Residual: 0.6799512543476198


epsilon: 2.9444444444444446

m: 4.0

n: 45.77777777777778

Residual: 0.6730440888481329


epsilon: 2.9444444444444446

m: 4.0

n: 50.0

Residual: 0.6669464627337423


epsilon: 2.9444444444444446

m: 4.333333333333333

n: 12.0

Residual: 0.7034416094594457


epsilon: 2.9444444444444446

m: 4.333333333333333

n: 16.22222222222222

Residual: 0.6411967476192636


epsilon: 2.9444444444444446

m: 4.333333333333333

n: 20.444444444444443

Residual: 0.5994675517607132


epsilon: 2.9444444444444446

m: 4.333333333333333

n: 24.666666666666668

Residual: 0.5694721562996096


epsilon: 2.9444444444444446

m: 4.333333333333333

n: 28.88888888888889

Residual: 0.5465427247636458


epsilon: 2.9444444444444446

m: 4.333333333333333

n: 33.111111111111114

Residual: 0.5286131508677369


epsilon: 2.9444444444444446

m: 4.333333333333333

n: 37.333333333333336

Residual: 0.513812873821534


epsilon: 2.9444444444444446

m: 4.333333333333333

n: 41.55555555555556

Residual: 0.5018460932657721


epsilon: 2.9444444444444446

m: 4.333333333333333

n: 45.77777777777778

Residual: 0.49167638875952807


epsilon: 2.9444444444444446

m: 4.333333333333333

n: 50.0

Residual: 0.4827729613064033


epsilon: 2.9444444444444446

m: 4.666666666666667

n: 12.0

Residual: 0.5684782580893775


epsilon: 2.9444444444444446

m: 4.666666666666667

n: 16.22222222222222

Residual: 0.4796501047221364


epsilon: 2.9444444444444446

m: 4.666666666666667

n: 20.444444444444443

Residual: 0.4221993622570453


epsilon: 2.9444444444444446

m: 4.666666666666667

n: 24.666666666666668

Residual: 0.3816662932271901


epsilon: 2.9444444444444446

m: 4.666666666666667

n: 28.88888888888889

Residual: 0.35106179905369


epsilon: 2.9444444444444446

m: 4.666666666666667

n: 33.111111111111114

Residual: 0.3272507405497037


epsilon: 2.9444444444444446

m: 4.666666666666667

n: 37.333333333333336

Residual: 0.30789981843705294


epsilon: 2.9444444444444446

m: 4.666666666666667

n: 41.55555555555556

Residual: 0.29209318700695985


epsilon: 2.9444444444444446

m: 4.666666666666667

n: 45.77777777777778

Residual: 0.27892601457299215


epsilon: 2.9444444444444446

m: 4.666666666666667

n: 50.0

Residual: 0.26931799924034944


epsilon: 2.9444444444444446

m: 5.0

n: 12.0

Residual: 0.41551099422807114


epsilon: 2.9444444444444446

m: 5.0

n: 16.22222222222222

Residual: 0.30152670804546505


epsilon: 2.9444444444444446

m: 5.0

n: 20.444444444444443

Residual: 0.23011155600509592


epsilon: 2.9444444444444446

m: 5.0

n: 24.666666666666668

Residual: 0.18204828819149715


epsilon: 2.9444444444444446

m: 5.0

n: 28.88888888888889

Residual: 0.1521810286659299


epsilon: 2.9444444444444446

m: 5.0

n: 33.111111111111114

Residual: 0.13126088061215668


epsilon: 2.9444444444444446

m: 5.0

n: 37.333333333333336

Residual: 0.11575776593469456


epsilon: 2.9444444444444446

m: 5.0

n: 41.55555555555556

Residual: 0.10548787601814039


epsilon: 2.9444444444444446

m: 5.0

n: 45.77777777777778

Residual: 0.09937243351491663


epsilon: 2.9444444444444446

m: 5.0

n: 50.0

Residual: 0.09250434582111221


epsilon: 2.9444444444444446

m: 5.333333333333333

n: 12.0

Residual: 0.2572136418575835


epsilon: 2.9444444444444446

m: 5.333333333333333

n: 16.22222222222222

Residual: 0.12314337539839851


epsilon: 2.9444444444444446

m: 5.333333333333333

n: 20.444444444444443

Residual: 0.05731336986049833


epsilon: 2.9444444444444446

m: 5.333333333333333

n: 24.666666666666668

Residual: 0.03190054775391197


epsilon: 2.9444444444444446

m: 5.333333333333333

n: 28.88888888888889

Residual: 0.05053317345375429


epsilon: 2.9444444444444446

m: 5.333333333333333

n: 33.111111111111114

Residual: 0.081800364096532


epsilon: 2.9444444444444446

m: 5.333333333333333

n: 37.333333333333336

Residual: 0.10421354337426872


epsilon: 2.9444444444444446

m: 5.333333333333333

n: 41.55555555555556

Residual: 0.12323613218783026


epsilon: 2.9444444444444446

m: 5.333333333333333

n: 45.77777777777778

Residual: 0.1389880030130808


epsilon: 2.9444444444444446

m: 5.333333333333333

n: 50.0

Residual: 0.15304949161768536


epsilon: 2.9444444444444446

m: 5.666666666666666

n: 12.0

Residual: 0.11166814127406292


epsilon: 2.9444444444444446

m: 5.666666666666666

n: 16.22222222222222

Residual: 0.047174844775296695


epsilon: 2.9444444444444446

m: 5.666666666666666

n: 20.444444444444443

Residual: 0.1285496543714174


epsilon: 2.9444444444444446

m: 5.666666666666666

n: 24.666666666666668

Residual: 0.18280688476906398


epsilon: 2.9444444444444446

m: 5.666666666666666

n: 28.88888888888889

Residual: 0.22281466703031094


epsilon: 2.9444444444444446

m: 5.666666666666666

n: 33.111111111111114

Residual: 0.2523794147739626


epsilon: 2.9444444444444446

m: 5.666666666666666

n: 37.333333333333336

Residual: 0.27508793541844406


epsilon: 2.9444444444444446

m: 5.666666666666666

n: 41.55555555555556

Residual: 0.2928845078562478


epsilon: 2.9444444444444446

m: 5.666666666666666

n: 45.77777777777778

Residual: 0.309449074220498


epsilon: 2.9444444444444446

m: 5.666666666666666

n: 50.0

Residual: 0.3230115505137979


epsilon: 2.9444444444444446

m: 6.0

n: 12.0

Residual: 0.07203194486234683


epsilon: 2.9444444444444446

m: 6.0

n: 16.22222222222222

Residual: 0.18687672503994673


epsilon: 2.9444444444444446

m: 6.0

n: 20.444444444444443

Residual: 0.27203409400999884


epsilon: 2.9444444444444446

m: 6.0

n: 24.666666666666668

Residual: 0.325664425875048


epsilon: 2.9444444444444446

m: 6.0

n: 28.88888888888889

Residual: 0.36417795523900287


epsilon: 2.9444444444444446

m: 6.0

n: 33.111111111111114

Residual: 0.3940780961922669


epsilon: 2.9444444444444446

m: 6.0

n: 37.333333333333336

Residual: 0.41449950494876747


epsilon: 2.9444444444444446

m: 6.0

n: 41.55555555555556

Residual: 0.4342673365216105


epsilon: 2.9444444444444446

m: 6.0

n: 45.77777777777778

Residual: 0.44562242670904373


epsilon: 2.9444444444444446

m: 6.0

n: 50.0

Residual: 0.4577440355255643


epsilon: 2.9444444444444446

m: 6.333333333333333

n: 12.0

Residual: 0.15390110609671076


epsilon: 2.9444444444444446

m: 6.333333333333333

n: 16.22222222222222

Residual: 0.3097948561000869


epsilon: 2.9444444444444446

m: 6.333333333333333

n: 20.444444444444443

Residual: 0.3911792241539962


epsilon: 2.9444444444444446

m: 6.333333333333333

n: 24.666666666666668

Residual: 0.44316011568372704


epsilon: 2.9444444444444446

m: 6.333333333333333

n: 28.88888888888889

Residual: 0.4768983346779026


epsilon: 2.9444444444444446

m: 6.333333333333333

n: 33.111111111111114

Residual: 0.5046579446188271


epsilon: 2.9444444444444446

m: 6.333333333333333

n: 37.333333333333336

Residual: 0.5244243423433097


epsilon: 2.9444444444444446

m: 6.333333333333333

n: 41.55555555555556

Residual: 0.5393246994037638


epsilon: 2.9444444444444446

m: 6.333333333333333

n: 45.77777777777778

Residual: 0.5551406741057608


epsilon: 2.9444444444444446

m: 6.333333333333333

n: 50.0

Residual: 0.5628685686814155


epsilon: 2.9444444444444446

m: 6.666666666666666

n: 12.0

Residual: 0.2575580721196466


epsilon: 2.9444444444444446

m: 6.666666666666666

n: 16.22222222222222

Residual: 0.40917596942271506


epsilon: 2.9444444444444446

m: 6.666666666666666

n: 20.444444444444443

Residual: 0.4890043373264592


epsilon: 2.9444444444444446

m: 6.666666666666666

n: 24.666666666666668

Residual: 0.5367110690241784


epsilon: 2.9444444444444446

m: 6.666666666666666

n: 28.88888888888889

Residual: 0.5662223280026678


epsilon: 2.9444444444444446

m: 6.666666666666666

n: 33.111111111111114

Residual: 0.5922951132272862


epsilon: 2.9444444444444446

m: 6.666666666666666

n: 37.333333333333336

Residual: 0.6119563611741635


epsilon: 2.9444444444444446

m: 6.666666666666666

n: 41.55555555555556

Residual: 0.62438122802836


epsilon: 2.9444444444444446

m: 6.666666666666666

n: 45.77777777777778

Residual: 0.6341081119403572


epsilon: 2.9444444444444446

m: 6.666666666666666

n: 50.0

Residual: 0.6474908331733038


epsilon: 2.9444444444444446

m: 7.0

n: 12.0

Residual: 0.3448314785441014


epsilon: 2.9444444444444446

m: 7.0

n: 16.22222222222222

Residual: 0.49164272318205676


epsilon: 2.9444444444444446

m: 7.0

n: 20.444444444444443

Residual: 0.5668459787002169


epsilon: 2.9444444444444446

m: 7.0

n: 24.666666666666668

Residual: 0.6096617657451778


epsilon: 2.9444444444444446

m: 7.0

n: 28.88888888888889

Residual: 0.6406925321526159


epsilon: 2.9444444444444446

m: 7.0

n: 33.111111111111114

Residual: 0.6614785629591367


epsilon: 2.9444444444444446

m: 7.0

n: 37.333333333333336

Residual: 0.6780896664521545


epsilon: 2.9444444444444446

m: 7.0

n: 41.55555555555556

Residual: 0.6915521382281099


epsilon: 2.9444444444444446

m: 7.0

n: 45.77777777777778

Residual: 0.7022185269344305


epsilon: 2.9444444444444446

m: 7.0

n: 50.0

Residual: 0.7071853428102683


epsilon: 3.555555555555556

m: 4.0

n: 12.0

Residual: 0.8408093808599671


epsilon: 3.555555555555556

m: 4.0

n: 16.22222222222222

Residual: 0.8069390019247198


epsilon: 3.555555555555556

m: 4.0

n: 20.444444444444443

Residual: 0.7837652268814213


epsilon: 3.555555555555556

m: 4.0

n: 24.666666666666668

Residual: 0.7667115610453173


epsilon: 3.555555555555556

m: 4.0

n: 28.88888888888889

Residual: 0.7536200182991425


epsilon: 3.555555555555556

m: 4.0

n: 33.111111111111114

Residual: 0.7431532339819628


epsilon: 3.555555555555556

m: 4.0

n: 37.333333333333336

Residual: 0.7346781720926043


epsilon: 3.555555555555556

m: 4.0

n: 41.55555555555556

Residual: 0.7274144737999133


epsilon: 3.555555555555556

m: 4.0

n: 45.77777777777778

Residual: 0.7213738557515135


epsilon: 3.555555555555556

m: 4.0

n: 50.0

Residual: 0.7161234299944647


epsilon: 3.555555555555556

m: 4.333333333333333

n: 12.0

Residual: 0.7481350742323444


epsilon: 3.555555555555556

m: 4.333333333333333

n: 16.22222222222222

Residual: 0.6933304605834987


epsilon: 3.555555555555556

m: 4.333333333333333

n: 20.444444444444443

Residual: 0.6565225958708146


epsilon: 3.555555555555556

m: 4.333333333333333

n: 24.666666666666668

Residual: 0.6298260142575703


epsilon: 3.555555555555556

m: 4.333333333333333

n: 28.88888888888889

Residual: 0.6094964457609084


epsilon: 3.555555555555556

m: 4.333333333333333

n: 33.111111111111114

Residual: 0.5931805013159046


epsilon: 3.555555555555556

m: 4.333333333333333

n: 37.333333333333336

Residual: 0.5799345408636817


epsilon: 3.555555555555556

m: 4.333333333333333

n: 41.55555555555556

Residual: 0.5690832430361671


epsilon: 3.555555555555556

m: 4.333333333333333

n: 45.77777777777778

Residual: 0.5595625485136067


epsilon: 3.555555555555556

m: 4.333333333333333

n: 50.0

Residual: 0.551701152746271


epsilon: 3.555555555555556

m: 4.666666666666667

n: 12.0

Residual: 0.6290344454305783


epsilon: 3.555555555555556

m: 4.666666666666667

n: 16.22222222222222

Residual: 0.5491285319155339


epsilon: 3.555555555555556

m: 4.666666666666667

n: 20.444444444444443

Residual: 0.4965234110221062


epsilon: 3.555555555555556

m: 4.666666666666667

n: 24.666666666666668

Residual: 0.4591114747081899


epsilon: 3.555555555555556

m: 4.666666666666667

n: 28.88888888888889

Residual: 0.4309256174038271


epsilon: 3.555555555555556

m: 4.666666666666667

n: 33.111111111111114

Residual: 0.408930302642002


epsilon: 3.555555555555556

m: 4.666666666666667

n: 37.333333333333336

Residual: 0.3908897887913557


epsilon: 3.555555555555556

m: 4.666666666666667

n: 41.55555555555556

Residual: 0.3757515153037582


epsilon: 3.555555555555556

m: 4.666666666666667

n: 45.77777777777778

Residual: 0.36339922655507595


epsilon: 3.555555555555556

m: 4.666666666666667

n: 50.0

Residual: 0.3523161987091283


epsilon: 3.555555555555556

m: 5.0

n: 12.0

Residual: 0.49015215310669313


epsilon: 3.555555555555556

m: 5.0

n: 16.22222222222222

Residual: 0.38437323001333107


epsilon: 3.555555555555556

m: 5.0

n: 20.444444444444443

Residual: 0.3168462574023341


epsilon: 3.555555555555556

m: 5.0

n: 24.666666666666668

Residual: 0.26997123508776877


epsilon: 3.555555555555556

m: 5.0

n: 28.88888888888889

Residual: 0.23549308117754705


epsilon: 3.555555555555556

m: 5.0

n: 33.111111111111114

Residual: 0.20824789062513643


epsilon: 3.555555555555556

m: 5.0

n: 37.333333333333336

Residual: 0.18624063724852039


epsilon: 3.555555555555556

m: 5.0

n: 41.55555555555556

Residual: 0.1713897451474248


epsilon: 3.555555555555556

m: 5.0

n: 45.77777777777778

Residual: 0.16023727880725078


epsilon: 3.555555555555556

m: 5.0

n: 50.0

Residual: 0.14941015379708442


epsilon: 3.555555555555556

m: 5.333333333333333

n: 12.0

Residual: 0.3422675092109608


epsilon: 3.555555555555556

m: 5.333333333333333

n: 16.22222222222222

Residual: 0.21427034362587205


epsilon: 3.555555555555556

m: 5.333333333333333

n: 20.444444444444443

Residual: 0.13598915963378364


epsilon: 3.555555555555556

m: 5.333333333333333

n: 24.666666666666668

Residual: 0.08649282962482414


epsilon: 3.555555555555556

m: 5.333333333333333

n: 28.88888888888889

Residual: 0.055994333661121755


epsilon: 3.555555555555556

m: 5.333333333333333

n: 33.111111111111114

Residual: 0.03921724291501765


epsilon: 3.555555555555556

m: 5.333333333333333

n: 37.333333333333336

Residual: 0.03109004732830922


epsilon: 3.555555555555556

m: 5.333333333333333

n: 41.55555555555556

Residual: 0.034569879843461396


epsilon: 3.555555555555556

m: 5.333333333333333

n: 45.77777777777778

Residual: 0.045580553070445944


epsilon: 3.555555555555556

m: 5.333333333333333

n: 50.0

Residual: 0.05999230970573764


epsilon: 3.555555555555556

m: 5.666666666666666

n: 12.0

Residual: 0.1971011781596505


epsilon: 3.555555555555556

m: 5.666666666666666

n: 16.22222222222222

Residual: 0.07069745252402106


epsilon: 3.555555555555556

m: 5.666666666666666

n: 20.444444444444443

Residual: 0.044379652859094156


epsilon: 3.555555555555556

m: 5.666666666666666

n: 24.666666666666668

Residual: 0.09125502627852171


epsilon: 3.555555555555556

m: 5.666666666666666

n: 28.88888888888889

Residual: 0.1321668194471906


epsilon: 3.555555555555556

m: 5.666666666666666

n: 33.111111111111114

Residual: 0.16196756633511605


epsilon: 3.555555555555556

m: 5.666666666666666

n: 37.333333333333336

Residual: 0.1871595710681597


epsilon: 3.555555555555556

m: 5.666666666666666

n: 41.55555555555556

Residual: 0.20650605404808692


epsilon: 3.555555555555556

m: 5.666666666666666

n: 45.77777777777778

Residual: 0.22346553402775698


epsilon: 3.555555555555556

m: 5.666666666666666

n: 50.0

Residual: 0.23533848043651018


epsilon: 3.555555555555556

m: 6.0

n: 12.0

Residual: 0.11025828617411487


epsilon: 3.555555555555556

m: 6.0

n: 16.22222222222222

Residual: 0.09484461960011803


epsilon: 3.555555555555556

m: 6.0

n: 20.444444444444443

Residual: 0.18179338911064566


epsilon: 3.555555555555556

m: 6.0

n: 24.666666666666668

Residual: 0.23909150252903505


epsilon: 3.555555555555556

m: 6.0

n: 28.88888888888889

Residual: 0.28120554044197793


epsilon: 3.555555555555556

m: 6.0

n: 33.111111111111114

Residual: 0.31013147802427155


epsilon: 3.555555555555556

m: 6.0

n: 37.333333333333336

Residual: 0.3322457079447126


epsilon: 3.555555555555556

m: 6.0

n: 41.55555555555556

Residual: 0.35324920555939654


epsilon: 3.555555555555556

m: 6.0

n: 45.77777777777778

Residual: 0.36680237454055176


epsilon: 3.555555555555556

m: 6.0

n: 50.0

Residual: 0.38070490197553997


epsilon: 3.555555555555556

m: 6.333333333333333

n: 12.0

Residual: 0.1014575610744451


epsilon: 3.555555555555556

m: 6.333333333333333

n: 16.22222222222222

Residual: 0.2190610660219


epsilon: 3.555555555555556

m: 6.333333333333333

n: 20.444444444444443

Residual: 0.3073268661761861


epsilon: 3.555555555555556

m: 6.333333333333333

n: 24.666666666666668

Residual: 0.36318671228983573


epsilon: 3.555555555555556

m: 6.333333333333333

n: 28.88888888888889

Residual: 0.4027895779155305


epsilon: 3.555555555555556

m: 6.333333333333333

n: 33.111111111111114

Residual: 0.43107796288878747


epsilon: 3.555555555555556

m: 6.333333333333333

n: 37.333333333333336

Residual: 0.4527087397473484


epsilon: 3.555555555555556

m: 6.333333333333333

n: 41.55555555555556

Residual: 0.46913784154656285


epsilon: 3.555555555555556

m: 6.333333333333333

n: 45.77777777777778

Residual: 0.4853225452236873


epsilon: 3.555555555555556

m: 6.333333333333333

n: 50.0

Residual: 0.49574821975806893


epsilon: 3.555555555555556

m: 6.666666666666666

n: 12.0

Residual: 0.16746985695772465


epsilon: 3.555555555555556

m: 6.666666666666666

n: 16.22222222222222

Residual: 0.3309477112513699


epsilon: 3.555555555555556

m: 6.666666666666666

n: 20.444444444444443

Residual: 0.41055564093062574


epsilon: 3.555555555555556

m: 6.666666666666666

n: 24.666666666666668

Residual: 0.46467897877175335


epsilon: 3.555555555555556

m: 6.666666666666666

n: 28.88888888888889

Residual: 0.49779331524627374


epsilon: 3.555555555555556

m: 6.666666666666666

n: 33.111111111111114

Residual: 0.5269341499656657


epsilon: 3.555555555555556

m: 6.666666666666666

n: 37.333333333333336

Residual: 0.5456756133333933


epsilon: 3.555555555555556

m: 6.666666666666666

n: 41.55555555555556

Residual: 0.5642582414738684


epsilon: 3.555555555555556

m: 6.666666666666666

n: 45.77777777777778

Residual: 0.5763876605186764


epsilon: 3.555555555555556

m: 6.666666666666666

n: 50.0

Residual: 0.5858173596786929


epsilon: 3.555555555555556

m: 7.0

n: 12.0

Residual: 0.26218322828133883


epsilon: 3.555555555555556

m: 7.0

n: 16.22222222222222

Residual: 0.4150414338883606


epsilon: 3.555555555555556

m: 7.0

n: 20.444444444444443

Residual: 0.49846538074811675


epsilon: 3.555555555555556

m: 7.0

n: 24.666666666666668

Residual: 0.5494063812279659


epsilon: 3.555555555555556

m: 7.0

n: 28.88888888888889

Residual: 0.5815005106840815


epsilon: 3.555555555555556

m: 7.0

n: 33.111111111111114

Residual: 0.6037368499845164


epsilon: 3.555555555555556

m: 7.0

n: 37.333333333333336

Residual: 0.6230117403604933


epsilon: 3.555555555555556

m: 7.0

n: 41.55555555555556

Residual: 0.6380148199985363


epsilon: 3.555555555555556

m: 7.0

n: 45.77777777777778

Residual: 0.6467437484815208


epsilon: 3.555555555555556

m: 7.0

n: 50.0

Residual: 0.6560941353701376


epsilon: 4.166666666666667

m: 4.0

n: 12.0

Residual: 0.8625530567423529


epsilon: 4.166666666666667

m: 4.0

n: 16.22222222222222

Residual: 0.832883640045465


epsilon: 4.166666666666667

m: 4.0

n: 20.444444444444443

Residual: 0.8124721824593242


epsilon: 4.166666666666667

m: 4.0

n: 24.666666666666668

Residual: 0.7975323248569384


epsilon: 4.166666666666667

m: 4.0

n: 28.88888888888889

Residual: 0.785936858453596


epsilon: 4.166666666666667

m: 4.0

n: 33.111111111111114

Residual: 0.7766673034784213


epsilon: 4.166666666666667

m: 4.0

n: 37.333333333333336

Residual: 0.769044771626034


epsilon: 4.166666666666667

m: 4.0

n: 41.55555555555556

Residual: 0.7626958169810325


epsilon: 4.166666666666667

m: 4.0

n: 45.77777777777778

Residual: 0.7572776106770096


epsilon: 4.166666666666667

m: 4.0

n: 50.0

Residual: 0.7525660745615056


epsilon: 4.166666666666667

m: 4.333333333333333

n: 12.0

Residual: 0.7809604425214944


epsilon: 4.166666666666667

m: 4.333333333333333

n: 16.22222222222222

Residual: 0.732327550604394


epsilon: 4.166666666666667

m: 4.333333333333333

n: 20.444444444444443

Residual: 0.6993231475734869


epsilon: 4.166666666666667

m: 4.333333333333333

n: 24.666666666666668

Residual: 0.6753197541718754


epsilon: 4.166666666666667

m: 4.333333333333333

n: 28.88888888888889

Residual: 0.656844869443505


epsilon: 4.166666666666667

m: 4.333333333333333

n: 33.111111111111114

Residual: 0.6421159901333925


epsilon: 4.166666666666667

m: 4.333333333333333

n: 37.333333333333336

Residual: 0.6301902700490365


epsilon: 4.166666666666667

m: 4.333333333333333

n: 41.55555555555556

Residual: 0.6201551927198248


epsilon: 4.166666666666667

m: 4.333333333333333

n: 45.77777777777778

Residual: 0.6116039969263329


epsilon: 4.166666666666667

m: 4.333333333333333

n: 50.0

Residual: 0.6044803915502951


epsilon: 4.166666666666667

m: 4.666666666666667

n: 12.0

Residual: 0.6744812688572124


epsilon: 4.166666666666667

m: 4.666666666666667

n: 16.22222222222222

Residual: 0.6019327446852358


epsilon: 4.166666666666667

m: 4.666666666666667

n: 20.444444444444443

Residual: 0.5538271093618238


epsilon: 4.166666666666667

m: 4.666666666666667

n: 24.666666666666668

Residual: 0.5194520280859756


epsilon: 4.166666666666667

m: 4.666666666666667

n: 28.88888888888889

Residual: 0.4931989872464938


epsilon: 4.166666666666667

m: 4.666666666666667

n: 33.111111111111114

Residual: 0.472645139969702


epsilon: 4.166666666666667

m: 4.666666666666667

n: 37.333333333333336

Residual: 0.4557471733689608


epsilon: 4.166666666666667

m: 4.666666666666667

n: 41.55555555555556

Residual: 0.44183816579017515


epsilon: 4.166666666666667

m: 4.666666666666667

n: 45.77777777777778

Residual: 0.4302558543408492


epsilon: 4.166666666666667

m: 4.666666666666667

n: 50.0

Residual: 0.4203185821346675


epsilon: 4.166666666666667

m: 5.0

n: 12.0

Residual: 0.5481871703064104


epsilon: 4.166666666666667

m: 5.0

n: 16.22222222222222

Residual: 0.4501998059265615


epsilon: 4.166666666666667

m: 5.0

n: 20.444444444444443

Residual: 0.3867733125154911


epsilon: 4.166666666666667

m: 5.0

n: 24.666666666666668

Residual: 0.34143127465203815


epsilon: 4.166666666666667

m: 5.0

n: 28.88888888888889

Residual: 0.30885593898120983


epsilon: 4.166666666666667

m: 5.0

n: 33.111111111111114

Residual: 0.28219995597864656


epsilon: 4.166666666666667

m: 5.0

n: 37.333333333333336

Residual: 0.26250297970857095


epsilon: 4.166666666666667

m: 5.0

n: 41.55555555555556

Residual: 0.24483693650110352


epsilon: 4.166666666666667

m: 5.0

n: 45.77777777777778

Residual: 0.22981066042934922


epsilon: 4.166666666666667

m: 5.0

n: 50.0

Residual: 0.21833222267083674


epsilon: 4.166666666666667

m: 5.333333333333333

n: 12.0

Residual: 0.410920106500294


epsilon: 4.166666666666667

m: 5.333333333333333

n: 16.22222222222222

Residual: 0.288281897258632


epsilon: 4.166666666666667

m: 5.333333333333333

n: 20.444444444444443

Residual: 0.2119818515453802


epsilon: 4.166666666666667

m: 5.333333333333333

n: 24.666666666666668

Residual: 0.15986843136726017


epsilon: 4.166666666666667

m: 5.333333333333333

n: 28.88888888888889

Residual: 0.12144246448762741


epsilon: 4.166666666666667

m: 5.333333333333333

n: 33.111111111111114

Residual: 0.09462066281472462


epsilon: 4.166666666666667

m: 5.333333333333333

n: 37.333333333333336

Residual: 0.07436565533048134


epsilon: 4.166666666666667

m: 5.333333333333333

n: 41.55555555555556

Residual: 0.06044322082833603


epsilon: 4.166666666666667

m: 5.333333333333333

n: 45.77777777777778

Residual: 0.04923108059473352


epsilon: 4.166666666666667

m: 5.333333333333333

n: 50.0

Residual: 0.040838408600130535


epsilon: 4.166666666666667

m: 5.666666666666666

n: 12.0

Residual: 0.27159934771101485


epsilon: 4.166666666666667

m: 5.666666666666666

n: 16.22222222222222

Residual: 0.13485441436731693


epsilon: 4.166666666666667

m: 5.666666666666666

n: 20.444444444444443

Residual: 0.06821139785427503


epsilon: 4.166666666666667

m: 5.666666666666666

n: 24.666666666666668

Residual: 0.04451779061357345


epsilon: 4.166666666666667

m: 5.666666666666666

n: 28.88888888888889

Residual: 0.05456521717497464


epsilon: 4.166666666666667

m: 5.666666666666666

n: 33.111111111111114

Residual: 0.08412769851611951


epsilon: 4.166666666666667

m: 5.666666666666666

n: 37.333333333333336

Residual: 0.10907248065795014


epsilon: 4.166666666666667

m: 5.666666666666666

n: 41.55555555555556

Residual: 0.12897525147165745


epsilon: 4.166666666666667

m: 5.666666666666666

n: 45.77777777777778

Residual: 0.14441850052261687


epsilon: 4.166666666666667

m: 5.666666666666666

n: 50.0

Residual: 0.15960644386106362


epsilon: 4.166666666666667

m: 6.0

n: 12.0

Residual: 0.16579285410691852


epsilon: 4.166666666666667

m: 6.0

n: 16.22222222222222

Residual: 0.07849107150124138


epsilon: 4.166666666666667

m: 6.0

n: 20.444444444444443

Residual: 0.10467923818355832


epsilon: 4.166666666666667

m: 6.0

n: 24.666666666666668

Residual: 0.16419740135708707


epsilon: 4.166666666666667

m: 6.0

n: 28.88888888888889

Residual: 0.2050042204961394


epsilon: 4.166666666666667

m: 6.0

n: 33.111111111111114

Residual: 0.23713373879207147


epsilon: 4.166666666666667

m: 6.0

n: 37.333333333333336

Residual: 0.2614641822551577


epsilon: 4.166666666666667

m: 6.0

n: 41.55555555555556

Residual: 0.2849267739638465


epsilon: 4.166666666666667

m: 6.0

n: 45.77777777777778

Residual: 0.29776959142394077


epsilon: 4.166666666666667

m: 6.0

n: 50.0

Residual: 0.30985985063832383


epsilon: 4.166666666666667

m: 6.333333333333333

n: 12.0

Residual: 0.1266934393375436


epsilon: 4.166666666666667

m: 6.333333333333333

n: 16.22222222222222

Residual: 0.14650232712405686


epsilon: 4.166666666666667

m: 6.333333333333333

n: 20.444444444444443

Residual: 0.2364334090377458


epsilon: 4.166666666666667

m: 6.333333333333333

n: 24.666666666666668

Residual: 0.2934805239377229


epsilon: 4.166666666666667

m: 6.333333333333333

n: 28.88888888888889

Residual: 0.3332086785407226


epsilon: 4.166666666666667

m: 6.333333333333333

n: 33.111111111111114

Residual: 0.3648572151111439


epsilon: 4.166666666666667

m: 6.333333333333333

n: 37.333333333333336

Residual: 0.38754026714003015


epsilon: 4.166666666666667

m: 6.333333333333333

n: 41.55555555555556

Residual: 0.41197409303353294


epsilon: 4.166666666666667

m: 6.333333333333333

n: 45.77777777777778

Residual: 0.42192264756848447


epsilon: 4.166666666666667

m: 6.333333333333333

n: 50.0

Residual: 0.4331518238756543


epsilon: 4.166666666666667

m: 6.666666666666666

n: 12.0

Residual: 0.12983440188295248


epsilon: 4.166666666666667

m: 6.666666666666666

n: 16.22222222222222

Residual: 0.25463852936858294


epsilon: 4.166666666666667

m: 6.666666666666666

n: 20.444444444444443

Residual: 0.3427569811463463


epsilon: 4.166666666666667

m: 6.666666666666666

n: 24.666666666666668

Residual: 0.4018699446799767


epsilon: 4.166666666666667

m: 6.666666666666666

n: 28.88888888888889

Residual: 0.441201375750943


epsilon: 4.166666666666667

m: 6.666666666666666

n: 33.111111111111114

Residual: 0.46715413356252855


epsilon: 4.166666666666667

m: 6.666666666666666

n: 37.333333333333336

Residual: 0.48865878606103713


epsilon: 4.166666666666667

m: 6.666666666666666

n: 41.55555555555556

Residual: 0.5093511842017762


epsilon: 4.166666666666667

m: 6.666666666666666

n: 45.77777777777778

Residual: 0.5186654653444219


epsilon: 4.166666666666667

m: 6.666666666666666

n: 50.0

Residual: 0.5320315980340413


epsilon: 4.166666666666667

m: 7.0

n: 12.0

Residual: 0.18565204311662598


epsilon: 4.166666666666667

m: 7.0

n: 16.22222222222222

Residual: 0.34970914195874975


epsilon: 4.166666666666667

m: 7.0

n: 20.444444444444443

Residual: 0.43289637129579783


epsilon: 4.166666666666667

m: 7.0

n: 24.666666666666668

Residual: 0.49029292301219124


epsilon: 4.166666666666667

m: 7.0

n: 28.88888888888889

Residual: 0.5252145680584737


epsilon: 4.166666666666667

m: 7.0

n: 33.111111111111114

Residual: 0.5559522881274487


epsilon: 4.166666666666667

m: 7.0

n: 37.333333333333336

Residual: 0.5731462904610539


epsilon: 4.166666666666667

m: 7.0

n: 41.55555555555556

Residual: 0.587105100305866


epsilon: 4.166666666666667

m: 7.0

n: 45.77777777777778

Residual: 0.6036784847918176


epsilon: 4.166666666666667

m: 7.0

n: 50.0

Residual: 0.6111283812859217


epsilon: 4.777777777777779

m: 4.0

n: 12.0

Residual: 0.8790722143494192


epsilon: 4.777777777777779

m: 4.0

n: 16.22222222222222

Residual: 0.8526940355806296


epsilon: 4.777777777777779

m: 4.0

n: 20.444444444444443

Residual: 0.8344734327825185


epsilon: 4.777777777777779

m: 4.0

n: 24.666666666666668

Residual: 0.8210985415617325


epsilon: 4.777777777777779

m: 4.0

n: 28.88888888888889

Residual: 0.8106767544149737


epsilon: 4.777777777777779

m: 4.0

n: 33.111111111111114

Residual: 0.8024132575184681


epsilon: 4.777777777777779

m: 4.0

n: 37.333333333333336

Residual: 0.7955910243324126


epsilon: 4.777777777777779

m: 4.0

n: 41.55555555555556

Residual: 0.7898115335508203


epsilon: 4.777777777777779

m: 4.0

n: 45.77777777777778

Residual: 0.7849963102475441


epsilon: 4.777777777777779

m: 4.0

n: 50.0

Residual: 0.7808340470494257


epsilon: 4.777777777777779

m: 4.333333333333333

n: 12.0

Residual: 0.8062791666086478


epsilon: 4.777777777777779

m: 4.333333333333333

n: 16.22222222222222

Residual: 0.7624294418558495


epsilon: 4.777777777777779

m: 4.333333333333333

n: 20.444444444444443

Residual: 0.7326458139128348


epsilon: 4.777777777777779

m: 4.333333333333333

n: 24.666666666666668

Residual: 0.7108256643120612


epsilon: 4.777777777777779

m: 4.333333333333333

n: 28.88888888888889

Residual: 0.6940113736084115


epsilon: 4.777777777777779

m: 4.333333333333333

n: 33.111111111111114

Residual: 0.6806379091667348


epsilon: 4.777777777777779

m: 4.333333333333333

n: 37.333333333333336

Residual: 0.6696845502762954


epsilon: 4.777777777777779

m: 4.333333333333333

n: 41.55555555555556

Residual: 0.6604227797742594


epsilon: 4.777777777777779

m: 4.333333333333333

n: 45.77777777777778

Residual: 0.6527627677276764


epsilon: 4.777777777777779

m: 4.333333333333333

n: 50.0

Residual: 0.6460979618534728


epsilon: 4.777777777777779

m: 4.666666666666667

n: 12.0

Residual: 0.7100842067446065


epsilon: 4.777777777777779

m: 4.666666666666667

n: 16.22222222222222

Residual: 0.6439310043840053


epsilon: 4.777777777777779

m: 4.666666666666667

n: 20.444444444444443

Residual: 0.5994944517664164


epsilon: 4.777777777777779

m: 4.666666666666667

n: 24.666666666666668

Residual: 0.5674652739910235


epsilon: 4.777777777777779

m: 4.666666666666667

n: 28.88888888888889

Residual: 0.5431795802599866


epsilon: 4.777777777777779

m: 4.666666666666667

n: 33.111111111111114

Residual: 0.5236218974870327


epsilon: 4.777777777777779

m: 4.666666666666667

n: 37.333333333333336

Residual: 0.5084382831070037


epsilon: 4.777777777777779

m: 4.666666666666667

n: 41.55555555555556

Residual: 0.4953070840900815


epsilon: 4.777777777777779

m: 4.666666666666667

n: 45.77777777777778

Residual: 0.48438947883199895


epsilon: 4.777777777777779

m: 4.666666666666667

n: 50.0

Residual: 0.47483187532942317


epsilon: 4.777777777777779

m: 5.0

n: 12.0

Residual: 0.594088319381987


epsilon: 4.777777777777779

m: 5.0

n: 16.22222222222222

Residual: 0.5031190233961265


epsilon: 4.777777777777779

m: 5.0

n: 20.444444444444443

Residual: 0.443754565176476


epsilon: 4.777777777777779

m: 5.0

n: 24.666666666666668

Residual: 0.4003237893780106


epsilon: 4.777777777777779

m: 5.0

n: 28.88888888888889

Residual: 0.36929524052681556


epsilon: 4.777777777777779

m: 5.0

n: 33.111111111111114

Residual: 0.3440915627195098


epsilon: 4.777777777777779

m: 5.0

n: 37.333333333333336

Residual: 0.32437074063994703


epsilon: 4.777777777777779

m: 5.0

n: 41.55555555555556

Residual: 0.307497630115869


epsilon: 4.777777777777779

m: 5.0

n: 45.77777777777778

Residual: 0.2934851464288535


epsilon: 4.777777777777779

m: 5.0

n: 50.0

Residual: 0.2821410676432592


epsilon: 4.777777777777779

m: 5.333333333333333

n: 12.0

Residual: 0.465781865960903


epsilon: 4.777777777777779

m: 5.333333333333333

n: 16.22222222222222

Residual: 0.3498976142884658


epsilon: 4.777777777777779

m: 5.333333333333333

n: 20.444444444444443

Residual: 0.27760723005849736


epsilon: 4.777777777777779

m: 5.333333333333333

n: 24.666666666666668

Residual: 0.22611880946518897


epsilon: 4.777777777777779

m: 5.333333333333333

n: 28.88888888888889

Residual: 0.18814522724628133


epsilon: 4.777777777777779

m: 5.333333333333333

n: 33.111111111111114

Residual: 0.1590653048135974


epsilon: 4.777777777777779

m: 5.333333333333333

n: 37.333333333333336

Residual: 0.13636627239032614


epsilon: 4.777777777777779

m: 5.333333333333333

n: 41.55555555555556

Residual: 0.11692740481814204


epsilon: 4.777777777777779

m: 5.333333333333333

n: 45.77777777777778

Residual: 0.10188729069761608


epsilon: 4.777777777777779

m: 5.333333333333333

n: 50.0

Residual: 0.09029981394736591


epsilon: 4.777777777777779

m: 5.666666666666666

n: 12.0

Residual: 0.33393794917784697


epsilon: 4.777777777777779

m: 5.666666666666666

n: 16.22222222222222

Residual: 0.1973343455266801


epsilon: 4.777777777777779

m: 5.666666666666666

n: 20.444444444444443

Residual: 0.12079481306492358


epsilon: 4.777777777777779

m: 5.666666666666666

n: 24.666666666666668

Residual: 0.07676402748717379


epsilon: 4.777777777777779

m: 5.666666666666666

n: 28.88888888888889

Residual: 0.05143164712791532


epsilon: 4.777777777777779

m: 5.666666666666666

n: 33.111111111111114

Residual: 0.04292619053641693


epsilon: 4.777777777777779

m: 5.666666666666666

n: 37.333333333333336

Residual: 0.04466571567206792


epsilon: 4.777777777777779

m: 5.666666666666666

n: 41.55555555555556

Residual: 0.06130086835549907


epsilon: 4.777777777777779

m: 5.666666666666666

n: 45.77777777777778

Residual: 0.07623998982820336


epsilon: 4.777777777777779

m: 5.666666666666666

n: 50.0

Residual: 0.0901011490902164


epsilon: 4.777777777777779

m: 6.0

n: 12.0

Residual: 0.2192269378526248


epsilon: 4.777777777777779

m: 6.0

n: 16.22222222222222

Residual: 0.11021034440892943


epsilon: 4.777777777777779

m: 6.0

n: 20.444444444444443

Residual: 0.07472893628737713


epsilon: 4.777777777777779

m: 6.0

n: 24.666666666666668

Residual: 0.09775023504876386


epsilon: 4.777777777777779

m: 6.0

n: 28.88888888888889

Residual: 0.14086797417253863


epsilon: 4.777777777777779

m: 6.0

n: 33.111111111111114

Residual: 0.17155265829379862


epsilon: 4.777777777777779

m: 6.0

n: 37.333333333333336

Residual: 0.19643137737368058


epsilon: 4.777777777777779

m: 6.0

n: 41.55555555555556

Residual: 0.2161102535257356


epsilon: 4.777777777777779

m: 6.0

n: 45.77777777777778

Residual: 0.2353454477522438


epsilon: 4.777777777777779

m: 6.0

n: 50.0

Residual: 0.24810439761621197


epsilon: 4.777777777777779

m: 6.333333333333333

n: 12.0

Residual: 0.16173859735980173


epsilon: 4.777777777777779

m: 6.333333333333333

n: 16.22222222222222

Residual: 0.10884817147373901


epsilon: 4.777777777777779

m: 6.333333333333333

n: 20.444444444444443

Residual: 0.16959689954864698


epsilon: 4.777777777777779

m: 6.333333333333333

n: 24.666666666666668

Residual: 0.23221417361278462


epsilon: 4.777777777777779

m: 6.333333333333333

n: 28.88888888888889

Residual: 0.2730810572070965


epsilon: 4.777777777777779

m: 6.333333333333333

n: 33.111111111111114

Residual: 0.3047717800260365


epsilon: 4.777777777777779

m: 6.333333333333333

n: 37.333333333333336

Residual: 0.32737549302250757


epsilon: 4.777777777777779

m: 6.333333333333333

n: 41.55555555555556

Residual: 0.3481150765389713


epsilon: 4.777777777777779

m: 6.333333333333333

n: 45.77777777777778

Residual: 0.36346495170636695


epsilon: 4.777777777777779

m: 6.333333333333333

n: 50.0

Residual: 0.3735751277035031


epsilon: 4.777777777777779

m: 6.666666666666666

n: 12.0

Residual: 0.1457884871028313


epsilon: 4.777777777777779

m: 6.666666666666666

n: 16.22222222222222

Residual: 0.1897504625903617


epsilon: 4.777777777777779

m: 6.666666666666666

n: 20.444444444444443

Residual: 0.2842042230602079


epsilon: 4.777777777777779

m: 6.666666666666666

n: 24.666666666666668

Residual: 0.34159503445812384


epsilon: 4.777777777777779

m: 6.666666666666666

n: 28.88888888888889

Residual: 0.38130467123194633


epsilon: 4.777777777777779

m: 6.666666666666666

n: 33.111111111111114

Residual: 0.41573886626851136


epsilon: 4.777777777777779

m: 6.666666666666666

n: 37.333333333333336

Residual: 0.4348049365788119


epsilon: 4.777777777777779

m: 6.666666666666666

n: 41.55555555555556

Residual: 0.4539714897232946


epsilon: 4.777777777777779

m: 6.666666666666666

n: 45.77777777777778

Residual: 0.47255759982041895


epsilon: 4.777777777777779

m: 6.666666666666666

n: 50.0

Residual: 0.4811775087249699


epsilon: 4.777777777777779

m: 7.0

n: 12.0

Residual: 0.16032728827463366


epsilon: 4.777777777777779

m: 7.0

n: 16.22222222222222

Residual: 0.28864602142269813


epsilon: 4.777777777777779

m: 7.0

n: 20.444444444444443

Residual: 0.38102654450056206


epsilon: 4.777777777777779

m: 7.0

n: 24.666666666666668

Residual: 0.433275662806396


epsilon: 4.777777777777779

m: 7.0

n: 28.88888888888889

Residual: 0.47170004998641557


epsilon: 4.777777777777779

m: 7.0

n: 33.111111111111114

Residual: 0.5044667262395771


epsilon: 4.777777777777779

m: 7.0

n: 37.333333333333336

Residual: 0.5234976451493278


epsilon: 4.777777777777779

m: 7.0

n: 41.55555555555556

Residual: 0.5412125968527629


epsilon: 4.777777777777779

m: 7.0

n: 45.77777777777778

Residual: 0.5556365469920722


epsilon: 4.777777777777779

m: 7.0

n: 50.0

Residual: 0.566143018571148


epsilon: 5.388888888888889

m: 4.0

n: 12.0

Residual: 0.8920581916791064


epsilon: 5.388888888888889

m: 4.0

n: 16.22222222222222

Residual: 0.8682662629224892


epsilon: 5.388888888888889

m: 4.0

n: 20.444444444444443

Residual: 0.8518961203753606


epsilon: 5.388888888888889

m: 4.0

n: 24.666666666666668

Residual: 0.839761021736535


epsilon: 5.388888888888889

m: 4.0

n: 28.88888888888889

Residual: 0.8303706648931314


epsilon: 5.388888888888889

m: 4.0

n: 33.111111111111114

Residual: 0.8227946741363136


epsilon: 5.388888888888889

m: 4.0

n: 37.333333333333336

Residual: 0.816616570637099


epsilon: 5.388888888888889

m: 4.0

n: 41.55555555555556

Residual: 0.8114267897410223


epsilon: 5.388888888888889

m: 4.0

n: 45.77777777777778

Residual: 0.8070081551079851


epsilon: 5.388888888888889

m: 4.0

n: 50.0

Residual: 0.8031749845960016


epsilon: 5.388888888888889

m: 4.333333333333333

n: 12.0

Residual: 0.826411779473078


epsilon: 5.388888888888889

m: 4.333333333333333

n: 16.22222222222222

Residual: 0.7865257052866157


epsilon: 5.388888888888889

m: 4.333333333333333

n: 20.444444444444443

Residual: 0.7593378990949196


epsilon: 5.388888888888889

m: 4.333333333333333

n: 24.666666666666668

Residual: 0.739282719116993


epsilon: 5.388888888888889

m: 4.333333333333333

n: 28.88888888888889

Residual: 0.7238234195413693


epsilon: 5.388888888888889

m: 4.333333333333333

n: 33.111111111111114

Residual: 0.7116808650911631


epsilon: 5.388888888888889

m: 4.333333333333333

n: 37.333333333333336

Residual: 0.7015577245608271


epsilon: 5.388888888888889

m: 4.333333333333333

n: 41.55555555555556

Residual: 0.6931961745973175


epsilon: 5.388888888888889

m: 4.333333333333333

n: 45.77777777777778

Residual: 0.6860494621464649


epsilon: 5.388888888888889

m: 4.333333333333333

n: 50.0

Residual: 0.6798750338871434


epsilon: 5.388888888888889

m: 4.666666666666667

n: 12.0

Residual: 0.738852402752642


epsilon: 5.388888888888889

m: 4.666666666666667

n: 16.22222222222222

Residual: 0.6778175506104638


epsilon: 5.388888888888889

m: 4.666666666666667

n: 20.444444444444443

Residual: 0.6366689894074481


epsilon: 5.388888888888889

m: 4.666666666666667

n: 24.666666666666668

Residual: 0.6069474585032634


epsilon: 5.388888888888889

m: 4.666666666666667

n: 28.88888888888889

Residual: 0.5841175187021886


epsilon: 5.388888888888889

m: 4.666666666666667

n: 33.111111111111114

Residual: 0.5660137244865934


epsilon: 5.388888888888889

m: 4.666666666666667

n: 37.333333333333336

Residual: 0.5517261080186721


epsilon: 5.388888888888889

m: 4.666666666666667

n: 41.55555555555556

Residual: 0.5396975002888921


epsilon: 5.388888888888889

m: 4.666666666666667

n: 45.77777777777778

Residual: 0.5288486836981577


epsilon: 5.388888888888889

m: 4.666666666666667

n: 50.0

Residual: 0.5202608220941046


epsilon: 5.388888888888889

m: 5.0

n: 12.0

Residual: 0.6315099514066058


epsilon: 5.388888888888889

m: 5.0

n: 16.22222222222222

Residual: 0.5462672462069947


epsilon: 5.388888888888889

m: 5.0

n: 20.444444444444443

Residual: 0.4902098801952254


epsilon: 5.388888888888889

m: 5.0

n: 24.666666666666668

Residual: 0.4494628836697632


epsilon: 5.388888888888889

m: 5.0

n: 28.88888888888889

Residual: 0.41995261698131064


epsilon: 5.388888888888889

m: 5.0

n: 33.111111111111114

Residual: 0.39613682232567066


epsilon: 5.388888888888889

m: 5.0

n: 37.333333333333336

Residual: 0.37724745480474364


epsilon: 5.388888888888889

m: 5.0

n: 41.55555555555556

Residual: 0.36156228960419945


epsilon: 5.388888888888889

m: 5.0

n: 45.77777777777778

Residual: 0.3481353402785999


epsilon: 5.388888888888889

m: 5.0

n: 50.0

Residual: 0.3356543764797669


epsilon: 5.388888888888889

m: 5.333333333333333

n: 12.0

Residual: 0.5118541013008693


epsilon: 5.388888888888889

m: 5.333333333333333

n: 16.22222222222222

Residual: 0.4019294018250059


epsilon: 5.388888888888889

m: 5.333333333333333

n: 20.444444444444443

Residual: 0.3310511249594831


epsilon: 5.388888888888889

m: 5.333333333333333

n: 24.666666666666668

Residual: 0.2821466617116174


epsilon: 5.388888888888889

m: 5.333333333333333

n: 28.88888888888889

Residual: 0.2450378737147228


epsilon: 5.388888888888889

m: 5.333333333333333

n: 33.111111111111114

Residual: 0.2172338874794842


epsilon: 5.388888888888889

m: 5.333333333333333

n: 37.333333333333336

Residual: 0.19374984215898403


epsilon: 5.388888888888889

m: 5.333333333333333

n: 41.55555555555556

Residual: 0.17556733490962084


epsilon: 5.388888888888889

m: 5.333333333333333

n: 45.77777777777778

Residual: 0.160337077626102


epsilon: 5.388888888888889

m: 5.333333333333333

n: 50.0

Residual: 0.14799891406498525


epsilon: 5.388888888888889

m: 5.666666666666666

n: 12.0

Residual: 0.38627515286890685


epsilon: 5.388888888888889

m: 5.666666666666666

n: 16.22222222222222

Residual: 0.25436838133510364


epsilon: 5.388888888888889

m: 5.666666666666666

n: 20.444444444444443

Residual: 0.17433388981079248


epsilon: 5.388888888888889

m: 5.666666666666666

n: 24.666666666666668

Residual: 0.12359151821406662


epsilon: 5.388888888888889

m: 5.666666666666666

n: 28.88888888888889

Residual: 0.0896398215337897


epsilon: 5.388888888888889

m: 5.666666666666666

n: 33.111111111111114

Residual: 0.06740319470377223


epsilon: 5.388888888888889

m: 5.666666666666666

n: 37.333333333333336

Residual: 0.05184135543864006


epsilon: 5.388888888888889

m: 5.666666666666666

n: 41.55555555555556

Residual: 0.04736562446374503


epsilon: 5.388888888888889

m: 5.666666666666666

n: 45.77777777777778

Residual: 0.042585739470385006


epsilon: 5.388888888888889

m: 5.666666666666666

n: 50.0

Residual: 0.04226613720270213


epsilon: 5.388888888888889

m: 6.0

n: 12.0

Residual: 0.2686211998299504


epsilon: 5.388888888888889

m: 6.0

n: 16.22222222222222

Residual: 0.1494252444320086


epsilon: 5.388888888888889

m: 6.0

n: 20.444444444444443

Residual: 0.0969705796016957


epsilon: 5.388888888888889

m: 6.0

n: 24.666666666666668

Residual: 0.07512911966177709


epsilon: 5.388888888888889

m: 6.0

n: 28.88888888888889

Residual: 0.08266746665939309


epsilon: 5.388888888888889

m: 6.0

n: 33.111111111111114

Residual: 0.11267508076827269


epsilon: 5.388888888888889

m: 6.0

n: 37.333333333333336

Residual: 0.14170999257556252


epsilon: 5.388888888888889

m: 6.0

n: 41.55555555555556

Residual: 0.15774603013107574


epsilon: 5.388888888888889

m: 6.0

n: 45.77777777777778

Residual: 0.17653216899776866


epsilon: 5.388888888888889

m: 6.0

n: 50.0

Residual: 0.18957941218635077


epsilon: 5.388888888888889

m: 6.333333333333333

n: 12.0

Residual: 0.19926878372159348


epsilon: 5.388888888888889

m: 6.333333333333333

n: 16.22222222222222

Residual: 0.12080219269411054


epsilon: 5.388888888888889

m: 6.333333333333333

n: 20.444444444444443

Residual: 0.120260011731104


epsilon: 5.388888888888889

m: 6.333333333333333

n: 24.666666666666668

Residual: 0.1708322128215461


epsilon: 5.388888888888889

m: 6.333333333333333

n: 28.88888888888889

Residual: 0.2181619474429415


epsilon: 5.388888888888889

m: 6.333333333333333

n: 33.111111111111114

Residual: 0.24334561227807958


epsilon: 5.388888888888889

m: 6.333333333333333

n: 37.333333333333336

Residual: 0.272391399530924


epsilon: 5.388888888888889

m: 6.333333333333333

n: 41.55555555555556

Residual: 0.29337055030479825


epsilon: 5.388888888888889

m: 6.333333333333333

n: 45.77777777777778

Residual: 0.3064531326183916


epsilon: 5.388888888888889

m: 6.333333333333333

n: 50.0

Residual: 0.3268483755756648


epsilon: 5.388888888888889

m: 6.666666666666666

n: 12.0

Residual: 0.1710224950784025


epsilon: 5.388888888888889

m: 6.666666666666666

n: 16.22222222222222

Residual: 0.1480068337140905


epsilon: 5.388888888888889

m: 6.666666666666666

n: 20.444444444444443

Residual: 0.2260156624156219


epsilon: 5.388888888888889

m: 6.666666666666666

n: 24.666666666666668

Residual: 0.2875532748624548


epsilon: 5.388888888888889

m: 6.666666666666666

n: 28.88888888888889

Residual: 0.33008268619889086


epsilon: 5.388888888888889

m: 6.666666666666666

n: 33.111111111111114

Residual: 0.36182438362610025


epsilon: 5.388888888888889

m: 6.666666666666666

n: 37.333333333333336

Residual: 0.38415041575646186


epsilon: 5.388888888888889

m: 6.666666666666666

n: 41.55555555555556

Residual: 0.407367262004704


epsilon: 5.388888888888889

m: 6.666666666666666

n: 45.77777777777778

Residual: 0.42360793429523524


epsilon: 5.388888888888889

m: 6.666666666666666

n: 50.0

Residual: 0.4362901566051787


epsilon: 5.388888888888889

m: 7.0

n: 12.0

Residual: 0.1694713473749413


epsilon: 5.388888888888889

m: 7.0

n: 16.22222222222222

Residual: 0.23241876993137606


epsilon: 5.388888888888889

m: 7.0

n: 20.444444444444443

Residual: 0.32405481279064347


epsilon: 5.388888888888889

m: 7.0

n: 24.666666666666668

Residual: 0.3825060572983086


epsilon: 5.388888888888889

m: 7.0

n: 28.88888888888889

Residual: 0.43253732167430936


epsilon: 5.388888888888889

m: 7.0

n: 33.111111111111114

Residual: 0.457716655732755


epsilon: 5.388888888888889

m: 7.0

n: 37.333333333333336

Residual: 0.4793483841036724


epsilon: 5.388888888888889

m: 7.0

n: 41.55555555555556

Residual: 0.49217431021518204


epsilon: 5.388888888888889

m: 7.0

n: 45.77777777777778

Residual: 0.51264183694156


epsilon: 5.388888888888889

m: 7.0

n: 50.0

Residual: 0.5196951632637993


epsilon: 6.0

m: 4.0

n: 12.0

Residual: 0.902498411832237


epsilon: 6.0

m: 4.0

n: 16.22222222222222

Residual: 0.8809062767765103


epsilon: 6.0

m: 4.0

n: 20.444444444444443

Residual: 0.8659333742863845


epsilon: 6.0

m: 4.0

n: 24.666666666666668

Residual: 0.854908019017586


epsilon: 6.0

m: 4.0

n: 28.88888888888889

Residual: 0.8463275818890048


epsilon: 6.0

m: 4.0

n: 33.111111111111114

Residual: 0.8394219118484713


epsilon: 6.0

m: 4.0

n: 37.333333333333336

Residual: 0.8337448798628797


epsilon: 6.0

m: 4.0

n: 41.55555555555556

Residual: 0.8290107289166319


epsilon: 6.0

m: 4.0

n: 45.77777777777778

Residual: 0.8249340236210496


epsilon: 6.0

m: 4.0

n: 50.0

Residual: 0.8213902959534701


epsilon: 6.0

m: 4.333333333333333

n: 12.0

Residual: 0.842607846342418


epsilon: 6.0

m: 4.333333333333333

n: 16.22222222222222

Residual: 0.8061996936617265


epsilon: 6.0

m: 4.333333333333333

n: 20.444444444444443

Residual: 0.7811371602299477


epsilon: 6.0

m: 4.333333333333333

n: 24.666666666666668

Residual: 0.7627376948355655


epsilon: 6.0

m: 4.333333333333333

n: 28.88888888888889

Residual: 0.7485756995708369


epsilon: 6.0

m: 4.333333333333333

n: 33.111111111111114

Residual: 0.7371287244319389


epsilon: 6.0

m: 4.333333333333333

n: 37.333333333333336

Residual: 0.7278082346878691


epsilon: 6.0

m: 4.333333333333333

n: 41.55555555555556

Residual: 0.7198973836664212


epsilon: 6.0

m: 4.333333333333333

n: 45.77777777777778

Residual: 0.7132615364325339


epsilon: 6.0

m: 4.333333333333333

n: 50.0

Residual: 0.707635987791765


epsilon: 6.0

m: 4.666666666666667

n: 12.0

Residual: 0.7620869145157221


epsilon: 6.0

m: 4.666666666666667

n: 16.22222222222222

Residual: 0.7057723910965583


epsilon: 6.0

m: 4.666666666666667

n: 20.444444444444443

Residual: 0.6675931944911742


epsilon: 6.0

m: 4.666666666666667

n: 24.666666666666668

Residual: 0.6395615141295532


epsilon: 6.0

m: 4.666666666666667

n: 28.88888888888889

Residual: 0.6183074473093788


epsilon: 6.0

m: 4.666666666666667

n: 33.111111111111114

Residual: 0.6013304367467364


epsilon: 6.0

m: 4.666666666666667

n: 37.333333333333336

Residual: 0.5879136004009492


epsilon: 6.0

m: 4.666666666666667

n: 41.55555555555556

Residual: 0.5765253079277829


epsilon: 6.0

m: 4.666666666666667

n: 45.77777777777778

Residual: 0.5662167016568284


epsilon: 6.0

m: 4.666666666666667

n: 50.0

Residual: 0.5581683457040129


epsilon: 6.0

m: 5.0

n: 12.0

Residual: 0.6629852516793149


epsilon: 6.0

m: 5.0

n: 16.22222222222222

Residual: 0.5827251249861001


epsilon: 6.0

m: 5.0

n: 20.444444444444443

Residual: 0.5297427248220599


epsilon: 6.0

m: 5.0

n: 24.666666666666668

Residual: 0.4918119319161397


epsilon: 6.0

m: 5.0

n: 28.88888888888889

Residual: 0.46336557870560596


epsilon: 6.0

m: 5.0

n: 33.111111111111114

Residual: 0.440354032490815


epsilon: 6.0

m: 5.0

n: 37.333333333333336

Residual: 0.4219204729235441


epsilon: 6.0

m: 5.0

n: 41.55555555555556

Residual: 0.407226533794629


epsilon: 6.0

m: 5.0

n: 45.77777777777778

Residual: 0.39364190385093534


epsilon: 6.0

m: 5.0

n: 50.0

Residual: 0.3830482014636533


epsilon: 6.0

m: 5.333333333333333

n: 12.0

Residual: 0.5501188144552348


epsilon: 6.0

m: 5.333333333333333

n: 16.22222222222222

Residual: 0.44533203469687294


epsilon: 6.0

m: 5.333333333333333

n: 20.444444444444443

Residual: 0.3779982231100315


epsilon: 6.0

m: 5.333333333333333

n: 24.666666666666668

Residual: 0.3307751954897541


epsilon: 6.0

m: 5.333333333333333

n: 28.88888888888889

Residual: 0.2957550274798499


epsilon: 6.0

m: 5.333333333333333

n: 33.111111111111114

Residual: 0.2675441419136238


epsilon: 6.0

m: 5.333333333333333

n: 37.333333333333336

Residual: 0.24489575290131263


epsilon: 6.0

m: 5.333333333333333

n: 41.55555555555556

Residual: 0.22790376823178352


epsilon: 6.0

m: 5.333333333333333

n: 45.77777777777778

Residual: 0.212767528298034


epsilon: 6.0

m: 5.333333333333333

n: 50.0

Residual: 0.19921450139319657


epsilon: 6.0

m: 5.666666666666666

n: 12.0

Residual: 0.4309272909681731


epsilon: 6.0

m: 5.666666666666666

n: 16.22222222222222

Residual: 0.3038497453878425


epsilon: 6.0

m: 5.666666666666666

n: 20.444444444444443

Residual: 0.22377897459306453


epsilon: 6.0

m: 5.666666666666666

n: 24.666666666666668

Residual: 0.17030482558611182


epsilon: 6.0

m: 5.666666666666666

n: 28.88888888888889

Residual: 0.13380680238230064


epsilon: 6.0

m: 5.666666666666666

n: 33.111111111111114

Residual: 0.10854248385901111


epsilon: 6.0

m: 5.666666666666666

n: 37.333333333333336

Residual: 0.08647531196131736


epsilon: 6.0

m: 5.666666666666666

n: 41.55555555555556

Residual: 0.07338500738791587


epsilon: 6.0

m: 5.666666666666666

n: 45.77777777777778

Residual: 0.062648962449657


epsilon: 6.0

m: 5.666666666666666

n: 50.0

Residual: 0.0529607115760985


epsilon: 6.0

m: 6.0

n: 12.0

Residual: 0.3146965322654673


epsilon: 6.0

m: 6.0

n: 16.22222222222222

Residual: 0.18781408940908562


epsilon: 6.0

m: 6.0

n: 20.444444444444443

Residual: 0.12773548976837304


epsilon: 6.0

m: 6.0

n: 24.666666666666668

Residual: 0.09328333544498771


epsilon: 6.0

m: 6.0

n: 28.88888888888889

Residual: 0.07625450125612086


epsilon: 6.0

m: 6.0

n: 33.111111111111114

Residual: 0.07645786303134729


epsilon: 6.0

m: 6.0

n: 37.333333333333336

Residual: 0.08633733355828274


epsilon: 6.0

m: 6.0

n: 41.55555555555556

Residual: 0.1074599406038018


epsilon: 6.0

m: 6.0

n: 45.77777777777778

Residual: 0.12520411144559454


epsilon: 6.0

m: 6.0

n: 50.0

Residual: 0.13638035807899157


epsilon: 6.0

m: 6.333333333333333

n: 12.0

Residual: 0.2374707608651312


epsilon: 6.0

m: 6.333333333333333

n: 16.22222222222222

Residual: 0.14437380579401507


epsilon: 6.0

m: 6.333333333333333

n: 20.444444444444443

Residual: 0.11569938071809936


epsilon: 6.0

m: 6.333333333333333

n: 24.666666666666668

Residual: 0.12390007283989224


epsilon: 6.0

m: 6.333333333333333

n: 28.88888888888889

Residual: 0.164174352472417


epsilon: 6.0

m: 6.333333333333333

n: 33.111111111111114

Residual: 0.19682179291108337


epsilon: 6.0

m: 6.333333333333333

n: 37.333333333333336

Residual: 0.2215498392528975


epsilon: 6.0

m: 6.333333333333333

n: 41.55555555555556

Residual: 0.24220506718492218


epsilon: 6.0

m: 6.333333333333333

n: 45.77777777777778

Residual: 0.26129205258345073


epsilon: 6.0

m: 6.333333333333333

n: 50.0

Residual: 0.2777645209119655


epsilon: 6.0

m: 6.666666666666666

n: 12.0

Residual: 0.19797012785241894


epsilon: 6.0

m: 6.666666666666666

n: 16.22222222222222

Residual: 0.14512975252342927


epsilon: 6.0

m: 6.666666666666666

n: 20.444444444444443

Residual: 0.17719189784858372


epsilon: 6.0

m: 6.666666666666666

n: 24.666666666666668

Residual: 0.23828525733217767


epsilon: 6.0

m: 6.666666666666666

n: 28.88888888888889

Residual: 0.282772077562958


epsilon: 6.0

m: 6.666666666666666

n: 33.111111111111114

Residual: 0.3159506347090313


epsilon: 6.0

m: 6.666666666666666

n: 37.333333333333336

Residual: 0.34274201192898573


epsilon: 6.0

m: 6.666666666666666

n: 41.55555555555556

Residual: 0.36102964902909496


epsilon: 6.0

m: 6.666666666666666

n: 45.77777777777778

Residual: 0.37638166566570125


epsilon: 6.0

m: 6.666666666666666

n: 50.0

Residual: 0.3928350229207514


epsilon: 6.0

m: 7.0

n: 12.0

Residual: 0.1858932123860578


epsilon: 6.0

m: 7.0

n: 16.22222222222222

Residual: 0.18684935726755436


epsilon: 6.0

m: 7.0

n: 20.444444444444443

Residual: 0.27604406530691494


epsilon: 6.0

m: 7.0

n: 24.666666666666668

Residual: 0.3427185612111771


epsilon: 6.0

m: 7.0

n: 28.88888888888889

Residual: 0.3834251328668172


epsilon: 6.0

m: 7.0

n: 33.111111111111114

Residual: 0.4104116051851075


epsilon: 6.0

m: 7.0

n: 37.333333333333336

Residual: 0.44005884660712463


epsilon: 6.0

m: 7.0

n: 41.55555555555556

Residual: 0.4533084566585591


epsilon: 6.0

m: 7.0

n: 45.77777777777778

Residual: 0.4665534452000809


epsilon: 6.0

m: 7.0

n: 50.0

Residual: 0.4827981300401745


