epsilon: 6.668333333333334

m: 5.833333333333333

Residual: 0.10297181352782833


epsilon: 7.001750000000001

m: 5.833333333333333

Residual: 0.0990082012585386


epsilon: 6.668333333333334

m: 6.125

Residual: 0.3248517304590277


epsilon: 7.00175

m: 5.541666666666666

Residual: 0.2758201510083856


epsilon: 6.918395833333333

m: 5.6875

Residual: 0.15509644870905437


epsilon: 6.751687500000001

m: 5.979166666666666

Residual: 0.19130968606680004


epsilon: 6.87671875

m: 5.760416666666666

Residual: 0.11273985179552655


epsilon: 6.793364583333334

m: 5.90625

Residual: 0.12493125258445792


epsilon: 6.855880208333334

m: 5.796875

Residual: 0.10191938585805796


epsilon: 7.189296875000001

m: 5.796874999999999

Residual: 0.11426075845374623


epsilon: 6.798574218750001

m: 5.82421875

Residual: 0.10102473278826496


epsilon: 6.944444010416669

m: 5.860677083333332

Residual: 0.10228459011869329


epsilon: 6.8780211588541675

m: 5.812825520833333

Residual: 0.10138438061791714


epsilon: 6.922303059895835

m: 5.844726562499999

Residual: 0.10188177002631574


epsilon: 6.8890916341145845

m: 5.82080078125

Residual: 0.10247488402217911


epsilon: 6.900162109375001

m: 5.828776041666666

Residual: 0.09877067940769689


epsilon: 6.939885579427084

m: 5.823079427083333

Residual: 0.10225602891950401


epsilon: 6.962026529947918

m: 5.839029947916667

Residual: 0.09856684793309348


epsilon: 6.973097005208334

m: 5.847005208333334

Residual: 0.10327476589553791


epsilon: 6.860438639322918

m: 5.834472656249999

Residual: 0.10177132008498965


epsilon: 6.9664221598307305

m: 5.8336181640625

Residual: 0.10071062540513387


epsilon: 6.93109431966146

m: 5.833902994791666

Residual: 0.10331827260939852


epsilon: 6.98188826497396

m: 5.836181640625

Residual: 0.10108276633953919


epsilon: 7.012820475260417

m: 5.841308593750002

Residual: 0.09876643773174656


epsilon: 6.992958740234376

m: 5.844156901041668

Residual: 0.10203518076293572


epsilon: 6.984655883789063

m: 5.838175455729167

Residual: 0.10265991127685836


epsilon: 6.987423502604168

m: 5.840169270833334

Residual: 0.10126491635581793


epsilon: 6.971957397460939

m: 5.837605794270834

Residual: 0.09911078297623277


epsilon: 6.946560424804689

m: 5.836466471354166

Residual: 0.10201958171772933


epsilon: 6.977207733154298

m: 5.839243570963542

Residual: 0.10467357081183276


epsilon: 6.966991963704428

m: 5.83831787109375

Residual: 0.10218096209726811


epsilon: 6.974725016276043

m: 5.839599609375

Residual: 0.10403999700179759


epsilon: 6.954293477376304

m: 5.837748209635418

Residual: 0.1018633358392036


epsilon: 6.9493280436197935

m: 5.838460286458336

Residual: 0.1022749137316766


epsilon: 6.962575983683269

m: 5.838353474934896

Residual: 0.10497920538599266


epsilon: 6.958160003662111

m: 5.838389078776043

Residual: 0.10303993370040715


epsilon: 6.964509246826173

m: 5.838673909505209

Residual: 0.10364955412513358


epsilon: 6.955677286783855

m: 5.838745117187502

Residual: 0.0996685843204671


epsilon: 6.959543813069662

m: 5.839385986328125

Residual: 0.10161654306375892


epsilon: 6.959197860717774

m: 5.839136759440104

Residual: 0.1011885913484555


epsilon: 6.958505956013999

m: 5.838638305664064

Residual: 0.1016415487735273


epsilon: 6.95902488454183

m: 5.839012145996094

Residual: 0.09931854973037456


epsilon: 6.9653741277058945

m: 5.83929697672526

Residual: 0.10286149507334458


epsilon: 6.958101497014365

m: 5.838883082071941

Residual: 0.10199980419245099


epsilon: 6.960525707244875

m: 5.839021046956381

Residual: 0.10118487431509456


epsilon: 6.958851908365887

m: 5.838887532552084

Residual: 0.10210775276673822


epsilon: 6.963700328826906

m: 5.839163462320963

Residual: 0.09722553719468534


epsilon: 6.966124539057418

m: 5.8393014272054025

Residual: 0.10137091587981353


epsilon: 6.96520115152995

m: 5.839172363281248

Residual: 0.09889914270081146


epsilon: 6.9640322904586816

m: 5.839134534200032

Residual: 0.10396442071840575


epsilon: 6.962863429387412

m: 5.8390967051188145

Residual: 0.10050368111321853


epsilon: 6.9621130180358906

m: 5.839092254638672

Residual: 0.10360072278279536


epsilon: 6.964450740178427

m: 5.839167912801106

Residual: 0.10043662535836909


epsilon: 6.965287639617922

m: 5.839234670003254

Residual: 0.101663285948868


epsilon: 6.96346948194504

m: 5.839131196339924

Residual: 0.09929778279141238


epsilon: 6.962719070593519

m: 5.839126745859781

Residual: 0.10182458995107094


epsilon: 6.9640178227822

m: 5.839157621065775

Residual: 0.10510609525551023


epsilon: 6.963584905385973

m: 5.8391473293304434

Residual: 0.10255351712365038


epsilon: 6.964075534502667

m: 5.839165687561034

Residual: 0.10531934690541192


epsilon: 6.963209699710212

m: 5.839145104090371

Residual: 0.10391898103491659


epsilon: 6.963426158408326

m: 5.8391502499580366

Residual: 0.10164547390278948


epsilon: 6.963541581849258

m: 5.839166382948556

Residual: 0.10135952035216242


epsilon: 6.9638157522678386

m: 5.839179595311483

Residual: 0.10043129454986832


epsilon: 6.963974499245486

m: 5.83917667468389

Residual: 0.1002962498882713


epsilon: 6.963859075804554

m: 5.839160541693369

Residual: 0.10195593477028536


epsilon: 6.963826583152017

m: 5.839174831906955

Residual: 0.10317045652818152


epsilon: 6.963837414036196

m: 5.839170068502426

Residual: 0.10222120159827185


epsilon: 6.963758040547372

m: 5.839171528816223

Residual: 0.1011668711234098


epsilon: 6.963620955338082

m: 5.83916492263476

Residual: 0.10225567127593693


epsilon: 6.963783299361667

m: 5.839168782035509

Residual: 0.10305179560284128


epsilon: 6.963729184687139

m: 5.839167495568593

Residual: 0.10191733317355164


epsilon: 6.963768871431551

m: 5.8391667654116945

Residual: 0.10216896489029041


epsilon: 6.963660642082495

m: 5.839164192477862

Residual: 0.09785125557896374


epsilon: 6.963631786222262

m: 5.839160159230231

Residual: 0.10170616514288407


epsilon: 6.96365613583848

m: 5.839161993314823

Residual: 0.09699018262715378


epsilon: 6.963695822582892

m: 5.839161263157924

Residual: 0.10340911485571766


epsilon: 6.963669437207594

m: 5.839163460147878

Residual: 0.10096744718887293


epsilon: 6.963678232332693

m: 5.839162727817893

Residual: 0.10070799915808727


epsilon: 6.9636583889604875

m: 5.839163092896342

Residual: 0.10308632267551715


epsilon: 6.963675979210686

m: 5.839161628236374

Residual: 0.09885405762563726


epsilon: 6.963653882716473

m: 5.839160893733304

Residual: 0.10417948681783976


epsilon: 6.963672144928639

m: 5.839162269296746

Residual: 0.10386503231114982


epsilon: 6.963666057524583

m: 5.8391618107755985

Residual: 0.10263563151645966


epsilon: 6.963667184085587

m: 5.839162360566358

Residual: 0.10004777155820202


epsilon: 6.963657262399484

m: 5.839162543105582

Residual: 0.10253682794856603


epsilon: 6.963659461180757

m: 5.839162360023086

Residual: 0.10172205348186028


epsilon: 6.96366385874331

m: 5.839161993858094

Residual: 0.10577952000005296


epsilon: 6.9636605605713955

m: 5.839162268481838

Residual: 0.10219322564688868


epsilon: 6.963661659962034

m: 5.83916217694059

Residual: 0.10306486717411231


epsilon: 6.963657798509619

m: 5.839162176668955

Residual: 0.1050312064472001


epsilon: 6.963659997290895

m: 5.839161993586458

Residual: 0.09900821301456365


epsilon: 6.963654473167342

m: 5.839161809960691

Residual: 0.10201985660667903


epsilon: 6.963656269866015

m: 5.8391619017056655

Residual: 0.10133450012307328


epsilon: 6.96365986326336

m: 5.839162085195616

Residual: 0.10079236063652894


epsilon: 6.963658964914025

m: 5.839162039323128

Residual: 0.10193127602220467


epsilon: 6.963658066564688

m: 5.839161993450641

Residual: 0.10359403474072099


epsilon: 6.963656202852247

m: 5.839161947510244

Residual: 0.10353408010701154


epsilon: 6.96365427212604

m: 5.839161947374426

Residual: 0.099875951515725


epsilon: 6.963654205112272

m: 5.8391619931790055

Residual: 0.10289543697948152


epsilon: 6.963654704547266

m: 5.839161981761814

Residual: 0.10270580962571023


epsilon: 6.9636557034172535

m: 5.839161958927436

Residual: 0.10379939772202107


epsilon: 6.963654954264763

m: 5.839161976053219

Residual: 0.10243793951349185


epsilon: 6.963655453699756

m: 5.83916196463603

Residual: 0.10137786857660261


epsilon: 6.963655328841008

m: 5.839161967490327

Residual: 0.1040714627802363


epsilon: 6.96365520398226

m: 5.839161970344625

Residual: 0.10289916404892603


epsilon: 6.963655545051622

m: 5.839161984684021

Residual: 0.10032478531745095


epsilon: 6.963656476907843

m: 5.8391620076542186

Residual: 0.10257861091610147


epsilon: 6.963656158676448

m: 5.83916199832682

Residual: 0.10013823396867064


epsilon: 6.963656749463307

m: 5.839162006957623

Residual: 0.10177888042572447


epsilon: 6.963655846154543

m: 5.839161990252421

Residual: 0.10372415287086635


epsilon: 6.963656147257464

m: 5.839161995820822

Residual: 0.10056108365588287


epsilon: 6.9636558404450515

m: 5.839161988999422

Residual: 0.10177834380595506


epsilon: 6.963656442650892

m: 5.839162000136223

Residual: 0.10301796008426747


epsilon: 6.963655990996512

m: 5.839161991783622

Residual: 0.10878392737215371


epsilon: 6.963656141547972

m: 5.839161994567823

Residual: 0.10211349701968175


epsilon: 6.963655988141766

m: 5.839161991157122

Residual: 0.09918201725362909


epsilon: 6.963655982432275

m: 5.839161989904122

Residual: 0.10301643937920041


epsilon: 6.963656101769048

m: 5.8391619934018975

Residual: 0.10227729270666175


epsilon: 6.9636560619901235

m: 5.839161992235972

Residual: 0.10041260596851236


epsilon: 6.963656138693226

m: 5.839161993941323

Residual: 0.1014667771501693


epsilon: 6.963656059135378

m: 5.839161991609473

Residual: 0.10276499554043321


epsilon: 6.963656118803764

m: 5.83916199335836

Residual: 0.10183493967004215


epsilon: 6.963656098914302

m: 5.839161992775398

Residual: 0.10216499981035158


epsilon: 6.963656137265853

m: 5.839161993628073

Residual: 0.09880470730547719


epsilon: 6.9636561741900325

m: 5.839161994167498

Residual: 0.10365501918783293


epsilon: 6.963656117733235

m: 5.839161993123422

Residual: 0.10167665874755796


epsilon: 6.963656155371099

m: 5.839161993819474

Residual: 0.10291992473951855


epsilon: 6.963656127142701

m: 5.839161993297435

Residual: 0.10507642042535004


epsilon: 6.963656136552167

m: 5.839161993471448

Residual: 0.10248057832624774


epsilon: 6.963656126785858

m: 5.839161993219123

Residual: 0.09858768233575088


Warning: Maximum number of iterations has been exceeded.
sigma: 1.7

n: 35.0

epsilon: 6.963656126785858

m: 5.839161993219123

Residual: 0.1034336926963827
