epsilon: 1.00875

m: 4.833333333333333

Residual: 0.22521928432568009


epsilon: 1.0591875000000002

m: 4.833333333333333

Residual: 0.3250367894620856


epsilon: 1.00875

m: 5.075

Residual: 0.5152956236789469


epsilon: 1.0591875000000002

m: 4.591666666666666

Residual: 0.6759126022972267


epsilon: 1.021359375

m: 4.954166666666667

Residual: 0.3070927480563674


epsilon: 0.9709218750000002

m: 4.954166666666667

Residual: 0.4142338382985402


epsilon: 1.0371210937500002

m: 4.863541666666666

Residual: 0.25486189405987836


epsilon: 1.0245117187500001

m: 4.742708333333332

Residual: 0.3335372462538637


epsilon: 1.0221474609375

m: 4.9013020833333325

Residual: 0.289163433697605


epsilon: 1.0237236328125001

m: 4.795572916666666

Residual: 0.18991707351818915


epsilon: 1.0245117187500004

m: 4.742708333333333

Residual: 0.33562317655665375


epsilon: 0.9953525390625

m: 4.765364583333334

Residual: 0.2709528744426023


epsilon: 1.026678955078125

m: 4.838997395833333

Residual: 0.24855749608009836


epsilon: 1.0057946777343751

m: 4.789908854166667

Residual: 0.2573785789569556


epsilon: 1.0214578857421874

m: 4.826725260416667

Residual: 0.391835817964629


epsilon: 1.01623681640625

m: 4.814453125

Residual: 0.2187156439614274


epsilon: 1.0252012939453126

m: 4.81728515625

Residual: 0.25979823109563754


epsilon: 1.0147591552734374

m: 4.792740885416666

Residual: 0.3288392165390711


epsilon: 1.0225907592773438

m: 4.811149088541667

Residual: 0.29180722317032


epsilon: 1.019980224609375

m: 4.805013020833333

Residual: 0.3079467190194128


epsilon: 1.0244624633789063

m: 4.806429036458333

Residual: 0.270833478304799


epsilon: 1.0282058715820312

m: 4.796988932291666

Residual: 0.23775016171319335


epsilon: 1.027467041015625

m: 4.7861328125

Residual: 0.26490548340245235


epsilon: 1.0267158966064454

m: 4.791206868489583

Residual: 0.22979078714611012


epsilon: 1.0222336578369142

m: 4.789790852864583

Residual: 0.3422849760639632


epsilon: 1.0267128181457519

m: 4.795189412434896

Residual: 0.26076875732663235


epsilon: 1.0252197647094727

m: 4.793389892578125

Residual: 0.2444471505511462


epsilon: 1.0259647521972657

m: 4.796280924479166

Residual: 0.2909171896533318


epsilon: 1.0229786453247074

m: 4.792681884765624

Residual: 0.29119583984005437


epsilon: 1.0252182254791262

m: 4.795381164550781

Residual: 0.286262698605


epsilon: 1.0237251720428469

m: 4.79358164469401

Residual: 0.23629538215387308


epsilon: 1.0222290401458742

m: 4.795764668782551

Residual: 0.2305775880598936


epsilon: 1.0222275009155273

m: 4.7977559407552075

Residual: 0.28279848357452575


epsilon: 1.023350754261017

m: 4.794625218709309

Residual: 0.3416532433937456


epsilon: 1.022976336479187

m: 4.795668792724609

Residual: 0.331839904503456


epsilon: 1.0237244024276735

m: 4.794577280680338

Residual: 0.3169228997068269


epsilon: 1.0244716987609865

m: 4.794481404622395

Residual: 0.28498646804226924


epsilon: 1.0244709291458132

m: 4.7954770406087235

Residual: 0.24467848015409302


epsilon: 1.0237228631973267

m: 4.796568552652994

Residual: 0.22244593829165632


epsilon: 1.0229755668640137

m: 4.796664428710937

Residual: 0.35833371321187624


epsilon: 1.0240970885753633

m: 4.795773887634277

Residual: 0.3568229676073469


epsilon: 1.0237232480049134

m: 4.79607073465983

Residual: 0.2818926941221036


epsilon: 1.0240972809791566

m: 4.795524978637695

Residual: 0.24252848842996275


epsilon: 1.0240976657867433

m: 4.795027160644532

Residual: 0.2574457727918965


epsilon: 1.0240040613412857

m: 4.795288054148356

Residual: 0.3678618696671604


epsilon: 1.0239104568958284

m: 4.795548947652181

Residual: 0.27454874676782887


epsilon: 1.0237234404087068

m: 4.795821825663248

Residual: 0.27470897839789143


epsilon: 1.0239106492996215

m: 4.795300038655599

Residual: 0.3584048353939896


epsilon: 1.0237702426314355

m: 4.795691378911336

Residual: 0.27591735114159277


epsilon: 1.0238170448541641

m: 4.7955609321594235

Residual: 0.3169452395504872


epsilon: 1.0237235366106034

m: 4.795697371164957

Residual: 0.23493180480582693


epsilon: 1.0236301245689394

m: 4.7957093556722

Residual: 0.2855378723234668


epsilon: 1.0236768546402457

m: 4.795672249794006

Residual: 0.28264352315474656


epsilon: 1.0237703147828578

m: 4.7955980380376175

Residual: 0.2631727526085451


epsilon: 1.023746949747205

m: 4.7956165909767146

Residual: 0.24608535725237576


epsilon: 1.0237002196758986

m: 4.795653696854909

Residual: 0.31053941776979466


epsilon: 1.0237352672293785

m: 4.7956258674462635

Residual: 0.31073449024415223


epsilon: 1.0237235847115518

m: 4.795635143915812

Residual: 0.26297476771634215


epsilon: 1.0237352912798525

m: 4.795594753821691

Residual: 0.31293994593098645


epsilon: 1.0237119262441996

m: 4.795613306760787

Residual: 0.26183657659185466


epsilon: 1.023711974345148

m: 4.795551079511641

Residual: 0.3478786598679483


epsilon: 1.0237206821199507

m: 4.795614127814769

Residual: 0.21209734570704772


epsilon: 1.0237323886882512

m: 4.795573737720648

Residual: 0.25420797470513085


epsilon: 1.0237272730772384

m: 4.795583629980682

Residual: 0.2389548562805054


epsilon: 1.0237170418552124

m: 4.795603414500753

Residual: 0.3207642840186451


epsilon: 1.023724715271732

m: 4.7955885761107

Residual: 0.29452519176572256


epsilon: 1.0237221574662254

m: 4.7955935222407176

Residual: 0.26820426830438054


epsilon: 1.0237254529448694

m: 4.795578273323674

Residual: 0.22495128125240904


epsilon: 1.023726928291144

m: 4.795557667749622

Residual: 0.2830245655138666


epsilon: 1.023723350172455

m: 4.795584558617944

Residual: 0.2141417124513646


epsilon: 1.0237215300400857

m: 4.795579201960937

Residual: 0.26485933409019286


epsilon: 1.0237244722186736

m: 4.79557850548299

Residual: 0.24874045304431533


epsilon: 1.0237234914924775

m: 4.795578737642305

Residual: 0.2992919384226339


epsilon: 1.0237245428786848

m: 4.79557559499517

Residual: 0.2848853107212259


epsilon: 1.0237246841987073

m: 4.79556977401953

Residual: 0.2606956636279891


epsilon: 1.023723774132523

m: 4.795567095691026

Residual: 0.24151731241470442


epsilon: 1.0237227227463157

m: 4.795570238338161

Residual: 0.34031720463896153


epsilon: 1.0237241938356094

m: 4.795569890099188

Residual: 0.25662493649856355


epsilon: 1.0237232131094136

m: 4.795570122258503

Residual: 0.305652305275828


epsilon: 1.0237239486540606

m: 4.795569948139017

Residual: 0.3927757867272675


epsilon: 1.0237237034725115

m: 4.7955700061788455

Residual: 0.29640290914941647


epsilon: 1.0237239133240548

m: 4.795571403382927

Residual: 0.24977279554675338


epsilon: 1.0237238426640431

m: 4.795574313870748

Residual: 0.23735280677419834


epsilon: 1.0237235621524887

m: 4.7955758271544875

Residual: 0.2631049745080417


epsilon: 1.0237238255311634

m: 4.795572509325817

Residual: 0.4062955823285246


epsilon: 1.0237237377382717

m: 4.795573615268707

Residual: 0.39253615496828187


epsilon: 1.0237237730682773

m: 4.795572160024797

Residual: 0.21239069229333873


epsilon: 1.0237236681425057

m: 4.795571461422756

Residual: 0.25161326482099433


epsilon: 1.023723685541447

m: 4.795571999884244

Residual: 0.35505294453273906


epsilon: 1.0237237029403887

m: 4.7955725383457315

Residual: 0.20783200135275529


epsilon: 1.023723685275386

m: 4.795573265967686

Residual: 0.29397479052853415


epsilon: 1.0237236504775027

m: 4.795572189044712

Residual: 0.25951735770283807


epsilon: 1.0237236591769734

m: 4.795572458275456

Residual: 0.3316422023726563


epsilon: 1.0237236678764443

m: 4.795572727506199

Residual: 0.2811993307930637


epsilon: 1.023723659043943

m: 4.795573091317176

Residual: 0.24406132602931213


epsilon: 1.0237236239799987

m: 4.795573280477642

Residual: 0.29817957373498327


epsilon: 1.023723656902333

m: 4.79557286574906

Residual: 0.22993096251213346


epsilon: 1.0237236306708901

m: 4.79557269109855

Residual: 0.24477258451210954


epsilon: 1.0237236519506796

m: 4.795572991262519

Residual: 0.35358451088959353


epsilon: 1.0237236448574165

m: 4.795572891207863

Residual: 0.2719691385835409


epsilon: 1.0237236459282215

m: 4.795573003991921

Residual: 0.3135231275327002


epsilon: 1.023723631741695

m: 4.795572803882608

Residual: 0.2281400503348772


epsilon: 1.0237236196967785

m: 4.7955728293414115

Residual: 0.24684316450087856


epsilon: 1.0237236259869378

m: 4.795572844808024

Residual: 0.302729929038161


epsilon: 1.0237236322770975

m: 4.795572860274637

Residual: 0.24896261111230122


epsilon: 1.0237236388349582

m: 4.7955729039372645

Residual: 0.28283990377312007


epsilon: 1.0237236262546392

m: 4.795572873004039

Residual: 0.38779768657381625


epsilon: 1.0237236356898785

m: 4.795572896203958

Residual: 0.34061418370633467


epsilon: 1.0237236325447987

m: 4.795572888470652

Residual: 0.28571450098250567


epsilon: 1.0237236358237292

m: 4.795572910301965

Residual: 0.3229453014811059


epsilon: 1.0237236295335697

m: 4.795572894835352

Residual: 0.27827593604292433


epsilon: 1.023723629801271

m: 4.795572923031367

Residual: 0.21442551006776778


epsilon: 1.0237236330802015

m: 4.7955729448626805

Residual: 0.2869154148067491


epsilon: 1.0237236304202275

m: 4.795572907342184

Residual: 0.2899612163186231


epsilon: 1.0237236313068856

m: 4.7955729198490165

Residual: 0.25815511470284436


epsilon: 1.0237236311730349

m: 4.795572905751009

Residual: 0.27140304164182444


epsilon: 1.023723632946351

m: 4.795572930764673

Residual: 0.27024453570185547


epsilon: 1.023723632503022

m: 4.795572924511257

Residual: 0.22939345917773996


epsilon: 1.0237236340086364

m: 4.7955729213289064

Residual: 0.2633405327838758


epsilon: 1.0237236319823233

m: 4.795572920218989

Residual: 0.2727742807775037


epsilon: 1.023723632657761

m: 4.7955729205889615

Residual: 0.27653375780753453


epsilon: 1.023723632059693

m: 4.795572918257841

Residual: 0.266824772788984


epsilon: 1.023723632214432

m: 4.795572914335546

Residual: 0.3067030285542754


epsilon: 1.0237236325469288

m: 4.795572919025608

Residual: 0.3192417731589902


epsilon: 1.0237236324360965

m: 4.795572917462254

Residual: 0.20884349462863738


epsilon: 1.0237236327351305

m: 4.795572918627814

Residual: 0.26527616869098736


epsilon: 1.023723632513466

m: 4.795572915501106

Residual: 0.27020647193514025


epsilon: 1.0237236326797143

m: 4.795572917846137

Residual: 0.245376351623577


Warning: Maximum number of iterations has been exceeded.
sigma: 0.5

m: 4.795572917846137

epsilon: 1.0237236326797143

n: 35.0

Residual: 0.31382876619174366
