epsilon: 2.3404166666666666

m: 5.166666666666666

Residual: 0.2495550182584351


epsilon: 2.4574375

m: 5.166666666666666

Residual: 0.30562312975941186


epsilon: 2.3404166666666666

m: 5.425

Residual: 0.6176896855379067


epsilon: 2.4574375000000006

m: 4.908333333333332

Residual: 1.0151248967966287


epsilon: 2.369671875

m: 5.2958333333333325

Residual: 0.2996015311389797


epsilon: 2.252651041666666

m: 5.2958333333333325

Residual: 0.3645285811964267


epsilon: 2.4062408854166666

m: 5.198958333333333

Residual: 0.2497214899541645


epsilon: 2.376985677083333

m: 5.069791666666665

Residual: 0.44481370235403866


epsilon: 2.371500325520833

m: 5.239322916666666

Residual: 0.23516741122667373


epsilon: 2.305676106770833

m: 5.207031249999999

Residual: 0.23711065354679894


epsilon: 2.336759765625

m: 5.2796875

Residual: 0.2872649509881733


epsilon: 2.3395024414062497

m: 5.1949218749999995

Residual: 0.22975592511830947


epsilon: 2.4053266601562493

m: 5.227213541666665

Residual: 0.24169327771128507


epsilon: 2.330588745117187

m: 5.212076822916666

Residual: 0.2327822879693468


epsilon: 2.298590861002604

m: 5.167675781250001

Residual: 0.22836859695032696


epsilon: 2.2621361287434896

m: 5.131852213541668

Residual: 0.24206926274959464


epsilon: 2.307504557291666

m: 5.150520833333333

Residual: 0.24213540943763648


epsilon: 2.324817698160807

m: 5.196687825520833

Residual: 0.23305415085063125


epsilon: 2.3190466512044265

m: 5.181298828125

Residual: 0.22773682089674435


epsilon: 2.3145898030598957

m: 5.189876302083333

Residual: 0.22894888125911084


epsilon: 2.303047709147135

m: 5.159098307291667

Residual: 0.23822678141502196


epsilon: 2.3117042795817055

m: 5.182181803385417

Residual: 0.22204326384338532


epsilon: 2.332160069783528

m: 5.195804850260416

Residual: 0.22836623432730307


epsilon: 2.323767767588297

m: 5.188772583007812

Residual: 0.22916456679019875


epsilon: 2.315375465393066

m: 5.181740315755208

Residual: 0.22878025097792148


epsilon: 2.3051475702921547

m: 5.174928792317709

Residual: 0.22833163855380148


epsilon: 2.301476384480795

m: 5.175370279947918

Residual: 0.22577149358348705


epsilon: 2.308033093770346

m: 5.182623291015626

Residual: 0.22324813327751558


epsilon: 2.3182609888712573

m: 5.189434814453124

Residual: 0.22585154923057127


epsilon: 2.3056725355784105

m: 5.17888641357422

Residual: 0.23311695450869163


epsilon: 2.309868686676026

m: 5.182402547200521

Residual: 0.23759284369383502


epsilon: 2.3065903320312504

m: 5.1787760416666675

Residual: 0.23227149371198405


epsilon: 2.3084259249369303

m: 5.178555297851563

Residual: 0.23011155677443235


epsilon: 2.313539872487386

m: 5.1819610595703125

Residual: 0.24008027044418206


epsilon: 2.3083277171452843

m: 5.179572296142579

Residual: 0.22758346262288343


epsilon: 2.3116060717900595

m: 5.183198801676433

Residual: 0.22575549652400628


epsilon: 2.314982634226481

m: 5.18580830891927

Residual: 0.2278261704898951


epsilon: 2.3099914464155837

m: 5.1811312993367515

Residual: 0.22666096231987637


epsilon: 2.3133189049561818

m: 5.184249305725098

Residual: 0.2269602420613894


epsilon: 2.3108233110507332

m: 5.181910800933839

Residual: 0.22527777116011397


epsilon: 2.3109215188423793

m: 5.180893802642823

Residual: 0.23377138295281052


epsilon: 2.3114349335531394

m: 5.18262255191803

Residual: 0.22278615416625883


epsilon: 2.3123159020841118

m: 5.182893554369608

Residual: 0.22887934076538619


epsilon: 2.3111964588090776

m: 5.182156489292781

Residual: 0.22838967770335641


epsilon: 2.3115696065674225

m: 5.182402177651723

Residual: 0.222612930726972


epsilon: 2.3112637953162194

m: 5.182046302159628

Residual: 0.2270749392755232


epsilon: 2.312010090832909

m: 5.1825376788775115

Residual: 0.2388502309883659


epsilon: 2.311450369195392

m: 5.182169146339099

Residual: 0.22975379218197306


epsilon: 2.3116369430745642

m: 5.18229199051857

Residual: 0.2265988268845229


epsilon: 2.3114840374489622

m: 5.182114052772523

Residual: 0.2285681060664448


epsilon: 2.311857185207308

m: 5.182359741131464

Residual: 0.23327835762090932


epsilon: 2.3115773243885487

m: 5.182175474862258

Residual: 0.2248061535052604


epsilon: 2.3116446608956895

m: 5.182065287729104

Residual: 0.22747015178553304


epsilon: 2.3116388725298456

m: 5.182235314821203

Residual: 0.2281951420559355


epsilon: 2.311640801985127

m: 5.182178639123837

Residual: 0.22445637987902306


epsilon: 2.311670611328135

m: 5.182236896951993

Residual: 0.22799670553756088


epsilon: 2.311674470238697

m: 5.1821235455572605

Residual: 0.23142213683413143


epsilon: 2.3116715760557756

m: 5.1822085591033105

Residual: 0.22512779297223123


epsilon: 2.3116735055110564

m: 5.182151883405943

Residual: 0.23200835269796435


epsilon: 2.311672058419596

m: 5.182194390178969

Residual: 0.2324758931083793


epsilon: 2.311672540783416

m: 5.182180221254627

Residual: 0.23162813078091837


epsilon: 2.3116879278187406

m: 5.182195181244364

Residual: 0.23328328123224468


epsilon: 2.3116888925463814

m: 5.182166843395681

Residual: 0.22732571043320665


epsilon: 2.311720631344671

m: 5.182168425526471

Residual: 0.23231153588242606


epsilon: 2.3116845634237295

m: 5.182177272322588

Residual: 0.22758232127699943


epsilon: 2.3117086087043575

m: 5.18217137445851

Residual: 0.2366527997670844


epsilon: 2.3116905747438867

m: 5.182175797856568

Residual: 0.2269164335040595


epsilon: 2.3117059617792113

m: 5.182190757846303

Residual: 0.22664468033598695


epsilon: 2.31171966661703

m: 5.182196763375152

Residual: 0.228123571657573


epsilon: 2.3116978477121726

m: 5.182181039236214

Residual: 0.21784311315000268


epsilon: 2.311696165514667

m: 5.182172084775328

Residual: 0.22170832478193891


epsilon: 2.311689733645134

m: 5.182171320626125

Residual: 0.22739702654791405


epsilon: 2.311700643097563

m: 5.182179182695593

Residual: 0.23063251214918018


epsilon: 2.3116970066134197

m: 5.182176562005771

Residual: 0.23382716498017236


epsilon: 2.311701063646939

m: 5.1821814213108155

Residual: 0.23048271921045219


epsilon: 2.311701904745692

m: 5.182185898541259

Residual: 0.23350184643587824


epsilon: 2.311700680212624

m: 5.182183564407387

Residual: 0.23096334227864287


epsilon: 2.3116982311464875

m: 5.182178896139643

Residual: 0.23626841015397024


epsilon: 2.3117000679460897

m: 5.182182397340451

Residual: 0.23031565055166792


epsilon: 2.3116968520113237

m: 5.18218201526585

Residual: 0.23187023444186933


epsilon: 2.3117000107380354

m: 5.182181569799575

Residual: 0.2405339402006842


epsilon: 2.3116989578291314

m: 5.182181718288333

Residual: 0.228326840063165


epsilon: 2.311699455679556

m: 5.182181230273515

Residual: 0.2283098777345401


epsilon: 2.311698345562597

m: 5.182180551221397

Residual: 0.22477204931602743


epsilon: 2.311696737595214

m: 5.1821803601840974

Residual: 0.23448867150972466


epsilon: 2.3116987761584706

m: 5.18218101275116

Residual: 0.2278104596629985


epsilon: 2.3116974171162994

m: 5.182180577706452

Residual: 0.22627743851920884


epsilon: 2.311697756876842

m: 5.182180686467629

Residual: 0.23386681103971066


epsilon: 2.311698096637385

m: 5.182180795228806

Residual: 0.2259849700963853


epsilon: 2.311698311935322

m: 5.182181025993687

Residual: 0.22937039840795964


epsilon: 2.3116976324142353

m: 5.182180808471333

Residual: 0.22355536132641024


epsilon: 2.3116973834890233

m: 5.182181052478741

Residual: 0.23407756822129852


epsilon: 2.3116979183502946

m: 5.18218085954129

Residual: 0.2252999862252827


epsilon: 2.3116975617761137

m: 5.182180988166257

Residual: 0.23047751055434845


epsilon: 2.311697829206749

m: 5.1821808916975325

Residual: 0.22740547930055907


epsilon: 2.311697740063204

m: 5.182180923853774

Residual: 0.2248281967259646


epsilon: 2.3116978830312336

m: 5.182180949388752

Residual: 0.22472490189790326


epsilon: 2.3116979906802015

m: 5.182181064771194

Residual: 0.23329980604018394


epsilon: 2.3116978027174535

m: 5.182180959083128

Residual: 0.2384774876464956


epsilon: 2.311697865371703

m: 5.182180994312484

Residual: 0.22439205455653494


epsilon: 2.3116977938876886

m: 5.1821809815449935

Residual: 0.2277519379936448


epsilon: 2.3116979191961864

m: 5.182181052003704

Residual: 0.22759353905767857


epsilon: 2.311697887869062

m: 5.182181034389027

Residual: 0.22553491813623514


epsilon: 2.311697825214813

m: 5.182180999159671

Residual: 0.22821118935517054


epsilon: 2.3116978722054995

m: 5.182181025581688

Residual: 0.22737467673037326


epsilon: 2.3116978565419375

m: 5.182181016774349

Residual: 0.22520113979353862


epsilon: 2.3116978677906173

m: 5.18218103681262

Residual: 0.22477406778521178


epsilon: 2.3116978589608523

m: 5.182181059274486

Residual: 0.22695908133283144


epsilon: 2.311697857146666

m: 5.182181027399383

Residual: 0.22524810396418227


epsilon: 2.311697857751395

m: 5.182181038024417

Residual: 0.22810389586252472


epsilon: 2.311697852127055

m: 5.182181028005282

Residual: 0.22856039592096952


epsilon: 2.3116978533365122

m: 5.18218104925535

Residual: 0.23051164411240188


epsilon: 2.311697852429419

m: 5.182181033317798

Residual: 0.22717340722164464


epsilon: 2.3116978423901964

m: 5.182181034529595

Residual: 0.23730727865247375


epsilon: 2.3116978539110953

m: 5.182181037150712

Residual: 0.2267739120246552


epsilon: 2.311697849193849

m: 5.182181043069127

Residual: 0.23163637756611055


epsilon: 2.3116978516205267

m: 5.18218103575563

Residual: 0.2346989691775065


epsilon: 2.311697850811634

m: 5.1821810381934625

Residual: 0.22471983371069096


epsilon: 2.3116978500707956

m: 5.182181036277006

Residual: 0.2236828917807379


epsilon: 2.3116978469713336

m: 5.182181037319758

Residual: 0.2284319416575807


epsilon: 2.311697849851559

m: 5.182181037975036

Residual: 0.2283038020267184


epsilon: 2.311697848891484

m: 5.18218103775661

Residual: 0.22956601708092053


epsilon: 2.311697849261903

m: 5.182181038714838

Residual: 0.22529755991260314


Warning: Maximum number of iterations has been exceeded.
epsilon: 2.311697849261903

sigma: 0.8

m: 5.182181038714838

n: 35.0

Residual: 0.228308416717292
