epsilon: 0.01

m: 3.0

Residual: 0.6244359335487174


epsilon: 0.0105

m: 3.0

Residual: 0.6912123469632802


epsilon: 0.01

m: 3.1500000000000004

Residual: 0.699535582819574


epsilon: 0.0105

m: 2.8499999999999996

Residual: 0.7592463175343407


epsilon: 0.010125

m: 3.075

Residual: 0.7871754706301184


epsilon: 0.01025

m: 3.0

Residual: 0.684159136723677


epsilon: 0.01

m: 3.075

Residual: 0.6900631221794058


epsilon: 0.01025

m: 2.925

Residual: 0.6258079718123003


epsilon: 0.01

m: 2.925

Residual: 0.7768179755267405


epsilon: 0.0101875

m: 2.98125

Residual: 0.6315172043663657


epsilon: 0.0100625

m: 2.9437499999999996

Residual: 0.6391368990552204


epsilon: 0.01015625

m: 2.971875

Residual: 0.6831123842205571


epsilon: 0.010125

m: 2.9625

Residual: 0.7038972174406016


epsilon: 0.01009375

m: 2.990625

Residual: 0.8779651283554291


epsilon: 0.01003125

m: 2.9718750000000003

Residual: 0.7679051206877325


epsilon: 0.010046875

m: 2.976562500000001

Residual: 0.6919026212023506


epsilon: 0.009921874999999998

m: 3.014062500000001

Residual: 0.45671499695073875


epsilon: 0.009820312499999997

m: 3.039843750000002

Residual: 0.5100305097640093


epsilon: 0.009874999999999998

m: 3.0375000000000005

Residual: 0.7934194436523034


epsilon: 0.01000390625

m: 2.991796875000001

Residual: 0.6430658248309082


epsilon: 0.009917968749999999

m: 3.0222656250000006

Residual: 0.6523488100536088


epsilon: 0.009982421875

m: 2.9994140625000005

Residual: 0.5775943914067707


epsilon: 0.009904296874999998

m: 3.013476562500001

Residual: 0.46856272377644964


epsilon: 0.009843749999999997

m: 3.028125000000002

Residual: 0.7797975390358907


epsilon: 0.009947753906249999

m: 3.006591796875001

Residual: 0.3964557404249112


epsilon: 0.009965332031250001

m: 3.0071777343750004

Residual: 0.8257631393723692


epsilon: 0.0099195556640625

m: 3.011901855468751

Residual: 0.6248072574532127


epsilon: 0.009934814453125

m: 3.0103271484375007

Residual: 0.5921143711897817


epsilon: 0.009926025390625

m: 3.010034179687501

Residual: 0.8245713324734076


epsilon: 0.00995654296875

m: 3.0068847656250006

Residual: 0.8274866980419919


epsilon: 0.00993365478515625

m: 3.009246826171876

Residual: 0.8012622126070303


epsilon: 0.00994891357421875

m: 3.0076721191406257

Residual: 0.8476000547345344


epsilon: 0.009937469482421874

m: 3.0088531494140636

Residual: 0.735660470828813


epsilon: 0.009945098876953124

m: 3.008065795898438

Residual: 0.43910280343216174


epsilon: 0.009958038330078123

m: 3.004330444335938

Residual: 0.8543327661124275


epsilon: 0.00994062042236328

m: 3.00882797241211

Residual: 0.8034136984679768


epsilon: 0.009946426391601561

m: 3.0073287963867195

Residual: 0.5804276082227778


epsilon: 0.0099412841796875

m: 3.008459472656251

Residual: 0.8367595345149511


epsilon: 0.009952896118164061

m: 3.0054611206054695

Residual: 0.8225516073294378


epsilon: 0.00994999313354492

m: 3.0062107086181653

Residual: 0.8550807885881964


epsilon: 0.00994709014892578

m: 3.00696029663086

Residual: 0.4718786979031168


epsilon: 0.009944519042968749

m: 3.007525634765626

Residual: 0.7035590976298955


epsilon: 0.00995032501220703

m: 3.0060264587402354

Residual: 0.891020771806876


epsilon: 0.00994597053527832

m: 3.0071508407592784

Residual: 0.5835934267753581


epsilon: 0.009948873519897459

m: 3.006401252746583

Residual: 0.4730445050474032


epsilon: 0.009948147773742675

m: 3.006588649749757

Residual: 0.682469024545351


epsilon: 0.00994742202758789

m: 3.0067760467529308

Residual: 0.8583631300196138


epsilon: 0.00994686222076416

m: 3.0068713188171396

Residual: 0.8218080162613053


epsilon: 0.00994719409942627

m: 3.0066870689392093

Residual: 0.472860126207992


epsilon: 0.009948085784912108

m: 3.0064075469970706

Residual: 0.4401713415868328


epsilon: 0.009948645591735835

m: 3.0063122749328617

Residual: 0.38058124921700026


epsilon: 0.009949371337890617

m: 3.006124877929688

Residual: 0.5661777183253752


epsilon: 0.009948313713073727

m: 3.006496524810792

Residual: 0.8041590551096421


epsilon: 0.009948142766952512

m: 3.006429791450501

Residual: 0.6695061970279736


epsilon: 0.009948199748992918

m: 3.0064520359039313

Residual: 0.8313641639086403


epsilon: 0.009948365688323971

m: 3.0063599109649664

Residual: 0.8806005205132856


epsilon: 0.009948479652404783

m: 3.006404399871827

Residual: 0.7957711611949492


epsilon: 0.009948925495147701

m: 3.0062646389007575

Residual: 0.6097956094944333


epsilon: 0.009949091434478755

m: 3.0061725139617925

Residual: 0.768120968420555


epsilon: 0.009948938488960262

m: 3.006230485439301

Residual: 0.9167596584363997


epsilon: 0.009948785543441769

m: 3.00628845691681

Residual: 0.8615782707684732


epsilon: 0.00994856262207031

m: 3.0063583374023444

Residual: 0.8984796379257425


epsilon: 0.009948868513107296

m: 3.006242394447327

Residual: 0.5445797685071043


epsilon: 0.009948728561401363

m: 3.0062662124633786

Residual: 0.6139558058171585


epsilon: 0.009948742806911465

m: 3.006271773576737

Residual: 0.4268294468315114


epsilon: 0.009948519885540002

m: 3.0063416540622714

Residual: 0.8020817835165002


epsilon: 0.009948781356215472

m: 3.006267209351063

Residual: 0.7589564763945577


epsilon: 0.009948694199323649

m: 3.0062920242547992

Residual: 0.8264663815658361


epsilon: 0.009948757052421566

m: 3.006277334690094

Residual: 0.7498356421395791


epsilon: 0.009948708444833754

m: 3.0062975853681566

Residual: 0.6196095095542271


epsilon: 0.00994859698414802

m: 3.006332525610924

Residual: 0.8401442790797777


epsilon: 0.00994871703535318

m: 3.0062911324203014

Residual: 0.8349634082570339


epsilon: 0.009948677018284793

m: 3.006304930150509

Residual: 0.9116731407446093


epsilon: 0.009948701322078701

m: 3.006294804811478

Residual: 0.732237152233651


epsilon: 0.009948669895529741

m: 3.006302149593831

Residual: 0.7900574288096239


epsilon: 0.009948671676218504

m: 3.006302844733

Residual: 0.8620736158884352


epsilon: 0.009948673456907267

m: 3.00630353987217

Residual: 0.7942889042223988


epsilon: 0.009948661305010313

m: 3.0063086025416856

Residual: 0.6246423391699089


epsilon: 0.009948633439838879

m: 3.0063173376023773

Residual: 0.814379069665935


epsilon: 0.00994866345264017

m: 3.006306989304722

Residual: 0.5138724064977352


epsilon: 0.009948647739365692

m: 3.006310661695898

Residual: 0.8164218785013831


epsilon: 0.009948657913599158

m: 3.0063091173302388

Residual: 0.8808339659578998


epsilon: 0.009948654522188002

m: 3.006309632118792

Residual: 0.9050243619902925


epsilon: 0.009948653448373073

m: 3.0063104387372737

Residual: 0.6508415786198095


epsilon: 0.009948644517920907

m: 3.006313081551343

Residual: 0.5124528485580903


epsilon: 0.009948636661283667

m: 3.006314917746931

Residual: 0.6161759236560882


epsilon: 0.009948640858056019

m: 3.006313797994517

Residual: 0.7775092854556113


epsilon: 0.00994864505482837

m: 3.0063126782421024

Residual: 0.7275837826558826


epsilon: 0.009948649520054455

m: 3.0063113568350674

Residual: 0.8590028744673915


epsilon: 0.009948641126509748

m: 3.006313596339896

Residual: 0.8187256723272706


epsilon: 0.009948643224895925

m: 3.006313036463689

Residual: 0.7574377738148856


epsilon: 0.009948647421668278

m: 3.0063119167112746

Residual: 0.6800963507166105


epsilon: 0.009948647958575745

m: 3.0063115134020335

Residual: 0.8355111704219909


epsilon: 0.009948645780765214

m: 3.006312387032085

Residual: 0.8659881407522486


epsilon: 0.009948646506702057

m: 3.006312095822068

Residual: 0.7522111923907772


epsilon: 0.009948645323282101

m: 3.006312476587482

Residual: 0.8543971158739456


epsilon: 0.009948646775155792

m: 3.006311894167448

Residual: 0.8594882418599942


epsilon: 0.009948645686250524

m: 3.0063123309824733

Residual: 0.8968971119134069


epsilon: 0.009948646049218947

m: 3.006312185377465

Residual: 0.5132622155481582


epsilon: 0.009948645457508967

m: 3.0063123757601717

Residual: 0.41680369128442857


epsilon: 0.009948645000025853

m: 3.0063124653155686

Residual: 0.5498619733193497


epsilon: 0.009948645786920673

m: 3.0063122553619905

Residual: 0.8007599227397003


epsilon: 0.0099486455246224

m: 3.0063123253465167

Residual: 0.7093500829411347


epsilon: 0.00994864582047739

m: 3.0063122301551632

Residual: 0.43326914380522863


epsilon: 0.009948645887590826

m: 3.0063121797415087

Residual: 0.7683645028916043


epsilon: 0.009948645615364507

m: 3.0063122889452645

Residual: 0.7650547675498205


epsilon: 0.009948645706106613

m: 3.0063122525440127

Residual: 0.7153758574345224


epsilon: 0.009948645558179117

m: 3.0063123001396894

Residual: 0.8199181100433547


epsilon: 0.009948645739663333

m: 3.006312227337185

Residual: 0.6695382459183072


epsilon: 0.009948645625292556

m: 3.006312249726034

Residual: 0.8616924927541629


epsilon: 0.009948645685903099

m: 3.006312251839518

Residual: 0.40021855743732104


epsilon: 0.0099486455379756

m: 3.0063122994351943

Residual: 0.8426823784609349


epsilon: 0.009948645689241399

m: 3.0063122453616873

Residual: 0.8007584554687874


epsilon: 0.009948645638819467

m: 3.0063122633861896

Residual: 0.6337071599064881


epsilon: 0.009948645665699585

m: 3.0063122511350233

Residual: 0.8312544694658834


epsilon: 0.009948645564855717

m: 3.006312287184028

Residual: 0.737278119517226


epsilon: 0.009948645590066684

m: 3.0063122781717766

Residual: 0.8464127003654216


epsilon: 0.00994864561527765

m: 3.0063122691595257

Residual: 0.5067913918137527


epsilon: 0.009948645628717709

m: 3.0063122630339425

Residual: 0.4255099714983999


epsilon: 0.009948645605175891

m: 3.0063122688072785

Residual: 0.3552349530863982


epsilon: 0.009948645600125011

m: 3.006312268631155

Residual: 0.5537595173099439


epsilon: 0.009948645568194019

m: 3.0063122807061973

Residual: 0.6287552129677835


epsilon: 0.009948645613586786

m: 3.006312267452006

Residual: 0.8617517610526


epsilon: 0.009948645598455864

m: 3.00631227187007

Residual: 0.7979256962959947


epsilon: 0.0099486456169468

m: 3.0063122659206103

Residual: 0.5231838866660864


epsilon: 0.009948645623666829

m: 3.0063122628578194

Residual: 0.8873340057509838


epsilon: 0.009948645604758605

m: 3.0063122696170073

Residual: 0.48374340723697207


epsilon: 0.009948645592987698

m: 3.006312272503675

Residual: 0.8526256393623248


epsilon: 0.009948645610957024

m: 3.0063122675663765

Residual: 0.7791834390254436


epsilon: 0.009948645604967249

m: 3.0063122692121427

Residual: 0.8350961728027734


epsilon: 0.009948645611061346

m: 3.0063122673639446

Residual: 0.8894451900391578


Warning: Maximum number of iterations has been exceeded.
sigma: 0.2

m: 3.0063122673639446

n: 35.0

epsilon: 0.009948645611061346

Residual: 0.8889168917324123
