epsilon: 7.334166666666667

m: 5.833333333333333

Residual: 0.060408313395185355


epsilon: 7.700875000000001

m: 5.833333333333333

Residual: 0.06333955844420532


epsilon: 7.334166666666667

m: 6.125

Residual: 0.14726797945768863


epsilon: 7.700875000000001

m: 5.541666666666666

Residual: 0.1573718820936024


epsilon: 7.42584375

m: 5.979166666666666

Residual: 0.07785703166500477


epsilon: 7.609197916666668

m: 5.6875

Residual: 0.09840985870811403


epsilon: 7.471682291666667

m: 5.90625

Residual: 0.05879850057843243


epsilon: 7.104973958333335

m: 5.906249999999999

Residual: 0.068548818716022


epsilon: 7.551899739583334

m: 5.8515625

Residual: 0.05888215477452288


epsilon: 7.689415364583334

m: 5.924479166666667

Residual: 0.05927345829817678


epsilon: 7.600603190104167

m: 5.901692708333334

Residual: 0.055759771137394616


epsilon: 7.5203857421875

m: 5.956380208333334

Residual: 0.06752929359777127


epsilon: 7.544021240234375

m: 5.877766927083334

Residual: 0.057145627096543


epsilon: 7.672942138671875

m: 5.873209635416668

Residual: 0.05841439849382277


epsilon: 7.622627176920574

m: 5.8814697265625

Residual: 0.05314851561600575


epsilon: 7.679209126790365

m: 5.9053955078125

Residual: 0.057327018689337296


epsilon: 7.577818211873373

m: 5.884674072265625

Residual: 0.056230157406483544


epsilon: 7.645412155151368

m: 5.898488362630209

Residual: 0.05722045385945269


epsilon: 7.5947166976928715

m: 5.888127644856771

Residual: 0.05766750082418572


epsilon: 7.61161518351237

m: 5.891581217447917

Residual: 0.05822691976500571


epsilon: 7.600222694396973

m: 5.8830718994140625

Residual: 0.056218488981267786


epsilon: 7.611234687805176

m: 5.8729604085286455

Residual: 0.05767675944798168


epsilon: 7.611329811731974

m: 5.877615610758463

Residual: 0.05849284427604856


epsilon: 7.611424935658773

m: 5.882270812988281

Residual: 0.056318485241482


epsilon: 7.617121180216472

m: 5.886525472005209

Residual: 0.05559921135582527


epsilon: 7.628323421478273

m: 5.885724385579428

Residual: 0.058478293555207825


epsilon: 7.615649557113648

m: 5.883134206136068

Residual: 0.056375531043522956


epsilon: 7.619874178568523

m: 5.8839975992838545

Residual: 0.05826475948280617


epsilon: 7.617026056289673

m: 5.881870269775391

Residual: 0.057018434060304886


epsilon: 7.619779054641725

m: 5.879342397054036

Residual: 0.058086195196512584


epsilon: 7.619802835623425

m: 5.88050619761149

Residual: 0.055667243002855256


epsilon: 7.625403956254325

m: 5.8801056543986

Residual: 0.05642148144075909


epsilon: 7.623309481263162

m: 5.880546808242798

Residual: 0.05750470909383331


epsilon: 7.621215006271999

m: 5.880987962086995

Residual: 0.060610103155294914


epsilon: 7.619826616605124

m: 5.881669998168945

Residual: 0.05816959419000143


epsilon: 7.621238787253699

m: 5.88215176264445

Residual: 0.057228601809945254


epsilon: 7.624039347569148

m: 5.881951491038006

Residual: 0.05608196991660123


epsilon: 7.6254277372360235

m: 5.881269454956056

Residual: 0.054908650017392834


epsilon: 7.624015566587449

m: 5.880787690480549

Residual: 0.058495542259814126


epsilon: 7.6240334023237235

m: 5.8816605408986415

Residual: 0.05498601522297823


epsilon: 7.624021511832874

m: 5.881078640619913

Residual: 0.0575082168611421


epsilon: 7.624030429701011

m: 5.881515065828959

Residual: 0.058150716079077173


epsilon: 7.624027457078299

m: 5.881369590759277

Residual: 0.057784401890472105


epsilon: 7.623330289622149

m: 5.881565133730571

Residual: 0.05552262965789218


epsilon: 7.621930009464425

m: 5.881665269533794

Residual: 0.056886815537397835


epsilon: 7.622454371367894

m: 5.881591349840164

Residual: 0.05720863780730558


epsilon: 7.622978733271362

m: 5.881517430146536

Residual: 0.05746437699081076


epsilon: 7.623327316999436

m: 5.881419658660889

Residual: 0.05613472717249043


epsilon: 7.622975760648648

m: 5.881371955076853

Residual: 0.05783138007239724


epsilon: 7.622977990115683

m: 5.881481061379115

Residual: 0.05874035743629082


epsilon: 7.622977246960005

m: 5.881444692611694

Residual: 0.05652745976294162


epsilon: 7.622802955095968

m: 5.881493578354518

Residual: 0.05648216571978162


epsilon: 7.622452885056536

m: 5.8815186123053245

Residual: 0.0565008878544883


epsilon: 7.622583975532404

m: 5.881500132381916

Residual: 0.05793919358800753


epsilon: 7.62271506600827

m: 5.881481652458509

Residual: 0.056453831418107496


epsilon: 7.622802211940289

m: 5.881457209587097

Residual: 0.05595085712688749


epsilon: 7.622714322852593

m: 5.881445283691088

Residual: 0.057728875375840524


epsilon: 7.622714880219351

m: 5.881472560266654

Residual: 0.0550229594419856


epsilon: 7.622539845199636

m: 5.881485077242058

Residual: 0.05929454850139787


epsilon: 7.622736620255126

m: 5.881464176500837

Residual: 0.05544407354552246


epsilon: 7.6226054368847995

m: 5.881478110328318

Residual: 0.05619045669281918


epsilon: 7.622703824412545

m: 5.881467659957707

Residual: 0.058368136792737446


epsilon: 7.622671028569963

m: 5.881471143414577

Residual: 0.05847742325439206


epsilon: 7.6226818985878495

m: 5.881466951531669

Residual: 0.05765928221190219


epsilon: 7.6226380469384605

m: 5.881465534679592

Residual: 0.05741984969429656


epsilon: 7.622583325271185

m: 5.881468309710423

Residual: 0.05622041608996652


epsilon: 7.622572455253298

m: 5.881472501593331

Residual: 0.05777874807626149


epsilon: 7.622621649017169

m: 5.881467276408026

Residual: 0.05566384525324023


epsilon: 7.6226655006665585

m: 5.8814686932601035

Residual: 0.05912268408003734


epsilon: 7.622603869120028

m: 5.881468405597843

Residual: 0.05772320531360194


epsilon: 7.622624412968872

m: 5.881468501485263

Residual: 0.05594197823086792


epsilon: 7.622605251095879

m: 5.881469018136461

Residual: 0.05670208515302769


epsilon: 7.622646338793566

m: 5.881469209911301

Residual: 0.05642514927472362


epsilon: 7.622636066869143

m: 5.881469161967592

Residual: 0.05460070077991207


epsilon: 7.622638830820845

m: 5.881470387044829

Residual: 0.059032207683814196


epsilon: 7.622628017431865

m: 5.881468972875155

Residual: 0.05581912267240485


epsilon: 7.622635226357852

m: 5.881469915654938

Residual: 0.05849565950882301


epsilon: 7.622629819663361

m: 5.881469208570101

Residual: 0.05776832228234295


epsilon: 7.622631621894858

m: 5.881469444265046

Residual: 0.05794516000523141


epsilon: 7.622627597176219

m: 5.881469349718827

Residual: 0.05863004367599553


epsilon: 7.622631201639212

m: 5.88146982110872

Residual: 0.057198775018192934


epsilon: 7.6226267566649275

m: 5.881470103406174

Residual: 0.055886389762483314


epsilon: 7.62262273194629

m: 5.881470008859953

Residual: 0.057335902143305494


epsilon: 7.622629084215982

m: 5.881469868046528

Residual: 0.056975236334423224


epsilon: 7.622624849369521

m: 5.881469961922145

Residual: 0.05567691535360264


epsilon: 7.622625269625167

m: 5.881469585078471

Residual: 0.05654500751460425


epsilon: 7.622626384904987

m: 5.881469973824248

Residual: 0.056015033571988566


epsilon: 7.622626013145047

m: 5.881469844242322

Residual: 0.05765716267113009


epsilon: 7.622626966792751

m: 5.881469914984336

Residual: 0.05712958870172708


epsilon: 7.622628130568278

m: 5.881469797304514

Residual: 0.0578907273515122


epsilon: 7.622626542500855

m: 5.88146983250787

Residual: 0.05612716773423632


epsilon: 7.622626752628678

m: 5.8814696440860335

Residual: 0.05777921022331058


epsilon: 7.622626913251732

m: 5.88146984725976

Residual: 0.0565502365281798


epsilon: 7.622626806169697

m: 5.88146971181061

Residual: 0.053789638331193726


epsilon: 7.622627440589415

m: 5.88146960586524

Residual: 0.05593994565810501


epsilon: 7.622627216067275

m: 5.881469662525897

Residual: 0.05497806002370921


epsilon: 7.622626767022996

m: 5.881469775847212

Residual: 0.057673968851383366


epsilon: 7.622627103806205

m: 5.8814696908562265

Residual: 0.057373550792653674


epsilon: 7.622626991545135

m: 5.881469719186555

Residual: 0.05912332832276367


epsilon: 7.622627196493925

m: 5.881469694544199

Residual: 0.05775101342575395


epsilon: 7.622627381869363

m: 5.881469701920144

Residual: 0.056428237202457335


epsilon: 7.622627362296013

m: 5.881469733938445

Residual: 0.057886717427922264


epsilon: 7.622627237944447

m: 5.88146970439276

Residual: 0.05773029173224967


epsilon: 7.622627320845491

m: 5.881469724089884

Residual: 0.056703228483531314


epsilon: 7.6226273001202305

m: 5.881469719165603

Residual: 0.05600084807636704


epsilon: 7.622627095171441

m: 5.881469743807958

Residual: 0.05601163067692984


epsilon: 7.622627166845922

m: 5.881469733336005

Residual: 0.060670469055569845


epsilon: 7.622627238520402

m: 5.881469722864051

Residual: 0.05681492834491678


epsilon: 7.622627279394969

m: 5.881469714241322

Residual: 0.059155982471157526


epsilon: 7.622627136046006

m: 5.881469735185228

Residual: 0.05705190474652541


epsilon: 7.622627171883247

m: 5.88146972994925

Residual: 0.05628098020272731


epsilon: 7.622627110283418

m: 5.881469733647699

Residual: 0.05811785085924479


epsilon: 7.622627206461156

m: 5.881469725559963

Residual: 0.05698648153627415


epsilon: 7.62262717440191

m: 5.881469728255875

Residual: 0.05722576478598248


epsilon: 7.6226272077204875

m: 5.881469724713275

Residual: 0.05893166302136744


epsilon: 7.622627143601996

m: 5.881469730105101

Residual: 0.0593148557568854


epsilon: 7.622627191690865

m: 5.881469726061232

Residual: 0.05868499484618223


epsilon: 7.622627159631619

m: 5.8814697287571445

Residual: 0.058184475076758294


epsilon: 7.62262716764643

m: 5.881469728083165

Residual: 0.058317672781539584


epsilon: 7.622627175661242

m: 5.881469727409188

Residual: 0.05704656789913782


epsilon: 7.622627184305719

m: 5.881469726311866

Residual: 0.05776801216348657


epsilon: 7.622627168276097

m: 5.881469727659822

Residual: 0.05472185040033548


Warning: Maximum number of iterations has been exceeded.
n: 35.0

sigma: 1.9

epsilon: 7.622627168276097

m: 5.881469727659822

Residual: 0.05439839352376024
