epsilon: 0.01

m: 3.0

Residual: 0.8592701569628706


epsilon: 0.0105

m: 3.0

Residual: 0.8501021457384417


epsilon: 0.01

m: 3.1500000000000004

Residual: 1.0423751735104707


epsilon: 0.0105

m: 2.8499999999999996

Residual: 0.7167982304888342


epsilon: 0.01075

m: 2.6999999999999993

Residual: 0.7252032376859536


epsilon: 0.011000000000000001

m: 2.8499999999999996

Residual: 0.7488989017788125


epsilon: 0.011000000000000001

m: 2.6999999999999993

Residual: 0.7264930163514782


epsilon: 0.0105

m: 2.6999999999999993

Residual: 0.7182100762472043


epsilon: 0.01

m: 2.8499999999999996

Residual: 0.7757807126018295


epsilon: 0.010750000000000001

m: 2.7374999999999994

Residual: 0.7121411466751127


epsilon: 0.010750000000000001

m: 2.8874999999999993

Residual: 0.7747214698510392


epsilon: 0.0105625

m: 2.7468749999999993

Residual: 0.7354039958595562


epsilon: 0.010625

m: 2.7937499999999993

Residual: 0.7184059328081034


epsilon: 0.010625

m: 2.718749999999999

Residual: 0.7218215830232442


epsilon: 0.010750000000000001

m: 2.812499999999999

Residual: 0.6970934057758575


epsilon: 0.0108125

m: 2.8593749999999982

Residual: 0.7476391776015339


epsilon: 0.010875000000000001

m: 2.7562499999999996

Residual: 0.7011751581868463


epsilon: 0.010875000000000001

m: 2.8312499999999994

Residual: 0.7280357761428542


epsilon: 0.010781250000000001

m: 2.7609374999999994

Residual: 0.695856946728879


epsilon: 0.01065625

m: 2.8171874999999993

Residual: 0.7116967880222148


epsilon: 0.010820312500000002

m: 2.7714843749999996

Residual: 0.7289811493051097


epsilon: 0.010765625000000001

m: 2.7867187499999995

Residual: 0.7227069842244745


epsilon: 0.010828125000000001

m: 2.7585937499999993

Residual: 0.675753506474245


epsilon: 0.01084375

m: 2.7328124999999988

Residual: 0.7224061077497619


epsilon: 0.01082421875

m: 2.7462890624999985

Residual: 0.7068292551820613


epsilon: 0.01078515625

m: 2.7732421874999997

Residual: 0.7045267080723174


epsilon: 0.010794921875

m: 2.7665039062499988

Residual: 0.7115353710005479


epsilon: 0.0108046875

m: 2.759765624999999

Residual: 0.7235437470480355


epsilon: 0.010826171875

m: 2.752441406249999

Residual: 0.7454556265049648


epsilon: 0.010806640625

m: 2.7659179687499993

Residual: 0.6951198257833304


epsilon: 0.010830078125000003

m: 2.7647460937499995

Residual: 0.7350307203042219


epsilon: 0.010811035156250001

m: 2.761010742187499

Residual: 0.7050779691786098


epsilon: 0.010823730468750003

m: 2.7635009765624994

Residual: 0.7260786191962982


epsilon: 0.010814208984375

m: 2.7616333007812495

Residual: 0.7213992677729435


epsilon: 0.010817382812500002

m: 2.7622558593749993

Residual: 0.7246145477004223


epsilon: 0.010819580078125002

m: 2.7598022460937495

Residual: 0.7573911685357558


epsilon: 0.010825927734375

m: 2.761047363281249

Residual: 0.7429829364021571


epsilon: 0.0108243408203125

m: 2.760736083984374

Residual: 0.7263005490432931


epsilon: 0.010821166992187502

m: 2.7601135253906244

Residual: 0.6993437188895266


epsilon: 0.010831909179687502

m: 2.756451416015624

Residual: 0.7266688367659566


epsilon: 0.010821014404296878

m: 2.7608047485351555

Residual: 0.7028950873751647


epsilon: 0.010828277587890626

m: 2.7579025268554678

Residual: 0.7274494662919284


epsilon: 0.010822830200195314

m: 2.7600791931152333

Residual: 0.7153009452061094


epsilon: 0.010824645996093752

m: 2.7593536376953116

Residual: 0.6934019320427361


epsilon: 0.01082456970214844

m: 2.7596992492675776

Residual: 0.6960615182234191


epsilon: 0.010828201293945312

m: 2.7582481384277333

Residual: 0.729413713131059


epsilon: 0.010825477600097657

m: 2.7593364715576163

Residual: 0.7206731557518018


epsilon: 0.010826385498046875

m: 2.7589736938476555

Residual: 0.7555968491366505


epsilon: 0.01082634735107422

m: 2.7591464996337884

Residual: 0.7083378912446947


epsilon: 0.010828086853027344

m: 2.758766555786132

Residual: 0.7082439681446624


epsilon: 0.010829864501953125

m: 2.7582138061523422

Residual: 0.7210802394802329


epsilon: 0.010827226638793947

m: 2.7589133262634267

Residual: 0.701706943900021


epsilon: 0.010827264785766604

m: 2.758740520477294

Residual: 0.7141574566042306


epsilon: 0.01082788133621216

m: 2.7587600469589226

Residual: 0.6957956205759758


epsilon: 0.010828779697418214

m: 2.7584404706954953

Residual: 0.6912237778738184


epsilon: 0.010829023361206055

m: 2.758274173736572

Residual: 0.7063578776745733


epsilon: 0.010828166842460633

m: 2.758638578653335

Residual: 0.7089351712447988


epsilon: 0.010828452348709107

m: 2.7585171103477473

Residual: 0.7256789842549309


epsilon: 0.01082800316810608

m: 2.758676898479461

Residual: 0.7469157835172141


epsilon: 0.010828574180603026

m: 2.7584339618682856

Residual: 0.7308138472785338


epsilon: 0.010828431427478791

m: 2.7584946960210797

Residual: 0.7164690824087556


epsilon: 0.010828104078769685

m: 2.7585713356733317

Residual: 0.7295771147280325


epsilon: 0.010828365281224252

m: 2.7585306666791434

Residual: 0.7539532581288426


epsilon: 0.010828278213739396

m: 2.7585442230105395

Residual: 0.7132837463425596


epsilon: 0.010828288674354553

m: 2.7585554301738733

Residual: 0.7132573097627379


epsilon: 0.010828135460615158

m: 2.7586049571633326

Residual: 0.7084659344362951


epsilon: 0.010827971786260607

m: 2.7586432769894587

Residual: 0.7011304702391212


epsilon: 0.01082796132564545

m: 2.758632069826125

Residual: 0.6891220973049329


epsilon: 0.010828114539384846

m: 2.7585825428366655

Residual: 0.693105143904075


epsilon: 0.010828078851103788

m: 2.7585977263748642

Residual: 0.7190134885132776


epsilon: 0.010828043162822727

m: 2.758612909913062

Residual: 0.7062703540615602


epsilon: 0.010828048393130304

m: 2.7586185134947288

Residual: 0.7178074364438765


epsilon: 0.010828119769692423

m: 2.758588146418332

Residual: 0.7239862160838173


epsilon: 0.010828066237270834

m: 2.7586109217256296

Residual: 0.7388291154490799


epsilon: 0.010828084081411364

m: 2.7586033299565305

Residual: 0.6868818691716221


epsilon: 0.010828086696565153

m: 2.758606131747364

Residual: 0.7393319405700811


epsilon: 0.010828122384846213

m: 2.7585909482091657

Residual: 0.719405186364309


epsilon: 0.01082811346277595

m: 2.758594744093715

Residual: 0.7275039681634599


epsilon: 0.010828104540705683

m: 2.758598539978265

Residual: 0.7591868614779747


epsilon: 0.010828105848282577

m: 2.7585999408736814

Residual: 0.7186005727418343


epsilon: 0.010828126307576895

m: 2.758595150895416

Residual: 0.7263725653934969


epsilon: 0.010828120865859091

m: 2.7585959981661277

Residual: 0.690315393313981


epsilon: 0.010828140017576513

m: 2.758589807292445

Residual: 0.7064539094205631


epsilon: 0.010828131475253027

m: 2.7585923406877546

Residual: 0.730421055393191


epsilon: 0.010828122932929545

m: 2.7585948740830633

Residual: 0.709842166292471


epsilon: 0.010828115424141289

m: 2.7585968454368404

Residual: 0.7296538452219732


epsilon: 0.010828132508788257

m: 2.758591778646222

Residual: 0.6914754959798658


epsilon: 0.010828134575858715

m: 2.758590654563158

Residual: 0.7571787455038745


epsilon: 0.010828125843661838

m: 2.758593819203087

Residual: 0.7036760507819033


epsilon: 0.010828131665126422

m: 2.7585917094431345

Residual: 0.7243466800250882


epsilon: 0.010828127299027983

m: 2.758593291763099

Residual: 0.6805036760725619


epsilon: 0.010828119790239727

m: 2.7585952631168755

Residual: 0.7106509260125718


epsilon: 0.010828129329151125

m: 2.7585926497638855

Residual: 0.7417690836899169


epsilon: 0.010828126149513992

m: 2.758593520881549

Residual: 0.7176032670482537


epsilon: 0.01082812875439413

m: 2.7585927643231107

Residual: 0.7373487298191281


epsilon: 0.010828122395119863

m: 2.7585945065584374

Residual: 0.7250486857951332


epsilon: 0.010828123984938428

m: 2.7585940709996053

Residual: 0.695868517227171


epsilon: 0.010828122835424437

m: 2.7585943001180553

Residual: 0.7232324955050156


epsilon: 0.010828125320991602

m: 2.7585937156906755

Residual: 0.7155264626021636


epsilon: 0.010828123663946827

m: 2.7585941053089287

Residual: 0.7060207978173817


epsilon: 0.010828124078208021

m: 2.7585940079043656

Residual: 0.7339879305928162


epsilon: 0.010828124492469214

m: 2.758593910499802

Residual: 0.7435147668724322


epsilon: 0.010828125160495802

m: 2.7585937328453376

Residual: 0.7330058448508159


epsilon: 0.010828125668026588

m: 2.758593572345535

Residual: 0.7091994780769229


epsilon: 0.010828125507530786

m: 2.7585935895001965

Residual: 0.730269888513663


epsilon: 0.010828125420772038

m: 2.7585936253364816

Residual: 0.6960170120668911


epsilon: 0.010828124752745449

m: 2.758593802990946

Residual: 0.6989737044417111


epsilon: 0.010828124981565733

m: 2.7585937453295934

Residual: 0.7365707008999614


epsilon: 0.010828125210386019

m: 2.7585936876682404

Residual: 0.690688440184916


epsilon: 0.010828125334013294

m: 2.758593661172767

Residual: 0.7382209594734053


epsilon: 0.010828124876372726

m: 2.758593776495472

Residual: 0.7271158829939588


epsilon: 0.010828124990782869

m: 2.7585937476647953

Residual: 0.7360052054540545


epsilon: 0.01082812510519301

m: 2.7585937188341196

Residual: 0.6996194191816305


epsilon: 0.010828125167006647

m: 2.7585937055863834

Residual: 0.7256578705309307


epsilon: 0.010828124938186362

m: 2.7585937632477355

Residual: 0.7276357577058512


epsilon: 0.010828125109801575

m: 2.7585937200017216

Residual: 0.7643710668216581


epsilon: 0.010828125052596504

m: 2.7585937344170595

Residual: 0.7187858479783873


epsilon: 0.010828125083503323

m: 2.7585937277931913

Residual: 0.700147939394562


epsilon: 0.01082812503090682

m: 2.758593743376131

Residual: 0.7104365409965923


epsilon: 0.01082812503632924

m: 2.7585937411363632

Residual: 0.7389439592577718


epsilon: 0.010828125041751662

m: 2.7585937388965953

Residual: 0.7320202958454566


epsilon: 0.010828125026298253

m: 2.7585937422085296

Residual: 0.715816587989949


epsilon: 0.010828124984546592

m: 2.7585937533119336

Residual: 0.7433670787938695


epsilon: 0.010828125027450394

m: 2.75859374250043

Residual: 0.7313713770308762


Warning: Maximum number of iterations has been exceeded.
epsilon: 0.010828125027450394

sigma: 0.3

m: 2.75859374250043

n: 35.0

Residual: 0.6743164575468507
