epsilon: 2.3404166666666666

m: 5.166666666666666

Residual: 0.2282365484277169


epsilon: 2.4574375

m: 5.166666666666666

Residual: 0.1858318414381043


epsilon: 2.3404166666666666

m: 5.425

Residual: 0.8792661993306117


epsilon: 2.4574375000000006

m: 4.908333333333332

Residual: 0.7723336107358018


epsilon: 2.4281822916666673

m: 5.0375

Residual: 0.35681761356537867


epsilon: 2.369671875

m: 5.2958333333333325

Residual: 0.4976320866311268


epsilon: 2.4135546875000005

m: 5.102083333333333

Residual: 0.20465009767187795


epsilon: 2.530575520833334

m: 5.102083333333333

Residual: 0.2788356460867876


epsilon: 2.3879563802083332

m: 5.150520833333333

Residual: 0.189997521113285


epsilon: 2.431839192708333

m: 5.215104166666666

Residual: 0.2510861356810724


epsilon: 2.4181258138020834

m: 5.130338541666666

Residual: 0.1802958022161364


epsilon: 2.4876069335937503

m: 5.146484374999998

Residual: 0.19194794821137057


epsilon: 2.4128690185546873

m: 5.1495117187499995

Residual: 0.18583792046263742


epsilon: 2.4626942952473962

m: 5.147493489583332

Residual: 0.1814410305301758


epsilon: 2.4233826090494794

m: 5.111165364583332

Residual: 0.2006596257375776


epsilon: 2.4489237772623698

m: 5.152791341145832

Residual: 0.1879307548843241


epsilon: 2.44041005452474

m: 5.138916015624999

Residual: 0.1878682668978709


epsilon: 2.4377816569010418

m: 5.148502604166666

Residual: 0.18296827782401281


epsilon: 2.415497416178385

m: 5.139925130208334

Residual: 0.18865284899987841


epsilon: 2.434181894938151

m: 5.139168294270833

Residual: 0.18819134068438645


epsilon: 2.4279537353515623

m: 5.139420572916666

Residual: 0.1819066346326099


epsilon: 2.429267934163412

m: 5.134627278645833

Residual: 0.1826905236876192


epsilon: 2.416811614990234

m: 5.135131835937501

Residual: 0.1948403083203618


epsilon: 2.426153854370117

m: 5.134753417968749

Residual: 0.1872772187910271


epsilon: 2.423039774576823

m: 5.134879557291667

Residual: 0.1838107002113748


epsilon: 2.4236968739827476

m: 5.1324829101562495

Residual: 0.18359810836598583


epsilon: 2.4187829132080076

m: 5.127941894531249

Residual: 0.18719973886602673


epsilon: 2.4219755592346193

m: 5.133145141601562

Residual: 0.1836790816323522


epsilon: 2.4198471285502112

m: 5.129676310221353

Residual: 0.18402667691742752


epsilon: 2.4214434515635173

m: 5.1322779337565105

Residual: 0.18338891802816196


epsilon: 2.415872391382853

m: 5.130133565266926

Residual: 0.18545169834910263


epsilon: 2.4217407533327737

m: 5.131895573933919

Residual: 0.1808290917334113


epsilon: 2.41842311557134

m: 5.129956181844074

Residual: 0.18772844341293654


epsilon: 2.420688367565473

m: 5.131697495778401

Residual: 0.1851324155014517


epsilon: 2.4199332835674285

m: 5.131117057800292

Residual: 0.18196969656509396


epsilon: 2.4197846326828003

m: 5.131308237711588

Residual: 0.18034635243808128


epsilon: 2.417977162917455

m: 5.130529721577961

Residual: 0.18711090845286724


epsilon: 2.419444253404935

m: 5.1309702237447095

Residual: 0.18370548582371102


epsilon: 2.418955223242442

m: 5.130823389689127

Residual: 0.18336203222608066


epsilon: 2.419029548684756

m: 5.13072779973348

Residual: 0.1828022225843638


epsilon: 2.418200139244398

m: 5.130242951711018

Residual: 0.18358278166556163


epsilon: 2.418766452242931

m: 5.1306782801946

Residual: 0.183128410869162


epsilon: 2.418388910243909

m: 5.1303880612055455

Residual: 0.18748431357711565


epsilon: 2.4186720667431754

m: 5.130605725447336

Residual: 0.18324768808284173


epsilon: 2.41857768124342

m: 5.1305331707000725

Residual: 0.18315164921804897


epsilon: 2.418446133022507

m: 5.1305084109306325

Residual: 0.18233011122683107


epsilon: 2.4179942655811706

m: 5.130313781897225

Residual: 0.18339966682013073


epsilon: 2.4184318273278578

m: 5.130478323499361

Residual: 0.18430705041058265


epsilon: 2.4182859734122952

m: 5.130423476298649

Residual: 0.18452395127821


epsilon: 2.4183517475227516

m: 5.13043585618337

Residual: 0.1871919534199857


epsilon: 2.4180600396916274

m: 5.130326161781946

Residual: 0.18107863288404694


epsilon: 2.4178998800814155

m: 5.130241227149963

Residual: 0.18380439537059035


epsilon: 2.4179964034141355

m: 5.130286789437134

Residual: 0.18150322084465648


epsilon: 2.4181894500795753

m: 5.130377914011477

Residual: 0.1872968197068973


epsilon: 2.4180446650804956

m: 5.13030957058072

Residual: 0.18126097605103472


epsilon: 2.418141188413215

m: 5.130355132867892

Residual: 0.18727518533572032


epsilon: 2.4180687959136753

m: 5.130320961152513

Residual: 0.18412782085225557


epsilon: 2.4180929267468554

m: 5.130332351724306

Residual: 0.18610474546317593


epsilon: 2.4180852394412895

m: 5.130324056123693

Residual: 0.18274312530226242


epsilon: 2.4181181264965175

m: 5.130330246066054

Residual: 0.1885238986688896


epsilon: 2.418099226684271

m: 5.130331825309742

Residual: 0.18578935477940078


epsilon: 2.4181118265591017

m: 5.130330772480617

Residual: 0.18670974945720004


epsilon: 2.418102376652979

m: 5.1303315621024606

Residual: 0.18431074703927336


epsilon: 2.418108676590394

m: 5.130331035687899

Residual: 0.18325503868904772


epsilon: 2.41810710160604

m: 5.13033116729154

Residual: 0.18625347394827346


epsilon: 2.4181055266216864

m: 5.13033129889518

Residual: 0.18465645953453397


epsilon: 2.418114095227531

m: 5.130335051884563

Residual: 0.18154890154823872


epsilon: 2.4181343824079278

m: 5.130342294656049

Residual: 0.18444929065465215


epsilon: 2.418127168461367

m: 5.130339545715831

Residual: 0.18484792880683382


epsilon: 2.418119954514807

m: 5.130336796775614

Residual: 0.19009614419012064


epsilon: 2.418115670211885

m: 5.130334920280923

Residual: 0.1860156843051002


epsilon: 2.4181215294991607

m: 5.130336665171976

Residual: 0.1837352737932038


epsilon: 2.4181316730893587

m: 5.130340286557718

Residual: 0.1846565026512961


epsilon: 2.41812767236999

m: 5.1303389449885195

Residual: 0.18178591535293043


epsilon: 2.4181319566729127

m: 5.130340821483211

Residual: 0.18953882895675972


epsilon: 2.4181241362925987

m: 5.130337704249785

Residual: 0.18332634923115174


epsilon: 2.4181293498794747

m: 5.130339782405402

Residual: 0.18284500061513131


epsilon: 2.4181280464827557

m: 5.130339262866498

Residual: 0.18184299914317983


epsilon: 2.4181254396893177

m: 5.130338223788689

Residual: 0.18422214236277418


epsilon: 2.4181273947843964

m: 5.1303390030970455

Residual: 0.1853611880854074


epsilon: 2.4181267430860367

m: 5.130338743327593

Residual: 0.18676038755163826


epsilon: 2.4181269301424195

m: 5.1303389022665815

Residual: 0.18092013542946545


epsilon: 2.4181260008584657

m: 5.130338700605654

Residual: 0.1824786453552653


epsilon: 2.4181261864153587

m: 5.1303387112861385

Residual: 0.18789875391323912


epsilon: 2.418126371972251

m: 5.130338721966623

Residual: 0.1839899076757307


epsilon: 2.41812627844406

m: 5.130338642497129

Residual: 0.18276806435689513


epsilon: 2.418125720273892

m: 5.130338462197173

Residual: 0.18650753418125657


epsilon: 2.4181262090476614

m: 5.130338657024261

Residual: 0.18324336369243568


epsilon: 2.4181258831984818

m: 5.130338527139536

Residual: 0.18722244378186342


epsilon: 2.4181261275853663

m: 5.1303386245530795

Residual: 0.18366164244403058


epsilon: 2.4181260461230716

m: 5.130338592081898

Residual: 0.18447942226849454


epsilon: 2.4181260114248726

m: 5.130338599345464

Residual: 0.18444380701872418


epsilon: 2.4181257791038844

m: 5.130338548930233

Residual: 0.18989446474440047


epsilon: 2.418125979368275

m: 5.130338581293982

Residual: 0.18379082326166918


epsilon: 2.418125781745486

m: 5.130338523615183

Residual: 0.18345277167211427


epsilon: 2.4181256161792946

m: 5.1303384839878685

Residual: 0.18690095258664463


epsilon: 2.41812588857103

m: 5.130338556967454

Residual: 0.1836262783140256


epsilon: 2.4181257069765394

m: 5.130338508314397

Residual: 0.18367047014251545


epsilon: 2.4181258431724073

m: 5.130338544804189

Residual: 0.18129723417181184


epsilon: 2.4181258752290047

m: 5.130338562855673

Residual: 0.18429985206462468


epsilon: 2.4181258051163654

m: 5.130338533425306

Residual: 0.18432438765970688


epsilon: 2.4181258284872453

m: 5.130338543235428

Residual: 0.18008859202654398


epsilon: 2.4181257977737847

m: 5.130338532640925

Residual: 0.18518289499078341


epsilon: 2.4181258445155436

m: 5.13033855226117

Residual: 0.18708818832277402


epsilon: 2.4181258094592244

m: 5.1303385375459865

Residual: 0.18208114634437506


epsilon: 2.418125832830104

m: 5.130338547356109

Residual: 0.18205501332836022


epsilon: 2.418125826987384

m: 5.130338544903578

Residual: 0.182548220404545


epsilon: 2.418125821144664

m: 5.130338542451048

Residual: 0.18315597559632557


epsilon: 2.418125818973235

m: 5.130338540390707

Residual: 0.18237414620038198


epsilon: 2.4181258263158165

m: 5.130338541175087

Residual: 0.1810217004046843


epsilon: 2.4181258358298274

m: 5.130338544019808

Residual: 0.18410268014090075


epsilon: 2.418125823187383

m: 5.1303385412979825

Residual: 0.1814837676190102


epsilon: 2.4181258316156793

m: 5.130338543112533

Residual: 0.18938731470265288


epsilon: 2.418125825294457

m: 5.13033854175162

Residual: 0.18359549707811718


epsilon: 2.418125827401531

m: 5.130338542205258

Residual: 0.1880884600261323


epsilon: 2.418125825837314

m: 5.130338542266705

Residual: 0.18269278979877995


epsilon: 2.4181258269230286

m: 5.130338543296877

Residual: 0.18023436881199817


epsilon: 2.4181258295729604

m: 5.130338544265599

Residual: 0.18060003987519901


epsilon: 2.418125828639049

m: 5.130338543765875

Residual: 0.18758844086200627


epsilon: 2.418125827705137

m: 5.130338543266152

Residual: 0.18705631113432522


epsilon: 2.41812582716228

m: 5.130338542751067

Residual: 0.18485060777682571


epsilon: 2.4181258279443876

m: 5.130338542720343

Residual: 0.18021893473107298


epsilon: 2.4181258292693535

m: 5.130338543204704

Residual: 0.1825765518442774


epsilon: 2.418125828742585

m: 5.1303385430912956

Residual: 0.18094029628468794


epsilon: 2.4181258276890483

m: 5.130338542864476

Residual: 0.18215619754632592


epsilon: 2.4181258284792007

m: 5.130338543034591

Residual: 0.1828825888472963


epsilon: 2.4181258282158167

m: 5.130338542977886

Residual: 0.18502527334917168


epsilon: 2.418125828614915

m: 5.1303385431633615

Residual: 0.18257551694484087


epsilon: 2.4181258288863434

m: 5.130338543420904

Residual: 0.18555511112560338


epsilon: 2.4181258283834484

m: 5.130338543088641

Residual: 0.18076452860819092


Warning: Maximum number of iterations has been exceeded.
sigma: 0.9

m: 5.130338543088641

n: 35.0

epsilon: 2.4181258283834484

Residual: 0.18317545031257082
