epsilon: 3.339166666666667

m: 5.333333333333333

Residual: 0.19380421539451956


epsilon: 3.5061250000000004

m: 5.333333333333333

Residual: 0.2011513531917067


epsilon: 3.339166666666667

m: 5.6

Residual: 0.7597421386009475


epsilon: 3.5061250000000004

m: 5.066666666666666

Residual: 0.8416950539282062


epsilon: 3.3809062500000002

m: 5.466666666666667

Residual: 0.3892268480526805


epsilon: 3.464385416666667

m: 5.199999999999999

Residual: 0.43163108979212234


epsilon: 3.401776041666667

m: 5.4

Residual: 0.24232449754455954


epsilon: 3.4435156250000003

m: 5.266666666666666

Residual: 0.2731497899583325


epsilon: 3.4122109375000003

m: 5.366666666666667

Residual: 0.20110860091619653


epsilon: 3.2452526041666663

m: 5.366666666666666

Residual: 0.2555142967568932


epsilon: 3.440906901041667

m: 5.341666666666667

Residual: 0.19286013457541412


epsilon: 3.367862630208333

m: 5.308333333333334

Residual: 0.19769584811420005


epsilon: 3.3789497070312495

m: 5.322916666666668

Residual: 0.19087557413243736


epsilon: 3.4806899414062493

m: 5.331250000000002

Residual: 0.20259207598382217


epsilon: 3.3745474853515622

m: 5.3328125

Residual: 0.18936346571444485


epsilon: 3.3125902913411442

m: 5.3140625

Residual: 0.19168507624892525


epsilon: 3.3446694437662754

m: 5.320963541666667

Residual: 0.19303608182068083


epsilon: 3.3767485961914057

m: 5.327864583333334

Residual: 0.19091771084976233


epsilon: 3.4077271931966147

m: 5.337239583333334

Residual: 0.18834189556229353


epsilon: 3.4055260823567712

m: 5.342187500000001

Residual: 0.1907526253318744


epsilon: 3.39833171081543

m: 5.338606770833335

Residual: 0.19217716741281723


epsilon: 3.3911373392740884

m: 5.3350260416666675

Residual: 0.1897929760111615


epsilon: 3.39223789469401

m: 5.332552083333334

Residual: 0.19484641031018024


epsilon: 3.406626637776693

m: 5.339713541666668

Residual: 0.1866510596757121


epsilon: 3.413821009318035

m: 5.343294270833335

Residual: 0.18995087980712702


epsilon: 3.423216491699219

m: 5.341927083333333

Residual: 0.18978741460498133


epsilon: 3.4151967035929367

m: 5.340201822916668

Residual: 0.18884323100327602


epsilon: 3.399157127380371

m: 5.336751302083333

Residual: 0.19153520379547434


epsilon: 3.411186809539795

m: 5.339339192708334

Residual: 0.18853414277686958


epsilon: 3.4031670214335126

m: 5.337613932291667

Residual: 0.18602604121288124


epsilon: 3.399157127380372

m: 5.336751302083336

Residual: 0.19284405371797186


epsilon: 3.402066466013591

m: 5.340087890625002

Residual: 0.1903425103150097


epsilon: 3.4063120114008587

m: 5.337951660156251

Residual: 0.18552478383208632


epsilon: 3.4028523950576783

m: 5.3358520507812495

Residual: 0.1878102509686858


epsilon: 3.4056830770969393

m: 5.338748168945314

Residual: 0.19039541517074907


epsilon: 3.4047395164171856

m: 5.337782796223959

Residual: 0.19259824097683925


epsilon: 3.406469324588776

m: 5.338832600911459

Residual: 0.1888434164190487


epsilon: 3.408041819572449

m: 5.339001464843751

Residual: 0.18674594716583798


epsilon: 3.4078845063845318

m: 5.338120524088541

Residual: 0.19055730236904556


epsilon: 3.406823120037715

m: 5.33865458170573

Residual: 0.18742714289230497


epsilon: 3.4075307109355926

m: 5.338298543294271

Residual: 0.1921833133023687


epsilon: 3.4070000177621846

m: 5.3385655721028655

Residual: 0.19170033076388798


epsilon: 3.407176915486654

m: 5.3384765625

Residual: 0.1910780881673797


epsilon: 3.406567565719287

m: 5.33830312093099

Residual: 0.19062806304466887


epsilon: 3.4057026616334922

m: 5.337778218587241

Residual: 0.18992090702776138


epsilon: 3.4054471073150645

m: 5.337426757812502

Residual: 0.19060579605755615


epsilon: 3.40572722191612

m: 5.337645848592123

Residual: 0.19022430265132978


epsilon: 3.4062874511182315

m: 5.33808403015137

Residual: 0.19083954229837907


epsilon: 3.405867279216648

m: 5.337755393981935

Residual: 0.1882719686948746


epsilon: 3.4064766289840143

m: 5.3379288355509455

Residual: 0.19015314160004138


epsilon: 3.4058961534711227

m: 5.337815872828167

Residual: 0.18714124832619802


epsilon: 3.406340885655333

m: 5.338012139002483

Residual: 0.19168844014967562


epsilon: 3.405985680826319

m: 5.337819580237072

Residual: 0.1902865228535505


epsilon: 3.4061040824359905

m: 5.337883766492209

Residual: 0.18825040223662642


epsilon: 3.4060896453087532

m: 5.337853527069093

Residual: 0.19171206921266779


epsilon: 3.406326448528096

m: 5.337981899579367

Residual: 0.1929874914586251


epsilon: 3.406148846113589

m: 5.337885620196662

Residual: 0.18874150523640093


epsilon: 3.4062672477232603

m: 5.337949806451798

Residual: 0.18752720678803042


epsilon: 3.4064751766881285

m: 5.338017700115841

Residual: 0.18868537663696805


epsilon: 3.406196855999025

m: 5.337917249898117

Residual: 0.1914002302347174


epsilon: 3.4062896295620595

m: 5.337950733304025

Residual: 0.1910884040016514


epsilon: 3.4062080469184246

m: 5.33791771332423

Residual: 0.19160867736048026


epsilon: 3.4063935940444936

m: 5.337984680136047

Residual: 0.18731408028749721


epsilon: 3.4064159758832924

m: 5.337985606988273

Residual: 0.18913391937034651


epsilon: 3.406384389302984

m: 5.337976888567211

Residual: 0.19181175551144686


epsilon: 3.406352802722676

m: 5.337968170146149

Residual: 0.18904141959116927


epsilon: 3.406300820481459

m: 5.337951196730138

Residual: 0.18839613937958494


epsilon: 3.4062600291596414

m: 5.3379346867402395

Residual: 0.18862938299823154


epsilon: 3.4062832225503996

m: 5.337943057591717

Residual: 0.19062331163896243


epsilon: 3.4063064159411587

m: 5.337951428443194

Residual: 0.1895936287124738


epsilon: 3.4063324070617673

m: 5.3379599151512

Residual: 0.18788688508100468


epsilon: 3.4063380025214673

m: 5.337960146864257

Residual: 0.19080186097338325


epsilon: 3.406314312586236

m: 5.33795360804846

Residual: 0.18911423691272192


epsilon: 3.40633010587639

m: 5.3379579672589905

Residual: 0.18987252224856588


epsilon: 3.4063182609087743

m: 5.337954697851092

Residual: 0.18897505358050742


epsilon: 3.4063261575538517

m: 5.337956877456358

Residual: 0.18977699868962064


epsilon: 3.4063202350700434

m: 5.337955242752409

Residual: 0.1896231842511928


epsilon: 3.406322209231313

m: 5.337955787653725

Residual: 0.18928537010436303


epsilon: 3.4063151361548165

m: 5.337953179003671

Residual: 0.18842456660183934


epsilon: 3.406304938324362

m: 5.337949051506198

Residual: 0.1876606663349436


epsilon: 3.406301813570405

m: 5.337947532658777

Residual: 0.19199648875173667


epsilon: 3.4063118055087136

m: 5.337951767417447

Residual: 0.1942890529818244


epsilon: 3.4063084748626107

m: 5.337950355831224

Residual: 0.1914301191293681


epsilon: 3.4063135737778376

m: 5.3379524195799615

Residual: 0.18980772662717696


epsilon: 3.4063171103160856

m: 5.337953723904989

Residual: 0.18970501313974505


epsilon: 3.4063155479391067

m: 5.337952964481278

Residual: 0.19062037588969447


epsilon: 3.4063140673181547

m: 5.337952555805291

Residual: 0.19202913336309818


epsilon: 3.406314560858472

m: 5.33795269203062

Residual: 0.18885686522442158


epsilon: 3.406312792589348

m: 5.337952039868107

Residual: 0.1893472511230164


epsilon: 3.406313779669983

m: 5.337952312318764

Residual: 0.19068597811859678


epsilon: 3.4063130393595067

m: 5.337952107980771

Residual: 0.190787681087966


epsilon: 3.4063132861296657

m: 5.337952176093435

Residual: 0.18795843285637126


epsilon: 3.4063124019951037

m: 5.337951850012178

Residual: 0.19027916794473243


epsilon: 3.4063128955354207

m: 5.337951986237508

Residual: 0.1896944294880057


epsilon: 3.4063127721503417

m: 5.337951952181175

Residual: 0.19062690591086973


epsilon: 3.406312648765262

m: 5.337951918124843

Residual: 0.1903675212392238


epsilon: 3.406312206697981

m: 5.337951755084214

Residual: 0.18696656808422335


epsilon: 3.4063115693335777

m: 5.337951497115623

Residual: 0.18757450180810176


epsilon: 3.406311839191499

m: 5.3379516023679265

Residual: 0.18968216191524023


epsilon: 3.40631210904942

m: 5.337951707620233

Residual: 0.1904561942434775


epsilon: 3.4063123300830602

m: 5.337951789140547

Residual: 0.18855773013614982


epsilon: 3.406312232434499

m: 5.337951741676564

Residual: 0.19042310612185542


epsilon: 3.4063122015882294

m: 5.337951733162481

Residual: 0.18727989790173316


epsilon: 3.406311882906028

m: 5.337951604178185

Residual: 0.1890865092675596


epsilon: 3.406312218288802

m: 5.337951742899957

Residual: 0.19053779389471337


epsilon: 3.406312106494544

m: 5.337951696659366

Residual: 0.18920725915157427


epsilon: 3.4063121707419595

m: 5.3379517246483985

Residual: 0.1903342717979472


epsilon: 3.4063119471534438

m: 5.3379516321672185

Residual: 0.18931685510713894


epsilon: 3.406312003050573

m: 5.3379516552875135

Residual: 0.19130265063597213


epsilon: 3.4063120589477016

m: 5.3379516784078085

Residual: 0.18988147355342055


epsilon: 3.406312091071409

m: 5.337951692402324

Residual: 0.1855677046375247


epsilon: 3.406312043524566

m: 5.337951674150766

Residual: 0.19005093425565156


epsilon: 3.4063120550919175

m: 5.337951677343548

Residual: 0.19119107954697892


epsilon: 3.406312051236134

m: 5.337951676279287

Residual: 0.18735353322407677


epsilon: 3.40631203517428

m: 5.337951669282029

Residual: 0.19069832357704514


epsilon: 3.406312027462712

m: 5.33795166715351

Residual: 0.1943062185607598


epsilon: 3.406312033246388

m: 5.337951668749899

Residual: 0.18933676693101137


epsilon: 3.406312029390604

m: 5.33795166768564

Residual: 0.1899776732473604


epsilon: 3.4063120322824423

m: 5.337951668483834

Residual: 0.18963008327670378


epsilon: 3.406312031318496

m: 5.3379516682177695

Residual: 0.18951306038204008


epsilon: 3.4063120223236236

m: 5.337951664453075

Residual: 0.19156296614861718


epsilon: 3.406312020395731

m: 5.337951663920944

Residual: 0.1901515212489099


epsilon: 3.406312020877704

m: 5.337951664053977

Residual: 0.19121637371867517


epsilon: 3.4063120213596774

m: 5.33795166418701

Residual: 0.18865418050926305


epsilon: 3.406312016862241

m: 5.337951662304663

Residual: 0.19113674040001594


epsilon: 3.406312015898295

m: 5.337951662038597

Residual: 0.18859631860718828


epsilon: 3.4063120059394763

m: 5.337951658007839

Residual: 0.1882547066163991


epsilon: 3.40631200144204

m: 5.337951656125492

Residual: 0.19218578369134778


epsilon: 3.406312012284231

m: 5.3379516605603206

Residual: 0.18932753909564815


epsilon: 3.4063120086701675

m: 5.337951659082044

Residual: 0.1904597251665359


epsilon: 3.406312013649577

m: 5.337951661097424

Residual: 0.1927378281600725


epsilon: 3.4063120064214494

m: 5.33795165814087

Residual: 0.18996854292063395


Warning: Maximum number of iterations has been exceeded.
sigma: 1.1

n: 35.0

epsilon: 3.4063120064214494

m: 5.33795165814087

Residual: 0.19079870011781688
