epsilon: 5.669583333333334

m: 5.666666666666666

Residual: 0.13857676212572184


epsilon: 5.953062500000001

m: 5.666666666666666

Residual: 0.15531056551396571


epsilon: 5.669583333333334

m: 5.949999999999999

Residual: 0.40760199595828395


epsilon: 5.9530625

m: 5.383333333333333

Residual: 0.4984091614889768


epsilon: 5.740453125

m: 5.808333333333333

Residual: 0.19688511423105096


epsilon: 5.882192708333333

m: 5.5249999999999995

Residual: 0.2896610772303522


epsilon: 5.775888020833333

m: 5.737499999999999

Residual: 0.13481984836597277


epsilon: 5.4924088541666665

m: 5.737499999999999

Residual: 0.16774995609080334


epsilon: 5.837899088541667

m: 5.684374999999999

Residual: 0.13907182525938228


epsilon: 5.607572265625

m: 5.719791666666666

Residual: 0.13904031929795532


epsilon: 5.665153971354166

m: 5.710937499999998

Residual: 0.13195158007318092


epsilon: 5.771458658854167

m: 5.781770833333331

Residual: 0.16444886460012612


epsilon: 5.695052164713542

m: 5.695442708333332

Residual: 0.13075472112310768


epsilon: 5.584318115234375

m: 5.6688802083333325

Residual: 0.133749740122917


epsilon: 5.632210591634114

m: 5.686035156249999

Residual: 0.13353918598490389


epsilon: 5.727995544433594

m: 5.720345052083332

Residual: 0.1330505408256605


epsilon: 5.704049306233724

m: 5.711767578124999

Residual: 0.13363182893362352


epsilon: 5.680103068033854

m: 5.703190104166666

Residual: 0.1355788056770855


epsilon: 5.663631378173828

m: 5.690738932291666

Residual: 0.1327737261874125


epsilon: 5.678580474853516

m: 5.682991536458331

Residual: 0.13382780562285576


epsilon: 5.6789611231486

m: 5.688041178385415

Residual: 0.1338213628531841


epsilon: 5.67972241973877

m: 5.698140462239582

Residual: 0.13358305469381088


epsilon: 5.679532095591227

m: 5.69561564127604

Residual: 0.13412748921724624


epsilon: 5.679341771443685

m: 5.693090820312499

Residual: 0.13362197349479008


epsilon: 5.6870066439310705

m: 5.691741943359373

Residual: 0.13062419134461303


epsilon: 5.702717037200927

m: 5.694093831380208

Residual: 0.1349940334694071


epsilon: 5.685185587882995

m: 5.693341573079426

Residual: 0.13454739752857564


epsilon: 5.691029404322306

m: 5.693592325846353

Residual: 0.1348270344632774


epsilon: 5.683174207687378

m: 5.692416381835936

Residual: 0.1330140078626838


epsilon: 5.679151447296142

m: 5.690565999348955

Residual: 0.13390494153397534


epsilon: 5.682120936552683

m: 5.691322580973305

Residual: 0.13205129985041925


epsilon: 5.685953372796375

m: 5.690648142496742

Residual: 0.1326842559434519


epsilon: 5.685258581519126

m: 5.691090202331539

Residual: 0.13518055735861467


epsilon: 5.684563790241876

m: 5.691532262166339

Residual: 0.13185810800227304


epsilon: 5.685090425809224

m: 5.692079162597654

Residual: 0.13098600056140008


epsilon: 5.687533279498419

m: 5.6922888437906884

Residual: 0.13564367216224976


epsilon: 5.685306162556012

m: 5.691721407572427

Residual: 0.13460902684750253


epsilon: 5.686048534870148

m: 5.691910552978514

Residual: 0.13426597926577688


epsilon: 5.685785217086473

m: 5.691637102762856

Residual: 0.13524923981971235


epsilon: 5.687269961714745

m: 5.692015393575032

Residual: 0.1326941563672536


epsilon: 5.688228070775667

m: 5.691846783955891

Residual: 0.13563507062014596


epsilon: 5.6865934188465275

m: 5.6918946107228585

Residual: 0.13654271449949368


epsilon: 5.687138302822907

m: 5.6918786684672025

Residual: 0.13223236239725833


epsilon: 5.686527589400609

m: 5.691826248168944

Residual: 0.13330187146472078


epsilon: 5.687617357353369

m: 5.691794363657632

Residual: 0.13498652851902668


epsilon: 5.686800031388799

m: 5.691818277041116

Residual: 0.13283264817452106


epsilon: 5.687344915365179

m: 5.69180233478546

Residual: 0.13301561872219295


epsilon: 5.686936252382894

m: 5.691814291477202

Residual: 0.13225523659891064


epsilon: 5.687208694371083

m: 5.691806320349373

Residual: 0.13441273111303353


epsilon: 5.687004362879941

m: 5.691812298695245

Residual: 0.13208839075235482


epsilon: 5.686872703988104

m: 5.691675573587416

Residual: 0.13500302845335102


epsilon: 5.687071903114207

m: 5.691827894747256

Residual: 0.13361218527065974


epsilon: 5.687005503405506

m: 5.691777121027309

Residual: 0.13460231672722892


epsilon: 5.687072473376989

m: 5.691810305913288

Residual: 0.13492541278768433


epsilon: 5.6869396739595865

m: 5.6917087584733945

Residual: 0.1341824351602312


epsilon: 5.68694081448515

m: 5.691673580805459

Residual: 0.13270650366779468


epsilon: 5.687007784456635

m: 5.691706765691437

Residual: 0.13234244181584823


epsilon: 5.687073613902556

m: 5.691775128245352

Residual: 0.1328531263505781


epsilon: 5.686974014339501

m: 5.691698967665432

Residual: 0.13201062985098522


epsilon: 5.686972873813937

m: 5.691734145333369

Residual: 0.13400075524173857


epsilon: 5.68699905679596

m: 5.69171361060192

Residual: 0.13567339678296264


epsilon: 5.686990329135286

m: 5.691720455512403

Residual: 0.13153895825993456


epsilon: 5.687007214193853

m: 5.691724354525405

Residual: 0.13241852978367386


epsilon: 5.686989758872503

m: 5.691738044346371

Residual: 0.13164526448510494


epsilon: 5.686994122702841

m: 5.691734621891129

Residual: 0.13184874813381542


epsilon: 5.686998486533178

m: 5.691731199435888

Residual: 0.13418356741698745


epsilon: 5.687006929062462

m: 5.691733148942389

Residual: 0.13534224020642627


epsilon: 5.686998201401786

m: 5.691739993852871

Residual: 0.13190751056806732


epsilon: 5.687006358799677

m: 5.691750737776357

Residual: 0.13361433702428493


epsilon: 5.687004390733053

m: 5.6917458531912395

Residual: 0.13181697097295428


epsilon: 5.6870128332623375

m: 5.6917478026977415

Residual: 0.13494360904338415


epsilon: 5.687001859366924

m: 5.691741946064089

Residual: 0.13718179712125533


epsilon: 5.687005517332062

m: 5.691743898275306

Residual: 0.1328859464604335


epsilon: 5.687002422666428

m: 5.691740968606123

Residual: 0.13236423782890772


epsilon: 5.6870035492654365

m: 5.6917390136901895

Residual: 0.1337958565091995


epsilon: 5.687005025315406

m: 5.691742677129027

Residual: 0.13097543692848754


epsilon: 5.687009246580049

m: 5.691743651882277

Residual: 0.13613436060314632


epsilon: 5.687004128644833

m: 5.691741639425161

Residual: 0.13086379546192634


epsilon: 5.687005747260498

m: 5.691740905655508

Residual: 0.13631575341317642


epsilon: 5.687005205801679

m: 5.691742234260648

Residual: 0.13424764618034854


epsilon: 5.687005386287952

m: 5.691741791392268

Residual: 0.13234304253528756


epsilon: 5.687005834623238

m: 5.6917423102442

Residual: 0.13161872914942904


epsilon: 5.687007092266358

m: 5.691742462211305

Residual: 0.13204571154731345


epsilon: 5.687006665771757

m: 5.691742294506547

Residual: 0.13248636294963706


epsilon: 5.687006239277155

m: 5.6917421268017865

Residual: 0.13389649234730824


epsilon: 5.687006015109511

m: 5.69174186737582

Residual: 0.13367370181689622


epsilon: 5.687006419763426

m: 5.691741683933406

Residual: 0.13359643838748825


epsilon: 5.687007048584985

m: 5.691741759916959

Residual: 0.1313043803762181


epsilon: 5.687007272752629

m: 5.691742019342927

Residual: 0.13539800421581927


epsilon: 5.687006633010727

m: 5.691741767785786

Residual: 0.13230427790618535


epsilon: 5.687007059505328

m: 5.691741935490547

Residual: 0.1322748636933012


epsilon: 5.687006952881677

m: 5.691741893564357

Residual: 0.1328910369150917


epsilon: 5.687006846258027

m: 5.691741851638167

Residual: 0.13309847925623292


epsilon: 5.687006638470899

m: 5.69174185557258

Residual: 0.13526893204424623


epsilon: 5.687006851718199

m: 5.6917419394249595

Residual: 0.13356039479228363


epsilon: 5.687006798406374

m: 5.691741918461865

Residual: 0.13177084475082568


epsilon: 5.687006596079417

m: 5.691742010183072

Residual: 0.13432785581343507


epsilon: 5.687006783713375

m: 5.691741891274393

Residual: 0.13449144029255


epsilon: 5.687006721168722

m: 5.691741930910619

Residual: 0.13405203960672704


epsilon: 5.687006745094549

m: 5.69174189749877

Residual: 0.13373878049691446


epsilon: 5.687006667856898

m: 5.691741909947525

Residual: 0.1368943495264344


epsilon: 5.687006707840766

m: 5.691741925669845

Residual: 0.13570427386675254


epsilon: 5.68700669451281

m: 5.691741920429072

Residual: 0.13127605030720219


epsilon: 5.687006682549896

m: 5.691741937134996

Residual: 0.13480140364892904


epsilon: 5.687006655893985

m: 5.6917419266534495

Residual: 0.13292747242103697


epsilon: 5.6870066625579625

m: 5.691741929273837

Residual: 0.13314309265680807


epsilon: 5.68700666922194

m: 5.691741931894223

Residual: 0.13226802878051802


epsilon: 5.687006663240483

m: 5.6917419402471845

Residual: 0.13386900333265897


epsilon: 5.687006649912528

m: 5.691741935006411

Residual: 0.13156812827873676


epsilon: 5.687006624621658

m: 5.691741946471561

Residual: 0.13486043844490775


epsilon: 5.687006658071869

m: 5.691741935538557

Residual: 0.1330971036531897


epsilon: 5.687006646921799

m: 5.691741939182892

Residual: 0.13681909803195125


epsilon: 5.687006656576505

m: 5.691741937626798

Residual: 0.131608911024196


epsilon: 5.687006653585777

m: 5.691741941803279

Residual: 0.13787026151684456


epsilon: 5.6870066485877935

m: 5.691741939837989

Residual: 0.1323368276159545


epsilon: 5.687006651919782

m: 5.691741941148182

Residual: 0.13358328129374542


epsilon: 5.687006649420791

m: 5.691741940165537

Residual: 0.13355264500237307


epsilon: 5.687006650253788

m: 5.691741940493086

Residual: 0.13206882132433917


epsilon: 5.687006646259432

m: 5.691741941598681

Residual: 0.13366054212220418


epsilon: 5.687006647925427

m: 5.6917419422537785

Residual: 0.13664178419036854


epsilon: 5.687006646675931

m: 5.691741941762455

Residual: 0.13644787098589614


epsilon: 5.68700664709243

m: 5.69174194192623

Residual: 0.1320679541458454


epsilon: 5.687006645095251

m: 5.691741942479027

Residual: 0.13383665306175485


epsilon: 5.687006645928249

m: 5.691741942806576

Residual: 0.1306170067158658


epsilon: 5.687006646344747

m: 5.691741942970353

Residual: 0.13124857954212973


epsilon: 5.687006642766891

m: 5.69174194423972

Residual: 0.13806879356584836


epsilon: 5.687006646011045

m: 5.691741942504603

Residual: 0.13259207554955357


epsilon: 5.68700664492966

m: 5.691741943082975

Residual: 0.13537633367719526


epsilon: 5.687006646510339

m: 5.691741942366403

Residual: 0.13514089291578552


epsilon: 5.687006647508927

m: 5.691741942090004

Residual: 0.13300629253736554


epsilon: 5.687006646926838

m: 5.691741942530178

Residual: 0.13316424312363034


epsilon: 5.687006646822714

m: 5.6917419424892355

Residual: 0.1316925095448281


Warning: Maximum number of iterations has been exceeded.
sigma: 1.5

m: 5.6917419424892355

n: 35.0

epsilon: 5.687006646822714

Residual: 0.13557804670231643
