epsilon: 1.3416666666666668

m: 5.0

Residual: 0.2794748892911275


epsilon: 1.4087500000000002

m: 5.0

Residual: 0.25613019049263364


epsilon: 1.3416666666666668

m: 5.25

Residual: 0.7236849421418554


epsilon: 1.4087500000000004

m: 4.75

Residual: 0.634459260399718


epsilon: 1.3919791666666672

m: 4.875

Residual: 0.3337463166280988


epsilon: 1.3584375

m: 5.125

Residual: 0.4614021174696611


epsilon: 1.3835937500000004

m: 4.9375

Residual: 0.272920852875541


epsilon: 1.4506770833333338

m: 4.9375

Residual: 0.27045084351675497


epsilon: 1.4758333333333338

m: 5.0

Residual: 0.2971171071535772


epsilon: 1.4066536458333339

m: 4.953125

Residual: 0.2725673740674872


epsilon: 1.4527734375000003

m: 4.984375

Residual: 0.25488793298772094


epsilon: 1.475833333333334

m: 5.0

Residual: 0.2948042476747653


epsilon: 1.410846354166667

m: 5.046875

Residual: 0.29981237784044934


epsilon: 1.440719401041667

m: 4.96484375

Residual: 0.26592176785037264


epsilon: 1.4208040364583336

m: 5.01953125

Residual: 0.29507446920976943


epsilon: 1.4357405598958337

m: 4.978515625

Residual: 0.24207356111274636


epsilon: 1.4797639973958339

m: 4.962890625

Residual: 0.30610322778349364


epsilon: 1.4265034993489585

m: 4.99072265625

Residual: 0.26728080623216255


epsilon: 1.444256998697917

m: 4.9814453125

Residual: 0.31570929165722666


epsilon: 1.422245279947917

m: 4.9892578125

Residual: 0.26818716434502543


epsilon: 1.4137288411458337

m: 4.986328125

Residual: 0.27283039049473645


epsilon: 1.4213608805338545

m: 4.985107421875

Residual: 0.2901780700123948


epsilon: 1.4289929199218754

m: 4.98388671875

Residual: 0.26398058873494085


epsilon: 1.4399987792968754

m: 4.97998046875

Residual: 0.28246068208372965


epsilon: 1.424734700520834

m: 4.982421875

Residual: 0.2601324677512437


epsilon: 1.4314823404947925

m: 4.97705078125

Residual: 0.26714281623793795


epsilon: 1.4296152750651046

m: 4.982177734375

Residual: 0.26181203113420715


epsilon: 1.4308599853515633

m: 4.978759765625

Residual: 0.2952386960938387


epsilon: 1.4299264526367192

m: 4.9813232421875

Residual: 0.2676115206703649


epsilon: 1.430237630208334

m: 4.98046875

Residual: 0.26584656909158844


epsilon: 1.4326779174804691

m: 4.9803466796875

Residual: 0.29470955037011154


epsilon: 1.4333002726236985

m: 4.9786376953125

Residual: 0.3096820202934223


epsilon: 1.4328335062662765

m: 4.97991943359375

Residual: 0.2574786884971792


epsilon: 1.4383364359537762

m: 4.97796630859375

Residual: 0.3040340336640632


epsilon: 1.4322623316446945

m: 4.9798431396484375

Residual: 0.2817099754710543


epsilon: 1.434287033081055

m: 4.979217529296875

Residual: 0.237503803376855


epsilon: 1.4329890950520838

m: 4.9794921875

Residual: 0.24805951642201612


epsilon: 1.437038497924805

m: 4.978240966796875

Residual: 0.2661118931198896


epsilon: 1.4340014457702641

m: 4.979179382324219

Residual: 0.2775722152157049


epsilon: 1.4350137964884444

m: 4.9788665771484375

Residual: 0.29173481599889045


epsilon: 1.4336380640665696

m: 4.9793548583984375

Residual: 0.28776260241695084


epsilon: 1.4329113006591803

m: 4.979705810546875

Residual: 0.25393739947328386


epsilon: 1.433560269673666

m: 4.9795684814453125

Residual: 0.2824938322396061


epsilon: 1.433579718271892

m: 4.979515075683594

Residual: 0.28344341420150376


epsilon: 1.4335991668701178

m: 4.979461669921875

Residual: 0.2703604940324247


epsilon: 1.4339625485738123

m: 4.979286193847656

Residual: 0.24288376177642299


epsilon: 1.4346504147847496

m: 4.979042053222656

Residual: 0.2746424264132166


epsilon: 1.4338619788487756

m: 4.97935676574707

Residual: 0.27275625271005854


epsilon: 1.4341247908274337

m: 4.979251861572266

Residual: 0.28303932564351225


epsilon: 1.4339430999755864

m: 4.979339599609375

Residual: 0.2689526141445058


epsilon: 1.434105342229208

m: 4.979305267333984

Residual: 0.25864403728238033


epsilon: 1.4344492753346765

m: 4.979183197021484

Residual: 0.23842597168483387


epsilon: 1.4346309661865233

m: 4.979095458984375

Residual: 0.28298224224714597


epsilon: 1.4342367482185367

m: 4.979252815246582

Residual: 0.2736698755228068


epsilon: 1.4343681542078657

m: 4.97920036315918

Residual: 0.27824984127595254


epsilon: 1.4341961876551315

m: 4.97926139831543

Residual: 0.26178538436472715


epsilon: 1.4341150665283209

m: 4.979278564453125

Residual: 0.2934438274826683


epsilon: 1.4343048822879796

m: 4.979219913482666

Residual: 0.27255272030766


epsilon: 1.434178338448207

m: 4.979259014129639

Residual: 0.2592496557497504


epsilon: 1.4342691838741306

m: 4.979215145111084

Residual: 0.26001723155626444


epsilon: 1.434250934819381

m: 4.97922670841217

Residual: 0.28926667922477906


epsilon: 1.434232685764631

m: 4.979238271713257

Residual: 0.25588978976225873


epsilon: 1.4342416103680933

m: 4.979239463806152

Residual: 0.25432775123197315


epsilon: 1.4342959576845176

m: 4.9792187213897705

Residual: 0.2893983947164809


epsilon: 1.4342485037446027

m: 4.979233384132385

Residual: 0.279461127013896


epsilon: 1.4342643217245743

m: 4.979228496551514

Residual: 0.2850315337689724


epsilon: 1.434259859422843

m: 4.979227900505066

Residual: 0.2634433371661752


epsilon: 1.4342825707793239

m: 4.979216933250427

Residual: 0.27964069089866755


epsilon: 1.4342780085156364

m: 4.979219824075699

Residual: 0.2975713411977094


epsilon: 1.434273446251949

m: 4.9792227149009705

Residual: 0.30675578374552537


epsilon: 1.4342756774028147

m: 4.979223012924194

Residual: 0.2626004314985937


epsilon: 1.4342892642319207

m: 4.979217827320099

Residual: 0.2700900797578595


epsilon: 1.4342853097369277

m: 4.979219049215317

Residual: 0.2606393771675248


epsilon: 1.434296665415168

m: 4.979213565587997

Residual: 0.2875289519351856


epsilon: 1.4342809244059032

m: 4.979220651090145

Residual: 0.26330759196825293


epsilon: 1.4342861714089914

m: 4.979218289256096

Residual: 0.2655315385894062


epsilon: 1.434281355241935

m: 4.979220271110535

Residual: 0.2834920074820054


epsilon: 1.4342918492481118

m: 4.979215547442436

Residual: 0.2696819717337119


epsilon: 1.4342892257465674

m: 4.979216728359461

Residual: 0.2749833292318186


epsilon: 1.4342866022450234

m: 4.979217909276485

Residual: 0.265758665241478


epsilon: 1.434284194161495

m: 4.979218900203705

Residual: 0.27052951963673477


epsilon: 1.4342894411645835

m: 4.979216538369656

Residual: 0.2822758764809445


epsilon: 1.4342855059122672

m: 4.9792183097451925

Residual: 0.2751627055472037


epsilon: 1.4342868176630392

m: 4.97921771928668

Residual: 0.25867405315171504


epsilon: 1.4342856136212752

m: 4.97921821475029

Residual: 0.26409674321933446


epsilon: 1.4342882371228192

m: 4.979217033833265

Residual: 0.27291925772207515


epsilon: 1.4342862694966612

m: 4.979217919521034

Residual: 0.2896319685133693


epsilon: 1.4342869253720472

m: 4.979217624291778

Residual: 0.27295231646343804


epsilon: 1.4342863233511651

m: 4.9792178720235825

Residual: 0.2493737421134237


epsilon: 1.434286431060173

m: 4.97921777702868

Residual: 0.3003781442450531


epsilon: 1.4342868017940786

m: 4.979217662476003

Residual: 0.32684289970818986


epsilon: 1.4342866782161101

m: 4.979217700660229

Residual: 0.2834901482604061


epsilon: 1.4342869792265511

m: 4.979217576794326

Residual: 0.28106910620210057


epsilon: 1.4342873340914961

m: 4.979217405430973

Residual: 0.25971769402639444


epsilon: 1.434287387946

m: 4.979217357933521

Residual: 0.2843794572324817


epsilon: 1.4342870814064135

m: 4.979217522079125

Residual: 0.2652882085274905


epsilon: 1.4342872857661377

m: 4.9792174126487225

Residual: 0.2597899263758124


epsilon: 1.4342872346762068

m: 4.979217440006323

Residual: 0.27651537975929374


epsilon: 1.4342871835862756

m: 4.979217467363924

Residual: 0.2771820883199838


epsilon: 1.4342870572437343

m: 4.979217525688

Residual: 0.2964516738506363


epsilon: 1.4342871594235966

m: 4.979217470972799

Residual: 0.2768423958929121


epsilon: 1.4342870089183763

m: 4.97921753290575

Residual: 0.23764528700797138


epsilon: 1.4342868825758346

m: 4.979217591229826

Residual: 0.29582561980859146


epsilon: 1.4342870902116562

m: 4.979217501037056

Residual: 0.28608405304382845


epsilon: 1.4342870209997156

m: 4.9792175311013125

Residual: 0.270816958782709


epsilon: 1.434287096252326

m: 4.979217500134837

Residual: 0.29138622167739614


epsilon: 1.4342869578284447

m: 4.979217560263351

Residual: 0.28756468870378094


epsilon: 1.434286992434415

m: 4.979217545231222

Residual: 0.2820370193416475


epsilon: 1.4342870616463557

m: 4.979217515166965

Residual: 0.2724740645451912


epsilon: 1.4342870443433706

m: 4.9792175226830295

Residual: 0.2621191283897659


epsilon: 1.43428705642471

m: 4.979217520878592

Residual: 0.2544497559354527


epsilon: 1.4342870451623946

m: 4.9792175274924375

Residual: 0.26510000110945253


epsilon: 1.4342870445481266

m: 4.9792175238853815

Residual: 0.29174306388011195


epsilon: 1.4342870447528826

m: 4.9792175250877335

Residual: 0.2601113852195252


epsilon: 1.4342870387122129

m: 4.979217525989952

Residual: 0.2744175031957878


epsilon: 1.4342870391217248

m: 4.979217528394656

Residual: 0.27680777399038564


epsilon: 1.434287038814591

m: 4.979217526591128

Residual: 0.25395109536416627


epsilon: 1.4342870271427635

m: 4.97921753080027

Residual: 0.28146621276044415


epsilon: 1.4342870403503527

m: 4.979217526515868

Residual: 0.24779528421366576


epsilon: 1.4342870346168168

m: 4.979217529221614

Residual: 0.2717905661149502


epsilon: 1.4342870377651473

m: 4.97921752724875

Residual: 0.259599922255918


epsilon: 1.434287036715704

m: 4.979217527906371

Residual: 0.2484702677667559


epsilon: 1.434287035947823

m: 4.979217527944002

Residual: 0.2621565674413674


epsilon: 1.4342870338489362

m: 4.979217529259245

Residual: 0.2678589308410961


epsilon: 1.4342870354231012

m: 4.979217528272812

Residual: 0.28061149938579444


epsilon: 1.4342870348983796

m: 4.979217528601623

Residual: 0.26787486897005347


epsilon: 1.4342870345144392

m: 4.979217528620438

Residual: 0.25817328672309436


epsilon: 1.4342870326971147

m: 4.97921752931569

Residual: 0.2875890694581983


epsilon: 1.4342870343480634

m: 4.97921752878014

Residual: 0.2706952370918633


epsilon: 1.4342870337977471

m: 4.979217528958657

Residual: 0.25327540407947413


epsilon: 1.4342870339897174

m: 4.979217528949249

Residual: 0.26469790413659944


epsilon: 1.4342870328890849

m: 4.979217529306283

Residual: 0.2726529385846895


epsilon: 1.4342870337145592

m: 4.9792175290385075

Residual: 0.2993140435177718


epsilon: 1.4342870334394011

m: 4.979217529127766

Residual: 0.271486261637289


epsilon: 1.4342870335353863

m: 4.979217529123062

Residual: 0.31110548953712214


epsilon: 1.43428703298507

m: 4.979217529301579

Residual: 0.2716955680669443


epsilon: 1.4342870331226494

m: 4.97921752925695

Residual: 0.30744820613980206


epsilon: 1.4342870332602282

m: 4.97921752921232

Residual: 0.23979063120373678


epsilon: 1.4342870333082207

m: 4.9792175292099685

Residual: 0.2866546976132505


Warning: Maximum number of iterations has been exceeded.
sigma: 0.6

n: 35.0

m: 4.9792175292099685

epsilon: 1.4342870333082207

Residual: 0.2773172333648348
