epsilon: 7.334166666666667

m: 5.833333333333333

Residual: 0.06779979360348094


epsilon: 7.700875000000001

m: 5.833333333333333

Residual: 0.06968097836808788


epsilon: 7.334166666666667

m: 6.125

Residual: 0.15572008067873339


epsilon: 7.700875000000001

m: 5.541666666666666

Residual: 0.1563410830870303


epsilon: 7.42584375

m: 5.979166666666666

Residual: 0.08652385990220379


epsilon: 7.609197916666668

m: 5.6875

Residual: 0.10222444313120407


epsilon: 7.471682291666667

m: 5.90625

Residual: 0.06704360480750701


epsilon: 7.104973958333335

m: 5.906249999999999

Residual: 0.0782873407976089


epsilon: 7.551899739583334

m: 5.8515625

Residual: 0.06361194554596564


epsilon: 7.689415364583334

m: 5.924479166666667

Residual: 0.06304704424714133


epsilon: 7.867039713541667

m: 5.970052083333334

Residual: 0.06642320338322037


epsilon: 7.769632812499999

m: 5.869791666666668

Residual: 0.06568493236464251


epsilon: 7.695145182291666

m: 5.87890625

Residual: 0.06368563173265968


epsilon: 7.546169921875

m: 5.897135416666668

Residual: 0.0641655091103428


epsilon: 7.6579013671875

m: 5.883463541666667

Residual: 0.06020111879599003


epsilon: 7.7954169921875

m: 5.956380208333334

Residual: 0.06386320113254798


epsilon: 7.612779052734375

m: 5.877766927083334

Residual: 0.061705999631159324


epsilon: 7.58126505533854

m: 5.836751302083333

Residual: 0.0649287364208481


epsilon: 7.662377787272135

m: 5.902547200520834

Residual: 0.06406405264891525


epsilon: 7.635340209960937

m: 5.880615234375

Residual: 0.06292957714108822


epsilon: 7.673658365885417

m: 5.903971354166667

Residual: 0.06175502091502478


epsilon: 7.69621952311198

m: 5.906819661458334

Residual: 0.06195158267884824


epsilon: 7.680999694824219

m: 5.9002685546875

Residual: 0.06119769955481008


epsilon: 7.665242696126302

m: 5.879760742187501

Residual: 0.06547444572176712


epsilon: 7.671554448445638

m: 5.897918701171875

Residual: 0.06366498055754798


epsilon: 7.669450531005859

m: 5.891866048177084

Residual: 0.06306297327776446


epsilon: 7.665779866536458

m: 5.893717447916667

Residual: 0.06329620741556687


epsilon: 7.661572031656902

m: 5.881612141927083

Residual: 0.06263088882830554


epsilon: 7.650022867838542

m: 5.873209635416666

Residual: 0.06417430283730449


epsilon: 7.66459361521403

m: 5.8872019449869795

Residual: 0.06535877677042623


epsilon: 7.659736699422201

m: 5.882537841796875

Residual: 0.0632790997056619


epsilon: 7.66367594909668

m: 5.887664794921875

Residual: 0.062431790118528036


epsilon: 7.66184061686198

m: 5.888590494791668

Residual: 0.06310353375264732


epsilon: 7.661314637502036

m: 5.887077331542969

Residual: 0.06623356196727866


epsilon: 7.66078865814209

m: 5.885564168294271

Residual: 0.06280686254959782


epsilon: 7.65881903330485

m: 5.883000691731771

Residual: 0.06185119291772842


epsilon: 7.65593174235026

m: 5.880900065104166

Residual: 0.06308772194724037


epsilon: 7.659574429194133

m: 5.884398142496745

Residual: 0.06334886850526869


epsilon: 7.658360200246175

m: 5.883232116699219

Residual: 0.06482762797235192


epsilon: 7.6593450126647955

m: 5.884513854980469

Residual: 0.06373432042021634


epsilon: 7.658886179606121

m: 5.884745279947918

Residual: 0.0637777795634517


epsilon: 7.658754684766135

m: 5.884366989135742

Residual: 0.0652578625994359


epsilon: 7.658623189926148

m: 5.883988698323568

Residual: 0.06056586207550348


epsilon: 7.658130783716837

m: 5.883347829182943

Residual: 0.0648128577618376


epsilon: 7.658393773396812

m: 5.884104410807291

Residual: 0.06390941676673814


epsilon: 7.658328025976817

m: 5.883915265401204

Residual: 0.06219033402108402


epsilon: 7.658196531136832

m: 5.88353697458903

Residual: 0.06356168065030912


epsilon: 7.65829515226682

m: 5.88382069269816

Residual: 0.06392959116542508


epsilon: 7.658262278556824

m: 5.883726119995117

Residual: 0.06451293023487441


epsilon: 7.6581146965821585

m: 5.8836894035339355

Residual: 0.06384412712620433


epsilon: 7.657753785212835

m: 5.883426825205486

Residual: 0.06265923174622347


epsilon: 7.657540455818177

m: 5.8832009633382185

Residual: 0.06371504997789504


epsilon: 7.6576840160091715

m: 5.883323073387148

Residual: 0.061107204936599435


epsilon: 7.6578315979838365

m: 5.883359789848328

Residual: 0.0628621293973928


epsilon: 7.657773238405586

m: 5.883410066366197

Residual: 0.0646521771319466


epsilon: 7.657792691598336

m: 5.883393307526907

Residual: 0.06334340323728303


epsilon: 7.657827576200168

m: 5.883445183436077

Residual: 0.06521099379128686


epsilon: 7.657866482585668

m: 5.883411665757496

Residual: 0.06434242596024763


epsilon: 7.657856755989292

m: 5.883420045177141

Residual: 0.06449583310468707


epsilon: 7.657847029392918

m: 5.8834284245967865

Residual: 0.063394654955191


epsilon: 7.657864471693834

m: 5.883454362551372

Residual: 0.06393489204756894


epsilon: 7.657883924886583

m: 5.883437603712082

Residual: 0.06464713347954043


epsilon: 7.6578693349920215

m: 5.88345017284155

Residual: 0.06467718391106778


epsilon: 7.657874198290209

m: 5.883445983131727

Residual: 0.060824076513552136


epsilon: 7.657882919440667

m: 5.88345895210902

Residual: 0.06206875849960754


epsilon: 7.657892646037041

m: 5.883450572689373

Residual: 0.06456368071259912


epsilon: 7.65788535108976

m: 5.883456857254108

Residual: 0.06318453145557856


epsilon: 7.657887782738854

m: 5.883454762399197

Residual: 0.061905805145243416


epsilon: 7.657892143314083

m: 5.883461246887844

Residual: 0.06434690181698306


epsilon: 7.65789700661227

m: 5.8834570571780205

Residual: 0.06191203088053371


epsilon: 7.657895790787723

m: 5.8834581046054755

Residual: 0.06326084951039301


epsilon: 7.657894574963176

m: 5.883459152032932

Residual: 0.06365249601368869


epsilon: 7.657896755250791

m: 5.883462394277256

Residual: 0.06544860263674496


epsilon: 7.6578991868998845

m: 5.883460299422342

Residual: 0.06151753730132387


epsilon: 7.657905979124209

m: 5.883464689056078

Residual: 0.0627525005423133


epsilon: 7.65790312808395

m: 5.883463304800292

Residual: 0.06372776979383028


epsilon: 7.657900277043693

m: 5.883461920544505

Residual: 0.061680823231448044


epsilon: 7.657897971075338

m: 5.883461346849799

Residual: 0.05880099849962375


epsilon: 7.657899061219146

m: 5.883462967971962

Residual: 0.06337639692816747


epsilon: 7.657899973087556

m: 5.883462182401369

Residual: 0.0645571149169655


epsilon: 7.657899669131419

m: 5.8834624442582335

Residual: 0.06295184197337968


epsilon: 7.657899124059515

m: 5.883461633697152

Residual: 0.06232782301211529


epsilon: 7.657897426003434

m: 5.883460536288718

Residual: 0.06280454675659428


epsilon: 7.6578979867854295

m: 5.883461013281097

Residual: 0.0630667831364783


epsilon: 7.657898547567426

m: 5.883461490273476

Residual: 0.06389925582654553


epsilon: 7.657898820103378

m: 5.883461895554016

Residual: 0.06107652070317252


epsilon: 7.65789824361129

m: 5.883461752130341

Residual: 0.06408285205944886


epsilon: 7.657898471578392

m: 5.883461555737692

Residual: 0.06305178556230102


epsilon: 7.657898319600324

m: 5.8834616866661245

Residual: 0.06317369745413047


epsilon: 7.657898433583875

m: 5.8834615884698

Residual: 0.06363291267817171


epsilon: 7.657898395589358

m: 5.883461621201908

Residual: 0.0626699117556989


epsilon: 7.657898221326865

m: 5.883461451293746

Residual: 0.06421847347610847


epsilon: 7.657898145337831

m: 5.883461516757961

Residual: 0.06413029789600494


epsilon: 7.657898164335089

m: 5.883461500391907

Residual: 0.06488301838589802


epsilon: 7.657898183332348

m: 5.883461484025854

Residual: 0.06376681934570569


epsilon: 7.657898096201102

m: 5.883461399071773

Residual: 0.06167359513725217


epsilon: 7.657897883944091

m: 5.883461261895719

Residual: 0.06424105942643381


epsilon: 7.657898108485284

m: 5.8834614284933195

Residual: 0.0633110934668355


epsilon: 7.657897958791155

m: 5.883461317428253

Residual: 0.06381780235483898


epsilon: 7.6578980710617515

m: 5.883461400727053

Residual: 0.06423628740381261


epsilon: 7.65789803363822

m: 5.883461372960786

Residual: 0.06178462160725843


epsilon: 7.657898039780311

m: 5.883461387671559

Residual: 0.06448296670976983


epsilon: 7.657897964933247

m: 5.883461332139026

Residual: 0.06351178845485016


epsilon: 7.657897983645013

m: 5.883461346022159

Residual: 0.06366762053809683


epsilon: 7.657898002356779

m: 5.883461359905293

Residual: 0.06156043676244099


epsilon: 7.657898005427825

m: 5.883461367260679

Residual: 0.06131459642681911


epsilon: 7.657897974146383

m: 5.883461354205186

Residual: 0.062148776959907184


epsilon: 7.657897995304181

m: 5.883461358480266

Residual: 0.06342973413106996


epsilon: 7.657897988251581

m: 5.883461357055239

Residual: 0.06205561922612811


epsilon: 7.657897986716058

m: 5.883461353377546

Residual: 0.06427486123011286


epsilon: 7.657897972610861

m: 5.883461350527492

Residual: 0.06413429725914045


epsilon: 7.657897976137161

m: 5.883461351240006

Residual: 0.062331846339753666


epsilon: 7.657897983189759

m: 5.883461352665033

Residual: 0.06445181846821409


epsilon: 7.65789797790031

m: 5.883461351596262

Residual: 0.06373475114359746


epsilon: 7.65789797966346

m: 5.883461351952519

Residual: 0.06588759475736597


epsilon: 7.657897973606249

m: 5.883461349044902

Residual: 0.06215839320012086


epsilon: 7.657897965018126

m: 5.883461343942182

Residual: 0.06312880504056288


epsilon: 7.65789796867946

m: 5.883461345944767

Residual: 0.06403928969093312


epsilon: 7.657897972340793

m: 5.8834613479473505

Residual: 0.06133603523993546


epsilon: 7.657897975369399

m: 5.883461349401159

Residual: 0.06330498486762913


epsilon: 7.657897968046732

m: 5.88346134539599

Residual: 0.061148285059254834


epsilon: 7.657897966781276

m: 5.883461344298438

Residual: 0.06206247038330124


epsilon: 7.657897970950914

m: 5.883461347035123

Residual: 0.06157510222125399


epsilon: 7.657897969561034

m: 5.883461346122894

Residual: 0.06310792471198222


epsilon: 7.657897971708065

m: 5.883461347398574

Residual: 0.06424285768525681


epsilon: 7.657897968928307

m: 5.883461345574119

Residual: 0.061727436885958484


epsilon: 7.65789797044261

m: 5.883461346301024

Residual: 0.06386576279086198


epsilon: 7.657897969781429

m: 5.883461346167427

Residual: 0.06427851890078992


epsilon: 7.657897970001822

m: 5.883461346211959

Residual: 0.062528518797098


epsilon: 7.657897970318186

m: 5.883461346486347

Residual: 0.06203503049509547


epsilon: 7.657897971391702

m: 5.883461347124186

Residual: 0.06195503351772165


epsilon: 7.657897972148855

m: 5.883461347487638

Residual: 0.06516234305881055


epsilon: 7.657897970775853

m: 5.88346134673667

Residual: 0.06372276429689042


epsilon: 7.6578979712335205

m: 5.8834613469869925

Residual: 0.0653850552844496


epsilon: 7.657897970696762

m: 5.8834613466680725

Residual: 0.06469317766474521


epsilon: 7.6578979705385795

m: 5.883461346530879

Residual: 0.0641158029309341


epsilon: 7.657897970917155

m: 5.883461346712606

Residual: 0.06534227607318814


epsilon: 7.65789797075186

m: 5.883461346679206

Residual: 0.06379168724195443


epsilon: 7.657897971288618

m: 5.883461346998125

Residual: 0.06496087103270613


epsilon: 7.657897970726089

m: 5.883461346647691

Residual: 0.06312727454038838


epsilon: 7.657897971049565

m: 5.883461346818284

Residual: 0.06380827782152713


epsilon: 7.657897970826287

m: 5.883461346713975

Residual: 0.0636197882172026


epsilon: 7.657897970975139

m: 5.883461346783514

Residual: 0.06266320572030458


Warning: Maximum number of iterations has been exceeded.
epsilon: 7.657897970975139

sigma: 2.0

n: 35.0

m: 5.883461346783514

Residual: 0.06185572768346021
