m: 5.0

n: 12.0

epsilon: 0.1

Residual: 0.5213603863189066


m: 5.0

n: 12.0

epsilon: 0.1

Residual: 0.520501609083322


m: 5.0

n: 12.0

epsilon: 0.3

Residual: 0.17206172337437284


m: 5.0

n: 12.0

epsilon: 0.5

Residual: 0.2386581948828568


m: 5.0

n: 12.0

epsilon: 0.7

Residual: 0.3750203287145267


m: 5.0

n: 12.0

epsilon: 0.8999999999999999

Residual: 0.4771969236977915


m: 5.0

n: 12.0

epsilon: 1.0999999999999999

Residual: 0.5518067972040506


m: 5.0

n: 12.0

epsilon: 1.3

Residual: 0.6075353901715006


m: 5.0

n: 12.0

epsilon: 1.5

Residual: 0.6503999686704995


m: 5.0

n: 16.714285714285715

epsilon: 0.1

Residual: 0.6049776721798754


m: 5.0

n: 16.714285714285715

epsilon: 0.3

Residual: 0.19466503312019534


m: 5.0

n: 16.714285714285715

epsilon: 0.5

Residual: 0.164873014650185


m: 5.0

n: 16.714285714285715

epsilon: 0.7

Residual: 0.26780190403422605


m: 5.0

n: 16.714285714285715

epsilon: 0.8999999999999999

Residual: 0.3789357302600121


m: 5.0

n: 16.714285714285715

epsilon: 1.0999999999999999

Residual: 0.4614290806099422


m: 5.0

n: 16.714285714285715

epsilon: 1.3

Residual: 0.5242420266433084


m: 5.0

n: 16.714285714285715

epsilon: 1.5

Residual: 0.5745313531405463


m: 5.0

n: 21.42857142857143

epsilon: 0.1

Residual: 0.6479147053240798


m: 5.0

n: 21.42857142857143

epsilon: 0.3

Residual: 0.23628494512948048


m: 5.0

n: 21.42857142857143

epsilon: 0.5

Residual: 0.14073857391190103


m: 5.0

n: 21.42857142857143

epsilon: 0.7

Residual: 0.20575607480435162


m: 5.0

n: 21.42857142857143

epsilon: 0.8999999999999999

Residual: 0.3158557178629623


m: 5.0

n: 21.42857142857143

epsilon: 1.0999999999999999

Residual: 0.4043969309196624


m: 5.0

n: 21.42857142857143

epsilon: 1.3

Residual: 0.4699362526070307


m: 5.0

n: 21.42857142857143

epsilon: 1.5

Residual: 0.5240923079507713


m: 5.0

n: 26.142857142857142

epsilon: 0.1

Residual: 0.6742154220596485


m: 5.0

n: 26.142857142857142

epsilon: 0.3

Residual: 0.2715049921483169


m: 5.0

n: 26.142857142857142

epsilon: 0.5

Residual: 0.13908309702681437


m: 5.0

n: 26.142857142857142

epsilon: 0.7

Residual: 0.17176110631056007


m: 5.0

n: 26.142857142857142

epsilon: 0.8999999999999999

Residual: 0.27266732590464277


m: 5.0

n: 26.142857142857142

epsilon: 1.0999999999999999

Residual: 0.35936584514100867


m: 5.0

n: 26.142857142857142

epsilon: 1.3

Residual: 0.43294572186030533


m: 5.0

n: 26.142857142857142

epsilon: 1.5

Residual: 0.48633320605895064


m: 5.0

n: 30.857142857142858

epsilon: 0.1

Residual: 0.6934219004517028


m: 5.0

n: 30.857142857142858

epsilon: 0.3

Residual: 0.2986259043025896


m: 5.0

n: 30.857142857142858

epsilon: 0.5

Residual: 0.14272510991228873


m: 5.0

n: 30.857142857142858

epsilon: 0.7

Residual: 0.15251142153428182


m: 5.0

n: 30.857142857142858

epsilon: 0.8999999999999999

Residual: 0.238276650983399


m: 5.0

n: 30.857142857142858

epsilon: 1.0999999999999999

Residual: 0.33002633104466744


m: 5.0

n: 30.857142857142858

epsilon: 1.3

Residual: 0.40366934309748687


m: 5.0

n: 30.857142857142858

epsilon: 1.5

Residual: 0.4601874840077085


m: 5.0

n: 35.57142857142857

epsilon: 0.1

Residual: 0.7072124275087623


m: 5.0

n: 35.57142857142857

epsilon: 0.3

Residual: 0.31978630734043834


m: 5.0

n: 35.57142857142857

epsilon: 0.5

Residual: 0.15344492925545986


m: 5.0

n: 35.57142857142857

epsilon: 0.7

Residual: 0.13920131473446912


m: 5.0

n: 35.57142857142857

epsilon: 0.8999999999999999

Residual: 0.21501753653967012


m: 5.0

n: 35.57142857142857

epsilon: 1.0999999999999999

Residual: 0.3071403626718617


m: 5.0

n: 35.57142857142857

epsilon: 1.3

Residual: 0.3791609788091738


m: 5.0

n: 35.57142857142857

epsilon: 1.5

Residual: 0.4393583013941913


m: 5.0

n: 40.285714285714285

epsilon: 0.1

Residual: 0.7185509784436008


m: 5.0

n: 40.285714285714285

epsilon: 0.3

Residual: 0.3395565265028419


m: 5.0

n: 40.285714285714285

epsilon: 0.5

Residual: 0.15981789723352957


m: 5.0

n: 40.285714285714285

epsilon: 0.7

Residual: 0.135893055764606


m: 5.0

n: 40.285714285714285

epsilon: 0.8999999999999999

Residual: 0.19475918221914906


m: 5.0

n: 40.285714285714285

epsilon: 1.0999999999999999

Residual: 0.286956029746089


m: 5.0

n: 40.285714285714285

epsilon: 1.3

Residual: 0.3628297842085931


m: 5.0

n: 40.285714285714285

epsilon: 1.5

Residual: 0.4213569949457339


m: 5.0

n: 45.0

epsilon: 0.1

Residual: 0.7261490884319128


m: 5.0

n: 45.0

epsilon: 0.3

Residual: 0.35559167203146447


m: 5.0

n: 45.0

epsilon: 0.5

Residual: 0.16376639033691223


m: 5.0

n: 45.0

epsilon: 0.7

Residual: 0.13227951549713998


m: 5.0

n: 45.0

epsilon: 0.8999999999999999

Residual: 0.18017300641314007


m: 5.0

n: 45.0

epsilon: 1.0999999999999999

Residual: 0.27087484802492523


m: 5.0

n: 45.0

epsilon: 1.3

Residual: 0.349142796331524


m: 5.0

n: 45.0

epsilon: 1.5

Residual: 0.408115956665222


m: 5.285714285714286

n: 12.0

epsilon: 0.1

Residual: 0.568366473384414


m: 5.285714285714286

n: 12.0

epsilon: 0.3

Residual: 0.16238126601787542


m: 5.285714285714286

n: 12.0

epsilon: 0.5

Residual: 0.19166674280817317


m: 5.285714285714286

n: 12.0

epsilon: 0.7

Residual: 0.317610536091431


m: 5.285714285714286

n: 12.0

epsilon: 0.8999999999999999

Residual: 0.42485249359187827


m: 5.285714285714286

n: 12.0

epsilon: 1.0999999999999999

Residual: 0.5035183541572651


m: 5.285714285714286

n: 12.0

epsilon: 1.3

Residual: 0.5641221191028486


m: 5.285714285714286

n: 12.0

epsilon: 1.5

Residual: 0.6098489283409381


m: 5.285714285714286

n: 16.714285714285715

epsilon: 0.1

Residual: 0.6487434475202425


m: 5.285714285714286

n: 16.714285714285715

epsilon: 0.3

Residual: 0.22405830834509347


m: 5.285714285714286

n: 16.714285714285715

epsilon: 0.5

Residual: 0.1287232448778776


m: 5.285714285714286

n: 16.714285714285715

epsilon: 0.7

Residual: 0.20165939583569384


m: 5.285714285714286

n: 16.714285714285715

epsilon: 0.8999999999999999

Residual: 0.3150905481330118


m: 5.285714285714286

n: 16.714285714285715

epsilon: 1.0999999999999999

Residual: 0.40247414784732666


m: 5.285714285714286

n: 16.714285714285715

epsilon: 1.3

Residual: 0.4710928120347883


m: 5.285714285714286

n: 16.714285714285715

epsilon: 1.5

Residual: 0.5268166497173495


m: 5.285714285714286

n: 21.42857142857143

epsilon: 0.1

Residual: 0.689376289956632


m: 5.285714285714286

n: 21.42857142857143

epsilon: 0.3

Residual: 0.2861620221107151


m: 5.285714285714286

n: 21.42857142857143

epsilon: 0.5

Residual: 0.1187548194315174


m: 5.285714285714286

n: 21.42857142857143

epsilon: 0.7

Residual: 0.14967236727520916


m: 5.285714285714286

n: 21.42857142857143

epsilon: 0.8999999999999999

Residual: 0.24631006518924492


m: 5.285714285714286

n: 21.42857142857143

epsilon: 1.0999999999999999

Residual: 0.33867617722173743


m: 5.285714285714286

n: 21.42857142857143

epsilon: 1.3

Residual: 0.4118730726309915


m: 5.285714285714286

n: 21.42857142857143

epsilon: 1.5

Residual: 0.46803495320896393


m: 5.285714285714286

n: 26.142857142857142

epsilon: 0.1

Residual: 0.7133345236800689


m: 5.285714285714286

n: 26.142857142857142

epsilon: 0.3

Residual: 0.33442085249665837


m: 5.285714285714286

n: 26.142857142857142

epsilon: 0.5

Residual: 0.13363962364777068


m: 5.285714285714286

n: 26.142857142857142

epsilon: 0.7

Residual: 0.12024163107087997


m: 5.285714285714286

n: 26.142857142857142

epsilon: 0.8999999999999999

Residual: 0.2008993751907952


m: 5.285714285714286

n: 26.142857142857142

epsilon: 1.0999999999999999

Residual: 0.2928254604795108


m: 5.285714285714286

n: 26.142857142857142

epsilon: 1.3

Residual: 0.36803163792058413


m: 5.285714285714286

n: 26.142857142857142

epsilon: 1.5

Residual: 0.42632280727424965


m: 5.285714285714286

n: 30.857142857142858

epsilon: 0.1

Residual: 0.7313322685255899


m: 5.285714285714286

n: 30.857142857142858

epsilon: 0.3

Residual: 0.36499227665225054


m: 5.285714285714286

n: 30.857142857142858

epsilon: 0.5

Residual: 0.15352396787478315


m: 5.285714285714286

n: 30.857142857142858

epsilon: 0.7

Residual: 0.11053074871092844


m: 5.285714285714286

n: 30.857142857142858

epsilon: 0.8999999999999999

Residual: 0.16780905134708365


m: 5.285714285714286

n: 30.857142857142858

epsilon: 1.0999999999999999

Residual: 0.258356999975179


m: 5.285714285714286

n: 30.857142857142858

epsilon: 1.3

Residual: 0.33424758227200424


m: 5.285714285714286

n: 30.857142857142858

epsilon: 1.5

Residual: 0.39882826266229787


m: 5.285714285714286

n: 35.57142857142857

epsilon: 0.1

Residual: 0.7458689789519096


m: 5.285714285714286

n: 35.57142857142857

epsilon: 0.3

Residual: 0.392694416749444


m: 5.285714285714286

n: 35.57142857142857

epsilon: 0.5

Residual: 0.1685096995569302


m: 5.285714285714286

n: 35.57142857142857

epsilon: 0.7

Residual: 0.10397630790720913


m: 5.285714285714286

n: 35.57142857142857

epsilon: 0.8999999999999999

Residual: 0.14695104943992932


m: 5.285714285714286

n: 35.57142857142857

epsilon: 1.0999999999999999

Residual: 0.23402699026012624


m: 5.285714285714286

n: 35.57142857142857

epsilon: 1.3

Residual: 0.31192322005728046


m: 5.285714285714286

n: 35.57142857142857

epsilon: 1.5

Residual: 0.37372001423749845


m: 5.285714285714286

n: 40.285714285714285

epsilon: 0.1

Residual: 0.7540768088806625


m: 5.285714285714286

n: 40.285714285714285

epsilon: 0.3

Residual: 0.40940648863872026


m: 5.285714285714286

n: 40.285714285714285

epsilon: 0.5

Residual: 0.18848414105862063


m: 5.285714285714286

n: 40.285714285714285

epsilon: 0.7

Residual: 0.10834063683777542


m: 5.285714285714286

n: 40.285714285714285

epsilon: 0.8999999999999999

Residual: 0.13005282686983952


m: 5.285714285714286

n: 40.285714285714285

epsilon: 1.0999999999999999

Residual: 0.21533359820120526


m: 5.285714285714286

n: 40.285714285714285

epsilon: 1.3

Residual: 0.29156082093090097


m: 5.285714285714286

n: 40.285714285714285

epsilon: 1.5

Residual: 0.3563645689870264


m: 5.285714285714286

n: 45.0

epsilon: 0.1

Residual: 0.7618079305882055


m: 5.285714285714286

n: 45.0

epsilon: 0.3

Residual: 0.4234070180290074


m: 5.285714285714286

n: 45.0

epsilon: 0.5

Residual: 0.19856575571505275


m: 5.285714285714286

n: 45.0

epsilon: 0.7

Residual: 0.10578386280256302


m: 5.285714285714286

n: 45.0

epsilon: 0.8999999999999999

Residual: 0.12248497852445087


m: 5.285714285714286

n: 45.0

epsilon: 1.0999999999999999

Residual: 0.1943940393916092


m: 5.285714285714286

n: 45.0

epsilon: 1.3

Residual: 0.27842574380661395


m: 5.285714285714286

n: 45.0

epsilon: 1.5

Residual: 0.3367679132875366


m: 5.571428571428571

n: 12.0

epsilon: 0.1

Residual: 0.6076986685529188


m: 5.571428571428571

n: 12.0

epsilon: 0.3

Residual: 0.17087238753998862


m: 5.571428571428571

n: 12.0

epsilon: 0.5

Residual: 0.14976119524709586


m: 5.571428571428571

n: 12.0

epsilon: 0.7

Residual: 0.26341622765427636


m: 5.571428571428571

n: 12.0

epsilon: 0.8999999999999999

Residual: 0.37557297219695474


m: 5.571428571428571

n: 12.0

epsilon: 1.0999999999999999

Residual: 0.45659741688658206


m: 5.571428571428571

n: 12.0

epsilon: 1.3

Residual: 0.5202426618446365


m: 5.571428571428571

n: 12.0

epsilon: 1.5

Residual: 0.5705094982486416


m: 5.571428571428571

n: 16.714285714285715

epsilon: 0.1

Residual: 0.6832889807036832


m: 5.571428571428571

n: 16.714285714285715

epsilon: 0.3

Residual: 0.2786271254665999


m: 5.571428571428571

n: 16.714285714285715

epsilon: 0.5

Residual: 0.1093252592964666


m: 5.571428571428571

n: 16.714285714285715

epsilon: 0.7

Residual: 0.15007462070633915


m: 5.571428571428571

n: 16.714285714285715

epsilon: 0.8999999999999999

Residual: 0.2581710930907285


m: 5.571428571428571

n: 16.714285714285715

epsilon: 1.0999999999999999

Residual: 0.34753258748242505


m: 5.571428571428571

n: 16.714285714285715

epsilon: 1.3

Residual: 0.42097154934421926


m: 5.571428571428571

n: 16.714285714285715

epsilon: 1.5

Residual: 0.47632594682832247


m: 5.571428571428571

n: 21.42857142857143

epsilon: 0.1

Residual: 0.7244589267450056


m: 5.571428571428571

n: 21.42857142857143

epsilon: 0.3

Residual: 0.3478355238636905


m: 5.571428571428571

n: 21.42857142857143

epsilon: 0.5

Residual: 0.1243312502919722


m: 5.571428571428571

n: 21.42857142857143

epsilon: 0.7

Residual: 0.10345936023181783


m: 5.571428571428571

n: 21.42857142857143

epsilon: 0.8999999999999999

Residual: 0.18467935063630578


m: 5.571428571428571

n: 21.42857142857143

epsilon: 1.0999999999999999

Residual: 0.27775657616207106


m: 5.571428571428571

n: 21.42857142857143

epsilon: 1.3

Residual: 0.3537557151084547


m: 5.571428571428571

n: 21.42857142857143

epsilon: 1.5

Residual: 0.4135422942112811


m: 5.571428571428571

n: 26.142857142857142

epsilon: 0.1

Residual: 0.7463693455422186


m: 5.571428571428571

n: 26.142857142857142

epsilon: 0.3

Residual: 0.3921079462202176


m: 5.571428571428571

n: 26.142857142857142

epsilon: 0.5

Residual: 0.16022807631482142


m: 5.571428571428571

n: 26.142857142857142

epsilon: 0.7

Residual: 0.0858815816703329


m: 5.571428571428571

n: 26.142857142857142

epsilon: 0.8999999999999999

Residual: 0.13977158203690918


m: 5.571428571428571

n: 26.142857142857142

epsilon: 1.0999999999999999

Residual: 0.22986238071178447


m: 5.571428571428571

n: 26.142857142857142

epsilon: 1.3

Residual: 0.30561611645309333


m: 5.571428571428571

n: 26.142857142857142

epsilon: 1.5

Residual: 0.3692646865485433


m: 5.571428571428571

n: 30.857142857142858

epsilon: 0.1

Residual: 0.7639374564784809


m: 5.571428571428571

n: 30.857142857142858

epsilon: 0.3

Residual: 0.42661153011092107


m: 5.571428571428571

n: 30.857142857142858

epsilon: 0.5

Residual: 0.19769041956958638


m: 5.571428571428571

n: 30.857142857142858

epsilon: 0.7

Residual: 0.08973537519068295


m: 5.571428571428571

n: 30.857142857142858

epsilon: 0.8999999999999999

Residual: 0.10775778750028533


m: 5.571428571428571

n: 30.857142857142858

epsilon: 1.0999999999999999

Residual: 0.19149780558909


m: 5.571428571428571

n: 30.857142857142858

epsilon: 1.3

Residual: 0.2723579050469285


m: 5.571428571428571

n: 30.857142857142858

epsilon: 1.5

Residual: 0.33921890644331637


m: 5.571428571428571

n: 35.57142857142857

epsilon: 0.1

Residual: 0.7742304748720449


m: 5.571428571428571

n: 35.57142857142857

epsilon: 0.3

Residual: 0.4480850458019482


m: 5.571428571428571

n: 35.57142857142857

epsilon: 0.5

Residual: 0.2248359657018386


m: 5.571428571428571

n: 35.57142857142857

epsilon: 0.7

Residual: 0.09547701963539525


m: 5.571428571428571

n: 35.57142857142857

epsilon: 0.8999999999999999

Residual: 0.09239555083447899


m: 5.571428571428571

n: 35.57142857142857

epsilon: 1.0999999999999999

Residual: 0.1652602628131607


m: 5.571428571428571

n: 35.57142857142857

epsilon: 1.3

Residual: 0.2461029234816376


m: 5.571428571428571

n: 35.57142857142857

epsilon: 1.5

Residual: 0.3059565241600926


m: 5.571428571428571

n: 40.285714285714285

epsilon: 0.1

Residual: 0.7834831193772317


m: 5.571428571428571

n: 40.285714285714285

epsilon: 0.3

Residual: 0.467145957471115


m: 5.571428571428571

n: 40.285714285714285

epsilon: 0.5

Residual: 0.24743775158878725


m: 5.571428571428571

n: 40.285714285714285

epsilon: 0.7

Residual: 0.09949231621458307


m: 5.571428571428571

n: 40.285714285714285

epsilon: 0.8999999999999999

Residual: 0.08729155825083766


m: 5.571428571428571

n: 40.285714285714285

epsilon: 1.0999999999999999

Residual: 0.14002633023677824


m: 5.571428571428571

n: 40.285714285714285

epsilon: 1.3

Residual: 0.22196805617439838


m: 5.571428571428571

n: 40.285714285714285

epsilon: 1.5

Residual: 0.29085578294094794


m: 5.571428571428571

n: 45.0

epsilon: 0.1

Residual: 0.7913193440934889


m: 5.571428571428571

n: 45.0

epsilon: 0.3

Residual: 0.4822479837209832


m: 5.571428571428571

n: 45.0

epsilon: 0.5

Residual: 0.26304265105461516


m: 5.571428571428571

n: 45.0

epsilon: 0.7

Residual: 0.11652509020677344


m: 5.571428571428571

n: 45.0

epsilon: 0.8999999999999999

Residual: 0.08014374866157233


m: 5.571428571428571

n: 45.0

epsilon: 1.0999999999999999

Residual: 0.125308731515169


m: 5.571428571428571

n: 45.0

epsilon: 1.3

Residual: 0.20510275332818906


m: 5.571428571428571

n: 45.0

epsilon: 1.5

Residual: 0.27510147910776683


m: 5.857142857142857

n: 12.0

epsilon: 0.1

Residual: 0.6432700529302952


m: 5.857142857142857

n: 12.0

epsilon: 0.3

Residual: 0.2109036259570073


m: 5.857142857142857

n: 12.0

epsilon: 0.5

Residual: 0.11661175686826854


m: 5.857142857142857

n: 12.0

epsilon: 0.7

Residual: 0.20755499206235964


m: 5.857142857142857

n: 12.0

epsilon: 0.8999999999999999

Residual: 0.32446905426503425


m: 5.857142857142857

n: 12.0

epsilon: 1.0999999999999999

Residual: 0.4105788091133858


m: 5.857142857142857

n: 12.0

epsilon: 1.3

Residual: 0.47795542002776537


m: 5.857142857142857

n: 12.0

epsilon: 1.5

Residual: 0.5325633972280177


m: 5.857142857142857

n: 16.714285714285715

epsilon: 0.1

Residual: 0.7141462157634723


m: 5.857142857142857

n: 16.714285714285715

epsilon: 0.3

Residual: 0.3366690491675237


m: 5.857142857142857

n: 16.714285714285715

epsilon: 0.5

Residual: 0.09842476540157516


m: 5.857142857142857

n: 16.714285714285715

epsilon: 0.7

Residual: 0.10849237631627362


m: 5.857142857142857

n: 16.714285714285715

epsilon: 0.8999999999999999

Residual: 0.19445452286359813


m: 5.857142857142857

n: 16.714285714285715

epsilon: 1.0999999999999999

Residual: 0.2917132680465719


m: 5.857142857142857

n: 16.714285714285715

epsilon: 1.3

Residual: 0.36699732646332117


m: 5.857142857142857

n: 16.714285714285715

epsilon: 1.5

Residual: 0.4277830765824483


m: 5.857142857142857

n: 21.42857142857143

epsilon: 0.1

Residual: 0.7522037230089875


m: 5.857142857142857

n: 21.42857142857143

epsilon: 0.3

Residual: 0.4039552184090544


m: 5.857142857142857

n: 21.42857142857143

epsilon: 0.5

Residual: 0.17129244897149085


m: 5.857142857142857

n: 21.42857142857143

epsilon: 0.7

Residual: 0.06966784584774414


m: 5.857142857142857

n: 21.42857142857143

epsilon: 0.8999999999999999

Residual: 0.12626514590407367


m: 5.857142857142857

n: 21.42857142857143

epsilon: 1.0999999999999999

Residual: 0.21674568829191157


m: 5.857142857142857

n: 21.42857142857143

epsilon: 1.3

Residual: 0.29688742139614427


m: 5.857142857142857

n: 21.42857142857143

epsilon: 1.5

Residual: 0.359055914281858


m: 5.857142857142857

n: 26.142857142857142

epsilon: 0.1

Residual: 0.7760264415927308


m: 5.857142857142857

n: 26.142857142857142

epsilon: 0.3

Residual: 0.44616318138426614


m: 5.857142857142857

n: 26.142857142857142

epsilon: 0.5

Residual: 0.22263310659896138


m: 5.857142857142857

n: 26.142857142857142

epsilon: 0.7

Residual: 0.07633800735569948


m: 5.857142857142857

n: 26.142857142857142

epsilon: 0.8999999999999999

Residual: 0.0860671567871552


m: 5.857142857142857

n: 26.142857142857142

epsilon: 1.0999999999999999

Residual: 0.16908120332335197


m: 5.857142857142857

n: 26.142857142857142

epsilon: 1.3

Residual: 0.2484441538582796


m: 5.857142857142857

n: 26.142857142857142

epsilon: 1.5

Residual: 0.3157511396300934


m: 5.857142857142857

n: 30.857142857142858

epsilon: 0.1

Residual: 0.7887063939235363


m: 5.857142857142857

n: 30.857142857142858

epsilon: 0.3

Residual: 0.4770354814361478


m: 5.857142857142857

n: 30.857142857142858

epsilon: 0.5

Residual: 0.2601273689263527


m: 5.857142857142857

n: 30.857142857142858

epsilon: 0.7

Residual: 0.09555479469402343


m: 5.857142857142857

n: 30.857142857142858

epsilon: 0.8999999999999999

Residual: 0.06449798126140473


m: 5.857142857142857

n: 30.857142857142858

epsilon: 1.0999999999999999

Residual: 0.12854946609084858


m: 5.857142857142857

n: 30.857142857142858

epsilon: 1.3

Residual: 0.20793361351146264


m: 5.857142857142857

n: 30.857142857142858

epsilon: 1.5

Residual: 0.2800351273878888


m: 5.857142857142857

n: 35.57142857142857

epsilon: 0.1

Residual: 0.7998568129288578


m: 5.857142857142857

n: 35.57142857142857

epsilon: 0.3

Residual: 0.4982006752274928


m: 5.857142857142857

n: 35.57142857142857

epsilon: 0.5

Residual: 0.2911693144330165


m: 5.857142857142857

n: 35.57142857142857

epsilon: 0.7

Residual: 0.12386001445482049


m: 5.857142857142857

n: 35.57142857142857

epsilon: 0.8999999999999999

Residual: 0.05451444314739908


m: 5.857142857142857

n: 35.57142857142857

epsilon: 1.0999999999999999

Residual: 0.0999168800266699


m: 5.857142857142857

n: 35.57142857142857

epsilon: 1.3

Residual: 0.18349836731226077


m: 5.857142857142857

n: 35.57142857142857

epsilon: 1.5

Residual: 0.24865667549978618


m: 5.857142857142857

n: 40.285714285714285

epsilon: 0.1

Residual: 0.8087166649823821


m: 5.857142857142857

n: 40.285714285714285

epsilon: 0.3

Residual: 0.5166492077806607


m: 5.857142857142857

n: 40.285714285714285

epsilon: 0.5

Residual: 0.30834325694370845


m: 5.857142857142857

n: 40.285714285714285

epsilon: 0.7

Residual: 0.14847747454558866


m: 5.857142857142857

n: 40.285714285714285

epsilon: 0.8999999999999999

Residual: 0.060904515691599256


m: 5.857142857142857

n: 40.285714285714285

epsilon: 1.0999999999999999

Residual: 0.08076716184112032


m: 5.857142857142857

n: 40.285714285714285

epsilon: 1.3

Residual: 0.16220397743573517


m: 5.857142857142857

n: 40.285714285714285

epsilon: 1.5

Residual: 0.22603891480558422


m: 5.857142857142857

n: 45.0

epsilon: 0.1

Residual: 0.8158202727321472


m: 5.857142857142857

n: 45.0

epsilon: 0.3

Residual: 0.530785610863754


m: 5.857142857142857

n: 45.0

epsilon: 0.5

Residual: 0.3315985547546144


m: 5.857142857142857

n: 45.0

epsilon: 0.7

Residual: 0.16588093016151276


m: 5.857142857142857

n: 45.0

epsilon: 0.8999999999999999

Residual: 0.06386663686891463


m: 5.857142857142857

n: 45.0

epsilon: 1.0999999999999999

Residual: 0.06888435376476347


m: 5.857142857142857

n: 45.0

epsilon: 1.3

Residual: 0.13585503663352924


m: 5.857142857142857

n: 45.0

epsilon: 1.5

Residual: 0.2098970470945981


m: 6.142857142857142

n: 12.0

epsilon: 0.1

Residual: 0.6714562035959813


m: 6.142857142857142

n: 12.0

epsilon: 0.3

Residual: 0.2575870794181763


m: 6.142857142857142

n: 12.0

epsilon: 0.5

Residual: 0.09125063021428066


m: 6.142857142857142

n: 12.0

epsilon: 0.7

Residual: 0.16187266069756284


m: 6.142857142857142

n: 12.0

epsilon: 0.8999999999999999

Residual: 0.2778415512490864


m: 6.142857142857142

n: 12.0

epsilon: 1.0999999999999999

Residual: 0.3671614434912712


m: 6.142857142857142

n: 12.0

epsilon: 1.3

Residual: 0.43653107316789175


m: 6.142857142857142

n: 12.0

epsilon: 1.5

Residual: 0.4947894340028162


m: 6.142857142857142

n: 16.714285714285715

epsilon: 0.1

Residual: 0.7419946330562726


m: 6.142857142857142

n: 16.714285714285715

epsilon: 0.3

Residual: 0.38376090798020884


m: 6.142857142857142

n: 16.714285714285715

epsilon: 0.5

Residual: 0.1481802053088254


m: 6.142857142857142

n: 16.714285714285715

epsilon: 0.7

Residual: 0.06842059045331496


m: 6.142857142857142

n: 16.714285714285715

epsilon: 0.8999999999999999

Residual: 0.1476281857600369


m: 6.142857142857142

n: 16.714285714285715

epsilon: 1.0999999999999999

Residual: 0.24180832271902877


m: 6.142857142857142

n: 16.714285714285715

epsilon: 1.3

Residual: 0.3169710777871414


m: 6.142857142857142

n: 16.714285714285715

epsilon: 1.5

Residual: 0.3801323871080178


m: 6.142857142857142

n: 21.42857142857143

epsilon: 0.1

Residual: 0.7767577392449162


m: 6.142857142857142

n: 21.42857142857143

epsilon: 0.3

Residual: 0.4535571409673351


m: 6.142857142857142

n: 21.42857142857143

epsilon: 0.5

Residual: 0.22739095102189663


m: 6.142857142857142

n: 21.42857142857143

epsilon: 0.7

Residual: 0.06264752939238688


m: 6.142857142857142

n: 21.42857142857143

epsilon: 0.8999999999999999

Residual: 0.07364519007780249


m: 6.142857142857142

n: 21.42857142857143

epsilon: 1.0999999999999999

Residual: 0.1664616106593081


m: 6.142857142857142

n: 21.42857142857143

epsilon: 1.3

Residual: 0.24156926064210926


m: 6.142857142857142

n: 21.42857142857143

epsilon: 1.5

Residual: 0.3090934138257683


m: 6.142857142857142

n: 26.142857142857142

epsilon: 0.1

Residual: 0.7965701312160973


m: 6.142857142857142

n: 26.142857142857142

epsilon: 0.3

Residual: 0.4964798794716225


m: 6.142857142857142

n: 26.142857142857142

epsilon: 0.5

Residual: 0.27522911159044383


m: 6.142857142857142

n: 26.142857142857142

epsilon: 0.7

Residual: 0.12071955373396022


m: 6.142857142857142

n: 26.142857142857142

epsilon: 0.8999999999999999

Residual: 0.040585893080165


m: 6.142857142857142

n: 26.142857142857142

epsilon: 1.0999999999999999

Residual: 0.10959501664461485


m: 6.142857142857142

n: 26.142857142857142

epsilon: 1.3

Residual: 0.18541640141570265


m: 6.142857142857142

n: 26.142857142857142

epsilon: 1.5

Residual: 0.2555630791517008


m: 6.142857142857142

n: 30.857142857142858

epsilon: 0.1

Residual: 0.8107599452661024


m: 6.142857142857142

n: 30.857142857142858

epsilon: 0.3

Residual: 0.5232453588293549


m: 6.142857142857142

n: 30.857142857142858

epsilon: 0.5

Residual: 0.31665199952148826


m: 6.142857142857142

n: 30.857142857142858

epsilon: 0.7

Residual: 0.16169915430686344


m: 6.142857142857142

n: 30.857142857142858

epsilon: 0.8999999999999999

Residual: 0.038977614825888574


m: 6.142857142857142

n: 30.857142857142858

epsilon: 1.0999999999999999

Residual: 0.07306294699348512


m: 6.142857142857142

n: 30.857142857142858

epsilon: 1.3

Residual: 0.15024811038363228


m: 6.142857142857142

n: 30.857142857142858

epsilon: 1.5

Residual: 0.22057948322596024


m: 6.142857142857142

n: 35.57142857142857

epsilon: 0.1

Residual: 0.8214705070201122


m: 6.142857142857142

n: 35.57142857142857

epsilon: 0.3

Residual: 0.5455850500256755


m: 6.142857142857142

n: 35.57142857142857

epsilon: 0.5

Residual: 0.34199348958048176


m: 6.142857142857142

n: 35.57142857142857

epsilon: 0.7

Residual: 0.18410214346464931


m: 6.142857142857142

n: 35.57142857142857

epsilon: 0.8999999999999999

Residual: 0.06120367723642049


m: 6.142857142857142

n: 35.57142857142857

epsilon: 1.0999999999999999

Residual: 0.045042717232152286


m: 6.142857142857142

n: 35.57142857142857

epsilon: 1.3

Residual: 0.12158312194395528


m: 6.142857142857142

n: 35.57142857142857

epsilon: 1.5

Residual: 0.18743520477804926


m: 6.142857142857142

n: 40.285714285714285

epsilon: 0.1

Residual: 0.8296823556572939


m: 6.142857142857142

n: 40.285714285714285

epsilon: 0.3

Residual: 0.5639088180571084


m: 6.142857142857142

n: 40.285714285714285

epsilon: 0.5

Residual: 0.3623310283563547


m: 6.142857142857142

n: 40.285714285714285

epsilon: 0.7

Residual: 0.20160272703760712


m: 6.142857142857142

n: 40.285714285714285

epsilon: 0.8999999999999999

Residual: 0.08764916909202138


m: 6.142857142857142

n: 40.285714285714285

epsilon: 1.0999999999999999

Residual: 0.03026476925079277


m: 6.142857142857142

n: 40.285714285714285

epsilon: 1.3

Residual: 0.09501940112486323


m: 6.142857142857142

n: 40.285714285714285

epsilon: 1.5

Residual: 0.17223334936475615


m: 6.142857142857142

n: 45.0

epsilon: 0.1

Residual: 0.8362925400280488


m: 6.142857142857142

n: 45.0

epsilon: 0.3

Residual: 0.5776237565361104


m: 6.142857142857142

n: 45.0

epsilon: 0.5

Residual: 0.3846129931291892


m: 6.142857142857142

n: 45.0

epsilon: 0.7

Residual: 0.2336342777855825


m: 6.142857142857142

n: 45.0

epsilon: 0.8999999999999999

Residual: 0.10809430455342048


m: 6.142857142857142

n: 45.0

epsilon: 1.0999999999999999

Residual: 0.02986263975344801


m: 6.142857142857142

n: 45.0

epsilon: 1.3

Residual: 0.07820384455218804


m: 6.142857142857142

n: 45.0

epsilon: 1.5

Residual: 0.1472128596385288


m: 6.428571428571429

n: 12.0

epsilon: 0.1

Residual: 0.6968129030800811


m: 6.428571428571429

n: 12.0

epsilon: 0.3

Residual: 0.3028422816656241


m: 6.428571428571429

n: 12.0

epsilon: 0.5

Residual: 0.07723136837372746


m: 6.428571428571429

n: 12.0

epsilon: 0.7

Residual: 0.12055093773393333


m: 6.428571428571429

n: 12.0

epsilon: 0.8999999999999999

Residual: 0.23302717258428263


m: 6.428571428571429

n: 12.0

epsilon: 1.0999999999999999

Residual: 0.32411120966889806


m: 6.428571428571429

n: 12.0

epsilon: 1.3

Residual: 0.397031951397009


m: 6.428571428571429

n: 12.0

epsilon: 1.5

Residual: 0.4575720166695005


m: 6.428571428571429

n: 16.714285714285715

epsilon: 0.1

Residual: 0.7652381598162599


m: 6.428571428571429

n: 16.714285714285715

epsilon: 0.3

Residual: 0.4234522045554787


m: 6.428571428571429

n: 16.714285714285715

epsilon: 0.5

Residual: 0.19609925477393048


m: 6.428571428571429

n: 16.714285714285715

epsilon: 0.7

Residual: 0.051104846533964896


m: 6.428571428571429

n: 16.714285714285715

epsilon: 0.8999999999999999

Residual: 0.09691215155289444


m: 6.428571428571429

n: 16.714285714285715

epsilon: 1.0999999999999999

Residual: 0.19209871514354745


m: 6.428571428571429

n: 16.714285714285715

epsilon: 1.3

Residual: 0.27012710261112843


m: 6.428571428571429

n: 16.714285714285715

epsilon: 1.5

Residual: 0.3358510676410666


m: 6.428571428571429

n: 21.42857142857143

epsilon: 0.1

Residual: 0.797465765885354


m: 6.428571428571429

n: 21.42857142857143

epsilon: 0.3

Residual: 0.4951912539128474


m: 6.428571428571429

n: 21.42857142857143

epsilon: 0.5

Residual: 0.2778296426228308


m: 6.428571428571429

n: 21.42857142857143

epsilon: 0.7

Residual: 0.11448872287996396


m: 6.428571428571429

n: 21.42857142857143

epsilon: 0.8999999999999999

Residual: 0.035857036299909446


m: 6.428571428571429

n: 21.42857142857143

epsilon: 1.0999999999999999

Residual: 0.10949411113531266


m: 6.428571428571429

n: 21.42857142857143

epsilon: 1.3

Residual: 0.1939942596174045


m: 6.428571428571429

n: 21.42857142857143

epsilon: 1.5

Residual: 0.25882937521219146


m: 6.428571428571429

n: 26.142857142857142

epsilon: 0.1

Residual: 0.8167890673669083


m: 6.428571428571429

n: 26.142857142857142

epsilon: 0.3

Residual: 0.5358369604080565


m: 6.428571428571429

n: 26.142857142857142

epsilon: 0.5

Residual: 0.3271519120420982


m: 6.428571428571429

n: 26.142857142857142

epsilon: 0.7

Residual: 0.17101555538993335


m: 6.428571428571429

n: 26.142857142857142

epsilon: 0.8999999999999999

Residual: 0.04848979285877736


m: 6.428571428571429

n: 26.142857142857142

epsilon: 1.0999999999999999

Residual: 0.05592675808744461


m: 6.428571428571429

n: 26.142857142857142

epsilon: 1.3

Residual: 0.13531601869425627


m: 6.428571428571429

n: 26.142857142857142

epsilon: 1.5

Residual: 0.20401198731831874


m: 6.428571428571429

n: 30.857142857142858

epsilon: 0.1

Residual: 0.8312008386946004


m: 6.428571428571429

n: 30.857142857142858

epsilon: 0.3

Residual: 0.5625198781485238


m: 6.428571428571429

n: 30.857142857142858

epsilon: 0.5

Residual: 0.3648844726420748


m: 6.428571428571429

n: 30.857142857142858

epsilon: 0.7

Residual: 0.21045899549949607


m: 6.428571428571429

n: 30.857142857142858

epsilon: 0.8999999999999999

Residual: 0.09122762236293079


m: 6.428571428571429

n: 30.857142857142858

epsilon: 1.0999999999999999

Residual: 0.02904589997970079


m: 6.428571428571429

n: 30.857142857142858

epsilon: 1.3

Residual: 0.09264578608940556


m: 6.428571428571429

n: 30.857142857142858

epsilon: 1.5

Residual: 0.16444961344430445


m: 6.428571428571429

n: 35.57142857142857

epsilon: 0.1

Residual: 0.8399348974962485


m: 6.428571428571429

n: 35.57142857142857

epsilon: 0.3

Residual: 0.5859612502596355


m: 6.428571428571429

n: 35.57142857142857

epsilon: 0.5

Residual: 0.3858492080403574


m: 6.428571428571429

n: 35.57142857142857

epsilon: 0.7

Residual: 0.24266202609506196


m: 6.428571428571429

n: 35.57142857142857

epsilon: 0.8999999999999999

Residual: 0.11905866312097746


m: 6.428571428571429

n: 35.57142857142857

epsilon: 1.0999999999999999

Residual: 0.023793642304563777


m: 6.428571428571429

n: 35.57142857142857

epsilon: 1.3

Residual: 0.061058485332835644


m: 6.428571428571429

n: 35.57142857142857

epsilon: 1.5

Residual: 0.13499524686026382


m: 6.428571428571429

n: 40.285714285714285

epsilon: 0.1

Residual: 0.84675591190069


m: 6.428571428571429

n: 40.285714285714285

epsilon: 0.3

Residual: 0.5986934876457551


m: 6.428571428571429

n: 40.285714285714285

epsilon: 0.5

Residual: 0.41160869312260995


m: 6.428571428571429

n: 40.285714285714285

epsilon: 0.7

Residual: 0.26274725712237607


m: 6.428571428571429

n: 40.285714285714285

epsilon: 0.8999999999999999

Residual: 0.14560408529163965


m: 6.428571428571429

n: 40.285714285714285

epsilon: 1.0999999999999999

Residual: 0.04313053989447355


m: 6.428571428571429

n: 40.285714285714285

epsilon: 1.3

Residual: 0.04286949061531188


m: 6.428571428571429

n: 40.285714285714285

epsilon: 1.5

Residual: 0.1084029914271477


m: 6.428571428571429

n: 45.0

epsilon: 0.1

Residual: 0.8526784732713522


m: 6.428571428571429

n: 45.0

epsilon: 0.3

Residual: 0.6160879582824507


m: 6.428571428571429

n: 45.0

epsilon: 0.5

Residual: 0.43221393844295203


m: 6.428571428571429

n: 45.0

epsilon: 0.7

Residual: 0.28653582134790967


m: 6.428571428571429

n: 45.0

epsilon: 0.8999999999999999

Residual: 0.16886495356340556


m: 6.428571428571429

n: 45.0

epsilon: 1.0999999999999999

Residual: 0.07017462715609483


m: 6.428571428571429

n: 45.0

epsilon: 1.3

Residual: 0.02740786453741696


m: 6.428571428571429

n: 45.0

epsilon: 1.5

Residual: 0.09023663626175385


m: 6.714285714285714

n: 12.0

epsilon: 0.1

Residual: 0.7206212510669074


m: 6.714285714285714

n: 12.0

epsilon: 0.3

Residual: 0.34144624514953514


m: 6.714285714285714

n: 12.0

epsilon: 0.5

Residual: 0.09887363505486395


m: 6.714285714285714

n: 12.0

epsilon: 0.7

Residual: 0.08887351379258918


m: 6.714285714285714

n: 12.0

epsilon: 0.8999999999999999

Residual: 0.19123747481680337


m: 6.714285714285714

n: 12.0

epsilon: 1.0999999999999999

Residual: 0.2847365716788621


m: 6.714285714285714

n: 12.0

epsilon: 1.3

Residual: 0.3600330647430935


m: 6.714285714285714

n: 12.0

epsilon: 1.5

Residual: 0.42219449006217824


m: 6.714285714285714

n: 16.714285714285715

epsilon: 0.1

Residual: 0.7822770455198528


m: 6.714285714285714

n: 16.714285714285715

epsilon: 0.3

Residual: 0.4656507819905336


m: 6.714285714285714

n: 16.714285714285715

epsilon: 0.5

Residual: 0.24487836481570252


m: 6.714285714285714

n: 16.714285714285715

epsilon: 0.7

Residual: 0.07942439869375904


m: 6.714285714285714

n: 16.714285714285715

epsilon: 0.8999999999999999

Residual: 0.05753056383189258


m: 6.714285714285714

n: 16.714285714285715

epsilon: 1.0999999999999999

Residual: 0.14408200960951145


m: 6.714285714285714

n: 16.714285714285715

epsilon: 1.3

Residual: 0.22522002860277393


m: 6.714285714285714

n: 16.714285714285715

epsilon: 1.5

Residual: 0.2954352482110108


m: 6.714285714285714

n: 21.42857142857143

epsilon: 0.1

Residual: 0.8151275619159364


m: 6.714285714285714

n: 21.42857142857143

epsilon: 0.3

Residual: 0.5318498267934919


m: 6.714285714285714

n: 21.42857142857143

epsilon: 0.5

Residual: 0.32815344101481025


m: 6.714285714285714

n: 21.42857142857143

epsilon: 0.7

Residual: 0.16110073934069308


m: 6.714285714285714

n: 21.42857142857143

epsilon: 0.8999999999999999

Residual: 0.04282998979854191


m: 6.714285714285714

n: 21.42857142857143

epsilon: 1.0999999999999999

Residual: 0.06712917001031621


m: 6.714285714285714

n: 21.42857142857143

epsilon: 1.3

Residual: 0.1465798316852357


m: 6.714285714285714

n: 21.42857142857143

epsilon: 1.5

Residual: 0.2172626050977911


m: 6.714285714285714

n: 26.142857142857142

epsilon: 0.1

Residual: 0.8311109924528437


m: 6.714285714285714

n: 26.142857142857142

epsilon: 0.3

Residual: 0.5718073426830488


m: 6.714285714285714

n: 26.142857142857142

epsilon: 0.5

Residual: 0.3758652712054342


m: 6.714285714285714

n: 26.142857142857142

epsilon: 0.7

Residual: 0.22180722691924556


m: 6.714285714285714

n: 26.142857142857142

epsilon: 0.8999999999999999

Residual: 0.10358778784601441


m: 6.714285714285714

n: 26.142857142857142

epsilon: 1.0999999999999999

Residual: 0.028099113262243146


m: 6.714285714285714

n: 26.142857142857142

epsilon: 1.3

Residual: 0.08709988457559138


m: 6.714285714285714

n: 26.142857142857142

epsilon: 1.5

Residual: 0.14993974959885098


m: 6.714285714285714

n: 30.857142857142858

epsilon: 0.1

Residual: 0.8463290120798054


m: 6.714285714285714

n: 30.857142857142858

epsilon: 0.3

Residual: 0.6010486857635587


m: 6.714285714285714

n: 30.857142857142858

epsilon: 0.5

Residual: 0.41192896162615095


m: 6.714285714285714

n: 30.857142857142858

epsilon: 0.7

Residual: 0.2586891734449851


m: 6.714285714285714

n: 30.857142857142858

epsilon: 0.8999999999999999

Residual: 0.14646465039651985


m: 6.714285714285714

n: 30.857142857142858

epsilon: 1.0999999999999999

Residual: 0.03840677703895066


m: 6.714285714285714

n: 30.857142857142858

epsilon: 1.3

Residual: 0.05088180485682086


m: 6.714285714285714

n: 30.857142857142858

epsilon: 1.5

Residual: 0.11767487909430473


m: 6.714285714285714

n: 35.57142857142857

epsilon: 0.1

Residual: 0.8559607577582838


m: 6.714285714285714

n: 35.57142857142857

epsilon: 0.3

Residual: 0.61961563637908


m: 6.714285714285714

n: 35.57142857142857

epsilon: 0.5

Residual: 0.4367335534354931


m: 6.714285714285714

n: 35.57142857142857

epsilon: 0.7

Residual: 0.2958819926961583


m: 6.714285714285714

n: 35.57142857142857

epsilon: 0.8999999999999999

Residual: 0.17398506498307856


m: 6.714285714285714

n: 35.57142857142857

epsilon: 1.0999999999999999

Residual: 0.07019243765441728


m: 6.714285714285714

n: 35.57142857142857

epsilon: 1.3

Residual: 0.024904440198174026


m: 6.714285714285714

n: 35.57142857142857

epsilon: 1.5

Residual: 0.08047738953040977


m: 6.714285714285714

n: 40.285714285714285

epsilon: 0.1

Residual: 0.864734155414931


m: 6.714285714285714

n: 40.285714285714285

epsilon: 0.3

Residual: 0.6352168649579332


m: 6.714285714285714

n: 40.285714285714285

epsilon: 0.5

Residual: 0.46148153661156643


m: 6.714285714285714

n: 40.285714285714285

epsilon: 0.7

Residual: 0.314192153149745


m: 6.714285714285714

n: 40.285714285714285

epsilon: 0.8999999999999999

Residual: 0.1974209546515839


m: 6.714285714285714

n: 40.285714285714285

epsilon: 1.0999999999999999

Residual: 0.09626527414645689


m: 6.714285714285714

n: 40.285714285714285

epsilon: 1.3

Residual: 0.02614900626689623


m: 6.714285714285714

n: 40.285714285714285

epsilon: 1.5

Residual: 0.05878443057330383


m: 6.714285714285714

n: 45.0

epsilon: 0.1

Residual: 0.8665528649567766


m: 6.714285714285714

n: 45.0

epsilon: 0.3

Residual: 0.6442661884274166


m: 6.714285714285714

n: 45.0

epsilon: 0.5

Residual: 0.4861830815731384


m: 6.714285714285714

n: 45.0

epsilon: 0.7

Residual: 0.3383166103182084


m: 6.714285714285714

n: 45.0

epsilon: 0.8999999999999999

Residual: 0.22641629958246065


m: 6.714285714285714

n: 45.0

epsilon: 1.0999999999999999

Residual: 0.12367007022849166


m: 6.714285714285714

n: 45.0

epsilon: 1.3

Residual: 0.038884523582576526


m: 6.714285714285714

n: 45.0

epsilon: 1.5

Residual: 0.04448094041629028


m: 7.0

n: 12.0

epsilon: 0.1

Residual: 0.7377391239788185


m: 7.0

n: 12.0

epsilon: 0.3

Residual: 0.3799323320891058


m: 7.0

n: 12.0

epsilon: 0.5

Residual: 0.14190227016977394


m: 7.0

n: 12.0

epsilon: 0.7

Residual: 0.06222165331533964


m: 7.0

n: 12.0

epsilon: 0.8999999999999999

Residual: 0.14874562676416522


m: 7.0

n: 12.0

epsilon: 1.0999999999999999

Residual: 0.24652741640844245


m: 7.0

n: 12.0

epsilon: 1.3

Residual: 0.3226228754978894


m: 7.0

n: 12.0

epsilon: 1.5

Residual: 0.38561553174536367


m: 7.0

n: 16.714285714285715

epsilon: 0.1

Residual: 0.8006712589558922


m: 7.0

n: 16.714285714285715

epsilon: 0.3

Residual: 0.5000187925466923


m: 7.0

n: 16.714285714285715

epsilon: 0.5

Residual: 0.28412046353390535


m: 7.0

n: 16.714285714285715

epsilon: 0.7

Residual: 0.1216187108396665


m: 7.0

n: 16.714285714285715

epsilon: 0.8999999999999999

Residual: 0.04421671942736335


m: 7.0

n: 16.714285714285715

epsilon: 1.0999999999999999

Residual: 0.10595462264584224


m: 7.0

n: 16.714285714285715

epsilon: 1.3

Residual: 0.18229093954876394


m: 7.0

n: 16.714285714285715

epsilon: 1.5

Residual: 0.24838558135634597


m: 7.0

n: 21.42857142857143

epsilon: 0.1

Residual: 0.8282562751266712


m: 7.0

n: 21.42857142857143

epsilon: 0.3

Residual: 0.5650897878078266


m: 7.0

n: 21.42857142857143

epsilon: 0.5

Residual: 0.3673243464954214


m: 7.0

n: 21.42857142857143

epsilon: 0.7

Residual: 0.2165333316485031


m: 7.0

n: 21.42857142857143

epsilon: 0.8999999999999999

Residual: 0.09628591995780228


m: 7.0

n: 21.42857142857143

epsilon: 1.0999999999999999

Residual: 0.04282696825702797


m: 7.0

n: 21.42857142857143

epsilon: 1.3

Residual: 0.10603150850770776


m: 7.0

n: 21.42857142857143

epsilon: 1.5

Residual: 0.16529413408644988


m: 7.0

n: 26.142857142857142

epsilon: 0.1

Residual: 0.8484163622117548


m: 7.0

n: 26.142857142857142

epsilon: 0.3

Residual: 0.6063357984965214


m: 7.0

n: 26.142857142857142

epsilon: 0.5

Residual: 0.41770638391175324


m: 7.0

n: 26.142857142857142

epsilon: 0.7

Residual: 0.27273487642054467


m: 7.0

n: 26.142857142857142

epsilon: 0.8999999999999999

Residual: 0.14397561294305072


m: 7.0

n: 26.142857142857142

epsilon: 1.0999999999999999

Residual: 0.053440987174078323


m: 7.0

n: 26.142857142857142

epsilon: 1.3

Residual: 0.06403803799770064


m: 7.0

n: 26.142857142857142

epsilon: 1.5

Residual: 0.11344397068583802


m: 7.0

n: 30.857142857142858

epsilon: 0.1

Residual: 0.8597490301126621


m: 7.0

n: 30.857142857142858

epsilon: 0.3

Residual: 0.6322333605377186


m: 7.0

n: 30.857142857142858

epsilon: 0.5

Residual: 0.4484797052666956


m: 7.0

n: 30.857142857142858

epsilon: 0.7

Residual: 0.31079976332915565


m: 7.0

n: 30.857142857142858

epsilon: 0.8999999999999999

Residual: 0.19044865305439854


m: 7.0

n: 30.857142857142858

epsilon: 1.0999999999999999

Residual: 0.09160522686416131


m: 7.0

n: 30.857142857142858

epsilon: 1.3

Residual: 0.03591359140532281


m: 7.0

n: 30.857142857142858

epsilon: 1.5

Residual: 0.08497234529570687


m: 7.0

n: 35.57142857142857

epsilon: 0.1

Residual: 0.8670324842786002


m: 7.0

n: 35.57142857142857

epsilon: 0.3

Residual: 0.6492178446022121


m: 7.0

n: 35.57142857142857

epsilon: 0.5

Residual: 0.47254548282878295


m: 7.0

n: 35.57142857142857

epsilon: 0.7

Residual: 0.34282928505787963


m: 7.0

n: 35.57142857142857

epsilon: 0.8999999999999999

Residual: 0.2230520192388856


m: 7.0

n: 35.57142857142857

epsilon: 1.0999999999999999

Residual: 0.12820517602695292


m: 7.0

n: 35.57142857142857

epsilon: 1.3

Residual: 0.04313461655211607


m: 7.0

n: 35.57142857142857

epsilon: 1.5

Residual: 0.058332880119436104


m: 7.0

n: 40.285714285714285

epsilon: 0.1

Residual: 0.8741321985608712


m: 7.0

n: 40.285714285714285

epsilon: 0.3

Residual: 0.6663642660483712


m: 7.0

n: 40.285714285714285

epsilon: 0.5

Residual: 0.5052312994093866


m: 7.0

n: 40.285714285714285

epsilon: 0.7

Residual: 0.3612446228135697


m: 7.0

n: 40.285714285714285

epsilon: 0.8999999999999999

Residual: 0.24881879341373683


m: 7.0

n: 40.285714285714285

epsilon: 1.0999999999999999

Residual: 0.14761754891979398


m: 7.0

n: 40.285714285714285

epsilon: 1.3

Residual: 0.07055740033181775


m: 7.0

n: 40.285714285714285

epsilon: 1.5

Residual: 0.04545915561839077


m: 7.0

n: 45.0

epsilon: 0.1

Residual: 0.879969837955289


m: 7.0

n: 45.0

epsilon: 0.3

Residual: 0.6824839523252402


m: 7.0

n: 45.0

epsilon: 0.5

Residual: 0.512277661914253


m: 7.0

n: 45.0

epsilon: 0.7

Residual: 0.3742835061877495


m: 7.0

n: 45.0

epsilon: 0.8999999999999999

Residual: 0.2668099051271786


m: 7.0

n: 45.0

epsilon: 1.0999999999999999

Residual: 0.17564252915065232


m: 7.0

n: 45.0

epsilon: 1.3

Residual: 0.09008073094317788


m: 7.0

n: 45.0

epsilon: 1.5

Residual: 0.03913186785480844


