m: 5.0

n: 12.0

epsilon: 0.1

Residual: 0.49967325496866133


m: 5.0

n: 12.0

epsilon: 0.1

Residual: 0.5002382149393548


m: 5.0

n: 12.0

epsilon: 0.3

Residual: 0.13680259247349205


m: 5.0

n: 12.0

epsilon: 0.5

Residual: 0.25005688038114904


m: 5.0

n: 12.0

epsilon: 0.7

Residual: 0.3997464493218025


m: 5.0

n: 12.0

epsilon: 0.8999999999999999

Residual: 0.5004738268750564


m: 5.0

n: 12.0

epsilon: 1.0999999999999999

Residual: 0.5720758526619767


m: 5.0

n: 12.0

epsilon: 1.3

Residual: 0.625396786392654


m: 5.0

n: 12.0

epsilon: 1.5

Residual: 0.6668005120420779


m: 5.0

n: 16.714285714285715

epsilon: 0.1

Residual: 0.5855850626699765


m: 5.0

n: 16.714285714285715

epsilon: 0.3

Residual: 0.15489752118293437


m: 5.0

n: 16.714285714285715

epsilon: 0.5

Residual: 0.1527516248366979


m: 5.0

n: 16.714285714285715

epsilon: 0.7

Residual: 0.2928690594956223


m: 5.0

n: 16.714285714285715

epsilon: 0.8999999999999999

Residual: 0.40296880373683175


m: 5.0

n: 16.714285714285715

epsilon: 1.0999999999999999

Residual: 0.48298910649434335


m: 5.0

n: 16.714285714285715

epsilon: 1.3

Residual: 0.5452750948672677


m: 5.0

n: 16.714285714285715

epsilon: 1.5

Residual: 0.5931697803254741


m: 5.0

n: 21.42857142857143

epsilon: 0.1

Residual: 0.6322060559482418


m: 5.0

n: 21.42857142857143

epsilon: 0.3

Residual: 0.19878167532488344


m: 5.0

n: 21.42857142857143

epsilon: 0.5

Residual: 0.11399333912928368


m: 5.0

n: 21.42857142857143

epsilon: 0.7

Residual: 0.22584312813796723


m: 5.0

n: 21.42857142857143

epsilon: 0.8999999999999999

Residual: 0.34173788079283407


m: 5.0

n: 21.42857142857143

epsilon: 1.0999999999999999

Residual: 0.42570150032087933


m: 5.0

n: 21.42857142857143

epsilon: 1.3

Residual: 0.49173754601299663


m: 5.0

n: 21.42857142857143

epsilon: 1.5

Residual: 0.543888676183794


m: 5.0

n: 26.142857142857142

epsilon: 0.1

Residual: 0.6603040971185336


m: 5.0

n: 26.142857142857142

epsilon: 0.3

Residual: 0.23844858089330645


m: 5.0

n: 26.142857142857142

epsilon: 0.5

Residual: 0.10330259242593143


m: 5.0

n: 26.142857142857142

epsilon: 0.7

Residual: 0.1793350462900148


m: 5.0

n: 26.142857142857142

epsilon: 0.8999999999999999

Residual: 0.29770601542964725


m: 5.0

n: 26.142857142857142

epsilon: 1.0999999999999999

Residual: 0.38691952931586016


m: 5.0

n: 26.142857142857142

epsilon: 1.3

Residual: 0.4535873361582888


m: 5.0

n: 26.142857142857142

epsilon: 1.5

Residual: 0.5106922755435978


m: 5.0

n: 30.857142857142858

epsilon: 0.1

Residual: 0.6789691962939985


m: 5.0

n: 30.857142857142858

epsilon: 0.3

Residual: 0.27095131299299136


m: 5.0

n: 30.857142857142858

epsilon: 0.5

Residual: 0.10529257843516228


m: 5.0

n: 30.857142857142858

epsilon: 0.7

Residual: 0.14806745299235208


m: 5.0

n: 30.857142857142858

epsilon: 0.8999999999999999

Residual: 0.26521225763987855


m: 5.0

n: 30.857142857142858

epsilon: 1.0999999999999999

Residual: 0.354568706357136


m: 5.0

n: 30.857142857142858

epsilon: 1.3

Residual: 0.42770099525969646


m: 5.0

n: 30.857142857142858

epsilon: 1.5

Residual: 0.4821252834129263


m: 5.0

n: 35.57142857142857

epsilon: 0.1

Residual: 0.6924920485159083


m: 5.0

n: 35.57142857142857

epsilon: 0.3

Residual: 0.29518347553922536


m: 5.0

n: 35.57142857142857

epsilon: 0.5

Residual: 0.11080311746787297


m: 5.0

n: 35.57142857142857

epsilon: 0.7

Residual: 0.127738646730763


m: 5.0

n: 35.57142857142857

epsilon: 0.8999999999999999

Residual: 0.24081175466355453


m: 5.0

n: 35.57142857142857

epsilon: 1.0999999999999999

Residual: 0.33136903522099787


m: 5.0

n: 35.57142857142857

epsilon: 1.3

Residual: 0.4066837246914179


m: 5.0

n: 35.57142857142857

epsilon: 1.5

Residual: 0.46173846698596327


m: 5.0

n: 40.285714285714285

epsilon: 0.1

Residual: 0.7042751370342494


m: 5.0

n: 40.285714285714285

epsilon: 0.3

Residual: 0.3158775411225308


m: 5.0

n: 40.285714285714285

epsilon: 0.5

Residual: 0.12144761655803742


m: 5.0

n: 40.285714285714285

epsilon: 0.7

Residual: 0.11654999084577126


m: 5.0

n: 40.285714285714285

epsilon: 0.8999999999999999

Residual: 0.22022214838837792


m: 5.0

n: 40.285714285714285

epsilon: 1.0999999999999999

Residual: 0.3118745808929935


m: 5.0

n: 40.285714285714285

epsilon: 1.3

Residual: 0.38562585905694663


m: 5.0

n: 40.285714285714285

epsilon: 1.5

Residual: 0.44520091191906525


m: 5.0

n: 45.0

epsilon: 0.1

Residual: 0.7125126112709794


m: 5.0

n: 45.0

epsilon: 0.3

Residual: 0.3296939833765982


m: 5.0

n: 45.0

epsilon: 0.5

Residual: 0.1267005514095558


m: 5.0

n: 45.0

epsilon: 0.7

Residual: 0.10664834849161425


m: 5.0

n: 45.0

epsilon: 0.8999999999999999

Residual: 0.2031460950203016


m: 5.0

n: 45.0

epsilon: 1.0999999999999999

Residual: 0.2956069227866103


m: 5.0

n: 45.0

epsilon: 1.3

Residual: 0.3719032365157482


m: 5.0

n: 45.0

epsilon: 1.5

Residual: 0.4307460959617818


m: 5.285714285714286

n: 12.0

epsilon: 0.1

Residual: 0.5496998322823963


m: 5.285714285714286

n: 12.0

epsilon: 0.3

Residual: 0.12082918595893136


m: 5.285714285714286

n: 12.0

epsilon: 0.5

Residual: 0.1897556261748795


m: 5.285714285714286

n: 12.0

epsilon: 0.7

Residual: 0.34164811304070913


m: 5.285714285714286

n: 12.0

epsilon: 0.8999999999999999

Residual: 0.447144798273225


m: 5.285714285714286

n: 12.0

epsilon: 1.0999999999999999

Residual: 0.5230002636161682


m: 5.285714285714286

n: 12.0

epsilon: 1.3

Residual: 0.5821251057839129


m: 5.285714285714286

n: 12.0

epsilon: 1.5

Residual: 0.6274633100473106


m: 5.285714285714286

n: 16.714285714285715

epsilon: 0.1

Residual: 0.6320007527332037


m: 5.285714285714286

n: 16.714285714285715

epsilon: 0.3

Residual: 0.1951638281573491


m: 5.285714285714286

n: 16.714285714285715

epsilon: 0.5

Residual: 0.10216561440484043


m: 5.285714285714286

n: 16.714285714285715

epsilon: 0.7

Residual: 0.2249981354580528


m: 5.285714285714286

n: 16.714285714285715

epsilon: 0.8999999999999999

Residual: 0.34127153597928306


m: 5.285714285714286

n: 16.714285714285715

epsilon: 1.0999999999999999

Residual: 0.42588569908656915


m: 5.285714285714286

n: 16.714285714285715

epsilon: 1.3

Residual: 0.4918035261226185


m: 5.285714285714286

n: 16.714285714285715

epsilon: 1.5

Residual: 0.5436893395498137


m: 5.285714285714286

n: 21.42857142857143

epsilon: 0.1

Residual: 0.6758130496347109


m: 5.285714285714286

n: 21.42857142857143

epsilon: 0.3

Residual: 0.26511333648100066


m: 5.285714285714286

n: 21.42857142857143

epsilon: 0.5

Residual: 0.08145430636386945


m: 5.285714285714286

n: 21.42857142857143

epsilon: 0.7

Residual: 0.15021473865890816


m: 5.285714285714286

n: 21.42857142857143

epsilon: 0.8999999999999999

Residual: 0.2705465165674404


m: 5.285714285714286

n: 21.42857142857143

epsilon: 1.0999999999999999

Residual: 0.3614026524795507


m: 5.285714285714286

n: 21.42857142857143

epsilon: 1.3

Residual: 0.43197575263948806


m: 5.285714285714286

n: 21.42857142857143

epsilon: 1.5

Residual: 0.48774057038693674


m: 5.285714285714286

n: 26.142857142857142

epsilon: 0.1

Residual: 0.701698849465013


m: 5.285714285714286

n: 26.142857142857142

epsilon: 0.3

Residual: 0.31045419101409716


m: 5.285714285714286

n: 26.142857142857142

epsilon: 0.5

Residual: 0.09327250120554867


m: 5.285714285714286

n: 26.142857142857142

epsilon: 0.7

Residual: 0.10890021290341444


m: 5.285714285714286

n: 26.142857142857142

epsilon: 0.8999999999999999

Residual: 0.22451179085291628


m: 5.285714285714286

n: 26.142857142857142

epsilon: 1.0999999999999999

Residual: 0.31798271691516594


m: 5.285714285714286

n: 26.142857142857142

epsilon: 1.3

Residual: 0.3910080023205192


m: 5.285714285714286

n: 26.142857142857142

epsilon: 1.5

Residual: 0.44952207726606497


m: 5.285714285714286

n: 30.857142857142858

epsilon: 0.1

Residual: 0.7202508599177684


m: 5.285714285714286

n: 30.857142857142858

epsilon: 0.3

Residual: 0.3423651207941562


m: 5.285714285714286

n: 30.857142857142858

epsilon: 0.5

Residual: 0.11210416932468464


m: 5.285714285714286

n: 30.857142857142858

epsilon: 0.7

Residual: 0.08436547006315766


m: 5.285714285714286

n: 30.857142857142858

epsilon: 0.8999999999999999

Residual: 0.19179017888004632


m: 5.285714285714286

n: 30.857142857142858

epsilon: 1.0999999999999999

Residual: 0.28411468391577327


m: 5.285714285714286

n: 30.857142857142858

epsilon: 1.3

Residual: 0.3593477168760122


m: 5.285714285714286

n: 30.857142857142858

epsilon: 1.5

Residual: 0.4209915640334375


m: 5.285714285714286

n: 35.57142857142857

epsilon: 0.1

Residual: 0.7325576343085216


m: 5.285714285714286

n: 35.57142857142857

epsilon: 0.3

Residual: 0.36825323925739567


m: 5.285714285714286

n: 35.57142857142857

epsilon: 0.5

Residual: 0.1322487647433531


m: 5.285714285714286

n: 35.57142857142857

epsilon: 0.7

Residual: 0.07324030691828974


m: 5.285714285714286

n: 35.57142857142857

epsilon: 0.8999999999999999

Residual: 0.16318559745163516


m: 5.285714285714286

n: 35.57142857142857

epsilon: 1.0999999999999999

Residual: 0.25732446390121383


m: 5.285714285714286

n: 35.57142857142857

epsilon: 1.3

Residual: 0.33425831651999705


m: 5.285714285714286

n: 35.57142857142857

epsilon: 1.5

Residual: 0.39645072113955854


m: 5.285714285714286

n: 40.285714285714285

epsilon: 0.1

Residual: 0.7411394574409824


m: 5.285714285714286

n: 40.285714285714285

epsilon: 0.3

Residual: 0.38764165615171137


m: 5.285714285714286

n: 40.285714285714285

epsilon: 0.5

Residual: 0.15136119899864173


m: 5.285714285714286

n: 40.285714285714285

epsilon: 0.7

Residual: 0.06802381457959276


m: 5.285714285714286

n: 40.285714285714285

epsilon: 0.8999999999999999

Residual: 0.13975288764051622


m: 5.285714285714286

n: 40.285714285714285

epsilon: 1.0999999999999999

Residual: 0.24082917743551094


m: 5.285714285714286

n: 40.285714285714285

epsilon: 1.3

Residual: 0.31631779351733114


m: 5.285714285714286

n: 40.285714285714285

epsilon: 1.5

Residual: 0.37845863852374595


m: 5.285714285714286

n: 45.0

epsilon: 0.1

Residual: 0.7506388292903455


m: 5.285714285714286

n: 45.0

epsilon: 0.3

Residual: 0.4004446776672964


m: 5.285714285714286

n: 45.0

epsilon: 0.5

Residual: 0.16782220498538383


m: 5.285714285714286

n: 45.0

epsilon: 0.7

Residual: 0.06793481032460635


m: 5.285714285714286

n: 45.0

epsilon: 0.8999999999999999

Residual: 0.1258772971977374


m: 5.285714285714286

n: 45.0

epsilon: 1.0999999999999999

Residual: 0.22087015798655324


m: 5.285714285714286

n: 45.0

epsilon: 1.3

Residual: 0.30039057597458824


m: 5.285714285714286

n: 45.0

epsilon: 1.5

Residual: 0.36143301764392644


m: 5.571428571428571

n: 12.0

epsilon: 0.1

Residual: 0.591540379600701


m: 5.571428571428571

n: 12.0

epsilon: 0.3

Residual: 0.1319307622729326


m: 5.571428571428571

n: 12.0

epsilon: 0.5

Residual: 0.1391145956504882


m: 5.571428571428571

n: 12.0

epsilon: 0.7

Residual: 0.28469756828710263


m: 5.571428571428571

n: 12.0

epsilon: 0.8999999999999999

Residual: 0.3950478847302359


m: 5.571428571428571

n: 12.0

epsilon: 1.0999999999999999

Residual: 0.4765345898854052


m: 5.571428571428571

n: 12.0

epsilon: 1.3

Residual: 0.5373459677736806


m: 5.571428571428571

n: 12.0

epsilon: 1.5

Residual: 0.5878322570081219


m: 5.571428571428571

n: 16.714285714285715

epsilon: 0.1

Residual: 0.6700103525256574


m: 5.571428571428571

n: 16.714285714285715

epsilon: 0.3

Residual: 0.2566873142473836


m: 5.571428571428571

n: 16.714285714285715

epsilon: 0.5

Residual: 0.06506267755606124


m: 5.571428571428571

n: 16.714285714285715

epsilon: 0.7

Residual: 0.15967889570665697


m: 5.571428571428571

n: 16.714285714285715

epsilon: 0.8999999999999999

Residual: 0.2794380116028601


m: 5.571428571428571

n: 16.714285714285715

epsilon: 1.0999999999999999

Residual: 0.36849467458002416


m: 5.571428571428571

n: 16.714285714285715

epsilon: 1.3

Residual: 0.4378179694145792


m: 5.571428571428571

n: 16.714285714285715

epsilon: 1.5

Residual: 0.4936514588327976


m: 5.571428571428571

n: 21.42857142857143

epsilon: 0.1

Residual: 0.7120099472864431


m: 5.571428571428571

n: 21.42857142857143

epsilon: 0.3

Residual: 0.3283089990436194


m: 5.571428571428571

n: 21.42857142857143

epsilon: 0.5

Residual: 0.08424231882244569


m: 5.571428571428571

n: 21.42857142857143

epsilon: 0.7

Residual: 0.08925745138539565


m: 5.571428571428571

n: 21.42857142857143

epsilon: 0.8999999999999999

Residual: 0.20557873082984673


m: 5.571428571428571

n: 21.42857142857143

epsilon: 1.0999999999999999

Residual: 0.29957195573559103


m: 5.571428571428571

n: 21.42857142857143

epsilon: 1.3

Residual: 0.373925097310692


m: 5.571428571428571

n: 21.42857142857143

epsilon: 1.5

Residual: 0.4333755662239252


m: 5.571428571428571

n: 26.142857142857142

epsilon: 0.1

Residual: 0.7354692891966278


m: 5.571428571428571

n: 26.142857142857142

epsilon: 0.3

Residual: 0.3744913121476761


m: 5.571428571428571

n: 26.142857142857142

epsilon: 0.5

Residual: 0.13478333436109236


m: 5.571428571428571

n: 26.142857142857142

epsilon: 0.7

Residual: 0.055370343583688225


m: 5.571428571428571

n: 26.142857142857142

epsilon: 0.8999999999999999

Residual: 0.15471486704165086


m: 5.571428571428571

n: 26.142857142857142

epsilon: 1.0999999999999999

Residual: 0.25096641557584304


m: 5.571428571428571

n: 26.142857142857142

epsilon: 1.3

Residual: 0.32709892627473125


m: 5.571428571428571

n: 26.142857142857142

epsilon: 1.5

Residual: 0.39170229000125495


m: 5.571428571428571

n: 30.857142857142858

epsilon: 0.1

Residual: 0.7533532393474842


m: 5.571428571428571

n: 30.857142857142858

epsilon: 0.3

Residual: 0.40661738113992413


m: 5.571428571428571

n: 30.857142857142858

epsilon: 0.5

Residual: 0.17314907877713376


m: 5.571428571428571

n: 30.857142857142858

epsilon: 0.7

Residual: 0.047039378939706424


m: 5.571428571428571

n: 30.857142857142858

epsilon: 0.8999999999999999

Residual: 0.11770275606360504


m: 5.571428571428571

n: 30.857142857142858

epsilon: 1.0999999999999999

Residual: 0.21530482117302208


m: 5.571428571428571

n: 30.857142857142858

epsilon: 1.3

Residual: 0.29338504237246305


m: 5.571428571428571

n: 30.857142857142858

epsilon: 1.5

Residual: 0.3591411876064146


m: 5.571428571428571

n: 35.57142857142857

epsilon: 0.1

Residual: 0.7649604180528712


m: 5.571428571428571

n: 35.57142857142857

epsilon: 0.3

Residual: 0.4301669826976016


m: 5.571428571428571

n: 35.57142857142857

epsilon: 0.5

Residual: 0.19947507010095825


m: 5.571428571428571

n: 35.57142857142857

epsilon: 0.7

Residual: 0.05369914166623151


m: 5.571428571428571

n: 35.57142857142857

epsilon: 0.8999999999999999

Residual: 0.08962850053244574


m: 5.571428571428571

n: 35.57142857142857

epsilon: 1.0999999999999999

Residual: 0.1871069851003444


m: 5.571428571428571

n: 35.57142857142857

epsilon: 1.3

Residual: 0.26562725754513594


m: 5.571428571428571

n: 35.57142857142857

epsilon: 1.5

Residual: 0.33570260564178056


m: 5.571428571428571

n: 40.285714285714285

epsilon: 0.1

Residual: 0.7744507709500892


m: 5.571428571428571

n: 40.285714285714285

epsilon: 0.3

Residual: 0.446458664296826


m: 5.571428571428571

n: 40.285714285714285

epsilon: 0.5

Residual: 0.22457043534167268


m: 5.571428571428571

n: 40.285714285714285

epsilon: 0.7

Residual: 0.06470731150125368


m: 5.571428571428571

n: 40.285714285714285

epsilon: 0.8999999999999999

Residual: 0.06805986880023894


m: 5.571428571428571

n: 40.285714285714285

epsilon: 1.0999999999999999

Residual: 0.16621971728961424


m: 5.571428571428571

n: 40.285714285714285

epsilon: 1.3

Residual: 0.24818450777667506


m: 5.571428571428571

n: 40.285714285714285

epsilon: 1.5

Residual: 0.31298578760818185


m: 5.571428571428571

n: 45.0

epsilon: 0.1

Residual: 0.7818963677884435


m: 5.571428571428571

n: 45.0

epsilon: 0.3

Residual: 0.46361507111483


m: 5.571428571428571

n: 45.0

epsilon: 0.5

Residual: 0.242615776046145


m: 5.571428571428571

n: 45.0

epsilon: 0.7

Residual: 0.07461110362187877


m: 5.571428571428571

n: 45.0

epsilon: 0.8999999999999999

Residual: 0.054156986936769715


m: 5.571428571428571

n: 45.0

epsilon: 1.0999999999999999

Residual: 0.14962749745998505


m: 5.571428571428571

n: 45.0

epsilon: 1.3

Residual: 0.2295248154650518


m: 5.571428571428571

n: 45.0

epsilon: 1.5

Residual: 0.29819873987096274


m: 5.857142857142857

n: 12.0

epsilon: 0.1

Residual: 0.6282573970126932


m: 5.857142857142857

n: 12.0

epsilon: 0.3

Residual: 0.18636777493962495


m: 5.857142857142857

n: 12.0

epsilon: 0.5

Residual: 0.09398868965840561


m: 5.857142857142857

n: 12.0

epsilon: 0.7

Residual: 0.22898691028966564


m: 5.857142857142857

n: 12.0

epsilon: 0.8999999999999999

Residual: 0.3452221306024454


m: 5.857142857142857

n: 12.0

epsilon: 1.0999999999999999

Residual: 0.4300947818805359


m: 5.857142857142857

n: 12.0

epsilon: 1.3

Residual: 0.4973507858947055


m: 5.857142857142857

n: 12.0

epsilon: 1.5

Residual: 0.5485542675333613


m: 5.857142857142857

n: 16.714285714285715

epsilon: 0.1

Residual: 0.7032870335120502


m: 5.857142857142857

n: 16.714285714285715

epsilon: 0.3

Residual: 0.3118320983746751


m: 5.857142857142857

n: 16.714285714285715

epsilon: 0.5

Residual: 0.07013656683262615


m: 5.857142857142857

n: 16.714285714285715

epsilon: 0.7

Residual: 0.09915908187825659


m: 5.857142857142857

n: 16.714285714285715

epsilon: 0.8999999999999999

Residual: 0.21981422590972907


m: 5.857142857142857

n: 16.714285714285715

epsilon: 1.0999999999999999

Residual: 0.31367611040611526


m: 5.857142857142857

n: 16.714285714285715

epsilon: 1.3

Residual: 0.3863378480425841


m: 5.857142857142857

n: 16.714285714285715

epsilon: 1.5

Residual: 0.44632026265635416


m: 5.857142857142857

n: 21.42857142857143

epsilon: 0.1

Residual: 0.7408994296088323


m: 5.857142857142857

n: 21.42857142857143

epsilon: 0.3

Residual: 0.3869026172442238


m: 5.857142857142857

n: 21.42857142857143

epsilon: 0.5

Residual: 0.14934886444016435


m: 5.857142857142857

n: 21.42857142857143

epsilon: 0.7

Residual: 0.03893949996051174


m: 5.857142857142857

n: 21.42857142857143

epsilon: 0.8999999999999999

Residual: 0.14370689068392914


m: 5.857142857142857

n: 21.42857142857143

epsilon: 1.0999999999999999

Residual: 0.24163224748235942


m: 5.857142857142857

n: 21.42857142857143

epsilon: 1.3

Residual: 0.3184467623120564


m: 5.857142857142857

n: 21.42857142857143

epsilon: 1.5

Residual: 0.37832631037355546


m: 5.857142857142857

n: 26.142857142857142

epsilon: 0.1

Residual: 0.7638149330314133


m: 5.857142857142857

n: 26.142857142857142

epsilon: 0.3

Residual: 0.43012423424322904


m: 5.857142857142857

n: 26.142857142857142

epsilon: 0.5

Residual: 0.19961454540605186


m: 5.857142857142857

n: 26.142857142857142

epsilon: 0.7

Residual: 0.03314190070853995


m: 5.857142857142857

n: 26.142857142857142

epsilon: 0.8999999999999999

Residual: 0.08804863712774125


m: 5.857142857142857

n: 26.142857142857142

epsilon: 1.0999999999999999

Residual: 0.19200629719807966


m: 5.857142857142857

n: 26.142857142857142

epsilon: 1.3

Residual: 0.2630494709401137


m: 5.857142857142857

n: 26.142857142857142

epsilon: 1.5

Residual: 0.33291641571694397


m: 5.857142857142857

n: 30.857142857142858

epsilon: 0.1

Residual: 0.7810093959936135


m: 5.857142857142857

n: 30.857142857142858

epsilon: 0.3

Residual: 0.4584340211806673


m: 5.857142857142857

n: 30.857142857142858

epsilon: 0.5

Residual: 0.23793143973501982


m: 5.857142857142857

n: 30.857142857142858

epsilon: 0.7

Residual: 0.0731651957168878


m: 5.857142857142857

n: 30.857142857142858

epsilon: 0.8999999999999999

Residual: 0.0528181018687892


m: 5.857142857142857

n: 30.857142857142858

epsilon: 1.0999999999999999

Residual: 0.15390549927301223


m: 5.857142857142857

n: 30.857142857142858

epsilon: 1.3

Residual: 0.22932115884138787


m: 5.857142857142857

n: 30.857142857142858

epsilon: 1.5

Residual: 0.2935520232103507


m: 5.857142857142857

n: 35.57142857142857

epsilon: 0.1

Residual: 0.7908658892640982


m: 5.857142857142857

n: 35.57142857142857

epsilon: 0.3

Residual: 0.4802933013049933


m: 5.857142857142857

n: 35.57142857142857

epsilon: 0.5

Residual: 0.2674879801192534


m: 5.857142857142857

n: 35.57142857142857

epsilon: 0.7

Residual: 0.10553754775957025


m: 5.857142857142857

n: 35.57142857142857

epsilon: 0.8999999999999999

Residual: 0.02792397187734165


m: 5.857142857142857

n: 35.57142857142857

epsilon: 1.0999999999999999

Residual: 0.12230714765687616


m: 5.857142857142857

n: 35.57142857142857

epsilon: 1.3

Residual: 0.2020417476294107


m: 5.857142857142857

n: 35.57142857142857

epsilon: 1.5

Residual: 0.2709157391969583


m: 5.857142857142857

n: 40.285714285714285

epsilon: 0.1

Residual: 0.8005788756831971


m: 5.857142857142857

n: 40.285714285714285

epsilon: 0.3

Residual: 0.5001531192311651


m: 5.857142857142857

n: 40.285714285714285

epsilon: 0.5

Residual: 0.286758126264382


m: 5.857142857142857

n: 40.285714285714285

epsilon: 0.7

Residual: 0.12593431196428345


m: 5.857142857142857

n: 40.285714285714285

epsilon: 0.8999999999999999

Residual: 0.014914357645133866


m: 5.857142857142857

n: 40.285714285714285

epsilon: 1.0999999999999999

Residual: 0.10021733650066966


m: 5.857142857142857

n: 40.285714285714285

epsilon: 1.3

Residual: 0.17871497555039054


m: 5.857142857142857

n: 40.285714285714285

epsilon: 1.5

Residual: 0.24406008602288934


m: 5.857142857142857

n: 45.0

epsilon: 0.1

Residual: 0.8081859797823225


m: 5.857142857142857

n: 45.0

epsilon: 0.3

Residual: 0.5143816483443855


m: 5.857142857142857

n: 45.0

epsilon: 0.5

Residual: 0.3047216380774108


m: 5.857142857142857

n: 45.0

epsilon: 0.7

Residual: 0.14585910129108107


m: 5.857142857142857

n: 45.0

epsilon: 0.8999999999999999

Residual: 0.022011926498748054


m: 5.857142857142857

n: 45.0

epsilon: 1.0999999999999999

Residual: 0.07819501211714927


m: 5.857142857142857

n: 45.0

epsilon: 1.3

Residual: 0.16026463270311087


m: 5.857142857142857

n: 45.0

epsilon: 1.5

Residual: 0.22780073983310226


m: 6.142857142857142

n: 12.0

epsilon: 0.1

Residual: 0.6593103725927373


m: 6.142857142857142

n: 12.0

epsilon: 0.3

Residual: 0.2374416612951247


m: 6.142857142857142

n: 12.0

epsilon: 0.5

Residual: 0.059919576878006434


m: 6.142857142857142

n: 12.0

epsilon: 0.7

Residual: 0.17998802877548645


m: 6.142857142857142

n: 12.0

epsilon: 0.8999999999999999

Residual: 0.2961897502105137


m: 6.142857142857142

n: 12.0

epsilon: 1.0999999999999999

Residual: 0.38729965678106315


m: 6.142857142857142

n: 12.0

epsilon: 1.3

Residual: 0.4550238525277168


m: 6.142857142857142

n: 12.0

epsilon: 1.5

Residual: 0.5104348766042858


m: 6.142857142857142

n: 16.714285714285715

epsilon: 0.1

Residual: 0.7305966325370521


m: 6.142857142857142

n: 16.714285714285715

epsilon: 0.3

Residual: 0.36577912493081755


m: 6.142857142857142

n: 16.714285714285715

epsilon: 0.5

Residual: 0.12581694003818822


m: 6.142857142857142

n: 16.714285714285715

epsilon: 0.7

Residual: 0.051825922175397714


m: 6.142857142857142

n: 16.714285714285715

epsilon: 0.8999999999999999

Residual: 0.1684343640762568


m: 6.142857142857142

n: 16.714285714285715

epsilon: 1.0999999999999999

Residual: 0.2619263947063089


m: 6.142857142857142

n: 16.714285714285715

epsilon: 1.3

Residual: 0.33648293127627926


m: 6.142857142857142

n: 16.714285714285715

epsilon: 1.5

Residual: 0.39896373185224626


m: 6.142857142857142

n: 21.42857142857143

epsilon: 0.1

Residual: 0.767936296554917


m: 6.142857142857142

n: 21.42857142857143

epsilon: 0.3

Residual: 0.43355605346250764


m: 6.142857142857142

n: 21.42857142857143

epsilon: 0.5

Residual: 0.2079827580722133


m: 6.142857142857142

n: 21.42857142857143

epsilon: 0.7

Residual: 0.04412851276642394


m: 6.142857142857142

n: 21.42857142857143

epsilon: 0.8999999999999999

Residual: 0.08316327958854257


m: 6.142857142857142

n: 21.42857142857143

epsilon: 1.0999999999999999

Residual: 0.18202180830734194


m: 6.142857142857142

n: 21.42857142857143

epsilon: 1.3

Residual: 0.2617613485474972


m: 6.142857142857142

n: 21.42857142857143

epsilon: 1.5

Residual: 0.3279293593424348


m: 6.142857142857142

n: 26.142857142857142

epsilon: 0.1

Residual: 0.7895630988095375


m: 6.142857142857142

n: 26.142857142857142

epsilon: 0.3

Residual: 0.47846822400813777


m: 6.142857142857142

n: 26.142857142857142

epsilon: 0.5

Residual: 0.2558101831213011


m: 6.142857142857142

n: 26.142857142857142

epsilon: 0.7

Residual: 0.09927977615864729


m: 6.142857142857142

n: 26.142857142857142

epsilon: 0.8999999999999999

Residual: 0.03896095097608191


m: 6.142857142857142

n: 26.142857142857142

epsilon: 1.0999999999999999

Residual: 0.12571627720034637


m: 6.142857142857142

n: 26.142857142857142

epsilon: 1.3

Residual: 0.21123040180027056


m: 6.142857142857142

n: 26.142857142857142

epsilon: 1.5

Residual: 0.28004811468588303


m: 6.142857142857142

n: 30.857142857142858

epsilon: 0.1

Residual: 0.8038531738341667


m: 6.142857142857142

n: 30.857142857142858

epsilon: 0.3

Residual: 0.5070428173216673


m: 6.142857142857142

n: 30.857142857142858

epsilon: 0.5

Residual: 0.29757525457716305


m: 6.142857142857142

n: 30.857142857142858

epsilon: 0.7

Residual: 0.13620928225602014


m: 6.142857142857142

n: 30.857142857142858

epsilon: 0.8999999999999999

Residual: 0.01949105942688534


m: 6.142857142857142

n: 30.857142857142858

epsilon: 1.0999999999999999

Residual: 0.08932104327005082


m: 6.142857142857142

n: 30.857142857142858

epsilon: 1.3

Residual: 0.17185267954976907


m: 6.142857142857142

n: 30.857142857142858

epsilon: 1.5

Residual: 0.241907932203158


m: 6.142857142857142

n: 35.57142857142857

epsilon: 0.1

Residual: 0.8149474678369165


m: 6.142857142857142

n: 35.57142857142857

epsilon: 0.3

Residual: 0.5337131047298491


m: 6.142857142857142

n: 35.57142857142857

epsilon: 0.5

Residual: 0.32773000170790156


m: 6.142857142857142

n: 35.57142857142857

epsilon: 0.7

Residual: 0.1656168458380632


m: 6.142857142857142

n: 35.57142857142857

epsilon: 0.8999999999999999

Residual: 0.04011857846491174


m: 6.142857142857142

n: 35.57142857142857

epsilon: 1.0999999999999999

Residual: 0.060822009202974835


m: 6.142857142857142

n: 35.57142857142857

epsilon: 1.3

Residual: 0.14007921982507432


m: 6.142857142857142

n: 35.57142857142857

epsilon: 1.5

Residual: 0.20762680316382517


m: 6.142857142857142

n: 40.285714285714285

epsilon: 0.1

Residual: 0.8233714830754626


m: 6.142857142857142

n: 40.285714285714285

epsilon: 0.3

Residual: 0.5457118897054718


m: 6.142857142857142

n: 40.285714285714285

epsilon: 0.5

Residual: 0.3436185978283368


m: 6.142857142857142

n: 40.285714285714285

epsilon: 0.7

Residual: 0.19132952733551797


m: 6.142857142857142

n: 40.285714285714285

epsilon: 0.8999999999999999

Residual: 0.06785078895639657


m: 6.142857142857142

n: 40.285714285714285

epsilon: 1.0999999999999999

Residual: 0.04381593865541924


m: 6.142857142857142

n: 40.285714285714285

epsilon: 1.3

Residual: 0.11876838487755233


m: 6.142857142857142

n: 40.285714285714285

epsilon: 1.5

Residual: 0.19000605394199394


m: 6.142857142857142

n: 45.0

epsilon: 0.1

Residual: 0.8298044872731297


m: 6.142857142857142

n: 45.0

epsilon: 0.3

Residual: 0.5627871804108733


m: 6.142857142857142

n: 45.0

epsilon: 0.5

Residual: 0.3650691805152878


m: 6.142857142857142

n: 45.0

epsilon: 0.7

Residual: 0.21159639084273524


m: 6.142857142857142

n: 45.0

epsilon: 0.8999999999999999

Residual: 0.08657819663584239


m: 6.142857142857142

n: 45.0

epsilon: 1.0999999999999999

Residual: 0.025126850084140485


m: 6.142857142857142

n: 45.0

epsilon: 1.3

Residual: 0.09731604612081454


m: 6.142857142857142

n: 45.0

epsilon: 1.5

Residual: 0.16640675930848772


m: 6.428571428571429

n: 12.0

epsilon: 0.1

Residual: 0.6866045094908949


m: 6.428571428571429

n: 12.0

epsilon: 0.3

Residual: 0.2836586236250583


m: 6.428571428571429

n: 12.0

epsilon: 0.5

Residual: 0.05002732163454264


m: 6.428571428571429

n: 12.0

epsilon: 0.7

Residual: 0.13269049556331367


m: 6.428571428571429

n: 12.0

epsilon: 0.8999999999999999

Residual: 0.25134396378884893


m: 6.428571428571429

n: 12.0

epsilon: 1.0999999999999999

Residual: 0.34454945077465465


m: 6.428571428571429

n: 12.0

epsilon: 1.3

Residual: 0.414468342511958


m: 6.428571428571429

n: 12.0

epsilon: 1.5

Residual: 0.4704624177966634


m: 6.428571428571429

n: 16.714285714285715

epsilon: 0.1

Residual: 0.7545479765244745


m: 6.428571428571429

n: 16.714285714285715

epsilon: 0.3

Residual: 0.41218689248888024


m: 6.428571428571429

n: 16.714285714285715

epsilon: 0.5

Residual: 0.17847302561591183


m: 6.428571428571429

n: 16.714285714285715

epsilon: 0.7

Residual: 0.036478112681207236


m: 6.428571428571429

n: 16.714285714285715

epsilon: 0.8999999999999999

Residual: 0.11497319388117115


m: 6.428571428571429

n: 16.714285714285715

epsilon: 1.0999999999999999

Residual: 0.2094029277390237


m: 6.428571428571429

n: 16.714285714285715

epsilon: 1.3

Residual: 0.28961540370113364


m: 6.428571428571429

n: 16.714285714285715

epsilon: 1.5

Residual: 0.35404250256027925


m: 6.428571428571429

n: 21.42857142857143

epsilon: 0.1

Residual: 0.788183782866973


m: 6.428571428571429

n: 21.42857142857143

epsilon: 0.3

Residual: 0.47784752791718677


m: 6.428571428571429

n: 21.42857142857143

epsilon: 0.5

Residual: 0.2588347719659285


m: 6.428571428571429

n: 21.42857142857143

epsilon: 0.7

Residual: 0.09562331529416049


m: 6.428571428571429

n: 21.42857142857143

epsilon: 0.8999999999999999

Residual: 0.05010455530484427


m: 6.428571428571429

n: 21.42857142857143

epsilon: 1.0999999999999999

Residual: 0.13576551458788536


m: 6.428571428571429

n: 21.42857142857143

epsilon: 1.3

Residual: 0.20659762893562075


m: 6.428571428571429

n: 21.42857142857143

epsilon: 1.5

Residual: 0.2758530964870783


m: 6.428571428571429

n: 26.142857142857142

epsilon: 0.1

Residual: 0.8102452074745553


m: 6.428571428571429

n: 26.142857142857142

epsilon: 0.3

Residual: 0.5228882471311116


m: 6.428571428571429

n: 26.142857142857142

epsilon: 0.5

Residual: 0.3105319184097268


m: 6.428571428571429

n: 26.142857142857142

epsilon: 0.7

Residual: 0.1578726722606641


m: 6.428571428571429

n: 26.142857142857142

epsilon: 0.8999999999999999

Residual: 0.033139761405631844


m: 6.428571428571429

n: 26.142857142857142

epsilon: 1.0999999999999999

Residual: 0.08208676337815173


m: 6.428571428571429

n: 26.142857142857142

epsilon: 1.3

Residual: 0.15233551292812453


m: 6.428571428571429

n: 26.142857142857142

epsilon: 1.5

Residual: 0.22377331484593693


m: 6.428571428571429

n: 30.857142857142858

epsilon: 0.1

Residual: 0.8237195553516471


m: 6.428571428571429

n: 30.857142857142858

epsilon: 0.3

Residual: 0.5486458822379942


m: 6.428571428571429

n: 30.857142857142858

epsilon: 0.5

Residual: 0.3482953481892929


m: 6.428571428571429

n: 30.857142857142858

epsilon: 0.7

Residual: 0.1860132910890017


m: 6.428571428571429

n: 30.857142857142858

epsilon: 0.8999999999999999

Residual: 0.06716787582266243


m: 6.428571428571429

n: 30.857142857142858

epsilon: 1.0999999999999999

Residual: 0.05315378300320342


m: 6.428571428571429

n: 30.857142857142858

epsilon: 1.3

Residual: 0.11675276509591839


m: 6.428571428571429

n: 30.857142857142858

epsilon: 1.5

Residual: 0.18566194746431502


m: 6.428571428571429

n: 35.57142857142857

epsilon: 0.1

Residual: 0.8350090159965597


m: 6.428571428571429

n: 35.57142857142857

epsilon: 0.3

Residual: 0.5750572653296706


m: 6.428571428571429

n: 35.57142857142857

epsilon: 0.5

Residual: 0.3736976851607482


m: 6.428571428571429

n: 35.57142857142857

epsilon: 0.7

Residual: 0.22207318277115087


m: 6.428571428571429

n: 35.57142857142857

epsilon: 0.8999999999999999

Residual: 0.1041629089456201


m: 6.428571428571429

n: 35.57142857142857

epsilon: 1.0999999999999999

Residual: 0.03938670617795693


m: 6.428571428571429

n: 35.57142857142857

epsilon: 1.3

Residual: 0.09311948984016227


m: 6.428571428571429

n: 35.57142857142857

epsilon: 1.5

Residual: 0.1535194718231044


m: 6.428571428571429

n: 40.285714285714285

epsilon: 0.1

Residual: 0.841966318063927


m: 6.428571428571429

n: 40.285714285714285

epsilon: 0.3

Residual: 0.5868935764315432


m: 6.428571428571429

n: 40.285714285714285

epsilon: 0.5

Residual: 0.39418934915641934


m: 6.428571428571429

n: 40.285714285714285

epsilon: 0.7

Residual: 0.24530244345172153


m: 6.428571428571429

n: 40.285714285714285

epsilon: 0.8999999999999999

Residual: 0.125408777203872


m: 6.428571428571429

n: 40.285714285714285

epsilon: 1.0999999999999999

Residual: 0.03911766065901415


m: 6.428571428571429

n: 40.285714285714285

epsilon: 1.3

Residual: 0.07432097353168961


m: 6.428571428571429

n: 40.285714285714285

epsilon: 1.5

Residual: 0.12557845306521143


m: 6.428571428571429

n: 45.0

epsilon: 0.1

Residual: 0.8460789609117706


m: 6.428571428571429

n: 45.0

epsilon: 0.3

Residual: 0.6021274181899424


m: 6.428571428571429

n: 45.0

epsilon: 0.5

Residual: 0.41402991475278506


m: 6.428571428571429

n: 45.0

epsilon: 0.7

Residual: 0.26341758325245485


m: 6.428571428571429

n: 45.0

epsilon: 0.8999999999999999

Residual: 0.14555239597260225


m: 6.428571428571429

n: 45.0

epsilon: 1.0999999999999999

Residual: 0.0455455737175199


m: 6.428571428571429

n: 45.0

epsilon: 1.3

Residual: 0.06052403978687095


m: 6.428571428571429

n: 45.0

epsilon: 1.5

Residual: 0.11627960865168532


m: 6.714285714285714

n: 12.0

epsilon: 0.1

Residual: 0.7098674551230437


m: 6.714285714285714

n: 12.0

epsilon: 0.3

Residual: 0.3263425914729867


m: 6.714285714285714

n: 12.0

epsilon: 0.5

Residual: 0.083632938221446


m: 6.714285714285714

n: 12.0

epsilon: 0.7

Residual: 0.09165053627024329


m: 6.714285714285714

n: 12.0

epsilon: 0.8999999999999999

Residual: 0.20761079766978446


m: 6.714285714285714

n: 12.0

epsilon: 1.0999999999999999

Residual: 0.3014041573544956


m: 6.714285714285714

n: 12.0

epsilon: 1.3

Residual: 0.37651016736257814


m: 6.714285714285714

n: 12.0

epsilon: 1.5

Residual: 0.4370024847823066


m: 6.714285714285714

n: 16.714285714285715

epsilon: 0.1

Residual: 0.7758712519891201


m: 6.714285714285714

n: 16.714285714285715

epsilon: 0.3

Residual: 0.4517312121017055


m: 6.714285714285714

n: 16.714285714285715

epsilon: 0.5

Residual: 0.2223299655419964


m: 6.714285714285714

n: 16.714285714285715

epsilon: 0.7

Residual: 0.06353282682208847


m: 6.714285714285714

n: 16.714285714285715

epsilon: 0.8999999999999999

Residual: 0.08669591326375296


m: 6.714285714285714

n: 16.714285714285715

epsilon: 1.0999999999999999

Residual: 0.16847333051671648


m: 6.714285714285714

n: 16.714285714285715

epsilon: 1.3

Residual: 0.24549734057362085


m: 6.714285714285714

n: 16.714285714285715

epsilon: 1.5

Residual: 0.3082617348524084


m: 6.714285714285714

n: 21.42857142857143

epsilon: 0.1

Residual: 0.8082451441965988


m: 6.714285714285714

n: 21.42857142857143

epsilon: 0.3

Residual: 0.5181790758614407


m: 6.714285714285714

n: 21.42857142857143

epsilon: 0.5

Residual: 0.30638788597068134


m: 6.714285714285714

n: 21.42857142857143

epsilon: 0.7

Residual: 0.14902179217791486


m: 6.714285714285714

n: 21.42857142857143

epsilon: 0.8999999999999999

Residual: 0.0440965823599517


m: 6.714285714285714

n: 21.42857142857143

epsilon: 1.0999999999999999

Residual: 0.0932557429384524


m: 6.714285714285714

n: 21.42857142857143

epsilon: 1.3

Residual: 0.16442195345069757


m: 6.714285714285714

n: 21.42857142857143

epsilon: 1.5

Residual: 0.23192263553066755


m: 6.714285714285714

n: 26.142857142857142

epsilon: 0.1

Residual: 0.8275211357426917


m: 6.714285714285714

n: 26.142857142857142

epsilon: 0.3

Residual: 0.5604117992417358


m: 6.714285714285714

n: 26.142857142857142

epsilon: 0.5

Residual: 0.3576112218660967


m: 6.714285714285714

n: 26.142857142857142

epsilon: 0.7

Residual: 0.2021742478137333


m: 6.714285714285714

n: 26.142857142857142

epsilon: 0.8999999999999999

Residual: 0.08296873917045997


m: 6.714285714285714

n: 26.142857142857142

epsilon: 1.0999999999999999

Residual: 0.0661425327748781


m: 6.714285714285714

n: 26.142857142857142

epsilon: 1.3

Residual: 0.11650354186946775


m: 6.714285714285714

n: 26.142857142857142

epsilon: 1.5

Residual: 0.18065197135829414


m: 6.714285714285714

n: 30.857142857142858

epsilon: 0.1

Residual: 0.8407160562894042


m: 6.714285714285714

n: 30.857142857142858

epsilon: 0.3

Residual: 0.5927471118523303


m: 6.714285714285714

n: 30.857142857142858

epsilon: 0.5

Residual: 0.3968556691164182


m: 6.714285714285714

n: 30.857142857142858

epsilon: 0.7

Residual: 0.24888507140367558


m: 6.714285714285714

n: 30.857142857142858

epsilon: 0.8999999999999999

Residual: 0.12321601073121598


m: 6.714285714285714

n: 30.857142857142858

epsilon: 1.0999999999999999

Residual: 0.05351489737070476


m: 6.714285714285714

n: 30.857142857142858

epsilon: 1.3

Residual: 0.08502591424201794


m: 6.714285714285714

n: 30.857142857142858

epsilon: 1.5

Residual: 0.14113306257609917


m: 6.714285714285714

n: 35.57142857142857

epsilon: 0.1

Residual: 0.8502906690697817


m: 6.714285714285714

n: 35.57142857142857

epsilon: 0.3

Residual: 0.6091062042797082


m: 6.714285714285714

n: 35.57142857142857

epsilon: 0.5

Residual: 0.42085725820610953


m: 6.714285714285714

n: 35.57142857142857

epsilon: 0.7

Residual: 0.2761510857751269


m: 6.714285714285714

n: 35.57142857142857

epsilon: 0.8999999999999999

Residual: 0.1508666580437886


m: 6.714285714285714

n: 35.57142857142857

epsilon: 1.0999999999999999

Residual: 0.060163126545836276


m: 6.714285714285714

n: 35.57142857142857

epsilon: 1.3

Residual: 0.06994394422149727


m: 6.714285714285714

n: 35.57142857142857

epsilon: 1.5

Residual: 0.12806421579566887


m: 6.714285714285714

n: 40.285714285714285

epsilon: 0.1

Residual: 0.8570019866867113


m: 6.714285714285714

n: 40.285714285714285

epsilon: 0.3

Residual: 0.6297537747581249


m: 6.714285714285714

n: 40.285714285714285

epsilon: 0.5

Residual: 0.44539107342065504


m: 6.714285714285714

n: 40.285714285714285

epsilon: 0.7

Residual: 0.30017856852516595


m: 6.714285714285714

n: 40.285714285714285

epsilon: 0.8999999999999999

Residual: 0.18221883751501


m: 6.714285714285714

n: 40.285714285714285

epsilon: 1.0999999999999999

Residual: 0.08065316891143819


m: 6.714285714285714

n: 40.285714285714285

epsilon: 1.3

Residual: 0.060079044959396664


m: 6.714285714285714

n: 40.285714285714285

epsilon: 1.5

Residual: 0.10254278199563759


m: 6.714285714285714

n: 45.0

epsilon: 0.1

Residual: 0.8605801214927667


m: 6.714285714285714

n: 45.0

epsilon: 0.3

Residual: 0.6351231618742241


m: 6.714285714285714

n: 45.0

epsilon: 0.5

Residual: 0.460976542352794


m: 6.714285714285714

n: 45.0

epsilon: 0.7

Residual: 0.31819696004431536


m: 6.714285714285714

n: 45.0

epsilon: 0.8999999999999999

Residual: 0.20451061338460497


m: 6.714285714285714

n: 45.0

epsilon: 1.0999999999999999

Residual: 0.10979355081001957


m: 6.714285714285714

n: 45.0

epsilon: 1.3

Residual: 0.05474858646992755


m: 6.714285714285714

n: 45.0

epsilon: 1.5

Residual: 0.08994109062420529


m: 7.0

n: 12.0

epsilon: 0.1

Residual: 0.7306487531648507


m: 7.0

n: 12.0

epsilon: 0.3

Residual: 0.36428084502330765


m: 7.0

n: 12.0

epsilon: 0.5

Residual: 0.12251837037620938


m: 7.0

n: 12.0

epsilon: 0.7

Residual: 0.06985837389818403


m: 7.0

n: 12.0

epsilon: 0.8999999999999999

Residual: 0.17284348384685036


m: 7.0

n: 12.0

epsilon: 1.0999999999999999

Residual: 0.26265347319980353


m: 7.0

n: 12.0

epsilon: 1.3

Residual: 0.33988599858336216


m: 7.0

n: 12.0

epsilon: 1.5

Residual: 0.40045517747546644


m: 7.0

n: 16.714285714285715

epsilon: 0.1

Residual: 0.7927859230156632


m: 7.0

n: 16.714285714285715

epsilon: 0.3

Residual: 0.4866456429123032


m: 7.0

n: 16.714285714285715

epsilon: 0.5

Residual: 0.2725104301119972


m: 7.0

n: 16.714285714285715

epsilon: 0.7

Residual: 0.10672481970949273


m: 7.0

n: 16.714285714285715

epsilon: 0.8999999999999999

Residual: 0.0652878974457465


m: 7.0

n: 16.714285714285715

epsilon: 1.0999999999999999

Residual: 0.1423954287975217


m: 7.0

n: 16.714285714285715

epsilon: 1.3

Residual: 0.20824148974067916


m: 7.0

n: 16.714285714285715

epsilon: 1.5

Residual: 0.2718434492192402


m: 7.0

n: 21.42857142857143

epsilon: 0.1

Residual: 0.8247251093407533


m: 7.0

n: 21.42857142857143

epsilon: 0.3

Residual: 0.5500608430363833


m: 7.0

n: 21.42857142857143

epsilon: 0.5

Residual: 0.3493751285312897


m: 7.0

n: 21.42857142857143

epsilon: 0.7

Residual: 0.19429139011438484


m: 7.0

n: 21.42857142857143

epsilon: 0.8999999999999999

Residual: 0.0709175749289801


m: 7.0

n: 21.42857142857143

epsilon: 1.0999999999999999

Residual: 0.08657123680061599


m: 7.0

n: 21.42857142857143

epsilon: 1.3

Residual: 0.13893650897889404


m: 7.0

n: 21.42857142857143

epsilon: 1.5

Residual: 0.19405604193785897


m: 7.0

n: 26.142857142857142

epsilon: 0.1

Residual: 0.8420009159894309


m: 7.0

n: 26.142857142857142

epsilon: 0.3

Residual: 0.596181291420727


m: 7.0

n: 26.142857142857142

epsilon: 0.5

Residual: 0.3987599761489143


m: 7.0

n: 26.142857142857142

epsilon: 0.7

Residual: 0.2554555110811297


m: 7.0

n: 26.142857142857142

epsilon: 0.8999999999999999

Residual: 0.13378929392649536


m: 7.0

n: 26.142857142857142

epsilon: 1.0999999999999999

Residual: 0.06659590224226769


m: 7.0

n: 26.142857142857142

epsilon: 1.3

Residual: 0.10400380657976206


m: 7.0

n: 26.142857142857142

epsilon: 1.5

Residual: 0.14960160940195397


m: 7.0

n: 30.857142857142858

epsilon: 0.1

Residual: 0.8550731332509248


m: 7.0

n: 30.857142857142858

epsilon: 0.3

Residual: 0.6171137720671827


m: 7.0

n: 30.857142857142858

epsilon: 0.5

Residual: 0.43537891054852385


m: 7.0

n: 30.857142857142858

epsilon: 0.7

Residual: 0.2896386958598424


m: 7.0

n: 30.857142857142858

epsilon: 0.8999999999999999

Residual: 0.1757495043570642


m: 7.0

n: 30.857142857142858

epsilon: 1.0999999999999999

Residual: 0.08008281308330586


m: 7.0

n: 30.857142857142858

epsilon: 1.3

Residual: 0.0863391225510237


m: 7.0

n: 30.857142857142858

epsilon: 1.5

Residual: 0.12446731285330997


m: 7.0

n: 35.57142857142857

epsilon: 0.1

Residual: 0.8639178260203506


m: 7.0

n: 35.57142857142857

epsilon: 0.3

Residual: 0.638567269566738


m: 7.0

n: 35.57142857142857

epsilon: 0.5

Residual: 0.4611672448440251


m: 7.0

n: 35.57142857142857

epsilon: 0.7

Residual: 0.32177997063475827


m: 7.0

n: 35.57142857142857

epsilon: 0.8999999999999999

Residual: 0.20652642205542662


m: 7.0

n: 35.57142857142857

epsilon: 1.0999999999999999

Residual: 0.1025267455651313


m: 7.0

n: 35.57142857142857

epsilon: 1.3

Residual: 0.07957095850808936


m: 7.0

n: 35.57142857142857

epsilon: 1.5

Residual: 0.10457623436241363


m: 7.0

n: 40.285714285714285

epsilon: 0.1

Residual: 0.8712523161260414


m: 7.0

n: 40.285714285714285

epsilon: 0.3

Residual: 0.6510194372379263


m: 7.0

n: 40.285714285714285

epsilon: 0.5

Residual: 0.4873474291258788


m: 7.0

n: 40.285714285714285

epsilon: 0.7

Residual: 0.34078352989266014


m: 7.0

n: 40.285714285714285

epsilon: 0.8999999999999999

Residual: 0.22701305481415718


m: 7.0

n: 40.285714285714285

epsilon: 1.0999999999999999

Residual: 0.12885975449349832


m: 7.0

n: 40.285714285714285

epsilon: 1.3

Residual: 0.07410078971511817


m: 7.0

n: 40.285714285714285

epsilon: 1.5

Residual: 0.09234085307695282


m: 7.0

n: 45.0

epsilon: 0.1

Residual: 0.8751287523766573


m: 7.0

n: 45.0

epsilon: 0.3

Residual: 0.6690025318040335


m: 7.0

n: 45.0

epsilon: 0.5

Residual: 0.4983308563648677


m: 7.0

n: 45.0

epsilon: 0.7

Residual: 0.3642468124190917


m: 7.0

n: 45.0

epsilon: 0.8999999999999999

Residual: 0.253484452590243


m: 7.0

n: 45.0

epsilon: 1.0999999999999999

Residual: 0.15825150688601053


m: 7.0

n: 45.0

epsilon: 1.3

Residual: 0.08640402835898851


m: 7.0

n: 45.0

epsilon: 1.5

Residual: 0.08861777975366136


